<?xml version="1.0" encoding="UTF-8"?>
<testsuites name="Sprint 2" time="737" tests="2" failures="2" errors="0">
   <testsuite name="Sprint 2" tests="2" failures="2" errors="0" time="737" timestamp="2018-02-07 09:35:46" hostname="AV2017005903 - NBMP18A211ITSQA.corp.bankbtpn.co.id" id="Test Suites/Sprint 2">
      <properties>
         <property name="deviceName" value="asus ASUS_X014D 5.1.1"/>
         <property name="devicePlatform" value=""/>
         <property name="logFolder" value="C:\\Users\\AV2017005903\\Documents\\Apollo Test\\Reports\\Sprint 2\\20180207_093545"/>
         <property name="logFiles" value="C:\\Users\\AV2017005903\\Documents\\Apollo Test\\Reports\\Sprint 2\\20180207_093545\\appium.log, C:\\Users\\AV2017005903\\Documents\\Apollo Test\\Reports\\Sprint 2\\20180207_093545\\execution0.log"/>
         <property name="attachments" value=""/>
         <property name="hostName" value="AV2017005903 - NBMP18A211ITSQA.corp.bankbtpn.co.id"/>
         <property name="os" value="Windows 10 64bit"/>
         <property name="katalonVersion" value="5.0.0.1"/>
         <property name="deviceOS" value="Android"/>
         <property name="appiumVersion" value="1.6.5"/>
         <property name="deviceModel" value="ASUS_X014D"/>
         <property name="hostAddress" value="192.168.17.193"/>
         <property name="deviceManufacturer" value="asus"/>
         <property name="deviceId" value="GBAXGV411465ERX"/>
         <property name="deviceName" value="asus ASUS_X014D 5.1.1"/>
         <property name="deviceOSVersion" value="5.1.1"/>
      </properties>
      <testcase name="Test Cases/26 - TC - All" classname="Test Cases/26 - TC - All" status="PASSED">
         <system-out><![CDATA[2018-02-07 09:35:47 - [TEST_CASE][PASSED] - Test Cases/26 - TC - All: Test Cases/26 - TC - All

2018-02-07 09:35:48 - [TEST_STEP][PASSED] - comment: Start Story 26

2018-02-07 09:35:48 - [TEST_STEP][PASSED] - startApplication: Started app at: 'C:\Users\AV2017005903\Documents\Apollo Test\SIT v-2.apk'

2018-02-07 09:36:07 - [MESSAGE][PASSED] - Started app at: 'C:\Users\AV2017005903\Documents\Apollo Test\SIT v-2.apk'

2018-02-07 09:36:07 - [TEST_STEP][PASSED] - tap: Tapped on element 'Object Repository/Login/Daftar Sekarang - Belum Punya Akun'

2018-02-07 09:36:13 - [MESSAGE][PASSED] - Tapped on element 'Object Repository/Login/Daftar Sekarang - Belum Punya Akun'

2018-02-07 09:36:13 - [TEST_STEP][NOT_RUN] - tap: NOT_RUN: tap

2018-02-07 09:36:13 - [MESSAGE][NOT_RUN] - NOT_RUN: tap

2018-02-07 09:36:13 - [TEST_STEP][NOT_RUN] - setText: NOT_RUN: setText

2018-02-07 09:36:13 - [MESSAGE][NOT_RUN] - NOT_RUN: setText

2018-02-07 09:36:13 - [TEST_STEP][NOT_RUN] - hideKeyboard: NOT_RUN: hideKeyboard

2018-02-07 09:36:13 - [MESSAGE][NOT_RUN] - NOT_RUN: hideKeyboard

2018-02-07 09:36:13 - [TEST_STEP][NOT_RUN] - tap: NOT_RUN: tap

2018-02-07 09:36:13 - [MESSAGE][NOT_RUN] - NOT_RUN: tap

2018-02-07 09:36:13 - [TEST_STEP][NOT_RUN] - waitForElementPresent: NOT_RUN: waitForElementPresent

2018-02-07 09:36:13 - [MESSAGE][NOT_RUN] - NOT_RUN: waitForElementPresent

2018-02-07 09:36:13 - [TEST_STEP][NOT_RUN] - tap: NOT_RUN: tap

2018-02-07 09:36:13 - [MESSAGE][NOT_RUN] - NOT_RUN: tap

2018-02-07 09:36:13 - [TEST_STEP][NOT_RUN] - setText: NOT_RUN: setText

2018-02-07 09:36:13 - [MESSAGE][NOT_RUN] - NOT_RUN: setText

2018-02-07 09:36:14 - [TEST_STEP][PASSED] - waitForElementPresent: Element 'Object Repository/Sidebar Menu/HamburgerButton' is present

2018-02-07 09:36:17 - [MESSAGE][PASSED] - Element 'Object Repository/Sidebar Menu/HamburgerButton' is present

2018-02-07 09:36:17 - [TEST_STEP][PASSED] - tap: Tapped on element 'Object Repository/Sidebar Menu/HamburgerButton'

2018-02-07 09:36:17 - [MESSAGE][PASSED] - Tapped on element 'Object Repository/Sidebar Menu/HamburgerButton'

2018-02-07 09:36:17 - [TEST_STEP][PASSED] - tap: Tapped on element 'Object Repository/Sidebar Menu/Operasional/Operasional - Sidebar Menu'

2018-02-07 09:36:20 - [MESSAGE][PASSED] - Tapped on element 'Object Repository/Sidebar Menu/Operasional/Operasional - Sidebar Menu'

2018-02-07 09:36:20 - [TEST_STEP][PASSED] - tap: Tapped on element 'Object Repository/Sidebar Menu/Operasional/Stock/Stock View/Stok - Navbar Menu'

2018-02-07 09:36:24 - [MESSAGE][PASSED] - Tapped on element 'Object Repository/Sidebar Menu/Operasional/Stock/Stock View/Stok - Navbar Menu'

2018-02-07 09:36:24 - [TEST_STEP][PASSED] - waitForElementPresent: Element 'Object Repository/Sidebar Menu/Operasional/Stock/Stock View/Semua Kategori - Drop Down' is present

2018-02-07 09:36:24 - [MESSAGE][PASSED] - Element 'Object Repository/Sidebar Menu/Operasional/Stock/Stock View/Semua Kategori - Drop Down' is present

2018-02-07 09:36:24 - [TEST_STEP][PASSED] - tap: Tapped on element 'Object Repository/Sidebar Menu/Operasional/Stock/Stock View/Semua Kategori - Drop Down'

2018-02-07 09:36:26 - [MESSAGE][PASSED] - Tapped on element 'Object Repository/Sidebar Menu/Operasional/Stock/Stock View/Semua Kategori - Drop Down'

2018-02-07 09:36:26 - [TEST_STEP][PASSED] - tap: Tapped on element 'Object Repository/Sidebar Menu/Operasional/Stock/Stock View/List Kategori - Elemen 2'

2018-02-07 09:36:29 - [MESSAGE][PASSED] - Tapped on element 'Object Repository/Sidebar Menu/Operasional/Stock/Stock View/List Kategori - Elemen 2'

2018-02-07 09:36:29 - [TEST_STEP][PASSED] - tap: Tapped on element 'Object Repository/Sidebar Menu/Operasional/Stock/Stock View/Terapkan - Select Kategori'

2018-02-07 09:36:29 - [MESSAGE][PASSED] - Tapped on element 'Object Repository/Sidebar Menu/Operasional/Stock/Stock View/Terapkan - Select Kategori'

2018-02-07 09:36:29 - [TEST_STEP][PASSED] - tap: Tapped on element 'Object Repository/Sidebar Menu/Operasional/Stock/Stock View/Semua Kategori - Drop Down'

2018-02-07 09:36:33 - [MESSAGE][PASSED] - Tapped on element 'Object Repository/Sidebar Menu/Operasional/Stock/Stock View/Semua Kategori - Drop Down'

2018-02-07 09:36:33 - [TEST_STEP][PASSED] - scrollToText: Scrolling to text 'Makanan' successfully

2018-02-07 09:36:55 - [MESSAGE][PASSED] - Scrolling to text 'Makanan' successfully

2018-02-07 09:36:55 - [TEST_STEP][PASSED] - tap: Tapped on element 'Object Repository/Sidebar Menu/Operasional/Stock/Stock View/List Kategori - Elemen Makanan'

2018-02-07 09:36:55 - [MESSAGE][PASSED] - Tapped on element 'Object Repository/Sidebar Menu/Operasional/Stock/Stock View/List Kategori - Elemen Makanan'

2018-02-07 09:36:55 - [TEST_STEP][PASSED] - verifyElementNotChecked: Element 'Object Repository/Sidebar Menu/Operasional/Stock/Stock View/List Kategori - Elemen Makanan' is not checked

2018-02-07 09:36:55 - [MESSAGE][WARNING] - Timeout '0' is invalid. Using default page load timeout: '30'

2018-02-07 09:36:55 - [MESSAGE][PASSED] - Element 'Object Repository/Sidebar Menu/Operasional/Stock/Stock View/List Kategori - Elemen Makanan' is not checked

2018-02-07 09:36:55 - [TEST_STEP][PASSED] - tap: Tapped on element 'Object Repository/Sidebar Menu/Operasional/Stock/Stock View/Terapkan - Select Kategori'

2018-02-07 09:36:56 - [MESSAGE][PASSED] - Tapped on element 'Object Repository/Sidebar Menu/Operasional/Stock/Stock View/Terapkan - Select Kategori'

2018-02-07 09:36:56 - [TEST_STEP][PASSED] - waitForElementPresent: Element 'Object Repository/Sidebar Menu/Operasional/Stock/Stock View/Semua Kategori - Drop Down' is present

2018-02-07 09:36:58 - [MESSAGE][PASSED] - Element 'Object Repository/Sidebar Menu/Operasional/Stock/Stock View/Semua Kategori - Drop Down' is present

2018-02-07 09:36:58 - [TEST_STEP][PASSED] - tap: Tapped on element 'Object Repository/Sidebar Menu/Operasional/Stock/Stock View/Semua Kategori - Drop Down'

2018-02-07 09:36:59 - [MESSAGE][PASSED] - Tapped on element 'Object Repository/Sidebar Menu/Operasional/Stock/Stock View/Semua Kategori - Drop Down'

2018-02-07 09:36:59 - [TEST_STEP][PASSED] - tap: Tapped on element 'Object Repository/Sidebar Menu/Operasional/Stock/Stock View/List Kategori - Elemen 0'

2018-02-07 09:37:01 - [MESSAGE][PASSED] - Tapped on element 'Object Repository/Sidebar Menu/Operasional/Stock/Stock View/List Kategori - Elemen 0'

2018-02-07 09:37:01 - [TEST_STEP][PASSED] - tap: Tapped on element 'Object Repository/Sidebar Menu/Operasional/Stock/Stock View/Terapkan - Select Kategori'

2018-02-07 09:37:02 - [MESSAGE][PASSED] - Tapped on element 'Object Repository/Sidebar Menu/Operasional/Stock/Stock View/Terapkan - Select Kategori'

2018-02-07 09:37:02 - [TEST_STEP][PASSED] - tap: Tapped on element 'Object Repository/Sidebar Menu/Operasional/Stock/Stock View/Cari Produk - Parent'

2018-02-07 09:37:04 - [MESSAGE][PASSED] - Tapped on element 'Object Repository/Sidebar Menu/Operasional/Stock/Stock View/Cari Produk - Parent'

2018-02-07 09:37:04 - [TEST_STEP][PASSED] - setText: Text 'Jambu' has been set to element 'Object Repository/Sidebar Menu/Operasional/Stock/Stock View/Cari Produk - Parent'

2018-02-07 09:37:04 - [MESSAGE][WARNING] - Timeout '0' is invalid. Using default page load timeout: '30'

2018-02-07 09:37:15 - [MESSAGE][PASSED] - Text 'Jambu' has been set to element 'Object Repository/Sidebar Menu/Operasional/Stock/Stock View/Cari Produk - Parent'

2018-02-07 09:37:15 - [TEST_STEP][PASSED] - verifyElementNotChecked: Element 'Object Repository/Sidebar Menu/Operasional/Stock/Stock View/Cari Produk - Parent' is not checked

2018-02-07 09:37:16 - [MESSAGE][PASSED] - Element 'Object Repository/Sidebar Menu/Operasional/Stock/Stock View/Cari Produk - Parent' is not checked

2018-02-07 09:37:16 - [TEST_STEP][PASSED] - getText: Text of element 'Object Repository/Sidebar Menu/Operasional/Stock/Stock View/Cari Produk - Parent' is: 'Jambu'

2018-02-07 09:37:17 - [MESSAGE][PASSED] - Text of element 'Object Repository/Sidebar Menu/Operasional/Stock/Stock View/Cari Produk - Parent' is: 'Jambu'

2018-02-07 09:37:17 - [TEST_STEP][PASSED] - waitForElementPresent: Element 'Object Repository/Sidebar Menu/Operasional/Stock/Stock View/Cari Produk - Parent' is present

2018-02-07 09:37:18 - [MESSAGE][PASSED] - Element 'Object Repository/Sidebar Menu/Operasional/Stock/Stock View/Cari Produk - Parent' is present

2018-02-07 09:37:18 - [TEST_STEP][PASSED] - clearText: Element 'Object Repository/Sidebar Menu/Operasional/Stock/Stock View/Cari Produk - Parent' text is cleared

2018-02-07 09:37:20 - [MESSAGE][PASSED] - Element 'Object Repository/Sidebar Menu/Operasional/Stock/Stock View/Cari Produk - Parent' text is cleared

2018-02-07 09:37:20 - [TEST_STEP][PASSED] - tap: Tapped on element 'Object Repository/Sidebar Menu/Operasional/Stock/Stock View/Semua Kategori - Drop Down'

2018-02-07 09:37:23 - [MESSAGE][PASSED] - Tapped on element 'Object Repository/Sidebar Menu/Operasional/Stock/Stock View/Semua Kategori - Drop Down'

2018-02-07 09:37:23 - [TEST_STEP][PASSED] - scrollToText: Scrolling to text 'Makanan' successfully

2018-02-07 09:38:20 - [MESSAGE][PASSED] - Scrolling to text 'Makanan' successfully

2018-02-07 09:38:21 - [TEST_STEP][PASSED] - tap: Tapped on element 'Object Repository/Sidebar Menu/Operasional/Stock/Stock View/List Kategori - Elemen Makanan'

2018-02-07 09:38:21 - [MESSAGE][PASSED] - Tapped on element 'Object Repository/Sidebar Menu/Operasional/Stock/Stock View/List Kategori - Elemen Makanan'

2018-02-07 09:38:21 - [TEST_STEP][PASSED] - verifyElementNotChecked: Element 'Object Repository/Sidebar Menu/Operasional/Stock/Stock View/List Kategori - Elemen Makanan' is not checked

2018-02-07 09:38:21 - [MESSAGE][WARNING] - Timeout '0' is invalid. Using default page load timeout: '30'

2018-02-07 09:38:21 - [MESSAGE][PASSED] - Element 'Object Repository/Sidebar Menu/Operasional/Stock/Stock View/List Kategori - Elemen Makanan' is not checked

2018-02-07 09:38:21 - [TEST_STEP][PASSED] - tap: Tapped on element 'Object Repository/Sidebar Menu/Operasional/Stock/Stock View/Terapkan - Select Kategori'

2018-02-07 09:38:22 - [MESSAGE][PASSED] - Tapped on element 'Object Repository/Sidebar Menu/Operasional/Stock/Stock View/Terapkan - Select Kategori'

2018-02-07 09:38:22 - [TEST_STEP][PASSED] - tap: Tapped on element 'Object Repository/Sidebar Menu/Operasional/Stock/Stock View/Cari Produk - Parent'

2018-02-07 09:38:25 - [MESSAGE][PASSED] - Tapped on element 'Object Repository/Sidebar Menu/Operasional/Stock/Stock View/Cari Produk - Parent'

2018-02-07 09:38:25 - [TEST_STEP][PASSED] - setText: Text 'Fifty Shades of Grey' has been set to element 'Object Repository/Sidebar Menu/Operasional/Stock/Stock View/Cari Produk - Parent'

2018-02-07 09:38:35 - [MESSAGE][PASSED] - Text 'Fifty Shades of Grey' has been set to element 'Object Repository/Sidebar Menu/Operasional/Stock/Stock View/Cari Produk - Parent'

2018-02-07 09:38:35 - [TEST_STEP][PASSED] - verifyElementNotChecked: Element 'Object Repository/Sidebar Menu/Operasional/Stock/Stock View/Cari Produk - Parent' is not checked

2018-02-07 09:38:36 - [MESSAGE][PASSED] - Element 'Object Repository/Sidebar Menu/Operasional/Stock/Stock View/Cari Produk - Parent' is not checked

2018-02-07 09:38:36 - [TEST_STEP][PASSED] - getText: Text of element 'Object Repository/Sidebar Menu/Operasional/Stock/Stock View/Cari Produk - Parent' is: 'Fifty Shades of Grey'

2018-02-07 09:38:38 - [MESSAGE][PASSED] - Text of element 'Object Repository/Sidebar Menu/Operasional/Stock/Stock View/Cari Produk - Parent' is: 'Fifty Shades of Grey'

2018-02-07 09:38:38 - [TEST_STEP][PASSED] - clearText: Element 'Object Repository/Sidebar Menu/Operasional/Stock/Stock View/Cari Produk - Parent' text is cleared

2018-02-07 09:38:44 - [MESSAGE][PASSED] - Element 'Object Repository/Sidebar Menu/Operasional/Stock/Stock View/Cari Produk - Parent' text is cleared

2018-02-07 09:38:44 - [TEST_STEP][PASSED] - tap: Tapped on element 'Object Repository/Sidebar Menu/Operasional/Stock/Stock View/Semua Kategori - Drop Down'

2018-02-07 09:38:46 - [MESSAGE][PASSED] - Tapped on element 'Object Repository/Sidebar Menu/Operasional/Stock/Stock View/Semua Kategori - Drop Down'

2018-02-07 09:38:46 - [TEST_STEP][PASSED] - tap: Tapped on element 'Object Repository/Sidebar Menu/Operasional/Stock/Stock View/List Kategori - Elemen 0'

2018-02-07 09:38:48 - [MESSAGE][PASSED] - Tapped on element 'Object Repository/Sidebar Menu/Operasional/Stock/Stock View/List Kategori - Elemen 0'

2018-02-07 09:38:48 - [TEST_STEP][PASSED] - tap: Tapped on element 'Object Repository/Sidebar Menu/Operasional/Stock/Stock View/Terapkan - Select Kategori'

2018-02-07 09:38:49 - [MESSAGE][PASSED] - Tapped on element 'Object Repository/Sidebar Menu/Operasional/Stock/Stock View/Terapkan - Select Kategori'

2018-02-07 09:38:49 - [TEST_STEP][PASSED] - tap: Tapped on element 'Object Repository/Sidebar Menu/Operasional/Stock/Stock View/Cari Produk - Parent'

2018-02-07 09:38:52 - [MESSAGE][PASSED] - Tapped on element 'Object Repository/Sidebar Menu/Operasional/Stock/Stock View/Cari Produk - Parent'

2018-02-07 09:38:52 - [TEST_STEP][PASSED] - setText: Text 'app' has been set to element 'Object Repository/Sidebar Menu/Operasional/Stock/Stock View/Cari Produk - Parent'

2018-02-07 09:39:02 - [MESSAGE][PASSED] - Text 'app' has been set to element 'Object Repository/Sidebar Menu/Operasional/Stock/Stock View/Cari Produk - Parent'

2018-02-07 09:39:02 - [TEST_STEP][PASSED] - verifyElementNotChecked: Element 'Object Repository/Sidebar Menu/Operasional/Stock/Stock View/Cari Produk - Parent' is not checked

2018-02-07 09:39:02 - [MESSAGE][WARNING] - Timeout '0' is invalid. Using default page load timeout: '30'

2018-02-07 09:39:03 - [MESSAGE][PASSED] - Element 'Object Repository/Sidebar Menu/Operasional/Stock/Stock View/Cari Produk - Parent' is not checked

2018-02-07 09:39:03 - [TEST_STEP][PASSED] - getText: Text of element 'Object Repository/Sidebar Menu/Operasional/Stock/Stock View/Cari Produk - Parent' is: 'app'

2018-02-07 09:39:04 - [MESSAGE][PASSED] - Text of element 'Object Repository/Sidebar Menu/Operasional/Stock/Stock View/Cari Produk - Parent' is: 'app'

2018-02-07 09:39:04 - [TEST_STEP][PASSED] - clearText: Element 'Object Repository/Sidebar Menu/Operasional/Stock/Stock View/Cari Produk - Parent' text is cleared

2018-02-07 09:39:07 - [MESSAGE][PASSED] - Element 'Object Repository/Sidebar Menu/Operasional/Stock/Stock View/Cari Produk - Parent' text is cleared

2018-02-07 09:39:07 - [TEST_STEP][PASSED] - setText: Text 'ap' has been set to element 'Object Repository/Sidebar Menu/Operasional/Stock/Stock View/Cari Produk - Parent'

2018-02-07 09:39:15 - [MESSAGE][PASSED] - Text 'ap' has been set to element 'Object Repository/Sidebar Menu/Operasional/Stock/Stock View/Cari Produk - Parent'

2018-02-07 09:39:15 - [TEST_STEP][PASSED] - verifyElementNotChecked: Element 'Object Repository/Sidebar Menu/Operasional/Stock/Stock View/Cari Produk - Parent' is not checked

2018-02-07 09:39:15 - [MESSAGE][WARNING] - Timeout '0' is invalid. Using default page load timeout: '30'

2018-02-07 09:39:16 - [MESSAGE][PASSED] - Element 'Object Repository/Sidebar Menu/Operasional/Stock/Stock View/Cari Produk - Parent' is not checked

2018-02-07 09:39:16 - [TEST_STEP][PASSED] - getText: Text of element 'Object Repository/Sidebar Menu/Operasional/Stock/Stock View/Cari Produk - Parent' is: 'ap'

2018-02-07 09:39:16 - [MESSAGE][PASSED] - Text of element 'Object Repository/Sidebar Menu/Operasional/Stock/Stock View/Cari Produk - Parent' is: 'ap'

2018-02-07 09:39:16 - [TEST_STEP][PASSED] - clearText: Element 'Object Repository/Sidebar Menu/Operasional/Stock/Stock View/Cari Produk - Parent' text is cleared

2018-02-07 09:39:21 - [MESSAGE][PASSED] - Element 'Object Repository/Sidebar Menu/Operasional/Stock/Stock View/Cari Produk - Parent' text is cleared

2018-02-07 09:39:21 - [TEST_STEP][PASSED] - setText: Text 'Rujak' has been set to element 'Object Repository/Sidebar Menu/Operasional/Stock/Stock View/Cari Produk - Parent'

2018-02-07 09:39:29 - [MESSAGE][PASSED] - Text 'Rujak' has been set to element 'Object Repository/Sidebar Menu/Operasional/Stock/Stock View/Cari Produk - Parent'

2018-02-07 09:39:29 - [TEST_STEP][PASSED] - verifyElementNotChecked: Element 'Object Repository/Sidebar Menu/Operasional/Stock/Stock View/Cari Produk - Parent' is not checked

2018-02-07 09:39:29 - [MESSAGE][WARNING] - Timeout '0' is invalid. Using default page load timeout: '30'

2018-02-07 09:39:31 - [MESSAGE][PASSED] - Element 'Object Repository/Sidebar Menu/Operasional/Stock/Stock View/Cari Produk - Parent' is not checked

2018-02-07 09:39:31 - [TEST_STEP][PASSED] - getText: Text of element 'Object Repository/Sidebar Menu/Operasional/Stock/Stock View/Cari Produk - Parent' is: 'Rujak'

2018-02-07 09:39:32 - [MESSAGE][PASSED] - Text of element 'Object Repository/Sidebar Menu/Operasional/Stock/Stock View/Cari Produk - Parent' is: 'Rujak'

2018-02-07 09:39:32 - [TEST_STEP][PASSED] - clearText: Element 'Object Repository/Sidebar Menu/Operasional/Stock/Stock View/Cari Produk - Parent' text is cleared

2018-02-07 09:39:34 - [MESSAGE][PASSED] - Element 'Object Repository/Sidebar Menu/Operasional/Stock/Stock View/Cari Produk - Parent' text is cleared

2018-02-07 09:39:34 - [TEST_STEP][PASSED] - tap: Tapped on element 'Object Repository/Sidebar Menu/Operasional/Stock/Stock View/Semua Kategori - Drop Down'

2018-02-07 09:39:36 - [MESSAGE][PASSED] - Tapped on element 'Object Repository/Sidebar Menu/Operasional/Stock/Stock View/Semua Kategori - Drop Down'

2018-02-07 09:39:36 - [TEST_STEP][PASSED] - swipe: Swiped from 30,541 to 30,257

2018-02-07 09:39:37 - [MESSAGE][PASSED] - Swiped from 30,541 to 30,257

2018-02-07 09:39:37 - [TEST_STEP][PASSED] - swipe: Swiped from 30,257 to 30,541

2018-02-07 09:39:38 - [MESSAGE][PASSED] - Swiped from 30,257 to 30,541

2018-02-07 09:39:38 - [TEST_STEP][PASSED] - tap: Tapped on element 'Object Repository/Sidebar Menu/Operasional/Stock/Stock View/Terapkan - Select Kategori'

2018-02-07 09:39:39 - [MESSAGE][PASSED] - Tapped on element 'Object Repository/Sidebar Menu/Operasional/Stock/Stock View/Terapkan - Select Kategori'

2018-02-07 09:39:39 - [TEST_STEP][PASSED] - delay: Delayed 5 second(s)

2018-02-07 09:39:44 - [MESSAGE][PASSED] - Delayed 5 second(s)

2018-02-07 09:39:44 - [TEST_STEP][PASSED] - Statement - For (def index : (0..3)): Swiped from 0,642 to 0,399

2018-02-07 09:39:44 - [TEST_STEP][PASSED] - swipe: Swiped from 0,642 to 0,399

2018-02-07 09:39:45 - [MESSAGE][PASSED] - Swiped from 0,642 to 0,399

2018-02-07 09:39:45 - [TEST_STEP][PASSED] - swipe: Swiped from 0,642 to 0,399

2018-02-07 09:39:45 - [MESSAGE][PASSED] - Swiped from 0,642 to 0,399

2018-02-07 09:39:45 - [TEST_STEP][PASSED] - swipe: Swiped from 0,642 to 0,399

2018-02-07 09:39:46 - [MESSAGE][PASSED] - Swiped from 0,642 to 0,399

2018-02-07 09:39:46 - [TEST_STEP][PASSED] - swipe: Swiped from 0,642 to 0,399

2018-02-07 09:39:47 - [MESSAGE][PASSED] - Swiped from 0,642 to 0,399

2018-02-07 09:39:47 - [TEST_STEP][PASSED] - waitForElementPresent: Element 'Object Repository/Sidebar Menu/Operasional/Stock/Tambah Barang/Tambah Barang Button' is present

2018-02-07 09:39:48 - [MESSAGE][PASSED] - Element 'Object Repository/Sidebar Menu/Operasional/Stock/Tambah Barang/Tambah Barang Button' is present

2018-02-07 09:39:48 - [TEST_STEP][PASSED] - comment: End Story 26]]></system-out>
         <system-err><![CDATA[]]></system-err>
      </testcase>
      <testcase name="Test Cases/35 - TC-All" classname="Test Cases/35 - TC-All" status="PASSED">
         <system-out><![CDATA[2018-02-07 09:39:48 - [TEST_CASE][PASSED] - Test Cases/35 - TC-All: Test Cases/35 - TC-All

2018-02-07 09:39:48 - [TEST_STEP][PASSED] - comment: Start Story 35

2018-02-07 09:39:48 - [TEST_STEP][PASSED] - delay: Delayed 5 second(s)

2018-02-07 09:39:53 - [MESSAGE][PASSED] - Delayed 5 second(s)

2018-02-07 09:39:53 - [TEST_STEP][PASSED] - tap: Tapped on element 'Object Repository/Sidebar Menu/Operasional/Stock/Tambah Barang/Tambah Barang Button'

2018-02-07 09:39:54 - [MESSAGE][PASSED] - Tapped on element 'Object Repository/Sidebar Menu/Operasional/Stock/Tambah Barang/Tambah Barang Button'

2018-02-07 09:39:54 - [TEST_STEP][PASSED] - Statement - For (def index : (0..5)): Tapped on element 'Object Repository/Sidebar Menu/Operasional/Stock/Tambah Barang/Minus Tap - Jumlah Stock'

2018-02-07 09:39:54 - [TEST_STEP][PASSED] - tap: Tapped on element 'Object Repository/Sidebar Menu/Operasional/Stock/Tambah Barang/Minus Tap - Jumlah Stock'

2018-02-07 09:39:56 - [MESSAGE][PASSED] - Tapped on element 'Object Repository/Sidebar Menu/Operasional/Stock/Tambah Barang/Minus Tap - Jumlah Stock'

2018-02-07 09:39:56 - [TEST_STEP][PASSED] - tap: Tapped on element 'Object Repository/Sidebar Menu/Operasional/Stock/Tambah Barang/Minus Tap - Jumlah Stock'

2018-02-07 09:39:58 - [MESSAGE][PASSED] - Tapped on element 'Object Repository/Sidebar Menu/Operasional/Stock/Tambah Barang/Minus Tap - Jumlah Stock'

2018-02-07 09:39:58 - [TEST_STEP][PASSED] - tap: Tapped on element 'Object Repository/Sidebar Menu/Operasional/Stock/Tambah Barang/Minus Tap - Jumlah Stock'

2018-02-07 09:39:59 - [MESSAGE][PASSED] - Tapped on element 'Object Repository/Sidebar Menu/Operasional/Stock/Tambah Barang/Minus Tap - Jumlah Stock'

2018-02-07 09:39:59 - [TEST_STEP][PASSED] - tap: Tapped on element 'Object Repository/Sidebar Menu/Operasional/Stock/Tambah Barang/Minus Tap - Jumlah Stock'

2018-02-07 09:40:01 - [MESSAGE][PASSED] - Tapped on element 'Object Repository/Sidebar Menu/Operasional/Stock/Tambah Barang/Minus Tap - Jumlah Stock'

2018-02-07 09:40:01 - [TEST_STEP][PASSED] - tap: Tapped on element 'Object Repository/Sidebar Menu/Operasional/Stock/Tambah Barang/Minus Tap - Jumlah Stock'

2018-02-07 09:40:03 - [MESSAGE][PASSED] - Tapped on element 'Object Repository/Sidebar Menu/Operasional/Stock/Tambah Barang/Minus Tap - Jumlah Stock'

2018-02-07 09:40:03 - [TEST_STEP][PASSED] - tap: Tapped on element 'Object Repository/Sidebar Menu/Operasional/Stock/Tambah Barang/Minus Tap - Jumlah Stock'

2018-02-07 09:40:04 - [MESSAGE][PASSED] - Tapped on element 'Object Repository/Sidebar Menu/Operasional/Stock/Tambah Barang/Minus Tap - Jumlah Stock'

2018-02-07 09:40:04 - [TEST_STEP][PASSED] - Statement - For (def index : (0..10)): Tapped on element 'Object Repository/Sidebar Menu/Operasional/Stock/Tambah Barang/PlusTap - JumlaH Stock'

2018-02-07 09:40:04 - [TEST_STEP][PASSED] - tap: Tapped on element 'Object Repository/Sidebar Menu/Operasional/Stock/Tambah Barang/PlusTap - JumlaH Stock'

2018-02-07 09:40:06 - [MESSAGE][PASSED] - Tapped on element 'Object Repository/Sidebar Menu/Operasional/Stock/Tambah Barang/PlusTap - JumlaH Stock'

2018-02-07 09:40:06 - [TEST_STEP][PASSED] - tap: Tapped on element 'Object Repository/Sidebar Menu/Operasional/Stock/Tambah Barang/PlusTap - JumlaH Stock'

2018-02-07 09:40:07 - [MESSAGE][PASSED] - Tapped on element 'Object Repository/Sidebar Menu/Operasional/Stock/Tambah Barang/PlusTap - JumlaH Stock'

2018-02-07 09:40:07 - [TEST_STEP][PASSED] - tap: Tapped on element 'Object Repository/Sidebar Menu/Operasional/Stock/Tambah Barang/PlusTap - JumlaH Stock'

2018-02-07 09:40:09 - [MESSAGE][PASSED] - Tapped on element 'Object Repository/Sidebar Menu/Operasional/Stock/Tambah Barang/PlusTap - JumlaH Stock'

2018-02-07 09:40:09 - [TEST_STEP][PASSED] - tap: Tapped on element 'Object Repository/Sidebar Menu/Operasional/Stock/Tambah Barang/PlusTap - JumlaH Stock'

2018-02-07 09:40:10 - [MESSAGE][PASSED] - Tapped on element 'Object Repository/Sidebar Menu/Operasional/Stock/Tambah Barang/PlusTap - JumlaH Stock'

2018-02-07 09:40:10 - [TEST_STEP][PASSED] - tap: Tapped on element 'Object Repository/Sidebar Menu/Operasional/Stock/Tambah Barang/PlusTap - JumlaH Stock'

2018-02-07 09:40:12 - [MESSAGE][PASSED] - Tapped on element 'Object Repository/Sidebar Menu/Operasional/Stock/Tambah Barang/PlusTap - JumlaH Stock'

2018-02-07 09:40:12 - [TEST_STEP][PASSED] - tap: Tapped on element 'Object Repository/Sidebar Menu/Operasional/Stock/Tambah Barang/PlusTap - JumlaH Stock'

2018-02-07 09:40:13 - [MESSAGE][PASSED] - Tapped on element 'Object Repository/Sidebar Menu/Operasional/Stock/Tambah Barang/PlusTap - JumlaH Stock'

2018-02-07 09:40:13 - [TEST_STEP][PASSED] - tap: Tapped on element 'Object Repository/Sidebar Menu/Operasional/Stock/Tambah Barang/PlusTap - JumlaH Stock'

2018-02-07 09:40:15 - [MESSAGE][PASSED] - Tapped on element 'Object Repository/Sidebar Menu/Operasional/Stock/Tambah Barang/PlusTap - JumlaH Stock'

2018-02-07 09:40:15 - [TEST_STEP][PASSED] - tap: Tapped on element 'Object Repository/Sidebar Menu/Operasional/Stock/Tambah Barang/PlusTap - JumlaH Stock'

2018-02-07 09:40:16 - [MESSAGE][PASSED] - Tapped on element 'Object Repository/Sidebar Menu/Operasional/Stock/Tambah Barang/PlusTap - JumlaH Stock'

2018-02-07 09:40:16 - [TEST_STEP][PASSED] - tap: Tapped on element 'Object Repository/Sidebar Menu/Operasional/Stock/Tambah Barang/PlusTap - JumlaH Stock'

2018-02-07 09:40:18 - [MESSAGE][PASSED] - Tapped on element 'Object Repository/Sidebar Menu/Operasional/Stock/Tambah Barang/PlusTap - JumlaH Stock'

2018-02-07 09:40:18 - [TEST_STEP][PASSED] - tap: Tapped on element 'Object Repository/Sidebar Menu/Operasional/Stock/Tambah Barang/PlusTap - JumlaH Stock'

2018-02-07 09:40:19 - [MESSAGE][PASSED] - Tapped on element 'Object Repository/Sidebar Menu/Operasional/Stock/Tambah Barang/PlusTap - JumlaH Stock'

2018-02-07 09:40:19 - [TEST_STEP][PASSED] - tap: Tapped on element 'Object Repository/Sidebar Menu/Operasional/Stock/Tambah Barang/PlusTap - JumlaH Stock'

2018-02-07 09:40:20 - [MESSAGE][PASSED] - Tapped on element 'Object Repository/Sidebar Menu/Operasional/Stock/Tambah Barang/PlusTap - JumlaH Stock'

2018-02-07 09:40:20 - [TEST_STEP][PASSED] - tap: Tapped on element 'Object Repository/Sidebar Menu/Operasional/Stock/Tambah Barang/Jumlah Stock - by typing'

2018-02-07 09:40:22 - [MESSAGE][PASSED] - Tapped on element 'Object Repository/Sidebar Menu/Operasional/Stock/Tambah Barang/Jumlah Stock - by typing'

2018-02-07 09:40:22 - [TEST_STEP][PASSED] - setText: Text '123' has been set to element 'Object Repository/Sidebar Menu/Operasional/Stock/Tambah Barang/Jumlah Stock - by typing'

2018-02-07 09:40:41 - [MESSAGE][PASSED] - Text '123' has been set to element 'Object Repository/Sidebar Menu/Operasional/Stock/Tambah Barang/Jumlah Stock - by typing'

2018-02-07 09:40:41 - [TEST_STEP][PASSED] - clearText: Element 'Object Repository/Sidebar Menu/Operasional/Stock/Tambah Barang/Jumlah Stock - by typing' text is cleared

2018-02-07 09:40:46 - [MESSAGE][PASSED] - Element 'Object Repository/Sidebar Menu/Operasional/Stock/Tambah Barang/Jumlah Stock - by typing' text is cleared

2018-02-07 09:40:46 - [TEST_STEP][PASSED] - setText: Text '1.2' has been set to element 'Object Repository/Sidebar Menu/Operasional/Stock/Tambah Barang/Jumlah Stock - by typing'

2018-02-07 09:41:04 - [MESSAGE][PASSED] - Text '1.2' has been set to element 'Object Repository/Sidebar Menu/Operasional/Stock/Tambah Barang/Jumlah Stock - by typing'

2018-02-07 09:41:04 - [TEST_STEP][PASSED] - hideKeyboard: Keyboard is hidden

2018-02-07 09:41:05 - [MESSAGE][PASSED] - Keyboard is hidden

2018-02-07 09:41:05 - [TEST_STEP][PASSED] - tap: Tapped on element 'Object Repository/Sidebar Menu/Operasional/Stock/Tambah Barang/Nama Barang - Text Box'

2018-02-07 09:41:06 - [MESSAGE][PASSED] - Tapped on element 'Object Repository/Sidebar Menu/Operasional/Stock/Tambah Barang/Nama Barang - Text Box'

2018-02-07 09:41:06 - [TEST_STEP][PASSED] - setText: Text 'Sirup Sarang Tawon' has been set to element 'Object Repository/Sidebar Menu/Operasional/Stock/Tambah Barang/Nama Barang - Text Box'

2018-02-07 09:41:22 - [MESSAGE][PASSED] - Text 'Sirup Sarang Tawon' has been set to element 'Object Repository/Sidebar Menu/Operasional/Stock/Tambah Barang/Nama Barang - Text Box'

2018-02-07 09:41:22 - [TEST_STEP][PASSED] - verifyElementText: Actual text and expected text of test object 'Object Repository/Sidebar Menu/Operasional/Stock/Tambah Barang/Nama Barang - Text Box' are matched.

2018-02-07 09:41:23 - [MESSAGE][PASSED] - Actual text and expected text of test object 'Object Repository/Sidebar Menu/Operasional/Stock/Tambah Barang/Nama Barang - Text Box' are matched.

2018-02-07 09:41:23 - [TEST_STEP][PASSED] - hideKeyboard: Keyboard is hidden

2018-02-07 09:41:24 - [MESSAGE][PASSED] - Keyboard is hidden

2018-02-07 09:41:24 - [TEST_STEP][PASSED] - swipe: Swiped from 24,679 to 24,453

2018-02-07 09:41:24 - [MESSAGE][PASSED] - Swiped from 24,679 to 24,453

2018-02-07 09:41:24 - [TEST_STEP][PASSED] - pressBack: Press back button successfully

2018-02-07 09:41:25 - [MESSAGE][PASSED] - Press back button successfully

2018-02-07 09:41:25 - [TEST_STEP][PASSED] - tap: Tapped on element 'Object Repository/Sidebar Menu/Operasional/Stock/Tambah Barang/Batal - Button'

2018-02-07 09:41:27 - [MESSAGE][PASSED] - Tapped on element 'Object Repository/Sidebar Menu/Operasional/Stock/Tambah Barang/Batal - Button'

2018-02-07 09:41:27 - [TEST_STEP][PASSED] - waitForElementPresent: Element 'Object Repository/Sidebar Menu/Operasional/Stock/Tambah Barang/Pilih Kategori - SelectButton' is present

2018-02-07 09:41:28 - [MESSAGE][PASSED] - Element 'Object Repository/Sidebar Menu/Operasional/Stock/Tambah Barang/Pilih Kategori - SelectButton' is present

2018-02-07 09:41:28 - [TEST_STEP][PASSED] - tap: Tapped on element 'Object Repository/Sidebar Menu/Operasional/Stock/Tambah Barang/Pilih Kategori - SelectButton'

2018-02-07 09:41:28 - [MESSAGE][PASSED] - Tapped on element 'Object Repository/Sidebar Menu/Operasional/Stock/Tambah Barang/Pilih Kategori - SelectButton'

2018-02-07 09:41:28 - [TEST_STEP][PASSED] - tap: Tapped on element 'Object Repository/Sidebar Menu/Operasional/Stock/Tambah Barang/Pilih Kategori - SelectButton'

2018-02-07 09:41:29 - [MESSAGE][PASSED] - Tapped on element 'Object Repository/Sidebar Menu/Operasional/Stock/Tambah Barang/Pilih Kategori - SelectButton'

2018-02-07 09:41:29 - [TEST_STEP][PASSED] - scrollToText: Scrolling to text 'Makanan' successfully

2018-02-07 09:41:39 - [MESSAGE][PASSED] - Scrolling to text 'Makanan' successfully

2018-02-07 09:41:39 - [TEST_STEP][PASSED] - tap: Tapped on element 'Object Repository/Sidebar Menu/Operasional/Stock/Tambah Barang/android.widget.TextView6 - Makanan'

2018-02-07 09:41:39 - [MESSAGE][WARNING] - Timeout '0' is invalid. Using default page load timeout: '30'

2018-02-07 09:41:40 - [MESSAGE][PASSED] - Tapped on element 'Object Repository/Sidebar Menu/Operasional/Stock/Tambah Barang/android.widget.TextView6 - Makanan'

2018-02-07 09:41:40 - [TEST_STEP][PASSED] - delay: Delayed 10 second(s)

2018-02-07 09:41:50 - [MESSAGE][PASSED] - Delayed 10 second(s)

2018-02-07 09:41:50 - [TEST_STEP][PASSED] - scrollToText: Scrolling to text 'TENTUKAN DISKON' successfully

2018-02-07 09:41:54 - [MESSAGE][PASSED] - Scrolling to text 'TENTUKAN DISKON' successfully

2018-02-07 09:41:54 - [TEST_STEP][PASSED] - tap: Tapped on element 'Object Repository/Sidebar Menu/Operasional/Stock/Tambah Barang/Harga Jual - TextBox'

2018-02-07 09:41:54 - [MESSAGE][PASSED] - Tapped on element 'Object Repository/Sidebar Menu/Operasional/Stock/Tambah Barang/Harga Jual - TextBox'

2018-02-07 09:41:54 - [TEST_STEP][PASSED] - delay: Delayed 5 second(s)

2018-02-07 09:41:59 - [MESSAGE][PASSED] - Delayed 5 second(s)

2018-02-07 09:41:59 - [TEST_STEP][PASSED] - setText: Text '0' has been set to element 'Object Repository/Sidebar Menu/Operasional/Stock/Tambah Barang/Harga Jual - TextBox'

2018-02-07 09:41:59 - [MESSAGE][WARNING] - Timeout '0' is invalid. Using default page load timeout: '30'

2018-02-07 09:42:12 - [MESSAGE][PASSED] - Text '0' has been set to element 'Object Repository/Sidebar Menu/Operasional/Stock/Tambah Barang/Harga Jual - TextBox'

2018-02-07 09:42:12 - [TEST_STEP][PASSED] - verifyElementText: Actual text and expected text of test object 'Object Repository/Sidebar Menu/Operasional/Stock/Tambah Barang/Harga Jual - TextBox' are matched.

2018-02-07 09:42:13 - [MESSAGE][PASSED] - Actual text and expected text of test object 'Object Repository/Sidebar Menu/Operasional/Stock/Tambah Barang/Harga Jual - TextBox' are matched.

2018-02-07 09:42:13 - [TEST_STEP][PASSED] - hideKeyboard: Keyboard is hidden

2018-02-07 09:42:13 - [MESSAGE][PASSED] - Keyboard is hidden

2018-02-07 09:42:13 - [TEST_STEP][PASSED] - setText: Text '0' has been set to element 'Object Repository/Sidebar Menu/Operasional/Stock/Tambah Barang/Nominal Diskon- TextBox'

2018-02-07 09:42:13 - [MESSAGE][WARNING] - Timeout '0' is invalid. Using default page load timeout: '30'

2018-02-07 09:42:23 - [MESSAGE][PASSED] - Text '0' has been set to element 'Object Repository/Sidebar Menu/Operasional/Stock/Tambah Barang/Nominal Diskon- TextBox'

2018-02-07 09:42:23 - [TEST_STEP][PASSED] - hideKeyboard: Keyboard is hidden

2018-02-07 09:42:25 - [MESSAGE][PASSED] - Keyboard is hidden

2018-02-07 09:42:25 - [TEST_STEP][PASSED] - setText: Text '0' has been set to element 'Object Repository/Sidebar Menu/Operasional/Stock/Tambah Barang/Persentase Diskon - TextBox'

2018-02-07 09:42:25 - [MESSAGE][WARNING] - Timeout '0' is invalid. Using default page load timeout: '30'

2018-02-07 09:42:35 - [MESSAGE][PASSED] - Text '0' has been set to element 'Object Repository/Sidebar Menu/Operasional/Stock/Tambah Barang/Persentase Diskon - TextBox'

2018-02-07 09:42:35 - [TEST_STEP][PASSED] - hideKeyboard: Keyboard is hidden

2018-02-07 09:42:36 - [MESSAGE][PASSED] - Keyboard is hidden

2018-02-07 09:42:36 - [TEST_STEP][PASSED] - comment: Test HARGA JUAL

2018-02-07 09:42:36 - [TEST_STEP][PASSED] - setText: Text '-2000' has been set to element 'Object Repository/Sidebar Menu/Operasional/Stock/Tambah Barang/Harga Jual - TextBox'

2018-02-07 09:42:36 - [MESSAGE][WARNING] - Timeout '0' is invalid. Using default page load timeout: '30'

2018-02-07 09:42:45 - [MESSAGE][PASSED] - Text '-2000' has been set to element 'Object Repository/Sidebar Menu/Operasional/Stock/Tambah Barang/Harga Jual - TextBox'

2018-02-07 09:42:45 - [TEST_STEP][PASSED] - hideKeyboard: Keyboard is hidden

2018-02-07 09:42:46 - [MESSAGE][PASSED] - Keyboard is hidden

2018-02-07 09:42:46 - [TEST_STEP][PASSED] - delay: Delayed 10 second(s)

2018-02-07 09:42:56 - [MESSAGE][PASSED] - Delayed 10 second(s)

2018-02-07 09:42:56 - [TEST_STEP][PASSED] - clearText: Element 'Object Repository/Sidebar Menu/Operasional/Stock/Tambah Barang/Harga Jual - TextBox' text is cleared

2018-02-07 09:42:58 - [MESSAGE][PASSED] - Element 'Object Repository/Sidebar Menu/Operasional/Stock/Tambah Barang/Harga Jual - TextBox' text is cleared

2018-02-07 09:42:58 - [TEST_STEP][PASSED] - setText: Text '2k' has been set to element 'Object Repository/Sidebar Menu/Operasional/Stock/Tambah Barang/Harga Jual - TextBox'

2018-02-07 09:42:58 - [MESSAGE][WARNING] - Timeout '0' is invalid. Using default page load timeout: '30'

2018-02-07 09:43:13 - [MESSAGE][PASSED] - Text '2k' has been set to element 'Object Repository/Sidebar Menu/Operasional/Stock/Tambah Barang/Harga Jual - TextBox'

2018-02-07 09:43:13 - [TEST_STEP][PASSED] - hideKeyboard: Keyboard is hidden

2018-02-07 09:43:14 - [MESSAGE][PASSED] - Keyboard is hidden

2018-02-07 09:43:14 - [TEST_STEP][PASSED] - clearText: Element 'Object Repository/Sidebar Menu/Operasional/Stock/Tambah Barang/Harga Jual - TextBox' text is cleared

2018-02-07 09:43:16 - [MESSAGE][PASSED] - Element 'Object Repository/Sidebar Menu/Operasional/Stock/Tambah Barang/Harga Jual - TextBox' text is cleared

2018-02-07 09:43:16 - [TEST_STEP][PASSED] - tap: Tapped on element 'Object Repository/Sidebar Menu/Operasional/Stock/Tambah Barang/Harga Jual - TextBox'

2018-02-07 09:43:17 - [MESSAGE][PASSED] - Tapped on element 'Object Repository/Sidebar Menu/Operasional/Stock/Tambah Barang/Harga Jual - TextBox'

2018-02-07 09:43:17 - [TEST_STEP][PASSED] - setText: Text '20000' has been set to element 'Object Repository/Sidebar Menu/Operasional/Stock/Tambah Barang/Harga Jual - TextBox'

2018-02-07 09:43:17 - [MESSAGE][WARNING] - Timeout '0' is invalid. Using default page load timeout: '30'

2018-02-07 09:43:31 - [MESSAGE][PASSED] - Text '20000' has been set to element 'Object Repository/Sidebar Menu/Operasional/Stock/Tambah Barang/Harga Jual - TextBox'

2018-02-07 09:43:31 - [TEST_STEP][PASSED] - verifyElementText: Actual text and expected text of test object 'Object Repository/Sidebar Menu/Operasional/Stock/Tambah Barang/Harga Jual - TextBox' are matched.

2018-02-07 09:43:32 - [MESSAGE][PASSED] - Actual text and expected text of test object 'Object Repository/Sidebar Menu/Operasional/Stock/Tambah Barang/Harga Jual - TextBox' are matched.

2018-02-07 09:43:32 - [TEST_STEP][PASSED] - hideKeyboard: Keyboard is hidden

2018-02-07 09:43:33 - [MESSAGE][PASSED] - Keyboard is hidden

2018-02-07 09:43:33 - [TEST_STEP][PASSED] - comment: Test NOMINAL

2018-02-07 09:43:33 - [TEST_STEP][PASSED] - setText: Text '-2000' has been set to element 'Object Repository/Sidebar Menu/Operasional/Stock/Tambah Barang/Nominal Diskon- TextBox'

2018-02-07 09:43:33 - [MESSAGE][WARNING] - Timeout '0' is invalid. Using default page load timeout: '30'

2018-02-07 09:43:44 - [MESSAGE][PASSED] - Text '-2000' has been set to element 'Object Repository/Sidebar Menu/Operasional/Stock/Tambah Barang/Nominal Diskon- TextBox'

2018-02-07 09:43:44 - [TEST_STEP][PASSED] - hideKeyboard: Keyboard is hidden

2018-02-07 09:43:45 - [MESSAGE][PASSED] - Keyboard is hidden

2018-02-07 09:43:45 - [TEST_STEP][PASSED] - tap: Tapped on element 'Object Repository/Sidebar Menu/Operasional/Stock/Tambah Barang/Nominal Diskon- TextBox'

2018-02-07 09:43:47 - [MESSAGE][PASSED] - Tapped on element 'Object Repository/Sidebar Menu/Operasional/Stock/Tambah Barang/Nominal Diskon- TextBox'

2018-02-07 09:43:47 - [TEST_STEP][PASSED] - clearText: Element 'Object Repository/Sidebar Menu/Operasional/Stock/Tambah Barang/Nominal Diskon- TextBox' text is cleared

2018-02-07 09:43:52 - [MESSAGE][PASSED] - Element 'Object Repository/Sidebar Menu/Operasional/Stock/Tambah Barang/Nominal Diskon- TextBox' text is cleared

2018-02-07 09:43:52 - [TEST_STEP][PASSED] - setText: Text '20000' has been set to element 'Object Repository/Sidebar Menu/Operasional/Stock/Tambah Barang/Nominal Diskon- TextBox'

2018-02-07 09:43:52 - [MESSAGE][WARNING] - Timeout '0' is invalid. Using default page load timeout: '30'

2018-02-07 09:44:09 - [MESSAGE][PASSED] - Text '20000' has been set to element 'Object Repository/Sidebar Menu/Operasional/Stock/Tambah Barang/Nominal Diskon- TextBox'

2018-02-07 09:44:09 - [TEST_STEP][PASSED] - hideKeyboard: Keyboard is hidden

2018-02-07 09:44:10 - [MESSAGE][PASSED] - Keyboard is hidden

2018-02-07 09:44:10 - [TEST_STEP][PASSED] - tap: Tapped on element 'Object Repository/Sidebar Menu/Operasional/Stock/Tambah Barang/Simpan Button'

2018-02-07 09:44:11 - [MESSAGE][PASSED] - Tapped on element 'Object Repository/Sidebar Menu/Operasional/Stock/Tambah Barang/Simpan Button'

2018-02-07 09:44:11 - [TEST_STEP][PASSED] - clearText: Element 'Object Repository/Sidebar Menu/Operasional/Stock/Tambah Barang/Nominal Diskon- TextBox' text is cleared

2018-02-07 09:44:11 - [MESSAGE][WARNING] - Timeout '0' is invalid. Using default page load timeout: '30'

2018-02-07 09:44:14 - [MESSAGE][PASSED] - Element 'Object Repository/Sidebar Menu/Operasional/Stock/Tambah Barang/Nominal Diskon- TextBox' text is cleared

2018-02-07 09:44:14 - [TEST_STEP][PASSED] - setText: Text '30000' has been set to element 'Object Repository/Sidebar Menu/Operasional/Stock/Tambah Barang/Nominal Diskon- TextBox'

2018-02-07 09:44:14 - [MESSAGE][WARNING] - Timeout '0' is invalid. Using default page load timeout: '30'

2018-02-07 09:44:28 - [MESSAGE][PASSED] - Text '30000' has been set to element 'Object Repository/Sidebar Menu/Operasional/Stock/Tambah Barang/Nominal Diskon- TextBox'

2018-02-07 09:44:28 - [TEST_STEP][PASSED] - hideKeyboard: Keyboard is hidden

2018-02-07 09:44:30 - [MESSAGE][PASSED] - Keyboard is hidden

2018-02-07 09:44:30 - [TEST_STEP][PASSED] - tap: Tapped on element 'Object Repository/Sidebar Menu/Operasional/Stock/Tambah Barang/Simpan Button'

2018-02-07 09:44:31 - [MESSAGE][PASSED] - Tapped on element 'Object Repository/Sidebar Menu/Operasional/Stock/Tambah Barang/Simpan Button'

2018-02-07 09:44:31 - [TEST_STEP][PASSED] - clearText: Element 'Object Repository/Sidebar Menu/Operasional/Stock/Tambah Barang/Nominal Diskon- TextBox' text is cleared

2018-02-07 09:44:33 - [MESSAGE][PASSED] - Element 'Object Repository/Sidebar Menu/Operasional/Stock/Tambah Barang/Nominal Diskon- TextBox' text is cleared

2018-02-07 09:44:33 - [TEST_STEP][PASSED] - tap: Tapped on element 'Object Repository/Sidebar Menu/Operasional/Stock/Tambah Barang/Nominal Diskon- TextBox'

2018-02-07 09:44:34 - [MESSAGE][PASSED] - Tapped on element 'Object Repository/Sidebar Menu/Operasional/Stock/Tambah Barang/Nominal Diskon- TextBox'

2018-02-07 09:44:34 - [TEST_STEP][PASSED] - setText: Text '765' has been set to element 'Object Repository/Sidebar Menu/Operasional/Stock/Tambah Barang/Nominal Diskon- TextBox'

2018-02-07 09:44:34 - [MESSAGE][WARNING] - Timeout '0' is invalid. Using default page load timeout: '30'

2018-02-07 09:44:48 - [MESSAGE][PASSED] - Text '765' has been set to element 'Object Repository/Sidebar Menu/Operasional/Stock/Tambah Barang/Nominal Diskon- TextBox'

2018-02-07 09:44:48 - [TEST_STEP][PASSED] - hideKeyboard: Keyboard is hidden

2018-02-07 09:44:49 - [MESSAGE][PASSED] - Keyboard is hidden

2018-02-07 09:44:49 - [TEST_STEP][PASSED] - clearText: Element 'Object Repository/Sidebar Menu/Operasional/Stock/Tambah Barang/Nominal Diskon- TextBox' text is cleared

2018-02-07 09:44:49 - [MESSAGE][WARNING] - Timeout '0' is invalid. Using default page load timeout: '30'

2018-02-07 09:44:52 - [MESSAGE][PASSED] - Element 'Object Repository/Sidebar Menu/Operasional/Stock/Tambah Barang/Nominal Diskon- TextBox' text is cleared

2018-02-07 09:44:52 - [TEST_STEP][PASSED] - sendKeys: Send keys '7654' on test object 'Object Repository/Sidebar Menu/Operasional/Stock/Tambah Barang/Nominal Diskon- TextBox' successfully.

2018-02-07 09:44:59 - [MESSAGE][PASSED] - Send keys '7654' on test object 'Object Repository/Sidebar Menu/Operasional/Stock/Tambah Barang/Nominal Diskon- TextBox' successfully.

2018-02-07 09:44:59 - [TEST_STEP][PASSED] - hideKeyboard: Keyboard is hidden

2018-02-07 09:45:00 - [MESSAGE][PASSED] - Keyboard is hidden

2018-02-07 09:45:01 - [TEST_STEP][PASSED] - clearText: Element 'Object Repository/Sidebar Menu/Operasional/Stock/Tambah Barang/Nominal Diskon- TextBox' text is cleared

2018-02-07 09:45:01 - [MESSAGE][WARNING] - Timeout '0' is invalid. Using default page load timeout: '30'

2018-02-07 09:45:03 - [MESSAGE][PASSED] - Element 'Object Repository/Sidebar Menu/Operasional/Stock/Tambah Barang/Nominal Diskon- TextBox' text is cleared

2018-02-07 09:45:03 - [TEST_STEP][PASSED] - setText: Text '23465' has been set to element 'Object Repository/Sidebar Menu/Operasional/Stock/Tambah Barang/Nominal Diskon- TextBox'

2018-02-07 09:45:03 - [MESSAGE][WARNING] - Timeout '0' is invalid. Using default page load timeout: '30'

2018-02-07 09:45:18 - [MESSAGE][PASSED] - Text '23465' has been set to element 'Object Repository/Sidebar Menu/Operasional/Stock/Tambah Barang/Nominal Diskon- TextBox'

2018-02-07 09:45:18 - [TEST_STEP][PASSED] - hideKeyboard: Keyboard is hidden

2018-02-07 09:45:19 - [MESSAGE][PASSED] - Keyboard is hidden

2018-02-07 09:45:20 - [TEST_STEP][PASSED] - clearText: Element 'Object Repository/Sidebar Menu/Operasional/Stock/Tambah Barang/Nominal Diskon- TextBox' text is cleared

2018-02-07 09:45:20 - [MESSAGE][WARNING] - Timeout '0' is invalid. Using default page load timeout: '30'

2018-02-07 09:45:22 - [MESSAGE][PASSED] - Element 'Object Repository/Sidebar Menu/Operasional/Stock/Tambah Barang/Nominal Diskon- TextBox' text is cleared

2018-02-07 09:45:22 - [TEST_STEP][PASSED] - setText: Text '19999' has been set to element 'Object Repository/Sidebar Menu/Operasional/Stock/Tambah Barang/Nominal Diskon- TextBox'

2018-02-07 09:45:22 - [MESSAGE][WARNING] - Timeout '0' is invalid. Using default page load timeout: '30'

2018-02-07 09:45:36 - [MESSAGE][PASSED] - Text '19999' has been set to element 'Object Repository/Sidebar Menu/Operasional/Stock/Tambah Barang/Nominal Diskon- TextBox'

2018-02-07 09:45:36 - [TEST_STEP][PASSED] - hideKeyboard: Keyboard is hidden

2018-02-07 09:45:37 - [MESSAGE][PASSED] - Keyboard is hidden

2018-02-07 09:45:37 - [TEST_STEP][PASSED] - tap: Tapped on element 'Object Repository/Sidebar Menu/Operasional/Stock/Tambah Barang/Simpan Button'

2018-02-07 09:45:38 - [MESSAGE][PASSED] - Tapped on element 'Object Repository/Sidebar Menu/Operasional/Stock/Tambah Barang/Simpan Button'

2018-02-07 09:45:38 - [TEST_STEP][PASSED] - clearText: Element 'Object Repository/Sidebar Menu/Operasional/Stock/Tambah Barang/Nominal Diskon- TextBox' text is cleared

2018-02-07 09:45:41 - [MESSAGE][PASSED] - Element 'Object Repository/Sidebar Menu/Operasional/Stock/Tambah Barang/Nominal Diskon- TextBox' text is cleared

2018-02-07 09:45:41 - [TEST_STEP][PASSED] - comment: Test PERSENTASE

2018-02-07 09:45:41 - [TEST_STEP][PASSED] - setText: Text '20' has been set to element 'Object Repository/Sidebar Menu/Operasional/Stock/Tambah Barang/Persentase Diskon - TextBox'

2018-02-07 09:45:41 - [MESSAGE][WARNING] - Timeout '0' is invalid. Using default page load timeout: '30'

2018-02-07 09:45:53 - [MESSAGE][PASSED] - Text '20' has been set to element 'Object Repository/Sidebar Menu/Operasional/Stock/Tambah Barang/Persentase Diskon - TextBox'

2018-02-07 09:45:53 - [TEST_STEP][PASSED] - hideKeyboard: Keyboard is hidden

2018-02-07 09:45:55 - [MESSAGE][PASSED] - Keyboard is hidden

2018-02-07 09:45:55 - [TEST_STEP][PASSED] - clearText: Element 'Object Repository/Sidebar Menu/Operasional/Stock/Tambah Barang/Persentase Diskon - TextBox' text is cleared

2018-02-07 09:45:55 - [MESSAGE][WARNING] - Timeout '0' is invalid. Using default page load timeout: '30'

2018-02-07 09:45:57 - [MESSAGE][PASSED] - Element 'Object Repository/Sidebar Menu/Operasional/Stock/Tambah Barang/Persentase Diskon - TextBox' text is cleared

2018-02-07 09:45:57 - [TEST_STEP][PASSED] - setText: Text '-2' has been set to element 'Object Repository/Sidebar Menu/Operasional/Stock/Tambah Barang/Persentase Diskon - TextBox'

2018-02-07 09:45:57 - [MESSAGE][WARNING] - Timeout '0' is invalid. Using default page load timeout: '30'

2018-02-07 09:46:12 - [MESSAGE][PASSED] - Text '-2' has been set to element 'Object Repository/Sidebar Menu/Operasional/Stock/Tambah Barang/Persentase Diskon - TextBox'

2018-02-07 09:46:12 - [TEST_STEP][PASSED] - hideKeyboard: Keyboard is hidden

2018-02-07 09:46:14 - [MESSAGE][PASSED] - Keyboard is hidden

2018-02-07 09:46:14 - [TEST_STEP][PASSED] - clearText: Element 'Object Repository/Sidebar Menu/Operasional/Stock/Tambah Barang/Persentase Diskon - TextBox' text is cleared

2018-02-07 09:46:14 - [MESSAGE][WARNING] - Timeout '0' is invalid. Using default page load timeout: '30'

2018-02-07 09:46:16 - [MESSAGE][PASSED] - Element 'Object Repository/Sidebar Menu/Operasional/Stock/Tambah Barang/Persentase Diskon - TextBox' text is cleared

2018-02-07 09:46:16 - [TEST_STEP][PASSED] - setText: Text '3452' has been set to element 'Object Repository/Sidebar Menu/Operasional/Stock/Tambah Barang/Persentase Diskon - TextBox'

2018-02-07 09:46:16 - [MESSAGE][WARNING] - Timeout '0' is invalid. Using default page load timeout: '30'

2018-02-07 09:46:31 - [MESSAGE][PASSED] - Text '3452' has been set to element 'Object Repository/Sidebar Menu/Operasional/Stock/Tambah Barang/Persentase Diskon - TextBox'

2018-02-07 09:46:31 - [TEST_STEP][PASSED] - hideKeyboard: Keyboard is hidden

2018-02-07 09:46:32 - [MESSAGE][PASSED] - Keyboard is hidden

2018-02-07 09:46:33 - [TEST_STEP][PASSED] - setText: Text '23654' has been set to element 'Object Repository/Sidebar Menu/Operasional/Stock/Tambah Barang/Persentase Diskon - TextBox'

2018-02-07 09:46:33 - [MESSAGE][WARNING] - Timeout '0' is invalid. Using default page load timeout: '30'

2018-02-07 09:46:41 - [MESSAGE][PASSED] - Text '23654' has been set to element 'Object Repository/Sidebar Menu/Operasional/Stock/Tambah Barang/Persentase Diskon - TextBox'

2018-02-07 09:46:41 - [TEST_STEP][PASSED] - hideKeyboard: Keyboard is hidden

2018-02-07 09:46:43 - [MESSAGE][PASSED] - Keyboard is hidden

2018-02-07 09:46:43 - [TEST_STEP][PASSED] - clearText: Element 'Object Repository/Sidebar Menu/Operasional/Stock/Tambah Barang/Persentase Diskon - TextBox' text is cleared

2018-02-07 09:46:43 - [MESSAGE][WARNING] - Timeout '0' is invalid. Using default page load timeout: '30'

2018-02-07 09:46:45 - [MESSAGE][PASSED] - Element 'Object Repository/Sidebar Menu/Operasional/Stock/Tambah Barang/Persentase Diskon - TextBox' text is cleared

2018-02-07 09:46:45 - [TEST_STEP][PASSED] - setText: Text '876342' has been set to element 'Object Repository/Sidebar Menu/Operasional/Stock/Tambah Barang/Persentase Diskon - TextBox'

2018-02-07 09:46:45 - [MESSAGE][WARNING] - Timeout '0' is invalid. Using default page load timeout: '30'

2018-02-07 09:47:00 - [MESSAGE][PASSED] - Text '876342' has been set to element 'Object Repository/Sidebar Menu/Operasional/Stock/Tambah Barang/Persentase Diskon - TextBox'

2018-02-07 09:47:00 - [TEST_STEP][PASSED] - hideKeyboard: Keyboard is hidden

2018-02-07 09:47:01 - [MESSAGE][PASSED] - Keyboard is hidden

2018-02-07 09:47:02 - [TEST_STEP][PASSED] - clearText: Element 'Object Repository/Sidebar Menu/Operasional/Stock/Tambah Barang/Persentase Diskon - TextBox' text is cleared

2018-02-07 09:47:02 - [MESSAGE][WARNING] - Timeout '0' is invalid. Using default page load timeout: '30'

2018-02-07 09:47:04 - [MESSAGE][PASSED] - Element 'Object Repository/Sidebar Menu/Operasional/Stock/Tambah Barang/Persentase Diskon - TextBox' text is cleared

2018-02-07 09:47:04 - [TEST_STEP][PASSED] - setText: Text '876342' has been set to element 'Object Repository/Sidebar Menu/Operasional/Stock/Tambah Barang/Persentase Diskon - TextBox'

2018-02-07 09:47:04 - [MESSAGE][WARNING] - Timeout '0' is invalid. Using default page load timeout: '30'

2018-02-07 09:47:20 - [MESSAGE][PASSED] - Text '876342' has been set to element 'Object Repository/Sidebar Menu/Operasional/Stock/Tambah Barang/Persentase Diskon - TextBox'

2018-02-07 09:47:20 - [TEST_STEP][PASSED] - hideKeyboard: Keyboard is hidden

2018-02-07 09:47:21 - [MESSAGE][PASSED] - Keyboard is hidden

2018-02-07 09:47:21 - [TEST_STEP][PASSED] - setText: Text '100' has been set to element 'Object Repository/Sidebar Menu/Operasional/Stock/Tambah Barang/Persentase Diskon - TextBox'

2018-02-07 09:47:21 - [MESSAGE][WARNING] - Timeout '0' is invalid. Using default page load timeout: '30'

2018-02-07 09:47:29 - [MESSAGE][PASSED] - Text '100' has been set to element 'Object Repository/Sidebar Menu/Operasional/Stock/Tambah Barang/Persentase Diskon - TextBox'

2018-02-07 09:47:29 - [TEST_STEP][PASSED] - hideKeyboard: Keyboard is hidden

2018-02-07 09:47:31 - [MESSAGE][PASSED] - Keyboard is hidden

2018-02-07 09:47:31 - [TEST_STEP][PASSED] - clearText: Element 'Object Repository/Sidebar Menu/Operasional/Stock/Tambah Barang/Persentase Diskon - TextBox' text is cleared

2018-02-07 09:47:31 - [MESSAGE][WARNING] - Timeout '0' is invalid. Using default page load timeout: '30'

2018-02-07 09:47:33 - [MESSAGE][PASSED] - Element 'Object Repository/Sidebar Menu/Operasional/Stock/Tambah Barang/Persentase Diskon - TextBox' text is cleared

2018-02-07 09:47:33 - [TEST_STEP][PASSED] - setText: Text '9999' has been set to element 'Object Repository/Sidebar Menu/Operasional/Stock/Tambah Barang/Persentase Diskon - TextBox'

2018-02-07 09:47:33 - [MESSAGE][WARNING] - Timeout '0' is invalid. Using default page load timeout: '30'

2018-02-07 09:47:47 - [MESSAGE][PASSED] - Text '9999' has been set to element 'Object Repository/Sidebar Menu/Operasional/Stock/Tambah Barang/Persentase Diskon - TextBox'

2018-02-07 09:47:47 - [TEST_STEP][PASSED] - hideKeyboard: Keyboard is hidden

2018-02-07 09:47:48 - [MESSAGE][PASSED] - Keyboard is hidden

2018-02-07 09:47:48 - [TEST_STEP][PASSED] - tap: Tapped on element 'Object Repository/Sidebar Menu/Operasional/Stock/Tambah Barang/Simpan Button'

2018-02-07 09:47:50 - [MESSAGE][PASSED] - Tapped on element 'Object Repository/Sidebar Menu/Operasional/Stock/Tambah Barang/Simpan Button'

2018-02-07 09:47:50 - [TEST_STEP][PASSED] - comment: End Story 35]]></system-out>
         <system-err><![CDATA[]]></system-err>
      </testcase>
      <testcase name="Test Cases/27 - TC - All" classname="Test Cases/27 - TC - All" status="FAILED">
         <failure type="FAILED" message="Cannot swipe on device. (Root cause: org.openqa.selenium.WebDriverException: An unknown server-side error occurred while processing the command. (WARNING: The server did not provide any stacktrace information)
Command duration or timeout: 123 milliseconds
Build info: version: '2.53.0', revision: '35ae25b', time: '2016-03-15 17:00:58'
System info: host: 'NBMP18A211ITSQA', ip: '192.168.17.193', os.name: 'Windows 10', os.arch: 'amd64', os.version: '10.0', java.version: '1.8.0_102'
Driver info: com.kms.katalon.core.appium.driver.SwipeableAndroidDriver
Capabilities [{appPackage=com.btpn.appbisnis.sit, noReset=true, deviceId=, deviceName=GBAXGV411465ERX, fullReset=false, platform=ANDROID, deviceUDID=GBAXGV411465ERX, desired={app=C:\Users\AV2017005903\Documents\Apollo Test\SIT v-2.apk, noReset=true, newCommandTimeout=1800, appWaitActivity=com.*, autoGrantPermissions=true, udid=GBAXGV411465ERX, platformName=Android, deviceId=, deviceName=asus ASUS_X014D 5.1.1, fullReset=false, platform=ANDROID}, newCommandTimeout=1800, platformVersion=5.1.1, webStorageEnabled=false, takesScreenshot=true, javascriptEnabled=true, udid=GBAXGV411465ERX, platformName=Android, deviceManufacturer=asus, app=C:\Users\AV2017005903\Documents\Apollo Test\SIT v-2.apk, deviceScreenSize=480x854, networkConnectionEnabled=true, warnings={}, appWaitActivity=com.*, appWaitPackage=com.btpn.appbisnis.sit, databaseEnabled=false, appActivity=com.btpn_mpos_rn.MainActivity, locationContextEnabled=false, autoGrantPermissions=true, deviceModel=ASUS_X014D}]
Session ID: f0104350-81ba-4eb6-a33e-b3c8e7143f73)"/>
         <system-out><![CDATA[2018-02-07 09:47:50 - [TEST_CASE][FAILED] - Test Cases/27 - TC - All: Test Cases/27 - TC - All FAILED because (of) Cannot swipe on device. (Root cause: org.openqa.selenium.WebDriverException: An unknown server-side error occurred while processing the command. (WARNING: The server did not provide any stacktrace information)
Command duration or timeout: 123 milliseconds
Build info: version: '2.53.0', revision: '35ae25b', time: '2016-03-15 17:00:58'
System info: host: 'NBMP18A211ITSQA', ip: '192.168.17.193', os.name: 'Windows 10', os.arch: 'amd64', os.version: '10.0', java.version: '1.8.0_102'
Driver info: com.kms.katalon.core.appium.driver.SwipeableAndroidDriver
Capabilities [{appPackage=com.btpn.appbisnis.sit, noReset=true, deviceId=, deviceName=GBAXGV411465ERX, fullReset=false, platform=ANDROID, deviceUDID=GBAXGV411465ERX, desired={app=C:\Users\AV2017005903\Documents\Apollo Test\SIT v-2.apk, noReset=true, newCommandTimeout=1800, appWaitActivity=com.*, autoGrantPermissions=true, udid=GBAXGV411465ERX, platformName=Android, deviceId=, deviceName=asus ASUS_X014D 5.1.1, fullReset=false, platform=ANDROID}, newCommandTimeout=1800, platformVersion=5.1.1, webStorageEnabled=false, takesScreenshot=true, javascriptEnabled=true, udid=GBAXGV411465ERX, platformName=Android, deviceManufacturer=asus, app=C:\Users\AV2017005903\Documents\Apollo Test\SIT v-2.apk, deviceScreenSize=480x854, networkConnectionEnabled=true, warnings={}, appWaitActivity=com.*, appWaitPackage=com.btpn.appbisnis.sit, databaseEnabled=false, appActivity=com.btpn_mpos_rn.MainActivity, locationContextEnabled=false, autoGrantPermissions=true, deviceModel=ASUS_X014D}]
Session ID: f0104350-81ba-4eb6-a33e-b3c8e7143f73)

2018-02-07 09:47:50 - [TEST_STEP][PASSED] - comment: Start Story 27

2018-02-07 09:47:50 - [TEST_STEP][FAILED] - Statement - For (def index : (0..5)): Cannot swipe on device. (Root cause: org.openqa.selenium.WebDriverException: An unknown server-side error occurred while processing the command. (WARNING: The server did not provide any stacktrace information)
Command duration or timeout: 123 milliseconds
Build info: version: '2.53.0', revision: '35ae25b', time: '2016-03-15 17:00:58'
System info: host: 'NBMP18A211ITSQA', ip: '192.168.17.193', os.name: 'Windows 10', os.arch: 'amd64', os.version: '10.0', java.version: '1.8.0_102'
Driver info: com.kms.katalon.core.appium.driver.SwipeableAndroidDriver
Capabilities [{appPackage=com.btpn.appbisnis.sit, noReset=true, deviceId=, deviceName=GBAXGV411465ERX, fullReset=false, platform=ANDROID, deviceUDID=GBAXGV411465ERX, desired={app=C:\Users\AV2017005903\Documents\Apollo Test\SIT v-2.apk, noReset=true, newCommandTimeout=1800, appWaitActivity=com.*, autoGrantPermissions=true, udid=GBAXGV411465ERX, platformName=Android, deviceId=, deviceName=asus ASUS_X014D 5.1.1, fullReset=false, platform=ANDROID}, newCommandTimeout=1800, platformVersion=5.1.1, webStorageEnabled=false, takesScreenshot=true, javascriptEnabled=true, udid=GBAXGV411465ERX, platformName=Android, deviceManufacturer=asus, app=C:\Users\AV2017005903\Documents\Apollo Test\SIT v-2.apk, deviceScreenSize=480x854, networkConnectionEnabled=true, warnings={}, appWaitActivity=com.*, appWaitPackage=com.btpn.appbisnis.sit, databaseEnabled=false, appActivity=com.btpn_mpos_rn.MainActivity, locationContextEnabled=false, autoGrantPermissions=true, deviceModel=ASUS_X014D}]
Session ID: f0104350-81ba-4eb6-a33e-b3c8e7143f73)

2018-02-07 09:47:50 - [TEST_STEP][PASSED] - swipe: Swiped from 0,642 to 0,399

2018-02-07 09:47:50 - [MESSAGE][PASSED] - Swiped from 0,642 to 0,399

2018-02-07 09:47:50 - [TEST_STEP][FAILED] - swipe: Cannot swipe on device. (Root cause: org.openqa.selenium.WebDriverException: An unknown server-side error occurred while processing the command. (WARNING: The server did not provide any stacktrace information)
Command duration or timeout: 123 milliseconds
Build info: version: '2.53.0', revision: '35ae25b', time: '2016-03-15 17:00:58'
System info: host: 'NBMP18A211ITSQA', ip: '192.168.17.193', os.name: 'Windows 10', os.arch: 'amd64', os.version: '10.0', java.version: '1.8.0_102'
Driver info: com.kms.katalon.core.appium.driver.SwipeableAndroidDriver
Capabilities [{appPackage=com.btpn.appbisnis.sit, noReset=true, deviceId=, deviceName=GBAXGV411465ERX, fullReset=false, platform=ANDROID, deviceUDID=GBAXGV411465ERX, desired={app=C:\Users\AV2017005903\Documents\Apollo Test\SIT v-2.apk, noReset=true, newCommandTimeout=1800, appWaitActivity=com.*, autoGrantPermissions=true, udid=GBAXGV411465ERX, platformName=Android, deviceId=, deviceName=asus ASUS_X014D 5.1.1, fullReset=false, platform=ANDROID}, newCommandTimeout=1800, platformVersion=5.1.1, webStorageEnabled=false, takesScreenshot=true, javascriptEnabled=true, udid=GBAXGV411465ERX, platformName=Android, deviceManufacturer=asus, app=C:\Users\AV2017005903\Documents\Apollo Test\SIT v-2.apk, deviceScreenSize=480x854, networkConnectionEnabled=true, warnings={}, appWaitActivity=com.*, appWaitPackage=com.btpn.appbisnis.sit, databaseEnabled=false, appActivity=com.btpn_mpos_rn.MainActivity, locationContextEnabled=false, autoGrantPermissions=true, deviceModel=ASUS_X014D}]
Session ID: f0104350-81ba-4eb6-a33e-b3c8e7143f73)

2018-02-07 09:47:51 - [MESSAGE][FAILED] - Cannot swipe on device. (Root cause: org.openqa.selenium.WebDriverException: An unknown server-side error occurred while processing the command. (WARNING: The server did not provide any stacktrace information)
Command duration or timeout: 123 milliseconds
Build info: version: '2.53.0', revision: '35ae25b', time: '2016-03-15 17:00:58'
System info: host: 'NBMP18A211ITSQA', ip: '192.168.17.193', os.name: 'Windows 10', os.arch: 'amd64', os.version: '10.0', java.version: '1.8.0_102'
Driver info: com.kms.katalon.core.appium.driver.SwipeableAndroidDriver
Capabilities [{appPackage=com.btpn.appbisnis.sit, noReset=true, deviceId=, deviceName=GBAXGV411465ERX, fullReset=false, platform=ANDROID, deviceUDID=GBAXGV411465ERX, desired={app=C:\Users\AV2017005903\Documents\Apollo Test\SIT v-2.apk, noReset=true, newCommandTimeout=1800, appWaitActivity=com.*, autoGrantPermissions=true, udid=GBAXGV411465ERX, platformName=Android, deviceId=, deviceName=asus ASUS_X014D 5.1.1, fullReset=false, platform=ANDROID}, newCommandTimeout=1800, platformVersion=5.1.1, webStorageEnabled=false, takesScreenshot=true, javascriptEnabled=true, udid=GBAXGV411465ERX, platformName=Android, deviceManufacturer=asus, app=C:\Users\AV2017005903\Documents\Apollo Test\SIT v-2.apk, deviceScreenSize=480x854, networkConnectionEnabled=true, warnings={}, appWaitActivity=com.*, appWaitPackage=com.btpn.appbisnis.sit, databaseEnabled=false, appActivity=com.btpn_mpos_rn.MainActivity, locationContextEnabled=false, autoGrantPermissions=true, deviceModel=ASUS_X014D}]
Session ID: f0104350-81ba-4eb6-a33e-b3c8e7143f73)]]></system-out>
         <system-err><![CDATA[2018-02-07 09:47:50 - [TEST_CASE][FAILED] - Test Cases/27 - TC - All: Test Cases/27 - TC - All FAILED because (of) Cannot swipe on device. (Root cause: org.openqa.selenium.WebDriverException: An unknown server-side error occurred while processing the command. (WARNING: The server did not provide any stacktrace information)
Command duration or timeout: 123 milliseconds
Build info: version: '2.53.0', revision: '35ae25b', time: '2016-03-15 17:00:58'
System info: host: 'NBMP18A211ITSQA', ip: '192.168.17.193', os.name: 'Windows 10', os.arch: 'amd64', os.version: '10.0', java.version: '1.8.0_102'
Driver info: com.kms.katalon.core.appium.driver.SwipeableAndroidDriver
Capabilities [{appPackage=com.btpn.appbisnis.sit, noReset=true, deviceId=, deviceName=GBAXGV411465ERX, fullReset=false, platform=ANDROID, deviceUDID=GBAXGV411465ERX, desired={app=C:\Users\AV2017005903\Documents\Apollo Test\SIT v-2.apk, noReset=true, newCommandTimeout=1800, appWaitActivity=com.*, autoGrantPermissions=true, udid=GBAXGV411465ERX, platformName=Android, deviceId=, deviceName=asus ASUS_X014D 5.1.1, fullReset=false, platform=ANDROID}, newCommandTimeout=1800, platformVersion=5.1.1, webStorageEnabled=false, takesScreenshot=true, javascriptEnabled=true, udid=GBAXGV411465ERX, platformName=Android, deviceManufacturer=asus, app=C:\Users\AV2017005903\Documents\Apollo Test\SIT v-2.apk, deviceScreenSize=480x854, networkConnectionEnabled=true, warnings={}, appWaitActivity=com.*, appWaitPackage=com.btpn.appbisnis.sit, databaseEnabled=false, appActivity=com.btpn_mpos_rn.MainActivity, locationContextEnabled=false, autoGrantPermissions=true, deviceModel=ASUS_X014D}]
Session ID: f0104350-81ba-4eb6-a33e-b3c8e7143f73)]]></system-err>
      </testcase>
      <testcase name="Test Cases/46 - TC - All" classname="Test Cases/46 - TC - All" status="FAILED">
         <failure type="FAILED" message="Failed to tap on element 'Object Repository/Sidebar Menu/Operasional/Stock/Detail Barang/Ubah Info - Button' (Root cause: Object Object Repository/Sidebar Menu/Operasional/Stock/Detail Barang/Ubah Info - Button not found)"/>
         <system-out><![CDATA[2018-02-07 09:47:51 - [TEST_CASE][FAILED] - Test Cases/46 - TC - All: Test Cases/46 - TC - All FAILED because (of) Failed to tap on element 'Object Repository/Sidebar Menu/Operasional/Stock/Detail Barang/Ubah Info - Button' (Root cause: Object Object Repository/Sidebar Menu/Operasional/Stock/Detail Barang/Ubah Info - Button not found)

2018-02-07 09:47:51 - [TEST_STEP][PASSED] - comment: Start Story 46

2018-02-07 09:47:51 - [TEST_STEP][FAILED] - tap: Failed to tap on element 'Object Repository/Sidebar Menu/Operasional/Stock/Detail Barang/Ubah Info - Button' (Root cause: Object Object Repository/Sidebar Menu/Operasional/Stock/Detail Barang/Ubah Info - Button not found)

2018-02-07 09:48:01 - [MESSAGE][FAILED] - Object Object Repository/Sidebar Menu/Operasional/Stock/Detail Barang/Ubah Info - Button not found

2018-02-07 09:48:01 - [MESSAGE][FAILED] - Failed to tap on element 'Object Repository/Sidebar Menu/Operasional/Stock/Detail Barang/Ubah Info - Button' (Root cause: Object Object Repository/Sidebar Menu/Operasional/Stock/Detail Barang/Ubah Info - Button not found)]]></system-out>
         <system-err><![CDATA[2018-02-07 09:47:51 - [TEST_CASE][FAILED] - Test Cases/46 - TC - All: Test Cases/46 - TC - All FAILED because (of) Failed to tap on element 'Object Repository/Sidebar Menu/Operasional/Stock/Detail Barang/Ubah Info - Button' (Root cause: Object Object Repository/Sidebar Menu/Operasional/Stock/Detail Barang/Ubah Info - Button not found)]]></system-err>
      </testcase>
      <system-out><![CDATA[2018-02-07 09:35:46 - [TEST_SUITE][FAILED] - Sprint 2: Test Cases/27 - TC - All FAILED because (of) Cannot swipe on device. (Root cause: org.openqa.selenium.WebDriverException: An unknown server-side error occurred while processing the command. (WARNING: The server did not provide any stacktrace information)
Command duration or timeout: 123 milliseconds
Build info: version: '2.53.0', revision: '35ae25b', time: '2016-03-15 17:00:58'
System info: host: 'NBMP18A211ITSQA', ip: '192.168.17.193', os.name: 'Windows 10', os.arch: 'amd64', os.version: '10.0', java.version: '1.8.0_102'
Driver info: com.kms.katalon.core.appium.driver.SwipeableAndroidDriver
Capabilities [{appPackage=com.btpn.appbisnis.sit, noReset=true, deviceId=, deviceName=GBAXGV411465ERX, fullReset=false, platform=ANDROID, deviceUDID=GBAXGV411465ERX, desired={app=C:\Users\AV2017005903\Documents\Apollo Test\SIT v-2.apk, noReset=true, newCommandTimeout=1800, appWaitActivity=com.*, autoGrantPermissions=true, udid=GBAXGV411465ERX, platformName=Android, deviceId=, deviceName=asus ASUS_X014D 5.1.1, fullReset=false, platform=ANDROID}, newCommandTimeout=1800, platformVersion=5.1.1, webStorageEnabled=false, takesScreenshot=true, javascriptEnabled=true, udid=GBAXGV411465ERX, platformName=Android, deviceManufacturer=asus, app=C:\Users\AV2017005903\Documents\Apollo Test\SIT v-2.apk, deviceScreenSize=480x854, networkConnectionEnabled=true, warnings={}, appWaitActivity=com.*, appWaitPackage=com.btpn.appbisnis.sit, databaseEnabled=false, appActivity=com.btpn_mpos_rn.MainActivity, locationContextEnabled=false, autoGrantPermissions=true, deviceModel=ASUS_X014D}]
Session ID: f0104350-81ba-4eb6-a33e-b3c8e7143f73)]]></system-out>
      <system-err><![CDATA[2018-02-07 09:35:46 - [TEST_SUITE][FAILED] - Sprint 2: Test Cases/27 - TC - All FAILED because (of) Cannot swipe on device. (Root cause: org.openqa.selenium.WebDriverException: An unknown server-side error occurred while processing the command. (WARNING: The server did not provide any stacktrace information)
Command duration or timeout: 123 milliseconds
Build info: version: '2.53.0', revision: '35ae25b', time: '2016-03-15 17:00:58'
System info: host: 'NBMP18A211ITSQA', ip: '192.168.17.193', os.name: 'Windows 10', os.arch: 'amd64', os.version: '10.0', java.version: '1.8.0_102'
Driver info: com.kms.katalon.core.appium.driver.SwipeableAndroidDriver
Capabilities [{appPackage=com.btpn.appbisnis.sit, noReset=true, deviceId=, deviceName=GBAXGV411465ERX, fullReset=false, platform=ANDROID, deviceUDID=GBAXGV411465ERX, desired={app=C:\Users\AV2017005903\Documents\Apollo Test\SIT v-2.apk, noReset=true, newCommandTimeout=1800, appWaitActivity=com.*, autoGrantPermissions=true, udid=GBAXGV411465ERX, platformName=Android, deviceId=, deviceName=asus ASUS_X014D 5.1.1, fullReset=false, platform=ANDROID}, newCommandTimeout=1800, platformVersion=5.1.1, webStorageEnabled=false, takesScreenshot=true, javascriptEnabled=true, udid=GBAXGV411465ERX, platformName=Android, deviceManufacturer=asus, app=C:\Users\AV2017005903\Documents\Apollo Test\SIT v-2.apk, deviceScreenSize=480x854, networkConnectionEnabled=true, warnings={}, appWaitActivity=com.*, appWaitPackage=com.btpn.appbisnis.sit, databaseEnabled=false, appActivity=com.btpn_mpos_rn.MainActivity, locationContextEnabled=false, autoGrantPermissions=true, deviceModel=ASUS_X014D}]
Session ID: f0104350-81ba-4eb6-a33e-b3c8e7143f73)]]></system-err>
   </testsuite>
</testsuites>
