<?xml version="1.0" encoding="UTF-8"?>
<testsuites name="Story 26 N 842 - Kelola Stock" time="2512" tests="8" failures="3" errors="0">
   <testsuite name="Story 26 N 842 - Kelola Stock" tests="8" failures="3" errors="0" time="2512" timestamp="2018-08-09 17:07:31" hostname="AV2017005903 - NBMP18A211ITSQA.corp.bankbtpn.co.id" id="Test Suites/Story 26 N 842 - Kelola Stock">
      <properties>
         <property name="deviceName" value="OPPO A37f (Android 5.1.1)"/>
         <property name="devicePlatform" value=""/>
         <property name="logFolder" value="C:\\Users\\AV2017005903\\Documents\\apollo-automation\\Reports\\Story 26 N 842 - Kelola Stock\\20180809_170727"/>
         <property name="logFiles" value="C:\\Users\\AV2017005903\\Documents\\apollo-automation\\Reports\\Story 26 N 842 - Kelola Stock\\20180809_170727\\appium.log, C:\\Users\\AV2017005903\\Documents\\apollo-automation\\Reports\\Story 26 N 842 - Kelola Stock\\20180809_170727\\execution0.log"/>
         <property name="attachments" value="C:\\Users\\AV2017005903\\Documents\\apollo-automation\\Reports\\Story 26 N 842 - Kelola Stock\\20180809_170727\\1533809725283.png, C:\\Users\\AV2017005903\\Documents\\apollo-automation\\Reports\\Story 26 N 842 - Kelola Stock\\20180809_170727\\1533810566294.png, C:\\Users\\AV2017005903\\Documents\\apollo-automation\\Reports\\Story 26 N 842 - Kelola Stock\\20180809_170727\\1533811753611.png, C:\\Users\\AV2017005903\\Documents\\apollo-automation\\Reports\\Story 26 N 842 - Kelola Stock\\20180809_170727\\1533811755402.png"/>
         <property name="hostName" value="AV2017005903 - NBMP18A211ITSQA.corp.bankbtpn.co.id"/>
         <property name="os" value="Windows 10 64bit"/>
         <property name="katalonVersion" value="5.6.0.1"/>
         <property name="deviceOS" value="Android"/>
         <property name="appiumVersion" value="1.8.1"/>
         <property name="deviceModel" value="A37f"/>
         <property name="hostAddress" value="192.168.62.1"/>
         <property name="deviceManufacturer" value="OPPO"/>
         <property name="deviceId" value="6e4df14"/>
         <property name="deviceName" value="OPPO A37f (Android 5.1.1)"/>
         <property name="deviceOSVersion" value="5.1.1"/>
      </properties>
      <testcase name="Test Cases/Story 26 dan 842 -Kelola Stok Final/26 TC 1 - All Search Product" classname="Test Cases/Story 26 dan 842 -Kelola Stok Final/26 TC 1 - All Search Product" status="PASSED">
         <system-out><![CDATA[2018-08-09 17:07:32 - [TEST_CASE][PASSED] - Test Cases/Story 26 dan 842 -Kelola Stok Final/26 TC 1 - All Search Product: Test Cases/Story 26 dan 842 -Kelola Stok Final/26 TC 1 - All Search Product

2018-08-09 17:07:32 - [TEST_STEP][PASSED] - comment: Kelola Stock - View

2018-08-09 17:07:32 - [TEST_STEP][PASSED] - comment: Start Login Test Case

2018-08-09 17:07:32 - [TEST_STEP][PASSED] - Statement - apkPath = apkName: null

2018-08-09 17:07:32 - [TEST_STEP][PASSED] - startApplication: Started app at: 'C:\Users\AV2017005903\Documents\apollo-automation\Regress_release.apk'

2018-08-09 17:08:10 - [MESSAGE][PASSED] - Started app at: 'C:\Users\AV2017005903\Documents\apollo-automation\Regress_release.apk'

2018-08-09 17:08:10 - [TEST_STEP][PASSED] - delay: Delayed 15 second(s)

2018-08-09 17:08:25 - [MESSAGE][PASSED] - Delayed 15 second(s)

2018-08-09 17:08:25 - [TEST_STEP][PASSED] - Comment - "If there is a Update TopuUp, click No, Else you can delay for waiting lazyload ": null

2018-08-09 17:08:25 - [TEST_STEP][PASSED] - Statement - driver = com.kms.katalon.core.mobile.keyword.internal.MobileDriverFactory.getDriver(): null

2018-08-09 17:08:25 - [TEST_STEP][PASSED] - Statement - action = new io.appium.java_client.TouchAction(driver): null

2018-08-09 17:08:25 - [TEST_STEP][PASSED] - Statement - action.longPress(550, 300).moveTo(100, 300).release().perform(): null

2018-08-09 17:08:28 - [TEST_STEP][PASSED] - delay: Delayed 8 second(s)

2018-08-09 17:08:36 - [MESSAGE][PASSED] - Delayed 8 second(s)

2018-08-09 17:08:36 - [TEST_STEP][PASSED] - Statement - action.longPress(550, 300).moveTo(100, 300).release().perform(): null

2018-08-09 17:08:39 - [TEST_STEP][PASSED] - delay: Delayed 8 second(s)

2018-08-09 17:08:47 - [MESSAGE][PASSED] - Delayed 8 second(s)

2018-08-09 17:08:47 - [TEST_STEP][PASSED] - Statement - action.longPress(550, 300).moveTo(100, 300).release().perform(): null

2018-08-09 17:08:50 - [TEST_STEP][PASSED] - delay: Delayed 8 second(s)

2018-08-09 17:08:58 - [MESSAGE][PASSED] - Delayed 8 second(s)

2018-08-09 17:08:58 - [TEST_STEP][PASSED] - Statement - action.longPress(550, 300).moveTo(100, 300).release().perform(): null

2018-08-09 17:09:01 - [TEST_STEP][PASSED] - delay: Delayed 8 second(s)

2018-08-09 17:09:09 - [MESSAGE][PASSED] - Delayed 8 second(s)

2018-08-09 17:09:09 - [TEST_STEP][PASSED] - waitForElementPresent: Element 'Object Repository/Splash Screen/Mulai - Button' is present

2018-08-09 17:09:09 - [MESSAGE][WARNING] - Timeout '0' is invalid. Using default page load timeout: '30'

2018-08-09 17:09:12 - [MESSAGE][PASSED] - Element 'Object Repository/Splash Screen/Mulai - Button' is present

2018-08-09 17:09:12 - [TEST_STEP][PASSED] - tap: Tapped on element 'Object Repository/Splash Screen/Mulai - Button'

2018-08-09 17:09:12 - [MESSAGE][WARNING] - Timeout '0' is invalid. Using default page load timeout: '30'

2018-08-09 17:09:16 - [MESSAGE][PASSED] - Tapped on element 'Object Repository/Splash Screen/Mulai - Button'

2018-08-09 17:09:16 - [TEST_STEP][PASSED] - waitForElementPresent: Element 'Object Repository/Login/Nomor HP  Nama Pengguna - Text Box' is present

2018-08-09 17:09:20 - [MESSAGE][PASSED] - Element 'Object Repository/Login/Nomor HP  Nama Pengguna - Text Box' is present

2018-08-09 17:09:20 - [TEST_STEP][PASSED] - verifyElementAttributeValue: Object 'Object Repository/Login/Nomor HP  Nama Pengguna - Text Box' has attribute 'content-desc' with value 'LoginNameTextInput'

2018-08-09 17:09:28 - [MESSAGE][PASSED] - Object 'Object Repository/Login/Nomor HP  Nama Pengguna - Text Box' has attribute 'content-desc' with value 'LoginNameTextInput'

2018-08-09 17:09:28 - [TEST_STEP][PASSED] - setText: Text '08112233445567' has been set to element 'Object Repository/Login/Nomor HP  Nama Pengguna - Text Box'

2018-08-09 17:09:49 - [MESSAGE][PASSED] - Text '08112233445567' has been set to element 'Object Repository/Login/Nomor HP  Nama Pengguna - Text Box'

2018-08-09 17:09:49 - [TEST_STEP][PASSED] - hideKeyboard: Keyboard is hidden

2018-08-09 17:09:51 - [MESSAGE][PASSED] - Keyboard is hidden

2018-08-09 17:09:51 - [TEST_STEP][PASSED] - verifyElementText: Actual text and expected text of test object 'Object Repository/Login/Nomor HP  Nama Pengguna - Text Box' are matched.

2018-08-09 17:09:55 - [MESSAGE][PASSED] - Actual text and expected text of test object 'Object Repository/Login/Nomor HP  Nama Pengguna - Text Box' are matched.

2018-08-09 17:09:55 - [TEST_STEP][PASSED] - waitForElementPresent: Element 'Object Repository/Login/Button Masuk' is present

2018-08-09 17:09:59 - [MESSAGE][PASSED] - Element 'Object Repository/Login/Button Masuk' is present

2018-08-09 17:09:59 - [TEST_STEP][PASSED] - verifyElementAttributeValue: Object 'Object Repository/Login/Button Masuk' has attribute 'content-desc' with value 'LoginJumpNextBtn'

2018-08-09 17:10:08 - [MESSAGE][PASSED] - Object 'Object Repository/Login/Button Masuk' has attribute 'content-desc' with value 'LoginJumpNextBtn'

2018-08-09 17:10:08 - [TEST_STEP][PASSED] - tap: Tapped on element 'Object Repository/Login/Button Masuk'

2018-08-09 17:10:16 - [MESSAGE][PASSED] - Tapped on element 'Object Repository/Login/Button Masuk'

2018-08-09 17:10:16 - [TEST_STEP][PASSED] - waitForElementPresent: Element 'Object Repository/Login/Input Pin' is present

2018-08-09 17:10:20 - [MESSAGE][PASSED] - Element 'Object Repository/Login/Input Pin' is present

2018-08-09 17:10:20 - [TEST_STEP][PASSED] - verifyElementAttributeValue: Object 'Object Repository/Login/Input Pin' has attribute 'content-desc' with value 'pinCircleFocus'

2018-08-09 17:10:27 - [MESSAGE][PASSED] - Object 'Object Repository/Login/Input Pin' has attribute 'content-desc' with value 'pinCircleFocus'

2018-08-09 17:10:27 - [TEST_STEP][PASSED] - tap: Tapped on element 'Object Repository/Login/Input Pin'

2018-08-09 17:10:37 - [MESSAGE][PASSED] - Tapped on element 'Object Repository/Login/Input Pin'

2018-08-09 17:10:37 - [TEST_STEP][PASSED] - setText: Text '123456' has been set to element 'Object Repository/Login/Input Pin'

2018-08-09 17:11:04 - [MESSAGE][PASSED] - Text '123456' has been set to element 'Object Repository/Login/Input Pin'

2018-08-09 17:11:04 - [TEST_STEP][PASSED] - delay: Delayed 5 second(s)

2018-08-09 17:11:09 - [MESSAGE][PASSED] - Delayed 5 second(s)

2018-08-09 17:11:09 - [TEST_STEP][PASSED] - comment: End Login Test Case

2018-08-09 17:11:09 - [TEST_STEP][PASSED] - waitForElementPresent: Element 'Object Repository/Sidebar Menu/Biaya/HamburgerButton' is present

2018-08-09 17:11:12 - [MESSAGE][PASSED] - Element 'Object Repository/Sidebar Menu/Biaya/HamburgerButton' is present

2018-08-09 17:11:12 - [TEST_STEP][PASSED] - verifyElementAttributeValue: Object 'Object Repository/Sidebar Menu/Biaya/HamburgerButton' has attribute 'content-desc' with value 'headerBar_button_hamburgerMenu'

2018-08-09 17:11:16 - [MESSAGE][PASSED] - Object 'Object Repository/Sidebar Menu/Biaya/HamburgerButton' has attribute 'content-desc' with value 'headerBar_button_hamburgerMenu'

2018-08-09 17:11:16 - [TEST_STEP][PASSED] - tap: Tapped on element 'Object Repository/Sidebar Menu/Biaya/HamburgerButton'

2018-08-09 17:11:21 - [MESSAGE][PASSED] - Tapped on element 'Object Repository/Sidebar Menu/Biaya/HamburgerButton'

2018-08-09 17:11:21 - [TEST_STEP][PASSED] - waitForElementPresent: Element 'Object Repository/Sidebar Menu/Produk/Produk' is present

2018-08-09 17:11:27 - [MESSAGE][PASSED] - Element 'Object Repository/Sidebar Menu/Produk/Produk' is present

2018-08-09 17:11:27 - [TEST_STEP][PASSED] - verifyElementAttributeValue: Object 'Object Repository/Sidebar Menu/Produk/Produk' has attribute 'content-desc' with value 'produkMenuItem'

2018-08-09 17:11:33 - [MESSAGE][PASSED] - Object 'Object Repository/Sidebar Menu/Produk/Produk' has attribute 'content-desc' with value 'produkMenuItem'

2018-08-09 17:11:33 - [TEST_STEP][PASSED] - tap: Tapped on element 'Object Repository/Sidebar Menu/Produk/Produk'

2018-08-09 17:11:40 - [MESSAGE][PASSED] - Tapped on element 'Object Repository/Sidebar Menu/Produk/Produk'

2018-08-09 17:11:40 - [TEST_STEP][PASSED] - verifyElementVisible: Element 'Object Repository/Sidebar Menu/Produk/Text Header -  Produk' is visible

2018-08-09 17:11:46 - [MESSAGE][PASSED] - Element 'Object Repository/Sidebar Menu/Produk/Text Header -  Produk' is visible

2018-08-09 17:11:46 - [TEST_STEP][PASSED] - delay: Delayed 5 second(s)

2018-08-09 17:11:51 - [MESSAGE][PASSED] - Delayed 5 second(s)

2018-08-09 17:11:51 - [TEST_STEP][PASSED] - closeApplication: Close app successfully

2018-08-09 17:11:55 - [MESSAGE][PASSED] - Close app successfully]]></system-out>
         <system-err><![CDATA[]]></system-err>
      </testcase>
      <testcase name="Test Cases/Story 26 dan 842 -Kelola Stok Final/26 TC 2 - Search by selected Product Category" classname="Test Cases/Story 26 dan 842 -Kelola Stok Final/26 TC 2 - Search by selected Product Category" status="FAILED">
         <failure type="FAILED" message="Element 'Object Repository/Sidebar Menu/Produk/Stock View/List Produk - Elemen 1' not found"/>
         <system-out><![CDATA[2018-08-09 17:11:55 - [TEST_CASE][FAILED] - Test Cases/Story 26 dan 842 -Kelola Stok Final/26 TC 2 - Search by selected Product Category: Test Cases/Story 26 dan 842 -Kelola Stok Final/26 TC 2 - Search by selected Product Category FAILED because (of) Element 'Object Repository/Sidebar Menu/Produk/Stock View/List Produk - Elemen 1' not found

2018-08-09 17:11:56 - [TEST_STEP][PASSED] - comment: Search by selected Product Category

2018-08-09 17:11:56 - [TEST_STEP][PASSED] - comment: Start apps and than Login

2018-08-09 17:11:56 - [TEST_STEP][PASSED] - Statement - apkPath = apkName: null

2018-08-09 17:11:56 - [TEST_STEP][PASSED] - startApplication: Started app at: 'C:\Users\AV2017005903\Documents\apollo-automation\Regress_release.apk'

2018-08-09 17:12:13 - [MESSAGE][PASSED] - Started app at: 'C:\Users\AV2017005903\Documents\apollo-automation\Regress_release.apk'

2018-08-09 17:12:13 - [TEST_STEP][PASSED] - delay: Delayed 15 second(s)

2018-08-09 17:12:28 - [MESSAGE][PASSED] - Delayed 15 second(s)

2018-08-09 17:12:28 - [TEST_STEP][PASSED] - waitForElementPresent: Element 'Object Repository/Login/Nomor HP  Nama Pengguna - Text Box' is present

2018-08-09 17:12:31 - [MESSAGE][PASSED] - Element 'Object Repository/Login/Nomor HP  Nama Pengguna - Text Box' is present

2018-08-09 17:12:31 - [TEST_STEP][PASSED] - verifyElementAttributeValue: Object 'Object Repository/Login/Nomor HP  Nama Pengguna - Text Box' has attribute 'content-desc' with value 'LoginNameTextInput'

2018-08-09 17:12:35 - [MESSAGE][PASSED] - Object 'Object Repository/Login/Nomor HP  Nama Pengguna - Text Box' has attribute 'content-desc' with value 'LoginNameTextInput'

2018-08-09 17:12:35 - [TEST_STEP][PASSED] - setText: Text '08112233445567' has been set to element 'Object Repository/Login/Nomor HP  Nama Pengguna - Text Box'

2018-08-09 17:13:01 - [MESSAGE][PASSED] - Text '08112233445567' has been set to element 'Object Repository/Login/Nomor HP  Nama Pengguna - Text Box'

2018-08-09 17:13:01 - [TEST_STEP][PASSED] - hideKeyboard: Keyboard is hidden

2018-08-09 17:13:02 - [MESSAGE][PASSED] - Keyboard is hidden

2018-08-09 17:13:02 - [TEST_STEP][PASSED] - verifyElementText: Actual text and expected text of test object 'Object Repository/Login/Nomor HP  Nama Pengguna - Text Box' are matched.

2018-08-09 17:13:06 - [MESSAGE][PASSED] - Actual text and expected text of test object 'Object Repository/Login/Nomor HP  Nama Pengguna - Text Box' are matched.

2018-08-09 17:13:06 - [TEST_STEP][PASSED] - waitForElementPresent: Element 'Object Repository/Login/Button Masuk' is present

2018-08-09 17:13:10 - [MESSAGE][PASSED] - Element 'Object Repository/Login/Button Masuk' is present

2018-08-09 17:13:10 - [TEST_STEP][PASSED] - verifyElementAttributeValue: Object 'Object Repository/Login/Button Masuk' has attribute 'content-desc' with value 'LoginJumpNextBtn'

2018-08-09 17:13:14 - [MESSAGE][PASSED] - Object 'Object Repository/Login/Button Masuk' has attribute 'content-desc' with value 'LoginJumpNextBtn'

2018-08-09 17:13:14 - [TEST_STEP][PASSED] - tap: Tapped on element 'Object Repository/Login/Button Masuk'

2018-08-09 17:13:19 - [MESSAGE][PASSED] - Tapped on element 'Object Repository/Login/Button Masuk'

2018-08-09 17:13:19 - [TEST_STEP][PASSED] - waitForElementPresent: Element 'Object Repository/Login/Input Pin' is present

2018-08-09 17:13:22 - [MESSAGE][PASSED] - Element 'Object Repository/Login/Input Pin' is present

2018-08-09 17:13:22 - [TEST_STEP][PASSED] - verifyElementAttributeValue: Object 'Object Repository/Login/Input Pin' has attribute 'content-desc' with value 'pinCircleFocus'

2018-08-09 17:13:26 - [MESSAGE][PASSED] - Object 'Object Repository/Login/Input Pin' has attribute 'content-desc' with value 'pinCircleFocus'

2018-08-09 17:13:26 - [TEST_STEP][PASSED] - tap: Tapped on element 'Object Repository/Login/Input Pin'

2018-08-09 17:13:35 - [MESSAGE][PASSED] - Tapped on element 'Object Repository/Login/Input Pin'

2018-08-09 17:13:35 - [TEST_STEP][PASSED] - setText: Text '123456' has been set to element 'Object Repository/Login/Input Pin'

2018-08-09 17:13:58 - [MESSAGE][PASSED] - Text '123456' has been set to element 'Object Repository/Login/Input Pin'

2018-08-09 17:13:58 - [TEST_STEP][PASSED] - delay: Delayed 5 second(s)

2018-08-09 17:14:03 - [MESSAGE][PASSED] - Delayed 5 second(s)

2018-08-09 17:14:03 - [TEST_STEP][PASSED] - comment: End Login Test Case

2018-08-09 17:14:03 - [TEST_STEP][PASSED] - waitForElementPresent: Element 'Object Repository/Sidebar Menu/Biaya/HamburgerButton' is present

2018-08-09 17:14:07 - [MESSAGE][PASSED] - Element 'Object Repository/Sidebar Menu/Biaya/HamburgerButton' is present

2018-08-09 17:14:07 - [TEST_STEP][PASSED] - verifyElementAttributeValue: Object 'Object Repository/Sidebar Menu/Biaya/HamburgerButton' has attribute 'content-desc' with value 'headerBar_button_hamburgerMenu'

2018-08-09 17:14:11 - [MESSAGE][PASSED] - Object 'Object Repository/Sidebar Menu/Biaya/HamburgerButton' has attribute 'content-desc' with value 'headerBar_button_hamburgerMenu'

2018-08-09 17:14:11 - [TEST_STEP][PASSED] - tap: Tapped on element 'Object Repository/Sidebar Menu/Biaya/HamburgerButton'

2018-08-09 17:14:16 - [MESSAGE][PASSED] - Tapped on element 'Object Repository/Sidebar Menu/Biaya/HamburgerButton'

2018-08-09 17:14:16 - [TEST_STEP][PASSED] - waitForElementPresent: Element 'Object Repository/Sidebar Menu/Produk/Produk' is present

2018-08-09 17:14:21 - [MESSAGE][PASSED] - Element 'Object Repository/Sidebar Menu/Produk/Produk' is present

2018-08-09 17:14:21 - [TEST_STEP][PASSED] - verifyElementAttributeValue: Object 'Object Repository/Sidebar Menu/Produk/Produk' has attribute 'content-desc' with value 'produkMenuItem'

2018-08-09 17:14:26 - [MESSAGE][PASSED] - Object 'Object Repository/Sidebar Menu/Produk/Produk' has attribute 'content-desc' with value 'produkMenuItem'

2018-08-09 17:14:26 - [TEST_STEP][PASSED] - tap: Tapped on element 'Object Repository/Sidebar Menu/Produk/Produk'

2018-08-09 17:14:34 - [MESSAGE][PASSED] - Tapped on element 'Object Repository/Sidebar Menu/Produk/Produk'

2018-08-09 17:14:34 - [TEST_STEP][PASSED] - verifyElementVisible: Element 'Object Repository/Sidebar Menu/Produk/Text Header -  Produk' is visible

2018-08-09 17:14:40 - [MESSAGE][PASSED] - Element 'Object Repository/Sidebar Menu/Produk/Text Header -  Produk' is visible

2018-08-09 17:14:40 - [TEST_STEP][PASSED] - comment: Search by selected Product Category

2018-08-09 17:14:40 - [TEST_STEP][PASSED] - waitForElementPresent: Element 'Object Repository/Sidebar Menu/Produk/Stock View/Semua Kategori - Drop Down' is present

2018-08-09 17:14:43 - [MESSAGE][PASSED] - Element 'Object Repository/Sidebar Menu/Produk/Stock View/Semua Kategori - Drop Down' is present

2018-08-09 17:14:43 - [TEST_STEP][PASSED] - verifyElementAttributeValue: Object 'Object Repository/Sidebar Menu/Produk/Stock View/Semua Kategori - Drop Down' has attribute 'content-desc' with value 'choices-list-button'

2018-08-09 17:14:48 - [MESSAGE][PASSED] - Object 'Object Repository/Sidebar Menu/Produk/Stock View/Semua Kategori - Drop Down' has attribute 'content-desc' with value 'choices-list-button'

2018-08-09 17:14:48 - [TEST_STEP][PASSED] - tap: Tapped on element 'Object Repository/Sidebar Menu/Produk/Stock View/Semua Kategori - Drop Down'

2018-08-09 17:14:57 - [MESSAGE][PASSED] - Tapped on element 'Object Repository/Sidebar Menu/Produk/Stock View/Semua Kategori - Drop Down'

2018-08-09 17:14:57 - [TEST_STEP][PASSED] - waitForElementPresent: Element 'Object Repository/Sidebar Menu/Produk/Stock View/List Kategori - Elemen 2' is present

2018-08-09 17:14:59 - [MESSAGE][PASSED] - Element 'Object Repository/Sidebar Menu/Produk/Stock View/List Kategori - Elemen 2' is present

2018-08-09 17:14:59 - [TEST_STEP][PASSED] - verifyElementAttributeValue: Object 'Object Repository/Sidebar Menu/Produk/Stock View/List Kategori - Elemen 2' has attribute 'content-desc' with value 'choices-list-item-2'

2018-08-09 17:15:05 - [MESSAGE][PASSED] - Object 'Object Repository/Sidebar Menu/Produk/Stock View/List Kategori - Elemen 2' has attribute 'content-desc' with value 'choices-list-item-2'

2018-08-09 17:15:05 - [TEST_STEP][PASSED] - tap: Tapped on element 'Object Repository/Sidebar Menu/Produk/Stock View/List Kategori - Elemen 2'

2018-08-09 17:15:10 - [MESSAGE][PASSED] - Tapped on element 'Object Repository/Sidebar Menu/Produk/Stock View/List Kategori - Elemen 2'

2018-08-09 17:15:10 - [TEST_STEP][PASSED] - comment: Jika produk ada dan tidak ada

2018-08-09 17:15:10 - [TEST_STEP][PASSED] - delay: Delayed 5 second(s)

2018-08-09 17:15:15 - [MESSAGE][PASSED] - Delayed 5 second(s)

2018-08-09 17:15:15 - [TEST_STEP][FAILED] - Statement - If (com.kms.katalon.core.mobile.keyword.MobileBuiltInKeywords.verifyElementVisible(com.kms.katalon.core.testobject.ObjectRepository.findTestObject(Sidebar Menu/Produk/Stock View/List Produk - Elemen 1), G_ShortTimeOut, CONTINUE_ON_FAILURE)): Element 'Object Repository/Sidebar Menu/Produk/Stock View/List Produk - Elemen 1' not found

2018-08-09 17:15:27 - [MESSAGE][FAILED] - Element 'Object Repository/Sidebar Menu/Produk/Stock View/List Produk - Elemen 1' not found
[[ATTACHMENT|C:\\Users\\AV2017005903\\Documents\\apollo-automation\\Reports\\Story 26 N 842 - Kelola Stock\\20180809_170727\\1533809725283.png]]

2018-08-09 17:15:27 - [TEST_STEP][PASSED] - Statement - Else: null

2018-08-09 17:15:27 - [TEST_STEP][PASSED] - Statement - message = com.kms.katalon.core.mobile.keyword.MobileBuiltInKeywords.getText(com.kms.katalon.core.testobject.ObjectRepository.findTestObject(Object Repository/Sidebar Menu/Produk/Stock View/Belum ada produk - Error Message), G_ShortTimeOut, CONTINUE_ON_FAILURE): Text of element 'Object Repository/Sidebar Menu/Produk/Stock View/Belum ada produk - Error Message' is: 'Belum ada produk'

2018-08-09 17:15:31 - [MESSAGE][PASSED] - Text of element 'Object Repository/Sidebar Menu/Produk/Stock View/Belum ada produk - Error Message' is: 'Belum ada produk'

2018-08-09 17:15:31 - [TEST_STEP][PASSED] - verifyEqual: Actual object 'Belum ada produk' and expected object 'Belum ada produk' are equal

2018-08-09 17:15:31 - [MESSAGE][PASSED] - Actual object 'Belum ada produk' and expected object 'Belum ada produk' are equal

2018-08-09 17:15:31 - [TEST_STEP][PASSED] - Statement - out.println("Produk tidak ada"): null

2018-08-09 17:15:31 - [TEST_STEP][PASSED] - delay: Delayed 5 second(s)

2018-08-09 17:15:36 - [MESSAGE][PASSED] - Delayed 5 second(s)

2018-08-09 17:15:36 - [TEST_STEP][PASSED] - closeApplication: Close app successfully

2018-08-09 17:15:38 - [MESSAGE][PASSED] - Close app successfully]]></system-out>
         <system-err><![CDATA[2018-08-09 17:11:55 - [TEST_CASE][FAILED] - Test Cases/Story 26 dan 842 -Kelola Stok Final/26 TC 2 - Search by selected Product Category: Test Cases/Story 26 dan 842 -Kelola Stok Final/26 TC 2 - Search by selected Product Category FAILED because (of) Element 'Object Repository/Sidebar Menu/Produk/Stock View/List Produk - Elemen 1' not found]]></system-err>
      </testcase>
      <testcase name="Test Cases/Story 26 dan 842 -Kelola Stok Final/26 TC 3 - Search by specific product" classname="Test Cases/Story 26 dan 842 -Kelola Stok Final/26 TC 3 - Search by specific product" status="PASSED">
         <system-out><![CDATA[2018-08-09 17:15:38 - [TEST_CASE][PASSED] - Test Cases/Story 26 dan 842 -Kelola Stok Final/26 TC 3 - Search by specific product: Test Cases/Story 26 dan 842 -Kelola Stok Final/26 TC 3 - Search by specific product

2018-08-09 17:15:39 - [TEST_STEP][PASSED] - comment: Search by specific product

2018-08-09 17:15:39 - [TEST_STEP][PASSED] - comment: Start apps and than Login

2018-08-09 17:15:39 - [TEST_STEP][PASSED] - Statement - apkPath = apkName: null

2018-08-09 17:15:39 - [TEST_STEP][PASSED] - startApplication: Started app at: 'C:\Users\AV2017005903\Documents\apollo-automation\Regress_release.apk'

2018-08-09 17:15:55 - [MESSAGE][PASSED] - Started app at: 'C:\Users\AV2017005903\Documents\apollo-automation\Regress_release.apk'

2018-08-09 17:15:55 - [TEST_STEP][PASSED] - delay: Delayed 15 second(s)

2018-08-09 17:16:10 - [MESSAGE][PASSED] - Delayed 15 second(s)

2018-08-09 17:16:10 - [TEST_STEP][PASSED] - waitForElementPresent: Element 'Object Repository/Login/Nomor HP  Nama Pengguna - Text Box' is present

2018-08-09 17:16:12 - [MESSAGE][PASSED] - Element 'Object Repository/Login/Nomor HP  Nama Pengguna - Text Box' is present

2018-08-09 17:16:12 - [TEST_STEP][PASSED] - verifyElementAttributeValue: Object 'Object Repository/Login/Nomor HP  Nama Pengguna - Text Box' has attribute 'content-desc' with value 'LoginNameTextInput'

2018-08-09 17:16:17 - [MESSAGE][PASSED] - Object 'Object Repository/Login/Nomor HP  Nama Pengguna - Text Box' has attribute 'content-desc' with value 'LoginNameTextInput'

2018-08-09 17:16:17 - [TEST_STEP][PASSED] - setText: Text '08112233445567' has been set to element 'Object Repository/Login/Nomor HP  Nama Pengguna - Text Box'

2018-08-09 17:16:41 - [MESSAGE][PASSED] - Text '08112233445567' has been set to element 'Object Repository/Login/Nomor HP  Nama Pengguna - Text Box'

2018-08-09 17:16:41 - [TEST_STEP][PASSED] - hideKeyboard: Keyboard is hidden

2018-08-09 17:16:43 - [MESSAGE][PASSED] - Keyboard is hidden

2018-08-09 17:16:43 - [TEST_STEP][PASSED] - verifyElementText: Actual text and expected text of test object 'Object Repository/Login/Nomor HP  Nama Pengguna - Text Box' are matched.

2018-08-09 17:16:47 - [MESSAGE][PASSED] - Actual text and expected text of test object 'Object Repository/Login/Nomor HP  Nama Pengguna - Text Box' are matched.

2018-08-09 17:16:47 - [TEST_STEP][PASSED] - waitForElementPresent: Element 'Object Repository/Login/Button Masuk' is present

2018-08-09 17:16:51 - [MESSAGE][PASSED] - Element 'Object Repository/Login/Button Masuk' is present

2018-08-09 17:16:51 - [TEST_STEP][PASSED] - verifyElementAttributeValue: Object 'Object Repository/Login/Button Masuk' has attribute 'content-desc' with value 'LoginJumpNextBtn'

2018-08-09 17:16:55 - [MESSAGE][PASSED] - Object 'Object Repository/Login/Button Masuk' has attribute 'content-desc' with value 'LoginJumpNextBtn'

2018-08-09 17:16:55 - [TEST_STEP][PASSED] - tap: Tapped on element 'Object Repository/Login/Button Masuk'

2018-08-09 17:17:00 - [MESSAGE][PASSED] - Tapped on element 'Object Repository/Login/Button Masuk'

2018-08-09 17:17:00 - [TEST_STEP][PASSED] - waitForElementPresent: Element 'Object Repository/Login/Input Pin' is present

2018-08-09 17:17:04 - [MESSAGE][PASSED] - Element 'Object Repository/Login/Input Pin' is present

2018-08-09 17:17:04 - [TEST_STEP][PASSED] - verifyElementAttributeValue: Object 'Object Repository/Login/Input Pin' has attribute 'content-desc' with value 'pinCircleFocus'

2018-08-09 17:17:08 - [MESSAGE][PASSED] - Object 'Object Repository/Login/Input Pin' has attribute 'content-desc' with value 'pinCircleFocus'

2018-08-09 17:17:08 - [TEST_STEP][PASSED] - tap: Tapped on element 'Object Repository/Login/Input Pin'

2018-08-09 17:17:14 - [MESSAGE][PASSED] - Tapped on element 'Object Repository/Login/Input Pin'

2018-08-09 17:17:14 - [TEST_STEP][PASSED] - setText: Text '123456' has been set to element 'Object Repository/Login/Input Pin'

2018-08-09 17:17:38 - [MESSAGE][PASSED] - Text '123456' has been set to element 'Object Repository/Login/Input Pin'

2018-08-09 17:17:38 - [TEST_STEP][PASSED] - delay: Delayed 5 second(s)

2018-08-09 17:17:43 - [MESSAGE][PASSED] - Delayed 5 second(s)

2018-08-09 17:17:43 - [TEST_STEP][PASSED] - comment: End Login Test Case

2018-08-09 17:17:43 - [TEST_STEP][PASSED] - waitForElementPresent: Element 'Object Repository/Sidebar Menu/Biaya/HamburgerButton' is present

2018-08-09 17:17:45 - [MESSAGE][PASSED] - Element 'Object Repository/Sidebar Menu/Biaya/HamburgerButton' is present

2018-08-09 17:17:45 - [TEST_STEP][PASSED] - verifyElementAttributeValue: Object 'Object Repository/Sidebar Menu/Biaya/HamburgerButton' has attribute 'content-desc' with value 'headerBar_button_hamburgerMenu'

2018-08-09 17:17:50 - [MESSAGE][PASSED] - Object 'Object Repository/Sidebar Menu/Biaya/HamburgerButton' has attribute 'content-desc' with value 'headerBar_button_hamburgerMenu'

2018-08-09 17:17:50 - [TEST_STEP][PASSED] - tap: Tapped on element 'Object Repository/Sidebar Menu/Biaya/HamburgerButton'

2018-08-09 17:17:55 - [MESSAGE][PASSED] - Tapped on element 'Object Repository/Sidebar Menu/Biaya/HamburgerButton'

2018-08-09 17:17:55 - [TEST_STEP][PASSED] - waitForElementPresent: Element 'Object Repository/Sidebar Menu/Produk/Produk' is present

2018-08-09 17:18:00 - [MESSAGE][PASSED] - Element 'Object Repository/Sidebar Menu/Produk/Produk' is present

2018-08-09 17:18:00 - [TEST_STEP][PASSED] - verifyElementAttributeValue: Object 'Object Repository/Sidebar Menu/Produk/Produk' has attribute 'content-desc' with value 'produkMenuItem'

2018-08-09 17:18:08 - [MESSAGE][PASSED] - Object 'Object Repository/Sidebar Menu/Produk/Produk' has attribute 'content-desc' with value 'produkMenuItem'

2018-08-09 17:18:08 - [TEST_STEP][PASSED] - tap: Tapped on element 'Object Repository/Sidebar Menu/Produk/Produk'

2018-08-09 17:18:16 - [MESSAGE][PASSED] - Tapped on element 'Object Repository/Sidebar Menu/Produk/Produk'

2018-08-09 17:18:16 - [TEST_STEP][PASSED] - verifyElementVisible: Element 'Object Repository/Sidebar Menu/Produk/Text Header -  Produk' is visible

2018-08-09 17:18:21 - [MESSAGE][PASSED] - Element 'Object Repository/Sidebar Menu/Produk/Text Header -  Produk' is visible

2018-08-09 17:18:21 - [TEST_STEP][PASSED] - waitForElementPresent: Element 'Object Repository/Sidebar Menu/Produk/Stock View/Semua Kategori - Drop Down' is present

2018-08-09 17:18:24 - [MESSAGE][PASSED] - Element 'Object Repository/Sidebar Menu/Produk/Stock View/Semua Kategori - Drop Down' is present

2018-08-09 17:18:24 - [TEST_STEP][PASSED] - verifyElementAttributeValue: Object 'Object Repository/Sidebar Menu/Produk/Stock View/Semua Kategori - Drop Down' has attribute 'content-desc' with value 'choices-list-button'

2018-08-09 17:18:32 - [MESSAGE][PASSED] - Object 'Object Repository/Sidebar Menu/Produk/Stock View/Semua Kategori - Drop Down' has attribute 'content-desc' with value 'choices-list-button'

2018-08-09 17:18:32 - [TEST_STEP][PASSED] - tap: Tapped on element 'Object Repository/Sidebar Menu/Produk/Stock View/Semua Kategori - Drop Down'

2018-08-09 17:18:39 - [MESSAGE][PASSED] - Tapped on element 'Object Repository/Sidebar Menu/Produk/Stock View/Semua Kategori - Drop Down'

2018-08-09 17:18:39 - [TEST_STEP][PASSED] - waitForElementPresent: Element 'Object Repository/Sidebar Menu/Produk/Stock View/List Kategori - Elemen 0' is present

2018-08-09 17:18:41 - [MESSAGE][PASSED] - Element 'Object Repository/Sidebar Menu/Produk/Stock View/List Kategori - Elemen 0' is present

2018-08-09 17:18:41 - [TEST_STEP][PASSED] - verifyElementAttributeValue: Object 'Object Repository/Sidebar Menu/Produk/Stock View/List Kategori - Elemen 0' has attribute 'content-desc' with value 'choices-list-item-0'

2018-08-09 17:18:47 - [MESSAGE][PASSED] - Object 'Object Repository/Sidebar Menu/Produk/Stock View/List Kategori - Elemen 0' has attribute 'content-desc' with value 'choices-list-item-0'

2018-08-09 17:18:47 - [TEST_STEP][PASSED] - tap: Tapped on element 'Object Repository/Sidebar Menu/Produk/Stock View/List Kategori - Elemen 0'

2018-08-09 17:18:52 - [MESSAGE][PASSED] - Tapped on element 'Object Repository/Sidebar Menu/Produk/Stock View/List Kategori - Elemen 0'

2018-08-09 17:18:52 - [TEST_STEP][PASSED] - waitForElementPresent: Element 'Object Repository/Sidebar Menu/Produk/Stock View/Cari nama produk - btn' is present

2018-08-09 17:18:56 - [MESSAGE][PASSED] - Element 'Object Repository/Sidebar Menu/Produk/Stock View/Cari nama produk - btn' is present

2018-08-09 17:18:56 - [TEST_STEP][PASSED] - verifyElementAttributeValue: Object 'Object Repository/Sidebar Menu/Produk/Stock View/Cari nama produk - btn' has attribute 'content-desc' with value 'productListComponent_textInput_search'

2018-08-09 17:19:04 - [MESSAGE][PASSED] - Object 'Object Repository/Sidebar Menu/Produk/Stock View/Cari nama produk - btn' has attribute 'content-desc' with value 'productListComponent_textInput_search'

2018-08-09 17:19:04 - [TEST_STEP][PASSED] - setText: Text 'indomie' has been set to element 'Object Repository/Sidebar Menu/Produk/Stock View/Cari nama produk - btn'

2018-08-09 17:19:26 - [MESSAGE][PASSED] - Text 'indomie' has been set to element 'Object Repository/Sidebar Menu/Produk/Stock View/Cari nama produk - btn'

2018-08-09 17:19:26 - [TEST_STEP][PASSED] - verifyElementText: Actual text and expected text of test object 'Object Repository/Sidebar Menu/Produk/Stock View/Cari nama produk - btn' are matched.

2018-08-09 17:19:36 - [MESSAGE][PASSED] - Actual text and expected text of test object 'Object Repository/Sidebar Menu/Produk/Stock View/Cari nama produk - btn' are matched.

2018-08-09 17:19:36 - [TEST_STEP][PASSED] - comment: Jika produk ada dan tidak ada

2018-08-09 17:19:36 - [TEST_STEP][PASSED] - delay: Delayed 5 second(s)

2018-08-09 17:19:41 - [MESSAGE][PASSED] - Delayed 5 second(s)

2018-08-09 17:19:41 - [TEST_STEP][PASSED] - Statement - If (com.kms.katalon.core.mobile.keyword.MobileBuiltInKeywords.verifyElementVisible(com.kms.katalon.core.testobject.ObjectRepository.findTestObject(Sidebar Menu/Produk/Stock View/List Produk - Elemen 1), G_ShortTimeOut, CONTINUE_ON_FAILURE)): null

2018-08-09 17:19:45 - [MESSAGE][PASSED] - Element 'Object Repository/Sidebar Menu/Produk/Stock View/List Produk - Elemen 1' is visible

2018-08-09 17:19:45 - [TEST_STEP][PASSED] - waitForElementPresent: Element 'Object Repository/Sidebar Menu/Produk/Stock View/List Produk - Elemen 1' is present

2018-08-09 17:19:49 - [MESSAGE][PASSED] - Element 'Object Repository/Sidebar Menu/Produk/Stock View/List Produk - Elemen 1' is present

2018-08-09 17:19:49 - [TEST_STEP][PASSED] - verifyElementAttributeValue: Object 'Object Repository/Sidebar Menu/Produk/Stock View/List Produk - Elemen 1' has attribute 'content-desc' with value 'productListComponent_listItem_0'

2018-08-09 17:19:58 - [MESSAGE][PASSED] - Object 'Object Repository/Sidebar Menu/Produk/Stock View/List Produk - Elemen 1' has attribute 'content-desc' with value 'productListComponent_listItem_0'

2018-08-09 17:19:58 - [TEST_STEP][PASSED] - tap: Tapped on element 'Object Repository/Sidebar Menu/Produk/Stock View/List Produk - Elemen 1'

2018-08-09 17:20:07 - [MESSAGE][PASSED] - Tapped on element 'Object Repository/Sidebar Menu/Produk/Stock View/List Produk - Elemen 1'

2018-08-09 17:20:07 - [TEST_STEP][PASSED] - waitForElementPresent: Element 'Object Repository/Sidebar Menu/Produk/Detail Barang/Ubah Info - Button' is present

2018-08-09 17:20:11 - [MESSAGE][PASSED] - Element 'Object Repository/Sidebar Menu/Produk/Detail Barang/Ubah Info - Button' is present

2018-08-09 17:20:11 - [TEST_STEP][PASSED] - delay: Delayed 5 second(s)

2018-08-09 17:20:16 - [MESSAGE][PASSED] - Delayed 5 second(s)

2018-08-09 17:20:16 - [TEST_STEP][PASSED] - pressBack: Press back button successfully

2018-08-09 17:20:17 - [MESSAGE][PASSED] - Press back button successfully

2018-08-09 17:20:17 - [TEST_STEP][PASSED] - Statement - out.println("Produk Ada"): null

2018-08-09 17:20:17 - [TEST_STEP][PASSED] - delay: Delayed 5 second(s)

2018-08-09 17:20:22 - [MESSAGE][PASSED] - Delayed 5 second(s)

2018-08-09 17:20:22 - [TEST_STEP][PASSED] - closeApplication: Close app successfully

2018-08-09 17:20:25 - [MESSAGE][PASSED] - Close app successfully]]></system-out>
         <system-err><![CDATA[]]></system-err>
      </testcase>
      <testcase name="Test Cases/Story 26 dan 842 -Kelola Stok Final/26 TC 4 - Search by specific category and product" classname="Test Cases/Story 26 dan 842 -Kelola Stok Final/26 TC 4 - Search by specific category and product" status="PASSED">
         <system-out><![CDATA[2018-08-09 17:20:25 - [TEST_CASE][PASSED] - Test Cases/Story 26 dan 842 -Kelola Stok Final/26 TC 4 - Search by specific category and product: Test Cases/Story 26 dan 842 -Kelola Stok Final/26 TC 4 - Search by specific category and product

2018-08-09 17:20:25 - [TEST_STEP][PASSED] - comment:  Search by specific category and product

2018-08-09 17:20:25 - [TEST_STEP][PASSED] - comment: Start apps and than Login

2018-08-09 17:20:25 - [TEST_STEP][PASSED] - Statement - apkPath = apkName: null

2018-08-09 17:20:25 - [TEST_STEP][PASSED] - startApplication: Started app at: 'C:\Users\AV2017005903\Documents\apollo-automation\Regress_release.apk'

2018-08-09 17:20:41 - [MESSAGE][PASSED] - Started app at: 'C:\Users\AV2017005903\Documents\apollo-automation\Regress_release.apk'

2018-08-09 17:20:41 - [TEST_STEP][PASSED] - delay: Delayed 15 second(s)

2018-08-09 17:20:56 - [MESSAGE][PASSED] - Delayed 15 second(s)

2018-08-09 17:20:56 - [TEST_STEP][PASSED] - waitForElementPresent: Element 'Object Repository/Login/Nomor HP  Nama Pengguna - Text Box' is present

2018-08-09 17:20:58 - [MESSAGE][PASSED] - Element 'Object Repository/Login/Nomor HP  Nama Pengguna - Text Box' is present

2018-08-09 17:20:58 - [TEST_STEP][PASSED] - verifyElementAttributeValue: Object 'Object Repository/Login/Nomor HP  Nama Pengguna - Text Box' has attribute 'content-desc' with value 'LoginNameTextInput'

2018-08-09 17:21:03 - [MESSAGE][PASSED] - Object 'Object Repository/Login/Nomor HP  Nama Pengguna - Text Box' has attribute 'content-desc' with value 'LoginNameTextInput'

2018-08-09 17:21:03 - [TEST_STEP][PASSED] - setText: Text '08112233445567' has been set to element 'Object Repository/Login/Nomor HP  Nama Pengguna - Text Box'

2018-08-09 17:21:23 - [MESSAGE][PASSED] - Text '08112233445567' has been set to element 'Object Repository/Login/Nomor HP  Nama Pengguna - Text Box'

2018-08-09 17:21:23 - [TEST_STEP][PASSED] - hideKeyboard: Keyboard is hidden

2018-08-09 17:21:24 - [MESSAGE][PASSED] - Keyboard is hidden

2018-08-09 17:21:24 - [TEST_STEP][PASSED] - verifyElementText: Actual text and expected text of test object 'Object Repository/Login/Nomor HP  Nama Pengguna - Text Box' are matched.

2018-08-09 17:21:29 - [MESSAGE][PASSED] - Actual text and expected text of test object 'Object Repository/Login/Nomor HP  Nama Pengguna - Text Box' are matched.

2018-08-09 17:21:29 - [TEST_STEP][PASSED] - waitForElementPresent: Element 'Object Repository/Login/Button Masuk' is present

2018-08-09 17:21:32 - [MESSAGE][PASSED] - Element 'Object Repository/Login/Button Masuk' is present

2018-08-09 17:21:32 - [TEST_STEP][PASSED] - verifyElementAttributeValue: Object 'Object Repository/Login/Button Masuk' has attribute 'content-desc' with value 'LoginJumpNextBtn'

2018-08-09 17:21:36 - [MESSAGE][PASSED] - Object 'Object Repository/Login/Button Masuk' has attribute 'content-desc' with value 'LoginJumpNextBtn'

2018-08-09 17:21:36 - [TEST_STEP][PASSED] - tap: Tapped on element 'Object Repository/Login/Button Masuk'

2018-08-09 17:21:44 - [MESSAGE][PASSED] - Tapped on element 'Object Repository/Login/Button Masuk'

2018-08-09 17:21:44 - [TEST_STEP][PASSED] - waitForElementPresent: Element 'Object Repository/Login/Input Pin' is present

2018-08-09 17:21:48 - [MESSAGE][PASSED] - Element 'Object Repository/Login/Input Pin' is present

2018-08-09 17:21:48 - [TEST_STEP][PASSED] - verifyElementAttributeValue: Object 'Object Repository/Login/Input Pin' has attribute 'content-desc' with value 'pinCircleFocus'

2018-08-09 17:21:55 - [MESSAGE][PASSED] - Object 'Object Repository/Login/Input Pin' has attribute 'content-desc' with value 'pinCircleFocus'

2018-08-09 17:21:55 - [TEST_STEP][PASSED] - tap: Tapped on element 'Object Repository/Login/Input Pin'

2018-08-09 17:22:04 - [MESSAGE][PASSED] - Tapped on element 'Object Repository/Login/Input Pin'

2018-08-09 17:22:04 - [TEST_STEP][PASSED] - setText: Text '123456' has been set to element 'Object Repository/Login/Input Pin'

2018-08-09 17:22:22 - [MESSAGE][PASSED] - Text '123456' has been set to element 'Object Repository/Login/Input Pin'

2018-08-09 17:22:22 - [TEST_STEP][PASSED] - delay: Delayed 5 second(s)

2018-08-09 17:22:27 - [MESSAGE][PASSED] - Delayed 5 second(s)

2018-08-09 17:22:27 - [TEST_STEP][PASSED] - comment: End Login Test Case

2018-08-09 17:22:27 - [TEST_STEP][PASSED] - waitForElementPresent: Element 'Object Repository/Sidebar Menu/Biaya/HamburgerButton' is present

2018-08-09 17:22:34 - [MESSAGE][PASSED] - Element 'Object Repository/Sidebar Menu/Biaya/HamburgerButton' is present

2018-08-09 17:22:34 - [TEST_STEP][PASSED] - verifyElementAttributeValue: Object 'Object Repository/Sidebar Menu/Biaya/HamburgerButton' has attribute 'content-desc' with value 'headerBar_button_hamburgerMenu'

2018-08-09 17:22:39 - [MESSAGE][PASSED] - Object 'Object Repository/Sidebar Menu/Biaya/HamburgerButton' has attribute 'content-desc' with value 'headerBar_button_hamburgerMenu'

2018-08-09 17:22:39 - [TEST_STEP][PASSED] - tap: Tapped on element 'Object Repository/Sidebar Menu/Biaya/HamburgerButton'

2018-08-09 17:22:46 - [MESSAGE][PASSED] - Tapped on element 'Object Repository/Sidebar Menu/Biaya/HamburgerButton'

2018-08-09 17:22:46 - [TEST_STEP][PASSED] - waitForElementPresent: Element 'Object Repository/Sidebar Menu/Produk/Produk' is present

2018-08-09 17:22:52 - [MESSAGE][PASSED] - Element 'Object Repository/Sidebar Menu/Produk/Produk' is present

2018-08-09 17:22:52 - [TEST_STEP][PASSED] - verifyElementAttributeValue: Object 'Object Repository/Sidebar Menu/Produk/Produk' has attribute 'content-desc' with value 'produkMenuItem'

2018-08-09 17:22:58 - [MESSAGE][PASSED] - Object 'Object Repository/Sidebar Menu/Produk/Produk' has attribute 'content-desc' with value 'produkMenuItem'

2018-08-09 17:22:58 - [TEST_STEP][PASSED] - tap: Tapped on element 'Object Repository/Sidebar Menu/Produk/Produk'

2018-08-09 17:23:05 - [MESSAGE][PASSED] - Tapped on element 'Object Repository/Sidebar Menu/Produk/Produk'

2018-08-09 17:23:05 - [TEST_STEP][PASSED] - verifyElementVisible: Element 'Object Repository/Sidebar Menu/Produk/Text Header -  Produk' is visible

2018-08-09 17:23:10 - [MESSAGE][PASSED] - Element 'Object Repository/Sidebar Menu/Produk/Text Header -  Produk' is visible

2018-08-09 17:23:10 - [TEST_STEP][PASSED] - waitForElementPresent: Element 'Object Repository/Sidebar Menu/Produk/Stock View/Semua Kategori - Drop Down' is present

2018-08-09 17:23:15 - [MESSAGE][PASSED] - Element 'Object Repository/Sidebar Menu/Produk/Stock View/Semua Kategori - Drop Down' is present

2018-08-09 17:23:15 - [TEST_STEP][PASSED] - verifyElementAttributeValue: Object 'Object Repository/Sidebar Menu/Produk/Stock View/Semua Kategori - Drop Down' has attribute 'content-desc' with value 'choices-list-button'

2018-08-09 17:23:22 - [MESSAGE][PASSED] - Object 'Object Repository/Sidebar Menu/Produk/Stock View/Semua Kategori - Drop Down' has attribute 'content-desc' with value 'choices-list-button'

2018-08-09 17:23:22 - [TEST_STEP][PASSED] - tap: Tapped on element 'Object Repository/Sidebar Menu/Produk/Stock View/Semua Kategori - Drop Down'

2018-08-09 17:23:31 - [MESSAGE][PASSED] - Tapped on element 'Object Repository/Sidebar Menu/Produk/Stock View/Semua Kategori - Drop Down'

2018-08-09 17:23:31 - [TEST_STEP][PASSED] - delay: Delayed 3 second(s)

2018-08-09 17:23:34 - [MESSAGE][PASSED] - Delayed 3 second(s)

2018-08-09 17:23:34 - [TEST_STEP][PASSED] - scrollToText: Scrolling to text 'Makanan' successfully

2018-08-09 17:23:37 - [MESSAGE][PASSED] - Scrolling to text 'Makanan' successfully

2018-08-09 17:23:37 - [TEST_STEP][PASSED] - waitForElementPresent: Element 'Object Repository/Sidebar Menu/Produk/Stock View/List Kategori - Elemen Makanan' is present

2018-08-09 17:23:42 - [MESSAGE][PASSED] - Element 'Object Repository/Sidebar Menu/Produk/Stock View/List Kategori - Elemen Makanan' is present

2018-08-09 17:23:42 - [TEST_STEP][PASSED] - tap: Tapped on element 'Object Repository/Sidebar Menu/Produk/Stock View/List Kategori - Elemen Makanan'

2018-08-09 17:23:47 - [MESSAGE][PASSED] - Tapped on element 'Object Repository/Sidebar Menu/Produk/Stock View/List Kategori - Elemen Makanan'

2018-08-09 17:23:47 - [TEST_STEP][PASSED] - waitForElementPresent: Element 'Object Repository/Sidebar Menu/Produk/Stock View/Cari nama produk - btn' is present

2018-08-09 17:23:51 - [MESSAGE][PASSED] - Element 'Object Repository/Sidebar Menu/Produk/Stock View/Cari nama produk - btn' is present

2018-08-09 17:23:51 - [TEST_STEP][PASSED] - verifyElementAttributeValue: Object 'Object Repository/Sidebar Menu/Produk/Stock View/Cari nama produk - btn' has attribute 'content-desc' with value 'productListComponent_textInput_search'

2018-08-09 17:23:55 - [MESSAGE][PASSED] - Object 'Object Repository/Sidebar Menu/Produk/Stock View/Cari nama produk - btn' has attribute 'content-desc' with value 'productListComponent_textInput_search'

2018-08-09 17:23:55 - [TEST_STEP][PASSED] - tap: Tapped on element 'Object Repository/Sidebar Menu/Produk/Stock View/Cari nama produk - btn'

2018-08-09 17:24:01 - [MESSAGE][PASSED] - Tapped on element 'Object Repository/Sidebar Menu/Produk/Stock View/Cari nama produk - btn'

2018-08-09 17:24:01 - [TEST_STEP][PASSED] - setText: Text 'Ayam' has been set to element 'Object Repository/Sidebar Menu/Produk/Stock View/Cari nama produk - btn'

2018-08-09 17:24:21 - [MESSAGE][PASSED] - Text 'Ayam' has been set to element 'Object Repository/Sidebar Menu/Produk/Stock View/Cari nama produk - btn'

2018-08-09 17:24:21 - [TEST_STEP][PASSED] - comment: Jika produk ada dan tidak ada

2018-08-09 17:24:21 - [TEST_STEP][PASSED] - delay: Delayed 5 second(s)

2018-08-09 17:24:26 - [MESSAGE][PASSED] - Delayed 5 second(s)

2018-08-09 17:24:26 - [TEST_STEP][PASSED] - Statement - If (com.kms.katalon.core.mobile.keyword.MobileBuiltInKeywords.verifyElementVisible(com.kms.katalon.core.testobject.ObjectRepository.findTestObject(Sidebar Menu/Produk/Stock View/List Produk - Elemen 1), G_ShortTimeOut, CONTINUE_ON_FAILURE)): null

2018-08-09 17:24:32 - [MESSAGE][PASSED] - Element 'Object Repository/Sidebar Menu/Produk/Stock View/List Produk - Elemen 1' is visible

2018-08-09 17:24:32 - [TEST_STEP][PASSED] - waitForElementPresent: Element 'Object Repository/Sidebar Menu/Produk/Stock View/List Produk - Elemen 1' is present

2018-08-09 17:24:39 - [MESSAGE][PASSED] - Element 'Object Repository/Sidebar Menu/Produk/Stock View/List Produk - Elemen 1' is present

2018-08-09 17:24:39 - [TEST_STEP][PASSED] - verifyElementAttributeValue: Object 'Object Repository/Sidebar Menu/Produk/Stock View/List Produk - Elemen 1' has attribute 'content-desc' with value 'productListComponent_listItem_0'

2018-08-09 17:24:43 - [MESSAGE][PASSED] - Object 'Object Repository/Sidebar Menu/Produk/Stock View/List Produk - Elemen 1' has attribute 'content-desc' with value 'productListComponent_listItem_0'

2018-08-09 17:24:43 - [TEST_STEP][PASSED] - tap: Tapped on element 'Object Repository/Sidebar Menu/Produk/Stock View/List Produk - Elemen 1'

2018-08-09 17:24:48 - [MESSAGE][PASSED] - Tapped on element 'Object Repository/Sidebar Menu/Produk/Stock View/List Produk - Elemen 1'

2018-08-09 17:24:48 - [TEST_STEP][PASSED] - waitForElementPresent: Element 'Object Repository/Sidebar Menu/Produk/Detail Barang/Ubah Info - Button' is present

2018-08-09 17:24:52 - [MESSAGE][PASSED] - Element 'Object Repository/Sidebar Menu/Produk/Detail Barang/Ubah Info - Button' is present

2018-08-09 17:24:52 - [TEST_STEP][PASSED] - delay: Delayed 5 second(s)

2018-08-09 17:24:57 - [MESSAGE][PASSED] - Delayed 5 second(s)

2018-08-09 17:24:57 - [TEST_STEP][PASSED] - pressBack: Press back button successfully

2018-08-09 17:24:58 - [MESSAGE][PASSED] - Press back button successfully

2018-08-09 17:24:58 - [TEST_STEP][PASSED] - Statement - out.println("Produk Ada"): null

2018-08-09 17:24:58 - [TEST_STEP][PASSED] - delay: Delayed 5 second(s)

2018-08-09 17:25:03 - [MESSAGE][PASSED] - Delayed 5 second(s)

2018-08-09 17:25:03 - [TEST_STEP][PASSED] - closeApplication: Close app successfully

2018-08-09 17:25:06 - [MESSAGE][PASSED] - Close app successfully]]></system-out>
         <system-err><![CDATA[]]></system-err>
      </testcase>
      <testcase name="Test Cases/Story 26 dan 842 -Kelola Stok Final/26 TC 5 - Search by inputed 3 digit" classname="Test Cases/Story 26 dan 842 -Kelola Stok Final/26 TC 5 - Search by inputed 3 digit" status="FAILED">
         <failure type="FAILED" message="Element 'Object Repository/Sidebar Menu/Produk/Stock View/List Produk - Elemen 1' not found"/>
         <system-out><![CDATA[2018-08-09 17:25:06 - [TEST_CASE][FAILED] - Test Cases/Story 26 dan 842 -Kelola Stok Final/26 TC 5 - Search by inputed 3 digit: Test Cases/Story 26 dan 842 -Kelola Stok Final/26 TC 5 - Search by inputed 3 digit FAILED because (of) Element 'Object Repository/Sidebar Menu/Produk/Stock View/List Produk - Elemen 1' not found

2018-08-09 17:25:06 - [TEST_STEP][PASSED] - comment:  Search by inputed 3 digit

2018-08-09 17:25:06 - [TEST_STEP][PASSED] - comment: Start apps and than Login

2018-08-09 17:25:06 - [TEST_STEP][PASSED] - Statement - apkPath = apkName: null

2018-08-09 17:25:06 - [TEST_STEP][PASSED] - startApplication: Started app at: 'C:\Users\AV2017005903\Documents\apollo-automation\Regress_release.apk'

2018-08-09 17:25:23 - [MESSAGE][PASSED] - Started app at: 'C:\Users\AV2017005903\Documents\apollo-automation\Regress_release.apk'

2018-08-09 17:25:23 - [TEST_STEP][PASSED] - delay: Delayed 15 second(s)

2018-08-09 17:25:38 - [MESSAGE][PASSED] - Delayed 15 second(s)

2018-08-09 17:25:38 - [TEST_STEP][PASSED] - waitForElementPresent: Element 'Object Repository/Login/Nomor HP  Nama Pengguna - Text Box' is present

2018-08-09 17:25:40 - [MESSAGE][PASSED] - Element 'Object Repository/Login/Nomor HP  Nama Pengguna - Text Box' is present

2018-08-09 17:25:40 - [TEST_STEP][PASSED] - verifyElementAttributeValue: Object 'Object Repository/Login/Nomor HP  Nama Pengguna - Text Box' has attribute 'content-desc' with value 'LoginNameTextInput'

2018-08-09 17:25:44 - [MESSAGE][PASSED] - Object 'Object Repository/Login/Nomor HP  Nama Pengguna - Text Box' has attribute 'content-desc' with value 'LoginNameTextInput'

2018-08-09 17:25:44 - [TEST_STEP][PASSED] - setText: Text '08112233445567' has been set to element 'Object Repository/Login/Nomor HP  Nama Pengguna - Text Box'

2018-08-09 17:26:02 - [MESSAGE][PASSED] - Text '08112233445567' has been set to element 'Object Repository/Login/Nomor HP  Nama Pengguna - Text Box'

2018-08-09 17:26:02 - [TEST_STEP][PASSED] - hideKeyboard: Keyboard is hidden

2018-08-09 17:26:03 - [MESSAGE][PASSED] - Keyboard is hidden

2018-08-09 17:26:04 - [TEST_STEP][PASSED] - verifyElementText: Actual text and expected text of test object 'Object Repository/Login/Nomor HP  Nama Pengguna - Text Box' are matched.

2018-08-09 17:26:07 - [MESSAGE][PASSED] - Actual text and expected text of test object 'Object Repository/Login/Nomor HP  Nama Pengguna - Text Box' are matched.

2018-08-09 17:26:07 - [TEST_STEP][PASSED] - waitForElementPresent: Element 'Object Repository/Login/Button Masuk' is present

2018-08-09 17:26:12 - [MESSAGE][PASSED] - Element 'Object Repository/Login/Button Masuk' is present

2018-08-09 17:26:12 - [TEST_STEP][PASSED] - verifyElementAttributeValue: Object 'Object Repository/Login/Button Masuk' has attribute 'content-desc' with value 'LoginJumpNextBtn'

2018-08-09 17:26:19 - [MESSAGE][PASSED] - Object 'Object Repository/Login/Button Masuk' has attribute 'content-desc' with value 'LoginJumpNextBtn'

2018-08-09 17:26:19 - [TEST_STEP][PASSED] - tap: Tapped on element 'Object Repository/Login/Button Masuk'

2018-08-09 17:26:27 - [MESSAGE][PASSED] - Tapped on element 'Object Repository/Login/Button Masuk'

2018-08-09 17:26:27 - [TEST_STEP][PASSED] - waitForElementPresent: Element 'Object Repository/Login/Input Pin' is present

2018-08-09 17:26:32 - [MESSAGE][PASSED] - Element 'Object Repository/Login/Input Pin' is present

2018-08-09 17:26:32 - [TEST_STEP][PASSED] - verifyElementAttributeValue: Object 'Object Repository/Login/Input Pin' has attribute 'content-desc' with value 'pinCircleFocus'

2018-08-09 17:26:40 - [MESSAGE][PASSED] - Object 'Object Repository/Login/Input Pin' has attribute 'content-desc' with value 'pinCircleFocus'

2018-08-09 17:26:40 - [TEST_STEP][PASSED] - tap: Tapped on element 'Object Repository/Login/Input Pin'

2018-08-09 17:26:49 - [MESSAGE][PASSED] - Tapped on element 'Object Repository/Login/Input Pin'

2018-08-09 17:26:49 - [TEST_STEP][PASSED] - setText: Text '123456' has been set to element 'Object Repository/Login/Input Pin'

2018-08-09 17:27:05 - [MESSAGE][PASSED] - Text '123456' has been set to element 'Object Repository/Login/Input Pin'

2018-08-09 17:27:05 - [TEST_STEP][PASSED] - delay: Delayed 5 second(s)

2018-08-09 17:27:10 - [MESSAGE][PASSED] - Delayed 5 second(s)

2018-08-09 17:27:10 - [TEST_STEP][PASSED] - comment: End Login Test Case

2018-08-09 17:27:10 - [TEST_STEP][PASSED] - waitForElementPresent: Element 'Object Repository/Sidebar Menu/Biaya/HamburgerButton' is present

2018-08-09 17:27:14 - [MESSAGE][PASSED] - Element 'Object Repository/Sidebar Menu/Biaya/HamburgerButton' is present

2018-08-09 17:27:14 - [TEST_STEP][PASSED] - verifyElementAttributeValue: Object 'Object Repository/Sidebar Menu/Biaya/HamburgerButton' has attribute 'content-desc' with value 'headerBar_button_hamburgerMenu'

2018-08-09 17:27:18 - [MESSAGE][PASSED] - Object 'Object Repository/Sidebar Menu/Biaya/HamburgerButton' has attribute 'content-desc' with value 'headerBar_button_hamburgerMenu'

2018-08-09 17:27:18 - [TEST_STEP][PASSED] - tap: Tapped on element 'Object Repository/Sidebar Menu/Biaya/HamburgerButton'

2018-08-09 17:27:23 - [MESSAGE][PASSED] - Tapped on element 'Object Repository/Sidebar Menu/Biaya/HamburgerButton'

2018-08-09 17:27:23 - [TEST_STEP][PASSED] - waitForElementPresent: Element 'Object Repository/Sidebar Menu/Produk/Produk' is present

2018-08-09 17:27:29 - [MESSAGE][PASSED] - Element 'Object Repository/Sidebar Menu/Produk/Produk' is present

2018-08-09 17:27:29 - [TEST_STEP][PASSED] - verifyElementAttributeValue: Object 'Object Repository/Sidebar Menu/Produk/Produk' has attribute 'content-desc' with value 'produkMenuItem'

2018-08-09 17:27:34 - [MESSAGE][PASSED] - Object 'Object Repository/Sidebar Menu/Produk/Produk' has attribute 'content-desc' with value 'produkMenuItem'

2018-08-09 17:27:34 - [TEST_STEP][PASSED] - tap: Tapped on element 'Object Repository/Sidebar Menu/Produk/Produk'

2018-08-09 17:27:41 - [MESSAGE][PASSED] - Tapped on element 'Object Repository/Sidebar Menu/Produk/Produk'

2018-08-09 17:27:41 - [TEST_STEP][PASSED] - verifyElementVisible: Element 'Object Repository/Sidebar Menu/Produk/Text Header -  Produk' is visible

2018-08-09 17:27:51 - [MESSAGE][PASSED] - Element 'Object Repository/Sidebar Menu/Produk/Text Header -  Produk' is visible

2018-08-09 17:27:51 - [TEST_STEP][PASSED] - waitForElementPresent: Element 'Object Repository/Sidebar Menu/Produk/Stock View/Semua Kategori - Drop Down' is present

2018-08-09 17:27:54 - [MESSAGE][PASSED] - Element 'Object Repository/Sidebar Menu/Produk/Stock View/Semua Kategori - Drop Down' is present

2018-08-09 17:27:54 - [TEST_STEP][PASSED] - verifyElementAttributeValue: Object 'Object Repository/Sidebar Menu/Produk/Stock View/Semua Kategori - Drop Down' has attribute 'content-desc' with value 'choices-list-button'

2018-08-09 17:27:58 - [MESSAGE][PASSED] - Object 'Object Repository/Sidebar Menu/Produk/Stock View/Semua Kategori - Drop Down' has attribute 'content-desc' with value 'choices-list-button'

2018-08-09 17:27:58 - [TEST_STEP][PASSED] - tap: Tapped on element 'Object Repository/Sidebar Menu/Produk/Stock View/Semua Kategori - Drop Down'

2018-08-09 17:28:06 - [MESSAGE][PASSED] - Tapped on element 'Object Repository/Sidebar Menu/Produk/Stock View/Semua Kategori - Drop Down'

2018-08-09 17:28:06 - [TEST_STEP][PASSED] - waitForElementPresent: Element 'Object Repository/Sidebar Menu/Produk/Stock View/List Kategori - Elemen 0' is present

2018-08-09 17:28:13 - [MESSAGE][PASSED] - Element 'Object Repository/Sidebar Menu/Produk/Stock View/List Kategori - Elemen 0' is present

2018-08-09 17:28:13 - [TEST_STEP][PASSED] - verifyElementAttributeValue: Object 'Object Repository/Sidebar Menu/Produk/Stock View/List Kategori - Elemen 0' has attribute 'content-desc' with value 'choices-list-item-0'

2018-08-09 17:28:22 - [MESSAGE][PASSED] - Object 'Object Repository/Sidebar Menu/Produk/Stock View/List Kategori - Elemen 0' has attribute 'content-desc' with value 'choices-list-item-0'

2018-08-09 17:28:22 - [TEST_STEP][PASSED] - tap: Tapped on element 'Object Repository/Sidebar Menu/Produk/Stock View/List Kategori - Elemen 0'

2018-08-09 17:28:30 - [MESSAGE][PASSED] - Tapped on element 'Object Repository/Sidebar Menu/Produk/Stock View/List Kategori - Elemen 0'

2018-08-09 17:28:30 - [TEST_STEP][PASSED] - delay: Delayed 5 second(s)

2018-08-09 17:28:35 - [MESSAGE][PASSED] - Delayed 5 second(s)

2018-08-09 17:28:35 - [TEST_STEP][PASSED] - waitForElementPresent: Element 'Object Repository/Sidebar Menu/Produk/Stock View/Cari nama produk - btn' is present

2018-08-09 17:28:42 - [MESSAGE][PASSED] - Element 'Object Repository/Sidebar Menu/Produk/Stock View/Cari nama produk - btn' is present

2018-08-09 17:28:42 - [TEST_STEP][PASSED] - verifyElementAttributeValue: Object 'Object Repository/Sidebar Menu/Produk/Stock View/Cari nama produk - btn' has attribute 'content-desc' with value 'productListComponent_textInput_search'

2018-08-09 17:28:46 - [MESSAGE][PASSED] - Object 'Object Repository/Sidebar Menu/Produk/Stock View/Cari nama produk - btn' has attribute 'content-desc' with value 'productListComponent_textInput_search'

2018-08-09 17:28:46 - [TEST_STEP][PASSED] - setText: Text 'cap' has been set to element 'Object Repository/Sidebar Menu/Produk/Stock View/Cari nama produk - btn'

2018-08-09 17:29:15 - [MESSAGE][PASSED] - Text 'cap' has been set to element 'Object Repository/Sidebar Menu/Produk/Stock View/Cari nama produk - btn'

2018-08-09 17:29:15 - [TEST_STEP][PASSED] - comment: Jika produk ada dan tidak ada

2018-08-09 17:29:15 - [TEST_STEP][PASSED] - delay: Delayed 5 second(s)

2018-08-09 17:29:20 - [MESSAGE][PASSED] - Delayed 5 second(s)

2018-08-09 17:29:20 - [TEST_STEP][FAILED] - Statement - If (com.kms.katalon.core.mobile.keyword.MobileBuiltInKeywords.verifyElementVisible(com.kms.katalon.core.testobject.ObjectRepository.findTestObject(Sidebar Menu/Produk/Stock View/List Produk - Elemen 1), G_ShortTimeOut, CONTINUE_ON_FAILURE)): Element 'Object Repository/Sidebar Menu/Produk/Stock View/List Produk - Elemen 1' not found

2018-08-09 17:29:28 - [MESSAGE][FAILED] - Element 'Object Repository/Sidebar Menu/Produk/Stock View/List Produk - Elemen 1' not found
[[ATTACHMENT|C:\\Users\\AV2017005903\\Documents\\apollo-automation\\Reports\\Story 26 N 842 - Kelola Stock\\20180809_170727\\1533810566294.png]]

2018-08-09 17:29:28 - [TEST_STEP][PASSED] - Statement - Else: null

2018-08-09 17:29:28 - [TEST_STEP][PASSED] - Statement - message = com.kms.katalon.core.mobile.keyword.MobileBuiltInKeywords.getText(com.kms.katalon.core.testobject.ObjectRepository.findTestObject(Object Repository/Sidebar Menu/Produk/Stock View/Belum ada produk - Error Message), G_ShortTimeOut, CONTINUE_ON_FAILURE): Text of element 'Object Repository/Sidebar Menu/Produk/Stock View/Belum ada produk - Error Message' is: 'Belum ada produk'

2018-08-09 17:29:31 - [MESSAGE][PASSED] - Text of element 'Object Repository/Sidebar Menu/Produk/Stock View/Belum ada produk - Error Message' is: 'Belum ada produk'

2018-08-09 17:29:31 - [TEST_STEP][PASSED] - verifyEqual: Actual object 'Belum ada produk' and expected object 'Belum ada produk' are equal

2018-08-09 17:29:31 - [MESSAGE][PASSED] - Actual object 'Belum ada produk' and expected object 'Belum ada produk' are equal

2018-08-09 17:29:31 - [TEST_STEP][PASSED] - Statement - out.println("Produk tidak ada"): null

2018-08-09 17:29:31 - [TEST_STEP][PASSED] - delay: Delayed 5 second(s)

2018-08-09 17:29:36 - [MESSAGE][PASSED] - Delayed 5 second(s)

2018-08-09 17:29:36 - [TEST_STEP][PASSED] - closeApplication: Close app successfully

2018-08-09 17:29:39 - [MESSAGE][PASSED] - Close app successfully]]></system-out>
         <system-err><![CDATA[2018-08-09 17:25:06 - [TEST_CASE][FAILED] - Test Cases/Story 26 dan 842 -Kelola Stok Final/26 TC 5 - Search by inputed 3 digit: Test Cases/Story 26 dan 842 -Kelola Stok Final/26 TC 5 - Search by inputed 3 digit FAILED because (of) Element 'Object Repository/Sidebar Menu/Produk/Stock View/List Produk - Elemen 1' not found]]></system-err>
      </testcase>
      <testcase name="Test Cases/Story 26 dan 842 -Kelola Stok Final/26 TC 6 - Search by inputed less then 3 digit" classname="Test Cases/Story 26 dan 842 -Kelola Stok Final/26 TC 6 - Search by inputed less then 3 digit" status="PASSED">
         <system-out><![CDATA[2018-08-09 17:29:39 - [TEST_CASE][PASSED] - Test Cases/Story 26 dan 842 -Kelola Stok Final/26 TC 6 - Search by inputed less then 3 digit: Test Cases/Story 26 dan 842 -Kelola Stok Final/26 TC 6 - Search by inputed less then 3 digit

2018-08-09 17:29:39 - [TEST_STEP][PASSED] - comment:  Search by inputed less then 3 digit

2018-08-09 17:29:39 - [TEST_STEP][PASSED] - comment: Start apps and than Login

2018-08-09 17:29:39 - [TEST_STEP][PASSED] - Statement - apkPath = apkName: null

2018-08-09 17:29:39 - [TEST_STEP][PASSED] - startApplication: Started app at: 'C:\Users\AV2017005903\Documents\apollo-automation\Regress_release.apk'

2018-08-09 17:29:56 - [MESSAGE][PASSED] - Started app at: 'C:\Users\AV2017005903\Documents\apollo-automation\Regress_release.apk'

2018-08-09 17:29:56 - [TEST_STEP][PASSED] - delay: Delayed 15 second(s)

2018-08-09 17:30:11 - [MESSAGE][PASSED] - Delayed 15 second(s)

2018-08-09 17:30:11 - [TEST_STEP][PASSED] - waitForElementPresent: Element 'Object Repository/Login/Nomor HP  Nama Pengguna - Text Box' is present

2018-08-09 17:30:14 - [MESSAGE][PASSED] - Element 'Object Repository/Login/Nomor HP  Nama Pengguna - Text Box' is present

2018-08-09 17:30:14 - [TEST_STEP][PASSED] - verifyElementAttributeValue: Object 'Object Repository/Login/Nomor HP  Nama Pengguna - Text Box' has attribute 'content-desc' with value 'LoginNameTextInput'

2018-08-09 17:30:18 - [MESSAGE][PASSED] - Object 'Object Repository/Login/Nomor HP  Nama Pengguna - Text Box' has attribute 'content-desc' with value 'LoginNameTextInput'

2018-08-09 17:30:18 - [TEST_STEP][PASSED] - setText: Text '08112233445567' has been set to element 'Object Repository/Login/Nomor HP  Nama Pengguna - Text Box'

2018-08-09 17:30:36 - [MESSAGE][PASSED] - Text '08112233445567' has been set to element 'Object Repository/Login/Nomor HP  Nama Pengguna - Text Box'

2018-08-09 17:30:36 - [TEST_STEP][PASSED] - hideKeyboard: Keyboard is hidden

2018-08-09 17:30:38 - [MESSAGE][PASSED] - Keyboard is hidden

2018-08-09 17:30:38 - [TEST_STEP][PASSED] - verifyElementText: Actual text and expected text of test object 'Object Repository/Login/Nomor HP  Nama Pengguna - Text Box' are matched.

2018-08-09 17:30:45 - [MESSAGE][PASSED] - Actual text and expected text of test object 'Object Repository/Login/Nomor HP  Nama Pengguna - Text Box' are matched.

2018-08-09 17:30:45 - [TEST_STEP][PASSED] - waitForElementPresent: Element 'Object Repository/Login/Button Masuk' is present

2018-08-09 17:30:52 - [MESSAGE][PASSED] - Element 'Object Repository/Login/Button Masuk' is present

2018-08-09 17:30:52 - [TEST_STEP][PASSED] - verifyElementAttributeValue: Object 'Object Repository/Login/Button Masuk' has attribute 'content-desc' with value 'LoginJumpNextBtn'

2018-08-09 17:31:00 - [MESSAGE][PASSED] - Object 'Object Repository/Login/Button Masuk' has attribute 'content-desc' with value 'LoginJumpNextBtn'

2018-08-09 17:31:00 - [TEST_STEP][PASSED] - tap: Tapped on element 'Object Repository/Login/Button Masuk'

2018-08-09 17:31:09 - [MESSAGE][PASSED] - Tapped on element 'Object Repository/Login/Button Masuk'

2018-08-09 17:31:09 - [TEST_STEP][PASSED] - waitForElementPresent: Element 'Object Repository/Login/Input Pin' is present

2018-08-09 17:31:13 - [MESSAGE][PASSED] - Element 'Object Repository/Login/Input Pin' is present

2018-08-09 17:31:13 - [TEST_STEP][PASSED] - verifyElementAttributeValue: Object 'Object Repository/Login/Input Pin' has attribute 'content-desc' with value 'pinCircleFocus'

2018-08-09 17:31:20 - [MESSAGE][PASSED] - Object 'Object Repository/Login/Input Pin' has attribute 'content-desc' with value 'pinCircleFocus'

2018-08-09 17:31:20 - [TEST_STEP][PASSED] - tap: Tapped on element 'Object Repository/Login/Input Pin'

2018-08-09 17:31:32 - [MESSAGE][PASSED] - Tapped on element 'Object Repository/Login/Input Pin'

2018-08-09 17:31:32 - [TEST_STEP][PASSED] - setText: Text '123456' has been set to element 'Object Repository/Login/Input Pin'

2018-08-09 17:31:53 - [MESSAGE][PASSED] - Text '123456' has been set to element 'Object Repository/Login/Input Pin'

2018-08-09 17:31:53 - [TEST_STEP][PASSED] - delay: Delayed 5 second(s)

2018-08-09 17:31:58 - [MESSAGE][PASSED] - Delayed 5 second(s)

2018-08-09 17:31:58 - [TEST_STEP][PASSED] - comment: End Login Test Case

2018-08-09 17:31:58 - [TEST_STEP][PASSED] - waitForElementPresent: Element 'Object Repository/Sidebar Menu/Biaya/HamburgerButton' is present

2018-08-09 17:32:00 - [MESSAGE][PASSED] - Element 'Object Repository/Sidebar Menu/Biaya/HamburgerButton' is present

2018-08-09 17:32:00 - [TEST_STEP][PASSED] - verifyElementAttributeValue: Object 'Object Repository/Sidebar Menu/Biaya/HamburgerButton' has attribute 'content-desc' with value 'headerBar_button_hamburgerMenu'

2018-08-09 17:32:06 - [MESSAGE][PASSED] - Object 'Object Repository/Sidebar Menu/Biaya/HamburgerButton' has attribute 'content-desc' with value 'headerBar_button_hamburgerMenu'

2018-08-09 17:32:06 - [TEST_STEP][PASSED] - tap: Tapped on element 'Object Repository/Sidebar Menu/Biaya/HamburgerButton'

2018-08-09 17:32:11 - [MESSAGE][PASSED] - Tapped on element 'Object Repository/Sidebar Menu/Biaya/HamburgerButton'

2018-08-09 17:32:11 - [TEST_STEP][PASSED] - waitForElementPresent: Element 'Object Repository/Sidebar Menu/Produk/Produk' is present

2018-08-09 17:32:19 - [MESSAGE][PASSED] - Element 'Object Repository/Sidebar Menu/Produk/Produk' is present

2018-08-09 17:32:19 - [TEST_STEP][PASSED] - verifyElementAttributeValue: Object 'Object Repository/Sidebar Menu/Produk/Produk' has attribute 'content-desc' with value 'produkMenuItem'

2018-08-09 17:32:30 - [MESSAGE][PASSED] - Object 'Object Repository/Sidebar Menu/Produk/Produk' has attribute 'content-desc' with value 'produkMenuItem'

2018-08-09 17:32:30 - [TEST_STEP][PASSED] - tap: Tapped on element 'Object Repository/Sidebar Menu/Produk/Produk'

2018-08-09 17:32:37 - [MESSAGE][PASSED] - Tapped on element 'Object Repository/Sidebar Menu/Produk/Produk'

2018-08-09 17:32:37 - [TEST_STEP][PASSED] - verifyElementVisible: Element 'Object Repository/Sidebar Menu/Produk/Text Header -  Produk' is visible

2018-08-09 17:32:42 - [MESSAGE][PASSED] - Element 'Object Repository/Sidebar Menu/Produk/Text Header -  Produk' is visible

2018-08-09 17:32:42 - [TEST_STEP][PASSED] - waitForElementPresent: Element 'Object Repository/Sidebar Menu/Produk/Stock View/Cari nama produk - btn' is present

2018-08-09 17:32:46 - [MESSAGE][PASSED] - Element 'Object Repository/Sidebar Menu/Produk/Stock View/Cari nama produk - btn' is present

2018-08-09 17:32:46 - [TEST_STEP][PASSED] - verifyElementAttributeValue: Object 'Object Repository/Sidebar Menu/Produk/Stock View/Cari nama produk - btn' has attribute 'content-desc' with value 'productListComponent_textInput_search'

2018-08-09 17:32:51 - [MESSAGE][PASSED] - Object 'Object Repository/Sidebar Menu/Produk/Stock View/Cari nama produk - btn' has attribute 'content-desc' with value 'productListComponent_textInput_search'

2018-08-09 17:32:51 - [TEST_STEP][PASSED] - clearText: Element 'Object Repository/Sidebar Menu/Produk/Stock View/Cari nama produk - btn' text is cleared

2018-08-09 17:32:57 - [MESSAGE][PASSED] - Element 'Object Repository/Sidebar Menu/Produk/Stock View/Cari nama produk - btn' text is cleared

2018-08-09 17:32:57 - [TEST_STEP][PASSED] - setText: Text 'ye' has been set to element 'Object Repository/Sidebar Menu/Produk/Stock View/Cari nama produk - btn'

2018-08-09 17:33:15 - [MESSAGE][PASSED] - Text 'ye' has been set to element 'Object Repository/Sidebar Menu/Produk/Stock View/Cari nama produk - btn'

2018-08-09 17:33:15 - [TEST_STEP][NOT_RUN] - hideKeyboard: NOT_RUN: hideKeyboard

2018-08-09 17:33:15 - [MESSAGE][NOT_RUN] - NOT_RUN: hideKeyboard

2018-08-09 17:33:15 - [TEST_STEP][PASSED] - Statement - ErMsg = com.kms.katalon.core.mobile.keyword.MobileBuiltInKeywords.getText(com.kms.katalon.core.testobject.ObjectRepository.findTestObject(Sidebar Menu/Produk/Stock View/Masukkan minimal 3 karakter - eror message), G_ShortTimeOut): Text of element 'Object Repository/Sidebar Menu/Produk/Stock View/Masukkan minimal 3 karakter - eror message' is: 'Masukkan minimal 3 karakter'

2018-08-09 17:33:20 - [MESSAGE][PASSED] - Text of element 'Object Repository/Sidebar Menu/Produk/Stock View/Masukkan minimal 3 karakter - eror message' is: 'Masukkan minimal 3 karakter'

2018-08-09 17:33:20 - [TEST_STEP][PASSED] - verifyEqual: Actual object 'Masukkan minimal 3 karakter' and expected object 'Masukkan minimal 3 karakter' are equal

2018-08-09 17:33:20 - [MESSAGE][PASSED] - Actual object 'Masukkan minimal 3 karakter' and expected object 'Masukkan minimal 3 karakter' are equal

2018-08-09 17:33:20 - [TEST_STEP][PASSED] - delay: Delayed 5 second(s)

2018-08-09 17:33:25 - [MESSAGE][PASSED] - Delayed 5 second(s)

2018-08-09 17:33:25 - [TEST_STEP][PASSED] - closeApplication: Close app successfully

2018-08-09 17:33:28 - [MESSAGE][PASSED] - Close app successfully]]></system-out>
         <system-err><![CDATA[]]></system-err>
      </testcase>
      <testcase name="Test Cases/Story 26 dan 842 -Kelola Stok Final/26 TC 7 - Search by invalid product" classname="Test Cases/Story 26 dan 842 -Kelola Stok Final/26 TC 7 - Search by invalid product" status="PASSED">
         <system-out><![CDATA[2018-08-09 17:33:28 - [TEST_CASE][PASSED] - Test Cases/Story 26 dan 842 -Kelola Stok Final/26 TC 7 - Search by invalid product: Test Cases/Story 26 dan 842 -Kelola Stok Final/26 TC 7 - Search by invalid product

2018-08-09 17:33:28 - [TEST_STEP][PASSED] - comment: Search by invalid product

2018-08-09 17:33:28 - [TEST_STEP][PASSED] - comment: Start apps and than Login

2018-08-09 17:33:28 - [TEST_STEP][PASSED] - Statement - apkPath = apkName: null

2018-08-09 17:33:28 - [TEST_STEP][PASSED] - startApplication: Started app at: 'C:\Users\AV2017005903\Documents\apollo-automation\Regress_release.apk'

2018-08-09 17:33:44 - [MESSAGE][PASSED] - Started app at: 'C:\Users\AV2017005903\Documents\apollo-automation\Regress_release.apk'

2018-08-09 17:33:44 - [TEST_STEP][PASSED] - delay: Delayed 15 second(s)

2018-08-09 17:33:59 - [MESSAGE][PASSED] - Delayed 15 second(s)

2018-08-09 17:33:59 - [TEST_STEP][PASSED] - waitForElementPresent: Element 'Object Repository/Login/Nomor HP  Nama Pengguna - Text Box' is present

2018-08-09 17:34:03 - [MESSAGE][PASSED] - Element 'Object Repository/Login/Nomor HP  Nama Pengguna - Text Box' is present

2018-08-09 17:34:03 - [TEST_STEP][PASSED] - verifyElementAttributeValue: Object 'Object Repository/Login/Nomor HP  Nama Pengguna - Text Box' has attribute 'content-desc' with value 'LoginNameTextInput'

2018-08-09 17:34:07 - [MESSAGE][PASSED] - Object 'Object Repository/Login/Nomor HP  Nama Pengguna - Text Box' has attribute 'content-desc' with value 'LoginNameTextInput'

2018-08-09 17:34:07 - [TEST_STEP][PASSED] - setText: Text '08112233445567' has been set to element 'Object Repository/Login/Nomor HP  Nama Pengguna - Text Box'

2018-08-09 17:34:25 - [MESSAGE][PASSED] - Text '08112233445567' has been set to element 'Object Repository/Login/Nomor HP  Nama Pengguna - Text Box'

2018-08-09 17:34:25 - [TEST_STEP][PASSED] - hideKeyboard: Keyboard is hidden

2018-08-09 17:34:27 - [MESSAGE][PASSED] - Keyboard is hidden

2018-08-09 17:34:27 - [TEST_STEP][PASSED] - verifyElementText: Actual text and expected text of test object 'Object Repository/Login/Nomor HP  Nama Pengguna - Text Box' are matched.

2018-08-09 17:34:33 - [MESSAGE][PASSED] - Actual text and expected text of test object 'Object Repository/Login/Nomor HP  Nama Pengguna - Text Box' are matched.

2018-08-09 17:34:33 - [TEST_STEP][PASSED] - waitForElementPresent: Element 'Object Repository/Login/Button Masuk' is present

2018-08-09 17:34:41 - [MESSAGE][PASSED] - Element 'Object Repository/Login/Button Masuk' is present

2018-08-09 17:34:41 - [TEST_STEP][PASSED] - verifyElementAttributeValue: Object 'Object Repository/Login/Button Masuk' has attribute 'content-desc' with value 'LoginJumpNextBtn'

2018-08-09 17:34:49 - [MESSAGE][PASSED] - Object 'Object Repository/Login/Button Masuk' has attribute 'content-desc' with value 'LoginJumpNextBtn'

2018-08-09 17:34:49 - [TEST_STEP][PASSED] - tap: Tapped on element 'Object Repository/Login/Button Masuk'

2018-08-09 17:34:58 - [MESSAGE][PASSED] - Tapped on element 'Object Repository/Login/Button Masuk'

2018-08-09 17:34:58 - [TEST_STEP][PASSED] - waitForElementPresent: Element 'Object Repository/Login/Input Pin' is present

2018-08-09 17:35:01 - [MESSAGE][PASSED] - Element 'Object Repository/Login/Input Pin' is present

2018-08-09 17:35:01 - [TEST_STEP][PASSED] - verifyElementAttributeValue: Object 'Object Repository/Login/Input Pin' has attribute 'content-desc' with value 'pinCircleFocus'

2018-08-09 17:35:06 - [MESSAGE][PASSED] - Object 'Object Repository/Login/Input Pin' has attribute 'content-desc' with value 'pinCircleFocus'

2018-08-09 17:35:06 - [TEST_STEP][PASSED] - tap: Tapped on element 'Object Repository/Login/Input Pin'

2018-08-09 17:35:11 - [MESSAGE][PASSED] - Tapped on element 'Object Repository/Login/Input Pin'

2018-08-09 17:35:11 - [TEST_STEP][PASSED] - setText: Text '123456' has been set to element 'Object Repository/Login/Input Pin'

2018-08-09 17:35:30 - [MESSAGE][PASSED] - Text '123456' has been set to element 'Object Repository/Login/Input Pin'

2018-08-09 17:35:30 - [TEST_STEP][PASSED] - delay: Delayed 5 second(s)

2018-08-09 17:35:35 - [MESSAGE][PASSED] - Delayed 5 second(s)

2018-08-09 17:35:35 - [TEST_STEP][PASSED] - comment: End Login Test Case

2018-08-09 17:35:35 - [TEST_STEP][PASSED] - waitForElementPresent: Element 'Object Repository/Sidebar Menu/Biaya/HamburgerButton' is present

2018-08-09 17:35:38 - [MESSAGE][PASSED] - Element 'Object Repository/Sidebar Menu/Biaya/HamburgerButton' is present

2018-08-09 17:35:38 - [TEST_STEP][PASSED] - verifyElementAttributeValue: Object 'Object Repository/Sidebar Menu/Biaya/HamburgerButton' has attribute 'content-desc' with value 'headerBar_button_hamburgerMenu'

2018-08-09 17:35:46 - [MESSAGE][PASSED] - Object 'Object Repository/Sidebar Menu/Biaya/HamburgerButton' has attribute 'content-desc' with value 'headerBar_button_hamburgerMenu'

2018-08-09 17:35:46 - [TEST_STEP][PASSED] - tap: Tapped on element 'Object Repository/Sidebar Menu/Biaya/HamburgerButton'

2018-08-09 17:35:50 - [MESSAGE][PASSED] - Tapped on element 'Object Repository/Sidebar Menu/Biaya/HamburgerButton'

2018-08-09 17:35:50 - [TEST_STEP][PASSED] - waitForElementPresent: Element 'Object Repository/Sidebar Menu/Produk/Produk' is present

2018-08-09 17:35:57 - [MESSAGE][PASSED] - Element 'Object Repository/Sidebar Menu/Produk/Produk' is present

2018-08-09 17:35:57 - [TEST_STEP][PASSED] - verifyElementAttributeValue: Object 'Object Repository/Sidebar Menu/Produk/Produk' has attribute 'content-desc' with value 'produkMenuItem'

2018-08-09 17:36:04 - [MESSAGE][PASSED] - Object 'Object Repository/Sidebar Menu/Produk/Produk' has attribute 'content-desc' with value 'produkMenuItem'

2018-08-09 17:36:04 - [TEST_STEP][PASSED] - tap: Tapped on element 'Object Repository/Sidebar Menu/Produk/Produk'

2018-08-09 17:36:10 - [MESSAGE][PASSED] - Tapped on element 'Object Repository/Sidebar Menu/Produk/Produk'

2018-08-09 17:36:10 - [TEST_STEP][PASSED] - verifyElementVisible: Element 'Object Repository/Sidebar Menu/Produk/Text Header -  Produk' is visible

2018-08-09 17:36:14 - [MESSAGE][PASSED] - Element 'Object Repository/Sidebar Menu/Produk/Text Header -  Produk' is visible

2018-08-09 17:36:14 - [TEST_STEP][PASSED] - waitForElementPresent: Element 'Object Repository/Sidebar Menu/Produk/Stock View/Cari nama produk - btn' is present

2018-08-09 17:36:18 - [MESSAGE][PASSED] - Element 'Object Repository/Sidebar Menu/Produk/Stock View/Cari nama produk - btn' is present

2018-08-09 17:36:18 - [TEST_STEP][PASSED] - verifyElementAttributeValue: Object 'Object Repository/Sidebar Menu/Produk/Stock View/Cari nama produk - btn' has attribute 'content-desc' with value 'productListComponent_textInput_search'

2018-08-09 17:36:22 - [MESSAGE][PASSED] - Object 'Object Repository/Sidebar Menu/Produk/Stock View/Cari nama produk - btn' has attribute 'content-desc' with value 'productListComponent_textInput_search'

2018-08-09 17:36:22 - [TEST_STEP][PASSED] - clearText: Element 'Object Repository/Sidebar Menu/Produk/Stock View/Cari nama produk - btn' text is cleared

2018-08-09 17:36:30 - [MESSAGE][PASSED] - Element 'Object Repository/Sidebar Menu/Produk/Stock View/Cari nama produk - btn' text is cleared

2018-08-09 17:36:30 - [TEST_STEP][PASSED] - setText: Text 'Lontong sayur' has been set to element 'Object Repository/Sidebar Menu/Produk/Stock View/Cari nama produk - btn'

2018-08-09 17:36:47 - [MESSAGE][PASSED] - Text 'Lontong sayur' has been set to element 'Object Repository/Sidebar Menu/Produk/Stock View/Cari nama produk - btn'

2018-08-09 17:36:47 - [TEST_STEP][NOT_RUN] - hideKeyboard: NOT_RUN: hideKeyboard

2018-08-09 17:36:47 - [MESSAGE][NOT_RUN] - NOT_RUN: hideKeyboard

2018-08-09 17:36:47 - [TEST_STEP][PASSED] - Statement - ErMsg = com.kms.katalon.core.mobile.keyword.MobileBuiltInKeywords.getText(com.kms.katalon.core.testobject.ObjectRepository.findTestObject(Sidebar Menu/Produk/Stock View/Belum ada produk - Error Message), G_ShortTimeOut): Text of element 'Object Repository/Sidebar Menu/Produk/Stock View/Belum ada produk - Error Message' is: 'Belum ada produk'

2018-08-09 17:36:55 - [MESSAGE][PASSED] - Text of element 'Object Repository/Sidebar Menu/Produk/Stock View/Belum ada produk - Error Message' is: 'Belum ada produk'

2018-08-09 17:36:55 - [TEST_STEP][PASSED] - verifyEqual: Actual object 'Belum ada produk' and expected object 'Belum ada produk' are equal

2018-08-09 17:36:55 - [MESSAGE][PASSED] - Actual object 'Belum ada produk' and expected object 'Belum ada produk' are equal

2018-08-09 17:36:55 - [TEST_STEP][PASSED] - delay: Delayed 5 second(s)

2018-08-09 17:37:00 - [MESSAGE][PASSED] - Delayed 5 second(s)

2018-08-09 17:37:00 - [TEST_STEP][PASSED] - closeApplication: Close app successfully

2018-08-09 17:37:03 - [MESSAGE][PASSED] - Close app successfully]]></system-out>
         <system-err><![CDATA[]]></system-err>
      </testcase>
      <testcase name="Test Cases/Story 26 dan 842 -Kelola Stok Final/26 TC 8 - Drop down consist of product category" classname="Test Cases/Story 26 dan 842 -Kelola Stok Final/26 TC 8 - Drop down consist of product category" status="PASSED">
         <system-out><![CDATA[2018-08-09 17:37:03 - [TEST_CASE][PASSED] - Test Cases/Story 26 dan 842 -Kelola Stok Final/26 TC 8 - Drop down consist of product category: Test Cases/Story 26 dan 842 -Kelola Stok Final/26 TC 8 - Drop down consist of product category

2018-08-09 17:37:04 - [TEST_STEP][PASSED] - comment: Drop down consist of product category

2018-08-09 17:37:04 - [TEST_STEP][PASSED] - comment: Start apps and than Login

2018-08-09 17:37:04 - [TEST_STEP][PASSED] - Statement - apkPath = apkName: null

2018-08-09 17:37:04 - [TEST_STEP][PASSED] - startApplication: Started app at: 'C:\Users\AV2017005903\Documents\apollo-automation\Regress_release.apk'

2018-08-09 17:37:20 - [MESSAGE][PASSED] - Started app at: 'C:\Users\AV2017005903\Documents\apollo-automation\Regress_release.apk'

2018-08-09 17:37:20 - [TEST_STEP][PASSED] - delay: Delayed 15 second(s)

2018-08-09 17:37:35 - [MESSAGE][PASSED] - Delayed 15 second(s)

2018-08-09 17:37:35 - [TEST_STEP][PASSED] - waitForElementPresent: Element 'Object Repository/Login/Nomor HP  Nama Pengguna - Text Box' is present

2018-08-09 17:37:38 - [MESSAGE][PASSED] - Element 'Object Repository/Login/Nomor HP  Nama Pengguna - Text Box' is present

2018-08-09 17:37:38 - [TEST_STEP][PASSED] - verifyElementAttributeValue: Object 'Object Repository/Login/Nomor HP  Nama Pengguna - Text Box' has attribute 'content-desc' with value 'LoginNameTextInput'

2018-08-09 17:37:47 - [MESSAGE][PASSED] - Object 'Object Repository/Login/Nomor HP  Nama Pengguna - Text Box' has attribute 'content-desc' with value 'LoginNameTextInput'

2018-08-09 17:37:47 - [TEST_STEP][PASSED] - setText: Text '08112233445567' has been set to element 'Object Repository/Login/Nomor HP  Nama Pengguna - Text Box'

2018-08-09 17:38:03 - [MESSAGE][PASSED] - Text '08112233445567' has been set to element 'Object Repository/Login/Nomor HP  Nama Pengguna - Text Box'

2018-08-09 17:38:03 - [TEST_STEP][PASSED] - hideKeyboard: Keyboard is hidden

2018-08-09 17:38:06 - [MESSAGE][PASSED] - Keyboard is hidden

2018-08-09 17:38:06 - [TEST_STEP][PASSED] - verifyElementText: Actual text and expected text of test object 'Object Repository/Login/Nomor HP  Nama Pengguna - Text Box' are matched.

2018-08-09 17:38:10 - [MESSAGE][PASSED] - Actual text and expected text of test object 'Object Repository/Login/Nomor HP  Nama Pengguna - Text Box' are matched.

2018-08-09 17:38:10 - [TEST_STEP][PASSED] - waitForElementPresent: Element 'Object Repository/Login/Button Masuk' is present

2018-08-09 17:38:14 - [MESSAGE][PASSED] - Element 'Object Repository/Login/Button Masuk' is present

2018-08-09 17:38:14 - [TEST_STEP][PASSED] - verifyElementAttributeValue: Object 'Object Repository/Login/Button Masuk' has attribute 'content-desc' with value 'LoginJumpNextBtn'

2018-08-09 17:38:19 - [MESSAGE][PASSED] - Object 'Object Repository/Login/Button Masuk' has attribute 'content-desc' with value 'LoginJumpNextBtn'

2018-08-09 17:38:19 - [TEST_STEP][PASSED] - tap: Tapped on element 'Object Repository/Login/Button Masuk'

2018-08-09 17:38:23 - [MESSAGE][PASSED] - Tapped on element 'Object Repository/Login/Button Masuk'

2018-08-09 17:38:23 - [TEST_STEP][PASSED] - waitForElementPresent: Element 'Object Repository/Login/Input Pin' is present

2018-08-09 17:38:27 - [MESSAGE][PASSED] - Element 'Object Repository/Login/Input Pin' is present

2018-08-09 17:38:27 - [TEST_STEP][PASSED] - verifyElementAttributeValue: Object 'Object Repository/Login/Input Pin' has attribute 'content-desc' with value 'pinCircleFocus'

2018-08-09 17:38:31 - [MESSAGE][PASSED] - Object 'Object Repository/Login/Input Pin' has attribute 'content-desc' with value 'pinCircleFocus'

2018-08-09 17:38:31 - [TEST_STEP][PASSED] - tap: Tapped on element 'Object Repository/Login/Input Pin'

2018-08-09 17:38:37 - [MESSAGE][PASSED] - Tapped on element 'Object Repository/Login/Input Pin'

2018-08-09 17:38:37 - [TEST_STEP][PASSED] - setText: Text '123456' has been set to element 'Object Repository/Login/Input Pin'

2018-08-09 17:38:54 - [MESSAGE][PASSED] - Text '123456' has been set to element 'Object Repository/Login/Input Pin'

2018-08-09 17:38:54 - [TEST_STEP][PASSED] - delay: Delayed 5 second(s)

2018-08-09 17:38:59 - [MESSAGE][PASSED] - Delayed 5 second(s)

2018-08-09 17:38:59 - [TEST_STEP][PASSED] - comment: End Login Test Case

2018-08-09 17:38:59 - [TEST_STEP][PASSED] - waitForElementPresent: Element 'Object Repository/Sidebar Menu/Biaya/HamburgerButton' is present

2018-08-09 17:39:03 - [MESSAGE][PASSED] - Element 'Object Repository/Sidebar Menu/Biaya/HamburgerButton' is present

2018-08-09 17:39:03 - [TEST_STEP][PASSED] - verifyElementAttributeValue: Object 'Object Repository/Sidebar Menu/Biaya/HamburgerButton' has attribute 'content-desc' with value 'headerBar_button_hamburgerMenu'

2018-08-09 17:39:07 - [MESSAGE][PASSED] - Object 'Object Repository/Sidebar Menu/Biaya/HamburgerButton' has attribute 'content-desc' with value 'headerBar_button_hamburgerMenu'

2018-08-09 17:39:07 - [TEST_STEP][PASSED] - tap: Tapped on element 'Object Repository/Sidebar Menu/Biaya/HamburgerButton'

2018-08-09 17:39:12 - [MESSAGE][PASSED] - Tapped on element 'Object Repository/Sidebar Menu/Biaya/HamburgerButton'

2018-08-09 17:39:12 - [TEST_STEP][PASSED] - waitForElementPresent: Element 'Object Repository/Sidebar Menu/Produk/Produk' is present

2018-08-09 17:39:17 - [MESSAGE][PASSED] - Element 'Object Repository/Sidebar Menu/Produk/Produk' is present

2018-08-09 17:39:17 - [TEST_STEP][PASSED] - verifyElementAttributeValue: Object 'Object Repository/Sidebar Menu/Produk/Produk' has attribute 'content-desc' with value 'produkMenuItem'

2018-08-09 17:39:27 - [MESSAGE][PASSED] - Object 'Object Repository/Sidebar Menu/Produk/Produk' has attribute 'content-desc' with value 'produkMenuItem'

2018-08-09 17:39:27 - [TEST_STEP][PASSED] - tap: Tapped on element 'Object Repository/Sidebar Menu/Produk/Produk'

2018-08-09 17:39:33 - [MESSAGE][PASSED] - Tapped on element 'Object Repository/Sidebar Menu/Produk/Produk'

2018-08-09 17:39:33 - [TEST_STEP][PASSED] - verifyElementVisible: Element 'Object Repository/Sidebar Menu/Produk/Text Header -  Produk' is visible

2018-08-09 17:39:39 - [MESSAGE][PASSED] - Element 'Object Repository/Sidebar Menu/Produk/Text Header -  Produk' is visible

2018-08-09 17:39:39 - [TEST_STEP][PASSED] - waitForElementPresent: Element 'Object Repository/Sidebar Menu/Produk/Stock View/Semua Kategori - Drop Down' is present

2018-08-09 17:39:43 - [MESSAGE][PASSED] - Element 'Object Repository/Sidebar Menu/Produk/Stock View/Semua Kategori - Drop Down' is present

2018-08-09 17:39:43 - [TEST_STEP][PASSED] - verifyElementAttributeValue: Object 'Object Repository/Sidebar Menu/Produk/Stock View/Semua Kategori - Drop Down' has attribute 'content-desc' with value 'choices-list-button'

2018-08-09 17:39:48 - [MESSAGE][PASSED] - Object 'Object Repository/Sidebar Menu/Produk/Stock View/Semua Kategori - Drop Down' has attribute 'content-desc' with value 'choices-list-button'

2018-08-09 17:39:48 - [TEST_STEP][PASSED] - tap: Tapped on element 'Object Repository/Sidebar Menu/Produk/Stock View/Semua Kategori - Drop Down'

2018-08-09 17:39:54 - [MESSAGE][PASSED] - Tapped on element 'Object Repository/Sidebar Menu/Produk/Stock View/Semua Kategori - Drop Down'

2018-08-09 17:39:54 - [TEST_STEP][PASSED] - Statement - driver = com.kms.katalon.core.mobile.keyword.internal.MobileDriverFactory.getDriver(): null

2018-08-09 17:39:54 - [TEST_STEP][PASSED] - Statement - action = new io.appium.java_client.TouchAction(driver): null

2018-08-09 17:39:54 - [TEST_STEP][PASSED] - Statement - For (def index : (0..2)): Delayed 5 second(s)

2018-08-09 17:39:54 - [TEST_STEP][PASSED] - Statement - action.longPress(50, 510).moveTo(150, 158).release().perform(): null

2018-08-09 17:39:56 - [TEST_STEP][PASSED] - delay: Delayed 5 second(s)

2018-08-09 17:40:01 - [MESSAGE][PASSED] - Delayed 5 second(s)

2018-08-09 17:40:01 - [TEST_STEP][PASSED] - Statement - action.longPress(50, 510).moveTo(150, 158).release().perform(): null

2018-08-09 17:40:04 - [TEST_STEP][PASSED] - delay: Delayed 5 second(s)

2018-08-09 17:40:09 - [MESSAGE][PASSED] - Delayed 5 second(s)

2018-08-09 17:40:09 - [TEST_STEP][PASSED] - Statement - action.longPress(50, 510).moveTo(150, 158).release().perform(): null

2018-08-09 17:40:11 - [TEST_STEP][PASSED] - delay: Delayed 5 second(s)

2018-08-09 17:40:16 - [MESSAGE][PASSED] - Delayed 5 second(s)

2018-08-09 17:40:16 - [TEST_STEP][PASSED] - Statement - For (def index : (0..2)): Delayed 5 second(s)

2018-08-09 17:40:16 - [TEST_STEP][PASSED] - Statement - action.longPress(50, 158).moveTo(150, 510).release().perform(): null

2018-08-09 17:40:19 - [TEST_STEP][PASSED] - delay: Delayed 5 second(s)

2018-08-09 17:40:24 - [MESSAGE][PASSED] - Delayed 5 second(s)

2018-08-09 17:40:24 - [TEST_STEP][PASSED] - Statement - action.longPress(50, 158).moveTo(150, 510).release().perform(): null

2018-08-09 17:40:27 - [TEST_STEP][PASSED] - delay: Delayed 5 second(s)

2018-08-09 17:40:32 - [MESSAGE][PASSED] - Delayed 5 second(s)

2018-08-09 17:40:32 - [TEST_STEP][PASSED] - Statement - action.longPress(50, 158).moveTo(150, 510).release().perform(): null

2018-08-09 17:40:35 - [TEST_STEP][PASSED] - delay: Delayed 5 second(s)

2018-08-09 17:40:40 - [MESSAGE][PASSED] - Delayed 5 second(s)

2018-08-09 17:40:40 - [TEST_STEP][PASSED] - waitForElementPresent: Element 'Object Repository/Sidebar Menu/Produk/Stock View/List Kategori - Elemen 0' is present

2018-08-09 17:40:43 - [MESSAGE][PASSED] - Element 'Object Repository/Sidebar Menu/Produk/Stock View/List Kategori - Elemen 0' is present

2018-08-09 17:40:43 - [TEST_STEP][PASSED] - tap: Tapped on element 'Object Repository/Sidebar Menu/Produk/Stock View/List Kategori - Elemen 0'

2018-08-09 17:40:49 - [MESSAGE][PASSED] - Tapped on element 'Object Repository/Sidebar Menu/Produk/Stock View/List Kategori - Elemen 0'

2018-08-09 17:40:49 - [TEST_STEP][PASSED] - delay: Delayed 5 second(s)

2018-08-09 17:40:54 - [MESSAGE][PASSED] - Delayed 5 second(s)

2018-08-09 17:40:54 - [TEST_STEP][PASSED] - closeApplication: Close app successfully

2018-08-09 17:40:56 - [MESSAGE][PASSED] - Close app successfully]]></system-out>
         <system-err><![CDATA[]]></system-err>
      </testcase>
      <testcase name="Test Cases/Story 26 dan 842 -Kelola Stok Final/26 TC 9 - Check paging" classname="Test Cases/Story 26 dan 842 -Kelola Stok Final/26 TC 9 - Check paging" status="PASSED">
         <system-out><![CDATA[2018-08-09 17:40:56 - [TEST_CASE][PASSED] - Test Cases/Story 26 dan 842 -Kelola Stok Final/26 TC 9 - Check paging: Test Cases/Story 26 dan 842 -Kelola Stok Final/26 TC 9 - Check paging

2018-08-09 17:40:57 - [TEST_STEP][PASSED] - comment: Check Paging

2018-08-09 17:40:57 - [TEST_STEP][PASSED] - comment: Start apps and than Login

2018-08-09 17:40:57 - [TEST_STEP][PASSED] - Statement - apkPath = apkName: null

2018-08-09 17:40:57 - [TEST_STEP][PASSED] - startApplication: Started app at: 'C:\Users\AV2017005903\Documents\apollo-automation\Regress_release.apk'

2018-08-09 17:41:13 - [MESSAGE][PASSED] - Started app at: 'C:\Users\AV2017005903\Documents\apollo-automation\Regress_release.apk'

2018-08-09 17:41:13 - [TEST_STEP][PASSED] - delay: Delayed 15 second(s)

2018-08-09 17:41:28 - [MESSAGE][PASSED] - Delayed 15 second(s)

2018-08-09 17:41:28 - [TEST_STEP][PASSED] - waitForElementPresent: Element 'Object Repository/Login/Nomor HP  Nama Pengguna - Text Box' is present

2018-08-09 17:41:31 - [MESSAGE][PASSED] - Element 'Object Repository/Login/Nomor HP  Nama Pengguna - Text Box' is present

2018-08-09 17:41:31 - [TEST_STEP][PASSED] - verifyElementAttributeValue: Object 'Object Repository/Login/Nomor HP  Nama Pengguna - Text Box' has attribute 'content-desc' with value 'LoginNameTextInput'

2018-08-09 17:41:35 - [MESSAGE][PASSED] - Object 'Object Repository/Login/Nomor HP  Nama Pengguna - Text Box' has attribute 'content-desc' with value 'LoginNameTextInput'

2018-08-09 17:41:35 - [TEST_STEP][PASSED] - setText: Text '08112233445567' has been set to element 'Object Repository/Login/Nomor HP  Nama Pengguna - Text Box'

2018-08-09 17:41:57 - [MESSAGE][PASSED] - Text '08112233445567' has been set to element 'Object Repository/Login/Nomor HP  Nama Pengguna - Text Box'

2018-08-09 17:41:57 - [TEST_STEP][PASSED] - hideKeyboard: Keyboard is hidden

2018-08-09 17:41:59 - [MESSAGE][PASSED] - Keyboard is hidden

2018-08-09 17:41:59 - [TEST_STEP][PASSED] - verifyElementText: Actual text and expected text of test object 'Object Repository/Login/Nomor HP  Nama Pengguna - Text Box' are matched.

2018-08-09 17:42:04 - [MESSAGE][PASSED] - Actual text and expected text of test object 'Object Repository/Login/Nomor HP  Nama Pengguna - Text Box' are matched.

2018-08-09 17:42:04 - [TEST_STEP][PASSED] - waitForElementPresent: Element 'Object Repository/Login/Button Masuk' is present

2018-08-09 17:42:07 - [MESSAGE][PASSED] - Element 'Object Repository/Login/Button Masuk' is present

2018-08-09 17:42:07 - [TEST_STEP][PASSED] - verifyElementAttributeValue: Object 'Object Repository/Login/Button Masuk' has attribute 'content-desc' with value 'LoginJumpNextBtn'

2018-08-09 17:42:11 - [MESSAGE][PASSED] - Object 'Object Repository/Login/Button Masuk' has attribute 'content-desc' with value 'LoginJumpNextBtn'

2018-08-09 17:42:11 - [TEST_STEP][PASSED] - tap: Tapped on element 'Object Repository/Login/Button Masuk'

2018-08-09 17:42:19 - [MESSAGE][PASSED] - Tapped on element 'Object Repository/Login/Button Masuk'

2018-08-09 17:42:19 - [TEST_STEP][PASSED] - waitForElementPresent: Element 'Object Repository/Login/Input Pin' is present

2018-08-09 17:42:23 - [MESSAGE][PASSED] - Element 'Object Repository/Login/Input Pin' is present

2018-08-09 17:42:23 - [TEST_STEP][PASSED] - verifyElementAttributeValue: Object 'Object Repository/Login/Input Pin' has attribute 'content-desc' with value 'pinCircleFocus'

2018-08-09 17:42:27 - [MESSAGE][PASSED] - Object 'Object Repository/Login/Input Pin' has attribute 'content-desc' with value 'pinCircleFocus'

2018-08-09 17:42:27 - [TEST_STEP][PASSED] - tap: Tapped on element 'Object Repository/Login/Input Pin'

2018-08-09 17:42:34 - [MESSAGE][PASSED] - Tapped on element 'Object Repository/Login/Input Pin'

2018-08-09 17:42:34 - [TEST_STEP][PASSED] - setText: Text '123456' has been set to element 'Object Repository/Login/Input Pin'

2018-08-09 17:42:53 - [MESSAGE][PASSED] - Text '123456' has been set to element 'Object Repository/Login/Input Pin'

2018-08-09 17:42:53 - [TEST_STEP][PASSED] - delay: Delayed 5 second(s)

2018-08-09 17:42:58 - [MESSAGE][PASSED] - Delayed 5 second(s)

2018-08-09 17:42:58 - [TEST_STEP][PASSED] - comment: End Login Test Case

2018-08-09 17:42:58 - [TEST_STEP][PASSED] - waitForElementPresent: Element 'Object Repository/Sidebar Menu/Biaya/HamburgerButton' is present

2018-08-09 17:43:02 - [MESSAGE][PASSED] - Element 'Object Repository/Sidebar Menu/Biaya/HamburgerButton' is present

2018-08-09 17:43:02 - [TEST_STEP][PASSED] - verifyElementAttributeValue: Object 'Object Repository/Sidebar Menu/Biaya/HamburgerButton' has attribute 'content-desc' with value 'headerBar_button_hamburgerMenu'

2018-08-09 17:43:07 - [MESSAGE][PASSED] - Object 'Object Repository/Sidebar Menu/Biaya/HamburgerButton' has attribute 'content-desc' with value 'headerBar_button_hamburgerMenu'

2018-08-09 17:43:07 - [TEST_STEP][PASSED] - tap: Tapped on element 'Object Repository/Sidebar Menu/Biaya/HamburgerButton'

2018-08-09 17:43:13 - [MESSAGE][PASSED] - Tapped on element 'Object Repository/Sidebar Menu/Biaya/HamburgerButton'

2018-08-09 17:43:13 - [TEST_STEP][PASSED] - waitForElementPresent: Element 'Object Repository/Sidebar Menu/Produk/Produk' is present

2018-08-09 17:43:18 - [MESSAGE][PASSED] - Element 'Object Repository/Sidebar Menu/Produk/Produk' is present

2018-08-09 17:43:18 - [TEST_STEP][PASSED] - verifyElementAttributeValue: Object 'Object Repository/Sidebar Menu/Produk/Produk' has attribute 'content-desc' with value 'produkMenuItem'

2018-08-09 17:43:24 - [MESSAGE][PASSED] - Object 'Object Repository/Sidebar Menu/Produk/Produk' has attribute 'content-desc' with value 'produkMenuItem'

2018-08-09 17:43:24 - [TEST_STEP][PASSED] - tap: Tapped on element 'Object Repository/Sidebar Menu/Produk/Produk'

2018-08-09 17:43:31 - [MESSAGE][PASSED] - Tapped on element 'Object Repository/Sidebar Menu/Produk/Produk'

2018-08-09 17:43:31 - [TEST_STEP][PASSED] - verifyElementVisible: Element 'Object Repository/Sidebar Menu/Produk/Text Header -  Produk' is visible

2018-08-09 17:43:40 - [MESSAGE][PASSED] - Element 'Object Repository/Sidebar Menu/Produk/Text Header -  Produk' is visible

2018-08-09 17:43:40 - [TEST_STEP][PASSED] - delay: Delayed 5 second(s)

2018-08-09 17:43:45 - [MESSAGE][PASSED] - Delayed 5 second(s)

2018-08-09 17:43:45 - [TEST_STEP][PASSED] - Statement - driver = com.kms.katalon.core.mobile.keyword.internal.MobileDriverFactory.getDriver(): null

2018-08-09 17:43:45 - [TEST_STEP][PASSED] - Statement - action = new io.appium.java_client.TouchAction(driver): null

2018-08-09 17:43:45 - [TEST_STEP][PASSED] - Statement - For (def index : (0..3)): Delayed 5 second(s)

2018-08-09 17:43:45 - [TEST_STEP][PASSED] - Statement - action.longPress(50, 994).moveTo(50, 346).release().perform(): null

2018-08-09 17:43:47 - [TEST_STEP][PASSED] - delay: Delayed 5 second(s)

2018-08-09 17:43:52 - [MESSAGE][PASSED] - Delayed 5 second(s)

2018-08-09 17:43:52 - [TEST_STEP][PASSED] - Statement - action.longPress(50, 994).moveTo(50, 346).release().perform(): null

2018-08-09 17:43:55 - [TEST_STEP][PASSED] - delay: Delayed 5 second(s)

2018-08-09 17:44:00 - [MESSAGE][PASSED] - Delayed 5 second(s)

2018-08-09 17:44:00 - [TEST_STEP][PASSED] - Statement - action.longPress(50, 994).moveTo(50, 346).release().perform(): null

2018-08-09 17:44:03 - [TEST_STEP][PASSED] - delay: Delayed 5 second(s)

2018-08-09 17:44:08 - [MESSAGE][PASSED] - Delayed 5 second(s)

2018-08-09 17:44:08 - [TEST_STEP][PASSED] - Statement - action.longPress(50, 994).moveTo(50, 346).release().perform(): null

2018-08-09 17:44:11 - [TEST_STEP][PASSED] - delay: Delayed 5 second(s)

2018-08-09 17:44:16 - [MESSAGE][PASSED] - Delayed 5 second(s)

2018-08-09 17:44:16 - [TEST_STEP][PASSED] - Statement - For (def index : (0..3)): Delayed 5 second(s)

2018-08-09 17:44:16 - [TEST_STEP][PASSED] - Statement - action.longPress(50, 346).moveTo(50, 994).release().perform(): null

2018-08-09 17:44:19 - [TEST_STEP][PASSED] - delay: Delayed 5 second(s)

2018-08-09 17:44:24 - [MESSAGE][PASSED] - Delayed 5 second(s)

2018-08-09 17:44:24 - [TEST_STEP][PASSED] - Statement - action.longPress(50, 346).moveTo(50, 994).release().perform(): null

2018-08-09 17:44:26 - [TEST_STEP][PASSED] - delay: Delayed 5 second(s)

2018-08-09 17:44:31 - [MESSAGE][PASSED] - Delayed 5 second(s)

2018-08-09 17:44:31 - [TEST_STEP][PASSED] - Statement - action.longPress(50, 346).moveTo(50, 994).release().perform(): null

2018-08-09 17:44:34 - [TEST_STEP][PASSED] - delay: Delayed 5 second(s)

2018-08-09 17:44:39 - [MESSAGE][PASSED] - Delayed 5 second(s)

2018-08-09 17:44:39 - [TEST_STEP][PASSED] - Statement - action.longPress(50, 346).moveTo(50, 994).release().perform(): null

2018-08-09 17:44:42 - [TEST_STEP][PASSED] - delay: Delayed 5 second(s)

2018-08-09 17:44:47 - [MESSAGE][PASSED] - Delayed 5 second(s)

2018-08-09 17:44:47 - [TEST_STEP][PASSED] - closeApplication: Close app successfully

2018-08-09 17:44:51 - [MESSAGE][PASSED] - Close app successfully]]></system-out>
         <system-err><![CDATA[]]></system-err>
      </testcase>
      <testcase name="Test Cases/Story 26 dan 842 -Kelola Stok Final/26 TC 10 - Click Tambah Barang button" classname="Test Cases/Story 26 dan 842 -Kelola Stok Final/26 TC 10 - Click Tambah Barang button" status="PASSED">
         <system-out><![CDATA[2018-08-09 17:44:51 - [TEST_CASE][PASSED] - Test Cases/Story 26 dan 842 -Kelola Stok Final/26 TC 10 - Click Tambah Barang button: Test Cases/Story 26 dan 842 -Kelola Stok Final/26 TC 10 - Click Tambah Barang button

2018-08-09 17:44:51 - [TEST_STEP][PASSED] - comment:  Click Tambah Barang button

2018-08-09 17:44:51 - [TEST_STEP][PASSED] - comment: Start apps and than Login

2018-08-09 17:44:51 - [TEST_STEP][PASSED] - Statement - apkPath = apkName: null

2018-08-09 17:44:51 - [TEST_STEP][PASSED] - startApplication: Started app at: 'C:\Users\AV2017005903\Documents\apollo-automation\Regress_release.apk'

2018-08-09 17:45:08 - [MESSAGE][PASSED] - Started app at: 'C:\Users\AV2017005903\Documents\apollo-automation\Regress_release.apk'

2018-08-09 17:45:08 - [TEST_STEP][PASSED] - delay: Delayed 15 second(s)

2018-08-09 17:45:23 - [MESSAGE][PASSED] - Delayed 15 second(s)

2018-08-09 17:45:23 - [TEST_STEP][PASSED] - waitForElementPresent: Element 'Object Repository/Login/Nomor HP  Nama Pengguna - Text Box' is present

2018-08-09 17:45:27 - [MESSAGE][PASSED] - Element 'Object Repository/Login/Nomor HP  Nama Pengguna - Text Box' is present

2018-08-09 17:45:27 - [TEST_STEP][PASSED] - verifyElementAttributeValue: Object 'Object Repository/Login/Nomor HP  Nama Pengguna - Text Box' has attribute 'content-desc' with value 'LoginNameTextInput'

2018-08-09 17:45:31 - [MESSAGE][PASSED] - Object 'Object Repository/Login/Nomor HP  Nama Pengguna - Text Box' has attribute 'content-desc' with value 'LoginNameTextInput'

2018-08-09 17:45:31 - [TEST_STEP][PASSED] - setText: Text '08112233445567' has been set to element 'Object Repository/Login/Nomor HP  Nama Pengguna - Text Box'

2018-08-09 17:45:54 - [MESSAGE][PASSED] - Text '08112233445567' has been set to element 'Object Repository/Login/Nomor HP  Nama Pengguna - Text Box'

2018-08-09 17:45:54 - [TEST_STEP][PASSED] - hideKeyboard: Keyboard is hidden

2018-08-09 17:45:55 - [MESSAGE][PASSED] - Keyboard is hidden

2018-08-09 17:45:55 - [TEST_STEP][PASSED] - verifyElementText: Actual text and expected text of test object 'Object Repository/Login/Nomor HP  Nama Pengguna - Text Box' are matched.

2018-08-09 17:45:59 - [MESSAGE][PASSED] - Actual text and expected text of test object 'Object Repository/Login/Nomor HP  Nama Pengguna - Text Box' are matched.

2018-08-09 17:45:59 - [TEST_STEP][PASSED] - waitForElementPresent: Element 'Object Repository/Login/Button Masuk' is present

2018-08-09 17:46:02 - [MESSAGE][PASSED] - Element 'Object Repository/Login/Button Masuk' is present

2018-08-09 17:46:02 - [TEST_STEP][PASSED] - verifyElementAttributeValue: Object 'Object Repository/Login/Button Masuk' has attribute 'content-desc' with value 'LoginJumpNextBtn'

2018-08-09 17:46:10 - [MESSAGE][PASSED] - Object 'Object Repository/Login/Button Masuk' has attribute 'content-desc' with value 'LoginJumpNextBtn'

2018-08-09 17:46:10 - [TEST_STEP][PASSED] - tap: Tapped on element 'Object Repository/Login/Button Masuk'

2018-08-09 17:46:15 - [MESSAGE][PASSED] - Tapped on element 'Object Repository/Login/Button Masuk'

2018-08-09 17:46:15 - [TEST_STEP][PASSED] - waitForElementPresent: Element 'Object Repository/Login/Input Pin' is present

2018-08-09 17:46:22 - [MESSAGE][PASSED] - Element 'Object Repository/Login/Input Pin' is present

2018-08-09 17:46:22 - [TEST_STEP][PASSED] - verifyElementAttributeValue: Object 'Object Repository/Login/Input Pin' has attribute 'content-desc' with value 'pinCircleFocus'

2018-08-09 17:46:26 - [MESSAGE][PASSED] - Object 'Object Repository/Login/Input Pin' has attribute 'content-desc' with value 'pinCircleFocus'

2018-08-09 17:46:26 - [TEST_STEP][PASSED] - tap: Tapped on element 'Object Repository/Login/Input Pin'

2018-08-09 17:46:32 - [MESSAGE][PASSED] - Tapped on element 'Object Repository/Login/Input Pin'

2018-08-09 17:46:32 - [TEST_STEP][PASSED] - setText: Text '123456' has been set to element 'Object Repository/Login/Input Pin'

2018-08-09 17:46:50 - [MESSAGE][PASSED] - Text '123456' has been set to element 'Object Repository/Login/Input Pin'

2018-08-09 17:46:50 - [TEST_STEP][PASSED] - delay: Delayed 5 second(s)

2018-08-09 17:46:55 - [MESSAGE][PASSED] - Delayed 5 second(s)

2018-08-09 17:46:55 - [TEST_STEP][PASSED] - comment: End Login Test Case

2018-08-09 17:46:55 - [TEST_STEP][PASSED] - waitForElementPresent: Element 'Object Repository/Sidebar Menu/Biaya/HamburgerButton' is present

2018-08-09 17:46:58 - [MESSAGE][PASSED] - Element 'Object Repository/Sidebar Menu/Biaya/HamburgerButton' is present

2018-08-09 17:46:58 - [TEST_STEP][PASSED] - verifyElementAttributeValue: Object 'Object Repository/Sidebar Menu/Biaya/HamburgerButton' has attribute 'content-desc' with value 'headerBar_button_hamburgerMenu'

2018-08-09 17:47:07 - [MESSAGE][PASSED] - Object 'Object Repository/Sidebar Menu/Biaya/HamburgerButton' has attribute 'content-desc' with value 'headerBar_button_hamburgerMenu'

2018-08-09 17:47:07 - [TEST_STEP][PASSED] - tap: Tapped on element 'Object Repository/Sidebar Menu/Biaya/HamburgerButton'

2018-08-09 17:47:11 - [MESSAGE][PASSED] - Tapped on element 'Object Repository/Sidebar Menu/Biaya/HamburgerButton'

2018-08-09 17:47:11 - [TEST_STEP][PASSED] - waitForElementPresent: Element 'Object Repository/Sidebar Menu/Produk/Produk' is present

2018-08-09 17:47:16 - [MESSAGE][PASSED] - Element 'Object Repository/Sidebar Menu/Produk/Produk' is present

2018-08-09 17:47:16 - [TEST_STEP][PASSED] - verifyElementAttributeValue: Object 'Object Repository/Sidebar Menu/Produk/Produk' has attribute 'content-desc' with value 'produkMenuItem'

2018-08-09 17:47:23 - [MESSAGE][PASSED] - Object 'Object Repository/Sidebar Menu/Produk/Produk' has attribute 'content-desc' with value 'produkMenuItem'

2018-08-09 17:47:23 - [TEST_STEP][PASSED] - tap: Tapped on element 'Object Repository/Sidebar Menu/Produk/Produk'

2018-08-09 17:47:29 - [MESSAGE][PASSED] - Tapped on element 'Object Repository/Sidebar Menu/Produk/Produk'

2018-08-09 17:47:29 - [TEST_STEP][PASSED] - verifyElementVisible: Element 'Object Repository/Sidebar Menu/Produk/Text Header -  Produk' is visible

2018-08-09 17:47:35 - [MESSAGE][PASSED] - Element 'Object Repository/Sidebar Menu/Produk/Text Header -  Produk' is visible

2018-08-09 17:47:35 - [TEST_STEP][PASSED] - delay: Delayed 5 second(s)

2018-08-09 17:47:40 - [MESSAGE][PASSED] - Delayed 5 second(s)

2018-08-09 17:47:40 - [TEST_STEP][PASSED] - waitForElementPresent: Element 'Object Repository/Sidebar Menu/Produk/Tambah Barang/Tambah Barang Button' is present

2018-08-09 17:47:43 - [MESSAGE][PASSED] - Element 'Object Repository/Sidebar Menu/Produk/Tambah Barang/Tambah Barang Button' is present

2018-08-09 17:47:43 - [TEST_STEP][PASSED] - verifyElementAttributeValue: Object 'Object Repository/Sidebar Menu/Produk/Tambah Barang/Tambah Barang Button' has attribute 'content-desc' with value 'productListComponent_button_addProduct'

2018-08-09 17:47:48 - [MESSAGE][PASSED] - Object 'Object Repository/Sidebar Menu/Produk/Tambah Barang/Tambah Barang Button' has attribute 'content-desc' with value 'productListComponent_button_addProduct'

2018-08-09 17:47:48 - [TEST_STEP][PASSED] - tap: Tapped on element 'Object Repository/Sidebar Menu/Produk/Tambah Barang/Tambah Barang Button'

2018-08-09 17:47:53 - [MESSAGE][PASSED] - Tapped on element 'Object Repository/Sidebar Menu/Produk/Tambah Barang/Tambah Barang Button'

2018-08-09 17:47:53 - [TEST_STEP][PASSED] - pressBack: Press back button successfully

2018-08-09 17:47:54 - [MESSAGE][PASSED] - Press back button successfully

2018-08-09 17:47:54 - [TEST_STEP][PASSED] - delay: Delayed 5 second(s)

2018-08-09 17:47:59 - [MESSAGE][PASSED] - Delayed 5 second(s)

2018-08-09 17:47:59 - [TEST_STEP][PASSED] - closeApplication: Close app successfully

2018-08-09 17:48:02 - [MESSAGE][PASSED] - Close app successfully]]></system-out>
         <system-err><![CDATA[]]></system-err>
      </testcase>
      <testcase name="Test Cases/Story 26 dan 842 -Kelola Stok Final/26 TC 11 - Click Sidebar to LogOut" classname="Test Cases/Story 26 dan 842 -Kelola Stok Final/26 TC 11 - Click Sidebar to LogOut" status="FAILED">
         <failure type="FAILED" message="Failed to set text into element (Root cause: Object Object Repository/Login/Nomor HP  Nama Pengguna - Text Box not found)"/>
         <system-out><![CDATA[2018-08-09 17:48:02 - [TEST_CASE][FAILED] - Test Cases/Story 26 dan 842 -Kelola Stok Final/26 TC 11 - Click Sidebar to LogOut: Test Cases/Story 26 dan 842 -Kelola Stok Final/26 TC 11 - Click Sidebar to LogOut FAILED because (of) Failed to set text into element (Root cause: Object Object Repository/Login/Nomor HP  Nama Pengguna - Text Box not found)

2018-08-09 17:48:02 - [TEST_STEP][PASSED] - comment: Click Sidebar

2018-08-09 17:48:02 - [TEST_STEP][PASSED] - comment: Start apps and than Login

2018-08-09 17:48:02 - [TEST_STEP][PASSED] - Statement - apkPath = apkName: null

2018-08-09 17:48:02 - [TEST_STEP][PASSED] - startApplication: Started app at: 'C:\Users\AV2017005903\Documents\apollo-automation\Regress_release.apk'

2018-08-09 17:48:42 - [MESSAGE][PASSED] - Started app at: 'C:\Users\AV2017005903\Documents\apollo-automation\Regress_release.apk'

2018-08-09 17:48:42 - [TEST_STEP][PASSED] - delay: Delayed 15 second(s)

2018-08-09 17:48:57 - [MESSAGE][PASSED] - Delayed 15 second(s)

2018-08-09 17:48:57 - [TEST_STEP][PASSED] - waitForElementPresent: Object Object Repository/Login/Nomor HP  Nama Pengguna - Text Box not found

2018-08-09 17:49:06 - [MESSAGE][WARNING] - Object Object Repository/Login/Nomor HP  Nama Pengguna - Text Box not found

2018-08-09 17:49:06 - [TEST_STEP][PASSED] - verifyElementAttributeValue: Element 'Object Repository/Login/Nomor HP  Nama Pengguna - Text Box' not found

2018-08-09 17:49:08 - [MESSAGE][WARNING] - Element 'Object Repository/Login/Nomor HP  Nama Pengguna - Text Box' not found

2018-08-09 17:49:08 - [TEST_STEP][FAILED] - setText: Failed to set text into element (Root cause: Object Object Repository/Login/Nomor HP  Nama Pengguna - Text Box not found)

2018-08-09 17:49:15 - [MESSAGE][FAILED] - Object Object Repository/Login/Nomor HP  Nama Pengguna - Text Box not found
[[ATTACHMENT|C:\\Users\\AV2017005903\\Documents\\apollo-automation\\Reports\\Story 26 N 842 - Kelola Stock\\20180809_170727\\1533811753611.png]]

2018-08-09 17:49:16 - [MESSAGE][FAILED] - Failed to set text into element (Root cause: Object Object Repository/Login/Nomor HP  Nama Pengguna - Text Box not found)
[[ATTACHMENT|C:\\Users\\AV2017005903\\Documents\\apollo-automation\\Reports\\Story 26 N 842 - Kelola Stock\\20180809_170727\\1533811755402.png]]]]></system-out>
         <system-err><![CDATA[2018-08-09 17:48:02 - [TEST_CASE][FAILED] - Test Cases/Story 26 dan 842 -Kelola Stok Final/26 TC 11 - Click Sidebar to LogOut: Test Cases/Story 26 dan 842 -Kelola Stok Final/26 TC 11 - Click Sidebar to LogOut FAILED because (of) Failed to set text into element (Root cause: Object Object Repository/Login/Nomor HP  Nama Pengguna - Text Box not found)]]></system-err>
      </testcase>
      <system-out><![CDATA[2018-08-09 17:07:31 - [TEST_SUITE][FAILED] - Story 26 N 842 - Kelola Stock: Test Cases/Story 26 dan 842 -Kelola Stok Final/26 TC 2 - Search by selected Product Category FAILED because (of) Element 'Object Repository/Sidebar Menu/Produk/Stock View/List Produk - Elemen 1' not found]]></system-out>
      <system-err><![CDATA[2018-08-09 17:07:31 - [TEST_SUITE][FAILED] - Story 26 N 842 - Kelola Stock: Test Cases/Story 26 dan 842 -Kelola Stok Final/26 TC 2 - Search by selected Product Category FAILED because (of) Element 'Object Repository/Sidebar Menu/Produk/Stock View/List Produk - Elemen 1' not found]]></system-err>
   </testsuite>
</testsuites>
