<?xml version="1.0" encoding="UTF-8"?>
<testsuites name="Story 1770 - Additional Biaya Tambahan in shoopping cart" time="2493" tests="6" failures="2" errors="0">
   <testsuite name="Story 1770 - Additional Biaya Tambahan in shoopping cart" tests="6" failures="2" errors="0" time="2493" timestamp="2018-09-13 11:27:32" hostname="AV2017005903 - NBMP18A211ITSQA.corp.bankbtpn.co.id" id="Test Suites/Story 1770 - Additional Biaya Tambahan in shoopping cart">
      <properties>
         <property name="deviceName" value="OPPO A37f (Android 5.1.1)"/>
         <property name="devicePlatform" value=""/>
         <property name="logFolder" value="C:\\Users\\AV2017005903\\Documents\\apollo-automation\\Reports\\Story 1770 - Additional Biaya Tambahan in shoopping cart\\20180913_112729"/>
         <property name="logFiles" value="C:\\Users\\AV2017005903\\Documents\\apollo-automation\\Reports\\Story 1770 - Additional Biaya Tambahan in shoopping cart\\20180913_112729\\appium.log, C:\\Users\\AV2017005903\\Documents\\apollo-automation\\Reports\\Story 1770 - Additional Biaya Tambahan in shoopping cart\\20180913_112729\\execution0.log"/>
         <property name="attachments" value=""/>
         <property name="hostName" value="AV2017005903 - NBMP18A211ITSQA.corp.bankbtpn.co.id"/>
         <property name="os" value="Windows 10 64bit"/>
         <property name="katalonVersion" value="5.6.0.1"/>
         <property name="deviceOS" value="Android"/>
         <property name="appiumVersion" value="1.8.1"/>
         <property name="deviceModel" value="A37f"/>
         <property name="hostAddress" value="192.168.62.1"/>
         <property name="deviceManufacturer" value="OPPO"/>
         <property name="deviceId" value="6e4df14"/>
         <property name="deviceName" value="OPPO A37f (Android 5.1.1)"/>
         <property name="deviceOSVersion" value="5.1.1"/>
      </properties>
      <testcase name="Test Cases/Release 3 - Squad Hades/Sprint 1/Story 1770 - Additional Biaya Tambahan in shoopping cart/TC 1 - View Biaya tambahan field and button in shopping cart" classname="Test Cases/Release 3 - Squad Hades/Sprint 1/Story 1770 - Additional Biaya Tambahan in shoopping cart/TC 1 - View Biaya tambahan field and button in shopping cart" status="PASSED">
         <system-out><![CDATA[2018-09-13 11:27:32 - [TEST_CASE][PASSED] - Test Cases/Release 3 - Squad Hades/Sprint 1/Story 1770 - Additional Biaya Tambahan in shoopping cart/TC 1 - View Biaya tambahan field and button in shopping cart: Test Cases/Release 3 - Squad Hades/Sprint 1/Story 1770 - Additional Biaya Tambahan in shoopping cart/TC 1 - View Biaya tambahan field and button in shopping cart

2018-09-13 11:27:33 - [TEST_STEP][PASSED] - comment: WELCOME SCREEN

2018-09-13 11:27:33 - [TEST_STEP][PASSED] - Statement - apkPath = apkName: null

2018-09-13 11:27:33 - [TEST_STEP][PASSED] - startApplication: Started app at: 'C:\Users\AV2017005903\Documents\apollo-automation\7 September.apk'

2018-09-13 11:28:16 - [MESSAGE][PASSED] - Started app at: 'C:\Users\AV2017005903\Documents\apollo-automation\7 September.apk'

2018-09-13 11:28:16 - [TEST_STEP][PASSED] - delay: Delayed 15 second(s)

2018-09-13 11:28:31 - [MESSAGE][PASSED] - Delayed 15 second(s)

2018-09-13 11:28:31 - [TEST_STEP][PASSED] - Comment - "If there is a Update TopuUp, click No, Else you can delay for waiting lazyload ": null

2018-09-13 11:28:31 - [TEST_STEP][PASSED] - Statement - driver = com.kms.katalon.core.mobile.keyword.internal.MobileDriverFactory.getDriver(): null

2018-09-13 11:28:31 - [TEST_STEP][PASSED] - Statement - action = new io.appium.java_client.TouchAction(driver): null

2018-09-13 11:28:31 - [TEST_STEP][PASSED] - Statement - action.longPress(550, 300).moveTo(100, 300).release().perform(): null

2018-09-13 11:28:34 - [TEST_STEP][PASSED] - delay: Delayed 8 second(s)

2018-09-13 11:28:42 - [MESSAGE][PASSED] - Delayed 8 second(s)

2018-09-13 11:28:42 - [TEST_STEP][PASSED] - Statement - action.longPress(550, 300).moveTo(100, 300).release().perform(): null

2018-09-13 11:28:45 - [TEST_STEP][PASSED] - delay: Delayed 8 second(s)

2018-09-13 11:28:53 - [MESSAGE][PASSED] - Delayed 8 second(s)

2018-09-13 11:28:53 - [TEST_STEP][PASSED] - Statement - action.longPress(550, 300).moveTo(100, 300).release().perform(): null

2018-09-13 11:28:56 - [TEST_STEP][PASSED] - delay: Delayed 8 second(s)

2018-09-13 11:29:04 - [MESSAGE][PASSED] - Delayed 8 second(s)

2018-09-13 11:29:04 - [TEST_STEP][PASSED] - Statement - action.longPress(550, 300).moveTo(100, 300).release().perform(): null

2018-09-13 11:29:06 - [TEST_STEP][PASSED] - delay: Delayed 8 second(s)

2018-09-13 11:29:14 - [MESSAGE][PASSED] - Delayed 8 second(s)

2018-09-13 11:29:14 - [TEST_STEP][PASSED] - waitForElementPresent: Element 'Object Repository/Splash Screen/Mulai - Button' is present

2018-09-13 11:29:14 - [MESSAGE][WARNING] - Timeout '0' is invalid. Using default page load timeout: '30'

2018-09-13 11:29:18 - [MESSAGE][PASSED] - Element 'Object Repository/Splash Screen/Mulai - Button' is present

2018-09-13 11:29:18 - [TEST_STEP][PASSED] - tap: Tapped on element 'Object Repository/Splash Screen/Mulai - Button'

2018-09-13 11:29:18 - [MESSAGE][WARNING] - Timeout '0' is invalid. Using default page load timeout: '30'

2018-09-13 11:29:24 - [MESSAGE][PASSED] - Tapped on element 'Object Repository/Splash Screen/Mulai - Button'

2018-09-13 11:29:24 - [TEST_STEP][PASSED] - comment: end Welcome Screen

2018-09-13 11:29:24 - [TEST_STEP][PASSED] - comment: LOGIN

2018-09-13 11:29:24 - [TEST_STEP][PASSED] - waitForElementPresent: Element 'Object Repository/Login/Nomor HP  Nama Pengguna - Text Box' is present

2018-09-13 11:29:29 - [MESSAGE][PASSED] - Element 'Object Repository/Login/Nomor HP  Nama Pengguna - Text Box' is present

2018-09-13 11:29:29 - [TEST_STEP][PASSED] - verifyElementAttributeValue: Object 'Object Repository/Login/Nomor HP  Nama Pengguna - Text Box' has attribute 'content-desc' with value 'LoginNameTextInput'

2018-09-13 11:29:33 - [MESSAGE][PASSED] - Object 'Object Repository/Login/Nomor HP  Nama Pengguna - Text Box' has attribute 'content-desc' with value 'LoginNameTextInput'

2018-09-13 11:29:33 - [TEST_STEP][PASSED] - setText: Text '08112233445567' has been set to element 'Object Repository/Login/Nomor HP  Nama Pengguna - Text Box'

2018-09-13 11:30:01 - [MESSAGE][PASSED] - Text '08112233445567' has been set to element 'Object Repository/Login/Nomor HP  Nama Pengguna - Text Box'

2018-09-13 11:30:01 - [TEST_STEP][PASSED] - hideKeyboard: Keyboard is hidden

2018-09-13 11:30:02 - [MESSAGE][PASSED] - Keyboard is hidden

2018-09-13 11:30:02 - [TEST_STEP][PASSED] - verifyElementText: Actual text and expected text of test object 'Object Repository/Login/Nomor HP  Nama Pengguna - Text Box' are matched.

2018-09-13 11:30:06 - [MESSAGE][PASSED] - Actual text and expected text of test object 'Object Repository/Login/Nomor HP  Nama Pengguna - Text Box' are matched.

2018-09-13 11:30:06 - [TEST_STEP][PASSED] - waitForElementPresent: Element 'Object Repository/Login/Button Masuk' is present

2018-09-13 11:30:09 - [MESSAGE][PASSED] - Element 'Object Repository/Login/Button Masuk' is present

2018-09-13 11:30:09 - [TEST_STEP][PASSED] - verifyElementAttributeValue: Object 'Object Repository/Login/Button Masuk' has attribute 'content-desc' with value 'LoginJumpNextBtn'

2018-09-13 11:30:13 - [MESSAGE][PASSED] - Object 'Object Repository/Login/Button Masuk' has attribute 'content-desc' with value 'LoginJumpNextBtn'

2018-09-13 11:30:13 - [TEST_STEP][PASSED] - tap: Tapped on element 'Object Repository/Login/Button Masuk'

2018-09-13 11:30:19 - [MESSAGE][PASSED] - Tapped on element 'Object Repository/Login/Button Masuk'

2018-09-13 11:30:19 - [TEST_STEP][PASSED] - waitForElementPresent: Element 'Object Repository/Login/Input Pin' is present

2018-09-13 11:30:22 - [MESSAGE][PASSED] - Element 'Object Repository/Login/Input Pin' is present

2018-09-13 11:30:22 - [TEST_STEP][PASSED] - verifyElementAttributeValue: Object 'Object Repository/Login/Input Pin' has attribute 'content-desc' with value 'pinCircleFocus'

2018-09-13 11:30:26 - [MESSAGE][PASSED] - Object 'Object Repository/Login/Input Pin' has attribute 'content-desc' with value 'pinCircleFocus'

2018-09-13 11:30:26 - [TEST_STEP][PASSED] - tap: Tapped on element 'Object Repository/Login/Input Pin'

2018-09-13 11:30:32 - [MESSAGE][PASSED] - Tapped on element 'Object Repository/Login/Input Pin'

2018-09-13 11:30:32 - [TEST_STEP][PASSED] - setText: Text '123456' has been set to element 'Object Repository/Login/Input Pin'

2018-09-13 11:30:57 - [MESSAGE][PASSED] - Text '123456' has been set to element 'Object Repository/Login/Input Pin'

2018-09-13 11:30:57 - [TEST_STEP][PASSED] - delay: Delayed 5 second(s)

2018-09-13 11:31:02 - [MESSAGE][PASSED] - Delayed 5 second(s)

2018-09-13 11:31:02 - [TEST_STEP][PASSED] - comment: End Login Test Case

2018-09-13 11:31:02 - [TEST_STEP][PASSED] - waitForElementPresent: Element 'Object Repository/Sidebar Menu/Biaya/HamburgerButton' is present

2018-09-13 11:31:08 - [MESSAGE][PASSED] - Element 'Object Repository/Sidebar Menu/Biaya/HamburgerButton' is present

2018-09-13 11:31:08 - [TEST_STEP][PASSED] - comment: MESIN KASIR

2018-09-13 11:31:08 - [TEST_STEP][PASSED] - verifyElementAttributeValue: Object 'Object Repository/Sidebar Menu/Biaya/HamburgerButton' has attribute 'content-desc' with value 'headerBar_button_hamburgerMenu'

2018-09-13 11:31:11 - [MESSAGE][PASSED] - Object 'Object Repository/Sidebar Menu/Biaya/HamburgerButton' has attribute 'content-desc' with value 'headerBar_button_hamburgerMenu'

2018-09-13 11:31:11 - [TEST_STEP][PASSED] - tap: Tapped on element 'Object Repository/Sidebar Menu/Biaya/HamburgerButton'

2018-09-13 11:31:19 - [MESSAGE][PASSED] - Tapped on element 'Object Repository/Sidebar Menu/Biaya/HamburgerButton'

2018-09-13 11:31:19 - [TEST_STEP][PASSED] - waitForElementPresent: Element 'Object Repository/Sidebar Menu/Mesin Kasir/Kasir/Dashboard Kasir/Kasir' is present

2018-09-13 11:31:23 - [MESSAGE][PASSED] - Element 'Object Repository/Sidebar Menu/Mesin Kasir/Kasir/Dashboard Kasir/Kasir' is present

2018-09-13 11:31:23 - [TEST_STEP][PASSED] - verifyElementAttributeValue: Object 'Object Repository/Sidebar Menu/Mesin Kasir/Kasir/Dashboard Kasir/Kasir' has attribute 'content-desc' with value 'drawerContainer_button_cashierSwitch'

2018-09-13 11:31:27 - [MESSAGE][PASSED] - Object 'Object Repository/Sidebar Menu/Mesin Kasir/Kasir/Dashboard Kasir/Kasir' has attribute 'content-desc' with value 'drawerContainer_button_cashierSwitch'

2018-09-13 11:31:27 - [TEST_STEP][PASSED] - tap: Tapped on element 'Object Repository/Sidebar Menu/Mesin Kasir/Kasir/Dashboard Kasir/Kasir'

2018-09-13 11:31:32 - [MESSAGE][PASSED] - Tapped on element 'Object Repository/Sidebar Menu/Mesin Kasir/Kasir/Dashboard Kasir/Kasir'

2018-09-13 11:31:32 - [TEST_STEP][PASSED] - waitForElementPresent: Element 'Object Repository/Sidebar Menu/Mesin Kasir/Kasir/Dashboard Kasir/ListProduk 1' is present

2018-09-13 11:31:36 - [MESSAGE][PASSED] - Element 'Object Repository/Sidebar Menu/Mesin Kasir/Kasir/Dashboard Kasir/ListProduk 1' is present

2018-09-13 11:31:36 - [TEST_STEP][PASSED] - verifyElementAttributeValue: Object 'Object Repository/Sidebar Menu/Mesin Kasir/Kasir/Dashboard Kasir/ListProduk 1' has attribute 'content-desc' with value 'productSalesItem0'

2018-09-13 11:31:40 - [MESSAGE][PASSED] - Object 'Object Repository/Sidebar Menu/Mesin Kasir/Kasir/Dashboard Kasir/ListProduk 1' has attribute 'content-desc' with value 'productSalesItem0'

2018-09-13 11:31:40 - [TEST_STEP][PASSED] - Statement - For (def index : (0..1)): Tapped on element 'Object Repository/Sidebar Menu/Mesin Kasir/Kasir/Dashboard Kasir/ListProduk 1'

2018-09-13 11:31:40 - [TEST_STEP][PASSED] - tap: Tapped on element 'Object Repository/Sidebar Menu/Mesin Kasir/Kasir/Dashboard Kasir/ListProduk 1'

2018-09-13 11:31:47 - [MESSAGE][PASSED] - Tapped on element 'Object Repository/Sidebar Menu/Mesin Kasir/Kasir/Dashboard Kasir/ListProduk 1'

2018-09-13 11:31:47 - [TEST_STEP][PASSED] - tap: Tapped on element 'Object Repository/Sidebar Menu/Mesin Kasir/Kasir/Dashboard Kasir/ListProduk 1'

2018-09-13 11:31:56 - [MESSAGE][PASSED] - Tapped on element 'Object Repository/Sidebar Menu/Mesin Kasir/Kasir/Dashboard Kasir/ListProduk 1'

2018-09-13 11:31:56 - [TEST_STEP][PASSED] - Statement - For (def index : (0..1)): Tapped on element 'Object Repository/Sidebar Menu/Mesin Kasir/Kasir/Dashboard Kasir/ListProduk 2'

2018-09-13 11:31:56 - [TEST_STEP][PASSED] - tap: Tapped on element 'Object Repository/Sidebar Menu/Mesin Kasir/Kasir/Dashboard Kasir/ListProduk 2'

2018-09-13 11:32:02 - [MESSAGE][PASSED] - Tapped on element 'Object Repository/Sidebar Menu/Mesin Kasir/Kasir/Dashboard Kasir/ListProduk 2'

2018-09-13 11:32:02 - [TEST_STEP][PASSED] - tap: Tapped on element 'Object Repository/Sidebar Menu/Mesin Kasir/Kasir/Dashboard Kasir/ListProduk 2'

2018-09-13 11:32:08 - [MESSAGE][PASSED] - Tapped on element 'Object Repository/Sidebar Menu/Mesin Kasir/Kasir/Dashboard Kasir/ListProduk 2'

2018-09-13 11:32:08 - [TEST_STEP][PASSED] - waitForElementPresent: Element 'Object Repository/Sidebar Menu/Mesin Kasir/Kasir/Estimasi Detail Pesanan/Keranjangbtn' is present

2018-09-13 11:32:11 - [MESSAGE][PASSED] - Element 'Object Repository/Sidebar Menu/Mesin Kasir/Kasir/Estimasi Detail Pesanan/Keranjangbtn' is present

2018-09-13 11:32:11 - [TEST_STEP][PASSED] - tap: Tapped on element 'Object Repository/Sidebar Menu/Mesin Kasir/Kasir/Estimasi Detail Pesanan/Keranjangbtn'

2018-09-13 11:32:15 - [MESSAGE][PASSED] - Tapped on element 'Object Repository/Sidebar Menu/Mesin Kasir/Kasir/Estimasi Detail Pesanan/Keranjangbtn'

2018-09-13 11:32:15 - [TEST_STEP][PASSED] - comment: Ringkasan Pesanan Onboarding

2018-09-13 11:32:15 - [TEST_STEP][PASSED] - waitForElementPresent: Element 'Object Repository/Sidebar Menu/Mesin Kasir/Kasir/Ringkasan Pesanan/Diskon Tambahan/Tambah_Diskon' is present

2018-09-13 11:32:20 - [MESSAGE][PASSED] - Element 'Object Repository/Sidebar Menu/Mesin Kasir/Kasir/Ringkasan Pesanan/Diskon Tambahan/Tambah_Diskon' is present

2018-09-13 11:32:20 - [TEST_STEP][PASSED] - verifyElementAttributeValue: Object 'Object Repository/Sidebar Menu/Mesin Kasir/Kasir/Ringkasan Pesanan/Diskon Tambahan/Tambah_Diskon' has attribute 'content-desc' with value 'asubtotal_atext_additional_discount'

2018-09-13 11:32:28 - [MESSAGE][PASSED] - Object 'Object Repository/Sidebar Menu/Mesin Kasir/Kasir/Ringkasan Pesanan/Diskon Tambahan/Tambah_Diskon' has attribute 'content-desc' with value 'asubtotal_atext_additional_discount'

2018-09-13 11:32:28 - [TEST_STEP][PASSED] - verifyElementVisible: Element 'Object Repository/Sidebar Menu/Mesin Kasir/Kasir/Ringkasan Pesanan/Diskon Tambahan/Tambah_Diskon' is visible

2018-09-13 11:32:36 - [MESSAGE][PASSED] - Element 'Object Repository/Sidebar Menu/Mesin Kasir/Kasir/Ringkasan Pesanan/Diskon Tambahan/Tambah_Diskon' is visible

2018-09-13 11:32:36 - [TEST_STEP][PASSED] - waitForElementPresent: Element 'Object Repository/Sidebar Menu/Mesin Kasir/Kasir/Ringkasan Pesanan/Biaya Tambahan/Tambah_Biaya' is present

2018-09-13 11:32:40 - [MESSAGE][PASSED] - Element 'Object Repository/Sidebar Menu/Mesin Kasir/Kasir/Ringkasan Pesanan/Biaya Tambahan/Tambah_Biaya' is present

2018-09-13 11:32:40 - [TEST_STEP][PASSED] - verifyElementVisible: Element 'Object Repository/Sidebar Menu/Mesin Kasir/Kasir/Ringkasan Pesanan/Biaya Tambahan/Tambah_Biaya' is visible

2018-09-13 11:32:44 - [MESSAGE][PASSED] - Element 'Object Repository/Sidebar Menu/Mesin Kasir/Kasir/Ringkasan Pesanan/Biaya Tambahan/Tambah_Biaya' is visible

2018-09-13 11:32:44 - [TEST_STEP][PASSED] - verifyElementAttributeValue: Object 'Object Repository/Sidebar Menu/Mesin Kasir/Kasir/Ringkasan Pesanan/Biaya Tambahan/Tambah_Biaya' has attribute 'content-desc' with value 'asubtotal_abutton_additional_cost'

2018-09-13 11:32:48 - [MESSAGE][PASSED] - Object 'Object Repository/Sidebar Menu/Mesin Kasir/Kasir/Ringkasan Pesanan/Biaya Tambahan/Tambah_Biaya' has attribute 'content-desc' with value 'asubtotal_abutton_additional_cost'

2018-09-13 11:32:48 - [TEST_STEP][PASSED] - closeApplication: Close app successfully

2018-09-13 11:32:57 - [MESSAGE][PASSED] - Close app successfully]]></system-out>
         <system-err><![CDATA[]]></system-err>
      </testcase>
      <testcase name="Test Cases/Release 3 - Squad Hades/Sprint 1/Story 1770 - Additional Biaya Tambahan in shoopping cart/TC 2 - Click X button from Biaya Tambahan field to Cancel and check contain" classname="Test Cases/Release 3 - Squad Hades/Sprint 1/Story 1770 - Additional Biaya Tambahan in shoopping cart/TC 2 - Click X button from Biaya Tambahan field to Cancel and check contain" status="PASSED">
         <system-out><![CDATA[2018-09-13 11:32:57 - [TEST_CASE][PASSED] - Test Cases/Release 3 - Squad Hades/Sprint 1/Story 1770 - Additional Biaya Tambahan in shoopping cart/TC 2 - Click X button from Biaya Tambahan field to Cancel and check contain: Test Cases/Release 3 - Squad Hades/Sprint 1/Story 1770 - Additional Biaya Tambahan in shoopping cart/TC 2 - Click X button from Biaya Tambahan field to Cancel and check contain

2018-09-13 11:32:57 - [TEST_STEP][PASSED] - comment: WELCOME SCREEN

2018-09-13 11:32:57 - [TEST_STEP][PASSED] - Statement - apkPath = apkName: null

2018-09-13 11:32:57 - [TEST_STEP][PASSED] - startApplication: Started app at: 'C:\Users\AV2017005903\Documents\apollo-automation\7 September.apk'

2018-09-13 11:33:32 - [MESSAGE][PASSED] - Started app at: 'C:\Users\AV2017005903\Documents\apollo-automation\7 September.apk'

2018-09-13 11:33:32 - [TEST_STEP][PASSED] - delay: Delayed 15 second(s)

2018-09-13 11:33:47 - [MESSAGE][PASSED] - Delayed 15 second(s)

2018-09-13 11:33:47 - [TEST_STEP][PASSED] - Comment - "If there is a Update TopuUp, click No, Else you can delay for waiting lazyload ": null

2018-09-13 11:33:47 - [TEST_STEP][PASSED] - Statement - driver = com.kms.katalon.core.mobile.keyword.internal.MobileDriverFactory.getDriver(): null

2018-09-13 11:33:47 - [TEST_STEP][PASSED] - Statement - action = new io.appium.java_client.TouchAction(driver): null

2018-09-13 11:33:47 - [TEST_STEP][PASSED] - Statement - action.longPress(550, 300).moveTo(100, 300).release().perform(): null

2018-09-13 11:33:50 - [TEST_STEP][PASSED] - delay: Delayed 8 second(s)

2018-09-13 11:33:58 - [MESSAGE][PASSED] - Delayed 8 second(s)

2018-09-13 11:33:58 - [TEST_STEP][PASSED] - Statement - action.longPress(550, 300).moveTo(100, 300).release().perform(): null

2018-09-13 11:34:01 - [TEST_STEP][PASSED] - delay: Delayed 8 second(s)

2018-09-13 11:34:09 - [MESSAGE][PASSED] - Delayed 8 second(s)

2018-09-13 11:34:09 - [TEST_STEP][PASSED] - Statement - action.longPress(550, 300).moveTo(100, 300).release().perform(): null

2018-09-13 11:34:12 - [TEST_STEP][PASSED] - delay: Delayed 8 second(s)

2018-09-13 11:34:20 - [MESSAGE][PASSED] - Delayed 8 second(s)

2018-09-13 11:34:20 - [TEST_STEP][PASSED] - Statement - action.longPress(550, 300).moveTo(100, 300).release().perform(): null

2018-09-13 11:34:22 - [TEST_STEP][PASSED] - delay: Delayed 8 second(s)

2018-09-13 11:34:30 - [MESSAGE][PASSED] - Delayed 8 second(s)

2018-09-13 11:34:30 - [TEST_STEP][PASSED] - waitForElementPresent: Element 'Object Repository/Splash Screen/Mulai - Button' is present

2018-09-13 11:34:31 - [MESSAGE][WARNING] - Timeout '0' is invalid. Using default page load timeout: '30'

2018-09-13 11:34:33 - [MESSAGE][PASSED] - Element 'Object Repository/Splash Screen/Mulai - Button' is present

2018-09-13 11:34:33 - [TEST_STEP][PASSED] - tap: Tapped on element 'Object Repository/Splash Screen/Mulai - Button'

2018-09-13 11:34:33 - [MESSAGE][WARNING] - Timeout '0' is invalid. Using default page load timeout: '30'

2018-09-13 11:34:38 - [MESSAGE][PASSED] - Tapped on element 'Object Repository/Splash Screen/Mulai - Button'

2018-09-13 11:34:38 - [TEST_STEP][PASSED] - comment: end Welcome Screen

2018-09-13 11:34:38 - [TEST_STEP][PASSED] - comment: LOGIN

2018-09-13 11:34:38 - [TEST_STEP][PASSED] - waitForElementPresent: Element 'Object Repository/Login/Nomor HP  Nama Pengguna - Text Box' is present

2018-09-13 11:34:42 - [MESSAGE][PASSED] - Element 'Object Repository/Login/Nomor HP  Nama Pengguna - Text Box' is present

2018-09-13 11:34:42 - [TEST_STEP][PASSED] - verifyElementAttributeValue: Object 'Object Repository/Login/Nomor HP  Nama Pengguna - Text Box' has attribute 'content-desc' with value 'LoginNameTextInput'

2018-09-13 11:34:46 - [MESSAGE][PASSED] - Object 'Object Repository/Login/Nomor HP  Nama Pengguna - Text Box' has attribute 'content-desc' with value 'LoginNameTextInput'

2018-09-13 11:34:46 - [TEST_STEP][PASSED] - setText: Text '08112233445567' has been set to element 'Object Repository/Login/Nomor HP  Nama Pengguna - Text Box'

2018-09-13 11:35:04 - [MESSAGE][PASSED] - Text '08112233445567' has been set to element 'Object Repository/Login/Nomor HP  Nama Pengguna - Text Box'

2018-09-13 11:35:04 - [TEST_STEP][PASSED] - hideKeyboard: Keyboard is hidden

2018-09-13 11:35:04 - [MESSAGE][PASSED] - Keyboard is hidden

2018-09-13 11:35:05 - [TEST_STEP][PASSED] - verifyElementText: Actual text and expected text of test object 'Object Repository/Login/Nomor HP  Nama Pengguna - Text Box' are matched.

2018-09-13 11:35:08 - [MESSAGE][PASSED] - Actual text and expected text of test object 'Object Repository/Login/Nomor HP  Nama Pengguna - Text Box' are matched.

2018-09-13 11:35:08 - [TEST_STEP][PASSED] - waitForElementPresent: Element 'Object Repository/Login/Button Masuk' is present

2018-09-13 11:35:11 - [MESSAGE][PASSED] - Element 'Object Repository/Login/Button Masuk' is present

2018-09-13 11:35:11 - [TEST_STEP][PASSED] - verifyElementAttributeValue: Object 'Object Repository/Login/Button Masuk' has attribute 'content-desc' with value 'LoginJumpNextBtn'

2018-09-13 11:35:15 - [MESSAGE][PASSED] - Object 'Object Repository/Login/Button Masuk' has attribute 'content-desc' with value 'LoginJumpNextBtn'

2018-09-13 11:35:15 - [TEST_STEP][PASSED] - tap: Tapped on element 'Object Repository/Login/Button Masuk'

2018-09-13 11:35:21 - [MESSAGE][PASSED] - Tapped on element 'Object Repository/Login/Button Masuk'

2018-09-13 11:35:21 - [TEST_STEP][PASSED] - waitForElementPresent: Element 'Object Repository/Login/Input Pin' is present

2018-09-13 11:35:25 - [MESSAGE][PASSED] - Element 'Object Repository/Login/Input Pin' is present

2018-09-13 11:35:25 - [TEST_STEP][PASSED] - verifyElementAttributeValue: Object 'Object Repository/Login/Input Pin' has attribute 'content-desc' with value 'pinCircleFocus'

2018-09-13 11:35:30 - [MESSAGE][PASSED] - Object 'Object Repository/Login/Input Pin' has attribute 'content-desc' with value 'pinCircleFocus'

2018-09-13 11:35:30 - [TEST_STEP][PASSED] - tap: Tapped on element 'Object Repository/Login/Input Pin'

2018-09-13 11:35:36 - [MESSAGE][PASSED] - Tapped on element 'Object Repository/Login/Input Pin'

2018-09-13 11:35:36 - [TEST_STEP][PASSED] - setText: Text '123456' has been set to element 'Object Repository/Login/Input Pin'

2018-09-13 11:35:56 - [MESSAGE][PASSED] - Text '123456' has been set to element 'Object Repository/Login/Input Pin'

2018-09-13 11:35:56 - [TEST_STEP][PASSED] - delay: Delayed 5 second(s)

2018-09-13 11:36:01 - [MESSAGE][PASSED] - Delayed 5 second(s)

2018-09-13 11:36:01 - [TEST_STEP][PASSED] - comment: End Login Test Case

2018-09-13 11:36:01 - [TEST_STEP][PASSED] - waitForElementPresent: Element 'Object Repository/Sidebar Menu/Biaya/HamburgerButton' is present

2018-09-13 11:36:09 - [MESSAGE][PASSED] - Element 'Object Repository/Sidebar Menu/Biaya/HamburgerButton' is present

2018-09-13 11:36:09 - [TEST_STEP][PASSED] - comment: MESIN KASIR

2018-09-13 11:36:09 - [TEST_STEP][PASSED] - verifyElementAttributeValue: Object 'Object Repository/Sidebar Menu/Biaya/HamburgerButton' has attribute 'content-desc' with value 'headerBar_button_hamburgerMenu'

2018-09-13 11:36:16 - [MESSAGE][PASSED] - Object 'Object Repository/Sidebar Menu/Biaya/HamburgerButton' has attribute 'content-desc' with value 'headerBar_button_hamburgerMenu'

2018-09-13 11:36:16 - [TEST_STEP][PASSED] - tap: Tapped on element 'Object Repository/Sidebar Menu/Biaya/HamburgerButton'

2018-09-13 11:36:22 - [MESSAGE][PASSED] - Tapped on element 'Object Repository/Sidebar Menu/Biaya/HamburgerButton'

2018-09-13 11:36:22 - [TEST_STEP][PASSED] - waitForElementPresent: Element 'Object Repository/Sidebar Menu/Mesin Kasir/Kasir/Dashboard Kasir/Kasir' is present

2018-09-13 11:36:26 - [MESSAGE][PASSED] - Element 'Object Repository/Sidebar Menu/Mesin Kasir/Kasir/Dashboard Kasir/Kasir' is present

2018-09-13 11:36:26 - [TEST_STEP][PASSED] - verifyElementAttributeValue: Object 'Object Repository/Sidebar Menu/Mesin Kasir/Kasir/Dashboard Kasir/Kasir' has attribute 'content-desc' with value 'drawerContainer_button_cashierSwitch'

2018-09-13 11:36:30 - [MESSAGE][PASSED] - Object 'Object Repository/Sidebar Menu/Mesin Kasir/Kasir/Dashboard Kasir/Kasir' has attribute 'content-desc' with value 'drawerContainer_button_cashierSwitch'

2018-09-13 11:36:30 - [TEST_STEP][PASSED] - tap: Tapped on element 'Object Repository/Sidebar Menu/Mesin Kasir/Kasir/Dashboard Kasir/Kasir'

2018-09-13 11:36:36 - [MESSAGE][PASSED] - Tapped on element 'Object Repository/Sidebar Menu/Mesin Kasir/Kasir/Dashboard Kasir/Kasir'

2018-09-13 11:36:36 - [TEST_STEP][PASSED] - waitForElementPresent: Element 'Object Repository/Sidebar Menu/Mesin Kasir/Kasir/Dashboard Kasir/ListProduk 1' is present

2018-09-13 11:36:44 - [MESSAGE][PASSED] - Element 'Object Repository/Sidebar Menu/Mesin Kasir/Kasir/Dashboard Kasir/ListProduk 1' is present

2018-09-13 11:36:44 - [TEST_STEP][PASSED] - verifyElementAttributeValue: Object 'Object Repository/Sidebar Menu/Mesin Kasir/Kasir/Dashboard Kasir/ListProduk 1' has attribute 'content-desc' with value 'productSalesItem0'

2018-09-13 11:36:49 - [MESSAGE][PASSED] - Object 'Object Repository/Sidebar Menu/Mesin Kasir/Kasir/Dashboard Kasir/ListProduk 1' has attribute 'content-desc' with value 'productSalesItem0'

2018-09-13 11:36:49 - [TEST_STEP][PASSED] - Statement - For (def index : (0..1)): Tapped on element 'Object Repository/Sidebar Menu/Mesin Kasir/Kasir/Dashboard Kasir/ListProduk 1'

2018-09-13 11:36:49 - [TEST_STEP][PASSED] - tap: Tapped on element 'Object Repository/Sidebar Menu/Mesin Kasir/Kasir/Dashboard Kasir/ListProduk 1'

2018-09-13 11:36:54 - [MESSAGE][PASSED] - Tapped on element 'Object Repository/Sidebar Menu/Mesin Kasir/Kasir/Dashboard Kasir/ListProduk 1'

2018-09-13 11:36:54 - [TEST_STEP][PASSED] - tap: Tapped on element 'Object Repository/Sidebar Menu/Mesin Kasir/Kasir/Dashboard Kasir/ListProduk 1'

2018-09-13 11:37:00 - [MESSAGE][PASSED] - Tapped on element 'Object Repository/Sidebar Menu/Mesin Kasir/Kasir/Dashboard Kasir/ListProduk 1'

2018-09-13 11:37:00 - [TEST_STEP][PASSED] - Statement - For (def index : (0..1)): Tapped on element 'Object Repository/Sidebar Menu/Mesin Kasir/Kasir/Dashboard Kasir/ListProduk 2'

2018-09-13 11:37:00 - [TEST_STEP][PASSED] - tap: Tapped on element 'Object Repository/Sidebar Menu/Mesin Kasir/Kasir/Dashboard Kasir/ListProduk 2'

2018-09-13 11:37:06 - [MESSAGE][PASSED] - Tapped on element 'Object Repository/Sidebar Menu/Mesin Kasir/Kasir/Dashboard Kasir/ListProduk 2'

2018-09-13 11:37:06 - [TEST_STEP][PASSED] - tap: Tapped on element 'Object Repository/Sidebar Menu/Mesin Kasir/Kasir/Dashboard Kasir/ListProduk 2'

2018-09-13 11:37:13 - [MESSAGE][PASSED] - Tapped on element 'Object Repository/Sidebar Menu/Mesin Kasir/Kasir/Dashboard Kasir/ListProduk 2'

2018-09-13 11:37:13 - [TEST_STEP][PASSED] - waitForElementPresent: Element 'Object Repository/Sidebar Menu/Mesin Kasir/Kasir/Estimasi Detail Pesanan/Keranjangbtn' is present

2018-09-13 11:37:15 - [MESSAGE][PASSED] - Element 'Object Repository/Sidebar Menu/Mesin Kasir/Kasir/Estimasi Detail Pesanan/Keranjangbtn' is present

2018-09-13 11:37:15 - [TEST_STEP][PASSED] - tap: Tapped on element 'Object Repository/Sidebar Menu/Mesin Kasir/Kasir/Estimasi Detail Pesanan/Keranjangbtn'

2018-09-13 11:37:19 - [MESSAGE][PASSED] - Tapped on element 'Object Repository/Sidebar Menu/Mesin Kasir/Kasir/Estimasi Detail Pesanan/Keranjangbtn'

2018-09-13 11:37:19 - [TEST_STEP][PASSED] - comment: Ringkasan Pesanan Onboarding

2018-09-13 11:37:19 - [TEST_STEP][PASSED] - waitForElementPresent: Element 'Object Repository/Sidebar Menu/Mesin Kasir/Kasir/Ringkasan Pesanan/Diskon Tambahan/Tambah_Diskon' is present

2018-09-13 11:37:24 - [MESSAGE][PASSED] - Element 'Object Repository/Sidebar Menu/Mesin Kasir/Kasir/Ringkasan Pesanan/Diskon Tambahan/Tambah_Diskon' is present

2018-09-13 11:37:24 - [TEST_STEP][PASSED] - verifyElementAttributeValue: Object 'Object Repository/Sidebar Menu/Mesin Kasir/Kasir/Ringkasan Pesanan/Diskon Tambahan/Tambah_Diskon' has attribute 'content-desc' with value 'asubtotal_atext_additional_discount'

2018-09-13 11:37:29 - [MESSAGE][PASSED] - Object 'Object Repository/Sidebar Menu/Mesin Kasir/Kasir/Ringkasan Pesanan/Diskon Tambahan/Tambah_Diskon' has attribute 'content-desc' with value 'asubtotal_atext_additional_discount'

2018-09-13 11:37:29 - [TEST_STEP][PASSED] - verifyElementVisible: Element 'Object Repository/Sidebar Menu/Mesin Kasir/Kasir/Ringkasan Pesanan/Diskon Tambahan/Tambah_Diskon' is visible

2018-09-13 11:37:35 - [MESSAGE][PASSED] - Element 'Object Repository/Sidebar Menu/Mesin Kasir/Kasir/Ringkasan Pesanan/Diskon Tambahan/Tambah_Diskon' is visible

2018-09-13 11:37:35 - [TEST_STEP][PASSED] - waitForElementPresent: Element 'Object Repository/Sidebar Menu/Mesin Kasir/Kasir/Ringkasan Pesanan/Biaya Tambahan/Tambah_Biaya' is present

2018-09-13 11:37:43 - [MESSAGE][PASSED] - Element 'Object Repository/Sidebar Menu/Mesin Kasir/Kasir/Ringkasan Pesanan/Biaya Tambahan/Tambah_Biaya' is present

2018-09-13 11:37:43 - [TEST_STEP][PASSED] - verifyElementAttributeValue: Object 'Object Repository/Sidebar Menu/Mesin Kasir/Kasir/Ringkasan Pesanan/Biaya Tambahan/Tambah_Biaya' has attribute 'content-desc' with value 'asubtotal_abutton_additional_cost'

2018-09-13 11:37:47 - [MESSAGE][PASSED] - Object 'Object Repository/Sidebar Menu/Mesin Kasir/Kasir/Ringkasan Pesanan/Biaya Tambahan/Tambah_Biaya' has attribute 'content-desc' with value 'asubtotal_abutton_additional_cost'

2018-09-13 11:37:47 - [TEST_STEP][PASSED] - tap: Tapped on element 'Object Repository/Sidebar Menu/Mesin Kasir/Kasir/Ringkasan Pesanan/Biaya Tambahan/Tambah_Biaya'

2018-09-13 11:37:54 - [MESSAGE][PASSED] - Tapped on element 'Object Repository/Sidebar Menu/Mesin Kasir/Kasir/Ringkasan Pesanan/Biaya Tambahan/Tambah_Biaya'

2018-09-13 11:37:54 - [TEST_STEP][PASSED] - waitForElementPresent: Element 'Object Repository/Sidebar Menu/Mesin Kasir/Kasir/Ringkasan Pesanan/Biaya Tambahan/TambahBiaya - JudulDropdown' is present

2018-09-13 11:37:58 - [MESSAGE][PASSED] - Element 'Object Repository/Sidebar Menu/Mesin Kasir/Kasir/Ringkasan Pesanan/Biaya Tambahan/TambahBiaya - JudulDropdown' is present

2018-09-13 11:37:58 - [TEST_STEP][PASSED] - verifyElementAttributeValue: Object 'Object Repository/Sidebar Menu/Mesin Kasir/Kasir/Ringkasan Pesanan/Biaya Tambahan/TambahBiaya - JudulDropdown' has attribute 'content-desc' with value 'additionalCost_icon_costType'

2018-09-13 11:38:02 - [MESSAGE][PASSED] - Object 'Object Repository/Sidebar Menu/Mesin Kasir/Kasir/Ringkasan Pesanan/Biaya Tambahan/TambahBiaya - JudulDropdown' has attribute 'content-desc' with value 'additionalCost_icon_costType'

2018-09-13 11:38:02 - [TEST_STEP][PASSED] - tap: Tapped on element 'Object Repository/Sidebar Menu/Mesin Kasir/Kasir/Ringkasan Pesanan/Biaya Tambahan/TambahBiaya - JudulDropdown'

2018-09-13 11:38:07 - [MESSAGE][PASSED] - Tapped on element 'Object Repository/Sidebar Menu/Mesin Kasir/Kasir/Ringkasan Pesanan/Biaya Tambahan/TambahBiaya - JudulDropdown'

2018-09-13 11:38:07 - [TEST_STEP][PASSED] - waitForElementPresent: Element 'Object Repository/Sidebar Menu/Mesin Kasir/Kasir/Ringkasan Pesanan/Biaya Tambahan/TambahBiaya - JudulList2' is present

2018-09-13 11:38:15 - [MESSAGE][PASSED] - Element 'Object Repository/Sidebar Menu/Mesin Kasir/Kasir/Ringkasan Pesanan/Biaya Tambahan/TambahBiaya - JudulList2' is present

2018-09-13 11:38:15 - [TEST_STEP][PASSED] - verifyElementAttributeValue: Object 'Object Repository/Sidebar Menu/Mesin Kasir/Kasir/Ringkasan Pesanan/Biaya Tambahan/TambahBiaya - JudulList2' has attribute 'content-desc' with value 'additionalCost_text_costType_1'

2018-09-13 11:38:24 - [MESSAGE][PASSED] - Object 'Object Repository/Sidebar Menu/Mesin Kasir/Kasir/Ringkasan Pesanan/Biaya Tambahan/TambahBiaya - JudulList2' has attribute 'content-desc' with value 'additionalCost_text_costType_1'

2018-09-13 11:38:24 - [TEST_STEP][PASSED] - tap: Tapped on element 'Object Repository/Sidebar Menu/Mesin Kasir/Kasir/Ringkasan Pesanan/Biaya Tambahan/TambahBiaya - JudulList2'

2018-09-13 11:38:30 - [MESSAGE][PASSED] - Tapped on element 'Object Repository/Sidebar Menu/Mesin Kasir/Kasir/Ringkasan Pesanan/Biaya Tambahan/TambahBiaya - JudulList2'

2018-09-13 11:38:30 - [TEST_STEP][PASSED] - waitForElementPresent: Element 'Object Repository/Sidebar Menu/Mesin Kasir/Kasir/Ringkasan Pesanan/Biaya Tambahan/TambahBiaya - BiayaEditTxt' is present

2018-09-13 11:38:34 - [MESSAGE][PASSED] - Element 'Object Repository/Sidebar Menu/Mesin Kasir/Kasir/Ringkasan Pesanan/Biaya Tambahan/TambahBiaya - BiayaEditTxt' is present

2018-09-13 11:38:34 - [TEST_STEP][PASSED] - verifyElementAttributeValue: Object 'Object Repository/Sidebar Menu/Mesin Kasir/Kasir/Ringkasan Pesanan/Biaya Tambahan/TambahBiaya - BiayaEditTxt' has attribute 'content-desc' with value 'additionalCost_input_costAmount'

2018-09-13 11:38:39 - [MESSAGE][PASSED] - Object 'Object Repository/Sidebar Menu/Mesin Kasir/Kasir/Ringkasan Pesanan/Biaya Tambahan/TambahBiaya - BiayaEditTxt' has attribute 'content-desc' with value 'additionalCost_input_costAmount'

2018-09-13 11:38:39 - [TEST_STEP][PASSED] - setText: Text '2000' has been set to element 'Object Repository/Sidebar Menu/Mesin Kasir/Kasir/Ringkasan Pesanan/Biaya Tambahan/TambahBiaya - BiayaEditTxt'

2018-09-13 11:38:55 - [MESSAGE][PASSED] - Text '2000' has been set to element 'Object Repository/Sidebar Menu/Mesin Kasir/Kasir/Ringkasan Pesanan/Biaya Tambahan/TambahBiaya - BiayaEditTxt'

2018-09-13 11:38:55 - [TEST_STEP][PASSED] - hideKeyboard: Keyboard is hidden

2018-09-13 11:38:55 - [MESSAGE][PASSED] - Keyboard is hidden

2018-09-13 11:38:56 - [TEST_STEP][PASSED] - waitForElementPresent: Element 'Object Repository/Sidebar Menu/Mesin Kasir/Kasir/Ringkasan Pesanan/Biaya Tambahan/TambahBiaya - SIMPANbtn' is present

2018-09-13 11:39:03 - [MESSAGE][PASSED] - Element 'Object Repository/Sidebar Menu/Mesin Kasir/Kasir/Ringkasan Pesanan/Biaya Tambahan/TambahBiaya - SIMPANbtn' is present

2018-09-13 11:39:03 - [TEST_STEP][PASSED] - verifyElementAttributeValue: Object 'Object Repository/Sidebar Menu/Mesin Kasir/Kasir/Ringkasan Pesanan/Biaya Tambahan/TambahBiaya - SIMPANbtn' has attribute 'content-desc' with value 'additionalCost_button_saveCost'

2018-09-13 11:39:08 - [MESSAGE][PASSED] - Object 'Object Repository/Sidebar Menu/Mesin Kasir/Kasir/Ringkasan Pesanan/Biaya Tambahan/TambahBiaya - SIMPANbtn' has attribute 'content-desc' with value 'additionalCost_button_saveCost'

2018-09-13 11:39:08 - [TEST_STEP][PASSED] - tap: Tapped on element 'Object Repository/Sidebar Menu/Mesin Kasir/Kasir/Ringkasan Pesanan/Biaya Tambahan/TambahBiaya - SIMPANbtn'

2018-09-13 11:39:12 - [MESSAGE][PASSED] - Tapped on element 'Object Repository/Sidebar Menu/Mesin Kasir/Kasir/Ringkasan Pesanan/Biaya Tambahan/TambahBiaya - SIMPANbtn'

2018-09-13 11:39:12 - [TEST_STEP][PASSED] - waitForElementPresent: Element 'Object Repository/Sidebar Menu/Mesin Kasir/Kasir/Ringkasan Pesanan/Biaya Tambahan/cross_button - BiayaKirim' is present

2018-09-13 11:39:19 - [MESSAGE][PASSED] - Element 'Object Repository/Sidebar Menu/Mesin Kasir/Kasir/Ringkasan Pesanan/Biaya Tambahan/cross_button - BiayaKirim' is present

2018-09-13 11:39:19 - [TEST_STEP][PASSED] - verifyElementAttributeValue: Object 'Object Repository/Sidebar Menu/Mesin Kasir/Kasir/Ringkasan Pesanan/Biaya Tambahan/cross_button - BiayaKirim' has attribute 'content-desc' with value 'asubtotal_abutton_additional_cost_clear'

2018-09-13 11:39:23 - [MESSAGE][PASSED] - Object 'Object Repository/Sidebar Menu/Mesin Kasir/Kasir/Ringkasan Pesanan/Biaya Tambahan/cross_button - BiayaKirim' has attribute 'content-desc' with value 'asubtotal_abutton_additional_cost_clear'

2018-09-13 11:39:23 - [TEST_STEP][PASSED] - tap: Tapped on element 'Object Repository/Sidebar Menu/Mesin Kasir/Kasir/Ringkasan Pesanan/Biaya Tambahan/cross_button - BiayaKirim'

2018-09-13 11:39:28 - [MESSAGE][PASSED] - Tapped on element 'Object Repository/Sidebar Menu/Mesin Kasir/Kasir/Ringkasan Pesanan/Biaya Tambahan/cross_button - BiayaKirim'

2018-09-13 11:39:28 - [TEST_STEP][PASSED] - waitForElementPresent: Element 'Object Repository/Sidebar Menu/Mesin Kasir/Kasir/Ringkasan Pesanan/Biaya Tambahan/Tambah_Biaya' is present

2018-09-13 11:39:35 - [MESSAGE][PASSED] - Element 'Object Repository/Sidebar Menu/Mesin Kasir/Kasir/Ringkasan Pesanan/Biaya Tambahan/Tambah_Biaya' is present

2018-09-13 11:39:35 - [TEST_STEP][PASSED] - verifyElementVisible: Element 'Object Repository/Sidebar Menu/Mesin Kasir/Kasir/Ringkasan Pesanan/Biaya Tambahan/Tambah_Biaya' is visible

2018-09-13 11:39:43 - [MESSAGE][PASSED] - Element 'Object Repository/Sidebar Menu/Mesin Kasir/Kasir/Ringkasan Pesanan/Biaya Tambahan/Tambah_Biaya' is visible

2018-09-13 11:39:43 - [TEST_STEP][PASSED] - verifyElementAttributeValue: Object 'Object Repository/Sidebar Menu/Mesin Kasir/Kasir/Ringkasan Pesanan/Biaya Tambahan/Tambah_Biaya' has attribute 'content-desc' with value 'asubtotal_abutton_additional_cost'

2018-09-13 11:39:47 - [MESSAGE][PASSED] - Object 'Object Repository/Sidebar Menu/Mesin Kasir/Kasir/Ringkasan Pesanan/Biaya Tambahan/Tambah_Biaya' has attribute 'content-desc' with value 'asubtotal_abutton_additional_cost'

2018-09-13 11:39:47 - [TEST_STEP][PASSED] - closeApplication: Close app successfully

2018-09-13 11:39:54 - [MESSAGE][PASSED] - Close app successfully]]></system-out>
         <system-err><![CDATA[]]></system-err>
      </testcase>
      <testcase name="Test Cases/Release 3 - Squad Hades/Sprint 1/Story 1770 - Additional Biaya Tambahan in shoopping cart/TC 3 - Edit Biaya Tambahan" classname="Test Cases/Release 3 - Squad Hades/Sprint 1/Story 1770 - Additional Biaya Tambahan in shoopping cart/TC 3 - Edit Biaya Tambahan" status="PASSED">
         <system-out><![CDATA[2018-09-13 11:39:54 - [TEST_CASE][PASSED] - Test Cases/Release 3 - Squad Hades/Sprint 1/Story 1770 - Additional Biaya Tambahan in shoopping cart/TC 3 - Edit Biaya Tambahan: Test Cases/Release 3 - Squad Hades/Sprint 1/Story 1770 - Additional Biaya Tambahan in shoopping cart/TC 3 - Edit Biaya Tambahan

2018-09-13 11:39:54 - [TEST_STEP][PASSED] - comment: WELCOME SCREEN

2018-09-13 11:39:54 - [TEST_STEP][PASSED] - Statement - apkPath = apkName: null

2018-09-13 11:39:54 - [TEST_STEP][PASSED] - startApplication: Started app at: 'C:\Users\AV2017005903\Documents\apollo-automation\7 September.apk'

2018-09-13 11:40:30 - [MESSAGE][PASSED] - Started app at: 'C:\Users\AV2017005903\Documents\apollo-automation\7 September.apk'

2018-09-13 11:40:30 - [TEST_STEP][PASSED] - delay: Delayed 15 second(s)

2018-09-13 11:40:45 - [MESSAGE][PASSED] - Delayed 15 second(s)

2018-09-13 11:40:45 - [TEST_STEP][PASSED] - Comment - "If there is a Update TopuUp, click No, Else you can delay for waiting lazyload ": null

2018-09-13 11:40:45 - [TEST_STEP][PASSED] - Statement - driver = com.kms.katalon.core.mobile.keyword.internal.MobileDriverFactory.getDriver(): null

2018-09-13 11:40:45 - [TEST_STEP][PASSED] - Statement - action = new io.appium.java_client.TouchAction(driver): null

2018-09-13 11:40:45 - [TEST_STEP][PASSED] - Statement - action.longPress(550, 300).moveTo(100, 300).release().perform(): null

2018-09-13 11:40:48 - [TEST_STEP][PASSED] - delay: Delayed 8 second(s)

2018-09-13 11:40:56 - [MESSAGE][PASSED] - Delayed 8 second(s)

2018-09-13 11:40:56 - [TEST_STEP][PASSED] - Statement - action.longPress(550, 300).moveTo(100, 300).release().perform(): null

2018-09-13 11:40:59 - [TEST_STEP][PASSED] - delay: Delayed 8 second(s)

2018-09-13 11:41:07 - [MESSAGE][PASSED] - Delayed 8 second(s)

2018-09-13 11:41:07 - [TEST_STEP][PASSED] - Statement - action.longPress(550, 300).moveTo(100, 300).release().perform(): null

2018-09-13 11:41:10 - [TEST_STEP][PASSED] - delay: Delayed 8 second(s)

2018-09-13 11:41:18 - [MESSAGE][PASSED] - Delayed 8 second(s)

2018-09-13 11:41:18 - [TEST_STEP][PASSED] - Statement - action.longPress(550, 300).moveTo(100, 300).release().perform(): null

2018-09-13 11:41:20 - [TEST_STEP][PASSED] - delay: Delayed 8 second(s)

2018-09-13 11:41:28 - [MESSAGE][PASSED] - Delayed 8 second(s)

2018-09-13 11:41:28 - [TEST_STEP][PASSED] - waitForElementPresent: Element 'Object Repository/Splash Screen/Mulai - Button' is present

2018-09-13 11:41:29 - [MESSAGE][WARNING] - Timeout '0' is invalid. Using default page load timeout: '30'

2018-09-13 11:41:32 - [MESSAGE][PASSED] - Element 'Object Repository/Splash Screen/Mulai - Button' is present

2018-09-13 11:41:32 - [TEST_STEP][PASSED] - tap: Tapped on element 'Object Repository/Splash Screen/Mulai - Button'

2018-09-13 11:41:32 - [MESSAGE][WARNING] - Timeout '0' is invalid. Using default page load timeout: '30'

2018-09-13 11:41:40 - [MESSAGE][PASSED] - Tapped on element 'Object Repository/Splash Screen/Mulai - Button'

2018-09-13 11:41:40 - [TEST_STEP][PASSED] - comment: end Welcome Screen

2018-09-13 11:41:40 - [TEST_STEP][PASSED] - comment: LOGIN

2018-09-13 11:41:40 - [TEST_STEP][PASSED] - waitForElementPresent: Element 'Object Repository/Login/Nomor HP  Nama Pengguna - Text Box' is present

2018-09-13 11:41:44 - [MESSAGE][PASSED] - Element 'Object Repository/Login/Nomor HP  Nama Pengguna - Text Box' is present

2018-09-13 11:41:44 - [TEST_STEP][PASSED] - verifyElementAttributeValue: Object 'Object Repository/Login/Nomor HP  Nama Pengguna - Text Box' has attribute 'content-desc' with value 'LoginNameTextInput'

2018-09-13 11:41:48 - [MESSAGE][PASSED] - Object 'Object Repository/Login/Nomor HP  Nama Pengguna - Text Box' has attribute 'content-desc' with value 'LoginNameTextInput'

2018-09-13 11:41:48 - [TEST_STEP][PASSED] - setText: Text '08112233445567' has been set to element 'Object Repository/Login/Nomor HP  Nama Pengguna - Text Box'

2018-09-13 11:42:11 - [MESSAGE][PASSED] - Text '08112233445567' has been set to element 'Object Repository/Login/Nomor HP  Nama Pengguna - Text Box'

2018-09-13 11:42:11 - [TEST_STEP][PASSED] - hideKeyboard: Keyboard is hidden

2018-09-13 11:42:12 - [MESSAGE][PASSED] - Keyboard is hidden

2018-09-13 11:42:12 - [TEST_STEP][PASSED] - verifyElementText: Actual text and expected text of test object 'Object Repository/Login/Nomor HP  Nama Pengguna - Text Box' are matched.

2018-09-13 11:42:16 - [MESSAGE][PASSED] - Actual text and expected text of test object 'Object Repository/Login/Nomor HP  Nama Pengguna - Text Box' are matched.

2018-09-13 11:42:16 - [TEST_STEP][PASSED] - waitForElementPresent: Element 'Object Repository/Login/Button Masuk' is present

2018-09-13 11:42:19 - [MESSAGE][PASSED] - Element 'Object Repository/Login/Button Masuk' is present

2018-09-13 11:42:19 - [TEST_STEP][PASSED] - verifyElementAttributeValue: Object 'Object Repository/Login/Button Masuk' has attribute 'content-desc' with value 'LoginJumpNextBtn'

2018-09-13 11:42:27 - [MESSAGE][PASSED] - Object 'Object Repository/Login/Button Masuk' has attribute 'content-desc' with value 'LoginJumpNextBtn'

2018-09-13 11:42:27 - [TEST_STEP][PASSED] - tap: Tapped on element 'Object Repository/Login/Button Masuk'

2018-09-13 11:42:37 - [MESSAGE][PASSED] - Tapped on element 'Object Repository/Login/Button Masuk'

2018-09-13 11:42:37 - [TEST_STEP][PASSED] - waitForElementPresent: Element 'Object Repository/Login/Input Pin' is present

2018-09-13 11:42:44 - [MESSAGE][PASSED] - Element 'Object Repository/Login/Input Pin' is present

2018-09-13 11:42:44 - [TEST_STEP][PASSED] - verifyElementAttributeValue: Object 'Object Repository/Login/Input Pin' has attribute 'content-desc' with value 'pinCircleFocus'

2018-09-13 11:42:48 - [MESSAGE][PASSED] - Object 'Object Repository/Login/Input Pin' has attribute 'content-desc' with value 'pinCircleFocus'

2018-09-13 11:42:48 - [TEST_STEP][PASSED] - tap: Tapped on element 'Object Repository/Login/Input Pin'

2018-09-13 11:42:54 - [MESSAGE][PASSED] - Tapped on element 'Object Repository/Login/Input Pin'

2018-09-13 11:42:54 - [TEST_STEP][PASSED] - setText: Text '123456' has been set to element 'Object Repository/Login/Input Pin'

2018-09-13 11:43:16 - [MESSAGE][PASSED] - Text '123456' has been set to element 'Object Repository/Login/Input Pin'

2018-09-13 11:43:16 - [TEST_STEP][PASSED] - delay: Delayed 5 second(s)

2018-09-13 11:43:21 - [MESSAGE][PASSED] - Delayed 5 second(s)

2018-09-13 11:43:21 - [TEST_STEP][PASSED] - comment: End Login Test Case

2018-09-13 11:43:21 - [TEST_STEP][PASSED] - waitForElementPresent: Element 'Object Repository/Sidebar Menu/Biaya/HamburgerButton' is present

2018-09-13 11:43:24 - [MESSAGE][PASSED] - Element 'Object Repository/Sidebar Menu/Biaya/HamburgerButton' is present

2018-09-13 11:43:24 - [TEST_STEP][PASSED] - comment: MESIN KASIR

2018-09-13 11:43:24 - [TEST_STEP][PASSED] - verifyElementAttributeValue: Object 'Object Repository/Sidebar Menu/Biaya/HamburgerButton' has attribute 'content-desc' with value 'headerBar_button_hamburgerMenu'

2018-09-13 11:43:28 - [MESSAGE][PASSED] - Object 'Object Repository/Sidebar Menu/Biaya/HamburgerButton' has attribute 'content-desc' with value 'headerBar_button_hamburgerMenu'

2018-09-13 11:43:28 - [TEST_STEP][PASSED] - tap: Tapped on element 'Object Repository/Sidebar Menu/Biaya/HamburgerButton'

2018-09-13 11:43:33 - [MESSAGE][PASSED] - Tapped on element 'Object Repository/Sidebar Menu/Biaya/HamburgerButton'

2018-09-13 11:43:33 - [TEST_STEP][PASSED] - waitForElementPresent: Element 'Object Repository/Sidebar Menu/Mesin Kasir/Kasir/Dashboard Kasir/Kasir' is present

2018-09-13 11:43:40 - [MESSAGE][PASSED] - Element 'Object Repository/Sidebar Menu/Mesin Kasir/Kasir/Dashboard Kasir/Kasir' is present

2018-09-13 11:43:40 - [TEST_STEP][PASSED] - verifyElementAttributeValue: Object 'Object Repository/Sidebar Menu/Mesin Kasir/Kasir/Dashboard Kasir/Kasir' has attribute 'content-desc' with value 'drawerContainer_button_cashierSwitch'

2018-09-13 11:43:48 - [MESSAGE][PASSED] - Object 'Object Repository/Sidebar Menu/Mesin Kasir/Kasir/Dashboard Kasir/Kasir' has attribute 'content-desc' with value 'drawerContainer_button_cashierSwitch'

2018-09-13 11:43:48 - [TEST_STEP][PASSED] - tap: Tapped on element 'Object Repository/Sidebar Menu/Mesin Kasir/Kasir/Dashboard Kasir/Kasir'

2018-09-13 11:43:53 - [MESSAGE][PASSED] - Tapped on element 'Object Repository/Sidebar Menu/Mesin Kasir/Kasir/Dashboard Kasir/Kasir'

2018-09-13 11:43:53 - [TEST_STEP][PASSED] - waitForElementPresent: Element 'Object Repository/Sidebar Menu/Mesin Kasir/Kasir/Dashboard Kasir/ListProduk 1' is present

2018-09-13 11:43:58 - [MESSAGE][PASSED] - Element 'Object Repository/Sidebar Menu/Mesin Kasir/Kasir/Dashboard Kasir/ListProduk 1' is present

2018-09-13 11:43:58 - [TEST_STEP][PASSED] - verifyElementAttributeValue: Object 'Object Repository/Sidebar Menu/Mesin Kasir/Kasir/Dashboard Kasir/ListProduk 1' has attribute 'content-desc' with value 'productSalesItem0'

2018-09-13 11:44:02 - [MESSAGE][PASSED] - Object 'Object Repository/Sidebar Menu/Mesin Kasir/Kasir/Dashboard Kasir/ListProduk 1' has attribute 'content-desc' with value 'productSalesItem0'

2018-09-13 11:44:02 - [TEST_STEP][PASSED] - Statement - For (def index : (0..1)): Tapped on element 'Object Repository/Sidebar Menu/Mesin Kasir/Kasir/Dashboard Kasir/ListProduk 1'

2018-09-13 11:44:02 - [TEST_STEP][PASSED] - tap: Tapped on element 'Object Repository/Sidebar Menu/Mesin Kasir/Kasir/Dashboard Kasir/ListProduk 1'

2018-09-13 11:44:07 - [MESSAGE][PASSED] - Tapped on element 'Object Repository/Sidebar Menu/Mesin Kasir/Kasir/Dashboard Kasir/ListProduk 1'

2018-09-13 11:44:07 - [TEST_STEP][PASSED] - tap: Tapped on element 'Object Repository/Sidebar Menu/Mesin Kasir/Kasir/Dashboard Kasir/ListProduk 1'

2018-09-13 11:44:13 - [MESSAGE][PASSED] - Tapped on element 'Object Repository/Sidebar Menu/Mesin Kasir/Kasir/Dashboard Kasir/ListProduk 1'

2018-09-13 11:44:13 - [TEST_STEP][PASSED] - Statement - For (def index : (0..1)): Tapped on element 'Object Repository/Sidebar Menu/Mesin Kasir/Kasir/Dashboard Kasir/ListProduk 2'

2018-09-13 11:44:13 - [TEST_STEP][PASSED] - tap: Tapped on element 'Object Repository/Sidebar Menu/Mesin Kasir/Kasir/Dashboard Kasir/ListProduk 2'

2018-09-13 11:44:19 - [MESSAGE][PASSED] - Tapped on element 'Object Repository/Sidebar Menu/Mesin Kasir/Kasir/Dashboard Kasir/ListProduk 2'

2018-09-13 11:44:19 - [TEST_STEP][PASSED] - tap: Tapped on element 'Object Repository/Sidebar Menu/Mesin Kasir/Kasir/Dashboard Kasir/ListProduk 2'

2018-09-13 11:44:26 - [MESSAGE][PASSED] - Tapped on element 'Object Repository/Sidebar Menu/Mesin Kasir/Kasir/Dashboard Kasir/ListProduk 2'

2018-09-13 11:44:26 - [TEST_STEP][PASSED] - waitForElementPresent: Element 'Object Repository/Sidebar Menu/Mesin Kasir/Kasir/Estimasi Detail Pesanan/Keranjangbtn' is present

2018-09-13 11:44:28 - [MESSAGE][PASSED] - Element 'Object Repository/Sidebar Menu/Mesin Kasir/Kasir/Estimasi Detail Pesanan/Keranjangbtn' is present

2018-09-13 11:44:28 - [TEST_STEP][PASSED] - tap: Tapped on element 'Object Repository/Sidebar Menu/Mesin Kasir/Kasir/Estimasi Detail Pesanan/Keranjangbtn'

2018-09-13 11:44:34 - [MESSAGE][PASSED] - Tapped on element 'Object Repository/Sidebar Menu/Mesin Kasir/Kasir/Estimasi Detail Pesanan/Keranjangbtn'

2018-09-13 11:44:34 - [TEST_STEP][PASSED] - comment: Ringkasan Pesanan Onboarding

2018-09-13 11:44:34 - [TEST_STEP][PASSED] - waitForElementPresent: Element 'Object Repository/Sidebar Menu/Mesin Kasir/Kasir/Ringkasan Pesanan/Diskon Tambahan/Tambah_Diskon' is present

2018-09-13 11:44:39 - [MESSAGE][PASSED] - Element 'Object Repository/Sidebar Menu/Mesin Kasir/Kasir/Ringkasan Pesanan/Diskon Tambahan/Tambah_Diskon' is present

2018-09-13 11:44:39 - [TEST_STEP][PASSED] - verifyElementAttributeValue: Object 'Object Repository/Sidebar Menu/Mesin Kasir/Kasir/Ringkasan Pesanan/Diskon Tambahan/Tambah_Diskon' has attribute 'content-desc' with value 'asubtotal_atext_additional_discount'

2018-09-13 11:44:47 - [MESSAGE][PASSED] - Object 'Object Repository/Sidebar Menu/Mesin Kasir/Kasir/Ringkasan Pesanan/Diskon Tambahan/Tambah_Diskon' has attribute 'content-desc' with value 'asubtotal_atext_additional_discount'

2018-09-13 11:44:47 - [TEST_STEP][PASSED] - verifyElementVisible: Element 'Object Repository/Sidebar Menu/Mesin Kasir/Kasir/Ringkasan Pesanan/Diskon Tambahan/Tambah_Diskon' is visible

2018-09-13 11:44:55 - [MESSAGE][PASSED] - Element 'Object Repository/Sidebar Menu/Mesin Kasir/Kasir/Ringkasan Pesanan/Diskon Tambahan/Tambah_Diskon' is visible

2018-09-13 11:44:55 - [TEST_STEP][PASSED] - waitForElementPresent: Element 'Object Repository/Sidebar Menu/Mesin Kasir/Kasir/Ringkasan Pesanan/Biaya Tambahan/Tambah_Biaya' is present

2018-09-13 11:44:58 - [MESSAGE][PASSED] - Element 'Object Repository/Sidebar Menu/Mesin Kasir/Kasir/Ringkasan Pesanan/Biaya Tambahan/Tambah_Biaya' is present

2018-09-13 11:44:58 - [TEST_STEP][PASSED] - verifyElementAttributeValue: Object 'Object Repository/Sidebar Menu/Mesin Kasir/Kasir/Ringkasan Pesanan/Biaya Tambahan/Tambah_Biaya' has attribute 'content-desc' with value 'asubtotal_abutton_additional_cost'

2018-09-13 11:45:07 - [MESSAGE][PASSED] - Object 'Object Repository/Sidebar Menu/Mesin Kasir/Kasir/Ringkasan Pesanan/Biaya Tambahan/Tambah_Biaya' has attribute 'content-desc' with value 'asubtotal_abutton_additional_cost'

2018-09-13 11:45:07 - [TEST_STEP][PASSED] - tap: Tapped on element 'Object Repository/Sidebar Menu/Mesin Kasir/Kasir/Ringkasan Pesanan/Biaya Tambahan/Tambah_Biaya'

2018-09-13 11:45:15 - [MESSAGE][PASSED] - Tapped on element 'Object Repository/Sidebar Menu/Mesin Kasir/Kasir/Ringkasan Pesanan/Biaya Tambahan/Tambah_Biaya'

2018-09-13 11:45:15 - [TEST_STEP][PASSED] - waitForElementPresent: Element 'Object Repository/Sidebar Menu/Mesin Kasir/Kasir/Ringkasan Pesanan/Biaya Tambahan/TambahBiaya - JudulDropdown' is present

2018-09-13 11:45:21 - [MESSAGE][PASSED] - Element 'Object Repository/Sidebar Menu/Mesin Kasir/Kasir/Ringkasan Pesanan/Biaya Tambahan/TambahBiaya - JudulDropdown' is present

2018-09-13 11:45:21 - [TEST_STEP][PASSED] - verifyElementAttributeValue: Object 'Object Repository/Sidebar Menu/Mesin Kasir/Kasir/Ringkasan Pesanan/Biaya Tambahan/TambahBiaya - JudulDropdown' has attribute 'content-desc' with value 'additionalCost_icon_costType'

2018-09-13 11:45:25 - [MESSAGE][PASSED] - Object 'Object Repository/Sidebar Menu/Mesin Kasir/Kasir/Ringkasan Pesanan/Biaya Tambahan/TambahBiaya - JudulDropdown' has attribute 'content-desc' with value 'additionalCost_icon_costType'

2018-09-13 11:45:25 - [TEST_STEP][PASSED] - tap: Tapped on element 'Object Repository/Sidebar Menu/Mesin Kasir/Kasir/Ringkasan Pesanan/Biaya Tambahan/TambahBiaya - JudulDropdown'

2018-09-13 11:45:30 - [MESSAGE][PASSED] - Tapped on element 'Object Repository/Sidebar Menu/Mesin Kasir/Kasir/Ringkasan Pesanan/Biaya Tambahan/TambahBiaya - JudulDropdown'

2018-09-13 11:45:30 - [TEST_STEP][PASSED] - waitForElementPresent: Element 'Object Repository/Sidebar Menu/Mesin Kasir/Kasir/Ringkasan Pesanan/Biaya Tambahan/TambahBiaya - JudulList2' is present

2018-09-13 11:45:34 - [MESSAGE][PASSED] - Element 'Object Repository/Sidebar Menu/Mesin Kasir/Kasir/Ringkasan Pesanan/Biaya Tambahan/TambahBiaya - JudulList2' is present

2018-09-13 11:45:34 - [TEST_STEP][PASSED] - verifyElementAttributeValue: Object 'Object Repository/Sidebar Menu/Mesin Kasir/Kasir/Ringkasan Pesanan/Biaya Tambahan/TambahBiaya - JudulList2' has attribute 'content-desc' with value 'additionalCost_text_costType_1'

2018-09-13 11:45:40 - [MESSAGE][PASSED] - Object 'Object Repository/Sidebar Menu/Mesin Kasir/Kasir/Ringkasan Pesanan/Biaya Tambahan/TambahBiaya - JudulList2' has attribute 'content-desc' with value 'additionalCost_text_costType_1'

2018-09-13 11:45:40 - [TEST_STEP][PASSED] - tap: Tapped on element 'Object Repository/Sidebar Menu/Mesin Kasir/Kasir/Ringkasan Pesanan/Biaya Tambahan/TambahBiaya - JudulList2'

2018-09-13 11:45:45 - [MESSAGE][PASSED] - Tapped on element 'Object Repository/Sidebar Menu/Mesin Kasir/Kasir/Ringkasan Pesanan/Biaya Tambahan/TambahBiaya - JudulList2'

2018-09-13 11:45:45 - [TEST_STEP][PASSED] - waitForElementPresent: Element 'Object Repository/Sidebar Menu/Mesin Kasir/Kasir/Ringkasan Pesanan/Biaya Tambahan/TambahBiaya - BiayaEditTxt' is present

2018-09-13 11:45:47 - [MESSAGE][PASSED] - Element 'Object Repository/Sidebar Menu/Mesin Kasir/Kasir/Ringkasan Pesanan/Biaya Tambahan/TambahBiaya - BiayaEditTxt' is present

2018-09-13 11:45:47 - [TEST_STEP][PASSED] - verifyElementAttributeValue: Object 'Object Repository/Sidebar Menu/Mesin Kasir/Kasir/Ringkasan Pesanan/Biaya Tambahan/TambahBiaya - BiayaEditTxt' has attribute 'content-desc' with value 'additionalCost_input_costAmount'

2018-09-13 11:45:55 - [MESSAGE][PASSED] - Object 'Object Repository/Sidebar Menu/Mesin Kasir/Kasir/Ringkasan Pesanan/Biaya Tambahan/TambahBiaya - BiayaEditTxt' has attribute 'content-desc' with value 'additionalCost_input_costAmount'

2018-09-13 11:45:55 - [TEST_STEP][PASSED] - setText: Text '2000' has been set to element 'Object Repository/Sidebar Menu/Mesin Kasir/Kasir/Ringkasan Pesanan/Biaya Tambahan/TambahBiaya - BiayaEditTxt'

2018-09-13 11:46:13 - [MESSAGE][PASSED] - Text '2000' has been set to element 'Object Repository/Sidebar Menu/Mesin Kasir/Kasir/Ringkasan Pesanan/Biaya Tambahan/TambahBiaya - BiayaEditTxt'

2018-09-13 11:46:13 - [TEST_STEP][PASSED] - hideKeyboard: Keyboard is hidden

2018-09-13 11:46:14 - [MESSAGE][PASSED] - Keyboard is hidden

2018-09-13 11:46:14 - [TEST_STEP][PASSED] - waitForElementPresent: Element 'Object Repository/Sidebar Menu/Mesin Kasir/Kasir/Ringkasan Pesanan/Biaya Tambahan/TambahBiaya - SIMPANbtn' is present

2018-09-13 11:46:18 - [MESSAGE][PASSED] - Element 'Object Repository/Sidebar Menu/Mesin Kasir/Kasir/Ringkasan Pesanan/Biaya Tambahan/TambahBiaya - SIMPANbtn' is present

2018-09-13 11:46:18 - [TEST_STEP][PASSED] - verifyElementAttributeValue: Object 'Object Repository/Sidebar Menu/Mesin Kasir/Kasir/Ringkasan Pesanan/Biaya Tambahan/TambahBiaya - SIMPANbtn' has attribute 'content-desc' with value 'additionalCost_button_saveCost'

2018-09-13 11:46:23 - [MESSAGE][PASSED] - Object 'Object Repository/Sidebar Menu/Mesin Kasir/Kasir/Ringkasan Pesanan/Biaya Tambahan/TambahBiaya - SIMPANbtn' has attribute 'content-desc' with value 'additionalCost_button_saveCost'

2018-09-13 11:46:23 - [TEST_STEP][PASSED] - tap: Tapped on element 'Object Repository/Sidebar Menu/Mesin Kasir/Kasir/Ringkasan Pesanan/Biaya Tambahan/TambahBiaya - SIMPANbtn'

2018-09-13 11:46:28 - [MESSAGE][PASSED] - Tapped on element 'Object Repository/Sidebar Menu/Mesin Kasir/Kasir/Ringkasan Pesanan/Biaya Tambahan/TambahBiaya - SIMPANbtn'

2018-09-13 11:46:28 - [TEST_STEP][PASSED] - comment: Edit Biaya Tambahan

2018-09-13 11:46:28 - [TEST_STEP][PASSED] - waitForElementPresent: Element 'Object Repository/Sidebar Menu/Mesin Kasir/Kasir/Ringkasan Pesanan/Biaya Tambahan/Tambah_Biaya' is present

2018-09-13 11:46:31 - [MESSAGE][PASSED] - Element 'Object Repository/Sidebar Menu/Mesin Kasir/Kasir/Ringkasan Pesanan/Biaya Tambahan/Tambah_Biaya' is present

2018-09-13 11:46:31 - [TEST_STEP][PASSED] - verifyElementAttributeValue: Object 'Object Repository/Sidebar Menu/Mesin Kasir/Kasir/Ringkasan Pesanan/Biaya Tambahan/Tambah_Biaya' has attribute 'content-desc' with value 'asubtotal_abutton_additional_cost'

2018-09-13 11:46:36 - [MESSAGE][PASSED] - Object 'Object Repository/Sidebar Menu/Mesin Kasir/Kasir/Ringkasan Pesanan/Biaya Tambahan/Tambah_Biaya' has attribute 'content-desc' with value 'asubtotal_abutton_additional_cost'

2018-09-13 11:46:36 - [TEST_STEP][PASSED] - tap: Tapped on element 'Object Repository/Sidebar Menu/Mesin Kasir/Kasir/Ringkasan Pesanan/Biaya Tambahan/Tambah_Biaya'

2018-09-13 11:46:40 - [MESSAGE][PASSED] - Tapped on element 'Object Repository/Sidebar Menu/Mesin Kasir/Kasir/Ringkasan Pesanan/Biaya Tambahan/Tambah_Biaya'

2018-09-13 11:46:40 - [TEST_STEP][PASSED] - waitForElementPresent: Element 'Object Repository/Sidebar Menu/Mesin Kasir/Kasir/Ringkasan Pesanan/Biaya Tambahan/TambahBiaya - JudulDropdown' is present

2018-09-13 11:46:49 - [MESSAGE][PASSED] - Element 'Object Repository/Sidebar Menu/Mesin Kasir/Kasir/Ringkasan Pesanan/Biaya Tambahan/TambahBiaya - JudulDropdown' is present

2018-09-13 11:46:49 - [TEST_STEP][PASSED] - verifyElementAttributeValue: Object 'Object Repository/Sidebar Menu/Mesin Kasir/Kasir/Ringkasan Pesanan/Biaya Tambahan/TambahBiaya - JudulDropdown' has attribute 'content-desc' with value 'additionalCost_icon_costType'

2018-09-13 11:46:54 - [MESSAGE][PASSED] - Object 'Object Repository/Sidebar Menu/Mesin Kasir/Kasir/Ringkasan Pesanan/Biaya Tambahan/TambahBiaya - JudulDropdown' has attribute 'content-desc' with value 'additionalCost_icon_costType'

2018-09-13 11:46:54 - [TEST_STEP][PASSED] - tap: Tapped on element 'Object Repository/Sidebar Menu/Mesin Kasir/Kasir/Ringkasan Pesanan/Biaya Tambahan/TambahBiaya - JudulDropdown'

2018-09-13 11:47:00 - [MESSAGE][PASSED] - Tapped on element 'Object Repository/Sidebar Menu/Mesin Kasir/Kasir/Ringkasan Pesanan/Biaya Tambahan/TambahBiaya - JudulDropdown'

2018-09-13 11:47:00 - [TEST_STEP][PASSED] - waitForElementPresent: Element 'Object Repository/Sidebar Menu/Mesin Kasir/Kasir/Ringkasan Pesanan/Biaya Tambahan/TambahBiaya - JudulList1' is present

2018-09-13 11:47:07 - [MESSAGE][PASSED] - Element 'Object Repository/Sidebar Menu/Mesin Kasir/Kasir/Ringkasan Pesanan/Biaya Tambahan/TambahBiaya - JudulList1' is present

2018-09-13 11:47:07 - [TEST_STEP][PASSED] - verifyElementAttributeValue: Object 'Object Repository/Sidebar Menu/Mesin Kasir/Kasir/Ringkasan Pesanan/Biaya Tambahan/TambahBiaya - JudulList1' has attribute 'content-desc' with value 'additionalCost_text_costType_0'

2018-09-13 11:47:11 - [MESSAGE][PASSED] - Object 'Object Repository/Sidebar Menu/Mesin Kasir/Kasir/Ringkasan Pesanan/Biaya Tambahan/TambahBiaya - JudulList1' has attribute 'content-desc' with value 'additionalCost_text_costType_0'

2018-09-13 11:47:11 - [TEST_STEP][PASSED] - tap: Tapped on element 'Object Repository/Sidebar Menu/Mesin Kasir/Kasir/Ringkasan Pesanan/Biaya Tambahan/TambahBiaya - JudulList1'

2018-09-13 11:47:16 - [MESSAGE][PASSED] - Tapped on element 'Object Repository/Sidebar Menu/Mesin Kasir/Kasir/Ringkasan Pesanan/Biaya Tambahan/TambahBiaya - JudulList1'

2018-09-13 11:47:16 - [TEST_STEP][PASSED] - waitForElementPresent: Element 'Object Repository/Sidebar Menu/Mesin Kasir/Kasir/Ringkasan Pesanan/Biaya Tambahan/TambahBiaya - BiayaEditTxt' is present

2018-09-13 11:47:24 - [MESSAGE][PASSED] - Element 'Object Repository/Sidebar Menu/Mesin Kasir/Kasir/Ringkasan Pesanan/Biaya Tambahan/TambahBiaya - BiayaEditTxt' is present

2018-09-13 11:47:24 - [TEST_STEP][PASSED] - verifyElementAttributeValue: Object 'Object Repository/Sidebar Menu/Mesin Kasir/Kasir/Ringkasan Pesanan/Biaya Tambahan/TambahBiaya - BiayaEditTxt' has attribute 'content-desc' with value 'additionalCost_input_costAmount'

2018-09-13 11:47:28 - [MESSAGE][PASSED] - Object 'Object Repository/Sidebar Menu/Mesin Kasir/Kasir/Ringkasan Pesanan/Biaya Tambahan/TambahBiaya - BiayaEditTxt' has attribute 'content-desc' with value 'additionalCost_input_costAmount'

2018-09-13 11:47:28 - [TEST_STEP][PASSED] - clearText: Element 'Object Repository/Sidebar Menu/Mesin Kasir/Kasir/Ringkasan Pesanan/Biaya Tambahan/TambahBiaya - BiayaEditTxt' text is cleared

2018-09-13 11:47:36 - [MESSAGE][PASSED] - Element 'Object Repository/Sidebar Menu/Mesin Kasir/Kasir/Ringkasan Pesanan/Biaya Tambahan/TambahBiaya - BiayaEditTxt' text is cleared

2018-09-13 11:47:36 - [TEST_STEP][PASSED] - setText: Text '50000' has been set to element 'Object Repository/Sidebar Menu/Mesin Kasir/Kasir/Ringkasan Pesanan/Biaya Tambahan/TambahBiaya - BiayaEditTxt'

2018-09-13 11:47:58 - [MESSAGE][PASSED] - Text '50000' has been set to element 'Object Repository/Sidebar Menu/Mesin Kasir/Kasir/Ringkasan Pesanan/Biaya Tambahan/TambahBiaya - BiayaEditTxt'

2018-09-13 11:47:58 - [TEST_STEP][PASSED] - hideKeyboard: Keyboard is hidden

2018-09-13 11:47:59 - [MESSAGE][PASSED] - Keyboard is hidden

2018-09-13 11:47:59 - [TEST_STEP][PASSED] - verifyElementText: Actual text and expected text of test object 'Object Repository/Sidebar Menu/Mesin Kasir/Kasir/Ringkasan Pesanan/Biaya Tambahan/TambahBiaya - BiayaEditTxt' are matched.

2018-09-13 11:48:03 - [MESSAGE][PASSED] - Actual text and expected text of test object 'Object Repository/Sidebar Menu/Mesin Kasir/Kasir/Ringkasan Pesanan/Biaya Tambahan/TambahBiaya - BiayaEditTxt' are matched.

2018-09-13 11:48:03 - [TEST_STEP][PASSED] - waitForElementPresent: Element 'Object Repository/Sidebar Menu/Mesin Kasir/Kasir/Ringkasan Pesanan/Biaya Tambahan/TambahBiaya - SIMPANbtn' is present

2018-09-13 11:48:06 - [MESSAGE][PASSED] - Element 'Object Repository/Sidebar Menu/Mesin Kasir/Kasir/Ringkasan Pesanan/Biaya Tambahan/TambahBiaya - SIMPANbtn' is present

2018-09-13 11:48:06 - [TEST_STEP][PASSED] - verifyElementAttributeValue: Object 'Object Repository/Sidebar Menu/Mesin Kasir/Kasir/Ringkasan Pesanan/Biaya Tambahan/TambahBiaya - SIMPANbtn' has attribute 'content-desc' with value 'additionalCost_button_saveCost'

2018-09-13 11:48:10 - [MESSAGE][PASSED] - Object 'Object Repository/Sidebar Menu/Mesin Kasir/Kasir/Ringkasan Pesanan/Biaya Tambahan/TambahBiaya - SIMPANbtn' has attribute 'content-desc' with value 'additionalCost_button_saveCost'

2018-09-13 11:48:10 - [TEST_STEP][PASSED] - tap: Tapped on element 'Object Repository/Sidebar Menu/Mesin Kasir/Kasir/Ringkasan Pesanan/Biaya Tambahan/TambahBiaya - SIMPANbtn'

2018-09-13 11:48:16 - [MESSAGE][PASSED] - Tapped on element 'Object Repository/Sidebar Menu/Mesin Kasir/Kasir/Ringkasan Pesanan/Biaya Tambahan/TambahBiaya - SIMPANbtn'

2018-09-13 11:48:16 - [TEST_STEP][PASSED] - closeApplication: Close app successfully

2018-09-13 11:48:22 - [MESSAGE][PASSED] - Close app successfully]]></system-out>
         <system-err><![CDATA[]]></system-err>
      </testcase>
      <testcase name="Test Cases/Release 3 - Squad Hades/Sprint 1/Story 1770 - Additional Biaya Tambahan in shoopping cart/TC 4 - Select Ongkos Kirim from Biaya Tambahan droplist" classname="Test Cases/Release 3 - Squad Hades/Sprint 1/Story 1770 - Additional Biaya Tambahan in shoopping cart/TC 4 - Select Ongkos Kirim from Biaya Tambahan droplist" status="PASSED">
         <system-out><![CDATA[2018-09-13 11:48:22 - [TEST_CASE][PASSED] - Test Cases/Release 3 - Squad Hades/Sprint 1/Story 1770 - Additional Biaya Tambahan in shoopping cart/TC 4 - Select Ongkos Kirim from Biaya Tambahan droplist: Test Cases/Release 3 - Squad Hades/Sprint 1/Story 1770 - Additional Biaya Tambahan in shoopping cart/TC 4 - Select Ongkos Kirim from Biaya Tambahan droplist

2018-09-13 11:48:23 - [TEST_STEP][PASSED] - comment: WELCOME SCREEN

2018-09-13 11:48:23 - [TEST_STEP][PASSED] - Statement - apkPath = apkName: null

2018-09-13 11:48:23 - [TEST_STEP][PASSED] - startApplication: Started app at: 'C:\Users\AV2017005903\Documents\apollo-automation\7 September.apk'

2018-09-13 11:49:01 - [MESSAGE][PASSED] - Started app at: 'C:\Users\AV2017005903\Documents\apollo-automation\7 September.apk'

2018-09-13 11:49:01 - [TEST_STEP][PASSED] - delay: Delayed 15 second(s)

2018-09-13 11:49:16 - [MESSAGE][PASSED] - Delayed 15 second(s)

2018-09-13 11:49:16 - [TEST_STEP][PASSED] - Comment - "If there is a Update TopuUp, click No, Else you can delay for waiting lazyload ": null

2018-09-13 11:49:16 - [TEST_STEP][PASSED] - Statement - driver = com.kms.katalon.core.mobile.keyword.internal.MobileDriverFactory.getDriver(): null

2018-09-13 11:49:16 - [TEST_STEP][PASSED] - Statement - action = new io.appium.java_client.TouchAction(driver): null

2018-09-13 11:49:16 - [TEST_STEP][PASSED] - Statement - action.longPress(550, 300).moveTo(100, 300).release().perform(): null

2018-09-13 11:49:19 - [TEST_STEP][PASSED] - delay: Delayed 8 second(s)

2018-09-13 11:49:27 - [MESSAGE][PASSED] - Delayed 8 second(s)

2018-09-13 11:49:27 - [TEST_STEP][PASSED] - Statement - action.longPress(550, 300).moveTo(100, 300).release().perform(): null

2018-09-13 11:49:29 - [TEST_STEP][PASSED] - delay: Delayed 8 second(s)

2018-09-13 11:49:38 - [MESSAGE][PASSED] - Delayed 8 second(s)

2018-09-13 11:49:38 - [TEST_STEP][PASSED] - Statement - action.longPress(550, 300).moveTo(100, 300).release().perform(): null

2018-09-13 11:49:40 - [TEST_STEP][PASSED] - delay: Delayed 8 second(s)

2018-09-13 11:49:48 - [MESSAGE][PASSED] - Delayed 8 second(s)

2018-09-13 11:49:48 - [TEST_STEP][PASSED] - Statement - action.longPress(550, 300).moveTo(100, 300).release().perform(): null

2018-09-13 11:49:51 - [TEST_STEP][PASSED] - delay: Delayed 8 second(s)

2018-09-13 11:49:59 - [MESSAGE][PASSED] - Delayed 8 second(s)

2018-09-13 11:49:59 - [TEST_STEP][PASSED] - waitForElementPresent: Element 'Object Repository/Splash Screen/Mulai - Button' is present

2018-09-13 11:49:59 - [MESSAGE][WARNING] - Timeout '0' is invalid. Using default page load timeout: '30'

2018-09-13 11:50:05 - [MESSAGE][PASSED] - Element 'Object Repository/Splash Screen/Mulai - Button' is present

2018-09-13 11:50:05 - [TEST_STEP][PASSED] - tap: Tapped on element 'Object Repository/Splash Screen/Mulai - Button'

2018-09-13 11:50:05 - [MESSAGE][WARNING] - Timeout '0' is invalid. Using default page load timeout: '30'

2018-09-13 11:50:11 - [MESSAGE][PASSED] - Tapped on element 'Object Repository/Splash Screen/Mulai - Button'

2018-09-13 11:50:11 - [TEST_STEP][PASSED] - comment: end Welcome Screen

2018-09-13 11:50:11 - [TEST_STEP][PASSED] - comment: LOGIN

2018-09-13 11:50:11 - [TEST_STEP][PASSED] - waitForElementPresent: Element 'Object Repository/Login/Nomor HP  Nama Pengguna - Text Box' is present

2018-09-13 11:50:15 - [MESSAGE][PASSED] - Element 'Object Repository/Login/Nomor HP  Nama Pengguna - Text Box' is present

2018-09-13 11:50:15 - [TEST_STEP][PASSED] - verifyElementAttributeValue: Object 'Object Repository/Login/Nomor HP  Nama Pengguna - Text Box' has attribute 'content-desc' with value 'LoginNameTextInput'

2018-09-13 11:50:20 - [MESSAGE][PASSED] - Object 'Object Repository/Login/Nomor HP  Nama Pengguna - Text Box' has attribute 'content-desc' with value 'LoginNameTextInput'

2018-09-13 11:50:20 - [TEST_STEP][PASSED] - setText: Text '08112233445567' has been set to element 'Object Repository/Login/Nomor HP  Nama Pengguna - Text Box'

2018-09-13 11:50:39 - [MESSAGE][PASSED] - Text '08112233445567' has been set to element 'Object Repository/Login/Nomor HP  Nama Pengguna - Text Box'

2018-09-13 11:50:39 - [TEST_STEP][PASSED] - hideKeyboard: Keyboard is hidden

2018-09-13 11:50:40 - [MESSAGE][PASSED] - Keyboard is hidden

2018-09-13 11:50:40 - [TEST_STEP][PASSED] - verifyElementText: Actual text and expected text of test object 'Object Repository/Login/Nomor HP  Nama Pengguna - Text Box' are matched.

2018-09-13 11:50:44 - [MESSAGE][PASSED] - Actual text and expected text of test object 'Object Repository/Login/Nomor HP  Nama Pengguna - Text Box' are matched.

2018-09-13 11:50:44 - [TEST_STEP][PASSED] - waitForElementPresent: Element 'Object Repository/Login/Button Masuk' is present

2018-09-13 11:50:48 - [MESSAGE][PASSED] - Element 'Object Repository/Login/Button Masuk' is present

2018-09-13 11:50:48 - [TEST_STEP][PASSED] - verifyElementAttributeValue: Object 'Object Repository/Login/Button Masuk' has attribute 'content-desc' with value 'LoginJumpNextBtn'

2018-09-13 11:50:55 - [MESSAGE][PASSED] - Object 'Object Repository/Login/Button Masuk' has attribute 'content-desc' with value 'LoginJumpNextBtn'

2018-09-13 11:50:55 - [TEST_STEP][PASSED] - tap: Tapped on element 'Object Repository/Login/Button Masuk'

2018-09-13 11:51:01 - [MESSAGE][PASSED] - Tapped on element 'Object Repository/Login/Button Masuk'

2018-09-13 11:51:01 - [TEST_STEP][PASSED] - waitForElementPresent: Element 'Object Repository/Login/Input Pin' is present

2018-09-13 11:51:05 - [MESSAGE][PASSED] - Element 'Object Repository/Login/Input Pin' is present

2018-09-13 11:51:05 - [TEST_STEP][PASSED] - verifyElementAttributeValue: Object 'Object Repository/Login/Input Pin' has attribute 'content-desc' with value 'pinCircleFocus'

2018-09-13 11:51:09 - [MESSAGE][PASSED] - Object 'Object Repository/Login/Input Pin' has attribute 'content-desc' with value 'pinCircleFocus'

2018-09-13 11:51:09 - [TEST_STEP][PASSED] - tap: Tapped on element 'Object Repository/Login/Input Pin'

2018-09-13 11:51:18 - [MESSAGE][PASSED] - Tapped on element 'Object Repository/Login/Input Pin'

2018-09-13 11:51:18 - [TEST_STEP][PASSED] - setText: Text '123456' has been set to element 'Object Repository/Login/Input Pin'

2018-09-13 11:51:36 - [MESSAGE][PASSED] - Text '123456' has been set to element 'Object Repository/Login/Input Pin'

2018-09-13 11:51:36 - [TEST_STEP][PASSED] - delay: Delayed 5 second(s)

2018-09-13 11:51:41 - [MESSAGE][PASSED] - Delayed 5 second(s)

2018-09-13 11:51:41 - [TEST_STEP][PASSED] - comment: End Login Test Case

2018-09-13 11:51:41 - [TEST_STEP][PASSED] - waitForElementPresent: Element 'Object Repository/Sidebar Menu/Biaya/HamburgerButton' is present

2018-09-13 11:51:44 - [MESSAGE][PASSED] - Element 'Object Repository/Sidebar Menu/Biaya/HamburgerButton' is present

2018-09-13 11:51:44 - [TEST_STEP][PASSED] - comment: MESIN KASIR

2018-09-13 11:51:44 - [TEST_STEP][PASSED] - verifyElementAttributeValue: Object 'Object Repository/Sidebar Menu/Biaya/HamburgerButton' has attribute 'content-desc' with value 'headerBar_button_hamburgerMenu'

2018-09-13 11:51:49 - [MESSAGE][PASSED] - Object 'Object Repository/Sidebar Menu/Biaya/HamburgerButton' has attribute 'content-desc' with value 'headerBar_button_hamburgerMenu'

2018-09-13 11:51:49 - [TEST_STEP][PASSED] - tap: Tapped on element 'Object Repository/Sidebar Menu/Biaya/HamburgerButton'

2018-09-13 11:51:54 - [MESSAGE][PASSED] - Tapped on element 'Object Repository/Sidebar Menu/Biaya/HamburgerButton'

2018-09-13 11:51:54 - [TEST_STEP][PASSED] - waitForElementPresent: Element 'Object Repository/Sidebar Menu/Mesin Kasir/Kasir/Dashboard Kasir/Kasir' is present

2018-09-13 11:52:01 - [MESSAGE][PASSED] - Element 'Object Repository/Sidebar Menu/Mesin Kasir/Kasir/Dashboard Kasir/Kasir' is present

2018-09-13 11:52:01 - [TEST_STEP][PASSED] - verifyElementAttributeValue: Object 'Object Repository/Sidebar Menu/Mesin Kasir/Kasir/Dashboard Kasir/Kasir' has attribute 'content-desc' with value 'drawerContainer_button_cashierSwitch'

2018-09-13 11:52:06 - [MESSAGE][PASSED] - Object 'Object Repository/Sidebar Menu/Mesin Kasir/Kasir/Dashboard Kasir/Kasir' has attribute 'content-desc' with value 'drawerContainer_button_cashierSwitch'

2018-09-13 11:52:06 - [TEST_STEP][PASSED] - tap: Tapped on element 'Object Repository/Sidebar Menu/Mesin Kasir/Kasir/Dashboard Kasir/Kasir'

2018-09-13 11:52:11 - [MESSAGE][PASSED] - Tapped on element 'Object Repository/Sidebar Menu/Mesin Kasir/Kasir/Dashboard Kasir/Kasir'

2018-09-13 11:52:11 - [TEST_STEP][PASSED] - waitForElementPresent: Element 'Object Repository/Sidebar Menu/Mesin Kasir/Kasir/Dashboard Kasir/ListProduk 1' is present

2018-09-13 11:52:18 - [MESSAGE][PASSED] - Element 'Object Repository/Sidebar Menu/Mesin Kasir/Kasir/Dashboard Kasir/ListProduk 1' is present

2018-09-13 11:52:18 - [TEST_STEP][PASSED] - verifyElementAttributeValue: Object 'Object Repository/Sidebar Menu/Mesin Kasir/Kasir/Dashboard Kasir/ListProduk 1' has attribute 'content-desc' with value 'productSalesItem0'

2018-09-13 11:52:22 - [MESSAGE][PASSED] - Object 'Object Repository/Sidebar Menu/Mesin Kasir/Kasir/Dashboard Kasir/ListProduk 1' has attribute 'content-desc' with value 'productSalesItem0'

2018-09-13 11:52:22 - [TEST_STEP][PASSED] - Statement - For (def index : (0..1)): Tapped on element 'Object Repository/Sidebar Menu/Mesin Kasir/Kasir/Dashboard Kasir/ListProduk 1'

2018-09-13 11:52:22 - [TEST_STEP][PASSED] - tap: Tapped on element 'Object Repository/Sidebar Menu/Mesin Kasir/Kasir/Dashboard Kasir/ListProduk 1'

2018-09-13 11:52:28 - [MESSAGE][PASSED] - Tapped on element 'Object Repository/Sidebar Menu/Mesin Kasir/Kasir/Dashboard Kasir/ListProduk 1'

2018-09-13 11:52:28 - [TEST_STEP][PASSED] - tap: Tapped on element 'Object Repository/Sidebar Menu/Mesin Kasir/Kasir/Dashboard Kasir/ListProduk 1'

2018-09-13 11:52:36 - [MESSAGE][PASSED] - Tapped on element 'Object Repository/Sidebar Menu/Mesin Kasir/Kasir/Dashboard Kasir/ListProduk 1'

2018-09-13 11:52:36 - [TEST_STEP][PASSED] - Statement - For (def index : (0..1)): Tapped on element 'Object Repository/Sidebar Menu/Mesin Kasir/Kasir/Dashboard Kasir/ListProduk 2'

2018-09-13 11:52:36 - [TEST_STEP][PASSED] - tap: Tapped on element 'Object Repository/Sidebar Menu/Mesin Kasir/Kasir/Dashboard Kasir/ListProduk 2'

2018-09-13 11:52:42 - [MESSAGE][PASSED] - Tapped on element 'Object Repository/Sidebar Menu/Mesin Kasir/Kasir/Dashboard Kasir/ListProduk 2'

2018-09-13 11:52:42 - [TEST_STEP][PASSED] - tap: Tapped on element 'Object Repository/Sidebar Menu/Mesin Kasir/Kasir/Dashboard Kasir/ListProduk 2'

2018-09-13 11:52:48 - [MESSAGE][PASSED] - Tapped on element 'Object Repository/Sidebar Menu/Mesin Kasir/Kasir/Dashboard Kasir/ListProduk 2'

2018-09-13 11:52:48 - [TEST_STEP][PASSED] - waitForElementPresent: Element 'Object Repository/Sidebar Menu/Mesin Kasir/Kasir/Estimasi Detail Pesanan/Keranjangbtn' is present

2018-09-13 11:52:51 - [MESSAGE][PASSED] - Element 'Object Repository/Sidebar Menu/Mesin Kasir/Kasir/Estimasi Detail Pesanan/Keranjangbtn' is present

2018-09-13 11:52:51 - [TEST_STEP][PASSED] - tap: Tapped on element 'Object Repository/Sidebar Menu/Mesin Kasir/Kasir/Estimasi Detail Pesanan/Keranjangbtn'

2018-09-13 11:52:55 - [MESSAGE][PASSED] - Tapped on element 'Object Repository/Sidebar Menu/Mesin Kasir/Kasir/Estimasi Detail Pesanan/Keranjangbtn'

2018-09-13 11:52:55 - [TEST_STEP][PASSED] - comment: Ringkasan Pesanan Onboarding

2018-09-13 11:52:55 - [TEST_STEP][PASSED] - waitForElementPresent: Element 'Object Repository/Sidebar Menu/Mesin Kasir/Kasir/Ringkasan Pesanan/Diskon Tambahan/Tambah_Diskon' is present

2018-09-13 11:52:59 - [MESSAGE][PASSED] - Element 'Object Repository/Sidebar Menu/Mesin Kasir/Kasir/Ringkasan Pesanan/Diskon Tambahan/Tambah_Diskon' is present

2018-09-13 11:52:59 - [TEST_STEP][PASSED] - verifyElementAttributeValue: Object 'Object Repository/Sidebar Menu/Mesin Kasir/Kasir/Ringkasan Pesanan/Diskon Tambahan/Tambah_Diskon' has attribute 'content-desc' with value 'asubtotal_atext_additional_discount'

2018-09-13 11:53:03 - [MESSAGE][PASSED] - Object 'Object Repository/Sidebar Menu/Mesin Kasir/Kasir/Ringkasan Pesanan/Diskon Tambahan/Tambah_Diskon' has attribute 'content-desc' with value 'asubtotal_atext_additional_discount'

2018-09-13 11:53:03 - [TEST_STEP][PASSED] - verifyElementVisible: Element 'Object Repository/Sidebar Menu/Mesin Kasir/Kasir/Ringkasan Pesanan/Diskon Tambahan/Tambah_Diskon' is visible

2018-09-13 11:53:07 - [MESSAGE][PASSED] - Element 'Object Repository/Sidebar Menu/Mesin Kasir/Kasir/Ringkasan Pesanan/Diskon Tambahan/Tambah_Diskon' is visible

2018-09-13 11:53:07 - [TEST_STEP][PASSED] - waitForElementPresent: Element 'Object Repository/Sidebar Menu/Mesin Kasir/Kasir/Ringkasan Pesanan/Biaya Tambahan/Tambah_Biaya' is present

2018-09-13 11:53:14 - [MESSAGE][PASSED] - Element 'Object Repository/Sidebar Menu/Mesin Kasir/Kasir/Ringkasan Pesanan/Biaya Tambahan/Tambah_Biaya' is present

2018-09-13 11:53:14 - [TEST_STEP][PASSED] - verifyElementAttributeValue: Object 'Object Repository/Sidebar Menu/Mesin Kasir/Kasir/Ringkasan Pesanan/Biaya Tambahan/Tambah_Biaya' has attribute 'content-desc' with value 'asubtotal_abutton_additional_cost'

2018-09-13 11:53:22 - [MESSAGE][PASSED] - Object 'Object Repository/Sidebar Menu/Mesin Kasir/Kasir/Ringkasan Pesanan/Biaya Tambahan/Tambah_Biaya' has attribute 'content-desc' with value 'asubtotal_abutton_additional_cost'

2018-09-13 11:53:22 - [TEST_STEP][PASSED] - tap: Tapped on element 'Object Repository/Sidebar Menu/Mesin Kasir/Kasir/Ringkasan Pesanan/Biaya Tambahan/Tambah_Biaya'

2018-09-13 11:53:27 - [MESSAGE][PASSED] - Tapped on element 'Object Repository/Sidebar Menu/Mesin Kasir/Kasir/Ringkasan Pesanan/Biaya Tambahan/Tambah_Biaya'

2018-09-13 11:53:27 - [TEST_STEP][PASSED] - waitForElementPresent: Element 'Object Repository/Sidebar Menu/Mesin Kasir/Kasir/Ringkasan Pesanan/Biaya Tambahan/TambahBiaya - JudulDropdown' is present

2018-09-13 11:53:31 - [MESSAGE][PASSED] - Element 'Object Repository/Sidebar Menu/Mesin Kasir/Kasir/Ringkasan Pesanan/Biaya Tambahan/TambahBiaya - JudulDropdown' is present

2018-09-13 11:53:31 - [TEST_STEP][PASSED] - verifyElementAttributeValue: Object 'Object Repository/Sidebar Menu/Mesin Kasir/Kasir/Ringkasan Pesanan/Biaya Tambahan/TambahBiaya - JudulDropdown' has attribute 'content-desc' with value 'additionalCost_icon_costType'

2018-09-13 11:53:37 - [MESSAGE][PASSED] - Object 'Object Repository/Sidebar Menu/Mesin Kasir/Kasir/Ringkasan Pesanan/Biaya Tambahan/TambahBiaya - JudulDropdown' has attribute 'content-desc' with value 'additionalCost_icon_costType'

2018-09-13 11:53:37 - [TEST_STEP][PASSED] - tap: Tapped on element 'Object Repository/Sidebar Menu/Mesin Kasir/Kasir/Ringkasan Pesanan/Biaya Tambahan/TambahBiaya - JudulDropdown'

2018-09-13 11:53:45 - [MESSAGE][PASSED] - Tapped on element 'Object Repository/Sidebar Menu/Mesin Kasir/Kasir/Ringkasan Pesanan/Biaya Tambahan/TambahBiaya - JudulDropdown'

2018-09-13 11:53:45 - [TEST_STEP][PASSED] - waitForElementPresent: Element 'Object Repository/Sidebar Menu/Mesin Kasir/Kasir/Ringkasan Pesanan/Biaya Tambahan/TambahBiaya - JudulList1' is present

2018-09-13 11:53:47 - [MESSAGE][PASSED] - Element 'Object Repository/Sidebar Menu/Mesin Kasir/Kasir/Ringkasan Pesanan/Biaya Tambahan/TambahBiaya - JudulList1' is present

2018-09-13 11:53:47 - [TEST_STEP][PASSED] - verifyElementAttributeValue: Object 'Object Repository/Sidebar Menu/Mesin Kasir/Kasir/Ringkasan Pesanan/Biaya Tambahan/TambahBiaya - JudulList1' has attribute 'content-desc' with value 'additionalCost_text_costType_0'

2018-09-13 11:53:51 - [MESSAGE][PASSED] - Object 'Object Repository/Sidebar Menu/Mesin Kasir/Kasir/Ringkasan Pesanan/Biaya Tambahan/TambahBiaya - JudulList1' has attribute 'content-desc' with value 'additionalCost_text_costType_0'

2018-09-13 11:53:51 - [TEST_STEP][PASSED] - tap: Tapped on element 'Object Repository/Sidebar Menu/Mesin Kasir/Kasir/Ringkasan Pesanan/Biaya Tambahan/TambahBiaya - JudulList1'

2018-09-13 11:54:01 - [MESSAGE][PASSED] - Tapped on element 'Object Repository/Sidebar Menu/Mesin Kasir/Kasir/Ringkasan Pesanan/Biaya Tambahan/TambahBiaya - JudulList1'

2018-09-13 11:54:01 - [TEST_STEP][PASSED] - waitForElementPresent: Element 'Object Repository/Sidebar Menu/Mesin Kasir/Kasir/Ringkasan Pesanan/Biaya Tambahan/TambahBiaya - BiayaEditTxt' is present

2018-09-13 11:54:07 - [MESSAGE][PASSED] - Element 'Object Repository/Sidebar Menu/Mesin Kasir/Kasir/Ringkasan Pesanan/Biaya Tambahan/TambahBiaya - BiayaEditTxt' is present

2018-09-13 11:54:07 - [TEST_STEP][PASSED] - verifyElementAttributeValue: Object 'Object Repository/Sidebar Menu/Mesin Kasir/Kasir/Ringkasan Pesanan/Biaya Tambahan/TambahBiaya - BiayaEditTxt' has attribute 'content-desc' with value 'additionalCost_input_costAmount'

2018-09-13 11:54:11 - [MESSAGE][PASSED] - Object 'Object Repository/Sidebar Menu/Mesin Kasir/Kasir/Ringkasan Pesanan/Biaya Tambahan/TambahBiaya - BiayaEditTxt' has attribute 'content-desc' with value 'additionalCost_input_costAmount'

2018-09-13 11:54:11 - [TEST_STEP][PASSED] - setText: Text '2000' has been set to element 'Object Repository/Sidebar Menu/Mesin Kasir/Kasir/Ringkasan Pesanan/Biaya Tambahan/TambahBiaya - BiayaEditTxt'

2018-09-13 11:54:34 - [MESSAGE][PASSED] - Text '2000' has been set to element 'Object Repository/Sidebar Menu/Mesin Kasir/Kasir/Ringkasan Pesanan/Biaya Tambahan/TambahBiaya - BiayaEditTxt'

2018-09-13 11:54:34 - [TEST_STEP][PASSED] - hideKeyboard: Keyboard is hidden

2018-09-13 11:54:35 - [MESSAGE][PASSED] - Keyboard is hidden

2018-09-13 11:54:36 - [TEST_STEP][PASSED] - verifyElementText: Actual text and expected text of test object 'Object Repository/Sidebar Menu/Mesin Kasir/Kasir/Ringkasan Pesanan/Biaya Tambahan/TambahBiaya - BiayaEditTxt' are matched.

2018-09-13 11:54:39 - [MESSAGE][PASSED] - Actual text and expected text of test object 'Object Repository/Sidebar Menu/Mesin Kasir/Kasir/Ringkasan Pesanan/Biaya Tambahan/TambahBiaya - BiayaEditTxt' are matched.

2018-09-13 11:54:39 - [TEST_STEP][PASSED] - waitForElementPresent: Element 'Object Repository/Sidebar Menu/Mesin Kasir/Kasir/Ringkasan Pesanan/Biaya Tambahan/TambahBiaya - SIMPANbtn' is present

2018-09-13 11:54:43 - [MESSAGE][PASSED] - Element 'Object Repository/Sidebar Menu/Mesin Kasir/Kasir/Ringkasan Pesanan/Biaya Tambahan/TambahBiaya - SIMPANbtn' is present

2018-09-13 11:54:43 - [TEST_STEP][PASSED] - verifyElementAttributeValue: Object 'Object Repository/Sidebar Menu/Mesin Kasir/Kasir/Ringkasan Pesanan/Biaya Tambahan/TambahBiaya - SIMPANbtn' has attribute 'content-desc' with value 'additionalCost_button_saveCost'

2018-09-13 11:54:47 - [MESSAGE][PASSED] - Object 'Object Repository/Sidebar Menu/Mesin Kasir/Kasir/Ringkasan Pesanan/Biaya Tambahan/TambahBiaya - SIMPANbtn' has attribute 'content-desc' with value 'additionalCost_button_saveCost'

2018-09-13 11:54:47 - [TEST_STEP][PASSED] - tap: Tapped on element 'Object Repository/Sidebar Menu/Mesin Kasir/Kasir/Ringkasan Pesanan/Biaya Tambahan/TambahBiaya - SIMPANbtn'

2018-09-13 11:54:52 - [MESSAGE][PASSED] - Tapped on element 'Object Repository/Sidebar Menu/Mesin Kasir/Kasir/Ringkasan Pesanan/Biaya Tambahan/TambahBiaya - SIMPANbtn'

2018-09-13 11:54:52 - [TEST_STEP][PASSED] - closeApplication: Close app successfully

2018-09-13 11:54:59 - [MESSAGE][PASSED] - Close app successfully]]></system-out>
         <system-err><![CDATA[]]></system-err>
      </testcase>
      <testcase name="Test Cases/Release 3 - Squad Hades/Sprint 1/Story 1770 - Additional Biaya Tambahan in shoopping cart/TC 5 - Select Biaya Packing from Biaya Tambahan droplist" classname="Test Cases/Release 3 - Squad Hades/Sprint 1/Story 1770 - Additional Biaya Tambahan in shoopping cart/TC 5 - Select Biaya Packing from Biaya Tambahan droplist" status="PASSED">
         <system-out><![CDATA[2018-09-13 11:54:59 - [TEST_CASE][PASSED] - Test Cases/Release 3 - Squad Hades/Sprint 1/Story 1770 - Additional Biaya Tambahan in shoopping cart/TC 5 - Select Biaya Packing from Biaya Tambahan droplist: Test Cases/Release 3 - Squad Hades/Sprint 1/Story 1770 - Additional Biaya Tambahan in shoopping cart/TC 5 - Select Biaya Packing from Biaya Tambahan droplist

2018-09-13 11:54:59 - [TEST_STEP][PASSED] - comment: WELCOME SCREEN

2018-09-13 11:54:59 - [TEST_STEP][PASSED] - Statement - apkPath = apkName: null

2018-09-13 11:54:59 - [TEST_STEP][PASSED] - startApplication: Started app at: 'C:\Users\AV2017005903\Documents\apollo-automation\7 September.apk'

2018-09-13 11:55:36 - [MESSAGE][PASSED] - Started app at: 'C:\Users\AV2017005903\Documents\apollo-automation\7 September.apk'

2018-09-13 11:55:36 - [TEST_STEP][PASSED] - delay: Delayed 15 second(s)

2018-09-13 11:55:51 - [MESSAGE][PASSED] - Delayed 15 second(s)

2018-09-13 11:55:51 - [TEST_STEP][PASSED] - Comment - "If there is a Update TopuUp, click No, Else you can delay for waiting lazyload ": null

2018-09-13 11:55:51 - [TEST_STEP][PASSED] - Statement - driver = com.kms.katalon.core.mobile.keyword.internal.MobileDriverFactory.getDriver(): null

2018-09-13 11:55:51 - [TEST_STEP][PASSED] - Statement - action = new io.appium.java_client.TouchAction(driver): null

2018-09-13 11:55:51 - [TEST_STEP][PASSED] - Statement - action.longPress(550, 300).moveTo(100, 300).release().perform(): null

2018-09-13 11:55:54 - [TEST_STEP][PASSED] - delay: Delayed 8 second(s)

2018-09-13 11:56:02 - [MESSAGE][PASSED] - Delayed 8 second(s)

2018-09-13 11:56:02 - [TEST_STEP][PASSED] - Statement - action.longPress(550, 300).moveTo(100, 300).release().perform(): null

2018-09-13 11:56:04 - [TEST_STEP][PASSED] - delay: Delayed 8 second(s)

2018-09-13 11:56:12 - [MESSAGE][PASSED] - Delayed 8 second(s)

2018-09-13 11:56:12 - [TEST_STEP][PASSED] - Statement - action.longPress(550, 300).moveTo(100, 300).release().perform(): null

2018-09-13 11:56:16 - [TEST_STEP][PASSED] - delay: Delayed 8 second(s)

2018-09-13 11:56:24 - [MESSAGE][PASSED] - Delayed 8 second(s)

2018-09-13 11:56:24 - [TEST_STEP][PASSED] - Statement - action.longPress(550, 300).moveTo(100, 300).release().perform(): null

2018-09-13 11:56:26 - [TEST_STEP][PASSED] - delay: Delayed 8 second(s)

2018-09-13 11:56:34 - [MESSAGE][PASSED] - Delayed 8 second(s)

2018-09-13 11:56:34 - [TEST_STEP][PASSED] - waitForElementPresent: Element 'Object Repository/Splash Screen/Mulai - Button' is present

2018-09-13 11:56:34 - [MESSAGE][WARNING] - Timeout '0' is invalid. Using default page load timeout: '30'

2018-09-13 11:56:37 - [MESSAGE][PASSED] - Element 'Object Repository/Splash Screen/Mulai - Button' is present

2018-09-13 11:56:37 - [TEST_STEP][PASSED] - tap: Tapped on element 'Object Repository/Splash Screen/Mulai - Button'

2018-09-13 11:56:37 - [MESSAGE][WARNING] - Timeout '0' is invalid. Using default page load timeout: '30'

2018-09-13 11:56:42 - [MESSAGE][PASSED] - Tapped on element 'Object Repository/Splash Screen/Mulai - Button'

2018-09-13 11:56:42 - [TEST_STEP][PASSED] - comment: end Welcome Screen

2018-09-13 11:56:42 - [TEST_STEP][PASSED] - comment: LOGIN

2018-09-13 11:56:42 - [TEST_STEP][PASSED] - waitForElementPresent: Element 'Object Repository/Login/Nomor HP  Nama Pengguna - Text Box' is present

2018-09-13 11:56:48 - [MESSAGE][PASSED] - Element 'Object Repository/Login/Nomor HP  Nama Pengguna - Text Box' is present

2018-09-13 11:56:48 - [TEST_STEP][PASSED] - verifyElementAttributeValue: Object 'Object Repository/Login/Nomor HP  Nama Pengguna - Text Box' has attribute 'content-desc' with value 'LoginNameTextInput'

2018-09-13 11:56:56 - [MESSAGE][PASSED] - Object 'Object Repository/Login/Nomor HP  Nama Pengguna - Text Box' has attribute 'content-desc' with value 'LoginNameTextInput'

2018-09-13 11:56:56 - [TEST_STEP][PASSED] - setText: Text '08112233445567' has been set to element 'Object Repository/Login/Nomor HP  Nama Pengguna - Text Box'

2018-09-13 11:57:14 - [MESSAGE][PASSED] - Text '08112233445567' has been set to element 'Object Repository/Login/Nomor HP  Nama Pengguna - Text Box'

2018-09-13 11:57:14 - [TEST_STEP][PASSED] - hideKeyboard: Keyboard is hidden

2018-09-13 11:57:16 - [MESSAGE][PASSED] - Keyboard is hidden

2018-09-13 11:57:16 - [TEST_STEP][PASSED] - verifyElementText: Actual text and expected text of test object 'Object Repository/Login/Nomor HP  Nama Pengguna - Text Box' are matched.

2018-09-13 11:57:20 - [MESSAGE][PASSED] - Actual text and expected text of test object 'Object Repository/Login/Nomor HP  Nama Pengguna - Text Box' are matched.

2018-09-13 11:57:20 - [TEST_STEP][PASSED] - waitForElementPresent: Element 'Object Repository/Login/Button Masuk' is present

2018-09-13 11:57:24 - [MESSAGE][PASSED] - Element 'Object Repository/Login/Button Masuk' is present

2018-09-13 11:57:24 - [TEST_STEP][PASSED] - verifyElementAttributeValue: Object 'Object Repository/Login/Button Masuk' has attribute 'content-desc' with value 'LoginJumpNextBtn'

2018-09-13 11:57:28 - [MESSAGE][PASSED] - Object 'Object Repository/Login/Button Masuk' has attribute 'content-desc' with value 'LoginJumpNextBtn'

2018-09-13 11:57:28 - [TEST_STEP][PASSED] - tap: Tapped on element 'Object Repository/Login/Button Masuk'

2018-09-13 11:57:33 - [MESSAGE][PASSED] - Tapped on element 'Object Repository/Login/Button Masuk'

2018-09-13 11:57:33 - [TEST_STEP][PASSED] - waitForElementPresent: Element 'Object Repository/Login/Input Pin' is present

2018-09-13 11:57:36 - [MESSAGE][PASSED] - Element 'Object Repository/Login/Input Pin' is present

2018-09-13 11:57:36 - [TEST_STEP][PASSED] - verifyElementAttributeValue: Object 'Object Repository/Login/Input Pin' has attribute 'content-desc' with value 'pinCircleFocus'

2018-09-13 11:57:44 - [MESSAGE][PASSED] - Object 'Object Repository/Login/Input Pin' has attribute 'content-desc' with value 'pinCircleFocus'

2018-09-13 11:57:44 - [TEST_STEP][PASSED] - tap: Tapped on element 'Object Repository/Login/Input Pin'

2018-09-13 11:57:54 - [MESSAGE][PASSED] - Tapped on element 'Object Repository/Login/Input Pin'

2018-09-13 11:57:54 - [TEST_STEP][PASSED] - setText: Text '123456' has been set to element 'Object Repository/Login/Input Pin'

2018-09-13 11:58:12 - [MESSAGE][PASSED] - Text '123456' has been set to element 'Object Repository/Login/Input Pin'

2018-09-13 11:58:12 - [TEST_STEP][PASSED] - delay: Delayed 5 second(s)

2018-09-13 11:58:17 - [MESSAGE][PASSED] - Delayed 5 second(s)

2018-09-13 11:58:17 - [TEST_STEP][PASSED] - comment: End Login Test Case

2018-09-13 11:58:17 - [TEST_STEP][PASSED] - waitForElementPresent: Element 'Object Repository/Sidebar Menu/Biaya/HamburgerButton' is present

2018-09-13 11:58:25 - [MESSAGE][PASSED] - Element 'Object Repository/Sidebar Menu/Biaya/HamburgerButton' is present

2018-09-13 11:58:25 - [TEST_STEP][PASSED] - comment: MESIN KASIR

2018-09-13 11:58:25 - [TEST_STEP][PASSED] - verifyElementAttributeValue: Object 'Object Repository/Sidebar Menu/Biaya/HamburgerButton' has attribute 'content-desc' with value 'headerBar_button_hamburgerMenu'

2018-09-13 11:58:33 - [MESSAGE][PASSED] - Object 'Object Repository/Sidebar Menu/Biaya/HamburgerButton' has attribute 'content-desc' with value 'headerBar_button_hamburgerMenu'

2018-09-13 11:58:33 - [TEST_STEP][PASSED] - tap: Tapped on element 'Object Repository/Sidebar Menu/Biaya/HamburgerButton'

2018-09-13 11:58:38 - [MESSAGE][PASSED] - Tapped on element 'Object Repository/Sidebar Menu/Biaya/HamburgerButton'

2018-09-13 11:58:38 - [TEST_STEP][PASSED] - waitForElementPresent: Element 'Object Repository/Sidebar Menu/Mesin Kasir/Kasir/Dashboard Kasir/Kasir' is present

2018-09-13 11:58:43 - [MESSAGE][PASSED] - Element 'Object Repository/Sidebar Menu/Mesin Kasir/Kasir/Dashboard Kasir/Kasir' is present

2018-09-13 11:58:43 - [TEST_STEP][PASSED] - verifyElementAttributeValue: Object 'Object Repository/Sidebar Menu/Mesin Kasir/Kasir/Dashboard Kasir/Kasir' has attribute 'content-desc' with value 'drawerContainer_button_cashierSwitch'

2018-09-13 11:58:51 - [MESSAGE][PASSED] - Object 'Object Repository/Sidebar Menu/Mesin Kasir/Kasir/Dashboard Kasir/Kasir' has attribute 'content-desc' with value 'drawerContainer_button_cashierSwitch'

2018-09-13 11:58:51 - [TEST_STEP][PASSED] - tap: Tapped on element 'Object Repository/Sidebar Menu/Mesin Kasir/Kasir/Dashboard Kasir/Kasir'

2018-09-13 11:58:57 - [MESSAGE][PASSED] - Tapped on element 'Object Repository/Sidebar Menu/Mesin Kasir/Kasir/Dashboard Kasir/Kasir'

2018-09-13 11:58:57 - [TEST_STEP][PASSED] - waitForElementPresent: Element 'Object Repository/Sidebar Menu/Mesin Kasir/Kasir/Dashboard Kasir/ListProduk 1' is present

2018-09-13 11:59:05 - [MESSAGE][PASSED] - Element 'Object Repository/Sidebar Menu/Mesin Kasir/Kasir/Dashboard Kasir/ListProduk 1' is present

2018-09-13 11:59:05 - [TEST_STEP][PASSED] - verifyElementAttributeValue: Object 'Object Repository/Sidebar Menu/Mesin Kasir/Kasir/Dashboard Kasir/ListProduk 1' has attribute 'content-desc' with value 'productSalesItem0'

2018-09-13 11:59:13 - [MESSAGE][PASSED] - Object 'Object Repository/Sidebar Menu/Mesin Kasir/Kasir/Dashboard Kasir/ListProduk 1' has attribute 'content-desc' with value 'productSalesItem0'

2018-09-13 11:59:13 - [TEST_STEP][PASSED] - Statement - For (def index : (0..1)): Tapped on element 'Object Repository/Sidebar Menu/Mesin Kasir/Kasir/Dashboard Kasir/ListProduk 1'

2018-09-13 11:59:13 - [TEST_STEP][PASSED] - tap: Tapped on element 'Object Repository/Sidebar Menu/Mesin Kasir/Kasir/Dashboard Kasir/ListProduk 1'

2018-09-13 11:59:17 - [MESSAGE][PASSED] - Tapped on element 'Object Repository/Sidebar Menu/Mesin Kasir/Kasir/Dashboard Kasir/ListProduk 1'

2018-09-13 11:59:17 - [TEST_STEP][PASSED] - tap: Tapped on element 'Object Repository/Sidebar Menu/Mesin Kasir/Kasir/Dashboard Kasir/ListProduk 1'

2018-09-13 11:59:26 - [MESSAGE][PASSED] - Tapped on element 'Object Repository/Sidebar Menu/Mesin Kasir/Kasir/Dashboard Kasir/ListProduk 1'

2018-09-13 11:59:26 - [TEST_STEP][PASSED] - Statement - For (def index : (0..1)): Tapped on element 'Object Repository/Sidebar Menu/Mesin Kasir/Kasir/Dashboard Kasir/ListProduk 2'

2018-09-13 11:59:26 - [TEST_STEP][PASSED] - tap: Tapped on element 'Object Repository/Sidebar Menu/Mesin Kasir/Kasir/Dashboard Kasir/ListProduk 2'

2018-09-13 11:59:32 - [MESSAGE][PASSED] - Tapped on element 'Object Repository/Sidebar Menu/Mesin Kasir/Kasir/Dashboard Kasir/ListProduk 2'

2018-09-13 11:59:32 - [TEST_STEP][PASSED] - tap: Tapped on element 'Object Repository/Sidebar Menu/Mesin Kasir/Kasir/Dashboard Kasir/ListProduk 2'

2018-09-13 11:59:38 - [MESSAGE][PASSED] - Tapped on element 'Object Repository/Sidebar Menu/Mesin Kasir/Kasir/Dashboard Kasir/ListProduk 2'

2018-09-13 11:59:38 - [TEST_STEP][PASSED] - waitForElementPresent: Element 'Object Repository/Sidebar Menu/Mesin Kasir/Kasir/Estimasi Detail Pesanan/Keranjangbtn' is present

2018-09-13 11:59:41 - [MESSAGE][PASSED] - Element 'Object Repository/Sidebar Menu/Mesin Kasir/Kasir/Estimasi Detail Pesanan/Keranjangbtn' is present

2018-09-13 11:59:41 - [TEST_STEP][PASSED] - tap: Tapped on element 'Object Repository/Sidebar Menu/Mesin Kasir/Kasir/Estimasi Detail Pesanan/Keranjangbtn'

2018-09-13 11:59:45 - [MESSAGE][PASSED] - Tapped on element 'Object Repository/Sidebar Menu/Mesin Kasir/Kasir/Estimasi Detail Pesanan/Keranjangbtn'

2018-09-13 11:59:45 - [TEST_STEP][PASSED] - comment: Ringkasan Pesanan Onboarding

2018-09-13 11:59:45 - [TEST_STEP][PASSED] - waitForElementPresent: Element 'Object Repository/Sidebar Menu/Mesin Kasir/Kasir/Ringkasan Pesanan/Diskon Tambahan/Tambah_Diskon' is present

2018-09-13 11:59:50 - [MESSAGE][PASSED] - Element 'Object Repository/Sidebar Menu/Mesin Kasir/Kasir/Ringkasan Pesanan/Diskon Tambahan/Tambah_Diskon' is present

2018-09-13 11:59:50 - [TEST_STEP][PASSED] - verifyElementAttributeValue: Object 'Object Repository/Sidebar Menu/Mesin Kasir/Kasir/Ringkasan Pesanan/Diskon Tambahan/Tambah_Diskon' has attribute 'content-desc' with value 'asubtotal_atext_additional_discount'

2018-09-13 11:59:56 - [MESSAGE][PASSED] - Object 'Object Repository/Sidebar Menu/Mesin Kasir/Kasir/Ringkasan Pesanan/Diskon Tambahan/Tambah_Diskon' has attribute 'content-desc' with value 'asubtotal_atext_additional_discount'

2018-09-13 11:59:56 - [TEST_STEP][PASSED] - verifyElementVisible: Element 'Object Repository/Sidebar Menu/Mesin Kasir/Kasir/Ringkasan Pesanan/Diskon Tambahan/Tambah_Diskon' is visible

2018-09-13 12:00:05 - [MESSAGE][PASSED] - Element 'Object Repository/Sidebar Menu/Mesin Kasir/Kasir/Ringkasan Pesanan/Diskon Tambahan/Tambah_Diskon' is visible

2018-09-13 12:00:05 - [TEST_STEP][PASSED] - waitForElementPresent: Element 'Object Repository/Sidebar Menu/Mesin Kasir/Kasir/Ringkasan Pesanan/Biaya Tambahan/Tambah_Biaya' is present

2018-09-13 12:00:08 - [MESSAGE][PASSED] - Element 'Object Repository/Sidebar Menu/Mesin Kasir/Kasir/Ringkasan Pesanan/Biaya Tambahan/Tambah_Biaya' is present

2018-09-13 12:00:08 - [TEST_STEP][PASSED] - verifyElementAttributeValue: Object 'Object Repository/Sidebar Menu/Mesin Kasir/Kasir/Ringkasan Pesanan/Biaya Tambahan/Tambah_Biaya' has attribute 'content-desc' with value 'asubtotal_abutton_additional_cost'

2018-09-13 12:00:15 - [MESSAGE][PASSED] - Object 'Object Repository/Sidebar Menu/Mesin Kasir/Kasir/Ringkasan Pesanan/Biaya Tambahan/Tambah_Biaya' has attribute 'content-desc' with value 'asubtotal_abutton_additional_cost'

2018-09-13 12:00:15 - [TEST_STEP][PASSED] - tap: Tapped on element 'Object Repository/Sidebar Menu/Mesin Kasir/Kasir/Ringkasan Pesanan/Biaya Tambahan/Tambah_Biaya'

2018-09-13 12:00:23 - [MESSAGE][PASSED] - Tapped on element 'Object Repository/Sidebar Menu/Mesin Kasir/Kasir/Ringkasan Pesanan/Biaya Tambahan/Tambah_Biaya'

2018-09-13 12:00:23 - [TEST_STEP][PASSED] - waitForElementPresent: Element 'Object Repository/Sidebar Menu/Mesin Kasir/Kasir/Ringkasan Pesanan/Biaya Tambahan/TambahBiaya - JudulDropdown' is present

2018-09-13 12:00:27 - [MESSAGE][PASSED] - Element 'Object Repository/Sidebar Menu/Mesin Kasir/Kasir/Ringkasan Pesanan/Biaya Tambahan/TambahBiaya - JudulDropdown' is present

2018-09-13 12:00:27 - [TEST_STEP][PASSED] - verifyElementAttributeValue: Object 'Object Repository/Sidebar Menu/Mesin Kasir/Kasir/Ringkasan Pesanan/Biaya Tambahan/TambahBiaya - JudulDropdown' has attribute 'content-desc' with value 'additionalCost_icon_costType'

2018-09-13 12:00:31 - [MESSAGE][PASSED] - Object 'Object Repository/Sidebar Menu/Mesin Kasir/Kasir/Ringkasan Pesanan/Biaya Tambahan/TambahBiaya - JudulDropdown' has attribute 'content-desc' with value 'additionalCost_icon_costType'

2018-09-13 12:00:31 - [TEST_STEP][PASSED] - tap: Tapped on element 'Object Repository/Sidebar Menu/Mesin Kasir/Kasir/Ringkasan Pesanan/Biaya Tambahan/TambahBiaya - JudulDropdown'

2018-09-13 12:00:40 - [MESSAGE][PASSED] - Tapped on element 'Object Repository/Sidebar Menu/Mesin Kasir/Kasir/Ringkasan Pesanan/Biaya Tambahan/TambahBiaya - JudulDropdown'

2018-09-13 12:00:40 - [TEST_STEP][PASSED] - waitForElementPresent: Element 'Object Repository/Sidebar Menu/Mesin Kasir/Kasir/Ringkasan Pesanan/Biaya Tambahan/TambahBiaya - JudulList2' is present

2018-09-13 12:00:45 - [MESSAGE][PASSED] - Element 'Object Repository/Sidebar Menu/Mesin Kasir/Kasir/Ringkasan Pesanan/Biaya Tambahan/TambahBiaya - JudulList2' is present

2018-09-13 12:00:45 - [TEST_STEP][PASSED] - verifyElementAttributeValue: Object 'Object Repository/Sidebar Menu/Mesin Kasir/Kasir/Ringkasan Pesanan/Biaya Tambahan/TambahBiaya - JudulList2' has attribute 'content-desc' with value 'additionalCost_text_costType_1'

2018-09-13 12:00:53 - [MESSAGE][PASSED] - Object 'Object Repository/Sidebar Menu/Mesin Kasir/Kasir/Ringkasan Pesanan/Biaya Tambahan/TambahBiaya - JudulList2' has attribute 'content-desc' with value 'additionalCost_text_costType_1'

2018-09-13 12:00:53 - [TEST_STEP][PASSED] - tap: Tapped on element 'Object Repository/Sidebar Menu/Mesin Kasir/Kasir/Ringkasan Pesanan/Biaya Tambahan/TambahBiaya - JudulList2'

2018-09-13 12:00:58 - [MESSAGE][PASSED] - Tapped on element 'Object Repository/Sidebar Menu/Mesin Kasir/Kasir/Ringkasan Pesanan/Biaya Tambahan/TambahBiaya - JudulList2'

2018-09-13 12:00:58 - [TEST_STEP][PASSED] - waitForElementPresent: Element 'Object Repository/Sidebar Menu/Mesin Kasir/Kasir/Ringkasan Pesanan/Biaya Tambahan/TambahBiaya - BiayaEditTxt' is present

2018-09-13 12:01:02 - [MESSAGE][PASSED] - Element 'Object Repository/Sidebar Menu/Mesin Kasir/Kasir/Ringkasan Pesanan/Biaya Tambahan/TambahBiaya - BiayaEditTxt' is present

2018-09-13 12:01:02 - [TEST_STEP][PASSED] - verifyElementAttributeValue: Object 'Object Repository/Sidebar Menu/Mesin Kasir/Kasir/Ringkasan Pesanan/Biaya Tambahan/TambahBiaya - BiayaEditTxt' has attribute 'content-desc' with value 'additionalCost_input_costAmount'

2018-09-13 12:01:10 - [MESSAGE][PASSED] - Object 'Object Repository/Sidebar Menu/Mesin Kasir/Kasir/Ringkasan Pesanan/Biaya Tambahan/TambahBiaya - BiayaEditTxt' has attribute 'content-desc' with value 'additionalCost_input_costAmount'

2018-09-13 12:01:10 - [TEST_STEP][PASSED] - setText: Text '2000' has been set to element 'Object Repository/Sidebar Menu/Mesin Kasir/Kasir/Ringkasan Pesanan/Biaya Tambahan/TambahBiaya - BiayaEditTxt'

2018-09-13 12:01:29 - [MESSAGE][PASSED] - Text '2000' has been set to element 'Object Repository/Sidebar Menu/Mesin Kasir/Kasir/Ringkasan Pesanan/Biaya Tambahan/TambahBiaya - BiayaEditTxt'

2018-09-13 12:01:29 - [TEST_STEP][PASSED] - hideKeyboard: Keyboard is hidden

2018-09-13 12:01:30 - [MESSAGE][PASSED] - Keyboard is hidden

2018-09-13 12:01:30 - [TEST_STEP][PASSED] - verifyElementText: Actual text and expected text of test object 'Object Repository/Sidebar Menu/Mesin Kasir/Kasir/Ringkasan Pesanan/Biaya Tambahan/TambahBiaya - BiayaEditTxt' are matched.

2018-09-13 12:01:34 - [MESSAGE][PASSED] - Actual text and expected text of test object 'Object Repository/Sidebar Menu/Mesin Kasir/Kasir/Ringkasan Pesanan/Biaya Tambahan/TambahBiaya - BiayaEditTxt' are matched.

2018-09-13 12:01:34 - [TEST_STEP][PASSED] - waitForElementPresent: Element 'Object Repository/Sidebar Menu/Mesin Kasir/Kasir/Ringkasan Pesanan/Biaya Tambahan/TambahBiaya - SIMPANbtn' is present

2018-09-13 12:01:37 - [MESSAGE][PASSED] - Element 'Object Repository/Sidebar Menu/Mesin Kasir/Kasir/Ringkasan Pesanan/Biaya Tambahan/TambahBiaya - SIMPANbtn' is present

2018-09-13 12:01:37 - [TEST_STEP][PASSED] - verifyElementAttributeValue: Object 'Object Repository/Sidebar Menu/Mesin Kasir/Kasir/Ringkasan Pesanan/Biaya Tambahan/TambahBiaya - SIMPANbtn' has attribute 'content-desc' with value 'additionalCost_button_saveCost'

2018-09-13 12:01:41 - [MESSAGE][PASSED] - Object 'Object Repository/Sidebar Menu/Mesin Kasir/Kasir/Ringkasan Pesanan/Biaya Tambahan/TambahBiaya - SIMPANbtn' has attribute 'content-desc' with value 'additionalCost_button_saveCost'

2018-09-13 12:01:41 - [TEST_STEP][PASSED] - tap: Tapped on element 'Object Repository/Sidebar Menu/Mesin Kasir/Kasir/Ringkasan Pesanan/Biaya Tambahan/TambahBiaya - SIMPANbtn'

2018-09-13 12:01:46 - [MESSAGE][PASSED] - Tapped on element 'Object Repository/Sidebar Menu/Mesin Kasir/Kasir/Ringkasan Pesanan/Biaya Tambahan/TambahBiaya - SIMPANbtn'

2018-09-13 12:01:46 - [TEST_STEP][PASSED] - closeApplication: Close app successfully

2018-09-13 12:01:53 - [MESSAGE][PASSED] - Close app successfully]]></system-out>
         <system-err><![CDATA[]]></system-err>
      </testcase>
      <testcase name="Test Cases/Release 3 - Squad Hades/Sprint 1/Story 1770 - Additional Biaya Tambahan in shoopping cart/TC 6 - Select Other from Biaya Tambahan droplist" classname="Test Cases/Release 3 - Squad Hades/Sprint 1/Story 1770 - Additional Biaya Tambahan in shoopping cart/TC 6 - Select Other from Biaya Tambahan droplist" status="PASSED">
         <system-out><![CDATA[2018-09-13 12:01:53 - [TEST_CASE][PASSED] - Test Cases/Release 3 - Squad Hades/Sprint 1/Story 1770 - Additional Biaya Tambahan in shoopping cart/TC 6 - Select Other from Biaya Tambahan droplist: Test Cases/Release 3 - Squad Hades/Sprint 1/Story 1770 - Additional Biaya Tambahan in shoopping cart/TC 6 - Select Other from Biaya Tambahan droplist

2018-09-13 12:01:53 - [TEST_STEP][PASSED] - comment: WELCOME SCREEN

2018-09-13 12:01:53 - [TEST_STEP][PASSED] - Statement - apkPath = apkName: null

2018-09-13 12:01:53 - [TEST_STEP][PASSED] - startApplication: Started app at: 'C:\Users\AV2017005903\Documents\apollo-automation\7 September.apk'

2018-09-13 12:02:30 - [MESSAGE][PASSED] - Started app at: 'C:\Users\AV2017005903\Documents\apollo-automation\7 September.apk'

2018-09-13 12:02:30 - [TEST_STEP][PASSED] - delay: Delayed 15 second(s)

2018-09-13 12:02:45 - [MESSAGE][PASSED] - Delayed 15 second(s)

2018-09-13 12:02:45 - [TEST_STEP][PASSED] - Comment - "If there is a Update TopuUp, click No, Else you can delay for waiting lazyload ": null

2018-09-13 12:02:45 - [TEST_STEP][PASSED] - Statement - driver = com.kms.katalon.core.mobile.keyword.internal.MobileDriverFactory.getDriver(): null

2018-09-13 12:02:45 - [TEST_STEP][PASSED] - Statement - action = new io.appium.java_client.TouchAction(driver): null

2018-09-13 12:02:45 - [TEST_STEP][PASSED] - Statement - action.longPress(550, 300).moveTo(100, 300).release().perform(): null

2018-09-13 12:02:47 - [TEST_STEP][PASSED] - delay: Delayed 8 second(s)

2018-09-13 12:02:55 - [MESSAGE][PASSED] - Delayed 8 second(s)

2018-09-13 12:02:55 - [TEST_STEP][PASSED] - Statement - action.longPress(550, 300).moveTo(100, 300).release().perform(): null

2018-09-13 12:02:59 - [TEST_STEP][PASSED] - delay: Delayed 8 second(s)

2018-09-13 12:03:07 - [MESSAGE][PASSED] - Delayed 8 second(s)

2018-09-13 12:03:07 - [TEST_STEP][PASSED] - Statement - action.longPress(550, 300).moveTo(100, 300).release().perform(): null

2018-09-13 12:03:09 - [TEST_STEP][PASSED] - delay: Delayed 8 second(s)

2018-09-13 12:03:17 - [MESSAGE][PASSED] - Delayed 8 second(s)

2018-09-13 12:03:17 - [TEST_STEP][PASSED] - Statement - action.longPress(550, 300).moveTo(100, 300).release().perform(): null

2018-09-13 12:03:20 - [TEST_STEP][PASSED] - delay: Delayed 8 second(s)

2018-09-13 12:03:28 - [MESSAGE][PASSED] - Delayed 8 second(s)

2018-09-13 12:03:28 - [TEST_STEP][PASSED] - waitForElementPresent: Element 'Object Repository/Splash Screen/Mulai - Button' is present

2018-09-13 12:03:28 - [MESSAGE][WARNING] - Timeout '0' is invalid. Using default page load timeout: '30'

2018-09-13 12:03:36 - [MESSAGE][PASSED] - Element 'Object Repository/Splash Screen/Mulai - Button' is present

2018-09-13 12:03:36 - [TEST_STEP][PASSED] - tap: Tapped on element 'Object Repository/Splash Screen/Mulai - Button'

2018-09-13 12:03:36 - [MESSAGE][WARNING] - Timeout '0' is invalid. Using default page load timeout: '30'

2018-09-13 12:03:42 - [MESSAGE][PASSED] - Tapped on element 'Object Repository/Splash Screen/Mulai - Button'

2018-09-13 12:03:42 - [TEST_STEP][PASSED] - comment: end Welcome Screen

2018-09-13 12:03:42 - [TEST_STEP][PASSED] - comment: LOGIN

2018-09-13 12:03:42 - [TEST_STEP][PASSED] - waitForElementPresent: Element 'Object Repository/Login/Nomor HP  Nama Pengguna - Text Box' is present

2018-09-13 12:03:48 - [MESSAGE][PASSED] - Element 'Object Repository/Login/Nomor HP  Nama Pengguna - Text Box' is present

2018-09-13 12:03:48 - [TEST_STEP][PASSED] - verifyElementAttributeValue: Object 'Object Repository/Login/Nomor HP  Nama Pengguna - Text Box' has attribute 'content-desc' with value 'LoginNameTextInput'

2018-09-13 12:03:52 - [MESSAGE][PASSED] - Object 'Object Repository/Login/Nomor HP  Nama Pengguna - Text Box' has attribute 'content-desc' with value 'LoginNameTextInput'

2018-09-13 12:03:52 - [TEST_STEP][PASSED] - setText: Text '08112233445567' has been set to element 'Object Repository/Login/Nomor HP  Nama Pengguna - Text Box'

2018-09-13 12:04:12 - [MESSAGE][PASSED] - Text '08112233445567' has been set to element 'Object Repository/Login/Nomor HP  Nama Pengguna - Text Box'

2018-09-13 12:04:12 - [TEST_STEP][PASSED] - hideKeyboard: Keyboard is hidden

2018-09-13 12:04:12 - [MESSAGE][PASSED] - Keyboard is hidden

2018-09-13 12:04:12 - [TEST_STEP][PASSED] - verifyElementText: Actual text and expected text of test object 'Object Repository/Login/Nomor HP  Nama Pengguna - Text Box' are matched.

2018-09-13 12:04:20 - [MESSAGE][PASSED] - Actual text and expected text of test object 'Object Repository/Login/Nomor HP  Nama Pengguna - Text Box' are matched.

2018-09-13 12:04:20 - [TEST_STEP][PASSED] - waitForElementPresent: Element 'Object Repository/Login/Button Masuk' is present

2018-09-13 12:04:24 - [MESSAGE][PASSED] - Element 'Object Repository/Login/Button Masuk' is present

2018-09-13 12:04:24 - [TEST_STEP][PASSED] - verifyElementAttributeValue: Object 'Object Repository/Login/Button Masuk' has attribute 'content-desc' with value 'LoginJumpNextBtn'

2018-09-13 12:04:28 - [MESSAGE][PASSED] - Object 'Object Repository/Login/Button Masuk' has attribute 'content-desc' with value 'LoginJumpNextBtn'

2018-09-13 12:04:28 - [TEST_STEP][PASSED] - tap: Tapped on element 'Object Repository/Login/Button Masuk'

2018-09-13 12:04:33 - [MESSAGE][PASSED] - Tapped on element 'Object Repository/Login/Button Masuk'

2018-09-13 12:04:33 - [TEST_STEP][PASSED] - waitForElementPresent: Element 'Object Repository/Login/Input Pin' is present

2018-09-13 12:04:37 - [MESSAGE][PASSED] - Element 'Object Repository/Login/Input Pin' is present

2018-09-13 12:04:37 - [TEST_STEP][PASSED] - verifyElementAttributeValue: Object 'Object Repository/Login/Input Pin' has attribute 'content-desc' with value 'pinCircleFocus'

2018-09-13 12:04:41 - [MESSAGE][PASSED] - Object 'Object Repository/Login/Input Pin' has attribute 'content-desc' with value 'pinCircleFocus'

2018-09-13 12:04:41 - [TEST_STEP][PASSED] - tap: Tapped on element 'Object Repository/Login/Input Pin'

2018-09-13 12:04:49 - [MESSAGE][PASSED] - Tapped on element 'Object Repository/Login/Input Pin'

2018-09-13 12:04:49 - [TEST_STEP][PASSED] - setText: Text '123456' has been set to element 'Object Repository/Login/Input Pin'

2018-09-13 12:05:11 - [MESSAGE][PASSED] - Text '123456' has been set to element 'Object Repository/Login/Input Pin'

2018-09-13 12:05:11 - [TEST_STEP][PASSED] - delay: Delayed 5 second(s)

2018-09-13 12:05:16 - [MESSAGE][PASSED] - Delayed 5 second(s)

2018-09-13 12:05:16 - [TEST_STEP][PASSED] - comment: End Login Test Case

2018-09-13 12:05:16 - [TEST_STEP][PASSED] - waitForElementPresent: Element 'Object Repository/Sidebar Menu/Biaya/HamburgerButton' is present

2018-09-13 12:05:23 - [MESSAGE][PASSED] - Element 'Object Repository/Sidebar Menu/Biaya/HamburgerButton' is present

2018-09-13 12:05:23 - [TEST_STEP][PASSED] - comment: MESIN KASIR

2018-09-13 12:05:23 - [TEST_STEP][PASSED] - verifyElementAttributeValue: Object 'Object Repository/Sidebar Menu/Biaya/HamburgerButton' has attribute 'content-desc' with value 'headerBar_button_hamburgerMenu'

2018-09-13 12:05:27 - [MESSAGE][PASSED] - Object 'Object Repository/Sidebar Menu/Biaya/HamburgerButton' has attribute 'content-desc' with value 'headerBar_button_hamburgerMenu'

2018-09-13 12:05:27 - [TEST_STEP][PASSED] - tap: Tapped on element 'Object Repository/Sidebar Menu/Biaya/HamburgerButton'

2018-09-13 12:05:32 - [MESSAGE][PASSED] - Tapped on element 'Object Repository/Sidebar Menu/Biaya/HamburgerButton'

2018-09-13 12:05:32 - [TEST_STEP][PASSED] - waitForElementPresent: Element 'Object Repository/Sidebar Menu/Mesin Kasir/Kasir/Dashboard Kasir/Kasir' is present

2018-09-13 12:05:40 - [MESSAGE][PASSED] - Element 'Object Repository/Sidebar Menu/Mesin Kasir/Kasir/Dashboard Kasir/Kasir' is present

2018-09-13 12:05:40 - [TEST_STEP][PASSED] - verifyElementAttributeValue: Object 'Object Repository/Sidebar Menu/Mesin Kasir/Kasir/Dashboard Kasir/Kasir' has attribute 'content-desc' with value 'drawerContainer_button_cashierSwitch'

2018-09-13 12:05:44 - [MESSAGE][PASSED] - Object 'Object Repository/Sidebar Menu/Mesin Kasir/Kasir/Dashboard Kasir/Kasir' has attribute 'content-desc' with value 'drawerContainer_button_cashierSwitch'

2018-09-13 12:05:44 - [TEST_STEP][PASSED] - tap: Tapped on element 'Object Repository/Sidebar Menu/Mesin Kasir/Kasir/Dashboard Kasir/Kasir'

2018-09-13 12:05:49 - [MESSAGE][PASSED] - Tapped on element 'Object Repository/Sidebar Menu/Mesin Kasir/Kasir/Dashboard Kasir/Kasir'

2018-09-13 12:05:49 - [TEST_STEP][PASSED] - waitForElementPresent: Element 'Object Repository/Sidebar Menu/Mesin Kasir/Kasir/Dashboard Kasir/ListProduk 1' is present

2018-09-13 12:05:53 - [MESSAGE][PASSED] - Element 'Object Repository/Sidebar Menu/Mesin Kasir/Kasir/Dashboard Kasir/ListProduk 1' is present

2018-09-13 12:05:53 - [TEST_STEP][PASSED] - verifyElementAttributeValue: Object 'Object Repository/Sidebar Menu/Mesin Kasir/Kasir/Dashboard Kasir/ListProduk 1' has attribute 'content-desc' with value 'productSalesItem0'

2018-09-13 12:05:57 - [MESSAGE][PASSED] - Object 'Object Repository/Sidebar Menu/Mesin Kasir/Kasir/Dashboard Kasir/ListProduk 1' has attribute 'content-desc' with value 'productSalesItem0'

2018-09-13 12:05:57 - [TEST_STEP][PASSED] - Statement - For (def index : (0..1)): Tapped on element 'Object Repository/Sidebar Menu/Mesin Kasir/Kasir/Dashboard Kasir/ListProduk 1'

2018-09-13 12:05:57 - [TEST_STEP][PASSED] - tap: Tapped on element 'Object Repository/Sidebar Menu/Mesin Kasir/Kasir/Dashboard Kasir/ListProduk 1'

2018-09-13 12:06:04 - [MESSAGE][PASSED] - Tapped on element 'Object Repository/Sidebar Menu/Mesin Kasir/Kasir/Dashboard Kasir/ListProduk 1'

2018-09-13 12:06:04 - [TEST_STEP][PASSED] - tap: Tapped on element 'Object Repository/Sidebar Menu/Mesin Kasir/Kasir/Dashboard Kasir/ListProduk 1'

2018-09-13 12:06:13 - [MESSAGE][PASSED] - Tapped on element 'Object Repository/Sidebar Menu/Mesin Kasir/Kasir/Dashboard Kasir/ListProduk 1'

2018-09-13 12:06:13 - [TEST_STEP][PASSED] - Statement - For (def index : (0..1)): Tapped on element 'Object Repository/Sidebar Menu/Mesin Kasir/Kasir/Dashboard Kasir/ListProduk 2'

2018-09-13 12:06:13 - [TEST_STEP][PASSED] - tap: Tapped on element 'Object Repository/Sidebar Menu/Mesin Kasir/Kasir/Dashboard Kasir/ListProduk 2'

2018-09-13 12:06:18 - [MESSAGE][PASSED] - Tapped on element 'Object Repository/Sidebar Menu/Mesin Kasir/Kasir/Dashboard Kasir/ListProduk 2'

2018-09-13 12:06:18 - [TEST_STEP][PASSED] - tap: Tapped on element 'Object Repository/Sidebar Menu/Mesin Kasir/Kasir/Dashboard Kasir/ListProduk 2'

2018-09-13 12:06:25 - [MESSAGE][PASSED] - Tapped on element 'Object Repository/Sidebar Menu/Mesin Kasir/Kasir/Dashboard Kasir/ListProduk 2'

2018-09-13 12:06:25 - [TEST_STEP][PASSED] - waitForElementPresent: Element 'Object Repository/Sidebar Menu/Mesin Kasir/Kasir/Estimasi Detail Pesanan/Keranjangbtn' is present

2018-09-13 12:06:27 - [MESSAGE][PASSED] - Element 'Object Repository/Sidebar Menu/Mesin Kasir/Kasir/Estimasi Detail Pesanan/Keranjangbtn' is present

2018-09-13 12:06:27 - [TEST_STEP][PASSED] - tap: Tapped on element 'Object Repository/Sidebar Menu/Mesin Kasir/Kasir/Estimasi Detail Pesanan/Keranjangbtn'

2018-09-13 12:06:33 - [MESSAGE][PASSED] - Tapped on element 'Object Repository/Sidebar Menu/Mesin Kasir/Kasir/Estimasi Detail Pesanan/Keranjangbtn'

2018-09-13 12:06:33 - [TEST_STEP][PASSED] - comment: Ringkasan Pesanan Onboarding

2018-09-13 12:06:33 - [TEST_STEP][PASSED] - waitForElementPresent: Element 'Object Repository/Sidebar Menu/Mesin Kasir/Kasir/Ringkasan Pesanan/Diskon Tambahan/Tambah_Diskon' is present

2018-09-13 12:06:41 - [MESSAGE][PASSED] - Element 'Object Repository/Sidebar Menu/Mesin Kasir/Kasir/Ringkasan Pesanan/Diskon Tambahan/Tambah_Diskon' is present

2018-09-13 12:06:41 - [TEST_STEP][PASSED] - verifyElementAttributeValue: Object 'Object Repository/Sidebar Menu/Mesin Kasir/Kasir/Ringkasan Pesanan/Diskon Tambahan/Tambah_Diskon' has attribute 'content-desc' with value 'asubtotal_atext_additional_discount'

2018-09-13 12:06:44 - [MESSAGE][PASSED] - Object 'Object Repository/Sidebar Menu/Mesin Kasir/Kasir/Ringkasan Pesanan/Diskon Tambahan/Tambah_Diskon' has attribute 'content-desc' with value 'asubtotal_atext_additional_discount'

2018-09-13 12:06:44 - [TEST_STEP][PASSED] - verifyElementVisible: Element 'Object Repository/Sidebar Menu/Mesin Kasir/Kasir/Ringkasan Pesanan/Diskon Tambahan/Tambah_Diskon' is visible

2018-09-13 12:06:49 - [MESSAGE][PASSED] - Element 'Object Repository/Sidebar Menu/Mesin Kasir/Kasir/Ringkasan Pesanan/Diskon Tambahan/Tambah_Diskon' is visible

2018-09-13 12:06:49 - [TEST_STEP][PASSED] - waitForElementPresent: Element 'Object Repository/Sidebar Menu/Mesin Kasir/Kasir/Ringkasan Pesanan/Biaya Tambahan/Tambah_Biaya' is present

2018-09-13 12:06:51 - [MESSAGE][PASSED] - Element 'Object Repository/Sidebar Menu/Mesin Kasir/Kasir/Ringkasan Pesanan/Biaya Tambahan/Tambah_Biaya' is present

2018-09-13 12:06:51 - [TEST_STEP][PASSED] - verifyElementAttributeValue: Object 'Object Repository/Sidebar Menu/Mesin Kasir/Kasir/Ringkasan Pesanan/Biaya Tambahan/Tambah_Biaya' has attribute 'content-desc' with value 'asubtotal_abutton_additional_cost'

2018-09-13 12:06:55 - [MESSAGE][PASSED] - Object 'Object Repository/Sidebar Menu/Mesin Kasir/Kasir/Ringkasan Pesanan/Biaya Tambahan/Tambah_Biaya' has attribute 'content-desc' with value 'asubtotal_abutton_additional_cost'

2018-09-13 12:06:55 - [TEST_STEP][PASSED] - tap: Tapped on element 'Object Repository/Sidebar Menu/Mesin Kasir/Kasir/Ringkasan Pesanan/Biaya Tambahan/Tambah_Biaya'

2018-09-13 12:07:01 - [MESSAGE][PASSED] - Tapped on element 'Object Repository/Sidebar Menu/Mesin Kasir/Kasir/Ringkasan Pesanan/Biaya Tambahan/Tambah_Biaya'

2018-09-13 12:07:01 - [TEST_STEP][PASSED] - waitForElementPresent: Element 'Object Repository/Sidebar Menu/Mesin Kasir/Kasir/Ringkasan Pesanan/Biaya Tambahan/TambahBiaya - JudulDropdown' is present

2018-09-13 12:07:06 - [MESSAGE][PASSED] - Element 'Object Repository/Sidebar Menu/Mesin Kasir/Kasir/Ringkasan Pesanan/Biaya Tambahan/TambahBiaya - JudulDropdown' is present

2018-09-13 12:07:06 - [TEST_STEP][PASSED] - verifyElementAttributeValue: Object 'Object Repository/Sidebar Menu/Mesin Kasir/Kasir/Ringkasan Pesanan/Biaya Tambahan/TambahBiaya - JudulDropdown' has attribute 'content-desc' with value 'additionalCost_icon_costType'

2018-09-13 12:07:14 - [MESSAGE][PASSED] - Object 'Object Repository/Sidebar Menu/Mesin Kasir/Kasir/Ringkasan Pesanan/Biaya Tambahan/TambahBiaya - JudulDropdown' has attribute 'content-desc' with value 'additionalCost_icon_costType'

2018-09-13 12:07:14 - [TEST_STEP][PASSED] - tap: Tapped on element 'Object Repository/Sidebar Menu/Mesin Kasir/Kasir/Ringkasan Pesanan/Biaya Tambahan/TambahBiaya - JudulDropdown'

2018-09-13 12:07:21 - [MESSAGE][PASSED] - Tapped on element 'Object Repository/Sidebar Menu/Mesin Kasir/Kasir/Ringkasan Pesanan/Biaya Tambahan/TambahBiaya - JudulDropdown'

2018-09-13 12:07:21 - [TEST_STEP][PASSED] - waitForElementPresent: Element 'Object Repository/Sidebar Menu/Mesin Kasir/Kasir/Ringkasan Pesanan/Biaya Tambahan/TambahBiaya - JudulList3' is present

2018-09-13 12:07:25 - [MESSAGE][PASSED] - Element 'Object Repository/Sidebar Menu/Mesin Kasir/Kasir/Ringkasan Pesanan/Biaya Tambahan/TambahBiaya - JudulList3' is present

2018-09-13 12:07:25 - [TEST_STEP][PASSED] - verifyElementAttributeValue: Object 'Object Repository/Sidebar Menu/Mesin Kasir/Kasir/Ringkasan Pesanan/Biaya Tambahan/TambahBiaya - JudulList3' has attribute 'content-desc' with value 'additionalCost_text_costType_2'

2018-09-13 12:07:29 - [MESSAGE][PASSED] - Object 'Object Repository/Sidebar Menu/Mesin Kasir/Kasir/Ringkasan Pesanan/Biaya Tambahan/TambahBiaya - JudulList3' has attribute 'content-desc' with value 'additionalCost_text_costType_2'

2018-09-13 12:07:29 - [TEST_STEP][PASSED] - tap: Tapped on element 'Object Repository/Sidebar Menu/Mesin Kasir/Kasir/Ringkasan Pesanan/Biaya Tambahan/TambahBiaya - JudulList3'

2018-09-13 12:07:34 - [MESSAGE][PASSED] - Tapped on element 'Object Repository/Sidebar Menu/Mesin Kasir/Kasir/Ringkasan Pesanan/Biaya Tambahan/TambahBiaya - JudulList3'

2018-09-13 12:07:34 - [TEST_STEP][PASSED] - waitForElementPresent: Element 'Object Repository/Sidebar Menu/Mesin Kasir/Kasir/Ringkasan Pesanan/Biaya Tambahan/TambahBiaya - BiayaLainEdtTxt' is present

2018-09-13 12:07:38 - [MESSAGE][PASSED] - Element 'Object Repository/Sidebar Menu/Mesin Kasir/Kasir/Ringkasan Pesanan/Biaya Tambahan/TambahBiaya - BiayaLainEdtTxt' is present

2018-09-13 12:07:38 - [TEST_STEP][PASSED] - verifyElementAttributeValue: Object 'Object Repository/Sidebar Menu/Mesin Kasir/Kasir/Ringkasan Pesanan/Biaya Tambahan/TambahBiaya - BiayaLainEdtTxt' has attribute 'content-desc' with value 'additionalCost_input_extraCostInfo'

2018-09-13 12:07:45 - [MESSAGE][PASSED] - Object 'Object Repository/Sidebar Menu/Mesin Kasir/Kasir/Ringkasan Pesanan/Biaya Tambahan/TambahBiaya - BiayaLainEdtTxt' has attribute 'content-desc' with value 'additionalCost_input_extraCostInfo'

2018-09-13 12:07:45 - [TEST_STEP][PASSED] - setText: Text 'Buble Wrap' has been set to element 'Object Repository/Sidebar Menu/Mesin Kasir/Kasir/Ringkasan Pesanan/Biaya Tambahan/TambahBiaya - BiayaLainEdtTxt'

2018-09-13 12:08:02 - [MESSAGE][PASSED] - Text 'Buble Wrap' has been set to element 'Object Repository/Sidebar Menu/Mesin Kasir/Kasir/Ringkasan Pesanan/Biaya Tambahan/TambahBiaya - BiayaLainEdtTxt'

2018-09-13 12:08:02 - [TEST_STEP][PASSED] - hideKeyboard: Keyboard is hidden

2018-09-13 12:08:02 - [MESSAGE][PASSED] - Keyboard is hidden

2018-09-13 12:08:02 - [TEST_STEP][PASSED] - waitForElementPresent: Element 'Object Repository/Sidebar Menu/Mesin Kasir/Kasir/Ringkasan Pesanan/Biaya Tambahan/TambahBiaya - BiayaEditTxt' is present

2018-09-13 12:08:06 - [MESSAGE][PASSED] - Element 'Object Repository/Sidebar Menu/Mesin Kasir/Kasir/Ringkasan Pesanan/Biaya Tambahan/TambahBiaya - BiayaEditTxt' is present

2018-09-13 12:08:06 - [TEST_STEP][PASSED] - verifyElementAttributeValue: Object 'Object Repository/Sidebar Menu/Mesin Kasir/Kasir/Ringkasan Pesanan/Biaya Tambahan/TambahBiaya - BiayaEditTxt' has attribute 'content-desc' with value 'additionalCost_input_costAmount'

2018-09-13 12:08:15 - [MESSAGE][PASSED] - Object 'Object Repository/Sidebar Menu/Mesin Kasir/Kasir/Ringkasan Pesanan/Biaya Tambahan/TambahBiaya - BiayaEditTxt' has attribute 'content-desc' with value 'additionalCost_input_costAmount'

2018-09-13 12:08:15 - [TEST_STEP][PASSED] - setText: Text '2000' has been set to element 'Object Repository/Sidebar Menu/Mesin Kasir/Kasir/Ringkasan Pesanan/Biaya Tambahan/TambahBiaya - BiayaEditTxt'

2018-09-13 12:08:32 - [MESSAGE][PASSED] - Text '2000' has been set to element 'Object Repository/Sidebar Menu/Mesin Kasir/Kasir/Ringkasan Pesanan/Biaya Tambahan/TambahBiaya - BiayaEditTxt'

2018-09-13 12:08:32 - [TEST_STEP][PASSED] - hideKeyboard: Keyboard is hidden

2018-09-13 12:08:33 - [MESSAGE][PASSED] - Keyboard is hidden

2018-09-13 12:08:34 - [TEST_STEP][PASSED] - verifyElementText: Actual text and expected text of test object 'Object Repository/Sidebar Menu/Mesin Kasir/Kasir/Ringkasan Pesanan/Biaya Tambahan/TambahBiaya - BiayaEditTxt' are matched.

2018-09-13 12:08:41 - [MESSAGE][PASSED] - Actual text and expected text of test object 'Object Repository/Sidebar Menu/Mesin Kasir/Kasir/Ringkasan Pesanan/Biaya Tambahan/TambahBiaya - BiayaEditTxt' are matched.

2018-09-13 12:08:41 - [TEST_STEP][PASSED] - waitForElementPresent: Element 'Object Repository/Sidebar Menu/Mesin Kasir/Kasir/Ringkasan Pesanan/Biaya Tambahan/TambahBiaya - SIMPANbtn' is present

2018-09-13 12:08:47 - [MESSAGE][PASSED] - Element 'Object Repository/Sidebar Menu/Mesin Kasir/Kasir/Ringkasan Pesanan/Biaya Tambahan/TambahBiaya - SIMPANbtn' is present

2018-09-13 12:08:47 - [TEST_STEP][PASSED] - verifyElementAttributeValue: Object 'Object Repository/Sidebar Menu/Mesin Kasir/Kasir/Ringkasan Pesanan/Biaya Tambahan/TambahBiaya - SIMPANbtn' has attribute 'content-desc' with value 'additionalCost_button_saveCost'

2018-09-13 12:08:51 - [MESSAGE][PASSED] - Object 'Object Repository/Sidebar Menu/Mesin Kasir/Kasir/Ringkasan Pesanan/Biaya Tambahan/TambahBiaya - SIMPANbtn' has attribute 'content-desc' with value 'additionalCost_button_saveCost'

2018-09-13 12:08:51 - [TEST_STEP][PASSED] - tap: Tapped on element 'Object Repository/Sidebar Menu/Mesin Kasir/Kasir/Ringkasan Pesanan/Biaya Tambahan/TambahBiaya - SIMPANbtn'

2018-09-13 12:08:58 - [MESSAGE][PASSED] - Tapped on element 'Object Repository/Sidebar Menu/Mesin Kasir/Kasir/Ringkasan Pesanan/Biaya Tambahan/TambahBiaya - SIMPANbtn'

2018-09-13 12:08:58 - [TEST_STEP][PASSED] - closeApplication: Close app successfully

2018-09-13 12:09:05 - [MESSAGE][PASSED] - Close app successfully]]></system-out>
         <system-err><![CDATA[]]></system-err>
      </testcase>
      <testcase name="Test Cases/Release 3 - Squad Hades/Sprint 1/Story 1770 - Additional Biaya Tambahan in shoopping cart/TC 7 - Nama Biaya field and Biaya field Mandatory" classname="Test Cases/Release 3 - Squad Hades/Sprint 1/Story 1770 - Additional Biaya Tambahan in shoopping cart/TC 7 - Nama Biaya field and Biaya field Mandatory" status="FAILED">
         <failure type="FAILED" message="Unable to start app at: '7 September.apk' (Root cause: java.io.IOException: GetExitCodeProcess error=6, The handle is invalid)"/>
         <system-out><![CDATA[2018-09-13 12:09:05 - [TEST_CASE][FAILED] - Test Cases/Release 3 - Squad Hades/Sprint 1/Story 1770 - Additional Biaya Tambahan in shoopping cart/TC 7 - Nama Biaya field and Biaya field Mandatory: Test Cases/Release 3 - Squad Hades/Sprint 1/Story 1770 - Additional Biaya Tambahan in shoopping cart/TC 7 - Nama Biaya field and Biaya field Mandatory FAILED because (of) Unable to start app at: '7 September.apk' (Root cause: java.io.IOException: GetExitCodeProcess error=6, The handle is invalid)

2018-09-13 12:09:05 - [TEST_STEP][PASSED] - comment: WELCOME SCREEN

2018-09-13 12:09:05 - [TEST_STEP][PASSED] - Statement - apkPath = apkName: null

2018-09-13 12:09:05 - [TEST_STEP][FAILED] - startApplication: Unable to start app at: '7 September.apk' (Root cause: java.io.IOException: GetExitCodeProcess error=6, The handle is invalid)

2018-09-13 12:09:05 - [MESSAGE][FAILED] - Unable to start app at: '7 September.apk' (Root cause: java.io.IOException: GetExitCodeProcess error=6, The handle is invalid)]]></system-out>
         <system-err><![CDATA[2018-09-13 12:09:05 - [TEST_CASE][FAILED] - Test Cases/Release 3 - Squad Hades/Sprint 1/Story 1770 - Additional Biaya Tambahan in shoopping cart/TC 7 - Nama Biaya field and Biaya field Mandatory: Test Cases/Release 3 - Squad Hades/Sprint 1/Story 1770 - Additional Biaya Tambahan in shoopping cart/TC 7 - Nama Biaya field and Biaya field Mandatory FAILED because (of) Unable to start app at: '7 September.apk' (Root cause: java.io.IOException: GetExitCodeProcess error=6, The handle is invalid)]]></system-err>
      </testcase>
      <testcase name="Test Cases/Release 3 - Squad Hades/Sprint 1/Story 1770 - Additional Biaya Tambahan in shoopping cart/TC 8 -  Biaya lain is not taxable and should not be less than Rp 0" classname="Test Cases/Release 3 - Squad Hades/Sprint 1/Story 1770 - Additional Biaya Tambahan in shoopping cart/TC 8 -  Biaya lain is not taxable and should not be less than Rp 0" status="FAILED">
         <failure type="FAILED" message="Unable to start app at: '7 September.apk' (Root cause: java.io.IOException: GetExitCodeProcess error=6, The handle is invalid)"/>
         <system-out><![CDATA[2018-09-13 12:09:05 - [TEST_CASE][FAILED] - Test Cases/Release 3 - Squad Hades/Sprint 1/Story 1770 - Additional Biaya Tambahan in shoopping cart/TC 8 -  Biaya lain is not taxable and should not be less than Rp 0: Test Cases/Release 3 - Squad Hades/Sprint 1/Story 1770 - Additional Biaya Tambahan in shoopping cart/TC 8 -  Biaya lain is not taxable and should not be less than Rp 0 FAILED because (of) Unable to start app at: '7 September.apk' (Root cause: java.io.IOException: GetExitCodeProcess error=6, The handle is invalid)

2018-09-13 12:09:05 - [TEST_STEP][PASSED] - comment: WELCOME SCREEN

2018-09-13 12:09:05 - [TEST_STEP][PASSED] - Statement - apkPath = apkName: null

2018-09-13 12:09:05 - [TEST_STEP][FAILED] - startApplication: Unable to start app at: '7 September.apk' (Root cause: java.io.IOException: GetExitCodeProcess error=6, The handle is invalid)

2018-09-13 12:09:05 - [MESSAGE][FAILED] - Unable to start app at: '7 September.apk' (Root cause: java.io.IOException: GetExitCodeProcess error=6, The handle is invalid)]]></system-out>
         <system-err><![CDATA[2018-09-13 12:09:05 - [TEST_CASE][FAILED] - Test Cases/Release 3 - Squad Hades/Sprint 1/Story 1770 - Additional Biaya Tambahan in shoopping cart/TC 8 -  Biaya lain is not taxable and should not be less than Rp 0: Test Cases/Release 3 - Squad Hades/Sprint 1/Story 1770 - Additional Biaya Tambahan in shoopping cart/TC 8 -  Biaya lain is not taxable and should not be less than Rp 0 FAILED because (of) Unable to start app at: '7 September.apk' (Root cause: java.io.IOException: GetExitCodeProcess error=6, The handle is invalid)]]></system-err>
      </testcase>
      <system-out><![CDATA[2018-09-13 11:27:32 - [TEST_SUITE][FAILED] - Story 1770 - Additional Biaya Tambahan in shoopping cart: Test Cases/Release 3 - Squad Hades/Sprint 1/Story 1770 - Additional Biaya Tambahan in shoopping cart/TC 7 - Nama Biaya field and Biaya field Mandatory FAILED because (of) Unable to start app at: '7 September.apk' (Root cause: java.io.IOException: GetExitCodeProcess error=6, The handle is invalid)]]></system-out>
      <system-err><![CDATA[2018-09-13 11:27:32 - [TEST_SUITE][FAILED] - Story 1770 - Additional Biaya Tambahan in shoopping cart: Test Cases/Release 3 - Squad Hades/Sprint 1/Story 1770 - Additional Biaya Tambahan in shoopping cart/TC 7 - Nama Biaya field and Biaya field Mandatory FAILED because (of) Unable to start app at: '7 September.apk' (Root cause: java.io.IOException: GetExitCodeProcess error=6, The handle is invalid)]]></system-err>
   </testsuite>
</testsuites>
