<?xml version="1.0" encoding="UTF-8"?>
<testsuites name="Story 1799 - Request OR Conect EDC" time="1279" tests="4" failures="0" errors="0">
   <testsuite name="Story 1799 - Request OR Conect EDC" tests="4" failures="0" errors="0" time="1279" timestamp="2018-09-12 14:12:27" hostname="AV2017005903 - NBMP18A211ITSQA.corp.bankbtpn.co.id" id="Test Suites/Story 1799 - Request OR Conect EDC">
      <properties>
         <property name="deviceName" value="OPPO A37f (Android 5.1.1)"/>
         <property name="devicePlatform" value=""/>
         <property name="logFolder" value="C:\\Users\\AV2017005903\\Documents\\apollo-automation\\Reports\\Story 1799 - Request OR Conect EDC\\20180912_141219"/>
         <property name="logFiles" value="C:\\Users\\AV2017005903\\Documents\\apollo-automation\\Reports\\Story 1799 - Request OR Conect EDC\\20180912_141219\\appium.log, C:\\Users\\AV2017005903\\Documents\\apollo-automation\\Reports\\Story 1799 - Request OR Conect EDC\\20180912_141219\\execution0.log"/>
         <property name="attachments" value=""/>
         <property name="hostName" value="AV2017005903 - NBMP18A211ITSQA.corp.bankbtpn.co.id"/>
         <property name="os" value="Windows 10 64bit"/>
         <property name="katalonVersion" value="5.6.0.1"/>
         <property name="deviceOS" value="Android"/>
         <property name="appiumVersion" value="1.8.1"/>
         <property name="deviceModel" value="A37f"/>
         <property name="hostAddress" value="192.168.62.1"/>
         <property name="deviceManufacturer" value="OPPO"/>
         <property name="deviceId" value="6e4df14"/>
         <property name="deviceName" value="OPPO A37f (Android 5.1.1)"/>
         <property name="deviceOSVersion" value="5.1.1"/>
      </properties>
      <testcase name="Test Cases/Release 3 - Squad Hades/Sprint 1/Story 1799 - Request OR Conect EDC/TC 1 - View EDC screen and check contain" classname="Test Cases/Release 3 - Squad Hades/Sprint 1/Story 1799 - Request OR Conect EDC/TC 1 - View EDC screen and check contain" status="PASSED">
         <system-out><![CDATA[2018-09-12 14:12:28 - [TEST_CASE][PASSED] - Test Cases/Release 3 - Squad Hades/Sprint 1/Story 1799 - Request OR Conect EDC/TC 1 - View EDC screen and check contain: Test Cases/Release 3 - Squad Hades/Sprint 1/Story 1799 - Request OR Conect EDC/TC 1 - View EDC screen and check contain

2018-09-12 14:12:28 - [TEST_STEP][PASSED] - comment: Start Login Test Case

2018-09-12 14:12:28 - [TEST_STEP][PASSED] - Statement - apkPath = apkName: null

2018-09-12 14:12:28 - [TEST_STEP][PASSED] - startApplication: Started app at: 'C:\Users\AV2017005903\Documents\apollo-automation\7 September.apk'

2018-09-12 14:13:19 - [MESSAGE][PASSED] - Started app at: 'C:\Users\AV2017005903\Documents\apollo-automation\7 September.apk'

2018-09-12 14:13:19 - [TEST_STEP][PASSED] - delay: Delayed 15 second(s)

2018-09-12 14:13:34 - [MESSAGE][PASSED] - Delayed 15 second(s)

2018-09-12 14:13:34 - [TEST_STEP][PASSED] - Comment - "If there is a Update TopuUp, click No, Else you can delay for waiting lazyload ": null

2018-09-12 14:13:34 - [TEST_STEP][PASSED] - Statement - driver = com.kms.katalon.core.mobile.keyword.internal.MobileDriverFactory.getDriver(): null

2018-09-12 14:13:34 - [TEST_STEP][PASSED] - Statement - action = new io.appium.java_client.TouchAction(driver): null

2018-09-12 14:13:34 - [TEST_STEP][PASSED] - Statement - action.longPress(550, 300).moveTo(100, 300).release().perform(): null

2018-09-12 14:13:37 - [TEST_STEP][PASSED] - delay: Delayed 8 second(s)

2018-09-12 14:13:45 - [MESSAGE][PASSED] - Delayed 8 second(s)

2018-09-12 14:13:45 - [TEST_STEP][PASSED] - Statement - action.longPress(550, 300).moveTo(100, 300).release().perform(): null

2018-09-12 14:13:47 - [TEST_STEP][PASSED] - delay: Delayed 8 second(s)

2018-09-12 14:13:55 - [MESSAGE][PASSED] - Delayed 8 second(s)

2018-09-12 14:13:55 - [TEST_STEP][PASSED] - Statement - action.longPress(550, 300).moveTo(100, 300).release().perform(): null

2018-09-12 14:13:58 - [TEST_STEP][PASSED] - delay: Delayed 8 second(s)

2018-09-12 14:14:06 - [MESSAGE][PASSED] - Delayed 8 second(s)

2018-09-12 14:14:06 - [TEST_STEP][PASSED] - Statement - action.longPress(550, 300).moveTo(100, 300).release().perform(): null

2018-09-12 14:14:09 - [TEST_STEP][PASSED] - delay: Delayed 8 second(s)

2018-09-12 14:14:17 - [MESSAGE][PASSED] - Delayed 8 second(s)

2018-09-12 14:14:17 - [TEST_STEP][PASSED] - waitForElementPresent: Element 'Object Repository/Splash Screen/Mulai - Button' is present

2018-09-12 14:14:19 - [MESSAGE][PASSED] - Element 'Object Repository/Splash Screen/Mulai - Button' is present

2018-09-12 14:14:19 - [TEST_STEP][PASSED] - verifyElementAttributeValue: Object 'Object Repository/Splash Screen/Mulai - Button' has attribute 'content-desc' with value 'start_button_touch'

2018-09-12 14:14:23 - [MESSAGE][PASSED] - Object 'Object Repository/Splash Screen/Mulai - Button' has attribute 'content-desc' with value 'start_button_touch'

2018-09-12 14:14:23 - [TEST_STEP][PASSED] - tap: Tapped on element 'Object Repository/Splash Screen/Mulai - Button'

2018-09-12 14:14:30 - [MESSAGE][PASSED] - Tapped on element 'Object Repository/Splash Screen/Mulai - Button'

2018-09-12 14:14:30 - [TEST_STEP][PASSED] - waitForElementPresent: Element 'Object Repository/Login/Nomor HP  Nama Pengguna - Text Box' is present

2018-09-12 14:14:38 - [MESSAGE][PASSED] - Element 'Object Repository/Login/Nomor HP  Nama Pengguna - Text Box' is present

2018-09-12 14:14:38 - [TEST_STEP][PASSED] - verifyElementAttributeValue: Object 'Object Repository/Login/Nomor HP  Nama Pengguna - Text Box' has attribute 'content-desc' with value 'LoginNameTextInput'

2018-09-12 14:14:43 - [MESSAGE][PASSED] - Object 'Object Repository/Login/Nomor HP  Nama Pengguna - Text Box' has attribute 'content-desc' with value 'LoginNameTextInput'

2018-09-12 14:14:43 - [TEST_STEP][PASSED] - setText: Text '08112233445567' has been set to element 'Object Repository/Login/Nomor HP  Nama Pengguna - Text Box'

2018-09-12 14:15:07 - [MESSAGE][PASSED] - Text '08112233445567' has been set to element 'Object Repository/Login/Nomor HP  Nama Pengguna - Text Box'

2018-09-12 14:15:07 - [TEST_STEP][PASSED] - hideKeyboard: Keyboard is hidden

2018-09-12 14:15:09 - [MESSAGE][PASSED] - Keyboard is hidden

2018-09-12 14:15:09 - [TEST_STEP][PASSED] - verifyElementText: Actual text and expected text of test object 'Object Repository/Login/Nomor HP  Nama Pengguna - Text Box' are matched.

2018-09-12 14:15:13 - [MESSAGE][PASSED] - Actual text and expected text of test object 'Object Repository/Login/Nomor HP  Nama Pengguna - Text Box' are matched.

2018-09-12 14:15:13 - [TEST_STEP][PASSED] - waitForElementPresent: Element 'Object Repository/Login/Button Masuk' is present

2018-09-12 14:15:15 - [MESSAGE][PASSED] - Element 'Object Repository/Login/Button Masuk' is present

2018-09-12 14:15:15 - [TEST_STEP][PASSED] - verifyElementAttributeValue: Object 'Object Repository/Login/Button Masuk' has attribute 'content-desc' with value 'LoginJumpNextBtn'

2018-09-12 14:15:21 - [MESSAGE][PASSED] - Object 'Object Repository/Login/Button Masuk' has attribute 'content-desc' with value 'LoginJumpNextBtn'

2018-09-12 14:15:21 - [TEST_STEP][PASSED] - tap: Tapped on element 'Object Repository/Login/Button Masuk'

2018-09-12 14:15:31 - [MESSAGE][PASSED] - Tapped on element 'Object Repository/Login/Button Masuk'

2018-09-12 14:15:31 - [TEST_STEP][PASSED] - waitForElementPresent: Element 'Object Repository/Login/Input Pin' is present

2018-09-12 14:15:35 - [MESSAGE][PASSED] - Element 'Object Repository/Login/Input Pin' is present

2018-09-12 14:15:35 - [TEST_STEP][PASSED] - verifyElementAttributeValue: Object 'Object Repository/Login/Input Pin' has attribute 'content-desc' with value 'pinCircleFocus'

2018-09-12 14:15:42 - [MESSAGE][PASSED] - Object 'Object Repository/Login/Input Pin' has attribute 'content-desc' with value 'pinCircleFocus'

2018-09-12 14:15:42 - [TEST_STEP][PASSED] - tap: Tapped on element 'Object Repository/Login/Input Pin'

2018-09-12 14:15:52 - [MESSAGE][PASSED] - Tapped on element 'Object Repository/Login/Input Pin'

2018-09-12 14:15:52 - [TEST_STEP][PASSED] - setText: Text '123456' has been set to element 'Object Repository/Login/Input Pin'

2018-09-12 14:16:13 - [MESSAGE][PASSED] - Text '123456' has been set to element 'Object Repository/Login/Input Pin'

2018-09-12 14:16:13 - [TEST_STEP][PASSED] - delay: Delayed 5 second(s)

2018-09-12 14:16:18 - [MESSAGE][PASSED] - Delayed 5 second(s)

2018-09-12 14:16:18 - [TEST_STEP][PASSED] - comment: End Login Test Case

2018-09-12 14:16:18 - [TEST_STEP][PASSED] - waitForElementPresent: Element 'Object Repository/Sidebar Menu/Biaya/HamburgerButton' is present

2018-09-12 14:16:20 - [MESSAGE][PASSED] - Element 'Object Repository/Sidebar Menu/Biaya/HamburgerButton' is present

2018-09-12 14:16:20 - [TEST_STEP][PASSED] - verifyElementAttributeValue: Object 'Object Repository/Sidebar Menu/Biaya/HamburgerButton' has attribute 'content-desc' with value 'headerBar_button_hamburgerMenu'

2018-09-12 14:16:24 - [MESSAGE][PASSED] - Object 'Object Repository/Sidebar Menu/Biaya/HamburgerButton' has attribute 'content-desc' with value 'headerBar_button_hamburgerMenu'

2018-09-12 14:16:24 - [TEST_STEP][PASSED] - tap: Tapped on element 'Object Repository/Sidebar Menu/Biaya/HamburgerButton'

2018-09-12 14:16:30 - [MESSAGE][PASSED] - Tapped on element 'Object Repository/Sidebar Menu/Biaya/HamburgerButton'

2018-09-12 14:16:30 - [TEST_STEP][PASSED] - verifyElementAttributeValue: Object 'Object Repository/Sidebar Menu/Pengaturan Toko/Pengaturan Toko' has attribute 'content-desc' with value 'aturTokoMenuItem'

2018-09-12 14:16:35 - [MESSAGE][PASSED] - Object 'Object Repository/Sidebar Menu/Pengaturan Toko/Pengaturan Toko' has attribute 'content-desc' with value 'aturTokoMenuItem'

2018-09-12 14:16:35 - [TEST_STEP][PASSED] - tap: Tapped on element 'Object Repository/Sidebar Menu/Pengaturan Toko/Pengaturan Toko'

2018-09-12 14:16:48 - [MESSAGE][PASSED] - Tapped on element 'Object Repository/Sidebar Menu/Pengaturan Toko/Pengaturan Toko'

2018-09-12 14:16:48 - [TEST_STEP][PASSED] - verifyElementVisible: Element 'Object Repository/Sidebar Menu/Pengaturan Toko/EDC Menu/EDC' is visible

2018-09-12 14:16:52 - [MESSAGE][PASSED] - Element 'Object Repository/Sidebar Menu/Pengaturan Toko/EDC Menu/EDC' is visible

2018-09-12 14:16:52 - [TEST_STEP][PASSED] - verifyElementAttributeValue: Object 'Object Repository/Sidebar Menu/Pengaturan Toko/EDC Menu/EDC' has attribute 'content-desc' with value 'tokoListScreen_button_edc'

2018-09-12 14:16:56 - [MESSAGE][PASSED] - Object 'Object Repository/Sidebar Menu/Pengaturan Toko/EDC Menu/EDC' has attribute 'content-desc' with value 'tokoListScreen_button_edc'

2018-09-12 14:16:56 - [TEST_STEP][PASSED] - verifyElementVisible: Element 'Object Repository/Sidebar Menu/Pengaturan Toko/Printer Menu/Printer' is visible

2018-09-12 14:17:01 - [MESSAGE][PASSED] - Element 'Object Repository/Sidebar Menu/Pengaturan Toko/Printer Menu/Printer' is visible

2018-09-12 14:17:01 - [TEST_STEP][PASSED] - verifyElementAttributeValue: Object 'Object Repository/Sidebar Menu/Pengaturan Toko/Printer Menu/Printer' has attribute 'content-desc' with value 'tokoListScreen_button_printer'

2018-09-12 14:17:04 - [MESSAGE][PASSED] - Object 'Object Repository/Sidebar Menu/Pengaturan Toko/Printer Menu/Printer' has attribute 'content-desc' with value 'tokoListScreen_button_printer'

2018-09-12 14:17:04 - [TEST_STEP][PASSED] - waitForElementPresent: Element 'Object Repository/Sidebar Menu/Pengaturan Toko/EDC Menu/EDC' is present

2018-09-12 14:17:08 - [MESSAGE][PASSED] - Element 'Object Repository/Sidebar Menu/Pengaturan Toko/EDC Menu/EDC' is present

2018-09-12 14:17:08 - [TEST_STEP][PASSED] - verifyElementAttributeValue: Object 'Object Repository/Sidebar Menu/Pengaturan Toko/EDC Menu/EDC' has attribute 'content-desc' with value 'tokoListScreen_button_edc'

2018-09-12 14:17:14 - [MESSAGE][PASSED] - Object 'Object Repository/Sidebar Menu/Pengaturan Toko/EDC Menu/EDC' has attribute 'content-desc' with value 'tokoListScreen_button_edc'

2018-09-12 14:17:14 - [TEST_STEP][PASSED] - tap: Tapped on element 'Object Repository/Sidebar Menu/Pengaturan Toko/EDC Menu/EDC'

2018-09-12 14:17:19 - [MESSAGE][PASSED] - Tapped on element 'Object Repository/Sidebar Menu/Pengaturan Toko/EDC Menu/EDC'

2018-09-12 14:17:19 - [TEST_STEP][PASSED] - delay: Delayed 2 second(s)

2018-09-12 14:17:21 - [MESSAGE][PASSED] - Delayed 2 second(s)

2018-09-12 14:17:21 - [TEST_STEP][PASSED] - closeApplication: Close app successfully

2018-09-12 14:17:29 - [MESSAGE][PASSED] - Close app successfully]]></system-out>
         <system-err><![CDATA[]]></system-err>
      </testcase>
      <testcase name="Test Cases/Release 3 - Squad Hades/Sprint 1/Story 1799 - Request OR Conect EDC/TC 3 - Check EDC status while EDS is connected" classname="Test Cases/Release 3 - Squad Hades/Sprint 1/Story 1799 - Request OR Conect EDC/TC 3 - Check EDC status while EDS is connected" status="PASSED">
         <system-out><![CDATA[2018-09-12 14:17:29 - [TEST_CASE][PASSED] - Test Cases/Release 3 - Squad Hades/Sprint 1/Story 1799 - Request OR Conect EDC/TC 3 - Check EDC status while EDS is connected: Test Cases/Release 3 - Squad Hades/Sprint 1/Story 1799 - Request OR Conect EDC/TC 3 - Check EDC status while EDS is connected

2018-09-12 14:17:29 - [TEST_STEP][PASSED] - comment: Start Login Test Case

2018-09-12 14:17:29 - [TEST_STEP][PASSED] - Statement - apkPath = apkName: null

2018-09-12 14:17:29 - [TEST_STEP][PASSED] - startApplication: Started app at: 'C:\Users\AV2017005903\Documents\apollo-automation\7 September.apk'

2018-09-12 14:18:07 - [MESSAGE][PASSED] - Started app at: 'C:\Users\AV2017005903\Documents\apollo-automation\7 September.apk'

2018-09-12 14:18:07 - [TEST_STEP][PASSED] - delay: Delayed 15 second(s)

2018-09-12 14:18:22 - [MESSAGE][PASSED] - Delayed 15 second(s)

2018-09-12 14:18:22 - [TEST_STEP][PASSED] - Comment - "If there is a Update TopuUp, click No, Else you can delay for waiting lazyload ": null

2018-09-12 14:18:22 - [TEST_STEP][PASSED] - Statement - driver = com.kms.katalon.core.mobile.keyword.internal.MobileDriverFactory.getDriver(): null

2018-09-12 14:18:22 - [TEST_STEP][PASSED] - Statement - action = new io.appium.java_client.TouchAction(driver): null

2018-09-12 14:18:22 - [TEST_STEP][PASSED] - Statement - action.longPress(550, 300).moveTo(100, 300).release().perform(): null

2018-09-12 14:18:25 - [TEST_STEP][PASSED] - delay: Delayed 8 second(s)

2018-09-12 14:18:33 - [MESSAGE][PASSED] - Delayed 8 second(s)

2018-09-12 14:18:33 - [TEST_STEP][PASSED] - Statement - action.longPress(550, 300).moveTo(100, 300).release().perform(): null

2018-09-12 14:18:35 - [TEST_STEP][PASSED] - delay: Delayed 8 second(s)

2018-09-12 14:18:43 - [MESSAGE][PASSED] - Delayed 8 second(s)

2018-09-12 14:18:43 - [TEST_STEP][PASSED] - Statement - action.longPress(550, 300).moveTo(100, 300).release().perform(): null

2018-09-12 14:18:46 - [TEST_STEP][PASSED] - delay: Delayed 8 second(s)

2018-09-12 14:18:54 - [MESSAGE][PASSED] - Delayed 8 second(s)

2018-09-12 14:18:54 - [TEST_STEP][PASSED] - Statement - action.longPress(550, 300).moveTo(100, 300).release().perform(): null

2018-09-12 14:18:57 - [TEST_STEP][PASSED] - delay: Delayed 8 second(s)

2018-09-12 14:19:05 - [MESSAGE][PASSED] - Delayed 8 second(s)

2018-09-12 14:19:05 - [TEST_STEP][PASSED] - waitForElementPresent: Element 'Object Repository/Splash Screen/Mulai - Button' is present

2018-09-12 14:19:09 - [MESSAGE][PASSED] - Element 'Object Repository/Splash Screen/Mulai - Button' is present

2018-09-12 14:19:09 - [TEST_STEP][PASSED] - verifyElementAttributeValue: Object 'Object Repository/Splash Screen/Mulai - Button' has attribute 'content-desc' with value 'start_button_touch'

2018-09-12 14:19:13 - [MESSAGE][PASSED] - Object 'Object Repository/Splash Screen/Mulai - Button' has attribute 'content-desc' with value 'start_button_touch'

2018-09-12 14:19:13 - [TEST_STEP][PASSED] - tap: Tapped on element 'Object Repository/Splash Screen/Mulai - Button'

2018-09-12 14:19:21 - [MESSAGE][PASSED] - Tapped on element 'Object Repository/Splash Screen/Mulai - Button'

2018-09-12 14:19:21 - [TEST_STEP][PASSED] - waitForElementPresent: Element 'Object Repository/Login/Nomor HP  Nama Pengguna - Text Box' is present

2018-09-12 14:19:26 - [MESSAGE][PASSED] - Element 'Object Repository/Login/Nomor HP  Nama Pengguna - Text Box' is present

2018-09-12 14:19:26 - [TEST_STEP][PASSED] - verifyElementAttributeValue: Object 'Object Repository/Login/Nomor HP  Nama Pengguna - Text Box' has attribute 'content-desc' with value 'LoginNameTextInput'

2018-09-12 14:19:30 - [MESSAGE][PASSED] - Object 'Object Repository/Login/Nomor HP  Nama Pengguna - Text Box' has attribute 'content-desc' with value 'LoginNameTextInput'

2018-09-12 14:19:30 - [TEST_STEP][PASSED] - setText: Text '08112233445567' has been set to element 'Object Repository/Login/Nomor HP  Nama Pengguna - Text Box'

2018-09-12 14:19:51 - [MESSAGE][PASSED] - Text '08112233445567' has been set to element 'Object Repository/Login/Nomor HP  Nama Pengguna - Text Box'

2018-09-12 14:19:51 - [TEST_STEP][PASSED] - hideKeyboard: Keyboard is hidden

2018-09-12 14:19:52 - [MESSAGE][PASSED] - Keyboard is hidden

2018-09-12 14:19:52 - [TEST_STEP][PASSED] - verifyElementText: Actual text and expected text of test object 'Object Repository/Login/Nomor HP  Nama Pengguna - Text Box' are matched.

2018-09-12 14:20:00 - [MESSAGE][PASSED] - Actual text and expected text of test object 'Object Repository/Login/Nomor HP  Nama Pengguna - Text Box' are matched.

2018-09-12 14:20:00 - [TEST_STEP][PASSED] - waitForElementPresent: Element 'Object Repository/Login/Button Masuk' is present

2018-09-12 14:20:09 - [MESSAGE][PASSED] - Element 'Object Repository/Login/Button Masuk' is present

2018-09-12 14:20:09 - [TEST_STEP][PASSED] - verifyElementAttributeValue: Object 'Object Repository/Login/Button Masuk' has attribute 'content-desc' with value 'LoginJumpNextBtn'

2018-09-12 14:20:14 - [MESSAGE][PASSED] - Object 'Object Repository/Login/Button Masuk' has attribute 'content-desc' with value 'LoginJumpNextBtn'

2018-09-12 14:20:14 - [TEST_STEP][PASSED] - tap: Tapped on element 'Object Repository/Login/Button Masuk'

2018-09-12 14:20:22 - [MESSAGE][PASSED] - Tapped on element 'Object Repository/Login/Button Masuk'

2018-09-12 14:20:22 - [TEST_STEP][PASSED] - waitForElementPresent: Element 'Object Repository/Login/Input Pin' is present

2018-09-12 14:20:26 - [MESSAGE][PASSED] - Element 'Object Repository/Login/Input Pin' is present

2018-09-12 14:20:26 - [TEST_STEP][PASSED] - verifyElementAttributeValue: Object 'Object Repository/Login/Input Pin' has attribute 'content-desc' with value 'pinCircleFocus'

2018-09-12 14:20:30 - [MESSAGE][PASSED] - Object 'Object Repository/Login/Input Pin' has attribute 'content-desc' with value 'pinCircleFocus'

2018-09-12 14:20:30 - [TEST_STEP][PASSED] - tap: Tapped on element 'Object Repository/Login/Input Pin'

2018-09-12 14:20:41 - [MESSAGE][PASSED] - Tapped on element 'Object Repository/Login/Input Pin'

2018-09-12 14:20:41 - [TEST_STEP][PASSED] - setText: Text '123456' has been set to element 'Object Repository/Login/Input Pin'

2018-09-12 14:20:57 - [MESSAGE][PASSED] - Text '123456' has been set to element 'Object Repository/Login/Input Pin'

2018-09-12 14:20:57 - [TEST_STEP][PASSED] - delay: Delayed 5 second(s)

2018-09-12 14:21:02 - [MESSAGE][PASSED] - Delayed 5 second(s)

2018-09-12 14:21:02 - [TEST_STEP][PASSED] - comment: End Login Test Case

2018-09-12 14:21:02 - [TEST_STEP][PASSED] - waitForElementPresent: Element 'Object Repository/Sidebar Menu/Biaya/HamburgerButton' is present

2018-09-12 14:21:05 - [MESSAGE][PASSED] - Element 'Object Repository/Sidebar Menu/Biaya/HamburgerButton' is present

2018-09-12 14:21:05 - [TEST_STEP][PASSED] - verifyElementAttributeValue: Object 'Object Repository/Sidebar Menu/Biaya/HamburgerButton' has attribute 'content-desc' with value 'headerBar_button_hamburgerMenu'

2018-09-12 14:21:09 - [MESSAGE][PASSED] - Object 'Object Repository/Sidebar Menu/Biaya/HamburgerButton' has attribute 'content-desc' with value 'headerBar_button_hamburgerMenu'

2018-09-12 14:21:09 - [TEST_STEP][PASSED] - tap: Tapped on element 'Object Repository/Sidebar Menu/Biaya/HamburgerButton'

2018-09-12 14:21:14 - [MESSAGE][PASSED] - Tapped on element 'Object Repository/Sidebar Menu/Biaya/HamburgerButton'

2018-09-12 14:21:14 - [TEST_STEP][PASSED] - verifyElementAttributeValue: Object 'Object Repository/Sidebar Menu/Pengaturan Toko/Pengaturan Toko' has attribute 'content-desc' with value 'aturTokoMenuItem'

2018-09-12 14:21:22 - [MESSAGE][PASSED] - Object 'Object Repository/Sidebar Menu/Pengaturan Toko/Pengaturan Toko' has attribute 'content-desc' with value 'aturTokoMenuItem'

2018-09-12 14:21:22 - [TEST_STEP][PASSED] - tap: Tapped on element 'Object Repository/Sidebar Menu/Pengaturan Toko/Pengaturan Toko'

2018-09-12 14:21:31 - [MESSAGE][PASSED] - Tapped on element 'Object Repository/Sidebar Menu/Pengaturan Toko/Pengaturan Toko'

2018-09-12 14:21:31 - [TEST_STEP][PASSED] - verifyElementVisible: Element 'Object Repository/Sidebar Menu/Pengaturan Toko/EDC Menu/EDC' is visible

2018-09-12 14:21:35 - [MESSAGE][PASSED] - Element 'Object Repository/Sidebar Menu/Pengaturan Toko/EDC Menu/EDC' is visible

2018-09-12 14:21:35 - [TEST_STEP][PASSED] - verifyElementAttributeValue: Object 'Object Repository/Sidebar Menu/Pengaturan Toko/EDC Menu/EDC' has attribute 'content-desc' with value 'tokoListScreen_button_edc'

2018-09-12 14:21:39 - [MESSAGE][PASSED] - Object 'Object Repository/Sidebar Menu/Pengaturan Toko/EDC Menu/EDC' has attribute 'content-desc' with value 'tokoListScreen_button_edc'

2018-09-12 14:21:39 - [TEST_STEP][PASSED] - delay: Delayed 5 second(s)

2018-09-12 14:21:44 - [MESSAGE][PASSED] - Delayed 5 second(s)

2018-09-12 14:21:44 - [TEST_STEP][PASSED] - verifyElementVisible: Element 'Object Repository/Sidebar Menu/Pengaturan Toko/Printer Menu/Printer' is visible

2018-09-12 14:21:47 - [MESSAGE][PASSED] - Element 'Object Repository/Sidebar Menu/Pengaturan Toko/Printer Menu/Printer' is visible

2018-09-12 14:21:47 - [TEST_STEP][PASSED] - verifyElementAttributeValue: Object 'Object Repository/Sidebar Menu/Pengaturan Toko/Printer Menu/Printer' has attribute 'content-desc' with value 'tokoListScreen_button_printer'

2018-09-12 14:21:54 - [MESSAGE][PASSED] - Object 'Object Repository/Sidebar Menu/Pengaturan Toko/Printer Menu/Printer' has attribute 'content-desc' with value 'tokoListScreen_button_printer'

2018-09-12 14:21:54 - [TEST_STEP][PASSED] - waitForElementPresent: Element 'Object Repository/Sidebar Menu/Pengaturan Toko/EDC Menu/EDC' is present

2018-09-12 14:21:58 - [MESSAGE][PASSED] - Element 'Object Repository/Sidebar Menu/Pengaturan Toko/EDC Menu/EDC' is present

2018-09-12 14:21:58 - [TEST_STEP][PASSED] - verifyElementAttributeValue: Object 'Object Repository/Sidebar Menu/Pengaturan Toko/EDC Menu/EDC' has attribute 'content-desc' with value 'tokoListScreen_button_edc'

2018-09-12 14:22:02 - [MESSAGE][PASSED] - Object 'Object Repository/Sidebar Menu/Pengaturan Toko/EDC Menu/EDC' has attribute 'content-desc' with value 'tokoListScreen_button_edc'

2018-09-12 14:22:03 - [TEST_STEP][PASSED] - tap: Tapped on element 'Object Repository/Sidebar Menu/Pengaturan Toko/EDC Menu/EDC'

2018-09-12 14:22:08 - [MESSAGE][PASSED] - Tapped on element 'Object Repository/Sidebar Menu/Pengaturan Toko/EDC Menu/EDC'

2018-09-12 14:22:08 - [TEST_STEP][PASSED] - delay: Delayed 2 second(s)

2018-09-12 14:22:10 - [MESSAGE][PASSED] - Delayed 2 second(s)

2018-09-12 14:22:10 - [TEST_STEP][PASSED] - verifyElementVisible: Element 'Object Repository/Sidebar Menu/Pengaturan Toko/EDC Menu/Image - EDC_Terhubung' is visible

2018-09-12 14:22:22 - [MESSAGE][PASSED] - Element 'Object Repository/Sidebar Menu/Pengaturan Toko/EDC Menu/Image - EDC_Terhubung' is visible

2018-09-12 14:22:22 - [TEST_STEP][PASSED] - verifyElementVisible: Element 'Object Repository/Sidebar Menu/Pengaturan Toko/EDC Menu/ErMsg - Mesin EDC telah terhubung' is visible

2018-09-12 14:22:26 - [MESSAGE][PASSED] - Element 'Object Repository/Sidebar Menu/Pengaturan Toko/EDC Menu/ErMsg - Mesin EDC telah terhubung' is visible

2018-09-12 14:22:26 - [TEST_STEP][PASSED] - verifyElementVisible: Element 'Object Repository/Sidebar Menu/Pengaturan Toko/EDC Menu/ErMsg - Untuk menghubungkan mesin EDC baru harap untuk memutuskan koneksi yang sudah ada terlebih dahulu.' is visible

2018-09-12 14:22:30 - [MESSAGE][PASSED] - Element 'Object Repository/Sidebar Menu/Pengaturan Toko/EDC Menu/ErMsg - Untuk menghubungkan mesin EDC baru harap untuk memutuskan koneksi yang sudah ada terlebih dahulu.' is visible

2018-09-12 14:22:30 - [TEST_STEP][PASSED] - closeApplication: Close app successfully

2018-09-12 14:22:38 - [MESSAGE][PASSED] - Close app successfully]]></system-out>
         <system-err><![CDATA[]]></system-err>
      </testcase>
      <testcase name="Test Cases/Release 3 - Squad Hades/Sprint 1/Story 1799 - Request OR Conect EDC/TC 4 - Click Back button from apps" classname="Test Cases/Release 3 - Squad Hades/Sprint 1/Story 1799 - Request OR Conect EDC/TC 4 - Click Back button from apps" status="PASSED">
         <system-out><![CDATA[2018-09-12 14:22:38 - [TEST_CASE][PASSED] - Test Cases/Release 3 - Squad Hades/Sprint 1/Story 1799 - Request OR Conect EDC/TC 4 - Click Back button from apps: Test Cases/Release 3 - Squad Hades/Sprint 1/Story 1799 - Request OR Conect EDC/TC 4 - Click Back button from apps

2018-09-12 14:22:39 - [TEST_STEP][PASSED] - comment: Start Login Test Case

2018-09-12 14:22:39 - [TEST_STEP][PASSED] - Statement - apkPath = apkName: null

2018-09-12 14:22:39 - [TEST_STEP][PASSED] - startApplication: Started app at: 'C:\Users\AV2017005903\Documents\apollo-automation\7 September.apk'

2018-09-12 14:23:23 - [MESSAGE][PASSED] - Started app at: 'C:\Users\AV2017005903\Documents\apollo-automation\7 September.apk'

2018-09-12 14:23:23 - [TEST_STEP][PASSED] - delay: Delayed 15 second(s)

2018-09-12 14:23:38 - [MESSAGE][PASSED] - Delayed 15 second(s)

2018-09-12 14:23:38 - [TEST_STEP][PASSED] - Comment - "If there is a Update TopuUp, click No, Else you can delay for waiting lazyload ": null

2018-09-12 14:23:38 - [TEST_STEP][PASSED] - Statement - driver = com.kms.katalon.core.mobile.keyword.internal.MobileDriverFactory.getDriver(): null

2018-09-12 14:23:38 - [TEST_STEP][PASSED] - Statement - action = new io.appium.java_client.TouchAction(driver): null

2018-09-12 14:23:38 - [TEST_STEP][PASSED] - Statement - action.longPress(550, 300).moveTo(100, 300).release().perform(): null

2018-09-12 14:23:41 - [TEST_STEP][PASSED] - delay: Delayed 8 second(s)

2018-09-12 14:23:49 - [MESSAGE][PASSED] - Delayed 8 second(s)

2018-09-12 14:23:49 - [TEST_STEP][PASSED] - Statement - action.longPress(550, 300).moveTo(100, 300).release().perform(): null

2018-09-12 14:23:51 - [TEST_STEP][PASSED] - delay: Delayed 8 second(s)

2018-09-12 14:23:59 - [MESSAGE][PASSED] - Delayed 8 second(s)

2018-09-12 14:23:59 - [TEST_STEP][PASSED] - Statement - action.longPress(550, 300).moveTo(100, 300).release().perform(): null

2018-09-12 14:24:02 - [TEST_STEP][PASSED] - delay: Delayed 8 second(s)

2018-09-12 14:24:10 - [MESSAGE][PASSED] - Delayed 8 second(s)

2018-09-12 14:24:10 - [TEST_STEP][PASSED] - Statement - action.longPress(550, 300).moveTo(100, 300).release().perform(): null

2018-09-12 14:24:13 - [TEST_STEP][PASSED] - delay: Delayed 8 second(s)

2018-09-12 14:24:21 - [MESSAGE][PASSED] - Delayed 8 second(s)

2018-09-12 14:24:21 - [TEST_STEP][PASSED] - waitForElementPresent: Element 'Object Repository/Splash Screen/Mulai - Button' is present

2018-09-12 14:24:25 - [MESSAGE][PASSED] - Element 'Object Repository/Splash Screen/Mulai - Button' is present

2018-09-12 14:24:25 - [TEST_STEP][PASSED] - verifyElementAttributeValue: Object 'Object Repository/Splash Screen/Mulai - Button' has attribute 'content-desc' with value 'start_button_touch'

2018-09-12 14:24:29 - [MESSAGE][PASSED] - Object 'Object Repository/Splash Screen/Mulai - Button' has attribute 'content-desc' with value 'start_button_touch'

2018-09-12 14:24:29 - [TEST_STEP][PASSED] - tap: Tapped on element 'Object Repository/Splash Screen/Mulai - Button'

2018-09-12 14:24:39 - [MESSAGE][PASSED] - Tapped on element 'Object Repository/Splash Screen/Mulai - Button'

2018-09-12 14:24:39 - [TEST_STEP][PASSED] - waitForElementPresent: Element 'Object Repository/Login/Nomor HP  Nama Pengguna - Text Box' is present

2018-09-12 14:24:44 - [MESSAGE][PASSED] - Element 'Object Repository/Login/Nomor HP  Nama Pengguna - Text Box' is present

2018-09-12 14:24:44 - [TEST_STEP][PASSED] - verifyElementAttributeValue: Object 'Object Repository/Login/Nomor HP  Nama Pengguna - Text Box' has attribute 'content-desc' with value 'LoginNameTextInput'

2018-09-12 14:24:48 - [MESSAGE][PASSED] - Object 'Object Repository/Login/Nomor HP  Nama Pengguna - Text Box' has attribute 'content-desc' with value 'LoginNameTextInput'

2018-09-12 14:24:48 - [TEST_STEP][PASSED] - setText: Text '08112233445567' has been set to element 'Object Repository/Login/Nomor HP  Nama Pengguna - Text Box'

2018-09-12 14:25:12 - [MESSAGE][PASSED] - Text '08112233445567' has been set to element 'Object Repository/Login/Nomor HP  Nama Pengguna - Text Box'

2018-09-12 14:25:12 - [TEST_STEP][PASSED] - hideKeyboard: Keyboard is hidden

2018-09-12 14:25:14 - [MESSAGE][PASSED] - Keyboard is hidden

2018-09-12 14:25:14 - [TEST_STEP][PASSED] - verifyElementText: Actual text and expected text of test object 'Object Repository/Login/Nomor HP  Nama Pengguna - Text Box' are matched.

2018-09-12 14:25:24 - [MESSAGE][PASSED] - Actual text and expected text of test object 'Object Repository/Login/Nomor HP  Nama Pengguna - Text Box' are matched.

2018-09-12 14:25:24 - [TEST_STEP][PASSED] - waitForElementPresent: Element 'Object Repository/Login/Button Masuk' is present

2018-09-12 14:25:31 - [MESSAGE][PASSED] - Element 'Object Repository/Login/Button Masuk' is present

2018-09-12 14:25:31 - [TEST_STEP][PASSED] - verifyElementAttributeValue: Object 'Object Repository/Login/Button Masuk' has attribute 'content-desc' with value 'LoginJumpNextBtn'

2018-09-12 14:25:35 - [MESSAGE][PASSED] - Object 'Object Repository/Login/Button Masuk' has attribute 'content-desc' with value 'LoginJumpNextBtn'

2018-09-12 14:25:35 - [TEST_STEP][PASSED] - tap: Tapped on element 'Object Repository/Login/Button Masuk'

2018-09-12 14:25:40 - [MESSAGE][PASSED] - Tapped on element 'Object Repository/Login/Button Masuk'

2018-09-12 14:25:40 - [TEST_STEP][PASSED] - waitForElementPresent: Element 'Object Repository/Login/Input Pin' is present

2018-09-12 14:25:45 - [MESSAGE][PASSED] - Element 'Object Repository/Login/Input Pin' is present

2018-09-12 14:25:45 - [TEST_STEP][PASSED] - verifyElementAttributeValue: Object 'Object Repository/Login/Input Pin' has attribute 'content-desc' with value 'pinCircleFocus'

2018-09-12 14:25:48 - [MESSAGE][PASSED] - Object 'Object Repository/Login/Input Pin' has attribute 'content-desc' with value 'pinCircleFocus'

2018-09-12 14:25:48 - [TEST_STEP][PASSED] - tap: Tapped on element 'Object Repository/Login/Input Pin'

2018-09-12 14:25:53 - [MESSAGE][PASSED] - Tapped on element 'Object Repository/Login/Input Pin'

2018-09-12 14:25:53 - [TEST_STEP][PASSED] - setText: Text '123456' has been set to element 'Object Repository/Login/Input Pin'

2018-09-12 14:26:14 - [MESSAGE][PASSED] - Text '123456' has been set to element 'Object Repository/Login/Input Pin'

2018-09-12 14:26:14 - [TEST_STEP][PASSED] - delay: Delayed 5 second(s)

2018-09-12 14:26:19 - [MESSAGE][PASSED] - Delayed 5 second(s)

2018-09-12 14:26:19 - [TEST_STEP][PASSED] - comment: End Login Test Case

2018-09-12 14:26:19 - [TEST_STEP][PASSED] - waitForElementPresent: Element 'Object Repository/Sidebar Menu/Biaya/HamburgerButton' is present

2018-09-12 14:26:21 - [MESSAGE][PASSED] - Element 'Object Repository/Sidebar Menu/Biaya/HamburgerButton' is present

2018-09-12 14:26:21 - [TEST_STEP][PASSED] - verifyElementAttributeValue: Object 'Object Repository/Sidebar Menu/Biaya/HamburgerButton' has attribute 'content-desc' with value 'headerBar_button_hamburgerMenu'

2018-09-12 14:26:30 - [MESSAGE][PASSED] - Object 'Object Repository/Sidebar Menu/Biaya/HamburgerButton' has attribute 'content-desc' with value 'headerBar_button_hamburgerMenu'

2018-09-12 14:26:30 - [TEST_STEP][PASSED] - tap: Tapped on element 'Object Repository/Sidebar Menu/Biaya/HamburgerButton'

2018-09-12 14:26:40 - [MESSAGE][PASSED] - Tapped on element 'Object Repository/Sidebar Menu/Biaya/HamburgerButton'

2018-09-12 14:26:40 - [TEST_STEP][PASSED] - verifyElementAttributeValue: Object 'Object Repository/Sidebar Menu/Pengaturan Toko/Pengaturan Toko' has attribute 'content-desc' with value 'aturTokoMenuItem'

2018-09-12 14:26:45 - [MESSAGE][PASSED] - Object 'Object Repository/Sidebar Menu/Pengaturan Toko/Pengaturan Toko' has attribute 'content-desc' with value 'aturTokoMenuItem'

2018-09-12 14:26:45 - [TEST_STEP][PASSED] - tap: Tapped on element 'Object Repository/Sidebar Menu/Pengaturan Toko/Pengaturan Toko'

2018-09-12 14:26:53 - [MESSAGE][PASSED] - Tapped on element 'Object Repository/Sidebar Menu/Pengaturan Toko/Pengaturan Toko'

2018-09-12 14:26:53 - [TEST_STEP][PASSED] - verifyElementVisible: Element 'Object Repository/Sidebar Menu/Pengaturan Toko/EDC Menu/EDC' is visible

2018-09-12 14:26:59 - [MESSAGE][PASSED] - Element 'Object Repository/Sidebar Menu/Pengaturan Toko/EDC Menu/EDC' is visible

2018-09-12 14:26:59 - [TEST_STEP][PASSED] - verifyElementAttributeValue: Object 'Object Repository/Sidebar Menu/Pengaturan Toko/EDC Menu/EDC' has attribute 'content-desc' with value 'tokoListScreen_button_edc'

2018-09-12 14:27:03 - [MESSAGE][PASSED] - Object 'Object Repository/Sidebar Menu/Pengaturan Toko/EDC Menu/EDC' has attribute 'content-desc' with value 'tokoListScreen_button_edc'

2018-09-12 14:27:03 - [TEST_STEP][PASSED] - delay: Delayed 5 second(s)

2018-09-12 14:27:08 - [MESSAGE][PASSED] - Delayed 5 second(s)

2018-09-12 14:27:08 - [TEST_STEP][PASSED] - verifyElementVisible: Element 'Object Repository/Sidebar Menu/Pengaturan Toko/Printer Menu/Printer' is visible

2018-09-12 14:27:13 - [MESSAGE][PASSED] - Element 'Object Repository/Sidebar Menu/Pengaturan Toko/Printer Menu/Printer' is visible

2018-09-12 14:27:13 - [TEST_STEP][PASSED] - verifyElementAttributeValue: Object 'Object Repository/Sidebar Menu/Pengaturan Toko/Printer Menu/Printer' has attribute 'content-desc' with value 'tokoListScreen_button_printer'

2018-09-12 14:27:17 - [MESSAGE][PASSED] - Object 'Object Repository/Sidebar Menu/Pengaturan Toko/Printer Menu/Printer' has attribute 'content-desc' with value 'tokoListScreen_button_printer'

2018-09-12 14:27:17 - [TEST_STEP][PASSED] - waitForElementPresent: Element 'Object Repository/Sidebar Menu/Pengaturan Toko/EDC Menu/EDC' is present

2018-09-12 14:27:21 - [MESSAGE][PASSED] - Element 'Object Repository/Sidebar Menu/Pengaturan Toko/EDC Menu/EDC' is present

2018-09-12 14:27:21 - [TEST_STEP][PASSED] - verifyElementAttributeValue: Object 'Object Repository/Sidebar Menu/Pengaturan Toko/EDC Menu/EDC' has attribute 'content-desc' with value 'tokoListScreen_button_edc'

2018-09-12 14:27:25 - [MESSAGE][PASSED] - Object 'Object Repository/Sidebar Menu/Pengaturan Toko/EDC Menu/EDC' has attribute 'content-desc' with value 'tokoListScreen_button_edc'

2018-09-12 14:27:25 - [TEST_STEP][PASSED] - tap: Tapped on element 'Object Repository/Sidebar Menu/Pengaturan Toko/EDC Menu/EDC'

2018-09-12 14:27:29 - [MESSAGE][PASSED] - Tapped on element 'Object Repository/Sidebar Menu/Pengaturan Toko/EDC Menu/EDC'

2018-09-12 14:27:29 - [TEST_STEP][PASSED] - delay: Delayed 2 second(s)

2018-09-12 14:27:31 - [MESSAGE][PASSED] - Delayed 2 second(s)

2018-09-12 14:27:31 - [TEST_STEP][PASSED] - verifyElementVisible: Element 'Object Repository/Sidebar Menu/Pengaturan Toko/EDC Menu/Image - EDC_Terhubung' is visible

2018-09-12 14:27:39 - [MESSAGE][PASSED] - Element 'Object Repository/Sidebar Menu/Pengaturan Toko/EDC Menu/Image - EDC_Terhubung' is visible

2018-09-12 14:27:39 - [TEST_STEP][PASSED] - verifyElementVisible: Element 'Object Repository/Sidebar Menu/Pengaturan Toko/EDC Menu/ErMsg - Mesin EDC telah terhubung' is visible

2018-09-12 14:27:47 - [MESSAGE][PASSED] - Element 'Object Repository/Sidebar Menu/Pengaturan Toko/EDC Menu/ErMsg - Mesin EDC telah terhubung' is visible

2018-09-12 14:27:47 - [TEST_STEP][PASSED] - verifyElementVisible: Element 'Object Repository/Sidebar Menu/Pengaturan Toko/EDC Menu/ErMsg - Untuk menghubungkan mesin EDC baru harap untuk memutuskan koneksi yang sudah ada terlebih dahulu.' is visible

2018-09-12 14:27:51 - [MESSAGE][PASSED] - Element 'Object Repository/Sidebar Menu/Pengaturan Toko/EDC Menu/ErMsg - Untuk menghubungkan mesin EDC baru harap untuk memutuskan koneksi yang sudah ada terlebih dahulu.' is visible

2018-09-12 14:27:51 - [TEST_STEP][PASSED] - waitForElementPresent: Element 'Object Repository/Sidebar Menu/Pengaturan Toko/EDC Menu/BackButton' is present

2018-09-12 14:27:59 - [MESSAGE][PASSED] - Element 'Object Repository/Sidebar Menu/Pengaturan Toko/EDC Menu/BackButton' is present

2018-09-12 14:27:59 - [TEST_STEP][PASSED] - verifyElementAttributeValue: Object 'Object Repository/Sidebar Menu/Pengaturan Toko/EDC Menu/BackButton' has attribute 'content-desc' with value 'button_button_backButton'

2018-09-12 14:28:04 - [MESSAGE][PASSED] - Object 'Object Repository/Sidebar Menu/Pengaturan Toko/EDC Menu/BackButton' has attribute 'content-desc' with value 'button_button_backButton'

2018-09-12 14:28:04 - [TEST_STEP][PASSED] - tap: Tapped on element 'Object Repository/Sidebar Menu/Pengaturan Toko/EDC Menu/BackButton'

2018-09-12 14:28:09 - [MESSAGE][PASSED] - Tapped on element 'Object Repository/Sidebar Menu/Pengaturan Toko/EDC Menu/BackButton'

2018-09-12 14:28:09 - [TEST_STEP][PASSED] - verifyElementVisible: Element 'Object Repository/Sidebar Menu/Pengaturan Toko/EDC Menu/EDC' is visible

2018-09-12 14:28:19 - [MESSAGE][PASSED] - Element 'Object Repository/Sidebar Menu/Pengaturan Toko/EDC Menu/EDC' is visible

2018-09-12 14:28:19 - [TEST_STEP][PASSED] - verifyElementAttributeValue: Object 'Object Repository/Sidebar Menu/Pengaturan Toko/EDC Menu/EDC' has attribute 'content-desc' with value 'tokoListScreen_button_edc'

2018-09-12 14:28:26 - [MESSAGE][PASSED] - Object 'Object Repository/Sidebar Menu/Pengaturan Toko/EDC Menu/EDC' has attribute 'content-desc' with value 'tokoListScreen_button_edc'

2018-09-12 14:28:26 - [TEST_STEP][PASSED] - closeApplication: Close app successfully

2018-09-12 14:28:34 - [MESSAGE][PASSED] - Close app successfully]]></system-out>
         <system-err><![CDATA[]]></system-err>
      </testcase>
      <testcase name="Test Cases/Release 3 - Squad Hades/Sprint 1/Story 1799 - Request OR Conect EDC/TC 5 - Click Back button from device" classname="Test Cases/Release 3 - Squad Hades/Sprint 1/Story 1799 - Request OR Conect EDC/TC 5 - Click Back button from device" status="PASSED">
         <system-out><![CDATA[2018-09-12 14:28:34 - [TEST_CASE][PASSED] - Test Cases/Release 3 - Squad Hades/Sprint 1/Story 1799 - Request OR Conect EDC/TC 5 - Click Back button from device: Test Cases/Release 3 - Squad Hades/Sprint 1/Story 1799 - Request OR Conect EDC/TC 5 - Click Back button from device

2018-09-12 14:28:34 - [TEST_STEP][PASSED] - comment: Start Login Test Case

2018-09-12 14:28:34 - [TEST_STEP][PASSED] - Statement - apkPath = apkName: null

2018-09-12 14:28:34 - [TEST_STEP][PASSED] - startApplication: Started app at: 'C:\Users\AV2017005903\Documents\apollo-automation\7 September.apk'

2018-09-12 14:29:19 - [MESSAGE][PASSED] - Started app at: 'C:\Users\AV2017005903\Documents\apollo-automation\7 September.apk'

2018-09-12 14:29:19 - [TEST_STEP][PASSED] - delay: Delayed 15 second(s)

2018-09-12 14:29:34 - [MESSAGE][PASSED] - Delayed 15 second(s)

2018-09-12 14:29:34 - [TEST_STEP][PASSED] - Comment - "If there is a Update TopuUp, click No, Else you can delay for waiting lazyload ": null

2018-09-12 14:29:34 - [TEST_STEP][PASSED] - Statement - driver = com.kms.katalon.core.mobile.keyword.internal.MobileDriverFactory.getDriver(): null

2018-09-12 14:29:34 - [TEST_STEP][PASSED] - Statement - action = new io.appium.java_client.TouchAction(driver): null

2018-09-12 14:29:34 - [TEST_STEP][PASSED] - Statement - action.longPress(550, 300).moveTo(100, 300).release().perform(): null

2018-09-12 14:29:37 - [TEST_STEP][PASSED] - delay: Delayed 8 second(s)

2018-09-12 14:29:45 - [MESSAGE][PASSED] - Delayed 8 second(s)

2018-09-12 14:29:45 - [TEST_STEP][PASSED] - Statement - action.longPress(550, 300).moveTo(100, 300).release().perform(): null

2018-09-12 14:29:48 - [TEST_STEP][PASSED] - delay: Delayed 8 second(s)

2018-09-12 14:29:56 - [MESSAGE][PASSED] - Delayed 8 second(s)

2018-09-12 14:29:56 - [TEST_STEP][PASSED] - Statement - action.longPress(550, 300).moveTo(100, 300).release().perform(): null

2018-09-12 14:29:59 - [TEST_STEP][PASSED] - delay: Delayed 8 second(s)

2018-09-12 14:30:07 - [MESSAGE][PASSED] - Delayed 8 second(s)

2018-09-12 14:30:07 - [TEST_STEP][PASSED] - Statement - action.longPress(550, 300).moveTo(100, 300).release().perform(): null

2018-09-12 14:30:09 - [TEST_STEP][PASSED] - delay: Delayed 8 second(s)

2018-09-12 14:30:17 - [MESSAGE][PASSED] - Delayed 8 second(s)

2018-09-12 14:30:17 - [TEST_STEP][PASSED] - waitForElementPresent: Element 'Object Repository/Splash Screen/Mulai - Button' is present

2018-09-12 14:30:21 - [MESSAGE][PASSED] - Element 'Object Repository/Splash Screen/Mulai - Button' is present

2018-09-12 14:30:21 - [TEST_STEP][PASSED] - verifyElementAttributeValue: Object 'Object Repository/Splash Screen/Mulai - Button' has attribute 'content-desc' with value 'start_button_touch'

2018-09-12 14:30:26 - [MESSAGE][PASSED] - Object 'Object Repository/Splash Screen/Mulai - Button' has attribute 'content-desc' with value 'start_button_touch'

2018-09-12 14:30:26 - [TEST_STEP][PASSED] - tap: Tapped on element 'Object Repository/Splash Screen/Mulai - Button'

2018-09-12 14:30:30 - [MESSAGE][PASSED] - Tapped on element 'Object Repository/Splash Screen/Mulai - Button'

2018-09-12 14:30:30 - [TEST_STEP][PASSED] - waitForElementPresent: Element 'Object Repository/Login/Nomor HP  Nama Pengguna - Text Box' is present

2018-09-12 14:30:38 - [MESSAGE][PASSED] - Element 'Object Repository/Login/Nomor HP  Nama Pengguna - Text Box' is present

2018-09-12 14:30:38 - [TEST_STEP][PASSED] - verifyElementAttributeValue: Object 'Object Repository/Login/Nomor HP  Nama Pengguna - Text Box' has attribute 'content-desc' with value 'LoginNameTextInput'

2018-09-12 14:30:44 - [MESSAGE][PASSED] - Object 'Object Repository/Login/Nomor HP  Nama Pengguna - Text Box' has attribute 'content-desc' with value 'LoginNameTextInput'

2018-09-12 14:30:44 - [TEST_STEP][PASSED] - setText: Text '08112233445567' has been set to element 'Object Repository/Login/Nomor HP  Nama Pengguna - Text Box'

2018-09-12 14:31:02 - [MESSAGE][PASSED] - Text '08112233445567' has been set to element 'Object Repository/Login/Nomor HP  Nama Pengguna - Text Box'

2018-09-12 14:31:02 - [TEST_STEP][PASSED] - hideKeyboard: Keyboard is hidden

2018-09-12 14:31:05 - [MESSAGE][PASSED] - Keyboard is hidden

2018-09-12 14:31:05 - [TEST_STEP][PASSED] - verifyElementText: Actual text and expected text of test object 'Object Repository/Login/Nomor HP  Nama Pengguna - Text Box' are matched.

2018-09-12 14:31:10 - [MESSAGE][PASSED] - Actual text and expected text of test object 'Object Repository/Login/Nomor HP  Nama Pengguna - Text Box' are matched.

2018-09-12 14:31:10 - [TEST_STEP][PASSED] - waitForElementPresent: Element 'Object Repository/Login/Button Masuk' is present

2018-09-12 14:31:14 - [MESSAGE][PASSED] - Element 'Object Repository/Login/Button Masuk' is present

2018-09-12 14:31:14 - [TEST_STEP][PASSED] - verifyElementAttributeValue: Object 'Object Repository/Login/Button Masuk' has attribute 'content-desc' with value 'LoginJumpNextBtn'

2018-09-12 14:31:18 - [MESSAGE][PASSED] - Object 'Object Repository/Login/Button Masuk' has attribute 'content-desc' with value 'LoginJumpNextBtn'

2018-09-12 14:31:18 - [TEST_STEP][PASSED] - tap: Tapped on element 'Object Repository/Login/Button Masuk'

2018-09-12 14:31:24 - [MESSAGE][PASSED] - Tapped on element 'Object Repository/Login/Button Masuk'

2018-09-12 14:31:24 - [TEST_STEP][PASSED] - waitForElementPresent: Element 'Object Repository/Login/Input Pin' is present

2018-09-12 14:31:27 - [MESSAGE][PASSED] - Element 'Object Repository/Login/Input Pin' is present

2018-09-12 14:31:27 - [TEST_STEP][PASSED] - verifyElementAttributeValue: Object 'Object Repository/Login/Input Pin' has attribute 'content-desc' with value 'pinCircleFocus'

2018-09-12 14:31:31 - [MESSAGE][PASSED] - Object 'Object Repository/Login/Input Pin' has attribute 'content-desc' with value 'pinCircleFocus'

2018-09-12 14:31:31 - [TEST_STEP][PASSED] - tap: Tapped on element 'Object Repository/Login/Input Pin'

2018-09-12 14:31:36 - [MESSAGE][PASSED] - Tapped on element 'Object Repository/Login/Input Pin'

2018-09-12 14:31:36 - [TEST_STEP][PASSED] - setText: Text '123456' has been set to element 'Object Repository/Login/Input Pin'

2018-09-12 14:31:54 - [MESSAGE][PASSED] - Text '123456' has been set to element 'Object Repository/Login/Input Pin'

2018-09-12 14:31:54 - [TEST_STEP][PASSED] - delay: Delayed 5 second(s)

2018-09-12 14:31:59 - [MESSAGE][PASSED] - Delayed 5 second(s)

2018-09-12 14:31:59 - [TEST_STEP][PASSED] - comment: End Login Test Case

2018-09-12 14:31:59 - [TEST_STEP][PASSED] - waitForElementPresent: Element 'Object Repository/Sidebar Menu/Biaya/HamburgerButton' is present

2018-09-12 14:32:03 - [MESSAGE][PASSED] - Element 'Object Repository/Sidebar Menu/Biaya/HamburgerButton' is present

2018-09-12 14:32:03 - [TEST_STEP][PASSED] - verifyElementAttributeValue: Object 'Object Repository/Sidebar Menu/Biaya/HamburgerButton' has attribute 'content-desc' with value 'headerBar_button_hamburgerMenu'

2018-09-12 14:32:07 - [MESSAGE][PASSED] - Object 'Object Repository/Sidebar Menu/Biaya/HamburgerButton' has attribute 'content-desc' with value 'headerBar_button_hamburgerMenu'

2018-09-12 14:32:07 - [TEST_STEP][PASSED] - tap: Tapped on element 'Object Repository/Sidebar Menu/Biaya/HamburgerButton'

2018-09-12 14:32:13 - [MESSAGE][PASSED] - Tapped on element 'Object Repository/Sidebar Menu/Biaya/HamburgerButton'

2018-09-12 14:32:13 - [TEST_STEP][PASSED] - verifyElementAttributeValue: Object 'Object Repository/Sidebar Menu/Pengaturan Toko/Pengaturan Toko' has attribute 'content-desc' with value 'aturTokoMenuItem'

2018-09-12 14:32:24 - [MESSAGE][PASSED] - Object 'Object Repository/Sidebar Menu/Pengaturan Toko/Pengaturan Toko' has attribute 'content-desc' with value 'aturTokoMenuItem'

2018-09-12 14:32:24 - [TEST_STEP][PASSED] - tap: Tapped on element 'Object Repository/Sidebar Menu/Pengaturan Toko/Pengaturan Toko'

2018-09-12 14:32:32 - [MESSAGE][PASSED] - Tapped on element 'Object Repository/Sidebar Menu/Pengaturan Toko/Pengaturan Toko'

2018-09-12 14:32:32 - [TEST_STEP][PASSED] - verifyElementVisible: Element 'Object Repository/Sidebar Menu/Pengaturan Toko/EDC Menu/EDC' is visible

2018-09-12 14:32:39 - [MESSAGE][PASSED] - Element 'Object Repository/Sidebar Menu/Pengaturan Toko/EDC Menu/EDC' is visible

2018-09-12 14:32:39 - [TEST_STEP][PASSED] - verifyElementAttributeValue: Object 'Object Repository/Sidebar Menu/Pengaturan Toko/EDC Menu/EDC' has attribute 'content-desc' with value 'tokoListScreen_button_edc'

2018-09-12 14:32:43 - [MESSAGE][PASSED] - Object 'Object Repository/Sidebar Menu/Pengaturan Toko/EDC Menu/EDC' has attribute 'content-desc' with value 'tokoListScreen_button_edc'

2018-09-12 14:32:43 - [TEST_STEP][PASSED] - delay: Delayed 5 second(s)

2018-09-12 14:32:48 - [MESSAGE][PASSED] - Delayed 5 second(s)

2018-09-12 14:32:48 - [TEST_STEP][PASSED] - verifyElementVisible: Element 'Object Repository/Sidebar Menu/Pengaturan Toko/Printer Menu/Printer' is visible

2018-09-12 14:32:52 - [MESSAGE][PASSED] - Element 'Object Repository/Sidebar Menu/Pengaturan Toko/Printer Menu/Printer' is visible

2018-09-12 14:32:52 - [TEST_STEP][PASSED] - verifyElementAttributeValue: Object 'Object Repository/Sidebar Menu/Pengaturan Toko/Printer Menu/Printer' has attribute 'content-desc' with value 'tokoListScreen_button_printer'

2018-09-12 14:32:56 - [MESSAGE][PASSED] - Object 'Object Repository/Sidebar Menu/Pengaturan Toko/Printer Menu/Printer' has attribute 'content-desc' with value 'tokoListScreen_button_printer'

2018-09-12 14:32:56 - [TEST_STEP][PASSED] - waitForElementPresent: Element 'Object Repository/Sidebar Menu/Pengaturan Toko/EDC Menu/EDC' is present

2018-09-12 14:33:00 - [MESSAGE][PASSED] - Element 'Object Repository/Sidebar Menu/Pengaturan Toko/EDC Menu/EDC' is present

2018-09-12 14:33:00 - [TEST_STEP][PASSED] - verifyElementAttributeValue: Object 'Object Repository/Sidebar Menu/Pengaturan Toko/EDC Menu/EDC' has attribute 'content-desc' with value 'tokoListScreen_button_edc'

2018-09-12 14:33:04 - [MESSAGE][PASSED] - Object 'Object Repository/Sidebar Menu/Pengaturan Toko/EDC Menu/EDC' has attribute 'content-desc' with value 'tokoListScreen_button_edc'

2018-09-12 14:33:04 - [TEST_STEP][PASSED] - tap: Tapped on element 'Object Repository/Sidebar Menu/Pengaturan Toko/EDC Menu/EDC'

2018-09-12 14:33:09 - [MESSAGE][PASSED] - Tapped on element 'Object Repository/Sidebar Menu/Pengaturan Toko/EDC Menu/EDC'

2018-09-12 14:33:09 - [TEST_STEP][PASSED] - delay: Delayed 2 second(s)

2018-09-12 14:33:11 - [MESSAGE][PASSED] - Delayed 2 second(s)

2018-09-12 14:33:11 - [TEST_STEP][PASSED] - verifyElementVisible: Element 'Object Repository/Sidebar Menu/Pengaturan Toko/EDC Menu/Image - EDC_Terhubung' is visible

2018-09-12 14:33:19 - [MESSAGE][PASSED] - Element 'Object Repository/Sidebar Menu/Pengaturan Toko/EDC Menu/Image - EDC_Terhubung' is visible

2018-09-12 14:33:19 - [TEST_STEP][PASSED] - verifyElementVisible: Element 'Object Repository/Sidebar Menu/Pengaturan Toko/EDC Menu/ErMsg - Mesin EDC telah terhubung' is visible

2018-09-12 14:33:24 - [MESSAGE][PASSED] - Element 'Object Repository/Sidebar Menu/Pengaturan Toko/EDC Menu/ErMsg - Mesin EDC telah terhubung' is visible

2018-09-12 14:33:24 - [TEST_STEP][PASSED] - verifyElementVisible: Element 'Object Repository/Sidebar Menu/Pengaturan Toko/EDC Menu/ErMsg - Untuk menghubungkan mesin EDC baru harap untuk memutuskan koneksi yang sudah ada terlebih dahulu.' is visible

2018-09-12 14:33:28 - [MESSAGE][PASSED] - Element 'Object Repository/Sidebar Menu/Pengaturan Toko/EDC Menu/ErMsg - Untuk menghubungkan mesin EDC baru harap untuk memutuskan koneksi yang sudah ada terlebih dahulu.' is visible

2018-09-12 14:33:28 - [TEST_STEP][PASSED] - pressBack: Press back button successfully

2018-09-12 14:33:30 - [MESSAGE][PASSED] - Press back button successfully

2018-09-12 14:33:30 - [TEST_STEP][PASSED] - verifyElementVisible: Element 'Object Repository/Sidebar Menu/Pengaturan Toko/EDC Menu/EDC' is visible

2018-09-12 14:33:35 - [MESSAGE][PASSED] - Element 'Object Repository/Sidebar Menu/Pengaturan Toko/EDC Menu/EDC' is visible

2018-09-12 14:33:35 - [TEST_STEP][PASSED] - verifyElementAttributeValue: Object 'Object Repository/Sidebar Menu/Pengaturan Toko/EDC Menu/EDC' has attribute 'content-desc' with value 'tokoListScreen_button_edc'

2018-09-12 14:33:40 - [MESSAGE][PASSED] - Object 'Object Repository/Sidebar Menu/Pengaturan Toko/EDC Menu/EDC' has attribute 'content-desc' with value 'tokoListScreen_button_edc'

2018-09-12 14:33:40 - [TEST_STEP][PASSED] - closeApplication: Close app successfully

2018-09-12 14:33:47 - [MESSAGE][PASSED] - Close app successfully]]></system-out>
         <system-err><![CDATA[]]></system-err>
      </testcase>
      <system-out><![CDATA[2018-09-12 14:12:27 - [TEST_SUITE][PASSED] - Story 1799 - Request OR Conect EDC: Test Cases/Release 3 - Squad Hades/Sprint 1/Story 1799 - Request OR Conect EDC/TC 5 - Click Back button from device]]></system-out>
      <system-err><![CDATA[]]></system-err>
   </testsuite>
</testsuites>
