<?xml version="1.0" encoding="UTF-8"?>
<testsuites name="Sprint 2" time="343" tests="4" failures="0" errors="0">
   <testsuite name="Sprint 2" tests="4" failures="0" errors="0" time="343" timestamp="2018-02-27 15:48:05" hostname="AV2017005903 - NBMP18A211ITSQA.corp.bankbtpn.co.id" id="Test Suites/Sprint 2">
      <properties>
         <property name="deviceName" value="asus ASUS_X014D 5.1.1"/>
         <property name="devicePlatform" value=""/>
         <property name="logFolder" value="C:\\Users\\AV2017005903\\Documents\\apollo-automation\\Reports\\Sprint 2\\20180227_154803"/>
         <property name="logFiles" value="C:\\Users\\AV2017005903\\Documents\\apollo-automation\\Reports\\Sprint 2\\20180227_154803\\appium.log, C:\\Users\\AV2017005903\\Documents\\apollo-automation\\Reports\\Sprint 2\\20180227_154803\\execution0.log"/>
         <property name="attachments" value=""/>
         <property name="hostName" value="AV2017005903 - NBMP18A211ITSQA.corp.bankbtpn.co.id"/>
         <property name="os" value="Windows 10 64bit"/>
         <property name="katalonVersion" value="5.0.0.1"/>
         <property name="deviceOS" value="Android"/>
         <property name="appiumVersion" value="1.6.5"/>
         <property name="deviceModel" value="ASUS_X014D"/>
         <property name="hostAddress" value="192.168.17.200"/>
         <property name="deviceManufacturer" value="asus"/>
         <property name="deviceId" value="GBAXGV411465ERX"/>
         <property name="deviceName" value="asus ASUS_X014D 5.1.1"/>
         <property name="deviceOSVersion" value="5.1.1"/>
      </properties>
      <testcase name="Test Cases/Sprint 2/28 - TC-All" classname="Test Cases/Sprint 2/28 - TC-All" status="PASSED">
         <system-out><![CDATA[2018-02-27 15:48:05 - [TEST_CASE][PASSED] - Test Cases/Sprint 2/28 - TC-All: Test Cases/Sprint 2/28 - TC-All

2018-02-27 15:48:06 - [TEST_STEP][PASSED] - comment: Start Story 28

2018-02-27 15:48:06 - [TEST_STEP][PASSED] - Statement - apkPath = com.kms.katalon.core.util.internal.PathUtil.relativeToAbsolutePath(apkName, com.kms.katalon.core.configuration.RunConfiguration.getProjectDir()): null

2018-02-27 15:48:06 - [TEST_STEP][PASSED] - startApplication: Started app at: 'C:\Users\AV2017005903\Documents\apollo-automation\Regression_24Februari_PakAnka.apk'

2018-02-27 15:48:22 - [MESSAGE][PASSED] - Started app at: 'C:\Users\AV2017005903\Documents\apollo-automation\Regression_24Februari_PakAnka.apk'

2018-02-27 15:48:22 - [TEST_STEP][PASSED] - tap: Tapped on element 'Object Repository/Login/Daftar Sekarang - Belum Punya Akun'

2018-02-27 15:48:29 - [MESSAGE][PASSED] - Tapped on element 'Object Repository/Login/Daftar Sekarang - Belum Punya Akun'

2018-02-27 15:48:29 - [TEST_STEP][PASSED] - verifyElementExist: Element 'Object Repository/Login/Daftar Sekarang - Belum Punya Akun' is exist

2018-02-27 15:48:29 - [MESSAGE][PASSED] - Element 'Object Repository/Login/Daftar Sekarang - Belum Punya Akun' is exist

2018-02-27 15:48:29 - [TEST_STEP][NOT_RUN] - tap: NOT_RUN: tap

2018-02-27 15:48:29 - [MESSAGE][NOT_RUN] - NOT_RUN: tap

2018-02-27 15:48:29 - [TEST_STEP][NOT_RUN] - setText: NOT_RUN: setText

2018-02-27 15:48:29 - [MESSAGE][NOT_RUN] - NOT_RUN: setText

2018-02-27 15:48:29 - [TEST_STEP][NOT_RUN] - hideKeyboard: NOT_RUN: hideKeyboard

2018-02-27 15:48:29 - [MESSAGE][NOT_RUN] - NOT_RUN: hideKeyboard

2018-02-27 15:48:29 - [TEST_STEP][NOT_RUN] - tap: NOT_RUN: tap

2018-02-27 15:48:29 - [MESSAGE][NOT_RUN] - NOT_RUN: tap

2018-02-27 15:48:29 - [TEST_STEP][NOT_RUN] - waitForElementPresent: NOT_RUN: waitForElementPresent

2018-02-27 15:48:29 - [MESSAGE][NOT_RUN] - NOT_RUN: waitForElementPresent

2018-02-27 15:48:29 - [TEST_STEP][NOT_RUN] - tap: NOT_RUN: tap

2018-02-27 15:48:29 - [MESSAGE][NOT_RUN] - NOT_RUN: tap

2018-02-27 15:48:29 - [TEST_STEP][NOT_RUN] - setText: NOT_RUN: setText

2018-02-27 15:48:29 - [MESSAGE][NOT_RUN] - NOT_RUN: setText

2018-02-27 15:48:29 - [TEST_STEP][PASSED] - waitForElementPresent: Element 'Object Repository/Sidebar Menu/HamburgerButton' is present

2018-02-27 15:48:32 - [MESSAGE][PASSED] - Element 'Object Repository/Sidebar Menu/HamburgerButton' is present

2018-02-27 15:48:32 - [TEST_STEP][PASSED] - tap: Tapped on element 'Object Repository/Sidebar Menu/HamburgerButton'

2018-02-27 15:48:34 - [MESSAGE][PASSED] - Tapped on element 'Object Repository/Sidebar Menu/HamburgerButton'

2018-02-27 15:48:34 - [TEST_STEP][PASSED] - tap: Tapped on element 'Object Repository/Sidebar Menu/Operasional/Operasional - Sidebar Menu'

2018-02-27 15:48:36 - [MESSAGE][PASSED] - Tapped on element 'Object Repository/Sidebar Menu/Operasional/Operasional - Sidebar Menu'

2018-02-27 15:48:36 - [TEST_STEP][PASSED] - tap: Tapped on element 'Object Repository/Sidebar Menu/Operasional/Kasir/Kasir - Navbar'

2018-02-27 15:48:38 - [MESSAGE][PASSED] - Tapped on element 'Object Repository/Sidebar Menu/Operasional/Kasir/Kasir - Navbar'

2018-02-27 15:48:39 - [TEST_STEP][NOT_RUN] - Statement - For (def index : (0..3)): NOT_RUN: Statement - For (def index : (0..3))

2018-02-27 15:48:39 - [MESSAGE][NOT_RUN] - NOT_RUN: Statement - For (def index : (0..3))

2018-02-27 15:48:39 - [TEST_STEP][NOT_RUN] - delay: NOT_RUN: delay

2018-02-27 15:48:39 - [MESSAGE][NOT_RUN] - NOT_RUN: delay

2018-02-27 15:48:39 - [TEST_STEP][NOT_RUN] - tap: NOT_RUN: tap

2018-02-27 15:48:39 - [MESSAGE][NOT_RUN] - NOT_RUN: tap

2018-02-27 15:48:39 - [TEST_STEP][NOT_RUN] - setText: NOT_RUN: setText

2018-02-27 15:48:39 - [MESSAGE][NOT_RUN] - NOT_RUN: setText

2018-02-27 15:48:39 - [TEST_STEP][NOT_RUN] - verifyElementText: NOT_RUN: verifyElementText

2018-02-27 15:48:39 - [MESSAGE][NOT_RUN] - NOT_RUN: verifyElementText

2018-02-27 15:48:39 - [TEST_STEP][NOT_RUN] - clearText: NOT_RUN: clearText

2018-02-27 15:48:39 - [MESSAGE][NOT_RUN] - NOT_RUN: clearText

2018-02-27 15:48:39 - [TEST_STEP][NOT_RUN] - setText: NOT_RUN: setText

2018-02-27 15:48:39 - [MESSAGE][NOT_RUN] - NOT_RUN: setText

2018-02-27 15:48:39 - [TEST_STEP][NOT_RUN] - verifyElementText: NOT_RUN: verifyElementText

2018-02-27 15:48:39 - [MESSAGE][NOT_RUN] - NOT_RUN: verifyElementText

2018-02-27 15:48:39 - [TEST_STEP][NOT_RUN] - clearText: NOT_RUN: clearText

2018-02-27 15:48:39 - [MESSAGE][NOT_RUN] - NOT_RUN: clearText

2018-02-27 15:48:39 - [TEST_STEP][NOT_RUN] - setText: NOT_RUN: setText

2018-02-27 15:48:39 - [MESSAGE][NOT_RUN] - NOT_RUN: setText

2018-02-27 15:48:39 - [TEST_STEP][NOT_RUN] - verifyElementText: NOT_RUN: verifyElementText

2018-02-27 15:48:39 - [MESSAGE][NOT_RUN] - NOT_RUN: verifyElementText

2018-02-27 15:48:39 - [TEST_STEP][NOT_RUN] - clearText: NOT_RUN: clearText

2018-02-27 15:48:39 - [MESSAGE][NOT_RUN] - NOT_RUN: clearText

2018-02-27 15:48:39 - [TEST_STEP][NOT_RUN] - setText: NOT_RUN: setText

2018-02-27 15:48:39 - [MESSAGE][NOT_RUN] - NOT_RUN: setText

2018-02-27 15:48:39 - [TEST_STEP][NOT_RUN] - verifyElementText: NOT_RUN: verifyElementText

2018-02-27 15:48:39 - [MESSAGE][NOT_RUN] - NOT_RUN: verifyElementText

2018-02-27 15:48:39 - [TEST_STEP][NOT_RUN] - hideKeyboard: NOT_RUN: hideKeyboard

2018-02-27 15:48:39 - [MESSAGE][NOT_RUN] - NOT_RUN: hideKeyboard

2018-02-27 15:48:39 - [TEST_STEP][NOT_RUN] - clearText: NOT_RUN: clearText

2018-02-27 15:48:39 - [MESSAGE][NOT_RUN] - NOT_RUN: clearText

2018-02-27 15:48:39 - [TEST_STEP][NOT_RUN] - setText: NOT_RUN: setText

2018-02-27 15:48:39 - [MESSAGE][NOT_RUN] - NOT_RUN: setText

2018-02-27 15:48:39 - [TEST_STEP][NOT_RUN] - verifyElementText: NOT_RUN: verifyElementText

2018-02-27 15:48:39 - [MESSAGE][NOT_RUN] - NOT_RUN: verifyElementText

2018-02-27 15:48:39 - [TEST_STEP][NOT_RUN] - delay: NOT_RUN: delay

2018-02-27 15:48:39 - [MESSAGE][NOT_RUN] - NOT_RUN: delay

2018-02-27 15:48:39 - [TEST_STEP][NOT_RUN] - tap: NOT_RUN: tap

2018-02-27 15:48:39 - [MESSAGE][NOT_RUN] - NOT_RUN: tap

2018-02-27 15:48:39 - [TEST_STEP][NOT_RUN] - clearText: NOT_RUN: clearText

2018-02-27 15:48:39 - [MESSAGE][NOT_RUN] - NOT_RUN: clearText

2018-02-27 15:48:39 - [TEST_STEP][NOT_RUN] - waitForElementPresent: NOT_RUN: waitForElementPresent

2018-02-27 15:48:39 - [MESSAGE][NOT_RUN] - NOT_RUN: waitForElementPresent

2018-02-27 15:48:39 - [TEST_STEP][NOT_RUN] - tap: NOT_RUN: tap

2018-02-27 15:48:39 - [MESSAGE][NOT_RUN] - NOT_RUN: tap

2018-02-27 15:48:39 - [TEST_STEP][NOT_RUN] - delay: NOT_RUN: delay

2018-02-27 15:48:39 - [MESSAGE][NOT_RUN] - NOT_RUN: delay

2018-02-27 15:48:39 - [TEST_STEP][NOT_RUN] - Statement - For (def index : (0..2)): NOT_RUN: Statement - For (def index : (0..2))

2018-02-27 15:48:39 - [MESSAGE][NOT_RUN] - NOT_RUN: Statement - For (def index : (0..2))

2018-02-27 15:48:39 - [TEST_STEP][NOT_RUN] - tap: NOT_RUN: tap

2018-02-27 15:48:39 - [MESSAGE][NOT_RUN] - NOT_RUN: tap

2018-02-27 15:48:39 - [TEST_STEP][NOT_RUN] - delay: NOT_RUN: delay

2018-02-27 15:48:39 - [MESSAGE][NOT_RUN] - NOT_RUN: delay

2018-02-27 15:48:39 - [TEST_STEP][NOT_RUN] - Statement - For (def index : (0..2)): NOT_RUN: Statement - For (def index : (0..2))

2018-02-27 15:48:39 - [MESSAGE][NOT_RUN] - NOT_RUN: Statement - For (def index : (0..2))

2018-02-27 15:48:39 - [TEST_STEP][NOT_RUN] - Statement - For (def index : (0..1)): NOT_RUN: Statement - For (def index : (0..1))

2018-02-27 15:48:39 - [MESSAGE][NOT_RUN] - NOT_RUN: Statement - For (def index : (0..1))

2018-02-27 15:48:39 - [TEST_STEP][PASSED] - tap: Tapped on element 'Object Repository/Sidebar Menu/Operasional/Kasir/Input Jumlah by Typing - Elemen1'

2018-02-27 15:48:39 - [MESSAGE][PASSED] - Tapped on element 'Object Repository/Sidebar Menu/Operasional/Kasir/Input Jumlah by Typing - Elemen1'

2018-02-27 15:48:39 - [TEST_STEP][PASSED] - setText: Text '4' has been set to element 'Object Repository/Sidebar Menu/Operasional/Kasir/Input Jumlah by Typing - Elemen1'

2018-02-27 15:48:52 - [MESSAGE][PASSED] - Text '4' has been set to element 'Object Repository/Sidebar Menu/Operasional/Kasir/Input Jumlah by Typing - Elemen1'

2018-02-27 15:48:52 - [TEST_STEP][PASSED] - hideKeyboard: Keyboard is hidden

2018-02-27 15:48:53 - [MESSAGE][PASSED] - Keyboard is hidden

2018-02-27 15:48:53 - [TEST_STEP][PASSED] - Statement - For (def index : (0..3)): Tapped on element 'Object Repository/Sidebar Menu/Operasional/Kasir/PlusTap - ListProduct Elemen 2'

2018-02-27 15:48:53 - [TEST_STEP][PASSED] - tap: Tapped on element 'Object Repository/Sidebar Menu/Operasional/Kasir/PlusTap - ListProduct Elemen 2'

2018-02-27 15:48:53 - [MESSAGE][PASSED] - Tapped on element 'Object Repository/Sidebar Menu/Operasional/Kasir/PlusTap - ListProduct Elemen 2'

2018-02-27 15:48:53 - [TEST_STEP][PASSED] - tap: Tapped on element 'Object Repository/Sidebar Menu/Operasional/Kasir/PlusTap - ListProduct Elemen 2'

2018-02-27 15:48:54 - [MESSAGE][PASSED] - Tapped on element 'Object Repository/Sidebar Menu/Operasional/Kasir/PlusTap - ListProduct Elemen 2'

2018-02-27 15:48:54 - [TEST_STEP][PASSED] - tap: Tapped on element 'Object Repository/Sidebar Menu/Operasional/Kasir/PlusTap - ListProduct Elemen 2'

2018-02-27 15:48:56 - [MESSAGE][PASSED] - Tapped on element 'Object Repository/Sidebar Menu/Operasional/Kasir/PlusTap - ListProduct Elemen 2'

2018-02-27 15:48:56 - [TEST_STEP][PASSED] - tap: Tapped on element 'Object Repository/Sidebar Menu/Operasional/Kasir/PlusTap - ListProduct Elemen 2'

2018-02-27 15:48:57 - [MESSAGE][PASSED] - Tapped on element 'Object Repository/Sidebar Menu/Operasional/Kasir/PlusTap - ListProduct Elemen 2'

2018-02-27 15:48:57 - [TEST_STEP][PASSED] - Statement - For (def index : (0..2)): Tapped on element 'Object Repository/Sidebar Menu/Operasional/Kasir/MinusTap - List Product Elemen 2'

2018-02-27 15:48:57 - [TEST_STEP][PASSED] - tap: Tapped on element 'Object Repository/Sidebar Menu/Operasional/Kasir/MinusTap - List Product Elemen 2'

2018-02-27 15:48:59 - [MESSAGE][PASSED] - Tapped on element 'Object Repository/Sidebar Menu/Operasional/Kasir/MinusTap - List Product Elemen 2'

2018-02-27 15:48:59 - [TEST_STEP][PASSED] - tap: Tapped on element 'Object Repository/Sidebar Menu/Operasional/Kasir/MinusTap - List Product Elemen 2'

2018-02-27 15:49:00 - [MESSAGE][PASSED] - Tapped on element 'Object Repository/Sidebar Menu/Operasional/Kasir/MinusTap - List Product Elemen 2'

2018-02-27 15:49:00 - [TEST_STEP][PASSED] - tap: Tapped on element 'Object Repository/Sidebar Menu/Operasional/Kasir/MinusTap - List Product Elemen 2'

2018-02-27 15:49:01 - [MESSAGE][PASSED] - Tapped on element 'Object Repository/Sidebar Menu/Operasional/Kasir/MinusTap - List Product Elemen 2'

2018-02-27 15:49:02 - [TEST_STEP][PASSED] - tap: Tapped on element 'Object Repository/Sidebar Menu/Operasional/Kasir/Input Jumlah by Typing - Elemen2'

2018-02-27 15:49:03 - [MESSAGE][PASSED] - Tapped on element 'Object Repository/Sidebar Menu/Operasional/Kasir/Input Jumlah by Typing - Elemen2'

2018-02-27 15:49:03 - [TEST_STEP][PASSED] - clearText: Element 'Object Repository/Sidebar Menu/Operasional/Kasir/Input Jumlah by Typing - Elemen2' text is cleared

2018-02-27 15:49:06 - [MESSAGE][PASSED] - Element 'Object Repository/Sidebar Menu/Operasional/Kasir/Input Jumlah by Typing - Elemen2' text is cleared

2018-02-27 15:49:06 - [TEST_STEP][PASSED] - setText: Text '-2' has been set to element 'Object Repository/Sidebar Menu/Operasional/Kasir/Input Jumlah by Typing - Elemen2'

2018-02-27 15:49:19 - [MESSAGE][PASSED] - Text '-2' has been set to element 'Object Repository/Sidebar Menu/Operasional/Kasir/Input Jumlah by Typing - Elemen2'

2018-02-27 15:49:19 - [TEST_STEP][PASSED] - hideKeyboard: Keyboard is hidden

2018-02-27 15:49:20 - [MESSAGE][PASSED] - Keyboard is hidden

2018-02-27 15:49:20 - [TEST_STEP][PASSED] - tap: Tapped on element 'Object Repository/Sidebar Menu/Operasional/Kasir/Input Jumlah by Typing - Elemen2'

2018-02-27 15:49:21 - [MESSAGE][PASSED] - Tapped on element 'Object Repository/Sidebar Menu/Operasional/Kasir/Input Jumlah by Typing - Elemen2'

2018-02-27 15:49:21 - [TEST_STEP][PASSED] - clearText: Element 'Object Repository/Sidebar Menu/Operasional/Kasir/Input Jumlah by Typing - Elemen2' text is cleared

2018-02-27 15:49:24 - [MESSAGE][PASSED] - Element 'Object Repository/Sidebar Menu/Operasional/Kasir/Input Jumlah by Typing - Elemen2' text is cleared

2018-02-27 15:49:24 - [TEST_STEP][PASSED] - setText: Text '999' has been set to element 'Object Repository/Sidebar Menu/Operasional/Kasir/Input Jumlah by Typing - Elemen2'

2018-02-27 15:49:37 - [MESSAGE][PASSED] - Text '999' has been set to element 'Object Repository/Sidebar Menu/Operasional/Kasir/Input Jumlah by Typing - Elemen2'

2018-02-27 15:49:37 - [TEST_STEP][PASSED] - hideKeyboard: Keyboard is hidden

2018-02-27 15:49:38 - [MESSAGE][PASSED] - Keyboard is hidden

2018-02-27 15:49:38 - [TEST_STEP][PASSED] - tap: Tapped on element 'Object Repository/Sidebar Menu/Operasional/Kasir/Input Jumlah by Typing - Elemen2'

2018-02-27 15:49:39 - [MESSAGE][PASSED] - Tapped on element 'Object Repository/Sidebar Menu/Operasional/Kasir/Input Jumlah by Typing - Elemen2'

2018-02-27 15:49:39 - [TEST_STEP][PASSED] - clearText: Element 'Object Repository/Sidebar Menu/Operasional/Kasir/Input Jumlah by Typing - Elemen2' text is cleared

2018-02-27 15:49:44 - [MESSAGE][PASSED] - Element 'Object Repository/Sidebar Menu/Operasional/Kasir/Input Jumlah by Typing - Elemen2' text is cleared

2018-02-27 15:49:44 - [TEST_STEP][PASSED] - setText: Text '2' has been set to element 'Object Repository/Sidebar Menu/Operasional/Kasir/Input Jumlah by Typing - Elemen2'

2018-02-27 15:49:54 - [MESSAGE][PASSED] - Text '2' has been set to element 'Object Repository/Sidebar Menu/Operasional/Kasir/Input Jumlah by Typing - Elemen2'

2018-02-27 15:49:54 - [TEST_STEP][PASSED] - hideKeyboard: Keyboard is hidden

2018-02-27 15:49:55 - [MESSAGE][PASSED] - Keyboard is hidden

2018-02-27 15:49:55 - [TEST_STEP][NOT_RUN] - delay: NOT_RUN: delay

2018-02-27 15:49:55 - [MESSAGE][NOT_RUN] - NOT_RUN: delay

2018-02-27 15:49:55 - [TEST_STEP][PASSED] - tap: Tapped on element 'Object Repository/Sidebar Menu/Operasional/Kasir/KERANJANG'

2018-02-27 15:49:56 - [MESSAGE][PASSED] - Tapped on element 'Object Repository/Sidebar Menu/Operasional/Kasir/KERANJANG'

2018-02-27 15:49:56 - [TEST_STEP][PASSED] - tapAndHold: Tapped and held on element 'Object Repository/Sidebar Menu/Operasional/Kasir/KERANJANG' with duration 3

2018-02-27 15:49:56 - [MESSAGE][WARNING] - Timeout '0' is invalid. Using default page load timeout: '30'

2018-02-27 15:50:00 - [MESSAGE][PASSED] - Tapped and held on element 'Object Repository/Sidebar Menu/Operasional/Kasir/KERANJANG' with duration 3

2018-02-27 15:50:00 - [TEST_STEP][PASSED] - comment: End Story 28]]></system-out>
         <system-err><![CDATA[]]></system-err>
      </testcase>
      <testcase name="Test Cases/Sprint 2/29 - TC - All" classname="Test Cases/Sprint 2/29 - TC - All" status="PASSED">
         <system-out><![CDATA[2018-02-27 15:50:00 - [TEST_CASE][PASSED] - Test Cases/Sprint 2/29 - TC - All: Test Cases/Sprint 2/29 - TC - All

2018-02-27 15:50:00 - [TEST_STEP][PASSED] - comment: Start Story 29

2018-02-27 15:50:00 - [TEST_STEP][PASSED] - delay: Delayed 5 second(s)

2018-02-27 15:50:05 - [MESSAGE][PASSED] - Delayed 5 second(s)

2018-02-27 15:50:05 - [TEST_STEP][PASSED] - Statement - For (def index : (0..5)): Tapped on element 'Object Repository/Sidebar Menu/Operasional/Kasir/Kerajang dan Pembayaran/PlusTap - Elemen 2'

2018-02-27 15:50:05 - [TEST_STEP][PASSED] - tap: Tapped on element 'Object Repository/Sidebar Menu/Operasional/Kasir/Kerajang dan Pembayaran/PlusTap - Elemen 2'

2018-02-27 15:50:05 - [MESSAGE][PASSED] - Tapped on element 'Object Repository/Sidebar Menu/Operasional/Kasir/Kerajang dan Pembayaran/PlusTap - Elemen 2'

2018-02-27 15:50:05 - [TEST_STEP][PASSED] - tap: Tapped on element 'Object Repository/Sidebar Menu/Operasional/Kasir/Kerajang dan Pembayaran/PlusTap - Elemen 2'

2018-02-27 15:50:06 - [MESSAGE][PASSED] - Tapped on element 'Object Repository/Sidebar Menu/Operasional/Kasir/Kerajang dan Pembayaran/PlusTap - Elemen 2'

2018-02-27 15:50:06 - [TEST_STEP][PASSED] - tap: Tapped on element 'Object Repository/Sidebar Menu/Operasional/Kasir/Kerajang dan Pembayaran/PlusTap - Elemen 2'

2018-02-27 15:50:08 - [MESSAGE][PASSED] - Tapped on element 'Object Repository/Sidebar Menu/Operasional/Kasir/Kerajang dan Pembayaran/PlusTap - Elemen 2'

2018-02-27 15:50:08 - [TEST_STEP][PASSED] - tap: Tapped on element 'Object Repository/Sidebar Menu/Operasional/Kasir/Kerajang dan Pembayaran/PlusTap - Elemen 2'

2018-02-27 15:50:09 - [MESSAGE][PASSED] - Tapped on element 'Object Repository/Sidebar Menu/Operasional/Kasir/Kerajang dan Pembayaran/PlusTap - Elemen 2'

2018-02-27 15:50:09 - [TEST_STEP][PASSED] - tap: Tapped on element 'Object Repository/Sidebar Menu/Operasional/Kasir/Kerajang dan Pembayaran/PlusTap - Elemen 2'

2018-02-27 15:50:11 - [MESSAGE][PASSED] - Tapped on element 'Object Repository/Sidebar Menu/Operasional/Kasir/Kerajang dan Pembayaran/PlusTap - Elemen 2'

2018-02-27 15:50:11 - [TEST_STEP][PASSED] - tap: Tapped on element 'Object Repository/Sidebar Menu/Operasional/Kasir/Kerajang dan Pembayaran/PlusTap - Elemen 2'

2018-02-27 15:50:13 - [MESSAGE][PASSED] - Tapped on element 'Object Repository/Sidebar Menu/Operasional/Kasir/Kerajang dan Pembayaran/PlusTap - Elemen 2'

2018-02-27 15:50:13 - [TEST_STEP][PASSED] - Statement - For (def index : (0..3)): Tapped on element 'Object Repository/Sidebar Menu/Operasional/Kasir/Kerajang dan Pembayaran/MinusTap - Elemen 1'

2018-02-27 15:50:13 - [TEST_STEP][PASSED] - tap: Tapped on element 'Object Repository/Sidebar Menu/Operasional/Kasir/Kerajang dan Pembayaran/MinusTap - Elemen 1'

2018-02-27 15:50:14 - [MESSAGE][PASSED] - Tapped on element 'Object Repository/Sidebar Menu/Operasional/Kasir/Kerajang dan Pembayaran/MinusTap - Elemen 1'

2018-02-27 15:50:14 - [TEST_STEP][PASSED] - tap: Tapped on element 'Object Repository/Sidebar Menu/Operasional/Kasir/Kerajang dan Pembayaran/MinusTap - Elemen 1'

2018-02-27 15:50:16 - [MESSAGE][PASSED] - Tapped on element 'Object Repository/Sidebar Menu/Operasional/Kasir/Kerajang dan Pembayaran/MinusTap - Elemen 1'

2018-02-27 15:50:16 - [TEST_STEP][PASSED] - tap: Tapped on element 'Object Repository/Sidebar Menu/Operasional/Kasir/Kerajang dan Pembayaran/MinusTap - Elemen 1'

2018-02-27 15:50:17 - [MESSAGE][PASSED] - Tapped on element 'Object Repository/Sidebar Menu/Operasional/Kasir/Kerajang dan Pembayaran/MinusTap - Elemen 1'

2018-02-27 15:50:17 - [TEST_STEP][PASSED] - tap: Tapped on element 'Object Repository/Sidebar Menu/Operasional/Kasir/Kerajang dan Pembayaran/MinusTap - Elemen 1'

2018-02-27 15:50:19 - [MESSAGE][PASSED] - Tapped on element 'Object Repository/Sidebar Menu/Operasional/Kasir/Kerajang dan Pembayaran/MinusTap - Elemen 1'

2018-02-27 15:50:19 - [TEST_STEP][PASSED] - tap: Tapped on element 'Object Repository/Sidebar Menu/Operasional/Kasir/Kerajang dan Pembayaran/MinusTap - Elemen 1'

2018-02-27 15:50:19 - [MESSAGE][WARNING] - Timeout '0' is invalid. Using default page load timeout: '30'

2018-02-27 15:50:20 - [MESSAGE][PASSED] - Tapped on element 'Object Repository/Sidebar Menu/Operasional/Kasir/Kerajang dan Pembayaran/MinusTap - Elemen 1'

2018-02-27 15:50:20 - [TEST_STEP][PASSED] - tap: Tapped on element 'Object Repository/Sidebar Menu/Operasional/Kasir/Kerajang dan Pembayaran/InputbbyType - Elemen 1'

2018-02-27 15:50:21 - [MESSAGE][PASSED] - Tapped on element 'Object Repository/Sidebar Menu/Operasional/Kasir/Kerajang dan Pembayaran/InputbbyType - Elemen 1'

2018-02-27 15:50:21 - [TEST_STEP][PASSED] - verifyElementExist: Element 'Object Repository/Sidebar Menu/Operasional/Kasir/Kerajang dan Pembayaran/InputbbyType - Elemen 1' is exist

2018-02-27 15:50:22 - [MESSAGE][PASSED] - Element 'Object Repository/Sidebar Menu/Operasional/Kasir/Kerajang dan Pembayaran/InputbbyType - Elemen 1' is exist

2018-02-27 15:50:22 - [TEST_STEP][PASSED] - clearText: Element 'Object Repository/Sidebar Menu/Operasional/Kasir/Kerajang dan Pembayaran/InputbbyType - Elemen 1' text is cleared

2018-02-27 15:50:27 - [MESSAGE][PASSED] - Element 'Object Repository/Sidebar Menu/Operasional/Kasir/Kerajang dan Pembayaran/InputbbyType - Elemen 1' text is cleared

2018-02-27 15:50:27 - [TEST_STEP][PASSED] - setText: Text '47' has been set to element 'Object Repository/Sidebar Menu/Operasional/Kasir/Kerajang dan Pembayaran/InputbbyType - Elemen 1'

2018-02-27 15:50:36 - [MESSAGE][PASSED] - Text '47' has been set to element 'Object Repository/Sidebar Menu/Operasional/Kasir/Kerajang dan Pembayaran/InputbbyType - Elemen 1'

2018-02-27 15:50:36 - [TEST_STEP][PASSED] - clearText: Element 'Object Repository/Sidebar Menu/Operasional/Kasir/Kerajang dan Pembayaran/InputbbyType - Elemen 1' text is cleared

2018-02-27 15:50:42 - [MESSAGE][PASSED] - Element 'Object Repository/Sidebar Menu/Operasional/Kasir/Kerajang dan Pembayaran/InputbbyType - Elemen 1' text is cleared

2018-02-27 15:50:42 - [TEST_STEP][PASSED] - tap: Tapped on element 'Object Repository/Sidebar Menu/Operasional/Kasir/Kerajang dan Pembayaran/InputbbyType - Elemen 1'

2018-02-27 15:50:43 - [MESSAGE][PASSED] - Tapped on element 'Object Repository/Sidebar Menu/Operasional/Kasir/Kerajang dan Pembayaran/InputbbyType - Elemen 1'

2018-02-27 15:50:43 - [TEST_STEP][PASSED] - verifyElementExist: Element 'Object Repository/Sidebar Menu/Operasional/Kasir/Kerajang dan Pembayaran/InputbbyType - Elemen 1' is exist

2018-02-27 15:50:44 - [MESSAGE][PASSED] - Element 'Object Repository/Sidebar Menu/Operasional/Kasir/Kerajang dan Pembayaran/InputbbyType - Elemen 1' is exist

2018-02-27 15:50:44 - [TEST_STEP][PASSED] - setText: Text '5' has been set to element 'Object Repository/Sidebar Menu/Operasional/Kasir/Kerajang dan Pembayaran/InputbbyType - Elemen 1'

2018-02-27 15:50:55 - [MESSAGE][PASSED] - Text '5' has been set to element 'Object Repository/Sidebar Menu/Operasional/Kasir/Kerajang dan Pembayaran/InputbbyType - Elemen 1'

2018-02-27 15:50:55 - [TEST_STEP][PASSED] - hideKeyboard: Keyboard is hidden

2018-02-27 15:50:57 - [MESSAGE][PASSED] - Keyboard is hidden

2018-02-27 15:50:57 - [TEST_STEP][PASSED] - clearText: Element 'Object Repository/Sidebar Menu/Operasional/Kasir/Kerajang dan Pembayaran/InputbbyType - Elemen 1' text is cleared

2018-02-27 15:51:02 - [MESSAGE][PASSED] - Element 'Object Repository/Sidebar Menu/Operasional/Kasir/Kerajang dan Pembayaran/InputbbyType - Elemen 1' text is cleared

2018-02-27 15:51:02 - [TEST_STEP][PASSED] - tap: Tapped on element 'Object Repository/Sidebar Menu/Operasional/Kasir/Kerajang dan Pembayaran/InputbbyType - Elemen 1'

2018-02-27 15:51:03 - [MESSAGE][PASSED] - Tapped on element 'Object Repository/Sidebar Menu/Operasional/Kasir/Kerajang dan Pembayaran/InputbbyType - Elemen 1'

2018-02-27 15:51:03 - [TEST_STEP][PASSED] - verifyElementExist: Element 'Object Repository/Sidebar Menu/Operasional/Kasir/Kerajang dan Pembayaran/InputbbyType - Elemen 1' is exist

2018-02-27 15:51:04 - [MESSAGE][PASSED] - Element 'Object Repository/Sidebar Menu/Operasional/Kasir/Kerajang dan Pembayaran/InputbbyType - Elemen 1' is exist

2018-02-27 15:51:04 - [TEST_STEP][PASSED] - setText: Text '9999' has been set to element 'Object Repository/Sidebar Menu/Operasional/Kasir/Kerajang dan Pembayaran/InputbbyType - Elemen 1'

2018-02-27 15:51:15 - [MESSAGE][PASSED] - Text '9999' has been set to element 'Object Repository/Sidebar Menu/Operasional/Kasir/Kerajang dan Pembayaran/InputbbyType - Elemen 1'

2018-02-27 15:51:15 - [TEST_STEP][PASSED] - hideKeyboard: Keyboard is hidden

2018-02-27 15:51:16 - [MESSAGE][PASSED] - Keyboard is hidden

2018-02-27 15:51:16 - [TEST_STEP][PASSED] - clearText: Element 'Object Repository/Sidebar Menu/Operasional/Kasir/Kerajang dan Pembayaran/InputbbyType - Elemen 1' text is cleared

2018-02-27 15:51:21 - [MESSAGE][PASSED] - Element 'Object Repository/Sidebar Menu/Operasional/Kasir/Kerajang dan Pembayaran/InputbbyType - Elemen 1' text is cleared

2018-02-27 15:51:21 - [TEST_STEP][PASSED] - tap: Tapped on element 'Object Repository/Sidebar Menu/Operasional/Kasir/Kerajang dan Pembayaran/InputbbyType - Elemen 1'

2018-02-27 15:51:22 - [MESSAGE][PASSED] - Tapped on element 'Object Repository/Sidebar Menu/Operasional/Kasir/Kerajang dan Pembayaran/InputbbyType - Elemen 1'

2018-02-27 15:51:22 - [TEST_STEP][PASSED] - verifyElementExist: Element 'Object Repository/Sidebar Menu/Operasional/Kasir/Kerajang dan Pembayaran/InputbbyType - Elemen 1' is exist

2018-02-27 15:51:23 - [MESSAGE][PASSED] - Element 'Object Repository/Sidebar Menu/Operasional/Kasir/Kerajang dan Pembayaran/InputbbyType - Elemen 1' is exist

2018-02-27 15:51:23 - [TEST_STEP][PASSED] - setText: Text '3' has been set to element 'Object Repository/Sidebar Menu/Operasional/Kasir/Kerajang dan Pembayaran/InputbbyType - Elemen 1'

2018-02-27 15:51:34 - [MESSAGE][PASSED] - Text '3' has been set to element 'Object Repository/Sidebar Menu/Operasional/Kasir/Kerajang dan Pembayaran/InputbbyType - Elemen 1'

2018-02-27 15:51:34 - [TEST_STEP][PASSED] - hideKeyboard: Keyboard is hidden

2018-02-27 15:51:36 - [MESSAGE][PASSED] - Keyboard is hidden

2018-02-27 15:51:36 - [TEST_STEP][PASSED] - delay: Delayed 10 second(s)

2018-02-27 15:51:46 - [MESSAGE][PASSED] - Delayed 10 second(s)

2018-02-27 15:51:46 - [TEST_STEP][PASSED] - tap: Tapped on element 'Object Repository/Sidebar Menu/Operasional/Kasir/Kerajang dan Pembayaran/Button Konfirmasi'

2018-02-27 15:51:46 - [MESSAGE][PASSED] - Tapped on element 'Object Repository/Sidebar Menu/Operasional/Kasir/Kerajang dan Pembayaran/Button Konfirmasi'

2018-02-27 15:51:46 - [TEST_STEP][PASSED] - waitForElementPresent: Element 'Object Repository/Sidebar Menu/Operasional/Kasir/Kerajang dan Pembayaran/ImagePensil - Diskon Tambahan' is present

2018-02-27 15:51:48 - [MESSAGE][PASSED] - Element 'Object Repository/Sidebar Menu/Operasional/Kasir/Kerajang dan Pembayaran/ImagePensil - Diskon Tambahan' is present

2018-02-27 15:51:48 - [TEST_STEP][PASSED] - tap: Tapped on element 'Object Repository/Sidebar Menu/Operasional/Kasir/Kerajang dan Pembayaran/ImagePensil - Diskon Tambahan'

2018-02-27 15:51:49 - [MESSAGE][PASSED] - Tapped on element 'Object Repository/Sidebar Menu/Operasional/Kasir/Kerajang dan Pembayaran/ImagePensil - Diskon Tambahan'

2018-02-27 15:51:49 - [TEST_STEP][PASSED] - setText: Text '1000' has been set to element 'Object Repository/Sidebar Menu/Operasional/Kasir/Kerajang dan Pembayaran/ImagePensil - Diskon Tambahan'

2018-02-27 15:52:01 - [MESSAGE][PASSED] - Text '1000' has been set to element 'Object Repository/Sidebar Menu/Operasional/Kasir/Kerajang dan Pembayaran/ImagePensil - Diskon Tambahan'

2018-02-27 15:52:01 - [TEST_STEP][PASSED] - hideKeyboard: Keyboard is hidden

2018-02-27 15:52:02 - [MESSAGE][PASSED] - Keyboard is hidden

2018-02-27 15:52:02 - [TEST_STEP][PASSED] - tap: Tapped on element 'Object Repository/Sidebar Menu/Operasional/Kasir/Kerajang dan Pembayaran/PILIH METODE PEMBAYARAN'

2018-02-27 15:52:03 - [MESSAGE][PASSED] - Tapped on element 'Object Repository/Sidebar Menu/Operasional/Kasir/Kerajang dan Pembayaran/PILIH METODE PEMBAYARAN'

2018-02-27 15:52:03 - [TEST_STEP][PASSED] - comment: End Story 29]]></system-out>
         <system-err><![CDATA[]]></system-err>
      </testcase>
      <testcase name="Test Cases/Sprint 2/47 - TC- All" classname="Test Cases/Sprint 2/47 - TC- All" status="PASSED">
         <system-out><![CDATA[2018-02-27 15:52:03 - [TEST_CASE][PASSED] - Test Cases/Sprint 2/47 - TC- All: Test Cases/Sprint 2/47 - TC- All

2018-02-27 15:52:03 - [TEST_STEP][PASSED] - comment: Start Story 47

2018-02-27 15:52:03 - [TEST_STEP][PASSED] - tap: Tapped on element 'Object Repository/Sidebar Menu/Operasional/Kasir/Kerajang dan Pembayaran/Tunai'

2018-02-27 15:52:04 - [MESSAGE][PASSED] - Tapped on element 'Object Repository/Sidebar Menu/Operasional/Kasir/Kerajang dan Pembayaran/Tunai'

2018-02-27 15:52:04 - [TEST_STEP][PASSED] - comment: MenInput Jumlah Pembayaran < dari Harga Barang

2018-02-27 15:52:04 - [TEST_STEP][PASSED] - waitForElementPresent: Element 'Object Repository/Sidebar Menu/Operasional/Kasir/Kerajang dan Pembayaran/InputText - Pembayaran Tunai' is present

2018-02-27 15:52:06 - [MESSAGE][PASSED] - Element 'Object Repository/Sidebar Menu/Operasional/Kasir/Kerajang dan Pembayaran/InputText - Pembayaran Tunai' is present

2018-02-27 15:52:06 - [TEST_STEP][PASSED] - tap: Tapped on element 'Object Repository/Sidebar Menu/Operasional/Kasir/Kerajang dan Pembayaran/InputText - Pembayaran Tunai'

2018-02-27 15:52:06 - [MESSAGE][PASSED] - Tapped on element 'Object Repository/Sidebar Menu/Operasional/Kasir/Kerajang dan Pembayaran/InputText - Pembayaran Tunai'

2018-02-27 15:52:06 - [TEST_STEP][PASSED] - verifyElementExist: Element 'Object Repository/Sidebar Menu/Operasional/Kasir/Kerajang dan Pembayaran/InputText - Pembayaran Tunai' is exist

2018-02-27 15:52:07 - [MESSAGE][PASSED] - Element 'Object Repository/Sidebar Menu/Operasional/Kasir/Kerajang dan Pembayaran/InputText - Pembayaran Tunai' is exist

2018-02-27 15:52:07 - [TEST_STEP][PASSED] - setText: Text '500' has been set to element 'Object Repository/Sidebar Menu/Operasional/Kasir/Kerajang dan Pembayaran/InputText - Pembayaran Tunai'

2018-02-27 15:52:18 - [MESSAGE][PASSED] - Text '500' has been set to element 'Object Repository/Sidebar Menu/Operasional/Kasir/Kerajang dan Pembayaran/InputText - Pembayaran Tunai'

2018-02-27 15:52:18 - [TEST_STEP][NOT_RUN] - verifyElementText: NOT_RUN: verifyElementText

2018-02-27 15:52:18 - [MESSAGE][NOT_RUN] - NOT_RUN: verifyElementText

2018-02-27 15:52:18 - [TEST_STEP][NOT_RUN] - getText: NOT_RUN: getText

2018-02-27 15:52:18 - [MESSAGE][NOT_RUN] - NOT_RUN: getText

2018-02-27 15:52:18 - [TEST_STEP][PASSED] - hideKeyboard: Keyboard is hidden

2018-02-27 15:52:19 - [MESSAGE][PASSED] - Keyboard is hidden

2018-02-27 15:52:20 - [TEST_STEP][PASSED] - tap: Tapped on element 'Object Repository/Sidebar Menu/Operasional/Kasir/Kerajang dan Pembayaran/LANJUT (1)'

2018-02-27 15:52:21 - [MESSAGE][PASSED] - Tapped on element 'Object Repository/Sidebar Menu/Operasional/Kasir/Kerajang dan Pembayaran/LANJUT (1)'

2018-02-27 15:52:21 - [TEST_STEP][PASSED] - delay: Delayed 5 second(s)

2018-02-27 15:52:26 - [MESSAGE][PASSED] - Delayed 5 second(s)

2018-02-27 15:52:26 - [TEST_STEP][PASSED] - waitForElementPresent: Element 'Object Repository/Sidebar Menu/Operasional/Kasir/Kerajang dan Pembayaran/OK - Button' is present

2018-02-27 15:52:26 - [MESSAGE][PASSED] - Element 'Object Repository/Sidebar Menu/Operasional/Kasir/Kerajang dan Pembayaran/OK - Button' is present

2018-02-27 15:52:26 - [TEST_STEP][PASSED] - tap: Tapped on element 'Object Repository/Sidebar Menu/Operasional/Kasir/Kerajang dan Pembayaran/OK - Button'

2018-02-27 15:52:26 - [MESSAGE][PASSED] - Tapped on element 'Object Repository/Sidebar Menu/Operasional/Kasir/Kerajang dan Pembayaran/OK - Button'

2018-02-27 15:52:26 - [TEST_STEP][PASSED] - tap: Tapped on element 'Object Repository/Sidebar Menu/Operasional/Kasir/Kerajang dan Pembayaran/OK - Button'

2018-02-27 15:52:28 - [MESSAGE][PASSED] - Tapped on element 'Object Repository/Sidebar Menu/Operasional/Kasir/Kerajang dan Pembayaran/OK - Button'

2018-02-27 15:52:28 - [TEST_STEP][NOT_RUN] - verifyElementExist: NOT_RUN: verifyElementExist

2018-02-27 15:52:28 - [MESSAGE][NOT_RUN] - NOT_RUN: verifyElementExist

2018-02-27 15:52:28 - [TEST_STEP][PASSED] - delay: Delayed 5 second(s)

2018-02-27 15:52:33 - [MESSAGE][PASSED] - Delayed 5 second(s)

2018-02-27 15:52:33 - [TEST_STEP][PASSED] - swipe: Swiped from 391,496 to 450,496

2018-02-27 15:52:33 - [MESSAGE][PASSED] - Swiped from 391,496 to 450,496

2018-02-27 15:52:33 - [TEST_STEP][PASSED] - delay: Delayed 5 second(s)

2018-02-27 15:52:38 - [MESSAGE][PASSED] - Delayed 5 second(s)

2018-02-27 15:52:38 - [TEST_STEP][PASSED] - waitForElementPresent: Element 'Object Repository/Sidebar Menu/Operasional/Kasir/Kerajang dan Pembayaran/Tanggal Pelunasan' is present

2018-02-27 15:52:39 - [MESSAGE][PASSED] - Element 'Object Repository/Sidebar Menu/Operasional/Kasir/Kerajang dan Pembayaran/Tanggal Pelunasan' is present

2018-02-27 15:52:39 - [TEST_STEP][PASSED] - tap: Tapped on element 'Object Repository/Sidebar Menu/Operasional/Kasir/Kerajang dan Pembayaran/Tanggal Pelunasan'

2018-02-27 15:52:39 - [MESSAGE][PASSED] - Tapped on element 'Object Repository/Sidebar Menu/Operasional/Kasir/Kerajang dan Pembayaran/Tanggal Pelunasan'

2018-02-27 15:52:39 - [TEST_STEP][NOT_RUN] - verifyElementExist: NOT_RUN: verifyElementExist

2018-02-27 15:52:39 - [MESSAGE][NOT_RUN] - NOT_RUN: verifyElementExist

2018-02-27 15:52:39 - [TEST_STEP][PASSED] - tapAndHold: Tapped and held on element 'Object Repository/Sidebar Menu/Operasional/Kasir/Kerajang dan Pembayaran/28 Februari 2018' with duration 2

2018-02-27 15:52:43 - [MESSAGE][PASSED] - Tapped and held on element 'Object Repository/Sidebar Menu/Operasional/Kasir/Kerajang dan Pembayaran/28 Februari 2018' with duration 2

2018-02-27 15:52:43 - [TEST_STEP][PASSED] - waitForElementPresent: Element 'Object Repository/Sidebar Menu/Operasional/Kasir/Kerajang dan Pembayaran/Button Oke  - Kalender' is present

2018-02-27 15:52:44 - [MESSAGE][PASSED] - Element 'Object Repository/Sidebar Menu/Operasional/Kasir/Kerajang dan Pembayaran/Button Oke  - Kalender' is present

2018-02-27 15:52:44 - [TEST_STEP][PASSED] - tap: Tapped on element 'Object Repository/Sidebar Menu/Operasional/Kasir/Kerajang dan Pembayaran/Button Oke  - Kalender'

2018-02-27 15:52:44 - [MESSAGE][PASSED] - Tapped on element 'Object Repository/Sidebar Menu/Operasional/Kasir/Kerajang dan Pembayaran/Button Oke  - Kalender'

2018-02-27 15:52:44 - [TEST_STEP][PASSED] - comment: Kembali Swipe Pembayaran Sebagian menjadi Inactive

2018-02-27 15:52:44 - [TEST_STEP][PASSED] - swipe: Swiped from 450,496 to 391,496

2018-02-27 15:52:45 - [MESSAGE][PASSED] - Swiped from 450,496 to 391,496

2018-02-27 15:52:45 - [TEST_STEP][PASSED] - tap: Tapped on element 'Object Repository/Sidebar Menu/Operasional/Kasir/Kerajang dan Pembayaran/PILIH METODE PEMBAYARAN'

2018-02-27 15:52:46 - [MESSAGE][PASSED] - Tapped on element 'Object Repository/Sidebar Menu/Operasional/Kasir/Kerajang dan Pembayaran/PILIH METODE PEMBAYARAN'

2018-02-27 15:52:46 - [TEST_STEP][PASSED] - waitForElementPresent: Object Object Repository/Sidebar Menu/Operasional/Kasir/Kerajang dan Pembayaran/InputText - Pembayaran Tunai not found

2018-02-27 15:52:51 - [MESSAGE][WARNING] - Object Object Repository/Sidebar Menu/Operasional/Kasir/Kerajang dan Pembayaran/InputText - Pembayaran Tunai not found

2018-02-27 15:52:51 - [TEST_STEP][PASSED] - tap: Tapped on element 'Object Repository/Sidebar Menu/Operasional/Kasir/Kerajang dan Pembayaran/Tunai'

2018-02-27 15:52:51 - [MESSAGE][PASSED] - Tapped on element 'Object Repository/Sidebar Menu/Operasional/Kasir/Kerajang dan Pembayaran/Tunai'

2018-02-27 15:52:51 - [TEST_STEP][PASSED] - comment: MenInput Jumlah Pembayaran >= dari Harga Barang

2018-02-27 15:52:51 - [TEST_STEP][PASSED] - tap: Tapped on element 'Object Repository/Sidebar Menu/Operasional/Kasir/Kerajang dan Pembayaran/InputText - Pembayaran Tunai'

2018-02-27 15:52:53 - [MESSAGE][PASSED] - Tapped on element 'Object Repository/Sidebar Menu/Operasional/Kasir/Kerajang dan Pembayaran/InputText - Pembayaran Tunai'

2018-02-27 15:52:53 - [TEST_STEP][PASSED] - setText: Text '5000000' has been set to element 'Object Repository/Sidebar Menu/Operasional/Kasir/Kerajang dan Pembayaran/InputText - Pembayaran Tunai'

2018-02-27 15:53:05 - [MESSAGE][PASSED] - Text '5000000' has been set to element 'Object Repository/Sidebar Menu/Operasional/Kasir/Kerajang dan Pembayaran/InputText - Pembayaran Tunai'

2018-02-27 15:53:05 - [TEST_STEP][NOT_RUN] - verifyElementText: NOT_RUN: verifyElementText

2018-02-27 15:53:05 - [MESSAGE][NOT_RUN] - NOT_RUN: verifyElementText

2018-02-27 15:53:05 - [TEST_STEP][NOT_RUN] - getText: NOT_RUN: getText

2018-02-27 15:53:05 - [MESSAGE][NOT_RUN] - NOT_RUN: getText

2018-02-27 15:53:05 - [TEST_STEP][PASSED] - hideKeyboard: Keyboard is hidden

2018-02-27 15:53:06 - [MESSAGE][PASSED] - Keyboard is hidden

2018-02-27 15:53:06 - [TEST_STEP][PASSED] - comment: End Story 47]]></system-out>
         <system-err><![CDATA[]]></system-err>
      </testcase>
      <testcase name="Test Cases/Sprint 2/30 - TC - All" classname="Test Cases/Sprint 2/30 - TC - All" status="PASSED">
         <system-out><![CDATA[2018-02-27 15:53:06 - [TEST_CASE][PASSED] - Test Cases/Sprint 2/30 - TC - All: Test Cases/Sprint 2/30 - TC - All

2018-02-27 15:53:06 - [TEST_STEP][PASSED] - comment: Start Story 30

2018-02-27 15:53:06 - [TEST_STEP][PASSED] - waitForElementPresent: Element 'Object Repository/Sidebar Menu/Operasional/Kasir/Kerajang dan Pembayaran/LANJUT (1)' is present

2018-02-27 15:53:07 - [MESSAGE][PASSED] - Element 'Object Repository/Sidebar Menu/Operasional/Kasir/Kerajang dan Pembayaran/LANJUT (1)' is present

2018-02-27 15:53:07 - [TEST_STEP][PASSED] - tap: Tapped on element 'Object Repository/Sidebar Menu/Operasional/Kasir/Kerajang dan Pembayaran/LANJUT (1)'

2018-02-27 15:53:08 - [MESSAGE][PASSED] - Tapped on element 'Object Repository/Sidebar Menu/Operasional/Kasir/Kerajang dan Pembayaran/LANJUT (1)'

2018-02-27 15:53:08 - [TEST_STEP][PASSED] - verifyElementExist: Element 'Object Repository/Sidebar Menu/Operasional/Kasir/Kerajang dan Pembayaran/LANJUT (1)' is exist

2018-02-27 15:53:09 - [MESSAGE][PASSED] - Element 'Object Repository/Sidebar Menu/Operasional/Kasir/Kerajang dan Pembayaran/LANJUT (1)' is exist

2018-02-27 15:53:09 - [TEST_STEP][PASSED] - tap: Tapped on element 'Object Repository/Sidebar Menu/Operasional/Kasir/Kerajang dan Pembayaran/Batal'

2018-02-27 15:53:09 - [MESSAGE][PASSED] - Tapped on element 'Object Repository/Sidebar Menu/Operasional/Kasir/Kerajang dan Pembayaran/Batal'

2018-02-27 15:53:09 - [TEST_STEP][PASSED] - tap: Tapped on element 'Object Repository/Sidebar Menu/Operasional/Kasir/Kerajang dan Pembayaran/LANJUT (1)'

2018-02-27 15:53:11 - [MESSAGE][PASSED] - Tapped on element 'Object Repository/Sidebar Menu/Operasional/Kasir/Kerajang dan Pembayaran/LANJUT (1)'

2018-02-27 15:53:11 - [TEST_STEP][PASSED] - tap: Tapped on element 'Object Repository/Sidebar Menu/Operasional/Kasir/Kerajang dan Pembayaran/Lanjut'

2018-02-27 15:53:12 - [MESSAGE][PASSED] - Tapped on element 'Object Repository/Sidebar Menu/Operasional/Kasir/Kerajang dan Pembayaran/Lanjut'

2018-02-27 15:53:12 - [TEST_STEP][PASSED] - waitForElementPresent: Element 'Object Repository/Sidebar Menu/Operasional/Kasir/Kerajang dan Pembayaran/Selesai' is present

2018-02-27 15:53:15 - [MESSAGE][PASSED] - Element 'Object Repository/Sidebar Menu/Operasional/Kasir/Kerajang dan Pembayaran/Selesai' is present

2018-02-27 15:53:15 - [TEST_STEP][PASSED] - tap: Tapped on element 'Object Repository/Sidebar Menu/Operasional/Kasir/Kerajang dan Pembayaran/Selesai'

2018-02-27 15:53:15 - [MESSAGE][PASSED] - Tapped on element 'Object Repository/Sidebar Menu/Operasional/Kasir/Kerajang dan Pembayaran/Selesai'

2018-02-27 15:53:15 - [TEST_STEP][PASSED] - waitForElementPresent: Element 'Object Repository/Sidebar Menu/Operasional/Kasir/Kerajang dan Pembayaran/Bagikan' is present

2018-02-27 15:53:17 - [MESSAGE][PASSED] - Element 'Object Repository/Sidebar Menu/Operasional/Kasir/Kerajang dan Pembayaran/Bagikan' is present

2018-02-27 15:53:17 - [TEST_STEP][PASSED] - tap: Tapped on element 'Object Repository/Sidebar Menu/Operasional/Kasir/Kerajang dan Pembayaran/Bagikan'

2018-02-27 15:53:18 - [MESSAGE][PASSED] - Tapped on element 'Object Repository/Sidebar Menu/Operasional/Kasir/Kerajang dan Pembayaran/Bagikan'

2018-02-27 15:53:18 - [TEST_STEP][PASSED] - delay: Delayed 10 second(s)

2018-02-27 15:53:28 - [MESSAGE][PASSED] - Delayed 10 second(s)

2018-02-27 15:53:28 - [TEST_STEP][PASSED] - pressBack: Press back button successfully

2018-02-27 15:53:28 - [MESSAGE][PASSED] - Press back button successfully

2018-02-27 15:53:28 - [TEST_STEP][PASSED] - pressBack: Press back button successfully

2018-02-27 15:53:29 - [MESSAGE][PASSED] - Press back button successfully

2018-02-27 15:53:29 - [TEST_STEP][PASSED] - pressBack: Press back button successfully

2018-02-27 15:53:30 - [MESSAGE][PASSED] - Press back button successfully

2018-02-27 15:53:30 - [TEST_STEP][PASSED] - delay: Delayed 5 second(s)

2018-02-27 15:53:35 - [MESSAGE][PASSED] - Delayed 5 second(s)

2018-02-27 15:53:35 - [TEST_STEP][PASSED] - tap: Tapped on element 'Object Repository/Sidebar Menu/Operasional/Kasir/Kerajang dan Pembayaran/LANJUT BERJUALAN'

2018-02-27 15:53:45 - [MESSAGE][PASSED] - Tapped on element 'Object Repository/Sidebar Menu/Operasional/Kasir/Kerajang dan Pembayaran/LANJUT BERJUALAN'

2018-02-27 15:53:45 - [TEST_STEP][PASSED] - comment: End Story 30]]></system-out>
         <system-err><![CDATA[]]></system-err>
      </testcase>
      <system-out><![CDATA[2018-02-27 15:48:05 - [TEST_SUITE][PASSED] - Sprint 2: Test Cases/Sprint 2/30 - TC - All]]></system-out>
      <system-err><![CDATA[]]></system-err>
   </testsuite>
</testsuites>
