<?xml version="1.0" encoding="UTF-8"?>
<testsuites name="Story 27 N 46 - Detail Produk N Change Produk" time="668" tests="5" failures="0" errors="0">
   <testsuite name="Story 27 N 46 - Detail Produk N Change Produk" tests="5" failures="0" errors="0" time="668" timestamp="2018-07-16 15:12:00" hostname="AV2017005903 - NBMP18A211ITSQA.corp.bankbtpn.co.id" id="Test Suites/Story 27 N 46 - Detail Produk N Change Produk">
      <properties>
         <property name="deviceName" value="OPPO A37f (Android 5.1.1)"/>
         <property name="devicePlatform" value=""/>
         <property name="logFolder" value="C:\\Users\\AV2017005903\\Documents\\apollo-automation\\Reports\\Story 27 N 46 - Detail Produk N Change Produk\\20180716_151158"/>
         <property name="logFiles" value="C:\\Users\\AV2017005903\\Documents\\apollo-automation\\Reports\\Story 27 N 46 - Detail Produk N Change Produk\\20180716_151158\\appium.log, C:\\Users\\AV2017005903\\Documents\\apollo-automation\\Reports\\Story 27 N 46 - Detail Produk N Change Produk\\20180716_151158\\execution0.log"/>
         <property name="attachments" value=""/>
         <property name="hostName" value="AV2017005903 - NBMP18A211ITSQA.corp.bankbtpn.co.id"/>
         <property name="os" value="Windows 10 64bit"/>
         <property name="katalonVersion" value="5.5.0.1"/>
         <property name="deviceOS" value="Android"/>
         <property name="appiumVersion" value="1.8.1"/>
         <property name="deviceModel" value="A37f"/>
         <property name="hostAddress" value="192.168.62.1"/>
         <property name="deviceManufacturer" value="OPPO"/>
         <property name="deviceId" value="6e4df14"/>
         <property name="deviceName" value="OPPO A37f (Android 5.1.1)"/>
         <property name="deviceOSVersion" value="5.1.1"/>
      </properties>
      <testcase name="Test Cases/Story 27 N 46 - Detail Product N Edit Barang/27 N 46 - TC 1" classname="Test Cases/Story 27 N 46 - Detail Product N Edit Barang/27 N 46 - TC 1" status="PASSED">
         <system-out><![CDATA[2018-07-16 15:12:01 - [TEST_CASE][PASSED] - Test Cases/Story 27 N 46 - Detail Product N Edit Barang/27 N 46 - TC 1: Test Cases/Story 27 N 46 - Detail Product N Edit Barang/27 N 46 - TC 1

2018-07-16 15:12:01 - [TEST_STEP][PASSED] - comment: Start Story 27 - Detail Product - Info Stock

2018-07-16 15:12:01 - [TEST_STEP][PASSED] - callTestCase: Call Test Case 'Test Cases/Story 26 dan 842 -Kelola Stok Final/26 TC 1' successfully

2018-07-16 15:12:01 - [TEST_CASE][PASSED] - Test Cases/Story 26 dan 842 -Kelola Stok Final/26 TC 1: Test Cases/Story 26 dan 842 -Kelola Stok Final/26 TC 1

2018-07-16 15:12:02 - [TEST_STEP][PASSED] - comment: Kelola Stock - View

2018-07-16 15:12:02 - [TEST_STEP][PASSED] - callTestCase: Call Test Case 'Test Cases/Story 679 - Welcome Screen/679 TC - Welcome Screen' successfully

2018-07-16 15:12:02 - [TEST_CASE][PASSED] - Test Cases/Story 679 - Welcome Screen/679 TC - Welcome Screen: Test Cases/Story 679 - Welcome Screen/679 TC - Welcome Screen

2018-07-16 15:12:02 - [TEST_STEP][PASSED] - comment: Start Story 679

2018-07-16 15:12:02 - [TEST_STEP][PASSED] - Statement - apkPath = apkName: null

2018-07-16 15:12:02 - [TEST_STEP][PASSED] - startApplication: Started app at: 'C:\Users\AV2017005903\Documents\apollo-automation\app-sit-3 Juli.apk'

2018-07-16 15:12:38 - [MESSAGE][PASSED] - Started app at: 'C:\Users\AV2017005903\Documents\apollo-automation\app-sit-3 Juli.apk'

2018-07-16 15:12:38 - [TEST_STEP][PASSED] - delay: Delayed 15 second(s)

2018-07-16 15:12:53 - [MESSAGE][PASSED] - Delayed 15 second(s)

2018-07-16 15:12:53 - [TEST_STEP][NOT_RUN] - waitForElementPresent: NOT_RUN: waitForElementPresent

2018-07-16 15:12:53 - [MESSAGE][NOT_RUN] - NOT_RUN: waitForElementPresent

2018-07-16 15:12:53 - [TEST_STEP][NOT_RUN] - verifyElementVisible: NOT_RUN: verifyElementVisible

2018-07-16 15:12:53 - [MESSAGE][NOT_RUN] - NOT_RUN: verifyElementVisible

2018-07-16 15:12:53 - [TEST_STEP][PASSED] - Comment - "Delay until UpdateApp TopUp appear": null

2018-07-16 15:12:53 - [TEST_STEP][PASSED] - Statement - driver = com.kms.katalon.core.mobile.keyword.internal.MobileDriverFactory.getDriver(): null

2018-07-16 15:12:53 - [TEST_STEP][PASSED] - Statement - action = new io.appium.java_client.TouchAction(driver): null

2018-07-16 15:12:53 - [TEST_STEP][PASSED] - Statement - action.longPress(450, 300).moveTo(100, 300).release().perform(): null

2018-07-16 15:12:55 - [TEST_STEP][PASSED] - delay: Delayed 8 second(s)

2018-07-16 15:13:03 - [MESSAGE][PASSED] - Delayed 8 second(s)

2018-07-16 15:13:03 - [TEST_STEP][PASSED] - Statement - action.longPress(450, 300).moveTo(100, 300).release().perform(): null

2018-07-16 15:13:06 - [TEST_STEP][PASSED] - delay: Delayed 8 second(s)

2018-07-16 15:13:14 - [MESSAGE][PASSED] - Delayed 8 second(s)

2018-07-16 15:13:14 - [TEST_STEP][PASSED] - Statement - action.longPress(450, 300).moveTo(100, 300).release().perform(): null

2018-07-16 15:13:17 - [TEST_STEP][PASSED] - delay: Delayed 8 second(s)

2018-07-16 15:13:25 - [MESSAGE][PASSED] - Delayed 8 second(s)

2018-07-16 15:13:25 - [TEST_STEP][PASSED] - Statement - action.longPress(450, 300).moveTo(100, 300).release().perform(): null

2018-07-16 15:13:28 - [TEST_STEP][PASSED] - delay: Delayed 8 second(s)

2018-07-16 15:13:36 - [MESSAGE][PASSED] - Delayed 8 second(s)

2018-07-16 15:13:36 - [TEST_STEP][PASSED] - waitForElementPresent: Element 'Object Repository/Splash Screen/Mulai - Button' is present

2018-07-16 15:13:36 - [MESSAGE][WARNING] - Timeout '0' is invalid. Using default page load timeout: '30'

2018-07-16 15:13:39 - [MESSAGE][PASSED] - Element 'Object Repository/Splash Screen/Mulai - Button' is present

2018-07-16 15:13:39 - [TEST_STEP][PASSED] - tap: Tapped on element 'Object Repository/Splash Screen/Mulai - Button'

2018-07-16 15:13:39 - [MESSAGE][WARNING] - Timeout '0' is invalid. Using default page load timeout: '30'

2018-07-16 15:13:44 - [MESSAGE][PASSED] - Tapped on element 'Object Repository/Splash Screen/Mulai - Button'

2018-07-16 15:13:44 - [MESSAGE][PASSED] - Call Test Case 'Test Cases/Story 679 - Welcome Screen/679 TC - Welcome Screen' successfully

2018-07-16 15:13:44 - [TEST_STEP][NOT_RUN] - Statement - apkPath = apkName: NOT_RUN: Statement - apkPath = apkName

2018-07-16 15:13:44 - [MESSAGE][NOT_RUN] - NOT_RUN: Statement - apkPath = apkName

2018-07-16 15:13:44 - [TEST_STEP][NOT_RUN] - startApplication: NOT_RUN: startApplication

2018-07-16 15:13:44 - [MESSAGE][NOT_RUN] - NOT_RUN: startApplication

2018-07-16 15:13:44 - [TEST_STEP][NOT_RUN] - verifyElementVisible: NOT_RUN: verifyElementVisible

2018-07-16 15:13:44 - [MESSAGE][NOT_RUN] - NOT_RUN: verifyElementVisible

2018-07-16 15:13:44 - [TEST_STEP][PASSED] - comment: Start Login Test Case

2018-07-16 15:13:44 - [TEST_STEP][PASSED] - delay: Delayed 5 second(s)

2018-07-16 15:13:49 - [MESSAGE][PASSED] - Delayed 5 second(s)

2018-07-16 15:13:49 - [TEST_STEP][PASSED] - Comment - "If there is a Update TopuUp, click No, Else you can delay for waiting lazyload ": null

2018-07-16 15:13:49 - [TEST_STEP][PASSED] - waitForElementPresent: Element 'Object Repository/Login/Nomor HP  Nama Pengguna - Text Box' is present

2018-07-16 15:13:52 - [MESSAGE][PASSED] - Element 'Object Repository/Login/Nomor HP  Nama Pengguna - Text Box' is present

2018-07-16 15:13:52 - [TEST_STEP][PASSED] - verifyElementAttributeValue: Object 'Object Repository/Login/Nomor HP  Nama Pengguna - Text Box' has attribute 'content-desc' with value 'LoginNameTextInput'

2018-07-16 15:13:56 - [MESSAGE][PASSED] - Object 'Object Repository/Login/Nomor HP  Nama Pengguna - Text Box' has attribute 'content-desc' with value 'LoginNameTextInput'

2018-07-16 15:13:56 - [TEST_STEP][PASSED] - tap: Tapped on element 'Object Repository/Login/Nomor HP  Nama Pengguna - Text Box'

2018-07-16 15:14:01 - [MESSAGE][PASSED] - Tapped on element 'Object Repository/Login/Nomor HP  Nama Pengguna - Text Box'

2018-07-16 15:14:01 - [TEST_STEP][PASSED] - setText: Text '08112233445567' has been set to element 'Object Repository/Login/Nomor HP  Nama Pengguna - Text Box'

2018-07-16 15:14:17 - [MESSAGE][PASSED] - Text '08112233445567' has been set to element 'Object Repository/Login/Nomor HP  Nama Pengguna - Text Box'

2018-07-16 15:14:17 - [TEST_STEP][PASSED] - hideKeyboard: Keyboard is hidden

2018-07-16 15:14:18 - [MESSAGE][PASSED] - Keyboard is hidden

2018-07-16 15:14:19 - [TEST_STEP][PASSED] - verifyElementText: Actual text and expected text of test object 'Object Repository/Login/Nomor HP  Nama Pengguna - Text Box' are matched.

2018-07-16 15:14:25 - [MESSAGE][PASSED] - Actual text and expected text of test object 'Object Repository/Login/Nomor HP  Nama Pengguna - Text Box' are matched.

2018-07-16 15:14:25 - [TEST_STEP][PASSED] - waitForElementPresent: Element 'Object Repository/Login/Button Masuk' is present

2018-07-16 15:14:32 - [MESSAGE][PASSED] - Element 'Object Repository/Login/Button Masuk' is present

2018-07-16 15:14:32 - [TEST_STEP][PASSED] - verifyElementAttributeValue: Object 'Object Repository/Login/Button Masuk' has attribute 'content-desc' with value 'LoginJumpNextBtn'

2018-07-16 15:14:36 - [MESSAGE][PASSED] - Object 'Object Repository/Login/Button Masuk' has attribute 'content-desc' with value 'LoginJumpNextBtn'

2018-07-16 15:14:36 - [TEST_STEP][PASSED] - tap: Tapped on element 'Object Repository/Login/Button Masuk'

2018-07-16 15:14:42 - [MESSAGE][PASSED] - Tapped on element 'Object Repository/Login/Button Masuk'

2018-07-16 15:14:42 - [TEST_STEP][PASSED] - waitForElementPresent: Element 'Object Repository/Login/Input Pin' is present

2018-07-16 15:14:48 - [MESSAGE][PASSED] - Element 'Object Repository/Login/Input Pin' is present

2018-07-16 15:14:48 - [TEST_STEP][PASSED] - verifyElementAttributeValue: Object 'Object Repository/Login/Input Pin' has attribute 'content-desc' with value 'pinCircleFocus'

2018-07-16 15:14:56 - [MESSAGE][PASSED] - Object 'Object Repository/Login/Input Pin' has attribute 'content-desc' with value 'pinCircleFocus'

2018-07-16 15:14:56 - [TEST_STEP][PASSED] - tap: Tapped on element 'Object Repository/Login/Input Pin'

2018-07-16 15:15:04 - [MESSAGE][PASSED] - Tapped on element 'Object Repository/Login/Input Pin'

2018-07-16 15:15:04 - [TEST_STEP][PASSED] - setText: Text '123456' has been set to element 'Object Repository/Login/Input Pin'

2018-07-16 15:15:22 - [MESSAGE][PASSED] - Text '123456' has been set to element 'Object Repository/Login/Input Pin'

2018-07-16 15:15:22 - [TEST_STEP][PASSED] - delay: Delayed 5 second(s)

2018-07-16 15:15:27 - [MESSAGE][PASSED] - Delayed 5 second(s)

2018-07-16 15:15:27 - [TEST_STEP][NOT_RUN] - getAttribute: NOT_RUN: getAttribute

2018-07-16 15:15:27 - [MESSAGE][NOT_RUN] - NOT_RUN: getAttribute

2018-07-16 15:15:27 - [TEST_STEP][NOT_RUN] - verifyElementAttributeValue: NOT_RUN: verifyElementAttributeValue

2018-07-16 15:15:27 - [MESSAGE][NOT_RUN] - NOT_RUN: verifyElementAttributeValue

2018-07-16 15:15:27 - [TEST_STEP][NOT_RUN] - delay: NOT_RUN: delay

2018-07-16 15:15:27 - [MESSAGE][NOT_RUN] - NOT_RUN: delay

2018-07-16 15:15:27 - [TEST_STEP][PASSED] - comment: End Login Test Case

2018-07-16 15:15:27 - [TEST_STEP][PASSED] - waitForElementPresent: Element 'Object Repository/Sidebar Menu/HamburgerButton' is present

2018-07-16 15:15:36 - [MESSAGE][PASSED] - Element 'Object Repository/Sidebar Menu/HamburgerButton' is present

2018-07-16 15:15:36 - [TEST_STEP][PASSED] - verifyElementAttributeValue: Object 'Object Repository/Sidebar Menu/HamburgerButton' has attribute 'content-desc' with value 'headerBar_button_hamburgerMenu'

2018-07-16 15:15:43 - [MESSAGE][PASSED] - Object 'Object Repository/Sidebar Menu/HamburgerButton' has attribute 'content-desc' with value 'headerBar_button_hamburgerMenu'

2018-07-16 15:15:43 - [TEST_STEP][PASSED] - tap: Tapped on element 'Object Repository/Sidebar Menu/HamburgerButton'

2018-07-16 15:15:48 - [MESSAGE][PASSED] - Tapped on element 'Object Repository/Sidebar Menu/HamburgerButton'

2018-07-16 15:15:48 - [TEST_STEP][PASSED] - waitForElementPresent: Element 'Object Repository/Sidebar Menu/Produk/Produk' is present

2018-07-16 15:15:54 - [MESSAGE][PASSED] - Element 'Object Repository/Sidebar Menu/Produk/Produk' is present

2018-07-16 15:15:54 - [TEST_STEP][PASSED] - verifyElementAttributeValue: Object 'Object Repository/Sidebar Menu/Produk/Produk' has attribute 'content-desc' with value 'produkMenuItem'

2018-07-16 15:16:00 - [MESSAGE][PASSED] - Object 'Object Repository/Sidebar Menu/Produk/Produk' has attribute 'content-desc' with value 'produkMenuItem'

2018-07-16 15:16:00 - [TEST_STEP][PASSED] - tap: Tapped on element 'Object Repository/Sidebar Menu/Produk/Produk'

2018-07-16 15:16:10 - [MESSAGE][PASSED] - Tapped on element 'Object Repository/Sidebar Menu/Produk/Produk'

2018-07-16 15:16:10 - [TEST_STEP][PASSED] - verifyElementVisible: Element 'Object Repository/Sidebar Menu/Produk/Text Header -  Produk' is visible

2018-07-16 15:16:15 - [MESSAGE][PASSED] - Element 'Object Repository/Sidebar Menu/Produk/Text Header -  Produk' is visible

2018-07-16 15:16:15 - [TEST_STEP][PASSED] - delay: Delayed 5 second(s)

2018-07-16 15:16:20 - [MESSAGE][PASSED] - Delayed 5 second(s)

2018-07-16 15:16:20 - [MESSAGE][PASSED] - Call Test Case 'Test Cases/Story 26 dan 842 -Kelola Stok Final/26 TC 1' successfully

2018-07-16 15:16:20 - [TEST_STEP][PASSED] - waitForElementPresent: Element 'Object Repository/Sidebar Menu/Produk/Stock View/Cari nama produk - btn' is present

2018-07-16 15:16:23 - [MESSAGE][PASSED] - Element 'Object Repository/Sidebar Menu/Produk/Stock View/Cari nama produk - btn' is present

2018-07-16 15:16:23 - [TEST_STEP][PASSED] - verifyElementAttributeValue: Object 'Object Repository/Sidebar Menu/Produk/Stock View/Cari nama produk - btn' has attribute 'content-desc' with value 'productListComponent_textInput_search'

2018-07-16 15:16:28 - [MESSAGE][PASSED] - Object 'Object Repository/Sidebar Menu/Produk/Stock View/Cari nama produk - btn' has attribute 'content-desc' with value 'productListComponent_textInput_search'

2018-07-16 15:16:28 - [TEST_STEP][PASSED] - comment: Search Product

2018-07-16 15:16:28 - [TEST_STEP][PASSED] - setText: Text 'MIMINO Bottle' has been set to element 'Object Repository/Sidebar Menu/Produk/Stock View/Cari nama produk - btn'

2018-07-16 15:16:45 - [MESSAGE][PASSED] - Text 'MIMINO Bottle' has been set to element 'Object Repository/Sidebar Menu/Produk/Stock View/Cari nama produk - btn'

2018-07-16 15:16:45 - [TEST_STEP][PASSED] - waitForElementPresent: Element 'Object Repository/Sidebar Menu/Produk/Stock View/List Produk - Elemen 1' is present

2018-07-16 15:16:55 - [MESSAGE][PASSED] - Element 'Object Repository/Sidebar Menu/Produk/Stock View/List Produk - Elemen 1' is present

2018-07-16 15:16:55 - [TEST_STEP][PASSED] - verifyElementAttributeValue: Object 'Object Repository/Sidebar Menu/Produk/Stock View/List Produk - Elemen 1' has attribute 'content-desc' with value 'productListComponent_listItem_0'

2018-07-16 15:17:00 - [MESSAGE][PASSED] - Object 'Object Repository/Sidebar Menu/Produk/Stock View/List Produk - Elemen 1' has attribute 'content-desc' with value 'productListComponent_listItem_0'

2018-07-16 15:17:00 - [TEST_STEP][PASSED] - tap: Tapped on element 'Object Repository/Sidebar Menu/Produk/Stock View/List Produk - Elemen 1'

2018-07-16 15:17:05 - [MESSAGE][PASSED] - Tapped on element 'Object Repository/Sidebar Menu/Produk/Stock View/List Produk - Elemen 1'

2018-07-16 15:17:05 - [TEST_STEP][PASSED] - delay: Delayed 15 second(s)

2018-07-16 15:17:20 - [MESSAGE][PASSED] - Delayed 15 second(s)]]></system-out>
         <system-err><![CDATA[]]></system-err>
      </testcase>
      <testcase name="Test Cases/Story 27 N 46 - Detail Product N Edit Barang/27 N 46 - TC 2" classname="Test Cases/Story 27 N 46 - Detail Product N Edit Barang/27 N 46 - TC 2" status="PASSED">
         <system-out><![CDATA[2018-07-16 15:17:20 - [TEST_CASE][PASSED] - Test Cases/Story 27 N 46 - Detail Product N Edit Barang/27 N 46 - TC 2: Test Cases/Story 27 N 46 - Detail Product N Edit Barang/27 N 46 - TC 2

2018-07-16 15:17:21 - [TEST_STEP][PASSED] - comment: Check Back button

2018-07-16 15:17:21 - [TEST_STEP][PASSED] - pressBack: Press back button successfully

2018-07-16 15:17:22 - [MESSAGE][PASSED] - Press back button successfully

2018-07-16 15:17:22 - [TEST_STEP][PASSED] - waitForElementPresent: Element 'Object Repository/Sidebar Menu/Produk/Stock View/List Produk - Elemen 1' is present

2018-07-16 15:17:25 - [MESSAGE][PASSED] - Element 'Object Repository/Sidebar Menu/Produk/Stock View/List Produk - Elemen 1' is present

2018-07-16 15:17:25 - [TEST_STEP][PASSED] - verifyElementAttributeValue: Object 'Object Repository/Sidebar Menu/Produk/Stock View/List Produk - Elemen 1' has attribute 'content-desc' with value 'productListComponent_listItem_0'

2018-07-16 15:17:33 - [MESSAGE][PASSED] - Object 'Object Repository/Sidebar Menu/Produk/Stock View/List Produk - Elemen 1' has attribute 'content-desc' with value 'productListComponent_listItem_0'

2018-07-16 15:17:33 - [TEST_STEP][PASSED] - tap: Tapped on element 'Object Repository/Sidebar Menu/Produk/Stock View/List Produk - Elemen 1'

2018-07-16 15:17:37 - [MESSAGE][PASSED] - Tapped on element 'Object Repository/Sidebar Menu/Produk/Stock View/List Produk - Elemen 1'

2018-07-16 15:17:37 - [TEST_STEP][PASSED] - delay: Delayed 5 second(s)

2018-07-16 15:17:42 - [MESSAGE][PASSED] - Delayed 5 second(s)]]></system-out>
         <system-err><![CDATA[]]></system-err>
      </testcase>
      <testcase name="Test Cases/Story 27 N 46 - Detail Product N Edit Barang/27 N 46 - TC 3" classname="Test Cases/Story 27 N 46 - Detail Product N Edit Barang/27 N 46 - TC 3" status="PASSED">
         <system-out><![CDATA[2018-07-16 15:17:42 - [TEST_CASE][PASSED] - Test Cases/Story 27 N 46 - Detail Product N Edit Barang/27 N 46 - TC 3: Test Cases/Story 27 N 46 - Detail Product N Edit Barang/27 N 46 - TC 3

2018-07-16 15:17:42 - [TEST_STEP][PASSED] - comment: Ubah Button

2018-07-16 15:17:42 - [TEST_STEP][PASSED] - waitForElementPresent: Element 'Object Repository/Sidebar Menu/Produk/Detail Barang/Ubah Info - Button' is present

2018-07-16 15:17:45 - [MESSAGE][PASSED] - Element 'Object Repository/Sidebar Menu/Produk/Detail Barang/Ubah Info - Button' is present

2018-07-16 15:17:45 - [TEST_STEP][PASSED] - verifyElementAttributeValue: Object 'Object Repository/Sidebar Menu/Produk/Detail Barang/Ubah Info - Button' has attribute 'content-desc' with value 'ubahinfoButton'

2018-07-16 15:17:53 - [MESSAGE][PASSED] - Object 'Object Repository/Sidebar Menu/Produk/Detail Barang/Ubah Info - Button' has attribute 'content-desc' with value 'ubahinfoButton'

2018-07-16 15:17:53 - [TEST_STEP][PASSED] - tap: Tapped on element 'Object Repository/Sidebar Menu/Produk/Detail Barang/Ubah Info - Button'

2018-07-16 15:18:02 - [MESSAGE][PASSED] - Tapped on element 'Object Repository/Sidebar Menu/Produk/Detail Barang/Ubah Info - Button'

2018-07-16 15:18:02 - [TEST_STEP][PASSED] - delay: Delayed 5 second(s)

2018-07-16 15:18:07 - [MESSAGE][PASSED] - Delayed 5 second(s)]]></system-out>
         <system-err><![CDATA[]]></system-err>
      </testcase>
      <testcase name="Test Cases/Story 27 N 46 - Detail Product N Edit Barang/27 N 46 - TC 4" classname="Test Cases/Story 27 N 46 - Detail Product N Edit Barang/27 N 46 - TC 4" status="PASSED">
         <system-out><![CDATA[2018-07-16 15:18:07 - [TEST_CASE][PASSED] - Test Cases/Story 27 N 46 - Detail Product N Edit Barang/27 N 46 - TC 4: Test Cases/Story 27 N 46 - Detail Product N Edit Barang/27 N 46 - TC 4

2018-07-16 15:18:07 - [TEST_STEP][PASSED] - comment: Edit Stock by Increase or decrease product

2018-07-16 15:18:07 - [TEST_STEP][PASSED] - Statement - For (def index : (0..10)): Tapped on element 'Object Repository/Sidebar Menu/Produk/Tambah Barang/PlusTap - JumlaH Stock'

2018-07-16 15:18:07 - [TEST_STEP][PASSED] - waitForElementPresent: Element 'Object Repository/Sidebar Menu/Produk/Tambah Barang/PlusTap - JumlaH Stock' is present

2018-07-16 15:18:10 - [MESSAGE][PASSED] - Element 'Object Repository/Sidebar Menu/Produk/Tambah Barang/PlusTap - JumlaH Stock' is present

2018-07-16 15:18:10 - [TEST_STEP][PASSED] - verifyElementAttributeValue: Object 'Object Repository/Sidebar Menu/Produk/Tambah Barang/PlusTap - JumlaH Stock' has attribute 'content-desc' with value 'action_plus_anumberpicker'

2018-07-16 15:18:14 - [MESSAGE][PASSED] - Object 'Object Repository/Sidebar Menu/Produk/Tambah Barang/PlusTap - JumlaH Stock' has attribute 'content-desc' with value 'action_plus_anumberpicker'

2018-07-16 15:18:14 - [TEST_STEP][PASSED] - tap: Tapped on element 'Object Repository/Sidebar Menu/Produk/Tambah Barang/PlusTap - JumlaH Stock'

2018-07-16 15:18:22 - [MESSAGE][PASSED] - Tapped on element 'Object Repository/Sidebar Menu/Produk/Tambah Barang/PlusTap - JumlaH Stock'

2018-07-16 15:18:22 - [TEST_STEP][PASSED] - waitForElementPresent: Element 'Object Repository/Sidebar Menu/Produk/Tambah Barang/PlusTap - JumlaH Stock' is present

2018-07-16 15:18:26 - [MESSAGE][PASSED] - Element 'Object Repository/Sidebar Menu/Produk/Tambah Barang/PlusTap - JumlaH Stock' is present

2018-07-16 15:18:26 - [TEST_STEP][PASSED] - verifyElementAttributeValue: Object 'Object Repository/Sidebar Menu/Produk/Tambah Barang/PlusTap - JumlaH Stock' has attribute 'content-desc' with value 'action_plus_anumberpicker'

2018-07-16 15:18:30 - [MESSAGE][PASSED] - Object 'Object Repository/Sidebar Menu/Produk/Tambah Barang/PlusTap - JumlaH Stock' has attribute 'content-desc' with value 'action_plus_anumberpicker'

2018-07-16 15:18:30 - [TEST_STEP][PASSED] - tap: Tapped on element 'Object Repository/Sidebar Menu/Produk/Tambah Barang/PlusTap - JumlaH Stock'

2018-07-16 15:18:38 - [MESSAGE][PASSED] - Tapped on element 'Object Repository/Sidebar Menu/Produk/Tambah Barang/PlusTap - JumlaH Stock'

2018-07-16 15:18:38 - [TEST_STEP][PASSED] - waitForElementPresent: Element 'Object Repository/Sidebar Menu/Produk/Tambah Barang/PlusTap - JumlaH Stock' is present

2018-07-16 15:18:42 - [MESSAGE][PASSED] - Element 'Object Repository/Sidebar Menu/Produk/Tambah Barang/PlusTap - JumlaH Stock' is present

2018-07-16 15:18:42 - [TEST_STEP][PASSED] - verifyElementAttributeValue: Object 'Object Repository/Sidebar Menu/Produk/Tambah Barang/PlusTap - JumlaH Stock' has attribute 'content-desc' with value 'action_plus_anumberpicker'

2018-07-16 15:18:49 - [MESSAGE][PASSED] - Object 'Object Repository/Sidebar Menu/Produk/Tambah Barang/PlusTap - JumlaH Stock' has attribute 'content-desc' with value 'action_plus_anumberpicker'

2018-07-16 15:18:49 - [TEST_STEP][PASSED] - tap: Tapped on element 'Object Repository/Sidebar Menu/Produk/Tambah Barang/PlusTap - JumlaH Stock'

2018-07-16 15:18:55 - [MESSAGE][PASSED] - Tapped on element 'Object Repository/Sidebar Menu/Produk/Tambah Barang/PlusTap - JumlaH Stock'

2018-07-16 15:18:55 - [TEST_STEP][PASSED] - waitForElementPresent: Element 'Object Repository/Sidebar Menu/Produk/Tambah Barang/PlusTap - JumlaH Stock' is present

2018-07-16 15:18:58 - [MESSAGE][PASSED] - Element 'Object Repository/Sidebar Menu/Produk/Tambah Barang/PlusTap - JumlaH Stock' is present

2018-07-16 15:18:58 - [TEST_STEP][PASSED] - verifyElementAttributeValue: Object 'Object Repository/Sidebar Menu/Produk/Tambah Barang/PlusTap - JumlaH Stock' has attribute 'content-desc' with value 'action_plus_anumberpicker'

2018-07-16 15:19:02 - [MESSAGE][PASSED] - Object 'Object Repository/Sidebar Menu/Produk/Tambah Barang/PlusTap - JumlaH Stock' has attribute 'content-desc' with value 'action_plus_anumberpicker'

2018-07-16 15:19:02 - [TEST_STEP][PASSED] - tap: Tapped on element 'Object Repository/Sidebar Menu/Produk/Tambah Barang/PlusTap - JumlaH Stock'

2018-07-16 15:19:08 - [MESSAGE][PASSED] - Tapped on element 'Object Repository/Sidebar Menu/Produk/Tambah Barang/PlusTap - JumlaH Stock'

2018-07-16 15:19:08 - [TEST_STEP][PASSED] - waitForElementPresent: Element 'Object Repository/Sidebar Menu/Produk/Tambah Barang/PlusTap - JumlaH Stock' is present

2018-07-16 15:19:10 - [MESSAGE][PASSED] - Element 'Object Repository/Sidebar Menu/Produk/Tambah Barang/PlusTap - JumlaH Stock' is present

2018-07-16 15:19:10 - [TEST_STEP][PASSED] - verifyElementAttributeValue: Object 'Object Repository/Sidebar Menu/Produk/Tambah Barang/PlusTap - JumlaH Stock' has attribute 'content-desc' with value 'action_plus_anumberpicker'

2018-07-16 15:19:15 - [MESSAGE][PASSED] - Object 'Object Repository/Sidebar Menu/Produk/Tambah Barang/PlusTap - JumlaH Stock' has attribute 'content-desc' with value 'action_plus_anumberpicker'

2018-07-16 15:19:15 - [TEST_STEP][PASSED] - tap: Tapped on element 'Object Repository/Sidebar Menu/Produk/Tambah Barang/PlusTap - JumlaH Stock'

2018-07-16 15:19:23 - [MESSAGE][PASSED] - Tapped on element 'Object Repository/Sidebar Menu/Produk/Tambah Barang/PlusTap - JumlaH Stock'

2018-07-16 15:19:23 - [TEST_STEP][PASSED] - waitForElementPresent: Element 'Object Repository/Sidebar Menu/Produk/Tambah Barang/PlusTap - JumlaH Stock' is present

2018-07-16 15:19:30 - [MESSAGE][PASSED] - Element 'Object Repository/Sidebar Menu/Produk/Tambah Barang/PlusTap - JumlaH Stock' is present

2018-07-16 15:19:30 - [TEST_STEP][PASSED] - verifyElementAttributeValue: Object 'Object Repository/Sidebar Menu/Produk/Tambah Barang/PlusTap - JumlaH Stock' has attribute 'content-desc' with value 'action_plus_anumberpicker'

2018-07-16 15:19:34 - [MESSAGE][PASSED] - Object 'Object Repository/Sidebar Menu/Produk/Tambah Barang/PlusTap - JumlaH Stock' has attribute 'content-desc' with value 'action_plus_anumberpicker'

2018-07-16 15:19:34 - [TEST_STEP][PASSED] - tap: Tapped on element 'Object Repository/Sidebar Menu/Produk/Tambah Barang/PlusTap - JumlaH Stock'

2018-07-16 15:19:39 - [MESSAGE][PASSED] - Tapped on element 'Object Repository/Sidebar Menu/Produk/Tambah Barang/PlusTap - JumlaH Stock'

2018-07-16 15:19:39 - [TEST_STEP][PASSED] - waitForElementPresent: Element 'Object Repository/Sidebar Menu/Produk/Tambah Barang/PlusTap - JumlaH Stock' is present

2018-07-16 15:19:42 - [MESSAGE][PASSED] - Element 'Object Repository/Sidebar Menu/Produk/Tambah Barang/PlusTap - JumlaH Stock' is present

2018-07-16 15:19:42 - [TEST_STEP][PASSED] - verifyElementAttributeValue: Object 'Object Repository/Sidebar Menu/Produk/Tambah Barang/PlusTap - JumlaH Stock' has attribute 'content-desc' with value 'action_plus_anumberpicker'

2018-07-16 15:19:46 - [MESSAGE][PASSED] - Object 'Object Repository/Sidebar Menu/Produk/Tambah Barang/PlusTap - JumlaH Stock' has attribute 'content-desc' with value 'action_plus_anumberpicker'

2018-07-16 15:19:46 - [TEST_STEP][PASSED] - tap: Tapped on element 'Object Repository/Sidebar Menu/Produk/Tambah Barang/PlusTap - JumlaH Stock'

2018-07-16 15:19:51 - [MESSAGE][PASSED] - Tapped on element 'Object Repository/Sidebar Menu/Produk/Tambah Barang/PlusTap - JumlaH Stock'

2018-07-16 15:19:51 - [TEST_STEP][PASSED] - waitForElementPresent: Element 'Object Repository/Sidebar Menu/Produk/Tambah Barang/PlusTap - JumlaH Stock' is present

2018-07-16 15:19:54 - [MESSAGE][PASSED] - Element 'Object Repository/Sidebar Menu/Produk/Tambah Barang/PlusTap - JumlaH Stock' is present

2018-07-16 15:19:54 - [TEST_STEP][PASSED] - verifyElementAttributeValue: Object 'Object Repository/Sidebar Menu/Produk/Tambah Barang/PlusTap - JumlaH Stock' has attribute 'content-desc' with value 'action_plus_anumberpicker'

2018-07-16 15:19:58 - [MESSAGE][PASSED] - Object 'Object Repository/Sidebar Menu/Produk/Tambah Barang/PlusTap - JumlaH Stock' has attribute 'content-desc' with value 'action_plus_anumberpicker'

2018-07-16 15:19:58 - [TEST_STEP][PASSED] - tap: Tapped on element 'Object Repository/Sidebar Menu/Produk/Tambah Barang/PlusTap - JumlaH Stock'

2018-07-16 15:20:03 - [MESSAGE][PASSED] - Tapped on element 'Object Repository/Sidebar Menu/Produk/Tambah Barang/PlusTap - JumlaH Stock'

2018-07-16 15:20:03 - [TEST_STEP][PASSED] - waitForElementPresent: Element 'Object Repository/Sidebar Menu/Produk/Tambah Barang/PlusTap - JumlaH Stock' is present

2018-07-16 15:20:06 - [MESSAGE][PASSED] - Element 'Object Repository/Sidebar Menu/Produk/Tambah Barang/PlusTap - JumlaH Stock' is present

2018-07-16 15:20:06 - [TEST_STEP][PASSED] - verifyElementAttributeValue: Object 'Object Repository/Sidebar Menu/Produk/Tambah Barang/PlusTap - JumlaH Stock' has attribute 'content-desc' with value 'action_plus_anumberpicker'

2018-07-16 15:20:10 - [MESSAGE][PASSED] - Object 'Object Repository/Sidebar Menu/Produk/Tambah Barang/PlusTap - JumlaH Stock' has attribute 'content-desc' with value 'action_plus_anumberpicker'

2018-07-16 15:20:10 - [TEST_STEP][PASSED] - tap: Tapped on element 'Object Repository/Sidebar Menu/Produk/Tambah Barang/PlusTap - JumlaH Stock'

2018-07-16 15:20:15 - [MESSAGE][PASSED] - Tapped on element 'Object Repository/Sidebar Menu/Produk/Tambah Barang/PlusTap - JumlaH Stock'

2018-07-16 15:20:15 - [TEST_STEP][PASSED] - waitForElementPresent: Element 'Object Repository/Sidebar Menu/Produk/Tambah Barang/PlusTap - JumlaH Stock' is present

2018-07-16 15:20:19 - [MESSAGE][PASSED] - Element 'Object Repository/Sidebar Menu/Produk/Tambah Barang/PlusTap - JumlaH Stock' is present

2018-07-16 15:20:19 - [TEST_STEP][PASSED] - verifyElementAttributeValue: Object 'Object Repository/Sidebar Menu/Produk/Tambah Barang/PlusTap - JumlaH Stock' has attribute 'content-desc' with value 'action_plus_anumberpicker'

2018-07-16 15:20:22 - [MESSAGE][PASSED] - Object 'Object Repository/Sidebar Menu/Produk/Tambah Barang/PlusTap - JumlaH Stock' has attribute 'content-desc' with value 'action_plus_anumberpicker'

2018-07-16 15:20:22 - [TEST_STEP][PASSED] - tap: Tapped on element 'Object Repository/Sidebar Menu/Produk/Tambah Barang/PlusTap - JumlaH Stock'

2018-07-16 15:20:31 - [MESSAGE][PASSED] - Tapped on element 'Object Repository/Sidebar Menu/Produk/Tambah Barang/PlusTap - JumlaH Stock'

2018-07-16 15:20:31 - [TEST_STEP][PASSED] - waitForElementPresent: Element 'Object Repository/Sidebar Menu/Produk/Tambah Barang/PlusTap - JumlaH Stock' is present

2018-07-16 15:20:35 - [MESSAGE][PASSED] - Element 'Object Repository/Sidebar Menu/Produk/Tambah Barang/PlusTap - JumlaH Stock' is present

2018-07-16 15:20:35 - [TEST_STEP][PASSED] - verifyElementAttributeValue: Object 'Object Repository/Sidebar Menu/Produk/Tambah Barang/PlusTap - JumlaH Stock' has attribute 'content-desc' with value 'action_plus_anumberpicker'

2018-07-16 15:20:42 - [MESSAGE][PASSED] - Object 'Object Repository/Sidebar Menu/Produk/Tambah Barang/PlusTap - JumlaH Stock' has attribute 'content-desc' with value 'action_plus_anumberpicker'

2018-07-16 15:20:42 - [TEST_STEP][PASSED] - tap: Tapped on element 'Object Repository/Sidebar Menu/Produk/Tambah Barang/PlusTap - JumlaH Stock'

2018-07-16 15:20:48 - [MESSAGE][PASSED] - Tapped on element 'Object Repository/Sidebar Menu/Produk/Tambah Barang/PlusTap - JumlaH Stock'

2018-07-16 15:20:48 - [TEST_STEP][PASSED] - Statement - For (def index : (0..2)): Tapped on element 'Object Repository/Sidebar Menu/Produk/Tambah Barang/Minus Tap - Jumlah Stock'

2018-07-16 15:20:48 - [TEST_STEP][PASSED] - waitForElementPresent: Element 'Object Repository/Sidebar Menu/Produk/Tambah Barang/Minus Tap - Jumlah Stock' is present

2018-07-16 15:20:51 - [MESSAGE][PASSED] - Element 'Object Repository/Sidebar Menu/Produk/Tambah Barang/Minus Tap - Jumlah Stock' is present

2018-07-16 15:20:51 - [TEST_STEP][PASSED] - verifyElementAttributeValue: Object 'Object Repository/Sidebar Menu/Produk/Tambah Barang/Minus Tap - Jumlah Stock' has attribute 'content-desc' with value 'action_minus_anumberpicker'

2018-07-16 15:20:55 - [MESSAGE][PASSED] - Object 'Object Repository/Sidebar Menu/Produk/Tambah Barang/Minus Tap - Jumlah Stock' has attribute 'content-desc' with value 'action_minus_anumberpicker'

2018-07-16 15:20:55 - [TEST_STEP][PASSED] - tap: Tapped on element 'Object Repository/Sidebar Menu/Produk/Tambah Barang/Minus Tap - Jumlah Stock'

2018-07-16 15:21:01 - [MESSAGE][PASSED] - Tapped on element 'Object Repository/Sidebar Menu/Produk/Tambah Barang/Minus Tap - Jumlah Stock'

2018-07-16 15:21:01 - [TEST_STEP][PASSED] - waitForElementPresent: Element 'Object Repository/Sidebar Menu/Produk/Tambah Barang/Minus Tap - Jumlah Stock' is present

2018-07-16 15:21:03 - [MESSAGE][PASSED] - Element 'Object Repository/Sidebar Menu/Produk/Tambah Barang/Minus Tap - Jumlah Stock' is present

2018-07-16 15:21:03 - [TEST_STEP][PASSED] - verifyElementAttributeValue: Object 'Object Repository/Sidebar Menu/Produk/Tambah Barang/Minus Tap - Jumlah Stock' has attribute 'content-desc' with value 'action_minus_anumberpicker'

2018-07-16 15:21:10 - [MESSAGE][PASSED] - Object 'Object Repository/Sidebar Menu/Produk/Tambah Barang/Minus Tap - Jumlah Stock' has attribute 'content-desc' with value 'action_minus_anumberpicker'

2018-07-16 15:21:10 - [TEST_STEP][PASSED] - tap: Tapped on element 'Object Repository/Sidebar Menu/Produk/Tambah Barang/Minus Tap - Jumlah Stock'

2018-07-16 15:21:16 - [MESSAGE][PASSED] - Tapped on element 'Object Repository/Sidebar Menu/Produk/Tambah Barang/Minus Tap - Jumlah Stock'

2018-07-16 15:21:16 - [TEST_STEP][PASSED] - waitForElementPresent: Element 'Object Repository/Sidebar Menu/Produk/Tambah Barang/Minus Tap - Jumlah Stock' is present

2018-07-16 15:21:19 - [MESSAGE][PASSED] - Element 'Object Repository/Sidebar Menu/Produk/Tambah Barang/Minus Tap - Jumlah Stock' is present

2018-07-16 15:21:19 - [TEST_STEP][PASSED] - verifyElementAttributeValue: Object 'Object Repository/Sidebar Menu/Produk/Tambah Barang/Minus Tap - Jumlah Stock' has attribute 'content-desc' with value 'action_minus_anumberpicker'

2018-07-16 15:21:23 - [MESSAGE][PASSED] - Object 'Object Repository/Sidebar Menu/Produk/Tambah Barang/Minus Tap - Jumlah Stock' has attribute 'content-desc' with value 'action_minus_anumberpicker'

2018-07-16 15:21:23 - [TEST_STEP][PASSED] - tap: Tapped on element 'Object Repository/Sidebar Menu/Produk/Tambah Barang/Minus Tap - Jumlah Stock'

2018-07-16 15:21:28 - [MESSAGE][PASSED] - Tapped on element 'Object Repository/Sidebar Menu/Produk/Tambah Barang/Minus Tap - Jumlah Stock'

2018-07-16 15:21:28 - [TEST_STEP][PASSED] - delay: Delayed 5 second(s)

2018-07-16 15:21:33 - [MESSAGE][PASSED] - Delayed 5 second(s)]]></system-out>
         <system-err><![CDATA[]]></system-err>
      </testcase>
      <testcase name="Test Cases/Story 27 N 46 - Detail Product N Edit Barang/27 N 46 - TC 5" classname="Test Cases/Story 27 N 46 - Detail Product N Edit Barang/27 N 46 - TC 5" status="PASSED">
         <system-out><![CDATA[2018-07-16 15:21:33 - [TEST_CASE][PASSED] - Test Cases/Story 27 N 46 - Detail Product N Edit Barang/27 N 46 - TC 5: Test Cases/Story 27 N 46 - Detail Product N Edit Barang/27 N 46 - TC 5

2018-07-16 15:21:33 - [TEST_STEP][PASSED] - comment: Edit Produk with jumlah stok = 0 until success and see warning in list produk

2018-07-16 15:21:33 - [TEST_STEP][PASSED] - waitForElementPresent: Element 'Object Repository/Sidebar Menu/Produk/Tambah Barang/Jumlah Stock - by typing' is present

2018-07-16 15:21:36 - [MESSAGE][PASSED] - Element 'Object Repository/Sidebar Menu/Produk/Tambah Barang/Jumlah Stock - by typing' is present

2018-07-16 15:21:36 - [TEST_STEP][PASSED] - verifyElementAttributeValue: Object 'Object Repository/Sidebar Menu/Produk/Tambah Barang/Jumlah Stock - by typing' has attribute 'content-desc' with value 'input_anumberpicker'

2018-07-16 15:21:42 - [MESSAGE][PASSED] - Object 'Object Repository/Sidebar Menu/Produk/Tambah Barang/Jumlah Stock - by typing' has attribute 'content-desc' with value 'input_anumberpicker'

2018-07-16 15:21:42 - [TEST_STEP][PASSED] - clearText: Element 'Object Repository/Sidebar Menu/Produk/Tambah Barang/Jumlah Stock - by typing' text is cleared

2018-07-16 15:21:48 - [MESSAGE][PASSED] - Element 'Object Repository/Sidebar Menu/Produk/Tambah Barang/Jumlah Stock - by typing' text is cleared

2018-07-16 15:21:48 - [TEST_STEP][PASSED] - setText: Text '0' has been set to element 'Object Repository/Sidebar Menu/Produk/Tambah Barang/Jumlah Stock - by typing'

2018-07-16 15:22:09 - [MESSAGE][PASSED] - Text '0' has been set to element 'Object Repository/Sidebar Menu/Produk/Tambah Barang/Jumlah Stock - by typing'

2018-07-16 15:22:09 - [TEST_STEP][PASSED] - hideKeyboard: Keyboard is hidden

2018-07-16 15:22:10 - [MESSAGE][PASSED] - Keyboard is hidden

2018-07-16 15:22:11 - [TEST_STEP][PASSED] - verifyElementAttributeValue: Object 'Object Repository/Sidebar Menu/Produk/Tambah Barang/Jumlah Stock - by typing' has attribute 'text' with value '0'

2018-07-16 15:22:14 - [MESSAGE][PASSED] - Object 'Object Repository/Sidebar Menu/Produk/Tambah Barang/Jumlah Stock - by typing' has attribute 'text' with value '0'

2018-07-16 15:22:14 - [TEST_STEP][PASSED] - waitForElementPresent: Element 'Object Repository/Sidebar Menu/Produk/Tambah Barang/Simpan Button' is present

2018-07-16 15:22:18 - [MESSAGE][PASSED] - Element 'Object Repository/Sidebar Menu/Produk/Tambah Barang/Simpan Button' is present

2018-07-16 15:22:18 - [TEST_STEP][PASSED] - verifyElementAttributeValue: Object 'Object Repository/Sidebar Menu/Produk/Tambah Barang/Simpan Button' has attribute 'content-desc' with value 'productSubmitBtn'

2018-07-16 15:22:18 - [MESSAGE][WARNING] - Timeout '0' is invalid. Using default page load timeout: '30'

2018-07-16 15:22:24 - [MESSAGE][PASSED] - Object 'Object Repository/Sidebar Menu/Produk/Tambah Barang/Simpan Button' has attribute 'content-desc' with value 'productSubmitBtn'

2018-07-16 15:22:24 - [TEST_STEP][PASSED] - tap: Tapped on element 'Object Repository/Sidebar Menu/Produk/Tambah Barang/Simpan Button'

2018-07-16 15:22:28 - [MESSAGE][PASSED] - Tapped on element 'Object Repository/Sidebar Menu/Produk/Tambah Barang/Simpan Button'

2018-07-16 15:22:28 - [TEST_STEP][PASSED] - waitForElementPresent: Element 'Object Repository/Sidebar Menu/Produk/Detail Barang/Ubah Info - Button' is present

2018-07-16 15:22:38 - [MESSAGE][PASSED] - Element 'Object Repository/Sidebar Menu/Produk/Detail Barang/Ubah Info - Button' is present

2018-07-16 15:22:38 - [TEST_STEP][PASSED] - verifyElementAttributeValue: Object 'Object Repository/Sidebar Menu/Produk/Detail Barang/Ubah Info - Button' has attribute 'content-desc' with value 'ubahinfoButton'

2018-07-16 15:22:47 - [MESSAGE][PASSED] - Object 'Object Repository/Sidebar Menu/Produk/Detail Barang/Ubah Info - Button' has attribute 'content-desc' with value 'ubahinfoButton'

2018-07-16 15:22:47 - [TEST_STEP][PASSED] - tap: Tapped on element 'Object Repository/Sidebar Menu/Produk/Detail Barang/Ubah Info - Button'

2018-07-16 15:22:56 - [MESSAGE][PASSED] - Tapped on element 'Object Repository/Sidebar Menu/Produk/Detail Barang/Ubah Info - Button'

2018-07-16 15:22:56 - [TEST_STEP][PASSED] - delay: Delayed 5 second(s)

2018-07-16 15:23:01 - [MESSAGE][PASSED] - Delayed 5 second(s)

2018-07-16 15:23:01 - [TEST_STEP][NOT_RUN] - comment: NOT_RUN: comment

2018-07-16 15:23:01 - [MESSAGE][NOT_RUN] - NOT_RUN: comment

2018-07-16 15:23:01 - [TEST_STEP][NOT_RUN] - delay: NOT_RUN: delay

2018-07-16 15:23:01 - [MESSAGE][NOT_RUN] - NOT_RUN: delay

2018-07-16 15:23:01 - [TEST_STEP][NOT_RUN] - Statement - Alert = com.kms.katalon.core.mobile.keyword.MobileBuiltInKeywords.getText(com.kms.katalon.core.testobject.ObjectRepository.findTestObject(Sidebar Menu/Produk/Tambah Barang/Alert - Stok Habis), G_ShortTimeOut): NOT_RUN: Statement - Alert = com.kms.katalon.core.mobile.keyword.MobileBuiltInKeywords.getText(com.kms.katalon.core.testobject.ObjectRepository.findTestObject(Sidebar Menu/Produk/Tambah Barang/Alert - Stok Habis), G_ShortTimeOut)

2018-07-16 15:23:01 - [MESSAGE][NOT_RUN] - NOT_RUN: Statement - Alert = com.kms.katalon.core.mobile.keyword.MobileBuiltInKeywords.getText(com.kms.katalon.core.testobject.ObjectRepository.findTestObject(Sidebar Menu/Produk/Tambah Barang/Alert - Stok Habis), G_ShortTimeOut)

2018-07-16 15:23:01 - [TEST_STEP][NOT_RUN] - verifyEqual: NOT_RUN: verifyEqual

2018-07-16 15:23:01 - [MESSAGE][NOT_RUN] - NOT_RUN: verifyEqual]]></system-out>
         <system-err><![CDATA[]]></system-err>
      </testcase>
      <system-out><![CDATA[2018-07-16 15:12:00 - [TEST_SUITE][PASSED] - Story 27 N 46 - Detail Produk N Change Produk: Test Cases/Story 27 N 46 - Detail Product N Edit Barang/27 N 46 - TC 5]]></system-out>
      <system-err><![CDATA[]]></system-err>
   </testsuite>
</testsuites>
