<?xml version="1.0" encoding="UTF-8"?>
<testsuites name="Sprint 2" time="363" tests="1" failures="1" errors="0">
   <testsuite name="Sprint 2" tests="1" failures="1" errors="0" time="363" timestamp="2018-01-18 15:50:52" hostname="AV2017005903 - NB17Q7U8IT.corp.bankbtpn.co.id" id="Test Suites/Sprint 2">
      <properties>
         <property name="deviceName" value="Xiaomi Redmi Note 3 5.0.2"/>
         <property name="devicePlatform" value=""/>
         <property name="logFolder" value="C:\\Users\\AV2017005903\\Documents\\Appolo Test\\Reports\\Sprint 2\\20180118_155050"/>
         <property name="logFiles" value="C:\\Users\\AV2017005903\\Documents\\Appolo Test\\Reports\\Sprint 2\\20180118_155050\\appium.log, C:\\Users\\AV2017005903\\Documents\\Appolo Test\\Reports\\Sprint 2\\20180118_155050\\execution0.log"/>
         <property name="attachments" value=""/>
         <property name="hostName" value="AV2017005903 - NB17Q7U8IT.corp.bankbtpn.co.id"/>
         <property name="os" value="Windows 10 64bit"/>
         <property name="katalonVersion" value="5.0.0.1"/>
         <property name="deviceOS" value="Android"/>
         <property name="appiumVersion" value="1.6.5"/>
         <property name="deviceModel" value="Redmi Note 3"/>
         <property name="hostAddress" value="192.168.120.203"/>
         <property name="deviceManufacturer" value="Xiaomi"/>
         <property name="deviceId" value="MVAQIBSCS8LN6TQW"/>
         <property name="deviceName" value="Xiaomi Redmi Note 3 5.0.2"/>
         <property name="deviceOSVersion" value="5.0.2"/>
      </properties>
      <testcase name="Test Cases/27 - TC - All" classname="Test Cases/27 - TC - All" status="PASSED">
         <system-out><![CDATA[2018-01-18 15:50:53 - [TEST_CASE][PASSED] - Test Cases/27 - TC - All: Test Cases/27 - TC - All

2018-01-18 15:50:53 - [TEST_STEP][PASSED] - comment: Start Story 27

2018-01-18 15:50:53 - [TEST_STEP][PASSED] - startApplication: Started app at: 'D:\Project Apollo\APK Appolo\Sprint 5 v-7.apk'

2018-01-18 15:52:09 - [MESSAGE][PASSED] - Started app at: 'D:\Project Apollo\APK Appolo\Sprint 5 v-7.apk'

2018-01-18 15:52:09 - [TEST_STEP][PASSED] - tap: Tapped on element 'Object Repository/Login/Nomor HP  Nama Pengguna - Text Box'

2018-01-18 15:52:10 - [MESSAGE][PASSED] - Tapped on element 'Object Repository/Login/Nomor HP  Nama Pengguna - Text Box'

2018-01-18 15:52:10 - [TEST_STEP][PASSED] - setText: Text 'y' has been set to element 'Object Repository/Login/Nomor HP  Nama Pengguna - Text Box'

2018-01-18 15:52:21 - [MESSAGE][PASSED] - Text 'y' has been set to element 'Object Repository/Login/Nomor HP  Nama Pengguna - Text Box'

2018-01-18 15:52:21 - [TEST_STEP][PASSED] - hideKeyboard: Keyboard is hidden

2018-01-18 15:52:28 - [MESSAGE][PASSED] - Keyboard is hidden

2018-01-18 15:52:30 - [TEST_STEP][PASSED] - tap: Tapped on element 'Object Repository/Login/Button Masuk'

2018-01-18 15:52:30 - [MESSAGE][PASSED] - Tapped on element 'Object Repository/Login/Button Masuk'

2018-01-18 15:52:30 - [TEST_STEP][PASSED] - waitForElementPresent: Object Object Repository/Login/Button Masuk not found

2018-01-18 15:52:33 - [MESSAGE][WARNING] - Object Object Repository/Login/Button Masuk not found

2018-01-18 15:52:33 - [TEST_STEP][PASSED] - tap: Tapped on element 'Object Repository/Login/Lupa Pin'

2018-01-18 15:52:33 - [MESSAGE][PASSED] - Tapped on element 'Object Repository/Login/Lupa Pin'

2018-01-18 15:52:33 - [TEST_STEP][PASSED] - tap: Tapped on element 'Object Repository/Sidebar Menu/Hamburger Button'

2018-01-18 15:52:35 - [MESSAGE][PASSED] - Tapped on element 'Object Repository/Sidebar Menu/Hamburger Button'

2018-01-18 15:52:35 - [TEST_STEP][PASSED] - tap: Tapped on element 'Object Repository/Sidebar Menu/Operasional/Operasional - Sidebar Menu'

2018-01-18 15:52:37 - [MESSAGE][PASSED] - Tapped on element 'Object Repository/Sidebar Menu/Operasional/Operasional - Sidebar Menu'

2018-01-18 15:52:37 - [TEST_STEP][PASSED] - tap: Tapped on element 'Object Repository/Sidebar Menu/Operasional/Stock/Stock View/Stok - Navbar Menu'

2018-01-18 15:52:40 - [MESSAGE][PASSED] - Tapped on element 'Object Repository/Sidebar Menu/Operasional/Stock/Stock View/Stok - Navbar Menu'

2018-01-18 15:52:40 - [TEST_STEP][PASSED] - Statement - For (def index : (0..5)): Swiped from 0,1,692 to 0,720

2018-01-18 15:52:40 - [TEST_STEP][PASSED] - swipe: Swiped from 0,1,692 to 0,720

2018-01-18 15:52:47 - [MESSAGE][PASSED] - Swiped from 0,1,692 to 0,720

2018-01-18 15:52:49 - [TEST_STEP][PASSED] - swipe: Swiped from 0,1,692 to 0,720

2018-01-18 15:52:54 - [MESSAGE][PASSED] - Swiped from 0,1,692 to 0,720

2018-01-18 15:52:56 - [TEST_STEP][PASSED] - swipe: Swiped from 0,1,692 to 0,720

2018-01-18 15:53:00 - [MESSAGE][PASSED] - Swiped from 0,1,692 to 0,720

2018-01-18 15:53:02 - [TEST_STEP][PASSED] - swipe: Swiped from 0,1,692 to 0,720

2018-01-18 15:53:07 - [MESSAGE][PASSED] - Swiped from 0,1,692 to 0,720

2018-01-18 15:53:09 - [TEST_STEP][PASSED] - swipe: Swiped from 0,1,692 to 0,720

2018-01-18 15:53:16 - [MESSAGE][PASSED] - Swiped from 0,1,692 to 0,720

2018-01-18 15:53:18 - [TEST_STEP][PASSED] - swipe: Swiped from 0,1,692 to 0,720

2018-01-18 15:53:23 - [MESSAGE][PASSED] - Swiped from 0,1,692 to 0,720

2018-01-18 15:53:25 - [TEST_STEP][PASSED] - tap: Tapped on element 'Object Repository/Sidebar Menu/Operasional/Stock/Detail Barang/List Produk - Elemen 42'

2018-01-18 15:53:27 - [MESSAGE][PASSED] - Tapped on element 'Object Repository/Sidebar Menu/Operasional/Stock/Detail Barang/List Produk - Elemen 42'

2018-01-18 15:53:27 - [TEST_STEP][PASSED] - swipe: Swiped from 48,1,728 to 48,888

2018-01-18 15:53:32 - [MESSAGE][PASSED] - Swiped from 48,1,728 to 48,888

2018-01-18 15:53:34 - [TEST_STEP][PASSED] - swipe: Swiped from 48,888 to 48,1,728

2018-01-18 15:53:38 - [MESSAGE][PASSED] - Swiped from 48,888 to 48,1,728

2018-01-18 15:53:43 - [TEST_STEP][PASSED] - delay: Delayed 5 second(s)

2018-01-18 15:53:48 - [MESSAGE][PASSED] - Delayed 5 second(s)

2018-01-18 15:53:48 - [TEST_STEP][PASSED] - tap: Tapped on element 'Object Repository/Sidebar Menu/Operasional/Stock/Detail Barang/INFO SUPPLIER'

2018-01-18 15:53:50 - [MESSAGE][PASSED] - Tapped on element 'Object Repository/Sidebar Menu/Operasional/Stock/Detail Barang/INFO SUPPLIER'

2018-01-18 15:53:50 - [TEST_STEP][PASSED] - tap: Tapped on element 'Object Repository/Sidebar Menu/Operasional/Stock/Detail Barang/INFO STOK'

2018-01-18 15:53:53 - [MESSAGE][PASSED] - Tapped on element 'Object Repository/Sidebar Menu/Operasional/Stock/Detail Barang/INFO STOK'

2018-01-18 15:53:53 - [TEST_STEP][PASSED] - swipe: Swiped from 48,1,728 to 48,888

2018-01-18 15:53:58 - [MESSAGE][PASSED] - Swiped from 48,1,728 to 48,888

2018-01-18 15:54:00 - [TEST_STEP][PASSED] - comment: End Story 27]]></system-out>
         <system-err><![CDATA[]]></system-err>
      </testcase>
      <testcase name="Test Cases/46 - TC - All" classname="Test Cases/46 - TC - All" status="FAILED">
         <failure type="FAILED" message="Failed to tap on element 'Object Repository/Sidebar Menu/Operasional/Stock/Detail Barang/Pengaturan Kategori' (Root cause: Object Object Repository/Sidebar Menu/Operasional/Stock/Detail Barang/Pengaturan Kategori not found)"/>
         <system-out><![CDATA[2018-01-18 15:54:01 - [TEST_CASE][FAILED] - Test Cases/46 - TC - All: Test Cases/46 - TC - All FAILED because (of) Failed to tap on element 'Object Repository/Sidebar Menu/Operasional/Stock/Detail Barang/Pengaturan Kategori' (Root cause: Object Object Repository/Sidebar Menu/Operasional/Stock/Detail Barang/Pengaturan Kategori not found)

2018-01-18 15:54:01 - [TEST_STEP][PASSED] - comment: Start Story 46

2018-01-18 15:54:01 - [TEST_STEP][PASSED] - tap: Tapped on element 'Object Repository/Sidebar Menu/Operasional/Stock/Detail Barang/Ubah Info - Button'

2018-01-18 15:54:03 - [MESSAGE][PASSED] - Tapped on element 'Object Repository/Sidebar Menu/Operasional/Stock/Detail Barang/Ubah Info - Button'

2018-01-18 15:54:03 - [TEST_STEP][PASSED] - Statement - For (def index : (0..5)): Tapped on element 'Object Repository/Sidebar Menu/Operasional/Stock/Tambah Barang/Minus Tap - Jumlah Stock'

2018-01-18 15:54:03 - [TEST_STEP][PASSED] - tap: Tapped on element 'Object Repository/Sidebar Menu/Operasional/Stock/Tambah Barang/Minus Tap - Jumlah Stock'

2018-01-18 15:54:07 - [MESSAGE][PASSED] - Tapped on element 'Object Repository/Sidebar Menu/Operasional/Stock/Tambah Barang/Minus Tap - Jumlah Stock'

2018-01-18 15:54:07 - [TEST_STEP][PASSED] - tap: Tapped on element 'Object Repository/Sidebar Menu/Operasional/Stock/Tambah Barang/Minus Tap - Jumlah Stock'

2018-01-18 15:54:09 - [MESSAGE][PASSED] - Tapped on element 'Object Repository/Sidebar Menu/Operasional/Stock/Tambah Barang/Minus Tap - Jumlah Stock'

2018-01-18 15:54:09 - [TEST_STEP][PASSED] - tap: Tapped on element 'Object Repository/Sidebar Menu/Operasional/Stock/Tambah Barang/Minus Tap - Jumlah Stock'

2018-01-18 15:54:12 - [MESSAGE][PASSED] - Tapped on element 'Object Repository/Sidebar Menu/Operasional/Stock/Tambah Barang/Minus Tap - Jumlah Stock'

2018-01-18 15:54:12 - [TEST_STEP][PASSED] - tap: Tapped on element 'Object Repository/Sidebar Menu/Operasional/Stock/Tambah Barang/Minus Tap - Jumlah Stock'

2018-01-18 15:54:14 - [MESSAGE][PASSED] - Tapped on element 'Object Repository/Sidebar Menu/Operasional/Stock/Tambah Barang/Minus Tap - Jumlah Stock'

2018-01-18 15:54:14 - [TEST_STEP][PASSED] - tap: Tapped on element 'Object Repository/Sidebar Menu/Operasional/Stock/Tambah Barang/Minus Tap - Jumlah Stock'

2018-01-18 15:54:17 - [MESSAGE][PASSED] - Tapped on element 'Object Repository/Sidebar Menu/Operasional/Stock/Tambah Barang/Minus Tap - Jumlah Stock'

2018-01-18 15:54:17 - [TEST_STEP][PASSED] - tap: Tapped on element 'Object Repository/Sidebar Menu/Operasional/Stock/Tambah Barang/Minus Tap - Jumlah Stock'

2018-01-18 15:54:19 - [MESSAGE][PASSED] - Tapped on element 'Object Repository/Sidebar Menu/Operasional/Stock/Tambah Barang/Minus Tap - Jumlah Stock'

2018-01-18 15:54:19 - [TEST_STEP][PASSED] - Statement - For (def index : (0..10)): Tapped on element 'Object Repository/Sidebar Menu/Operasional/Stock/Tambah Barang/PlusTap - JumlaH Stock'

2018-01-18 15:54:19 - [TEST_STEP][PASSED] - tap: Tapped on element 'Object Repository/Sidebar Menu/Operasional/Stock/Tambah Barang/PlusTap - JumlaH Stock'

2018-01-18 15:54:21 - [MESSAGE][PASSED] - Tapped on element 'Object Repository/Sidebar Menu/Operasional/Stock/Tambah Barang/PlusTap - JumlaH Stock'

2018-01-18 15:54:21 - [TEST_STEP][PASSED] - tap: Tapped on element 'Object Repository/Sidebar Menu/Operasional/Stock/Tambah Barang/PlusTap - JumlaH Stock'

2018-01-18 15:54:23 - [MESSAGE][PASSED] - Tapped on element 'Object Repository/Sidebar Menu/Operasional/Stock/Tambah Barang/PlusTap - JumlaH Stock'

2018-01-18 15:54:23 - [TEST_STEP][PASSED] - tap: Tapped on element 'Object Repository/Sidebar Menu/Operasional/Stock/Tambah Barang/PlusTap - JumlaH Stock'

2018-01-18 15:54:25 - [MESSAGE][PASSED] - Tapped on element 'Object Repository/Sidebar Menu/Operasional/Stock/Tambah Barang/PlusTap - JumlaH Stock'

2018-01-18 15:54:25 - [TEST_STEP][PASSED] - tap: Tapped on element 'Object Repository/Sidebar Menu/Operasional/Stock/Tambah Barang/PlusTap - JumlaH Stock'

2018-01-18 15:54:27 - [MESSAGE][PASSED] - Tapped on element 'Object Repository/Sidebar Menu/Operasional/Stock/Tambah Barang/PlusTap - JumlaH Stock'

2018-01-18 15:54:27 - [TEST_STEP][PASSED] - tap: Tapped on element 'Object Repository/Sidebar Menu/Operasional/Stock/Tambah Barang/PlusTap - JumlaH Stock'

2018-01-18 15:54:30 - [MESSAGE][PASSED] - Tapped on element 'Object Repository/Sidebar Menu/Operasional/Stock/Tambah Barang/PlusTap - JumlaH Stock'

2018-01-18 15:54:30 - [TEST_STEP][PASSED] - tap: Tapped on element 'Object Repository/Sidebar Menu/Operasional/Stock/Tambah Barang/PlusTap - JumlaH Stock'

2018-01-18 15:54:32 - [MESSAGE][PASSED] - Tapped on element 'Object Repository/Sidebar Menu/Operasional/Stock/Tambah Barang/PlusTap - JumlaH Stock'

2018-01-18 15:54:32 - [TEST_STEP][PASSED] - tap: Tapped on element 'Object Repository/Sidebar Menu/Operasional/Stock/Tambah Barang/PlusTap - JumlaH Stock'

2018-01-18 15:54:34 - [MESSAGE][PASSED] - Tapped on element 'Object Repository/Sidebar Menu/Operasional/Stock/Tambah Barang/PlusTap - JumlaH Stock'

2018-01-18 15:54:34 - [TEST_STEP][PASSED] - tap: Tapped on element 'Object Repository/Sidebar Menu/Operasional/Stock/Tambah Barang/PlusTap - JumlaH Stock'

2018-01-18 15:54:36 - [MESSAGE][PASSED] - Tapped on element 'Object Repository/Sidebar Menu/Operasional/Stock/Tambah Barang/PlusTap - JumlaH Stock'

2018-01-18 15:54:36 - [TEST_STEP][PASSED] - tap: Tapped on element 'Object Repository/Sidebar Menu/Operasional/Stock/Tambah Barang/PlusTap - JumlaH Stock'

2018-01-18 15:54:38 - [MESSAGE][PASSED] - Tapped on element 'Object Repository/Sidebar Menu/Operasional/Stock/Tambah Barang/PlusTap - JumlaH Stock'

2018-01-18 15:54:38 - [TEST_STEP][PASSED] - tap: Tapped on element 'Object Repository/Sidebar Menu/Operasional/Stock/Tambah Barang/PlusTap - JumlaH Stock'

2018-01-18 15:54:40 - [MESSAGE][PASSED] - Tapped on element 'Object Repository/Sidebar Menu/Operasional/Stock/Tambah Barang/PlusTap - JumlaH Stock'

2018-01-18 15:54:40 - [TEST_STEP][PASSED] - tap: Tapped on element 'Object Repository/Sidebar Menu/Operasional/Stock/Tambah Barang/PlusTap - JumlaH Stock'

2018-01-18 15:54:42 - [MESSAGE][PASSED] - Tapped on element 'Object Repository/Sidebar Menu/Operasional/Stock/Tambah Barang/PlusTap - JumlaH Stock'

2018-01-18 15:54:42 - [TEST_STEP][PASSED] - tap: Tapped on element 'Object Repository/Sidebar Menu/Operasional/Stock/Tambah Barang/Jumlah Stock - by typing'

2018-01-18 15:54:44 - [MESSAGE][PASSED] - Tapped on element 'Object Repository/Sidebar Menu/Operasional/Stock/Tambah Barang/Jumlah Stock - by typing'

2018-01-18 15:54:44 - [TEST_STEP][PASSED] - setText: Text '123' has been set to element 'Object Repository/Sidebar Menu/Operasional/Stock/Tambah Barang/Jumlah Stock - by typing'

2018-01-18 15:55:04 - [MESSAGE][PASSED] - Text '123' has been set to element 'Object Repository/Sidebar Menu/Operasional/Stock/Tambah Barang/Jumlah Stock - by typing'

2018-01-18 15:55:04 - [TEST_STEP][PASSED] - clearText: Element 'Object Repository/Sidebar Menu/Operasional/Stock/Tambah Barang/Jumlah Stock - by typing' text is cleared

2018-01-18 15:55:10 - [MESSAGE][PASSED] - Element 'Object Repository/Sidebar Menu/Operasional/Stock/Tambah Barang/Jumlah Stock - by typing' text is cleared

2018-01-18 15:55:10 - [TEST_STEP][PASSED] - setText: Text '10.6' has been set to element 'Object Repository/Sidebar Menu/Operasional/Stock/Tambah Barang/Jumlah Stock - by typing'

2018-01-18 15:55:35 - [MESSAGE][PASSED] - Text '10.6' has been set to element 'Object Repository/Sidebar Menu/Operasional/Stock/Tambah Barang/Jumlah Stock - by typing'

2018-01-18 15:55:35 - [TEST_STEP][PASSED] - hideKeyboard: Keyboard is hidden

2018-01-18 15:55:45 - [MESSAGE][PASSED] - Keyboard is hidden

2018-01-18 15:55:47 - [TEST_STEP][PASSED] - tap: Tapped on element 'Object Repository/Sidebar Menu/Operasional/Stock/Tambah Barang/SKU Produk - Text Box'

2018-01-18 15:55:51 - [MESSAGE][PASSED] - Tapped on element 'Object Repository/Sidebar Menu/Operasional/Stock/Tambah Barang/SKU Produk - Text Box'

2018-01-18 15:55:51 - [TEST_STEP][PASSED] - setText: Text '16091996' has been set to element 'Object Repository/Sidebar Menu/Operasional/Stock/Tambah Barang/SKU Produk - Text Box'

2018-01-18 15:56:06 - [MESSAGE][PASSED] - Text '16091996' has been set to element 'Object Repository/Sidebar Menu/Operasional/Stock/Tambah Barang/SKU Produk - Text Box'

2018-01-18 15:56:06 - [TEST_STEP][PASSED] - verifyElementText: Actual text and expected text of test object 'Object Repository/Sidebar Menu/Operasional/Stock/Tambah Barang/SKU Produk - Text Box' are matched.

2018-01-18 15:56:07 - [MESSAGE][PASSED] - Actual text and expected text of test object 'Object Repository/Sidebar Menu/Operasional/Stock/Tambah Barang/SKU Produk - Text Box' are matched.

2018-01-18 15:56:07 - [TEST_STEP][PASSED] - getText: Text of element 'Object Repository/Sidebar Menu/Operasional/Stock/Tambah Barang/SKU Produk - Text Box' is: '16091996'

2018-01-18 15:56:08 - [MESSAGE][PASSED] - Text of element 'Object Repository/Sidebar Menu/Operasional/Stock/Tambah Barang/SKU Produk - Text Box' is: '16091996'

2018-01-18 15:56:08 - [TEST_STEP][PASSED] - hideKeyboard: Keyboard is hidden

2018-01-18 15:56:17 - [MESSAGE][PASSED] - Keyboard is hidden

2018-01-18 15:56:19 - [TEST_STEP][PASSED] - pressBack: Press back button successfully

2018-01-18 15:56:26 - [MESSAGE][PASSED] - Press back button successfully

2018-01-18 15:56:26 - [TEST_STEP][PASSED] - tap: Tapped on element 'Object Repository/Sidebar Menu/Operasional/Stock/Detail Barang/Batal Button'

2018-01-18 15:56:27 - [MESSAGE][PASSED] - Tapped on element 'Object Repository/Sidebar Menu/Operasional/Stock/Detail Barang/Batal Button'

2018-01-18 15:56:27 - [TEST_STEP][PASSED] - comment: Gabungan buat Story 38

2018-01-18 15:56:27 - [TEST_STEP][PASSED] - tap: Tapped on element 'Object Repository/Sidebar Menu/Operasional/Stock/Tambah Barang/Pilih Kategori - SelectButton'

2018-01-18 15:56:30 - [MESSAGE][PASSED] - Tapped on element 'Object Repository/Sidebar Menu/Operasional/Stock/Tambah Barang/Pilih Kategori - SelectButton'

2018-01-18 15:56:30 - [TEST_STEP][PASSED] - swipe: Swiped from 0,1,698 to 0,228

2018-01-18 15:56:34 - [MESSAGE][PASSED] - Swiped from 0,1,698 to 0,228

2018-01-18 15:56:36 - [TEST_STEP][FAILED] - tap: Failed to tap on element 'Object Repository/Sidebar Menu/Operasional/Stock/Detail Barang/Pengaturan Kategori' (Root cause: Object Object Repository/Sidebar Menu/Operasional/Stock/Detail Barang/Pengaturan Kategori not found)

2018-01-18 15:56:42 - [MESSAGE][FAILED] - Object Object Repository/Sidebar Menu/Operasional/Stock/Detail Barang/Pengaturan Kategori not found

2018-01-18 15:56:42 - [MESSAGE][FAILED] - Failed to tap on element 'Object Repository/Sidebar Menu/Operasional/Stock/Detail Barang/Pengaturan Kategori' (Root cause: Object Object Repository/Sidebar Menu/Operasional/Stock/Detail Barang/Pengaturan Kategori not found)]]></system-out>
         <system-err><![CDATA[2018-01-18 15:54:01 - [TEST_CASE][FAILED] - Test Cases/46 - TC - All: Test Cases/46 - TC - All FAILED because (of) Failed to tap on element 'Object Repository/Sidebar Menu/Operasional/Stock/Detail Barang/Pengaturan Kategori' (Root cause: Object Object Repository/Sidebar Menu/Operasional/Stock/Detail Barang/Pengaturan Kategori not found)]]></system-err>
      </testcase>
      <system-out><![CDATA[2018-01-18 15:50:52 - [TEST_SUITE][FAILED] - Sprint 2: Test Cases/46 - TC - All FAILED because (of) Failed to tap on element 'Object Repository/Sidebar Menu/Operasional/Stock/Detail Barang/Pengaturan Kategori' (Root cause: Object Object Repository/Sidebar Menu/Operasional/Stock/Detail Barang/Pengaturan Kategori not found)]]></system-out>
      <system-err><![CDATA[2018-01-18 15:50:52 - [TEST_SUITE][FAILED] - Sprint 2: Test Cases/46 - TC - All FAILED because (of) Failed to tap on element 'Object Repository/Sidebar Menu/Operasional/Stock/Detail Barang/Pengaturan Kategori' (Root cause: Object Object Repository/Sidebar Menu/Operasional/Stock/Detail Barang/Pengaturan Kategori not found)]]></system-err>
   </testsuite>
</testsuites>
