<?xml version="1.0" encoding="UTF-8"?>
<testsuites name="Story 1770 - Additional Biaya Tambahan in shoopping cart" time="2203" tests="4" failures="4" errors="0">
   <testsuite name="Story 1770 - Additional Biaya Tambahan in shoopping cart" tests="4" failures="4" errors="0" time="2203" timestamp="2018-09-13 15:02:26" hostname="AV2017005903 - NBMP18A211ITSQA.corp.bankbtpn.co.id" id="Test Suites/Story 1770 - Additional Biaya Tambahan in shoopping cart">
      <properties>
         <property name="deviceName" value="OPPO A37f (Android 5.1.1)"/>
         <property name="devicePlatform" value=""/>
         <property name="logFolder" value="C:\\Users\\AV2017005903\\Documents\\apollo-automation\\Reports\\Story 1770 - Additional Biaya Tambahan in shoopping cart\\20180913_150223"/>
         <property name="logFiles" value="C:\\Users\\AV2017005903\\Documents\\apollo-automation\\Reports\\Story 1770 - Additional Biaya Tambahan in shoopping cart\\20180913_150223\\appium.log, C:\\Users\\AV2017005903\\Documents\\apollo-automation\\Reports\\Story 1770 - Additional Biaya Tambahan in shoopping cart\\20180913_150223\\execution0.log"/>
         <property name="attachments" value="C:\\Users\\AV2017005903\\Documents\\apollo-automation\\Reports\\Story 1770 - Additional Biaya Tambahan in shoopping cart\\20180913_150223\\1536827221513.png, C:\\Users\\AV2017005903\\Documents\\apollo-automation\\Reports\\Story 1770 - Additional Biaya Tambahan in shoopping cart\\20180913_150223\\1536827223439.png, C:\\Users\\AV2017005903\\Documents\\apollo-automation\\Reports\\Story 1770 - Additional Biaya Tambahan in shoopping cart\\20180913_150223\\1536827878180.png, C:\\Users\\AV2017005903\\Documents\\apollo-automation\\Reports\\Story 1770 - Additional Biaya Tambahan in shoopping cart\\20180913_150223\\1536827881036.png"/>
         <property name="hostName" value="AV2017005903 - NBMP18A211ITSQA.corp.bankbtpn.co.id"/>
         <property name="os" value="Windows 10 64bit"/>
         <property name="katalonVersion" value="5.6.0.1"/>
         <property name="deviceOS" value="Android"/>
         <property name="appiumVersion" value="1.8.1"/>
         <property name="deviceModel" value="A37f"/>
         <property name="hostAddress" value="192.168.62.1"/>
         <property name="deviceManufacturer" value="OPPO"/>
         <property name="deviceId" value="6e4df14"/>
         <property name="deviceName" value="OPPO A37f (Android 5.1.1)"/>
         <property name="deviceOSVersion" value="5.1.1"/>
      </properties>
      <testcase name="Test Cases/Release 3 - Squad Hades/Sprint 1/Story 1770 - Additional Biaya Tambahan in shoopping cart/TC 1 - View Biaya tambahan field and button in shopping cart" classname="Test Cases/Release 3 - Squad Hades/Sprint 1/Story 1770 - Additional Biaya Tambahan in shoopping cart/TC 1 - View Biaya tambahan field and button in shopping cart" status="PASSED">
         <system-out><![CDATA[2018-09-13 15:02:27 - [TEST_CASE][PASSED] - Test Cases/Release 3 - Squad Hades/Sprint 1/Story 1770 - Additional Biaya Tambahan in shoopping cart/TC 1 - View Biaya tambahan field and button in shopping cart: Test Cases/Release 3 - Squad Hades/Sprint 1/Story 1770 - Additional Biaya Tambahan in shoopping cart/TC 1 - View Biaya tambahan field and button in shopping cart

2018-09-13 15:02:28 - [TEST_STEP][PASSED] - comment: WELCOME SCREEN

2018-09-13 15:02:28 - [TEST_STEP][PASSED] - Statement - apkPath = apkName: null

2018-09-13 15:02:28 - [TEST_STEP][PASSED] - startApplication: Started app at: 'C:\Users\AV2017005903\Documents\apollo-automation\12 September.apk'

2018-09-13 15:03:11 - [MESSAGE][PASSED] - Started app at: 'C:\Users\AV2017005903\Documents\apollo-automation\12 September.apk'

2018-09-13 15:03:11 - [TEST_STEP][PASSED] - delay: Delayed 15 second(s)

2018-09-13 15:03:26 - [MESSAGE][PASSED] - Delayed 15 second(s)

2018-09-13 15:03:26 - [TEST_STEP][PASSED] - Comment - "If there is a Update TopuUp, click No, Else you can delay for waiting lazyload ": null

2018-09-13 15:03:26 - [TEST_STEP][PASSED] - Statement - driver = com.kms.katalon.core.mobile.keyword.internal.MobileDriverFactory.getDriver(): null

2018-09-13 15:03:26 - [TEST_STEP][PASSED] - Statement - action = new io.appium.java_client.TouchAction(driver): null

2018-09-13 15:03:26 - [TEST_STEP][PASSED] - Statement - action.longPress(550, 300).moveTo(100, 300).release().perform(): null

2018-09-13 15:03:29 - [TEST_STEP][PASSED] - delay: Delayed 8 second(s)

2018-09-13 15:03:37 - [MESSAGE][PASSED] - Delayed 8 second(s)

2018-09-13 15:03:37 - [TEST_STEP][PASSED] - Statement - action.longPress(550, 300).moveTo(100, 300).release().perform(): null

2018-09-13 15:03:40 - [TEST_STEP][PASSED] - delay: Delayed 8 second(s)

2018-09-13 15:03:48 - [MESSAGE][PASSED] - Delayed 8 second(s)

2018-09-13 15:03:48 - [TEST_STEP][PASSED] - Statement - action.longPress(550, 300).moveTo(100, 300).release().perform(): null

2018-09-13 15:03:51 - [TEST_STEP][PASSED] - delay: Delayed 8 second(s)

2018-09-13 15:03:59 - [MESSAGE][PASSED] - Delayed 8 second(s)

2018-09-13 15:03:59 - [TEST_STEP][PASSED] - Statement - action.longPress(550, 300).moveTo(100, 300).release().perform(): null

2018-09-13 15:04:02 - [TEST_STEP][PASSED] - delay: Delayed 8 second(s)

2018-09-13 15:04:10 - [MESSAGE][PASSED] - Delayed 8 second(s)

2018-09-13 15:04:10 - [TEST_STEP][PASSED] - waitForElementPresent: Element 'Object Repository/Splash Screen/Mulai - Button' is present

2018-09-13 15:04:10 - [MESSAGE][WARNING] - Timeout '0' is invalid. Using default page load timeout: '30'

2018-09-13 15:04:13 - [MESSAGE][PASSED] - Element 'Object Repository/Splash Screen/Mulai - Button' is present

2018-09-13 15:04:13 - [TEST_STEP][PASSED] - tap: Tapped on element 'Object Repository/Splash Screen/Mulai - Button'

2018-09-13 15:04:13 - [MESSAGE][WARNING] - Timeout '0' is invalid. Using default page load timeout: '30'

2018-09-13 15:04:18 - [MESSAGE][PASSED] - Tapped on element 'Object Repository/Splash Screen/Mulai - Button'

2018-09-13 15:04:18 - [TEST_STEP][PASSED] - comment: end Welcome Screen

2018-09-13 15:04:18 - [TEST_STEP][PASSED] - comment: LOGIN

2018-09-13 15:04:18 - [TEST_STEP][PASSED] - waitForElementPresent: Element 'Object Repository/Login/Nomor HP  Nama Pengguna - Text Box' is present

2018-09-13 15:04:22 - [MESSAGE][PASSED] - Element 'Object Repository/Login/Nomor HP  Nama Pengguna - Text Box' is present

2018-09-13 15:04:22 - [TEST_STEP][PASSED] - verifyElementAttributeValue: Object 'Object Repository/Login/Nomor HP  Nama Pengguna - Text Box' has attribute 'content-desc' with value 'LoginNameTextInput'

2018-09-13 15:04:26 - [MESSAGE][PASSED] - Object 'Object Repository/Login/Nomor HP  Nama Pengguna - Text Box' has attribute 'content-desc' with value 'LoginNameTextInput'

2018-09-13 15:04:26 - [TEST_STEP][PASSED] - setText: Text '08112233445567' has been set to element 'Object Repository/Login/Nomor HP  Nama Pengguna - Text Box'

2018-09-13 15:04:51 - [MESSAGE][PASSED] - Text '08112233445567' has been set to element 'Object Repository/Login/Nomor HP  Nama Pengguna - Text Box'

2018-09-13 15:04:51 - [TEST_STEP][PASSED] - hideKeyboard: Keyboard is hidden

2018-09-13 15:04:52 - [MESSAGE][PASSED] - Keyboard is hidden

2018-09-13 15:04:53 - [TEST_STEP][PASSED] - verifyElementText: Actual text and expected text of test object 'Object Repository/Login/Nomor HP  Nama Pengguna - Text Box' are matched.

2018-09-13 15:05:02 - [MESSAGE][PASSED] - Actual text and expected text of test object 'Object Repository/Login/Nomor HP  Nama Pengguna - Text Box' are matched.

2018-09-13 15:05:02 - [TEST_STEP][PASSED] - waitForElementPresent: Element 'Object Repository/Login/Button Masuk' is present

2018-09-13 15:05:06 - [MESSAGE][PASSED] - Element 'Object Repository/Login/Button Masuk' is present

2018-09-13 15:05:06 - [TEST_STEP][PASSED] - verifyElementAttributeValue: Object 'Object Repository/Login/Button Masuk' has attribute 'content-desc' with value 'LoginJumpNextBtn'

2018-09-13 15:05:12 - [MESSAGE][PASSED] - Object 'Object Repository/Login/Button Masuk' has attribute 'content-desc' with value 'LoginJumpNextBtn'

2018-09-13 15:05:12 - [TEST_STEP][PASSED] - tap: Tapped on element 'Object Repository/Login/Button Masuk'

2018-09-13 15:05:18 - [MESSAGE][PASSED] - Tapped on element 'Object Repository/Login/Button Masuk'

2018-09-13 15:05:18 - [TEST_STEP][PASSED] - waitForElementPresent: Element 'Object Repository/Login/Input Pin' is present

2018-09-13 15:05:22 - [MESSAGE][PASSED] - Element 'Object Repository/Login/Input Pin' is present

2018-09-13 15:05:22 - [TEST_STEP][PASSED] - verifyElementAttributeValue: Object 'Object Repository/Login/Input Pin' has attribute 'content-desc' with value 'pinCircleFocus'

2018-09-13 15:05:27 - [MESSAGE][PASSED] - Object 'Object Repository/Login/Input Pin' has attribute 'content-desc' with value 'pinCircleFocus'

2018-09-13 15:05:27 - [TEST_STEP][PASSED] - tap: Tapped on element 'Object Repository/Login/Input Pin'

2018-09-13 15:05:35 - [MESSAGE][PASSED] - Tapped on element 'Object Repository/Login/Input Pin'

2018-09-13 15:05:35 - [TEST_STEP][PASSED] - setText: Text '123456' has been set to element 'Object Repository/Login/Input Pin'

2018-09-13 15:05:50 - [MESSAGE][PASSED] - Text '123456' has been set to element 'Object Repository/Login/Input Pin'

2018-09-13 15:05:50 - [TEST_STEP][PASSED] - delay: Delayed 5 second(s)

2018-09-13 15:05:55 - [MESSAGE][PASSED] - Delayed 5 second(s)

2018-09-13 15:05:55 - [TEST_STEP][PASSED] - comment: End Login Test Case

2018-09-13 15:05:55 - [TEST_STEP][PASSED] - waitForElementPresent: Element 'Object Repository/Sidebar Menu/Biaya/HamburgerButton' is present

2018-09-13 15:06:00 - [MESSAGE][PASSED] - Element 'Object Repository/Sidebar Menu/Biaya/HamburgerButton' is present

2018-09-13 15:06:00 - [TEST_STEP][PASSED] - comment: MESIN KASIR

2018-09-13 15:06:00 - [TEST_STEP][PASSED] - verifyElementAttributeValue: Object 'Object Repository/Sidebar Menu/Biaya/HamburgerButton' has attribute 'content-desc' with value 'headerBar_button_hamburgerMenu'

2018-09-13 15:06:05 - [MESSAGE][PASSED] - Object 'Object Repository/Sidebar Menu/Biaya/HamburgerButton' has attribute 'content-desc' with value 'headerBar_button_hamburgerMenu'

2018-09-13 15:06:05 - [TEST_STEP][PASSED] - tap: Tapped on element 'Object Repository/Sidebar Menu/Biaya/HamburgerButton'

2018-09-13 15:06:10 - [MESSAGE][PASSED] - Tapped on element 'Object Repository/Sidebar Menu/Biaya/HamburgerButton'

2018-09-13 15:06:10 - [TEST_STEP][PASSED] - waitForElementPresent: Element 'Object Repository/Sidebar Menu/Mesin Kasir/Kasir/Dashboard Kasir/Kasir' is present

2018-09-13 15:06:17 - [MESSAGE][PASSED] - Element 'Object Repository/Sidebar Menu/Mesin Kasir/Kasir/Dashboard Kasir/Kasir' is present

2018-09-13 15:06:17 - [TEST_STEP][PASSED] - verifyElementAttributeValue: Object 'Object Repository/Sidebar Menu/Mesin Kasir/Kasir/Dashboard Kasir/Kasir' has attribute 'content-desc' with value 'drawerContainer_button_cashierSwitch'

2018-09-13 15:06:22 - [MESSAGE][PASSED] - Object 'Object Repository/Sidebar Menu/Mesin Kasir/Kasir/Dashboard Kasir/Kasir' has attribute 'content-desc' with value 'drawerContainer_button_cashierSwitch'

2018-09-13 15:06:22 - [TEST_STEP][PASSED] - tap: Tapped on element 'Object Repository/Sidebar Menu/Mesin Kasir/Kasir/Dashboard Kasir/Kasir'

2018-09-13 15:06:27 - [MESSAGE][PASSED] - Tapped on element 'Object Repository/Sidebar Menu/Mesin Kasir/Kasir/Dashboard Kasir/Kasir'

2018-09-13 15:06:27 - [TEST_STEP][PASSED] - waitForElementPresent: Element 'Object Repository/Sidebar Menu/Mesin Kasir/Kasir/Dashboard Kasir/ListProduk 1' is present

2018-09-13 15:06:32 - [MESSAGE][PASSED] - Element 'Object Repository/Sidebar Menu/Mesin Kasir/Kasir/Dashboard Kasir/ListProduk 1' is present

2018-09-13 15:06:32 - [TEST_STEP][PASSED] - verifyElementAttributeValue: Object 'Object Repository/Sidebar Menu/Mesin Kasir/Kasir/Dashboard Kasir/ListProduk 1' has attribute 'content-desc' with value 'productSalesItem0'

2018-09-13 15:06:36 - [MESSAGE][PASSED] - Object 'Object Repository/Sidebar Menu/Mesin Kasir/Kasir/Dashboard Kasir/ListProduk 1' has attribute 'content-desc' with value 'productSalesItem0'

2018-09-13 15:06:36 - [TEST_STEP][PASSED] - Statement - For (def index : (0..1)): Tapped on element 'Object Repository/Sidebar Menu/Mesin Kasir/Kasir/Dashboard Kasir/ListProduk 1'

2018-09-13 15:06:36 - [TEST_STEP][PASSED] - tap: Tapped on element 'Object Repository/Sidebar Menu/Mesin Kasir/Kasir/Dashboard Kasir/ListProduk 1'

2018-09-13 15:06:43 - [MESSAGE][PASSED] - Tapped on element 'Object Repository/Sidebar Menu/Mesin Kasir/Kasir/Dashboard Kasir/ListProduk 1'

2018-09-13 15:06:43 - [TEST_STEP][PASSED] - tap: Tapped on element 'Object Repository/Sidebar Menu/Mesin Kasir/Kasir/Dashboard Kasir/ListProduk 1'

2018-09-13 15:06:48 - [MESSAGE][PASSED] - Tapped on element 'Object Repository/Sidebar Menu/Mesin Kasir/Kasir/Dashboard Kasir/ListProduk 1'

2018-09-13 15:06:48 - [TEST_STEP][PASSED] - Statement - For (def index : (0..1)): Tapped on element 'Object Repository/Sidebar Menu/Mesin Kasir/Kasir/Dashboard Kasir/ListProduk 2'

2018-09-13 15:06:48 - [TEST_STEP][PASSED] - tap: Tapped on element 'Object Repository/Sidebar Menu/Mesin Kasir/Kasir/Dashboard Kasir/ListProduk 2'

2018-09-13 15:06:57 - [MESSAGE][PASSED] - Tapped on element 'Object Repository/Sidebar Menu/Mesin Kasir/Kasir/Dashboard Kasir/ListProduk 2'

2018-09-13 15:06:57 - [TEST_STEP][PASSED] - tap: Tapped on element 'Object Repository/Sidebar Menu/Mesin Kasir/Kasir/Dashboard Kasir/ListProduk 2'

2018-09-13 15:07:03 - [MESSAGE][PASSED] - Tapped on element 'Object Repository/Sidebar Menu/Mesin Kasir/Kasir/Dashboard Kasir/ListProduk 2'

2018-09-13 15:07:03 - [TEST_STEP][PASSED] - waitForElementPresent: Element 'Object Repository/Sidebar Menu/Mesin Kasir/Kasir/Estimasi Detail Pesanan/Keranjangbtn' is present

2018-09-13 15:07:07 - [MESSAGE][PASSED] - Element 'Object Repository/Sidebar Menu/Mesin Kasir/Kasir/Estimasi Detail Pesanan/Keranjangbtn' is present

2018-09-13 15:07:07 - [TEST_STEP][PASSED] - tap: Tapped on element 'Object Repository/Sidebar Menu/Mesin Kasir/Kasir/Estimasi Detail Pesanan/Keranjangbtn'

2018-09-13 15:07:11 - [MESSAGE][PASSED] - Tapped on element 'Object Repository/Sidebar Menu/Mesin Kasir/Kasir/Estimasi Detail Pesanan/Keranjangbtn'

2018-09-13 15:07:11 - [TEST_STEP][PASSED] - comment: Ringkasan Pesanan Onboarding

2018-09-13 15:07:11 - [TEST_STEP][PASSED] - waitForElementPresent: Element 'Object Repository/Sidebar Menu/Mesin Kasir/Kasir/Ringkasan Pesanan/Diskon Tambahan/Tambah_Diskon' is present

2018-09-13 15:07:20 - [MESSAGE][PASSED] - Element 'Object Repository/Sidebar Menu/Mesin Kasir/Kasir/Ringkasan Pesanan/Diskon Tambahan/Tambah_Diskon' is present

2018-09-13 15:07:20 - [TEST_STEP][PASSED] - verifyElementAttributeValue: Object 'Object Repository/Sidebar Menu/Mesin Kasir/Kasir/Ringkasan Pesanan/Diskon Tambahan/Tambah_Diskon' has attribute 'content-desc' with value 'asubtotal_atext_additional_discount'

2018-09-13 15:07:27 - [MESSAGE][PASSED] - Object 'Object Repository/Sidebar Menu/Mesin Kasir/Kasir/Ringkasan Pesanan/Diskon Tambahan/Tambah_Diskon' has attribute 'content-desc' with value 'asubtotal_atext_additional_discount'

2018-09-13 15:07:27 - [TEST_STEP][PASSED] - verifyElementVisible: Element 'Object Repository/Sidebar Menu/Mesin Kasir/Kasir/Ringkasan Pesanan/Diskon Tambahan/Tambah_Diskon' is visible

2018-09-13 15:07:31 - [MESSAGE][PASSED] - Element 'Object Repository/Sidebar Menu/Mesin Kasir/Kasir/Ringkasan Pesanan/Diskon Tambahan/Tambah_Diskon' is visible

2018-09-13 15:07:31 - [TEST_STEP][PASSED] - waitForElementPresent: Element 'Object Repository/Sidebar Menu/Mesin Kasir/Kasir/Ringkasan Pesanan/Biaya Tambahan/Tambah_Biaya' is present

2018-09-13 15:07:35 - [MESSAGE][PASSED] - Element 'Object Repository/Sidebar Menu/Mesin Kasir/Kasir/Ringkasan Pesanan/Biaya Tambahan/Tambah_Biaya' is present

2018-09-13 15:07:35 - [TEST_STEP][PASSED] - verifyElementVisible: Element 'Object Repository/Sidebar Menu/Mesin Kasir/Kasir/Ringkasan Pesanan/Biaya Tambahan/Tambah_Biaya' is visible

2018-09-13 15:07:39 - [MESSAGE][PASSED] - Element 'Object Repository/Sidebar Menu/Mesin Kasir/Kasir/Ringkasan Pesanan/Biaya Tambahan/Tambah_Biaya' is visible

2018-09-13 15:07:39 - [TEST_STEP][PASSED] - verifyElementAttributeValue: Object 'Object Repository/Sidebar Menu/Mesin Kasir/Kasir/Ringkasan Pesanan/Biaya Tambahan/Tambah_Biaya' has attribute 'content-desc' with value 'asubtotal_abutton_additional_cost'

2018-09-13 15:07:47 - [MESSAGE][PASSED] - Object 'Object Repository/Sidebar Menu/Mesin Kasir/Kasir/Ringkasan Pesanan/Biaya Tambahan/Tambah_Biaya' has attribute 'content-desc' with value 'asubtotal_abutton_additional_cost'

2018-09-13 15:07:47 - [TEST_STEP][PASSED] - closeApplication: Close app successfully

2018-09-13 15:07:55 - [MESSAGE][PASSED] - Close app successfully]]></system-out>
         <system-err><![CDATA[]]></system-err>
      </testcase>
      <testcase name="Test Cases/Release 3 - Squad Hades/Sprint 1/Story 1770 - Additional Biaya Tambahan in shoopping cart/TC 2 - Click X button from Biaya Tambahan field to Cancel and check contain" classname="Test Cases/Release 3 - Squad Hades/Sprint 1/Story 1770 - Additional Biaya Tambahan in shoopping cart/TC 2 - Click X button from Biaya Tambahan field to Cancel and check contain" status="PASSED">
         <system-out><![CDATA[2018-09-13 15:07:55 - [TEST_CASE][PASSED] - Test Cases/Release 3 - Squad Hades/Sprint 1/Story 1770 - Additional Biaya Tambahan in shoopping cart/TC 2 - Click X button from Biaya Tambahan field to Cancel and check contain: Test Cases/Release 3 - Squad Hades/Sprint 1/Story 1770 - Additional Biaya Tambahan in shoopping cart/TC 2 - Click X button from Biaya Tambahan field to Cancel and check contain

2018-09-13 15:07:56 - [TEST_STEP][PASSED] - comment: WELCOME SCREEN

2018-09-13 15:07:56 - [TEST_STEP][PASSED] - Statement - apkPath = apkName: null

2018-09-13 15:07:56 - [TEST_STEP][PASSED] - startApplication: Started app at: 'C:\Users\AV2017005903\Documents\apollo-automation\12 September.apk'

2018-09-13 15:08:43 - [MESSAGE][PASSED] - Started app at: 'C:\Users\AV2017005903\Documents\apollo-automation\12 September.apk'

2018-09-13 15:08:43 - [TEST_STEP][PASSED] - delay: Delayed 15 second(s)

2018-09-13 15:08:58 - [MESSAGE][PASSED] - Delayed 15 second(s)

2018-09-13 15:08:58 - [TEST_STEP][PASSED] - Comment - "If there is a Update TopuUp, click No, Else you can delay for waiting lazyload ": null

2018-09-13 15:08:58 - [TEST_STEP][PASSED] - Statement - driver = com.kms.katalon.core.mobile.keyword.internal.MobileDriverFactory.getDriver(): null

2018-09-13 15:08:58 - [TEST_STEP][PASSED] - Statement - action = new io.appium.java_client.TouchAction(driver): null

2018-09-13 15:08:58 - [TEST_STEP][PASSED] - Statement - action.longPress(550, 300).moveTo(100, 300).release().perform(): null

2018-09-13 15:09:01 - [TEST_STEP][PASSED] - delay: Delayed 8 second(s)

2018-09-13 15:09:09 - [MESSAGE][PASSED] - Delayed 8 second(s)

2018-09-13 15:09:09 - [TEST_STEP][PASSED] - Statement - action.longPress(550, 300).moveTo(100, 300).release().perform(): null

2018-09-13 15:09:12 - [TEST_STEP][PASSED] - delay: Delayed 8 second(s)

2018-09-13 15:09:20 - [MESSAGE][PASSED] - Delayed 8 second(s)

2018-09-13 15:09:20 - [TEST_STEP][PASSED] - Statement - action.longPress(550, 300).moveTo(100, 300).release().perform(): null

2018-09-13 15:09:23 - [TEST_STEP][PASSED] - delay: Delayed 8 second(s)

2018-09-13 15:09:31 - [MESSAGE][PASSED] - Delayed 8 second(s)

2018-09-13 15:09:31 - [TEST_STEP][PASSED] - Statement - action.longPress(550, 300).moveTo(100, 300).release().perform(): null

2018-09-13 15:09:33 - [TEST_STEP][PASSED] - delay: Delayed 8 second(s)

2018-09-13 15:09:41 - [MESSAGE][PASSED] - Delayed 8 second(s)

2018-09-13 15:09:41 - [TEST_STEP][PASSED] - waitForElementPresent: Element 'Object Repository/Splash Screen/Mulai - Button' is present

2018-09-13 15:09:41 - [MESSAGE][WARNING] - Timeout '0' is invalid. Using default page load timeout: '30'

2018-09-13 15:09:45 - [MESSAGE][PASSED] - Element 'Object Repository/Splash Screen/Mulai - Button' is present

2018-09-13 15:09:45 - [TEST_STEP][PASSED] - tap: Tapped on element 'Object Repository/Splash Screen/Mulai - Button'

2018-09-13 15:09:45 - [MESSAGE][WARNING] - Timeout '0' is invalid. Using default page load timeout: '30'

2018-09-13 15:09:53 - [MESSAGE][PASSED] - Tapped on element 'Object Repository/Splash Screen/Mulai - Button'

2018-09-13 15:09:53 - [TEST_STEP][PASSED] - comment: end Welcome Screen

2018-09-13 15:09:53 - [TEST_STEP][PASSED] - comment: LOGIN

2018-09-13 15:09:53 - [TEST_STEP][PASSED] - waitForElementPresent: Element 'Object Repository/Login/Nomor HP  Nama Pengguna - Text Box' is present

2018-09-13 15:09:57 - [MESSAGE][PASSED] - Element 'Object Repository/Login/Nomor HP  Nama Pengguna - Text Box' is present

2018-09-13 15:09:57 - [TEST_STEP][PASSED] - verifyElementAttributeValue: Object 'Object Repository/Login/Nomor HP  Nama Pengguna - Text Box' has attribute 'content-desc' with value 'LoginNameTextInput'

2018-09-13 15:10:01 - [MESSAGE][PASSED] - Object 'Object Repository/Login/Nomor HP  Nama Pengguna - Text Box' has attribute 'content-desc' with value 'LoginNameTextInput'

2018-09-13 15:10:01 - [TEST_STEP][PASSED] - setText: Text '08112233445567' has been set to element 'Object Repository/Login/Nomor HP  Nama Pengguna - Text Box'

2018-09-13 15:10:19 - [MESSAGE][PASSED] - Text '08112233445567' has been set to element 'Object Repository/Login/Nomor HP  Nama Pengguna - Text Box'

2018-09-13 15:10:19 - [TEST_STEP][PASSED] - hideKeyboard: Keyboard is hidden

2018-09-13 15:10:20 - [MESSAGE][PASSED] - Keyboard is hidden

2018-09-13 15:10:21 - [TEST_STEP][PASSED] - verifyElementText: Actual text and expected text of test object 'Object Repository/Login/Nomor HP  Nama Pengguna - Text Box' are matched.

2018-09-13 15:10:24 - [MESSAGE][PASSED] - Actual text and expected text of test object 'Object Repository/Login/Nomor HP  Nama Pengguna - Text Box' are matched.

2018-09-13 15:10:24 - [TEST_STEP][PASSED] - waitForElementPresent: Element 'Object Repository/Login/Button Masuk' is present

2018-09-13 15:10:30 - [MESSAGE][PASSED] - Element 'Object Repository/Login/Button Masuk' is present

2018-09-13 15:10:30 - [TEST_STEP][PASSED] - verifyElementAttributeValue: Object 'Object Repository/Login/Button Masuk' has attribute 'content-desc' with value 'LoginJumpNextBtn'

2018-09-13 15:10:34 - [MESSAGE][PASSED] - Object 'Object Repository/Login/Button Masuk' has attribute 'content-desc' with value 'LoginJumpNextBtn'

2018-09-13 15:10:34 - [TEST_STEP][PASSED] - tap: Tapped on element 'Object Repository/Login/Button Masuk'

2018-09-13 15:10:39 - [MESSAGE][PASSED] - Tapped on element 'Object Repository/Login/Button Masuk'

2018-09-13 15:10:39 - [TEST_STEP][PASSED] - waitForElementPresent: Element 'Object Repository/Login/Input Pin' is present

2018-09-13 15:10:43 - [MESSAGE][PASSED] - Element 'Object Repository/Login/Input Pin' is present

2018-09-13 15:10:43 - [TEST_STEP][PASSED] - verifyElementAttributeValue: Object 'Object Repository/Login/Input Pin' has attribute 'content-desc' with value 'pinCircleFocus'

2018-09-13 15:10:47 - [MESSAGE][PASSED] - Object 'Object Repository/Login/Input Pin' has attribute 'content-desc' with value 'pinCircleFocus'

2018-09-13 15:10:47 - [TEST_STEP][PASSED] - tap: Tapped on element 'Object Repository/Login/Input Pin'

2018-09-13 15:10:54 - [MESSAGE][PASSED] - Tapped on element 'Object Repository/Login/Input Pin'

2018-09-13 15:10:54 - [TEST_STEP][PASSED] - setText: Text '123456' has been set to element 'Object Repository/Login/Input Pin'

2018-09-13 15:11:16 - [MESSAGE][PASSED] - Text '123456' has been set to element 'Object Repository/Login/Input Pin'

2018-09-13 15:11:16 - [TEST_STEP][PASSED] - delay: Delayed 5 second(s)

2018-09-13 15:11:21 - [MESSAGE][PASSED] - Delayed 5 second(s)

2018-09-13 15:11:21 - [TEST_STEP][PASSED] - comment: End Login Test Case

2018-09-13 15:11:21 - [TEST_STEP][PASSED] - waitForElementPresent: Element 'Object Repository/Sidebar Menu/Biaya/HamburgerButton' is present

2018-09-13 15:11:24 - [MESSAGE][PASSED] - Element 'Object Repository/Sidebar Menu/Biaya/HamburgerButton' is present

2018-09-13 15:11:24 - [TEST_STEP][PASSED] - comment: MESIN KASIR

2018-09-13 15:11:24 - [TEST_STEP][PASSED] - verifyElementAttributeValue: Object 'Object Repository/Sidebar Menu/Biaya/HamburgerButton' has attribute 'content-desc' with value 'headerBar_button_hamburgerMenu'

2018-09-13 15:11:29 - [MESSAGE][PASSED] - Object 'Object Repository/Sidebar Menu/Biaya/HamburgerButton' has attribute 'content-desc' with value 'headerBar_button_hamburgerMenu'

2018-09-13 15:11:29 - [TEST_STEP][PASSED] - tap: Tapped on element 'Object Repository/Sidebar Menu/Biaya/HamburgerButton'

2018-09-13 15:11:35 - [MESSAGE][PASSED] - Tapped on element 'Object Repository/Sidebar Menu/Biaya/HamburgerButton'

2018-09-13 15:11:35 - [TEST_STEP][PASSED] - waitForElementPresent: Element 'Object Repository/Sidebar Menu/Mesin Kasir/Kasir/Dashboard Kasir/Kasir' is present

2018-09-13 15:11:41 - [MESSAGE][PASSED] - Element 'Object Repository/Sidebar Menu/Mesin Kasir/Kasir/Dashboard Kasir/Kasir' is present

2018-09-13 15:11:41 - [TEST_STEP][PASSED] - verifyElementAttributeValue: Object 'Object Repository/Sidebar Menu/Mesin Kasir/Kasir/Dashboard Kasir/Kasir' has attribute 'content-desc' with value 'drawerContainer_button_cashierSwitch'

2018-09-13 15:11:49 - [MESSAGE][PASSED] - Object 'Object Repository/Sidebar Menu/Mesin Kasir/Kasir/Dashboard Kasir/Kasir' has attribute 'content-desc' with value 'drawerContainer_button_cashierSwitch'

2018-09-13 15:11:49 - [TEST_STEP][PASSED] - tap: Tapped on element 'Object Repository/Sidebar Menu/Mesin Kasir/Kasir/Dashboard Kasir/Kasir'

2018-09-13 15:11:54 - [MESSAGE][PASSED] - Tapped on element 'Object Repository/Sidebar Menu/Mesin Kasir/Kasir/Dashboard Kasir/Kasir'

2018-09-13 15:11:54 - [TEST_STEP][PASSED] - waitForElementPresent: Element 'Object Repository/Sidebar Menu/Mesin Kasir/Kasir/Dashboard Kasir/ListProduk 1' is present

2018-09-13 15:12:00 - [MESSAGE][PASSED] - Element 'Object Repository/Sidebar Menu/Mesin Kasir/Kasir/Dashboard Kasir/ListProduk 1' is present

2018-09-13 15:12:00 - [TEST_STEP][PASSED] - verifyElementAttributeValue: Object 'Object Repository/Sidebar Menu/Mesin Kasir/Kasir/Dashboard Kasir/ListProduk 1' has attribute 'content-desc' with value 'productSalesItem0'

2018-09-13 15:12:04 - [MESSAGE][PASSED] - Object 'Object Repository/Sidebar Menu/Mesin Kasir/Kasir/Dashboard Kasir/ListProduk 1' has attribute 'content-desc' with value 'productSalesItem0'

2018-09-13 15:12:04 - [TEST_STEP][PASSED] - Statement - For (def index : (0..1)): Tapped on element 'Object Repository/Sidebar Menu/Mesin Kasir/Kasir/Dashboard Kasir/ListProduk 1'

2018-09-13 15:12:04 - [TEST_STEP][PASSED] - tap: Tapped on element 'Object Repository/Sidebar Menu/Mesin Kasir/Kasir/Dashboard Kasir/ListProduk 1'

2018-09-13 15:12:10 - [MESSAGE][PASSED] - Tapped on element 'Object Repository/Sidebar Menu/Mesin Kasir/Kasir/Dashboard Kasir/ListProduk 1'

2018-09-13 15:12:10 - [TEST_STEP][PASSED] - tap: Tapped on element 'Object Repository/Sidebar Menu/Mesin Kasir/Kasir/Dashboard Kasir/ListProduk 1'

2018-09-13 15:12:15 - [MESSAGE][PASSED] - Tapped on element 'Object Repository/Sidebar Menu/Mesin Kasir/Kasir/Dashboard Kasir/ListProduk 1'

2018-09-13 15:12:15 - [TEST_STEP][PASSED] - Statement - For (def index : (0..1)): Tapped on element 'Object Repository/Sidebar Menu/Mesin Kasir/Kasir/Dashboard Kasir/ListProduk 2'

2018-09-13 15:12:15 - [TEST_STEP][PASSED] - tap: Tapped on element 'Object Repository/Sidebar Menu/Mesin Kasir/Kasir/Dashboard Kasir/ListProduk 2'

2018-09-13 15:12:20 - [MESSAGE][PASSED] - Tapped on element 'Object Repository/Sidebar Menu/Mesin Kasir/Kasir/Dashboard Kasir/ListProduk 2'

2018-09-13 15:12:20 - [TEST_STEP][PASSED] - tap: Tapped on element 'Object Repository/Sidebar Menu/Mesin Kasir/Kasir/Dashboard Kasir/ListProduk 2'

2018-09-13 15:12:26 - [MESSAGE][PASSED] - Tapped on element 'Object Repository/Sidebar Menu/Mesin Kasir/Kasir/Dashboard Kasir/ListProduk 2'

2018-09-13 15:12:26 - [TEST_STEP][PASSED] - waitForElementPresent: Element 'Object Repository/Sidebar Menu/Mesin Kasir/Kasir/Estimasi Detail Pesanan/Keranjangbtn' is present

2018-09-13 15:12:29 - [MESSAGE][PASSED] - Element 'Object Repository/Sidebar Menu/Mesin Kasir/Kasir/Estimasi Detail Pesanan/Keranjangbtn' is present

2018-09-13 15:12:29 - [TEST_STEP][PASSED] - tap: Tapped on element 'Object Repository/Sidebar Menu/Mesin Kasir/Kasir/Estimasi Detail Pesanan/Keranjangbtn'

2018-09-13 15:12:34 - [MESSAGE][PASSED] - Tapped on element 'Object Repository/Sidebar Menu/Mesin Kasir/Kasir/Estimasi Detail Pesanan/Keranjangbtn'

2018-09-13 15:12:34 - [TEST_STEP][PASSED] - comment: Ringkasan Pesanan Onboarding

2018-09-13 15:12:34 - [TEST_STEP][PASSED] - waitForElementPresent: Element 'Object Repository/Sidebar Menu/Mesin Kasir/Kasir/Ringkasan Pesanan/Diskon Tambahan/Tambah_Diskon' is present

2018-09-13 15:12:42 - [MESSAGE][PASSED] - Element 'Object Repository/Sidebar Menu/Mesin Kasir/Kasir/Ringkasan Pesanan/Diskon Tambahan/Tambah_Diskon' is present

2018-09-13 15:12:42 - [TEST_STEP][PASSED] - verifyElementAttributeValue: Object 'Object Repository/Sidebar Menu/Mesin Kasir/Kasir/Ringkasan Pesanan/Diskon Tambahan/Tambah_Diskon' has attribute 'content-desc' with value 'asubtotal_atext_additional_discount'

2018-09-13 15:12:46 - [MESSAGE][PASSED] - Object 'Object Repository/Sidebar Menu/Mesin Kasir/Kasir/Ringkasan Pesanan/Diskon Tambahan/Tambah_Diskon' has attribute 'content-desc' with value 'asubtotal_atext_additional_discount'

2018-09-13 15:12:46 - [TEST_STEP][PASSED] - verifyElementVisible: Element 'Object Repository/Sidebar Menu/Mesin Kasir/Kasir/Ringkasan Pesanan/Diskon Tambahan/Tambah_Diskon' is visible

2018-09-13 15:12:54 - [MESSAGE][PASSED] - Element 'Object Repository/Sidebar Menu/Mesin Kasir/Kasir/Ringkasan Pesanan/Diskon Tambahan/Tambah_Diskon' is visible

2018-09-13 15:12:54 - [TEST_STEP][PASSED] - waitForElementPresent: Element 'Object Repository/Sidebar Menu/Mesin Kasir/Kasir/Ringkasan Pesanan/Biaya Tambahan/Tambah_Biaya' is present

2018-09-13 15:13:02 - [MESSAGE][PASSED] - Element 'Object Repository/Sidebar Menu/Mesin Kasir/Kasir/Ringkasan Pesanan/Biaya Tambahan/Tambah_Biaya' is present

2018-09-13 15:13:02 - [TEST_STEP][PASSED] - verifyElementAttributeValue: Object 'Object Repository/Sidebar Menu/Mesin Kasir/Kasir/Ringkasan Pesanan/Biaya Tambahan/Tambah_Biaya' has attribute 'content-desc' with value 'asubtotal_abutton_additional_cost'

2018-09-13 15:13:10 - [MESSAGE][PASSED] - Object 'Object Repository/Sidebar Menu/Mesin Kasir/Kasir/Ringkasan Pesanan/Biaya Tambahan/Tambah_Biaya' has attribute 'content-desc' with value 'asubtotal_abutton_additional_cost'

2018-09-13 15:13:10 - [TEST_STEP][PASSED] - tap: Tapped on element 'Object Repository/Sidebar Menu/Mesin Kasir/Kasir/Ringkasan Pesanan/Biaya Tambahan/Tambah_Biaya'

2018-09-13 15:13:19 - [MESSAGE][PASSED] - Tapped on element 'Object Repository/Sidebar Menu/Mesin Kasir/Kasir/Ringkasan Pesanan/Biaya Tambahan/Tambah_Biaya'

2018-09-13 15:13:19 - [TEST_STEP][PASSED] - waitForElementPresent: Element 'Object Repository/Sidebar Menu/Mesin Kasir/Kasir/Ringkasan Pesanan/Biaya Tambahan/TambahBiaya - JudulDropdown' is present

2018-09-13 15:13:23 - [MESSAGE][PASSED] - Element 'Object Repository/Sidebar Menu/Mesin Kasir/Kasir/Ringkasan Pesanan/Biaya Tambahan/TambahBiaya - JudulDropdown' is present

2018-09-13 15:13:23 - [TEST_STEP][PASSED] - verifyElementAttributeValue: Object 'Object Repository/Sidebar Menu/Mesin Kasir/Kasir/Ringkasan Pesanan/Biaya Tambahan/TambahBiaya - JudulDropdown' has attribute 'content-desc' with value 'additionalCost_icon_costType'

2018-09-13 15:13:27 - [MESSAGE][PASSED] - Object 'Object Repository/Sidebar Menu/Mesin Kasir/Kasir/Ringkasan Pesanan/Biaya Tambahan/TambahBiaya - JudulDropdown' has attribute 'content-desc' with value 'additionalCost_icon_costType'

2018-09-13 15:13:27 - [TEST_STEP][PASSED] - tap: Tapped on element 'Object Repository/Sidebar Menu/Mesin Kasir/Kasir/Ringkasan Pesanan/Biaya Tambahan/TambahBiaya - JudulDropdown'

2018-09-13 15:13:35 - [MESSAGE][PASSED] - Tapped on element 'Object Repository/Sidebar Menu/Mesin Kasir/Kasir/Ringkasan Pesanan/Biaya Tambahan/TambahBiaya - JudulDropdown'

2018-09-13 15:13:35 - [TEST_STEP][PASSED] - waitForElementPresent: Element 'Object Repository/Sidebar Menu/Mesin Kasir/Kasir/Ringkasan Pesanan/Biaya Tambahan/TambahBiaya - JudulList2' is present

2018-09-13 15:13:39 - [MESSAGE][PASSED] - Element 'Object Repository/Sidebar Menu/Mesin Kasir/Kasir/Ringkasan Pesanan/Biaya Tambahan/TambahBiaya - JudulList2' is present

2018-09-13 15:13:39 - [TEST_STEP][PASSED] - verifyElementAttributeValue: Object 'Object Repository/Sidebar Menu/Mesin Kasir/Kasir/Ringkasan Pesanan/Biaya Tambahan/TambahBiaya - JudulList2' has attribute 'content-desc' with value 'additionalCost_text_costType_1'

2018-09-13 15:13:47 - [MESSAGE][PASSED] - Object 'Object Repository/Sidebar Menu/Mesin Kasir/Kasir/Ringkasan Pesanan/Biaya Tambahan/TambahBiaya - JudulList2' has attribute 'content-desc' with value 'additionalCost_text_costType_1'

2018-09-13 15:13:47 - [TEST_STEP][PASSED] - tap: Tapped on element 'Object Repository/Sidebar Menu/Mesin Kasir/Kasir/Ringkasan Pesanan/Biaya Tambahan/TambahBiaya - JudulList2'

2018-09-13 15:13:54 - [MESSAGE][PASSED] - Tapped on element 'Object Repository/Sidebar Menu/Mesin Kasir/Kasir/Ringkasan Pesanan/Biaya Tambahan/TambahBiaya - JudulList2'

2018-09-13 15:13:54 - [TEST_STEP][PASSED] - waitForElementPresent: Element 'Object Repository/Sidebar Menu/Mesin Kasir/Kasir/Ringkasan Pesanan/Biaya Tambahan/TambahBiaya - BiayaEditTxt' is present

2018-09-13 15:13:57 - [MESSAGE][PASSED] - Element 'Object Repository/Sidebar Menu/Mesin Kasir/Kasir/Ringkasan Pesanan/Biaya Tambahan/TambahBiaya - BiayaEditTxt' is present

2018-09-13 15:13:57 - [TEST_STEP][PASSED] - verifyElementAttributeValue: Object 'Object Repository/Sidebar Menu/Mesin Kasir/Kasir/Ringkasan Pesanan/Biaya Tambahan/TambahBiaya - BiayaEditTxt' has attribute 'content-desc' with value 'additionalCost_input_costAmount'

2018-09-13 15:14:02 - [MESSAGE][PASSED] - Object 'Object Repository/Sidebar Menu/Mesin Kasir/Kasir/Ringkasan Pesanan/Biaya Tambahan/TambahBiaya - BiayaEditTxt' has attribute 'content-desc' with value 'additionalCost_input_costAmount'

2018-09-13 15:14:02 - [TEST_STEP][PASSED] - setText: Text '2000' has been set to element 'Object Repository/Sidebar Menu/Mesin Kasir/Kasir/Ringkasan Pesanan/Biaya Tambahan/TambahBiaya - BiayaEditTxt'

2018-09-13 15:14:21 - [MESSAGE][PASSED] - Text '2000' has been set to element 'Object Repository/Sidebar Menu/Mesin Kasir/Kasir/Ringkasan Pesanan/Biaya Tambahan/TambahBiaya - BiayaEditTxt'

2018-09-13 15:14:21 - [TEST_STEP][PASSED] - hideKeyboard: Keyboard is hidden

2018-09-13 15:14:22 - [MESSAGE][PASSED] - Keyboard is hidden

2018-09-13 15:14:23 - [TEST_STEP][PASSED] - waitForElementPresent: Element 'Object Repository/Sidebar Menu/Mesin Kasir/Kasir/Ringkasan Pesanan/Biaya Tambahan/TambahBiaya - SIMPANbtn' is present

2018-09-13 15:14:27 - [MESSAGE][PASSED] - Element 'Object Repository/Sidebar Menu/Mesin Kasir/Kasir/Ringkasan Pesanan/Biaya Tambahan/TambahBiaya - SIMPANbtn' is present

2018-09-13 15:14:27 - [TEST_STEP][PASSED] - verifyElementAttributeValue: Object 'Object Repository/Sidebar Menu/Mesin Kasir/Kasir/Ringkasan Pesanan/Biaya Tambahan/TambahBiaya - SIMPANbtn' has attribute 'content-desc' with value 'additionalCost_button_saveCost'

2018-09-13 15:14:30 - [MESSAGE][PASSED] - Object 'Object Repository/Sidebar Menu/Mesin Kasir/Kasir/Ringkasan Pesanan/Biaya Tambahan/TambahBiaya - SIMPANbtn' has attribute 'content-desc' with value 'additionalCost_button_saveCost'

2018-09-13 15:14:30 - [TEST_STEP][PASSED] - tap: Tapped on element 'Object Repository/Sidebar Menu/Mesin Kasir/Kasir/Ringkasan Pesanan/Biaya Tambahan/TambahBiaya - SIMPANbtn'

2018-09-13 15:14:39 - [MESSAGE][PASSED] - Tapped on element 'Object Repository/Sidebar Menu/Mesin Kasir/Kasir/Ringkasan Pesanan/Biaya Tambahan/TambahBiaya - SIMPANbtn'

2018-09-13 15:14:39 - [TEST_STEP][PASSED] - waitForElementPresent: Element 'Object Repository/Sidebar Menu/Mesin Kasir/Kasir/Ringkasan Pesanan/Biaya Tambahan/cross_button - BiayaKirim' is present

2018-09-13 15:14:43 - [MESSAGE][PASSED] - Element 'Object Repository/Sidebar Menu/Mesin Kasir/Kasir/Ringkasan Pesanan/Biaya Tambahan/cross_button - BiayaKirim' is present

2018-09-13 15:14:43 - [TEST_STEP][PASSED] - verifyElementAttributeValue: Object 'Object Repository/Sidebar Menu/Mesin Kasir/Kasir/Ringkasan Pesanan/Biaya Tambahan/cross_button - BiayaKirim' has attribute 'content-desc' with value 'asubtotal_abutton_additional_cost_clear'

2018-09-13 15:14:48 - [MESSAGE][PASSED] - Object 'Object Repository/Sidebar Menu/Mesin Kasir/Kasir/Ringkasan Pesanan/Biaya Tambahan/cross_button - BiayaKirim' has attribute 'content-desc' with value 'asubtotal_abutton_additional_cost_clear'

2018-09-13 15:14:48 - [TEST_STEP][PASSED] - tap: Tapped on element 'Object Repository/Sidebar Menu/Mesin Kasir/Kasir/Ringkasan Pesanan/Biaya Tambahan/cross_button - BiayaKirim'

2018-09-13 15:14:56 - [MESSAGE][PASSED] - Tapped on element 'Object Repository/Sidebar Menu/Mesin Kasir/Kasir/Ringkasan Pesanan/Biaya Tambahan/cross_button - BiayaKirim'

2018-09-13 15:14:56 - [TEST_STEP][PASSED] - waitForElementPresent: Element 'Object Repository/Sidebar Menu/Mesin Kasir/Kasir/Ringkasan Pesanan/Biaya Tambahan/Tambah_Biaya' is present

2018-09-13 15:15:04 - [MESSAGE][PASSED] - Element 'Object Repository/Sidebar Menu/Mesin Kasir/Kasir/Ringkasan Pesanan/Biaya Tambahan/Tambah_Biaya' is present

2018-09-13 15:15:04 - [TEST_STEP][PASSED] - verifyElementVisible: Element 'Object Repository/Sidebar Menu/Mesin Kasir/Kasir/Ringkasan Pesanan/Biaya Tambahan/Tambah_Biaya' is visible

2018-09-13 15:15:08 - [MESSAGE][PASSED] - Element 'Object Repository/Sidebar Menu/Mesin Kasir/Kasir/Ringkasan Pesanan/Biaya Tambahan/Tambah_Biaya' is visible

2018-09-13 15:15:08 - [TEST_STEP][PASSED] - verifyElementAttributeValue: Object 'Object Repository/Sidebar Menu/Mesin Kasir/Kasir/Ringkasan Pesanan/Biaya Tambahan/Tambah_Biaya' has attribute 'content-desc' with value 'asubtotal_abutton_additional_cost'

2018-09-13 15:15:12 - [MESSAGE][PASSED] - Object 'Object Repository/Sidebar Menu/Mesin Kasir/Kasir/Ringkasan Pesanan/Biaya Tambahan/Tambah_Biaya' has attribute 'content-desc' with value 'asubtotal_abutton_additional_cost'

2018-09-13 15:15:12 - [TEST_STEP][PASSED] - closeApplication: Close app successfully

2018-09-13 15:15:19 - [MESSAGE][PASSED] - Close app successfully]]></system-out>
         <system-err><![CDATA[]]></system-err>
      </testcase>
      <testcase name="Test Cases/Release 3 - Squad Hades/Sprint 1/Story 1770 - Additional Biaya Tambahan in shoopping cart/TC 3 - Edit Biaya Tambahan" classname="Test Cases/Release 3 - Squad Hades/Sprint 1/Story 1770 - Additional Biaya Tambahan in shoopping cart/TC 3 - Edit Biaya Tambahan" status="PASSED">
         <system-out><![CDATA[2018-09-13 15:15:19 - [TEST_CASE][PASSED] - Test Cases/Release 3 - Squad Hades/Sprint 1/Story 1770 - Additional Biaya Tambahan in shoopping cart/TC 3 - Edit Biaya Tambahan: Test Cases/Release 3 - Squad Hades/Sprint 1/Story 1770 - Additional Biaya Tambahan in shoopping cart/TC 3 - Edit Biaya Tambahan

2018-09-13 15:15:19 - [TEST_STEP][PASSED] - comment: WELCOME SCREEN

2018-09-13 15:15:19 - [TEST_STEP][PASSED] - Statement - apkPath = apkName: null

2018-09-13 15:15:19 - [TEST_STEP][PASSED] - startApplication: Started app at: 'C:\Users\AV2017005903\Documents\apollo-automation\12 September.apk'

2018-09-13 15:16:00 - [MESSAGE][PASSED] - Started app at: 'C:\Users\AV2017005903\Documents\apollo-automation\12 September.apk'

2018-09-13 15:16:00 - [TEST_STEP][PASSED] - delay: Delayed 15 second(s)

2018-09-13 15:16:15 - [MESSAGE][PASSED] - Delayed 15 second(s)

2018-09-13 15:16:15 - [TEST_STEP][PASSED] - Comment - "If there is a Update TopuUp, click No, Else you can delay for waiting lazyload ": null

2018-09-13 15:16:15 - [TEST_STEP][PASSED] - Statement - driver = com.kms.katalon.core.mobile.keyword.internal.MobileDriverFactory.getDriver(): null

2018-09-13 15:16:15 - [TEST_STEP][PASSED] - Statement - action = new io.appium.java_client.TouchAction(driver): null

2018-09-13 15:16:15 - [TEST_STEP][PASSED] - Statement - action.longPress(550, 300).moveTo(100, 300).release().perform(): null

2018-09-13 15:16:18 - [TEST_STEP][PASSED] - delay: Delayed 8 second(s)

2018-09-13 15:16:26 - [MESSAGE][PASSED] - Delayed 8 second(s)

2018-09-13 15:16:26 - [TEST_STEP][PASSED] - Statement - action.longPress(550, 300).moveTo(100, 300).release().perform(): null

2018-09-13 15:16:29 - [TEST_STEP][PASSED] - delay: Delayed 8 second(s)

2018-09-13 15:16:37 - [MESSAGE][PASSED] - Delayed 8 second(s)

2018-09-13 15:16:37 - [TEST_STEP][PASSED] - Statement - action.longPress(550, 300).moveTo(100, 300).release().perform(): null

2018-09-13 15:16:40 - [TEST_STEP][PASSED] - delay: Delayed 8 second(s)

2018-09-13 15:16:48 - [MESSAGE][PASSED] - Delayed 8 second(s)

2018-09-13 15:16:48 - [TEST_STEP][PASSED] - Statement - action.longPress(550, 300).moveTo(100, 300).release().perform(): null

2018-09-13 15:16:50 - [TEST_STEP][PASSED] - delay: Delayed 8 second(s)

2018-09-13 15:16:58 - [MESSAGE][PASSED] - Delayed 8 second(s)

2018-09-13 15:16:58 - [TEST_STEP][PASSED] - waitForElementPresent: Element 'Object Repository/Splash Screen/Mulai - Button' is present

2018-09-13 15:16:58 - [MESSAGE][WARNING] - Timeout '0' is invalid. Using default page load timeout: '30'

2018-09-13 15:17:01 - [MESSAGE][PASSED] - Element 'Object Repository/Splash Screen/Mulai - Button' is present

2018-09-13 15:17:01 - [TEST_STEP][PASSED] - tap: Tapped on element 'Object Repository/Splash Screen/Mulai - Button'

2018-09-13 15:17:01 - [MESSAGE][WARNING] - Timeout '0' is invalid. Using default page load timeout: '30'

2018-09-13 15:17:07 - [MESSAGE][PASSED] - Tapped on element 'Object Repository/Splash Screen/Mulai - Button'

2018-09-13 15:17:07 - [TEST_STEP][PASSED] - comment: end Welcome Screen

2018-09-13 15:17:07 - [TEST_STEP][PASSED] - comment: LOGIN

2018-09-13 15:17:07 - [TEST_STEP][PASSED] - waitForElementPresent: Element 'Object Repository/Login/Nomor HP  Nama Pengguna - Text Box' is present

2018-09-13 15:17:13 - [MESSAGE][PASSED] - Element 'Object Repository/Login/Nomor HP  Nama Pengguna - Text Box' is present

2018-09-13 15:17:13 - [TEST_STEP][PASSED] - verifyElementAttributeValue: Object 'Object Repository/Login/Nomor HP  Nama Pengguna - Text Box' has attribute 'content-desc' with value 'LoginNameTextInput'

2018-09-13 15:17:17 - [MESSAGE][PASSED] - Object 'Object Repository/Login/Nomor HP  Nama Pengguna - Text Box' has attribute 'content-desc' with value 'LoginNameTextInput'

2018-09-13 15:17:17 - [TEST_STEP][PASSED] - setText: Text '08112233445567' has been set to element 'Object Repository/Login/Nomor HP  Nama Pengguna - Text Box'

2018-09-13 15:17:35 - [MESSAGE][PASSED] - Text '08112233445567' has been set to element 'Object Repository/Login/Nomor HP  Nama Pengguna - Text Box'

2018-09-13 15:17:35 - [TEST_STEP][PASSED] - hideKeyboard: Keyboard is hidden

2018-09-13 15:17:36 - [MESSAGE][PASSED] - Keyboard is hidden

2018-09-13 15:17:36 - [TEST_STEP][PASSED] - verifyElementText: Actual text and expected text of test object 'Object Repository/Login/Nomor HP  Nama Pengguna - Text Box' are matched.

2018-09-13 15:17:40 - [MESSAGE][PASSED] - Actual text and expected text of test object 'Object Repository/Login/Nomor HP  Nama Pengguna - Text Box' are matched.

2018-09-13 15:17:40 - [TEST_STEP][PASSED] - waitForElementPresent: Element 'Object Repository/Login/Button Masuk' is present

2018-09-13 15:17:43 - [MESSAGE][PASSED] - Element 'Object Repository/Login/Button Masuk' is present

2018-09-13 15:17:43 - [TEST_STEP][PASSED] - verifyElementAttributeValue: Object 'Object Repository/Login/Button Masuk' has attribute 'content-desc' with value 'LoginJumpNextBtn'

2018-09-13 15:17:47 - [MESSAGE][PASSED] - Object 'Object Repository/Login/Button Masuk' has attribute 'content-desc' with value 'LoginJumpNextBtn'

2018-09-13 15:17:47 - [TEST_STEP][PASSED] - tap: Tapped on element 'Object Repository/Login/Button Masuk'

2018-09-13 15:17:53 - [MESSAGE][PASSED] - Tapped on element 'Object Repository/Login/Button Masuk'

2018-09-13 15:17:53 - [TEST_STEP][PASSED] - waitForElementPresent: Element 'Object Repository/Login/Input Pin' is present

2018-09-13 15:17:57 - [MESSAGE][PASSED] - Element 'Object Repository/Login/Input Pin' is present

2018-09-13 15:17:57 - [TEST_STEP][PASSED] - verifyElementAttributeValue: Object 'Object Repository/Login/Input Pin' has attribute 'content-desc' with value 'pinCircleFocus'

2018-09-13 15:18:01 - [MESSAGE][PASSED] - Object 'Object Repository/Login/Input Pin' has attribute 'content-desc' with value 'pinCircleFocus'

2018-09-13 15:18:01 - [TEST_STEP][PASSED] - tap: Tapped on element 'Object Repository/Login/Input Pin'

2018-09-13 15:18:06 - [MESSAGE][PASSED] - Tapped on element 'Object Repository/Login/Input Pin'

2018-09-13 15:18:06 - [TEST_STEP][PASSED] - setText: Text '123456' has been set to element 'Object Repository/Login/Input Pin'

2018-09-13 15:18:30 - [MESSAGE][PASSED] - Text '123456' has been set to element 'Object Repository/Login/Input Pin'

2018-09-13 15:18:30 - [TEST_STEP][PASSED] - delay: Delayed 5 second(s)

2018-09-13 15:18:35 - [MESSAGE][PASSED] - Delayed 5 second(s)

2018-09-13 15:18:35 - [TEST_STEP][PASSED] - comment: End Login Test Case

2018-09-13 15:18:35 - [TEST_STEP][PASSED] - waitForElementPresent: Element 'Object Repository/Sidebar Menu/Biaya/HamburgerButton' is present

2018-09-13 15:18:38 - [MESSAGE][PASSED] - Element 'Object Repository/Sidebar Menu/Biaya/HamburgerButton' is present

2018-09-13 15:18:38 - [TEST_STEP][PASSED] - comment: MESIN KASIR

2018-09-13 15:18:38 - [TEST_STEP][PASSED] - verifyElementAttributeValue: Object 'Object Repository/Sidebar Menu/Biaya/HamburgerButton' has attribute 'content-desc' with value 'headerBar_button_hamburgerMenu'

2018-09-13 15:18:42 - [MESSAGE][PASSED] - Object 'Object Repository/Sidebar Menu/Biaya/HamburgerButton' has attribute 'content-desc' with value 'headerBar_button_hamburgerMenu'

2018-09-13 15:18:42 - [TEST_STEP][PASSED] - tap: Tapped on element 'Object Repository/Sidebar Menu/Biaya/HamburgerButton'

2018-09-13 15:18:46 - [MESSAGE][PASSED] - Tapped on element 'Object Repository/Sidebar Menu/Biaya/HamburgerButton'

2018-09-13 15:18:46 - [TEST_STEP][PASSED] - waitForElementPresent: Element 'Object Repository/Sidebar Menu/Mesin Kasir/Kasir/Dashboard Kasir/Kasir' is present

2018-09-13 15:18:50 - [MESSAGE][PASSED] - Element 'Object Repository/Sidebar Menu/Mesin Kasir/Kasir/Dashboard Kasir/Kasir' is present

2018-09-13 15:18:50 - [TEST_STEP][PASSED] - verifyElementAttributeValue: Object 'Object Repository/Sidebar Menu/Mesin Kasir/Kasir/Dashboard Kasir/Kasir' has attribute 'content-desc' with value 'drawerContainer_button_cashierSwitch'

2018-09-13 15:19:00 - [MESSAGE][PASSED] - Object 'Object Repository/Sidebar Menu/Mesin Kasir/Kasir/Dashboard Kasir/Kasir' has attribute 'content-desc' with value 'drawerContainer_button_cashierSwitch'

2018-09-13 15:19:00 - [TEST_STEP][PASSED] - tap: Tapped on element 'Object Repository/Sidebar Menu/Mesin Kasir/Kasir/Dashboard Kasir/Kasir'

2018-09-13 15:19:09 - [MESSAGE][PASSED] - Tapped on element 'Object Repository/Sidebar Menu/Mesin Kasir/Kasir/Dashboard Kasir/Kasir'

2018-09-13 15:19:09 - [TEST_STEP][PASSED] - waitForElementPresent: Element 'Object Repository/Sidebar Menu/Mesin Kasir/Kasir/Dashboard Kasir/ListProduk 1' is present

2018-09-13 15:19:14 - [MESSAGE][PASSED] - Element 'Object Repository/Sidebar Menu/Mesin Kasir/Kasir/Dashboard Kasir/ListProduk 1' is present

2018-09-13 15:19:14 - [TEST_STEP][PASSED] - verifyElementAttributeValue: Object 'Object Repository/Sidebar Menu/Mesin Kasir/Kasir/Dashboard Kasir/ListProduk 1' has attribute 'content-desc' with value 'productSalesItem0'

2018-09-13 15:19:22 - [MESSAGE][PASSED] - Object 'Object Repository/Sidebar Menu/Mesin Kasir/Kasir/Dashboard Kasir/ListProduk 1' has attribute 'content-desc' with value 'productSalesItem0'

2018-09-13 15:19:22 - [TEST_STEP][PASSED] - Statement - For (def index : (0..1)): Tapped on element 'Object Repository/Sidebar Menu/Mesin Kasir/Kasir/Dashboard Kasir/ListProduk 1'

2018-09-13 15:19:22 - [TEST_STEP][PASSED] - tap: Tapped on element 'Object Repository/Sidebar Menu/Mesin Kasir/Kasir/Dashboard Kasir/ListProduk 1'

2018-09-13 15:19:27 - [MESSAGE][PASSED] - Tapped on element 'Object Repository/Sidebar Menu/Mesin Kasir/Kasir/Dashboard Kasir/ListProduk 1'

2018-09-13 15:19:27 - [TEST_STEP][PASSED] - tap: Tapped on element 'Object Repository/Sidebar Menu/Mesin Kasir/Kasir/Dashboard Kasir/ListProduk 1'

2018-09-13 15:19:32 - [MESSAGE][PASSED] - Tapped on element 'Object Repository/Sidebar Menu/Mesin Kasir/Kasir/Dashboard Kasir/ListProduk 1'

2018-09-13 15:19:32 - [TEST_STEP][PASSED] - Statement - For (def index : (0..1)): Tapped on element 'Object Repository/Sidebar Menu/Mesin Kasir/Kasir/Dashboard Kasir/ListProduk 2'

2018-09-13 15:19:32 - [TEST_STEP][PASSED] - tap: Tapped on element 'Object Repository/Sidebar Menu/Mesin Kasir/Kasir/Dashboard Kasir/ListProduk 2'

2018-09-13 15:19:38 - [MESSAGE][PASSED] - Tapped on element 'Object Repository/Sidebar Menu/Mesin Kasir/Kasir/Dashboard Kasir/ListProduk 2'

2018-09-13 15:19:38 - [TEST_STEP][PASSED] - tap: Tapped on element 'Object Repository/Sidebar Menu/Mesin Kasir/Kasir/Dashboard Kasir/ListProduk 2'

2018-09-13 15:19:43 - [MESSAGE][PASSED] - Tapped on element 'Object Repository/Sidebar Menu/Mesin Kasir/Kasir/Dashboard Kasir/ListProduk 2'

2018-09-13 15:19:43 - [TEST_STEP][PASSED] - waitForElementPresent: Element 'Object Repository/Sidebar Menu/Mesin Kasir/Kasir/Estimasi Detail Pesanan/Keranjangbtn' is present

2018-09-13 15:19:46 - [MESSAGE][PASSED] - Element 'Object Repository/Sidebar Menu/Mesin Kasir/Kasir/Estimasi Detail Pesanan/Keranjangbtn' is present

2018-09-13 15:19:46 - [TEST_STEP][PASSED] - tap: Tapped on element 'Object Repository/Sidebar Menu/Mesin Kasir/Kasir/Estimasi Detail Pesanan/Keranjangbtn'

2018-09-13 15:19:50 - [MESSAGE][PASSED] - Tapped on element 'Object Repository/Sidebar Menu/Mesin Kasir/Kasir/Estimasi Detail Pesanan/Keranjangbtn'

2018-09-13 15:19:50 - [TEST_STEP][PASSED] - comment: Ringkasan Pesanan Onboarding

2018-09-13 15:19:50 - [TEST_STEP][PASSED] - waitForElementPresent: Element 'Object Repository/Sidebar Menu/Mesin Kasir/Kasir/Ringkasan Pesanan/Diskon Tambahan/Tambah_Diskon' is present

2018-09-13 15:19:55 - [MESSAGE][PASSED] - Element 'Object Repository/Sidebar Menu/Mesin Kasir/Kasir/Ringkasan Pesanan/Diskon Tambahan/Tambah_Diskon' is present

2018-09-13 15:19:55 - [TEST_STEP][PASSED] - verifyElementAttributeValue: Object 'Object Repository/Sidebar Menu/Mesin Kasir/Kasir/Ringkasan Pesanan/Diskon Tambahan/Tambah_Diskon' has attribute 'content-desc' with value 'asubtotal_atext_additional_discount'

2018-09-13 15:20:00 - [MESSAGE][PASSED] - Object 'Object Repository/Sidebar Menu/Mesin Kasir/Kasir/Ringkasan Pesanan/Diskon Tambahan/Tambah_Diskon' has attribute 'content-desc' with value 'asubtotal_atext_additional_discount'

2018-09-13 15:20:00 - [TEST_STEP][PASSED] - verifyElementVisible: Element 'Object Repository/Sidebar Menu/Mesin Kasir/Kasir/Ringkasan Pesanan/Diskon Tambahan/Tambah_Diskon' is visible

2018-09-13 15:20:04 - [MESSAGE][PASSED] - Element 'Object Repository/Sidebar Menu/Mesin Kasir/Kasir/Ringkasan Pesanan/Diskon Tambahan/Tambah_Diskon' is visible

2018-09-13 15:20:04 - [TEST_STEP][PASSED] - waitForElementPresent: Element 'Object Repository/Sidebar Menu/Mesin Kasir/Kasir/Ringkasan Pesanan/Biaya Tambahan/Tambah_Biaya' is present

2018-09-13 15:20:09 - [MESSAGE][PASSED] - Element 'Object Repository/Sidebar Menu/Mesin Kasir/Kasir/Ringkasan Pesanan/Biaya Tambahan/Tambah_Biaya' is present

2018-09-13 15:20:09 - [TEST_STEP][PASSED] - verifyElementAttributeValue: Object 'Object Repository/Sidebar Menu/Mesin Kasir/Kasir/Ringkasan Pesanan/Biaya Tambahan/Tambah_Biaya' has attribute 'content-desc' with value 'asubtotal_abutton_additional_cost'

2018-09-13 15:20:13 - [MESSAGE][PASSED] - Object 'Object Repository/Sidebar Menu/Mesin Kasir/Kasir/Ringkasan Pesanan/Biaya Tambahan/Tambah_Biaya' has attribute 'content-desc' with value 'asubtotal_abutton_additional_cost'

2018-09-13 15:20:13 - [TEST_STEP][PASSED] - tap: Tapped on element 'Object Repository/Sidebar Menu/Mesin Kasir/Kasir/Ringkasan Pesanan/Biaya Tambahan/Tambah_Biaya'

2018-09-13 15:20:19 - [MESSAGE][PASSED] - Tapped on element 'Object Repository/Sidebar Menu/Mesin Kasir/Kasir/Ringkasan Pesanan/Biaya Tambahan/Tambah_Biaya'

2018-09-13 15:20:19 - [TEST_STEP][PASSED] - waitForElementPresent: Element 'Object Repository/Sidebar Menu/Mesin Kasir/Kasir/Ringkasan Pesanan/Biaya Tambahan/TambahBiaya - JudulDropdown' is present

2018-09-13 15:20:23 - [MESSAGE][PASSED] - Element 'Object Repository/Sidebar Menu/Mesin Kasir/Kasir/Ringkasan Pesanan/Biaya Tambahan/TambahBiaya - JudulDropdown' is present

2018-09-13 15:20:23 - [TEST_STEP][PASSED] - verifyElementAttributeValue: Object 'Object Repository/Sidebar Menu/Mesin Kasir/Kasir/Ringkasan Pesanan/Biaya Tambahan/TambahBiaya - JudulDropdown' has attribute 'content-desc' with value 'additionalCost_icon_costType'

2018-09-13 15:20:27 - [MESSAGE][PASSED] - Object 'Object Repository/Sidebar Menu/Mesin Kasir/Kasir/Ringkasan Pesanan/Biaya Tambahan/TambahBiaya - JudulDropdown' has attribute 'content-desc' with value 'additionalCost_icon_costType'

2018-09-13 15:20:27 - [TEST_STEP][PASSED] - tap: Tapped on element 'Object Repository/Sidebar Menu/Mesin Kasir/Kasir/Ringkasan Pesanan/Biaya Tambahan/TambahBiaya - JudulDropdown'

2018-09-13 15:20:33 - [MESSAGE][PASSED] - Tapped on element 'Object Repository/Sidebar Menu/Mesin Kasir/Kasir/Ringkasan Pesanan/Biaya Tambahan/TambahBiaya - JudulDropdown'

2018-09-13 15:20:33 - [TEST_STEP][PASSED] - waitForElementPresent: Element 'Object Repository/Sidebar Menu/Mesin Kasir/Kasir/Ringkasan Pesanan/Biaya Tambahan/TambahBiaya - JudulList2' is present

2018-09-13 15:20:38 - [MESSAGE][PASSED] - Element 'Object Repository/Sidebar Menu/Mesin Kasir/Kasir/Ringkasan Pesanan/Biaya Tambahan/TambahBiaya - JudulList2' is present

2018-09-13 15:20:38 - [TEST_STEP][PASSED] - verifyElementAttributeValue: Object 'Object Repository/Sidebar Menu/Mesin Kasir/Kasir/Ringkasan Pesanan/Biaya Tambahan/TambahBiaya - JudulList2' has attribute 'content-desc' with value 'additionalCost_text_costType_1'

2018-09-13 15:20:42 - [MESSAGE][PASSED] - Object 'Object Repository/Sidebar Menu/Mesin Kasir/Kasir/Ringkasan Pesanan/Biaya Tambahan/TambahBiaya - JudulList2' has attribute 'content-desc' with value 'additionalCost_text_costType_1'

2018-09-13 15:20:42 - [TEST_STEP][PASSED] - tap: Tapped on element 'Object Repository/Sidebar Menu/Mesin Kasir/Kasir/Ringkasan Pesanan/Biaya Tambahan/TambahBiaya - JudulList2'

2018-09-13 15:20:50 - [MESSAGE][PASSED] - Tapped on element 'Object Repository/Sidebar Menu/Mesin Kasir/Kasir/Ringkasan Pesanan/Biaya Tambahan/TambahBiaya - JudulList2'

2018-09-13 15:20:50 - [TEST_STEP][PASSED] - waitForElementPresent: Element 'Object Repository/Sidebar Menu/Mesin Kasir/Kasir/Ringkasan Pesanan/Biaya Tambahan/TambahBiaya - BiayaEditTxt' is present

2018-09-13 15:20:56 - [MESSAGE][PASSED] - Element 'Object Repository/Sidebar Menu/Mesin Kasir/Kasir/Ringkasan Pesanan/Biaya Tambahan/TambahBiaya - BiayaEditTxt' is present

2018-09-13 15:20:56 - [TEST_STEP][PASSED] - verifyElementAttributeValue: Object 'Object Repository/Sidebar Menu/Mesin Kasir/Kasir/Ringkasan Pesanan/Biaya Tambahan/TambahBiaya - BiayaEditTxt' has attribute 'content-desc' with value 'additionalCost_input_costAmount'

2018-09-13 15:21:03 - [MESSAGE][PASSED] - Object 'Object Repository/Sidebar Menu/Mesin Kasir/Kasir/Ringkasan Pesanan/Biaya Tambahan/TambahBiaya - BiayaEditTxt' has attribute 'content-desc' with value 'additionalCost_input_costAmount'

2018-09-13 15:21:03 - [TEST_STEP][PASSED] - setText: Text '2000' has been set to element 'Object Repository/Sidebar Menu/Mesin Kasir/Kasir/Ringkasan Pesanan/Biaya Tambahan/TambahBiaya - BiayaEditTxt'

2018-09-13 15:21:20 - [MESSAGE][PASSED] - Text '2000' has been set to element 'Object Repository/Sidebar Menu/Mesin Kasir/Kasir/Ringkasan Pesanan/Biaya Tambahan/TambahBiaya - BiayaEditTxt'

2018-09-13 15:21:20 - [TEST_STEP][PASSED] - hideKeyboard: Keyboard is hidden

2018-09-13 15:21:22 - [MESSAGE][PASSED] - Keyboard is hidden

2018-09-13 15:21:22 - [TEST_STEP][PASSED] - waitForElementPresent: Element 'Object Repository/Sidebar Menu/Mesin Kasir/Kasir/Ringkasan Pesanan/Biaya Tambahan/TambahBiaya - SIMPANbtn' is present

2018-09-13 15:21:26 - [MESSAGE][PASSED] - Element 'Object Repository/Sidebar Menu/Mesin Kasir/Kasir/Ringkasan Pesanan/Biaya Tambahan/TambahBiaya - SIMPANbtn' is present

2018-09-13 15:21:26 - [TEST_STEP][PASSED] - verifyElementAttributeValue: Object 'Object Repository/Sidebar Menu/Mesin Kasir/Kasir/Ringkasan Pesanan/Biaya Tambahan/TambahBiaya - SIMPANbtn' has attribute 'content-desc' with value 'additionalCost_button_saveCost'

2018-09-13 15:21:30 - [MESSAGE][PASSED] - Object 'Object Repository/Sidebar Menu/Mesin Kasir/Kasir/Ringkasan Pesanan/Biaya Tambahan/TambahBiaya - SIMPANbtn' has attribute 'content-desc' with value 'additionalCost_button_saveCost'

2018-09-13 15:21:30 - [TEST_STEP][PASSED] - tap: Tapped on element 'Object Repository/Sidebar Menu/Mesin Kasir/Kasir/Ringkasan Pesanan/Biaya Tambahan/TambahBiaya - SIMPANbtn'

2018-09-13 15:21:39 - [MESSAGE][PASSED] - Tapped on element 'Object Repository/Sidebar Menu/Mesin Kasir/Kasir/Ringkasan Pesanan/Biaya Tambahan/TambahBiaya - SIMPANbtn'

2018-09-13 15:21:39 - [TEST_STEP][PASSED] - comment: Edit Biaya Tambahan

2018-09-13 15:21:39 - [TEST_STEP][PASSED] - waitForElementPresent: Element 'Object Repository/Sidebar Menu/Mesin Kasir/Kasir/Ringkasan Pesanan/Biaya Tambahan/Tambah_Biaya' is present

2018-09-13 15:21:42 - [MESSAGE][PASSED] - Element 'Object Repository/Sidebar Menu/Mesin Kasir/Kasir/Ringkasan Pesanan/Biaya Tambahan/Tambah_Biaya' is present

2018-09-13 15:21:42 - [TEST_STEP][PASSED] - verifyElementAttributeValue: Object 'Object Repository/Sidebar Menu/Mesin Kasir/Kasir/Ringkasan Pesanan/Biaya Tambahan/Tambah_Biaya' has attribute 'content-desc' with value 'asubtotal_abutton_additional_cost'

2018-09-13 15:21:49 - [MESSAGE][PASSED] - Object 'Object Repository/Sidebar Menu/Mesin Kasir/Kasir/Ringkasan Pesanan/Biaya Tambahan/Tambah_Biaya' has attribute 'content-desc' with value 'asubtotal_abutton_additional_cost'

2018-09-13 15:21:49 - [TEST_STEP][PASSED] - tap: Tapped on element 'Object Repository/Sidebar Menu/Mesin Kasir/Kasir/Ringkasan Pesanan/Biaya Tambahan/Tambah_Biaya'

2018-09-13 15:21:55 - [MESSAGE][PASSED] - Tapped on element 'Object Repository/Sidebar Menu/Mesin Kasir/Kasir/Ringkasan Pesanan/Biaya Tambahan/Tambah_Biaya'

2018-09-13 15:21:55 - [TEST_STEP][PASSED] - waitForElementPresent: Element 'Object Repository/Sidebar Menu/Mesin Kasir/Kasir/Ringkasan Pesanan/Biaya Tambahan/TambahBiaya - JudulDropdown' is present

2018-09-13 15:21:59 - [MESSAGE][PASSED] - Element 'Object Repository/Sidebar Menu/Mesin Kasir/Kasir/Ringkasan Pesanan/Biaya Tambahan/TambahBiaya - JudulDropdown' is present

2018-09-13 15:21:59 - [TEST_STEP][PASSED] - verifyElementAttributeValue: Object 'Object Repository/Sidebar Menu/Mesin Kasir/Kasir/Ringkasan Pesanan/Biaya Tambahan/TambahBiaya - JudulDropdown' has attribute 'content-desc' with value 'additionalCost_icon_costType'

2018-09-13 15:22:03 - [MESSAGE][PASSED] - Object 'Object Repository/Sidebar Menu/Mesin Kasir/Kasir/Ringkasan Pesanan/Biaya Tambahan/TambahBiaya - JudulDropdown' has attribute 'content-desc' with value 'additionalCost_icon_costType'

2018-09-13 15:22:03 - [TEST_STEP][PASSED] - tap: Tapped on element 'Object Repository/Sidebar Menu/Mesin Kasir/Kasir/Ringkasan Pesanan/Biaya Tambahan/TambahBiaya - JudulDropdown'

2018-09-13 15:22:08 - [MESSAGE][PASSED] - Tapped on element 'Object Repository/Sidebar Menu/Mesin Kasir/Kasir/Ringkasan Pesanan/Biaya Tambahan/TambahBiaya - JudulDropdown'

2018-09-13 15:22:08 - [TEST_STEP][PASSED] - waitForElementPresent: Element 'Object Repository/Sidebar Menu/Mesin Kasir/Kasir/Ringkasan Pesanan/Biaya Tambahan/TambahBiaya - JudulList1' is present

2018-09-13 15:22:11 - [MESSAGE][PASSED] - Element 'Object Repository/Sidebar Menu/Mesin Kasir/Kasir/Ringkasan Pesanan/Biaya Tambahan/TambahBiaya - JudulList1' is present

2018-09-13 15:22:11 - [TEST_STEP][PASSED] - verifyElementAttributeValue: Object 'Object Repository/Sidebar Menu/Mesin Kasir/Kasir/Ringkasan Pesanan/Biaya Tambahan/TambahBiaya - JudulList1' has attribute 'content-desc' with value 'additionalCost_text_costType_0'

2018-09-13 15:22:16 - [MESSAGE][PASSED] - Object 'Object Repository/Sidebar Menu/Mesin Kasir/Kasir/Ringkasan Pesanan/Biaya Tambahan/TambahBiaya - JudulList1' has attribute 'content-desc' with value 'additionalCost_text_costType_0'

2018-09-13 15:22:16 - [TEST_STEP][PASSED] - tap: Tapped on element 'Object Repository/Sidebar Menu/Mesin Kasir/Kasir/Ringkasan Pesanan/Biaya Tambahan/TambahBiaya - JudulList1'

2018-09-13 15:22:22 - [MESSAGE][PASSED] - Tapped on element 'Object Repository/Sidebar Menu/Mesin Kasir/Kasir/Ringkasan Pesanan/Biaya Tambahan/TambahBiaya - JudulList1'

2018-09-13 15:22:22 - [TEST_STEP][PASSED] - waitForElementPresent: Element 'Object Repository/Sidebar Menu/Mesin Kasir/Kasir/Ringkasan Pesanan/Biaya Tambahan/TambahBiaya - BiayaEditTxt' is present

2018-09-13 15:22:24 - [MESSAGE][PASSED] - Element 'Object Repository/Sidebar Menu/Mesin Kasir/Kasir/Ringkasan Pesanan/Biaya Tambahan/TambahBiaya - BiayaEditTxt' is present

2018-09-13 15:22:24 - [TEST_STEP][PASSED] - verifyElementAttributeValue: Object 'Object Repository/Sidebar Menu/Mesin Kasir/Kasir/Ringkasan Pesanan/Biaya Tambahan/TambahBiaya - BiayaEditTxt' has attribute 'content-desc' with value 'additionalCost_input_costAmount'

2018-09-13 15:22:32 - [MESSAGE][PASSED] - Object 'Object Repository/Sidebar Menu/Mesin Kasir/Kasir/Ringkasan Pesanan/Biaya Tambahan/TambahBiaya - BiayaEditTxt' has attribute 'content-desc' with value 'additionalCost_input_costAmount'

2018-09-13 15:22:32 - [TEST_STEP][PASSED] - clearText: Element 'Object Repository/Sidebar Menu/Mesin Kasir/Kasir/Ringkasan Pesanan/Biaya Tambahan/TambahBiaya - BiayaEditTxt' text is cleared

2018-09-13 15:22:42 - [MESSAGE][PASSED] - Element 'Object Repository/Sidebar Menu/Mesin Kasir/Kasir/Ringkasan Pesanan/Biaya Tambahan/TambahBiaya - BiayaEditTxt' text is cleared

2018-09-13 15:22:42 - [TEST_STEP][PASSED] - setText: Text '50000' has been set to element 'Object Repository/Sidebar Menu/Mesin Kasir/Kasir/Ringkasan Pesanan/Biaya Tambahan/TambahBiaya - BiayaEditTxt'

2018-09-13 15:22:58 - [MESSAGE][PASSED] - Text '50000' has been set to element 'Object Repository/Sidebar Menu/Mesin Kasir/Kasir/Ringkasan Pesanan/Biaya Tambahan/TambahBiaya - BiayaEditTxt'

2018-09-13 15:22:58 - [TEST_STEP][PASSED] - hideKeyboard: Keyboard is hidden

2018-09-13 15:22:59 - [MESSAGE][PASSED] - Keyboard is hidden

2018-09-13 15:22:59 - [TEST_STEP][PASSED] - verifyElementText: Actual text and expected text of test object 'Object Repository/Sidebar Menu/Mesin Kasir/Kasir/Ringkasan Pesanan/Biaya Tambahan/TambahBiaya - BiayaEditTxt' are matched.

2018-09-13 15:23:03 - [MESSAGE][PASSED] - Actual text and expected text of test object 'Object Repository/Sidebar Menu/Mesin Kasir/Kasir/Ringkasan Pesanan/Biaya Tambahan/TambahBiaya - BiayaEditTxt' are matched.

2018-09-13 15:23:03 - [TEST_STEP][PASSED] - waitForElementPresent: Element 'Object Repository/Sidebar Menu/Mesin Kasir/Kasir/Ringkasan Pesanan/Biaya Tambahan/TambahBiaya - SIMPANbtn' is present

2018-09-13 15:23:08 - [MESSAGE][PASSED] - Element 'Object Repository/Sidebar Menu/Mesin Kasir/Kasir/Ringkasan Pesanan/Biaya Tambahan/TambahBiaya - SIMPANbtn' is present

2018-09-13 15:23:08 - [TEST_STEP][PASSED] - verifyElementAttributeValue: Object 'Object Repository/Sidebar Menu/Mesin Kasir/Kasir/Ringkasan Pesanan/Biaya Tambahan/TambahBiaya - SIMPANbtn' has attribute 'content-desc' with value 'additionalCost_button_saveCost'

2018-09-13 15:23:12 - [MESSAGE][PASSED] - Object 'Object Repository/Sidebar Menu/Mesin Kasir/Kasir/Ringkasan Pesanan/Biaya Tambahan/TambahBiaya - SIMPANbtn' has attribute 'content-desc' with value 'additionalCost_button_saveCost'

2018-09-13 15:23:12 - [TEST_STEP][PASSED] - tap: Tapped on element 'Object Repository/Sidebar Menu/Mesin Kasir/Kasir/Ringkasan Pesanan/Biaya Tambahan/TambahBiaya - SIMPANbtn'

2018-09-13 15:23:17 - [MESSAGE][PASSED] - Tapped on element 'Object Repository/Sidebar Menu/Mesin Kasir/Kasir/Ringkasan Pesanan/Biaya Tambahan/TambahBiaya - SIMPANbtn'

2018-09-13 15:23:17 - [TEST_STEP][PASSED] - closeApplication: Close app successfully

2018-09-13 15:23:24 - [MESSAGE][PASSED] - Close app successfully]]></system-out>
         <system-err><![CDATA[]]></system-err>
      </testcase>
      <testcase name="Test Cases/Release 3 - Squad Hades/Sprint 1/Story 1770 - Additional Biaya Tambahan in shoopping cart/TC 4 - Select Ongkos Kirim from Biaya Tambahan droplist" classname="Test Cases/Release 3 - Squad Hades/Sprint 1/Story 1770 - Additional Biaya Tambahan in shoopping cart/TC 4 - Select Ongkos Kirim from Biaya Tambahan droplist" status="FAILED">
         <failure type="FAILED" message="Failed to tap on element 'Object Repository/Sidebar Menu/Biaya/HamburgerButton' (Root cause: Object Object Repository/Sidebar Menu/Biaya/HamburgerButton not found)"/>
         <system-out><![CDATA[2018-09-13 15:23:24 - [TEST_CASE][FAILED] - Test Cases/Release 3 - Squad Hades/Sprint 1/Story 1770 - Additional Biaya Tambahan in shoopping cart/TC 4 - Select Ongkos Kirim from Biaya Tambahan droplist: Test Cases/Release 3 - Squad Hades/Sprint 1/Story 1770 - Additional Biaya Tambahan in shoopping cart/TC 4 - Select Ongkos Kirim from Biaya Tambahan droplist FAILED because (of) Failed to tap on element 'Object Repository/Sidebar Menu/Biaya/HamburgerButton' (Root cause: Object Object Repository/Sidebar Menu/Biaya/HamburgerButton not found)

2018-09-13 15:23:25 - [TEST_STEP][PASSED] - comment: WELCOME SCREEN

2018-09-13 15:23:25 - [TEST_STEP][PASSED] - Statement - apkPath = apkName: null

2018-09-13 15:23:25 - [TEST_STEP][PASSED] - startApplication: Started app at: 'C:\Users\AV2017005903\Documents\apollo-automation\12 September.apk'

2018-09-13 15:24:06 - [MESSAGE][PASSED] - Started app at: 'C:\Users\AV2017005903\Documents\apollo-automation\12 September.apk'

2018-09-13 15:24:06 - [TEST_STEP][PASSED] - delay: Delayed 15 second(s)

2018-09-13 15:24:21 - [MESSAGE][PASSED] - Delayed 15 second(s)

2018-09-13 15:24:21 - [TEST_STEP][PASSED] - Comment - "If there is a Update TopuUp, click No, Else you can delay for waiting lazyload ": null

2018-09-13 15:24:21 - [TEST_STEP][PASSED] - Statement - driver = com.kms.katalon.core.mobile.keyword.internal.MobileDriverFactory.getDriver(): null

2018-09-13 15:24:21 - [TEST_STEP][PASSED] - Statement - action = new io.appium.java_client.TouchAction(driver): null

2018-09-13 15:24:21 - [TEST_STEP][PASSED] - Statement - action.longPress(550, 300).moveTo(100, 300).release().perform(): null

2018-09-13 15:24:23 - [TEST_STEP][PASSED] - delay: Delayed 8 second(s)

2018-09-13 15:24:31 - [MESSAGE][PASSED] - Delayed 8 second(s)

2018-09-13 15:24:31 - [TEST_STEP][PASSED] - Statement - action.longPress(550, 300).moveTo(100, 300).release().perform(): null

2018-09-13 15:24:34 - [TEST_STEP][PASSED] - delay: Delayed 8 second(s)

2018-09-13 15:24:42 - [MESSAGE][PASSED] - Delayed 8 second(s)

2018-09-13 15:24:42 - [TEST_STEP][PASSED] - Statement - action.longPress(550, 300).moveTo(100, 300).release().perform(): null

2018-09-13 15:24:45 - [TEST_STEP][PASSED] - delay: Delayed 8 second(s)

2018-09-13 15:24:53 - [MESSAGE][PASSED] - Delayed 8 second(s)

2018-09-13 15:24:53 - [TEST_STEP][PASSED] - Statement - action.longPress(550, 300).moveTo(100, 300).release().perform(): null

2018-09-13 15:24:56 - [TEST_STEP][PASSED] - delay: Delayed 8 second(s)

2018-09-13 15:25:04 - [MESSAGE][PASSED] - Delayed 8 second(s)

2018-09-13 15:25:04 - [TEST_STEP][PASSED] - waitForElementPresent: Element 'Object Repository/Splash Screen/Mulai - Button' is present

2018-09-13 15:25:04 - [MESSAGE][WARNING] - Timeout '0' is invalid. Using default page load timeout: '30'

2018-09-13 15:25:10 - [MESSAGE][PASSED] - Element 'Object Repository/Splash Screen/Mulai - Button' is present

2018-09-13 15:25:10 - [TEST_STEP][PASSED] - tap: Tapped on element 'Object Repository/Splash Screen/Mulai - Button'

2018-09-13 15:25:10 - [MESSAGE][WARNING] - Timeout '0' is invalid. Using default page load timeout: '30'

2018-09-13 15:25:17 - [MESSAGE][PASSED] - Tapped on element 'Object Repository/Splash Screen/Mulai - Button'

2018-09-13 15:25:17 - [TEST_STEP][PASSED] - comment: end Welcome Screen

2018-09-13 15:25:17 - [TEST_STEP][PASSED] - comment: LOGIN

2018-09-13 15:25:17 - [TEST_STEP][PASSED] - waitForElementPresent: Element 'Object Repository/Login/Nomor HP  Nama Pengguna - Text Box' is present

2018-09-13 15:25:22 - [MESSAGE][PASSED] - Element 'Object Repository/Login/Nomor HP  Nama Pengguna - Text Box' is present

2018-09-13 15:25:22 - [TEST_STEP][PASSED] - verifyElementAttributeValue: Object 'Object Repository/Login/Nomor HP  Nama Pengguna - Text Box' has attribute 'content-desc' with value 'LoginNameTextInput'

2018-09-13 15:25:28 - [MESSAGE][PASSED] - Object 'Object Repository/Login/Nomor HP  Nama Pengguna - Text Box' has attribute 'content-desc' with value 'LoginNameTextInput'

2018-09-13 15:25:28 - [TEST_STEP][PASSED] - setText: Text '08112233445567' has been set to element 'Object Repository/Login/Nomor HP  Nama Pengguna - Text Box'

2018-09-13 15:25:46 - [MESSAGE][PASSED] - Text '08112233445567' has been set to element 'Object Repository/Login/Nomor HP  Nama Pengguna - Text Box'

2018-09-13 15:25:46 - [TEST_STEP][PASSED] - hideKeyboard: Keyboard is hidden

2018-09-13 15:25:47 - [MESSAGE][PASSED] - Keyboard is hidden

2018-09-13 15:25:48 - [TEST_STEP][PASSED] - verifyElementText: Actual text and expected text of test object 'Object Repository/Login/Nomor HP  Nama Pengguna - Text Box' are matched.

2018-09-13 15:25:51 - [MESSAGE][PASSED] - Actual text and expected text of test object 'Object Repository/Login/Nomor HP  Nama Pengguna - Text Box' are matched.

2018-09-13 15:25:51 - [TEST_STEP][PASSED] - waitForElementPresent: Element 'Object Repository/Login/Button Masuk' is present

2018-09-13 15:25:54 - [MESSAGE][PASSED] - Element 'Object Repository/Login/Button Masuk' is present

2018-09-13 15:25:54 - [TEST_STEP][PASSED] - verifyElementAttributeValue: Object 'Object Repository/Login/Button Masuk' has attribute 'content-desc' with value 'LoginJumpNextBtn'

2018-09-13 15:26:01 - [MESSAGE][PASSED] - Object 'Object Repository/Login/Button Masuk' has attribute 'content-desc' with value 'LoginJumpNextBtn'

2018-09-13 15:26:01 - [TEST_STEP][PASSED] - tap: Tapped on element 'Object Repository/Login/Button Masuk'

2018-09-13 15:26:06 - [MESSAGE][PASSED] - Tapped on element 'Object Repository/Login/Button Masuk'

2018-09-13 15:26:06 - [TEST_STEP][PASSED] - waitForElementPresent: Element 'Object Repository/Login/Input Pin' is present

2018-09-13 15:26:10 - [MESSAGE][PASSED] - Element 'Object Repository/Login/Input Pin' is present

2018-09-13 15:26:10 - [TEST_STEP][PASSED] - verifyElementAttributeValue: Object 'Object Repository/Login/Input Pin' has attribute 'content-desc' with value 'pinCircleFocus'

2018-09-13 15:26:14 - [MESSAGE][PASSED] - Object 'Object Repository/Login/Input Pin' has attribute 'content-desc' with value 'pinCircleFocus'

2018-09-13 15:26:14 - [TEST_STEP][PASSED] - tap: Tapped on element 'Object Repository/Login/Input Pin'

2018-09-13 15:26:20 - [MESSAGE][PASSED] - Tapped on element 'Object Repository/Login/Input Pin'

2018-09-13 15:26:20 - [TEST_STEP][PASSED] - setText: Text '123456' has been set to element 'Object Repository/Login/Input Pin'

2018-09-13 15:26:39 - [MESSAGE][PASSED] - Text '123456' has been set to element 'Object Repository/Login/Input Pin'

2018-09-13 15:26:39 - [TEST_STEP][PASSED] - delay: Delayed 5 second(s)

2018-09-13 15:26:44 - [MESSAGE][PASSED] - Delayed 5 second(s)

2018-09-13 15:26:44 - [TEST_STEP][PASSED] - comment: End Login Test Case

2018-09-13 15:26:44 - [TEST_STEP][PASSED] - waitForElementPresent: Object Object Repository/Sidebar Menu/Biaya/HamburgerButton not found

2018-09-13 15:26:50 - [MESSAGE][WARNING] - Object Object Repository/Sidebar Menu/Biaya/HamburgerButton not found

2018-09-13 15:26:50 - [TEST_STEP][PASSED] - comment: MESIN KASIR

2018-09-13 15:26:50 - [TEST_STEP][PASSED] - verifyElementAttributeValue: Element 'Object Repository/Sidebar Menu/Biaya/HamburgerButton' not found

2018-09-13 15:26:53 - [MESSAGE][WARNING] - Element 'Object Repository/Sidebar Menu/Biaya/HamburgerButton' not found

2018-09-13 15:26:53 - [TEST_STEP][FAILED] - tap: Failed to tap on element 'Object Repository/Sidebar Menu/Biaya/HamburgerButton' (Root cause: Object Object Repository/Sidebar Menu/Biaya/HamburgerButton not found)

2018-09-13 15:27:03 - [MESSAGE][FAILED] - Object Object Repository/Sidebar Menu/Biaya/HamburgerButton not found
[[ATTACHMENT|C:\\Users\\AV2017005903\\Documents\\apollo-automation\\Reports\\Story 1770 - Additional Biaya Tambahan in shoopping cart\\20180913_150223\\1536827221513.png]]

2018-09-13 15:27:05 - [MESSAGE][FAILED] - Failed to tap on element 'Object Repository/Sidebar Menu/Biaya/HamburgerButton' (Root cause: Object Object Repository/Sidebar Menu/Biaya/HamburgerButton not found)
[[ATTACHMENT|C:\\Users\\AV2017005903\\Documents\\apollo-automation\\Reports\\Story 1770 - Additional Biaya Tambahan in shoopping cart\\20180913_150223\\1536827223439.png]]]]></system-out>
         <system-err><![CDATA[2018-09-13 15:23:24 - [TEST_CASE][FAILED] - Test Cases/Release 3 - Squad Hades/Sprint 1/Story 1770 - Additional Biaya Tambahan in shoopping cart/TC 4 - Select Ongkos Kirim from Biaya Tambahan droplist: Test Cases/Release 3 - Squad Hades/Sprint 1/Story 1770 - Additional Biaya Tambahan in shoopping cart/TC 4 - Select Ongkos Kirim from Biaya Tambahan droplist FAILED because (of) Failed to tap on element 'Object Repository/Sidebar Menu/Biaya/HamburgerButton' (Root cause: Object Object Repository/Sidebar Menu/Biaya/HamburgerButton not found)]]></system-err>
      </testcase>
      <testcase name="Test Cases/Release 3 - Squad Hades/Sprint 1/Story 1770 - Additional Biaya Tambahan in shoopping cart/TC 5 - Select Biaya Packing from Biaya Tambahan droplist" classname="Test Cases/Release 3 - Squad Hades/Sprint 1/Story 1770 - Additional Biaya Tambahan in shoopping cart/TC 5 - Select Biaya Packing from Biaya Tambahan droplist" status="FAILED">
         <failure type="FAILED" message="Unable to start app at: '12 September.apk' (Root cause: org.openqa.selenium.WebDriverException: An unknown server-side error occurred while processing the command. Original error: Cannot start the 'com.btpn.appbisnis.sit' application. Original error: Cannot start the 'com.btpn.appbisnis.sit' application. Original error: Activity name '.com.btpn_mpos_rn.react_bridging.splash.SplashActivity' used to start the app doesn't exist or cannot be launched! Make sure it exists and is a launchable activity (WARNING: The server did not provide any stacktrace information)
Command duration or timeout: 64.55 seconds
Build info: version: '3.7.1', revision: '8a0099a', time: '2017-11-06T21:07:36.161Z'
System info: host: 'NBMP18A211ITSQA', ip: '192.168.62.1', os.name: 'Windows 10', os.arch: 'amd64', os.version: '10.0', java.version: '1.8.0_181'
Driver info: driver.version: SwipeableAndroidDriver)"/>
         <system-out><![CDATA[2018-09-13 15:27:05 - [TEST_CASE][FAILED] - Test Cases/Release 3 - Squad Hades/Sprint 1/Story 1770 - Additional Biaya Tambahan in shoopping cart/TC 5 - Select Biaya Packing from Biaya Tambahan droplist: Test Cases/Release 3 - Squad Hades/Sprint 1/Story 1770 - Additional Biaya Tambahan in shoopping cart/TC 5 - Select Biaya Packing from Biaya Tambahan droplist FAILED because (of) Unable to start app at: '12 September.apk' (Root cause: org.openqa.selenium.WebDriverException: An unknown server-side error occurred while processing the command. Original error: Cannot start the 'com.btpn.appbisnis.sit' application. Original error: Cannot start the 'com.btpn.appbisnis.sit' application. Original error: Activity name '.com.btpn_mpos_rn.react_bridging.splash.SplashActivity' used to start the app doesn't exist or cannot be launched! Make sure it exists and is a launchable activity (WARNING: The server did not provide any stacktrace information)
Command duration or timeout: 64.55 seconds
Build info: version: '3.7.1', revision: '8a0099a', time: '2017-11-06T21:07:36.161Z'
System info: host: 'NBMP18A211ITSQA', ip: '192.168.62.1', os.name: 'Windows 10', os.arch: 'amd64', os.version: '10.0', java.version: '1.8.0_181'
Driver info: driver.version: SwipeableAndroidDriver)

2018-09-13 15:27:05 - [TEST_STEP][PASSED] - comment: WELCOME SCREEN

2018-09-13 15:27:05 - [TEST_STEP][PASSED] - Statement - apkPath = apkName: null

2018-09-13 15:27:05 - [TEST_STEP][FAILED] - startApplication: Unable to start app at: '12 September.apk' (Root cause: org.openqa.selenium.WebDriverException: An unknown server-side error occurred while processing the command. Original error: Cannot start the 'com.btpn.appbisnis.sit' application. Original error: Cannot start the 'com.btpn.appbisnis.sit' application. Original error: Activity name '.com.btpn_mpos_rn.react_bridging.splash.SplashActivity' used to start the app doesn't exist or cannot be launched! Make sure it exists and is a launchable activity (WARNING: The server did not provide any stacktrace information)
Command duration or timeout: 64.55 seconds
Build info: version: '3.7.1', revision: '8a0099a', time: '2017-11-06T21:07:36.161Z'
System info: host: 'NBMP18A211ITSQA', ip: '192.168.62.1', os.name: 'Windows 10', os.arch: 'amd64', os.version: '10.0', java.version: '1.8.0_181'
Driver info: driver.version: SwipeableAndroidDriver)

2018-09-13 15:28:10 - [MESSAGE][FAILED] - Unable to start app at: '12 September.apk' (Root cause: org.openqa.selenium.WebDriverException: An unknown server-side error occurred while processing the command. Original error: Cannot start the 'com.btpn.appbisnis.sit' application. Original error: Cannot start the 'com.btpn.appbisnis.sit' application. Original error: Activity name '.com.btpn_mpos_rn.react_bridging.splash.SplashActivity' used to start the app doesn't exist or cannot be launched! Make sure it exists and is a launchable activity (WARNING: The server did not provide any stacktrace information)
Command duration or timeout: 64.55 seconds
Build info: version: '3.7.1', revision: '8a0099a', time: '2017-11-06T21:07:36.161Z'
System info: host: 'NBMP18A211ITSQA', ip: '192.168.62.1', os.name: 'Windows 10', os.arch: 'amd64', os.version: '10.0', java.version: '1.8.0_181'
Driver info: driver.version: SwipeableAndroidDriver)]]></system-out>
         <system-err><![CDATA[2018-09-13 15:27:05 - [TEST_CASE][FAILED] - Test Cases/Release 3 - Squad Hades/Sprint 1/Story 1770 - Additional Biaya Tambahan in shoopping cart/TC 5 - Select Biaya Packing from Biaya Tambahan droplist: Test Cases/Release 3 - Squad Hades/Sprint 1/Story 1770 - Additional Biaya Tambahan in shoopping cart/TC 5 - Select Biaya Packing from Biaya Tambahan droplist FAILED because (of) Unable to start app at: '12 September.apk' (Root cause: org.openqa.selenium.WebDriverException: An unknown server-side error occurred while processing the command. Original error: Cannot start the 'com.btpn.appbisnis.sit' application. Original error: Cannot start the 'com.btpn.appbisnis.sit' application. Original error: Activity name '.com.btpn_mpos_rn.react_bridging.splash.SplashActivity' used to start the app doesn't exist or cannot be launched! Make sure it exists and is a launchable activity (WARNING: The server did not provide any stacktrace information)
Command duration or timeout: 64.55 seconds
Build info: version: '3.7.1', revision: '8a0099a', time: '2017-11-06T21:07:36.161Z'
System info: host: 'NBMP18A211ITSQA', ip: '192.168.62.1', os.name: 'Windows 10', os.arch: 'amd64', os.version: '10.0', java.version: '1.8.0_181'
Driver info: driver.version: SwipeableAndroidDriver)]]></system-err>
      </testcase>
      <testcase name="Test Cases/Release 3 - Squad Hades/Sprint 1/Story 1770 - Additional Biaya Tambahan in shoopping cart/TC 6 - Select Other from Biaya Tambahan droplist" classname="Test Cases/Release 3 - Squad Hades/Sprint 1/Story 1770 - Additional Biaya Tambahan in shoopping cart/TC 6 - Select Other from Biaya Tambahan droplist" status="PASSED">
         <system-out><![CDATA[2018-09-13 15:28:10 - [TEST_CASE][PASSED] - Test Cases/Release 3 - Squad Hades/Sprint 1/Story 1770 - Additional Biaya Tambahan in shoopping cart/TC 6 - Select Other from Biaya Tambahan droplist: Test Cases/Release 3 - Squad Hades/Sprint 1/Story 1770 - Additional Biaya Tambahan in shoopping cart/TC 6 - Select Other from Biaya Tambahan droplist

2018-09-13 15:28:10 - [TEST_STEP][PASSED] - comment: WELCOME SCREEN

2018-09-13 15:28:10 - [TEST_STEP][PASSED] - Statement - apkPath = apkName: null

2018-09-13 15:28:10 - [TEST_STEP][PASSED] - startApplication: Started app at: 'C:\Users\AV2017005903\Documents\apollo-automation\12 September.apk'

2018-09-13 15:28:45 - [MESSAGE][PASSED] - Started app at: 'C:\Users\AV2017005903\Documents\apollo-automation\12 September.apk'

2018-09-13 15:28:45 - [TEST_STEP][PASSED] - delay: Delayed 15 second(s)

2018-09-13 15:29:00 - [MESSAGE][PASSED] - Delayed 15 second(s)

2018-09-13 15:29:00 - [TEST_STEP][PASSED] - Comment - "If there is a Update TopuUp, click No, Else you can delay for waiting lazyload ": null

2018-09-13 15:29:00 - [TEST_STEP][PASSED] - Statement - driver = com.kms.katalon.core.mobile.keyword.internal.MobileDriverFactory.getDriver(): null

2018-09-13 15:29:00 - [TEST_STEP][PASSED] - Statement - action = new io.appium.java_client.TouchAction(driver): null

2018-09-13 15:29:00 - [TEST_STEP][PASSED] - Statement - action.longPress(550, 300).moveTo(100, 300).release().perform(): null

2018-09-13 15:29:03 - [TEST_STEP][PASSED] - delay: Delayed 8 second(s)

2018-09-13 15:29:11 - [MESSAGE][PASSED] - Delayed 8 second(s)

2018-09-13 15:29:11 - [TEST_STEP][PASSED] - Statement - action.longPress(550, 300).moveTo(100, 300).release().perform(): null

2018-09-13 15:29:14 - [TEST_STEP][PASSED] - delay: Delayed 8 second(s)

2018-09-13 15:29:22 - [MESSAGE][PASSED] - Delayed 8 second(s)

2018-09-13 15:29:22 - [TEST_STEP][PASSED] - Statement - action.longPress(550, 300).moveTo(100, 300).release().perform(): null

2018-09-13 15:29:25 - [TEST_STEP][PASSED] - delay: Delayed 8 second(s)

2018-09-13 15:29:33 - [MESSAGE][PASSED] - Delayed 8 second(s)

2018-09-13 15:29:33 - [TEST_STEP][PASSED] - Statement - action.longPress(550, 300).moveTo(100, 300).release().perform(): null

2018-09-13 15:29:35 - [TEST_STEP][PASSED] - delay: Delayed 8 second(s)

2018-09-13 15:29:43 - [MESSAGE][PASSED] - Delayed 8 second(s)

2018-09-13 15:29:43 - [TEST_STEP][PASSED] - waitForElementPresent: Element 'Object Repository/Splash Screen/Mulai - Button' is present

2018-09-13 15:29:43 - [MESSAGE][WARNING] - Timeout '0' is invalid. Using default page load timeout: '30'

2018-09-13 15:29:47 - [MESSAGE][PASSED] - Element 'Object Repository/Splash Screen/Mulai - Button' is present

2018-09-13 15:29:47 - [TEST_STEP][PASSED] - tap: Tapped on element 'Object Repository/Splash Screen/Mulai - Button'

2018-09-13 15:29:47 - [MESSAGE][WARNING] - Timeout '0' is invalid. Using default page load timeout: '30'

2018-09-13 15:29:56 - [MESSAGE][PASSED] - Tapped on element 'Object Repository/Splash Screen/Mulai - Button'

2018-09-13 15:29:56 - [TEST_STEP][PASSED] - comment: end Welcome Screen

2018-09-13 15:29:56 - [TEST_STEP][PASSED] - comment: LOGIN

2018-09-13 15:29:56 - [TEST_STEP][PASSED] - waitForElementPresent: Element 'Object Repository/Login/Nomor HP  Nama Pengguna - Text Box' is present

2018-09-13 15:30:06 - [MESSAGE][PASSED] - Element 'Object Repository/Login/Nomor HP  Nama Pengguna - Text Box' is present

2018-09-13 15:30:06 - [TEST_STEP][PASSED] - verifyElementAttributeValue: Object 'Object Repository/Login/Nomor HP  Nama Pengguna - Text Box' has attribute 'content-desc' with value 'LoginNameTextInput'

2018-09-13 15:30:10 - [MESSAGE][PASSED] - Object 'Object Repository/Login/Nomor HP  Nama Pengguna - Text Box' has attribute 'content-desc' with value 'LoginNameTextInput'

2018-09-13 15:30:10 - [TEST_STEP][PASSED] - setText: Text '08112233445567' has been set to element 'Object Repository/Login/Nomor HP  Nama Pengguna - Text Box'

2018-09-13 15:30:33 - [MESSAGE][PASSED] - Text '08112233445567' has been set to element 'Object Repository/Login/Nomor HP  Nama Pengguna - Text Box'

2018-09-13 15:30:33 - [TEST_STEP][PASSED] - hideKeyboard: Keyboard is hidden

2018-09-13 15:30:34 - [MESSAGE][PASSED] - Keyboard is hidden

2018-09-13 15:30:34 - [TEST_STEP][PASSED] - verifyElementText: Actual text and expected text of test object 'Object Repository/Login/Nomor HP  Nama Pengguna - Text Box' are matched.

2018-09-13 15:30:38 - [MESSAGE][PASSED] - Actual text and expected text of test object 'Object Repository/Login/Nomor HP  Nama Pengguna - Text Box' are matched.

2018-09-13 15:30:38 - [TEST_STEP][PASSED] - waitForElementPresent: Element 'Object Repository/Login/Button Masuk' is present

2018-09-13 15:30:40 - [MESSAGE][PASSED] - Element 'Object Repository/Login/Button Masuk' is present

2018-09-13 15:30:40 - [TEST_STEP][PASSED] - verifyElementAttributeValue: Object 'Object Repository/Login/Button Masuk' has attribute 'content-desc' with value 'LoginJumpNextBtn'

2018-09-13 15:30:44 - [MESSAGE][PASSED] - Object 'Object Repository/Login/Button Masuk' has attribute 'content-desc' with value 'LoginJumpNextBtn'

2018-09-13 15:30:44 - [TEST_STEP][PASSED] - tap: Tapped on element 'Object Repository/Login/Button Masuk'

2018-09-13 15:30:51 - [MESSAGE][PASSED] - Tapped on element 'Object Repository/Login/Button Masuk'

2018-09-13 15:30:52 - [TEST_STEP][PASSED] - waitForElementPresent: Element 'Object Repository/Login/Input Pin' is present

2018-09-13 15:30:56 - [MESSAGE][PASSED] - Element 'Object Repository/Login/Input Pin' is present

2018-09-13 15:30:56 - [TEST_STEP][PASSED] - verifyElementAttributeValue: Object 'Object Repository/Login/Input Pin' has attribute 'content-desc' with value 'pinCircleFocus'

2018-09-13 15:31:00 - [MESSAGE][PASSED] - Object 'Object Repository/Login/Input Pin' has attribute 'content-desc' with value 'pinCircleFocus'

2018-09-13 15:31:00 - [TEST_STEP][PASSED] - tap: Tapped on element 'Object Repository/Login/Input Pin'

2018-09-13 15:31:05 - [MESSAGE][PASSED] - Tapped on element 'Object Repository/Login/Input Pin'

2018-09-13 15:31:05 - [TEST_STEP][PASSED] - setText: Text '123456' has been set to element 'Object Repository/Login/Input Pin'

2018-09-13 15:31:27 - [MESSAGE][PASSED] - Text '123456' has been set to element 'Object Repository/Login/Input Pin'

2018-09-13 15:31:27 - [TEST_STEP][PASSED] - delay: Delayed 5 second(s)

2018-09-13 15:31:32 - [MESSAGE][PASSED] - Delayed 5 second(s)

2018-09-13 15:31:32 - [TEST_STEP][PASSED] - comment: End Login Test Case

2018-09-13 15:31:32 - [TEST_STEP][PASSED] - waitForElementPresent: Element 'Object Repository/Sidebar Menu/Biaya/HamburgerButton' is present

2018-09-13 15:31:35 - [MESSAGE][PASSED] - Element 'Object Repository/Sidebar Menu/Biaya/HamburgerButton' is present

2018-09-13 15:31:35 - [TEST_STEP][PASSED] - comment: MESIN KASIR

2018-09-13 15:31:35 - [TEST_STEP][PASSED] - verifyElementAttributeValue: Object 'Object Repository/Sidebar Menu/Biaya/HamburgerButton' has attribute 'content-desc' with value 'headerBar_button_hamburgerMenu'

2018-09-13 15:31:39 - [MESSAGE][PASSED] - Object 'Object Repository/Sidebar Menu/Biaya/HamburgerButton' has attribute 'content-desc' with value 'headerBar_button_hamburgerMenu'

2018-09-13 15:31:39 - [TEST_STEP][PASSED] - tap: Tapped on element 'Object Repository/Sidebar Menu/Biaya/HamburgerButton'

2018-09-13 15:31:45 - [MESSAGE][PASSED] - Tapped on element 'Object Repository/Sidebar Menu/Biaya/HamburgerButton'

2018-09-13 15:31:45 - [TEST_STEP][PASSED] - waitForElementPresent: Element 'Object Repository/Sidebar Menu/Mesin Kasir/Kasir/Dashboard Kasir/Kasir' is present

2018-09-13 15:31:50 - [MESSAGE][PASSED] - Element 'Object Repository/Sidebar Menu/Mesin Kasir/Kasir/Dashboard Kasir/Kasir' is present

2018-09-13 15:31:50 - [TEST_STEP][PASSED] - verifyElementAttributeValue: Object 'Object Repository/Sidebar Menu/Mesin Kasir/Kasir/Dashboard Kasir/Kasir' has attribute 'content-desc' with value 'drawerContainer_button_cashierSwitch'

2018-09-13 15:31:55 - [MESSAGE][PASSED] - Object 'Object Repository/Sidebar Menu/Mesin Kasir/Kasir/Dashboard Kasir/Kasir' has attribute 'content-desc' with value 'drawerContainer_button_cashierSwitch'

2018-09-13 15:31:55 - [TEST_STEP][PASSED] - tap: Tapped on element 'Object Repository/Sidebar Menu/Mesin Kasir/Kasir/Dashboard Kasir/Kasir'

2018-09-13 15:32:00 - [MESSAGE][PASSED] - Tapped on element 'Object Repository/Sidebar Menu/Mesin Kasir/Kasir/Dashboard Kasir/Kasir'

2018-09-13 15:32:00 - [TEST_STEP][PASSED] - waitForElementPresent: Element 'Object Repository/Sidebar Menu/Mesin Kasir/Kasir/Dashboard Kasir/ListProduk 1' is present

2018-09-13 15:32:05 - [MESSAGE][PASSED] - Element 'Object Repository/Sidebar Menu/Mesin Kasir/Kasir/Dashboard Kasir/ListProduk 1' is present

2018-09-13 15:32:05 - [TEST_STEP][PASSED] - verifyElementAttributeValue: Object 'Object Repository/Sidebar Menu/Mesin Kasir/Kasir/Dashboard Kasir/ListProduk 1' has attribute 'content-desc' with value 'productSalesItem0'

2018-09-13 15:32:10 - [MESSAGE][PASSED] - Object 'Object Repository/Sidebar Menu/Mesin Kasir/Kasir/Dashboard Kasir/ListProduk 1' has attribute 'content-desc' with value 'productSalesItem0'

2018-09-13 15:32:10 - [TEST_STEP][PASSED] - Statement - For (def index : (0..1)): Tapped on element 'Object Repository/Sidebar Menu/Mesin Kasir/Kasir/Dashboard Kasir/ListProduk 1'

2018-09-13 15:32:10 - [TEST_STEP][PASSED] - tap: Tapped on element 'Object Repository/Sidebar Menu/Mesin Kasir/Kasir/Dashboard Kasir/ListProduk 1'

2018-09-13 15:32:16 - [MESSAGE][PASSED] - Tapped on element 'Object Repository/Sidebar Menu/Mesin Kasir/Kasir/Dashboard Kasir/ListProduk 1'

2018-09-13 15:32:16 - [TEST_STEP][PASSED] - tap: Tapped on element 'Object Repository/Sidebar Menu/Mesin Kasir/Kasir/Dashboard Kasir/ListProduk 1'

2018-09-13 15:32:21 - [MESSAGE][PASSED] - Tapped on element 'Object Repository/Sidebar Menu/Mesin Kasir/Kasir/Dashboard Kasir/ListProduk 1'

2018-09-13 15:32:21 - [TEST_STEP][PASSED] - Statement - For (def index : (0..1)): Tapped on element 'Object Repository/Sidebar Menu/Mesin Kasir/Kasir/Dashboard Kasir/ListProduk 2'

2018-09-13 15:32:21 - [TEST_STEP][PASSED] - tap: Tapped on element 'Object Repository/Sidebar Menu/Mesin Kasir/Kasir/Dashboard Kasir/ListProduk 2'

2018-09-13 15:32:27 - [MESSAGE][PASSED] - Tapped on element 'Object Repository/Sidebar Menu/Mesin Kasir/Kasir/Dashboard Kasir/ListProduk 2'

2018-09-13 15:32:27 - [TEST_STEP][PASSED] - tap: Tapped on element 'Object Repository/Sidebar Menu/Mesin Kasir/Kasir/Dashboard Kasir/ListProduk 2'

2018-09-13 15:32:32 - [MESSAGE][PASSED] - Tapped on element 'Object Repository/Sidebar Menu/Mesin Kasir/Kasir/Dashboard Kasir/ListProduk 2'

2018-09-13 15:32:32 - [TEST_STEP][PASSED] - waitForElementPresent: Element 'Object Repository/Sidebar Menu/Mesin Kasir/Kasir/Estimasi Detail Pesanan/Keranjangbtn' is present

2018-09-13 15:32:36 - [MESSAGE][PASSED] - Element 'Object Repository/Sidebar Menu/Mesin Kasir/Kasir/Estimasi Detail Pesanan/Keranjangbtn' is present

2018-09-13 15:32:36 - [TEST_STEP][PASSED] - tap: Tapped on element 'Object Repository/Sidebar Menu/Mesin Kasir/Kasir/Estimasi Detail Pesanan/Keranjangbtn'

2018-09-13 15:32:41 - [MESSAGE][PASSED] - Tapped on element 'Object Repository/Sidebar Menu/Mesin Kasir/Kasir/Estimasi Detail Pesanan/Keranjangbtn'

2018-09-13 15:32:41 - [TEST_STEP][PASSED] - comment: Ringkasan Pesanan Onboarding

2018-09-13 15:32:41 - [TEST_STEP][PASSED] - waitForElementPresent: Element 'Object Repository/Sidebar Menu/Mesin Kasir/Kasir/Ringkasan Pesanan/Diskon Tambahan/Tambah_Diskon' is present

2018-09-13 15:32:49 - [MESSAGE][PASSED] - Element 'Object Repository/Sidebar Menu/Mesin Kasir/Kasir/Ringkasan Pesanan/Diskon Tambahan/Tambah_Diskon' is present

2018-09-13 15:32:49 - [TEST_STEP][PASSED] - verifyElementAttributeValue: Object 'Object Repository/Sidebar Menu/Mesin Kasir/Kasir/Ringkasan Pesanan/Diskon Tambahan/Tambah_Diskon' has attribute 'content-desc' with value 'asubtotal_atext_additional_discount'

2018-09-13 15:32:54 - [MESSAGE][PASSED] - Object 'Object Repository/Sidebar Menu/Mesin Kasir/Kasir/Ringkasan Pesanan/Diskon Tambahan/Tambah_Diskon' has attribute 'content-desc' with value 'asubtotal_atext_additional_discount'

2018-09-13 15:32:54 - [TEST_STEP][PASSED] - verifyElementVisible: Element 'Object Repository/Sidebar Menu/Mesin Kasir/Kasir/Ringkasan Pesanan/Diskon Tambahan/Tambah_Diskon' is visible

2018-09-13 15:32:59 - [MESSAGE][PASSED] - Element 'Object Repository/Sidebar Menu/Mesin Kasir/Kasir/Ringkasan Pesanan/Diskon Tambahan/Tambah_Diskon' is visible

2018-09-13 15:32:59 - [TEST_STEP][PASSED] - waitForElementPresent: Element 'Object Repository/Sidebar Menu/Mesin Kasir/Kasir/Ringkasan Pesanan/Biaya Tambahan/Tambah_Biaya' is present

2018-09-13 15:33:02 - [MESSAGE][PASSED] - Element 'Object Repository/Sidebar Menu/Mesin Kasir/Kasir/Ringkasan Pesanan/Biaya Tambahan/Tambah_Biaya' is present

2018-09-13 15:33:02 - [TEST_STEP][PASSED] - verifyElementAttributeValue: Object 'Object Repository/Sidebar Menu/Mesin Kasir/Kasir/Ringkasan Pesanan/Biaya Tambahan/Tambah_Biaya' has attribute 'content-desc' with value 'asubtotal_abutton_additional_cost'

2018-09-13 15:33:06 - [MESSAGE][PASSED] - Object 'Object Repository/Sidebar Menu/Mesin Kasir/Kasir/Ringkasan Pesanan/Biaya Tambahan/Tambah_Biaya' has attribute 'content-desc' with value 'asubtotal_abutton_additional_cost'

2018-09-13 15:33:06 - [TEST_STEP][PASSED] - tap: Tapped on element 'Object Repository/Sidebar Menu/Mesin Kasir/Kasir/Ringkasan Pesanan/Biaya Tambahan/Tambah_Biaya'

2018-09-13 15:33:11 - [MESSAGE][PASSED] - Tapped on element 'Object Repository/Sidebar Menu/Mesin Kasir/Kasir/Ringkasan Pesanan/Biaya Tambahan/Tambah_Biaya'

2018-09-13 15:33:11 - [TEST_STEP][PASSED] - waitForElementPresent: Element 'Object Repository/Sidebar Menu/Mesin Kasir/Kasir/Ringkasan Pesanan/Biaya Tambahan/TambahBiaya - JudulDropdown' is present

2018-09-13 15:33:14 - [MESSAGE][PASSED] - Element 'Object Repository/Sidebar Menu/Mesin Kasir/Kasir/Ringkasan Pesanan/Biaya Tambahan/TambahBiaya - JudulDropdown' is present

2018-09-13 15:33:14 - [TEST_STEP][PASSED] - verifyElementAttributeValue: Object 'Object Repository/Sidebar Menu/Mesin Kasir/Kasir/Ringkasan Pesanan/Biaya Tambahan/TambahBiaya - JudulDropdown' has attribute 'content-desc' with value 'additionalCost_icon_costType'

2018-09-13 15:33:19 - [MESSAGE][PASSED] - Object 'Object Repository/Sidebar Menu/Mesin Kasir/Kasir/Ringkasan Pesanan/Biaya Tambahan/TambahBiaya - JudulDropdown' has attribute 'content-desc' with value 'additionalCost_icon_costType'

2018-09-13 15:33:19 - [TEST_STEP][PASSED] - tap: Tapped on element 'Object Repository/Sidebar Menu/Mesin Kasir/Kasir/Ringkasan Pesanan/Biaya Tambahan/TambahBiaya - JudulDropdown'

2018-09-13 15:33:24 - [MESSAGE][PASSED] - Tapped on element 'Object Repository/Sidebar Menu/Mesin Kasir/Kasir/Ringkasan Pesanan/Biaya Tambahan/TambahBiaya - JudulDropdown'

2018-09-13 15:33:24 - [TEST_STEP][PASSED] - waitForElementPresent: Element 'Object Repository/Sidebar Menu/Mesin Kasir/Kasir/Ringkasan Pesanan/Biaya Tambahan/TambahBiaya - JudulList3' is present

2018-09-13 15:33:29 - [MESSAGE][PASSED] - Element 'Object Repository/Sidebar Menu/Mesin Kasir/Kasir/Ringkasan Pesanan/Biaya Tambahan/TambahBiaya - JudulList3' is present

2018-09-13 15:33:29 - [TEST_STEP][PASSED] - verifyElementAttributeValue: Object 'Object Repository/Sidebar Menu/Mesin Kasir/Kasir/Ringkasan Pesanan/Biaya Tambahan/TambahBiaya - JudulList3' has attribute 'content-desc' with value 'additionalCost_text_costType_2'

2018-09-13 15:33:33 - [MESSAGE][PASSED] - Object 'Object Repository/Sidebar Menu/Mesin Kasir/Kasir/Ringkasan Pesanan/Biaya Tambahan/TambahBiaya - JudulList3' has attribute 'content-desc' with value 'additionalCost_text_costType_2'

2018-09-13 15:33:33 - [TEST_STEP][PASSED] - tap: Tapped on element 'Object Repository/Sidebar Menu/Mesin Kasir/Kasir/Ringkasan Pesanan/Biaya Tambahan/TambahBiaya - JudulList3'

2018-09-13 15:33:40 - [MESSAGE][PASSED] - Tapped on element 'Object Repository/Sidebar Menu/Mesin Kasir/Kasir/Ringkasan Pesanan/Biaya Tambahan/TambahBiaya - JudulList3'

2018-09-13 15:33:40 - [TEST_STEP][PASSED] - waitForElementPresent: Element 'Object Repository/Sidebar Menu/Mesin Kasir/Kasir/Ringkasan Pesanan/Biaya Tambahan/TambahBiaya - BiayaLainEdtTxt' is present

2018-09-13 15:33:46 - [MESSAGE][PASSED] - Element 'Object Repository/Sidebar Menu/Mesin Kasir/Kasir/Ringkasan Pesanan/Biaya Tambahan/TambahBiaya - BiayaLainEdtTxt' is present

2018-09-13 15:33:46 - [TEST_STEP][PASSED] - verifyElementAttributeValue: Object 'Object Repository/Sidebar Menu/Mesin Kasir/Kasir/Ringkasan Pesanan/Biaya Tambahan/TambahBiaya - BiayaLainEdtTxt' has attribute 'content-desc' with value 'additionalCost_input_extraCostInfo'

2018-09-13 15:33:53 - [MESSAGE][PASSED] - Object 'Object Repository/Sidebar Menu/Mesin Kasir/Kasir/Ringkasan Pesanan/Biaya Tambahan/TambahBiaya - BiayaLainEdtTxt' has attribute 'content-desc' with value 'additionalCost_input_extraCostInfo'

2018-09-13 15:33:53 - [TEST_STEP][PASSED] - setText: Text 'Buble Wrap' has been set to element 'Object Repository/Sidebar Menu/Mesin Kasir/Kasir/Ringkasan Pesanan/Biaya Tambahan/TambahBiaya - BiayaLainEdtTxt'

2018-09-13 15:34:14 - [MESSAGE][PASSED] - Text 'Buble Wrap' has been set to element 'Object Repository/Sidebar Menu/Mesin Kasir/Kasir/Ringkasan Pesanan/Biaya Tambahan/TambahBiaya - BiayaLainEdtTxt'

2018-09-13 15:34:14 - [TEST_STEP][PASSED] - hideKeyboard: Keyboard is hidden

2018-09-13 15:34:16 - [MESSAGE][PASSED] - Keyboard is hidden

2018-09-13 15:34:16 - [TEST_STEP][PASSED] - waitForElementPresent: Element 'Object Repository/Sidebar Menu/Mesin Kasir/Kasir/Ringkasan Pesanan/Biaya Tambahan/TambahBiaya - BiayaEditTxt' is present

2018-09-13 15:34:18 - [MESSAGE][PASSED] - Element 'Object Repository/Sidebar Menu/Mesin Kasir/Kasir/Ringkasan Pesanan/Biaya Tambahan/TambahBiaya - BiayaEditTxt' is present

2018-09-13 15:34:18 - [TEST_STEP][PASSED] - verifyElementAttributeValue: Object 'Object Repository/Sidebar Menu/Mesin Kasir/Kasir/Ringkasan Pesanan/Biaya Tambahan/TambahBiaya - BiayaEditTxt' has attribute 'content-desc' with value 'additionalCost_input_costAmount'

2018-09-13 15:34:23 - [MESSAGE][PASSED] - Object 'Object Repository/Sidebar Menu/Mesin Kasir/Kasir/Ringkasan Pesanan/Biaya Tambahan/TambahBiaya - BiayaEditTxt' has attribute 'content-desc' with value 'additionalCost_input_costAmount'

2018-09-13 15:34:23 - [TEST_STEP][PASSED] - setText: Text '2000' has been set to element 'Object Repository/Sidebar Menu/Mesin Kasir/Kasir/Ringkasan Pesanan/Biaya Tambahan/TambahBiaya - BiayaEditTxt'

2018-09-13 15:34:48 - [MESSAGE][PASSED] - Text '2000' has been set to element 'Object Repository/Sidebar Menu/Mesin Kasir/Kasir/Ringkasan Pesanan/Biaya Tambahan/TambahBiaya - BiayaEditTxt'

2018-09-13 15:34:48 - [TEST_STEP][PASSED] - hideKeyboard: Keyboard is hidden

2018-09-13 15:34:49 - [MESSAGE][PASSED] - Keyboard is hidden

2018-09-13 15:34:49 - [TEST_STEP][PASSED] - verifyElementText: Actual text and expected text of test object 'Object Repository/Sidebar Menu/Mesin Kasir/Kasir/Ringkasan Pesanan/Biaya Tambahan/TambahBiaya - BiayaEditTxt' are matched.

2018-09-13 15:34:53 - [MESSAGE][PASSED] - Actual text and expected text of test object 'Object Repository/Sidebar Menu/Mesin Kasir/Kasir/Ringkasan Pesanan/Biaya Tambahan/TambahBiaya - BiayaEditTxt' are matched.

2018-09-13 15:34:53 - [TEST_STEP][PASSED] - waitForElementPresent: Element 'Object Repository/Sidebar Menu/Mesin Kasir/Kasir/Ringkasan Pesanan/Biaya Tambahan/TambahBiaya - SIMPANbtn' is present

2018-09-13 15:34:56 - [MESSAGE][PASSED] - Element 'Object Repository/Sidebar Menu/Mesin Kasir/Kasir/Ringkasan Pesanan/Biaya Tambahan/TambahBiaya - SIMPANbtn' is present

2018-09-13 15:34:56 - [TEST_STEP][PASSED] - verifyElementAttributeValue: Object 'Object Repository/Sidebar Menu/Mesin Kasir/Kasir/Ringkasan Pesanan/Biaya Tambahan/TambahBiaya - SIMPANbtn' has attribute 'content-desc' with value 'additionalCost_button_saveCost'

2018-09-13 15:35:00 - [MESSAGE][PASSED] - Object 'Object Repository/Sidebar Menu/Mesin Kasir/Kasir/Ringkasan Pesanan/Biaya Tambahan/TambahBiaya - SIMPANbtn' has attribute 'content-desc' with value 'additionalCost_button_saveCost'

2018-09-13 15:35:00 - [TEST_STEP][PASSED] - tap: Tapped on element 'Object Repository/Sidebar Menu/Mesin Kasir/Kasir/Ringkasan Pesanan/Biaya Tambahan/TambahBiaya - SIMPANbtn'

2018-09-13 15:35:06 - [MESSAGE][PASSED] - Tapped on element 'Object Repository/Sidebar Menu/Mesin Kasir/Kasir/Ringkasan Pesanan/Biaya Tambahan/TambahBiaya - SIMPANbtn'

2018-09-13 15:35:06 - [TEST_STEP][PASSED] - closeApplication: Close app successfully

2018-09-13 15:35:14 - [MESSAGE][PASSED] - Close app successfully]]></system-out>
         <system-err><![CDATA[]]></system-err>
      </testcase>
      <testcase name="Test Cases/Release 3 - Squad Hades/Sprint 1/Story 1770 - Additional Biaya Tambahan in shoopping cart/TC 7 - Nama Biaya field and Biaya field Mandatory" classname="Test Cases/Release 3 - Squad Hades/Sprint 1/Story 1770 - Additional Biaya Tambahan in shoopping cart/TC 7 - Nama Biaya field and Biaya field Mandatory" status="FAILED">
         <failure type="FAILED" message="Failed to tap on element 'Object Repository/Splash Screen/Mulai - Button' (Root cause: Object Object Repository/Splash Screen/Mulai - Button not found)"/>
         <system-out><![CDATA[2018-09-13 15:35:14 - [TEST_CASE][FAILED] - Test Cases/Release 3 - Squad Hades/Sprint 1/Story 1770 - Additional Biaya Tambahan in shoopping cart/TC 7 - Nama Biaya field and Biaya field Mandatory: Test Cases/Release 3 - Squad Hades/Sprint 1/Story 1770 - Additional Biaya Tambahan in shoopping cart/TC 7 - Nama Biaya field and Biaya field Mandatory FAILED because (of) Failed to tap on element 'Object Repository/Splash Screen/Mulai - Button' (Root cause: Object Object Repository/Splash Screen/Mulai - Button not found)

2018-09-13 15:35:14 - [TEST_STEP][PASSED] - comment: WELCOME SCREEN

2018-09-13 15:35:14 - [TEST_STEP][PASSED] - Statement - apkPath = apkName: null

2018-09-13 15:35:14 - [TEST_STEP][PASSED] - startApplication: Started app at: 'C:\Users\AV2017005903\Documents\apollo-automation\12 September.apk'

2018-09-13 15:35:58 - [MESSAGE][PASSED] - Started app at: 'C:\Users\AV2017005903\Documents\apollo-automation\12 September.apk'

2018-09-13 15:35:58 - [TEST_STEP][PASSED] - delay: Delayed 15 second(s)

2018-09-13 15:36:13 - [MESSAGE][PASSED] - Delayed 15 second(s)

2018-09-13 15:36:13 - [TEST_STEP][PASSED] - Comment - "If there is a Update TopuUp, click No, Else you can delay for waiting lazyload ": null

2018-09-13 15:36:13 - [TEST_STEP][PASSED] - Statement - driver = com.kms.katalon.core.mobile.keyword.internal.MobileDriverFactory.getDriver(): null

2018-09-13 15:36:13 - [TEST_STEP][PASSED] - Statement - action = new io.appium.java_client.TouchAction(driver): null

2018-09-13 15:36:13 - [TEST_STEP][PASSED] - Statement - action.longPress(550, 300).moveTo(100, 300).release().perform(): null

2018-09-13 15:36:15 - [TEST_STEP][PASSED] - delay: Delayed 8 second(s)

2018-09-13 15:36:23 - [MESSAGE][PASSED] - Delayed 8 second(s)

2018-09-13 15:36:23 - [TEST_STEP][PASSED] - Statement - action.longPress(550, 300).moveTo(100, 300).release().perform(): null

2018-09-13 15:36:26 - [TEST_STEP][PASSED] - delay: Delayed 8 second(s)

2018-09-13 15:36:34 - [MESSAGE][PASSED] - Delayed 8 second(s)

2018-09-13 15:36:34 - [TEST_STEP][PASSED] - Statement - action.longPress(550, 300).moveTo(100, 300).release().perform(): null

2018-09-13 15:36:36 - [TEST_STEP][PASSED] - delay: Delayed 8 second(s)

2018-09-13 15:36:44 - [MESSAGE][PASSED] - Delayed 8 second(s)

2018-09-13 15:36:44 - [TEST_STEP][PASSED] - Statement - action.longPress(550, 300).moveTo(100, 300).release().perform(): null

2018-09-13 15:36:46 - [TEST_STEP][PASSED] - delay: Delayed 8 second(s)

2018-09-13 15:36:54 - [MESSAGE][PASSED] - Delayed 8 second(s)

2018-09-13 15:36:54 - [TEST_STEP][PASSED] - waitForElementPresent: Object Object Repository/Splash Screen/Mulai - Button not found

2018-09-13 15:36:54 - [MESSAGE][WARNING] - Timeout '0' is invalid. Using default page load timeout: '30'

2018-09-13 15:37:27 - [MESSAGE][WARNING] - Object Object Repository/Splash Screen/Mulai - Button not found

2018-09-13 15:37:27 - [TEST_STEP][FAILED] - tap: Failed to tap on element 'Object Repository/Splash Screen/Mulai - Button' (Root cause: Object Object Repository/Splash Screen/Mulai - Button not found)

2018-09-13 15:37:27 - [MESSAGE][WARNING] - Timeout '0' is invalid. Using default page load timeout: '30'

2018-09-13 15:38:01 - [MESSAGE][FAILED] - Object Object Repository/Splash Screen/Mulai - Button not found
[[ATTACHMENT|C:\\Users\\AV2017005903\\Documents\\apollo-automation\\Reports\\Story 1770 - Additional Biaya Tambahan in shoopping cart\\20180913_150223\\1536827878180.png]]

2018-09-13 15:38:03 - [MESSAGE][FAILED] - Failed to tap on element 'Object Repository/Splash Screen/Mulai - Button' (Root cause: Object Object Repository/Splash Screen/Mulai - Button not found)
[[ATTACHMENT|C:\\Users\\AV2017005903\\Documents\\apollo-automation\\Reports\\Story 1770 - Additional Biaya Tambahan in shoopping cart\\20180913_150223\\1536827881036.png]]]]></system-out>
         <system-err><![CDATA[2018-09-13 15:35:14 - [TEST_CASE][FAILED] - Test Cases/Release 3 - Squad Hades/Sprint 1/Story 1770 - Additional Biaya Tambahan in shoopping cart/TC 7 - Nama Biaya field and Biaya field Mandatory: Test Cases/Release 3 - Squad Hades/Sprint 1/Story 1770 - Additional Biaya Tambahan in shoopping cart/TC 7 - Nama Biaya field and Biaya field Mandatory FAILED because (of) Failed to tap on element 'Object Repository/Splash Screen/Mulai - Button' (Root cause: Object Object Repository/Splash Screen/Mulai - Button not found)]]></system-err>
      </testcase>
      <testcase name="Test Cases/Release 3 - Squad Hades/Sprint 1/Story 1770 - Additional Biaya Tambahan in shoopping cart/TC 8 -  Biaya lain is not taxable and should not be less than Rp 0" classname="Test Cases/Release 3 - Squad Hades/Sprint 1/Story 1770 - Additional Biaya Tambahan in shoopping cart/TC 8 -  Biaya lain is not taxable and should not be less than Rp 0" status="FAILED">
         <failure type="FAILED" message="Unable to start app at: '12 September.apk' (Root cause: org.openqa.selenium.WebDriverException: An unknown server-side error occurred while processing the command. Original error: Cannot start the 'com.btpn.appbisnis.sit' application. Original error: Cannot start the 'com.btpn.appbisnis.sit' application. Original error: Activity name '.com.btpn_mpos_rn.react_bridging.splash.SplashActivity' used to start the app doesn't exist or cannot be launched! Make sure it exists and is a launchable activity (WARNING: The server did not provide any stacktrace information)
Command duration or timeout: 66.30 seconds
Build info: version: '3.7.1', revision: '8a0099a', time: '2017-11-06T21:07:36.161Z'
System info: host: 'NBMP18A211ITSQA', ip: '192.168.62.1', os.name: 'Windows 10', os.arch: 'amd64', os.version: '10.0', java.version: '1.8.0_181'
Driver info: driver.version: SwipeableAndroidDriver)"/>
         <system-out><![CDATA[2018-09-13 15:38:03 - [TEST_CASE][FAILED] - Test Cases/Release 3 - Squad Hades/Sprint 1/Story 1770 - Additional Biaya Tambahan in shoopping cart/TC 8 -  Biaya lain is not taxable and should not be less than Rp 0: Test Cases/Release 3 - Squad Hades/Sprint 1/Story 1770 - Additional Biaya Tambahan in shoopping cart/TC 8 -  Biaya lain is not taxable and should not be less than Rp 0 FAILED because (of) Unable to start app at: '12 September.apk' (Root cause: org.openqa.selenium.WebDriverException: An unknown server-side error occurred while processing the command. Original error: Cannot start the 'com.btpn.appbisnis.sit' application. Original error: Cannot start the 'com.btpn.appbisnis.sit' application. Original error: Activity name '.com.btpn_mpos_rn.react_bridging.splash.SplashActivity' used to start the app doesn't exist or cannot be launched! Make sure it exists and is a launchable activity (WARNING: The server did not provide any stacktrace information)
Command duration or timeout: 66.30 seconds
Build info: version: '3.7.1', revision: '8a0099a', time: '2017-11-06T21:07:36.161Z'
System info: host: 'NBMP18A211ITSQA', ip: '192.168.62.1', os.name: 'Windows 10', os.arch: 'amd64', os.version: '10.0', java.version: '1.8.0_181'
Driver info: driver.version: SwipeableAndroidDriver)

2018-09-13 15:38:03 - [TEST_STEP][PASSED] - comment: WELCOME SCREEN

2018-09-13 15:38:03 - [TEST_STEP][PASSED] - Statement - apkPath = apkName: null

2018-09-13 15:38:03 - [TEST_STEP][FAILED] - startApplication: Unable to start app at: '12 September.apk' (Root cause: org.openqa.selenium.WebDriverException: An unknown server-side error occurred while processing the command. Original error: Cannot start the 'com.btpn.appbisnis.sit' application. Original error: Cannot start the 'com.btpn.appbisnis.sit' application. Original error: Activity name '.com.btpn_mpos_rn.react_bridging.splash.SplashActivity' used to start the app doesn't exist or cannot be launched! Make sure it exists and is a launchable activity (WARNING: The server did not provide any stacktrace information)
Command duration or timeout: 66.30 seconds
Build info: version: '3.7.1', revision: '8a0099a', time: '2017-11-06T21:07:36.161Z'
System info: host: 'NBMP18A211ITSQA', ip: '192.168.62.1', os.name: 'Windows 10', os.arch: 'amd64', os.version: '10.0', java.version: '1.8.0_181'
Driver info: driver.version: SwipeableAndroidDriver)

2018-09-13 15:39:09 - [MESSAGE][FAILED] - Unable to start app at: '12 September.apk' (Root cause: org.openqa.selenium.WebDriverException: An unknown server-side error occurred while processing the command. Original error: Cannot start the 'com.btpn.appbisnis.sit' application. Original error: Cannot start the 'com.btpn.appbisnis.sit' application. Original error: Activity name '.com.btpn_mpos_rn.react_bridging.splash.SplashActivity' used to start the app doesn't exist or cannot be launched! Make sure it exists and is a launchable activity (WARNING: The server did not provide any stacktrace information)
Command duration or timeout: 66.30 seconds
Build info: version: '3.7.1', revision: '8a0099a', time: '2017-11-06T21:07:36.161Z'
System info: host: 'NBMP18A211ITSQA', ip: '192.168.62.1', os.name: 'Windows 10', os.arch: 'amd64', os.version: '10.0', java.version: '1.8.0_181'
Driver info: driver.version: SwipeableAndroidDriver)]]></system-out>
         <system-err><![CDATA[2018-09-13 15:38:03 - [TEST_CASE][FAILED] - Test Cases/Release 3 - Squad Hades/Sprint 1/Story 1770 - Additional Biaya Tambahan in shoopping cart/TC 8 -  Biaya lain is not taxable and should not be less than Rp 0: Test Cases/Release 3 - Squad Hades/Sprint 1/Story 1770 - Additional Biaya Tambahan in shoopping cart/TC 8 -  Biaya lain is not taxable and should not be less than Rp 0 FAILED because (of) Unable to start app at: '12 September.apk' (Root cause: org.openqa.selenium.WebDriverException: An unknown server-side error occurred while processing the command. Original error: Cannot start the 'com.btpn.appbisnis.sit' application. Original error: Cannot start the 'com.btpn.appbisnis.sit' application. Original error: Activity name '.com.btpn_mpos_rn.react_bridging.splash.SplashActivity' used to start the app doesn't exist or cannot be launched! Make sure it exists and is a launchable activity (WARNING: The server did not provide any stacktrace information)
Command duration or timeout: 66.30 seconds
Build info: version: '3.7.1', revision: '8a0099a', time: '2017-11-06T21:07:36.161Z'
System info: host: 'NBMP18A211ITSQA', ip: '192.168.62.1', os.name: 'Windows 10', os.arch: 'amd64', os.version: '10.0', java.version: '1.8.0_181'
Driver info: driver.version: SwipeableAndroidDriver)]]></system-err>
      </testcase>
      <system-out><![CDATA[2018-09-13 15:02:26 - [TEST_SUITE][FAILED] - Story 1770 - Additional Biaya Tambahan in shoopping cart: Test Cases/Release 3 - Squad Hades/Sprint 1/Story 1770 - Additional Biaya Tambahan in shoopping cart/TC 4 - Select Ongkos Kirim from Biaya Tambahan droplist FAILED because (of) Failed to tap on element 'Object Repository/Sidebar Menu/Biaya/HamburgerButton' (Root cause: Object Object Repository/Sidebar Menu/Biaya/HamburgerButton not found)]]></system-out>
      <system-err><![CDATA[2018-09-13 15:02:26 - [TEST_SUITE][FAILED] - Story 1770 - Additional Biaya Tambahan in shoopping cart: Test Cases/Release 3 - Squad Hades/Sprint 1/Story 1770 - Additional Biaya Tambahan in shoopping cart/TC 4 - Select Ongkos Kirim from Biaya Tambahan droplist FAILED because (of) Failed to tap on element 'Object Repository/Sidebar Menu/Biaya/HamburgerButton' (Root cause: Object Object Repository/Sidebar Menu/Biaya/HamburgerButton not found)]]></system-err>
   </testsuite>
</testsuites>
