<?xml version="1.0" encoding="UTF-8"?>
<testsuites name="Story 27" time="81" tests="1" failures="2" errors="0">
   <testsuite name="Story 27" tests="1" failures="2" errors="0" time="81" timestamp="2018-03-15 07:44:34" hostname="AV2017005903 - NBMP18A211ITSQA.corp.bankbtpn.co.id" id="Test Suites/Story 27">
      <properties>
         <property name="deviceName" value="asus ASUS_X014D 5.1.1"/>
         <property name="devicePlatform" value=""/>
         <property name="logFolder" value="C:\\Users\\AV2017005903\\Documents\\apollo-automation\\Reports\\Story 27\\20180315_074433"/>
         <property name="logFiles" value="C:\\Users\\AV2017005903\\Documents\\apollo-automation\\Reports\\Story 27\\20180315_074433\\appium.log, C:\\Users\\AV2017005903\\Documents\\apollo-automation\\Reports\\Story 27\\20180315_074433\\execution0.log"/>
         <property name="attachments" value=""/>
         <property name="hostName" value="AV2017005903 - NBMP18A211ITSQA.corp.bankbtpn.co.id"/>
         <property name="os" value="Windows 10 64bit"/>
         <property name="katalonVersion" value="5.0.0.1"/>
         <property name="deviceOS" value="Android"/>
         <property name="appiumVersion" value="1.6.5"/>
         <property name="deviceModel" value="ASUS_X014D"/>
         <property name="hostAddress" value="192.168.43.137"/>
         <property name="deviceManufacturer" value="asus"/>
         <property name="deviceId" value="GBAXGV411465ERX"/>
         <property name="deviceName" value="asus ASUS_X014D 5.1.1"/>
         <property name="deviceOSVersion" value="5.1.1"/>
      </properties>
      <testcase name="Test Cases/Story 27 - Detail Product/TC 1" classname="Test Cases/Story 27 - Detail Product/TC 1" status="PASSED">
         <system-out><![CDATA[2018-03-15 07:44:35 - [TEST_CASE][PASSED] - Test Cases/Story 27 - Detail Product/TC 1: Test Cases/Story 27 - Detail Product/TC 1

2018-03-15 07:44:35 - [TEST_STEP][PASSED] - comment: Start Story 27

2018-03-15 07:44:35 - [TEST_STEP][PASSED] - Statement - apkPath = com.kms.katalon.core.util.internal.PathUtil.relativeToAbsolutePath(apkName, com.kms.katalon.core.configuration.RunConfiguration.getProjectDir()): null

2018-03-15 07:44:35 - [TEST_STEP][PASSED] - startApplication: Started app at: 'C:\Users\AV2017005903\Documents\apollo-automation\13 Maret 17.23.apk'

2018-03-15 07:44:51 - [MESSAGE][PASSED] - Started app at: 'C:\Users\AV2017005903\Documents\apollo-automation\13 Maret 17.23.apk'

2018-03-15 07:44:51 - [TEST_STEP][NOT_RUN] - verifyElementExist: NOT_RUN: verifyElementExist

2018-03-15 07:44:51 - [MESSAGE][NOT_RUN] - NOT_RUN: verifyElementExist

2018-03-15 07:44:51 - [TEST_STEP][PASSED] - tap: Tapped on element 'Object Repository/Login/Daftar Sekarang - Belum Punya Akun'

2018-03-15 07:44:57 - [MESSAGE][PASSED] - Tapped on element 'Object Repository/Login/Daftar Sekarang - Belum Punya Akun'

2018-03-15 07:44:57 - [TEST_STEP][PASSED] - waitForElementPresent: Element 'Object Repository/Sidebar Menu/HamburgerButton' is present

2018-03-15 07:45:01 - [MESSAGE][PASSED] - Element 'Object Repository/Sidebar Menu/HamburgerButton' is present

2018-03-15 07:45:01 - [TEST_STEP][PASSED] - tap: Tapped on element 'Object Repository/Sidebar Menu/HamburgerButton'

2018-03-15 07:45:03 - [MESSAGE][PASSED] - Tapped on element 'Object Repository/Sidebar Menu/HamburgerButton'

2018-03-15 07:45:03 - [TEST_STEP][PASSED] - tap: Tapped on element 'Object Repository/Sidebar Menu/Operasional/Operasional - Sidebar Menu'

2018-03-15 07:45:04 - [MESSAGE][PASSED] - Tapped on element 'Object Repository/Sidebar Menu/Operasional/Operasional - Sidebar Menu'

2018-03-15 07:45:04 - [TEST_STEP][PASSED] - tap: Tapped on element 'Object Repository/Sidebar Menu/Operasional/Stock/Stock View/Stok - Navbar Menu'

2018-03-15 07:45:08 - [MESSAGE][PASSED] - Tapped on element 'Object Repository/Sidebar Menu/Operasional/Stock/Stock View/Stok - Navbar Menu'

2018-03-15 07:45:08 - [TEST_STEP][PASSED] - waitForElementPresent: Element 'Object Repository/Sidebar Menu/Operasional/Stock/Stock View/Cari Produk - Parent' is present

2018-03-15 07:45:10 - [MESSAGE][PASSED] - Element 'Object Repository/Sidebar Menu/Operasional/Stock/Stock View/Cari Produk - Parent' is present

2018-03-15 07:45:10 - [TEST_STEP][PASSED] - comment: Search Product

2018-03-15 07:45:10 - [TEST_STEP][PASSED] - tap: Tapped on element 'Object Repository/Sidebar Menu/Operasional/Stock/Stock View/Cari Produk - Parent'

2018-03-15 07:45:12 - [MESSAGE][PASSED] - Tapped on element 'Object Repository/Sidebar Menu/Operasional/Stock/Stock View/Cari Produk - Parent'

2018-03-15 07:45:12 - [TEST_STEP][PASSED] - setText: Text 'Nestle Air Murni' has been set to element 'Object Repository/Sidebar Menu/Operasional/Stock/Stock View/Cari Produk - Parent'

2018-03-15 07:45:25 - [MESSAGE][PASSED] - Text 'Nestle Air Murni' has been set to element 'Object Repository/Sidebar Menu/Operasional/Stock/Stock View/Cari Produk - Parent'

2018-03-15 07:45:25 - [TEST_STEP][PASSED] - verifyElementNotChecked: Element 'Object Repository/Sidebar Menu/Operasional/Stock/Stock View/Cari Produk - Parent' is not checked

2018-03-15 07:45:25 - [MESSAGE][PASSED] - Element 'Object Repository/Sidebar Menu/Operasional/Stock/Stock View/Cari Produk - Parent' is not checked

2018-03-15 07:45:25 - [TEST_STEP][PASSED] - getText: Text of element 'Object Repository/Sidebar Menu/Operasional/Stock/Stock View/Cari Produk - Parent' is: 'Nestle Air Murni'

2018-03-15 07:45:26 - [MESSAGE][PASSED] - Text of element 'Object Repository/Sidebar Menu/Operasional/Stock/Stock View/Cari Produk - Parent' is: 'Nestle Air Murni'

2018-03-15 07:45:26 - [TEST_STEP][PASSED] - delay: Delayed 5 second(s)

2018-03-15 07:45:31 - [MESSAGE][PASSED] - Delayed 5 second(s)

2018-03-15 07:45:31 - [TEST_STEP][PASSED] - waitForElementPresent: Element 'Object Repository/Sidebar Menu/Operasional/Stock/Detail Barang/List Produk Search - Elemen 1' is present

2018-03-15 07:45:31 - [MESSAGE][PASSED] - Element 'Object Repository/Sidebar Menu/Operasional/Stock/Detail Barang/List Produk Search - Elemen 1' is present

2018-03-15 07:45:31 - [TEST_STEP][PASSED] - tap: Tapped on element 'Object Repository/Sidebar Menu/Operasional/Stock/Detail Barang/List Produk Search - Elemen 1'

2018-03-15 07:45:32 - [MESSAGE][PASSED] - Tapped on element 'Object Repository/Sidebar Menu/Operasional/Stock/Detail Barang/List Produk Search - Elemen 1']]></system-out>
         <system-err><![CDATA[]]></system-err>
      </testcase>
      <testcase name="Test Cases/Story 27 - Detail Product/TC 2" classname="Test Cases/Story 27 - Detail Product/TC 2" status="FAILED">
         <failure type="FAILED" message="Failed to tap on element 'Object Repository/Sidebar Menu/Operasional/Stock/Detail Barang/INFO SUPPLIER' (Root cause: Object Object Repository/Sidebar Menu/Operasional/Stock/Detail Barang/INFO SUPPLIER not found)"/>
         <system-out><![CDATA[2018-03-15 07:45:32 - [TEST_CASE][FAILED] - Test Cases/Story 27 - Detail Product/TC 2: Test Cases/Story 27 - Detail Product/TC 2 FAILED because (of) Failed to tap on element 'Object Repository/Sidebar Menu/Operasional/Stock/Detail Barang/INFO SUPPLIER' (Root cause: Object Object Repository/Sidebar Menu/Operasional/Stock/Detail Barang/INFO SUPPLIER not found)

2018-03-15 07:45:32 - [TEST_STEP][FAILED] - tap: Failed to tap on element 'Object Repository/Sidebar Menu/Operasional/Stock/Detail Barang/INFO SUPPLIER' (Root cause: Object Object Repository/Sidebar Menu/Operasional/Stock/Detail Barang/INFO SUPPLIER not found)

2018-03-15 07:45:37 - [MESSAGE][FAILED] - Object Object Repository/Sidebar Menu/Operasional/Stock/Detail Barang/INFO SUPPLIER not found

2018-03-15 07:45:37 - [MESSAGE][FAILED] - Failed to tap on element 'Object Repository/Sidebar Menu/Operasional/Stock/Detail Barang/INFO SUPPLIER' (Root cause: Object Object Repository/Sidebar Menu/Operasional/Stock/Detail Barang/INFO SUPPLIER not found)]]></system-out>
         <system-err><![CDATA[2018-03-15 07:45:32 - [TEST_CASE][FAILED] - Test Cases/Story 27 - Detail Product/TC 2: Test Cases/Story 27 - Detail Product/TC 2 FAILED because (of) Failed to tap on element 'Object Repository/Sidebar Menu/Operasional/Stock/Detail Barang/INFO SUPPLIER' (Root cause: Object Object Repository/Sidebar Menu/Operasional/Stock/Detail Barang/INFO SUPPLIER not found)]]></system-err>
      </testcase>
      <testcase name="Test Cases/Story 27 - Detail Product/TC 3" classname="Test Cases/Story 27 - Detail Product/TC 3" status="FAILED">
         <failure type="FAILED" message="Failed to tap on element 'Object Repository/Sidebar Menu/Operasional/Stock/Detail Barang/Ubah Info - Button' (Root cause: Object Object Repository/Sidebar Menu/Operasional/Stock/Detail Barang/Ubah Info - Button not found)"/>
         <system-out><![CDATA[2018-03-15 07:45:37 - [TEST_CASE][FAILED] - Test Cases/Story 27 - Detail Product/TC 3: Test Cases/Story 27 - Detail Product/TC 3 FAILED because (of) Failed to tap on element 'Object Repository/Sidebar Menu/Operasional/Stock/Detail Barang/Ubah Info - Button' (Root cause: Object Object Repository/Sidebar Menu/Operasional/Stock/Detail Barang/Ubah Info - Button not found)

2018-03-15 07:45:37 - [TEST_STEP][PASSED] - comment: Swipe ke Bawah

2018-03-15 07:45:37 - [TEST_STEP][PASSED] - swipe: Swiped from 24,788 to 24,452

2018-03-15 07:45:38 - [MESSAGE][PASSED] - Swiped from 24,788 to 24,452

2018-03-15 07:45:38 - [TEST_STEP][PASSED] - waitForElementPresent: Object Object Repository/Sidebar Menu/Operasional/Stock/Detail Barang/Ubah Info - Button not found

2018-03-15 07:45:43 - [MESSAGE][WARNING] - Object Object Repository/Sidebar Menu/Operasional/Stock/Detail Barang/Ubah Info - Button not found

2018-03-15 07:45:43 - [TEST_STEP][FAILED] - tap: Failed to tap on element 'Object Repository/Sidebar Menu/Operasional/Stock/Detail Barang/Ubah Info - Button' (Root cause: Object Object Repository/Sidebar Menu/Operasional/Stock/Detail Barang/Ubah Info - Button not found)

2018-03-15 07:45:53 - [MESSAGE][FAILED] - Object Object Repository/Sidebar Menu/Operasional/Stock/Detail Barang/Ubah Info - Button not found

2018-03-15 07:45:53 - [MESSAGE][FAILED] - Failed to tap on element 'Object Repository/Sidebar Menu/Operasional/Stock/Detail Barang/Ubah Info - Button' (Root cause: Object Object Repository/Sidebar Menu/Operasional/Stock/Detail Barang/Ubah Info - Button not found)]]></system-out>
         <system-err><![CDATA[2018-03-15 07:45:37 - [TEST_CASE][FAILED] - Test Cases/Story 27 - Detail Product/TC 3: Test Cases/Story 27 - Detail Product/TC 3 FAILED because (of) Failed to tap on element 'Object Repository/Sidebar Menu/Operasional/Stock/Detail Barang/Ubah Info - Button' (Root cause: Object Object Repository/Sidebar Menu/Operasional/Stock/Detail Barang/Ubah Info - Button not found)]]></system-err>
      </testcase>
      <system-out><![CDATA[2018-03-15 07:44:34 - [TEST_SUITE][FAILED] - Story 27: Test Cases/Story 27 - Detail Product/TC 2 FAILED because (of) Failed to tap on element 'Object Repository/Sidebar Menu/Operasional/Stock/Detail Barang/INFO SUPPLIER' (Root cause: Object Object Repository/Sidebar Menu/Operasional/Stock/Detail Barang/INFO SUPPLIER not found)]]></system-out>
      <system-err><![CDATA[2018-03-15 07:44:34 - [TEST_SUITE][FAILED] - Story 27: Test Cases/Story 27 - Detail Product/TC 2 FAILED because (of) Failed to tap on element 'Object Repository/Sidebar Menu/Operasional/Stock/Detail Barang/INFO SUPPLIER' (Root cause: Object Object Repository/Sidebar Menu/Operasional/Stock/Detail Barang/INFO SUPPLIER not found)]]></system-err>
   </testsuite>
</testsuites>
