<?xml version="1.0" encoding="UTF-8"?>
<testsuites name="Sprint 2" time="879" tests="2" failures="6" errors="0">
   <testsuite name="Sprint 2" tests="2" failures="6" errors="0" time="879" timestamp="2018-02-07 17:28:55" hostname="AV2017005903 - NBMP18A211ITSQA.corp.bankbtpn.co.id" id="Test Suites/Sprint 2">
      <properties>
         <property name="deviceName" value="asus ASUS_X014D 5.1.1"/>
         <property name="devicePlatform" value=""/>
         <property name="logFolder" value="C:\\Users\\AV2017005903\\Documents\\Apollo Test\\Reports\\Sprint 2\\20180207_172853"/>
         <property name="logFiles" value="C:\\Users\\AV2017005903\\Documents\\Apollo Test\\Reports\\Sprint 2\\20180207_172853\\appium.log, C:\\Users\\AV2017005903\\Documents\\Apollo Test\\Reports\\Sprint 2\\20180207_172853\\execution0.log"/>
         <property name="attachments" value=""/>
         <property name="hostName" value="AV2017005903 - NBMP18A211ITSQA.corp.bankbtpn.co.id"/>
         <property name="os" value="Windows 10 64bit"/>
         <property name="katalonVersion" value="5.0.0.1"/>
         <property name="deviceOS" value="Android"/>
         <property name="appiumVersion" value="1.6.5"/>
         <property name="deviceModel" value="ASUS_X014D"/>
         <property name="hostAddress" value="192.168.17.193"/>
         <property name="deviceManufacturer" value="asus"/>
         <property name="deviceId" value="GBAXGV411465ERX"/>
         <property name="deviceName" value="asus ASUS_X014D 5.1.1"/>
         <property name="deviceOSVersion" value="5.1.1"/>
      </properties>
      <testcase name="Test Cases/26 - TC - All" classname="Test Cases/26 - TC - All" status="PASSED">
         <system-out><![CDATA[2018-02-07 17:28:56 - [TEST_CASE][PASSED] - Test Cases/26 - TC - All: Test Cases/26 - TC - All

2018-02-07 17:28:57 - [TEST_STEP][PASSED] - comment: Start Story 26

2018-02-07 17:28:57 - [TEST_STEP][PASSED] - startApplication: Started app at: 'C:\Users\AV2017005903\Documents\Apollo Test\SIT v-2.apk'

2018-02-07 17:29:19 - [MESSAGE][PASSED] - Started app at: 'C:\Users\AV2017005903\Documents\Apollo Test\SIT v-2.apk'

2018-02-07 17:29:19 - [TEST_STEP][PASSED] - tap: Tapped on element 'Object Repository/Login/Daftar Sekarang - Belum Punya Akun'

2018-02-07 17:29:27 - [MESSAGE][PASSED] - Tapped on element 'Object Repository/Login/Daftar Sekarang - Belum Punya Akun'

2018-02-07 17:29:27 - [TEST_STEP][NOT_RUN] - tap: NOT_RUN: tap

2018-02-07 17:29:27 - [MESSAGE][NOT_RUN] - NOT_RUN: tap

2018-02-07 17:29:27 - [TEST_STEP][NOT_RUN] - setText: NOT_RUN: setText

2018-02-07 17:29:27 - [MESSAGE][NOT_RUN] - NOT_RUN: setText

2018-02-07 17:29:27 - [TEST_STEP][NOT_RUN] - hideKeyboard: NOT_RUN: hideKeyboard

2018-02-07 17:29:27 - [MESSAGE][NOT_RUN] - NOT_RUN: hideKeyboard

2018-02-07 17:29:27 - [TEST_STEP][NOT_RUN] - tap: NOT_RUN: tap

2018-02-07 17:29:27 - [MESSAGE][NOT_RUN] - NOT_RUN: tap

2018-02-07 17:29:27 - [TEST_STEP][NOT_RUN] - waitForElementPresent: NOT_RUN: waitForElementPresent

2018-02-07 17:29:27 - [MESSAGE][NOT_RUN] - NOT_RUN: waitForElementPresent

2018-02-07 17:29:27 - [TEST_STEP][NOT_RUN] - tap: NOT_RUN: tap

2018-02-07 17:29:27 - [MESSAGE][NOT_RUN] - NOT_RUN: tap

2018-02-07 17:29:27 - [TEST_STEP][NOT_RUN] - setText: NOT_RUN: setText

2018-02-07 17:29:27 - [MESSAGE][NOT_RUN] - NOT_RUN: setText

2018-02-07 17:29:27 - [TEST_STEP][PASSED] - waitForElementPresent: Element 'Object Repository/Sidebar Menu/HamburgerButton' is present

2018-02-07 17:29:31 - [MESSAGE][PASSED] - Element 'Object Repository/Sidebar Menu/HamburgerButton' is present

2018-02-07 17:29:31 - [TEST_STEP][PASSED] - tap: Tapped on element 'Object Repository/Sidebar Menu/HamburgerButton'

2018-02-07 17:29:32 - [MESSAGE][PASSED] - Tapped on element 'Object Repository/Sidebar Menu/HamburgerButton'

2018-02-07 17:29:32 - [TEST_STEP][PASSED] - tap: Tapped on element 'Object Repository/Sidebar Menu/Operasional/Operasional - Sidebar Menu'

2018-02-07 17:29:35 - [MESSAGE][PASSED] - Tapped on element 'Object Repository/Sidebar Menu/Operasional/Operasional - Sidebar Menu'

2018-02-07 17:29:35 - [TEST_STEP][PASSED] - tap: Tapped on element 'Object Repository/Sidebar Menu/Operasional/Stock/Stock View/Stok - Navbar Menu'

2018-02-07 17:29:39 - [MESSAGE][PASSED] - Tapped on element 'Object Repository/Sidebar Menu/Operasional/Stock/Stock View/Stok - Navbar Menu'

2018-02-07 17:29:39 - [TEST_STEP][PASSED] - waitForElementPresent: Element 'Object Repository/Sidebar Menu/Operasional/Stock/Stock View/Semua Kategori - Drop Down' is present

2018-02-07 17:29:39 - [MESSAGE][PASSED] - Element 'Object Repository/Sidebar Menu/Operasional/Stock/Stock View/Semua Kategori - Drop Down' is present

2018-02-07 17:29:39 - [TEST_STEP][PASSED] - tap: Tapped on element 'Object Repository/Sidebar Menu/Operasional/Stock/Stock View/Semua Kategori - Drop Down'

2018-02-07 17:29:43 - [MESSAGE][PASSED] - Tapped on element 'Object Repository/Sidebar Menu/Operasional/Stock/Stock View/Semua Kategori - Drop Down'

2018-02-07 17:29:43 - [TEST_STEP][PASSED] - waitForElementPresent: Element 'Object Repository/Sidebar Menu/Operasional/Stock/Stock View/List Kategori - Elemen 2' is present

2018-02-07 17:29:45 - [MESSAGE][PASSED] - Element 'Object Repository/Sidebar Menu/Operasional/Stock/Stock View/List Kategori - Elemen 2' is present

2018-02-07 17:29:45 - [TEST_STEP][PASSED] - tap: Tapped on element 'Object Repository/Sidebar Menu/Operasional/Stock/Stock View/List Kategori - Elemen 2'

2018-02-07 17:29:45 - [MESSAGE][PASSED] - Tapped on element 'Object Repository/Sidebar Menu/Operasional/Stock/Stock View/List Kategori - Elemen 2'

2018-02-07 17:29:45 - [TEST_STEP][PASSED] - tap: Tapped on element 'Object Repository/Sidebar Menu/Operasional/Stock/Stock View/Terapkan - Select Kategori'

2018-02-07 17:29:46 - [MESSAGE][PASSED] - Tapped on element 'Object Repository/Sidebar Menu/Operasional/Stock/Stock View/Terapkan - Select Kategori'

2018-02-07 17:29:46 - [TEST_STEP][PASSED] - tap: Tapped on element 'Object Repository/Sidebar Menu/Operasional/Stock/Stock View/Semua Kategori - Drop Down'

2018-02-07 17:29:53 - [MESSAGE][PASSED] - Tapped on element 'Object Repository/Sidebar Menu/Operasional/Stock/Stock View/Semua Kategori - Drop Down'

2018-02-07 17:29:53 - [TEST_STEP][PASSED] - scrollToText: Scrolling to text 'Makanan' successfully

2018-02-07 17:30:55 - [MESSAGE][PASSED] - Scrolling to text 'Makanan' successfully

2018-02-07 17:30:55 - [TEST_STEP][PASSED] - tap: Tapped on element 'Object Repository/Sidebar Menu/Operasional/Stock/Stock View/List Kategori - Elemen Makanan'

2018-02-07 17:30:55 - [MESSAGE][PASSED] - Tapped on element 'Object Repository/Sidebar Menu/Operasional/Stock/Stock View/List Kategori - Elemen Makanan'

2018-02-07 17:30:55 - [TEST_STEP][PASSED] - verifyElementNotChecked: Element 'Object Repository/Sidebar Menu/Operasional/Stock/Stock View/List Kategori - Elemen Makanan' is not checked

2018-02-07 17:30:55 - [MESSAGE][WARNING] - Timeout '0' is invalid. Using default page load timeout: '30'

2018-02-07 17:30:56 - [MESSAGE][PASSED] - Element 'Object Repository/Sidebar Menu/Operasional/Stock/Stock View/List Kategori - Elemen Makanan' is not checked

2018-02-07 17:30:56 - [TEST_STEP][PASSED] - tap: Tapped on element 'Object Repository/Sidebar Menu/Operasional/Stock/Stock View/Terapkan - Select Kategori'

2018-02-07 17:30:57 - [MESSAGE][PASSED] - Tapped on element 'Object Repository/Sidebar Menu/Operasional/Stock/Stock View/Terapkan - Select Kategori'

2018-02-07 17:30:57 - [TEST_STEP][PASSED] - waitForElementPresent: Element 'Object Repository/Sidebar Menu/Operasional/Stock/Stock View/Semua Kategori - Drop Down' is present

2018-02-07 17:31:00 - [MESSAGE][PASSED] - Element 'Object Repository/Sidebar Menu/Operasional/Stock/Stock View/Semua Kategori - Drop Down' is present

2018-02-07 17:31:00 - [TEST_STEP][PASSED] - tap: Tapped on element 'Object Repository/Sidebar Menu/Operasional/Stock/Stock View/Semua Kategori - Drop Down'

2018-02-07 17:31:01 - [MESSAGE][PASSED] - Tapped on element 'Object Repository/Sidebar Menu/Operasional/Stock/Stock View/Semua Kategori - Drop Down'

2018-02-07 17:31:01 - [TEST_STEP][PASSED] - tap: Tapped on element 'Object Repository/Sidebar Menu/Operasional/Stock/Stock View/List Kategori - Elemen 0'

2018-02-07 17:31:03 - [MESSAGE][PASSED] - Tapped on element 'Object Repository/Sidebar Menu/Operasional/Stock/Stock View/List Kategori - Elemen 0'

2018-02-07 17:31:03 - [TEST_STEP][PASSED] - tap: Tapped on element 'Object Repository/Sidebar Menu/Operasional/Stock/Stock View/Terapkan - Select Kategori'

2018-02-07 17:31:04 - [MESSAGE][PASSED] - Tapped on element 'Object Repository/Sidebar Menu/Operasional/Stock/Stock View/Terapkan - Select Kategori'

2018-02-07 17:31:04 - [TEST_STEP][PASSED] - tap: Tapped on element 'Object Repository/Sidebar Menu/Operasional/Stock/Stock View/Cari Produk - Parent'

2018-02-07 17:31:07 - [MESSAGE][PASSED] - Tapped on element 'Object Repository/Sidebar Menu/Operasional/Stock/Stock View/Cari Produk - Parent'

2018-02-07 17:31:07 - [TEST_STEP][PASSED] - setText: Text 'Jambu' has been set to element 'Object Repository/Sidebar Menu/Operasional/Stock/Stock View/Cari Produk - Parent'

2018-02-07 17:31:07 - [MESSAGE][WARNING] - Timeout '0' is invalid. Using default page load timeout: '30'

2018-02-07 17:31:19 - [MESSAGE][PASSED] - Text 'Jambu' has been set to element 'Object Repository/Sidebar Menu/Operasional/Stock/Stock View/Cari Produk - Parent'

2018-02-07 17:31:19 - [TEST_STEP][PASSED] - verifyElementNotChecked: Element 'Object Repository/Sidebar Menu/Operasional/Stock/Stock View/Cari Produk - Parent' is not checked

2018-02-07 17:31:20 - [MESSAGE][PASSED] - Element 'Object Repository/Sidebar Menu/Operasional/Stock/Stock View/Cari Produk - Parent' is not checked

2018-02-07 17:31:20 - [TEST_STEP][PASSED] - getText: Text of element 'Object Repository/Sidebar Menu/Operasional/Stock/Stock View/Cari Produk - Parent' is: 'Jambu'

2018-02-07 17:31:22 - [MESSAGE][PASSED] - Text of element 'Object Repository/Sidebar Menu/Operasional/Stock/Stock View/Cari Produk - Parent' is: 'Jambu'

2018-02-07 17:31:22 - [TEST_STEP][PASSED] - waitForElementPresent: Element 'Object Repository/Sidebar Menu/Operasional/Stock/Stock View/Cari Produk - Parent' is present

2018-02-07 17:31:22 - [MESSAGE][PASSED] - Element 'Object Repository/Sidebar Menu/Operasional/Stock/Stock View/Cari Produk - Parent' is present

2018-02-07 17:31:22 - [TEST_STEP][PASSED] - clearText: Element 'Object Repository/Sidebar Menu/Operasional/Stock/Stock View/Cari Produk - Parent' text is cleared

2018-02-07 17:31:26 - [MESSAGE][PASSED] - Element 'Object Repository/Sidebar Menu/Operasional/Stock/Stock View/Cari Produk - Parent' text is cleared

2018-02-07 17:31:26 - [TEST_STEP][PASSED] - tap: Tapped on element 'Object Repository/Sidebar Menu/Operasional/Stock/Stock View/Semua Kategori - Drop Down'

2018-02-07 17:31:29 - [MESSAGE][PASSED] - Tapped on element 'Object Repository/Sidebar Menu/Operasional/Stock/Stock View/Semua Kategori - Drop Down'

2018-02-07 17:31:29 - [TEST_STEP][PASSED] - scrollToText: Scrolling to text 'Makanan' successfully

2018-02-07 17:31:49 - [MESSAGE][PASSED] - Scrolling to text 'Makanan' successfully

2018-02-07 17:31:50 - [TEST_STEP][PASSED] - tap: Tapped on element 'Object Repository/Sidebar Menu/Operasional/Stock/Stock View/List Kategori - Elemen Makanan'

2018-02-07 17:31:50 - [MESSAGE][PASSED] - Tapped on element 'Object Repository/Sidebar Menu/Operasional/Stock/Stock View/List Kategori - Elemen Makanan'

2018-02-07 17:31:50 - [TEST_STEP][PASSED] - verifyElementNotChecked: Element 'Object Repository/Sidebar Menu/Operasional/Stock/Stock View/List Kategori - Elemen Makanan' is not checked

2018-02-07 17:31:50 - [MESSAGE][WARNING] - Timeout '0' is invalid. Using default page load timeout: '30'

2018-02-07 17:31:50 - [MESSAGE][PASSED] - Element 'Object Repository/Sidebar Menu/Operasional/Stock/Stock View/List Kategori - Elemen Makanan' is not checked

2018-02-07 17:31:50 - [TEST_STEP][PASSED] - tap: Tapped on element 'Object Repository/Sidebar Menu/Operasional/Stock/Stock View/Terapkan - Select Kategori'

2018-02-07 17:31:51 - [MESSAGE][PASSED] - Tapped on element 'Object Repository/Sidebar Menu/Operasional/Stock/Stock View/Terapkan - Select Kategori'

2018-02-07 17:31:51 - [TEST_STEP][PASSED] - tap: Tapped on element 'Object Repository/Sidebar Menu/Operasional/Stock/Stock View/Cari Produk - Parent'

2018-02-07 17:31:55 - [MESSAGE][PASSED] - Tapped on element 'Object Repository/Sidebar Menu/Operasional/Stock/Stock View/Cari Produk - Parent'

2018-02-07 17:31:55 - [TEST_STEP][PASSED] - setText: Text 'Fifty Shades of Grey' has been set to element 'Object Repository/Sidebar Menu/Operasional/Stock/Stock View/Cari Produk - Parent'

2018-02-07 17:32:07 - [MESSAGE][PASSED] - Text 'Fifty Shades of Grey' has been set to element 'Object Repository/Sidebar Menu/Operasional/Stock/Stock View/Cari Produk - Parent'

2018-02-07 17:32:07 - [TEST_STEP][PASSED] - verifyElementNotChecked: Element 'Object Repository/Sidebar Menu/Operasional/Stock/Stock View/Cari Produk - Parent' is not checked

2018-02-07 17:32:08 - [MESSAGE][PASSED] - Element 'Object Repository/Sidebar Menu/Operasional/Stock/Stock View/Cari Produk - Parent' is not checked

2018-02-07 17:32:08 - [TEST_STEP][PASSED] - getText: Text of element 'Object Repository/Sidebar Menu/Operasional/Stock/Stock View/Cari Produk - Parent' is: 'Fifty Shades of Grey'

2018-02-07 17:32:09 - [MESSAGE][PASSED] - Text of element 'Object Repository/Sidebar Menu/Operasional/Stock/Stock View/Cari Produk - Parent' is: 'Fifty Shades of Grey'

2018-02-07 17:32:09 - [TEST_STEP][PASSED] - clearText: Element 'Object Repository/Sidebar Menu/Operasional/Stock/Stock View/Cari Produk - Parent' text is cleared

2018-02-07 17:32:15 - [MESSAGE][PASSED] - Element 'Object Repository/Sidebar Menu/Operasional/Stock/Stock View/Cari Produk - Parent' text is cleared

2018-02-07 17:32:15 - [TEST_STEP][PASSED] - tap: Tapped on element 'Object Repository/Sidebar Menu/Operasional/Stock/Stock View/Semua Kategori - Drop Down'

2018-02-07 17:32:18 - [MESSAGE][PASSED] - Tapped on element 'Object Repository/Sidebar Menu/Operasional/Stock/Stock View/Semua Kategori - Drop Down'

2018-02-07 17:32:18 - [TEST_STEP][PASSED] - tap: Tapped on element 'Object Repository/Sidebar Menu/Operasional/Stock/Stock View/List Kategori - Elemen 0'

2018-02-07 17:32:21 - [MESSAGE][PASSED] - Tapped on element 'Object Repository/Sidebar Menu/Operasional/Stock/Stock View/List Kategori - Elemen 0'

2018-02-07 17:32:21 - [TEST_STEP][PASSED] - tap: Tapped on element 'Object Repository/Sidebar Menu/Operasional/Stock/Stock View/Terapkan - Select Kategori'

2018-02-07 17:32:22 - [MESSAGE][PASSED] - Tapped on element 'Object Repository/Sidebar Menu/Operasional/Stock/Stock View/Terapkan - Select Kategori'

2018-02-07 17:32:22 - [TEST_STEP][PASSED] - tap: Tapped on element 'Object Repository/Sidebar Menu/Operasional/Stock/Stock View/Cari Produk - Parent'

2018-02-07 17:32:26 - [MESSAGE][PASSED] - Tapped on element 'Object Repository/Sidebar Menu/Operasional/Stock/Stock View/Cari Produk - Parent'

2018-02-07 17:32:26 - [TEST_STEP][PASSED] - setText: Text 'app' has been set to element 'Object Repository/Sidebar Menu/Operasional/Stock/Stock View/Cari Produk - Parent'

2018-02-07 17:32:39 - [MESSAGE][PASSED] - Text 'app' has been set to element 'Object Repository/Sidebar Menu/Operasional/Stock/Stock View/Cari Produk - Parent'

2018-02-07 17:32:39 - [TEST_STEP][PASSED] - verifyElementNotChecked: Element 'Object Repository/Sidebar Menu/Operasional/Stock/Stock View/Cari Produk - Parent' is not checked

2018-02-07 17:32:39 - [MESSAGE][WARNING] - Timeout '0' is invalid. Using default page load timeout: '30'

2018-02-07 17:32:40 - [MESSAGE][PASSED] - Element 'Object Repository/Sidebar Menu/Operasional/Stock/Stock View/Cari Produk - Parent' is not checked

2018-02-07 17:32:40 - [TEST_STEP][PASSED] - getText: Text of element 'Object Repository/Sidebar Menu/Operasional/Stock/Stock View/Cari Produk - Parent' is: 'app'

2018-02-07 17:32:41 - [MESSAGE][PASSED] - Text of element 'Object Repository/Sidebar Menu/Operasional/Stock/Stock View/Cari Produk - Parent' is: 'app'

2018-02-07 17:32:41 - [TEST_STEP][PASSED] - clearText: Element 'Object Repository/Sidebar Menu/Operasional/Stock/Stock View/Cari Produk - Parent' text is cleared

2018-02-07 17:32:45 - [MESSAGE][PASSED] - Element 'Object Repository/Sidebar Menu/Operasional/Stock/Stock View/Cari Produk - Parent' text is cleared

2018-02-07 17:32:45 - [TEST_STEP][PASSED] - setText: Text 'ap' has been set to element 'Object Repository/Sidebar Menu/Operasional/Stock/Stock View/Cari Produk - Parent'

2018-02-07 17:32:54 - [MESSAGE][PASSED] - Text 'ap' has been set to element 'Object Repository/Sidebar Menu/Operasional/Stock/Stock View/Cari Produk - Parent'

2018-02-07 17:32:54 - [TEST_STEP][PASSED] - verifyElementNotChecked: Element 'Object Repository/Sidebar Menu/Operasional/Stock/Stock View/Cari Produk - Parent' is not checked

2018-02-07 17:32:54 - [MESSAGE][WARNING] - Timeout '0' is invalid. Using default page load timeout: '30'

2018-02-07 17:32:55 - [MESSAGE][PASSED] - Element 'Object Repository/Sidebar Menu/Operasional/Stock/Stock View/Cari Produk - Parent' is not checked

2018-02-07 17:32:55 - [TEST_STEP][PASSED] - getText: Text of element 'Object Repository/Sidebar Menu/Operasional/Stock/Stock View/Cari Produk - Parent' is: 'ap'

2018-02-07 17:32:56 - [MESSAGE][PASSED] - Text of element 'Object Repository/Sidebar Menu/Operasional/Stock/Stock View/Cari Produk - Parent' is: 'ap'

2018-02-07 17:32:56 - [TEST_STEP][PASSED] - clearText: Element 'Object Repository/Sidebar Menu/Operasional/Stock/Stock View/Cari Produk - Parent' text is cleared

2018-02-07 17:33:00 - [MESSAGE][PASSED] - Element 'Object Repository/Sidebar Menu/Operasional/Stock/Stock View/Cari Produk - Parent' text is cleared

2018-02-07 17:33:00 - [TEST_STEP][PASSED] - setText: Text 'Rujak' has been set to element 'Object Repository/Sidebar Menu/Operasional/Stock/Stock View/Cari Produk - Parent'

2018-02-07 17:33:10 - [MESSAGE][PASSED] - Text 'Rujak' has been set to element 'Object Repository/Sidebar Menu/Operasional/Stock/Stock View/Cari Produk - Parent'

2018-02-07 17:33:10 - [TEST_STEP][PASSED] - verifyElementNotChecked: Element 'Object Repository/Sidebar Menu/Operasional/Stock/Stock View/Cari Produk - Parent' is not checked

2018-02-07 17:33:10 - [MESSAGE][WARNING] - Timeout '0' is invalid. Using default page load timeout: '30'

2018-02-07 17:33:11 - [MESSAGE][PASSED] - Element 'Object Repository/Sidebar Menu/Operasional/Stock/Stock View/Cari Produk - Parent' is not checked

2018-02-07 17:33:11 - [TEST_STEP][PASSED] - getText: Text of element 'Object Repository/Sidebar Menu/Operasional/Stock/Stock View/Cari Produk - Parent' is: 'Rujak'

2018-02-07 17:33:11 - [MESSAGE][PASSED] - Text of element 'Object Repository/Sidebar Menu/Operasional/Stock/Stock View/Cari Produk - Parent' is: 'Rujak'

2018-02-07 17:33:11 - [TEST_STEP][PASSED] - clearText: Element 'Object Repository/Sidebar Menu/Operasional/Stock/Stock View/Cari Produk - Parent' text is cleared

2018-02-07 17:33:17 - [MESSAGE][PASSED] - Element 'Object Repository/Sidebar Menu/Operasional/Stock/Stock View/Cari Produk - Parent' text is cleared

2018-02-07 17:33:17 - [TEST_STEP][PASSED] - tap: Tapped on element 'Object Repository/Sidebar Menu/Operasional/Stock/Stock View/Semua Kategori - Drop Down'

2018-02-07 17:33:20 - [MESSAGE][PASSED] - Tapped on element 'Object Repository/Sidebar Menu/Operasional/Stock/Stock View/Semua Kategori - Drop Down'

2018-02-07 17:33:20 - [TEST_STEP][PASSED] - swipe: Swiped from 30,541 to 30,257

2018-02-07 17:33:21 - [MESSAGE][PASSED] - Swiped from 30,541 to 30,257

2018-02-07 17:33:21 - [TEST_STEP][PASSED] - swipe: Swiped from 30,257 to 30,541

2018-02-07 17:33:21 - [MESSAGE][PASSED] - Swiped from 30,257 to 30,541

2018-02-07 17:33:21 - [TEST_STEP][PASSED] - tap: Tapped on element 'Object Repository/Sidebar Menu/Operasional/Stock/Stock View/Terapkan - Select Kategori'

2018-02-07 17:33:22 - [MESSAGE][PASSED] - Tapped on element 'Object Repository/Sidebar Menu/Operasional/Stock/Stock View/Terapkan - Select Kategori'

2018-02-07 17:33:22 - [TEST_STEP][PASSED] - delay: Delayed 5 second(s)

2018-02-07 17:33:27 - [MESSAGE][PASSED] - Delayed 5 second(s)

2018-02-07 17:33:27 - [TEST_STEP][PASSED] - Statement - For (def index : (0..3)): Swiped from 0,642 to 0,399

2018-02-07 17:33:27 - [TEST_STEP][PASSED] - swipe: Swiped from 0,642 to 0,399

2018-02-07 17:33:28 - [MESSAGE][PASSED] - Swiped from 0,642 to 0,399

2018-02-07 17:33:28 - [TEST_STEP][PASSED] - swipe: Swiped from 0,642 to 0,399

2018-02-07 17:33:28 - [MESSAGE][PASSED] - Swiped from 0,642 to 0,399

2018-02-07 17:33:28 - [TEST_STEP][PASSED] - swipe: Swiped from 0,642 to 0,399

2018-02-07 17:33:29 - [MESSAGE][PASSED] - Swiped from 0,642 to 0,399

2018-02-07 17:33:29 - [TEST_STEP][PASSED] - swipe: Swiped from 0,642 to 0,399

2018-02-07 17:33:30 - [MESSAGE][PASSED] - Swiped from 0,642 to 0,399

2018-02-07 17:33:30 - [TEST_STEP][PASSED] - waitForElementPresent: Element 'Object Repository/Sidebar Menu/Operasional/Stock/Tambah Barang/Tambah Barang Button' is present

2018-02-07 17:33:33 - [MESSAGE][PASSED] - Element 'Object Repository/Sidebar Menu/Operasional/Stock/Tambah Barang/Tambah Barang Button' is present

2018-02-07 17:33:33 - [TEST_STEP][PASSED] - comment: End Story 26]]></system-out>
         <system-err><![CDATA[]]></system-err>
      </testcase>
      <testcase name="Test Cases/35 - TC-All" classname="Test Cases/35 - TC-All" status="PASSED">
         <system-out><![CDATA[2018-02-07 17:33:33 - [TEST_CASE][PASSED] - Test Cases/35 - TC-All: Test Cases/35 - TC-All

2018-02-07 17:33:33 - [TEST_STEP][PASSED] - comment: Start Story 35

2018-02-07 17:33:33 - [TEST_STEP][PASSED] - delay: Delayed 5 second(s)

2018-02-07 17:33:38 - [MESSAGE][PASSED] - Delayed 5 second(s)

2018-02-07 17:33:38 - [TEST_STEP][PASSED] - tap: Tapped on element 'Object Repository/Sidebar Menu/Operasional/Stock/Tambah Barang/Tambah Barang Button'

2018-02-07 17:33:39 - [MESSAGE][PASSED] - Tapped on element 'Object Repository/Sidebar Menu/Operasional/Stock/Tambah Barang/Tambah Barang Button'

2018-02-07 17:33:39 - [TEST_STEP][PASSED] - Statement - For (def index : (0..5)): Tapped on element 'Object Repository/Sidebar Menu/Operasional/Stock/Tambah Barang/Minus Tap - Jumlah Stock'

2018-02-07 17:33:39 - [TEST_STEP][PASSED] - tap: Tapped on element 'Object Repository/Sidebar Menu/Operasional/Stock/Tambah Barang/Minus Tap - Jumlah Stock'

2018-02-07 17:33:41 - [MESSAGE][PASSED] - Tapped on element 'Object Repository/Sidebar Menu/Operasional/Stock/Tambah Barang/Minus Tap - Jumlah Stock'

2018-02-07 17:33:41 - [TEST_STEP][PASSED] - tap: Tapped on element 'Object Repository/Sidebar Menu/Operasional/Stock/Tambah Barang/Minus Tap - Jumlah Stock'

2018-02-07 17:33:42 - [MESSAGE][PASSED] - Tapped on element 'Object Repository/Sidebar Menu/Operasional/Stock/Tambah Barang/Minus Tap - Jumlah Stock'

2018-02-07 17:33:42 - [TEST_STEP][PASSED] - tap: Tapped on element 'Object Repository/Sidebar Menu/Operasional/Stock/Tambah Barang/Minus Tap - Jumlah Stock'

2018-02-07 17:33:43 - [MESSAGE][PASSED] - Tapped on element 'Object Repository/Sidebar Menu/Operasional/Stock/Tambah Barang/Minus Tap - Jumlah Stock'

2018-02-07 17:33:43 - [TEST_STEP][PASSED] - tap: Tapped on element 'Object Repository/Sidebar Menu/Operasional/Stock/Tambah Barang/Minus Tap - Jumlah Stock'

2018-02-07 17:33:44 - [MESSAGE][PASSED] - Tapped on element 'Object Repository/Sidebar Menu/Operasional/Stock/Tambah Barang/Minus Tap - Jumlah Stock'

2018-02-07 17:33:44 - [TEST_STEP][PASSED] - tap: Tapped on element 'Object Repository/Sidebar Menu/Operasional/Stock/Tambah Barang/Minus Tap - Jumlah Stock'

2018-02-07 17:33:45 - [MESSAGE][PASSED] - Tapped on element 'Object Repository/Sidebar Menu/Operasional/Stock/Tambah Barang/Minus Tap - Jumlah Stock'

2018-02-07 17:33:45 - [TEST_STEP][PASSED] - tap: Tapped on element 'Object Repository/Sidebar Menu/Operasional/Stock/Tambah Barang/Minus Tap - Jumlah Stock'

2018-02-07 17:33:46 - [MESSAGE][PASSED] - Tapped on element 'Object Repository/Sidebar Menu/Operasional/Stock/Tambah Barang/Minus Tap - Jumlah Stock'

2018-02-07 17:33:46 - [TEST_STEP][PASSED] - Statement - For (def index : (0..10)): Tapped on element 'Object Repository/Sidebar Menu/Operasional/Stock/Tambah Barang/PlusTap - JumlaH Stock'

2018-02-07 17:33:46 - [TEST_STEP][PASSED] - tap: Tapped on element 'Object Repository/Sidebar Menu/Operasional/Stock/Tambah Barang/PlusTap - JumlaH Stock'

2018-02-07 17:33:47 - [MESSAGE][PASSED] - Tapped on element 'Object Repository/Sidebar Menu/Operasional/Stock/Tambah Barang/PlusTap - JumlaH Stock'

2018-02-07 17:33:47 - [TEST_STEP][PASSED] - tap: Tapped on element 'Object Repository/Sidebar Menu/Operasional/Stock/Tambah Barang/PlusTap - JumlaH Stock'

2018-02-07 17:33:48 - [MESSAGE][PASSED] - Tapped on element 'Object Repository/Sidebar Menu/Operasional/Stock/Tambah Barang/PlusTap - JumlaH Stock'

2018-02-07 17:33:48 - [TEST_STEP][PASSED] - tap: Tapped on element 'Object Repository/Sidebar Menu/Operasional/Stock/Tambah Barang/PlusTap - JumlaH Stock'

2018-02-07 17:33:49 - [MESSAGE][PASSED] - Tapped on element 'Object Repository/Sidebar Menu/Operasional/Stock/Tambah Barang/PlusTap - JumlaH Stock'

2018-02-07 17:33:49 - [TEST_STEP][PASSED] - tap: Tapped on element 'Object Repository/Sidebar Menu/Operasional/Stock/Tambah Barang/PlusTap - JumlaH Stock'

2018-02-07 17:33:50 - [MESSAGE][PASSED] - Tapped on element 'Object Repository/Sidebar Menu/Operasional/Stock/Tambah Barang/PlusTap - JumlaH Stock'

2018-02-07 17:33:50 - [TEST_STEP][PASSED] - tap: Tapped on element 'Object Repository/Sidebar Menu/Operasional/Stock/Tambah Barang/PlusTap - JumlaH Stock'

2018-02-07 17:33:51 - [MESSAGE][PASSED] - Tapped on element 'Object Repository/Sidebar Menu/Operasional/Stock/Tambah Barang/PlusTap - JumlaH Stock'

2018-02-07 17:33:51 - [TEST_STEP][PASSED] - tap: Tapped on element 'Object Repository/Sidebar Menu/Operasional/Stock/Tambah Barang/PlusTap - JumlaH Stock'

2018-02-07 17:33:52 - [MESSAGE][PASSED] - Tapped on element 'Object Repository/Sidebar Menu/Operasional/Stock/Tambah Barang/PlusTap - JumlaH Stock'

2018-02-07 17:33:52 - [TEST_STEP][PASSED] - tap: Tapped on element 'Object Repository/Sidebar Menu/Operasional/Stock/Tambah Barang/PlusTap - JumlaH Stock'

2018-02-07 17:33:53 - [MESSAGE][PASSED] - Tapped on element 'Object Repository/Sidebar Menu/Operasional/Stock/Tambah Barang/PlusTap - JumlaH Stock'

2018-02-07 17:33:53 - [TEST_STEP][PASSED] - tap: Tapped on element 'Object Repository/Sidebar Menu/Operasional/Stock/Tambah Barang/PlusTap - JumlaH Stock'

2018-02-07 17:33:54 - [MESSAGE][PASSED] - Tapped on element 'Object Repository/Sidebar Menu/Operasional/Stock/Tambah Barang/PlusTap - JumlaH Stock'

2018-02-07 17:33:54 - [TEST_STEP][PASSED] - tap: Tapped on element 'Object Repository/Sidebar Menu/Operasional/Stock/Tambah Barang/PlusTap - JumlaH Stock'

2018-02-07 17:33:55 - [MESSAGE][PASSED] - Tapped on element 'Object Repository/Sidebar Menu/Operasional/Stock/Tambah Barang/PlusTap - JumlaH Stock'

2018-02-07 17:33:55 - [TEST_STEP][PASSED] - tap: Tapped on element 'Object Repository/Sidebar Menu/Operasional/Stock/Tambah Barang/PlusTap - JumlaH Stock'

2018-02-07 17:33:56 - [MESSAGE][PASSED] - Tapped on element 'Object Repository/Sidebar Menu/Operasional/Stock/Tambah Barang/PlusTap - JumlaH Stock'

2018-02-07 17:33:56 - [TEST_STEP][PASSED] - tap: Tapped on element 'Object Repository/Sidebar Menu/Operasional/Stock/Tambah Barang/PlusTap - JumlaH Stock'

2018-02-07 17:33:57 - [MESSAGE][PASSED] - Tapped on element 'Object Repository/Sidebar Menu/Operasional/Stock/Tambah Barang/PlusTap - JumlaH Stock'

2018-02-07 17:33:57 - [TEST_STEP][PASSED] - tap: Tapped on element 'Object Repository/Sidebar Menu/Operasional/Stock/Tambah Barang/Jumlah Stock - by typing'

2018-02-07 17:33:58 - [MESSAGE][PASSED] - Tapped on element 'Object Repository/Sidebar Menu/Operasional/Stock/Tambah Barang/Jumlah Stock - by typing'

2018-02-07 17:33:58 - [TEST_STEP][PASSED] - setText: Text '123' has been set to element 'Object Repository/Sidebar Menu/Operasional/Stock/Tambah Barang/Jumlah Stock - by typing'

2018-02-07 17:34:16 - [MESSAGE][PASSED] - Text '123' has been set to element 'Object Repository/Sidebar Menu/Operasional/Stock/Tambah Barang/Jumlah Stock - by typing'

2018-02-07 17:34:17 - [TEST_STEP][PASSED] - clearText: Element 'Object Repository/Sidebar Menu/Operasional/Stock/Tambah Barang/Jumlah Stock - by typing' text is cleared

2018-02-07 17:34:22 - [MESSAGE][PASSED] - Element 'Object Repository/Sidebar Menu/Operasional/Stock/Tambah Barang/Jumlah Stock - by typing' text is cleared

2018-02-07 17:34:22 - [TEST_STEP][PASSED] - setText: Text '1.2' has been set to element 'Object Repository/Sidebar Menu/Operasional/Stock/Tambah Barang/Jumlah Stock - by typing'

2018-02-07 17:34:40 - [MESSAGE][PASSED] - Text '1.2' has been set to element 'Object Repository/Sidebar Menu/Operasional/Stock/Tambah Barang/Jumlah Stock - by typing'

2018-02-07 17:34:40 - [TEST_STEP][PASSED] - hideKeyboard: Keyboard is hidden

2018-02-07 17:34:42 - [MESSAGE][PASSED] - Keyboard is hidden

2018-02-07 17:34:42 - [TEST_STEP][PASSED] - tap: Tapped on element 'Object Repository/Sidebar Menu/Operasional/Stock/Tambah Barang/Nama Barang - Text Box'

2018-02-07 17:34:43 - [MESSAGE][PASSED] - Tapped on element 'Object Repository/Sidebar Menu/Operasional/Stock/Tambah Barang/Nama Barang - Text Box'

2018-02-07 17:34:43 - [TEST_STEP][PASSED] - setText: Text 'Sirup Sarang Tawon' has been set to element 'Object Repository/Sidebar Menu/Operasional/Stock/Tambah Barang/Nama Barang - Text Box'

2018-02-07 17:35:01 - [MESSAGE][PASSED] - Text 'Sirup Sarang Tawon' has been set to element 'Object Repository/Sidebar Menu/Operasional/Stock/Tambah Barang/Nama Barang - Text Box'

2018-02-07 17:35:01 - [TEST_STEP][PASSED] - verifyElementText: Actual text and expected text of test object 'Object Repository/Sidebar Menu/Operasional/Stock/Tambah Barang/Nama Barang - Text Box' are matched.

2018-02-07 17:35:02 - [MESSAGE][PASSED] - Actual text and expected text of test object 'Object Repository/Sidebar Menu/Operasional/Stock/Tambah Barang/Nama Barang - Text Box' are matched.

2018-02-07 17:35:02 - [TEST_STEP][PASSED] - hideKeyboard: Keyboard is hidden

2018-02-07 17:35:03 - [MESSAGE][PASSED] - Keyboard is hidden

2018-02-07 17:35:03 - [TEST_STEP][PASSED] - swipe: Swiped from 24,679 to 24,453

2018-02-07 17:35:04 - [MESSAGE][PASSED] - Swiped from 24,679 to 24,453

2018-02-07 17:35:04 - [TEST_STEP][PASSED] - pressBack: Press back button successfully

2018-02-07 17:35:04 - [MESSAGE][PASSED] - Press back button successfully

2018-02-07 17:35:05 - [TEST_STEP][PASSED] - tap: Tapped on element 'Object Repository/Sidebar Menu/Operasional/Stock/Tambah Barang/Batal - Button'

2018-02-07 17:35:06 - [MESSAGE][PASSED] - Tapped on element 'Object Repository/Sidebar Menu/Operasional/Stock/Tambah Barang/Batal - Button'

2018-02-07 17:35:06 - [TEST_STEP][PASSED] - waitForElementPresent: Element 'Object Repository/Sidebar Menu/Operasional/Stock/Tambah Barang/Pilih Kategori - SelectButton' is present

2018-02-07 17:35:07 - [MESSAGE][PASSED] - Element 'Object Repository/Sidebar Menu/Operasional/Stock/Tambah Barang/Pilih Kategori - SelectButton' is present

2018-02-07 17:35:07 - [TEST_STEP][PASSED] - tap: Tapped on element 'Object Repository/Sidebar Menu/Operasional/Stock/Tambah Barang/Pilih Kategori - SelectButton'

2018-02-07 17:35:08 - [MESSAGE][PASSED] - Tapped on element 'Object Repository/Sidebar Menu/Operasional/Stock/Tambah Barang/Pilih Kategori - SelectButton'

2018-02-07 17:35:08 - [TEST_STEP][PASSED] - tap: Tapped on element 'Object Repository/Sidebar Menu/Operasional/Stock/Tambah Barang/Pilih Kategori - SelectButton'

2018-02-07 17:35:09 - [MESSAGE][PASSED] - Tapped on element 'Object Repository/Sidebar Menu/Operasional/Stock/Tambah Barang/Pilih Kategori - SelectButton'

2018-02-07 17:35:09 - [TEST_STEP][PASSED] - scrollToText: Scrolling to text 'Makanan' successfully

2018-02-07 17:35:22 - [MESSAGE][PASSED] - Scrolling to text 'Makanan' successfully

2018-02-07 17:35:22 - [TEST_STEP][PASSED] - tap: Tapped on element 'Object Repository/Sidebar Menu/Operasional/Stock/Tambah Barang/android.widget.TextView6 - Makanan'

2018-02-07 17:35:22 - [MESSAGE][WARNING] - Timeout '0' is invalid. Using default page load timeout: '30'

2018-02-07 17:35:23 - [MESSAGE][PASSED] - Tapped on element 'Object Repository/Sidebar Menu/Operasional/Stock/Tambah Barang/android.widget.TextView6 - Makanan'

2018-02-07 17:35:23 - [TEST_STEP][PASSED] - delay: Delayed 10 second(s)

2018-02-07 17:35:33 - [MESSAGE][PASSED] - Delayed 10 second(s)

2018-02-07 17:35:33 - [TEST_STEP][PASSED] - scrollToText: Scrolling to text 'TENTUKAN DISKON' successfully

2018-02-07 17:35:37 - [MESSAGE][PASSED] - Scrolling to text 'TENTUKAN DISKON' successfully

2018-02-07 17:35:37 - [TEST_STEP][PASSED] - tap: Tapped on element 'Object Repository/Sidebar Menu/Operasional/Stock/Tambah Barang/Harga Jual - TextBox'

2018-02-07 17:35:38 - [MESSAGE][PASSED] - Tapped on element 'Object Repository/Sidebar Menu/Operasional/Stock/Tambah Barang/Harga Jual - TextBox'

2018-02-07 17:35:38 - [TEST_STEP][PASSED] - delay: Delayed 5 second(s)

2018-02-07 17:35:43 - [MESSAGE][PASSED] - Delayed 5 second(s)

2018-02-07 17:35:43 - [TEST_STEP][PASSED] - setText: Text '0' has been set to element 'Object Repository/Sidebar Menu/Operasional/Stock/Tambah Barang/Harga Jual - TextBox'

2018-02-07 17:35:43 - [MESSAGE][WARNING] - Timeout '0' is invalid. Using default page load timeout: '30'

2018-02-07 17:35:58 - [MESSAGE][PASSED] - Text '0' has been set to element 'Object Repository/Sidebar Menu/Operasional/Stock/Tambah Barang/Harga Jual - TextBox'

2018-02-07 17:35:58 - [TEST_STEP][PASSED] - verifyElementText: Actual text and expected text of test object 'Object Repository/Sidebar Menu/Operasional/Stock/Tambah Barang/Harga Jual - TextBox' are matched.

2018-02-07 17:35:59 - [MESSAGE][PASSED] - Actual text and expected text of test object 'Object Repository/Sidebar Menu/Operasional/Stock/Tambah Barang/Harga Jual - TextBox' are matched.

2018-02-07 17:35:59 - [TEST_STEP][PASSED] - hideKeyboard: Keyboard is hidden

2018-02-07 17:36:00 - [MESSAGE][PASSED] - Keyboard is hidden

2018-02-07 17:36:00 - [TEST_STEP][PASSED] - setText: Text '0' has been set to element 'Object Repository/Sidebar Menu/Operasional/Stock/Tambah Barang/Nominal Diskon- TextBox'

2018-02-07 17:36:00 - [MESSAGE][WARNING] - Timeout '0' is invalid. Using default page load timeout: '30'

2018-02-07 17:36:11 - [MESSAGE][PASSED] - Text '0' has been set to element 'Object Repository/Sidebar Menu/Operasional/Stock/Tambah Barang/Nominal Diskon- TextBox'

2018-02-07 17:36:11 - [TEST_STEP][PASSED] - hideKeyboard: Keyboard is hidden

2018-02-07 17:36:13 - [MESSAGE][PASSED] - Keyboard is hidden

2018-02-07 17:36:13 - [TEST_STEP][PASSED] - setText: Text '0' has been set to element 'Object Repository/Sidebar Menu/Operasional/Stock/Tambah Barang/Persentase Diskon - TextBox'

2018-02-07 17:36:13 - [MESSAGE][WARNING] - Timeout '0' is invalid. Using default page load timeout: '30'

2018-02-07 17:36:24 - [MESSAGE][PASSED] - Text '0' has been set to element 'Object Repository/Sidebar Menu/Operasional/Stock/Tambah Barang/Persentase Diskon - TextBox'

2018-02-07 17:36:24 - [TEST_STEP][PASSED] - hideKeyboard: Keyboard is hidden

2018-02-07 17:36:25 - [MESSAGE][PASSED] - Keyboard is hidden

2018-02-07 17:36:26 - [TEST_STEP][PASSED] - comment: Test HARGA JUAL

2018-02-07 17:36:26 - [TEST_STEP][PASSED] - setText: Text '-2000' has been set to element 'Object Repository/Sidebar Menu/Operasional/Stock/Tambah Barang/Harga Jual - TextBox'

2018-02-07 17:36:26 - [MESSAGE][WARNING] - Timeout '0' is invalid. Using default page load timeout: '30'

2018-02-07 17:36:33 - [MESSAGE][PASSED] - Text '-2000' has been set to element 'Object Repository/Sidebar Menu/Operasional/Stock/Tambah Barang/Harga Jual - TextBox'

2018-02-07 17:36:33 - [TEST_STEP][PASSED] - hideKeyboard: Keyboard is hidden

2018-02-07 17:36:35 - [MESSAGE][PASSED] - Keyboard is hidden

2018-02-07 17:36:35 - [TEST_STEP][PASSED] - delay: Delayed 10 second(s)

2018-02-07 17:36:45 - [MESSAGE][PASSED] - Delayed 10 second(s)

2018-02-07 17:36:45 - [TEST_STEP][PASSED] - clearText: Element 'Object Repository/Sidebar Menu/Operasional/Stock/Tambah Barang/Harga Jual - TextBox' text is cleared

2018-02-07 17:36:47 - [MESSAGE][PASSED] - Element 'Object Repository/Sidebar Menu/Operasional/Stock/Tambah Barang/Harga Jual - TextBox' text is cleared

2018-02-07 17:36:47 - [TEST_STEP][PASSED] - setText: Text '2k' has been set to element 'Object Repository/Sidebar Menu/Operasional/Stock/Tambah Barang/Harga Jual - TextBox'

2018-02-07 17:36:47 - [MESSAGE][WARNING] - Timeout '0' is invalid. Using default page load timeout: '30'

2018-02-07 17:37:02 - [MESSAGE][PASSED] - Text '2k' has been set to element 'Object Repository/Sidebar Menu/Operasional/Stock/Tambah Barang/Harga Jual - TextBox'

2018-02-07 17:37:02 - [TEST_STEP][PASSED] - hideKeyboard: Keyboard is hidden

2018-02-07 17:37:04 - [MESSAGE][PASSED] - Keyboard is hidden

2018-02-07 17:37:04 - [TEST_STEP][PASSED] - clearText: Element 'Object Repository/Sidebar Menu/Operasional/Stock/Tambah Barang/Harga Jual - TextBox' text is cleared

2018-02-07 17:37:06 - [MESSAGE][PASSED] - Element 'Object Repository/Sidebar Menu/Operasional/Stock/Tambah Barang/Harga Jual - TextBox' text is cleared

2018-02-07 17:37:06 - [TEST_STEP][PASSED] - tap: Tapped on element 'Object Repository/Sidebar Menu/Operasional/Stock/Tambah Barang/Harga Jual - TextBox'

2018-02-07 17:37:07 - [MESSAGE][PASSED] - Tapped on element 'Object Repository/Sidebar Menu/Operasional/Stock/Tambah Barang/Harga Jual - TextBox'

2018-02-07 17:37:07 - [TEST_STEP][PASSED] - setText: Text '20000' has been set to element 'Object Repository/Sidebar Menu/Operasional/Stock/Tambah Barang/Harga Jual - TextBox'

2018-02-07 17:37:07 - [MESSAGE][WARNING] - Timeout '0' is invalid. Using default page load timeout: '30'

2018-02-07 17:37:23 - [MESSAGE][PASSED] - Text '20000' has been set to element 'Object Repository/Sidebar Menu/Operasional/Stock/Tambah Barang/Harga Jual - TextBox'

2018-02-07 17:37:23 - [TEST_STEP][PASSED] - verifyElementText: Actual text and expected text of test object 'Object Repository/Sidebar Menu/Operasional/Stock/Tambah Barang/Harga Jual - TextBox' are matched.

2018-02-07 17:37:24 - [MESSAGE][PASSED] - Actual text and expected text of test object 'Object Repository/Sidebar Menu/Operasional/Stock/Tambah Barang/Harga Jual - TextBox' are matched.

2018-02-07 17:37:24 - [TEST_STEP][PASSED] - hideKeyboard: Keyboard is hidden

2018-02-07 17:37:25 - [MESSAGE][PASSED] - Keyboard is hidden

2018-02-07 17:37:25 - [TEST_STEP][PASSED] - comment: Test NOMINAL

2018-02-07 17:37:25 - [TEST_STEP][PASSED] - setText: Text '-2000' has been set to element 'Object Repository/Sidebar Menu/Operasional/Stock/Tambah Barang/Nominal Diskon- TextBox'

2018-02-07 17:37:25 - [MESSAGE][WARNING] - Timeout '0' is invalid. Using default page load timeout: '30'

2018-02-07 17:37:36 - [MESSAGE][PASSED] - Text '-2000' has been set to element 'Object Repository/Sidebar Menu/Operasional/Stock/Tambah Barang/Nominal Diskon- TextBox'

2018-02-07 17:37:36 - [TEST_STEP][PASSED] - hideKeyboard: Keyboard is hidden

2018-02-07 17:37:37 - [MESSAGE][PASSED] - Keyboard is hidden

2018-02-07 17:37:37 - [TEST_STEP][PASSED] - tap: Tapped on element 'Object Repository/Sidebar Menu/Operasional/Stock/Tambah Barang/Nominal Diskon- TextBox'

2018-02-07 17:37:39 - [MESSAGE][PASSED] - Tapped on element 'Object Repository/Sidebar Menu/Operasional/Stock/Tambah Barang/Nominal Diskon- TextBox'

2018-02-07 17:37:39 - [TEST_STEP][PASSED] - clearText: Element 'Object Repository/Sidebar Menu/Operasional/Stock/Tambah Barang/Nominal Diskon- TextBox' text is cleared

2018-02-07 17:37:45 - [MESSAGE][PASSED] - Element 'Object Repository/Sidebar Menu/Operasional/Stock/Tambah Barang/Nominal Diskon- TextBox' text is cleared

2018-02-07 17:37:45 - [TEST_STEP][PASSED] - setText: Text '20000' has been set to element 'Object Repository/Sidebar Menu/Operasional/Stock/Tambah Barang/Nominal Diskon- TextBox'

2018-02-07 17:37:45 - [MESSAGE][WARNING] - Timeout '0' is invalid. Using default page load timeout: '30'

2018-02-07 17:38:00 - [MESSAGE][PASSED] - Text '20000' has been set to element 'Object Repository/Sidebar Menu/Operasional/Stock/Tambah Barang/Nominal Diskon- TextBox'

2018-02-07 17:38:00 - [TEST_STEP][PASSED] - hideKeyboard: Keyboard is hidden

2018-02-07 17:38:02 - [MESSAGE][PASSED] - Keyboard is hidden

2018-02-07 17:38:02 - [TEST_STEP][PASSED] - tap: Tapped on element 'Object Repository/Sidebar Menu/Operasional/Stock/Tambah Barang/Simpan Button'

2018-02-07 17:38:03 - [MESSAGE][PASSED] - Tapped on element 'Object Repository/Sidebar Menu/Operasional/Stock/Tambah Barang/Simpan Button'

2018-02-07 17:38:03 - [TEST_STEP][PASSED] - clearText: Element 'Object Repository/Sidebar Menu/Operasional/Stock/Tambah Barang/Nominal Diskon- TextBox' text is cleared

2018-02-07 17:38:03 - [MESSAGE][WARNING] - Timeout '0' is invalid. Using default page load timeout: '30'

2018-02-07 17:38:06 - [MESSAGE][PASSED] - Element 'Object Repository/Sidebar Menu/Operasional/Stock/Tambah Barang/Nominal Diskon- TextBox' text is cleared

2018-02-07 17:38:06 - [TEST_STEP][PASSED] - setText: Text '30000' has been set to element 'Object Repository/Sidebar Menu/Operasional/Stock/Tambah Barang/Nominal Diskon- TextBox'

2018-02-07 17:38:06 - [MESSAGE][WARNING] - Timeout '0' is invalid. Using default page load timeout: '30'

2018-02-07 17:38:24 - [MESSAGE][PASSED] - Text '30000' has been set to element 'Object Repository/Sidebar Menu/Operasional/Stock/Tambah Barang/Nominal Diskon- TextBox'

2018-02-07 17:38:24 - [TEST_STEP][PASSED] - hideKeyboard: Keyboard is hidden

2018-02-07 17:38:25 - [MESSAGE][PASSED] - Keyboard is hidden

2018-02-07 17:38:25 - [TEST_STEP][PASSED] - tap: Tapped on element 'Object Repository/Sidebar Menu/Operasional/Stock/Tambah Barang/Simpan Button'

2018-02-07 17:38:27 - [MESSAGE][PASSED] - Tapped on element 'Object Repository/Sidebar Menu/Operasional/Stock/Tambah Barang/Simpan Button'

2018-02-07 17:38:27 - [TEST_STEP][PASSED] - clearText: Element 'Object Repository/Sidebar Menu/Operasional/Stock/Tambah Barang/Nominal Diskon- TextBox' text is cleared

2018-02-07 17:38:29 - [MESSAGE][PASSED] - Element 'Object Repository/Sidebar Menu/Operasional/Stock/Tambah Barang/Nominal Diskon- TextBox' text is cleared

2018-02-07 17:38:29 - [TEST_STEP][PASSED] - tap: Tapped on element 'Object Repository/Sidebar Menu/Operasional/Stock/Tambah Barang/Nominal Diskon- TextBox'

2018-02-07 17:38:31 - [MESSAGE][PASSED] - Tapped on element 'Object Repository/Sidebar Menu/Operasional/Stock/Tambah Barang/Nominal Diskon- TextBox'

2018-02-07 17:38:31 - [TEST_STEP][PASSED] - setText: Text '765' has been set to element 'Object Repository/Sidebar Menu/Operasional/Stock/Tambah Barang/Nominal Diskon- TextBox'

2018-02-07 17:38:31 - [MESSAGE][WARNING] - Timeout '0' is invalid. Using default page load timeout: '30'

2018-02-07 17:38:46 - [MESSAGE][PASSED] - Text '765' has been set to element 'Object Repository/Sidebar Menu/Operasional/Stock/Tambah Barang/Nominal Diskon- TextBox'

2018-02-07 17:38:46 - [TEST_STEP][PASSED] - hideKeyboard: Keyboard is hidden

2018-02-07 17:38:48 - [MESSAGE][PASSED] - Keyboard is hidden

2018-02-07 17:38:48 - [TEST_STEP][PASSED] - clearText: Element 'Object Repository/Sidebar Menu/Operasional/Stock/Tambah Barang/Nominal Diskon- TextBox' text is cleared

2018-02-07 17:38:48 - [MESSAGE][WARNING] - Timeout '0' is invalid. Using default page load timeout: '30'

2018-02-07 17:38:51 - [MESSAGE][PASSED] - Element 'Object Repository/Sidebar Menu/Operasional/Stock/Tambah Barang/Nominal Diskon- TextBox' text is cleared

2018-02-07 17:38:51 - [TEST_STEP][PASSED] - sendKeys: Send keys '7654' on test object 'Object Repository/Sidebar Menu/Operasional/Stock/Tambah Barang/Nominal Diskon- TextBox' successfully.

2018-02-07 17:38:57 - [MESSAGE][PASSED] - Send keys '7654' on test object 'Object Repository/Sidebar Menu/Operasional/Stock/Tambah Barang/Nominal Diskon- TextBox' successfully.

2018-02-07 17:38:57 - [TEST_STEP][PASSED] - hideKeyboard: Keyboard is hidden

2018-02-07 17:38:58 - [MESSAGE][PASSED] - Keyboard is hidden

2018-02-07 17:38:59 - [TEST_STEP][PASSED] - clearText: Element 'Object Repository/Sidebar Menu/Operasional/Stock/Tambah Barang/Nominal Diskon- TextBox' text is cleared

2018-02-07 17:38:59 - [MESSAGE][WARNING] - Timeout '0' is invalid. Using default page load timeout: '30'

2018-02-07 17:39:01 - [MESSAGE][PASSED] - Element 'Object Repository/Sidebar Menu/Operasional/Stock/Tambah Barang/Nominal Diskon- TextBox' text is cleared

2018-02-07 17:39:01 - [TEST_STEP][PASSED] - setText: Text '23465' has been set to element 'Object Repository/Sidebar Menu/Operasional/Stock/Tambah Barang/Nominal Diskon- TextBox'

2018-02-07 17:39:01 - [MESSAGE][WARNING] - Timeout '0' is invalid. Using default page load timeout: '30'

2018-02-07 17:39:19 - [MESSAGE][PASSED] - Text '23465' has been set to element 'Object Repository/Sidebar Menu/Operasional/Stock/Tambah Barang/Nominal Diskon- TextBox'

2018-02-07 17:39:19 - [TEST_STEP][PASSED] - hideKeyboard: Keyboard is hidden

2018-02-07 17:39:20 - [MESSAGE][PASSED] - Keyboard is hidden

2018-02-07 17:39:20 - [TEST_STEP][PASSED] - clearText: Element 'Object Repository/Sidebar Menu/Operasional/Stock/Tambah Barang/Nominal Diskon- TextBox' text is cleared

2018-02-07 17:39:20 - [MESSAGE][WARNING] - Timeout '0' is invalid. Using default page load timeout: '30'

2018-02-07 17:39:23 - [MESSAGE][PASSED] - Element 'Object Repository/Sidebar Menu/Operasional/Stock/Tambah Barang/Nominal Diskon- TextBox' text is cleared

2018-02-07 17:39:23 - [TEST_STEP][PASSED] - setText: Text '19999' has been set to element 'Object Repository/Sidebar Menu/Operasional/Stock/Tambah Barang/Nominal Diskon- TextBox'

2018-02-07 17:39:23 - [MESSAGE][WARNING] - Timeout '0' is invalid. Using default page load timeout: '30'

2018-02-07 17:39:39 - [MESSAGE][PASSED] - Text '19999' has been set to element 'Object Repository/Sidebar Menu/Operasional/Stock/Tambah Barang/Nominal Diskon- TextBox'

2018-02-07 17:39:39 - [TEST_STEP][PASSED] - hideKeyboard: Keyboard is hidden

2018-02-07 17:39:41 - [MESSAGE][PASSED] - Keyboard is hidden

2018-02-07 17:39:41 - [TEST_STEP][PASSED] - tap: Tapped on element 'Object Repository/Sidebar Menu/Operasional/Stock/Tambah Barang/Simpan Button'

2018-02-07 17:39:43 - [MESSAGE][PASSED] - Tapped on element 'Object Repository/Sidebar Menu/Operasional/Stock/Tambah Barang/Simpan Button'

2018-02-07 17:39:43 - [TEST_STEP][PASSED] - clearText: Element 'Object Repository/Sidebar Menu/Operasional/Stock/Tambah Barang/Nominal Diskon- TextBox' text is cleared

2018-02-07 17:39:46 - [MESSAGE][PASSED] - Element 'Object Repository/Sidebar Menu/Operasional/Stock/Tambah Barang/Nominal Diskon- TextBox' text is cleared

2018-02-07 17:39:46 - [TEST_STEP][PASSED] - comment: Test PERSENTASE

2018-02-07 17:39:46 - [TEST_STEP][PASSED] - setText: Text '20' has been set to element 'Object Repository/Sidebar Menu/Operasional/Stock/Tambah Barang/Persentase Diskon - TextBox'

2018-02-07 17:39:46 - [MESSAGE][WARNING] - Timeout '0' is invalid. Using default page load timeout: '30'

2018-02-07 17:39:59 - [MESSAGE][PASSED] - Text '20' has been set to element 'Object Repository/Sidebar Menu/Operasional/Stock/Tambah Barang/Persentase Diskon - TextBox'

2018-02-07 17:39:59 - [TEST_STEP][PASSED] - hideKeyboard: Keyboard is hidden

2018-02-07 17:40:00 - [MESSAGE][PASSED] - Keyboard is hidden

2018-02-07 17:40:00 - [TEST_STEP][PASSED] - clearText: Element 'Object Repository/Sidebar Menu/Operasional/Stock/Tambah Barang/Persentase Diskon - TextBox' text is cleared

2018-02-07 17:40:00 - [MESSAGE][WARNING] - Timeout '0' is invalid. Using default page load timeout: '30'

2018-02-07 17:40:03 - [MESSAGE][PASSED] - Element 'Object Repository/Sidebar Menu/Operasional/Stock/Tambah Barang/Persentase Diskon - TextBox' text is cleared

2018-02-07 17:40:03 - [TEST_STEP][PASSED] - setText: Text '-2' has been set to element 'Object Repository/Sidebar Menu/Operasional/Stock/Tambah Barang/Persentase Diskon - TextBox'

2018-02-07 17:40:03 - [MESSAGE][WARNING] - Timeout '0' is invalid. Using default page load timeout: '30'

2018-02-07 17:40:19 - [MESSAGE][PASSED] - Text '-2' has been set to element 'Object Repository/Sidebar Menu/Operasional/Stock/Tambah Barang/Persentase Diskon - TextBox'

2018-02-07 17:40:19 - [TEST_STEP][PASSED] - hideKeyboard: Keyboard is hidden

2018-02-07 17:40:20 - [MESSAGE][PASSED] - Keyboard is hidden

2018-02-07 17:40:20 - [TEST_STEP][PASSED] - clearText: Element 'Object Repository/Sidebar Menu/Operasional/Stock/Tambah Barang/Persentase Diskon - TextBox' text is cleared

2018-02-07 17:40:20 - [MESSAGE][WARNING] - Timeout '0' is invalid. Using default page load timeout: '30'

2018-02-07 17:40:22 - [MESSAGE][PASSED] - Element 'Object Repository/Sidebar Menu/Operasional/Stock/Tambah Barang/Persentase Diskon - TextBox' text is cleared

2018-02-07 17:40:22 - [TEST_STEP][PASSED] - setText: Text '3452' has been set to element 'Object Repository/Sidebar Menu/Operasional/Stock/Tambah Barang/Persentase Diskon - TextBox'

2018-02-07 17:40:22 - [MESSAGE][WARNING] - Timeout '0' is invalid. Using default page load timeout: '30'

2018-02-07 17:40:39 - [MESSAGE][PASSED] - Text '3452' has been set to element 'Object Repository/Sidebar Menu/Operasional/Stock/Tambah Barang/Persentase Diskon - TextBox'

2018-02-07 17:40:39 - [TEST_STEP][PASSED] - hideKeyboard: Keyboard is hidden

2018-02-07 17:40:40 - [MESSAGE][PASSED] - Keyboard is hidden

2018-02-07 17:40:40 - [TEST_STEP][PASSED] - setText: Text '23654' has been set to element 'Object Repository/Sidebar Menu/Operasional/Stock/Tambah Barang/Persentase Diskon - TextBox'

2018-02-07 17:40:40 - [MESSAGE][WARNING] - Timeout '0' is invalid. Using default page load timeout: '30'

2018-02-07 17:40:49 - [MESSAGE][PASSED] - Text '23654' has been set to element 'Object Repository/Sidebar Menu/Operasional/Stock/Tambah Barang/Persentase Diskon - TextBox'

2018-02-07 17:40:49 - [TEST_STEP][PASSED] - hideKeyboard: Keyboard is hidden

2018-02-07 17:40:50 - [MESSAGE][PASSED] - Keyboard is hidden

2018-02-07 17:40:51 - [TEST_STEP][PASSED] - clearText: Element 'Object Repository/Sidebar Menu/Operasional/Stock/Tambah Barang/Persentase Diskon - TextBox' text is cleared

2018-02-07 17:40:51 - [MESSAGE][WARNING] - Timeout '0' is invalid. Using default page load timeout: '30'

2018-02-07 17:40:54 - [MESSAGE][PASSED] - Element 'Object Repository/Sidebar Menu/Operasional/Stock/Tambah Barang/Persentase Diskon - TextBox' text is cleared

2018-02-07 17:40:54 - [TEST_STEP][PASSED] - setText: Text '876342' has been set to element 'Object Repository/Sidebar Menu/Operasional/Stock/Tambah Barang/Persentase Diskon - TextBox'

2018-02-07 17:40:54 - [MESSAGE][WARNING] - Timeout '0' is invalid. Using default page load timeout: '30'

2018-02-07 17:41:10 - [MESSAGE][PASSED] - Text '876342' has been set to element 'Object Repository/Sidebar Menu/Operasional/Stock/Tambah Barang/Persentase Diskon - TextBox'

2018-02-07 17:41:10 - [TEST_STEP][PASSED] - hideKeyboard: Keyboard is hidden

2018-02-07 17:41:12 - [MESSAGE][PASSED] - Keyboard is hidden

2018-02-07 17:41:12 - [TEST_STEP][PASSED] - clearText: Element 'Object Repository/Sidebar Menu/Operasional/Stock/Tambah Barang/Persentase Diskon - TextBox' text is cleared

2018-02-07 17:41:12 - [MESSAGE][WARNING] - Timeout '0' is invalid. Using default page load timeout: '30'

2018-02-07 17:41:15 - [MESSAGE][PASSED] - Element 'Object Repository/Sidebar Menu/Operasional/Stock/Tambah Barang/Persentase Diskon - TextBox' text is cleared

2018-02-07 17:41:15 - [TEST_STEP][PASSED] - setText: Text '876342' has been set to element 'Object Repository/Sidebar Menu/Operasional/Stock/Tambah Barang/Persentase Diskon - TextBox'

2018-02-07 17:41:15 - [MESSAGE][WARNING] - Timeout '0' is invalid. Using default page load timeout: '30'

2018-02-07 17:41:31 - [MESSAGE][PASSED] - Text '876342' has been set to element 'Object Repository/Sidebar Menu/Operasional/Stock/Tambah Barang/Persentase Diskon - TextBox'

2018-02-07 17:41:31 - [TEST_STEP][PASSED] - hideKeyboard: Keyboard is hidden

2018-02-07 17:41:33 - [MESSAGE][PASSED] - Keyboard is hidden

2018-02-07 17:41:33 - [TEST_STEP][PASSED] - setText: Text '100' has been set to element 'Object Repository/Sidebar Menu/Operasional/Stock/Tambah Barang/Persentase Diskon - TextBox'

2018-02-07 17:41:33 - [MESSAGE][WARNING] - Timeout '0' is invalid. Using default page load timeout: '30'

2018-02-07 17:41:42 - [MESSAGE][PASSED] - Text '100' has been set to element 'Object Repository/Sidebar Menu/Operasional/Stock/Tambah Barang/Persentase Diskon - TextBox'

2018-02-07 17:41:42 - [TEST_STEP][PASSED] - hideKeyboard: Keyboard is hidden

2018-02-07 17:41:43 - [MESSAGE][PASSED] - Keyboard is hidden

2018-02-07 17:41:43 - [TEST_STEP][PASSED] - clearText: Element 'Object Repository/Sidebar Menu/Operasional/Stock/Tambah Barang/Persentase Diskon - TextBox' text is cleared

2018-02-07 17:41:43 - [MESSAGE][WARNING] - Timeout '0' is invalid. Using default page load timeout: '30'

2018-02-07 17:41:46 - [MESSAGE][PASSED] - Element 'Object Repository/Sidebar Menu/Operasional/Stock/Tambah Barang/Persentase Diskon - TextBox' text is cleared

2018-02-07 17:41:46 - [TEST_STEP][PASSED] - setText: Text '9999' has been set to element 'Object Repository/Sidebar Menu/Operasional/Stock/Tambah Barang/Persentase Diskon - TextBox'

2018-02-07 17:41:46 - [MESSAGE][WARNING] - Timeout '0' is invalid. Using default page load timeout: '30'

2018-02-07 17:42:02 - [MESSAGE][PASSED] - Text '9999' has been set to element 'Object Repository/Sidebar Menu/Operasional/Stock/Tambah Barang/Persentase Diskon - TextBox'

2018-02-07 17:42:02 - [TEST_STEP][PASSED] - hideKeyboard: Keyboard is hidden

2018-02-07 17:42:03 - [MESSAGE][PASSED] - Keyboard is hidden

2018-02-07 17:42:03 - [TEST_STEP][PASSED] - tap: Tapped on element 'Object Repository/Sidebar Menu/Operasional/Stock/Tambah Barang/Simpan Button'

2018-02-07 17:42:05 - [MESSAGE][PASSED] - Tapped on element 'Object Repository/Sidebar Menu/Operasional/Stock/Tambah Barang/Simpan Button'

2018-02-07 17:42:05 - [TEST_STEP][PASSED] - comment: End Story 35]]></system-out>
         <system-err><![CDATA[]]></system-err>
      </testcase>
      <testcase name="Test Cases/27 - TC - All" classname="Test Cases/27 - TC - All" status="FAILED">
         <failure type="FAILED" message="Failed to tap on element 'Object Repository/Sidebar Menu/Operasional/Stock/Stock View/Cari Produk - Parent' (Root cause: Object Object Repository/Sidebar Menu/Operasional/Stock/Stock View/Cari Produk - Parent not found)"/>
         <system-out><![CDATA[2018-02-07 17:42:05 - [TEST_CASE][FAILED] - Test Cases/27 - TC - All: Test Cases/27 - TC - All FAILED because (of) Failed to tap on element 'Object Repository/Sidebar Menu/Operasional/Stock/Stock View/Cari Produk - Parent' (Root cause: Object Object Repository/Sidebar Menu/Operasional/Stock/Stock View/Cari Produk - Parent not found)

2018-02-07 17:42:05 - [TEST_STEP][PASSED] - comment: Start Story 27

2018-02-07 17:42:05 - [TEST_STEP][PASSED] - delay: Delayed 5 second(s)

2018-02-07 17:42:10 - [MESSAGE][PASSED] - Delayed 5 second(s)

2018-02-07 17:42:10 - [TEST_STEP][PASSED] - Statement - For (def index : (0..5)): Swiped from 0,642 to 0,399

2018-02-07 17:42:10 - [TEST_STEP][PASSED] - swipe: Swiped from 0,642 to 0,399

2018-02-07 17:42:11 - [MESSAGE][PASSED] - Swiped from 0,642 to 0,399

2018-02-07 17:42:11 - [TEST_STEP][PASSED] - swipe: Swiped from 0,642 to 0,399

2018-02-07 17:42:12 - [MESSAGE][PASSED] - Swiped from 0,642 to 0,399

2018-02-07 17:42:12 - [TEST_STEP][PASSED] - swipe: Swiped from 0,642 to 0,399

2018-02-07 17:42:13 - [MESSAGE][PASSED] - Swiped from 0,642 to 0,399

2018-02-07 17:42:13 - [TEST_STEP][PASSED] - swipe: Swiped from 0,642 to 0,399

2018-02-07 17:42:14 - [MESSAGE][PASSED] - Swiped from 0,642 to 0,399

2018-02-07 17:42:14 - [TEST_STEP][PASSED] - swipe: Swiped from 0,642 to 0,399

2018-02-07 17:42:15 - [MESSAGE][PASSED] - Swiped from 0,642 to 0,399

2018-02-07 17:42:15 - [TEST_STEP][PASSED] - swipe: Swiped from 0,642 to 0,399

2018-02-07 17:42:16 - [MESSAGE][PASSED] - Swiped from 0,642 to 0,399

2018-02-07 17:42:16 - [TEST_STEP][FAILED] - tap: Failed to tap on element 'Object Repository/Sidebar Menu/Operasional/Stock/Stock View/Cari Produk - Parent' (Root cause: Object Object Repository/Sidebar Menu/Operasional/Stock/Stock View/Cari Produk - Parent not found)

2018-02-07 17:42:18 - [MESSAGE][FAILED] - Object Object Repository/Sidebar Menu/Operasional/Stock/Stock View/Cari Produk - Parent not found

2018-02-07 17:42:18 - [MESSAGE][FAILED] - Failed to tap on element 'Object Repository/Sidebar Menu/Operasional/Stock/Stock View/Cari Produk - Parent' (Root cause: Object Object Repository/Sidebar Menu/Operasional/Stock/Stock View/Cari Produk - Parent not found)]]></system-out>
         <system-err><![CDATA[2018-02-07 17:42:05 - [TEST_CASE][FAILED] - Test Cases/27 - TC - All: Test Cases/27 - TC - All FAILED because (of) Failed to tap on element 'Object Repository/Sidebar Menu/Operasional/Stock/Stock View/Cari Produk - Parent' (Root cause: Object Object Repository/Sidebar Menu/Operasional/Stock/Stock View/Cari Produk - Parent not found)]]></system-err>
      </testcase>
      <testcase name="Test Cases/46 - TC - All" classname="Test Cases/46 - TC - All" status="FAILED">
         <failure type="FAILED" message="Failed to tap on element 'Object Repository/Sidebar Menu/Operasional/Stock/Detail Barang/Ubah Info - Button' (Root cause: Object Object Repository/Sidebar Menu/Operasional/Stock/Detail Barang/Ubah Info - Button not found)"/>
         <system-out><![CDATA[2018-02-07 17:42:18 - [TEST_CASE][FAILED] - Test Cases/46 - TC - All: Test Cases/46 - TC - All FAILED because (of) Failed to tap on element 'Object Repository/Sidebar Menu/Operasional/Stock/Detail Barang/Ubah Info - Button' (Root cause: Object Object Repository/Sidebar Menu/Operasional/Stock/Detail Barang/Ubah Info - Button not found)

2018-02-07 17:42:18 - [TEST_STEP][PASSED] - comment: Start Story 46

2018-02-07 17:42:18 - [TEST_STEP][PASSED] - delay: Delayed 5 second(s)

2018-02-07 17:42:23 - [MESSAGE][PASSED] - Delayed 5 second(s)

2018-02-07 17:42:23 - [TEST_STEP][FAILED] - tap: Failed to tap on element 'Object Repository/Sidebar Menu/Operasional/Stock/Detail Barang/Ubah Info - Button' (Root cause: Object Object Repository/Sidebar Menu/Operasional/Stock/Detail Barang/Ubah Info - Button not found)

2018-02-07 17:42:34 - [MESSAGE][FAILED] - Object Object Repository/Sidebar Menu/Operasional/Stock/Detail Barang/Ubah Info - Button not found

2018-02-07 17:42:34 - [MESSAGE][FAILED] - Failed to tap on element 'Object Repository/Sidebar Menu/Operasional/Stock/Detail Barang/Ubah Info - Button' (Root cause: Object Object Repository/Sidebar Menu/Operasional/Stock/Detail Barang/Ubah Info - Button not found)]]></system-out>
         <system-err><![CDATA[2018-02-07 17:42:18 - [TEST_CASE][FAILED] - Test Cases/46 - TC - All: Test Cases/46 - TC - All FAILED because (of) Failed to tap on element 'Object Repository/Sidebar Menu/Operasional/Stock/Detail Barang/Ubah Info - Button' (Root cause: Object Object Repository/Sidebar Menu/Operasional/Stock/Detail Barang/Ubah Info - Button not found)]]></system-err>
      </testcase>
      <testcase name="Test Cases/28 - TC-All" classname="Test Cases/28 - TC-All" status="FAILED">
         <failure type="FAILED" message="Failed to tap on element 'Object Repository/Sidebar Menu/Operasional/Kasir/Kasir - Navbar' (Root cause: Object Object Repository/Sidebar Menu/Operasional/Kasir/Kasir - Navbar not found)"/>
         <system-out><![CDATA[2018-02-07 17:42:34 - [TEST_CASE][FAILED] - Test Cases/28 - TC-All: Test Cases/28 - TC-All FAILED because (of) Failed to tap on element 'Object Repository/Sidebar Menu/Operasional/Kasir/Kasir - Navbar' (Root cause: Object Object Repository/Sidebar Menu/Operasional/Kasir/Kasir - Navbar not found)

2018-02-07 17:42:34 - [TEST_STEP][PASSED] - comment: Start Story 28

2018-02-07 17:42:34 - [TEST_STEP][PASSED] - delay: Delayed 5 second(s)

2018-02-07 17:42:39 - [MESSAGE][PASSED] - Delayed 5 second(s)

2018-02-07 17:42:39 - [TEST_STEP][FAILED] - tap: Failed to tap on element 'Object Repository/Sidebar Menu/Operasional/Kasir/Kasir - Navbar' (Root cause: Object Object Repository/Sidebar Menu/Operasional/Kasir/Kasir - Navbar not found)

2018-02-07 17:42:44 - [MESSAGE][FAILED] - Object Object Repository/Sidebar Menu/Operasional/Kasir/Kasir - Navbar not found

2018-02-07 17:42:44 - [MESSAGE][FAILED] - Failed to tap on element 'Object Repository/Sidebar Menu/Operasional/Kasir/Kasir - Navbar' (Root cause: Object Object Repository/Sidebar Menu/Operasional/Kasir/Kasir - Navbar not found)]]></system-out>
         <system-err><![CDATA[2018-02-07 17:42:34 - [TEST_CASE][FAILED] - Test Cases/28 - TC-All: Test Cases/28 - TC-All FAILED because (of) Failed to tap on element 'Object Repository/Sidebar Menu/Operasional/Kasir/Kasir - Navbar' (Root cause: Object Object Repository/Sidebar Menu/Operasional/Kasir/Kasir - Navbar not found)]]></system-err>
      </testcase>
      <testcase name="Test Cases/29 - TC - All" classname="Test Cases/29 - TC - All" status="FAILED">
         <failure type="FAILED" message="Failed to tap on element 'Object Repository/Sidebar Menu/Operasional/Kasir/Kerajang dan Pembayaran/MinusTap - Elemen 1' (Root cause: Object Object Repository/Sidebar Menu/Operasional/Kasir/Kerajang dan Pembayaran/MinusTap - Elemen 1 not found)"/>
         <system-out><![CDATA[2018-02-07 17:42:44 - [TEST_CASE][FAILED] - Test Cases/29 - TC - All: Test Cases/29 - TC - All FAILED because (of) Failed to tap on element 'Object Repository/Sidebar Menu/Operasional/Kasir/Kerajang dan Pembayaran/MinusTap - Elemen 1' (Root cause: Object Object Repository/Sidebar Menu/Operasional/Kasir/Kerajang dan Pembayaran/MinusTap - Elemen 1 not found)

2018-02-07 17:42:45 - [TEST_STEP][PASSED] - comment: Start Story 29

2018-02-07 17:42:45 - [TEST_STEP][NOT_RUN] - Statement - For (def index : (0..5)): NOT_RUN: Statement - For (def index : (0..5))

2018-02-07 17:42:45 - [MESSAGE][NOT_RUN] - NOT_RUN: Statement - For (def index : (0..5))

2018-02-07 17:42:45 - [TEST_STEP][FAILED] - Statement - For (def index : (0..3)): Failed to tap on element 'Object Repository/Sidebar Menu/Operasional/Kasir/Kerajang dan Pembayaran/MinusTap - Elemen 1' (Root cause: Object Object Repository/Sidebar Menu/Operasional/Kasir/Kerajang dan Pembayaran/MinusTap - Elemen 1 not found)

2018-02-07 17:42:45 - [TEST_STEP][FAILED] - tap: Failed to tap on element 'Object Repository/Sidebar Menu/Operasional/Kasir/Kerajang dan Pembayaran/MinusTap - Elemen 1' (Root cause: Object Object Repository/Sidebar Menu/Operasional/Kasir/Kerajang dan Pembayaran/MinusTap - Elemen 1 not found)

2018-02-07 17:42:45 - [MESSAGE][WARNING] - Timeout '0' is invalid. Using default page load timeout: '30'

2018-02-07 17:43:15 - [MESSAGE][FAILED] - Object Object Repository/Sidebar Menu/Operasional/Kasir/Kerajang dan Pembayaran/MinusTap - Elemen 1 not found

2018-02-07 17:43:15 - [MESSAGE][FAILED] - Failed to tap on element 'Object Repository/Sidebar Menu/Operasional/Kasir/Kerajang dan Pembayaran/MinusTap - Elemen 1' (Root cause: Object Object Repository/Sidebar Menu/Operasional/Kasir/Kerajang dan Pembayaran/MinusTap - Elemen 1 not found)]]></system-out>
         <system-err><![CDATA[2018-02-07 17:42:44 - [TEST_CASE][FAILED] - Test Cases/29 - TC - All: Test Cases/29 - TC - All FAILED because (of) Failed to tap on element 'Object Repository/Sidebar Menu/Operasional/Kasir/Kerajang dan Pembayaran/MinusTap - Elemen 1' (Root cause: Object Object Repository/Sidebar Menu/Operasional/Kasir/Kerajang dan Pembayaran/MinusTap - Elemen 1 not found)]]></system-err>
      </testcase>
      <testcase name="Test Cases/47 - TC- All" classname="Test Cases/47 - TC- All" status="FAILED">
         <failure type="FAILED" message="Failed to tap on element 'Object Repository/Sidebar Menu/Operasional/Kasir/Kerajang dan Pembayaran/Tunai' (Root cause: Object Object Repository/Sidebar Menu/Operasional/Kasir/Kerajang dan Pembayaran/Tunai not found)"/>
         <system-out><![CDATA[2018-02-07 17:43:15 - [TEST_CASE][FAILED] - Test Cases/47 - TC- All: Test Cases/47 - TC- All FAILED because (of) Failed to tap on element 'Object Repository/Sidebar Menu/Operasional/Kasir/Kerajang dan Pembayaran/Tunai' (Root cause: Object Object Repository/Sidebar Menu/Operasional/Kasir/Kerajang dan Pembayaran/Tunai not found)

2018-02-07 17:43:16 - [TEST_STEP][PASSED] - comment: Start Story 47

2018-02-07 17:43:16 - [TEST_STEP][FAILED] - tap: Failed to tap on element 'Object Repository/Sidebar Menu/Operasional/Kasir/Kerajang dan Pembayaran/Tunai' (Root cause: Object Object Repository/Sidebar Menu/Operasional/Kasir/Kerajang dan Pembayaran/Tunai not found)

2018-02-07 17:43:21 - [MESSAGE][FAILED] - Object Object Repository/Sidebar Menu/Operasional/Kasir/Kerajang dan Pembayaran/Tunai not found

2018-02-07 17:43:21 - [MESSAGE][FAILED] - Failed to tap on element 'Object Repository/Sidebar Menu/Operasional/Kasir/Kerajang dan Pembayaran/Tunai' (Root cause: Object Object Repository/Sidebar Menu/Operasional/Kasir/Kerajang dan Pembayaran/Tunai not found)]]></system-out>
         <system-err><![CDATA[2018-02-07 17:43:15 - [TEST_CASE][FAILED] - Test Cases/47 - TC- All: Test Cases/47 - TC- All FAILED because (of) Failed to tap on element 'Object Repository/Sidebar Menu/Operasional/Kasir/Kerajang dan Pembayaran/Tunai' (Root cause: Object Object Repository/Sidebar Menu/Operasional/Kasir/Kerajang dan Pembayaran/Tunai not found)]]></system-err>
      </testcase>
      <testcase name="Test Cases/30 - TC - All" classname="Test Cases/30 - TC - All" status="FAILED">
         <failure type="FAILED" message="Failed to tap on element 'Object Repository/Sidebar Menu/Operasional/Kasir/Kerajang dan Pembayaran/LANJUT (1)' (Root cause: Object Object Repository/Sidebar Menu/Operasional/Kasir/Kerajang dan Pembayaran/LANJUT (1) not found)"/>
         <system-out><![CDATA[2018-02-07 17:43:21 - [TEST_CASE][FAILED] - Test Cases/30 - TC - All: Test Cases/30 - TC - All FAILED because (of) Failed to tap on element 'Object Repository/Sidebar Menu/Operasional/Kasir/Kerajang dan Pembayaran/LANJUT (1)' (Root cause: Object Object Repository/Sidebar Menu/Operasional/Kasir/Kerajang dan Pembayaran/LANJUT (1) not found)

2018-02-07 17:43:21 - [TEST_STEP][PASSED] - comment: Start Story 30

2018-02-07 17:43:21 - [TEST_STEP][PASSED] - waitForElementPresent: Object Object Repository/Sidebar Menu/Operasional/Kasir/Kerajang dan Pembayaran/LANJUT (1) not found

2018-02-07 17:43:27 - [MESSAGE][WARNING] - Object Object Repository/Sidebar Menu/Operasional/Kasir/Kerajang dan Pembayaran/LANJUT (1) not found

2018-02-07 17:43:27 - [TEST_STEP][FAILED] - tap: Failed to tap on element 'Object Repository/Sidebar Menu/Operasional/Kasir/Kerajang dan Pembayaran/LANJUT (1)' (Root cause: Object Object Repository/Sidebar Menu/Operasional/Kasir/Kerajang dan Pembayaran/LANJUT (1) not found)

2018-02-07 17:43:32 - [MESSAGE][FAILED] - Object Object Repository/Sidebar Menu/Operasional/Kasir/Kerajang dan Pembayaran/LANJUT (1) not found

2018-02-07 17:43:32 - [MESSAGE][FAILED] - Failed to tap on element 'Object Repository/Sidebar Menu/Operasional/Kasir/Kerajang dan Pembayaran/LANJUT (1)' (Root cause: Object Object Repository/Sidebar Menu/Operasional/Kasir/Kerajang dan Pembayaran/LANJUT (1) not found)]]></system-out>
         <system-err><![CDATA[2018-02-07 17:43:21 - [TEST_CASE][FAILED] - Test Cases/30 - TC - All: Test Cases/30 - TC - All FAILED because (of) Failed to tap on element 'Object Repository/Sidebar Menu/Operasional/Kasir/Kerajang dan Pembayaran/LANJUT (1)' (Root cause: Object Object Repository/Sidebar Menu/Operasional/Kasir/Kerajang dan Pembayaran/LANJUT (1) not found)]]></system-err>
      </testcase>
      <system-out><![CDATA[2018-02-07 17:28:55 - [TEST_SUITE][FAILED] - Sprint 2: Test Cases/27 - TC - All FAILED because (of) Failed to tap on element 'Object Repository/Sidebar Menu/Operasional/Stock/Stock View/Cari Produk - Parent' (Root cause: Object Object Repository/Sidebar Menu/Operasional/Stock/Stock View/Cari Produk - Parent not found)]]></system-out>
      <system-err><![CDATA[2018-02-07 17:28:55 - [TEST_SUITE][FAILED] - Sprint 2: Test Cases/27 - TC - All FAILED because (of) Failed to tap on element 'Object Repository/Sidebar Menu/Operasional/Stock/Stock View/Cari Produk - Parent' (Root cause: Object Object Repository/Sidebar Menu/Operasional/Stock/Stock View/Cari Produk - Parent not found)]]></system-err>
   </testsuite>
</testsuites>
