<?xml version="1.0" encoding="UTF-8"?>
<testsuites name="Test" time="168" tests="4" failures="0" errors="0">
   <testsuite name="Test" tests="4" failures="0" errors="0" time="168" timestamp="2018-08-13 15:47:55" hostname="AV2017005903 - NBMP18A211ITSQA.corp.bankbtpn.co.id" id="Test Suites/Test">
      <properties>
         <property name="deviceName" value="OPPO A37f (Android 5.1.1)"/>
         <property name="devicePlatform" value=""/>
         <property name="logFolder" value="C:\\Users\\AV2017005903\\Documents\\apollo-automation\\Reports\\Test\\20180813_154752"/>
         <property name="logFiles" value="C:\\Users\\AV2017005903\\Documents\\apollo-automation\\Reports\\Test\\20180813_154752\\appium.log, C:\\Users\\AV2017005903\\Documents\\apollo-automation\\Reports\\Test\\20180813_154752\\execution0.log"/>
         <property name="attachments" value=""/>
         <property name="hostName" value="AV2017005903 - NBMP18A211ITSQA.corp.bankbtpn.co.id"/>
         <property name="os" value="Windows 10 64bit"/>
         <property name="katalonVersion" value="5.6.0.1"/>
         <property name="deviceOS" value="Android"/>
         <property name="appiumVersion" value="1.8.1"/>
         <property name="deviceModel" value="A37f"/>
         <property name="hostAddress" value="192.168.62.1"/>
         <property name="deviceManufacturer" value="OPPO"/>
         <property name="deviceId" value="6e4df14"/>
         <property name="deviceName" value="OPPO A37f (Android 5.1.1)"/>
         <property name="deviceOSVersion" value="5.1.1"/>
      </properties>
      <testcase name="Test Cases/Test/TC 1" classname="Test Cases/Test/TC 1" status="PASSED">
         <system-out><![CDATA[2018-08-13 15:47:56 - [TEST_CASE][PASSED] - Test Cases/Test/TC 1: Test Cases/Test/TC 1

2018-08-13 15:47:56 - [TEST_STEP][PASSED] - Statement - apkPath = apkName: null

2018-08-13 15:47:56 - [TEST_STEP][PASSED] - startApplication: Started app at: 'C:\Users\AV2017005903\Documents\apollo-automation\Regress_release.apk'

2018-08-13 15:48:22 - [MESSAGE][PASSED] - Started app at: 'C:\Users\AV2017005903\Documents\apollo-automation\Regress_release.apk'

2018-08-13 15:48:22 - [TEST_STEP][PASSED] - delay: Delayed 15 second(s)

2018-08-13 15:48:37 - [MESSAGE][PASSED] - Delayed 15 second(s)

2018-08-13 15:48:37 - [TEST_STEP][PASSED] - closeApplication: Close app successfully

2018-08-13 15:48:42 - [MESSAGE][PASSED] - Close app successfully]]></system-out>
         <system-err><![CDATA[]]></system-err>
      </testcase>
      <testcase name="Test Cases/Test/TC 2" classname="Test Cases/Test/TC 2" status="PASSED">
         <system-out><![CDATA[2018-08-13 15:48:42 - [TEST_CASE][PASSED] - Test Cases/Test/TC 2: Test Cases/Test/TC 2

2018-08-13 15:48:42 - [TEST_STEP][PASSED] - Statement - apkPath = apkName: null

2018-08-13 15:48:42 - [TEST_STEP][PASSED] - startApplication: Started app at: 'C:\Users\AV2017005903\Documents\apollo-automation\Regress_release.apk'

2018-08-13 15:49:04 - [MESSAGE][PASSED] - Started app at: 'C:\Users\AV2017005903\Documents\apollo-automation\Regress_release.apk'

2018-08-13 15:49:04 - [TEST_STEP][PASSED] - delay: Delayed 15 second(s)

2018-08-13 15:49:19 - [MESSAGE][PASSED] - Delayed 15 second(s)

2018-08-13 15:49:19 - [TEST_STEP][PASSED] - closeApplication: Close app successfully

2018-08-13 15:49:23 - [MESSAGE][PASSED] - Close app successfully]]></system-out>
         <system-err><![CDATA[]]></system-err>
      </testcase>
      <testcase name="Test Cases/Test/TC 3" classname="Test Cases/Test/TC 3" status="PASSED">
         <system-out><![CDATA[2018-08-13 15:49:23 - [TEST_CASE][PASSED] - Test Cases/Test/TC 3: Test Cases/Test/TC 3

2018-08-13 15:49:23 - [TEST_STEP][PASSED] - Statement - apkPath = apkName: null

2018-08-13 15:49:23 - [TEST_STEP][PASSED] - startApplication: Started app at: 'C:\Users\AV2017005903\Documents\apollo-automation\Regress_release.apk'

2018-08-13 15:49:45 - [MESSAGE][PASSED] - Started app at: 'C:\Users\AV2017005903\Documents\apollo-automation\Regress_release.apk'

2018-08-13 15:49:45 - [TEST_STEP][PASSED] - delay: Delayed 15 second(s)

2018-08-13 15:50:00 - [MESSAGE][PASSED] - Delayed 15 second(s)

2018-08-13 15:50:00 - [TEST_STEP][PASSED] - closeApplication: Close app successfully

2018-08-13 15:50:03 - [MESSAGE][PASSED] - Close app successfully]]></system-out>
         <system-err><![CDATA[]]></system-err>
      </testcase>
      <testcase name="Test Cases/Test/TC 4" classname="Test Cases/Test/TC 4" status="PASSED">
         <system-out><![CDATA[2018-08-13 15:50:03 - [TEST_CASE][PASSED] - Test Cases/Test/TC 4: Test Cases/Test/TC 4

2018-08-13 15:50:03 - [TEST_STEP][PASSED] - Statement - apkPath = apkName: null

2018-08-13 15:50:03 - [TEST_STEP][PASSED] - startApplication: Started app at: 'C:\Users\AV2017005903\Documents\apollo-automation\Regress_release.apk'

2018-08-13 15:50:25 - [MESSAGE][PASSED] - Started app at: 'C:\Users\AV2017005903\Documents\apollo-automation\Regress_release.apk'

2018-08-13 15:50:25 - [TEST_STEP][PASSED] - delay: Delayed 15 second(s)

2018-08-13 15:50:40 - [MESSAGE][PASSED] - Delayed 15 second(s)

2018-08-13 15:50:40 - [TEST_STEP][PASSED] - closeApplication: Close app successfully

2018-08-13 15:50:44 - [MESSAGE][PASSED] - Close app successfully]]></system-out>
         <system-err><![CDATA[]]></system-err>
      </testcase>
      <system-out><![CDATA[2018-08-13 15:47:55 - [TEST_SUITE][PASSED] - Test: Test Cases/Test/TC 4]]></system-out>
      <system-err><![CDATA[]]></system-err>
   </testsuite>
</testsuites>
