<?xml version="1.0" encoding="UTF-8"?>
<testsuites name="Sprint 3" time="160" tests="2" failures="0" errors="0">
   <testsuite name="Sprint 3" tests="2" failures="0" errors="0" time="160" timestamp="2018-02-28 14:49:44" hostname="AV2017005903 - NBMP18A211ITSQA.corp.bankbtpn.co.id" id="Test Suites/Sprint 3">
      <properties>
         <property name="deviceName" value="asus ASUS_X014D 5.1.1"/>
         <property name="devicePlatform" value=""/>
         <property name="logFolder" value="C:\\Users\\AV2017005903\\Documents\\apollo-automation\\Reports\\Sprint 3\\20180228_144943"/>
         <property name="logFiles" value="C:\\Users\\AV2017005903\\Documents\\apollo-automation\\Reports\\Sprint 3\\20180228_144943\\appium.log, C:\\Users\\AV2017005903\\Documents\\apollo-automation\\Reports\\Sprint 3\\20180228_144943\\execution0.log"/>
         <property name="attachments" value=""/>
         <property name="hostName" value="AV2017005903 - NBMP18A211ITSQA.corp.bankbtpn.co.id"/>
         <property name="os" value="Windows 10 64bit"/>
         <property name="katalonVersion" value="5.0.0.1"/>
         <property name="deviceOS" value="Android"/>
         <property name="appiumVersion" value="1.6.5"/>
         <property name="deviceModel" value="ASUS_X014D"/>
         <property name="hostAddress" value="192.168.17.200"/>
         <property name="deviceManufacturer" value="asus"/>
         <property name="deviceId" value="GBAXGV411465ERX"/>
         <property name="deviceName" value="asus ASUS_X014D 5.1.1"/>
         <property name="deviceOSVersion" value="5.1.1"/>
      </properties>
      <testcase name="Test Cases/Sprint 3/40 - TC - All" classname="Test Cases/Sprint 3/40 - TC - All" status="PASSED">
         <system-out><![CDATA[2018-02-28 14:49:45 - [TEST_CASE][PASSED] - Test Cases/Sprint 3/40 - TC - All: Test Cases/Sprint 3/40 - TC - All

2018-02-28 14:49:45 - [TEST_STEP][PASSED] - comment: Start Story 40

2018-02-28 14:49:45 - [TEST_STEP][PASSED] - Statement - apkPath = com.kms.katalon.core.util.internal.PathUtil.relativeToAbsolutePath(apkName, com.kms.katalon.core.configuration.RunConfiguration.getProjectDir()): null

2018-02-28 14:49:45 - [TEST_STEP][PASSED] - startApplication: Started app at: 'C:\Users\AV2017005903\Documents\apollo-automation\Regression_24Februari_PakAnka.apk'

2018-02-28 14:50:01 - [MESSAGE][PASSED] - Started app at: 'C:\Users\AV2017005903\Documents\apollo-automation\Regression_24Februari_PakAnka.apk'

2018-02-28 14:50:01 - [TEST_STEP][PASSED] - tap: Tapped on element 'Object Repository/Login/Daftar Sekarang - Belum Punya Akun'

2018-02-28 14:50:08 - [MESSAGE][PASSED] - Tapped on element 'Object Repository/Login/Daftar Sekarang - Belum Punya Akun'

2018-02-28 14:50:08 - [TEST_STEP][NOT_RUN] - tap: NOT_RUN: tap

2018-02-28 14:50:08 - [MESSAGE][NOT_RUN] - NOT_RUN: tap

2018-02-28 14:50:08 - [TEST_STEP][NOT_RUN] - setText: NOT_RUN: setText

2018-02-28 14:50:08 - [MESSAGE][NOT_RUN] - NOT_RUN: setText

2018-02-28 14:50:08 - [TEST_STEP][NOT_RUN] - hideKeyboard: NOT_RUN: hideKeyboard

2018-02-28 14:50:08 - [MESSAGE][NOT_RUN] - NOT_RUN: hideKeyboard

2018-02-28 14:50:08 - [TEST_STEP][NOT_RUN] - tap: NOT_RUN: tap

2018-02-28 14:50:08 - [MESSAGE][NOT_RUN] - NOT_RUN: tap

2018-02-28 14:50:08 - [TEST_STEP][NOT_RUN] - waitForElementPresent: NOT_RUN: waitForElementPresent

2018-02-28 14:50:08 - [MESSAGE][NOT_RUN] - NOT_RUN: waitForElementPresent

2018-02-28 14:50:08 - [TEST_STEP][NOT_RUN] - tap: NOT_RUN: tap

2018-02-28 14:50:08 - [MESSAGE][NOT_RUN] - NOT_RUN: tap

2018-02-28 14:50:08 - [TEST_STEP][NOT_RUN] - setText: NOT_RUN: setText

2018-02-28 14:50:08 - [MESSAGE][NOT_RUN] - NOT_RUN: setText

2018-02-28 14:50:08 - [TEST_STEP][PASSED] - waitForElementPresent: Element 'Object Repository/Sidebar Menu/HamburgerButton' is present

2018-02-28 14:50:12 - [MESSAGE][PASSED] - Element 'Object Repository/Sidebar Menu/HamburgerButton' is present

2018-02-28 14:50:12 - [TEST_STEP][PASSED] - tap: Tapped on element 'Object Repository/Sidebar Menu/HamburgerButton'

2018-02-28 14:50:13 - [MESSAGE][PASSED] - Tapped on element 'Object Repository/Sidebar Menu/HamburgerButton'

2018-02-28 14:50:13 - [TEST_STEP][PASSED] - tap: Tapped on element 'Object Repository/Sidebar Menu/Operasional/Operasional - Sidebar Menu'

2018-02-28 14:50:15 - [MESSAGE][PASSED] - Tapped on element 'Object Repository/Sidebar Menu/Operasional/Operasional - Sidebar Menu'

2018-02-28 14:50:15 - [TEST_STEP][PASSED] - tap: Tapped on element 'Object Repository/Sidebar Menu/Operasional/Pengeluaran/PengeluaranNavbar'

2018-02-28 14:50:17 - [MESSAGE][PASSED] - Tapped on element 'Object Repository/Sidebar Menu/Operasional/Pengeluaran/PengeluaranNavbar'

2018-02-28 14:50:17 - [TEST_STEP][PASSED] - delay: Delayed 5 second(s)

2018-02-28 14:50:22 - [MESSAGE][PASSED] - Delayed 5 second(s)

2018-02-28 14:50:22 - [TEST_STEP][PASSED] - tap: Tapped on element 'Object Repository/Sidebar Menu/Operasional/Pengeluaran/SemuaKategori - DropDown'

2018-02-28 14:50:22 - [MESSAGE][PASSED] - Tapped on element 'Object Repository/Sidebar Menu/Operasional/Pengeluaran/SemuaKategori - DropDown'

2018-02-28 14:50:22 - [TEST_STEP][PASSED] - tap: Tapped on element 'Object Repository/Sidebar Menu/Operasional/Pengeluaran/ListKategori - Elemen 2(DropDown)'

2018-02-28 14:50:24 - [MESSAGE][PASSED] - Tapped on element 'Object Repository/Sidebar Menu/Operasional/Pengeluaran/ListKategori - Elemen 2(DropDown)'

2018-02-28 14:50:24 - [TEST_STEP][PASSED] - tap: Tapped on element 'Object Repository/Sidebar Menu/Operasional/Pengeluaran/TerapkanBUtton - SelectKategori'

2018-02-28 14:50:25 - [MESSAGE][PASSED] - Tapped on element 'Object Repository/Sidebar Menu/Operasional/Pengeluaran/TerapkanBUtton - SelectKategori'

2018-02-28 14:50:25 - [TEST_STEP][PASSED] - tap: Tapped on element 'Object Repository/Sidebar Menu/Operasional/Pengeluaran/SemuaKategori - DropDown'

2018-02-28 14:50:27 - [MESSAGE][PASSED] - Tapped on element 'Object Repository/Sidebar Menu/Operasional/Pengeluaran/SemuaKategori - DropDown'

2018-02-28 14:50:27 - [TEST_STEP][PASSED] - tap: Tapped on element 'Object Repository/Sidebar Menu/Operasional/Pengeluaran/ListKategori - Elemen 3(Drop Down)'

2018-02-28 14:50:29 - [MESSAGE][PASSED] - Tapped on element 'Object Repository/Sidebar Menu/Operasional/Pengeluaran/ListKategori - Elemen 3(Drop Down)'

2018-02-28 14:50:29 - [TEST_STEP][PASSED] - tap: Tapped on element 'Object Repository/Sidebar Menu/Operasional/Pengeluaran/TerapkanBUtton - SelectKategori'

2018-02-28 14:50:30 - [MESSAGE][PASSED] - Tapped on element 'Object Repository/Sidebar Menu/Operasional/Pengeluaran/TerapkanBUtton - SelectKategori'

2018-02-28 14:50:30 - [TEST_STEP][PASSED] - tap: Tapped on element 'Object Repository/Sidebar Menu/Operasional/Pengeluaran/SemuaKategori - DropDown'

2018-02-28 14:50:31 - [MESSAGE][PASSED] - Tapped on element 'Object Repository/Sidebar Menu/Operasional/Pengeluaran/SemuaKategori - DropDown'

2018-02-28 14:50:31 - [TEST_STEP][PASSED] - tap: Tapped on element 'Object Repository/Sidebar Menu/Operasional/Pengeluaran/ListKategori - Elemen 1(Drop Down)'

2018-02-28 14:50:33 - [MESSAGE][PASSED] - Tapped on element 'Object Repository/Sidebar Menu/Operasional/Pengeluaran/ListKategori - Elemen 1(Drop Down)'

2018-02-28 14:50:33 - [TEST_STEP][PASSED] - tap: Tapped on element 'Object Repository/Sidebar Menu/Operasional/Pengeluaran/TerapkanBUtton - SelectKategori'

2018-02-28 14:50:34 - [MESSAGE][PASSED] - Tapped on element 'Object Repository/Sidebar Menu/Operasional/Pengeluaran/TerapkanBUtton - SelectKategori'

2018-02-28 14:50:34 - [TEST_STEP][PASSED] - delay: Delayed 5 second(s)

2018-02-28 14:50:39 - [MESSAGE][PASSED] - Delayed 5 second(s)

2018-02-28 14:50:39 - [TEST_STEP][PASSED] - waitForElementPresent: Object Object Repository/Sidebar Menu/Operasional/Pengeluaran/TerapkanBUtton - SelectKategori not found

2018-02-28 14:50:44 - [MESSAGE][WARNING] - Object Object Repository/Sidebar Menu/Operasional/Pengeluaran/TerapkanBUtton - SelectKategori not found

2018-02-28 14:50:44 - [TEST_STEP][PASSED] - tap: Tapped on element 'Object Repository/Sidebar Menu/Operasional/Pengeluaran/ListPengeluaranKategori - Elemen 1'

2018-02-28 14:50:44 - [MESSAGE][PASSED] - Tapped on element 'Object Repository/Sidebar Menu/Operasional/Pengeluaran/ListPengeluaranKategori - Elemen 1'

2018-02-28 14:50:44 - [TEST_STEP][PASSED] - pressBack: Press back button successfully

2018-02-28 14:50:46 - [MESSAGE][PASSED] - Press back button successfully

2018-02-28 14:50:46 - [TEST_STEP][PASSED] - tap: Tapped on element 'Object Repository/Sidebar Menu/Operasional/Pengeluaran/ListPengeluaranKategori - Elemen 4'

2018-02-28 14:50:47 - [MESSAGE][PASSED] - Tapped on element 'Object Repository/Sidebar Menu/Operasional/Pengeluaran/ListPengeluaranKategori - Elemen 4'

2018-02-28 14:50:47 - [TEST_STEP][PASSED] - pressBack: Press back button successfully

2018-02-28 14:50:49 - [MESSAGE][PASSED] - Press back button successfully

2018-02-28 14:50:49 - [TEST_STEP][PASSED] - waitForElementPresent: Element 'Object Repository/Sidebar Menu/Operasional/Pengeluaran/TAMBAH CATATAN - Button' is present

2018-02-28 14:50:50 - [MESSAGE][PASSED] - Element 'Object Repository/Sidebar Menu/Operasional/Pengeluaran/TAMBAH CATATAN - Button' is present

2018-02-28 14:50:50 - [TEST_STEP][PASSED] - tap: Tapped on element 'Object Repository/Sidebar Menu/Operasional/Pengeluaran/TAMBAH CATATAN - Button'

2018-02-28 14:50:51 - [MESSAGE][PASSED] - Tapped on element 'Object Repository/Sidebar Menu/Operasional/Pengeluaran/TAMBAH CATATAN - Button'

2018-02-28 14:50:51 - [TEST_STEP][PASSED] - pressBack: Press back button successfully

2018-02-28 14:50:51 - [MESSAGE][PASSED] - Press back button successfully

2018-02-28 14:50:51 - [TEST_STEP][PASSED] - Statement - For (def index : (0..2)): Swiped from 0,626 to 0,284

2018-02-28 14:50:51 - [TEST_STEP][PASSED] - swipe: Swiped from 0,626 to 0,284

2018-02-28 14:50:52 - [MESSAGE][PASSED] - Swiped from 0,626 to 0,284

2018-02-28 14:50:52 - [TEST_STEP][PASSED] - swipe: Swiped from 0,626 to 0,284

2018-02-28 14:50:52 - [MESSAGE][PASSED] - Swiped from 0,626 to 0,284

2018-02-28 14:50:53 - [TEST_STEP][PASSED] - swipe: Swiped from 0,626 to 0,284

2018-02-28 14:50:53 - [MESSAGE][PASSED] - Swiped from 0,626 to 0,284

2018-02-28 14:50:53 - [TEST_STEP][PASSED] - Statement - For (def index : (0..2)): Swiped from 0,284 to 0,626

2018-02-28 14:50:53 - [TEST_STEP][PASSED] - swipe: Swiped from 0,284 to 0,626

2018-02-28 14:50:54 - [MESSAGE][PASSED] - Swiped from 0,284 to 0,626

2018-02-28 14:50:54 - [TEST_STEP][PASSED] - swipe: Swiped from 0,284 to 0,626

2018-02-28 14:50:55 - [MESSAGE][PASSED] - Swiped from 0,284 to 0,626

2018-02-28 14:50:55 - [TEST_STEP][PASSED] - swipe: Swiped from 0,284 to 0,626

2018-02-28 14:50:55 - [MESSAGE][PASSED] - Swiped from 0,284 to 0,626

2018-02-28 14:50:55 - [TEST_STEP][PASSED] - comment: End Story 40]]></system-out>
         <system-err><![CDATA[]]></system-err>
      </testcase>
      <testcase name="Test Cases/Sprint 3/41 - TC-All" classname="Test Cases/Sprint 3/41 - TC-All" status="PASSED">
         <system-out><![CDATA[2018-02-28 14:50:56 - [TEST_CASE][PASSED] - Test Cases/Sprint 3/41 - TC-All: Test Cases/Sprint 3/41 - TC-All

2018-02-28 14:50:56 - [TEST_STEP][PASSED] - comment: Start Story 41

2018-02-28 14:50:56 - [TEST_STEP][PASSED] - waitForElementPresent: Element 'Object Repository/Sidebar Menu/Operasional/Pengeluaran/TAMBAH CATATAN - Button' is present

2018-02-28 14:50:56 - [MESSAGE][PASSED] - Element 'Object Repository/Sidebar Menu/Operasional/Pengeluaran/TAMBAH CATATAN - Button' is present

2018-02-28 14:50:56 - [TEST_STEP][PASSED] - tap: Tapped on element 'Object Repository/Sidebar Menu/Operasional/Pengeluaran/TAMBAH CATATAN - Button'

2018-02-28 14:50:57 - [MESSAGE][PASSED] - Tapped on element 'Object Repository/Sidebar Menu/Operasional/Pengeluaran/TAMBAH CATATAN - Button'

2018-02-28 14:50:57 - [TEST_STEP][PASSED] - sendKeys: Send keys 'Pengeluaran Kos Kosan' on test object 'Object Repository/Sidebar Menu/Operasional/Pengeluaran/Judul Catatan - TextBox' successfully.

2018-02-28 14:51:06 - [MESSAGE][PASSED] - Send keys 'Pengeluaran Kos Kosan' on test object 'Object Repository/Sidebar Menu/Operasional/Pengeluaran/Judul Catatan - TextBox' successfully.

2018-02-28 14:51:06 - [TEST_STEP][PASSED] - hideKeyboard: Keyboard is hidden

2018-02-28 14:51:07 - [MESSAGE][PASSED] - Keyboard is hidden

2018-02-28 14:51:07 - [TEST_STEP][PASSED] - waitForElementPresent: Element 'Object Repository/Sidebar Menu/Operasional/Pengeluaran/Pilih Kategori 1' is present

2018-02-28 14:51:08 - [MESSAGE][PASSED] - Element 'Object Repository/Sidebar Menu/Operasional/Pengeluaran/Pilih Kategori 1' is present

2018-02-28 14:51:08 - [TEST_STEP][PASSED] - tap: Tapped on element 'Object Repository/Sidebar Menu/Operasional/Pengeluaran/Pilih Kategori 1'

2018-02-28 14:51:08 - [MESSAGE][PASSED] - Tapped on element 'Object Repository/Sidebar Menu/Operasional/Pengeluaran/Pilih Kategori 1'

2018-02-28 14:51:08 - [TEST_STEP][PASSED] - tap: Tapped on element 'Object Repository/Sidebar Menu/Operasional/Pengeluaran/Pilih Kategori 1'

2018-02-28 14:51:09 - [MESSAGE][PASSED] - Tapped on element 'Object Repository/Sidebar Menu/Operasional/Pengeluaran/Pilih Kategori 1'

2018-02-28 14:51:09 - [TEST_STEP][PASSED] - waitForElementPresent: Element 'Object Repository/Sidebar Menu/Operasional/Pengeluaran/Pengaturan Kategori - Button' is present

2018-02-28 14:51:11 - [MESSAGE][PASSED] - Element 'Object Repository/Sidebar Menu/Operasional/Pengeluaran/Pengaturan Kategori - Button' is present

2018-02-28 14:51:11 - [TEST_STEP][PASSED] - comment: Start Story 42

2018-02-28 14:51:11 - [TEST_STEP][PASSED] - tap: Tapped on element 'Object Repository/Sidebar Menu/Operasional/Pengeluaran/Pengaturan Kategori - Button'

2018-02-28 14:51:12 - [MESSAGE][PASSED] - Tapped on element 'Object Repository/Sidebar Menu/Operasional/Pengeluaran/Pengaturan Kategori - Button'

2018-02-28 14:51:12 - [TEST_STEP][PASSED] - comment: Selanjutnya, Melakukan Looping Swipe pada List Kategori

2018-02-28 14:51:12 - [TEST_STEP][PASSED] - Statement - For (def index : (0..2)): Swiped from 383,143 to 425,143

2018-02-28 14:51:12 - [TEST_STEP][PASSED] - Statement - If (true): Swiped from 383,143 to 425,143

2018-02-28 14:51:12 - [TEST_STEP][PASSED] - swipe: Swiped from 383,143 to 425,143

2018-02-28 14:51:12 - [MESSAGE][PASSED] - Swiped from 383,143 to 425,143

2018-02-28 14:51:13 - [TEST_STEP][PASSED] - Statement - If (true): Swiped from 383,143 to 425,143

2018-02-28 14:51:13 - [TEST_STEP][PASSED] - swipe: Swiped from 383,143 to 425,143

2018-02-28 14:51:13 - [MESSAGE][PASSED] - Swiped from 383,143 to 425,143

2018-02-28 14:51:13 - [TEST_STEP][PASSED] - Statement - If (true): Swiped from 383,143 to 425,143

2018-02-28 14:51:13 - [TEST_STEP][PASSED] - swipe: Swiped from 383,143 to 425,143

2018-02-28 14:51:14 - [MESSAGE][PASSED] - Swiped from 383,143 to 425,143

2018-02-28 14:51:14 - [TEST_STEP][PASSED] - Statement - For (def index : (0..2)): Swiped from 383,226 to 425,226

2018-02-28 14:51:14 - [TEST_STEP][PASSED] - Statement - If (true): Swiped from 383,226 to 425,226

2018-02-28 14:51:14 - [TEST_STEP][PASSED] - swipe: Swiped from 383,226 to 425,226

2018-02-28 14:51:15 - [MESSAGE][PASSED] - Swiped from 383,226 to 425,226

2018-02-28 14:51:15 - [TEST_STEP][PASSED] - Statement - If (true): Swiped from 383,226 to 425,226

2018-02-28 14:51:15 - [TEST_STEP][PASSED] - swipe: Swiped from 383,226 to 425,226

2018-02-28 14:51:15 - [MESSAGE][PASSED] - Swiped from 383,226 to 425,226

2018-02-28 14:51:15 - [TEST_STEP][PASSED] - Statement - If (true): Swiped from 383,226 to 425,226

2018-02-28 14:51:15 - [TEST_STEP][PASSED] - swipe: Swiped from 383,226 to 425,226

2018-02-28 14:51:16 - [MESSAGE][PASSED] - Swiped from 383,226 to 425,226

2018-02-28 14:51:16 - [TEST_STEP][PASSED] - Statement - For (def index : (0..2)): Swiped from 383,310 to 425,310

2018-02-28 14:51:16 - [TEST_STEP][PASSED] - Statement - If (true): Swiped from 383,310 to 425,310

2018-02-28 14:51:16 - [TEST_STEP][PASSED] - swipe: Swiped from 383,310 to 425,310

2018-02-28 14:51:17 - [MESSAGE][PASSED] - Swiped from 383,310 to 425,310

2018-02-28 14:51:17 - [TEST_STEP][PASSED] - Statement - If (true): Swiped from 383,310 to 425,310

2018-02-28 14:51:17 - [TEST_STEP][PASSED] - swipe: Swiped from 383,310 to 425,310

2018-02-28 14:51:17 - [MESSAGE][PASSED] - Swiped from 383,310 to 425,310

2018-02-28 14:51:17 - [TEST_STEP][PASSED] - Statement - If (true): Swiped from 383,310 to 425,310

2018-02-28 14:51:17 - [TEST_STEP][PASSED] - swipe: Swiped from 383,310 to 425,310

2018-02-28 14:51:18 - [MESSAGE][PASSED] - Swiped from 383,310 to 425,310

2018-02-28 14:51:18 - [TEST_STEP][PASSED] - Statement - For (def index : (0..2)): Swiped from 383,393 to 425,393

2018-02-28 14:51:18 - [TEST_STEP][PASSED] - Statement - If (true): Swiped from 383,393 to 425,393

2018-02-28 14:51:18 - [TEST_STEP][PASSED] - swipe: Swiped from 383,393 to 425,393

2018-02-28 14:51:19 - [MESSAGE][PASSED] - Swiped from 383,393 to 425,393

2018-02-28 14:51:19 - [TEST_STEP][PASSED] - Statement - If (true): Swiped from 383,393 to 425,393

2018-02-28 14:51:19 - [TEST_STEP][PASSED] - swipe: Swiped from 383,393 to 425,393

2018-02-28 14:51:19 - [MESSAGE][PASSED] - Swiped from 383,393 to 425,393

2018-02-28 14:51:19 - [TEST_STEP][PASSED] - Statement - If (true): Swiped from 383,393 to 425,393

2018-02-28 14:51:19 - [TEST_STEP][PASSED] - swipe: Swiped from 383,393 to 425,393

2018-02-28 14:51:20 - [MESSAGE][PASSED] - Swiped from 383,393 to 425,393

2018-02-28 14:51:20 - [TEST_STEP][PASSED] - Statement - For (def index : (0..2)): Swiped from 383,476 to 425,476

2018-02-28 14:51:20 - [TEST_STEP][PASSED] - Statement - If (true): Swiped from 383,476 to 425,476

2018-02-28 14:51:20 - [TEST_STEP][PASSED] - swipe: Swiped from 383,476 to 425,476

2018-02-28 14:51:21 - [MESSAGE][PASSED] - Swiped from 383,476 to 425,476

2018-02-28 14:51:21 - [TEST_STEP][PASSED] - Statement - If (true): Swiped from 383,476 to 425,476

2018-02-28 14:51:21 - [TEST_STEP][PASSED] - swipe: Swiped from 383,476 to 425,476

2018-02-28 14:51:21 - [MESSAGE][PASSED] - Swiped from 383,476 to 425,476

2018-02-28 14:51:21 - [TEST_STEP][PASSED] - Statement - If (true): Swiped from 383,476 to 425,476

2018-02-28 14:51:21 - [TEST_STEP][PASSED] - swipe: Swiped from 383,476 to 425,476

2018-02-28 14:51:22 - [MESSAGE][PASSED] - Swiped from 383,476 to 425,476

2018-02-28 14:51:22 - [TEST_STEP][PASSED] - waitForElementPresent: Element 'Object Repository/Sidebar Menu/Operasional/Pengeluaran/Simpan Button' is present

2018-02-28 14:51:23 - [MESSAGE][PASSED] - Element 'Object Repository/Sidebar Menu/Operasional/Pengeluaran/Simpan Button' is present

2018-02-28 14:51:23 - [TEST_STEP][PASSED] - tap: Tapped on element 'Object Repository/Sidebar Menu/Operasional/Pengeluaran/Simpan Button'

2018-02-28 14:51:24 - [MESSAGE][PASSED] - Tapped on element 'Object Repository/Sidebar Menu/Operasional/Pengeluaran/Simpan Button'

2018-02-28 14:51:24 - [TEST_STEP][PASSED] - waitForElementPresent: Element 'Object Repository/Sidebar Menu/Operasional/Pengeluaran/Tambah Kategori - Button' is present

2018-02-28 14:51:26 - [MESSAGE][PASSED] - Element 'Object Repository/Sidebar Menu/Operasional/Pengeluaran/Tambah Kategori - Button' is present

2018-02-28 14:51:26 - [TEST_STEP][PASSED] - tap: Tapped on element 'Object Repository/Sidebar Menu/Operasional/Pengeluaran/Tambah Kategori - Button'

2018-02-28 14:51:27 - [MESSAGE][PASSED] - Tapped on element 'Object Repository/Sidebar Menu/Operasional/Pengeluaran/Tambah Kategori - Button'

2018-02-28 14:51:27 - [TEST_STEP][PASSED] - comment: Notifikasi "Pelu diisi"

2018-02-28 14:51:27 - [TEST_STEP][PASSED] - tap: Tapped on element 'Object Repository/Sidebar Menu/Operasional/Pengeluaran/Input Tambah Kategori Baru'

2018-02-28 14:51:28 - [MESSAGE][PASSED] - Tapped on element 'Object Repository/Sidebar Menu/Operasional/Pengeluaran/Input Tambah Kategori Baru'

2018-02-28 14:51:28 - [TEST_STEP][PASSED] - sendKeys: Send keys 'Sticky' on test object 'Object Repository/Sidebar Menu/Operasional/Pengeluaran/Input Tambah Kategori Baru' successfully.

2018-02-28 14:51:35 - [MESSAGE][PASSED] - Send keys 'Sticky' on test object 'Object Repository/Sidebar Menu/Operasional/Pengeluaran/Input Tambah Kategori Baru' successfully.

2018-02-28 14:51:35 - [TEST_STEP][PASSED] - tap: Tapped on element 'Object Repository/Sidebar Menu/Operasional/Pengeluaran/Terapkan - ButtonTambahKategori'

2018-02-28 14:51:35 - [MESSAGE][PASSED] - Tapped on element 'Object Repository/Sidebar Menu/Operasional/Pengeluaran/Terapkan - ButtonTambahKategori'

2018-02-28 14:51:35 - [TEST_STEP][PASSED] - waitForElementPresent: Element 'Object Repository/Sidebar Menu/Operasional/Pengeluaran/Simpan Button' is present

2018-02-28 14:51:39 - [MESSAGE][PASSED] - Element 'Object Repository/Sidebar Menu/Operasional/Pengeluaran/Simpan Button' is present

2018-02-28 14:51:39 - [TEST_STEP][PASSED] - tap: Tapped on element 'Object Repository/Sidebar Menu/Operasional/Pengeluaran/Simpan Button'

2018-02-28 14:51:40 - [MESSAGE][PASSED] - Tapped on element 'Object Repository/Sidebar Menu/Operasional/Pengeluaran/Simpan Button'

2018-02-28 14:51:40 - [TEST_STEP][PASSED] - pressBack: Press back button successfully

2018-02-28 14:51:40 - [MESSAGE][PASSED] - Press back button successfully

2018-02-28 14:51:40 - [TEST_STEP][PASSED] - tap: Tapped on element 'Object Repository/Sidebar Menu/Operasional/Pengeluaran/Pilih Kategori Elemen ke 1'

2018-02-28 14:51:42 - [MESSAGE][PASSED] - Tapped on element 'Object Repository/Sidebar Menu/Operasional/Pengeluaran/Pilih Kategori Elemen ke 1'

2018-02-28 14:51:42 - [TEST_STEP][PASSED] - comment: Insert berhasil

2018-02-28 14:51:42 - [TEST_STEP][PASSED] - comment: End Story 42

2018-02-28 14:51:42 - [TEST_STEP][PASSED] - tap: Tapped on element 'Object Repository/Sidebar Menu/Operasional/Pengeluaran/Nominal Pengeluaran - TextBox'

2018-02-28 14:51:43 - [MESSAGE][PASSED] - Tapped on element 'Object Repository/Sidebar Menu/Operasional/Pengeluaran/Nominal Pengeluaran - TextBox'

2018-02-28 14:51:43 - [TEST_STEP][PASSED] - setText: Text '4500000' has been set to element 'Object Repository/Sidebar Menu/Operasional/Pengeluaran/Nominal Pengeluaran - TextBox'

2018-02-28 14:51:54 - [MESSAGE][PASSED] - Text '4500000' has been set to element 'Object Repository/Sidebar Menu/Operasional/Pengeluaran/Nominal Pengeluaran - TextBox'

2018-02-28 14:51:54 - [TEST_STEP][PASSED] - verifyElementText: Actual text and expected text of test object 'Object Repository/Sidebar Menu/Operasional/Pengeluaran/Nominal Pengeluaran - TextBox' are matched.

2018-02-28 14:51:57 - [MESSAGE][PASSED] - Actual text and expected text of test object 'Object Repository/Sidebar Menu/Operasional/Pengeluaran/Nominal Pengeluaran - TextBox' are matched.

2018-02-28 14:51:57 - [TEST_STEP][PASSED] - getText: Text of element 'Object Repository/Sidebar Menu/Operasional/Pengeluaran/Nominal Pengeluaran - TextBox' is: '4.500.000'

2018-02-28 14:51:57 - [MESSAGE][PASSED] - Text of element 'Object Repository/Sidebar Menu/Operasional/Pengeluaran/Nominal Pengeluaran - TextBox' is: '4.500.000'

2018-02-28 14:51:57 - [TEST_STEP][PASSED] - waitForElementPresent: Element 'Object Repository/Sidebar Menu/Operasional/Pengeluaran/Deskripsi - TextBox' is present

2018-02-28 14:51:57 - [MESSAGE][PASSED] - Element 'Object Repository/Sidebar Menu/Operasional/Pengeluaran/Deskripsi - TextBox' is present

2018-02-28 14:51:57 - [TEST_STEP][PASSED] - sendKeys: Send keys 'Pengeluaran untuk uang Listrik, Uang Makan, dan Uang Kos bulan Januari' on test object 'Object Repository/Sidebar Menu/Operasional/Pengeluaran/Deskripsi - TextBox' successfully.

2018-02-28 14:52:05 - [MESSAGE][PASSED] - Send keys 'Pengeluaran untuk uang Listrik, Uang Makan, dan Uang Kos bulan Januari' on test object 'Object Repository/Sidebar Menu/Operasional/Pengeluaran/Deskripsi - TextBox' successfully.

2018-02-28 14:52:05 - [TEST_STEP][PASSED] - hideKeyboard: Keyboard is hidden

2018-02-28 14:52:06 - [MESSAGE][PASSED] - Keyboard is hidden

2018-02-28 14:52:06 - [TEST_STEP][PASSED] - waitForElementPresent: Element 'Object Repository/Sidebar Menu/Operasional/Pengeluaran/SelectorTangal' is present

2018-02-28 14:52:07 - [MESSAGE][PASSED] - Element 'Object Repository/Sidebar Menu/Operasional/Pengeluaran/SelectorTangal' is present

2018-02-28 14:52:07 - [TEST_STEP][PASSED] - tap: Tapped on element 'Object Repository/Sidebar Menu/Operasional/Pengeluaran/SelectorTangal'

2018-02-28 14:52:08 - [MESSAGE][PASSED] - Tapped on element 'Object Repository/Sidebar Menu/Operasional/Pengeluaran/SelectorTangal'

2018-02-28 14:52:08 - [TEST_STEP][PASSED] - tap: Tapped on element 'Object Repository/Sidebar Menu/Operasional/Pengeluaran/SelectorTangal'

2018-02-28 14:52:09 - [MESSAGE][PASSED] - Tapped on element 'Object Repository/Sidebar Menu/Operasional/Pengeluaran/SelectorTangal'

2018-02-28 14:52:09 - [TEST_STEP][PASSED] - tap: Tapped on element 'Object Repository/Sidebar Menu/Operasional/Pengeluaran/23 Februari 2018'

2018-02-28 14:52:11 - [MESSAGE][PASSED] - Tapped on element 'Object Repository/Sidebar Menu/Operasional/Pengeluaran/23 Februari 2018'

2018-02-28 14:52:11 - [TEST_STEP][PASSED] - tap: Tapped on element 'Object Repository/Sidebar Menu/Operasional/Pengeluaran/Cancel Tanggal'

2018-02-28 14:52:12 - [MESSAGE][PASSED] - Tapped on element 'Object Repository/Sidebar Menu/Operasional/Pengeluaran/Cancel Tanggal'

2018-02-28 14:52:12 - [TEST_STEP][PASSED] - tap: Tapped on element 'Object Repository/Sidebar Menu/Operasional/Pengeluaran/SelectorTangal'

2018-02-28 14:52:13 - [MESSAGE][PASSED] - Tapped on element 'Object Repository/Sidebar Menu/Operasional/Pengeluaran/SelectorTangal'

2018-02-28 14:52:13 - [TEST_STEP][PASSED] - comment: Gk bisa di swipe sama scroll to text bang. Aye puyeng

2018-02-28 14:52:13 - [TEST_STEP][NOT_RUN] - scrollToText: NOT_RUN: scrollToText

2018-02-28 14:52:13 - [MESSAGE][NOT_RUN] - NOT_RUN: scrollToText

2018-02-28 14:52:13 - [TEST_STEP][PASSED] - delay: Delayed 5 second(s)

2018-02-28 14:52:18 - [MESSAGE][PASSED] - Delayed 5 second(s)

2018-02-28 14:52:18 - [TEST_STEP][PASSED] - swipe: Swiped from 96,614 to 96,398

2018-02-28 14:52:19 - [MESSAGE][PASSED] - Swiped from 96,614 to 96,398

2018-02-28 14:52:19 - [TEST_STEP][PASSED] - tap: Tapped on element 'Object Repository/Sidebar Menu/Operasional/Pengeluaran/10 Maret 2018'

2018-02-28 14:52:20 - [MESSAGE][PASSED] - Tapped on element 'Object Repository/Sidebar Menu/Operasional/Pengeluaran/10 Maret 2018'

2018-02-28 14:52:20 - [TEST_STEP][PASSED] - tap: Tapped on element 'Object Repository/Sidebar Menu/Operasional/Pengeluaran/OK Tanggal'

2018-02-28 14:52:21 - [MESSAGE][PASSED] - Tapped on element 'Object Repository/Sidebar Menu/Operasional/Pengeluaran/OK Tanggal'

2018-02-28 14:52:21 - [TEST_STEP][PASSED] - tap: Tapped on element 'Object Repository/Sidebar Menu/Operasional/Pengeluaran/Simpan - Tambah Catatan'

2018-02-28 14:52:22 - [MESSAGE][PASSED] - Tapped on element 'Object Repository/Sidebar Menu/Operasional/Pengeluaran/Simpan - Tambah Catatan'

2018-02-28 14:52:22 - [TEST_STEP][PASSED] - comment: End Story 41]]></system-out>
         <system-err><![CDATA[]]></system-err>
      </testcase>
      <system-out><![CDATA[2018-02-28 14:49:44 - [TEST_SUITE][PASSED] - Sprint 3: Test Cases/Sprint 3/41 - TC-All]]></system-out>
      <system-err><![CDATA[]]></system-err>
   </testsuite>
</testsuites>
