<?xml version="1.0" encoding="UTF-8"?>
<testsuites name="Story 28" time="213" tests="15" failures="0" errors="0">
   <testsuite name="Story 28" tests="15" failures="0" errors="0" time="213" timestamp="2018-03-15 08:18:54" hostname="AV2017005903 - NBMP18A211ITSQA.corp.bankbtpn.co.id" id="Test Suites/Story 28">
      <properties>
         <property name="deviceName" value="asus ASUS_X014D 5.1.1"/>
         <property name="devicePlatform" value=""/>
         <property name="logFolder" value="C:\\Users\\AV2017005903\\Documents\\apollo-automation\\Reports\\Story 28\\20180315_081853"/>
         <property name="logFiles" value="C:\\Users\\AV2017005903\\Documents\\apollo-automation\\Reports\\Story 28\\20180315_081853\\appium.log, C:\\Users\\AV2017005903\\Documents\\apollo-automation\\Reports\\Story 28\\20180315_081853\\execution0.log"/>
         <property name="attachments" value=""/>
         <property name="hostName" value="AV2017005903 - NBMP18A211ITSQA.corp.bankbtpn.co.id"/>
         <property name="os" value="Windows 10 64bit"/>
         <property name="katalonVersion" value="5.0.0.1"/>
         <property name="deviceOS" value="Android"/>
         <property name="appiumVersion" value="1.6.5"/>
         <property name="deviceModel" value="ASUS_X014D"/>
         <property name="hostAddress" value="192.168.43.137"/>
         <property name="deviceManufacturer" value="asus"/>
         <property name="deviceId" value="GBAXGV411465ERX"/>
         <property name="deviceName" value="asus ASUS_X014D 5.1.1"/>
         <property name="deviceOSVersion" value="5.1.1"/>
      </properties>
      <testcase name="Test Cases/Story 28 - Kasir Menu/TC 1" classname="Test Cases/Story 28 - Kasir Menu/TC 1" status="PASSED">
         <system-out><![CDATA[2018-03-15 08:18:55 - [TEST_CASE][PASSED] - Test Cases/Story 28 - Kasir Menu/TC 1: Test Cases/Story 28 - Kasir Menu/TC 1

2018-03-15 08:18:55 - [TEST_STEP][PASSED] - comment: Start Story 28

2018-03-15 08:18:55 - [TEST_STEP][PASSED] - Statement - apkPath = com.kms.katalon.core.util.internal.PathUtil.relativeToAbsolutePath(apkName, com.kms.katalon.core.configuration.RunConfiguration.getProjectDir()): null

2018-03-15 08:18:55 - [TEST_STEP][PASSED] - startApplication: Started app at: 'C:\Users\AV2017005903\Documents\apollo-automation\13 Maret 17.23.apk'

2018-03-15 08:19:11 - [MESSAGE][PASSED] - Started app at: 'C:\Users\AV2017005903\Documents\apollo-automation\13 Maret 17.23.apk'

2018-03-15 08:19:11 - [TEST_STEP][NOT_RUN] - verifyElementExist: NOT_RUN: verifyElementExist

2018-03-15 08:19:11 - [MESSAGE][NOT_RUN] - NOT_RUN: verifyElementExist

2018-03-15 08:19:11 - [TEST_STEP][PASSED] - tap: Tapped on element 'Object Repository/Login/Daftar Sekarang - Belum Punya Akun'

2018-03-15 08:19:18 - [MESSAGE][PASSED] - Tapped on element 'Object Repository/Login/Daftar Sekarang - Belum Punya Akun'

2018-03-15 08:19:18 - [TEST_STEP][PASSED] - waitForElementPresent: Element 'Object Repository/Sidebar Menu/HamburgerButton' is present

2018-03-15 08:19:22 - [MESSAGE][PASSED] - Element 'Object Repository/Sidebar Menu/HamburgerButton' is present

2018-03-15 08:19:22 - [TEST_STEP][PASSED] - tap: Tapped on element 'Object Repository/Sidebar Menu/HamburgerButton'

2018-03-15 08:19:23 - [MESSAGE][PASSED] - Tapped on element 'Object Repository/Sidebar Menu/HamburgerButton'

2018-03-15 08:19:23 - [TEST_STEP][PASSED] - tap: Tapped on element 'Object Repository/Sidebar Menu/Operasional/Operasional - Sidebar Menu'

2018-03-15 08:19:25 - [MESSAGE][PASSED] - Tapped on element 'Object Repository/Sidebar Menu/Operasional/Operasional - Sidebar Menu'

2018-03-15 08:19:25 - [TEST_STEP][PASSED] - tap: Tapped on element 'Object Repository/Sidebar Menu/Operasional/Kasir/Kasir - Navbar'

2018-03-15 08:19:28 - [MESSAGE][PASSED] - Tapped on element 'Object Repository/Sidebar Menu/Operasional/Kasir/Kasir - Navbar']]></system-out>
         <system-err><![CDATA[]]></system-err>
      </testcase>
      <testcase name="Test Cases/Story 28 - Kasir Menu/TC 2" classname="Test Cases/Story 28 - Kasir Menu/TC 2" status="PASSED">
         <system-out><![CDATA[2018-03-15 08:19:28 - [TEST_CASE][PASSED] - Test Cases/Story 28 - Kasir Menu/TC 2: Test Cases/Story 28 - Kasir Menu/TC 2

2018-03-15 08:19:28 - [TEST_STEP][PASSED] - waitForElementPresent: Element 'Object Repository/Sidebar Menu/Operasional/Stock/Stock View/Semua Kategori - Drop Down' is present

2018-03-15 08:19:28 - [MESSAGE][PASSED] - Element 'Object Repository/Sidebar Menu/Operasional/Stock/Stock View/Semua Kategori - Drop Down' is present

2018-03-15 08:19:28 - [TEST_STEP][PASSED] - tap: Tapped on element 'Object Repository/Sidebar Menu/Operasional/Stock/Stock View/Semua Kategori - Drop Down'

2018-03-15 08:19:29 - [MESSAGE][PASSED] - Tapped on element 'Object Repository/Sidebar Menu/Operasional/Stock/Stock View/Semua Kategori - Drop Down'

2018-03-15 08:19:29 - [TEST_STEP][PASSED] - tap: Tapped on element 'Object Repository/Sidebar Menu/Operasional/Stock/Stock View/List Kategori - Elemen 0'

2018-03-15 08:19:31 - [MESSAGE][PASSED] - Tapped on element 'Object Repository/Sidebar Menu/Operasional/Stock/Stock View/List Kategori - Elemen 0'

2018-03-15 08:19:31 - [TEST_STEP][PASSED] - tap: Tapped on element 'Object Repository/Sidebar Menu/Operasional/Stock/Stock View/Terapkan - Select Kategori'

2018-03-15 08:19:32 - [MESSAGE][PASSED] - Tapped on element 'Object Repository/Sidebar Menu/Operasional/Stock/Stock View/Terapkan - Select Kategori']]></system-out>
         <system-err><![CDATA[]]></system-err>
      </testcase>
      <testcase name="Test Cases/Story 28 - Kasir Menu/TC 3" classname="Test Cases/Story 28 - Kasir Menu/TC 3" status="PASSED">
         <system-out><![CDATA[2018-03-15 08:19:32 - [TEST_CASE][PASSED] - Test Cases/Story 28 - Kasir Menu/TC 3: Test Cases/Story 28 - Kasir Menu/TC 3

2018-03-15 08:19:32 - [TEST_STEP][PASSED] - delay: Delayed 5 second(s)

2018-03-15 08:19:37 - [MESSAGE][PASSED] - Delayed 5 second(s)

2018-03-15 08:19:37 - [TEST_STEP][PASSED] - tap: Tapped on element 'Object Repository/Sidebar Menu/Operasional/Kasir/Cari Produk'

2018-03-15 08:19:37 - [MESSAGE][PASSED] - Tapped on element 'Object Repository/Sidebar Menu/Operasional/Kasir/Cari Produk'

2018-03-15 08:19:37 - [TEST_STEP][PASSED] - setText: Text 'apple' has been set to element 'Object Repository/Sidebar Menu/Operasional/Kasir/Cari Produk'

2018-03-15 08:19:48 - [MESSAGE][PASSED] - Text 'apple' has been set to element 'Object Repository/Sidebar Menu/Operasional/Kasir/Cari Produk'

2018-03-15 08:19:48 - [TEST_STEP][PASSED] - verifyElementText: Actual text and expected text of test object 'Object Repository/Sidebar Menu/Operasional/Kasir/Cari Produk' are matched.

2018-03-15 08:19:49 - [MESSAGE][PASSED] - Actual text and expected text of test object 'Object Repository/Sidebar Menu/Operasional/Kasir/Cari Produk' are matched.]]></system-out>
         <system-err><![CDATA[]]></system-err>
      </testcase>
      <testcase name="Test Cases/Story 28 - Kasir Menu/TC 4" classname="Test Cases/Story 28 - Kasir Menu/TC 4" status="PASSED">
         <system-out><![CDATA[2018-03-15 08:19:49 - [TEST_CASE][PASSED] - Test Cases/Story 28 - Kasir Menu/TC 4: Test Cases/Story 28 - Kasir Menu/TC 4

2018-03-15 08:19:49 - [TEST_STEP][PASSED] - clearText: Element 'Object Repository/Sidebar Menu/Operasional/Kasir/Cari Produk' text is cleared

2018-03-15 08:19:51 - [MESSAGE][PASSED] - Element 'Object Repository/Sidebar Menu/Operasional/Kasir/Cari Produk' text is cleared

2018-03-15 08:19:51 - [TEST_STEP][PASSED] - setText: Text 'da vinci' has been set to element 'Object Repository/Sidebar Menu/Operasional/Kasir/Cari Produk'

2018-03-15 08:20:00 - [MESSAGE][PASSED] - Text 'da vinci' has been set to element 'Object Repository/Sidebar Menu/Operasional/Kasir/Cari Produk'

2018-03-15 08:20:00 - [TEST_STEP][PASSED] - verifyElementText: Actual text and expected text of test object 'Object Repository/Sidebar Menu/Operasional/Kasir/Cari Produk' are matched.

2018-03-15 08:20:00 - [MESSAGE][PASSED] - Actual text and expected text of test object 'Object Repository/Sidebar Menu/Operasional/Kasir/Cari Produk' are matched.]]></system-out>
         <system-err><![CDATA[]]></system-err>
      </testcase>
      <testcase name="Test Cases/Story 28 - Kasir Menu/TC 5" classname="Test Cases/Story 28 - Kasir Menu/TC 5" status="PASSED">
         <system-out><![CDATA[2018-03-15 08:20:01 - [TEST_CASE][PASSED] - Test Cases/Story 28 - Kasir Menu/TC 5: Test Cases/Story 28 - Kasir Menu/TC 5

2018-03-15 08:20:01 - [TEST_STEP][PASSED] - clearText: Element 'Object Repository/Sidebar Menu/Operasional/Kasir/Cari Produk' text is cleared

2018-03-15 08:20:04 - [MESSAGE][PASSED] - Element 'Object Repository/Sidebar Menu/Operasional/Kasir/Cari Produk' text is cleared

2018-03-15 08:20:04 - [TEST_STEP][PASSED] - setText: Text 'asu' has been set to element 'Object Repository/Sidebar Menu/Operasional/Kasir/Cari Produk'

2018-03-15 08:20:13 - [MESSAGE][PASSED] - Text 'asu' has been set to element 'Object Repository/Sidebar Menu/Operasional/Kasir/Cari Produk'

2018-03-15 08:20:13 - [TEST_STEP][PASSED] - verifyElementText: Actual text and expected text of test object 'Object Repository/Sidebar Menu/Operasional/Kasir/Cari Produk' are matched.

2018-03-15 08:20:14 - [MESSAGE][PASSED] - Actual text and expected text of test object 'Object Repository/Sidebar Menu/Operasional/Kasir/Cari Produk' are matched.]]></system-out>
         <system-err><![CDATA[]]></system-err>
      </testcase>
      <testcase name="Test Cases/Story 28 - Kasir Menu/TC 6" classname="Test Cases/Story 28 - Kasir Menu/TC 6" status="PASSED">
         <system-out><![CDATA[2018-03-15 08:20:14 - [TEST_CASE][PASSED] - Test Cases/Story 28 - Kasir Menu/TC 6: Test Cases/Story 28 - Kasir Menu/TC 6

2018-03-15 08:20:14 - [TEST_STEP][PASSED] - clearText: Element 'Object Repository/Sidebar Menu/Operasional/Kasir/Cari Produk' text is cleared

2018-03-15 08:20:16 - [MESSAGE][PASSED] - Element 'Object Repository/Sidebar Menu/Operasional/Kasir/Cari Produk' text is cleared

2018-03-15 08:20:16 - [TEST_STEP][PASSED] - setText: Text 'as' has been set to element 'Object Repository/Sidebar Menu/Operasional/Kasir/Cari Produk'

2018-03-15 08:20:26 - [MESSAGE][PASSED] - Text 'as' has been set to element 'Object Repository/Sidebar Menu/Operasional/Kasir/Cari Produk'

2018-03-15 08:20:26 - [TEST_STEP][PASSED] - verifyElementText: Actual text and expected text of test object 'Object Repository/Sidebar Menu/Operasional/Kasir/Cari Produk' are matched.

2018-03-15 08:20:27 - [MESSAGE][PASSED] - Actual text and expected text of test object 'Object Repository/Sidebar Menu/Operasional/Kasir/Cari Produk' are matched.

2018-03-15 08:20:27 - [TEST_STEP][PASSED] - hideKeyboard: Keyboard is hidden

2018-03-15 08:20:29 - [MESSAGE][PASSED] - Keyboard is hidden]]></system-out>
         <system-err><![CDATA[]]></system-err>
      </testcase>
      <testcase name="Test Cases/Story 28 - Kasir Menu/TC 7" classname="Test Cases/Story 28 - Kasir Menu/TC 7" status="PASSED">
         <system-out><![CDATA[2018-03-15 08:20:29 - [TEST_CASE][PASSED] - Test Cases/Story 28 - Kasir Menu/TC 7: Test Cases/Story 28 - Kasir Menu/TC 7

2018-03-15 08:20:29 - [TEST_STEP][PASSED] - clearText: Element 'Object Repository/Sidebar Menu/Operasional/Kasir/Cari Produk' text is cleared

2018-03-15 08:20:33 - [MESSAGE][PASSED] - Element 'Object Repository/Sidebar Menu/Operasional/Kasir/Cari Produk' text is cleared

2018-03-15 08:20:33 - [TEST_STEP][PASSED] - setText: Text 'lontong' has been set to element 'Object Repository/Sidebar Menu/Operasional/Kasir/Cari Produk'

2018-03-15 08:20:41 - [MESSAGE][PASSED] - Text 'lontong' has been set to element 'Object Repository/Sidebar Menu/Operasional/Kasir/Cari Produk'

2018-03-15 08:20:41 - [TEST_STEP][PASSED] - verifyElementText: Actual text and expected text of test object 'Object Repository/Sidebar Menu/Operasional/Kasir/Cari Produk' are matched.

2018-03-15 08:20:42 - [MESSAGE][PASSED] - Actual text and expected text of test object 'Object Repository/Sidebar Menu/Operasional/Kasir/Cari Produk' are matched.

2018-03-15 08:20:42 - [TEST_STEP][PASSED] - delay: Delayed 5 second(s)

2018-03-15 08:20:47 - [MESSAGE][PASSED] - Delayed 5 second(s)

2018-03-15 08:20:47 - [TEST_STEP][PASSED] - tap: Tapped on element 'Object Repository/Sidebar Menu/Operasional/Kasir/Cari Produk'

2018-03-15 08:20:48 - [MESSAGE][PASSED] - Tapped on element 'Object Repository/Sidebar Menu/Operasional/Kasir/Cari Produk'

2018-03-15 08:20:48 - [TEST_STEP][PASSED] - clearText: Element 'Object Repository/Sidebar Menu/Operasional/Kasir/Cari Produk' text is cleared

2018-03-15 08:20:53 - [MESSAGE][PASSED] - Element 'Object Repository/Sidebar Menu/Operasional/Kasir/Cari Produk' text is cleared]]></system-out>
         <system-err><![CDATA[]]></system-err>
      </testcase>
      <testcase name="Test Cases/Story 28 - Kasir Menu/TC 8" classname="Test Cases/Story 28 - Kasir Menu/TC 8" status="PASSED">
         <system-out><![CDATA[2018-03-15 08:20:53 - [TEST_CASE][PASSED] - Test Cases/Story 28 - Kasir Menu/TC 8: Test Cases/Story 28 - Kasir Menu/TC 8

2018-03-15 08:20:53 - [TEST_STEP][PASSED] - waitForElementPresent: Element 'Object Repository/Sidebar Menu/Operasional/Stock/Stock View/Semua Kategori - Drop Down' is present

2018-03-15 08:20:53 - [MESSAGE][PASSED] - Element 'Object Repository/Sidebar Menu/Operasional/Stock/Stock View/Semua Kategori - Drop Down' is present

2018-03-15 08:20:53 - [TEST_STEP][PASSED] - tap: Tapped on element 'Object Repository/Sidebar Menu/Operasional/Stock/Stock View/Semua Kategori - Drop Down'

2018-03-15 08:20:54 - [MESSAGE][PASSED] - Tapped on element 'Object Repository/Sidebar Menu/Operasional/Stock/Stock View/Semua Kategori - Drop Down'

2018-03-15 08:20:54 - [TEST_STEP][PASSED] - delay: Delayed 5 second(s)

2018-03-15 08:20:59 - [MESSAGE][PASSED] - Delayed 5 second(s)

2018-03-15 08:20:59 - [TEST_STEP][PASSED] - Statement - For (def index : (0..2)): Swiped from 30,541 to 30,257

2018-03-15 08:20:59 - [TEST_STEP][PASSED] - swipe: Swiped from 30,541 to 30,257

2018-03-15 08:20:59 - [MESSAGE][PASSED] - Swiped from 30,541 to 30,257

2018-03-15 08:20:59 - [TEST_STEP][PASSED] - swipe: Swiped from 30,541 to 30,257

2018-03-15 08:21:00 - [MESSAGE][PASSED] - Swiped from 30,541 to 30,257

2018-03-15 08:21:00 - [TEST_STEP][PASSED] - swipe: Swiped from 30,541 to 30,257

2018-03-15 08:21:01 - [MESSAGE][PASSED] - Swiped from 30,541 to 30,257

2018-03-15 08:21:01 - [TEST_STEP][PASSED] - tap: Tapped on element 'Object Repository/Sidebar Menu/Operasional/Stock/Stock View/Terapkan - Select Kategori'

2018-03-15 08:21:02 - [MESSAGE][PASSED] - Tapped on element 'Object Repository/Sidebar Menu/Operasional/Stock/Stock View/Terapkan - Select Kategori']]></system-out>
         <system-err><![CDATA[]]></system-err>
      </testcase>
      <testcase name="Test Cases/Story 28 - Kasir Menu/TC 9" classname="Test Cases/Story 28 - Kasir Menu/TC 9" status="PASSED">
         <system-out><![CDATA[2018-03-15 08:21:02 - [TEST_CASE][PASSED] - Test Cases/Story 28 - Kasir Menu/TC 9: Test Cases/Story 28 - Kasir Menu/TC 9

2018-03-15 08:21:02 - [TEST_STEP][PASSED] - delay: Delayed 5 second(s)

2018-03-15 08:21:07 - [MESSAGE][PASSED] - Delayed 5 second(s)

2018-03-15 08:21:07 - [TEST_STEP][PASSED] - Statement - For (def index : (0..2)): Tapped on element 'Object Repository/Sidebar Menu/Operasional/Kasir/PlusTap - ListProduct Elemen 1'

2018-03-15 08:21:07 - [TEST_STEP][PASSED] - tap: Tapped on element 'Object Repository/Sidebar Menu/Operasional/Kasir/PlusTap - ListProduct Elemen 1'

2018-03-15 08:21:08 - [MESSAGE][PASSED] - Tapped on element 'Object Repository/Sidebar Menu/Operasional/Kasir/PlusTap - ListProduct Elemen 1'

2018-03-15 08:21:08 - [TEST_STEP][PASSED] - tap: Tapped on element 'Object Repository/Sidebar Menu/Operasional/Kasir/PlusTap - ListProduct Elemen 1'

2018-03-15 08:21:09 - [MESSAGE][PASSED] - Tapped on element 'Object Repository/Sidebar Menu/Operasional/Kasir/PlusTap - ListProduct Elemen 1'

2018-03-15 08:21:09 - [TEST_STEP][PASSED] - tap: Tapped on element 'Object Repository/Sidebar Menu/Operasional/Kasir/PlusTap - ListProduct Elemen 1'

2018-03-15 08:21:11 - [MESSAGE][PASSED] - Tapped on element 'Object Repository/Sidebar Menu/Operasional/Kasir/PlusTap - ListProduct Elemen 1'

2018-03-15 08:21:11 - [TEST_STEP][PASSED] - Statement - For (def index : (0..1)): Tapped on element 'Object Repository/Sidebar Menu/Operasional/Kasir/MinusTap - List Product Elemen 1'

2018-03-15 08:21:11 - [TEST_STEP][PASSED] - tap: Tapped on element 'Object Repository/Sidebar Menu/Operasional/Kasir/MinusTap - List Product Elemen 1'

2018-03-15 08:21:12 - [MESSAGE][PASSED] - Tapped on element 'Object Repository/Sidebar Menu/Operasional/Kasir/MinusTap - List Product Elemen 1'

2018-03-15 08:21:12 - [TEST_STEP][PASSED] - tap: Tapped on element 'Object Repository/Sidebar Menu/Operasional/Kasir/MinusTap - List Product Elemen 1'

2018-03-15 08:21:13 - [MESSAGE][PASSED] - Tapped on element 'Object Repository/Sidebar Menu/Operasional/Kasir/MinusTap - List Product Elemen 1']]></system-out>
         <system-err><![CDATA[]]></system-err>
      </testcase>
      <testcase name="Test Cases/Story 28 - Kasir Menu/TC 10" classname="Test Cases/Story 28 - Kasir Menu/TC 10" status="PASSED">
         <system-out><![CDATA[2018-03-15 08:21:13 - [TEST_CASE][PASSED] - Test Cases/Story 28 - Kasir Menu/TC 10: Test Cases/Story 28 - Kasir Menu/TC 10

2018-03-15 08:21:14 - [TEST_STEP][PASSED] - tap: Tapped on element 'Object Repository/Sidebar Menu/Operasional/Kasir/Input Jumlah by Typing - Elemen1'

2018-03-15 08:21:15 - [MESSAGE][PASSED] - Tapped on element 'Object Repository/Sidebar Menu/Operasional/Kasir/Input Jumlah by Typing - Elemen1'

2018-03-15 08:21:15 - [TEST_STEP][PASSED] - setText: Text '4' has been set to element 'Object Repository/Sidebar Menu/Operasional/Kasir/Input Jumlah by Typing - Elemen1'

2018-03-15 08:21:26 - [MESSAGE][PASSED] - Text '4' has been set to element 'Object Repository/Sidebar Menu/Operasional/Kasir/Input Jumlah by Typing - Elemen1'

2018-03-15 08:21:26 - [TEST_STEP][PASSED] - hideKeyboard: Keyboard is hidden

2018-03-15 08:21:27 - [MESSAGE][PASSED] - Keyboard is hidden]]></system-out>
         <system-err><![CDATA[]]></system-err>
      </testcase>
      <testcase name="Test Cases/Story 28 - Kasir Menu/TC 11" classname="Test Cases/Story 28 - Kasir Menu/TC 11" status="PASSED">
         <system-out><![CDATA[2018-03-15 08:21:27 - [TEST_CASE][PASSED] - Test Cases/Story 28 - Kasir Menu/TC 11: Test Cases/Story 28 - Kasir Menu/TC 11

2018-03-15 08:21:27 - [TEST_STEP][PASSED] - Statement - For (def index : (0..3)): Tapped on element 'Object Repository/Sidebar Menu/Operasional/Kasir/PlusTap - ListProduct Elemen 2'

2018-03-15 08:21:27 - [TEST_STEP][PASSED] - tap: Tapped on element 'Object Repository/Sidebar Menu/Operasional/Kasir/PlusTap - ListProduct Elemen 2'

2018-03-15 08:21:28 - [MESSAGE][PASSED] - Tapped on element 'Object Repository/Sidebar Menu/Operasional/Kasir/PlusTap - ListProduct Elemen 2'

2018-03-15 08:21:28 - [TEST_STEP][PASSED] - tap: Tapped on element 'Object Repository/Sidebar Menu/Operasional/Kasir/PlusTap - ListProduct Elemen 2'

2018-03-15 08:21:29 - [MESSAGE][PASSED] - Tapped on element 'Object Repository/Sidebar Menu/Operasional/Kasir/PlusTap - ListProduct Elemen 2'

2018-03-15 08:21:29 - [TEST_STEP][PASSED] - tap: Tapped on element 'Object Repository/Sidebar Menu/Operasional/Kasir/PlusTap - ListProduct Elemen 2'

2018-03-15 08:21:30 - [MESSAGE][PASSED] - Tapped on element 'Object Repository/Sidebar Menu/Operasional/Kasir/PlusTap - ListProduct Elemen 2'

2018-03-15 08:21:30 - [TEST_STEP][PASSED] - tap: Tapped on element 'Object Repository/Sidebar Menu/Operasional/Kasir/PlusTap - ListProduct Elemen 2'

2018-03-15 08:21:31 - [MESSAGE][PASSED] - Tapped on element 'Object Repository/Sidebar Menu/Operasional/Kasir/PlusTap - ListProduct Elemen 2'

2018-03-15 08:21:31 - [TEST_STEP][PASSED] - Statement - For (def index : (0..2)): Tapped on element 'Object Repository/Sidebar Menu/Operasional/Kasir/MinusTap - List Product Elemen 2'

2018-03-15 08:21:31 - [TEST_STEP][PASSED] - tap: Tapped on element 'Object Repository/Sidebar Menu/Operasional/Kasir/MinusTap - List Product Elemen 2'

2018-03-15 08:21:33 - [MESSAGE][PASSED] - Tapped on element 'Object Repository/Sidebar Menu/Operasional/Kasir/MinusTap - List Product Elemen 2'

2018-03-15 08:21:33 - [TEST_STEP][PASSED] - tap: Tapped on element 'Object Repository/Sidebar Menu/Operasional/Kasir/MinusTap - List Product Elemen 2'

2018-03-15 08:21:34 - [MESSAGE][PASSED] - Tapped on element 'Object Repository/Sidebar Menu/Operasional/Kasir/MinusTap - List Product Elemen 2'

2018-03-15 08:21:34 - [TEST_STEP][PASSED] - tap: Tapped on element 'Object Repository/Sidebar Menu/Operasional/Kasir/MinusTap - List Product Elemen 2'

2018-03-15 08:21:36 - [MESSAGE][PASSED] - Tapped on element 'Object Repository/Sidebar Menu/Operasional/Kasir/MinusTap - List Product Elemen 2']]></system-out>
         <system-err><![CDATA[]]></system-err>
      </testcase>
      <testcase name="Test Cases/Story 28 - Kasir Menu/TC 12" classname="Test Cases/Story 28 - Kasir Menu/TC 12" status="PASSED">
         <system-out><![CDATA[2018-03-15 08:21:36 - [TEST_CASE][PASSED] - Test Cases/Story 28 - Kasir Menu/TC 12: Test Cases/Story 28 - Kasir Menu/TC 12

2018-03-15 08:21:36 - [TEST_STEP][PASSED] - tap: Tapped on element 'Object Repository/Sidebar Menu/Operasional/Kasir/Input Jumlah by Typing - Elemen2'

2018-03-15 08:21:37 - [MESSAGE][PASSED] - Tapped on element 'Object Repository/Sidebar Menu/Operasional/Kasir/Input Jumlah by Typing - Elemen2'

2018-03-15 08:21:37 - [TEST_STEP][PASSED] - clearText: Element 'Object Repository/Sidebar Menu/Operasional/Kasir/Input Jumlah by Typing - Elemen2' text is cleared

2018-03-15 08:21:40 - [MESSAGE][PASSED] - Element 'Object Repository/Sidebar Menu/Operasional/Kasir/Input Jumlah by Typing - Elemen2' text is cleared

2018-03-15 08:21:40 - [TEST_STEP][PASSED] - setText: Text '-2' has been set to element 'Object Repository/Sidebar Menu/Operasional/Kasir/Input Jumlah by Typing - Elemen2'

2018-03-15 08:21:49 - [MESSAGE][PASSED] - Text '-2' has been set to element 'Object Repository/Sidebar Menu/Operasional/Kasir/Input Jumlah by Typing - Elemen2'

2018-03-15 08:21:49 - [TEST_STEP][PASSED] - hideKeyboard: Keyboard is hidden

2018-03-15 08:21:50 - [MESSAGE][PASSED] - Keyboard is hidden]]></system-out>
         <system-err><![CDATA[]]></system-err>
      </testcase>
      <testcase name="Test Cases/Story 28 - Kasir Menu/TC 13" classname="Test Cases/Story 28 - Kasir Menu/TC 13" status="PASSED">
         <system-out><![CDATA[2018-03-15 08:21:50 - [TEST_CASE][PASSED] - Test Cases/Story 28 - Kasir Menu/TC 13: Test Cases/Story 28 - Kasir Menu/TC 13

2018-03-15 08:21:51 - [TEST_STEP][PASSED] - tap: Tapped on element 'Object Repository/Sidebar Menu/Operasional/Kasir/Input Jumlah by Typing - Elemen2'

2018-03-15 08:21:51 - [MESSAGE][PASSED] - Tapped on element 'Object Repository/Sidebar Menu/Operasional/Kasir/Input Jumlah by Typing - Elemen2'

2018-03-15 08:21:51 - [TEST_STEP][PASSED] - clearText: Element 'Object Repository/Sidebar Menu/Operasional/Kasir/Input Jumlah by Typing - Elemen2' text is cleared

2018-03-15 08:21:54 - [MESSAGE][PASSED] - Element 'Object Repository/Sidebar Menu/Operasional/Kasir/Input Jumlah by Typing - Elemen2' text is cleared

2018-03-15 08:21:54 - [TEST_STEP][PASSED] - setText: Text '999' has been set to element 'Object Repository/Sidebar Menu/Operasional/Kasir/Input Jumlah by Typing - Elemen2'

2018-03-15 08:22:06 - [MESSAGE][PASSED] - Text '999' has been set to element 'Object Repository/Sidebar Menu/Operasional/Kasir/Input Jumlah by Typing - Elemen2'

2018-03-15 08:22:06 - [TEST_STEP][PASSED] - hideKeyboard: Keyboard is hidden

2018-03-15 08:22:07 - [MESSAGE][PASSED] - Keyboard is hidden]]></system-out>
         <system-err><![CDATA[]]></system-err>
      </testcase>
      <testcase name="Test Cases/Story 28 - Kasir Menu/TC 14" classname="Test Cases/Story 28 - Kasir Menu/TC 14" status="PASSED">
         <system-out><![CDATA[2018-03-15 08:22:07 - [TEST_CASE][PASSED] - Test Cases/Story 28 - Kasir Menu/TC 14: Test Cases/Story 28 - Kasir Menu/TC 14

2018-03-15 08:22:07 - [TEST_STEP][PASSED] - tap: Tapped on element 'Object Repository/Sidebar Menu/Operasional/Kasir/Input Jumlah by Typing - Elemen2'

2018-03-15 08:22:08 - [MESSAGE][PASSED] - Tapped on element 'Object Repository/Sidebar Menu/Operasional/Kasir/Input Jumlah by Typing - Elemen2'

2018-03-15 08:22:08 - [TEST_STEP][PASSED] - clearText: Element 'Object Repository/Sidebar Menu/Operasional/Kasir/Input Jumlah by Typing - Elemen2' text is cleared

2018-03-15 08:22:13 - [MESSAGE][PASSED] - Element 'Object Repository/Sidebar Menu/Operasional/Kasir/Input Jumlah by Typing - Elemen2' text is cleared

2018-03-15 08:22:13 - [TEST_STEP][PASSED] - setText: Text '2' has been set to element 'Object Repository/Sidebar Menu/Operasional/Kasir/Input Jumlah by Typing - Elemen2'

2018-03-15 08:22:23 - [MESSAGE][PASSED] - Text '2' has been set to element 'Object Repository/Sidebar Menu/Operasional/Kasir/Input Jumlah by Typing - Elemen2'

2018-03-15 08:22:23 - [TEST_STEP][PASSED] - hideKeyboard: Keyboard is hidden

2018-03-15 08:22:24 - [MESSAGE][PASSED] - Keyboard is hidden]]></system-out>
         <system-err><![CDATA[]]></system-err>
      </testcase>
      <testcase name="Test Cases/Story 28 - Kasir Menu/TC 15" classname="Test Cases/Story 28 - Kasir Menu/TC 15" status="PASSED">
         <system-out><![CDATA[2018-03-15 08:22:24 - [TEST_CASE][PASSED] - Test Cases/Story 28 - Kasir Menu/TC 15: Test Cases/Story 28 - Kasir Menu/TC 15

2018-03-15 08:22:24 - [TEST_STEP][NOT_RUN] - delay: NOT_RUN: delay

2018-03-15 08:22:24 - [MESSAGE][NOT_RUN] - NOT_RUN: delay

2018-03-15 08:22:24 - [TEST_STEP][PASSED] - tap: Tapped on element 'Object Repository/Sidebar Menu/Operasional/Kasir/KERANJANG'

2018-03-15 08:22:25 - [MESSAGE][PASSED] - Tapped on element 'Object Repository/Sidebar Menu/Operasional/Kasir/KERANJANG'

2018-03-15 08:22:25 - [TEST_STEP][NOT_RUN] - tapAndHold: NOT_RUN: tapAndHold

2018-03-15 08:22:25 - [MESSAGE][NOT_RUN] - NOT_RUN: tapAndHold

2018-03-15 08:22:25 - [TEST_STEP][PASSED] - comment: End Story 28]]></system-out>
         <system-err><![CDATA[]]></system-err>
      </testcase>
      <system-out><![CDATA[2018-03-15 08:18:54 - [TEST_SUITE][PASSED] - Story 28: Test Cases/Story 28 - Kasir Menu/TC 15]]></system-out>
      <system-err><![CDATA[]]></system-err>
   </testsuite>
</testsuites>
