<?xml version="1.0" encoding="UTF-8"?>
<testsuites name="BTPNAP-26 Kelola Stok" time="344" tests="10" failures="1" errors="0">
   <testsuite name="BTPNAP-26 Kelola Stok" tests="10" failures="1" errors="0" time="344" timestamp="2017-11-22 16:01:47" hostname="AV2017005903 - NB17Q7U8IT.corp.bankbtpn.co.id" id="Test Suites/BTPNAP-26 Kelola Stok">
      <properties>
         <property name="deviceName" value="samsung SM-J120G 5.1.1"/>
         <property name="devicePlatform" value=""/>
         <property name="logFolder" value="D:\\Project Apollo\\Appolo Test\\Appolo Test\\Reports\\BTPNAP-26 Kelola Stok\\20171122_160145"/>
         <property name="logFiles" value="D:\\Project Apollo\\Appolo Test\\Appolo Test\\Reports\\BTPNAP-26 Kelola Stok\\20171122_160145\\appium.log, D:\\Project Apollo\\Appolo Test\\Appolo Test\\Reports\\BTPNAP-26 Kelola Stok\\20171122_160145\\execution0.log"/>
         <property name="attachments" value=""/>
         <property name="hostName" value="AV2017005903 - NB17Q7U8IT.corp.bankbtpn.co.id"/>
         <property name="os" value="Windows 10 64bit"/>
         <property name="katalonVersion" value="4.8.0.2"/>
         <property name="deviceOS" value="Android"/>
         <property name="appiumVersion" value="1.6.3"/>
         <property name="deviceModel" value="SM-J120G"/>
         <property name="hostAddress" value="192.168.8.100"/>
         <property name="deviceManufacturer" value="samsung"/>
         <property name="deviceId" value="32013479b25184c3"/>
         <property name="deviceName" value="samsung SM-J120G 5.1.1"/>
         <property name="deviceOSVersion" value="5.1.1"/>
      </properties>
      <testcase name="Test Cases/TC-1" classname="Test Cases/TC-1" status="PASSED">
         <system-out><![CDATA[2017-11-22 16:01:47 - [TEST_CASE][PASSED] - Test Cases/TC-1: Test Cases/TC-1

2017-11-22 16:01:48 - [TEST_STEP][PASSED] - startApplication: Started app at: 'D:\Project Apollo\Appolo Test\app-development-debug.apk'

2017-11-22 16:02:58 - [MESSAGE][PASSED] - Started app at: 'D:\Project Apollo\Appolo Test\app-development-debug.apk'

2017-11-22 16:02:58 - [TEST_STEP][PASSED] - tap: Tapped on element 'Object Repository/Transaksi/Tabs_Transaksi'

2017-11-22 16:03:01 - [MESSAGE][PASSED] - Tapped on element 'Object Repository/Transaksi/Tabs_Transaksi'

2017-11-22 16:03:01 - [TEST_STEP][PASSED] - tap: Tapped on element 'Object Repository/Transaksi/Stock/Tab_stock'

2017-11-22 16:03:02 - [MESSAGE][PASSED] - Tapped on element 'Object Repository/Transaksi/Stock/Tab_stock']]></system-out>
         <system-err><![CDATA[]]></system-err>
      </testcase>
      <testcase name="Test Cases/TC-2" classname="Test Cases/TC-2" status="PASSED">
         <system-out><![CDATA[2017-11-22 16:03:02 - [TEST_CASE][PASSED] - Test Cases/TC-2: Test Cases/TC-2

2017-11-22 16:03:02 - [TEST_STEP][PASSED] - tap: Tapped on element 'Object Repository/Transaksi/Stock/tab-kategori'

2017-11-22 16:03:03 - [MESSAGE][PASSED] - Tapped on element 'Object Repository/Transaksi/Stock/tab-kategori'

2017-11-22 16:03:03 - [TEST_STEP][PASSED] - delay: Delayed 3 second(s)

2017-11-22 16:03:06 - [MESSAGE][PASSED] - Delayed 3 second(s)

2017-11-22 16:03:06 - [TEST_STEP][PASSED] - tap: Tapped on element 'Object Repository/Transaksi/Stock/kategori-H  T'

2017-11-22 16:03:08 - [MESSAGE][PASSED] - Tapped on element 'Object Repository/Transaksi/Stock/kategori-H  T'

2017-11-22 16:03:08 - [TEST_STEP][PASSED] - tap: Tapped on element 'Object Repository/Transaksi/Stock/Button - Terapkan'

2017-11-22 16:03:08 - [MESSAGE][PASSED] - Tapped on element 'Object Repository/Transaksi/Stock/Button - Terapkan'

2017-11-22 16:03:08 - [TEST_STEP][PASSED] - delay: Delayed 10 second(s)

2017-11-22 16:03:18 - [MESSAGE][PASSED] - Delayed 10 second(s)

2017-11-22 16:03:18 - [TEST_STEP][PASSED] - tap: Tapped on element 'Object Repository/Transaksi/Stock/tab-kategori'

2017-11-22 16:03:21 - [MESSAGE][PASSED] - Tapped on element 'Object Repository/Transaksi/Stock/tab-kategori'

2017-11-22 16:03:21 - [TEST_STEP][PASSED] - scrollToText: Scrolling to text 'Otomotif' successfully

2017-11-22 16:03:32 - [MESSAGE][PASSED] - Scrolling to text 'Otomotif' successfully

2017-11-22 16:03:34 - [TEST_STEP][PASSED] - tap: Tapped on element 'Object Repository/Transaksi/Stock/Otomotif- radio btn'

2017-11-22 16:03:34 - [MESSAGE][PASSED] - Tapped on element 'Object Repository/Transaksi/Stock/Otomotif- radio btn'

2017-11-22 16:03:34 - [TEST_STEP][PASSED] - delay: Delayed 5 second(s)

2017-11-22 16:03:39 - [MESSAGE][PASSED] - Delayed 5 second(s)

2017-11-22 16:03:39 - [TEST_STEP][PASSED] - verifyElementAttributeValue: Element 'Object Repository/Transaksi/Stock/Otomotif- label' not found

2017-11-22 16:03:40 - [MESSAGE][WARNING] - Element 'Object Repository/Transaksi/Stock/Otomotif- label' not found

2017-11-22 16:03:40 - [TEST_STEP][PASSED] - tap: Tapped on element 'Object Repository/Transaksi/Stock/Button - Terapkan'

2017-11-22 16:03:40 - [MESSAGE][PASSED] - Tapped on element 'Object Repository/Transaksi/Stock/Button - Terapkan']]></system-out>
         <system-err><![CDATA[]]></system-err>
      </testcase>
      <testcase name="Test Cases/TC-3" classname="Test Cases/TC-3" status="PASSED">
         <system-out><![CDATA[2017-11-22 16:03:40 - [TEST_CASE][PASSED] - Test Cases/TC-3: Test Cases/TC-3

2017-11-22 16:03:40 - [TEST_STEP][PASSED] - tap: Tapped on element 'Object Repository/Transaksi/Stock/tab-kategori'

2017-11-22 16:03:44 - [MESSAGE][PASSED] - Tapped on element 'Object Repository/Transaksi/Stock/tab-kategori'

2017-11-22 16:03:44 - [TEST_STEP][PASSED] - tap: Tapped on element 'Object Repository/Transaksi/Stock/Semua Kategori - Radio Btn'

2017-11-22 16:03:48 - [MESSAGE][PASSED] - Tapped on element 'Object Repository/Transaksi/Stock/Semua Kategori - Radio Btn'

2017-11-22 16:03:48 - [TEST_STEP][PASSED] - tap: Tapped on element 'Object Repository/Transaksi/Stock/Button - Terapkan'

2017-11-22 16:03:48 - [MESSAGE][PASSED] - Tapped on element 'Object Repository/Transaksi/Stock/Button - Terapkan'

2017-11-22 16:03:48 - [TEST_STEP][PASSED] - delay: Delayed 0 second(s)

2017-11-22 16:03:48 - [MESSAGE][PASSED] - Delayed 0 second(s)

2017-11-22 16:03:48 - [TEST_STEP][PASSED] - tap: Tapped on element 'Object Repository/Transaksi/Stock/CariProduk - View'

2017-11-22 16:03:59 - [MESSAGE][PASSED] - Tapped on element 'Object Repository/Transaksi/Stock/CariProduk - View'

2017-11-22 16:03:59 - [TEST_STEP][PASSED] - setText: Text 'Jambu' has been set to element 'Object Repository/Transaksi/Stock/Cari Produk - EditText'

2017-11-22 16:04:13 - [MESSAGE][PASSED] - Text 'Jambu' has been set to element 'Object Repository/Transaksi/Stock/Cari Produk - EditText'

2017-11-22 16:04:13 - [TEST_STEP][PASSED] - hideKeyboard: Keyboard is hidden

2017-11-22 16:04:21 - [MESSAGE][PASSED] - Keyboard is hidden

2017-11-22 16:04:23 - [TEST_STEP][PASSED] - getText: Text of element 'Object Repository/Transaksi/Stock/Cari Produk - EditText' is: 'Jambu'

2017-11-22 16:04:23 - [MESSAGE][PASSED] - Text of element 'Object Repository/Transaksi/Stock/Cari Produk - EditText' is: 'Jambu'

2017-11-22 16:04:23 - [TEST_STEP][PASSED] - verifyElementText: Actual text and expected text of test object 'Object Repository/Transaksi/Stock/Cari Produk - EditText' are matched.

2017-11-22 16:04:24 - [MESSAGE][PASSED] - Actual text and expected text of test object 'Object Repository/Transaksi/Stock/Cari Produk - EditText' are matched.]]></system-out>
         <system-err><![CDATA[]]></system-err>
      </testcase>
      <testcase name="Test Cases/TC-4" classname="Test Cases/TC-4" status="PASSED">
         <system-out><![CDATA[2017-11-22 16:04:24 - [TEST_CASE][PASSED] - Test Cases/TC-4: Test Cases/TC-4

2017-11-22 16:04:24 - [TEST_STEP][PASSED] - clearText: Element 'Object Repository/Transaksi/Stock/Cari Produk - EditText' text is cleared

2017-11-22 16:04:28 - [MESSAGE][PASSED] - Element 'Object Repository/Transaksi/Stock/Cari Produk - EditText' text is cleared

2017-11-22 16:04:28 - [TEST_STEP][PASSED] - tap: Tapped on element 'Object Repository/Transaksi/Stock/tab-kategori'

2017-11-22 16:04:28 - [MESSAGE][PASSED] - Tapped on element 'Object Repository/Transaksi/Stock/tab-kategori'

2017-11-22 16:04:28 - [TEST_STEP][PASSED] - tap: Tapped on element 'Object Repository/Transaksi/Stock/kategori-H  T'

2017-11-22 16:04:32 - [MESSAGE][PASSED] - Tapped on element 'Object Repository/Transaksi/Stock/kategori-H  T'

2017-11-22 16:04:32 - [TEST_STEP][PASSED] - tap: Tapped on element 'Object Repository/Transaksi/Stock/Button - Terapkan'

2017-11-22 16:04:33 - [MESSAGE][PASSED] - Tapped on element 'Object Repository/Transaksi/Stock/Button - Terapkan'

2017-11-22 16:04:33 - [TEST_STEP][PASSED] - delay: Delayed 2 second(s)

2017-11-22 16:04:35 - [MESSAGE][PASSED] - Delayed 2 second(s)

2017-11-22 16:04:35 - [TEST_STEP][PASSED] - tap: Tapped on element 'Object Repository/Transaksi/Stock/CariProduk - View'

2017-11-22 16:04:39 - [MESSAGE][PASSED] - Tapped on element 'Object Repository/Transaksi/Stock/CariProduk - View'

2017-11-22 16:04:39 - [TEST_STEP][PASSED] - setText: Text 'iPhone 5' has been set to element 'Object Repository/Transaksi/Stock/Cari Produk - EditText'

2017-11-22 16:04:52 - [MESSAGE][PASSED] - Text 'iPhone 5' has been set to element 'Object Repository/Transaksi/Stock/Cari Produk - EditText'

2017-11-22 16:04:52 - [TEST_STEP][PASSED] - hideKeyboard: Keyboard is hidden

2017-11-22 16:05:00 - [MESSAGE][PASSED] - Keyboard is hidden

2017-11-22 16:05:02 - [TEST_STEP][PASSED] - getText: Text of element 'Object Repository/Transaksi/Stock/Cari Produk - EditText' is: 'iPhone 5'

2017-11-22 16:05:02 - [MESSAGE][PASSED] - Text of element 'Object Repository/Transaksi/Stock/Cari Produk - EditText' is: 'iPhone 5'

2017-11-22 16:05:02 - [TEST_STEP][PASSED] - verifyElementText: Actual text and expected text of test object 'Object Repository/Transaksi/Stock/Cari Produk - EditText' are matched.

2017-11-22 16:05:02 - [MESSAGE][PASSED] - Actual text and expected text of test object 'Object Repository/Transaksi/Stock/Cari Produk - EditText' are matched.]]></system-out>
         <system-err><![CDATA[]]></system-err>
      </testcase>
      <testcase name="Test Cases/TC-5" classname="Test Cases/TC-5" status="FAILED">
         <failure type="FAILED" message="Failed to tap on element 'Object Repository/Transaksi/Stock/CariProduk - View' (Root cause: Object Object Repository/Transaksi/Stock/CariProduk - View not found)"/>
         <system-out><![CDATA[2017-11-22 16:05:02 - [TEST_CASE][FAILED] - Test Cases/TC-5: Test Cases/TC-5 FAILED because (of) Failed to tap on element 'Object Repository/Transaksi/Stock/CariProduk - View' (Root cause: Object Object Repository/Transaksi/Stock/CariProduk - View not found)

2017-11-22 16:05:03 - [TEST_STEP][PASSED] - clearText: Element 'Object Repository/Transaksi/Stock/Cari Produk - EditText' text is cleared

2017-11-22 16:05:07 - [MESSAGE][PASSED] - Element 'Object Repository/Transaksi/Stock/Cari Produk - EditText' text is cleared

2017-11-22 16:05:07 - [TEST_STEP][PASSED] - tap: Tapped on element 'Object Repository/Transaksi/Stock/tab-kategori'

2017-11-22 16:05:08 - [MESSAGE][PASSED] - Tapped on element 'Object Repository/Transaksi/Stock/tab-kategori'

2017-11-22 16:05:08 - [TEST_STEP][PASSED] - tap: Tapped on element 'Object Repository/Transaksi/Stock/Semua Kategori - Radio Btn'

2017-11-22 16:05:11 - [MESSAGE][PASSED] - Tapped on element 'Object Repository/Transaksi/Stock/Semua Kategori - Radio Btn'

2017-11-22 16:05:11 - [TEST_STEP][PASSED] - tap: Tapped on element 'Object Repository/Transaksi/Stock/Button - Terapkan'

2017-11-22 16:05:12 - [MESSAGE][PASSED] - Tapped on element 'Object Repository/Transaksi/Stock/Button - Terapkan'

2017-11-22 16:05:12 - [TEST_STEP][PASSED] - delay: Delayed 0 second(s)

2017-11-22 16:05:12 - [MESSAGE][PASSED] - Delayed 0 second(s)

2017-11-22 16:05:12 - [TEST_STEP][FAILED] - tap: Failed to tap on element 'Object Repository/Transaksi/Stock/CariProduk - View' (Root cause: Object Object Repository/Transaksi/Stock/CariProduk - View not found)

2017-11-22 16:05:17 - [MESSAGE][FAILED] - Object Object Repository/Transaksi/Stock/CariProduk - View not found

2017-11-22 16:05:17 - [MESSAGE][FAILED] - Failed to tap on element 'Object Repository/Transaksi/Stock/CariProduk - View' (Root cause: Object Object Repository/Transaksi/Stock/CariProduk - View not found)]]></system-out>
         <system-err><![CDATA[2017-11-22 16:05:02 - [TEST_CASE][FAILED] - Test Cases/TC-5: Test Cases/TC-5 FAILED because (of) Failed to tap on element 'Object Repository/Transaksi/Stock/CariProduk - View' (Root cause: Object Object Repository/Transaksi/Stock/CariProduk - View not found)]]></system-err>
      </testcase>
      <testcase name="Test Cases/TC-6" classname="Test Cases/TC-6" status="PASSED">
         <system-out><![CDATA[2017-11-22 16:05:17 - [TEST_CASE][PASSED] - Test Cases/TC-6: Test Cases/TC-6

2017-11-22 16:05:17 - [TEST_STEP][PASSED] - clearText: Element 'Object Repository/Transaksi/Stock/Cari Produk - EditText' text is cleared

2017-11-22 16:05:22 - [MESSAGE][PASSED] - Element 'Object Repository/Transaksi/Stock/Cari Produk - EditText' text is cleared

2017-11-22 16:05:22 - [TEST_STEP][PASSED] - setText: Text 'ap' has been set to element 'Object Repository/Transaksi/Stock/Cari Produk - EditText'

2017-11-22 16:05:34 - [MESSAGE][PASSED] - Text 'ap' has been set to element 'Object Repository/Transaksi/Stock/Cari Produk - EditText'

2017-11-22 16:05:34 - [TEST_STEP][PASSED] - hideKeyboard: Keyboard is hidden

2017-11-22 16:05:45 - [MESSAGE][PASSED] - Keyboard is hidden

2017-11-22 16:05:47 - [TEST_STEP][PASSED] - getText: Text of element 'Object Repository/Transaksi/Stock/Cari Produk - EditText' is: 'ap'

2017-11-22 16:05:47 - [MESSAGE][PASSED] - Text of element 'Object Repository/Transaksi/Stock/Cari Produk - EditText' is: 'ap'

2017-11-22 16:05:47 - [TEST_STEP][PASSED] - verifyElementText: Actual text and expected text of test object 'Object Repository/Transaksi/Stock/Cari Produk - EditText' are matched.

2017-11-22 16:05:47 - [MESSAGE][PASSED] - Actual text and expected text of test object 'Object Repository/Transaksi/Stock/Cari Produk - EditText' are matched.]]></system-out>
         <system-err><![CDATA[]]></system-err>
      </testcase>
      <testcase name="Test Cases/TC-7" classname="Test Cases/TC-7" status="PASSED">
         <system-out><![CDATA[2017-11-22 16:05:48 - [TEST_CASE][PASSED] - Test Cases/TC-7: Test Cases/TC-7

2017-11-22 16:05:48 - [TEST_STEP][PASSED] - clearText: Element 'Object Repository/Transaksi/Stock/Cari Produk - EditText' text is cleared

2017-11-22 16:05:51 - [MESSAGE][PASSED] - Element 'Object Repository/Transaksi/Stock/Cari Produk - EditText' text is cleared

2017-11-22 16:05:51 - [TEST_STEP][PASSED] - setText: Text 'Rujak' has been set to element 'Object Repository/Transaksi/Stock/Cari Produk - EditText'

2017-11-22 16:06:01 - [MESSAGE][PASSED] - Text 'Rujak' has been set to element 'Object Repository/Transaksi/Stock/Cari Produk - EditText'

2017-11-22 16:06:01 - [TEST_STEP][PASSED] - hideKeyboard: Keyboard is hidden

2017-11-22 16:06:11 - [MESSAGE][PASSED] - Keyboard is hidden

2017-11-22 16:06:13 - [TEST_STEP][PASSED] - getText: Text of element 'Object Repository/Transaksi/Stock/Cari Produk - EditText' is: 'Rujak'

2017-11-22 16:06:13 - [MESSAGE][PASSED] - Text of element 'Object Repository/Transaksi/Stock/Cari Produk - EditText' is: 'Rujak'

2017-11-22 16:06:13 - [TEST_STEP][PASSED] - verifyElementNotChecked: Element 'Object Repository/Transaksi/Stock/Cari Produk - EditText' is not checked

2017-11-22 16:06:13 - [MESSAGE][WARNING] - Timeout '0' is invalid. Using default page load timeout: '10'

2017-11-22 16:06:14 - [MESSAGE][PASSED] - Element 'Object Repository/Transaksi/Stock/Cari Produk - EditText' is not checked]]></system-out>
         <system-err><![CDATA[]]></system-err>
      </testcase>
      <testcase name="Test Cases/TC-8" classname="Test Cases/TC-8" status="PASSED">
         <system-out><![CDATA[2017-11-22 16:06:14 - [TEST_CASE][PASSED] - Test Cases/TC-8: Test Cases/TC-8

2017-11-22 16:06:14 - [TEST_STEP][PASSED] - clearText: Element 'Object Repository/Transaksi/Stock/Cari Produk - EditText' text is cleared

2017-11-22 16:06:18 - [MESSAGE][PASSED] - Element 'Object Repository/Transaksi/Stock/Cari Produk - EditText' text is cleared

2017-11-22 16:06:18 - [TEST_STEP][PASSED] - tap: Tapped on element 'Object Repository/Transaksi/Stock/tab-kategori'

2017-11-22 16:06:18 - [MESSAGE][PASSED] - Tapped on element 'Object Repository/Transaksi/Stock/tab-kategori'

2017-11-22 16:06:18 - [TEST_STEP][PASSED] - delay: Delayed 0 second(s)

2017-11-22 16:06:18 - [MESSAGE][PASSED] - Delayed 0 second(s)

2017-11-22 16:06:18 - [TEST_STEP][PASSED] - swipe: Swiped from 100,543 to 100,259

2017-11-22 16:06:23 - [MESSAGE][PASSED] - Swiped from 100,543 to 100,259

2017-11-22 16:06:25 - [TEST_STEP][PASSED] - swipe: Swiped from 100,543 to 100,259

2017-11-22 16:06:29 - [MESSAGE][PASSED] - Swiped from 100,543 to 100,259

2017-11-22 16:06:31 - [TEST_STEP][PASSED] - delay: Delayed 0 second(s)

2017-11-22 16:06:31 - [MESSAGE][PASSED] - Delayed 0 second(s)

2017-11-22 16:06:31 - [TEST_STEP][PASSED] - swipe: Swiped from 30,230 to 30,515

2017-11-22 16:06:38 - [MESSAGE][PASSED] - Swiped from 30,230 to 30,515

2017-11-22 16:06:41 - [TEST_STEP][PASSED] - swipe: Swiped from 30,230 to 30,515

2017-11-22 16:06:45 - [MESSAGE][PASSED] - Swiped from 30,230 to 30,515]]></system-out>
         <system-err><![CDATA[]]></system-err>
      </testcase>
      <testcase name="Test Cases/TC-9" classname="Test Cases/TC-9" status="PASSED">
         <system-out><![CDATA[2017-11-22 16:06:48 - [TEST_CASE][PASSED] - Test Cases/TC-9: Test Cases/TC-9

2017-11-22 16:06:48 - [TEST_STEP][PASSED] - tap: Tapped on element 'Object Repository/Transaksi/Stock/Button - Terapkan'

2017-11-22 16:06:48 - [MESSAGE][PASSED] - Tapped on element 'Object Repository/Transaksi/Stock/Button - Terapkan'

2017-11-22 16:06:48 - [TEST_STEP][PASSED] - swipe: Swiped from 126,683 to 126,440

2017-11-22 16:06:53 - [MESSAGE][PASSED] - Swiped from 126,683 to 126,440

2017-11-22 16:06:55 - [TEST_STEP][PASSED] - swipe: Swiped from 126,683 to 126,440

2017-11-22 16:06:59 - [MESSAGE][PASSED] - Swiped from 126,683 to 126,440]]></system-out>
         <system-err><![CDATA[]]></system-err>
      </testcase>
      <testcase name="Test Cases/TC-10" classname="Test Cases/TC-10" status="PASSED">
         <system-out><![CDATA[2017-11-22 16:07:02 - [TEST_CASE][PASSED] - Test Cases/TC-10: Test Cases/TC-10

2017-11-22 16:07:02 - [TEST_STEP][PASSED] - swipe: Swiped from 126,683 to 126,440

2017-11-22 16:07:06 - [MESSAGE][PASSED] - Swiped from 126,683 to 126,440

2017-11-22 16:07:10 - [TEST_STEP][PASSED] - swipe: Swiped from 126,683 to 126,440

2017-11-22 16:07:15 - [MESSAGE][PASSED] - Swiped from 126,683 to 126,440]]></system-out>
         <system-err><![CDATA[]]></system-err>
      </testcase>
      <testcase name="Test Cases/TC-11" classname="Test Cases/TC-11" status="PASSED">
         <system-out><![CDATA[2017-11-22 16:07:17 - [TEST_CASE][PASSED] - Test Cases/TC-11: Test Cases/TC-11

2017-11-22 16:07:17 - [TEST_STEP][PASSED] - delay: Delayed 0 second(s)

2017-11-22 16:07:17 - [MESSAGE][PASSED] - Delayed 0 second(s)

2017-11-22 16:07:17 - [TEST_STEP][PASSED] - tap: Tapped on element 'Object Repository/Transaksi/Stock/Tambah Barang'

2017-11-22 16:07:18 - [MESSAGE][PASSED] - Tapped on element 'Object Repository/Transaksi/Stock/Tambah Barang'

2017-11-22 16:07:18 - [TEST_STEP][PASSED] - closeApplication: Close app successfully

2017-11-22 16:07:32 - [MESSAGE][PASSED] - Close app successfully]]></system-out>
         <system-err><![CDATA[]]></system-err>
      </testcase>
      <system-out><![CDATA[2017-11-22 16:01:47 - [TEST_SUITE][FAILED] - BTPNAP-26 Kelola Stok: Test Cases/TC-5 FAILED because (of) Failed to tap on element 'Object Repository/Transaksi/Stock/CariProduk - View' (Root cause: Object Object Repository/Transaksi/Stock/CariProduk - View not found)]]></system-out>
      <system-err><![CDATA[2017-11-22 16:01:47 - [TEST_SUITE][FAILED] - BTPNAP-26 Kelola Stok: Test Cases/TC-5 FAILED because (of) Failed to tap on element 'Object Repository/Transaksi/Stock/CariProduk - View' (Root cause: Object Object Repository/Transaksi/Stock/CariProduk - View not found)]]></system-err>
   </testsuite>
</testsuites>
