<?xml version="1.0" encoding="UTF-8"?>
<testsuites name="BTPNAP-26 Kelola Stok" time="267" tests="11" failures="0" errors="0">
   <testsuite name="BTPNAP-26 Kelola Stok" tests="11" failures="0" errors="0" time="267" timestamp="2017-12-04 09:57:29" hostname="AV2017005903 - NB17Q7U8IT.corp.bankbtpn.co.id" id="Test Suites/BTPNAP-26 Kelola Stok">
      <properties>
         <property name="deviceName" value="samsung SM-J120G 5.1.1"/>
         <property name="devicePlatform" value=""/>
         <property name="logFolder" value="C:\\Users\\AV2017005903\\Documents\\Appolo Test\\Reports\\BTPNAP-26 Kelola Stok\\20171204_095727"/>
         <property name="logFiles" value="C:\\Users\\AV2017005903\\Documents\\Appolo Test\\Reports\\BTPNAP-26 Kelola Stok\\20171204_095727\\appium.log, C:\\Users\\AV2017005903\\Documents\\Appolo Test\\Reports\\BTPNAP-26 Kelola Stok\\20171204_095727\\execution0.log"/>
         <property name="attachments" value=""/>
         <property name="hostName" value="AV2017005903 - NB17Q7U8IT.corp.bankbtpn.co.id"/>
         <property name="os" value="Windows 10 64bit"/>
         <property name="katalonVersion" value="5.0.0.1"/>
         <property name="deviceOS" value="Android"/>
         <property name="appiumVersion" value="1.6.3"/>
         <property name="deviceModel" value="SM-J120G"/>
         <property name="hostAddress" value="192.168.8.103"/>
         <property name="deviceManufacturer" value="samsung"/>
         <property name="deviceId" value="3201281be0f78439"/>
         <property name="deviceName" value="samsung SM-J120G 5.1.1"/>
         <property name="deviceOSVersion" value="5.1.1"/>
      </properties>
      <testcase name="Test Cases/TC-1" classname="Test Cases/TC-1" status="PASSED">
         <system-out><![CDATA[2017-12-04 09:57:29 - [TEST_CASE][PASSED] - Test Cases/TC-1: Test Cases/TC-1

2017-12-04 09:57:30 - [TEST_STEP][PASSED] - startApplication: Started app at: 'D:\Project Apollo\Appolo Test\app-development-debug.apk'

2017-12-04 09:58:28 - [MESSAGE][PASSED] - Started app at: 'D:\Project Apollo\Appolo Test\app-development-debug.apk'

2017-12-04 09:58:28 - [TEST_STEP][PASSED] - tap: Tapped on element 'Object Repository/Transaksi/Transaksi - Tab'

2017-12-04 09:58:32 - [MESSAGE][PASSED] - Tapped on element 'Object Repository/Transaksi/Transaksi - Tab'

2017-12-04 09:58:32 - [TEST_STEP][PASSED] - tap: Tapped on element 'Object Repository/Transaksi/Stock/Stock - Tab'

2017-12-04 09:58:33 - [MESSAGE][PASSED] - Tapped on element 'Object Repository/Transaksi/Stock/Stock - Tab']]></system-out>
         <system-err><![CDATA[]]></system-err>
      </testcase>
      <testcase name="Test Cases/TC-2" classname="Test Cases/TC-2" status="PASSED">
         <system-out><![CDATA[2017-12-04 09:58:33 - [TEST_CASE][PASSED] - Test Cases/TC-2: Test Cases/TC-2

2017-12-04 09:58:33 - [TEST_STEP][PASSED] - tap: Tapped on element 'Object Repository/Transaksi/Stock/Kategori - Tab'

2017-12-04 09:58:35 - [MESSAGE][PASSED] - Tapped on element 'Object Repository/Transaksi/Stock/Kategori - Tab'

2017-12-04 09:58:35 - [TEST_STEP][PASSED] - delay: Delayed 3 second(s)

2017-12-04 09:58:38 - [MESSAGE][PASSED] - Delayed 3 second(s)

2017-12-04 09:58:38 - [TEST_STEP][PASSED] - tap: Tapped on element 'Object Repository/Transaksi/Stock/Handphone Tablet - Kategori Tab'

2017-12-04 09:58:38 - [MESSAGE][PASSED] - Tapped on element 'Object Repository/Transaksi/Stock/Handphone Tablet - Kategori Tab'

2017-12-04 09:58:38 - [TEST_STEP][PASSED] - tap: Tapped on element 'Object Repository/Transaksi/Stock/Terapkan - Kategori Btn'

2017-12-04 09:58:39 - [MESSAGE][PASSED] - Tapped on element 'Object Repository/Transaksi/Stock/Terapkan - Kategori Btn'

2017-12-04 09:58:39 - [TEST_STEP][PASSED] - delay: Delayed 5 second(s)

2017-12-04 09:58:44 - [MESSAGE][PASSED] - Delayed 5 second(s)

2017-12-04 09:58:44 - [TEST_STEP][PASSED] - tap: Tapped on element 'Object Repository/Transaksi/Stock/Kategori - Tab'

2017-12-04 09:58:45 - [MESSAGE][PASSED] - Tapped on element 'Object Repository/Transaksi/Stock/Kategori - Tab'

2017-12-04 09:58:45 - [TEST_STEP][PASSED] - scrollToText: Scrolling to text 'Otomotif' successfully

2017-12-04 09:58:55 - [MESSAGE][PASSED] - Scrolling to text 'Otomotif' successfully

2017-12-04 09:58:57 - [TEST_STEP][PASSED] - tap: Tapped on element 'Object Repository/Transaksi/Stock/Otomotif - Kategori Btn'

2017-12-04 09:58:58 - [MESSAGE][PASSED] - Tapped on element 'Object Repository/Transaksi/Stock/Otomotif - Kategori Btn'

2017-12-04 09:58:58 - [TEST_STEP][PASSED] - delay: Delayed 5 second(s)

2017-12-04 09:59:03 - [MESSAGE][PASSED] - Delayed 5 second(s)

2017-12-04 09:59:03 - [TEST_STEP][PASSED] - verifyElementAttributeValue: Object 'Object Repository/Transaksi/Stock/Otomotif - Kategori Btn' has attribute 'text' with value 'Otomotif'

2017-12-04 09:59:03 - [MESSAGE][PASSED] - Object 'Object Repository/Transaksi/Stock/Otomotif - Kategori Btn' has attribute 'text' with value 'Otomotif'

2017-12-04 09:59:03 - [TEST_STEP][PASSED] - tap: Tapped on element 'Object Repository/Transaksi/Stock/Terapkan - Kategori Btn'

2017-12-04 09:59:03 - [MESSAGE][PASSED] - Tapped on element 'Object Repository/Transaksi/Stock/Terapkan - Kategori Btn']]></system-out>
         <system-err><![CDATA[]]></system-err>
      </testcase>
      <testcase name="Test Cases/TC-3" classname="Test Cases/TC-3" status="PASSED">
         <system-out><![CDATA[2017-12-04 09:59:03 - [TEST_CASE][PASSED] - Test Cases/TC-3: Test Cases/TC-3

2017-12-04 09:59:03 - [TEST_STEP][PASSED] - tap: Tapped on element 'Object Repository/Transaksi/Stock/Kategori - Tab'

2017-12-04 09:59:05 - [MESSAGE][PASSED] - Tapped on element 'Object Repository/Transaksi/Stock/Kategori - Tab'

2017-12-04 09:59:05 - [TEST_STEP][PASSED] - tap: Tapped on element 'Object Repository/Transaksi/Stock/SemuaKategori - KategoriBtn'

2017-12-04 09:59:06 - [MESSAGE][PASSED] - Tapped on element 'Object Repository/Transaksi/Stock/SemuaKategori - KategoriBtn'

2017-12-04 09:59:06 - [TEST_STEP][PASSED] - tap: Tapped on element 'Object Repository/Transaksi/Stock/Terapkan - Kategori Btn'

2017-12-04 09:59:07 - [MESSAGE][PASSED] - Tapped on element 'Object Repository/Transaksi/Stock/Terapkan - Kategori Btn'

2017-12-04 09:59:07 - [TEST_STEP][PASSED] - delay: Delayed 0 second(s)

2017-12-04 09:59:07 - [MESSAGE][PASSED] - Delayed 0 second(s)

2017-12-04 09:59:07 - [TEST_STEP][PASSED] - tap: Tapped on element 'Object Repository/Transaksi/Stock/CariProduk - View'

2017-12-04 09:59:09 - [MESSAGE][PASSED] - Tapped on element 'Object Repository/Transaksi/Stock/CariProduk - View'

2017-12-04 09:59:09 - [TEST_STEP][PASSED] - setText: Text 'Jambu' has been set to element 'Object Repository/Transaksi/Stock/CariProduk - View'

2017-12-04 09:59:20 - [MESSAGE][PASSED] - Text 'Jambu' has been set to element 'Object Repository/Transaksi/Stock/CariProduk - View'

2017-12-04 09:59:20 - [TEST_STEP][PASSED] - getText: Text of element 'Object Repository/Transaksi/Stock/CariProduk - View' is: 'Jambu'

2017-12-04 09:59:21 - [MESSAGE][PASSED] - Text of element 'Object Repository/Transaksi/Stock/CariProduk - View' is: 'Jambu'

2017-12-04 09:59:21 - [TEST_STEP][PASSED] - verifyElementText: Actual text and expected text of test object 'Object Repository/Transaksi/Stock/CariProduk - View' are matched.

2017-12-04 09:59:22 - [MESSAGE][PASSED] - Actual text and expected text of test object 'Object Repository/Transaksi/Stock/CariProduk - View' are matched.]]></system-out>
         <system-err><![CDATA[]]></system-err>
      </testcase>
      <testcase name="Test Cases/TC-4" classname="Test Cases/TC-4" status="PASSED">
         <system-out><![CDATA[2017-12-04 09:59:22 - [TEST_CASE][PASSED] - Test Cases/TC-4: Test Cases/TC-4

2017-12-04 09:59:22 - [TEST_STEP][PASSED] - clearText: Element 'Object Repository/Transaksi/Stock/CariProduk - View' text is cleared

2017-12-04 09:59:26 - [MESSAGE][PASSED] - Element 'Object Repository/Transaksi/Stock/CariProduk - View' text is cleared

2017-12-04 09:59:26 - [TEST_STEP][PASSED] - tap: Tapped on element 'Object Repository/Transaksi/Stock/Kategori - Tab'

2017-12-04 09:59:28 - [MESSAGE][PASSED] - Tapped on element 'Object Repository/Transaksi/Stock/Kategori - Tab'

2017-12-04 09:59:28 - [TEST_STEP][PASSED] - tap: Tapped on element 'Object Repository/Transaksi/Stock/Handphone Tablet - Kategori Tab'

2017-12-04 09:59:29 - [MESSAGE][PASSED] - Tapped on element 'Object Repository/Transaksi/Stock/Handphone Tablet - Kategori Tab'

2017-12-04 09:59:29 - [TEST_STEP][PASSED] - tap: Tapped on element 'Object Repository/Transaksi/Stock/Terapkan - Kategori Btn'

2017-12-04 09:59:30 - [MESSAGE][PASSED] - Tapped on element 'Object Repository/Transaksi/Stock/Terapkan - Kategori Btn'

2017-12-04 09:59:30 - [TEST_STEP][PASSED] - delay: Delayed 5 second(s)

2017-12-04 09:59:35 - [MESSAGE][PASSED] - Delayed 5 second(s)

2017-12-04 09:59:35 - [TEST_STEP][PASSED] - tap: Tapped on element 'Object Repository/Transaksi/Stock/CariProduk - View'

2017-12-04 09:59:36 - [MESSAGE][PASSED] - Tapped on element 'Object Repository/Transaksi/Stock/CariProduk - View'

2017-12-04 09:59:36 - [TEST_STEP][PASSED] - setText: Text 'iPhone 5' has been set to element 'Object Repository/Transaksi/Stock/CariProduk - View'

2017-12-04 09:59:47 - [MESSAGE][PASSED] - Text 'iPhone 5' has been set to element 'Object Repository/Transaksi/Stock/CariProduk - View'

2017-12-04 09:59:47 - [TEST_STEP][PASSED] - getText: Text of element 'Object Repository/Transaksi/Stock/CariProduk - View' is: 'iPhone 5'

2017-12-04 09:59:48 - [MESSAGE][PASSED] - Text of element 'Object Repository/Transaksi/Stock/CariProduk - View' is: 'iPhone 5'

2017-12-04 09:59:48 - [TEST_STEP][PASSED] - verifyElementText: Actual text and expected text of test object 'Object Repository/Transaksi/Stock/CariProduk - View' are matched.

2017-12-04 09:59:48 - [MESSAGE][PASSED] - Actual text and expected text of test object 'Object Repository/Transaksi/Stock/CariProduk - View' are matched.]]></system-out>
         <system-err><![CDATA[]]></system-err>
      </testcase>
      <testcase name="Test Cases/TC-5" classname="Test Cases/TC-5" status="PASSED">
         <system-out><![CDATA[2017-12-04 09:59:48 - [TEST_CASE][PASSED] - Test Cases/TC-5: Test Cases/TC-5

2017-12-04 09:59:48 - [TEST_STEP][PASSED] - clearText: Element 'Object Repository/Transaksi/Stock/CariProduk - View' text is cleared

2017-12-04 09:59:52 - [MESSAGE][PASSED] - Element 'Object Repository/Transaksi/Stock/CariProduk - View' text is cleared

2017-12-04 09:59:52 - [TEST_STEP][PASSED] - tap: Tapped on element 'Object Repository/Transaksi/Stock/Kategori - Tab'

2017-12-04 09:59:53 - [MESSAGE][PASSED] - Tapped on element 'Object Repository/Transaksi/Stock/Kategori - Tab'

2017-12-04 09:59:53 - [TEST_STEP][PASSED] - tap: Tapped on element 'Object Repository/Transaksi/Stock/SemuaKategori - KategoriBtn'

2017-12-04 09:59:55 - [MESSAGE][PASSED] - Tapped on element 'Object Repository/Transaksi/Stock/SemuaKategori - KategoriBtn'

2017-12-04 09:59:55 - [TEST_STEP][PASSED] - tap: Tapped on element 'Object Repository/Transaksi/Stock/Terapkan - Kategori Btn'

2017-12-04 09:59:56 - [MESSAGE][PASSED] - Tapped on element 'Object Repository/Transaksi/Stock/Terapkan - Kategori Btn'

2017-12-04 09:59:56 - [TEST_STEP][PASSED] - delay: Delayed 5 second(s)

2017-12-04 10:00:01 - [MESSAGE][PASSED] - Delayed 5 second(s)

2017-12-04 10:00:01 - [TEST_STEP][PASSED] - tap: Tapped on element 'Object Repository/Transaksi/Stock/CariProduk - View'

2017-12-04 10:00:01 - [MESSAGE][PASSED] - Tapped on element 'Object Repository/Transaksi/Stock/CariProduk - View'

2017-12-04 10:00:01 - [TEST_STEP][PASSED] - setText: Text 'app' has been set to element 'Object Repository/Transaksi/Stock/CariProduk - View'

2017-12-04 10:00:12 - [MESSAGE][PASSED] - Text 'app' has been set to element 'Object Repository/Transaksi/Stock/CariProduk - View'

2017-12-04 10:00:12 - [TEST_STEP][PASSED] - getText: Text of element 'Object Repository/Transaksi/Stock/CariProduk - View' is: 'app'

2017-12-04 10:00:13 - [MESSAGE][PASSED] - Text of element 'Object Repository/Transaksi/Stock/CariProduk - View' is: 'app'

2017-12-04 10:00:13 - [TEST_STEP][PASSED] - verifyElementText: Actual text and expected text of test object 'Object Repository/Transaksi/Stock/CariProduk - View' are matched.

2017-12-04 10:00:14 - [MESSAGE][PASSED] - Actual text and expected text of test object 'Object Repository/Transaksi/Stock/CariProduk - View' are matched.]]></system-out>
         <system-err><![CDATA[]]></system-err>
      </testcase>
      <testcase name="Test Cases/TC-6" classname="Test Cases/TC-6" status="PASSED">
         <system-out><![CDATA[2017-12-04 10:00:14 - [TEST_CASE][PASSED] - Test Cases/TC-6: Test Cases/TC-6

2017-12-04 10:00:14 - [TEST_STEP][PASSED] - clearText: Element 'Object Repository/Transaksi/Stock/CariProduk - View' text is cleared

2017-12-04 10:00:18 - [MESSAGE][PASSED] - Element 'Object Repository/Transaksi/Stock/CariProduk - View' text is cleared

2017-12-04 10:00:18 - [TEST_STEP][PASSED] - setText: Text 'ap' has been set to element 'Object Repository/Transaksi/Stock/CariProduk - View'

2017-12-04 10:00:27 - [MESSAGE][PASSED] - Text 'ap' has been set to element 'Object Repository/Transaksi/Stock/CariProduk - View'

2017-12-04 10:00:27 - [TEST_STEP][PASSED] - getText: Text of element 'Object Repository/Transaksi/Stock/CariProduk - View' is: 'ap'

2017-12-04 10:00:27 - [MESSAGE][PASSED] - Text of element 'Object Repository/Transaksi/Stock/CariProduk - View' is: 'ap'

2017-12-04 10:00:27 - [TEST_STEP][PASSED] - verifyElementText: Actual text and expected text of test object 'Object Repository/Transaksi/Stock/CariProduk - View' are matched.

2017-12-04 10:00:28 - [MESSAGE][PASSED] - Actual text and expected text of test object 'Object Repository/Transaksi/Stock/CariProduk - View' are matched.]]></system-out>
         <system-err><![CDATA[]]></system-err>
      </testcase>
      <testcase name="Test Cases/TC-7" classname="Test Cases/TC-7" status="PASSED">
         <system-out><![CDATA[2017-12-04 10:00:28 - [TEST_CASE][PASSED] - Test Cases/TC-7: Test Cases/TC-7

2017-12-04 10:00:28 - [TEST_STEP][PASSED] - clearText: Element 'Object Repository/Transaksi/Stock/CariProduk - View' text is cleared

2017-12-04 10:00:32 - [MESSAGE][PASSED] - Element 'Object Repository/Transaksi/Stock/CariProduk - View' text is cleared

2017-12-04 10:00:32 - [TEST_STEP][PASSED] - setText: Text 'Rujak' has been set to element 'Object Repository/Transaksi/Stock/CariProduk - View'

2017-12-04 10:00:42 - [MESSAGE][PASSED] - Text 'Rujak' has been set to element 'Object Repository/Transaksi/Stock/CariProduk - View'

2017-12-04 10:00:42 - [TEST_STEP][PASSED] - getText: Text of element 'Object Repository/Transaksi/Stock/CariProduk - View' is: 'Rujak'

2017-12-04 10:00:43 - [MESSAGE][PASSED] - Text of element 'Object Repository/Transaksi/Stock/CariProduk - View' is: 'Rujak'

2017-12-04 10:00:43 - [TEST_STEP][PASSED] - verifyElementNotChecked: Element 'Object Repository/Transaksi/Stock/CariProduk - View' is not checked

2017-12-04 10:00:43 - [MESSAGE][WARNING] - Timeout '0' is invalid. Using default page load timeout: '30'

2017-12-04 10:00:44 - [MESSAGE][PASSED] - Element 'Object Repository/Transaksi/Stock/CariProduk - View' is not checked]]></system-out>
         <system-err><![CDATA[]]></system-err>
      </testcase>
      <testcase name="Test Cases/TC-8" classname="Test Cases/TC-8" status="PASSED">
         <system-out><![CDATA[2017-12-04 10:00:44 - [TEST_CASE][PASSED] - Test Cases/TC-8: Test Cases/TC-8

2017-12-04 10:00:44 - [TEST_STEP][PASSED] - clearText: Element 'Object Repository/Transaksi/Stock/CariProduk - View' text is cleared

2017-12-04 10:00:48 - [MESSAGE][PASSED] - Element 'Object Repository/Transaksi/Stock/CariProduk - View' text is cleared

2017-12-04 10:00:48 - [TEST_STEP][PASSED] - tap: Tapped on element 'Object Repository/Transaksi/Stock/Kategori - Tab'

2017-12-04 10:00:49 - [MESSAGE][PASSED] - Tapped on element 'Object Repository/Transaksi/Stock/Kategori - Tab'

2017-12-04 10:00:49 - [TEST_STEP][PASSED] - delay: Delayed 0 second(s)

2017-12-04 10:00:49 - [MESSAGE][PASSED] - Delayed 0 second(s)

2017-12-04 10:00:49 - [TEST_STEP][PASSED] - swipe: Swiped from 100,543 to 100,259

2017-12-04 10:00:53 - [MESSAGE][PASSED] - Swiped from 100,543 to 100,259

2017-12-04 10:00:55 - [TEST_STEP][PASSED] - swipe: Swiped from 100,543 to 100,259

2017-12-04 10:01:00 - [MESSAGE][PASSED] - Swiped from 100,543 to 100,259

2017-12-04 10:01:02 - [TEST_STEP][PASSED] - delay: Delayed 0 second(s)

2017-12-04 10:01:02 - [MESSAGE][PASSED] - Delayed 0 second(s)

2017-12-04 10:01:02 - [TEST_STEP][PASSED] - swipe: Swiped from 30,230 to 30,515

2017-12-04 10:01:08 - [MESSAGE][PASSED] - Swiped from 30,230 to 30,515

2017-12-04 10:01:10 - [TEST_STEP][PASSED] - swipe: Swiped from 30,230 to 30,515

2017-12-04 10:01:15 - [MESSAGE][PASSED] - Swiped from 30,230 to 30,515]]></system-out>
         <system-err><![CDATA[]]></system-err>
      </testcase>
      <testcase name="Test Cases/TC-9" classname="Test Cases/TC-9" status="PASSED">
         <system-out><![CDATA[2017-12-04 10:01:17 - [TEST_CASE][PASSED] - Test Cases/TC-9: Test Cases/TC-9

2017-12-04 10:01:17 - [TEST_STEP][PASSED] - tap: Tapped on element 'Object Repository/Transaksi/Stock/Terapkan - Kategori Btn'

2017-12-04 10:01:17 - [MESSAGE][PASSED] - Tapped on element 'Object Repository/Transaksi/Stock/Terapkan - Kategori Btn'

2017-12-04 10:01:17 - [TEST_STEP][PASSED] - swipe: Swiped from 126,683 to 126,440

2017-12-04 10:01:22 - [MESSAGE][PASSED] - Swiped from 126,683 to 126,440

2017-12-04 10:01:24 - [TEST_STEP][PASSED] - swipe: Swiped from 126,683 to 126,440

2017-12-04 10:01:28 - [MESSAGE][PASSED] - Swiped from 126,683 to 126,440]]></system-out>
         <system-err><![CDATA[]]></system-err>
      </testcase>
      <testcase name="Test Cases/TC-10" classname="Test Cases/TC-10" status="PASSED">
         <system-out><![CDATA[2017-12-04 10:01:31 - [TEST_CASE][PASSED] - Test Cases/TC-10: Test Cases/TC-10

2017-12-04 10:01:31 - [TEST_STEP][PASSED] - swipe: Swiped from 126,683 to 126,440

2017-12-04 10:01:35 - [MESSAGE][PASSED] - Swiped from 126,683 to 126,440

2017-12-04 10:01:37 - [TEST_STEP][PASSED] - swipe: Swiped from 126,683 to 126,440

2017-12-04 10:01:42 - [MESSAGE][PASSED] - Swiped from 126,683 to 126,440]]></system-out>
         <system-err><![CDATA[]]></system-err>
      </testcase>
      <testcase name="Test Cases/TC-11" classname="Test Cases/TC-11" status="PASSED">
         <system-out><![CDATA[2017-12-04 10:01:44 - [TEST_CASE][PASSED] - Test Cases/TC-11: Test Cases/TC-11

2017-12-04 10:01:44 - [TEST_STEP][PASSED] - delay: Delayed 0 second(s)

2017-12-04 10:01:44 - [MESSAGE][PASSED] - Delayed 0 second(s)

2017-12-04 10:01:44 - [TEST_STEP][PASSED] - tap: Tapped on element 'Object Repository/Transaksi/Stock/TambahBarang - Btn'

2017-12-04 10:01:45 - [MESSAGE][PASSED] - Tapped on element 'Object Repository/Transaksi/Stock/TambahBarang - Btn'

2017-12-04 10:01:45 - [TEST_STEP][PASSED] - closeApplication: Close app successfully

2017-12-04 10:01:57 - [MESSAGE][PASSED] - Close app successfully]]></system-out>
         <system-err><![CDATA[]]></system-err>
      </testcase>
      <system-out><![CDATA[2017-12-04 09:57:29 - [TEST_SUITE][PASSED] - BTPNAP-26 Kelola Stok: Test Cases/TC-11]]></system-out>
      <system-err><![CDATA[]]></system-err>
   </testsuite>
</testsuites>
