<?xml version="1.0" encoding="UTF-8"?>
<testsuites name="Sprint 2" time="1175" tests="3" failures="5" errors="0">
   <testsuite name="Sprint 2" tests="3" failures="5" errors="0" time="1175" timestamp="2018-03-01 11:32:06" hostname="AV2017005903 - NBMP18A211ITSQA.corp.bankbtpn.co.id" id="Test Suites/Sprint 2">
      <properties>
         <property name="deviceName" value="asus ASUS_X014D 5.1.1"/>
         <property name="devicePlatform" value=""/>
         <property name="logFolder" value="C:\\Users\\AV2017005903\\Documents\\apollo-automation\\Reports\\Sprint 2\\20180301_113205"/>
         <property name="logFiles" value="C:\\Users\\AV2017005903\\Documents\\apollo-automation\\Reports\\Sprint 2\\20180301_113205\\appium.log, C:\\Users\\AV2017005903\\Documents\\apollo-automation\\Reports\\Sprint 2\\20180301_113205\\execution0.log"/>
         <property name="attachments" value="C:\\Users\\AV2017005903\\Documents\\apollo-automation\\Screenshoot\\TambahBarang.png"/>
         <property name="hostName" value="AV2017005903 - NBMP18A211ITSQA.corp.bankbtpn.co.id"/>
         <property name="os" value="Windows 10 64bit"/>
         <property name="katalonVersion" value="5.0.0.1"/>
         <property name="deviceOS" value="Android"/>
         <property name="appiumVersion" value="1.6.5"/>
         <property name="deviceModel" value="ASUS_X014D"/>
         <property name="hostAddress" value="192.168.17.200"/>
         <property name="deviceManufacturer" value="asus"/>
         <property name="deviceId" value="GBAXGV411465ERX"/>
         <property name="deviceName" value="asus ASUS_X014D 5.1.1"/>
         <property name="deviceOSVersion" value="5.1.1"/>
      </properties>
      <testcase name="Test Cases/Sprint 2/26 - TC - All" classname="Test Cases/Sprint 2/26 - TC - All" status="PASSED">
         <system-out><![CDATA[2018-03-01 11:32:07 - [TEST_CASE][PASSED] - Test Cases/Sprint 2/26 - TC - All: Test Cases/Sprint 2/26 - TC - All

2018-03-01 11:32:07 - [TEST_STEP][PASSED] - comment: Start Story 26

2018-03-01 11:32:07 - [TEST_STEP][PASSED] - Statement - apkPath = com.kms.katalon.core.util.internal.PathUtil.relativeToAbsolutePath(apkName, com.kms.katalon.core.configuration.RunConfiguration.getProjectDir()): null

2018-03-01 11:32:07 - [TEST_STEP][PASSED] - startApplication: Started app at: 'C:\Users\AV2017005903\Documents\apollo-automation\DEV - 1 Maret v-2.apk'

2018-03-01 11:33:05 - [MESSAGE][PASSED] - Started app at: 'C:\Users\AV2017005903\Documents\apollo-automation\DEV - 1 Maret v-2.apk'

2018-03-01 11:33:05 - [TEST_STEP][PASSED] - tap: Tapped on element 'Object Repository/Login/Daftar Sekarang - Belum Punya Akun'

2018-03-01 11:33:19 - [MESSAGE][PASSED] - Tapped on element 'Object Repository/Login/Daftar Sekarang - Belum Punya Akun'

2018-03-01 11:33:19 - [TEST_STEP][PASSED] - verifyElementExist: Element 'Object Repository/Login/Daftar Sekarang - Belum Punya Akun' is exist

2018-03-01 11:33:19 - [MESSAGE][PASSED] - Element 'Object Repository/Login/Daftar Sekarang - Belum Punya Akun' is exist

2018-03-01 11:33:19 - [TEST_STEP][NOT_RUN] - tap: NOT_RUN: tap

2018-03-01 11:33:19 - [MESSAGE][NOT_RUN] - NOT_RUN: tap

2018-03-01 11:33:19 - [TEST_STEP][NOT_RUN] - setText: NOT_RUN: setText

2018-03-01 11:33:19 - [MESSAGE][NOT_RUN] - NOT_RUN: setText

2018-03-01 11:33:19 - [TEST_STEP][NOT_RUN] - hideKeyboard: NOT_RUN: hideKeyboard

2018-03-01 11:33:19 - [MESSAGE][NOT_RUN] - NOT_RUN: hideKeyboard

2018-03-01 11:33:19 - [TEST_STEP][NOT_RUN] - tap: NOT_RUN: tap

2018-03-01 11:33:19 - [MESSAGE][NOT_RUN] - NOT_RUN: tap

2018-03-01 11:33:19 - [TEST_STEP][NOT_RUN] - waitForElementPresent: NOT_RUN: waitForElementPresent

2018-03-01 11:33:19 - [MESSAGE][NOT_RUN] - NOT_RUN: waitForElementPresent

2018-03-01 11:33:19 - [TEST_STEP][NOT_RUN] - tap: NOT_RUN: tap

2018-03-01 11:33:19 - [MESSAGE][NOT_RUN] - NOT_RUN: tap

2018-03-01 11:33:19 - [TEST_STEP][NOT_RUN] - setText: NOT_RUN: setText

2018-03-01 11:33:19 - [MESSAGE][NOT_RUN] - NOT_RUN: setText

2018-03-01 11:33:19 - [TEST_STEP][PASSED] - waitForElementPresent: Element 'Object Repository/Sidebar Menu/HamburgerButton' is present

2018-03-01 11:33:23 - [MESSAGE][PASSED] - Element 'Object Repository/Sidebar Menu/HamburgerButton' is present

2018-03-01 11:33:23 - [TEST_STEP][PASSED] - tap: Tapped on element 'Object Repository/Sidebar Menu/HamburgerButton'

2018-03-01 11:33:24 - [MESSAGE][PASSED] - Tapped on element 'Object Repository/Sidebar Menu/HamburgerButton'

2018-03-01 11:33:24 - [TEST_STEP][PASSED] - tap: Tapped on element 'Object Repository/Sidebar Menu/Operasional/Operasional - Sidebar Menu'

2018-03-01 11:33:26 - [MESSAGE][PASSED] - Tapped on element 'Object Repository/Sidebar Menu/Operasional/Operasional - Sidebar Menu'

2018-03-01 11:33:26 - [TEST_STEP][PASSED] - tap: Tapped on element 'Object Repository/Sidebar Menu/Operasional/Stock/Stock View/Stok - Navbar Menu'

2018-03-01 11:33:29 - [MESSAGE][PASSED] - Tapped on element 'Object Repository/Sidebar Menu/Operasional/Stock/Stock View/Stok - Navbar Menu'

2018-03-01 11:33:29 - [TEST_STEP][PASSED] - delay: Delayed 5 second(s)

2018-03-01 11:33:34 - [MESSAGE][PASSED] - Delayed 5 second(s)

2018-03-01 11:33:34 - [TEST_STEP][PASSED] - waitForElementPresent: Element 'Object Repository/Sidebar Menu/Operasional/Stock/Stock View/Semua Kategori - Drop Down' is present

2018-03-01 11:33:34 - [MESSAGE][PASSED] - Element 'Object Repository/Sidebar Menu/Operasional/Stock/Stock View/Semua Kategori - Drop Down' is present

2018-03-01 11:33:34 - [TEST_STEP][PASSED] - tap: Tapped on element 'Object Repository/Sidebar Menu/Operasional/Stock/Stock View/Semua Kategori - Drop Down'

2018-03-01 11:33:35 - [MESSAGE][PASSED] - Tapped on element 'Object Repository/Sidebar Menu/Operasional/Stock/Stock View/Semua Kategori - Drop Down'

2018-03-01 11:33:35 - [TEST_STEP][PASSED] - waitForElementPresent: Element 'Object Repository/Sidebar Menu/Operasional/Stock/Stock View/List Kategori - Elemen 2' is present

2018-03-01 11:33:36 - [MESSAGE][PASSED] - Element 'Object Repository/Sidebar Menu/Operasional/Stock/Stock View/List Kategori - Elemen 2' is present

2018-03-01 11:33:36 - [TEST_STEP][PASSED] - tap: Tapped on element 'Object Repository/Sidebar Menu/Operasional/Stock/Stock View/List Kategori - Elemen 2'

2018-03-01 11:33:38 - [MESSAGE][PASSED] - Tapped on element 'Object Repository/Sidebar Menu/Operasional/Stock/Stock View/List Kategori - Elemen 2'

2018-03-01 11:33:38 - [TEST_STEP][PASSED] - tap: Tapped on element 'Object Repository/Sidebar Menu/Operasional/Stock/Stock View/Terapkan - Select Kategori'

2018-03-01 11:33:39 - [MESSAGE][PASSED] - Tapped on element 'Object Repository/Sidebar Menu/Operasional/Stock/Stock View/Terapkan - Select Kategori'

2018-03-01 11:33:39 - [TEST_STEP][PASSED] - tap: Tapped on element 'Object Repository/Sidebar Menu/Operasional/Stock/Stock View/Semua Kategori - Drop Down'

2018-03-01 11:33:42 - [MESSAGE][PASSED] - Tapped on element 'Object Repository/Sidebar Menu/Operasional/Stock/Stock View/Semua Kategori - Drop Down'

2018-03-01 11:33:42 - [TEST_STEP][PASSED] - scrollToText: Scrolling to text 'Makanan' successfully

2018-03-01 11:34:21 - [MESSAGE][PASSED] - Scrolling to text 'Makanan' successfully

2018-03-01 11:34:21 - [TEST_STEP][PASSED] - tap: Tapped on element 'Object Repository/Sidebar Menu/Operasional/Stock/Stock View/List Kategori - Elemen Makanan'

2018-03-01 11:34:22 - [MESSAGE][PASSED] - Tapped on element 'Object Repository/Sidebar Menu/Operasional/Stock/Stock View/List Kategori - Elemen Makanan'

2018-03-01 11:34:22 - [TEST_STEP][PASSED] - verifyElementNotChecked: Element 'Object Repository/Sidebar Menu/Operasional/Stock/Stock View/List Kategori - Elemen Makanan' is not checked

2018-03-01 11:34:22 - [MESSAGE][PASSED] - Element 'Object Repository/Sidebar Menu/Operasional/Stock/Stock View/List Kategori - Elemen Makanan' is not checked

2018-03-01 11:34:22 - [TEST_STEP][PASSED] - tap: Tapped on element 'Object Repository/Sidebar Menu/Operasional/Stock/Stock View/Terapkan - Select Kategori'

2018-03-01 11:34:23 - [MESSAGE][PASSED] - Tapped on element 'Object Repository/Sidebar Menu/Operasional/Stock/Stock View/Terapkan - Select Kategori'

2018-03-01 11:34:23 - [TEST_STEP][PASSED] - waitForElementPresent: Element 'Object Repository/Sidebar Menu/Operasional/Stock/Stock View/Semua Kategori - Drop Down' is present

2018-03-01 11:34:25 - [MESSAGE][PASSED] - Element 'Object Repository/Sidebar Menu/Operasional/Stock/Stock View/Semua Kategori - Drop Down' is present

2018-03-01 11:34:25 - [TEST_STEP][PASSED] - tap: Tapped on element 'Object Repository/Sidebar Menu/Operasional/Stock/Stock View/Semua Kategori - Drop Down'

2018-03-01 11:34:25 - [MESSAGE][PASSED] - Tapped on element 'Object Repository/Sidebar Menu/Operasional/Stock/Stock View/Semua Kategori - Drop Down'

2018-03-01 11:34:25 - [TEST_STEP][PASSED] - tap: Tapped on element 'Object Repository/Sidebar Menu/Operasional/Stock/Stock View/List Kategori - Elemen 0'

2018-03-01 11:34:27 - [MESSAGE][PASSED] - Tapped on element 'Object Repository/Sidebar Menu/Operasional/Stock/Stock View/List Kategori - Elemen 0'

2018-03-01 11:34:27 - [TEST_STEP][PASSED] - tap: Tapped on element 'Object Repository/Sidebar Menu/Operasional/Stock/Stock View/Terapkan - Select Kategori'

2018-03-01 11:34:28 - [MESSAGE][PASSED] - Tapped on element 'Object Repository/Sidebar Menu/Operasional/Stock/Stock View/Terapkan - Select Kategori'

2018-03-01 11:34:28 - [TEST_STEP][PASSED] - tap: Tapped on element 'Object Repository/Sidebar Menu/Operasional/Stock/Stock View/Cari Produk - Parent'

2018-03-01 11:34:31 - [MESSAGE][PASSED] - Tapped on element 'Object Repository/Sidebar Menu/Operasional/Stock/Stock View/Cari Produk - Parent'

2018-03-01 11:34:31 - [TEST_STEP][PASSED] - setText: Text 'Jambu' has been set to element 'Object Repository/Sidebar Menu/Operasional/Stock/Stock View/Cari Produk - Parent'

2018-03-01 11:34:43 - [MESSAGE][PASSED] - Text 'Jambu' has been set to element 'Object Repository/Sidebar Menu/Operasional/Stock/Stock View/Cari Produk - Parent'

2018-03-01 11:34:43 - [TEST_STEP][PASSED] - verifyElementNotChecked: Element 'Object Repository/Sidebar Menu/Operasional/Stock/Stock View/Cari Produk - Parent' is not checked

2018-03-01 11:34:44 - [MESSAGE][PASSED] - Element 'Object Repository/Sidebar Menu/Operasional/Stock/Stock View/Cari Produk - Parent' is not checked

2018-03-01 11:34:44 - [TEST_STEP][PASSED] - getText: Text of element 'Object Repository/Sidebar Menu/Operasional/Stock/Stock View/Cari Produk - Parent' is: 'Jambu'

2018-03-01 11:34:44 - [MESSAGE][PASSED] - Text of element 'Object Repository/Sidebar Menu/Operasional/Stock/Stock View/Cari Produk - Parent' is: 'Jambu'

2018-03-01 11:34:44 - [TEST_STEP][PASSED] - waitForElementPresent: Element 'Object Repository/Sidebar Menu/Operasional/Stock/Stock View/Cari Produk - Parent' is present

2018-03-01 11:34:46 - [MESSAGE][PASSED] - Element 'Object Repository/Sidebar Menu/Operasional/Stock/Stock View/Cari Produk - Parent' is present

2018-03-01 11:34:46 - [TEST_STEP][PASSED] - clearText: Element 'Object Repository/Sidebar Menu/Operasional/Stock/Stock View/Cari Produk - Parent' text is cleared

2018-03-01 11:34:48 - [MESSAGE][PASSED] - Element 'Object Repository/Sidebar Menu/Operasional/Stock/Stock View/Cari Produk - Parent' text is cleared

2018-03-01 11:34:48 - [TEST_STEP][PASSED] - tap: Tapped on element 'Object Repository/Sidebar Menu/Operasional/Stock/Stock View/Semua Kategori - Drop Down'

2018-03-01 11:34:50 - [MESSAGE][PASSED] - Tapped on element 'Object Repository/Sidebar Menu/Operasional/Stock/Stock View/Semua Kategori - Drop Down'

2018-03-01 11:34:50 - [TEST_STEP][PASSED] - scrollToText: Scrolling to text 'Makanan' successfully

2018-03-01 11:35:29 - [MESSAGE][PASSED] - Scrolling to text 'Makanan' successfully

2018-03-01 11:35:29 - [TEST_STEP][PASSED] - tap: Tapped on element 'Object Repository/Sidebar Menu/Operasional/Stock/Stock View/List Kategori - Elemen Makanan'

2018-03-01 11:35:29 - [MESSAGE][PASSED] - Tapped on element 'Object Repository/Sidebar Menu/Operasional/Stock/Stock View/List Kategori - Elemen Makanan'

2018-03-01 11:35:29 - [TEST_STEP][PASSED] - verifyElementNotChecked: Element 'Object Repository/Sidebar Menu/Operasional/Stock/Stock View/List Kategori - Elemen Makanan' is not checked

2018-03-01 11:35:29 - [MESSAGE][WARNING] - Timeout '0' is invalid. Using default page load timeout: '30'

2018-03-01 11:35:29 - [MESSAGE][PASSED] - Element 'Object Repository/Sidebar Menu/Operasional/Stock/Stock View/List Kategori - Elemen Makanan' is not checked

2018-03-01 11:35:29 - [TEST_STEP][PASSED] - tap: Tapped on element 'Object Repository/Sidebar Menu/Operasional/Stock/Stock View/Terapkan - Select Kategori'

2018-03-01 11:35:30 - [MESSAGE][PASSED] - Tapped on element 'Object Repository/Sidebar Menu/Operasional/Stock/Stock View/Terapkan - Select Kategori'

2018-03-01 11:35:30 - [TEST_STEP][PASSED] - tap: Tapped on element 'Object Repository/Sidebar Menu/Operasional/Stock/Stock View/Cari Produk - Parent'

2018-03-01 11:35:33 - [MESSAGE][PASSED] - Tapped on element 'Object Repository/Sidebar Menu/Operasional/Stock/Stock View/Cari Produk - Parent'

2018-03-01 11:35:33 - [TEST_STEP][PASSED] - setText: Text 'Fifty Shades of Grey' has been set to element 'Object Repository/Sidebar Menu/Operasional/Stock/Stock View/Cari Produk - Parent'

2018-03-01 11:35:44 - [MESSAGE][PASSED] - Text 'Fifty Shades of Grey' has been set to element 'Object Repository/Sidebar Menu/Operasional/Stock/Stock View/Cari Produk - Parent'

2018-03-01 11:35:44 - [TEST_STEP][PASSED] - verifyElementNotChecked: Element 'Object Repository/Sidebar Menu/Operasional/Stock/Stock View/Cari Produk - Parent' is not checked

2018-03-01 11:35:45 - [MESSAGE][PASSED] - Element 'Object Repository/Sidebar Menu/Operasional/Stock/Stock View/Cari Produk - Parent' is not checked

2018-03-01 11:35:45 - [TEST_STEP][PASSED] - getText: Text of element 'Object Repository/Sidebar Menu/Operasional/Stock/Stock View/Cari Produk - Parent' is: 'Fifty Shades of Grey'

2018-03-01 11:35:47 - [MESSAGE][PASSED] - Text of element 'Object Repository/Sidebar Menu/Operasional/Stock/Stock View/Cari Produk - Parent' is: 'Fifty Shades of Grey'

2018-03-01 11:35:47 - [TEST_STEP][PASSED] - clearText: Element 'Object Repository/Sidebar Menu/Operasional/Stock/Stock View/Cari Produk - Parent' text is cleared

2018-03-01 11:35:49 - [MESSAGE][PASSED] - Element 'Object Repository/Sidebar Menu/Operasional/Stock/Stock View/Cari Produk - Parent' text is cleared

2018-03-01 11:35:49 - [TEST_STEP][PASSED] - tap: Tapped on element 'Object Repository/Sidebar Menu/Operasional/Stock/Stock View/Semua Kategori - Drop Down'

2018-03-01 11:35:51 - [MESSAGE][PASSED] - Tapped on element 'Object Repository/Sidebar Menu/Operasional/Stock/Stock View/Semua Kategori - Drop Down'

2018-03-01 11:35:51 - [TEST_STEP][PASSED] - tap: Tapped on element 'Object Repository/Sidebar Menu/Operasional/Stock/Stock View/List Kategori - Elemen 0'

2018-03-01 11:35:54 - [MESSAGE][PASSED] - Tapped on element 'Object Repository/Sidebar Menu/Operasional/Stock/Stock View/List Kategori - Elemen 0'

2018-03-01 11:35:54 - [TEST_STEP][PASSED] - tap: Tapped on element 'Object Repository/Sidebar Menu/Operasional/Stock/Stock View/Terapkan - Select Kategori'

2018-03-01 11:35:55 - [MESSAGE][PASSED] - Tapped on element 'Object Repository/Sidebar Menu/Operasional/Stock/Stock View/Terapkan - Select Kategori'

2018-03-01 11:35:55 - [TEST_STEP][PASSED] - tap: Tapped on element 'Object Repository/Sidebar Menu/Operasional/Stock/Stock View/Cari Produk - Parent'

2018-03-01 11:35:58 - [MESSAGE][PASSED] - Tapped on element 'Object Repository/Sidebar Menu/Operasional/Stock/Stock View/Cari Produk - Parent'

2018-03-01 11:35:58 - [TEST_STEP][PASSED] - setText: Text 'app' has been set to element 'Object Repository/Sidebar Menu/Operasional/Stock/Stock View/Cari Produk - Parent'

2018-03-01 11:36:10 - [MESSAGE][PASSED] - Text 'app' has been set to element 'Object Repository/Sidebar Menu/Operasional/Stock/Stock View/Cari Produk - Parent'

2018-03-01 11:36:10 - [TEST_STEP][PASSED] - verifyElementNotChecked: Element 'Object Repository/Sidebar Menu/Operasional/Stock/Stock View/Cari Produk - Parent' is not checked

2018-03-01 11:36:11 - [MESSAGE][PASSED] - Element 'Object Repository/Sidebar Menu/Operasional/Stock/Stock View/Cari Produk - Parent' is not checked

2018-03-01 11:36:11 - [TEST_STEP][PASSED] - getText: Text of element 'Object Repository/Sidebar Menu/Operasional/Stock/Stock View/Cari Produk - Parent' is: 'app'

2018-03-01 11:36:13 - [MESSAGE][PASSED] - Text of element 'Object Repository/Sidebar Menu/Operasional/Stock/Stock View/Cari Produk - Parent' is: 'app'

2018-03-01 11:36:13 - [TEST_STEP][PASSED] - clearText: Element 'Object Repository/Sidebar Menu/Operasional/Stock/Stock View/Cari Produk - Parent' text is cleared

2018-03-01 11:36:14 - [MESSAGE][PASSED] - Element 'Object Repository/Sidebar Menu/Operasional/Stock/Stock View/Cari Produk - Parent' text is cleared

2018-03-01 11:36:14 - [TEST_STEP][PASSED] - setText: Text 'ap' has been set to element 'Object Repository/Sidebar Menu/Operasional/Stock/Stock View/Cari Produk - Parent'

2018-03-01 11:36:22 - [MESSAGE][PASSED] - Text 'ap' has been set to element 'Object Repository/Sidebar Menu/Operasional/Stock/Stock View/Cari Produk - Parent'

2018-03-01 11:36:22 - [TEST_STEP][PASSED] - verifyElementNotChecked: Element 'Object Repository/Sidebar Menu/Operasional/Stock/Stock View/Cari Produk - Parent' is not checked

2018-03-01 11:36:23 - [MESSAGE][PASSED] - Element 'Object Repository/Sidebar Menu/Operasional/Stock/Stock View/Cari Produk - Parent' is not checked

2018-03-01 11:36:23 - [TEST_STEP][PASSED] - getText: Text of element 'Object Repository/Sidebar Menu/Operasional/Stock/Stock View/Cari Produk - Parent' is: 'ap'

2018-03-01 11:36:24 - [MESSAGE][PASSED] - Text of element 'Object Repository/Sidebar Menu/Operasional/Stock/Stock View/Cari Produk - Parent' is: 'ap'

2018-03-01 11:36:24 - [TEST_STEP][PASSED] - clearText: Element 'Object Repository/Sidebar Menu/Operasional/Stock/Stock View/Cari Produk - Parent' text is cleared

2018-03-01 11:36:28 - [MESSAGE][PASSED] - Element 'Object Repository/Sidebar Menu/Operasional/Stock/Stock View/Cari Produk - Parent' text is cleared

2018-03-01 11:36:28 - [TEST_STEP][PASSED] - setText: Text 'Rujak' has been set to element 'Object Repository/Sidebar Menu/Operasional/Stock/Stock View/Cari Produk - Parent'

2018-03-01 11:36:37 - [MESSAGE][PASSED] - Text 'Rujak' has been set to element 'Object Repository/Sidebar Menu/Operasional/Stock/Stock View/Cari Produk - Parent'

2018-03-01 11:36:37 - [TEST_STEP][PASSED] - verifyElementNotChecked: Element 'Object Repository/Sidebar Menu/Operasional/Stock/Stock View/Cari Produk - Parent' is not checked

2018-03-01 11:36:37 - [MESSAGE][PASSED] - Element 'Object Repository/Sidebar Menu/Operasional/Stock/Stock View/Cari Produk - Parent' is not checked

2018-03-01 11:36:37 - [TEST_STEP][PASSED] - getText: Text of element 'Object Repository/Sidebar Menu/Operasional/Stock/Stock View/Cari Produk - Parent' is: 'Rujak'

2018-03-01 11:36:38 - [MESSAGE][PASSED] - Text of element 'Object Repository/Sidebar Menu/Operasional/Stock/Stock View/Cari Produk - Parent' is: 'Rujak'

2018-03-01 11:36:38 - [TEST_STEP][PASSED] - clearText: Element 'Object Repository/Sidebar Menu/Operasional/Stock/Stock View/Cari Produk - Parent' text is cleared

2018-03-01 11:36:41 - [MESSAGE][PASSED] - Element 'Object Repository/Sidebar Menu/Operasional/Stock/Stock View/Cari Produk - Parent' text is cleared

2018-03-01 11:36:41 - [TEST_STEP][PASSED] - delay: Delayed 5 second(s)

2018-03-01 11:36:46 - [MESSAGE][PASSED] - Delayed 5 second(s)

2018-03-01 11:36:46 - [TEST_STEP][PASSED] - waitForElementPresent: Element 'Object Repository/Sidebar Menu/Operasional/Stock/Stock View/Semua Kategori - Drop Down' is present

2018-03-01 11:36:47 - [MESSAGE][PASSED] - Element 'Object Repository/Sidebar Menu/Operasional/Stock/Stock View/Semua Kategori - Drop Down' is present

2018-03-01 11:36:47 - [TEST_STEP][PASSED] - tap: Tapped on element 'Object Repository/Sidebar Menu/Operasional/Stock/Stock View/Semua Kategori - Drop Down'

2018-03-01 11:36:47 - [MESSAGE][PASSED] - Tapped on element 'Object Repository/Sidebar Menu/Operasional/Stock/Stock View/Semua Kategori - Drop Down'

2018-03-01 11:36:47 - [TEST_STEP][PASSED] - Statement - For (def index : (0..2)): Swiped from 30,541 to 30,257

2018-03-01 11:36:47 - [TEST_STEP][PASSED] - swipe: Swiped from 30,541 to 30,257

2018-03-01 11:36:48 - [MESSAGE][PASSED] - Swiped from 30,541 to 30,257

2018-03-01 11:36:48 - [TEST_STEP][PASSED] - swipe: Swiped from 30,541 to 30,257

2018-03-01 11:36:48 - [MESSAGE][PASSED] - Swiped from 30,541 to 30,257

2018-03-01 11:36:49 - [TEST_STEP][PASSED] - swipe: Swiped from 30,541 to 30,257

2018-03-01 11:36:49 - [MESSAGE][PASSED] - Swiped from 30,541 to 30,257

2018-03-01 11:36:49 - [TEST_STEP][PASSED] - Statement - For (def index : (0..2)): Swiped from 30,257 to 30,541

2018-03-01 11:36:49 - [TEST_STEP][PASSED] - swipe: Swiped from 30,257 to 30,541

2018-03-01 11:36:50 - [MESSAGE][PASSED] - Swiped from 30,257 to 30,541

2018-03-01 11:36:50 - [TEST_STEP][PASSED] - swipe: Swiped from 30,257 to 30,541

2018-03-01 11:36:50 - [MESSAGE][PASSED] - Swiped from 30,257 to 30,541

2018-03-01 11:36:51 - [TEST_STEP][PASSED] - swipe: Swiped from 30,257 to 30,541

2018-03-01 11:36:51 - [MESSAGE][PASSED] - Swiped from 30,257 to 30,541

2018-03-01 11:36:51 - [TEST_STEP][PASSED] - waitForElementPresent: Element 'Object Repository/Sidebar Menu/Operasional/Stock/Stock View/Terapkan - Select Kategori' is present

2018-03-01 11:36:52 - [MESSAGE][PASSED] - Element 'Object Repository/Sidebar Menu/Operasional/Stock/Stock View/Terapkan - Select Kategori' is present

2018-03-01 11:36:52 - [TEST_STEP][PASSED] - tap: Tapped on element 'Object Repository/Sidebar Menu/Operasional/Stock/Stock View/Terapkan - Select Kategori'

2018-03-01 11:36:53 - [MESSAGE][PASSED] - Tapped on element 'Object Repository/Sidebar Menu/Operasional/Stock/Stock View/Terapkan - Select Kategori'

2018-03-01 11:36:53 - [TEST_STEP][PASSED] - delay: Delayed 10 second(s)

2018-03-01 11:37:03 - [MESSAGE][PASSED] - Delayed 10 second(s)

2018-03-01 11:37:03 - [TEST_STEP][PASSED] - Statement - For (def index : (0..3)): Swiped from 0,642 to 0,399

2018-03-01 11:37:03 - [TEST_STEP][PASSED] - swipe: Swiped from 0,642 to 0,399

2018-03-01 11:37:03 - [MESSAGE][PASSED] - Swiped from 0,642 to 0,399

2018-03-01 11:37:04 - [TEST_STEP][PASSED] - swipe: Swiped from 0,642 to 0,399

2018-03-01 11:37:04 - [MESSAGE][PASSED] - Swiped from 0,642 to 0,399

2018-03-01 11:37:04 - [TEST_STEP][PASSED] - swipe: Swiped from 0,642 to 0,399

2018-03-01 11:37:05 - [MESSAGE][PASSED] - Swiped from 0,642 to 0,399

2018-03-01 11:37:05 - [TEST_STEP][PASSED] - swipe: Swiped from 0,642 to 0,399

2018-03-01 11:37:06 - [MESSAGE][PASSED] - Swiped from 0,642 to 0,399

2018-03-01 11:37:06 - [TEST_STEP][PASSED] - waitForElementPresent: Element 'Object Repository/Sidebar Menu/Operasional/Stock/Tambah Barang/Tambah Barang Button' is present

2018-03-01 11:37:08 - [MESSAGE][PASSED] - Element 'Object Repository/Sidebar Menu/Operasional/Stock/Tambah Barang/Tambah Barang Button' is present

2018-03-01 11:37:08 - [TEST_STEP][PASSED] - comment: End Story 26]]></system-out>
         <system-err><![CDATA[]]></system-err>
      </testcase>
      <testcase name="Test Cases/Sprint 2/35 - TC-All" classname="Test Cases/Sprint 2/35 - TC-All" status="PASSED">
         <system-out><![CDATA[2018-03-01 11:37:08 - [TEST_CASE][PASSED] - Test Cases/Sprint 2/35 - TC-All: Test Cases/Sprint 2/35 - TC-All

2018-03-01 11:37:08 - [TEST_STEP][PASSED] - comment: Start Story 35

2018-03-01 11:37:08 - [TEST_STEP][PASSED] - delay: Delayed 5 second(s)

2018-03-01 11:37:13 - [MESSAGE][PASSED] - Delayed 5 second(s)

2018-03-01 11:37:13 - [TEST_STEP][PASSED] - tap: Tapped on element 'Object Repository/Sidebar Menu/Operasional/Stock/Tambah Barang/Tambah Barang Button'

2018-03-01 11:37:14 - [MESSAGE][PASSED] - Tapped on element 'Object Repository/Sidebar Menu/Operasional/Stock/Tambah Barang/Tambah Barang Button'

2018-03-01 11:37:14 - [TEST_STEP][PASSED] - verifyElementExist: Element 'Object Repository/Sidebar Menu/Operasional/Stock/Tambah Barang/Tambah Barang Button' is exist

2018-03-01 11:37:14 - [MESSAGE][PASSED] - Element 'Object Repository/Sidebar Menu/Operasional/Stock/Tambah Barang/Tambah Barang Button' is exist

2018-03-01 11:37:14 - [TEST_STEP][PASSED] - Statement - For (def index : (0..5)): Tapped on element 'Object Repository/Sidebar Menu/Operasional/Stock/Tambah Barang/Minus Tap - Jumlah Stock'

2018-03-01 11:37:14 - [TEST_STEP][PASSED] - tap: Tapped on element 'Object Repository/Sidebar Menu/Operasional/Stock/Tambah Barang/Minus Tap - Jumlah Stock'

2018-03-01 11:37:16 - [MESSAGE][PASSED] - Tapped on element 'Object Repository/Sidebar Menu/Operasional/Stock/Tambah Barang/Minus Tap - Jumlah Stock'

2018-03-01 11:37:16 - [TEST_STEP][PASSED] - tap: Tapped on element 'Object Repository/Sidebar Menu/Operasional/Stock/Tambah Barang/Minus Tap - Jumlah Stock'

2018-03-01 11:37:18 - [MESSAGE][PASSED] - Tapped on element 'Object Repository/Sidebar Menu/Operasional/Stock/Tambah Barang/Minus Tap - Jumlah Stock'

2018-03-01 11:37:18 - [TEST_STEP][PASSED] - tap: Tapped on element 'Object Repository/Sidebar Menu/Operasional/Stock/Tambah Barang/Minus Tap - Jumlah Stock'

2018-03-01 11:37:20 - [MESSAGE][PASSED] - Tapped on element 'Object Repository/Sidebar Menu/Operasional/Stock/Tambah Barang/Minus Tap - Jumlah Stock'

2018-03-01 11:37:20 - [TEST_STEP][PASSED] - tap: Tapped on element 'Object Repository/Sidebar Menu/Operasional/Stock/Tambah Barang/Minus Tap - Jumlah Stock'

2018-03-01 11:37:21 - [MESSAGE][PASSED] - Tapped on element 'Object Repository/Sidebar Menu/Operasional/Stock/Tambah Barang/Minus Tap - Jumlah Stock'

2018-03-01 11:37:21 - [TEST_STEP][PASSED] - tap: Tapped on element 'Object Repository/Sidebar Menu/Operasional/Stock/Tambah Barang/Minus Tap - Jumlah Stock'

2018-03-01 11:37:23 - [MESSAGE][PASSED] - Tapped on element 'Object Repository/Sidebar Menu/Operasional/Stock/Tambah Barang/Minus Tap - Jumlah Stock'

2018-03-01 11:37:23 - [TEST_STEP][PASSED] - tap: Tapped on element 'Object Repository/Sidebar Menu/Operasional/Stock/Tambah Barang/Minus Tap - Jumlah Stock'

2018-03-01 11:37:24 - [MESSAGE][PASSED] - Tapped on element 'Object Repository/Sidebar Menu/Operasional/Stock/Tambah Barang/Minus Tap - Jumlah Stock'

2018-03-01 11:37:24 - [TEST_STEP][PASSED] - Statement - For (def index : (0..10)): Tapped on element 'Object Repository/Sidebar Menu/Operasional/Stock/Tambah Barang/PlusTap - JumlaH Stock'

2018-03-01 11:37:24 - [TEST_STEP][PASSED] - tap: Tapped on element 'Object Repository/Sidebar Menu/Operasional/Stock/Tambah Barang/PlusTap - JumlaH Stock'

2018-03-01 11:37:26 - [MESSAGE][PASSED] - Tapped on element 'Object Repository/Sidebar Menu/Operasional/Stock/Tambah Barang/PlusTap - JumlaH Stock'

2018-03-01 11:37:26 - [TEST_STEP][PASSED] - tap: Tapped on element 'Object Repository/Sidebar Menu/Operasional/Stock/Tambah Barang/PlusTap - JumlaH Stock'

2018-03-01 11:37:27 - [MESSAGE][PASSED] - Tapped on element 'Object Repository/Sidebar Menu/Operasional/Stock/Tambah Barang/PlusTap - JumlaH Stock'

2018-03-01 11:37:27 - [TEST_STEP][PASSED] - tap: Tapped on element 'Object Repository/Sidebar Menu/Operasional/Stock/Tambah Barang/PlusTap - JumlaH Stock'

2018-03-01 11:37:29 - [MESSAGE][PASSED] - Tapped on element 'Object Repository/Sidebar Menu/Operasional/Stock/Tambah Barang/PlusTap - JumlaH Stock'

2018-03-01 11:37:29 - [TEST_STEP][PASSED] - tap: Tapped on element 'Object Repository/Sidebar Menu/Operasional/Stock/Tambah Barang/PlusTap - JumlaH Stock'

2018-03-01 11:37:31 - [MESSAGE][PASSED] - Tapped on element 'Object Repository/Sidebar Menu/Operasional/Stock/Tambah Barang/PlusTap - JumlaH Stock'

2018-03-01 11:37:31 - [TEST_STEP][PASSED] - tap: Tapped on element 'Object Repository/Sidebar Menu/Operasional/Stock/Tambah Barang/PlusTap - JumlaH Stock'

2018-03-01 11:37:32 - [MESSAGE][PASSED] - Tapped on element 'Object Repository/Sidebar Menu/Operasional/Stock/Tambah Barang/PlusTap - JumlaH Stock'

2018-03-01 11:37:32 - [TEST_STEP][PASSED] - tap: Tapped on element 'Object Repository/Sidebar Menu/Operasional/Stock/Tambah Barang/PlusTap - JumlaH Stock'

2018-03-01 11:37:34 - [MESSAGE][PASSED] - Tapped on element 'Object Repository/Sidebar Menu/Operasional/Stock/Tambah Barang/PlusTap - JumlaH Stock'

2018-03-01 11:37:34 - [TEST_STEP][PASSED] - tap: Tapped on element 'Object Repository/Sidebar Menu/Operasional/Stock/Tambah Barang/PlusTap - JumlaH Stock'

2018-03-01 11:37:36 - [MESSAGE][PASSED] - Tapped on element 'Object Repository/Sidebar Menu/Operasional/Stock/Tambah Barang/PlusTap - JumlaH Stock'

2018-03-01 11:37:36 - [TEST_STEP][PASSED] - tap: Tapped on element 'Object Repository/Sidebar Menu/Operasional/Stock/Tambah Barang/PlusTap - JumlaH Stock'

2018-03-01 11:37:37 - [MESSAGE][PASSED] - Tapped on element 'Object Repository/Sidebar Menu/Operasional/Stock/Tambah Barang/PlusTap - JumlaH Stock'

2018-03-01 11:37:37 - [TEST_STEP][PASSED] - tap: Tapped on element 'Object Repository/Sidebar Menu/Operasional/Stock/Tambah Barang/PlusTap - JumlaH Stock'

2018-03-01 11:37:39 - [MESSAGE][PASSED] - Tapped on element 'Object Repository/Sidebar Menu/Operasional/Stock/Tambah Barang/PlusTap - JumlaH Stock'

2018-03-01 11:37:39 - [TEST_STEP][PASSED] - tap: Tapped on element 'Object Repository/Sidebar Menu/Operasional/Stock/Tambah Barang/PlusTap - JumlaH Stock'

2018-03-01 11:37:41 - [MESSAGE][PASSED] - Tapped on element 'Object Repository/Sidebar Menu/Operasional/Stock/Tambah Barang/PlusTap - JumlaH Stock'

2018-03-01 11:37:41 - [TEST_STEP][PASSED] - tap: Tapped on element 'Object Repository/Sidebar Menu/Operasional/Stock/Tambah Barang/PlusTap - JumlaH Stock'

2018-03-01 11:37:42 - [MESSAGE][PASSED] - Tapped on element 'Object Repository/Sidebar Menu/Operasional/Stock/Tambah Barang/PlusTap - JumlaH Stock'

2018-03-01 11:37:42 - [TEST_STEP][PASSED] - tap: Tapped on element 'Object Repository/Sidebar Menu/Operasional/Stock/Tambah Barang/Jumlah Stock - by typing'

2018-03-01 11:37:44 - [MESSAGE][PASSED] - Tapped on element 'Object Repository/Sidebar Menu/Operasional/Stock/Tambah Barang/Jumlah Stock - by typing'

2018-03-01 11:37:44 - [TEST_STEP][PASSED] - setText: Text '123' has been set to element 'Object Repository/Sidebar Menu/Operasional/Stock/Tambah Barang/Jumlah Stock - by typing'

2018-03-01 11:38:04 - [MESSAGE][PASSED] - Text '123' has been set to element 'Object Repository/Sidebar Menu/Operasional/Stock/Tambah Barang/Jumlah Stock - by typing'

2018-03-01 11:38:04 - [TEST_STEP][PASSED] - clearText: Element 'Object Repository/Sidebar Menu/Operasional/Stock/Tambah Barang/Jumlah Stock - by typing' text is cleared

2018-03-01 11:38:10 - [MESSAGE][PASSED] - Element 'Object Repository/Sidebar Menu/Operasional/Stock/Tambah Barang/Jumlah Stock - by typing' text is cleared

2018-03-01 11:38:10 - [TEST_STEP][PASSED] - setText: Text '1.2' has been set to element 'Object Repository/Sidebar Menu/Operasional/Stock/Tambah Barang/Jumlah Stock - by typing'

2018-03-01 11:38:21 - [MESSAGE][PASSED] - Text '1.2' has been set to element 'Object Repository/Sidebar Menu/Operasional/Stock/Tambah Barang/Jumlah Stock - by typing'

2018-03-01 11:38:21 - [TEST_STEP][PASSED] - hideKeyboard: Keyboard is hidden

2018-03-01 11:38:22 - [MESSAGE][PASSED] - Keyboard is hidden

2018-03-01 11:38:22 - [TEST_STEP][PASSED] - tap: Tapped on element 'Object Repository/Sidebar Menu/Operasional/Stock/Tambah Barang/Nama Barang - Text Box'

2018-03-01 11:38:23 - [MESSAGE][PASSED] - Tapped on element 'Object Repository/Sidebar Menu/Operasional/Stock/Tambah Barang/Nama Barang - Text Box'

2018-03-01 11:38:23 - [TEST_STEP][PASSED] - setText: Text 'Kacang Sukro Original' has been set to element 'Object Repository/Sidebar Menu/Operasional/Stock/Tambah Barang/Nama Barang - Text Box'

2018-03-01 11:38:39 - [MESSAGE][PASSED] - Text 'Kacang Sukro Original' has been set to element 'Object Repository/Sidebar Menu/Operasional/Stock/Tambah Barang/Nama Barang - Text Box'

2018-03-01 11:38:39 - [TEST_STEP][PASSED] - verifyElementText: Actual text and expected text of test object 'Object Repository/Sidebar Menu/Operasional/Stock/Tambah Barang/Nama Barang - Text Box' are matched.

2018-03-01 11:38:40 - [MESSAGE][PASSED] - Actual text and expected text of test object 'Object Repository/Sidebar Menu/Operasional/Stock/Tambah Barang/Nama Barang - Text Box' are matched.

2018-03-01 11:38:40 - [TEST_STEP][PASSED] - hideKeyboard: Keyboard is hidden

2018-03-01 11:38:41 - [MESSAGE][PASSED] - Keyboard is hidden

2018-03-01 11:38:41 - [TEST_STEP][PASSED] - swipe: Swiped from 24,679 to 24,453

2018-03-01 11:38:42 - [MESSAGE][PASSED] - Swiped from 24,679 to 24,453

2018-03-01 11:38:42 - [TEST_STEP][PASSED] - pressBack: Press back button successfully

2018-03-01 11:38:43 - [MESSAGE][PASSED] - Press back button successfully

2018-03-01 11:38:43 - [TEST_STEP][PASSED] - tap: Tapped on element 'Object Repository/Sidebar Menu/Operasional/Stock/Tambah Barang/Batal - Button'

2018-03-01 11:38:44 - [MESSAGE][PASSED] - Tapped on element 'Object Repository/Sidebar Menu/Operasional/Stock/Tambah Barang/Batal - Button'

2018-03-01 11:38:44 - [TEST_STEP][PASSED] - waitForElementPresent: Element 'Object Repository/Sidebar Menu/Operasional/Stock/Tambah Barang/Pilih Kategori - SelectButton' is present

2018-03-01 11:38:46 - [MESSAGE][PASSED] - Element 'Object Repository/Sidebar Menu/Operasional/Stock/Tambah Barang/Pilih Kategori - SelectButton' is present

2018-03-01 11:38:46 - [TEST_STEP][PASSED] - tap: Tapped on element 'Object Repository/Sidebar Menu/Operasional/Stock/Tambah Barang/Pilih Kategori - SelectButton'

2018-03-01 11:38:46 - [MESSAGE][PASSED] - Tapped on element 'Object Repository/Sidebar Menu/Operasional/Stock/Tambah Barang/Pilih Kategori - SelectButton'

2018-03-01 11:38:46 - [TEST_STEP][PASSED] - tap: Tapped on element 'Object Repository/Sidebar Menu/Operasional/Stock/Tambah Barang/Pilih Kategori - SelectButton'

2018-03-01 11:38:47 - [MESSAGE][PASSED] - Tapped on element 'Object Repository/Sidebar Menu/Operasional/Stock/Tambah Barang/Pilih Kategori - SelectButton'

2018-03-01 11:38:47 - [TEST_STEP][PASSED] - scrollToText: Scrolling to text 'Makanan' successfully

2018-03-01 11:39:03 - [MESSAGE][PASSED] - Scrolling to text 'Makanan' successfully

2018-03-01 11:39:03 - [TEST_STEP][PASSED] - tap: Tapped on element 'Object Repository/Sidebar Menu/Operasional/Stock/Tambah Barang/android.widget.TextView6 - Makanan'

2018-03-01 11:39:03 - [MESSAGE][WARNING] - Timeout '0' is invalid. Using default page load timeout: '30'

2018-03-01 11:39:04 - [MESSAGE][PASSED] - Tapped on element 'Object Repository/Sidebar Menu/Operasional/Stock/Tambah Barang/android.widget.TextView6 - Makanan'

2018-03-01 11:39:04 - [TEST_STEP][PASSED] - delay: Delayed 10 second(s)

2018-03-01 11:39:14 - [MESSAGE][PASSED] - Delayed 10 second(s)

2018-03-01 11:39:14 - [TEST_STEP][PASSED] - scrollToText: Scrolling to text 'TENTUKAN DISKON' successfully

2018-03-01 11:39:19 - [MESSAGE][PASSED] - Scrolling to text 'TENTUKAN DISKON' successfully

2018-03-01 11:39:19 - [TEST_STEP][PASSED] - tap: Tapped on element 'Object Repository/Sidebar Menu/Operasional/Stock/Tambah Barang/Harga Jual - TextBox'

2018-03-01 11:39:20 - [MESSAGE][PASSED] - Tapped on element 'Object Repository/Sidebar Menu/Operasional/Stock/Tambah Barang/Harga Jual - TextBox'

2018-03-01 11:39:20 - [TEST_STEP][PASSED] - delay: Delayed 5 second(s)

2018-03-01 11:39:25 - [MESSAGE][PASSED] - Delayed 5 second(s)

2018-03-01 11:39:25 - [TEST_STEP][PASSED] - setText: Text '0' has been set to element 'Object Repository/Sidebar Menu/Operasional/Stock/Tambah Barang/Harga Jual - TextBox'

2018-03-01 11:39:38 - [MESSAGE][PASSED] - Text '0' has been set to element 'Object Repository/Sidebar Menu/Operasional/Stock/Tambah Barang/Harga Jual - TextBox'

2018-03-01 11:39:38 - [TEST_STEP][PASSED] - verifyElementText: Actual text and expected text of test object 'Object Repository/Sidebar Menu/Operasional/Stock/Tambah Barang/Harga Jual - TextBox' are matched.

2018-03-01 11:39:39 - [MESSAGE][PASSED] - Actual text and expected text of test object 'Object Repository/Sidebar Menu/Operasional/Stock/Tambah Barang/Harga Jual - TextBox' are matched.

2018-03-01 11:39:39 - [TEST_STEP][PASSED] - hideKeyboard: Keyboard is hidden

2018-03-01 11:39:40 - [MESSAGE][PASSED] - Keyboard is hidden

2018-03-01 11:39:40 - [TEST_STEP][PASSED] - setText: Text '0' has been set to element 'Object Repository/Sidebar Menu/Operasional/Stock/Tambah Barang/Nominal Diskon- TextBox'

2018-03-01 11:39:51 - [MESSAGE][PASSED] - Text '0' has been set to element 'Object Repository/Sidebar Menu/Operasional/Stock/Tambah Barang/Nominal Diskon- TextBox'

2018-03-01 11:39:51 - [TEST_STEP][PASSED] - hideKeyboard: Keyboard is hidden

2018-03-01 11:39:52 - [MESSAGE][PASSED] - Keyboard is hidden

2018-03-01 11:39:53 - [TEST_STEP][PASSED] - setText: Text '0' has been set to element 'Object Repository/Sidebar Menu/Operasional/Stock/Tambah Barang/Persentase Diskon - TextBox'

2018-03-01 11:40:04 - [MESSAGE][PASSED] - Text '0' has been set to element 'Object Repository/Sidebar Menu/Operasional/Stock/Tambah Barang/Persentase Diskon - TextBox'

2018-03-01 11:40:04 - [TEST_STEP][PASSED] - hideKeyboard: Keyboard is hidden

2018-03-01 11:40:05 - [MESSAGE][PASSED] - Keyboard is hidden

2018-03-01 11:40:20 - [TEST_STEP][PASSED] - comment: Test HARGA JUAL

2018-03-01 11:40:20 - [TEST_STEP][PASSED] - setText: Text '-2000' has been set to element 'Object Repository/Sidebar Menu/Operasional/Stock/Tambah Barang/Harga Jual - TextBox'

2018-03-01 11:40:35 - [MESSAGE][PASSED] - Text '-2000' has been set to element 'Object Repository/Sidebar Menu/Operasional/Stock/Tambah Barang/Harga Jual - TextBox'

2018-03-01 11:40:35 - [TEST_STEP][PASSED] - hideKeyboard: Keyboard is hidden

2018-03-01 11:41:03 - [MESSAGE][PASSED] - Keyboard is hidden

2018-03-01 11:41:11 - [TEST_STEP][PASSED] - delay: Delayed 10 second(s)

2018-03-01 11:41:21 - [MESSAGE][PASSED] - Delayed 10 second(s)

2018-03-01 11:41:21 - [TEST_STEP][PASSED] - clearText: Element 'Object Repository/Sidebar Menu/Operasional/Stock/Tambah Barang/Harga Jual - TextBox' text is cleared

2018-03-01 11:41:27 - [MESSAGE][PASSED] - Element 'Object Repository/Sidebar Menu/Operasional/Stock/Tambah Barang/Harga Jual - TextBox' text is cleared

2018-03-01 11:41:27 - [TEST_STEP][PASSED] - setText: Text '2k' has been set to element 'Object Repository/Sidebar Menu/Operasional/Stock/Tambah Barang/Harga Jual - TextBox'

2018-03-01 11:41:42 - [MESSAGE][PASSED] - Text '2k' has been set to element 'Object Repository/Sidebar Menu/Operasional/Stock/Tambah Barang/Harga Jual - TextBox'

2018-03-01 11:41:42 - [TEST_STEP][PASSED] - hideKeyboard: Keyboard is hidden

2018-03-01 11:41:43 - [MESSAGE][PASSED] - Keyboard is hidden

2018-03-01 11:41:43 - [TEST_STEP][PASSED] - clearText: Element 'Object Repository/Sidebar Menu/Operasional/Stock/Tambah Barang/Harga Jual - TextBox' text is cleared

2018-03-01 11:41:45 - [MESSAGE][PASSED] - Element 'Object Repository/Sidebar Menu/Operasional/Stock/Tambah Barang/Harga Jual - TextBox' text is cleared

2018-03-01 11:41:45 - [TEST_STEP][PASSED] - tap: Tapped on element 'Object Repository/Sidebar Menu/Operasional/Stock/Tambah Barang/Harga Jual - TextBox'

2018-03-01 11:41:46 - [MESSAGE][PASSED] - Tapped on element 'Object Repository/Sidebar Menu/Operasional/Stock/Tambah Barang/Harga Jual - TextBox'

2018-03-01 11:41:46 - [TEST_STEP][PASSED] - setText: Text '20000' has been set to element 'Object Repository/Sidebar Menu/Operasional/Stock/Tambah Barang/Harga Jual - TextBox'

2018-03-01 11:42:02 - [MESSAGE][PASSED] - Text '20000' has been set to element 'Object Repository/Sidebar Menu/Operasional/Stock/Tambah Barang/Harga Jual - TextBox'

2018-03-01 11:42:02 - [TEST_STEP][PASSED] - verifyElementText: Actual text and expected text of test object 'Object Repository/Sidebar Menu/Operasional/Stock/Tambah Barang/Harga Jual - TextBox' are matched.

2018-03-01 11:42:03 - [MESSAGE][PASSED] - Actual text and expected text of test object 'Object Repository/Sidebar Menu/Operasional/Stock/Tambah Barang/Harga Jual - TextBox' are matched.

2018-03-01 11:42:03 - [TEST_STEP][PASSED] - hideKeyboard: Keyboard is hidden

2018-03-01 11:42:04 - [MESSAGE][PASSED] - Keyboard is hidden

2018-03-01 11:42:04 - [TEST_STEP][PASSED] - comment: Test NOMINAL

2018-03-01 11:42:04 - [TEST_STEP][PASSED] - setText: Text '-2000' has been set to element 'Object Repository/Sidebar Menu/Operasional/Stock/Tambah Barang/Nominal Diskon- TextBox'

2018-03-01 11:42:14 - [MESSAGE][PASSED] - Text '-2000' has been set to element 'Object Repository/Sidebar Menu/Operasional/Stock/Tambah Barang/Nominal Diskon- TextBox'

2018-03-01 11:42:14 - [TEST_STEP][PASSED] - hideKeyboard: Keyboard is hidden

2018-03-01 11:42:15 - [MESSAGE][PASSED] - Keyboard is hidden

2018-03-01 11:42:16 - [TEST_STEP][PASSED] - tap: Tapped on element 'Object Repository/Sidebar Menu/Operasional/Stock/Tambah Barang/Nominal Diskon- TextBox'

2018-03-01 11:42:17 - [MESSAGE][PASSED] - Tapped on element 'Object Repository/Sidebar Menu/Operasional/Stock/Tambah Barang/Nominal Diskon- TextBox'

2018-03-01 11:42:17 - [TEST_STEP][PASSED] - clearText: Element 'Object Repository/Sidebar Menu/Operasional/Stock/Tambah Barang/Nominal Diskon- TextBox' text is cleared

2018-03-01 11:42:22 - [MESSAGE][PASSED] - Element 'Object Repository/Sidebar Menu/Operasional/Stock/Tambah Barang/Nominal Diskon- TextBox' text is cleared

2018-03-01 11:42:22 - [TEST_STEP][PASSED] - setText: Text '20000' has been set to element 'Object Repository/Sidebar Menu/Operasional/Stock/Tambah Barang/Nominal Diskon- TextBox'

2018-03-01 11:42:38 - [MESSAGE][PASSED] - Text '20000' has been set to element 'Object Repository/Sidebar Menu/Operasional/Stock/Tambah Barang/Nominal Diskon- TextBox'

2018-03-01 11:42:38 - [TEST_STEP][PASSED] - hideKeyboard: Keyboard is hidden

2018-03-01 11:42:40 - [MESSAGE][PASSED] - Keyboard is hidden

2018-03-01 11:42:40 - [TEST_STEP][PASSED] - tap: Tapped on element 'Object Repository/Sidebar Menu/Operasional/Stock/Tambah Barang/Simpan Button'

2018-03-01 11:42:41 - [MESSAGE][PASSED] - Tapped on element 'Object Repository/Sidebar Menu/Operasional/Stock/Tambah Barang/Simpan Button'

2018-03-01 11:42:41 - [TEST_STEP][PASSED] - clearText: Element 'Object Repository/Sidebar Menu/Operasional/Stock/Tambah Barang/Nominal Diskon- TextBox' text is cleared

2018-03-01 11:42:43 - [MESSAGE][PASSED] - Element 'Object Repository/Sidebar Menu/Operasional/Stock/Tambah Barang/Nominal Diskon- TextBox' text is cleared

2018-03-01 11:42:43 - [TEST_STEP][PASSED] - setText: Text '30000' has been set to element 'Object Repository/Sidebar Menu/Operasional/Stock/Tambah Barang/Nominal Diskon- TextBox'

2018-03-01 11:42:59 - [MESSAGE][PASSED] - Text '30000' has been set to element 'Object Repository/Sidebar Menu/Operasional/Stock/Tambah Barang/Nominal Diskon- TextBox'

2018-03-01 11:42:59 - [TEST_STEP][PASSED] - hideKeyboard: Keyboard is hidden

2018-03-01 11:43:00 - [MESSAGE][PASSED] - Keyboard is hidden

2018-03-01 11:43:00 - [TEST_STEP][PASSED] - tap: Tapped on element 'Object Repository/Sidebar Menu/Operasional/Stock/Tambah Barang/Simpan Button'

2018-03-01 11:43:01 - [MESSAGE][PASSED] - Tapped on element 'Object Repository/Sidebar Menu/Operasional/Stock/Tambah Barang/Simpan Button'

2018-03-01 11:43:01 - [TEST_STEP][PASSED] - clearText: Element 'Object Repository/Sidebar Menu/Operasional/Stock/Tambah Barang/Nominal Diskon- TextBox' text is cleared

2018-03-01 11:43:04 - [MESSAGE][PASSED] - Element 'Object Repository/Sidebar Menu/Operasional/Stock/Tambah Barang/Nominal Diskon- TextBox' text is cleared

2018-03-01 11:43:04 - [TEST_STEP][PASSED] - tap: Tapped on element 'Object Repository/Sidebar Menu/Operasional/Stock/Tambah Barang/Nominal Diskon- TextBox'

2018-03-01 11:43:05 - [MESSAGE][PASSED] - Tapped on element 'Object Repository/Sidebar Menu/Operasional/Stock/Tambah Barang/Nominal Diskon- TextBox'

2018-03-01 11:43:05 - [TEST_STEP][PASSED] - setText: Text '765' has been set to element 'Object Repository/Sidebar Menu/Operasional/Stock/Tambah Barang/Nominal Diskon- TextBox'

2018-03-01 11:43:21 - [MESSAGE][PASSED] - Text '765' has been set to element 'Object Repository/Sidebar Menu/Operasional/Stock/Tambah Barang/Nominal Diskon- TextBox'

2018-03-01 11:43:21 - [TEST_STEP][PASSED] - hideKeyboard: Keyboard is hidden

2018-03-01 11:43:22 - [MESSAGE][PASSED] - Keyboard is hidden

2018-03-01 11:43:23 - [TEST_STEP][PASSED] - clearText: Element 'Object Repository/Sidebar Menu/Operasional/Stock/Tambah Barang/Nominal Diskon- TextBox' text is cleared

2018-03-01 11:43:23 - [MESSAGE][WARNING] - Timeout '0' is invalid. Using default page load timeout: '30'

2018-03-01 11:43:25 - [MESSAGE][PASSED] - Element 'Object Repository/Sidebar Menu/Operasional/Stock/Tambah Barang/Nominal Diskon- TextBox' text is cleared

2018-03-01 11:43:25 - [TEST_STEP][PASSED] - sendKeys: Send keys '7654' on test object 'Object Repository/Sidebar Menu/Operasional/Stock/Tambah Barang/Nominal Diskon- TextBox' successfully.

2018-03-01 11:43:30 - [MESSAGE][PASSED] - Send keys '7654' on test object 'Object Repository/Sidebar Menu/Operasional/Stock/Tambah Barang/Nominal Diskon- TextBox' successfully.

2018-03-01 11:43:30 - [TEST_STEP][PASSED] - hideKeyboard: Keyboard is hidden

2018-03-01 11:43:31 - [MESSAGE][PASSED] - Keyboard is hidden

2018-03-01 11:43:32 - [TEST_STEP][PASSED] - clearText: Element 'Object Repository/Sidebar Menu/Operasional/Stock/Tambah Barang/Nominal Diskon- TextBox' text is cleared

2018-03-01 11:43:32 - [MESSAGE][WARNING] - Timeout '0' is invalid. Using default page load timeout: '30'

2018-03-01 11:43:34 - [MESSAGE][PASSED] - Element 'Object Repository/Sidebar Menu/Operasional/Stock/Tambah Barang/Nominal Diskon- TextBox' text is cleared

2018-03-01 11:43:34 - [TEST_STEP][PASSED] - setText: Text '23465' has been set to element 'Object Repository/Sidebar Menu/Operasional/Stock/Tambah Barang/Nominal Diskon- TextBox'

2018-03-01 11:43:48 - [MESSAGE][PASSED] - Text '23465' has been set to element 'Object Repository/Sidebar Menu/Operasional/Stock/Tambah Barang/Nominal Diskon- TextBox'

2018-03-01 11:43:48 - [TEST_STEP][PASSED] - hideKeyboard: Keyboard is hidden

2018-03-01 11:43:49 - [MESSAGE][PASSED] - Keyboard is hidden

2018-03-01 11:43:49 - [TEST_STEP][PASSED] - clearText: Element 'Object Repository/Sidebar Menu/Operasional/Stock/Tambah Barang/Nominal Diskon- TextBox' text is cleared

2018-03-01 11:43:49 - [MESSAGE][WARNING] - Timeout '0' is invalid. Using default page load timeout: '30'

2018-03-01 11:43:51 - [MESSAGE][PASSED] - Element 'Object Repository/Sidebar Menu/Operasional/Stock/Tambah Barang/Nominal Diskon- TextBox' text is cleared

2018-03-01 11:43:51 - [TEST_STEP][PASSED] - setText: Text '19999' has been set to element 'Object Repository/Sidebar Menu/Operasional/Stock/Tambah Barang/Nominal Diskon- TextBox'

2018-03-01 11:44:06 - [MESSAGE][PASSED] - Text '19999' has been set to element 'Object Repository/Sidebar Menu/Operasional/Stock/Tambah Barang/Nominal Diskon- TextBox'

2018-03-01 11:44:06 - [TEST_STEP][PASSED] - hideKeyboard: Keyboard is hidden

2018-03-01 11:44:08 - [MESSAGE][PASSED] - Keyboard is hidden

2018-03-01 11:44:08 - [TEST_STEP][PASSED] - tap: Tapped on element 'Object Repository/Sidebar Menu/Operasional/Stock/Tambah Barang/Simpan Button'

2018-03-01 11:44:09 - [MESSAGE][PASSED] - Tapped on element 'Object Repository/Sidebar Menu/Operasional/Stock/Tambah Barang/Simpan Button'

2018-03-01 11:44:09 - [TEST_STEP][PASSED] - clearText: Element 'Object Repository/Sidebar Menu/Operasional/Stock/Tambah Barang/Nominal Diskon- TextBox' text is cleared

2018-03-01 11:44:11 - [MESSAGE][PASSED] - Element 'Object Repository/Sidebar Menu/Operasional/Stock/Tambah Barang/Nominal Diskon- TextBox' text is cleared

2018-03-01 11:44:11 - [TEST_STEP][PASSED] - comment: Test PERSENTASE

2018-03-01 11:44:11 - [TEST_STEP][PASSED] - setText: Text '20' has been set to element 'Object Repository/Sidebar Menu/Operasional/Stock/Tambah Barang/Persentase Diskon - TextBox'

2018-03-01 11:44:24 - [MESSAGE][PASSED] - Text '20' has been set to element 'Object Repository/Sidebar Menu/Operasional/Stock/Tambah Barang/Persentase Diskon - TextBox'

2018-03-01 11:44:24 - [TEST_STEP][PASSED] - hideKeyboard: Keyboard is hidden

2018-03-01 11:44:25 - [MESSAGE][PASSED] - Keyboard is hidden

2018-03-01 11:44:25 - [TEST_STEP][PASSED] - clearText: Element 'Object Repository/Sidebar Menu/Operasional/Stock/Tambah Barang/Persentase Diskon - TextBox' text is cleared

2018-03-01 11:44:25 - [MESSAGE][WARNING] - Timeout '0' is invalid. Using default page load timeout: '30'

2018-03-01 11:44:27 - [MESSAGE][PASSED] - Element 'Object Repository/Sidebar Menu/Operasional/Stock/Tambah Barang/Persentase Diskon - TextBox' text is cleared

2018-03-01 11:44:27 - [TEST_STEP][PASSED] - setText: Text '-2' has been set to element 'Object Repository/Sidebar Menu/Operasional/Stock/Tambah Barang/Persentase Diskon - TextBox'

2018-03-01 11:44:41 - [MESSAGE][PASSED] - Text '-2' has been set to element 'Object Repository/Sidebar Menu/Operasional/Stock/Tambah Barang/Persentase Diskon - TextBox'

2018-03-01 11:44:41 - [TEST_STEP][PASSED] - hideKeyboard: Keyboard is hidden

2018-03-01 11:44:42 - [MESSAGE][PASSED] - Keyboard is hidden

2018-03-01 11:44:42 - [TEST_STEP][PASSED] - clearText: Element 'Object Repository/Sidebar Menu/Operasional/Stock/Tambah Barang/Persentase Diskon - TextBox' text is cleared

2018-03-01 11:44:42 - [MESSAGE][WARNING] - Timeout '0' is invalid. Using default page load timeout: '30'

2018-03-01 11:44:45 - [MESSAGE][PASSED] - Element 'Object Repository/Sidebar Menu/Operasional/Stock/Tambah Barang/Persentase Diskon - TextBox' text is cleared

2018-03-01 11:44:45 - [TEST_STEP][PASSED] - setText: Text '3452' has been set to element 'Object Repository/Sidebar Menu/Operasional/Stock/Tambah Barang/Persentase Diskon - TextBox'

2018-03-01 11:45:00 - [MESSAGE][PASSED] - Text '3452' has been set to element 'Object Repository/Sidebar Menu/Operasional/Stock/Tambah Barang/Persentase Diskon - TextBox'

2018-03-01 11:45:00 - [TEST_STEP][PASSED] - hideKeyboard: Keyboard is hidden

2018-03-01 11:45:01 - [MESSAGE][PASSED] - Keyboard is hidden

2018-03-01 11:45:01 - [TEST_STEP][PASSED] - setText: Text '23654' has been set to element 'Object Repository/Sidebar Menu/Operasional/Stock/Tambah Barang/Persentase Diskon - TextBox'

2018-03-01 11:45:10 - [MESSAGE][PASSED] - Text '23654' has been set to element 'Object Repository/Sidebar Menu/Operasional/Stock/Tambah Barang/Persentase Diskon - TextBox'

2018-03-01 11:45:10 - [TEST_STEP][PASSED] - hideKeyboard: Keyboard is hidden

2018-03-01 11:45:11 - [MESSAGE][PASSED] - Keyboard is hidden

2018-03-01 11:45:11 - [TEST_STEP][PASSED] - clearText: Element 'Object Repository/Sidebar Menu/Operasional/Stock/Tambah Barang/Persentase Diskon - TextBox' text is cleared

2018-03-01 11:45:14 - [MESSAGE][PASSED] - Element 'Object Repository/Sidebar Menu/Operasional/Stock/Tambah Barang/Persentase Diskon - TextBox' text is cleared

2018-03-01 11:45:14 - [TEST_STEP][PASSED] - setText: Text '876342' has been set to element 'Object Repository/Sidebar Menu/Operasional/Stock/Tambah Barang/Persentase Diskon - TextBox'

2018-03-01 11:45:29 - [MESSAGE][PASSED] - Text '876342' has been set to element 'Object Repository/Sidebar Menu/Operasional/Stock/Tambah Barang/Persentase Diskon - TextBox'

2018-03-01 11:45:29 - [TEST_STEP][PASSED] - hideKeyboard: Keyboard is hidden

2018-03-01 11:45:30 - [MESSAGE][PASSED] - Keyboard is hidden

2018-03-01 11:45:30 - [TEST_STEP][PASSED] - clearText: Element 'Object Repository/Sidebar Menu/Operasional/Stock/Tambah Barang/Persentase Diskon - TextBox' text is cleared

2018-03-01 11:45:33 - [MESSAGE][PASSED] - Element 'Object Repository/Sidebar Menu/Operasional/Stock/Tambah Barang/Persentase Diskon - TextBox' text is cleared

2018-03-01 11:45:33 - [TEST_STEP][PASSED] - setText: Text '876342' has been set to element 'Object Repository/Sidebar Menu/Operasional/Stock/Tambah Barang/Persentase Diskon - TextBox'

2018-03-01 11:45:48 - [MESSAGE][PASSED] - Text '876342' has been set to element 'Object Repository/Sidebar Menu/Operasional/Stock/Tambah Barang/Persentase Diskon - TextBox'

2018-03-01 11:45:48 - [TEST_STEP][PASSED] - hideKeyboard: Keyboard is hidden

2018-03-01 11:45:49 - [MESSAGE][PASSED] - Keyboard is hidden

2018-03-01 11:45:49 - [TEST_STEP][PASSED] - setText: Text '100' has been set to element 'Object Repository/Sidebar Menu/Operasional/Stock/Tambah Barang/Persentase Diskon - TextBox'

2018-03-01 11:45:58 - [MESSAGE][PASSED] - Text '100' has been set to element 'Object Repository/Sidebar Menu/Operasional/Stock/Tambah Barang/Persentase Diskon - TextBox'

2018-03-01 11:45:58 - [TEST_STEP][PASSED] - hideKeyboard: Keyboard is hidden

2018-03-01 11:45:59 - [MESSAGE][PASSED] - Keyboard is hidden

2018-03-01 11:45:59 - [TEST_STEP][PASSED] - clearText: Element 'Object Repository/Sidebar Menu/Operasional/Stock/Tambah Barang/Persentase Diskon - TextBox' text is cleared

2018-03-01 11:46:02 - [MESSAGE][PASSED] - Element 'Object Repository/Sidebar Menu/Operasional/Stock/Tambah Barang/Persentase Diskon - TextBox' text is cleared

2018-03-01 11:46:02 - [TEST_STEP][PASSED] - setText: Text '9999' has been set to element 'Object Repository/Sidebar Menu/Operasional/Stock/Tambah Barang/Persentase Diskon - TextBox'

2018-03-01 11:46:17 - [MESSAGE][PASSED] - Text '9999' has been set to element 'Object Repository/Sidebar Menu/Operasional/Stock/Tambah Barang/Persentase Diskon - TextBox'

2018-03-01 11:46:17 - [TEST_STEP][PASSED] - hideKeyboard: Keyboard is hidden

2018-03-01 11:46:18 - [MESSAGE][PASSED] - Keyboard is hidden

2018-03-01 11:46:18 - [TEST_STEP][PASSED] - tap: Tapped on element 'Object Repository/Sidebar Menu/Operasional/Stock/Tambah Barang/Simpan Button'

2018-03-01 11:46:19 - [MESSAGE][PASSED] - Tapped on element 'Object Repository/Sidebar Menu/Operasional/Stock/Tambah Barang/Simpan Button'

2018-03-01 11:46:19 - [TEST_STEP][NOT_RUN] - verifyElementExist: NOT_RUN: verifyElementExist

2018-03-01 11:46:19 - [MESSAGE][NOT_RUN] - NOT_RUN: verifyElementExist

2018-03-01 11:46:19 - [TEST_STEP][PASSED] - delay: Delayed 2 second(s)

2018-03-01 11:46:21 - [MESSAGE][PASSED] - Delayed 2 second(s)

2018-03-01 11:46:21 - [TEST_STEP][PASSED] - takeScreenshot: Screenshot is taken

2018-03-01 11:46:23 - [MESSAGE][PASSED] - Screenshot is taken
[[ATTACHMENT|C:\\Users\\AV2017005903\\Documents\\apollo-automation\\Screenshoot\\TambahBarang.png]]

2018-03-01 11:46:23 - [TEST_STEP][PASSED] - comment: End Story 35]]></system-out>
         <system-err><![CDATA[]]></system-err>
      </testcase>
      <testcase name="Test Cases/Sprint 2/27 - TC - All" classname="Test Cases/Sprint 2/27 - TC - All" status="PASSED">
         <system-out><![CDATA[2018-03-01 11:46:23 - [TEST_CASE][PASSED] - Test Cases/Sprint 2/27 - TC - All: Test Cases/Sprint 2/27 - TC - All

2018-03-01 11:46:23 - [TEST_STEP][PASSED] - comment: Start Story 27

2018-03-01 11:46:23 - [TEST_STEP][PASSED] - delay: Delayed 5 second(s)

2018-03-01 11:46:28 - [MESSAGE][PASSED] - Delayed 5 second(s)

2018-03-01 11:46:28 - [TEST_STEP][PASSED] - Statement - For (def index : (0..5)): Swiped from 0,642 to 0,399

2018-03-01 11:46:28 - [TEST_STEP][PASSED] - swipe: Swiped from 0,642 to 0,399

2018-03-01 11:46:29 - [MESSAGE][PASSED] - Swiped from 0,642 to 0,399

2018-03-01 11:46:29 - [TEST_STEP][PASSED] - swipe: Swiped from 0,642 to 0,399

2018-03-01 11:46:29 - [MESSAGE][PASSED] - Swiped from 0,642 to 0,399

2018-03-01 11:46:29 - [TEST_STEP][PASSED] - swipe: Swiped from 0,642 to 0,399

2018-03-01 11:46:30 - [MESSAGE][PASSED] - Swiped from 0,642 to 0,399

2018-03-01 11:46:30 - [TEST_STEP][PASSED] - swipe: Swiped from 0,642 to 0,399

2018-03-01 11:46:30 - [MESSAGE][PASSED] - Swiped from 0,642 to 0,399

2018-03-01 11:46:30 - [TEST_STEP][PASSED] - swipe: Swiped from 0,642 to 0,399

2018-03-01 11:46:31 - [MESSAGE][PASSED] - Swiped from 0,642 to 0,399

2018-03-01 11:46:31 - [TEST_STEP][PASSED] - swipe: Swiped from 0,642 to 0,399

2018-03-01 11:46:32 - [MESSAGE][PASSED] - Swiped from 0,642 to 0,399

2018-03-01 11:46:32 - [TEST_STEP][PASSED] - tap: Tapped on element 'Object Repository/Sidebar Menu/Operasional/Stock/Stock View/Cari Produk - Parent'

2018-03-01 11:46:33 - [MESSAGE][PASSED] - Tapped on element 'Object Repository/Sidebar Menu/Operasional/Stock/Stock View/Cari Produk - Parent'

2018-03-01 11:46:33 - [TEST_STEP][PASSED] - setText: Text 'Kacang Sukro Original' has been set to element 'Object Repository/Sidebar Menu/Operasional/Stock/Stock View/Cari Produk - Parent'

2018-03-01 11:46:45 - [MESSAGE][PASSED] - Text 'Kacang Sukro Original' has been set to element 'Object Repository/Sidebar Menu/Operasional/Stock/Stock View/Cari Produk - Parent'

2018-03-01 11:46:45 - [TEST_STEP][PASSED] - getText: Text of element 'Object Repository/Sidebar Menu/Operasional/Stock/Stock View/Cari Produk - Parent' is: 'Kacang Sukro Original'

2018-03-01 11:46:46 - [MESSAGE][PASSED] - Text of element 'Object Repository/Sidebar Menu/Operasional/Stock/Stock View/Cari Produk - Parent' is: 'Kacang Sukro Original'

2018-03-01 11:46:46 - [TEST_STEP][PASSED] - tap: Tapped on element 'Object Repository/Sidebar Menu/Operasional/Stock/Detail Barang/List Produk Search - Elemen 1'

2018-03-01 11:46:48 - [MESSAGE][PASSED] - Tapped on element 'Object Repository/Sidebar Menu/Operasional/Stock/Detail Barang/List Produk Search - Elemen 1'

2018-03-01 11:46:48 - [TEST_STEP][PASSED] - delay: Delayed 5 second(s)

2018-03-01 11:46:53 - [MESSAGE][PASSED] - Delayed 5 second(s)

2018-03-01 11:46:53 - [TEST_STEP][PASSED] - comment: Swipe ke Bawah

2018-03-01 11:46:53 - [TEST_STEP][PASSED] - swipe: Swiped from 24,788 to 24,452

2018-03-01 11:46:54 - [MESSAGE][PASSED] - Swiped from 24,788 to 24,452

2018-03-01 11:46:54 - [TEST_STEP][PASSED] - comment: Share to FB dan IG

2018-03-01 11:46:54 - [TEST_STEP][NOT_RUN] - tap: NOT_RUN: tap

2018-03-01 11:46:54 - [MESSAGE][NOT_RUN] - NOT_RUN: tap

2018-03-01 11:46:54 - [TEST_STEP][NOT_RUN] - verifyElementExist: NOT_RUN: verifyElementExist

2018-03-01 11:46:54 - [MESSAGE][NOT_RUN] - NOT_RUN: verifyElementExist

2018-03-01 11:46:54 - [TEST_STEP][NOT_RUN] - delay: NOT_RUN: delay

2018-03-01 11:46:54 - [MESSAGE][NOT_RUN] - NOT_RUN: delay

2018-03-01 11:46:54 - [TEST_STEP][PASSED] - tap: Tapped on element 'Object Repository/Sidebar Menu/Operasional/Stock/Detail Barang/Jual via Instagram'

2018-03-01 11:46:55 - [MESSAGE][PASSED] - Tapped on element 'Object Repository/Sidebar Menu/Operasional/Stock/Detail Barang/Jual via Instagram'

2018-03-01 11:46:55 - [TEST_STEP][PASSED] - delay: Delayed 5 second(s)

2018-03-01 11:47:00 - [MESSAGE][PASSED] - Delayed 5 second(s)

2018-03-01 11:47:00 - [TEST_STEP][PASSED] - pressBack: Press back button successfully

2018-03-01 11:47:00 - [MESSAGE][PASSED] - Press back button successfully

2018-03-01 11:47:00 - [TEST_STEP][PASSED] - delay: Delayed 5 second(s)

2018-03-01 11:47:05 - [MESSAGE][PASSED] - Delayed 5 second(s)

2018-03-01 11:47:05 - [TEST_STEP][PASSED] - comment: Swipe ke Atas

2018-03-01 11:47:05 - [TEST_STEP][PASSED] - swipe: Swiped from 24,452 to 24,788

2018-03-01 11:47:06 - [MESSAGE][PASSED] - Swiped from 24,452 to 24,788

2018-03-01 11:47:06 - [TEST_STEP][PASSED] - delay: Delayed 5 second(s)

2018-03-01 11:47:11 - [MESSAGE][PASSED] - Delayed 5 second(s)

2018-03-01 11:47:11 - [TEST_STEP][PASSED] - tap: Tapped on element 'Object Repository/Sidebar Menu/Operasional/Stock/Detail Barang/INFO SUPPLIER'

2018-03-01 11:47:11 - [MESSAGE][PASSED] - Tapped on element 'Object Repository/Sidebar Menu/Operasional/Stock/Detail Barang/INFO SUPPLIER'

2018-03-01 11:47:11 - [TEST_STEP][PASSED] - waitForElementPresent: Element 'Object Repository/Sidebar Menu/Operasional/Stock/Detail Barang/INFO STOK' is present

2018-03-01 11:47:11 - [MESSAGE][WARNING] - Timeout '0' is invalid. Using default page load timeout: '30'

2018-03-01 11:47:12 - [MESSAGE][PASSED] - Element 'Object Repository/Sidebar Menu/Operasional/Stock/Detail Barang/INFO STOK' is present

2018-03-01 11:47:12 - [TEST_STEP][PASSED] - tap: Tapped on element 'Object Repository/Sidebar Menu/Operasional/Stock/Detail Barang/INFO STOK'

2018-03-01 11:47:13 - [MESSAGE][PASSED] - Tapped on element 'Object Repository/Sidebar Menu/Operasional/Stock/Detail Barang/INFO STOK'

2018-03-01 11:47:13 - [TEST_STEP][PASSED] - swipe: Swiped from 24,788 to 24,452

2018-03-01 11:47:13 - [MESSAGE][PASSED] - Swiped from 24,788 to 24,452

2018-03-01 11:47:13 - [TEST_STEP][PASSED] - comment: End Story 27]]></system-out>
         <system-err><![CDATA[]]></system-err>
      </testcase>
      <testcase name="Test Cases/Sprint 2/46 - TC - All" classname="Test Cases/Sprint 2/46 - TC - All" status="FAILED">
         <failure type="FAILED" message="Failed to tap on element 'Object Repository/Sidebar Menu/Operasional/Stock/Detail Barang/SIMPAN Button' (Root cause: Object Object Repository/Sidebar Menu/Operasional/Stock/Detail Barang/SIMPAN Button not found)"/>
         <system-out><![CDATA[2018-03-01 11:47:13 - [TEST_CASE][FAILED] - Test Cases/Sprint 2/46 - TC - All: Test Cases/Sprint 2/46 - TC - All FAILED because (of) Failed to tap on element 'Object Repository/Sidebar Menu/Operasional/Stock/Detail Barang/SIMPAN Button' (Root cause: Object Object Repository/Sidebar Menu/Operasional/Stock/Detail Barang/SIMPAN Button not found)

2018-03-01 11:47:14 - [TEST_STEP][PASSED] - comment: Start Story 46

2018-03-01 11:47:14 - [TEST_STEP][PASSED] - delay: Delayed 5 second(s)

2018-03-01 11:47:19 - [MESSAGE][PASSED] - Delayed 5 second(s)

2018-03-01 11:47:19 - [TEST_STEP][PASSED] - tap: Tapped on element 'Object Repository/Sidebar Menu/Operasional/Stock/Detail Barang/Ubah Info - Button'

2018-03-01 11:47:19 - [MESSAGE][PASSED] - Tapped on element 'Object Repository/Sidebar Menu/Operasional/Stock/Detail Barang/Ubah Info - Button'

2018-03-01 11:47:19 - [TEST_STEP][PASSED] - Statement - For (def index : (0..5)): Tapped on element 'Object Repository/Sidebar Menu/Operasional/Stock/Tambah Barang/Minus Tap - Jumlah Stock'

2018-03-01 11:47:19 - [TEST_STEP][PASSED] - tap: Tapped on element 'Object Repository/Sidebar Menu/Operasional/Stock/Tambah Barang/Minus Tap - Jumlah Stock'

2018-03-01 11:47:21 - [MESSAGE][PASSED] - Tapped on element 'Object Repository/Sidebar Menu/Operasional/Stock/Tambah Barang/Minus Tap - Jumlah Stock'

2018-03-01 11:47:21 - [TEST_STEP][PASSED] - tap: Tapped on element 'Object Repository/Sidebar Menu/Operasional/Stock/Tambah Barang/Minus Tap - Jumlah Stock'

2018-03-01 11:47:23 - [MESSAGE][PASSED] - Tapped on element 'Object Repository/Sidebar Menu/Operasional/Stock/Tambah Barang/Minus Tap - Jumlah Stock'

2018-03-01 11:47:23 - [TEST_STEP][PASSED] - tap: Tapped on element 'Object Repository/Sidebar Menu/Operasional/Stock/Tambah Barang/Minus Tap - Jumlah Stock'

2018-03-01 11:47:25 - [MESSAGE][PASSED] - Tapped on element 'Object Repository/Sidebar Menu/Operasional/Stock/Tambah Barang/Minus Tap - Jumlah Stock'

2018-03-01 11:47:25 - [TEST_STEP][PASSED] - tap: Tapped on element 'Object Repository/Sidebar Menu/Operasional/Stock/Tambah Barang/Minus Tap - Jumlah Stock'

2018-03-01 11:47:26 - [MESSAGE][PASSED] - Tapped on element 'Object Repository/Sidebar Menu/Operasional/Stock/Tambah Barang/Minus Tap - Jumlah Stock'

2018-03-01 11:47:26 - [TEST_STEP][PASSED] - tap: Tapped on element 'Object Repository/Sidebar Menu/Operasional/Stock/Tambah Barang/Minus Tap - Jumlah Stock'

2018-03-01 11:47:27 - [MESSAGE][PASSED] - Tapped on element 'Object Repository/Sidebar Menu/Operasional/Stock/Tambah Barang/Minus Tap - Jumlah Stock'

2018-03-01 11:47:27 - [TEST_STEP][PASSED] - tap: Tapped on element 'Object Repository/Sidebar Menu/Operasional/Stock/Tambah Barang/Minus Tap - Jumlah Stock'

2018-03-01 11:47:29 - [MESSAGE][PASSED] - Tapped on element 'Object Repository/Sidebar Menu/Operasional/Stock/Tambah Barang/Minus Tap - Jumlah Stock'

2018-03-01 11:47:29 - [TEST_STEP][PASSED] - Statement - For (def index : (0..10)): Tapped on element 'Object Repository/Sidebar Menu/Operasional/Stock/Tambah Barang/PlusTap - JumlaH Stock'

2018-03-01 11:47:29 - [TEST_STEP][PASSED] - tap: Tapped on element 'Object Repository/Sidebar Menu/Operasional/Stock/Tambah Barang/PlusTap - JumlaH Stock'

2018-03-01 11:47:30 - [MESSAGE][PASSED] - Tapped on element 'Object Repository/Sidebar Menu/Operasional/Stock/Tambah Barang/PlusTap - JumlaH Stock'

2018-03-01 11:47:30 - [TEST_STEP][PASSED] - tap: Tapped on element 'Object Repository/Sidebar Menu/Operasional/Stock/Tambah Barang/PlusTap - JumlaH Stock'

2018-03-01 11:47:32 - [MESSAGE][PASSED] - Tapped on element 'Object Repository/Sidebar Menu/Operasional/Stock/Tambah Barang/PlusTap - JumlaH Stock'

2018-03-01 11:47:32 - [TEST_STEP][PASSED] - tap: Tapped on element 'Object Repository/Sidebar Menu/Operasional/Stock/Tambah Barang/PlusTap - JumlaH Stock'

2018-03-01 11:47:33 - [MESSAGE][PASSED] - Tapped on element 'Object Repository/Sidebar Menu/Operasional/Stock/Tambah Barang/PlusTap - JumlaH Stock'

2018-03-01 11:47:33 - [TEST_STEP][PASSED] - tap: Tapped on element 'Object Repository/Sidebar Menu/Operasional/Stock/Tambah Barang/PlusTap - JumlaH Stock'

2018-03-01 11:47:35 - [MESSAGE][PASSED] - Tapped on element 'Object Repository/Sidebar Menu/Operasional/Stock/Tambah Barang/PlusTap - JumlaH Stock'

2018-03-01 11:47:35 - [TEST_STEP][PASSED] - tap: Tapped on element 'Object Repository/Sidebar Menu/Operasional/Stock/Tambah Barang/PlusTap - JumlaH Stock'

2018-03-01 11:47:37 - [MESSAGE][PASSED] - Tapped on element 'Object Repository/Sidebar Menu/Operasional/Stock/Tambah Barang/PlusTap - JumlaH Stock'

2018-03-01 11:47:37 - [TEST_STEP][PASSED] - tap: Tapped on element 'Object Repository/Sidebar Menu/Operasional/Stock/Tambah Barang/PlusTap - JumlaH Stock'

2018-03-01 11:47:38 - [MESSAGE][PASSED] - Tapped on element 'Object Repository/Sidebar Menu/Operasional/Stock/Tambah Barang/PlusTap - JumlaH Stock'

2018-03-01 11:47:38 - [TEST_STEP][PASSED] - tap: Tapped on element 'Object Repository/Sidebar Menu/Operasional/Stock/Tambah Barang/PlusTap - JumlaH Stock'

2018-03-01 11:47:40 - [MESSAGE][PASSED] - Tapped on element 'Object Repository/Sidebar Menu/Operasional/Stock/Tambah Barang/PlusTap - JumlaH Stock'

2018-03-01 11:47:40 - [TEST_STEP][PASSED] - tap: Tapped on element 'Object Repository/Sidebar Menu/Operasional/Stock/Tambah Barang/PlusTap - JumlaH Stock'

2018-03-01 11:47:41 - [MESSAGE][PASSED] - Tapped on element 'Object Repository/Sidebar Menu/Operasional/Stock/Tambah Barang/PlusTap - JumlaH Stock'

2018-03-01 11:47:41 - [TEST_STEP][PASSED] - tap: Tapped on element 'Object Repository/Sidebar Menu/Operasional/Stock/Tambah Barang/PlusTap - JumlaH Stock'

2018-03-01 11:47:43 - [MESSAGE][PASSED] - Tapped on element 'Object Repository/Sidebar Menu/Operasional/Stock/Tambah Barang/PlusTap - JumlaH Stock'

2018-03-01 11:47:43 - [TEST_STEP][PASSED] - tap: Tapped on element 'Object Repository/Sidebar Menu/Operasional/Stock/Tambah Barang/PlusTap - JumlaH Stock'

2018-03-01 11:47:44 - [MESSAGE][PASSED] - Tapped on element 'Object Repository/Sidebar Menu/Operasional/Stock/Tambah Barang/PlusTap - JumlaH Stock'

2018-03-01 11:47:44 - [TEST_STEP][PASSED] - tap: Tapped on element 'Object Repository/Sidebar Menu/Operasional/Stock/Tambah Barang/PlusTap - JumlaH Stock'

2018-03-01 11:47:46 - [MESSAGE][PASSED] - Tapped on element 'Object Repository/Sidebar Menu/Operasional/Stock/Tambah Barang/PlusTap - JumlaH Stock'

2018-03-01 11:47:46 - [TEST_STEP][PASSED] - tap: Tapped on element 'Object Repository/Sidebar Menu/Operasional/Stock/Tambah Barang/Jumlah Stock - by typing'

2018-03-01 11:47:47 - [MESSAGE][PASSED] - Tapped on element 'Object Repository/Sidebar Menu/Operasional/Stock/Tambah Barang/Jumlah Stock - by typing'

2018-03-01 11:47:47 - [TEST_STEP][PASSED] - setText: Text '123' has been set to element 'Object Repository/Sidebar Menu/Operasional/Stock/Tambah Barang/Jumlah Stock - by typing'

2018-03-01 11:48:05 - [MESSAGE][PASSED] - Text '123' has been set to element 'Object Repository/Sidebar Menu/Operasional/Stock/Tambah Barang/Jumlah Stock - by typing'

2018-03-01 11:48:05 - [TEST_STEP][PASSED] - clearText: Element 'Object Repository/Sidebar Menu/Operasional/Stock/Tambah Barang/Jumlah Stock - by typing' text is cleared

2018-03-01 11:48:10 - [MESSAGE][PASSED] - Element 'Object Repository/Sidebar Menu/Operasional/Stock/Tambah Barang/Jumlah Stock - by typing' text is cleared

2018-03-01 11:48:10 - [TEST_STEP][PASSED] - setText: Text '10.6' has been set to element 'Object Repository/Sidebar Menu/Operasional/Stock/Tambah Barang/Jumlah Stock - by typing'

2018-03-01 11:48:22 - [MESSAGE][PASSED] - Text '10.6' has been set to element 'Object Repository/Sidebar Menu/Operasional/Stock/Tambah Barang/Jumlah Stock - by typing'

2018-03-01 11:48:22 - [TEST_STEP][PASSED] - hideKeyboard: Keyboard is hidden

2018-03-01 11:48:23 - [MESSAGE][PASSED] - Keyboard is hidden

2018-03-01 11:48:23 - [TEST_STEP][PASSED] - tap: Tapped on element 'Object Repository/Sidebar Menu/Operasional/Stock/Tambah Barang/SKU Produk - Text Box'

2018-03-01 11:48:24 - [MESSAGE][PASSED] - Tapped on element 'Object Repository/Sidebar Menu/Operasional/Stock/Tambah Barang/SKU Produk - Text Box'

2018-03-01 11:48:24 - [TEST_STEP][PASSED] - setText: Text '1609199456' has been set to element 'Object Repository/Sidebar Menu/Operasional/Stock/Tambah Barang/SKU Produk - Text Box'

2018-03-01 11:48:39 - [MESSAGE][PASSED] - Text '1609199456' has been set to element 'Object Repository/Sidebar Menu/Operasional/Stock/Tambah Barang/SKU Produk - Text Box'

2018-03-01 11:48:39 - [TEST_STEP][PASSED] - verifyElementText: Actual text and expected text of test object 'Object Repository/Sidebar Menu/Operasional/Stock/Tambah Barang/SKU Produk - Text Box' are matched.

2018-03-01 11:48:40 - [MESSAGE][PASSED] - Actual text and expected text of test object 'Object Repository/Sidebar Menu/Operasional/Stock/Tambah Barang/SKU Produk - Text Box' are matched.

2018-03-01 11:48:40 - [TEST_STEP][PASSED] - getText: Text of element 'Object Repository/Sidebar Menu/Operasional/Stock/Tambah Barang/SKU Produk - Text Box' is: '1609199456'

2018-03-01 11:48:40 - [MESSAGE][PASSED] - Text of element 'Object Repository/Sidebar Menu/Operasional/Stock/Tambah Barang/SKU Produk - Text Box' is: '1609199456'

2018-03-01 11:48:40 - [TEST_STEP][PASSED] - hideKeyboard: Keyboard is hidden

2018-03-01 11:48:41 - [MESSAGE][PASSED] - Keyboard is hidden

2018-03-01 11:48:41 - [TEST_STEP][PASSED] - pressBack: Press back button successfully

2018-03-01 11:48:41 - [MESSAGE][PASSED] - Press back button successfully

2018-03-01 11:48:41 - [TEST_STEP][PASSED] - tap: Tapped on element 'Object Repository/Sidebar Menu/Operasional/Stock/Detail Barang/Batal Button'

2018-03-01 11:48:43 - [MESSAGE][PASSED] - Tapped on element 'Object Repository/Sidebar Menu/Operasional/Stock/Detail Barang/Batal Button'

2018-03-01 11:48:43 - [TEST_STEP][PASSED] - comment: Gabungan buat Story 38

2018-03-01 11:48:43 - [TEST_STEP][PASSED] - tap: Tapped on element 'Object Repository/Sidebar Menu/Operasional/Stock/Tambah Barang/Pilih Kategori - SelectButton'

2018-03-01 11:48:44 - [MESSAGE][PASSED] - Tapped on element 'Object Repository/Sidebar Menu/Operasional/Stock/Tambah Barang/Pilih Kategori - SelectButton'

2018-03-01 11:48:44 - [TEST_STEP][PASSED] - tap: Tapped on element 'Object Repository/Sidebar Menu/Operasional/Stock/Tambah Barang/Pilih Kategori - SelectButton'

2018-03-01 11:48:46 - [MESSAGE][PASSED] - Tapped on element 'Object Repository/Sidebar Menu/Operasional/Stock/Tambah Barang/Pilih Kategori - SelectButton'

2018-03-01 11:48:46 - [TEST_STEP][PASSED] - scrollToText: Scrolling to text 'PENGATURAN KATEGORI' successfully

2018-03-01 11:48:55 - [MESSAGE][PASSED] - Scrolling to text 'PENGATURAN KATEGORI' successfully

2018-03-01 11:48:55 - [TEST_STEP][PASSED] - tap: Tapped on element 'Object Repository/Sidebar Menu/Operasional/Stock/Detail Barang/Pengaturan Kategori'

2018-03-01 11:48:56 - [MESSAGE][PASSED] - Tapped on element 'Object Repository/Sidebar Menu/Operasional/Stock/Detail Barang/Pengaturan Kategori'

2018-03-01 11:48:56 - [TEST_STEP][PASSED] - delay: Delayed 5 second(s)

2018-03-01 11:49:01 - [MESSAGE][PASSED] - Delayed 5 second(s)

2018-03-01 11:49:01 - [TEST_STEP][PASSED] - Statement - For (def index : (0..4)): Swiped from 381,139 to 450,139

2018-03-01 11:49:01 - [TEST_STEP][PASSED] - Statement - If (true): Swiped from 381,139 to 450,139

2018-03-01 11:49:01 - [TEST_STEP][PASSED] - swipe: Swiped from 381,139 to 450,139

2018-03-01 11:49:02 - [MESSAGE][PASSED] - Swiped from 381,139 to 450,139

2018-03-01 11:49:02 - [TEST_STEP][PASSED] - Statement - If (true): Swiped from 381,139 to 450,139

2018-03-01 11:49:02 - [TEST_STEP][PASSED] - swipe: Swiped from 381,139 to 450,139

2018-03-01 11:49:02 - [MESSAGE][PASSED] - Swiped from 381,139 to 450,139

2018-03-01 11:49:02 - [TEST_STEP][PASSED] - Statement - If (true): Swiped from 381,139 to 450,139

2018-03-01 11:49:02 - [TEST_STEP][PASSED] - swipe: Swiped from 381,139 to 450,139

2018-03-01 11:49:03 - [MESSAGE][PASSED] - Swiped from 381,139 to 450,139

2018-03-01 11:49:03 - [TEST_STEP][PASSED] - Statement - If (true): Swiped from 381,139 to 450,139

2018-03-01 11:49:03 - [TEST_STEP][PASSED] - swipe: Swiped from 381,139 to 450,139

2018-03-01 11:49:04 - [MESSAGE][PASSED] - Swiped from 381,139 to 450,139

2018-03-01 11:49:04 - [TEST_STEP][PASSED] - Statement - If (true): Swiped from 381,139 to 450,139

2018-03-01 11:49:04 - [TEST_STEP][PASSED] - swipe: Swiped from 381,139 to 450,139

2018-03-01 11:49:04 - [MESSAGE][PASSED] - Swiped from 381,139 to 450,139

2018-03-01 11:49:05 - [TEST_STEP][PASSED] - Statement - If (true): Swiped from 381,213 to 450,213

2018-03-01 11:49:05 - [TEST_STEP][PASSED] - swipe: Swiped from 381,213 to 450,213

2018-03-01 11:49:05 - [MESSAGE][PASSED] - Swiped from 381,213 to 450,213

2018-03-01 11:49:05 - [TEST_STEP][PASSED] - Statement - If (true): Swiped from 381,286 to 450,286

2018-03-01 11:49:05 - [TEST_STEP][PASSED] - swipe: Swiped from 381,286 to 450,286

2018-03-01 11:49:06 - [MESSAGE][PASSED] - Swiped from 381,286 to 450,286

2018-03-01 11:49:06 - [TEST_STEP][PASSED] - Statement - For (def index : (0..4)): Swiped from 381,727 to 450,727

2018-03-01 11:49:06 - [TEST_STEP][PASSED] - Statement - If (true): Swiped from 381,727 to 450,727

2018-03-01 11:49:06 - [TEST_STEP][PASSED] - swipe: Swiped from 381,727 to 450,727

2018-03-01 11:49:06 - [MESSAGE][PASSED] - Swiped from 381,727 to 450,727

2018-03-01 11:49:07 - [TEST_STEP][PASSED] - Statement - If (true): Swiped from 381,727 to 450,727

2018-03-01 11:49:07 - [TEST_STEP][PASSED] - swipe: Swiped from 381,727 to 450,727

2018-03-01 11:49:07 - [MESSAGE][PASSED] - Swiped from 381,727 to 450,727

2018-03-01 11:49:07 - [TEST_STEP][PASSED] - Statement - If (true): Swiped from 381,727 to 450,727

2018-03-01 11:49:07 - [TEST_STEP][PASSED] - swipe: Swiped from 381,727 to 450,727

2018-03-01 11:49:08 - [MESSAGE][PASSED] - Swiped from 381,727 to 450,727

2018-03-01 11:49:08 - [TEST_STEP][PASSED] - Statement - If (true): Swiped from 381,727 to 450,727

2018-03-01 11:49:08 - [TEST_STEP][PASSED] - swipe: Swiped from 381,727 to 450,727

2018-03-01 11:49:08 - [MESSAGE][PASSED] - Swiped from 381,727 to 450,727

2018-03-01 11:49:08 - [TEST_STEP][PASSED] - Statement - If (true): Swiped from 381,727 to 450,727

2018-03-01 11:49:08 - [TEST_STEP][PASSED] - swipe: Swiped from 381,727 to 450,727

2018-03-01 11:49:09 - [MESSAGE][PASSED] - Swiped from 381,727 to 450,727

2018-03-01 11:49:09 - [TEST_STEP][PASSED] - waitForElementPresent: Element 'Object Repository/Sidebar Menu/Operasional/Stock/Detail Barang/SIMPAN Button' is present

2018-03-01 11:49:10 - [MESSAGE][PASSED] - Element 'Object Repository/Sidebar Menu/Operasional/Stock/Detail Barang/SIMPAN Button' is present

2018-03-01 11:49:10 - [TEST_STEP][PASSED] - tap: Tapped on element 'Object Repository/Sidebar Menu/Operasional/Stock/Detail Barang/SIMPAN Button'

2018-03-01 11:49:11 - [MESSAGE][PASSED] - Tapped on element 'Object Repository/Sidebar Menu/Operasional/Stock/Detail Barang/SIMPAN Button'

2018-03-01 11:49:11 - [TEST_STEP][PASSED] - scrollToText: Scrolling to text 'TAMBAH KATEGORI' successfully

2018-03-01 11:49:35 - [MESSAGE][PASSED] - Scrolling to text 'TAMBAH KATEGORI' successfully

2018-03-01 11:49:35 - [TEST_STEP][PASSED] - waitForElementPresent: Element 'Object Repository/Sidebar Menu/Operasional/Stock/Detail Barang/TAMBAH KATEGORI' is present

2018-03-01 11:49:36 - [MESSAGE][PASSED] - Element 'Object Repository/Sidebar Menu/Operasional/Stock/Detail Barang/TAMBAH KATEGORI' is present

2018-03-01 11:49:36 - [TEST_STEP][PASSED] - tap: Tapped on element 'Object Repository/Sidebar Menu/Operasional/Stock/Detail Barang/TAMBAH KATEGORI'

2018-03-01 11:49:36 - [MESSAGE][PASSED] - Tapped on element 'Object Repository/Sidebar Menu/Operasional/Stock/Detail Barang/TAMBAH KATEGORI'

2018-03-01 11:49:36 - [TEST_STEP][PASSED] - tap: Tapped on element 'Object Repository/Sidebar Menu/Operasional/Stock/Detail Barang/TERAPKAN - Button'

2018-03-01 11:49:38 - [MESSAGE][PASSED] - Tapped on element 'Object Repository/Sidebar Menu/Operasional/Stock/Detail Barang/TERAPKAN - Button'

2018-03-01 11:49:38 - [TEST_STEP][PASSED] - tap: Tapped on element 'Object Repository/Sidebar Menu/Operasional/Stock/Detail Barang/Nama Kategori'

2018-03-01 11:49:38 - [MESSAGE][PASSED] - Tapped on element 'Object Repository/Sidebar Menu/Operasional/Stock/Detail Barang/Nama Kategori'

2018-03-01 11:49:38 - [TEST_STEP][PASSED] - setText: Text 'Kesehatan' has been set to element 'Object Repository/Sidebar Menu/Operasional/Stock/Detail Barang/Nama Kategori'

2018-03-01 11:49:48 - [MESSAGE][PASSED] - Text 'Kesehatan' has been set to element 'Object Repository/Sidebar Menu/Operasional/Stock/Detail Barang/Nama Kategori'

2018-03-01 11:49:48 - [TEST_STEP][PASSED] - tap: Tapped on element 'Object Repository/Sidebar Menu/Operasional/Stock/Detail Barang/TERAPKAN - Button'

2018-03-01 11:49:49 - [MESSAGE][PASSED] - Tapped on element 'Object Repository/Sidebar Menu/Operasional/Stock/Detail Barang/TERAPKAN - Button'

2018-03-01 11:49:49 - [TEST_STEP][FAILED] - tap: Failed to tap on element 'Object Repository/Sidebar Menu/Operasional/Stock/Detail Barang/SIMPAN Button' (Root cause: Object Object Repository/Sidebar Menu/Operasional/Stock/Detail Barang/SIMPAN Button not found)

2018-03-01 11:49:54 - [MESSAGE][FAILED] - Object Object Repository/Sidebar Menu/Operasional/Stock/Detail Barang/SIMPAN Button not found

2018-03-01 11:49:54 - [MESSAGE][FAILED] - Failed to tap on element 'Object Repository/Sidebar Menu/Operasional/Stock/Detail Barang/SIMPAN Button' (Root cause: Object Object Repository/Sidebar Menu/Operasional/Stock/Detail Barang/SIMPAN Button not found)]]></system-out>
         <system-err><![CDATA[2018-03-01 11:47:13 - [TEST_CASE][FAILED] - Test Cases/Sprint 2/46 - TC - All: Test Cases/Sprint 2/46 - TC - All FAILED because (of) Failed to tap on element 'Object Repository/Sidebar Menu/Operasional/Stock/Detail Barang/SIMPAN Button' (Root cause: Object Object Repository/Sidebar Menu/Operasional/Stock/Detail Barang/SIMPAN Button not found)]]></system-err>
      </testcase>
      <testcase name="Test Cases/Sprint 2/28 - TC-All" classname="Test Cases/Sprint 2/28 - TC-All" status="FAILED">
         <failure type="FAILED" message="Unable to start app at: 'C:\Users\AV2017005903\Documents\apollo-automation\DEV - 1 Maret v-2.apk' (Root cause: org.openqa.selenium.SessionNotCreatedException: A new session could not be created. Details: Problem getting session data for driver type AndroidDriver; does it implement 'get driverData'? (WARNING: The server did not provide any stacktrace information)
Command duration or timeout: 9 milliseconds
Build info: version: '2.53.0', revision: '35ae25b', time: '2016-03-15 17:00:58'
System info: host: 'NBMP18A211ITSQA', ip: '192.168.17.200', os.name: 'Windows 10', os.arch: 'amd64', os.version: '10.0', java.version: '1.8.0_102'
Driver info: com.kms.katalon.core.appium.driver.SwipeableAndroidDriver)"/>
         <system-out><![CDATA[2018-03-01 11:49:54 - [TEST_CASE][FAILED] - Test Cases/Sprint 2/28 - TC-All: Test Cases/Sprint 2/28 - TC-All FAILED because (of) Unable to start app at: 'C:\Users\AV2017005903\Documents\apollo-automation\DEV - 1 Maret v-2.apk' (Root cause: org.openqa.selenium.SessionNotCreatedException: A new session could not be created. Details: Problem getting session data for driver type AndroidDriver; does it implement 'get driverData'? (WARNING: The server did not provide any stacktrace information)
Command duration or timeout: 9 milliseconds
Build info: version: '2.53.0', revision: '35ae25b', time: '2016-03-15 17:00:58'
System info: host: 'NBMP18A211ITSQA', ip: '192.168.17.200', os.name: 'Windows 10', os.arch: 'amd64', os.version: '10.0', java.version: '1.8.0_102'
Driver info: com.kms.katalon.core.appium.driver.SwipeableAndroidDriver)

2018-03-01 11:49:55 - [TEST_STEP][PASSED] - comment: Start Story 28

2018-03-01 11:49:55 - [TEST_STEP][PASSED] - Statement - apkPath = com.kms.katalon.core.util.internal.PathUtil.relativeToAbsolutePath(apkName, com.kms.katalon.core.configuration.RunConfiguration.getProjectDir()): null

2018-03-01 11:49:55 - [TEST_STEP][FAILED] - startApplication: Unable to start app at: 'C:\Users\AV2017005903\Documents\apollo-automation\DEV - 1 Maret v-2.apk' (Root cause: org.openqa.selenium.SessionNotCreatedException: A new session could not be created. Details: Problem getting session data for driver type AndroidDriver; does it implement 'get driverData'? (WARNING: The server did not provide any stacktrace information)
Command duration or timeout: 9 milliseconds
Build info: version: '2.53.0', revision: '35ae25b', time: '2016-03-15 17:00:58'
System info: host: 'NBMP18A211ITSQA', ip: '192.168.17.200', os.name: 'Windows 10', os.arch: 'amd64', os.version: '10.0', java.version: '1.8.0_102'
Driver info: com.kms.katalon.core.appium.driver.SwipeableAndroidDriver)

2018-03-01 11:49:55 - [MESSAGE][FAILED] - Unable to start app at: 'C:\Users\AV2017005903\Documents\apollo-automation\DEV - 1 Maret v-2.apk' (Root cause: org.openqa.selenium.SessionNotCreatedException: A new session could not be created. Details: Problem getting session data for driver type AndroidDriver; does it implement 'get driverData'? (WARNING: The server did not provide any stacktrace information)
Command duration or timeout: 9 milliseconds
Build info: version: '2.53.0', revision: '35ae25b', time: '2016-03-15 17:00:58'
System info: host: 'NBMP18A211ITSQA', ip: '192.168.17.200', os.name: 'Windows 10', os.arch: 'amd64', os.version: '10.0', java.version: '1.8.0_102'
Driver info: com.kms.katalon.core.appium.driver.SwipeableAndroidDriver)]]></system-out>
         <system-err><![CDATA[2018-03-01 11:49:54 - [TEST_CASE][FAILED] - Test Cases/Sprint 2/28 - TC-All: Test Cases/Sprint 2/28 - TC-All FAILED because (of) Unable to start app at: 'C:\Users\AV2017005903\Documents\apollo-automation\DEV - 1 Maret v-2.apk' (Root cause: org.openqa.selenium.SessionNotCreatedException: A new session could not be created. Details: Problem getting session data for driver type AndroidDriver; does it implement 'get driverData'? (WARNING: The server did not provide any stacktrace information)
Command duration or timeout: 9 milliseconds
Build info: version: '2.53.0', revision: '35ae25b', time: '2016-03-15 17:00:58'
System info: host: 'NBMP18A211ITSQA', ip: '192.168.17.200', os.name: 'Windows 10', os.arch: 'amd64', os.version: '10.0', java.version: '1.8.0_102'
Driver info: com.kms.katalon.core.appium.driver.SwipeableAndroidDriver)]]></system-err>
      </testcase>
      <testcase name="Test Cases/Sprint 2/29 - TC - All" classname="Test Cases/Sprint 2/29 - TC - All" status="FAILED">
         <failure type="FAILED" message="Object Object Repository/Sidebar Menu/Operasional/Kasir/Kerajang dan Pembayaran/PlusTap - Elemen 2 not found"/>
         <system-out><![CDATA[2018-03-01 11:49:55 - [TEST_CASE][FAILED] - Test Cases/Sprint 2/29 - TC - All: Test Cases/Sprint 2/29 - TC - All FAILED because (of) Object Object Repository/Sidebar Menu/Operasional/Kasir/Kerajang dan Pembayaran/PlusTap - Elemen 2 not found

2018-03-01 11:49:55 - [TEST_STEP][PASSED] - comment: Start Story 29

2018-03-01 11:49:55 - [TEST_STEP][PASSED] - delay: Delayed 5 second(s)

2018-03-01 11:50:00 - [MESSAGE][PASSED] - Delayed 5 second(s)

2018-03-01 11:50:00 - [TEST_STEP][FAILED] - Statement - For (def index : (0..5)): Object Object Repository/Sidebar Menu/Operasional/Kasir/Kerajang dan Pembayaran/PlusTap - Elemen 2 not found

2018-03-01 11:50:00 - [TEST_STEP][FAILED] - tap: Object Object Repository/Sidebar Menu/Operasional/Kasir/Kerajang dan Pembayaran/PlusTap - Elemen 2 not found

2018-03-01 11:50:05 - [MESSAGE][FAILED] - Object Object Repository/Sidebar Menu/Operasional/Kasir/Kerajang dan Pembayaran/PlusTap - Elemen 2 not found

2018-03-01 11:50:05 - [TEST_STEP][FAILED] - tap: Object Object Repository/Sidebar Menu/Operasional/Kasir/Kerajang dan Pembayaran/PlusTap - Elemen 2 not found

2018-03-01 11:50:11 - [MESSAGE][FAILED] - Object Object Repository/Sidebar Menu/Operasional/Kasir/Kerajang dan Pembayaran/PlusTap - Elemen 2 not found

2018-03-01 11:50:11 - [TEST_STEP][FAILED] - tap: Object Object Repository/Sidebar Menu/Operasional/Kasir/Kerajang dan Pembayaran/PlusTap - Elemen 2 not found

2018-03-01 11:50:16 - [MESSAGE][FAILED] - Object Object Repository/Sidebar Menu/Operasional/Kasir/Kerajang dan Pembayaran/PlusTap - Elemen 2 not found

2018-03-01 11:50:16 - [TEST_STEP][FAILED] - tap: Object Object Repository/Sidebar Menu/Operasional/Kasir/Kerajang dan Pembayaran/PlusTap - Elemen 2 not found

2018-03-01 11:50:21 - [MESSAGE][FAILED] - Object Object Repository/Sidebar Menu/Operasional/Kasir/Kerajang dan Pembayaran/PlusTap - Elemen 2 not found

2018-03-01 11:50:21 - [TEST_STEP][FAILED] - tap: Object Object Repository/Sidebar Menu/Operasional/Kasir/Kerajang dan Pembayaran/PlusTap - Elemen 2 not found

2018-03-01 11:50:26 - [MESSAGE][FAILED] - Object Object Repository/Sidebar Menu/Operasional/Kasir/Kerajang dan Pembayaran/PlusTap - Elemen 2 not found

2018-03-01 11:50:26 - [TEST_STEP][FAILED] - tap: Object Object Repository/Sidebar Menu/Operasional/Kasir/Kerajang dan Pembayaran/PlusTap - Elemen 2 not found

2018-03-01 11:50:31 - [MESSAGE][FAILED] - Object Object Repository/Sidebar Menu/Operasional/Kasir/Kerajang dan Pembayaran/PlusTap - Elemen 2 not found

2018-03-01 11:50:31 - [TEST_STEP][FAILED] - Statement - For (def index : (0..3)): Object Object Repository/Sidebar Menu/Operasional/Kasir/Kerajang dan Pembayaran/MinusTap - Elemen 1 not found

2018-03-01 11:50:31 - [TEST_STEP][FAILED] - tap: Object Object Repository/Sidebar Menu/Operasional/Kasir/Kerajang dan Pembayaran/MinusTap - Elemen 1 not found

2018-03-01 11:50:36 - [MESSAGE][FAILED] - Object Object Repository/Sidebar Menu/Operasional/Kasir/Kerajang dan Pembayaran/MinusTap - Elemen 1 not found

2018-03-01 11:50:36 - [TEST_STEP][FAILED] - tap: Object Object Repository/Sidebar Menu/Operasional/Kasir/Kerajang dan Pembayaran/MinusTap - Elemen 1 not found

2018-03-01 11:50:41 - [MESSAGE][FAILED] - Object Object Repository/Sidebar Menu/Operasional/Kasir/Kerajang dan Pembayaran/MinusTap - Elemen 1 not found

2018-03-01 11:50:41 - [TEST_STEP][FAILED] - tap: Object Object Repository/Sidebar Menu/Operasional/Kasir/Kerajang dan Pembayaran/MinusTap - Elemen 1 not found

2018-03-01 11:50:47 - [MESSAGE][FAILED] - Object Object Repository/Sidebar Menu/Operasional/Kasir/Kerajang dan Pembayaran/MinusTap - Elemen 1 not found

2018-03-01 11:50:47 - [TEST_STEP][FAILED] - tap: Object Object Repository/Sidebar Menu/Operasional/Kasir/Kerajang dan Pembayaran/MinusTap - Elemen 1 not found

2018-03-01 11:50:52 - [MESSAGE][FAILED] - Object Object Repository/Sidebar Menu/Operasional/Kasir/Kerajang dan Pembayaran/MinusTap - Elemen 1 not found

2018-03-01 11:50:52 - [TEST_STEP][FAILED] - tap: Failed to tap on element 'Object Repository/Sidebar Menu/Operasional/Kasir/Kerajang dan Pembayaran/MinusTap - Elemen 1' (Root cause: Object Object Repository/Sidebar Menu/Operasional/Kasir/Kerajang dan Pembayaran/MinusTap - Elemen 1 not found)

2018-03-01 11:50:52 - [MESSAGE][WARNING] - Timeout '0' is invalid. Using default page load timeout: '30'

2018-03-01 11:51:22 - [MESSAGE][FAILED] - Object Object Repository/Sidebar Menu/Operasional/Kasir/Kerajang dan Pembayaran/MinusTap - Elemen 1 not found

2018-03-01 11:51:22 - [MESSAGE][FAILED] - Failed to tap on element 'Object Repository/Sidebar Menu/Operasional/Kasir/Kerajang dan Pembayaran/MinusTap - Elemen 1' (Root cause: Object Object Repository/Sidebar Menu/Operasional/Kasir/Kerajang dan Pembayaran/MinusTap - Elemen 1 not found)]]></system-out>
         <system-err><![CDATA[2018-03-01 11:49:55 - [TEST_CASE][FAILED] - Test Cases/Sprint 2/29 - TC - All: Test Cases/Sprint 2/29 - TC - All FAILED because (of) Object Object Repository/Sidebar Menu/Operasional/Kasir/Kerajang dan Pembayaran/PlusTap - Elemen 2 not found]]></system-err>
      </testcase>
      <testcase name="Test Cases/Sprint 2/47 - TC- All" classname="Test Cases/Sprint 2/47 - TC- All" status="FAILED">
         <failure type="FAILED" message="Failed to tap on element 'Object Repository/Sidebar Menu/Operasional/Kasir/Kerajang dan Pembayaran/Tunai' (Root cause: Object Object Repository/Sidebar Menu/Operasional/Kasir/Kerajang dan Pembayaran/Tunai not found)"/>
         <system-out><![CDATA[2018-03-01 11:51:22 - [TEST_CASE][FAILED] - Test Cases/Sprint 2/47 - TC- All: Test Cases/Sprint 2/47 - TC- All FAILED because (of) Failed to tap on element 'Object Repository/Sidebar Menu/Operasional/Kasir/Kerajang dan Pembayaran/Tunai' (Root cause: Object Object Repository/Sidebar Menu/Operasional/Kasir/Kerajang dan Pembayaran/Tunai not found)

2018-03-01 11:51:22 - [TEST_STEP][PASSED] - comment: Start Story 47

2018-03-01 11:51:22 - [TEST_STEP][FAILED] - tap: Failed to tap on element 'Object Repository/Sidebar Menu/Operasional/Kasir/Kerajang dan Pembayaran/Tunai' (Root cause: Object Object Repository/Sidebar Menu/Operasional/Kasir/Kerajang dan Pembayaran/Tunai not found)

2018-03-01 11:51:28 - [MESSAGE][FAILED] - Object Object Repository/Sidebar Menu/Operasional/Kasir/Kerajang dan Pembayaran/Tunai not found

2018-03-01 11:51:28 - [MESSAGE][FAILED] - Failed to tap on element 'Object Repository/Sidebar Menu/Operasional/Kasir/Kerajang dan Pembayaran/Tunai' (Root cause: Object Object Repository/Sidebar Menu/Operasional/Kasir/Kerajang dan Pembayaran/Tunai not found)]]></system-out>
         <system-err><![CDATA[2018-03-01 11:51:22 - [TEST_CASE][FAILED] - Test Cases/Sprint 2/47 - TC- All: Test Cases/Sprint 2/47 - TC- All FAILED because (of) Failed to tap on element 'Object Repository/Sidebar Menu/Operasional/Kasir/Kerajang dan Pembayaran/Tunai' (Root cause: Object Object Repository/Sidebar Menu/Operasional/Kasir/Kerajang dan Pembayaran/Tunai not found)]]></system-err>
      </testcase>
      <testcase name="Test Cases/Sprint 2/30 - TC - All" classname="Test Cases/Sprint 2/30 - TC - All" status="FAILED">
         <failure type="FAILED" message="Failed to tap on element 'Object Repository/Sidebar Menu/Operasional/Kasir/Kerajang dan Pembayaran/LANJUT (1)' (Root cause: Object Object Repository/Sidebar Menu/Operasional/Kasir/Kerajang dan Pembayaran/LANJUT (1) not found)"/>
         <system-out><![CDATA[2018-03-01 11:51:28 - [TEST_CASE][FAILED] - Test Cases/Sprint 2/30 - TC - All: Test Cases/Sprint 2/30 - TC - All FAILED because (of) Failed to tap on element 'Object Repository/Sidebar Menu/Operasional/Kasir/Kerajang dan Pembayaran/LANJUT (1)' (Root cause: Object Object Repository/Sidebar Menu/Operasional/Kasir/Kerajang dan Pembayaran/LANJUT (1) not found)

2018-03-01 11:51:28 - [TEST_STEP][PASSED] - comment: Start Story 30

2018-03-01 11:51:28 - [TEST_STEP][PASSED] - waitForElementPresent: Object Object Repository/Sidebar Menu/Operasional/Kasir/Kerajang dan Pembayaran/LANJUT (1) not found

2018-03-01 11:51:33 - [MESSAGE][WARNING] - Object Object Repository/Sidebar Menu/Operasional/Kasir/Kerajang dan Pembayaran/LANJUT (1) not found

2018-03-01 11:51:34 - [TEST_STEP][FAILED] - tap: Failed to tap on element 'Object Repository/Sidebar Menu/Operasional/Kasir/Kerajang dan Pembayaran/LANJUT (1)' (Root cause: Object Object Repository/Sidebar Menu/Operasional/Kasir/Kerajang dan Pembayaran/LANJUT (1) not found)

2018-03-01 11:51:39 - [MESSAGE][FAILED] - Object Object Repository/Sidebar Menu/Operasional/Kasir/Kerajang dan Pembayaran/LANJUT (1) not found

2018-03-01 11:51:39 - [MESSAGE][FAILED] - Failed to tap on element 'Object Repository/Sidebar Menu/Operasional/Kasir/Kerajang dan Pembayaran/LANJUT (1)' (Root cause: Object Object Repository/Sidebar Menu/Operasional/Kasir/Kerajang dan Pembayaran/LANJUT (1) not found)]]></system-out>
         <system-err><![CDATA[2018-03-01 11:51:28 - [TEST_CASE][FAILED] - Test Cases/Sprint 2/30 - TC - All: Test Cases/Sprint 2/30 - TC - All FAILED because (of) Failed to tap on element 'Object Repository/Sidebar Menu/Operasional/Kasir/Kerajang dan Pembayaran/LANJUT (1)' (Root cause: Object Object Repository/Sidebar Menu/Operasional/Kasir/Kerajang dan Pembayaran/LANJUT (1) not found)]]></system-err>
      </testcase>
      <system-out><![CDATA[2018-03-01 11:32:06 - [TEST_SUITE][FAILED] - Sprint 2: Test Cases/Sprint 2/46 - TC - All FAILED because (of) Failed to tap on element 'Object Repository/Sidebar Menu/Operasional/Stock/Detail Barang/SIMPAN Button' (Root cause: Object Object Repository/Sidebar Menu/Operasional/Stock/Detail Barang/SIMPAN Button not found)]]></system-out>
      <system-err><![CDATA[2018-03-01 11:32:06 - [TEST_SUITE][FAILED] - Sprint 2: Test Cases/Sprint 2/46 - TC - All FAILED because (of) Failed to tap on element 'Object Repository/Sidebar Menu/Operasional/Stock/Detail Barang/SIMPAN Button' (Root cause: Object Object Repository/Sidebar Menu/Operasional/Stock/Detail Barang/SIMPAN Button not found)]]></system-err>
   </testsuite>
</testsuites>
