<?xml version="1.0" encoding="UTF-8"?>
<testsuites name="Story 2026 - Display Comming Soon screen Printer" time="1117" tests="4" failures="0" errors="0">
   <testsuite name="Story 2026 - Display Comming Soon screen Printer" tests="4" failures="0" errors="0" time="1117" timestamp="2018-09-14 16:17:42" hostname="AV2017005903 - NBMP18A211ITSQA.corp.bankbtpn.co.id" id="Test Suites/Story 2026 - Display Comming Soon screen Printer">
      <properties>
         <property name="deviceName" value="OPPO A37f (Android 5.1.1)"/>
         <property name="devicePlatform" value=""/>
         <property name="logFolder" value="C:\\Users\\AV2017005903\\Documents\\apollo-automation\\Reports\\Story 2026 - Display Comming Soon screen Printer\\20180914_161738"/>
         <property name="logFiles" value="C:\\Users\\AV2017005903\\Documents\\apollo-automation\\Reports\\Story 2026 - Display Comming Soon screen Printer\\20180914_161738\\appium.log, C:\\Users\\AV2017005903\\Documents\\apollo-automation\\Reports\\Story 2026 - Display Comming Soon screen Printer\\20180914_161738\\execution0.log"/>
         <property name="attachments" value=""/>
         <property name="hostName" value="AV2017005903 - NBMP18A211ITSQA.corp.bankbtpn.co.id"/>
         <property name="os" value="Windows 10 64bit"/>
         <property name="katalonVersion" value="5.6.0.1"/>
         <property name="deviceOS" value="Android"/>
         <property name="appiumVersion" value="1.8.1"/>
         <property name="deviceModel" value="A37f"/>
         <property name="hostAddress" value="192.168.62.1"/>
         <property name="deviceManufacturer" value="OPPO"/>
         <property name="deviceId" value="6e4df14"/>
         <property name="deviceName" value="OPPO A37f (Android 5.1.1)"/>
         <property name="deviceOSVersion" value="5.1.1"/>
      </properties>
      <testcase name="Test Cases/Release 3 - Squad Hades/Sprint 2/Story 2026 - Display Comming Soon screen Printer/TC 1 - View Store screen" classname="Test Cases/Release 3 - Squad Hades/Sprint 2/Story 2026 - Display Comming Soon screen Printer/TC 1 - View Store screen" status="PASSED">
         <system-out><![CDATA[2018-09-14 16:17:43 - [TEST_CASE][PASSED] - Test Cases/Release 3 - Squad Hades/Sprint 2/Story 2026 - Display Comming Soon screen Printer/TC 1 - View Store screen: Test Cases/Release 3 - Squad Hades/Sprint 2/Story 2026 - Display Comming Soon screen Printer/TC 1 - View Store screen

2018-09-14 16:17:43 - [TEST_STEP][PASSED] - comment: WELCOME SCREEN

2018-09-14 16:17:44 - [TEST_STEP][PASSED] - Statement - apkPath = apkName: null

2018-09-14 16:17:44 - [TEST_STEP][PASSED] - startApplication: Started app at: 'C:\Users\AV2017005903\Documents\apollo-automation\12 September.apk'

2018-09-14 16:18:24 - [MESSAGE][PASSED] - Started app at: 'C:\Users\AV2017005903\Documents\apollo-automation\12 September.apk'

2018-09-14 16:18:24 - [TEST_STEP][PASSED] - delay: Delayed 15 second(s)

2018-09-14 16:18:39 - [MESSAGE][PASSED] - Delayed 15 second(s)

2018-09-14 16:18:39 - [TEST_STEP][PASSED] - Comment - "If there is a Update TopuUp, click No, Else you can delay for waiting lazyload ": null

2018-09-14 16:18:39 - [TEST_STEP][PASSED] - Statement - driver = com.kms.katalon.core.mobile.keyword.internal.MobileDriverFactory.getDriver(): null

2018-09-14 16:18:39 - [TEST_STEP][PASSED] - Statement - action = new io.appium.java_client.TouchAction(driver): null

2018-09-14 16:18:39 - [TEST_STEP][PASSED] - Statement - action.longPress(550, 300).moveTo(100, 300).release().perform(): null

2018-09-14 16:18:41 - [TEST_STEP][PASSED] - delay: Delayed 8 second(s)

2018-09-14 16:18:49 - [MESSAGE][PASSED] - Delayed 8 second(s)

2018-09-14 16:18:49 - [TEST_STEP][PASSED] - Statement - action.longPress(550, 300).moveTo(100, 300).release().perform(): null

2018-09-14 16:18:52 - [TEST_STEP][PASSED] - delay: Delayed 8 second(s)

2018-09-14 16:19:00 - [MESSAGE][PASSED] - Delayed 8 second(s)

2018-09-14 16:19:00 - [TEST_STEP][PASSED] - Statement - action.longPress(550, 300).moveTo(100, 300).release().perform(): null

2018-09-14 16:19:02 - [TEST_STEP][PASSED] - delay: Delayed 8 second(s)

2018-09-14 16:19:10 - [MESSAGE][PASSED] - Delayed 8 second(s)

2018-09-14 16:19:10 - [TEST_STEP][PASSED] - Statement - action.longPress(550, 300).moveTo(100, 300).release().perform(): null

2018-09-14 16:19:13 - [TEST_STEP][PASSED] - delay: Delayed 8 second(s)

2018-09-14 16:19:21 - [MESSAGE][PASSED] - Delayed 8 second(s)

2018-09-14 16:19:21 - [TEST_STEP][PASSED] - waitForElementPresent: Element 'Object Repository/Splash Screen/Mulai - Button' is present

2018-09-14 16:19:21 - [MESSAGE][WARNING] - Timeout '0' is invalid. Using default page load timeout: '30'

2018-09-14 16:19:29 - [MESSAGE][PASSED] - Element 'Object Repository/Splash Screen/Mulai - Button' is present

2018-09-14 16:19:29 - [TEST_STEP][PASSED] - tap: Tapped on element 'Object Repository/Splash Screen/Mulai - Button'

2018-09-14 16:19:29 - [MESSAGE][WARNING] - Timeout '0' is invalid. Using default page load timeout: '30'

2018-09-14 16:19:36 - [MESSAGE][PASSED] - Tapped on element 'Object Repository/Splash Screen/Mulai - Button'

2018-09-14 16:19:36 - [TEST_STEP][PASSED] - comment: end Welcome Screen

2018-09-14 16:19:36 - [TEST_STEP][PASSED] - comment: LOGIN

2018-09-14 16:19:36 - [TEST_STEP][PASSED] - waitForElementPresent: Element 'Object Repository/Login/Nomor HP  Nama Pengguna - Text Box' is present

2018-09-14 16:19:40 - [MESSAGE][PASSED] - Element 'Object Repository/Login/Nomor HP  Nama Pengguna - Text Box' is present

2018-09-14 16:19:40 - [TEST_STEP][PASSED] - verifyElementAttributeValue: Object 'Object Repository/Login/Nomor HP  Nama Pengguna - Text Box' has attribute 'content-desc' with value 'LoginNameTextInput'

2018-09-14 16:19:44 - [MESSAGE][PASSED] - Object 'Object Repository/Login/Nomor HP  Nama Pengguna - Text Box' has attribute 'content-desc' with value 'LoginNameTextInput'

2018-09-14 16:19:44 - [TEST_STEP][PASSED] - setText: Text '08112233445567' has been set to element 'Object Repository/Login/Nomor HP  Nama Pengguna - Text Box'

2018-09-14 16:20:07 - [MESSAGE][PASSED] - Text '08112233445567' has been set to element 'Object Repository/Login/Nomor HP  Nama Pengguna - Text Box'

2018-09-14 16:20:07 - [TEST_STEP][PASSED] - hideKeyboard: Keyboard is hidden

2018-09-14 16:20:09 - [MESSAGE][PASSED] - Keyboard is hidden

2018-09-14 16:20:09 - [TEST_STEP][PASSED] - verifyElementText: Actual text and expected text of test object 'Object Repository/Login/Nomor HP  Nama Pengguna - Text Box' are matched.

2018-09-14 16:20:13 - [MESSAGE][PASSED] - Actual text and expected text of test object 'Object Repository/Login/Nomor HP  Nama Pengguna - Text Box' are matched.

2018-09-14 16:20:13 - [TEST_STEP][PASSED] - waitForElementPresent: Element 'Object Repository/Login/Button Masuk' is present

2018-09-14 16:20:21 - [MESSAGE][PASSED] - Element 'Object Repository/Login/Button Masuk' is present

2018-09-14 16:20:21 - [TEST_STEP][PASSED] - verifyElementAttributeValue: Object 'Object Repository/Login/Button Masuk' has attribute 'content-desc' with value 'LoginJumpNextBtn'

2018-09-14 16:20:25 - [MESSAGE][PASSED] - Object 'Object Repository/Login/Button Masuk' has attribute 'content-desc' with value 'LoginJumpNextBtn'

2018-09-14 16:20:25 - [TEST_STEP][PASSED] - tap: Tapped on element 'Object Repository/Login/Button Masuk'

2018-09-14 16:20:30 - [MESSAGE][PASSED] - Tapped on element 'Object Repository/Login/Button Masuk'

2018-09-14 16:20:30 - [TEST_STEP][PASSED] - waitForElementPresent: Element 'Object Repository/Login/Input Pin' is present

2018-09-14 16:20:34 - [MESSAGE][PASSED] - Element 'Object Repository/Login/Input Pin' is present

2018-09-14 16:20:34 - [TEST_STEP][PASSED] - verifyElementAttributeValue: Object 'Object Repository/Login/Input Pin' has attribute 'content-desc' with value 'pinCircleFocus'

2018-09-14 16:20:38 - [MESSAGE][PASSED] - Object 'Object Repository/Login/Input Pin' has attribute 'content-desc' with value 'pinCircleFocus'

2018-09-14 16:20:38 - [TEST_STEP][PASSED] - tap: Tapped on element 'Object Repository/Login/Input Pin'

2018-09-14 16:20:46 - [MESSAGE][PASSED] - Tapped on element 'Object Repository/Login/Input Pin'

2018-09-14 16:20:46 - [TEST_STEP][PASSED] - setText: Text '123456' has been set to element 'Object Repository/Login/Input Pin'

2018-09-14 16:21:05 - [MESSAGE][PASSED] - Text '123456' has been set to element 'Object Repository/Login/Input Pin'

2018-09-14 16:21:05 - [TEST_STEP][PASSED] - delay: Delayed 5 second(s)

2018-09-14 16:21:10 - [MESSAGE][PASSED] - Delayed 5 second(s)

2018-09-14 16:21:10 - [TEST_STEP][PASSED] - comment: End Login Test Case

2018-09-14 16:21:10 - [TEST_STEP][PASSED] - waitForElementPresent: Element 'Object Repository/Sidebar Menu/Biaya/HamburgerButton' is present

2018-09-14 16:21:18 - [MESSAGE][PASSED] - Element 'Object Repository/Sidebar Menu/Biaya/HamburgerButton' is present

2018-09-14 16:21:18 - [TEST_STEP][PASSED] - comment: MESIN KASIR

2018-09-14 16:21:18 - [TEST_STEP][PASSED] - verifyElementAttributeValue: Object 'Object Repository/Sidebar Menu/Biaya/HamburgerButton' has attribute 'content-desc' with value 'headerBar_button_hamburgerMenu'

2018-09-14 16:21:22 - [MESSAGE][PASSED] - Object 'Object Repository/Sidebar Menu/Biaya/HamburgerButton' has attribute 'content-desc' with value 'headerBar_button_hamburgerMenu'

2018-09-14 16:21:22 - [TEST_STEP][PASSED] - tap: Tapped on element 'Object Repository/Sidebar Menu/Biaya/HamburgerButton'

2018-09-14 16:21:27 - [MESSAGE][PASSED] - Tapped on element 'Object Repository/Sidebar Menu/Biaya/HamburgerButton'

2018-09-14 16:21:27 - [TEST_STEP][PASSED] - verifyElementAttributeValue: Object 'Object Repository/Sidebar Menu/Pengaturan Toko/Pengaturan Toko' has attribute 'content-desc' with value 'aturTokoMenuItem'

2018-09-14 16:21:34 - [MESSAGE][PASSED] - Object 'Object Repository/Sidebar Menu/Pengaturan Toko/Pengaturan Toko' has attribute 'content-desc' with value 'aturTokoMenuItem'

2018-09-14 16:21:34 - [TEST_STEP][PASSED] - tap: Tapped on element 'Object Repository/Sidebar Menu/Pengaturan Toko/Pengaturan Toko'

2018-09-14 16:21:40 - [MESSAGE][PASSED] - Tapped on element 'Object Repository/Sidebar Menu/Pengaturan Toko/Pengaturan Toko'

2018-09-14 16:21:40 - [TEST_STEP][PASSED] - verifyElementVisible: Element 'Object Repository/Sidebar Menu/Pengaturan Toko/EDC Menu/EDC' is visible

2018-09-14 16:21:45 - [MESSAGE][PASSED] - Element 'Object Repository/Sidebar Menu/Pengaturan Toko/EDC Menu/EDC' is visible

2018-09-14 16:21:45 - [TEST_STEP][PASSED] - verifyElementAttributeValue: Object 'Object Repository/Sidebar Menu/Pengaturan Toko/EDC Menu/EDC' has attribute 'content-desc' with value 'tokoListScreen_button_edc'

2018-09-14 16:21:50 - [MESSAGE][PASSED] - Object 'Object Repository/Sidebar Menu/Pengaturan Toko/EDC Menu/EDC' has attribute 'content-desc' with value 'tokoListScreen_button_edc'

2018-09-14 16:21:50 - [TEST_STEP][PASSED] - verifyElementVisible: Element 'Object Repository/Sidebar Menu/Pengaturan Toko/Printer Menu/Printer' is visible

2018-09-14 16:21:58 - [MESSAGE][PASSED] - Element 'Object Repository/Sidebar Menu/Pengaturan Toko/Printer Menu/Printer' is visible

2018-09-14 16:21:58 - [TEST_STEP][PASSED] - verifyElementAttributeValue: Object 'Object Repository/Sidebar Menu/Pengaturan Toko/Printer Menu/Printer' has attribute 'content-desc' with value 'tokoListScreen_button_printer'

2018-09-14 16:22:03 - [MESSAGE][PASSED] - Object 'Object Repository/Sidebar Menu/Pengaturan Toko/Printer Menu/Printer' has attribute 'content-desc' with value 'tokoListScreen_button_printer'

2018-09-14 16:22:03 - [TEST_STEP][PASSED] - closeApplication: Close app successfully

2018-09-14 16:22:12 - [MESSAGE][PASSED] - Close app successfully]]></system-out>
         <system-err><![CDATA[]]></system-err>
      </testcase>
      <testcase name="Test Cases/Release 3 - Squad Hades/Sprint 2/Story 2026 - Display Comming Soon screen Printer/TC 2 - Click Printer chevron button" classname="Test Cases/Release 3 - Squad Hades/Sprint 2/Story 2026 - Display Comming Soon screen Printer/TC 2 - Click Printer chevron button" status="PASSED">
         <system-out><![CDATA[2018-09-14 16:22:14 - [TEST_CASE][PASSED] - Test Cases/Release 3 - Squad Hades/Sprint 2/Story 2026 - Display Comming Soon screen Printer/TC 2 - Click Printer chevron button: Test Cases/Release 3 - Squad Hades/Sprint 2/Story 2026 - Display Comming Soon screen Printer/TC 2 - Click Printer chevron button

2018-09-14 16:22:15 - [TEST_STEP][PASSED] - comment: WELCOME SCREEN

2018-09-14 16:22:15 - [TEST_STEP][PASSED] - Statement - apkPath = apkName: null

2018-09-14 16:22:15 - [TEST_STEP][PASSED] - startApplication: Started app at: 'C:\Users\AV2017005903\Documents\apollo-automation\12 September.apk'

2018-09-14 16:22:53 - [MESSAGE][PASSED] - Started app at: 'C:\Users\AV2017005903\Documents\apollo-automation\12 September.apk'

2018-09-14 16:22:53 - [TEST_STEP][PASSED] - delay: Delayed 15 second(s)

2018-09-14 16:23:08 - [MESSAGE][PASSED] - Delayed 15 second(s)

2018-09-14 16:23:08 - [TEST_STEP][PASSED] - Comment - "If there is a Update TopuUp, click No, Else you can delay for waiting lazyload ": null

2018-09-14 16:23:08 - [TEST_STEP][PASSED] - Statement - driver = com.kms.katalon.core.mobile.keyword.internal.MobileDriverFactory.getDriver(): null

2018-09-14 16:23:08 - [TEST_STEP][PASSED] - Statement - action = new io.appium.java_client.TouchAction(driver): null

2018-09-14 16:23:08 - [TEST_STEP][PASSED] - Statement - action.longPress(550, 300).moveTo(100, 300).release().perform(): null

2018-09-14 16:23:11 - [TEST_STEP][PASSED] - delay: Delayed 8 second(s)

2018-09-14 16:23:19 - [MESSAGE][PASSED] - Delayed 8 second(s)

2018-09-14 16:23:19 - [TEST_STEP][PASSED] - Statement - action.longPress(550, 300).moveTo(100, 300).release().perform(): null

2018-09-14 16:23:21 - [TEST_STEP][PASSED] - delay: Delayed 8 second(s)

2018-09-14 16:23:29 - [MESSAGE][PASSED] - Delayed 8 second(s)

2018-09-14 16:23:29 - [TEST_STEP][PASSED] - Statement - action.longPress(550, 300).moveTo(100, 300).release().perform(): null

2018-09-14 16:23:32 - [TEST_STEP][PASSED] - delay: Delayed 8 second(s)

2018-09-14 16:23:40 - [MESSAGE][PASSED] - Delayed 8 second(s)

2018-09-14 16:23:40 - [TEST_STEP][PASSED] - Statement - action.longPress(550, 300).moveTo(100, 300).release().perform(): null

2018-09-14 16:23:43 - [TEST_STEP][PASSED] - delay: Delayed 8 second(s)

2018-09-14 16:23:51 - [MESSAGE][PASSED] - Delayed 8 second(s)

2018-09-14 16:23:51 - [TEST_STEP][PASSED] - waitForElementPresent: Element 'Object Repository/Splash Screen/Mulai - Button' is present

2018-09-14 16:23:51 - [MESSAGE][WARNING] - Timeout '0' is invalid. Using default page load timeout: '30'

2018-09-14 16:23:53 - [MESSAGE][PASSED] - Element 'Object Repository/Splash Screen/Mulai - Button' is present

2018-09-14 16:23:53 - [TEST_STEP][PASSED] - tap: Tapped on element 'Object Repository/Splash Screen/Mulai - Button'

2018-09-14 16:23:53 - [MESSAGE][WARNING] - Timeout '0' is invalid. Using default page load timeout: '30'

2018-09-14 16:23:59 - [MESSAGE][PASSED] - Tapped on element 'Object Repository/Splash Screen/Mulai - Button'

2018-09-14 16:23:59 - [TEST_STEP][PASSED] - comment: end Welcome Screen

2018-09-14 16:23:59 - [TEST_STEP][PASSED] - comment: LOGIN

2018-09-14 16:23:59 - [TEST_STEP][PASSED] - waitForElementPresent: Element 'Object Repository/Login/Nomor HP  Nama Pengguna - Text Box' is present

2018-09-14 16:24:03 - [MESSAGE][PASSED] - Element 'Object Repository/Login/Nomor HP  Nama Pengguna - Text Box' is present

2018-09-14 16:24:03 - [TEST_STEP][PASSED] - verifyElementAttributeValue: Object 'Object Repository/Login/Nomor HP  Nama Pengguna - Text Box' has attribute 'content-desc' with value 'LoginNameTextInput'

2018-09-14 16:24:07 - [MESSAGE][PASSED] - Object 'Object Repository/Login/Nomor HP  Nama Pengguna - Text Box' has attribute 'content-desc' with value 'LoginNameTextInput'

2018-09-14 16:24:07 - [TEST_STEP][PASSED] - setText: Text '08112233445567' has been set to element 'Object Repository/Login/Nomor HP  Nama Pengguna - Text Box'

2018-09-14 16:24:25 - [MESSAGE][PASSED] - Text '08112233445567' has been set to element 'Object Repository/Login/Nomor HP  Nama Pengguna - Text Box'

2018-09-14 16:24:25 - [TEST_STEP][PASSED] - hideKeyboard: Keyboard is hidden

2018-09-14 16:24:27 - [MESSAGE][PASSED] - Keyboard is hidden

2018-09-14 16:24:27 - [TEST_STEP][PASSED] - verifyElementText: Actual text and expected text of test object 'Object Repository/Login/Nomor HP  Nama Pengguna - Text Box' are matched.

2018-09-14 16:24:31 - [MESSAGE][PASSED] - Actual text and expected text of test object 'Object Repository/Login/Nomor HP  Nama Pengguna - Text Box' are matched.

2018-09-14 16:24:31 - [TEST_STEP][PASSED] - waitForElementPresent: Element 'Object Repository/Login/Button Masuk' is present

2018-09-14 16:24:33 - [MESSAGE][PASSED] - Element 'Object Repository/Login/Button Masuk' is present

2018-09-14 16:24:33 - [TEST_STEP][PASSED] - verifyElementAttributeValue: Object 'Object Repository/Login/Button Masuk' has attribute 'content-desc' with value 'LoginJumpNextBtn'

2018-09-14 16:24:37 - [MESSAGE][PASSED] - Object 'Object Repository/Login/Button Masuk' has attribute 'content-desc' with value 'LoginJumpNextBtn'

2018-09-14 16:24:37 - [TEST_STEP][PASSED] - tap: Tapped on element 'Object Repository/Login/Button Masuk'

2018-09-14 16:24:43 - [MESSAGE][PASSED] - Tapped on element 'Object Repository/Login/Button Masuk'

2018-09-14 16:24:43 - [TEST_STEP][PASSED] - waitForElementPresent: Element 'Object Repository/Login/Input Pin' is present

2018-09-14 16:24:48 - [MESSAGE][PASSED] - Element 'Object Repository/Login/Input Pin' is present

2018-09-14 16:24:48 - [TEST_STEP][PASSED] - verifyElementAttributeValue: Object 'Object Repository/Login/Input Pin' has attribute 'content-desc' with value 'pinCircleFocus'

2018-09-14 16:24:52 - [MESSAGE][PASSED] - Object 'Object Repository/Login/Input Pin' has attribute 'content-desc' with value 'pinCircleFocus'

2018-09-14 16:24:52 - [TEST_STEP][PASSED] - tap: Tapped on element 'Object Repository/Login/Input Pin'

2018-09-14 16:25:02 - [MESSAGE][PASSED] - Tapped on element 'Object Repository/Login/Input Pin'

2018-09-14 16:25:02 - [TEST_STEP][PASSED] - setText: Text '123456' has been set to element 'Object Repository/Login/Input Pin'

2018-09-14 16:25:19 - [MESSAGE][PASSED] - Text '123456' has been set to element 'Object Repository/Login/Input Pin'

2018-09-14 16:25:19 - [TEST_STEP][PASSED] - delay: Delayed 5 second(s)

2018-09-14 16:25:24 - [MESSAGE][PASSED] - Delayed 5 second(s)

2018-09-14 16:25:24 - [TEST_STEP][PASSED] - comment: End Login Test Case

2018-09-14 16:25:24 - [TEST_STEP][PASSED] - waitForElementPresent: Element 'Object Repository/Sidebar Menu/Biaya/HamburgerButton' is present

2018-09-14 16:25:32 - [MESSAGE][PASSED] - Element 'Object Repository/Sidebar Menu/Biaya/HamburgerButton' is present

2018-09-14 16:25:32 - [TEST_STEP][PASSED] - comment: MESIN KASIR

2018-09-14 16:25:32 - [TEST_STEP][PASSED] - verifyElementAttributeValue: Object 'Object Repository/Sidebar Menu/Biaya/HamburgerButton' has attribute 'content-desc' with value 'headerBar_button_hamburgerMenu'

2018-09-14 16:25:37 - [MESSAGE][PASSED] - Object 'Object Repository/Sidebar Menu/Biaya/HamburgerButton' has attribute 'content-desc' with value 'headerBar_button_hamburgerMenu'

2018-09-14 16:25:37 - [TEST_STEP][PASSED] - tap: Tapped on element 'Object Repository/Sidebar Menu/Biaya/HamburgerButton'

2018-09-14 16:25:42 - [MESSAGE][PASSED] - Tapped on element 'Object Repository/Sidebar Menu/Biaya/HamburgerButton'

2018-09-14 16:25:42 - [TEST_STEP][PASSED] - verifyElementAttributeValue: Object 'Object Repository/Sidebar Menu/Pengaturan Toko/Pengaturan Toko' has attribute 'content-desc' with value 'aturTokoMenuItem'

2018-09-14 16:25:51 - [MESSAGE][PASSED] - Object 'Object Repository/Sidebar Menu/Pengaturan Toko/Pengaturan Toko' has attribute 'content-desc' with value 'aturTokoMenuItem'

2018-09-14 16:25:51 - [TEST_STEP][PASSED] - tap: Tapped on element 'Object Repository/Sidebar Menu/Pengaturan Toko/Pengaturan Toko'

2018-09-14 16:25:57 - [MESSAGE][PASSED] - Tapped on element 'Object Repository/Sidebar Menu/Pengaturan Toko/Pengaturan Toko'

2018-09-14 16:25:57 - [TEST_STEP][PASSED] - verifyElementVisible: Element 'Object Repository/Sidebar Menu/Pengaturan Toko/EDC Menu/EDC' is visible

2018-09-14 16:26:02 - [MESSAGE][PASSED] - Element 'Object Repository/Sidebar Menu/Pengaturan Toko/EDC Menu/EDC' is visible

2018-09-14 16:26:02 - [TEST_STEP][PASSED] - verifyElementAttributeValue: Object 'Object Repository/Sidebar Menu/Pengaturan Toko/EDC Menu/EDC' has attribute 'content-desc' with value 'tokoListScreen_button_edc'

2018-09-14 16:26:06 - [MESSAGE][PASSED] - Object 'Object Repository/Sidebar Menu/Pengaturan Toko/EDC Menu/EDC' has attribute 'content-desc' with value 'tokoListScreen_button_edc'

2018-09-14 16:26:06 - [TEST_STEP][PASSED] - verifyElementVisible: Element 'Object Repository/Sidebar Menu/Pengaturan Toko/Printer Menu/Printer' is visible

2018-09-14 16:26:12 - [MESSAGE][PASSED] - Element 'Object Repository/Sidebar Menu/Pengaturan Toko/Printer Menu/Printer' is visible

2018-09-14 16:26:12 - [TEST_STEP][PASSED] - verifyElementAttributeValue: Object 'Object Repository/Sidebar Menu/Pengaturan Toko/Printer Menu/Printer' has attribute 'content-desc' with value 'tokoListScreen_button_printer'

2018-09-14 16:26:16 - [MESSAGE][PASSED] - Object 'Object Repository/Sidebar Menu/Pengaturan Toko/Printer Menu/Printer' has attribute 'content-desc' with value 'tokoListScreen_button_printer'

2018-09-14 16:26:16 - [TEST_STEP][PASSED] - tap: Tapped on element 'Object Repository/Sidebar Menu/Pengaturan Toko/Printer Menu/Printer'

2018-09-14 16:26:21 - [MESSAGE][PASSED] - Tapped on element 'Object Repository/Sidebar Menu/Pengaturan Toko/Printer Menu/Printer'

2018-09-14 16:26:21 - [TEST_STEP][PASSED] - closeApplication: Close app successfully

2018-09-14 16:26:27 - [MESSAGE][PASSED] - Close app successfully]]></system-out>
         <system-err><![CDATA[]]></system-err>
      </testcase>
      <testcase name="Test Cases/Release 3 - Squad Hades/Sprint 2/Story 2026 - Display Comming Soon screen Printer/TC 3 - Click OK button" classname="Test Cases/Release 3 - Squad Hades/Sprint 2/Story 2026 - Display Comming Soon screen Printer/TC 3 - Click OK button" status="PASSED">
         <system-out><![CDATA[2018-09-14 16:26:29 - [TEST_CASE][PASSED] - Test Cases/Release 3 - Squad Hades/Sprint 2/Story 2026 - Display Comming Soon screen Printer/TC 3 - Click OK button: Test Cases/Release 3 - Squad Hades/Sprint 2/Story 2026 - Display Comming Soon screen Printer/TC 3 - Click OK button

2018-09-14 16:26:30 - [TEST_STEP][PASSED] - comment: WELCOME SCREEN

2018-09-14 16:26:30 - [TEST_STEP][PASSED] - Statement - apkPath = apkName: null

2018-09-14 16:26:30 - [TEST_STEP][PASSED] - startApplication: Started app at: 'C:\Users\AV2017005903\Documents\apollo-automation\12 September.apk'

2018-09-14 16:27:09 - [MESSAGE][PASSED] - Started app at: 'C:\Users\AV2017005903\Documents\apollo-automation\12 September.apk'

2018-09-14 16:27:09 - [TEST_STEP][PASSED] - delay: Delayed 15 second(s)

2018-09-14 16:27:24 - [MESSAGE][PASSED] - Delayed 15 second(s)

2018-09-14 16:27:24 - [TEST_STEP][PASSED] - Comment - "If there is a Update TopuUp, click No, Else you can delay for waiting lazyload ": null

2018-09-14 16:27:24 - [TEST_STEP][PASSED] - Statement - driver = com.kms.katalon.core.mobile.keyword.internal.MobileDriverFactory.getDriver(): null

2018-09-14 16:27:24 - [TEST_STEP][PASSED] - Statement - action = new io.appium.java_client.TouchAction(driver): null

2018-09-14 16:27:24 - [TEST_STEP][PASSED] - Statement - action.longPress(550, 300).moveTo(100, 300).release().perform(): null

2018-09-14 16:27:26 - [TEST_STEP][PASSED] - delay: Delayed 8 second(s)

2018-09-14 16:27:34 - [MESSAGE][PASSED] - Delayed 8 second(s)

2018-09-14 16:27:34 - [TEST_STEP][PASSED] - Statement - action.longPress(550, 300).moveTo(100, 300).release().perform(): null

2018-09-14 16:27:37 - [TEST_STEP][PASSED] - delay: Delayed 8 second(s)

2018-09-14 16:27:45 - [MESSAGE][PASSED] - Delayed 8 second(s)

2018-09-14 16:27:45 - [TEST_STEP][PASSED] - Statement - action.longPress(550, 300).moveTo(100, 300).release().perform(): null

2018-09-14 16:27:48 - [TEST_STEP][PASSED] - delay: Delayed 8 second(s)

2018-09-14 16:27:56 - [MESSAGE][PASSED] - Delayed 8 second(s)

2018-09-14 16:27:56 - [TEST_STEP][PASSED] - Statement - action.longPress(550, 300).moveTo(100, 300).release().perform(): null

2018-09-14 16:27:59 - [TEST_STEP][PASSED] - delay: Delayed 8 second(s)

2018-09-14 16:28:07 - [MESSAGE][PASSED] - Delayed 8 second(s)

2018-09-14 16:28:07 - [TEST_STEP][PASSED] - waitForElementPresent: Element 'Object Repository/Splash Screen/Mulai - Button' is present

2018-09-14 16:28:07 - [MESSAGE][WARNING] - Timeout '0' is invalid. Using default page load timeout: '30'

2018-09-14 16:28:10 - [MESSAGE][PASSED] - Element 'Object Repository/Splash Screen/Mulai - Button' is present

2018-09-14 16:28:10 - [TEST_STEP][PASSED] - tap: Tapped on element 'Object Repository/Splash Screen/Mulai - Button'

2018-09-14 16:28:10 - [MESSAGE][WARNING] - Timeout '0' is invalid. Using default page load timeout: '30'

2018-09-14 16:28:14 - [MESSAGE][PASSED] - Tapped on element 'Object Repository/Splash Screen/Mulai - Button'

2018-09-14 16:28:14 - [TEST_STEP][PASSED] - comment: end Welcome Screen

2018-09-14 16:28:14 - [TEST_STEP][PASSED] - comment: LOGIN

2018-09-14 16:28:14 - [TEST_STEP][PASSED] - waitForElementPresent: Element 'Object Repository/Login/Nomor HP  Nama Pengguna - Text Box' is present

2018-09-14 16:28:21 - [MESSAGE][PASSED] - Element 'Object Repository/Login/Nomor HP  Nama Pengguna - Text Box' is present

2018-09-14 16:28:21 - [TEST_STEP][PASSED] - verifyElementAttributeValue: Object 'Object Repository/Login/Nomor HP  Nama Pengguna - Text Box' has attribute 'content-desc' with value 'LoginNameTextInput'

2018-09-14 16:28:26 - [MESSAGE][PASSED] - Object 'Object Repository/Login/Nomor HP  Nama Pengguna - Text Box' has attribute 'content-desc' with value 'LoginNameTextInput'

2018-09-14 16:28:26 - [TEST_STEP][PASSED] - setText: Text '08112233445567' has been set to element 'Object Repository/Login/Nomor HP  Nama Pengguna - Text Box'

2018-09-14 16:28:47 - [MESSAGE][PASSED] - Text '08112233445567' has been set to element 'Object Repository/Login/Nomor HP  Nama Pengguna - Text Box'

2018-09-14 16:28:47 - [TEST_STEP][PASSED] - hideKeyboard: Keyboard is hidden

2018-09-14 16:28:49 - [MESSAGE][PASSED] - Keyboard is hidden

2018-09-14 16:28:49 - [TEST_STEP][PASSED] - verifyElementText: Actual text and expected text of test object 'Object Repository/Login/Nomor HP  Nama Pengguna - Text Box' are matched.

2018-09-14 16:28:57 - [MESSAGE][PASSED] - Actual text and expected text of test object 'Object Repository/Login/Nomor HP  Nama Pengguna - Text Box' are matched.

2018-09-14 16:28:57 - [TEST_STEP][PASSED] - waitForElementPresent: Element 'Object Repository/Login/Button Masuk' is present

2018-09-14 16:29:02 - [MESSAGE][PASSED] - Element 'Object Repository/Login/Button Masuk' is present

2018-09-14 16:29:02 - [TEST_STEP][PASSED] - verifyElementAttributeValue: Object 'Object Repository/Login/Button Masuk' has attribute 'content-desc' with value 'LoginJumpNextBtn'

2018-09-14 16:29:09 - [MESSAGE][PASSED] - Object 'Object Repository/Login/Button Masuk' has attribute 'content-desc' with value 'LoginJumpNextBtn'

2018-09-14 16:29:09 - [TEST_STEP][PASSED] - tap: Tapped on element 'Object Repository/Login/Button Masuk'

2018-09-14 16:29:18 - [MESSAGE][PASSED] - Tapped on element 'Object Repository/Login/Button Masuk'

2018-09-14 16:29:18 - [TEST_STEP][PASSED] - waitForElementPresent: Element 'Object Repository/Login/Input Pin' is present

2018-09-14 16:29:22 - [MESSAGE][PASSED] - Element 'Object Repository/Login/Input Pin' is present

2018-09-14 16:29:22 - [TEST_STEP][PASSED] - verifyElementAttributeValue: Object 'Object Repository/Login/Input Pin' has attribute 'content-desc' with value 'pinCircleFocus'

2018-09-14 16:29:31 - [MESSAGE][PASSED] - Object 'Object Repository/Login/Input Pin' has attribute 'content-desc' with value 'pinCircleFocus'

2018-09-14 16:29:31 - [TEST_STEP][PASSED] - tap: Tapped on element 'Object Repository/Login/Input Pin'

2018-09-14 16:29:36 - [MESSAGE][PASSED] - Tapped on element 'Object Repository/Login/Input Pin'

2018-09-14 16:29:36 - [TEST_STEP][PASSED] - setText: Text '123456' has been set to element 'Object Repository/Login/Input Pin'

2018-09-14 16:29:52 - [MESSAGE][PASSED] - Text '123456' has been set to element 'Object Repository/Login/Input Pin'

2018-09-14 16:29:52 - [TEST_STEP][PASSED] - delay: Delayed 5 second(s)

2018-09-14 16:29:57 - [MESSAGE][PASSED] - Delayed 5 second(s)

2018-09-14 16:29:57 - [TEST_STEP][PASSED] - comment: End Login Test Case

2018-09-14 16:29:57 - [TEST_STEP][PASSED] - waitForElementPresent: Element 'Object Repository/Sidebar Menu/Biaya/HamburgerButton' is present

2018-09-14 16:30:00 - [MESSAGE][PASSED] - Element 'Object Repository/Sidebar Menu/Biaya/HamburgerButton' is present

2018-09-14 16:30:00 - [TEST_STEP][PASSED] - comment: MESIN KASIR

2018-09-14 16:30:00 - [TEST_STEP][PASSED] - verifyElementAttributeValue: Object 'Object Repository/Sidebar Menu/Biaya/HamburgerButton' has attribute 'content-desc' with value 'headerBar_button_hamburgerMenu'

2018-09-14 16:30:06 - [MESSAGE][PASSED] - Object 'Object Repository/Sidebar Menu/Biaya/HamburgerButton' has attribute 'content-desc' with value 'headerBar_button_hamburgerMenu'

2018-09-14 16:30:06 - [TEST_STEP][PASSED] - tap: Tapped on element 'Object Repository/Sidebar Menu/Biaya/HamburgerButton'

2018-09-14 16:30:11 - [MESSAGE][PASSED] - Tapped on element 'Object Repository/Sidebar Menu/Biaya/HamburgerButton'

2018-09-14 16:30:11 - [TEST_STEP][PASSED] - verifyElementAttributeValue: Object 'Object Repository/Sidebar Menu/Pengaturan Toko/Pengaturan Toko' has attribute 'content-desc' with value 'aturTokoMenuItem'

2018-09-14 16:30:18 - [MESSAGE][PASSED] - Object 'Object Repository/Sidebar Menu/Pengaturan Toko/Pengaturan Toko' has attribute 'content-desc' with value 'aturTokoMenuItem'

2018-09-14 16:30:18 - [TEST_STEP][PASSED] - tap: Tapped on element 'Object Repository/Sidebar Menu/Pengaturan Toko/Pengaturan Toko'

2018-09-14 16:30:23 - [MESSAGE][PASSED] - Tapped on element 'Object Repository/Sidebar Menu/Pengaturan Toko/Pengaturan Toko'

2018-09-14 16:30:23 - [TEST_STEP][PASSED] - verifyElementVisible: Element 'Object Repository/Sidebar Menu/Pengaturan Toko/EDC Menu/EDC' is visible

2018-09-14 16:30:31 - [MESSAGE][PASSED] - Element 'Object Repository/Sidebar Menu/Pengaturan Toko/EDC Menu/EDC' is visible

2018-09-14 16:30:31 - [TEST_STEP][PASSED] - verifyElementAttributeValue: Object 'Object Repository/Sidebar Menu/Pengaturan Toko/EDC Menu/EDC' has attribute 'content-desc' with value 'tokoListScreen_button_edc'

2018-09-14 16:30:35 - [MESSAGE][PASSED] - Object 'Object Repository/Sidebar Menu/Pengaturan Toko/EDC Menu/EDC' has attribute 'content-desc' with value 'tokoListScreen_button_edc'

2018-09-14 16:30:35 - [TEST_STEP][PASSED] - verifyElementVisible: Element 'Object Repository/Sidebar Menu/Pengaturan Toko/Printer Menu/Printer' is visible

2018-09-14 16:30:39 - [MESSAGE][PASSED] - Element 'Object Repository/Sidebar Menu/Pengaturan Toko/Printer Menu/Printer' is visible

2018-09-14 16:30:39 - [TEST_STEP][PASSED] - verifyElementAttributeValue: Object 'Object Repository/Sidebar Menu/Pengaturan Toko/Printer Menu/Printer' has attribute 'content-desc' with value 'tokoListScreen_button_printer'

2018-09-14 16:30:43 - [MESSAGE][PASSED] - Object 'Object Repository/Sidebar Menu/Pengaturan Toko/Printer Menu/Printer' has attribute 'content-desc' with value 'tokoListScreen_button_printer'

2018-09-14 16:30:43 - [TEST_STEP][PASSED] - tap: Tapped on element 'Object Repository/Sidebar Menu/Pengaturan Toko/Printer Menu/Printer'

2018-09-14 16:30:49 - [MESSAGE][PASSED] - Tapped on element 'Object Repository/Sidebar Menu/Pengaturan Toko/Printer Menu/Printer'

2018-09-14 16:30:49 - [TEST_STEP][PASSED] - verifyElementVisible: Element 'Object Repository/Sidebar Menu/Pengaturan Toko/Printer Menu/DialogAkanHadir' is visible

2018-09-14 16:30:58 - [MESSAGE][PASSED] - Element 'Object Repository/Sidebar Menu/Pengaturan Toko/Printer Menu/DialogAkanHadir' is visible

2018-09-14 16:30:58 - [TEST_STEP][PASSED] - Statement - ErMsg = com.kms.katalon.core.mobile.keyword.MobileBuiltInKeywords.getText(com.kms.katalon.core.testobject.ObjectRepository.findTestObject(Sidebar Menu/Pengaturan Toko/Printer Menu/Message-Akan Hadir), G_ShortTimeOut): Text of element 'Object Repository/Sidebar Menu/Pengaturan Toko/Printer Menu/Message-Akan Hadir' is: 'Akan Hadir'

2018-09-14 16:31:06 - [MESSAGE][PASSED] - Text of element 'Object Repository/Sidebar Menu/Pengaturan Toko/Printer Menu/Message-Akan Hadir' is: 'Akan Hadir'

2018-09-14 16:31:06 - [TEST_STEP][PASSED] - verifyEqual: Actual object 'Akan Hadir' and expected object 'Akan Hadir' are equal

2018-09-14 16:31:06 - [MESSAGE][PASSED] - Actual object 'Akan Hadir' and expected object 'Akan Hadir' are equal

2018-09-14 16:31:06 - [TEST_STEP][PASSED] - Statement - ErMsg = com.kms.katalon.core.mobile.keyword.MobileBuiltInKeywords.getText(com.kms.katalon.core.testobject.ObjectRepository.findTestObject(Sidebar Menu/Pengaturan Toko/Printer Menu/Cetak Struk dengan mesin pencetak yang terhubung lewat Bluetooth), G_ShortTimeOut): Text of element 'Object Repository/Sidebar Menu/Pengaturan Toko/Printer Menu/Cetak Struk dengan mesin pencetak yang terhubung lewat Bluetooth' is: 'Cetak Struk dengan mesin pencetak yang terhubung lewat Bluetooth'

2018-09-14 16:31:10 - [MESSAGE][PASSED] - Text of element 'Object Repository/Sidebar Menu/Pengaturan Toko/Printer Menu/Cetak Struk dengan mesin pencetak yang terhubung lewat Bluetooth' is: 'Cetak Struk dengan mesin pencetak yang terhubung lewat Bluetooth'

2018-09-14 16:31:10 - [TEST_STEP][PASSED] - verifyEqual: Actual object 'Cetak Struk dengan mesin pencetak yang terhubung lewat Bluetooth' and expected object 'Cetak Struk dengan mesin pencetak yang terhubung lewat Bluetooth' are equal

2018-09-14 16:31:10 - [MESSAGE][PASSED] - Actual object 'Cetak Struk dengan mesin pencetak yang terhubung lewat Bluetooth' and expected object 'Cetak Struk dengan mesin pencetak yang terhubung lewat Bluetooth' are equal

2018-09-14 16:31:10 - [TEST_STEP][PASSED] - waitForElementPresent: Element 'Object Repository/Sidebar Menu/Pengaturan Toko/Printer Menu/OKButton' is present

2018-09-14 16:31:13 - [MESSAGE][PASSED] - Element 'Object Repository/Sidebar Menu/Pengaturan Toko/Printer Menu/OKButton' is present

2018-09-14 16:31:13 - [TEST_STEP][PASSED] - verifyElementAttributeValue: Object 'Object Repository/Sidebar Menu/Pengaturan Toko/Printer Menu/OKButton' has attribute 'content-desc' with value 'ADialogStatic_buttonLabel_informationDialog'

2018-09-14 16:31:18 - [MESSAGE][PASSED] - Object 'Object Repository/Sidebar Menu/Pengaturan Toko/Printer Menu/OKButton' has attribute 'content-desc' with value 'ADialogStatic_buttonLabel_informationDialog'

2018-09-14 16:31:18 - [TEST_STEP][PASSED] - tap: Tapped on element 'Object Repository/Sidebar Menu/Pengaturan Toko/Printer Menu/OKButton'

2018-09-14 16:31:23 - [MESSAGE][PASSED] - Tapped on element 'Object Repository/Sidebar Menu/Pengaturan Toko/Printer Menu/OKButton'

2018-09-14 16:31:23 - [TEST_STEP][PASSED] - delay: Delayed 5 second(s)

2018-09-14 16:31:28 - [MESSAGE][PASSED] - Delayed 5 second(s)

2018-09-14 16:31:28 - [TEST_STEP][PASSED] - closeApplication: Close app successfully

2018-09-14 16:31:34 - [MESSAGE][PASSED] - Close app successfully]]></system-out>
         <system-err><![CDATA[]]></system-err>
      </testcase>
      <testcase name="Test Cases/Release 3 - Squad Hades/Sprint 2/Story 2026 - Display Comming Soon screen Printer/TC 4 - Click Back button from device" classname="Test Cases/Release 3 - Squad Hades/Sprint 2/Story 2026 - Display Comming Soon screen Printer/TC 4 - Click Back button from device" status="PASSED">
         <system-out><![CDATA[2018-09-14 16:31:37 - [TEST_CASE][PASSED] - Test Cases/Release 3 - Squad Hades/Sprint 2/Story 2026 - Display Comming Soon screen Printer/TC 4 - Click Back button from device: Test Cases/Release 3 - Squad Hades/Sprint 2/Story 2026 - Display Comming Soon screen Printer/TC 4 - Click Back button from device

2018-09-14 16:31:38 - [TEST_STEP][PASSED] - comment: WELCOME SCREEN

2018-09-14 16:31:38 - [TEST_STEP][PASSED] - Statement - apkPath = apkName: null

2018-09-14 16:31:38 - [TEST_STEP][PASSED] - startApplication: Started app at: 'C:\Users\AV2017005903\Documents\apollo-automation\12 September.apk'

2018-09-14 16:32:16 - [MESSAGE][PASSED] - Started app at: 'C:\Users\AV2017005903\Documents\apollo-automation\12 September.apk'

2018-09-14 16:32:16 - [TEST_STEP][PASSED] - delay: Delayed 15 second(s)

2018-09-14 16:32:31 - [MESSAGE][PASSED] - Delayed 15 second(s)

2018-09-14 16:32:31 - [TEST_STEP][PASSED] - Comment - "If there is a Update TopuUp, click No, Else you can delay for waiting lazyload ": null

2018-09-14 16:32:31 - [TEST_STEP][PASSED] - Statement - driver = com.kms.katalon.core.mobile.keyword.internal.MobileDriverFactory.getDriver(): null

2018-09-14 16:32:31 - [TEST_STEP][PASSED] - Statement - action = new io.appium.java_client.TouchAction(driver): null

2018-09-14 16:32:31 - [TEST_STEP][PASSED] - Statement - action.longPress(550, 300).moveTo(100, 300).release().perform(): null

2018-09-14 16:32:34 - [TEST_STEP][PASSED] - delay: Delayed 8 second(s)

2018-09-14 16:32:42 - [MESSAGE][PASSED] - Delayed 8 second(s)

2018-09-14 16:32:42 - [TEST_STEP][PASSED] - Statement - action.longPress(550, 300).moveTo(100, 300).release().perform(): null

2018-09-14 16:32:44 - [TEST_STEP][PASSED] - delay: Delayed 8 second(s)

2018-09-14 16:32:52 - [MESSAGE][PASSED] - Delayed 8 second(s)

2018-09-14 16:32:52 - [TEST_STEP][PASSED] - Statement - action.longPress(550, 300).moveTo(100, 300).release().perform(): null

2018-09-14 16:32:55 - [TEST_STEP][PASSED] - delay: Delayed 8 second(s)

2018-09-14 16:33:03 - [MESSAGE][PASSED] - Delayed 8 second(s)

2018-09-14 16:33:03 - [TEST_STEP][PASSED] - Statement - action.longPress(550, 300).moveTo(100, 300).release().perform(): null

2018-09-14 16:33:06 - [TEST_STEP][PASSED] - delay: Delayed 8 second(s)

2018-09-14 16:33:14 - [MESSAGE][PASSED] - Delayed 8 second(s)

2018-09-14 16:33:14 - [TEST_STEP][PASSED] - waitForElementPresent: Element 'Object Repository/Splash Screen/Mulai - Button' is present

2018-09-14 16:33:14 - [MESSAGE][WARNING] - Timeout '0' is invalid. Using default page load timeout: '30'

2018-09-14 16:33:16 - [MESSAGE][PASSED] - Element 'Object Repository/Splash Screen/Mulai - Button' is present

2018-09-14 16:33:16 - [TEST_STEP][PASSED] - tap: Tapped on element 'Object Repository/Splash Screen/Mulai - Button'

2018-09-14 16:33:16 - [MESSAGE][WARNING] - Timeout '0' is invalid. Using default page load timeout: '30'

2018-09-14 16:33:25 - [MESSAGE][PASSED] - Tapped on element 'Object Repository/Splash Screen/Mulai - Button'

2018-09-14 16:33:25 - [TEST_STEP][PASSED] - comment: end Welcome Screen

2018-09-14 16:33:25 - [TEST_STEP][PASSED] - comment: LOGIN

2018-09-14 16:33:25 - [TEST_STEP][PASSED] - waitForElementPresent: Element 'Object Repository/Login/Nomor HP  Nama Pengguna - Text Box' is present

2018-09-14 16:33:30 - [MESSAGE][PASSED] - Element 'Object Repository/Login/Nomor HP  Nama Pengguna - Text Box' is present

2018-09-14 16:33:30 - [TEST_STEP][PASSED] - verifyElementAttributeValue: Object 'Object Repository/Login/Nomor HP  Nama Pengguna - Text Box' has attribute 'content-desc' with value 'LoginNameTextInput'

2018-09-14 16:33:34 - [MESSAGE][PASSED] - Object 'Object Repository/Login/Nomor HP  Nama Pengguna - Text Box' has attribute 'content-desc' with value 'LoginNameTextInput'

2018-09-14 16:33:34 - [TEST_STEP][PASSED] - setText: Text '08112233445567' has been set to element 'Object Repository/Login/Nomor HP  Nama Pengguna - Text Box'

2018-09-14 16:33:54 - [MESSAGE][PASSED] - Text '08112233445567' has been set to element 'Object Repository/Login/Nomor HP  Nama Pengguna - Text Box'

2018-09-14 16:33:54 - [TEST_STEP][PASSED] - hideKeyboard: Keyboard is hidden

2018-09-14 16:33:56 - [MESSAGE][PASSED] - Keyboard is hidden

2018-09-14 16:33:56 - [TEST_STEP][PASSED] - verifyElementText: Actual text and expected text of test object 'Object Repository/Login/Nomor HP  Nama Pengguna - Text Box' are matched.

2018-09-14 16:34:00 - [MESSAGE][PASSED] - Actual text and expected text of test object 'Object Repository/Login/Nomor HP  Nama Pengguna - Text Box' are matched.

2018-09-14 16:34:00 - [TEST_STEP][PASSED] - waitForElementPresent: Element 'Object Repository/Login/Button Masuk' is present

2018-09-14 16:34:04 - [MESSAGE][PASSED] - Element 'Object Repository/Login/Button Masuk' is present

2018-09-14 16:34:04 - [TEST_STEP][PASSED] - verifyElementAttributeValue: Object 'Object Repository/Login/Button Masuk' has attribute 'content-desc' with value 'LoginJumpNextBtn'

2018-09-14 16:34:08 - [MESSAGE][PASSED] - Object 'Object Repository/Login/Button Masuk' has attribute 'content-desc' with value 'LoginJumpNextBtn'

2018-09-14 16:34:08 - [TEST_STEP][PASSED] - tap: Tapped on element 'Object Repository/Login/Button Masuk'

2018-09-14 16:34:13 - [MESSAGE][PASSED] - Tapped on element 'Object Repository/Login/Button Masuk'

2018-09-14 16:34:13 - [TEST_STEP][PASSED] - waitForElementPresent: Element 'Object Repository/Login/Input Pin' is present

2018-09-14 16:34:17 - [MESSAGE][PASSED] - Element 'Object Repository/Login/Input Pin' is present

2018-09-14 16:34:17 - [TEST_STEP][PASSED] - verifyElementAttributeValue: Object 'Object Repository/Login/Input Pin' has attribute 'content-desc' with value 'pinCircleFocus'

2018-09-14 16:34:21 - [MESSAGE][PASSED] - Object 'Object Repository/Login/Input Pin' has attribute 'content-desc' with value 'pinCircleFocus'

2018-09-14 16:34:21 - [TEST_STEP][PASSED] - tap: Tapped on element 'Object Repository/Login/Input Pin'

2018-09-14 16:34:30 - [MESSAGE][PASSED] - Tapped on element 'Object Repository/Login/Input Pin'

2018-09-14 16:34:30 - [TEST_STEP][PASSED] - setText: Text '123456' has been set to element 'Object Repository/Login/Input Pin'

2018-09-14 16:34:48 - [MESSAGE][PASSED] - Text '123456' has been set to element 'Object Repository/Login/Input Pin'

2018-09-14 16:34:48 - [TEST_STEP][PASSED] - delay: Delayed 5 second(s)

2018-09-14 16:34:53 - [MESSAGE][PASSED] - Delayed 5 second(s)

2018-09-14 16:34:53 - [TEST_STEP][PASSED] - comment: End Login Test Case

2018-09-14 16:34:53 - [TEST_STEP][PASSED] - waitForElementPresent: Element 'Object Repository/Sidebar Menu/Biaya/HamburgerButton' is present

2018-09-14 16:34:57 - [MESSAGE][PASSED] - Element 'Object Repository/Sidebar Menu/Biaya/HamburgerButton' is present

2018-09-14 16:34:57 - [TEST_STEP][PASSED] - comment: MESIN KASIR

2018-09-14 16:34:57 - [TEST_STEP][PASSED] - verifyElementAttributeValue: Object 'Object Repository/Sidebar Menu/Biaya/HamburgerButton' has attribute 'content-desc' with value 'headerBar_button_hamburgerMenu'

2018-09-14 16:35:02 - [MESSAGE][PASSED] - Object 'Object Repository/Sidebar Menu/Biaya/HamburgerButton' has attribute 'content-desc' with value 'headerBar_button_hamburgerMenu'

2018-09-14 16:35:02 - [TEST_STEP][PASSED] - tap: Tapped on element 'Object Repository/Sidebar Menu/Biaya/HamburgerButton'

2018-09-14 16:35:07 - [MESSAGE][PASSED] - Tapped on element 'Object Repository/Sidebar Menu/Biaya/HamburgerButton'

2018-09-14 16:35:07 - [TEST_STEP][PASSED] - verifyElementAttributeValue: Object 'Object Repository/Sidebar Menu/Pengaturan Toko/Pengaturan Toko' has attribute 'content-desc' with value 'aturTokoMenuItem'

2018-09-14 16:35:13 - [MESSAGE][PASSED] - Object 'Object Repository/Sidebar Menu/Pengaturan Toko/Pengaturan Toko' has attribute 'content-desc' with value 'aturTokoMenuItem'

2018-09-14 16:35:13 - [TEST_STEP][PASSED] - tap: Tapped on element 'Object Repository/Sidebar Menu/Pengaturan Toko/Pengaturan Toko'

2018-09-14 16:35:21 - [MESSAGE][PASSED] - Tapped on element 'Object Repository/Sidebar Menu/Pengaturan Toko/Pengaturan Toko'

2018-09-14 16:35:21 - [TEST_STEP][PASSED] - verifyElementVisible: Element 'Object Repository/Sidebar Menu/Pengaturan Toko/EDC Menu/EDC' is visible

2018-09-14 16:35:25 - [MESSAGE][PASSED] - Element 'Object Repository/Sidebar Menu/Pengaturan Toko/EDC Menu/EDC' is visible

2018-09-14 16:35:25 - [TEST_STEP][PASSED] - verifyElementAttributeValue: Object 'Object Repository/Sidebar Menu/Pengaturan Toko/EDC Menu/EDC' has attribute 'content-desc' with value 'tokoListScreen_button_edc'

2018-09-14 16:35:29 - [MESSAGE][PASSED] - Object 'Object Repository/Sidebar Menu/Pengaturan Toko/EDC Menu/EDC' has attribute 'content-desc' with value 'tokoListScreen_button_edc'

2018-09-14 16:35:29 - [TEST_STEP][PASSED] - verifyElementVisible: Element 'Object Repository/Sidebar Menu/Pengaturan Toko/Printer Menu/Printer' is visible

2018-09-14 16:35:34 - [MESSAGE][PASSED] - Element 'Object Repository/Sidebar Menu/Pengaturan Toko/Printer Menu/Printer' is visible

2018-09-14 16:35:34 - [TEST_STEP][PASSED] - verifyElementAttributeValue: Object 'Object Repository/Sidebar Menu/Pengaturan Toko/Printer Menu/Printer' has attribute 'content-desc' with value 'tokoListScreen_button_printer'

2018-09-14 16:35:38 - [MESSAGE][PASSED] - Object 'Object Repository/Sidebar Menu/Pengaturan Toko/Printer Menu/Printer' has attribute 'content-desc' with value 'tokoListScreen_button_printer'

2018-09-14 16:35:38 - [TEST_STEP][PASSED] - tap: Tapped on element 'Object Repository/Sidebar Menu/Pengaturan Toko/Printer Menu/Printer'

2018-09-14 16:35:44 - [MESSAGE][PASSED] - Tapped on element 'Object Repository/Sidebar Menu/Pengaturan Toko/Printer Menu/Printer'

2018-09-14 16:35:44 - [TEST_STEP][PASSED] - verifyElementVisible: Element 'Object Repository/Sidebar Menu/Pengaturan Toko/Printer Menu/DialogAkanHadir' is visible

2018-09-14 16:35:47 - [MESSAGE][PASSED] - Element 'Object Repository/Sidebar Menu/Pengaturan Toko/Printer Menu/DialogAkanHadir' is visible

2018-09-14 16:35:47 - [TEST_STEP][PASSED] - Statement - ErMsg = com.kms.katalon.core.mobile.keyword.MobileBuiltInKeywords.getText(com.kms.katalon.core.testobject.ObjectRepository.findTestObject(Sidebar Menu/Pengaturan Toko/Printer Menu/Message-Akan Hadir), G_ShortTimeOut): Text of element 'Object Repository/Sidebar Menu/Pengaturan Toko/Printer Menu/Message-Akan Hadir' is: 'Akan Hadir'

2018-09-14 16:35:53 - [MESSAGE][PASSED] - Text of element 'Object Repository/Sidebar Menu/Pengaturan Toko/Printer Menu/Message-Akan Hadir' is: 'Akan Hadir'

2018-09-14 16:35:53 - [TEST_STEP][PASSED] - verifyEqual: Actual object 'Akan Hadir' and expected object 'Akan Hadir' are equal

2018-09-14 16:35:53 - [MESSAGE][PASSED] - Actual object 'Akan Hadir' and expected object 'Akan Hadir' are equal

2018-09-14 16:35:53 - [TEST_STEP][PASSED] - Statement - ErMsg = com.kms.katalon.core.mobile.keyword.MobileBuiltInKeywords.getText(com.kms.katalon.core.testobject.ObjectRepository.findTestObject(Sidebar Menu/Pengaturan Toko/Printer Menu/Cetak Struk dengan mesin pencetak yang terhubung lewat Bluetooth), G_ShortTimeOut): Text of element 'Object Repository/Sidebar Menu/Pengaturan Toko/Printer Menu/Cetak Struk dengan mesin pencetak yang terhubung lewat Bluetooth' is: 'Cetak Struk dengan mesin pencetak yang terhubung lewat Bluetooth'

2018-09-14 16:35:58 - [MESSAGE][PASSED] - Text of element 'Object Repository/Sidebar Menu/Pengaturan Toko/Printer Menu/Cetak Struk dengan mesin pencetak yang terhubung lewat Bluetooth' is: 'Cetak Struk dengan mesin pencetak yang terhubung lewat Bluetooth'

2018-09-14 16:35:58 - [TEST_STEP][PASSED] - verifyEqual: Actual object 'Cetak Struk dengan mesin pencetak yang terhubung lewat Bluetooth' and expected object 'Cetak Struk dengan mesin pencetak yang terhubung lewat Bluetooth' are equal

2018-09-14 16:35:58 - [MESSAGE][PASSED] - Actual object 'Cetak Struk dengan mesin pencetak yang terhubung lewat Bluetooth' and expected object 'Cetak Struk dengan mesin pencetak yang terhubung lewat Bluetooth' are equal

2018-09-14 16:35:58 - [TEST_STEP][PASSED] - pressBack: Press back button successfully

2018-09-14 16:35:58 - [MESSAGE][PASSED] - Press back button successfully

2018-09-14 16:35:58 - [TEST_STEP][PASSED] - pressBack: Press back button successfully

2018-09-14 16:36:01 - [MESSAGE][PASSED] - Press back button successfully

2018-09-14 16:36:01 - [TEST_STEP][PASSED] - pressBack: Press back button successfully

2018-09-14 16:36:01 - [MESSAGE][PASSED] - Press back button successfully

2018-09-14 16:36:01 - [TEST_STEP][PASSED] - verifyElementVisible: Element 'Object Repository/Sidebar Menu/Pengaturan Toko/Printer Menu/DialogAkanHadir' is visible

2018-09-14 16:36:06 - [MESSAGE][PASSED] - Element 'Object Repository/Sidebar Menu/Pengaturan Toko/Printer Menu/DialogAkanHadir' is visible

2018-09-14 16:36:06 - [TEST_STEP][PASSED] - delay: Delayed 5 second(s)

2018-09-14 16:36:11 - [MESSAGE][PASSED] - Delayed 5 second(s)

2018-09-14 16:36:11 - [TEST_STEP][PASSED] - closeApplication: Close app successfully

2018-09-14 16:36:17 - [MESSAGE][PASSED] - Close app successfully]]></system-out>
         <system-err><![CDATA[]]></system-err>
      </testcase>
      <system-out><![CDATA[2018-09-14 16:17:42 - [TEST_SUITE][PASSED] - Story 2026 - Display Comming Soon screen Printer: Test Cases/Release 3 - Squad Hades/Sprint 2/Story 2026 - Display Comming Soon screen Printer/TC 4 - Click Back button from device]]></system-out>
      <system-err><![CDATA[]]></system-err>
   </testsuite>
</testsuites>
