<?xml version="1.0" encoding="UTF-8"?>
<testsuites name="Story 45" time="86" tests="1" failures="6" errors="0">
   <testsuite name="Story 45" tests="1" failures="6" errors="0" time="86" timestamp="2018-03-15 13:39:49" hostname="AV2017005903 - NBMP18A211ITSQA.corp.bankbtpn.co.id" id="Test Suites/Story 45">
      <properties>
         <property name="deviceName" value="asus ASUS_X014D 5.1.1"/>
         <property name="devicePlatform" value=""/>
         <property name="logFolder" value="C:\\Users\\AV2017005903\\Documents\\apollo-automation\\Reports\\Story 45\\20180315_133948"/>
         <property name="logFiles" value="C:\\Users\\AV2017005903\\Documents\\apollo-automation\\Reports\\Story 45\\20180315_133948\\appium.log, C:\\Users\\AV2017005903\\Documents\\apollo-automation\\Reports\\Story 45\\20180315_133948\\execution0.log"/>
         <property name="attachments" value=""/>
         <property name="hostName" value="AV2017005903 - NBMP18A211ITSQA.corp.bankbtpn.co.id"/>
         <property name="os" value="Windows 10 64bit"/>
         <property name="katalonVersion" value="5.0.0.1"/>
         <property name="deviceOS" value="Android"/>
         <property name="appiumVersion" value="1.6.5"/>
         <property name="deviceModel" value="ASUS_X014D"/>
         <property name="hostAddress" value="10.5.109.243"/>
         <property name="deviceManufacturer" value="asus"/>
         <property name="deviceId" value="GBAXGV411465ERX"/>
         <property name="deviceName" value="asus ASUS_X014D 5.1.1"/>
         <property name="deviceOSVersion" value="5.1.1"/>
      </properties>
      <testcase name="Test Cases/Story 45 - Rincian menu/TC 1" classname="Test Cases/Story 45 - Rincian menu/TC 1" status="PASSED">
         <system-out><![CDATA[2018-03-15 13:39:49 - [TEST_CASE][PASSED] - Test Cases/Story 45 - Rincian menu/TC 1: Test Cases/Story 45 - Rincian menu/TC 1

2018-03-15 13:39:50 - [TEST_STEP][PASSED] - comment: Start Story 45

2018-03-15 13:39:50 - [TEST_STEP][PASSED] - Statement - apkPath = com.kms.katalon.core.util.internal.PathUtil.relativeToAbsolutePath(apkName, com.kms.katalon.core.configuration.RunConfiguration.getProjectDir()): null

2018-03-15 13:39:50 - [TEST_STEP][PASSED] - startApplication: Started app at: 'C:\Users\AV2017005903\Documents\apollo-automation\13 Maret 17.23.apk'

2018-03-15 13:40:06 - [MESSAGE][PASSED] - Started app at: 'C:\Users\AV2017005903\Documents\apollo-automation\13 Maret 17.23.apk'

2018-03-15 13:40:06 - [TEST_STEP][PASSED] - tap: Tapped on element 'Object Repository/Login/Daftar Sekarang - Belum Punya Akun'

2018-03-15 13:40:13 - [MESSAGE][PASSED] - Tapped on element 'Object Repository/Login/Daftar Sekarang - Belum Punya Akun'

2018-03-15 13:40:13 - [TEST_STEP][PASSED] - verifyElementExist: Element 'Object Repository/Login/Daftar Sekarang - Belum Punya Akun' is exist

2018-03-15 13:40:13 - [MESSAGE][PASSED] - Element 'Object Repository/Login/Daftar Sekarang - Belum Punya Akun' is exist

2018-03-15 13:40:13 - [TEST_STEP][NOT_RUN] - tap: NOT_RUN: tap

2018-03-15 13:40:13 - [MESSAGE][NOT_RUN] - NOT_RUN: tap

2018-03-15 13:40:13 - [TEST_STEP][NOT_RUN] - setText: NOT_RUN: setText

2018-03-15 13:40:13 - [MESSAGE][NOT_RUN] - NOT_RUN: setText

2018-03-15 13:40:13 - [TEST_STEP][NOT_RUN] - hideKeyboard: NOT_RUN: hideKeyboard

2018-03-15 13:40:13 - [MESSAGE][NOT_RUN] - NOT_RUN: hideKeyboard

2018-03-15 13:40:13 - [TEST_STEP][NOT_RUN] - tap: NOT_RUN: tap

2018-03-15 13:40:13 - [MESSAGE][NOT_RUN] - NOT_RUN: tap

2018-03-15 13:40:13 - [TEST_STEP][NOT_RUN] - waitForElementPresent: NOT_RUN: waitForElementPresent

2018-03-15 13:40:13 - [MESSAGE][NOT_RUN] - NOT_RUN: waitForElementPresent

2018-03-15 13:40:13 - [TEST_STEP][NOT_RUN] - tap: NOT_RUN: tap

2018-03-15 13:40:13 - [MESSAGE][NOT_RUN] - NOT_RUN: tap

2018-03-15 13:40:13 - [TEST_STEP][NOT_RUN] - setText: NOT_RUN: setText

2018-03-15 13:40:13 - [MESSAGE][NOT_RUN] - NOT_RUN: setText

2018-03-15 13:40:13 - [TEST_STEP][PASSED] - waitForElementPresent: Element 'Object Repository/Sidebar Menu/HamburgerButton' is present

2018-03-15 13:40:17 - [MESSAGE][PASSED] - Element 'Object Repository/Sidebar Menu/HamburgerButton' is present

2018-03-15 13:40:17 - [TEST_STEP][PASSED] - tap: Tapped on element 'Object Repository/Sidebar Menu/HamburgerButton'

2018-03-15 13:40:17 - [MESSAGE][PASSED] - Tapped on element 'Object Repository/Sidebar Menu/HamburgerButton'

2018-03-15 13:40:17 - [TEST_STEP][PASSED] - tap: Tapped on element 'Object Repository/Sidebar Menu/Operasional/Operasional - Sidebar Menu'

2018-03-15 13:40:19 - [MESSAGE][PASSED] - Tapped on element 'Object Repository/Sidebar Menu/Operasional/Operasional - Sidebar Menu'

2018-03-15 13:40:19 - [TEST_STEP][PASSED] - tap: Tapped on element 'Object Repository/Sidebar Menu/Operasional/Rincian/Rincian - Tabbar'

2018-03-15 13:40:22 - [MESSAGE][PASSED] - Tapped on element 'Object Repository/Sidebar Menu/Operasional/Rincian/Rincian - Tabbar']]></system-out>
         <system-err><![CDATA[]]></system-err>
      </testcase>
      <testcase name="Test Cases/Story 45 - Rincian menu/TC 2" classname="Test Cases/Story 45 - Rincian menu/TC 2" status="FAILED">
         <failure type="FAILED" message="Failed to tap on element 'Object Repository/Sidebar Menu/Operasional/Rincian/1 Maret 2018' (Root cause: Object Object Repository/Sidebar Menu/Operasional/Rincian/1 Maret 2018 not found)"/>
         <system-out><![CDATA[2018-03-15 13:40:22 - [TEST_CASE][FAILED] - Test Cases/Story 45 - Rincian menu/TC 2: Test Cases/Story 45 - Rincian menu/TC 2 FAILED because (of) Failed to tap on element 'Object Repository/Sidebar Menu/Operasional/Rincian/1 Maret 2018' (Root cause: Object Object Repository/Sidebar Menu/Operasional/Rincian/1 Maret 2018 not found)

2018-03-15 13:40:22 - [TEST_STEP][PASSED] - delay: Delayed 3 second(s)

2018-03-15 13:40:26 - [MESSAGE][PASSED] - Delayed 3 second(s)

2018-03-15 13:40:26 - [TEST_STEP][PASSED] - waitForElementPresent: Element 'Object Repository/Sidebar Menu/Operasional/Rincian/Mulai  dari - TextBox' is present

2018-03-15 13:40:26 - [MESSAGE][PASSED] - Element 'Object Repository/Sidebar Menu/Operasional/Rincian/Mulai  dari - TextBox' is present

2018-03-15 13:40:26 - [TEST_STEP][PASSED] - tap: Tapped on element 'Object Repository/Sidebar Menu/Operasional/Rincian/Mulai  dari - TextBox'

2018-03-15 13:40:27 - [MESSAGE][PASSED] - Tapped on element 'Object Repository/Sidebar Menu/Operasional/Rincian/Mulai  dari - TextBox'

2018-03-15 13:40:27 - [TEST_STEP][PASSED] - waitForElementPresent: Object Object Repository/Sidebar Menu/Operasional/Rincian/1 Maret 2018 not found

2018-03-15 13:40:29 - [MESSAGE][WARNING] - Object Object Repository/Sidebar Menu/Operasional/Rincian/1 Maret 2018 not found

2018-03-15 13:40:29 - [TEST_STEP][FAILED] - tap: Failed to tap on element 'Object Repository/Sidebar Menu/Operasional/Rincian/1 Maret 2018' (Root cause: Object Object Repository/Sidebar Menu/Operasional/Rincian/1 Maret 2018 not found)

2018-03-15 13:40:32 - [MESSAGE][FAILED] - Object Object Repository/Sidebar Menu/Operasional/Rincian/1 Maret 2018 not found

2018-03-15 13:40:32 - [MESSAGE][FAILED] - Failed to tap on element 'Object Repository/Sidebar Menu/Operasional/Rincian/1 Maret 2018' (Root cause: Object Object Repository/Sidebar Menu/Operasional/Rincian/1 Maret 2018 not found)]]></system-out>
         <system-err><![CDATA[2018-03-15 13:40:22 - [TEST_CASE][FAILED] - Test Cases/Story 45 - Rincian menu/TC 2: Test Cases/Story 45 - Rincian menu/TC 2 FAILED because (of) Failed to tap on element 'Object Repository/Sidebar Menu/Operasional/Rincian/1 Maret 2018' (Root cause: Object Object Repository/Sidebar Menu/Operasional/Rincian/1 Maret 2018 not found)]]></system-err>
      </testcase>
      <testcase name="Test Cases/Story 45 - Rincian menu/TC 3" classname="Test Cases/Story 45 - Rincian menu/TC 3" status="FAILED">
         <failure type="FAILED" message="Failed to tap on element 'Object Repository/Sidebar Menu/Operasional/Rincian/Sampai Dengan - TextBox' (Root cause: Object Object Repository/Sidebar Menu/Operasional/Rincian/Sampai Dengan - TextBox not found)"/>
         <system-out><![CDATA[2018-03-15 13:40:32 - [TEST_CASE][FAILED] - Test Cases/Story 45 - Rincian menu/TC 3: Test Cases/Story 45 - Rincian menu/TC 3 FAILED because (of) Failed to tap on element 'Object Repository/Sidebar Menu/Operasional/Rincian/Sampai Dengan - TextBox' (Root cause: Object Object Repository/Sidebar Menu/Operasional/Rincian/Sampai Dengan - TextBox not found)

2018-03-15 13:40:32 - [TEST_STEP][PASSED] - waitForElementPresent: Object Object Repository/Sidebar Menu/Operasional/Rincian/Sampai Dengan - TextBox not found

2018-03-15 13:40:35 - [MESSAGE][WARNING] - Object Object Repository/Sidebar Menu/Operasional/Rincian/Sampai Dengan - TextBox not found

2018-03-15 13:40:35 - [TEST_STEP][FAILED] - tap: Failed to tap on element 'Object Repository/Sidebar Menu/Operasional/Rincian/Sampai Dengan - TextBox' (Root cause: Object Object Repository/Sidebar Menu/Operasional/Rincian/Sampai Dengan - TextBox not found)

2018-03-15 13:40:39 - [MESSAGE][FAILED] - Object Object Repository/Sidebar Menu/Operasional/Rincian/Sampai Dengan - TextBox not found

2018-03-15 13:40:39 - [MESSAGE][FAILED] - Failed to tap on element 'Object Repository/Sidebar Menu/Operasional/Rincian/Sampai Dengan - TextBox' (Root cause: Object Object Repository/Sidebar Menu/Operasional/Rincian/Sampai Dengan - TextBox not found)]]></system-out>
         <system-err><![CDATA[2018-03-15 13:40:32 - [TEST_CASE][FAILED] - Test Cases/Story 45 - Rincian menu/TC 3: Test Cases/Story 45 - Rincian menu/TC 3 FAILED because (of) Failed to tap on element 'Object Repository/Sidebar Menu/Operasional/Rincian/Sampai Dengan - TextBox' (Root cause: Object Object Repository/Sidebar Menu/Operasional/Rincian/Sampai Dengan - TextBox not found)]]></system-err>
      </testcase>
      <testcase name="Test Cases/Story 45 - Rincian menu/TC 4" classname="Test Cases/Story 45 - Rincian menu/TC 4" status="FAILED">
         <failure type="FAILED" message="Failed to tap on element 'Object Repository/Sidebar Menu/Operasional/Rincian/List Rincian Transaksi 1' (Root cause: Object Object Repository/Sidebar Menu/Operasional/Rincian/List Rincian Transaksi 1 not found)"/>
         <system-out><![CDATA[2018-03-15 13:40:39 - [TEST_CASE][FAILED] - Test Cases/Story 45 - Rincian menu/TC 4: Test Cases/Story 45 - Rincian menu/TC 4 FAILED because (of) Failed to tap on element 'Object Repository/Sidebar Menu/Operasional/Rincian/List Rincian Transaksi 1' (Root cause: Object Object Repository/Sidebar Menu/Operasional/Rincian/List Rincian Transaksi 1 not found)

2018-03-15 13:40:39 - [TEST_STEP][PASSED] - waitForElementPresent: Object Object Repository/Sidebar Menu/Operasional/Rincian/List Rincian Transaksi 1 not found

2018-03-15 13:40:44 - [MESSAGE][WARNING] - Object Object Repository/Sidebar Menu/Operasional/Rincian/List Rincian Transaksi 1 not found

2018-03-15 13:40:44 - [TEST_STEP][FAILED] - tap: Failed to tap on element 'Object Repository/Sidebar Menu/Operasional/Rincian/List Rincian Transaksi 1' (Root cause: Object Object Repository/Sidebar Menu/Operasional/Rincian/List Rincian Transaksi 1 not found)

2018-03-15 13:40:48 - [MESSAGE][FAILED] - Object Object Repository/Sidebar Menu/Operasional/Rincian/List Rincian Transaksi 1 not found

2018-03-15 13:40:48 - [MESSAGE][FAILED] - Failed to tap on element 'Object Repository/Sidebar Menu/Operasional/Rincian/List Rincian Transaksi 1' (Root cause: Object Object Repository/Sidebar Menu/Operasional/Rincian/List Rincian Transaksi 1 not found)]]></system-out>
         <system-err><![CDATA[2018-03-15 13:40:39 - [TEST_CASE][FAILED] - Test Cases/Story 45 - Rincian menu/TC 4: Test Cases/Story 45 - Rincian menu/TC 4 FAILED because (of) Failed to tap on element 'Object Repository/Sidebar Menu/Operasional/Rincian/List Rincian Transaksi 1' (Root cause: Object Object Repository/Sidebar Menu/Operasional/Rincian/List Rincian Transaksi 1 not found)]]></system-err>
      </testcase>
      <testcase name="Test Cases/Story 45 - Rincian menu/TC 5" classname="Test Cases/Story 45 - Rincian menu/TC 5" status="FAILED">
         <failure type="FAILED" message="Failed to tap on element 'Object Repository/Sidebar Menu/Operasional/Rincian/List Rincian Transaksi 3' (Root cause: Object Object Repository/Sidebar Menu/Operasional/Rincian/List Rincian Transaksi 3 not found)"/>
         <system-out><![CDATA[2018-03-15 13:40:48 - [TEST_CASE][FAILED] - Test Cases/Story 45 - Rincian menu/TC 5: Test Cases/Story 45 - Rincian menu/TC 5 FAILED because (of) Failed to tap on element 'Object Repository/Sidebar Menu/Operasional/Rincian/List Rincian Transaksi 3' (Root cause: Object Object Repository/Sidebar Menu/Operasional/Rincian/List Rincian Transaksi 3 not found)

2018-03-15 13:40:48 - [TEST_STEP][PASSED] - waitForElementPresent: Object Object Repository/Sidebar Menu/Operasional/Rincian/List Rincian Transaksi 3 not found

2018-03-15 13:40:53 - [MESSAGE][WARNING] - Object Object Repository/Sidebar Menu/Operasional/Rincian/List Rincian Transaksi 3 not found

2018-03-15 13:40:53 - [TEST_STEP][FAILED] - tap: Failed to tap on element 'Object Repository/Sidebar Menu/Operasional/Rincian/List Rincian Transaksi 3' (Root cause: Object Object Repository/Sidebar Menu/Operasional/Rincian/List Rincian Transaksi 3 not found)

2018-03-15 13:40:57 - [MESSAGE][FAILED] - Object Object Repository/Sidebar Menu/Operasional/Rincian/List Rincian Transaksi 3 not found

2018-03-15 13:40:57 - [MESSAGE][FAILED] - Failed to tap on element 'Object Repository/Sidebar Menu/Operasional/Rincian/List Rincian Transaksi 3' (Root cause: Object Object Repository/Sidebar Menu/Operasional/Rincian/List Rincian Transaksi 3 not found)]]></system-out>
         <system-err><![CDATA[2018-03-15 13:40:48 - [TEST_CASE][FAILED] - Test Cases/Story 45 - Rincian menu/TC 5: Test Cases/Story 45 - Rincian menu/TC 5 FAILED because (of) Failed to tap on element 'Object Repository/Sidebar Menu/Operasional/Rincian/List Rincian Transaksi 3' (Root cause: Object Object Repository/Sidebar Menu/Operasional/Rincian/List Rincian Transaksi 3 not found)]]></system-err>
      </testcase>
      <testcase name="Test Cases/Story 45 - Rincian menu/TC 6" classname="Test Cases/Story 45 - Rincian menu/TC 6" status="FAILED">
         <failure type="FAILED" message="Failed to tap on element 'Object Repository/Sidebar Menu/Operasional/Rincian/Semua Transaksi (Drop Down)' (Root cause: Object Object Repository/Sidebar Menu/Operasional/Rincian/Semua Transaksi (Drop Down) not found)"/>
         <system-out><![CDATA[2018-03-15 13:40:57 - [TEST_CASE][FAILED] - Test Cases/Story 45 - Rincian menu/TC 6: Test Cases/Story 45 - Rincian menu/TC 6 FAILED because (of) Failed to tap on element 'Object Repository/Sidebar Menu/Operasional/Rincian/Semua Transaksi (Drop Down)' (Root cause: Object Object Repository/Sidebar Menu/Operasional/Rincian/Semua Transaksi (Drop Down) not found)

2018-03-15 13:40:57 - [TEST_STEP][PASSED] - waitForElementPresent: Object Object Repository/Sidebar Menu/Operasional/Rincian/Semua Transaksi (Drop Down) not found

2018-03-15 13:41:00 - [MESSAGE][WARNING] - Object Object Repository/Sidebar Menu/Operasional/Rincian/Semua Transaksi (Drop Down) not found

2018-03-15 13:41:00 - [TEST_STEP][FAILED] - tap: Failed to tap on element 'Object Repository/Sidebar Menu/Operasional/Rincian/Semua Transaksi (Drop Down)' (Root cause: Object Object Repository/Sidebar Menu/Operasional/Rincian/Semua Transaksi (Drop Down) not found)

2018-03-15 13:41:05 - [MESSAGE][FAILED] - Object Object Repository/Sidebar Menu/Operasional/Rincian/Semua Transaksi (Drop Down) not found

2018-03-15 13:41:05 - [MESSAGE][FAILED] - Failed to tap on element 'Object Repository/Sidebar Menu/Operasional/Rincian/Semua Transaksi (Drop Down)' (Root cause: Object Object Repository/Sidebar Menu/Operasional/Rincian/Semua Transaksi (Drop Down) not found)]]></system-out>
         <system-err><![CDATA[2018-03-15 13:40:57 - [TEST_CASE][FAILED] - Test Cases/Story 45 - Rincian menu/TC 6: Test Cases/Story 45 - Rincian menu/TC 6 FAILED because (of) Failed to tap on element 'Object Repository/Sidebar Menu/Operasional/Rincian/Semua Transaksi (Drop Down)' (Root cause: Object Object Repository/Sidebar Menu/Operasional/Rincian/Semua Transaksi (Drop Down) not found)]]></system-err>
      </testcase>
      <testcase name="Test Cases/Story 45 - Rincian menu/TC 7" classname="Test Cases/Story 45 - Rincian menu/TC 7" status="FAILED">
         <failure type="FAILED" message="Failed to tap on element 'Object Repository/Sidebar Menu/Operasional/Rincian/Semua Transaksi (Drop Down)' (Root cause: Object Object Repository/Sidebar Menu/Operasional/Rincian/Semua Transaksi (Drop Down) not found)"/>
         <system-out><![CDATA[2018-03-15 13:41:05 - [TEST_CASE][FAILED] - Test Cases/Story 45 - Rincian menu/TC 7: Test Cases/Story 45 - Rincian menu/TC 7 FAILED because (of) Failed to tap on element 'Object Repository/Sidebar Menu/Operasional/Rincian/Semua Transaksi (Drop Down)' (Root cause: Object Object Repository/Sidebar Menu/Operasional/Rincian/Semua Transaksi (Drop Down) not found)

2018-03-15 13:41:05 - [TEST_STEP][PASSED] - waitForElementPresent: Object Object Repository/Sidebar Menu/Operasional/Rincian/Semua Transaksi (Drop Down) not found

2018-03-15 13:41:08 - [MESSAGE][WARNING] - Object Object Repository/Sidebar Menu/Operasional/Rincian/Semua Transaksi (Drop Down) not found

2018-03-15 13:41:08 - [TEST_STEP][FAILED] - tap: Failed to tap on element 'Object Repository/Sidebar Menu/Operasional/Rincian/Semua Transaksi (Drop Down)' (Root cause: Object Object Repository/Sidebar Menu/Operasional/Rincian/Semua Transaksi (Drop Down) not found)

2018-03-15 13:41:12 - [MESSAGE][FAILED] - Object Object Repository/Sidebar Menu/Operasional/Rincian/Semua Transaksi (Drop Down) not found

2018-03-15 13:41:12 - [MESSAGE][FAILED] - Failed to tap on element 'Object Repository/Sidebar Menu/Operasional/Rincian/Semua Transaksi (Drop Down)' (Root cause: Object Object Repository/Sidebar Menu/Operasional/Rincian/Semua Transaksi (Drop Down) not found)]]></system-out>
         <system-err><![CDATA[2018-03-15 13:41:05 - [TEST_CASE][FAILED] - Test Cases/Story 45 - Rincian menu/TC 7: Test Cases/Story 45 - Rincian menu/TC 7 FAILED because (of) Failed to tap on element 'Object Repository/Sidebar Menu/Operasional/Rincian/Semua Transaksi (Drop Down)' (Root cause: Object Object Repository/Sidebar Menu/Operasional/Rincian/Semua Transaksi (Drop Down) not found)]]></system-err>
      </testcase>
      <system-out><![CDATA[2018-03-15 13:39:49 - [TEST_SUITE][FAILED] - Story 45: Test Cases/Story 45 - Rincian menu/TC 2 FAILED because (of) Failed to tap on element 'Object Repository/Sidebar Menu/Operasional/Rincian/1 Maret 2018' (Root cause: Object Object Repository/Sidebar Menu/Operasional/Rincian/1 Maret 2018 not found)]]></system-out>
      <system-err><![CDATA[2018-03-15 13:39:49 - [TEST_SUITE][FAILED] - Story 45: Test Cases/Story 45 - Rincian menu/TC 2 FAILED because (of) Failed to tap on element 'Object Repository/Sidebar Menu/Operasional/Rincian/1 Maret 2018' (Root cause: Object Object Repository/Sidebar Menu/Operasional/Rincian/1 Maret 2018 not found)]]></system-err>
   </testsuite>
</testsuites>
