<?xml version="1.0" encoding="UTF-8"?>
<testsuites name="Story 26" time="147" tests="1" failures="9" errors="0">
   <testsuite name="Story 26" tests="1" failures="9" errors="0" time="147" timestamp="2018-03-22 15:33:38" hostname="AV2017005903 - NBMP18A211ITSQA.corp.bankbtpn.co.id" id="Test Suites/Story 26">
      <properties>
         <property name="deviceName" value="asus ASUS_X014D 5.1.1"/>
         <property name="devicePlatform" value=""/>
         <property name="logFolder" value="C:\\Users\\AV2017005903\\Documents\\apollo-automation\\Reports\\Story 26\\20180322_153336"/>
         <property name="logFiles" value="C:\\Users\\AV2017005903\\Documents\\apollo-automation\\Reports\\Story 26\\20180322_153336\\appium.log, C:\\Users\\AV2017005903\\Documents\\apollo-automation\\Reports\\Story 26\\20180322_153336\\execution0.log"/>
         <property name="attachments" value=""/>
         <property name="hostName" value="AV2017005903 - NBMP18A211ITSQA.corp.bankbtpn.co.id"/>
         <property name="os" value="Windows 10 64bit"/>
         <property name="katalonVersion" value="5.0.0.1"/>
         <property name="deviceOS" value="Android"/>
         <property name="appiumVersion" value="1.6.5"/>
         <property name="deviceModel" value="ASUS_X014D"/>
         <property name="hostAddress" value="10.5.109.131"/>
         <property name="deviceManufacturer" value="asus"/>
         <property name="deviceId" value="GBAXGV411465ERX"/>
         <property name="deviceName" value="asus ASUS_X014D 5.1.1"/>
         <property name="deviceOSVersion" value="5.1.1"/>
      </properties>
      <testcase name="Test Cases/Story 26 -Kelola Stok Final/TC 1" classname="Test Cases/Story 26 -Kelola Stok Final/TC 1" status="FAILED">
         <failure type="FAILED" message="Failed to tap on element 'Object Repository/Login/InputPin' (Root cause: Object Object Repository/Login/InputPin not found)"/>
         <system-out><![CDATA[2018-03-22 15:33:38 - [TEST_CASE][FAILED] - Test Cases/Story 26 -Kelola Stok Final/TC 1: Test Cases/Story 26 -Kelola Stok Final/TC 1 FAILED because (of) Failed to tap on element 'Object Repository/Login/InputPin' (Root cause: Object Object Repository/Login/InputPin not found)

2018-03-22 15:33:39 - [TEST_STEP][PASSED] - comment: Start Story 26

2018-03-22 15:33:39 - [TEST_STEP][PASSED] - Statement - apkPath = apkName: null

2018-03-22 15:33:39 - [TEST_STEP][PASSED] - startApplication: Started app at: 'C:\Users\AV2017005903\Documents\apollo-automation\13 Maret 17.23.apk'

2018-03-22 15:33:56 - [MESSAGE][PASSED] - Started app at: 'C:\Users\AV2017005903\Documents\apollo-automation\13 Maret 17.23.apk'

2018-03-22 15:33:56 - [TEST_STEP][NOT_RUN] - verifyElementExist: NOT_RUN: verifyElementExist

2018-03-22 15:33:56 - [MESSAGE][NOT_RUN] - NOT_RUN: verifyElementExist

2018-03-22 15:33:56 - [TEST_STEP][NOT_RUN] - tap: NOT_RUN: tap

2018-03-22 15:33:56 - [MESSAGE][NOT_RUN] - NOT_RUN: tap

2018-03-22 15:33:56 - [TEST_STEP][PASSED] - delay: Delayed 10 second(s)

2018-03-22 15:34:06 - [MESSAGE][PASSED] - Delayed 10 second(s)

2018-03-22 15:34:06 - [TEST_STEP][PASSED] - tap: Tapped on element 'Object Repository/Login/Nomor HP  Nama Pengguna - Text Box'

2018-03-22 15:34:06 - [MESSAGE][PASSED] - Tapped on element 'Object Repository/Login/Nomor HP  Nama Pengguna - Text Box'

2018-03-22 15:34:06 - [TEST_STEP][PASSED] - setText: Text 'Yessi' has been set to element 'Object Repository/Login/Nomor HP  Nama Pengguna - Text Box'

2018-03-22 15:34:16 - [MESSAGE][PASSED] - Text 'Yessi' has been set to element 'Object Repository/Login/Nomor HP  Nama Pengguna - Text Box'

2018-03-22 15:34:16 - [TEST_STEP][PASSED] - hideKeyboard: Keyboard is hidden

2018-03-22 15:34:18 - [MESSAGE][PASSED] - Keyboard is hidden

2018-03-22 15:34:18 - [TEST_STEP][PASSED] - tap: Tapped on element 'Object Repository/Login/Button Masuk'

2018-03-22 15:34:18 - [MESSAGE][PASSED] - Tapped on element 'Object Repository/Login/Button Masuk'

2018-03-22 15:34:18 - [TEST_STEP][PASSED] - waitForElementPresent: Element 'Object Repository/Login/Button Masuk' is present

2018-03-22 15:34:18 - [MESSAGE][PASSED] - Element 'Object Repository/Login/Button Masuk' is present

2018-03-22 15:34:18 - [TEST_STEP][FAILED] - tap: Failed to tap on element 'Object Repository/Login/InputPin' (Root cause: Object Object Repository/Login/InputPin not found)

2018-03-22 15:34:21 - [MESSAGE][FAILED] - Object Object Repository/Login/InputPin not found

2018-03-22 15:34:21 - [MESSAGE][FAILED] - Failed to tap on element 'Object Repository/Login/InputPin' (Root cause: Object Object Repository/Login/InputPin not found)]]></system-out>
         <system-err><![CDATA[2018-03-22 15:33:38 - [TEST_CASE][FAILED] - Test Cases/Story 26 -Kelola Stok Final/TC 1: Test Cases/Story 26 -Kelola Stok Final/TC 1 FAILED because (of) Failed to tap on element 'Object Repository/Login/InputPin' (Root cause: Object Object Repository/Login/InputPin not found)]]></system-err>
      </testcase>
      <testcase name="Test Cases/Story 26 -Kelola Stok Final/TC 2" classname="Test Cases/Story 26 -Kelola Stok Final/TC 2" status="FAILED">
         <failure type="FAILED" message="Failed to tap on element 'Object Repository/Sidebar Menu/Operasional/Stock/Stock View/Semua Kategori - Drop Down' (Root cause: Object Object Repository/Sidebar Menu/Operasional/Stock/Stock View/Semua Kategori - Drop Down not found)"/>
         <system-out><![CDATA[2018-03-22 15:34:21 - [TEST_CASE][FAILED] - Test Cases/Story 26 -Kelola Stok Final/TC 2: Test Cases/Story 26 -Kelola Stok Final/TC 2 FAILED because (of) Failed to tap on element 'Object Repository/Sidebar Menu/Operasional/Stock/Stock View/Semua Kategori - Drop Down' (Root cause: Object Object Repository/Sidebar Menu/Operasional/Stock/Stock View/Semua Kategori - Drop Down not found)

2018-03-22 15:34:21 - [TEST_STEP][PASSED] - waitForElementPresent: Object Object Repository/Sidebar Menu/Operasional/Stock/Stock View/Semua Kategori - Drop Down not found

2018-03-22 15:34:26 - [MESSAGE][WARNING] - Object Object Repository/Sidebar Menu/Operasional/Stock/Stock View/Semua Kategori - Drop Down not found

2018-03-22 15:34:26 - [TEST_STEP][FAILED] - tap: Failed to tap on element 'Object Repository/Sidebar Menu/Operasional/Stock/Stock View/Semua Kategori - Drop Down' (Root cause: Object Object Repository/Sidebar Menu/Operasional/Stock/Stock View/Semua Kategori - Drop Down not found)

2018-03-22 15:34:37 - [MESSAGE][FAILED] - Object Object Repository/Sidebar Menu/Operasional/Stock/Stock View/Semua Kategori - Drop Down not found

2018-03-22 15:34:37 - [MESSAGE][FAILED] - Failed to tap on element 'Object Repository/Sidebar Menu/Operasional/Stock/Stock View/Semua Kategori - Drop Down' (Root cause: Object Object Repository/Sidebar Menu/Operasional/Stock/Stock View/Semua Kategori - Drop Down not found)]]></system-out>
         <system-err><![CDATA[2018-03-22 15:34:21 - [TEST_CASE][FAILED] - Test Cases/Story 26 -Kelola Stok Final/TC 2: Test Cases/Story 26 -Kelola Stok Final/TC 2 FAILED because (of) Failed to tap on element 'Object Repository/Sidebar Menu/Operasional/Stock/Stock View/Semua Kategori - Drop Down' (Root cause: Object Object Repository/Sidebar Menu/Operasional/Stock/Stock View/Semua Kategori - Drop Down not found)]]></system-err>
      </testcase>
      <testcase name="Test Cases/Story 26 -Kelola Stok Final/TC 3" classname="Test Cases/Story 26 -Kelola Stok Final/TC 3" status="FAILED">
         <failure type="FAILED" message="Failed to tap on element 'Object Repository/Sidebar Menu/Operasional/Stock/Stock View/Semua Kategori - Drop Down' (Root cause: Object Object Repository/Sidebar Menu/Operasional/Stock/Stock View/Semua Kategori - Drop Down not found)"/>
         <system-out><![CDATA[2018-03-22 15:34:37 - [TEST_CASE][FAILED] - Test Cases/Story 26 -Kelola Stok Final/TC 3: Test Cases/Story 26 -Kelola Stok Final/TC 3 FAILED because (of) Failed to tap on element 'Object Repository/Sidebar Menu/Operasional/Stock/Stock View/Semua Kategori - Drop Down' (Root cause: Object Object Repository/Sidebar Menu/Operasional/Stock/Stock View/Semua Kategori - Drop Down not found)

2018-03-22 15:34:37 - [TEST_STEP][PASSED] - waitForElementPresent: Object Object Repository/Sidebar Menu/Operasional/Stock/Stock View/Semua Kategori - Drop Down not found

2018-03-22 15:34:42 - [MESSAGE][WARNING] - Object Object Repository/Sidebar Menu/Operasional/Stock/Stock View/Semua Kategori - Drop Down not found

2018-03-22 15:34:42 - [TEST_STEP][FAILED] - tap: Failed to tap on element 'Object Repository/Sidebar Menu/Operasional/Stock/Stock View/Semua Kategori - Drop Down' (Root cause: Object Object Repository/Sidebar Menu/Operasional/Stock/Stock View/Semua Kategori - Drop Down not found)

2018-03-22 15:34:47 - [MESSAGE][FAILED] - Object Object Repository/Sidebar Menu/Operasional/Stock/Stock View/Semua Kategori - Drop Down not found

2018-03-22 15:34:47 - [MESSAGE][FAILED] - Failed to tap on element 'Object Repository/Sidebar Menu/Operasional/Stock/Stock View/Semua Kategori - Drop Down' (Root cause: Object Object Repository/Sidebar Menu/Operasional/Stock/Stock View/Semua Kategori - Drop Down not found)]]></system-out>
         <system-err><![CDATA[2018-03-22 15:34:37 - [TEST_CASE][FAILED] - Test Cases/Story 26 -Kelola Stok Final/TC 3: Test Cases/Story 26 -Kelola Stok Final/TC 3 FAILED because (of) Failed to tap on element 'Object Repository/Sidebar Menu/Operasional/Stock/Stock View/Semua Kategori - Drop Down' (Root cause: Object Object Repository/Sidebar Menu/Operasional/Stock/Stock View/Semua Kategori - Drop Down not found)]]></system-err>
      </testcase>
      <testcase name="Test Cases/Story 26 -Kelola Stok Final/TC 4" classname="Test Cases/Story 26 -Kelola Stok Final/TC 4" status="FAILED">
         <failure type="FAILED" message="Failed to clear text of element (Root cause: Element 'Object Repository/Sidebar Menu/Operasional/Stock/Stock View/Cari Produk - Parent' not found)"/>
         <system-out><![CDATA[2018-03-22 15:34:47 - [TEST_CASE][FAILED] - Test Cases/Story 26 -Kelola Stok Final/TC 4: Test Cases/Story 26 -Kelola Stok Final/TC 4 FAILED because (of) Failed to clear text of element (Root cause: Element 'Object Repository/Sidebar Menu/Operasional/Stock/Stock View/Cari Produk - Parent' not found)

2018-03-22 15:34:47 - [TEST_STEP][PASSED] - waitForElementPresent: Object Object Repository/Sidebar Menu/Operasional/Stock/Stock View/Cari Produk - Parent not found

2018-03-22 15:34:52 - [MESSAGE][WARNING] - Object Object Repository/Sidebar Menu/Operasional/Stock/Stock View/Cari Produk - Parent not found

2018-03-22 15:34:52 - [TEST_STEP][FAILED] - clearText: Failed to clear text of element (Root cause: Element 'Object Repository/Sidebar Menu/Operasional/Stock/Stock View/Cari Produk - Parent' not found)

2018-03-22 15:34:57 - [MESSAGE][FAILED] - Element 'Object Repository/Sidebar Menu/Operasional/Stock/Stock View/Cari Produk - Parent' not found

2018-03-22 15:34:57 - [MESSAGE][FAILED] - Failed to clear text of element (Root cause: Element 'Object Repository/Sidebar Menu/Operasional/Stock/Stock View/Cari Produk - Parent' not found)]]></system-out>
         <system-err><![CDATA[2018-03-22 15:34:47 - [TEST_CASE][FAILED] - Test Cases/Story 26 -Kelola Stok Final/TC 4: Test Cases/Story 26 -Kelola Stok Final/TC 4 FAILED because (of) Failed to clear text of element (Root cause: Element 'Object Repository/Sidebar Menu/Operasional/Stock/Stock View/Cari Produk - Parent' not found)]]></system-err>
      </testcase>
      <testcase name="Test Cases/Story 26 -Kelola Stok Final/TC 5" classname="Test Cases/Story 26 -Kelola Stok Final/TC 5" status="FAILED">
         <failure type="FAILED" message="Failed to tap on element 'Object Repository/Sidebar Menu/Operasional/Stock/Stock View/Cari Produk - Parent' (Root cause: Object Object Repository/Sidebar Menu/Operasional/Stock/Stock View/Cari Produk - Parent not found)"/>
         <system-out><![CDATA[2018-03-22 15:34:57 - [TEST_CASE][FAILED] - Test Cases/Story 26 -Kelola Stok Final/TC 5: Test Cases/Story 26 -Kelola Stok Final/TC 5 FAILED because (of) Failed to tap on element 'Object Repository/Sidebar Menu/Operasional/Stock/Stock View/Cari Produk - Parent' (Root cause: Object Object Repository/Sidebar Menu/Operasional/Stock/Stock View/Cari Produk - Parent not found)

2018-03-22 15:34:58 - [TEST_STEP][PASSED] - waitForElementPresent: Object Object Repository/Sidebar Menu/Operasional/Stock/Stock View/Cari Produk - Parent not found

2018-03-22 15:35:03 - [MESSAGE][WARNING] - Object Object Repository/Sidebar Menu/Operasional/Stock/Stock View/Cari Produk - Parent not found

2018-03-22 15:35:03 - [TEST_STEP][FAILED] - tap: Failed to tap on element 'Object Repository/Sidebar Menu/Operasional/Stock/Stock View/Cari Produk - Parent' (Root cause: Object Object Repository/Sidebar Menu/Operasional/Stock/Stock View/Cari Produk - Parent not found)

2018-03-22 15:35:08 - [MESSAGE][FAILED] - Object Object Repository/Sidebar Menu/Operasional/Stock/Stock View/Cari Produk - Parent not found

2018-03-22 15:35:08 - [MESSAGE][FAILED] - Failed to tap on element 'Object Repository/Sidebar Menu/Operasional/Stock/Stock View/Cari Produk - Parent' (Root cause: Object Object Repository/Sidebar Menu/Operasional/Stock/Stock View/Cari Produk - Parent not found)]]></system-out>
         <system-err><![CDATA[2018-03-22 15:34:57 - [TEST_CASE][FAILED] - Test Cases/Story 26 -Kelola Stok Final/TC 5: Test Cases/Story 26 -Kelola Stok Final/TC 5 FAILED because (of) Failed to tap on element 'Object Repository/Sidebar Menu/Operasional/Stock/Stock View/Cari Produk - Parent' (Root cause: Object Object Repository/Sidebar Menu/Operasional/Stock/Stock View/Cari Produk - Parent not found)]]></system-err>
      </testcase>
      <testcase name="Test Cases/Story 26 -Kelola Stok Final/TC 6" classname="Test Cases/Story 26 -Kelola Stok Final/TC 6" status="FAILED">
         <failure type="FAILED" message="Failed to clear text of element (Root cause: Element 'Object Repository/Sidebar Menu/Operasional/Stock/Stock View/Cari Produk - Parent' not found)"/>
         <system-out><![CDATA[2018-03-22 15:35:08 - [TEST_CASE][FAILED] - Test Cases/Story 26 -Kelola Stok Final/TC 6: Test Cases/Story 26 -Kelola Stok Final/TC 6 FAILED because (of) Failed to clear text of element (Root cause: Element 'Object Repository/Sidebar Menu/Operasional/Stock/Stock View/Cari Produk - Parent' not found)

2018-03-22 15:35:08 - [TEST_STEP][FAILED] - clearText: Failed to clear text of element (Root cause: Element 'Object Repository/Sidebar Menu/Operasional/Stock/Stock View/Cari Produk - Parent' not found)

2018-03-22 15:35:13 - [MESSAGE][FAILED] - Element 'Object Repository/Sidebar Menu/Operasional/Stock/Stock View/Cari Produk - Parent' not found

2018-03-22 15:35:13 - [MESSAGE][FAILED] - Failed to clear text of element (Root cause: Element 'Object Repository/Sidebar Menu/Operasional/Stock/Stock View/Cari Produk - Parent' not found)]]></system-out>
         <system-err><![CDATA[2018-03-22 15:35:08 - [TEST_CASE][FAILED] - Test Cases/Story 26 -Kelola Stok Final/TC 6: Test Cases/Story 26 -Kelola Stok Final/TC 6 FAILED because (of) Failed to clear text of element (Root cause: Element 'Object Repository/Sidebar Menu/Operasional/Stock/Stock View/Cari Produk - Parent' not found)]]></system-err>
      </testcase>
      <testcase name="Test Cases/Story 26 -Kelola Stok Final/TC 7" classname="Test Cases/Story 26 -Kelola Stok Final/TC 7" status="FAILED">
         <failure type="FAILED" message="Failed to clear text of element (Root cause: Element 'Object Repository/Sidebar Menu/Operasional/Stock/Stock View/Cari Produk - Parent' not found)"/>
         <system-out><![CDATA[2018-03-22 15:35:13 - [TEST_CASE][FAILED] - Test Cases/Story 26 -Kelola Stok Final/TC 7: Test Cases/Story 26 -Kelola Stok Final/TC 7 FAILED because (of) Failed to clear text of element (Root cause: Element 'Object Repository/Sidebar Menu/Operasional/Stock/Stock View/Cari Produk - Parent' not found)

2018-03-22 15:35:13 - [TEST_STEP][FAILED] - clearText: Failed to clear text of element (Root cause: Element 'Object Repository/Sidebar Menu/Operasional/Stock/Stock View/Cari Produk - Parent' not found)

2018-03-22 15:35:18 - [MESSAGE][FAILED] - Element 'Object Repository/Sidebar Menu/Operasional/Stock/Stock View/Cari Produk - Parent' not found

2018-03-22 15:35:18 - [MESSAGE][FAILED] - Failed to clear text of element (Root cause: Element 'Object Repository/Sidebar Menu/Operasional/Stock/Stock View/Cari Produk - Parent' not found)]]></system-out>
         <system-err><![CDATA[2018-03-22 15:35:13 - [TEST_CASE][FAILED] - Test Cases/Story 26 -Kelola Stok Final/TC 7: Test Cases/Story 26 -Kelola Stok Final/TC 7 FAILED because (of) Failed to clear text of element (Root cause: Element 'Object Repository/Sidebar Menu/Operasional/Stock/Stock View/Cari Produk - Parent' not found)]]></system-err>
      </testcase>
      <testcase name="Test Cases/Story 26 -Kelola Stok Final/TC 8" classname="Test Cases/Story 26 -Kelola Stok Final/TC 8" status="FAILED">
         <failure type="FAILED" message="Failed to tap on element 'Object Repository/Sidebar Menu/Operasional/Stock/Stock View/Semua Kategori - Drop Down' (Root cause: Object Object Repository/Sidebar Menu/Operasional/Stock/Stock View/Semua Kategori - Drop Down not found)"/>
         <system-out><![CDATA[2018-03-22 15:35:18 - [TEST_CASE][FAILED] - Test Cases/Story 26 -Kelola Stok Final/TC 8: Test Cases/Story 26 -Kelola Stok Final/TC 8 FAILED because (of) Failed to tap on element 'Object Repository/Sidebar Menu/Operasional/Stock/Stock View/Semua Kategori - Drop Down' (Root cause: Object Object Repository/Sidebar Menu/Operasional/Stock/Stock View/Semua Kategori - Drop Down not found)

2018-03-22 15:35:18 - [TEST_STEP][PASSED] - waitForElementPresent: Object Object Repository/Sidebar Menu/Operasional/Stock/Stock View/Semua Kategori - Drop Down not found

2018-03-22 15:35:24 - [MESSAGE][WARNING] - Object Object Repository/Sidebar Menu/Operasional/Stock/Stock View/Semua Kategori - Drop Down not found

2018-03-22 15:35:24 - [TEST_STEP][FAILED] - tap: Failed to tap on element 'Object Repository/Sidebar Menu/Operasional/Stock/Stock View/Semua Kategori - Drop Down' (Root cause: Object Object Repository/Sidebar Menu/Operasional/Stock/Stock View/Semua Kategori - Drop Down not found)

2018-03-22 15:35:29 - [MESSAGE][FAILED] - Object Object Repository/Sidebar Menu/Operasional/Stock/Stock View/Semua Kategori - Drop Down not found

2018-03-22 15:35:29 - [MESSAGE][FAILED] - Failed to tap on element 'Object Repository/Sidebar Menu/Operasional/Stock/Stock View/Semua Kategori - Drop Down' (Root cause: Object Object Repository/Sidebar Menu/Operasional/Stock/Stock View/Semua Kategori - Drop Down not found)]]></system-out>
         <system-err><![CDATA[2018-03-22 15:35:18 - [TEST_CASE][FAILED] - Test Cases/Story 26 -Kelola Stok Final/TC 8: Test Cases/Story 26 -Kelola Stok Final/TC 8 FAILED because (of) Failed to tap on element 'Object Repository/Sidebar Menu/Operasional/Stock/Stock View/Semua Kategori - Drop Down' (Root cause: Object Object Repository/Sidebar Menu/Operasional/Stock/Stock View/Semua Kategori - Drop Down not found)]]></system-err>
      </testcase>
      <testcase name="Test Cases/Story 26 -Kelola Stok Final/TC 9" classname="Test Cases/Story 26 -Kelola Stok Final/TC 9" status="PASSED">
         <system-out><![CDATA[2018-03-22 15:35:29 - [TEST_CASE][PASSED] - Test Cases/Story 26 -Kelola Stok Final/TC 9: Test Cases/Story 26 -Kelola Stok Final/TC 9

2018-03-22 15:35:29 - [TEST_STEP][PASSED] - Statement - For (def index : (0..3)): Delayed 5 second(s)

2018-03-22 15:35:29 - [TEST_STEP][PASSED] - swipe: Swiped from 0,642 to 0,399

2018-03-22 15:35:30 - [MESSAGE][PASSED] - Swiped from 0,642 to 0,399

2018-03-22 15:35:30 - [TEST_STEP][PASSED] - delay: Delayed 5 second(s)

2018-03-22 15:35:35 - [MESSAGE][PASSED] - Delayed 5 second(s)

2018-03-22 15:35:35 - [TEST_STEP][PASSED] - swipe: Swiped from 0,642 to 0,399

2018-03-22 15:35:35 - [MESSAGE][PASSED] - Swiped from 0,642 to 0,399

2018-03-22 15:35:35 - [TEST_STEP][PASSED] - delay: Delayed 5 second(s)

2018-03-22 15:35:40 - [MESSAGE][PASSED] - Delayed 5 second(s)

2018-03-22 15:35:40 - [TEST_STEP][PASSED] - swipe: Swiped from 0,642 to 0,399

2018-03-22 15:35:41 - [MESSAGE][PASSED] - Swiped from 0,642 to 0,399

2018-03-22 15:35:41 - [TEST_STEP][PASSED] - delay: Delayed 5 second(s)

2018-03-22 15:35:46 - [MESSAGE][PASSED] - Delayed 5 second(s)

2018-03-22 15:35:46 - [TEST_STEP][PASSED] - swipe: Swiped from 0,642 to 0,399

2018-03-22 15:35:47 - [MESSAGE][PASSED] - Swiped from 0,642 to 0,399

2018-03-22 15:35:47 - [TEST_STEP][PASSED] - delay: Delayed 5 second(s)

2018-03-22 15:35:52 - [MESSAGE][PASSED] - Delayed 5 second(s)]]></system-out>
         <system-err><![CDATA[]]></system-err>
      </testcase>
      <testcase name="Test Cases/Story 26 -Kelola Stok Final/TC 10" classname="Test Cases/Story 26 -Kelola Stok Final/TC 10" status="FAILED">
         <failure type="FAILED" message="Failed to tap on element 'Object Repository/Sidebar Menu/Operasional/Stock/Tambah Barang/Tambah Barang Button' (Root cause: Object Object Repository/Sidebar Menu/Operasional/Stock/Tambah Barang/Tambah Barang Button not found)"/>
         <system-out><![CDATA[2018-03-22 15:35:52 - [TEST_CASE][FAILED] - Test Cases/Story 26 -Kelola Stok Final/TC 10: Test Cases/Story 26 -Kelola Stok Final/TC 10 FAILED because (of) Failed to tap on element 'Object Repository/Sidebar Menu/Operasional/Stock/Tambah Barang/Tambah Barang Button' (Root cause: Object Object Repository/Sidebar Menu/Operasional/Stock/Tambah Barang/Tambah Barang Button not found)

2018-03-22 15:35:52 - [TEST_STEP][PASSED] - waitForElementPresent: Object Object Repository/Sidebar Menu/Operasional/Stock/Tambah Barang/Tambah Barang Button not found

2018-03-22 15:35:57 - [MESSAGE][WARNING] - Object Object Repository/Sidebar Menu/Operasional/Stock/Tambah Barang/Tambah Barang Button not found

2018-03-22 15:35:57 - [TEST_STEP][FAILED] - tap: Failed to tap on element 'Object Repository/Sidebar Menu/Operasional/Stock/Tambah Barang/Tambah Barang Button' (Root cause: Object Object Repository/Sidebar Menu/Operasional/Stock/Tambah Barang/Tambah Barang Button not found)

2018-03-22 15:36:02 - [MESSAGE][FAILED] - Object Object Repository/Sidebar Menu/Operasional/Stock/Tambah Barang/Tambah Barang Button not found

2018-03-22 15:36:02 - [MESSAGE][FAILED] - Failed to tap on element 'Object Repository/Sidebar Menu/Operasional/Stock/Tambah Barang/Tambah Barang Button' (Root cause: Object Object Repository/Sidebar Menu/Operasional/Stock/Tambah Barang/Tambah Barang Button not found)]]></system-out>
         <system-err><![CDATA[2018-03-22 15:35:52 - [TEST_CASE][FAILED] - Test Cases/Story 26 -Kelola Stok Final/TC 10: Test Cases/Story 26 -Kelola Stok Final/TC 10 FAILED because (of) Failed to tap on element 'Object Repository/Sidebar Menu/Operasional/Stock/Tambah Barang/Tambah Barang Button' (Root cause: Object Object Repository/Sidebar Menu/Operasional/Stock/Tambah Barang/Tambah Barang Button not found)]]></system-err>
      </testcase>
      <system-out><![CDATA[2018-03-22 15:33:38 - [TEST_SUITE][FAILED] - Story 26: Test Cases/Story 26 -Kelola Stok Final/TC 1 FAILED because (of) Failed to tap on element 'Object Repository/Login/InputPin' (Root cause: Object Object Repository/Login/InputPin not found)]]></system-out>
      <system-err><![CDATA[2018-03-22 15:33:38 - [TEST_SUITE][FAILED] - Story 26: Test Cases/Story 26 -Kelola Stok Final/TC 1 FAILED because (of) Failed to tap on element 'Object Repository/Login/InputPin' (Root cause: Object Object Repository/Login/InputPin not found)]]></system-err>
   </testsuite>
</testsuites>
