<?xml version="1.0" encoding="UTF-8"?>
<testsuites name="Sprint 2" time="1336" tests="6" failures="2" errors="0">
   <testsuite name="Sprint 2" tests="6" failures="2" errors="0" time="1336" timestamp="2018-02-21 10:30:43" hostname="AV2017005903 - NBMP18A211ITSQA.corp.bankbtpn.co.id" id="Test Suites/Sprint 2">
      <properties>
         <property name="deviceName" value="asus ASUS_X014D 5.1.1"/>
         <property name="devicePlatform" value=""/>
         <property name="logFolder" value="C:\\Users\\AV2017005903\\Documents\\apollo-automation\\Reports\\Sprint 2\\20180221_103041"/>
         <property name="logFiles" value="C:\\Users\\AV2017005903\\Documents\\apollo-automation\\Reports\\Sprint 2\\20180221_103041\\appium.log, C:\\Users\\AV2017005903\\Documents\\apollo-automation\\Reports\\Sprint 2\\20180221_103041\\execution0.log"/>
         <property name="attachments" value=""/>
         <property name="hostName" value="AV2017005903 - NBMP18A211ITSQA.corp.bankbtpn.co.id"/>
         <property name="os" value="Windows 10 64bit"/>
         <property name="katalonVersion" value="5.0.0.1"/>
         <property name="deviceOS" value="Android"/>
         <property name="appiumVersion" value="1.6.5"/>
         <property name="deviceModel" value="ASUS_X014D"/>
         <property name="hostAddress" value="192.168.17.200"/>
         <property name="deviceManufacturer" value="asus"/>
         <property name="deviceId" value="GBAXGV411465ERX"/>
         <property name="deviceName" value="asus ASUS_X014D 5.1.1"/>
         <property name="deviceOSVersion" value="5.1.1"/>
      </properties>
      <testcase name="Test Cases/Sprint 2/26 - TC - All" classname="Test Cases/Sprint 2/26 - TC - All" status="PASSED">
         <system-out><![CDATA[2018-02-21 10:30:43 - [TEST_CASE][PASSED] - Test Cases/Sprint 2/26 - TC - All: Test Cases/Sprint 2/26 - TC - All

2018-02-21 10:30:44 - [TEST_STEP][PASSED] - comment: Start Story 26

2018-02-21 10:30:44 - [TEST_STEP][PASSED] - Statement - apkPath = com.kms.katalon.core.util.internal.PathUtil.relativeToAbsolutePath(apkName, com.kms.katalon.core.configuration.RunConfiguration.getProjectDir()): null

2018-02-21 10:30:44 - [TEST_STEP][PASSED] - startApplication: Started app at: 'C:\Users\AV2017005903\Documents\apollo-automation\app-development-debug.apk'

2018-02-21 10:31:02 - [MESSAGE][PASSED] - Started app at: 'C:\Users\AV2017005903\Documents\apollo-automation\app-development-debug.apk'

2018-02-21 10:31:02 - [TEST_STEP][PASSED] - tap: Tapped on element 'Object Repository/Login/Daftar Sekarang - Belum Punya Akun'

2018-02-21 10:31:08 - [MESSAGE][PASSED] - Tapped on element 'Object Repository/Login/Daftar Sekarang - Belum Punya Akun'

2018-02-21 10:31:08 - [TEST_STEP][PASSED] - verifyElementExist: Element 'Object Repository/Login/Daftar Sekarang - Belum Punya Akun' is exist

2018-02-21 10:31:08 - [MESSAGE][PASSED] - Element 'Object Repository/Login/Daftar Sekarang - Belum Punya Akun' is exist

2018-02-21 10:31:08 - [TEST_STEP][NOT_RUN] - tap: NOT_RUN: tap

2018-02-21 10:31:08 - [MESSAGE][NOT_RUN] - NOT_RUN: tap

2018-02-21 10:31:08 - [TEST_STEP][NOT_RUN] - setText: NOT_RUN: setText

2018-02-21 10:31:08 - [MESSAGE][NOT_RUN] - NOT_RUN: setText

2018-02-21 10:31:08 - [TEST_STEP][NOT_RUN] - hideKeyboard: NOT_RUN: hideKeyboard

2018-02-21 10:31:08 - [MESSAGE][NOT_RUN] - NOT_RUN: hideKeyboard

2018-02-21 10:31:08 - [TEST_STEP][NOT_RUN] - tap: NOT_RUN: tap

2018-02-21 10:31:08 - [MESSAGE][NOT_RUN] - NOT_RUN: tap

2018-02-21 10:31:08 - [TEST_STEP][NOT_RUN] - waitForElementPresent: NOT_RUN: waitForElementPresent

2018-02-21 10:31:08 - [MESSAGE][NOT_RUN] - NOT_RUN: waitForElementPresent

2018-02-21 10:31:08 - [TEST_STEP][NOT_RUN] - tap: NOT_RUN: tap

2018-02-21 10:31:08 - [MESSAGE][NOT_RUN] - NOT_RUN: tap

2018-02-21 10:31:08 - [TEST_STEP][NOT_RUN] - setText: NOT_RUN: setText

2018-02-21 10:31:08 - [MESSAGE][NOT_RUN] - NOT_RUN: setText

2018-02-21 10:31:08 - [TEST_STEP][PASSED] - waitForElementPresent: Element 'Object Repository/Sidebar Menu/HamburgerButton' is present

2018-02-21 10:31:12 - [MESSAGE][PASSED] - Element 'Object Repository/Sidebar Menu/HamburgerButton' is present

2018-02-21 10:31:12 - [TEST_STEP][PASSED] - tap: Tapped on element 'Object Repository/Sidebar Menu/HamburgerButton'

2018-02-21 10:31:13 - [MESSAGE][PASSED] - Tapped on element 'Object Repository/Sidebar Menu/HamburgerButton'

2018-02-21 10:31:13 - [TEST_STEP][PASSED] - tap: Tapped on element 'Object Repository/Sidebar Menu/Operasional/Operasional - Sidebar Menu'

2018-02-21 10:31:15 - [MESSAGE][PASSED] - Tapped on element 'Object Repository/Sidebar Menu/Operasional/Operasional - Sidebar Menu'

2018-02-21 10:31:15 - [TEST_STEP][PASSED] - tap: Tapped on element 'Object Repository/Sidebar Menu/Operasional/Stock/Stock View/Stok - Navbar Menu'

2018-02-21 10:31:17 - [MESSAGE][PASSED] - Tapped on element 'Object Repository/Sidebar Menu/Operasional/Stock/Stock View/Stok - Navbar Menu'

2018-02-21 10:31:17 - [TEST_STEP][PASSED] - waitForElementPresent: Element 'Object Repository/Sidebar Menu/Operasional/Stock/Stock View/Semua Kategori - Drop Down' is present

2018-02-21 10:31:17 - [MESSAGE][PASSED] - Element 'Object Repository/Sidebar Menu/Operasional/Stock/Stock View/Semua Kategori - Drop Down' is present

2018-02-21 10:31:17 - [TEST_STEP][PASSED] - tap: Tapped on element 'Object Repository/Sidebar Menu/Operasional/Stock/Stock View/Semua Kategori - Drop Down'

2018-02-21 10:31:19 - [MESSAGE][PASSED] - Tapped on element 'Object Repository/Sidebar Menu/Operasional/Stock/Stock View/Semua Kategori - Drop Down'

2018-02-21 10:31:19 - [TEST_STEP][PASSED] - waitForElementPresent: Element 'Object Repository/Sidebar Menu/Operasional/Stock/Stock View/List Kategori - Elemen 2' is present

2018-02-21 10:31:21 - [MESSAGE][PASSED] - Element 'Object Repository/Sidebar Menu/Operasional/Stock/Stock View/List Kategori - Elemen 2' is present

2018-02-21 10:31:21 - [TEST_STEP][PASSED] - tap: Tapped on element 'Object Repository/Sidebar Menu/Operasional/Stock/Stock View/List Kategori - Elemen 2'

2018-02-21 10:31:22 - [MESSAGE][PASSED] - Tapped on element 'Object Repository/Sidebar Menu/Operasional/Stock/Stock View/List Kategori - Elemen 2'

2018-02-21 10:31:22 - [TEST_STEP][PASSED] - tap: Tapped on element 'Object Repository/Sidebar Menu/Operasional/Stock/Stock View/Terapkan - Select Kategori'

2018-02-21 10:31:23 - [MESSAGE][PASSED] - Tapped on element 'Object Repository/Sidebar Menu/Operasional/Stock/Stock View/Terapkan - Select Kategori'

2018-02-21 10:31:23 - [TEST_STEP][PASSED] - tap: Tapped on element 'Object Repository/Sidebar Menu/Operasional/Stock/Stock View/Semua Kategori - Drop Down'

2018-02-21 10:31:26 - [MESSAGE][PASSED] - Tapped on element 'Object Repository/Sidebar Menu/Operasional/Stock/Stock View/Semua Kategori - Drop Down'

2018-02-21 10:31:26 - [TEST_STEP][PASSED] - scrollToText: Scrolling to text 'Makanan' successfully

2018-02-21 10:32:11 - [MESSAGE][PASSED] - Scrolling to text 'Makanan' successfully

2018-02-21 10:32:11 - [TEST_STEP][PASSED] - tap: Tapped on element 'Object Repository/Sidebar Menu/Operasional/Stock/Stock View/List Kategori - Elemen Makanan'

2018-02-21 10:32:12 - [MESSAGE][PASSED] - Tapped on element 'Object Repository/Sidebar Menu/Operasional/Stock/Stock View/List Kategori - Elemen Makanan'

2018-02-21 10:32:12 - [TEST_STEP][PASSED] - verifyElementNotChecked: Element 'Object Repository/Sidebar Menu/Operasional/Stock/Stock View/List Kategori - Elemen Makanan' is not checked

2018-02-21 10:32:12 - [MESSAGE][PASSED] - Element 'Object Repository/Sidebar Menu/Operasional/Stock/Stock View/List Kategori - Elemen Makanan' is not checked

2018-02-21 10:32:12 - [TEST_STEP][PASSED] - tap: Tapped on element 'Object Repository/Sidebar Menu/Operasional/Stock/Stock View/Terapkan - Select Kategori'

2018-02-21 10:32:12 - [MESSAGE][PASSED] - Tapped on element 'Object Repository/Sidebar Menu/Operasional/Stock/Stock View/Terapkan - Select Kategori'

2018-02-21 10:32:12 - [TEST_STEP][PASSED] - waitForElementPresent: Element 'Object Repository/Sidebar Menu/Operasional/Stock/Stock View/Semua Kategori - Drop Down' is present

2018-02-21 10:32:16 - [MESSAGE][PASSED] - Element 'Object Repository/Sidebar Menu/Operasional/Stock/Stock View/Semua Kategori - Drop Down' is present

2018-02-21 10:32:16 - [TEST_STEP][PASSED] - tap: Tapped on element 'Object Repository/Sidebar Menu/Operasional/Stock/Stock View/Semua Kategori - Drop Down'

2018-02-21 10:32:17 - [MESSAGE][PASSED] - Tapped on element 'Object Repository/Sidebar Menu/Operasional/Stock/Stock View/Semua Kategori - Drop Down'

2018-02-21 10:32:17 - [TEST_STEP][PASSED] - tap: Tapped on element 'Object Repository/Sidebar Menu/Operasional/Stock/Stock View/List Kategori - Elemen 0'

2018-02-21 10:32:19 - [MESSAGE][PASSED] - Tapped on element 'Object Repository/Sidebar Menu/Operasional/Stock/Stock View/List Kategori - Elemen 0'

2018-02-21 10:32:19 - [TEST_STEP][PASSED] - tap: Tapped on element 'Object Repository/Sidebar Menu/Operasional/Stock/Stock View/Terapkan - Select Kategori'

2018-02-21 10:32:20 - [MESSAGE][PASSED] - Tapped on element 'Object Repository/Sidebar Menu/Operasional/Stock/Stock View/Terapkan - Select Kategori'

2018-02-21 10:32:20 - [TEST_STEP][PASSED] - tap: Tapped on element 'Object Repository/Sidebar Menu/Operasional/Stock/Stock View/Cari Produk - Parent'

2018-02-21 10:32:22 - [MESSAGE][PASSED] - Tapped on element 'Object Repository/Sidebar Menu/Operasional/Stock/Stock View/Cari Produk - Parent'

2018-02-21 10:32:22 - [TEST_STEP][PASSED] - setText: Text 'Jambu' has been set to element 'Object Repository/Sidebar Menu/Operasional/Stock/Stock View/Cari Produk - Parent'

2018-02-21 10:32:33 - [MESSAGE][PASSED] - Text 'Jambu' has been set to element 'Object Repository/Sidebar Menu/Operasional/Stock/Stock View/Cari Produk - Parent'

2018-02-21 10:32:33 - [TEST_STEP][PASSED] - verifyElementNotChecked: Element 'Object Repository/Sidebar Menu/Operasional/Stock/Stock View/Cari Produk - Parent' is not checked

2018-02-21 10:32:34 - [MESSAGE][PASSED] - Element 'Object Repository/Sidebar Menu/Operasional/Stock/Stock View/Cari Produk - Parent' is not checked

2018-02-21 10:32:34 - [TEST_STEP][PASSED] - getText: Text of element 'Object Repository/Sidebar Menu/Operasional/Stock/Stock View/Cari Produk - Parent' is: 'Jambu'

2018-02-21 10:32:34 - [MESSAGE][PASSED] - Text of element 'Object Repository/Sidebar Menu/Operasional/Stock/Stock View/Cari Produk - Parent' is: 'Jambu'

2018-02-21 10:32:34 - [TEST_STEP][PASSED] - waitForElementPresent: Element 'Object Repository/Sidebar Menu/Operasional/Stock/Stock View/Cari Produk - Parent' is present

2018-02-21 10:32:36 - [MESSAGE][PASSED] - Element 'Object Repository/Sidebar Menu/Operasional/Stock/Stock View/Cari Produk - Parent' is present

2018-02-21 10:32:36 - [TEST_STEP][PASSED] - clearText: Element 'Object Repository/Sidebar Menu/Operasional/Stock/Stock View/Cari Produk - Parent' text is cleared

2018-02-21 10:32:38 - [MESSAGE][PASSED] - Element 'Object Repository/Sidebar Menu/Operasional/Stock/Stock View/Cari Produk - Parent' text is cleared

2018-02-21 10:32:38 - [TEST_STEP][PASSED] - tap: Tapped on element 'Object Repository/Sidebar Menu/Operasional/Stock/Stock View/Semua Kategori - Drop Down'

2018-02-21 10:32:39 - [MESSAGE][PASSED] - Tapped on element 'Object Repository/Sidebar Menu/Operasional/Stock/Stock View/Semua Kategori - Drop Down'

2018-02-21 10:32:39 - [TEST_STEP][PASSED] - scrollToText: Scrolling to text 'Makanan' successfully

2018-02-21 10:33:26 - [MESSAGE][PASSED] - Scrolling to text 'Makanan' successfully

2018-02-21 10:33:26 - [TEST_STEP][PASSED] - tap: Tapped on element 'Object Repository/Sidebar Menu/Operasional/Stock/Stock View/List Kategori - Elemen Makanan'

2018-02-21 10:33:27 - [MESSAGE][PASSED] - Tapped on element 'Object Repository/Sidebar Menu/Operasional/Stock/Stock View/List Kategori - Elemen Makanan'

2018-02-21 10:33:27 - [TEST_STEP][PASSED] - verifyElementNotChecked: Element 'Object Repository/Sidebar Menu/Operasional/Stock/Stock View/List Kategori - Elemen Makanan' is not checked

2018-02-21 10:33:27 - [MESSAGE][WARNING] - Timeout '0' is invalid. Using default page load timeout: '30'

2018-02-21 10:33:27 - [MESSAGE][PASSED] - Element 'Object Repository/Sidebar Menu/Operasional/Stock/Stock View/List Kategori - Elemen Makanan' is not checked

2018-02-21 10:33:27 - [TEST_STEP][PASSED] - tap: Tapped on element 'Object Repository/Sidebar Menu/Operasional/Stock/Stock View/Terapkan - Select Kategori'

2018-02-21 10:33:28 - [MESSAGE][PASSED] - Tapped on element 'Object Repository/Sidebar Menu/Operasional/Stock/Stock View/Terapkan - Select Kategori'

2018-02-21 10:33:28 - [TEST_STEP][PASSED] - tap: Tapped on element 'Object Repository/Sidebar Menu/Operasional/Stock/Stock View/Cari Produk - Parent'

2018-02-21 10:33:33 - [MESSAGE][PASSED] - Tapped on element 'Object Repository/Sidebar Menu/Operasional/Stock/Stock View/Cari Produk - Parent'

2018-02-21 10:33:33 - [TEST_STEP][PASSED] - setText: Text 'Fifty Shades of Grey' has been set to element 'Object Repository/Sidebar Menu/Operasional/Stock/Stock View/Cari Produk - Parent'

2018-02-21 10:33:44 - [MESSAGE][PASSED] - Text 'Fifty Shades of Grey' has been set to element 'Object Repository/Sidebar Menu/Operasional/Stock/Stock View/Cari Produk - Parent'

2018-02-21 10:33:44 - [TEST_STEP][PASSED] - verifyElementNotChecked: Element 'Object Repository/Sidebar Menu/Operasional/Stock/Stock View/Cari Produk - Parent' is not checked

2018-02-21 10:33:45 - [MESSAGE][PASSED] - Element 'Object Repository/Sidebar Menu/Operasional/Stock/Stock View/Cari Produk - Parent' is not checked

2018-02-21 10:33:45 - [TEST_STEP][PASSED] - getText: Text of element 'Object Repository/Sidebar Menu/Operasional/Stock/Stock View/Cari Produk - Parent' is: 'Fifty Shades of Grey'

2018-02-21 10:33:46 - [MESSAGE][PASSED] - Text of element 'Object Repository/Sidebar Menu/Operasional/Stock/Stock View/Cari Produk - Parent' is: 'Fifty Shades of Grey'

2018-02-21 10:33:46 - [TEST_STEP][PASSED] - clearText: Element 'Object Repository/Sidebar Menu/Operasional/Stock/Stock View/Cari Produk - Parent' text is cleared

2018-02-21 10:33:49 - [MESSAGE][PASSED] - Element 'Object Repository/Sidebar Menu/Operasional/Stock/Stock View/Cari Produk - Parent' text is cleared

2018-02-21 10:33:49 - [TEST_STEP][PASSED] - tap: Tapped on element 'Object Repository/Sidebar Menu/Operasional/Stock/Stock View/Semua Kategori - Drop Down'

2018-02-21 10:33:51 - [MESSAGE][PASSED] - Tapped on element 'Object Repository/Sidebar Menu/Operasional/Stock/Stock View/Semua Kategori - Drop Down'

2018-02-21 10:33:51 - [TEST_STEP][PASSED] - tap: Tapped on element 'Object Repository/Sidebar Menu/Operasional/Stock/Stock View/List Kategori - Elemen 0'

2018-02-21 10:33:54 - [MESSAGE][PASSED] - Tapped on element 'Object Repository/Sidebar Menu/Operasional/Stock/Stock View/List Kategori - Elemen 0'

2018-02-21 10:33:54 - [TEST_STEP][PASSED] - tap: Tapped on element 'Object Repository/Sidebar Menu/Operasional/Stock/Stock View/Terapkan - Select Kategori'

2018-02-21 10:33:55 - [MESSAGE][PASSED] - Tapped on element 'Object Repository/Sidebar Menu/Operasional/Stock/Stock View/Terapkan - Select Kategori'

2018-02-21 10:33:55 - [TEST_STEP][PASSED] - tap: Tapped on element 'Object Repository/Sidebar Menu/Operasional/Stock/Stock View/Cari Produk - Parent'

2018-02-21 10:33:57 - [MESSAGE][PASSED] - Tapped on element 'Object Repository/Sidebar Menu/Operasional/Stock/Stock View/Cari Produk - Parent'

2018-02-21 10:33:57 - [TEST_STEP][PASSED] - setText: Text 'app' has been set to element 'Object Repository/Sidebar Menu/Operasional/Stock/Stock View/Cari Produk - Parent'

2018-02-21 10:34:08 - [MESSAGE][PASSED] - Text 'app' has been set to element 'Object Repository/Sidebar Menu/Operasional/Stock/Stock View/Cari Produk - Parent'

2018-02-21 10:34:08 - [TEST_STEP][PASSED] - verifyElementNotChecked: Element 'Object Repository/Sidebar Menu/Operasional/Stock/Stock View/Cari Produk - Parent' is not checked

2018-02-21 10:34:09 - [MESSAGE][PASSED] - Element 'Object Repository/Sidebar Menu/Operasional/Stock/Stock View/Cari Produk - Parent' is not checked

2018-02-21 10:34:09 - [TEST_STEP][PASSED] - getText: Text of element 'Object Repository/Sidebar Menu/Operasional/Stock/Stock View/Cari Produk - Parent' is: 'app'

2018-02-21 10:34:09 - [MESSAGE][PASSED] - Text of element 'Object Repository/Sidebar Menu/Operasional/Stock/Stock View/Cari Produk - Parent' is: 'app'

2018-02-21 10:34:09 - [TEST_STEP][PASSED] - clearText: Element 'Object Repository/Sidebar Menu/Operasional/Stock/Stock View/Cari Produk - Parent' text is cleared

2018-02-21 10:34:11 - [MESSAGE][PASSED] - Element 'Object Repository/Sidebar Menu/Operasional/Stock/Stock View/Cari Produk - Parent' text is cleared

2018-02-21 10:34:11 - [TEST_STEP][PASSED] - setText: Text 'ap' has been set to element 'Object Repository/Sidebar Menu/Operasional/Stock/Stock View/Cari Produk - Parent'

2018-02-21 10:34:20 - [MESSAGE][PASSED] - Text 'ap' has been set to element 'Object Repository/Sidebar Menu/Operasional/Stock/Stock View/Cari Produk - Parent'

2018-02-21 10:34:20 - [TEST_STEP][PASSED] - verifyElementNotChecked: Element 'Object Repository/Sidebar Menu/Operasional/Stock/Stock View/Cari Produk - Parent' is not checked

2018-02-21 10:34:21 - [MESSAGE][PASSED] - Element 'Object Repository/Sidebar Menu/Operasional/Stock/Stock View/Cari Produk - Parent' is not checked

2018-02-21 10:34:21 - [TEST_STEP][PASSED] - getText: Text of element 'Object Repository/Sidebar Menu/Operasional/Stock/Stock View/Cari Produk - Parent' is: 'ap'

2018-02-21 10:34:21 - [MESSAGE][PASSED] - Text of element 'Object Repository/Sidebar Menu/Operasional/Stock/Stock View/Cari Produk - Parent' is: 'ap'

2018-02-21 10:34:21 - [TEST_STEP][PASSED] - clearText: Element 'Object Repository/Sidebar Menu/Operasional/Stock/Stock View/Cari Produk - Parent' text is cleared

2018-02-21 10:34:25 - [MESSAGE][PASSED] - Element 'Object Repository/Sidebar Menu/Operasional/Stock/Stock View/Cari Produk - Parent' text is cleared

2018-02-21 10:34:25 - [TEST_STEP][PASSED] - setText: Text 'Rujak' has been set to element 'Object Repository/Sidebar Menu/Operasional/Stock/Stock View/Cari Produk - Parent'

2018-02-21 10:34:33 - [MESSAGE][PASSED] - Text 'Rujak' has been set to element 'Object Repository/Sidebar Menu/Operasional/Stock/Stock View/Cari Produk - Parent'

2018-02-21 10:34:33 - [TEST_STEP][PASSED] - verifyElementNotChecked: Element 'Object Repository/Sidebar Menu/Operasional/Stock/Stock View/Cari Produk - Parent' is not checked

2018-02-21 10:34:34 - [MESSAGE][PASSED] - Element 'Object Repository/Sidebar Menu/Operasional/Stock/Stock View/Cari Produk - Parent' is not checked

2018-02-21 10:34:34 - [TEST_STEP][PASSED] - getText: Text of element 'Object Repository/Sidebar Menu/Operasional/Stock/Stock View/Cari Produk - Parent' is: 'Rujak'

2018-02-21 10:34:34 - [MESSAGE][PASSED] - Text of element 'Object Repository/Sidebar Menu/Operasional/Stock/Stock View/Cari Produk - Parent' is: 'Rujak'

2018-02-21 10:34:34 - [TEST_STEP][PASSED] - clearText: Element 'Object Repository/Sidebar Menu/Operasional/Stock/Stock View/Cari Produk - Parent' text is cleared

2018-02-21 10:34:37 - [MESSAGE][PASSED] - Element 'Object Repository/Sidebar Menu/Operasional/Stock/Stock View/Cari Produk - Parent' text is cleared

2018-02-21 10:34:37 - [TEST_STEP][PASSED] - waitForElementPresent: Element 'Object Repository/Sidebar Menu/Operasional/Stock/Stock View/Semua Kategori - Drop Down' is present

2018-02-21 10:34:38 - [MESSAGE][PASSED] - Element 'Object Repository/Sidebar Menu/Operasional/Stock/Stock View/Semua Kategori - Drop Down' is present

2018-02-21 10:34:38 - [TEST_STEP][PASSED] - tap: Tapped on element 'Object Repository/Sidebar Menu/Operasional/Stock/Stock View/Semua Kategori - Drop Down'

2018-02-21 10:34:40 - [MESSAGE][PASSED] - Tapped on element 'Object Repository/Sidebar Menu/Operasional/Stock/Stock View/Semua Kategori - Drop Down'

2018-02-21 10:34:40 - [TEST_STEP][PASSED] - swipe: Swiped from 30,541 to 30,257

2018-02-21 10:34:40 - [MESSAGE][PASSED] - Swiped from 30,541 to 30,257

2018-02-21 10:34:40 - [TEST_STEP][PASSED] - swipe: Swiped from 30,257 to 30,541

2018-02-21 10:34:41 - [MESSAGE][PASSED] - Swiped from 30,257 to 30,541

2018-02-21 10:34:41 - [TEST_STEP][PASSED] - waitForElementPresent: Element 'Object Repository/Sidebar Menu/Operasional/Stock/Stock View/Terapkan - Select Kategori' is present

2018-02-21 10:34:43 - [MESSAGE][PASSED] - Element 'Object Repository/Sidebar Menu/Operasional/Stock/Stock View/Terapkan - Select Kategori' is present

2018-02-21 10:34:43 - [TEST_STEP][PASSED] - tap: Tapped on element 'Object Repository/Sidebar Menu/Operasional/Stock/Stock View/Terapkan - Select Kategori'

2018-02-21 10:34:43 - [MESSAGE][PASSED] - Tapped on element 'Object Repository/Sidebar Menu/Operasional/Stock/Stock View/Terapkan - Select Kategori'

2018-02-21 10:34:43 - [TEST_STEP][PASSED] - delay: Delayed 10 second(s)

2018-02-21 10:34:53 - [MESSAGE][PASSED] - Delayed 10 second(s)

2018-02-21 10:34:53 - [TEST_STEP][PASSED] - Statement - For (def index : (0..3)): Swiped from 0,642 to 0,399

2018-02-21 10:34:53 - [TEST_STEP][PASSED] - swipe: Swiped from 0,642 to 0,399

2018-02-21 10:34:54 - [MESSAGE][PASSED] - Swiped from 0,642 to 0,399

2018-02-21 10:34:54 - [TEST_STEP][PASSED] - swipe: Swiped from 0,642 to 0,399

2018-02-21 10:34:54 - [MESSAGE][PASSED] - Swiped from 0,642 to 0,399

2018-02-21 10:34:54 - [TEST_STEP][PASSED] - swipe: Swiped from 0,642 to 0,399

2018-02-21 10:34:55 - [MESSAGE][PASSED] - Swiped from 0,642 to 0,399

2018-02-21 10:34:55 - [TEST_STEP][PASSED] - swipe: Swiped from 0,642 to 0,399

2018-02-21 10:34:55 - [MESSAGE][PASSED] - Swiped from 0,642 to 0,399

2018-02-21 10:34:55 - [TEST_STEP][PASSED] - waitForElementPresent: Element 'Object Repository/Sidebar Menu/Operasional/Stock/Tambah Barang/Tambah Barang Button' is present

2018-02-21 10:34:57 - [MESSAGE][PASSED] - Element 'Object Repository/Sidebar Menu/Operasional/Stock/Tambah Barang/Tambah Barang Button' is present

2018-02-21 10:34:57 - [TEST_STEP][PASSED] - comment: End Story 26]]></system-out>
         <system-err><![CDATA[]]></system-err>
      </testcase>
      <testcase name="Test Cases/Sprint 2/35 - TC-All" classname="Test Cases/Sprint 2/35 - TC-All" status="PASSED">
         <system-out><![CDATA[2018-02-21 10:34:57 - [TEST_CASE][PASSED] - Test Cases/Sprint 2/35 - TC-All: Test Cases/Sprint 2/35 - TC-All

2018-02-21 10:34:57 - [TEST_STEP][PASSED] - comment: Start Story 35

2018-02-21 10:34:57 - [TEST_STEP][PASSED] - delay: Delayed 5 second(s)

2018-02-21 10:35:02 - [MESSAGE][PASSED] - Delayed 5 second(s)

2018-02-21 10:35:02 - [TEST_STEP][PASSED] - tap: Tapped on element 'Object Repository/Sidebar Menu/Operasional/Stock/Tambah Barang/Tambah Barang Button'

2018-02-21 10:35:03 - [MESSAGE][PASSED] - Tapped on element 'Object Repository/Sidebar Menu/Operasional/Stock/Tambah Barang/Tambah Barang Button'

2018-02-21 10:35:03 - [TEST_STEP][PASSED] - Statement - For (def index : (0..5)): Tapped on element 'Object Repository/Sidebar Menu/Operasional/Stock/Tambah Barang/Minus Tap - Jumlah Stock'

2018-02-21 10:35:03 - [TEST_STEP][PASSED] - tap: Tapped on element 'Object Repository/Sidebar Menu/Operasional/Stock/Tambah Barang/Minus Tap - Jumlah Stock'

2018-02-21 10:35:05 - [MESSAGE][PASSED] - Tapped on element 'Object Repository/Sidebar Menu/Operasional/Stock/Tambah Barang/Minus Tap - Jumlah Stock'

2018-02-21 10:35:05 - [TEST_STEP][PASSED] - tap: Tapped on element 'Object Repository/Sidebar Menu/Operasional/Stock/Tambah Barang/Minus Tap - Jumlah Stock'

2018-02-21 10:35:07 - [MESSAGE][PASSED] - Tapped on element 'Object Repository/Sidebar Menu/Operasional/Stock/Tambah Barang/Minus Tap - Jumlah Stock'

2018-02-21 10:35:07 - [TEST_STEP][PASSED] - tap: Tapped on element 'Object Repository/Sidebar Menu/Operasional/Stock/Tambah Barang/Minus Tap - Jumlah Stock'

2018-02-21 10:35:08 - [MESSAGE][PASSED] - Tapped on element 'Object Repository/Sidebar Menu/Operasional/Stock/Tambah Barang/Minus Tap - Jumlah Stock'

2018-02-21 10:35:08 - [TEST_STEP][PASSED] - tap: Tapped on element 'Object Repository/Sidebar Menu/Operasional/Stock/Tambah Barang/Minus Tap - Jumlah Stock'

2018-02-21 10:35:09 - [MESSAGE][PASSED] - Tapped on element 'Object Repository/Sidebar Menu/Operasional/Stock/Tambah Barang/Minus Tap - Jumlah Stock'

2018-02-21 10:35:09 - [TEST_STEP][PASSED] - tap: Tapped on element 'Object Repository/Sidebar Menu/Operasional/Stock/Tambah Barang/Minus Tap - Jumlah Stock'

2018-02-21 10:35:11 - [MESSAGE][PASSED] - Tapped on element 'Object Repository/Sidebar Menu/Operasional/Stock/Tambah Barang/Minus Tap - Jumlah Stock'

2018-02-21 10:35:11 - [TEST_STEP][PASSED] - tap: Tapped on element 'Object Repository/Sidebar Menu/Operasional/Stock/Tambah Barang/Minus Tap - Jumlah Stock'

2018-02-21 10:35:13 - [MESSAGE][PASSED] - Tapped on element 'Object Repository/Sidebar Menu/Operasional/Stock/Tambah Barang/Minus Tap - Jumlah Stock'

2018-02-21 10:35:13 - [TEST_STEP][PASSED] - Statement - For (def index : (0..10)): Tapped on element 'Object Repository/Sidebar Menu/Operasional/Stock/Tambah Barang/PlusTap - JumlaH Stock'

2018-02-21 10:35:13 - [TEST_STEP][PASSED] - tap: Tapped on element 'Object Repository/Sidebar Menu/Operasional/Stock/Tambah Barang/PlusTap - JumlaH Stock'

2018-02-21 10:35:14 - [MESSAGE][PASSED] - Tapped on element 'Object Repository/Sidebar Menu/Operasional/Stock/Tambah Barang/PlusTap - JumlaH Stock'

2018-02-21 10:35:14 - [TEST_STEP][PASSED] - tap: Tapped on element 'Object Repository/Sidebar Menu/Operasional/Stock/Tambah Barang/PlusTap - JumlaH Stock'

2018-02-21 10:35:15 - [MESSAGE][PASSED] - Tapped on element 'Object Repository/Sidebar Menu/Operasional/Stock/Tambah Barang/PlusTap - JumlaH Stock'

2018-02-21 10:35:15 - [TEST_STEP][PASSED] - tap: Tapped on element 'Object Repository/Sidebar Menu/Operasional/Stock/Tambah Barang/PlusTap - JumlaH Stock'

2018-02-21 10:35:17 - [MESSAGE][PASSED] - Tapped on element 'Object Repository/Sidebar Menu/Operasional/Stock/Tambah Barang/PlusTap - JumlaH Stock'

2018-02-21 10:35:17 - [TEST_STEP][PASSED] - tap: Tapped on element 'Object Repository/Sidebar Menu/Operasional/Stock/Tambah Barang/PlusTap - JumlaH Stock'

2018-02-21 10:35:19 - [MESSAGE][PASSED] - Tapped on element 'Object Repository/Sidebar Menu/Operasional/Stock/Tambah Barang/PlusTap - JumlaH Stock'

2018-02-21 10:35:19 - [TEST_STEP][PASSED] - tap: Tapped on element 'Object Repository/Sidebar Menu/Operasional/Stock/Tambah Barang/PlusTap - JumlaH Stock'

2018-02-21 10:35:21 - [MESSAGE][PASSED] - Tapped on element 'Object Repository/Sidebar Menu/Operasional/Stock/Tambah Barang/PlusTap - JumlaH Stock'

2018-02-21 10:35:21 - [TEST_STEP][PASSED] - tap: Tapped on element 'Object Repository/Sidebar Menu/Operasional/Stock/Tambah Barang/PlusTap - JumlaH Stock'

2018-02-21 10:35:23 - [MESSAGE][PASSED] - Tapped on element 'Object Repository/Sidebar Menu/Operasional/Stock/Tambah Barang/PlusTap - JumlaH Stock'

2018-02-21 10:35:23 - [TEST_STEP][PASSED] - tap: Tapped on element 'Object Repository/Sidebar Menu/Operasional/Stock/Tambah Barang/PlusTap - JumlaH Stock'

2018-02-21 10:35:25 - [MESSAGE][PASSED] - Tapped on element 'Object Repository/Sidebar Menu/Operasional/Stock/Tambah Barang/PlusTap - JumlaH Stock'

2018-02-21 10:35:25 - [TEST_STEP][PASSED] - tap: Tapped on element 'Object Repository/Sidebar Menu/Operasional/Stock/Tambah Barang/PlusTap - JumlaH Stock'

2018-02-21 10:35:27 - [MESSAGE][PASSED] - Tapped on element 'Object Repository/Sidebar Menu/Operasional/Stock/Tambah Barang/PlusTap - JumlaH Stock'

2018-02-21 10:35:27 - [TEST_STEP][PASSED] - tap: Tapped on element 'Object Repository/Sidebar Menu/Operasional/Stock/Tambah Barang/PlusTap - JumlaH Stock'

2018-02-21 10:35:28 - [MESSAGE][PASSED] - Tapped on element 'Object Repository/Sidebar Menu/Operasional/Stock/Tambah Barang/PlusTap - JumlaH Stock'

2018-02-21 10:35:28 - [TEST_STEP][PASSED] - tap: Tapped on element 'Object Repository/Sidebar Menu/Operasional/Stock/Tambah Barang/PlusTap - JumlaH Stock'

2018-02-21 10:35:30 - [MESSAGE][PASSED] - Tapped on element 'Object Repository/Sidebar Menu/Operasional/Stock/Tambah Barang/PlusTap - JumlaH Stock'

2018-02-21 10:35:30 - [TEST_STEP][PASSED] - tap: Tapped on element 'Object Repository/Sidebar Menu/Operasional/Stock/Tambah Barang/PlusTap - JumlaH Stock'

2018-02-21 10:35:32 - [MESSAGE][PASSED] - Tapped on element 'Object Repository/Sidebar Menu/Operasional/Stock/Tambah Barang/PlusTap - JumlaH Stock'

2018-02-21 10:35:32 - [TEST_STEP][PASSED] - tap: Tapped on element 'Object Repository/Sidebar Menu/Operasional/Stock/Tambah Barang/Jumlah Stock - by typing'

2018-02-21 10:35:33 - [MESSAGE][PASSED] - Tapped on element 'Object Repository/Sidebar Menu/Operasional/Stock/Tambah Barang/Jumlah Stock - by typing'

2018-02-21 10:35:33 - [TEST_STEP][PASSED] - setText: Text '123' has been set to element 'Object Repository/Sidebar Menu/Operasional/Stock/Tambah Barang/Jumlah Stock - by typing'

2018-02-21 10:35:51 - [MESSAGE][PASSED] - Text '123' has been set to element 'Object Repository/Sidebar Menu/Operasional/Stock/Tambah Barang/Jumlah Stock - by typing'

2018-02-21 10:35:51 - [TEST_STEP][PASSED] - clearText: Element 'Object Repository/Sidebar Menu/Operasional/Stock/Tambah Barang/Jumlah Stock - by typing' text is cleared

2018-02-21 10:35:56 - [MESSAGE][PASSED] - Element 'Object Repository/Sidebar Menu/Operasional/Stock/Tambah Barang/Jumlah Stock - by typing' text is cleared

2018-02-21 10:35:56 - [TEST_STEP][PASSED] - setText: Text '1.2' has been set to element 'Object Repository/Sidebar Menu/Operasional/Stock/Tambah Barang/Jumlah Stock - by typing'

2018-02-21 10:36:07 - [MESSAGE][PASSED] - Text '1.2' has been set to element 'Object Repository/Sidebar Menu/Operasional/Stock/Tambah Barang/Jumlah Stock - by typing'

2018-02-21 10:36:07 - [TEST_STEP][PASSED] - hideKeyboard: Keyboard is hidden

2018-02-21 10:36:08 - [MESSAGE][PASSED] - Keyboard is hidden

2018-02-21 10:36:08 - [TEST_STEP][PASSED] - tap: Tapped on element 'Object Repository/Sidebar Menu/Operasional/Stock/Tambah Barang/Nama Barang - Text Box'

2018-02-21 10:36:09 - [MESSAGE][PASSED] - Tapped on element 'Object Repository/Sidebar Menu/Operasional/Stock/Tambah Barang/Nama Barang - Text Box'

2018-02-21 10:36:09 - [TEST_STEP][PASSED] - setText: Text 'Kacang Sukro' has been set to element 'Object Repository/Sidebar Menu/Operasional/Stock/Tambah Barang/Nama Barang - Text Box'

2018-02-21 10:36:25 - [MESSAGE][PASSED] - Text 'Kacang Sukro' has been set to element 'Object Repository/Sidebar Menu/Operasional/Stock/Tambah Barang/Nama Barang - Text Box'

2018-02-21 10:36:25 - [TEST_STEP][PASSED] - verifyElementText: Actual text and expected text of test object 'Object Repository/Sidebar Menu/Operasional/Stock/Tambah Barang/Nama Barang - Text Box' are matched.

2018-02-21 10:36:28 - [MESSAGE][PASSED] - Actual text and expected text of test object 'Object Repository/Sidebar Menu/Operasional/Stock/Tambah Barang/Nama Barang - Text Box' are matched.

2018-02-21 10:36:28 - [TEST_STEP][PASSED] - hideKeyboard: Keyboard is hidden

2018-02-21 10:36:29 - [MESSAGE][PASSED] - Keyboard is hidden

2018-02-21 10:36:29 - [TEST_STEP][PASSED] - swipe: Swiped from 24,679 to 24,453

2018-02-21 10:36:29 - [MESSAGE][PASSED] - Swiped from 24,679 to 24,453

2018-02-21 10:36:29 - [TEST_STEP][PASSED] - pressBack: Press back button successfully

2018-02-21 10:36:30 - [MESSAGE][PASSED] - Press back button successfully

2018-02-21 10:36:30 - [TEST_STEP][PASSED] - tap: Tapped on element 'Object Repository/Sidebar Menu/Operasional/Stock/Tambah Barang/Batal - Button'

2018-02-21 10:36:31 - [MESSAGE][PASSED] - Tapped on element 'Object Repository/Sidebar Menu/Operasional/Stock/Tambah Barang/Batal - Button'

2018-02-21 10:36:31 - [TEST_STEP][PASSED] - waitForElementPresent: Element 'Object Repository/Sidebar Menu/Operasional/Stock/Tambah Barang/Pilih Kategori - SelectButton' is present

2018-02-21 10:36:33 - [MESSAGE][PASSED] - Element 'Object Repository/Sidebar Menu/Operasional/Stock/Tambah Barang/Pilih Kategori - SelectButton' is present

2018-02-21 10:36:33 - [TEST_STEP][PASSED] - tap: Tapped on element 'Object Repository/Sidebar Menu/Operasional/Stock/Tambah Barang/Pilih Kategori - SelectButton'

2018-02-21 10:36:33 - [MESSAGE][PASSED] - Tapped on element 'Object Repository/Sidebar Menu/Operasional/Stock/Tambah Barang/Pilih Kategori - SelectButton'

2018-02-21 10:36:33 - [TEST_STEP][PASSED] - tap: Tapped on element 'Object Repository/Sidebar Menu/Operasional/Stock/Tambah Barang/Pilih Kategori - SelectButton'

2018-02-21 10:36:35 - [MESSAGE][PASSED] - Tapped on element 'Object Repository/Sidebar Menu/Operasional/Stock/Tambah Barang/Pilih Kategori - SelectButton'

2018-02-21 10:36:35 - [TEST_STEP][PASSED] - scrollToText: Scrolling to text 'Makanan' successfully

2018-02-21 10:36:51 - [MESSAGE][PASSED] - Scrolling to text 'Makanan' successfully

2018-02-21 10:36:51 - [TEST_STEP][PASSED] - tap: Tapped on element 'Object Repository/Sidebar Menu/Operasional/Stock/Tambah Barang/android.widget.TextView6 - Makanan'

2018-02-21 10:36:51 - [MESSAGE][WARNING] - Timeout '0' is invalid. Using default page load timeout: '30'

2018-02-21 10:36:52 - [MESSAGE][PASSED] - Tapped on element 'Object Repository/Sidebar Menu/Operasional/Stock/Tambah Barang/android.widget.TextView6 - Makanan'

2018-02-21 10:36:52 - [TEST_STEP][PASSED] - delay: Delayed 10 second(s)

2018-02-21 10:37:02 - [MESSAGE][PASSED] - Delayed 10 second(s)

2018-02-21 10:37:02 - [TEST_STEP][PASSED] - scrollToText: Scrolling to text 'TENTUKAN DISKON' successfully

2018-02-21 10:37:07 - [MESSAGE][PASSED] - Scrolling to text 'TENTUKAN DISKON' successfully

2018-02-21 10:37:07 - [TEST_STEP][PASSED] - tap: Tapped on element 'Object Repository/Sidebar Menu/Operasional/Stock/Tambah Barang/Harga Jual - TextBox'

2018-02-21 10:37:07 - [MESSAGE][PASSED] - Tapped on element 'Object Repository/Sidebar Menu/Operasional/Stock/Tambah Barang/Harga Jual - TextBox'

2018-02-21 10:37:07 - [TEST_STEP][PASSED] - delay: Delayed 5 second(s)

2018-02-21 10:37:12 - [MESSAGE][PASSED] - Delayed 5 second(s)

2018-02-21 10:37:12 - [TEST_STEP][PASSED] - setText: Text '0' has been set to element 'Object Repository/Sidebar Menu/Operasional/Stock/Tambah Barang/Harga Jual - TextBox'

2018-02-21 10:37:12 - [MESSAGE][WARNING] - Timeout '0' is invalid. Using default page load timeout: '30'

2018-02-21 10:37:28 - [MESSAGE][PASSED] - Text '0' has been set to element 'Object Repository/Sidebar Menu/Operasional/Stock/Tambah Barang/Harga Jual - TextBox'

2018-02-21 10:37:28 - [TEST_STEP][PASSED] - verifyElementText: Actual text and expected text of test object 'Object Repository/Sidebar Menu/Operasional/Stock/Tambah Barang/Harga Jual - TextBox' are matched.

2018-02-21 10:37:29 - [MESSAGE][PASSED] - Actual text and expected text of test object 'Object Repository/Sidebar Menu/Operasional/Stock/Tambah Barang/Harga Jual - TextBox' are matched.

2018-02-21 10:37:29 - [TEST_STEP][PASSED] - hideKeyboard: Keyboard is hidden

2018-02-21 10:37:30 - [MESSAGE][PASSED] - Keyboard is hidden

2018-02-21 10:37:30 - [TEST_STEP][PASSED] - setText: Text '0' has been set to element 'Object Repository/Sidebar Menu/Operasional/Stock/Tambah Barang/Nominal Diskon- TextBox'

2018-02-21 10:37:30 - [MESSAGE][WARNING] - Timeout '0' is invalid. Using default page load timeout: '30'

2018-02-21 10:37:40 - [MESSAGE][PASSED] - Text '0' has been set to element 'Object Repository/Sidebar Menu/Operasional/Stock/Tambah Barang/Nominal Diskon- TextBox'

2018-02-21 10:37:40 - [TEST_STEP][PASSED] - hideKeyboard: Keyboard is hidden

2018-02-21 10:37:41 - [MESSAGE][PASSED] - Keyboard is hidden

2018-02-21 10:37:41 - [TEST_STEP][PASSED] - setText: Text '0' has been set to element 'Object Repository/Sidebar Menu/Operasional/Stock/Tambah Barang/Persentase Diskon - TextBox'

2018-02-21 10:37:41 - [MESSAGE][WARNING] - Timeout '0' is invalid. Using default page load timeout: '30'

2018-02-21 10:37:51 - [MESSAGE][PASSED] - Text '0' has been set to element 'Object Repository/Sidebar Menu/Operasional/Stock/Tambah Barang/Persentase Diskon - TextBox'

2018-02-21 10:37:51 - [TEST_STEP][PASSED] - hideKeyboard: Keyboard is hidden

2018-02-21 10:37:53 - [MESSAGE][PASSED] - Keyboard is hidden

2018-02-21 10:37:53 - [TEST_STEP][PASSED] - comment: Test HARGA JUAL

2018-02-21 10:37:53 - [TEST_STEP][PASSED] - setText: Text '-2000' has been set to element 'Object Repository/Sidebar Menu/Operasional/Stock/Tambah Barang/Harga Jual - TextBox'

2018-02-21 10:37:53 - [MESSAGE][WARNING] - Timeout '0' is invalid. Using default page load timeout: '30'

2018-02-21 10:38:00 - [MESSAGE][PASSED] - Text '-2000' has been set to element 'Object Repository/Sidebar Menu/Operasional/Stock/Tambah Barang/Harga Jual - TextBox'

2018-02-21 10:38:00 - [TEST_STEP][PASSED] - hideKeyboard: Keyboard is hidden

2018-02-21 10:38:01 - [MESSAGE][PASSED] - Keyboard is hidden

2018-02-21 10:38:01 - [TEST_STEP][PASSED] - delay: Delayed 10 second(s)

2018-02-21 10:38:11 - [MESSAGE][PASSED] - Delayed 10 second(s)

2018-02-21 10:38:11 - [TEST_STEP][PASSED] - clearText: Element 'Object Repository/Sidebar Menu/Operasional/Stock/Tambah Barang/Harga Jual - TextBox' text is cleared

2018-02-21 10:38:12 - [MESSAGE][PASSED] - Element 'Object Repository/Sidebar Menu/Operasional/Stock/Tambah Barang/Harga Jual - TextBox' text is cleared

2018-02-21 10:38:12 - [TEST_STEP][PASSED] - setText: Text '2k' has been set to element 'Object Repository/Sidebar Menu/Operasional/Stock/Tambah Barang/Harga Jual - TextBox'

2018-02-21 10:38:12 - [MESSAGE][WARNING] - Timeout '0' is invalid. Using default page load timeout: '30'

2018-02-21 10:38:28 - [MESSAGE][PASSED] - Text '2k' has been set to element 'Object Repository/Sidebar Menu/Operasional/Stock/Tambah Barang/Harga Jual - TextBox'

2018-02-21 10:38:28 - [TEST_STEP][PASSED] - hideKeyboard: Keyboard is hidden

2018-02-21 10:38:29 - [MESSAGE][PASSED] - Keyboard is hidden

2018-02-21 10:38:29 - [TEST_STEP][PASSED] - clearText: Element 'Object Repository/Sidebar Menu/Operasional/Stock/Tambah Barang/Harga Jual - TextBox' text is cleared

2018-02-21 10:38:31 - [MESSAGE][PASSED] - Element 'Object Repository/Sidebar Menu/Operasional/Stock/Tambah Barang/Harga Jual - TextBox' text is cleared

2018-02-21 10:38:31 - [TEST_STEP][PASSED] - tap: Tapped on element 'Object Repository/Sidebar Menu/Operasional/Stock/Tambah Barang/Harga Jual - TextBox'

2018-02-21 10:38:32 - [MESSAGE][PASSED] - Tapped on element 'Object Repository/Sidebar Menu/Operasional/Stock/Tambah Barang/Harga Jual - TextBox'

2018-02-21 10:38:32 - [TEST_STEP][PASSED] - setText: Text '20000' has been set to element 'Object Repository/Sidebar Menu/Operasional/Stock/Tambah Barang/Harga Jual - TextBox'

2018-02-21 10:38:32 - [MESSAGE][WARNING] - Timeout '0' is invalid. Using default page load timeout: '30'

2018-02-21 10:38:46 - [MESSAGE][PASSED] - Text '20000' has been set to element 'Object Repository/Sidebar Menu/Operasional/Stock/Tambah Barang/Harga Jual - TextBox'

2018-02-21 10:38:46 - [TEST_STEP][PASSED] - verifyElementText: Actual text and expected text of test object 'Object Repository/Sidebar Menu/Operasional/Stock/Tambah Barang/Harga Jual - TextBox' are matched.

2018-02-21 10:38:47 - [MESSAGE][PASSED] - Actual text and expected text of test object 'Object Repository/Sidebar Menu/Operasional/Stock/Tambah Barang/Harga Jual - TextBox' are matched.

2018-02-21 10:38:47 - [TEST_STEP][PASSED] - hideKeyboard: Keyboard is hidden

2018-02-21 10:38:48 - [MESSAGE][PASSED] - Keyboard is hidden

2018-02-21 10:38:48 - [TEST_STEP][PASSED] - comment: Test NOMINAL

2018-02-21 10:38:48 - [TEST_STEP][PASSED] - setText: Text '-2000' has been set to element 'Object Repository/Sidebar Menu/Operasional/Stock/Tambah Barang/Nominal Diskon- TextBox'

2018-02-21 10:38:48 - [MESSAGE][WARNING] - Timeout '0' is invalid. Using default page load timeout: '30'

2018-02-21 10:38:58 - [MESSAGE][PASSED] - Text '-2000' has been set to element 'Object Repository/Sidebar Menu/Operasional/Stock/Tambah Barang/Nominal Diskon- TextBox'

2018-02-21 10:38:58 - [TEST_STEP][PASSED] - hideKeyboard: Keyboard is hidden

2018-02-21 10:39:00 - [MESSAGE][PASSED] - Keyboard is hidden

2018-02-21 10:39:00 - [TEST_STEP][PASSED] - tap: Tapped on element 'Object Repository/Sidebar Menu/Operasional/Stock/Tambah Barang/Nominal Diskon- TextBox'

2018-02-21 10:39:01 - [MESSAGE][PASSED] - Tapped on element 'Object Repository/Sidebar Menu/Operasional/Stock/Tambah Barang/Nominal Diskon- TextBox'

2018-02-21 10:39:01 - [TEST_STEP][PASSED] - clearText: Element 'Object Repository/Sidebar Menu/Operasional/Stock/Tambah Barang/Nominal Diskon- TextBox' text is cleared

2018-02-21 10:39:06 - [MESSAGE][PASSED] - Element 'Object Repository/Sidebar Menu/Operasional/Stock/Tambah Barang/Nominal Diskon- TextBox' text is cleared

2018-02-21 10:39:06 - [TEST_STEP][PASSED] - setText: Text '20000' has been set to element 'Object Repository/Sidebar Menu/Operasional/Stock/Tambah Barang/Nominal Diskon- TextBox'

2018-02-21 10:39:06 - [MESSAGE][WARNING] - Timeout '0' is invalid. Using default page load timeout: '30'

2018-02-21 10:39:22 - [MESSAGE][PASSED] - Text '20000' has been set to element 'Object Repository/Sidebar Menu/Operasional/Stock/Tambah Barang/Nominal Diskon- TextBox'

2018-02-21 10:39:22 - [TEST_STEP][PASSED] - hideKeyboard: Keyboard is hidden

2018-02-21 10:39:23 - [MESSAGE][PASSED] - Keyboard is hidden

2018-02-21 10:39:24 - [TEST_STEP][PASSED] - tap: Tapped on element 'Object Repository/Sidebar Menu/Operasional/Stock/Tambah Barang/Simpan Button'

2018-02-21 10:39:25 - [MESSAGE][PASSED] - Tapped on element 'Object Repository/Sidebar Menu/Operasional/Stock/Tambah Barang/Simpan Button'

2018-02-21 10:39:25 - [TEST_STEP][PASSED] - clearText: Element 'Object Repository/Sidebar Menu/Operasional/Stock/Tambah Barang/Nominal Diskon- TextBox' text is cleared

2018-02-21 10:39:25 - [MESSAGE][WARNING] - Timeout '0' is invalid. Using default page load timeout: '30'

2018-02-21 10:39:27 - [MESSAGE][PASSED] - Element 'Object Repository/Sidebar Menu/Operasional/Stock/Tambah Barang/Nominal Diskon- TextBox' text is cleared

2018-02-21 10:39:27 - [TEST_STEP][PASSED] - setText: Text '30000' has been set to element 'Object Repository/Sidebar Menu/Operasional/Stock/Tambah Barang/Nominal Diskon- TextBox'

2018-02-21 10:39:27 - [MESSAGE][WARNING] - Timeout '0' is invalid. Using default page load timeout: '30'

2018-02-21 10:39:42 - [MESSAGE][PASSED] - Text '30000' has been set to element 'Object Repository/Sidebar Menu/Operasional/Stock/Tambah Barang/Nominal Diskon- TextBox'

2018-02-21 10:39:42 - [TEST_STEP][PASSED] - hideKeyboard: Keyboard is hidden

2018-02-21 10:39:44 - [MESSAGE][PASSED] - Keyboard is hidden

2018-02-21 10:39:44 - [TEST_STEP][PASSED] - tap: Tapped on element 'Object Repository/Sidebar Menu/Operasional/Stock/Tambah Barang/Simpan Button'

2018-02-21 10:39:45 - [MESSAGE][PASSED] - Tapped on element 'Object Repository/Sidebar Menu/Operasional/Stock/Tambah Barang/Simpan Button'

2018-02-21 10:39:45 - [TEST_STEP][PASSED] - clearText: Element 'Object Repository/Sidebar Menu/Operasional/Stock/Tambah Barang/Nominal Diskon- TextBox' text is cleared

2018-02-21 10:39:47 - [MESSAGE][PASSED] - Element 'Object Repository/Sidebar Menu/Operasional/Stock/Tambah Barang/Nominal Diskon- TextBox' text is cleared

2018-02-21 10:39:47 - [TEST_STEP][PASSED] - tap: Tapped on element 'Object Repository/Sidebar Menu/Operasional/Stock/Tambah Barang/Nominal Diskon- TextBox'

2018-02-21 10:39:49 - [MESSAGE][PASSED] - Tapped on element 'Object Repository/Sidebar Menu/Operasional/Stock/Tambah Barang/Nominal Diskon- TextBox'

2018-02-21 10:39:49 - [TEST_STEP][PASSED] - setText: Text '765' has been set to element 'Object Repository/Sidebar Menu/Operasional/Stock/Tambah Barang/Nominal Diskon- TextBox'

2018-02-21 10:39:49 - [MESSAGE][WARNING] - Timeout '0' is invalid. Using default page load timeout: '30'

2018-02-21 10:40:03 - [MESSAGE][PASSED] - Text '765' has been set to element 'Object Repository/Sidebar Menu/Operasional/Stock/Tambah Barang/Nominal Diskon- TextBox'

2018-02-21 10:40:03 - [TEST_STEP][PASSED] - hideKeyboard: Keyboard is hidden

2018-02-21 10:40:04 - [MESSAGE][PASSED] - Keyboard is hidden

2018-02-21 10:40:05 - [TEST_STEP][PASSED] - clearText: Element 'Object Repository/Sidebar Menu/Operasional/Stock/Tambah Barang/Nominal Diskon- TextBox' text is cleared

2018-02-21 10:40:05 - [MESSAGE][WARNING] - Timeout '0' is invalid. Using default page load timeout: '30'

2018-02-21 10:40:07 - [MESSAGE][PASSED] - Element 'Object Repository/Sidebar Menu/Operasional/Stock/Tambah Barang/Nominal Diskon- TextBox' text is cleared

2018-02-21 10:40:07 - [TEST_STEP][PASSED] - sendKeys: Send keys '7654' on test object 'Object Repository/Sidebar Menu/Operasional/Stock/Tambah Barang/Nominal Diskon- TextBox' successfully.

2018-02-21 10:40:12 - [MESSAGE][PASSED] - Send keys '7654' on test object 'Object Repository/Sidebar Menu/Operasional/Stock/Tambah Barang/Nominal Diskon- TextBox' successfully.

2018-02-21 10:40:12 - [TEST_STEP][PASSED] - hideKeyboard: Keyboard is hidden

2018-02-21 10:40:13 - [MESSAGE][PASSED] - Keyboard is hidden

2018-02-21 10:40:13 - [TEST_STEP][PASSED] - clearText: Element 'Object Repository/Sidebar Menu/Operasional/Stock/Tambah Barang/Nominal Diskon- TextBox' text is cleared

2018-02-21 10:40:13 - [MESSAGE][WARNING] - Timeout '0' is invalid. Using default page load timeout: '30'

2018-02-21 10:40:16 - [MESSAGE][PASSED] - Element 'Object Repository/Sidebar Menu/Operasional/Stock/Tambah Barang/Nominal Diskon- TextBox' text is cleared

2018-02-21 10:40:16 - [TEST_STEP][PASSED] - setText: Text '23465' has been set to element 'Object Repository/Sidebar Menu/Operasional/Stock/Tambah Barang/Nominal Diskon- TextBox'

2018-02-21 10:40:16 - [MESSAGE][WARNING] - Timeout '0' is invalid. Using default page load timeout: '30'

2018-02-21 10:40:32 - [MESSAGE][PASSED] - Text '23465' has been set to element 'Object Repository/Sidebar Menu/Operasional/Stock/Tambah Barang/Nominal Diskon- TextBox'

2018-02-21 10:40:32 - [TEST_STEP][PASSED] - hideKeyboard: Keyboard is hidden

2018-02-21 10:40:33 - [MESSAGE][PASSED] - Keyboard is hidden

2018-02-21 10:40:33 - [TEST_STEP][PASSED] - clearText: Element 'Object Repository/Sidebar Menu/Operasional/Stock/Tambah Barang/Nominal Diskon- TextBox' text is cleared

2018-02-21 10:40:33 - [MESSAGE][WARNING] - Timeout '0' is invalid. Using default page load timeout: '30'

2018-02-21 10:40:35 - [MESSAGE][PASSED] - Element 'Object Repository/Sidebar Menu/Operasional/Stock/Tambah Barang/Nominal Diskon- TextBox' text is cleared

2018-02-21 10:40:35 - [TEST_STEP][PASSED] - setText: Text '19999' has been set to element 'Object Repository/Sidebar Menu/Operasional/Stock/Tambah Barang/Nominal Diskon- TextBox'

2018-02-21 10:40:35 - [MESSAGE][WARNING] - Timeout '0' is invalid. Using default page load timeout: '30'

2018-02-21 10:40:50 - [MESSAGE][PASSED] - Text '19999' has been set to element 'Object Repository/Sidebar Menu/Operasional/Stock/Tambah Barang/Nominal Diskon- TextBox'

2018-02-21 10:40:50 - [TEST_STEP][PASSED] - hideKeyboard: Keyboard is hidden

2018-02-21 10:40:51 - [MESSAGE][PASSED] - Keyboard is hidden

2018-02-21 10:40:51 - [TEST_STEP][PASSED] - tap: Tapped on element 'Object Repository/Sidebar Menu/Operasional/Stock/Tambah Barang/Simpan Button'

2018-02-21 10:40:53 - [MESSAGE][PASSED] - Tapped on element 'Object Repository/Sidebar Menu/Operasional/Stock/Tambah Barang/Simpan Button'

2018-02-21 10:40:53 - [TEST_STEP][PASSED] - clearText: Element 'Object Repository/Sidebar Menu/Operasional/Stock/Tambah Barang/Nominal Diskon- TextBox' text is cleared

2018-02-21 10:40:55 - [MESSAGE][PASSED] - Element 'Object Repository/Sidebar Menu/Operasional/Stock/Tambah Barang/Nominal Diskon- TextBox' text is cleared

2018-02-21 10:40:55 - [TEST_STEP][PASSED] - comment: Test PERSENTASE

2018-02-21 10:40:55 - [TEST_STEP][PASSED] - setText: Text '20' has been set to element 'Object Repository/Sidebar Menu/Operasional/Stock/Tambah Barang/Persentase Diskon - TextBox'

2018-02-21 10:40:55 - [MESSAGE][WARNING] - Timeout '0' is invalid. Using default page load timeout: '30'

2018-02-21 10:41:07 - [MESSAGE][PASSED] - Text '20' has been set to element 'Object Repository/Sidebar Menu/Operasional/Stock/Tambah Barang/Persentase Diskon - TextBox'

2018-02-21 10:41:07 - [TEST_STEP][PASSED] - hideKeyboard: Keyboard is hidden

2018-02-21 10:41:08 - [MESSAGE][PASSED] - Keyboard is hidden

2018-02-21 10:41:09 - [TEST_STEP][PASSED] - clearText: Element 'Object Repository/Sidebar Menu/Operasional/Stock/Tambah Barang/Persentase Diskon - TextBox' text is cleared

2018-02-21 10:41:09 - [MESSAGE][WARNING] - Timeout '0' is invalid. Using default page load timeout: '30'

2018-02-21 10:41:11 - [MESSAGE][PASSED] - Element 'Object Repository/Sidebar Menu/Operasional/Stock/Tambah Barang/Persentase Diskon - TextBox' text is cleared

2018-02-21 10:41:11 - [TEST_STEP][PASSED] - setText: Text '-2' has been set to element 'Object Repository/Sidebar Menu/Operasional/Stock/Tambah Barang/Persentase Diskon - TextBox'

2018-02-21 10:41:11 - [MESSAGE][WARNING] - Timeout '0' is invalid. Using default page load timeout: '30'

2018-02-21 10:41:26 - [MESSAGE][PASSED] - Text '-2' has been set to element 'Object Repository/Sidebar Menu/Operasional/Stock/Tambah Barang/Persentase Diskon - TextBox'

2018-02-21 10:41:26 - [TEST_STEP][PASSED] - hideKeyboard: Keyboard is hidden

2018-02-21 10:41:27 - [MESSAGE][PASSED] - Keyboard is hidden

2018-02-21 10:41:27 - [TEST_STEP][PASSED] - clearText: Element 'Object Repository/Sidebar Menu/Operasional/Stock/Tambah Barang/Persentase Diskon - TextBox' text is cleared

2018-02-21 10:41:27 - [MESSAGE][WARNING] - Timeout '0' is invalid. Using default page load timeout: '30'

2018-02-21 10:41:29 - [MESSAGE][PASSED] - Element 'Object Repository/Sidebar Menu/Operasional/Stock/Tambah Barang/Persentase Diskon - TextBox' text is cleared

2018-02-21 10:41:29 - [TEST_STEP][PASSED] - setText: Text '3452' has been set to element 'Object Repository/Sidebar Menu/Operasional/Stock/Tambah Barang/Persentase Diskon - TextBox'

2018-02-21 10:41:29 - [MESSAGE][WARNING] - Timeout '0' is invalid. Using default page load timeout: '30'

2018-02-21 10:41:46 - [MESSAGE][PASSED] - Text '3452' has been set to element 'Object Repository/Sidebar Menu/Operasional/Stock/Tambah Barang/Persentase Diskon - TextBox'

2018-02-21 10:41:46 - [TEST_STEP][PASSED] - hideKeyboard: Keyboard is hidden

2018-02-21 10:41:47 - [MESSAGE][PASSED] - Keyboard is hidden

2018-02-21 10:41:47 - [TEST_STEP][PASSED] - setText: Text '23654' has been set to element 'Object Repository/Sidebar Menu/Operasional/Stock/Tambah Barang/Persentase Diskon - TextBox'

2018-02-21 10:41:47 - [MESSAGE][WARNING] - Timeout '0' is invalid. Using default page load timeout: '30'

2018-02-21 10:41:57 - [MESSAGE][PASSED] - Text '23654' has been set to element 'Object Repository/Sidebar Menu/Operasional/Stock/Tambah Barang/Persentase Diskon - TextBox'

2018-02-21 10:41:57 - [TEST_STEP][PASSED] - hideKeyboard: Keyboard is hidden

2018-02-21 10:41:58 - [MESSAGE][PASSED] - Keyboard is hidden

2018-02-21 10:41:58 - [TEST_STEP][PASSED] - clearText: Element 'Object Repository/Sidebar Menu/Operasional/Stock/Tambah Barang/Persentase Diskon - TextBox' text is cleared

2018-02-21 10:41:58 - [MESSAGE][WARNING] - Timeout '0' is invalid. Using default page load timeout: '30'

2018-02-21 10:42:00 - [MESSAGE][PASSED] - Element 'Object Repository/Sidebar Menu/Operasional/Stock/Tambah Barang/Persentase Diskon - TextBox' text is cleared

2018-02-21 10:42:00 - [TEST_STEP][PASSED] - setText: Text '876342' has been set to element 'Object Repository/Sidebar Menu/Operasional/Stock/Tambah Barang/Persentase Diskon - TextBox'

2018-02-21 10:42:00 - [MESSAGE][WARNING] - Timeout '0' is invalid. Using default page load timeout: '30'

2018-02-21 10:42:15 - [MESSAGE][PASSED] - Text '876342' has been set to element 'Object Repository/Sidebar Menu/Operasional/Stock/Tambah Barang/Persentase Diskon - TextBox'

2018-02-21 10:42:15 - [TEST_STEP][PASSED] - hideKeyboard: Keyboard is hidden

2018-02-21 10:42:16 - [MESSAGE][PASSED] - Keyboard is hidden

2018-02-21 10:42:16 - [TEST_STEP][PASSED] - clearText: Element 'Object Repository/Sidebar Menu/Operasional/Stock/Tambah Barang/Persentase Diskon - TextBox' text is cleared

2018-02-21 10:42:16 - [MESSAGE][WARNING] - Timeout '0' is invalid. Using default page load timeout: '30'

2018-02-21 10:42:18 - [MESSAGE][PASSED] - Element 'Object Repository/Sidebar Menu/Operasional/Stock/Tambah Barang/Persentase Diskon - TextBox' text is cleared

2018-02-21 10:42:18 - [TEST_STEP][PASSED] - setText: Text '876342' has been set to element 'Object Repository/Sidebar Menu/Operasional/Stock/Tambah Barang/Persentase Diskon - TextBox'

2018-02-21 10:42:18 - [MESSAGE][WARNING] - Timeout '0' is invalid. Using default page load timeout: '30'

2018-02-21 10:42:34 - [MESSAGE][PASSED] - Text '876342' has been set to element 'Object Repository/Sidebar Menu/Operasional/Stock/Tambah Barang/Persentase Diskon - TextBox'

2018-02-21 10:42:34 - [TEST_STEP][PASSED] - hideKeyboard: Keyboard is hidden

2018-02-21 10:42:35 - [MESSAGE][PASSED] - Keyboard is hidden

2018-02-21 10:42:35 - [TEST_STEP][PASSED] - setText: Text '100' has been set to element 'Object Repository/Sidebar Menu/Operasional/Stock/Tambah Barang/Persentase Diskon - TextBox'

2018-02-21 10:42:35 - [MESSAGE][WARNING] - Timeout '0' is invalid. Using default page load timeout: '30'

2018-02-21 10:42:44 - [MESSAGE][PASSED] - Text '100' has been set to element 'Object Repository/Sidebar Menu/Operasional/Stock/Tambah Barang/Persentase Diskon - TextBox'

2018-02-21 10:42:44 - [TEST_STEP][PASSED] - hideKeyboard: Keyboard is hidden

2018-02-21 10:42:45 - [MESSAGE][PASSED] - Keyboard is hidden

2018-02-21 10:42:45 - [TEST_STEP][PASSED] - clearText: Element 'Object Repository/Sidebar Menu/Operasional/Stock/Tambah Barang/Persentase Diskon - TextBox' text is cleared

2018-02-21 10:42:45 - [MESSAGE][WARNING] - Timeout '0' is invalid. Using default page load timeout: '30'

2018-02-21 10:42:47 - [MESSAGE][PASSED] - Element 'Object Repository/Sidebar Menu/Operasional/Stock/Tambah Barang/Persentase Diskon - TextBox' text is cleared

2018-02-21 10:42:47 - [TEST_STEP][PASSED] - setText: Text '9999' has been set to element 'Object Repository/Sidebar Menu/Operasional/Stock/Tambah Barang/Persentase Diskon - TextBox'

2018-02-21 10:43:02 - [MESSAGE][PASSED] - Text '9999' has been set to element 'Object Repository/Sidebar Menu/Operasional/Stock/Tambah Barang/Persentase Diskon - TextBox'

2018-02-21 10:43:02 - [TEST_STEP][PASSED] - hideKeyboard: Keyboard is hidden

2018-02-21 10:43:04 - [MESSAGE][PASSED] - Keyboard is hidden

2018-02-21 10:43:04 - [TEST_STEP][PASSED] - tap: Tapped on element 'Object Repository/Sidebar Menu/Operasional/Stock/Tambah Barang/Simpan Button'

2018-02-21 10:43:05 - [MESSAGE][PASSED] - Tapped on element 'Object Repository/Sidebar Menu/Operasional/Stock/Tambah Barang/Simpan Button'

2018-02-21 10:43:05 - [TEST_STEP][PASSED] - comment: End Story 35]]></system-out>
         <system-err><![CDATA[]]></system-err>
      </testcase>
      <testcase name="Test Cases/Sprint 2/27 - TC - All" classname="Test Cases/Sprint 2/27 - TC - All" status="PASSED">
         <system-out><![CDATA[2018-02-21 10:43:05 - [TEST_CASE][PASSED] - Test Cases/Sprint 2/27 - TC - All: Test Cases/Sprint 2/27 - TC - All

2018-02-21 10:43:05 - [TEST_STEP][PASSED] - comment: Start Story 27

2018-02-21 10:43:05 - [TEST_STEP][PASSED] - delay: Delayed 5 second(s)

2018-02-21 10:43:10 - [MESSAGE][PASSED] - Delayed 5 second(s)

2018-02-21 10:43:10 - [TEST_STEP][PASSED] - Statement - For (def index : (0..5)): Swiped from 0,642 to 0,399

2018-02-21 10:43:10 - [TEST_STEP][PASSED] - swipe: Swiped from 0,642 to 0,399

2018-02-21 10:43:11 - [MESSAGE][PASSED] - Swiped from 0,642 to 0,399

2018-02-21 10:43:11 - [TEST_STEP][PASSED] - swipe: Swiped from 0,642 to 0,399

2018-02-21 10:43:11 - [MESSAGE][PASSED] - Swiped from 0,642 to 0,399

2018-02-21 10:43:11 - [TEST_STEP][PASSED] - swipe: Swiped from 0,642 to 0,399

2018-02-21 10:43:12 - [MESSAGE][PASSED] - Swiped from 0,642 to 0,399

2018-02-21 10:43:12 - [TEST_STEP][PASSED] - swipe: Swiped from 0,642 to 0,399

2018-02-21 10:43:13 - [MESSAGE][PASSED] - Swiped from 0,642 to 0,399

2018-02-21 10:43:13 - [TEST_STEP][PASSED] - swipe: Swiped from 0,642 to 0,399

2018-02-21 10:43:14 - [MESSAGE][PASSED] - Swiped from 0,642 to 0,399

2018-02-21 10:43:14 - [TEST_STEP][PASSED] - swipe: Swiped from 0,642 to 0,399

2018-02-21 10:43:14 - [MESSAGE][PASSED] - Swiped from 0,642 to 0,399

2018-02-21 10:43:14 - [TEST_STEP][PASSED] - tap: Tapped on element 'Object Repository/Sidebar Menu/Operasional/Stock/Stock View/Cari Produk - Parent'

2018-02-21 10:43:16 - [MESSAGE][PASSED] - Tapped on element 'Object Repository/Sidebar Menu/Operasional/Stock/Stock View/Cari Produk - Parent'

2018-02-21 10:43:16 - [TEST_STEP][PASSED] - setText: Text 'Kacang Sukro' has been set to element 'Object Repository/Sidebar Menu/Operasional/Stock/Stock View/Cari Produk - Parent'

2018-02-21 10:43:28 - [MESSAGE][PASSED] - Text 'Kacang Sukro' has been set to element 'Object Repository/Sidebar Menu/Operasional/Stock/Stock View/Cari Produk - Parent'

2018-02-21 10:43:28 - [TEST_STEP][PASSED] - getText: Text of element 'Object Repository/Sidebar Menu/Operasional/Stock/Stock View/Cari Produk - Parent' is: 'Kacang Sukro'

2018-02-21 10:43:29 - [MESSAGE][PASSED] - Text of element 'Object Repository/Sidebar Menu/Operasional/Stock/Stock View/Cari Produk - Parent' is: 'Kacang Sukro'

2018-02-21 10:43:29 - [TEST_STEP][PASSED] - tap: Tapped on element 'Object Repository/Sidebar Menu/Operasional/Stock/Detail Barang/List Produk Search - Elemen 1'

2018-02-21 10:43:31 - [MESSAGE][PASSED] - Tapped on element 'Object Repository/Sidebar Menu/Operasional/Stock/Detail Barang/List Produk Search - Elemen 1'

2018-02-21 10:43:31 - [TEST_STEP][PASSED] - delay: Delayed 5 second(s)

2018-02-21 10:43:36 - [MESSAGE][PASSED] - Delayed 5 second(s)

2018-02-21 10:43:36 - [TEST_STEP][PASSED] - comment: Swipe ke Bawah

2018-02-21 10:43:36 - [TEST_STEP][PASSED] - swipe: Swiped from 24,788 to 24,452

2018-02-21 10:43:36 - [MESSAGE][PASSED] - Swiped from 24,788 to 24,452

2018-02-21 10:43:36 - [TEST_STEP][PASSED] - comment: Share to FB dan IG

2018-02-21 10:43:36 - [TEST_STEP][NOT_RUN] - tap: NOT_RUN: tap

2018-02-21 10:43:36 - [MESSAGE][NOT_RUN] - NOT_RUN: tap

2018-02-21 10:43:36 - [TEST_STEP][NOT_RUN] - verifyElementExist: NOT_RUN: verifyElementExist

2018-02-21 10:43:36 - [MESSAGE][NOT_RUN] - NOT_RUN: verifyElementExist

2018-02-21 10:43:36 - [TEST_STEP][NOT_RUN] - delay: NOT_RUN: delay

2018-02-21 10:43:36 - [MESSAGE][NOT_RUN] - NOT_RUN: delay

2018-02-21 10:43:36 - [TEST_STEP][PASSED] - tap: Tapped on element 'Object Repository/Sidebar Menu/Operasional/Stock/Detail Barang/Jual via Instagram'

2018-02-21 10:43:37 - [MESSAGE][PASSED] - Tapped on element 'Object Repository/Sidebar Menu/Operasional/Stock/Detail Barang/Jual via Instagram'

2018-02-21 10:43:37 - [TEST_STEP][PASSED] - delay: Delayed 5 second(s)

2018-02-21 10:43:42 - [MESSAGE][PASSED] - Delayed 5 second(s)

2018-02-21 10:43:42 - [TEST_STEP][PASSED] - pressBack: Press back button successfully

2018-02-21 10:43:43 - [MESSAGE][PASSED] - Press back button successfully

2018-02-21 10:43:43 - [TEST_STEP][PASSED] - delay: Delayed 5 second(s)

2018-02-21 10:43:48 - [MESSAGE][PASSED] - Delayed 5 second(s)

2018-02-21 10:43:48 - [TEST_STEP][PASSED] - comment: Swipe ke Atas

2018-02-21 10:43:48 - [TEST_STEP][PASSED] - swipe: Swiped from 24,452 to 24,788

2018-02-21 10:43:49 - [MESSAGE][PASSED] - Swiped from 24,452 to 24,788

2018-02-21 10:43:49 - [TEST_STEP][PASSED] - delay: Delayed 5 second(s)

2018-02-21 10:43:54 - [MESSAGE][PASSED] - Delayed 5 second(s)

2018-02-21 10:43:54 - [TEST_STEP][PASSED] - tap: Tapped on element 'Object Repository/Sidebar Menu/Operasional/Stock/Detail Barang/INFO SUPPLIER'

2018-02-21 10:43:54 - [MESSAGE][PASSED] - Tapped on element 'Object Repository/Sidebar Menu/Operasional/Stock/Detail Barang/INFO SUPPLIER'

2018-02-21 10:43:54 - [TEST_STEP][PASSED] - waitForElementPresent: Element 'Object Repository/Sidebar Menu/Operasional/Stock/Detail Barang/INFO STOK' is present

2018-02-21 10:43:54 - [MESSAGE][WARNING] - Timeout '0' is invalid. Using default page load timeout: '30'

2018-02-21 10:43:55 - [MESSAGE][PASSED] - Element 'Object Repository/Sidebar Menu/Operasional/Stock/Detail Barang/INFO STOK' is present

2018-02-21 10:43:55 - [TEST_STEP][PASSED] - tap: Tapped on element 'Object Repository/Sidebar Menu/Operasional/Stock/Detail Barang/INFO STOK'

2018-02-21 10:43:55 - [MESSAGE][PASSED] - Tapped on element 'Object Repository/Sidebar Menu/Operasional/Stock/Detail Barang/INFO STOK'

2018-02-21 10:43:55 - [TEST_STEP][PASSED] - swipe: Swiped from 24,788 to 24,452

2018-02-21 10:43:56 - [MESSAGE][PASSED] - Swiped from 24,788 to 24,452

2018-02-21 10:43:56 - [TEST_STEP][PASSED] - comment: End Story 27]]></system-out>
         <system-err><![CDATA[]]></system-err>
      </testcase>
      <testcase name="Test Cases/Sprint 2/46 - TC - All" classname="Test Cases/Sprint 2/46 - TC - All" status="PASSED">
         <system-out><![CDATA[2018-02-21 10:43:56 - [TEST_CASE][PASSED] - Test Cases/Sprint 2/46 - TC - All: Test Cases/Sprint 2/46 - TC - All

2018-02-21 10:43:56 - [TEST_STEP][PASSED] - comment: Start Story 46

2018-02-21 10:43:56 - [TEST_STEP][PASSED] - delay: Delayed 5 second(s)

2018-02-21 10:44:01 - [MESSAGE][PASSED] - Delayed 5 second(s)

2018-02-21 10:44:01 - [TEST_STEP][PASSED] - tap: Tapped on element 'Object Repository/Sidebar Menu/Operasional/Stock/Detail Barang/Ubah Info - Button'

2018-02-21 10:44:02 - [MESSAGE][PASSED] - Tapped on element 'Object Repository/Sidebar Menu/Operasional/Stock/Detail Barang/Ubah Info - Button'

2018-02-21 10:44:02 - [TEST_STEP][PASSED] - Statement - For (def index : (0..5)): Tapped on element 'Object Repository/Sidebar Menu/Operasional/Stock/Tambah Barang/Minus Tap - Jumlah Stock'

2018-02-21 10:44:02 - [TEST_STEP][PASSED] - tap: Tapped on element 'Object Repository/Sidebar Menu/Operasional/Stock/Tambah Barang/Minus Tap - Jumlah Stock'

2018-02-21 10:44:04 - [MESSAGE][PASSED] - Tapped on element 'Object Repository/Sidebar Menu/Operasional/Stock/Tambah Barang/Minus Tap - Jumlah Stock'

2018-02-21 10:44:04 - [TEST_STEP][PASSED] - tap: Tapped on element 'Object Repository/Sidebar Menu/Operasional/Stock/Tambah Barang/Minus Tap - Jumlah Stock'

2018-02-21 10:44:05 - [MESSAGE][PASSED] - Tapped on element 'Object Repository/Sidebar Menu/Operasional/Stock/Tambah Barang/Minus Tap - Jumlah Stock'

2018-02-21 10:44:05 - [TEST_STEP][PASSED] - tap: Tapped on element 'Object Repository/Sidebar Menu/Operasional/Stock/Tambah Barang/Minus Tap - Jumlah Stock'

2018-02-21 10:44:06 - [MESSAGE][PASSED] - Tapped on element 'Object Repository/Sidebar Menu/Operasional/Stock/Tambah Barang/Minus Tap - Jumlah Stock'

2018-02-21 10:44:06 - [TEST_STEP][PASSED] - tap: Tapped on element 'Object Repository/Sidebar Menu/Operasional/Stock/Tambah Barang/Minus Tap - Jumlah Stock'

2018-02-21 10:44:08 - [MESSAGE][PASSED] - Tapped on element 'Object Repository/Sidebar Menu/Operasional/Stock/Tambah Barang/Minus Tap - Jumlah Stock'

2018-02-21 10:44:08 - [TEST_STEP][PASSED] - tap: Tapped on element 'Object Repository/Sidebar Menu/Operasional/Stock/Tambah Barang/Minus Tap - Jumlah Stock'

2018-02-21 10:44:10 - [MESSAGE][PASSED] - Tapped on element 'Object Repository/Sidebar Menu/Operasional/Stock/Tambah Barang/Minus Tap - Jumlah Stock'

2018-02-21 10:44:10 - [TEST_STEP][PASSED] - tap: Tapped on element 'Object Repository/Sidebar Menu/Operasional/Stock/Tambah Barang/Minus Tap - Jumlah Stock'

2018-02-21 10:44:11 - [MESSAGE][PASSED] - Tapped on element 'Object Repository/Sidebar Menu/Operasional/Stock/Tambah Barang/Minus Tap - Jumlah Stock'

2018-02-21 10:44:11 - [TEST_STEP][PASSED] - Statement - For (def index : (0..10)): Tapped on element 'Object Repository/Sidebar Menu/Operasional/Stock/Tambah Barang/PlusTap - JumlaH Stock'

2018-02-21 10:44:11 - [TEST_STEP][PASSED] - tap: Tapped on element 'Object Repository/Sidebar Menu/Operasional/Stock/Tambah Barang/PlusTap - JumlaH Stock'

2018-02-21 10:44:12 - [MESSAGE][PASSED] - Tapped on element 'Object Repository/Sidebar Menu/Operasional/Stock/Tambah Barang/PlusTap - JumlaH Stock'

2018-02-21 10:44:12 - [TEST_STEP][PASSED] - tap: Tapped on element 'Object Repository/Sidebar Menu/Operasional/Stock/Tambah Barang/PlusTap - JumlaH Stock'

2018-02-21 10:44:14 - [MESSAGE][PASSED] - Tapped on element 'Object Repository/Sidebar Menu/Operasional/Stock/Tambah Barang/PlusTap - JumlaH Stock'

2018-02-21 10:44:14 - [TEST_STEP][PASSED] - tap: Tapped on element 'Object Repository/Sidebar Menu/Operasional/Stock/Tambah Barang/PlusTap - JumlaH Stock'

2018-02-21 10:44:15 - [MESSAGE][PASSED] - Tapped on element 'Object Repository/Sidebar Menu/Operasional/Stock/Tambah Barang/PlusTap - JumlaH Stock'

2018-02-21 10:44:15 - [TEST_STEP][PASSED] - tap: Tapped on element 'Object Repository/Sidebar Menu/Operasional/Stock/Tambah Barang/PlusTap - JumlaH Stock'

2018-02-21 10:44:16 - [MESSAGE][PASSED] - Tapped on element 'Object Repository/Sidebar Menu/Operasional/Stock/Tambah Barang/PlusTap - JumlaH Stock'

2018-02-21 10:44:16 - [TEST_STEP][PASSED] - tap: Tapped on element 'Object Repository/Sidebar Menu/Operasional/Stock/Tambah Barang/PlusTap - JumlaH Stock'

2018-02-21 10:44:18 - [MESSAGE][PASSED] - Tapped on element 'Object Repository/Sidebar Menu/Operasional/Stock/Tambah Barang/PlusTap - JumlaH Stock'

2018-02-21 10:44:18 - [TEST_STEP][PASSED] - tap: Tapped on element 'Object Repository/Sidebar Menu/Operasional/Stock/Tambah Barang/PlusTap - JumlaH Stock'

2018-02-21 10:44:19 - [MESSAGE][PASSED] - Tapped on element 'Object Repository/Sidebar Menu/Operasional/Stock/Tambah Barang/PlusTap - JumlaH Stock'

2018-02-21 10:44:19 - [TEST_STEP][PASSED] - tap: Tapped on element 'Object Repository/Sidebar Menu/Operasional/Stock/Tambah Barang/PlusTap - JumlaH Stock'

2018-02-21 10:44:21 - [MESSAGE][PASSED] - Tapped on element 'Object Repository/Sidebar Menu/Operasional/Stock/Tambah Barang/PlusTap - JumlaH Stock'

2018-02-21 10:44:21 - [TEST_STEP][PASSED] - tap: Tapped on element 'Object Repository/Sidebar Menu/Operasional/Stock/Tambah Barang/PlusTap - JumlaH Stock'

2018-02-21 10:44:22 - [MESSAGE][PASSED] - Tapped on element 'Object Repository/Sidebar Menu/Operasional/Stock/Tambah Barang/PlusTap - JumlaH Stock'

2018-02-21 10:44:22 - [TEST_STEP][PASSED] - tap: Tapped on element 'Object Repository/Sidebar Menu/Operasional/Stock/Tambah Barang/PlusTap - JumlaH Stock'

2018-02-21 10:44:23 - [MESSAGE][PASSED] - Tapped on element 'Object Repository/Sidebar Menu/Operasional/Stock/Tambah Barang/PlusTap - JumlaH Stock'

2018-02-21 10:44:23 - [TEST_STEP][PASSED] - tap: Tapped on element 'Object Repository/Sidebar Menu/Operasional/Stock/Tambah Barang/PlusTap - JumlaH Stock'

2018-02-21 10:44:25 - [MESSAGE][PASSED] - Tapped on element 'Object Repository/Sidebar Menu/Operasional/Stock/Tambah Barang/PlusTap - JumlaH Stock'

2018-02-21 10:44:25 - [TEST_STEP][PASSED] - tap: Tapped on element 'Object Repository/Sidebar Menu/Operasional/Stock/Tambah Barang/PlusTap - JumlaH Stock'

2018-02-21 10:44:26 - [MESSAGE][PASSED] - Tapped on element 'Object Repository/Sidebar Menu/Operasional/Stock/Tambah Barang/PlusTap - JumlaH Stock'

2018-02-21 10:44:26 - [TEST_STEP][PASSED] - tap: Tapped on element 'Object Repository/Sidebar Menu/Operasional/Stock/Tambah Barang/Jumlah Stock - by typing'

2018-02-21 10:44:28 - [MESSAGE][PASSED] - Tapped on element 'Object Repository/Sidebar Menu/Operasional/Stock/Tambah Barang/Jumlah Stock - by typing'

2018-02-21 10:44:28 - [TEST_STEP][PASSED] - setText: Text '123' has been set to element 'Object Repository/Sidebar Menu/Operasional/Stock/Tambah Barang/Jumlah Stock - by typing'

2018-02-21 10:44:40 - [MESSAGE][PASSED] - Text '123' has been set to element 'Object Repository/Sidebar Menu/Operasional/Stock/Tambah Barang/Jumlah Stock - by typing'

2018-02-21 10:44:40 - [TEST_STEP][PASSED] - clearText: Element 'Object Repository/Sidebar Menu/Operasional/Stock/Tambah Barang/Jumlah Stock - by typing' text is cleared

2018-02-21 10:44:45 - [MESSAGE][PASSED] - Element 'Object Repository/Sidebar Menu/Operasional/Stock/Tambah Barang/Jumlah Stock - by typing' text is cleared

2018-02-21 10:44:45 - [TEST_STEP][PASSED] - setText: Text '10.6' has been set to element 'Object Repository/Sidebar Menu/Operasional/Stock/Tambah Barang/Jumlah Stock - by typing'

2018-02-21 10:45:02 - [MESSAGE][PASSED] - Text '10.6' has been set to element 'Object Repository/Sidebar Menu/Operasional/Stock/Tambah Barang/Jumlah Stock - by typing'

2018-02-21 10:45:02 - [TEST_STEP][PASSED] - hideKeyboard: Keyboard is hidden

2018-02-21 10:45:03 - [MESSAGE][PASSED] - Keyboard is hidden

2018-02-21 10:45:03 - [TEST_STEP][PASSED] - tap: Tapped on element 'Object Repository/Sidebar Menu/Operasional/Stock/Tambah Barang/SKU Produk - Text Box'

2018-02-21 10:45:05 - [MESSAGE][PASSED] - Tapped on element 'Object Repository/Sidebar Menu/Operasional/Stock/Tambah Barang/SKU Produk - Text Box'

2018-02-21 10:45:05 - [TEST_STEP][PASSED] - setText: Text '16091996145' has been set to element 'Object Repository/Sidebar Menu/Operasional/Stock/Tambah Barang/SKU Produk - Text Box'

2018-02-21 10:45:19 - [MESSAGE][PASSED] - Text '16091996145' has been set to element 'Object Repository/Sidebar Menu/Operasional/Stock/Tambah Barang/SKU Produk - Text Box'

2018-02-21 10:45:19 - [TEST_STEP][PASSED] - verifyElementText: Actual text and expected text of test object 'Object Repository/Sidebar Menu/Operasional/Stock/Tambah Barang/SKU Produk - Text Box' are matched.

2018-02-21 10:45:20 - [MESSAGE][PASSED] - Actual text and expected text of test object 'Object Repository/Sidebar Menu/Operasional/Stock/Tambah Barang/SKU Produk - Text Box' are matched.

2018-02-21 10:45:20 - [TEST_STEP][PASSED] - getText: Text of element 'Object Repository/Sidebar Menu/Operasional/Stock/Tambah Barang/SKU Produk - Text Box' is: '16091996145'

2018-02-21 10:45:21 - [MESSAGE][PASSED] - Text of element 'Object Repository/Sidebar Menu/Operasional/Stock/Tambah Barang/SKU Produk - Text Box' is: '16091996145'

2018-02-21 10:45:21 - [TEST_STEP][PASSED] - hideKeyboard: Keyboard is hidden

2018-02-21 10:45:21 - [MESSAGE][PASSED] - Keyboard is hidden

2018-02-21 10:45:21 - [TEST_STEP][PASSED] - pressBack: Press back button successfully

2018-02-21 10:45:22 - [MESSAGE][PASSED] - Press back button successfully

2018-02-21 10:45:22 - [TEST_STEP][PASSED] - tap: Tapped on element 'Object Repository/Sidebar Menu/Operasional/Stock/Detail Barang/Batal Button'

2018-02-21 10:45:23 - [MESSAGE][PASSED] - Tapped on element 'Object Repository/Sidebar Menu/Operasional/Stock/Detail Barang/Batal Button'

2018-02-21 10:45:23 - [TEST_STEP][PASSED] - comment: Gabungan buat Story 38

2018-02-21 10:45:23 - [TEST_STEP][PASSED] - tap: Tapped on element 'Object Repository/Sidebar Menu/Operasional/Stock/Tambah Barang/Pilih Kategori - SelectButton'

2018-02-21 10:45:25 - [MESSAGE][PASSED] - Tapped on element 'Object Repository/Sidebar Menu/Operasional/Stock/Tambah Barang/Pilih Kategori - SelectButton'

2018-02-21 10:45:25 - [TEST_STEP][PASSED] - tap: Tapped on element 'Object Repository/Sidebar Menu/Operasional/Stock/Tambah Barang/Pilih Kategori - SelectButton'

2018-02-21 10:45:26 - [MESSAGE][PASSED] - Tapped on element 'Object Repository/Sidebar Menu/Operasional/Stock/Tambah Barang/Pilih Kategori - SelectButton'

2018-02-21 10:45:26 - [TEST_STEP][PASSED] - scrollToText: Scrolling to text 'PENGATURAN KATEGORI' successfully

2018-02-21 10:45:46 - [MESSAGE][PASSED] - Scrolling to text 'PENGATURAN KATEGORI' successfully

2018-02-21 10:45:47 - [TEST_STEP][PASSED] - tap: Tapped on element 'Object Repository/Sidebar Menu/Operasional/Stock/Detail Barang/Pengaturan Kategori'

2018-02-21 10:45:47 - [MESSAGE][PASSED] - Tapped on element 'Object Repository/Sidebar Menu/Operasional/Stock/Detail Barang/Pengaturan Kategori'

2018-02-21 10:45:47 - [TEST_STEP][PASSED] - delay: Delayed 5 second(s)

2018-02-21 10:45:52 - [MESSAGE][PASSED] - Delayed 5 second(s)

2018-02-21 10:45:52 - [TEST_STEP][PASSED] - Statement - For (def index : (0..4)): Swiped from 381,139 to 450,139

2018-02-21 10:45:52 - [TEST_STEP][PASSED] - Statement - If (true): Swiped from 381,139 to 450,139

2018-02-21 10:45:52 - [TEST_STEP][PASSED] - swipe: Swiped from 381,139 to 450,139

2018-02-21 10:45:53 - [MESSAGE][PASSED] - Swiped from 381,139 to 450,139

2018-02-21 10:45:53 - [TEST_STEP][PASSED] - Statement - If (true): Swiped from 381,139 to 450,139

2018-02-21 10:45:53 - [TEST_STEP][PASSED] - swipe: Swiped from 381,139 to 450,139

2018-02-21 10:45:54 - [MESSAGE][PASSED] - Swiped from 381,139 to 450,139

2018-02-21 10:45:54 - [TEST_STEP][PASSED] - Statement - If (true): Swiped from 381,139 to 450,139

2018-02-21 10:45:54 - [TEST_STEP][PASSED] - swipe: Swiped from 381,139 to 450,139

2018-02-21 10:45:54 - [MESSAGE][PASSED] - Swiped from 381,139 to 450,139

2018-02-21 10:45:55 - [TEST_STEP][PASSED] - Statement - If (true): Swiped from 381,139 to 450,139

2018-02-21 10:45:55 - [TEST_STEP][PASSED] - swipe: Swiped from 381,139 to 450,139

2018-02-21 10:45:55 - [MESSAGE][PASSED] - Swiped from 381,139 to 450,139

2018-02-21 10:45:55 - [TEST_STEP][PASSED] - Statement - If (true): Swiped from 381,139 to 450,139

2018-02-21 10:45:55 - [TEST_STEP][PASSED] - swipe: Swiped from 381,139 to 450,139

2018-02-21 10:45:56 - [MESSAGE][PASSED] - Swiped from 381,139 to 450,139

2018-02-21 10:45:56 - [TEST_STEP][PASSED] - Statement - If (true): Swiped from 381,213 to 450,213

2018-02-21 10:45:56 - [TEST_STEP][PASSED] - swipe: Swiped from 381,213 to 450,213

2018-02-21 10:45:56 - [MESSAGE][PASSED] - Swiped from 381,213 to 450,213

2018-02-21 10:45:57 - [TEST_STEP][PASSED] - Statement - If (true): Swiped from 381,286 to 450,286

2018-02-21 10:45:57 - [TEST_STEP][PASSED] - swipe: Swiped from 381,286 to 450,286

2018-02-21 10:45:57 - [MESSAGE][PASSED] - Swiped from 381,286 to 450,286

2018-02-21 10:45:57 - [TEST_STEP][PASSED] - Statement - For (def index : (0..4)): Swiped from 381,727 to 450,727

2018-02-21 10:45:57 - [TEST_STEP][PASSED] - Statement - If (true): Swiped from 381,727 to 450,727

2018-02-21 10:45:57 - [TEST_STEP][PASSED] - swipe: Swiped from 381,727 to 450,727

2018-02-21 10:45:58 - [MESSAGE][PASSED] - Swiped from 381,727 to 450,727

2018-02-21 10:45:58 - [TEST_STEP][PASSED] - Statement - If (true): Swiped from 381,727 to 450,727

2018-02-21 10:45:58 - [TEST_STEP][PASSED] - swipe: Swiped from 381,727 to 450,727

2018-02-21 10:45:58 - [MESSAGE][PASSED] - Swiped from 381,727 to 450,727

2018-02-21 10:45:59 - [TEST_STEP][PASSED] - Statement - If (true): Swiped from 381,727 to 450,727

2018-02-21 10:45:59 - [TEST_STEP][PASSED] - swipe: Swiped from 381,727 to 450,727

2018-02-21 10:45:59 - [MESSAGE][PASSED] - Swiped from 381,727 to 450,727

2018-02-21 10:45:59 - [TEST_STEP][PASSED] - Statement - If (true): Swiped from 381,727 to 450,727

2018-02-21 10:45:59 - [TEST_STEP][PASSED] - swipe: Swiped from 381,727 to 450,727

2018-02-21 10:46:00 - [MESSAGE][PASSED] - Swiped from 381,727 to 450,727

2018-02-21 10:46:00 - [TEST_STEP][PASSED] - Statement - If (true): Swiped from 381,727 to 450,727

2018-02-21 10:46:00 - [TEST_STEP][PASSED] - swipe: Swiped from 381,727 to 450,727

2018-02-21 10:46:01 - [MESSAGE][PASSED] - Swiped from 381,727 to 450,727

2018-02-21 10:46:01 - [TEST_STEP][PASSED] - waitForElementPresent: Element 'Object Repository/Sidebar Menu/Operasional/Stock/Detail Barang/SIMPAN Button' is present

2018-02-21 10:46:02 - [MESSAGE][PASSED] - Element 'Object Repository/Sidebar Menu/Operasional/Stock/Detail Barang/SIMPAN Button' is present

2018-02-21 10:46:02 - [TEST_STEP][PASSED] - tap: Tapped on element 'Object Repository/Sidebar Menu/Operasional/Stock/Detail Barang/SIMPAN Button'

2018-02-21 10:46:03 - [MESSAGE][PASSED] - Tapped on element 'Object Repository/Sidebar Menu/Operasional/Stock/Detail Barang/SIMPAN Button'

2018-02-21 10:46:03 - [TEST_STEP][PASSED] - scrollToText: Scrolling to text 'TAMBAH KATEGORI' successfully

2018-02-21 10:46:24 - [MESSAGE][PASSED] - Scrolling to text 'TAMBAH KATEGORI' successfully

2018-02-21 10:46:24 - [TEST_STEP][PASSED] - waitForElementPresent: Element 'Object Repository/Sidebar Menu/Operasional/Stock/Detail Barang/TAMBAH KATEGORI' is present

2018-02-21 10:46:24 - [MESSAGE][PASSED] - Element 'Object Repository/Sidebar Menu/Operasional/Stock/Detail Barang/TAMBAH KATEGORI' is present

2018-02-21 10:46:24 - [TEST_STEP][PASSED] - tap: Tapped on element 'Object Repository/Sidebar Menu/Operasional/Stock/Detail Barang/TAMBAH KATEGORI'

2018-02-21 10:46:25 - [MESSAGE][PASSED] - Tapped on element 'Object Repository/Sidebar Menu/Operasional/Stock/Detail Barang/TAMBAH KATEGORI'

2018-02-21 10:46:25 - [TEST_STEP][PASSED] - tap: Tapped on element 'Object Repository/Sidebar Menu/Operasional/Stock/Detail Barang/TERAPKAN - Button'

2018-02-21 10:46:26 - [MESSAGE][PASSED] - Tapped on element 'Object Repository/Sidebar Menu/Operasional/Stock/Detail Barang/TERAPKAN - Button'

2018-02-21 10:46:26 - [TEST_STEP][PASSED] - tap: Tapped on element 'Object Repository/Sidebar Menu/Operasional/Stock/Detail Barang/Nama Kategori'

2018-02-21 10:46:27 - [MESSAGE][PASSED] - Tapped on element 'Object Repository/Sidebar Menu/Operasional/Stock/Detail Barang/Nama Kategori'

2018-02-21 10:46:27 - [TEST_STEP][PASSED] - setText: Text 'Kesehatan' has been set to element 'Object Repository/Sidebar Menu/Operasional/Stock/Detail Barang/Nama Kategori'

2018-02-21 10:46:37 - [MESSAGE][PASSED] - Text 'Kesehatan' has been set to element 'Object Repository/Sidebar Menu/Operasional/Stock/Detail Barang/Nama Kategori'

2018-02-21 10:46:37 - [TEST_STEP][PASSED] - tap: Tapped on element 'Object Repository/Sidebar Menu/Operasional/Stock/Detail Barang/TERAPKAN - Button'

2018-02-21 10:46:37 - [MESSAGE][PASSED] - Tapped on element 'Object Repository/Sidebar Menu/Operasional/Stock/Detail Barang/TERAPKAN - Button'

2018-02-21 10:46:37 - [TEST_STEP][PASSED] - tap: Tapped on element 'Object Repository/Sidebar Menu/Operasional/Stock/Detail Barang/SIMPAN Button'

2018-02-21 10:46:43 - [MESSAGE][PASSED] - Tapped on element 'Object Repository/Sidebar Menu/Operasional/Stock/Detail Barang/SIMPAN Button'

2018-02-21 10:46:43 - [TEST_STEP][PASSED] - pressBack: Press back button successfully

2018-02-21 10:46:44 - [MESSAGE][PASSED] - Press back button successfully

2018-02-21 10:46:44 - [TEST_STEP][PASSED] - pressBack: Press back button successfully

2018-02-21 10:46:45 - [MESSAGE][PASSED] - Press back button successfully

2018-02-21 10:46:45 - [TEST_STEP][PASSED] - delay: Delayed 5 second(s)

2018-02-21 10:46:50 - [MESSAGE][PASSED] - Delayed 5 second(s)

2018-02-21 10:46:50 - [TEST_STEP][PASSED] - comment: Edit Harga Jual

2018-02-21 10:46:50 - [TEST_STEP][PASSED] - swipe: Swiped from 24,679 to 24,453

2018-02-21 10:46:51 - [MESSAGE][PASSED] - Swiped from 24,679 to 24,453

2018-02-21 10:46:51 - [TEST_STEP][PASSED] - tap: Tapped on element 'Object Repository/Sidebar Menu/Operasional/Stock/Tambah Barang/Harga Jual - TextBox'

2018-02-21 10:46:52 - [MESSAGE][PASSED] - Tapped on element 'Object Repository/Sidebar Menu/Operasional/Stock/Tambah Barang/Harga Jual - TextBox'

2018-02-21 10:46:52 - [TEST_STEP][PASSED] - clearText: Element 'Object Repository/Sidebar Menu/Operasional/Stock/Tambah Barang/Harga Jual - TextBox' text is cleared

2018-02-21 10:46:57 - [MESSAGE][PASSED] - Element 'Object Repository/Sidebar Menu/Operasional/Stock/Tambah Barang/Harga Jual - TextBox' text is cleared

2018-02-21 10:46:57 - [TEST_STEP][PASSED] - setText: Text '50000' has been set to element 'Object Repository/Sidebar Menu/Operasional/Stock/Tambah Barang/Harga Jual - TextBox'

2018-02-21 10:47:12 - [MESSAGE][PASSED] - Text '50000' has been set to element 'Object Repository/Sidebar Menu/Operasional/Stock/Tambah Barang/Harga Jual - TextBox'

2018-02-21 10:47:12 - [TEST_STEP][PASSED] - verifyElementText: Actual text and expected text of test object 'Object Repository/Sidebar Menu/Operasional/Stock/Tambah Barang/Harga Jual - TextBox' are matched.

2018-02-21 10:47:13 - [MESSAGE][PASSED] - Actual text and expected text of test object 'Object Repository/Sidebar Menu/Operasional/Stock/Tambah Barang/Harga Jual - TextBox' are matched.

2018-02-21 10:47:13 - [TEST_STEP][PASSED] - hideKeyboard: Keyboard is hidden

2018-02-21 10:47:14 - [MESSAGE][PASSED] - Keyboard is hidden

2018-02-21 10:47:14 - [TEST_STEP][PASSED] - comment: Ubah Nominal Dison

2018-02-21 10:47:14 - [TEST_STEP][PASSED] - tap: Tapped on element 'Object Repository/Sidebar Menu/Operasional/Stock/Tambah Barang/Nominal Diskon- TextBox'

2018-02-21 10:47:15 - [MESSAGE][PASSED] - Tapped on element 'Object Repository/Sidebar Menu/Operasional/Stock/Tambah Barang/Nominal Diskon- TextBox'

2018-02-21 10:47:15 - [TEST_STEP][PASSED] - setText: Text '12000' has been set to element 'Object Repository/Sidebar Menu/Operasional/Stock/Tambah Barang/Nominal Diskon- TextBox'

2018-02-21 10:47:29 - [MESSAGE][PASSED] - Text '12000' has been set to element 'Object Repository/Sidebar Menu/Operasional/Stock/Tambah Barang/Nominal Diskon- TextBox'

2018-02-21 10:47:29 - [TEST_STEP][PASSED] - verifyElementText: Actual text and expected text of test object 'Object Repository/Sidebar Menu/Operasional/Stock/Tambah Barang/Nominal Diskon- TextBox' are matched.

2018-02-21 10:47:30 - [MESSAGE][PASSED] - Actual text and expected text of test object 'Object Repository/Sidebar Menu/Operasional/Stock/Tambah Barang/Nominal Diskon- TextBox' are matched.

2018-02-21 10:47:30 - [TEST_STEP][PASSED] - hideKeyboard: Keyboard is hidden

2018-02-21 10:47:30 - [MESSAGE][PASSED] - Keyboard is hidden

2018-02-21 10:47:30 - [TEST_STEP][PASSED] - pressBack: Press back button successfully

2018-02-21 10:47:31 - [MESSAGE][PASSED] - Press back button successfully

2018-02-21 10:47:31 - [TEST_STEP][PASSED] - tap: Tapped on element 'Object Repository/Sidebar Menu/Operasional/Stock/Detail Barang/Batal Button'

2018-02-21 10:47:32 - [MESSAGE][PASSED] - Tapped on element 'Object Repository/Sidebar Menu/Operasional/Stock/Detail Barang/Batal Button'

2018-02-21 10:47:32 - [TEST_STEP][PASSED] - delay: Delayed 5 second(s)

2018-02-21 10:47:37 - [MESSAGE][PASSED] - Delayed 5 second(s)

2018-02-21 10:47:37 - [TEST_STEP][PASSED] - tap: Tapped on element 'Object Repository/Sidebar Menu/Operasional/Stock/Detail Barang/Simpan'

2018-02-21 10:47:38 - [MESSAGE][PASSED] - Tapped on element 'Object Repository/Sidebar Menu/Operasional/Stock/Detail Barang/Simpan'

2018-02-21 10:47:38 - [TEST_STEP][PASSED] - pressBack: Press back button successfully

2018-02-21 10:47:40 - [MESSAGE][PASSED] - Press back button successfully

2018-02-21 10:47:40 - [TEST_STEP][PASSED] - comment: End Story 46]]></system-out>
         <system-err><![CDATA[]]></system-err>
      </testcase>
      <testcase name="Test Cases/Sprint 2/28 - TC-All" classname="Test Cases/Sprint 2/28 - TC-All" status="PASSED">
         <system-out><![CDATA[2018-02-21 10:47:40 - [TEST_CASE][PASSED] - Test Cases/Sprint 2/28 - TC-All: Test Cases/Sprint 2/28 - TC-All

2018-02-21 10:47:41 - [TEST_STEP][PASSED] - comment: Start Story 28

2018-02-21 10:47:41 - [TEST_STEP][PASSED] - delay: Delayed 5 second(s)

2018-02-21 10:47:46 - [MESSAGE][PASSED] - Delayed 5 second(s)

2018-02-21 10:47:46 - [TEST_STEP][PASSED] - tap: Tapped on element 'Object Repository/Sidebar Menu/Operasional/Kasir/Kasir - Navbar'

2018-02-21 10:47:46 - [MESSAGE][PASSED] - Tapped on element 'Object Repository/Sidebar Menu/Operasional/Kasir/Kasir - Navbar'

2018-02-21 10:47:46 - [TEST_STEP][PASSED] - Statement - For (def index : (0..3)): Swiped from 0,642 to 0,399

2018-02-21 10:47:46 - [TEST_STEP][PASSED] - swipe: Swiped from 0,642 to 0,399

2018-02-21 10:47:47 - [MESSAGE][PASSED] - Swiped from 0,642 to 0,399

2018-02-21 10:47:47 - [TEST_STEP][PASSED] - swipe: Swiped from 0,642 to 0,399

2018-02-21 10:47:48 - [MESSAGE][PASSED] - Swiped from 0,642 to 0,399

2018-02-21 10:47:48 - [TEST_STEP][PASSED] - swipe: Swiped from 0,642 to 0,399

2018-02-21 10:47:48 - [MESSAGE][PASSED] - Swiped from 0,642 to 0,399

2018-02-21 10:47:48 - [TEST_STEP][PASSED] - swipe: Swiped from 0,642 to 0,399

2018-02-21 10:47:49 - [MESSAGE][PASSED] - Swiped from 0,642 to 0,399

2018-02-21 10:47:49 - [TEST_STEP][PASSED] - delay: Delayed 5 second(s)

2018-02-21 10:47:54 - [MESSAGE][PASSED] - Delayed 5 second(s)

2018-02-21 10:47:54 - [TEST_STEP][PASSED] - tap: Tapped on element 'Object Repository/Sidebar Menu/Operasional/Kasir/Cari Produk'

2018-02-21 10:47:55 - [MESSAGE][PASSED] - Tapped on element 'Object Repository/Sidebar Menu/Operasional/Kasir/Cari Produk'

2018-02-21 10:47:55 - [TEST_STEP][PASSED] - setText: Text 'apple' has been set to element 'Object Repository/Sidebar Menu/Operasional/Kasir/Cari Produk'

2018-02-21 10:48:06 - [MESSAGE][PASSED] - Text 'apple' has been set to element 'Object Repository/Sidebar Menu/Operasional/Kasir/Cari Produk'

2018-02-21 10:48:06 - [TEST_STEP][PASSED] - verifyElementText: Actual text and expected text of test object 'Object Repository/Sidebar Menu/Operasional/Kasir/Cari Produk' are matched.

2018-02-21 10:48:07 - [MESSAGE][PASSED] - Actual text and expected text of test object 'Object Repository/Sidebar Menu/Operasional/Kasir/Cari Produk' are matched.

2018-02-21 10:48:07 - [TEST_STEP][PASSED] - clearText: Element 'Object Repository/Sidebar Menu/Operasional/Kasir/Cari Produk' text is cleared

2018-02-21 10:48:13 - [MESSAGE][PASSED] - Element 'Object Repository/Sidebar Menu/Operasional/Kasir/Cari Produk' text is cleared

2018-02-21 10:48:13 - [TEST_STEP][PASSED] - setText: Text 'da vinci' has been set to element 'Object Repository/Sidebar Menu/Operasional/Kasir/Cari Produk'

2018-02-21 10:48:22 - [MESSAGE][PASSED] - Text 'da vinci' has been set to element 'Object Repository/Sidebar Menu/Operasional/Kasir/Cari Produk'

2018-02-21 10:48:22 - [TEST_STEP][PASSED] - verifyElementText: Actual text and expected text of test object 'Object Repository/Sidebar Menu/Operasional/Kasir/Cari Produk' are matched.

2018-02-21 10:48:23 - [MESSAGE][PASSED] - Actual text and expected text of test object 'Object Repository/Sidebar Menu/Operasional/Kasir/Cari Produk' are matched.

2018-02-21 10:48:23 - [TEST_STEP][PASSED] - clearText: Element 'Object Repository/Sidebar Menu/Operasional/Kasir/Cari Produk' text is cleared

2018-02-21 10:48:26 - [MESSAGE][PASSED] - Element 'Object Repository/Sidebar Menu/Operasional/Kasir/Cari Produk' text is cleared

2018-02-21 10:48:26 - [TEST_STEP][PASSED] - setText: Text 'asu' has been set to element 'Object Repository/Sidebar Menu/Operasional/Kasir/Cari Produk'

2018-02-21 10:48:34 - [MESSAGE][PASSED] - Text 'asu' has been set to element 'Object Repository/Sidebar Menu/Operasional/Kasir/Cari Produk'

2018-02-21 10:48:34 - [TEST_STEP][PASSED] - verifyElementText: Actual text and expected text of test object 'Object Repository/Sidebar Menu/Operasional/Kasir/Cari Produk' are matched.

2018-02-21 10:48:35 - [MESSAGE][PASSED] - Actual text and expected text of test object 'Object Repository/Sidebar Menu/Operasional/Kasir/Cari Produk' are matched.

2018-02-21 10:48:35 - [TEST_STEP][PASSED] - clearText: Element 'Object Repository/Sidebar Menu/Operasional/Kasir/Cari Produk' text is cleared

2018-02-21 10:48:38 - [MESSAGE][PASSED] - Element 'Object Repository/Sidebar Menu/Operasional/Kasir/Cari Produk' text is cleared

2018-02-21 10:48:38 - [TEST_STEP][PASSED] - setText: Text 'as' has been set to element 'Object Repository/Sidebar Menu/Operasional/Kasir/Cari Produk'

2018-02-21 10:48:46 - [MESSAGE][PASSED] - Text 'as' has been set to element 'Object Repository/Sidebar Menu/Operasional/Kasir/Cari Produk'

2018-02-21 10:48:46 - [TEST_STEP][PASSED] - verifyElementText: Actual text and expected text of test object 'Object Repository/Sidebar Menu/Operasional/Kasir/Cari Produk' are matched.

2018-02-21 10:48:47 - [MESSAGE][PASSED] - Actual text and expected text of test object 'Object Repository/Sidebar Menu/Operasional/Kasir/Cari Produk' are matched.

2018-02-21 10:48:47 - [TEST_STEP][PASSED] - hideKeyboard: Keyboard is hidden

2018-02-21 10:48:48 - [MESSAGE][PASSED] - Keyboard is hidden

2018-02-21 10:48:49 - [TEST_STEP][PASSED] - clearText: Element 'Object Repository/Sidebar Menu/Operasional/Kasir/Cari Produk' text is cleared

2018-02-21 10:48:53 - [MESSAGE][PASSED] - Element 'Object Repository/Sidebar Menu/Operasional/Kasir/Cari Produk' text is cleared

2018-02-21 10:48:53 - [TEST_STEP][PASSED] - setText: Text 'lontong' has been set to element 'Object Repository/Sidebar Menu/Operasional/Kasir/Cari Produk'

2018-02-21 10:49:02 - [MESSAGE][PASSED] - Text 'lontong' has been set to element 'Object Repository/Sidebar Menu/Operasional/Kasir/Cari Produk'

2018-02-21 10:49:02 - [TEST_STEP][PASSED] - verifyElementText: Actual text and expected text of test object 'Object Repository/Sidebar Menu/Operasional/Kasir/Cari Produk' are matched.

2018-02-21 10:49:03 - [MESSAGE][PASSED] - Actual text and expected text of test object 'Object Repository/Sidebar Menu/Operasional/Kasir/Cari Produk' are matched.

2018-02-21 10:49:03 - [TEST_STEP][PASSED] - delay: Delayed 5 second(s)

2018-02-21 10:49:08 - [MESSAGE][PASSED] - Delayed 5 second(s)

2018-02-21 10:49:08 - [TEST_STEP][PASSED] - tap: Tapped on element 'Object Repository/Sidebar Menu/Operasional/Kasir/Cari Produk'

2018-02-21 10:49:09 - [MESSAGE][PASSED] - Tapped on element 'Object Repository/Sidebar Menu/Operasional/Kasir/Cari Produk'

2018-02-21 10:49:09 - [TEST_STEP][PASSED] - clearText: Element 'Object Repository/Sidebar Menu/Operasional/Kasir/Cari Produk' text is cleared

2018-02-21 10:49:14 - [MESSAGE][PASSED] - Element 'Object Repository/Sidebar Menu/Operasional/Kasir/Cari Produk' text is cleared

2018-02-21 10:49:14 - [TEST_STEP][PASSED] - waitForElementPresent: Element 'Object Repository/Sidebar Menu/Operasional/Stock/Stock View/Semua Kategori - Drop Down' is present

2018-02-21 10:49:15 - [MESSAGE][PASSED] - Element 'Object Repository/Sidebar Menu/Operasional/Stock/Stock View/Semua Kategori - Drop Down' is present

2018-02-21 10:49:15 - [TEST_STEP][PASSED] - tap: Tapped on element 'Object Repository/Sidebar Menu/Operasional/Stock/Stock View/Semua Kategori - Drop Down'

2018-02-21 10:49:17 - [MESSAGE][PASSED] - Tapped on element 'Object Repository/Sidebar Menu/Operasional/Stock/Stock View/Semua Kategori - Drop Down'

2018-02-21 10:49:17 - [TEST_STEP][PASSED] - delay: Delayed 5 second(s)

2018-02-21 10:49:22 - [MESSAGE][PASSED] - Delayed 5 second(s)

2018-02-21 10:49:22 - [TEST_STEP][PASSED] - Statement - For (def index : (0..2)): Swiped from 30,541 to 30,257

2018-02-21 10:49:22 - [TEST_STEP][PASSED] - swipe: Swiped from 30,541 to 30,257

2018-02-21 10:49:23 - [MESSAGE][PASSED] - Swiped from 30,541 to 30,257

2018-02-21 10:49:23 - [TEST_STEP][PASSED] - swipe: Swiped from 30,541 to 30,257

2018-02-21 10:49:23 - [MESSAGE][PASSED] - Swiped from 30,541 to 30,257

2018-02-21 10:49:23 - [TEST_STEP][PASSED] - swipe: Swiped from 30,541 to 30,257

2018-02-21 10:49:24 - [MESSAGE][PASSED] - Swiped from 30,541 to 30,257

2018-02-21 10:49:24 - [TEST_STEP][PASSED] - tap: Tapped on element 'Object Repository/Sidebar Menu/Operasional/Stock/Stock View/Terapkan - Select Kategori'

2018-02-21 10:49:25 - [MESSAGE][PASSED] - Tapped on element 'Object Repository/Sidebar Menu/Operasional/Stock/Stock View/Terapkan - Select Kategori'

2018-02-21 10:49:25 - [TEST_STEP][PASSED] - delay: Delayed 0 second(s)

2018-02-21 10:49:25 - [MESSAGE][PASSED] - Delayed 0 second(s)

2018-02-21 10:49:25 - [TEST_STEP][PASSED] - Statement - For (def index : (0..2)): Tapped on element 'Object Repository/Sidebar Menu/Operasional/Kasir/PlusTap - ListProduct Elemen 1'

2018-02-21 10:49:25 - [TEST_STEP][PASSED] - tap: Tapped on element 'Object Repository/Sidebar Menu/Operasional/Kasir/PlusTap - ListProduct Elemen 1'

2018-02-21 10:49:27 - [MESSAGE][PASSED] - Tapped on element 'Object Repository/Sidebar Menu/Operasional/Kasir/PlusTap - ListProduct Elemen 1'

2018-02-21 10:49:27 - [TEST_STEP][PASSED] - tap: Tapped on element 'Object Repository/Sidebar Menu/Operasional/Kasir/PlusTap - ListProduct Elemen 1'

2018-02-21 10:49:28 - [MESSAGE][PASSED] - Tapped on element 'Object Repository/Sidebar Menu/Operasional/Kasir/PlusTap - ListProduct Elemen 1'

2018-02-21 10:49:28 - [TEST_STEP][PASSED] - tap: Tapped on element 'Object Repository/Sidebar Menu/Operasional/Kasir/PlusTap - ListProduct Elemen 1'

2018-02-21 10:49:30 - [MESSAGE][PASSED] - Tapped on element 'Object Repository/Sidebar Menu/Operasional/Kasir/PlusTap - ListProduct Elemen 1'

2018-02-21 10:49:30 - [TEST_STEP][PASSED] - Statement - For (def index : (0..1)): Tapped on element 'Object Repository/Sidebar Menu/Operasional/Kasir/MinusTap - List Product Elemen 1'

2018-02-21 10:49:30 - [TEST_STEP][PASSED] - tap: Tapped on element 'Object Repository/Sidebar Menu/Operasional/Kasir/MinusTap - List Product Elemen 1'

2018-02-21 10:49:31 - [MESSAGE][PASSED] - Tapped on element 'Object Repository/Sidebar Menu/Operasional/Kasir/MinusTap - List Product Elemen 1'

2018-02-21 10:49:31 - [TEST_STEP][PASSED] - tap: Tapped on element 'Object Repository/Sidebar Menu/Operasional/Kasir/MinusTap - List Product Elemen 1'

2018-02-21 10:49:33 - [MESSAGE][PASSED] - Tapped on element 'Object Repository/Sidebar Menu/Operasional/Kasir/MinusTap - List Product Elemen 1'

2018-02-21 10:49:33 - [TEST_STEP][PASSED] - tap: Tapped on element 'Object Repository/Sidebar Menu/Operasional/Kasir/Input Jumlah by Typing - Elemen1'

2018-02-21 10:49:34 - [MESSAGE][PASSED] - Tapped on element 'Object Repository/Sidebar Menu/Operasional/Kasir/Input Jumlah by Typing - Elemen1'

2018-02-21 10:49:34 - [TEST_STEP][PASSED] - setText: Text '4' has been set to element 'Object Repository/Sidebar Menu/Operasional/Kasir/Input Jumlah by Typing - Elemen1'

2018-02-21 10:49:54 - [MESSAGE][PASSED] - Text '4' has been set to element 'Object Repository/Sidebar Menu/Operasional/Kasir/Input Jumlah by Typing - Elemen1'

2018-02-21 10:49:54 - [TEST_STEP][PASSED] - hideKeyboard: Keyboard is hidden

2018-02-21 10:49:55 - [MESSAGE][PASSED] - Keyboard is hidden

2018-02-21 10:49:55 - [TEST_STEP][PASSED] - Statement - For (def index : (0..3)): Tapped on element 'Object Repository/Sidebar Menu/Operasional/Kasir/PlusTap - ListProduct Elemen 2'

2018-02-21 10:49:55 - [TEST_STEP][PASSED] - tap: Tapped on element 'Object Repository/Sidebar Menu/Operasional/Kasir/PlusTap - ListProduct Elemen 2'

2018-02-21 10:49:56 - [MESSAGE][PASSED] - Tapped on element 'Object Repository/Sidebar Menu/Operasional/Kasir/PlusTap - ListProduct Elemen 2'

2018-02-21 10:49:56 - [TEST_STEP][PASSED] - tap: Tapped on element 'Object Repository/Sidebar Menu/Operasional/Kasir/PlusTap - ListProduct Elemen 2'

2018-02-21 10:49:57 - [MESSAGE][PASSED] - Tapped on element 'Object Repository/Sidebar Menu/Operasional/Kasir/PlusTap - ListProduct Elemen 2'

2018-02-21 10:49:57 - [TEST_STEP][PASSED] - tap: Tapped on element 'Object Repository/Sidebar Menu/Operasional/Kasir/PlusTap - ListProduct Elemen 2'

2018-02-21 10:49:59 - [MESSAGE][PASSED] - Tapped on element 'Object Repository/Sidebar Menu/Operasional/Kasir/PlusTap - ListProduct Elemen 2'

2018-02-21 10:49:59 - [TEST_STEP][PASSED] - tap: Tapped on element 'Object Repository/Sidebar Menu/Operasional/Kasir/PlusTap - ListProduct Elemen 2'

2018-02-21 10:50:00 - [MESSAGE][PASSED] - Tapped on element 'Object Repository/Sidebar Menu/Operasional/Kasir/PlusTap - ListProduct Elemen 2'

2018-02-21 10:50:00 - [TEST_STEP][PASSED] - Statement - For (def index : (0..2)): Tapped on element 'Object Repository/Sidebar Menu/Operasional/Kasir/MinusTap - List Product Elemen 2'

2018-02-21 10:50:00 - [TEST_STEP][PASSED] - tap: Tapped on element 'Object Repository/Sidebar Menu/Operasional/Kasir/MinusTap - List Product Elemen 2'

2018-02-21 10:50:02 - [MESSAGE][PASSED] - Tapped on element 'Object Repository/Sidebar Menu/Operasional/Kasir/MinusTap - List Product Elemen 2'

2018-02-21 10:50:02 - [TEST_STEP][PASSED] - tap: Tapped on element 'Object Repository/Sidebar Menu/Operasional/Kasir/MinusTap - List Product Elemen 2'

2018-02-21 10:50:03 - [MESSAGE][PASSED] - Tapped on element 'Object Repository/Sidebar Menu/Operasional/Kasir/MinusTap - List Product Elemen 2'

2018-02-21 10:50:03 - [TEST_STEP][PASSED] - tap: Tapped on element 'Object Repository/Sidebar Menu/Operasional/Kasir/MinusTap - List Product Elemen 2'

2018-02-21 10:50:05 - [MESSAGE][PASSED] - Tapped on element 'Object Repository/Sidebar Menu/Operasional/Kasir/MinusTap - List Product Elemen 2'

2018-02-21 10:50:05 - [TEST_STEP][PASSED] - tap: Tapped on element 'Object Repository/Sidebar Menu/Operasional/Kasir/Input Jumlah by Typing - Elemen2'

2018-02-21 10:50:06 - [MESSAGE][PASSED] - Tapped on element 'Object Repository/Sidebar Menu/Operasional/Kasir/Input Jumlah by Typing - Elemen2'

2018-02-21 10:50:06 - [TEST_STEP][PASSED] - clearText: Element 'Object Repository/Sidebar Menu/Operasional/Kasir/Input Jumlah by Typing - Elemen2' text is cleared

2018-02-21 10:50:09 - [MESSAGE][PASSED] - Element 'Object Repository/Sidebar Menu/Operasional/Kasir/Input Jumlah by Typing - Elemen2' text is cleared

2018-02-21 10:50:09 - [TEST_STEP][PASSED] - setText: Text '-2' has been set to element 'Object Repository/Sidebar Menu/Operasional/Kasir/Input Jumlah by Typing - Elemen2'

2018-02-21 10:50:22 - [MESSAGE][PASSED] - Text '-2' has been set to element 'Object Repository/Sidebar Menu/Operasional/Kasir/Input Jumlah by Typing - Elemen2'

2018-02-21 10:50:22 - [TEST_STEP][PASSED] - hideKeyboard: Keyboard is hidden

2018-02-21 10:50:23 - [MESSAGE][PASSED] - Keyboard is hidden

2018-02-21 10:50:23 - [TEST_STEP][PASSED] - delay: Delayed 10 second(s)

2018-02-21 10:50:33 - [MESSAGE][PASSED] - Delayed 10 second(s)

2018-02-21 10:50:33 - [TEST_STEP][PASSED] - tap: Tapped on element 'Object Repository/Sidebar Menu/Operasional/Kasir/Keranjang'

2018-02-21 10:50:33 - [MESSAGE][PASSED] - Tapped on element 'Object Repository/Sidebar Menu/Operasional/Kasir/Keranjang'

2018-02-21 10:50:33 - [TEST_STEP][PASSED] - delay: Delayed 5 second(s)

2018-02-21 10:50:38 - [MESSAGE][PASSED] - Delayed 5 second(s)

2018-02-21 10:50:38 - [TEST_STEP][PASSED] - comment: End Story 28]]></system-out>
         <system-err><![CDATA[]]></system-err>
      </testcase>
      <testcase name="Test Cases/Sprint 2/29 - TC - All" classname="Test Cases/Sprint 2/29 - TC - All" status="PASSED">
         <system-out><![CDATA[2018-02-21 10:50:38 - [TEST_CASE][PASSED] - Test Cases/Sprint 2/29 - TC - All: Test Cases/Sprint 2/29 - TC - All

2018-02-21 10:50:39 - [TEST_STEP][PASSED] - comment: Start Story 29

2018-02-21 10:50:39 - [TEST_STEP][NOT_RUN] - Statement - For (def index : (0..5)): NOT_RUN: Statement - For (def index : (0..5))

2018-02-21 10:50:39 - [MESSAGE][NOT_RUN] - NOT_RUN: Statement - For (def index : (0..5))

2018-02-21 10:50:39 - [TEST_STEP][PASSED] - Statement - For (def index : (0..3)): Tapped on element 'Object Repository/Sidebar Menu/Operasional/Kasir/Kerajang dan Pembayaran/MinusTap - Elemen 1'

2018-02-21 10:50:39 - [TEST_STEP][PASSED] - tap: Tapped on element 'Object Repository/Sidebar Menu/Operasional/Kasir/Kerajang dan Pembayaran/MinusTap - Elemen 1'

2018-02-21 10:50:39 - [MESSAGE][WARNING] - Timeout '0' is invalid. Using default page load timeout: '30'

2018-02-21 10:50:39 - [MESSAGE][PASSED] - Tapped on element 'Object Repository/Sidebar Menu/Operasional/Kasir/Kerajang dan Pembayaran/MinusTap - Elemen 1'

2018-02-21 10:50:39 - [TEST_STEP][PASSED] - tap: Tapped on element 'Object Repository/Sidebar Menu/Operasional/Kasir/Kerajang dan Pembayaran/MinusTap - Elemen 1'

2018-02-21 10:50:39 - [MESSAGE][WARNING] - Timeout '0' is invalid. Using default page load timeout: '30'

2018-02-21 10:50:41 - [MESSAGE][PASSED] - Tapped on element 'Object Repository/Sidebar Menu/Operasional/Kasir/Kerajang dan Pembayaran/MinusTap - Elemen 1'

2018-02-21 10:50:41 - [TEST_STEP][PASSED] - tap: Tapped on element 'Object Repository/Sidebar Menu/Operasional/Kasir/Kerajang dan Pembayaran/MinusTap - Elemen 1'

2018-02-21 10:50:41 - [MESSAGE][WARNING] - Timeout '0' is invalid. Using default page load timeout: '30'

2018-02-21 10:50:42 - [MESSAGE][PASSED] - Tapped on element 'Object Repository/Sidebar Menu/Operasional/Kasir/Kerajang dan Pembayaran/MinusTap - Elemen 1'

2018-02-21 10:50:42 - [TEST_STEP][PASSED] - tap: Tapped on element 'Object Repository/Sidebar Menu/Operasional/Kasir/Kerajang dan Pembayaran/MinusTap - Elemen 1'

2018-02-21 10:50:42 - [MESSAGE][WARNING] - Timeout '0' is invalid. Using default page load timeout: '30'

2018-02-21 10:50:44 - [MESSAGE][PASSED] - Tapped on element 'Object Repository/Sidebar Menu/Operasional/Kasir/Kerajang dan Pembayaran/MinusTap - Elemen 1'

2018-02-21 10:50:44 - [TEST_STEP][PASSED] - tap: Tapped on element 'Object Repository/Sidebar Menu/Operasional/Kasir/Kerajang dan Pembayaran/InputbbyType - Elemen 1'

2018-02-21 10:50:44 - [MESSAGE][WARNING] - Timeout '0' is invalid. Using default page load timeout: '30'

2018-02-21 10:50:46 - [MESSAGE][PASSED] - Tapped on element 'Object Repository/Sidebar Menu/Operasional/Kasir/Kerajang dan Pembayaran/InputbbyType - Elemen 1'

2018-02-21 10:50:46 - [TEST_STEP][PASSED] - clearText: Element 'Object Repository/Sidebar Menu/Operasional/Kasir/Kerajang dan Pembayaran/InputbbyType - Elemen 1' text is cleared

2018-02-21 10:50:46 - [MESSAGE][WARNING] - Timeout '0' is invalid. Using default page load timeout: '30'

2018-02-21 10:50:52 - [MESSAGE][PASSED] - Element 'Object Repository/Sidebar Menu/Operasional/Kasir/Kerajang dan Pembayaran/InputbbyType - Elemen 1' text is cleared

2018-02-21 10:50:52 - [TEST_STEP][PASSED] - setText: Text '47' has been set to element 'Object Repository/Sidebar Menu/Operasional/Kasir/Kerajang dan Pembayaran/InputbbyType - Elemen 1'

2018-02-21 10:50:52 - [MESSAGE][WARNING] - Timeout '0' is invalid. Using default page load timeout: '30'

2018-02-21 10:51:05 - [MESSAGE][PASSED] - Text '47' has been set to element 'Object Repository/Sidebar Menu/Operasional/Kasir/Kerajang dan Pembayaran/InputbbyType - Elemen 1'

2018-02-21 10:51:05 - [TEST_STEP][PASSED] - clearText: Element 'Object Repository/Sidebar Menu/Operasional/Kasir/Kerajang dan Pembayaran/InputbbyType - Elemen 1' text is cleared

2018-02-21 10:51:05 - [MESSAGE][WARNING] - Timeout '0' is invalid. Using default page load timeout: '30'

2018-02-21 10:51:07 - [MESSAGE][PASSED] - Element 'Object Repository/Sidebar Menu/Operasional/Kasir/Kerajang dan Pembayaran/InputbbyType - Elemen 1' text is cleared

2018-02-21 10:51:07 - [TEST_STEP][PASSED] - tap: Tapped on element 'Object Repository/Sidebar Menu/Operasional/Kasir/Kerajang dan Pembayaran/InputbbyType - Elemen 1'

2018-02-21 10:51:07 - [MESSAGE][WARNING] - Timeout '0' is invalid. Using default page load timeout: '30'

2018-02-21 10:51:08 - [MESSAGE][PASSED] - Tapped on element 'Object Repository/Sidebar Menu/Operasional/Kasir/Kerajang dan Pembayaran/InputbbyType - Elemen 1'

2018-02-21 10:51:08 - [TEST_STEP][PASSED] - setText: Text '5' has been set to element 'Object Repository/Sidebar Menu/Operasional/Kasir/Kerajang dan Pembayaran/InputbbyType - Elemen 1'

2018-02-21 10:51:08 - [MESSAGE][WARNING] - Timeout '0' is invalid. Using default page load timeout: '30'

2018-02-21 10:51:21 - [MESSAGE][PASSED] - Text '5' has been set to element 'Object Repository/Sidebar Menu/Operasional/Kasir/Kerajang dan Pembayaran/InputbbyType - Elemen 1'

2018-02-21 10:51:21 - [TEST_STEP][PASSED] - hideKeyboard: Keyboard is hidden

2018-02-21 10:51:22 - [MESSAGE][PASSED] - Keyboard is hidden

2018-02-21 10:51:22 - [TEST_STEP][PASSED] - delay: Delayed 10 second(s)

2018-02-21 10:51:32 - [MESSAGE][PASSED] - Delayed 10 second(s)

2018-02-21 10:51:32 - [TEST_STEP][PASSED] - tap: Tapped on element 'Object Repository/Sidebar Menu/Operasional/Kasir/Kerajang dan Pembayaran/Button Konfirmasi'

2018-02-21 10:51:33 - [MESSAGE][PASSED] - Tapped on element 'Object Repository/Sidebar Menu/Operasional/Kasir/Kerajang dan Pembayaran/Button Konfirmasi'

2018-02-21 10:51:33 - [TEST_STEP][PASSED] - tap: Tapped on element 'Object Repository/Sidebar Menu/Operasional/Kasir/Kerajang dan Pembayaran/ImagePensil - Diskon Tambahan'

2018-02-21 10:51:35 - [MESSAGE][PASSED] - Tapped on element 'Object Repository/Sidebar Menu/Operasional/Kasir/Kerajang dan Pembayaran/ImagePensil - Diskon Tambahan'

2018-02-21 10:51:35 - [TEST_STEP][PASSED] - setText: Text '1000' has been set to element 'Object Repository/Sidebar Menu/Operasional/Kasir/Kerajang dan Pembayaran/ImagePensil - Diskon Tambahan'

2018-02-21 10:51:47 - [MESSAGE][PASSED] - Text '1000' has been set to element 'Object Repository/Sidebar Menu/Operasional/Kasir/Kerajang dan Pembayaran/ImagePensil - Diskon Tambahan'

2018-02-21 10:51:47 - [TEST_STEP][PASSED] - hideKeyboard: Keyboard is hidden

2018-02-21 10:51:48 - [MESSAGE][PASSED] - Keyboard is hidden

2018-02-21 10:51:48 - [TEST_STEP][PASSED] - tap: Tapped on element 'Object Repository/Sidebar Menu/Operasional/Kasir/Kerajang dan Pembayaran/PILIH METODE PEMBAYARAN'

2018-02-21 10:51:49 - [MESSAGE][PASSED] - Tapped on element 'Object Repository/Sidebar Menu/Operasional/Kasir/Kerajang dan Pembayaran/PILIH METODE PEMBAYARAN'

2018-02-21 10:51:49 - [TEST_STEP][PASSED] - comment: End Story 29]]></system-out>
         <system-err><![CDATA[]]></system-err>
      </testcase>
      <testcase name="Test Cases/Sprint 2/47 - TC- All" classname="Test Cases/Sprint 2/47 - TC- All" status="FAILED">
         <failure type="FAILED" message="Verify element text of test object 'Object Repository/Sidebar Menu/Operasional/Kasir/Kerajang dan Pembayaran/InputText - Pembayaran Tunai' FAILED. (Root cause: Element 'Object Repository/Sidebar Menu/Operasional/Kasir/Kerajang dan Pembayaran/InputText - Pembayaran Tunai' not found)"/>
         <system-out><![CDATA[2018-02-21 10:51:50 - [TEST_CASE][FAILED] - Test Cases/Sprint 2/47 - TC- All: Test Cases/Sprint 2/47 - TC- All FAILED because (of) Verify element text of test object 'Object Repository/Sidebar Menu/Operasional/Kasir/Kerajang dan Pembayaran/InputText - Pembayaran Tunai' FAILED. (Root cause: Element 'Object Repository/Sidebar Menu/Operasional/Kasir/Kerajang dan Pembayaran/InputText - Pembayaran Tunai' not found)

2018-02-21 10:51:50 - [TEST_STEP][PASSED] - comment: Start Story 47

2018-02-21 10:51:50 - [TEST_STEP][PASSED] - tap: Tapped on element 'Object Repository/Sidebar Menu/Operasional/Kasir/Kerajang dan Pembayaran/Tunai'

2018-02-21 10:51:51 - [MESSAGE][PASSED] - Tapped on element 'Object Repository/Sidebar Menu/Operasional/Kasir/Kerajang dan Pembayaran/Tunai'

2018-02-21 10:51:51 - [TEST_STEP][PASSED] - comment: MenInput Jumlah Pembayaran < dari Harga Barang

2018-02-21 10:51:51 - [TEST_STEP][PASSED] - waitForElementPresent: Element 'Object Repository/Sidebar Menu/Operasional/Kasir/Kerajang dan Pembayaran/InputText - Pembayaran Tunai' is present

2018-02-21 10:51:53 - [MESSAGE][PASSED] - Element 'Object Repository/Sidebar Menu/Operasional/Kasir/Kerajang dan Pembayaran/InputText - Pembayaran Tunai' is present

2018-02-21 10:51:53 - [TEST_STEP][PASSED] - tap: Tapped on element 'Object Repository/Sidebar Menu/Operasional/Kasir/Kerajang dan Pembayaran/InputText - Pembayaran Tunai'

2018-02-21 10:51:53 - [MESSAGE][PASSED] - Tapped on element 'Object Repository/Sidebar Menu/Operasional/Kasir/Kerajang dan Pembayaran/InputText - Pembayaran Tunai'

2018-02-21 10:51:53 - [TEST_STEP][PASSED] - setText: Text '500' has been set to element 'Object Repository/Sidebar Menu/Operasional/Kasir/Kerajang dan Pembayaran/InputText - Pembayaran Tunai'

2018-02-21 10:52:05 - [MESSAGE][PASSED] - Text '500' has been set to element 'Object Repository/Sidebar Menu/Operasional/Kasir/Kerajang dan Pembayaran/InputText - Pembayaran Tunai'

2018-02-21 10:52:05 - [TEST_STEP][FAILED] - verifyElementText: Verify element text of test object 'Object Repository/Sidebar Menu/Operasional/Kasir/Kerajang dan Pembayaran/InputText - Pembayaran Tunai' FAILED. (Root cause: Element 'Object Repository/Sidebar Menu/Operasional/Kasir/Kerajang dan Pembayaran/InputText - Pembayaran Tunai' not found)

2018-02-21 10:52:36 - [MESSAGE][FAILED] - Element 'Object Repository/Sidebar Menu/Operasional/Kasir/Kerajang dan Pembayaran/InputText - Pembayaran Tunai' not found

2018-02-21 10:52:36 - [MESSAGE][FAILED] - Verify element text of test object 'Object Repository/Sidebar Menu/Operasional/Kasir/Kerajang dan Pembayaran/InputText - Pembayaran Tunai' FAILED. (Root cause: Element 'Object Repository/Sidebar Menu/Operasional/Kasir/Kerajang dan Pembayaran/InputText - Pembayaran Tunai' not found)]]></system-out>
         <system-err><![CDATA[2018-02-21 10:51:50 - [TEST_CASE][FAILED] - Test Cases/Sprint 2/47 - TC- All: Test Cases/Sprint 2/47 - TC- All FAILED because (of) Verify element text of test object 'Object Repository/Sidebar Menu/Operasional/Kasir/Kerajang dan Pembayaran/InputText - Pembayaran Tunai' FAILED. (Root cause: Element 'Object Repository/Sidebar Menu/Operasional/Kasir/Kerajang dan Pembayaran/InputText - Pembayaran Tunai' not found)]]></system-err>
      </testcase>
      <testcase name="Test Cases/Sprint 2/30 - TC - All" classname="Test Cases/Sprint 2/30 - TC - All" status="FAILED">
         <failure type="FAILED" message="Failed to tap on element 'Object Repository/Sidebar Menu/Operasional/Kasir/Kerajang dan Pembayaran/Bagikan' (Root cause: Object Object Repository/Sidebar Menu/Operasional/Kasir/Kerajang dan Pembayaran/Bagikan not found)"/>
         <system-out><![CDATA[2018-02-21 10:52:36 - [TEST_CASE][FAILED] - Test Cases/Sprint 2/30 - TC - All: Test Cases/Sprint 2/30 - TC - All FAILED because (of) Failed to tap on element 'Object Repository/Sidebar Menu/Operasional/Kasir/Kerajang dan Pembayaran/Bagikan' (Root cause: Object Object Repository/Sidebar Menu/Operasional/Kasir/Kerajang dan Pembayaran/Bagikan not found)

2018-02-21 10:52:36 - [TEST_STEP][PASSED] - comment: Start Story 30

2018-02-21 10:52:36 - [TEST_STEP][PASSED] - waitForElementPresent: Element 'Object Repository/Sidebar Menu/Operasional/Kasir/Kerajang dan Pembayaran/LANJUT (1)' is present

2018-02-21 10:52:37 - [MESSAGE][PASSED] - Element 'Object Repository/Sidebar Menu/Operasional/Kasir/Kerajang dan Pembayaran/LANJUT (1)' is present

2018-02-21 10:52:37 - [TEST_STEP][PASSED] - tap: Tapped on element 'Object Repository/Sidebar Menu/Operasional/Kasir/Kerajang dan Pembayaran/LANJUT (1)'

2018-02-21 10:52:38 - [MESSAGE][PASSED] - Tapped on element 'Object Repository/Sidebar Menu/Operasional/Kasir/Kerajang dan Pembayaran/LANJUT (1)'

2018-02-21 10:52:38 - [TEST_STEP][PASSED] - tap: Tapped on element 'Object Repository/Sidebar Menu/Operasional/Kasir/Kerajang dan Pembayaran/Batal'

2018-02-21 10:52:39 - [MESSAGE][PASSED] - Tapped on element 'Object Repository/Sidebar Menu/Operasional/Kasir/Kerajang dan Pembayaran/Batal'

2018-02-21 10:52:39 - [TEST_STEP][PASSED] - tap: Tapped on element 'Object Repository/Sidebar Menu/Operasional/Kasir/Kerajang dan Pembayaran/LANJUT (1)'

2018-02-21 10:52:40 - [MESSAGE][PASSED] - Tapped on element 'Object Repository/Sidebar Menu/Operasional/Kasir/Kerajang dan Pembayaran/LANJUT (1)'

2018-02-21 10:52:40 - [TEST_STEP][PASSED] - tap: Tapped on element 'Object Repository/Sidebar Menu/Operasional/Kasir/Kerajang dan Pembayaran/Lanjut'

2018-02-21 10:52:41 - [MESSAGE][PASSED] - Tapped on element 'Object Repository/Sidebar Menu/Operasional/Kasir/Kerajang dan Pembayaran/Lanjut'

2018-02-21 10:52:41 - [TEST_STEP][PASSED] - waitForElementPresent: Element 'Object Repository/Sidebar Menu/Operasional/Kasir/Kerajang dan Pembayaran/Selesai' is present

2018-02-21 10:52:42 - [MESSAGE][PASSED] - Element 'Object Repository/Sidebar Menu/Operasional/Kasir/Kerajang dan Pembayaran/Selesai' is present

2018-02-21 10:52:42 - [TEST_STEP][PASSED] - tap: Tapped on element 'Object Repository/Sidebar Menu/Operasional/Kasir/Kerajang dan Pembayaran/Selesai'

2018-02-21 10:52:43 - [MESSAGE][PASSED] - Tapped on element 'Object Repository/Sidebar Menu/Operasional/Kasir/Kerajang dan Pembayaran/Selesai'

2018-02-21 10:52:43 - [TEST_STEP][PASSED] - waitForElementPresent: Object Object Repository/Sidebar Menu/Operasional/Kasir/Kerajang dan Pembayaran/Bagikan not found

2018-02-21 10:52:51 - [MESSAGE][WARNING] - Object Object Repository/Sidebar Menu/Operasional/Kasir/Kerajang dan Pembayaran/Bagikan not found

2018-02-21 10:52:51 - [TEST_STEP][FAILED] - tap: Failed to tap on element 'Object Repository/Sidebar Menu/Operasional/Kasir/Kerajang dan Pembayaran/Bagikan' (Root cause: Object Object Repository/Sidebar Menu/Operasional/Kasir/Kerajang dan Pembayaran/Bagikan not found)

2018-02-21 10:52:57 - [MESSAGE][FAILED] - Object Object Repository/Sidebar Menu/Operasional/Kasir/Kerajang dan Pembayaran/Bagikan not found

2018-02-21 10:52:57 - [MESSAGE][FAILED] - Failed to tap on element 'Object Repository/Sidebar Menu/Operasional/Kasir/Kerajang dan Pembayaran/Bagikan' (Root cause: Object Object Repository/Sidebar Menu/Operasional/Kasir/Kerajang dan Pembayaran/Bagikan not found)]]></system-out>
         <system-err><![CDATA[2018-02-21 10:52:36 - [TEST_CASE][FAILED] - Test Cases/Sprint 2/30 - TC - All: Test Cases/Sprint 2/30 - TC - All FAILED because (of) Failed to tap on element 'Object Repository/Sidebar Menu/Operasional/Kasir/Kerajang dan Pembayaran/Bagikan' (Root cause: Object Object Repository/Sidebar Menu/Operasional/Kasir/Kerajang dan Pembayaran/Bagikan not found)]]></system-err>
      </testcase>
      <system-out><![CDATA[2018-02-21 10:30:43 - [TEST_SUITE][FAILED] - Sprint 2: Test Cases/Sprint 2/47 - TC- All FAILED because (of) Verify element text of test object 'Object Repository/Sidebar Menu/Operasional/Kasir/Kerajang dan Pembayaran/InputText - Pembayaran Tunai' FAILED. (Root cause: Element 'Object Repository/Sidebar Menu/Operasional/Kasir/Kerajang dan Pembayaran/InputText - Pembayaran Tunai' not found)]]></system-out>
      <system-err><![CDATA[2018-02-21 10:30:43 - [TEST_SUITE][FAILED] - Sprint 2: Test Cases/Sprint 2/47 - TC- All FAILED because (of) Verify element text of test object 'Object Repository/Sidebar Menu/Operasional/Kasir/Kerajang dan Pembayaran/InputText - Pembayaran Tunai' FAILED. (Root cause: Element 'Object Repository/Sidebar Menu/Operasional/Kasir/Kerajang dan Pembayaran/InputText - Pembayaran Tunai' not found)]]></system-err>
   </testsuite>
</testsuites>
