<?xml version="1.0" encoding="UTF-8"?>
<testsuites name="Sprint 2" time="316" tests="3" failures="1" errors="0">
   <testsuite name="Sprint 2" tests="3" failures="1" errors="0" time="316" timestamp="2018-02-27 15:09:48" hostname="AV2017005903 - NBMP18A211ITSQA.corp.bankbtpn.co.id" id="Test Suites/Sprint 2">
      <properties>
         <property name="deviceName" value="asus ASUS_X014D 5.1.1"/>
         <property name="devicePlatform" value=""/>
         <property name="logFolder" value="C:\\Users\\AV2017005903\\Documents\\apollo-automation\\Reports\\Sprint 2\\20180227_150947"/>
         <property name="logFiles" value="C:\\Users\\AV2017005903\\Documents\\apollo-automation\\Reports\\Sprint 2\\20180227_150947\\appium.log, C:\\Users\\AV2017005903\\Documents\\apollo-automation\\Reports\\Sprint 2\\20180227_150947\\execution0.log"/>
         <property name="attachments" value=""/>
         <property name="hostName" value="AV2017005903 - NBMP18A211ITSQA.corp.bankbtpn.co.id"/>
         <property name="os" value="Windows 10 64bit"/>
         <property name="katalonVersion" value="5.0.0.1"/>
         <property name="deviceOS" value="Android"/>
         <property name="appiumVersion" value="1.6.5"/>
         <property name="deviceModel" value="ASUS_X014D"/>
         <property name="hostAddress" value="192.168.17.200"/>
         <property name="deviceManufacturer" value="asus"/>
         <property name="deviceId" value="GBAXGV411465ERX"/>
         <property name="deviceName" value="asus ASUS_X014D 5.1.1"/>
         <property name="deviceOSVersion" value="5.1.1"/>
      </properties>
      <testcase name="Test Cases/Sprint 2/28 - TC-All" classname="Test Cases/Sprint 2/28 - TC-All" status="PASSED">
         <system-out><![CDATA[2018-02-27 15:09:48 - [TEST_CASE][PASSED] - Test Cases/Sprint 2/28 - TC-All: Test Cases/Sprint 2/28 - TC-All

2018-02-27 15:09:49 - [TEST_STEP][PASSED] - comment: Start Story 28

2018-02-27 15:09:49 - [TEST_STEP][PASSED] - Statement - apkPath = com.kms.katalon.core.util.internal.PathUtil.relativeToAbsolutePath(apkName, com.kms.katalon.core.configuration.RunConfiguration.getProjectDir()): null

2018-02-27 15:09:49 - [TEST_STEP][PASSED] - startApplication: Started app at: 'C:\Users\AV2017005903\Documents\apollo-automation\Regression_24Februari_PakAnka.apk'

2018-02-27 15:10:04 - [MESSAGE][PASSED] - Started app at: 'C:\Users\AV2017005903\Documents\apollo-automation\Regression_24Februari_PakAnka.apk'

2018-02-27 15:10:04 - [TEST_STEP][PASSED] - tap: Tapped on element 'Object Repository/Login/Daftar Sekarang - Belum Punya Akun'

2018-02-27 15:10:11 - [MESSAGE][PASSED] - Tapped on element 'Object Repository/Login/Daftar Sekarang - Belum Punya Akun'

2018-02-27 15:10:11 - [TEST_STEP][PASSED] - verifyElementExist: Element 'Object Repository/Login/Daftar Sekarang - Belum Punya Akun' is exist

2018-02-27 15:10:11 - [MESSAGE][PASSED] - Element 'Object Repository/Login/Daftar Sekarang - Belum Punya Akun' is exist

2018-02-27 15:10:11 - [TEST_STEP][NOT_RUN] - tap: NOT_RUN: tap

2018-02-27 15:10:12 - [MESSAGE][NOT_RUN] - NOT_RUN: tap

2018-02-27 15:10:12 - [TEST_STEP][NOT_RUN] - setText: NOT_RUN: setText

2018-02-27 15:10:12 - [MESSAGE][NOT_RUN] - NOT_RUN: setText

2018-02-27 15:10:12 - [TEST_STEP][NOT_RUN] - hideKeyboard: NOT_RUN: hideKeyboard

2018-02-27 15:10:12 - [MESSAGE][NOT_RUN] - NOT_RUN: hideKeyboard

2018-02-27 15:10:12 - [TEST_STEP][NOT_RUN] - tap: NOT_RUN: tap

2018-02-27 15:10:12 - [MESSAGE][NOT_RUN] - NOT_RUN: tap

2018-02-27 15:10:12 - [TEST_STEP][NOT_RUN] - waitForElementPresent: NOT_RUN: waitForElementPresent

2018-02-27 15:10:12 - [MESSAGE][NOT_RUN] - NOT_RUN: waitForElementPresent

2018-02-27 15:10:12 - [TEST_STEP][NOT_RUN] - tap: NOT_RUN: tap

2018-02-27 15:10:12 - [MESSAGE][NOT_RUN] - NOT_RUN: tap

2018-02-27 15:10:12 - [TEST_STEP][NOT_RUN] - setText: NOT_RUN: setText

2018-02-27 15:10:12 - [MESSAGE][NOT_RUN] - NOT_RUN: setText

2018-02-27 15:10:12 - [TEST_STEP][PASSED] - waitForElementPresent: Element 'Object Repository/Sidebar Menu/HamburgerButton' is present

2018-02-27 15:10:16 - [MESSAGE][PASSED] - Element 'Object Repository/Sidebar Menu/HamburgerButton' is present

2018-02-27 15:10:16 - [TEST_STEP][PASSED] - tap: Tapped on element 'Object Repository/Sidebar Menu/HamburgerButton'

2018-02-27 15:10:16 - [MESSAGE][PASSED] - Tapped on element 'Object Repository/Sidebar Menu/HamburgerButton'

2018-02-27 15:10:16 - [TEST_STEP][PASSED] - tap: Tapped on element 'Object Repository/Sidebar Menu/Operasional/Operasional - Sidebar Menu'

2018-02-27 15:10:19 - [MESSAGE][PASSED] - Tapped on element 'Object Repository/Sidebar Menu/Operasional/Operasional - Sidebar Menu'

2018-02-27 15:10:19 - [TEST_STEP][PASSED] - tap: Tapped on element 'Object Repository/Sidebar Menu/Operasional/Kasir/Kasir - Navbar'

2018-02-27 15:10:21 - [MESSAGE][PASSED] - Tapped on element 'Object Repository/Sidebar Menu/Operasional/Kasir/Kasir - Navbar'

2018-02-27 15:10:21 - [TEST_STEP][NOT_RUN] - Statement - For (def index : (0..3)): NOT_RUN: Statement - For (def index : (0..3))

2018-02-27 15:10:21 - [MESSAGE][NOT_RUN] - NOT_RUN: Statement - For (def index : (0..3))

2018-02-27 15:10:21 - [TEST_STEP][NOT_RUN] - delay: NOT_RUN: delay

2018-02-27 15:10:21 - [MESSAGE][NOT_RUN] - NOT_RUN: delay

2018-02-27 15:10:21 - [TEST_STEP][NOT_RUN] - tap: NOT_RUN: tap

2018-02-27 15:10:21 - [MESSAGE][NOT_RUN] - NOT_RUN: tap

2018-02-27 15:10:21 - [TEST_STEP][NOT_RUN] - setText: NOT_RUN: setText

2018-02-27 15:10:21 - [MESSAGE][NOT_RUN] - NOT_RUN: setText

2018-02-27 15:10:21 - [TEST_STEP][NOT_RUN] - verifyElementText: NOT_RUN: verifyElementText

2018-02-27 15:10:21 - [MESSAGE][NOT_RUN] - NOT_RUN: verifyElementText

2018-02-27 15:10:21 - [TEST_STEP][NOT_RUN] - clearText: NOT_RUN: clearText

2018-02-27 15:10:21 - [MESSAGE][NOT_RUN] - NOT_RUN: clearText

2018-02-27 15:10:21 - [TEST_STEP][NOT_RUN] - setText: NOT_RUN: setText

2018-02-27 15:10:21 - [MESSAGE][NOT_RUN] - NOT_RUN: setText

2018-02-27 15:10:21 - [TEST_STEP][NOT_RUN] - verifyElementText: NOT_RUN: verifyElementText

2018-02-27 15:10:21 - [MESSAGE][NOT_RUN] - NOT_RUN: verifyElementText

2018-02-27 15:10:21 - [TEST_STEP][NOT_RUN] - clearText: NOT_RUN: clearText

2018-02-27 15:10:21 - [MESSAGE][NOT_RUN] - NOT_RUN: clearText

2018-02-27 15:10:21 - [TEST_STEP][NOT_RUN] - setText: NOT_RUN: setText

2018-02-27 15:10:21 - [MESSAGE][NOT_RUN] - NOT_RUN: setText

2018-02-27 15:10:21 - [TEST_STEP][NOT_RUN] - verifyElementText: NOT_RUN: verifyElementText

2018-02-27 15:10:21 - [MESSAGE][NOT_RUN] - NOT_RUN: verifyElementText

2018-02-27 15:10:21 - [TEST_STEP][NOT_RUN] - clearText: NOT_RUN: clearText

2018-02-27 15:10:21 - [MESSAGE][NOT_RUN] - NOT_RUN: clearText

2018-02-27 15:10:21 - [TEST_STEP][NOT_RUN] - setText: NOT_RUN: setText

2018-02-27 15:10:21 - [MESSAGE][NOT_RUN] - NOT_RUN: setText

2018-02-27 15:10:21 - [TEST_STEP][NOT_RUN] - verifyElementText: NOT_RUN: verifyElementText

2018-02-27 15:10:21 - [MESSAGE][NOT_RUN] - NOT_RUN: verifyElementText

2018-02-27 15:10:21 - [TEST_STEP][NOT_RUN] - hideKeyboard: NOT_RUN: hideKeyboard

2018-02-27 15:10:21 - [MESSAGE][NOT_RUN] - NOT_RUN: hideKeyboard

2018-02-27 15:10:21 - [TEST_STEP][NOT_RUN] - clearText: NOT_RUN: clearText

2018-02-27 15:10:21 - [MESSAGE][NOT_RUN] - NOT_RUN: clearText

2018-02-27 15:10:21 - [TEST_STEP][NOT_RUN] - setText: NOT_RUN: setText

2018-02-27 15:10:21 - [MESSAGE][NOT_RUN] - NOT_RUN: setText

2018-02-27 15:10:21 - [TEST_STEP][NOT_RUN] - verifyElementText: NOT_RUN: verifyElementText

2018-02-27 15:10:21 - [MESSAGE][NOT_RUN] - NOT_RUN: verifyElementText

2018-02-27 15:10:21 - [TEST_STEP][NOT_RUN] - delay: NOT_RUN: delay

2018-02-27 15:10:21 - [MESSAGE][NOT_RUN] - NOT_RUN: delay

2018-02-27 15:10:21 - [TEST_STEP][NOT_RUN] - tap: NOT_RUN: tap

2018-02-27 15:10:21 - [MESSAGE][NOT_RUN] - NOT_RUN: tap

2018-02-27 15:10:21 - [TEST_STEP][NOT_RUN] - clearText: NOT_RUN: clearText

2018-02-27 15:10:21 - [MESSAGE][NOT_RUN] - NOT_RUN: clearText

2018-02-27 15:10:21 - [TEST_STEP][NOT_RUN] - waitForElementPresent: NOT_RUN: waitForElementPresent

2018-02-27 15:10:21 - [MESSAGE][NOT_RUN] - NOT_RUN: waitForElementPresent

2018-02-27 15:10:21 - [TEST_STEP][NOT_RUN] - tap: NOT_RUN: tap

2018-02-27 15:10:21 - [MESSAGE][NOT_RUN] - NOT_RUN: tap

2018-02-27 15:10:21 - [TEST_STEP][NOT_RUN] - delay: NOT_RUN: delay

2018-02-27 15:10:21 - [MESSAGE][NOT_RUN] - NOT_RUN: delay

2018-02-27 15:10:21 - [TEST_STEP][NOT_RUN] - Statement - For (def index : (0..2)): NOT_RUN: Statement - For (def index : (0..2))

2018-02-27 15:10:21 - [MESSAGE][NOT_RUN] - NOT_RUN: Statement - For (def index : (0..2))

2018-02-27 15:10:21 - [TEST_STEP][NOT_RUN] - tap: NOT_RUN: tap

2018-02-27 15:10:21 - [MESSAGE][NOT_RUN] - NOT_RUN: tap

2018-02-27 15:10:21 - [TEST_STEP][NOT_RUN] - delay: NOT_RUN: delay

2018-02-27 15:10:21 - [MESSAGE][NOT_RUN] - NOT_RUN: delay

2018-02-27 15:10:21 - [TEST_STEP][NOT_RUN] - Statement - For (def index : (0..2)): NOT_RUN: Statement - For (def index : (0..2))

2018-02-27 15:10:21 - [MESSAGE][NOT_RUN] - NOT_RUN: Statement - For (def index : (0..2))

2018-02-27 15:10:21 - [TEST_STEP][NOT_RUN] - Statement - For (def index : (0..1)): NOT_RUN: Statement - For (def index : (0..1))

2018-02-27 15:10:21 - [MESSAGE][NOT_RUN] - NOT_RUN: Statement - For (def index : (0..1))

2018-02-27 15:10:21 - [TEST_STEP][PASSED] - tap: Tapped on element 'Object Repository/Sidebar Menu/Operasional/Kasir/Input Jumlah by Typing - Elemen1'

2018-02-27 15:10:22 - [MESSAGE][PASSED] - Tapped on element 'Object Repository/Sidebar Menu/Operasional/Kasir/Input Jumlah by Typing - Elemen1'

2018-02-27 15:10:22 - [TEST_STEP][PASSED] - setText: Text '4' has been set to element 'Object Repository/Sidebar Menu/Operasional/Kasir/Input Jumlah by Typing - Elemen1'

2018-02-27 15:10:33 - [MESSAGE][PASSED] - Text '4' has been set to element 'Object Repository/Sidebar Menu/Operasional/Kasir/Input Jumlah by Typing - Elemen1'

2018-02-27 15:10:33 - [TEST_STEP][PASSED] - hideKeyboard: Keyboard is hidden

2018-02-27 15:10:34 - [MESSAGE][PASSED] - Keyboard is hidden

2018-02-27 15:10:34 - [TEST_STEP][PASSED] - Statement - For (def index : (0..3)): Tapped on element 'Object Repository/Sidebar Menu/Operasional/Kasir/PlusTap - ListProduct Elemen 2'

2018-02-27 15:10:34 - [TEST_STEP][PASSED] - tap: Tapped on element 'Object Repository/Sidebar Menu/Operasional/Kasir/PlusTap - ListProduct Elemen 2'

2018-02-27 15:10:35 - [MESSAGE][PASSED] - Tapped on element 'Object Repository/Sidebar Menu/Operasional/Kasir/PlusTap - ListProduct Elemen 2'

2018-02-27 15:10:35 - [TEST_STEP][PASSED] - tap: Tapped on element 'Object Repository/Sidebar Menu/Operasional/Kasir/PlusTap - ListProduct Elemen 2'

2018-02-27 15:10:36 - [MESSAGE][PASSED] - Tapped on element 'Object Repository/Sidebar Menu/Operasional/Kasir/PlusTap - ListProduct Elemen 2'

2018-02-27 15:10:36 - [TEST_STEP][PASSED] - tap: Tapped on element 'Object Repository/Sidebar Menu/Operasional/Kasir/PlusTap - ListProduct Elemen 2'

2018-02-27 15:10:38 - [MESSAGE][PASSED] - Tapped on element 'Object Repository/Sidebar Menu/Operasional/Kasir/PlusTap - ListProduct Elemen 2'

2018-02-27 15:10:38 - [TEST_STEP][PASSED] - tap: Tapped on element 'Object Repository/Sidebar Menu/Operasional/Kasir/PlusTap - ListProduct Elemen 2'

2018-02-27 15:10:39 - [MESSAGE][PASSED] - Tapped on element 'Object Repository/Sidebar Menu/Operasional/Kasir/PlusTap - ListProduct Elemen 2'

2018-02-27 15:10:39 - [TEST_STEP][PASSED] - Statement - For (def index : (0..2)): Tapped on element 'Object Repository/Sidebar Menu/Operasional/Kasir/MinusTap - List Product Elemen 2'

2018-02-27 15:10:39 - [TEST_STEP][PASSED] - tap: Tapped on element 'Object Repository/Sidebar Menu/Operasional/Kasir/MinusTap - List Product Elemen 2'

2018-02-27 15:10:41 - [MESSAGE][PASSED] - Tapped on element 'Object Repository/Sidebar Menu/Operasional/Kasir/MinusTap - List Product Elemen 2'

2018-02-27 15:10:41 - [TEST_STEP][PASSED] - tap: Tapped on element 'Object Repository/Sidebar Menu/Operasional/Kasir/MinusTap - List Product Elemen 2'

2018-02-27 15:10:42 - [MESSAGE][PASSED] - Tapped on element 'Object Repository/Sidebar Menu/Operasional/Kasir/MinusTap - List Product Elemen 2'

2018-02-27 15:10:42 - [TEST_STEP][PASSED] - tap: Tapped on element 'Object Repository/Sidebar Menu/Operasional/Kasir/MinusTap - List Product Elemen 2'

2018-02-27 15:10:43 - [MESSAGE][PASSED] - Tapped on element 'Object Repository/Sidebar Menu/Operasional/Kasir/MinusTap - List Product Elemen 2'

2018-02-27 15:10:43 - [TEST_STEP][PASSED] - tap: Tapped on element 'Object Repository/Sidebar Menu/Operasional/Kasir/Input Jumlah by Typing - Elemen2'

2018-02-27 15:10:45 - [MESSAGE][PASSED] - Tapped on element 'Object Repository/Sidebar Menu/Operasional/Kasir/Input Jumlah by Typing - Elemen2'

2018-02-27 15:10:45 - [TEST_STEP][PASSED] - clearText: Element 'Object Repository/Sidebar Menu/Operasional/Kasir/Input Jumlah by Typing - Elemen2' text is cleared

2018-02-27 15:10:48 - [MESSAGE][PASSED] - Element 'Object Repository/Sidebar Menu/Operasional/Kasir/Input Jumlah by Typing - Elemen2' text is cleared

2018-02-27 15:10:48 - [TEST_STEP][PASSED] - setText: Text '-2' has been set to element 'Object Repository/Sidebar Menu/Operasional/Kasir/Input Jumlah by Typing - Elemen2'

2018-02-27 15:11:01 - [MESSAGE][PASSED] - Text '-2' has been set to element 'Object Repository/Sidebar Menu/Operasional/Kasir/Input Jumlah by Typing - Elemen2'

2018-02-27 15:11:01 - [TEST_STEP][PASSED] - hideKeyboard: Keyboard is hidden

2018-02-27 15:11:02 - [MESSAGE][PASSED] - Keyboard is hidden

2018-02-27 15:11:02 - [TEST_STEP][PASSED] - tap: Tapped on element 'Object Repository/Sidebar Menu/Operasional/Kasir/Input Jumlah by Typing - Elemen2'

2018-02-27 15:11:03 - [MESSAGE][PASSED] - Tapped on element 'Object Repository/Sidebar Menu/Operasional/Kasir/Input Jumlah by Typing - Elemen2'

2018-02-27 15:11:03 - [TEST_STEP][PASSED] - clearText: Element 'Object Repository/Sidebar Menu/Operasional/Kasir/Input Jumlah by Typing - Elemen2' text is cleared

2018-02-27 15:11:06 - [MESSAGE][PASSED] - Element 'Object Repository/Sidebar Menu/Operasional/Kasir/Input Jumlah by Typing - Elemen2' text is cleared

2018-02-27 15:11:06 - [TEST_STEP][PASSED] - setText: Text '999' has been set to element 'Object Repository/Sidebar Menu/Operasional/Kasir/Input Jumlah by Typing - Elemen2'

2018-02-27 15:11:15 - [MESSAGE][PASSED] - Text '999' has been set to element 'Object Repository/Sidebar Menu/Operasional/Kasir/Input Jumlah by Typing - Elemen2'

2018-02-27 15:11:15 - [TEST_STEP][PASSED] - hideKeyboard: Keyboard is hidden

2018-02-27 15:11:16 - [MESSAGE][PASSED] - Keyboard is hidden

2018-02-27 15:11:16 - [TEST_STEP][PASSED] - tap: Tapped on element 'Object Repository/Sidebar Menu/Operasional/Kasir/Input Jumlah by Typing - Elemen2'

2018-02-27 15:11:17 - [MESSAGE][PASSED] - Tapped on element 'Object Repository/Sidebar Menu/Operasional/Kasir/Input Jumlah by Typing - Elemen2'

2018-02-27 15:11:17 - [TEST_STEP][PASSED] - clearText: Element 'Object Repository/Sidebar Menu/Operasional/Kasir/Input Jumlah by Typing - Elemen2' text is cleared

2018-02-27 15:11:22 - [MESSAGE][PASSED] - Element 'Object Repository/Sidebar Menu/Operasional/Kasir/Input Jumlah by Typing - Elemen2' text is cleared

2018-02-27 15:11:22 - [TEST_STEP][PASSED] - setText: Text '2' has been set to element 'Object Repository/Sidebar Menu/Operasional/Kasir/Input Jumlah by Typing - Elemen2'

2018-02-27 15:11:32 - [MESSAGE][PASSED] - Text '2' has been set to element 'Object Repository/Sidebar Menu/Operasional/Kasir/Input Jumlah by Typing - Elemen2'

2018-02-27 15:11:32 - [TEST_STEP][PASSED] - hideKeyboard: Keyboard is hidden

2018-02-27 15:11:33 - [MESSAGE][PASSED] - Keyboard is hidden

2018-02-27 15:11:33 - [TEST_STEP][NOT_RUN] - delay: NOT_RUN: delay

2018-02-27 15:11:33 - [MESSAGE][NOT_RUN] - NOT_RUN: delay

2018-02-27 15:11:33 - [TEST_STEP][PASSED] - tap: Tapped on element 'Object Repository/Sidebar Menu/Operasional/Kasir/KERANJANG'

2018-02-27 15:11:34 - [MESSAGE][PASSED] - Tapped on element 'Object Repository/Sidebar Menu/Operasional/Kasir/KERANJANG'

2018-02-27 15:11:34 - [TEST_STEP][PASSED] - comment: End Story 28]]></system-out>
         <system-err><![CDATA[]]></system-err>
      </testcase>
      <testcase name="Test Cases/Sprint 2/29 - TC - All" classname="Test Cases/Sprint 2/29 - TC - All" status="PASSED">
         <system-out><![CDATA[2018-02-27 15:11:34 - [TEST_CASE][PASSED] - Test Cases/Sprint 2/29 - TC - All: Test Cases/Sprint 2/29 - TC - All

2018-02-27 15:11:34 - [TEST_STEP][PASSED] - comment: Start Story 29

2018-02-27 15:11:34 - [TEST_STEP][PASSED] - delay: Delayed 5 second(s)

2018-02-27 15:11:39 - [MESSAGE][PASSED] - Delayed 5 second(s)

2018-02-27 15:11:39 - [TEST_STEP][PASSED] - Statement - For (def index : (0..5)): Tapped on element 'Object Repository/Sidebar Menu/Operasional/Kasir/Kerajang dan Pembayaran/PlusTap - Elemen 2'

2018-02-27 15:11:39 - [TEST_STEP][PASSED] - tap: Tapped on element 'Object Repository/Sidebar Menu/Operasional/Kasir/Kerajang dan Pembayaran/PlusTap - Elemen 2'

2018-02-27 15:11:40 - [MESSAGE][PASSED] - Tapped on element 'Object Repository/Sidebar Menu/Operasional/Kasir/Kerajang dan Pembayaran/PlusTap - Elemen 2'

2018-02-27 15:11:40 - [TEST_STEP][PASSED] - tap: Tapped on element 'Object Repository/Sidebar Menu/Operasional/Kasir/Kerajang dan Pembayaran/PlusTap - Elemen 2'

2018-02-27 15:11:41 - [MESSAGE][PASSED] - Tapped on element 'Object Repository/Sidebar Menu/Operasional/Kasir/Kerajang dan Pembayaran/PlusTap - Elemen 2'

2018-02-27 15:11:41 - [TEST_STEP][PASSED] - tap: Tapped on element 'Object Repository/Sidebar Menu/Operasional/Kasir/Kerajang dan Pembayaran/PlusTap - Elemen 2'

2018-02-27 15:11:43 - [MESSAGE][PASSED] - Tapped on element 'Object Repository/Sidebar Menu/Operasional/Kasir/Kerajang dan Pembayaran/PlusTap - Elemen 2'

2018-02-27 15:11:43 - [TEST_STEP][PASSED] - tap: Tapped on element 'Object Repository/Sidebar Menu/Operasional/Kasir/Kerajang dan Pembayaran/PlusTap - Elemen 2'

2018-02-27 15:11:44 - [MESSAGE][PASSED] - Tapped on element 'Object Repository/Sidebar Menu/Operasional/Kasir/Kerajang dan Pembayaran/PlusTap - Elemen 2'

2018-02-27 15:11:44 - [TEST_STEP][PASSED] - tap: Tapped on element 'Object Repository/Sidebar Menu/Operasional/Kasir/Kerajang dan Pembayaran/PlusTap - Elemen 2'

2018-02-27 15:11:46 - [MESSAGE][PASSED] - Tapped on element 'Object Repository/Sidebar Menu/Operasional/Kasir/Kerajang dan Pembayaran/PlusTap - Elemen 2'

2018-02-27 15:11:46 - [TEST_STEP][PASSED] - tap: Tapped on element 'Object Repository/Sidebar Menu/Operasional/Kasir/Kerajang dan Pembayaran/PlusTap - Elemen 2'

2018-02-27 15:11:47 - [MESSAGE][PASSED] - Tapped on element 'Object Repository/Sidebar Menu/Operasional/Kasir/Kerajang dan Pembayaran/PlusTap - Elemen 2'

2018-02-27 15:11:47 - [TEST_STEP][PASSED] - Statement - For (def index : (0..3)): Tapped on element 'Object Repository/Sidebar Menu/Operasional/Kasir/Kerajang dan Pembayaran/MinusTap - Elemen 1'

2018-02-27 15:11:47 - [TEST_STEP][PASSED] - tap: Tapped on element 'Object Repository/Sidebar Menu/Operasional/Kasir/Kerajang dan Pembayaran/MinusTap - Elemen 1'

2018-02-27 15:11:48 - [MESSAGE][PASSED] - Tapped on element 'Object Repository/Sidebar Menu/Operasional/Kasir/Kerajang dan Pembayaran/MinusTap - Elemen 1'

2018-02-27 15:11:48 - [TEST_STEP][PASSED] - tap: Tapped on element 'Object Repository/Sidebar Menu/Operasional/Kasir/Kerajang dan Pembayaran/MinusTap - Elemen 1'

2018-02-27 15:11:50 - [MESSAGE][PASSED] - Tapped on element 'Object Repository/Sidebar Menu/Operasional/Kasir/Kerajang dan Pembayaran/MinusTap - Elemen 1'

2018-02-27 15:11:50 - [TEST_STEP][PASSED] - tap: Tapped on element 'Object Repository/Sidebar Menu/Operasional/Kasir/Kerajang dan Pembayaran/MinusTap - Elemen 1'

2018-02-27 15:11:51 - [MESSAGE][PASSED] - Tapped on element 'Object Repository/Sidebar Menu/Operasional/Kasir/Kerajang dan Pembayaran/MinusTap - Elemen 1'

2018-02-27 15:11:51 - [TEST_STEP][PASSED] - tap: Tapped on element 'Object Repository/Sidebar Menu/Operasional/Kasir/Kerajang dan Pembayaran/MinusTap - Elemen 1'

2018-02-27 15:11:53 - [MESSAGE][PASSED] - Tapped on element 'Object Repository/Sidebar Menu/Operasional/Kasir/Kerajang dan Pembayaran/MinusTap - Elemen 1'

2018-02-27 15:11:53 - [TEST_STEP][PASSED] - tap: Tapped on element 'Object Repository/Sidebar Menu/Operasional/Kasir/Kerajang dan Pembayaran/MinusTap - Elemen 1'

2018-02-27 15:11:53 - [MESSAGE][WARNING] - Timeout '0' is invalid. Using default page load timeout: '30'

2018-02-27 15:11:54 - [MESSAGE][PASSED] - Tapped on element 'Object Repository/Sidebar Menu/Operasional/Kasir/Kerajang dan Pembayaran/MinusTap - Elemen 1'

2018-02-27 15:11:54 - [TEST_STEP][PASSED] - tap: Tapped on element 'Object Repository/Sidebar Menu/Operasional/Kasir/Kerajang dan Pembayaran/InputbbyType - Elemen 1'

2018-02-27 15:11:55 - [MESSAGE][PASSED] - Tapped on element 'Object Repository/Sidebar Menu/Operasional/Kasir/Kerajang dan Pembayaran/InputbbyType - Elemen 1'

2018-02-27 15:11:55 - [TEST_STEP][PASSED] - verifyElementExist: Element 'Object Repository/Sidebar Menu/Operasional/Kasir/Kerajang dan Pembayaran/InputbbyType - Elemen 1' is exist

2018-02-27 15:11:56 - [MESSAGE][PASSED] - Element 'Object Repository/Sidebar Menu/Operasional/Kasir/Kerajang dan Pembayaran/InputbbyType - Elemen 1' is exist

2018-02-27 15:11:56 - [TEST_STEP][PASSED] - clearText: Element 'Object Repository/Sidebar Menu/Operasional/Kasir/Kerajang dan Pembayaran/InputbbyType - Elemen 1' text is cleared

2018-02-27 15:12:00 - [MESSAGE][PASSED] - Element 'Object Repository/Sidebar Menu/Operasional/Kasir/Kerajang dan Pembayaran/InputbbyType - Elemen 1' text is cleared

2018-02-27 15:12:00 - [TEST_STEP][PASSED] - setText: Text '47' has been set to element 'Object Repository/Sidebar Menu/Operasional/Kasir/Kerajang dan Pembayaran/InputbbyType - Elemen 1'

2018-02-27 15:12:10 - [MESSAGE][PASSED] - Text '47' has been set to element 'Object Repository/Sidebar Menu/Operasional/Kasir/Kerajang dan Pembayaran/InputbbyType - Elemen 1'

2018-02-27 15:12:10 - [TEST_STEP][PASSED] - clearText: Element 'Object Repository/Sidebar Menu/Operasional/Kasir/Kerajang dan Pembayaran/InputbbyType - Elemen 1' text is cleared

2018-02-27 15:12:12 - [MESSAGE][PASSED] - Element 'Object Repository/Sidebar Menu/Operasional/Kasir/Kerajang dan Pembayaran/InputbbyType - Elemen 1' text is cleared

2018-02-27 15:12:12 - [TEST_STEP][PASSED] - tap: Tapped on element 'Object Repository/Sidebar Menu/Operasional/Kasir/Kerajang dan Pembayaran/InputbbyType - Elemen 1'

2018-02-27 15:12:12 - [MESSAGE][PASSED] - Tapped on element 'Object Repository/Sidebar Menu/Operasional/Kasir/Kerajang dan Pembayaran/InputbbyType - Elemen 1'

2018-02-27 15:12:12 - [TEST_STEP][PASSED] - verifyElementExist: Element 'Object Repository/Sidebar Menu/Operasional/Kasir/Kerajang dan Pembayaran/InputbbyType - Elemen 1' is exist

2018-02-27 15:12:13 - [MESSAGE][PASSED] - Element 'Object Repository/Sidebar Menu/Operasional/Kasir/Kerajang dan Pembayaran/InputbbyType - Elemen 1' is exist

2018-02-27 15:12:13 - [TEST_STEP][PASSED] - setText: Text '5' has been set to element 'Object Repository/Sidebar Menu/Operasional/Kasir/Kerajang dan Pembayaran/InputbbyType - Elemen 1'

2018-02-27 15:12:24 - [MESSAGE][PASSED] - Text '5' has been set to element 'Object Repository/Sidebar Menu/Operasional/Kasir/Kerajang dan Pembayaran/InputbbyType - Elemen 1'

2018-02-27 15:12:24 - [TEST_STEP][PASSED] - hideKeyboard: Keyboard is hidden

2018-02-27 15:12:25 - [MESSAGE][PASSED] - Keyboard is hidden

2018-02-27 15:12:26 - [TEST_STEP][PASSED] - clearText: Element 'Object Repository/Sidebar Menu/Operasional/Kasir/Kerajang dan Pembayaran/InputbbyType - Elemen 1' text is cleared

2018-02-27 15:12:30 - [MESSAGE][PASSED] - Element 'Object Repository/Sidebar Menu/Operasional/Kasir/Kerajang dan Pembayaran/InputbbyType - Elemen 1' text is cleared

2018-02-27 15:12:30 - [TEST_STEP][PASSED] - tap: Tapped on element 'Object Repository/Sidebar Menu/Operasional/Kasir/Kerajang dan Pembayaran/InputbbyType - Elemen 1'

2018-02-27 15:12:32 - [MESSAGE][PASSED] - Tapped on element 'Object Repository/Sidebar Menu/Operasional/Kasir/Kerajang dan Pembayaran/InputbbyType - Elemen 1'

2018-02-27 15:12:32 - [TEST_STEP][PASSED] - verifyElementExist: Element 'Object Repository/Sidebar Menu/Operasional/Kasir/Kerajang dan Pembayaran/InputbbyType - Elemen 1' is exist

2018-02-27 15:12:33 - [MESSAGE][PASSED] - Element 'Object Repository/Sidebar Menu/Operasional/Kasir/Kerajang dan Pembayaran/InputbbyType - Elemen 1' is exist

2018-02-27 15:12:33 - [TEST_STEP][PASSED] - setText: Text '9999' has been set to element 'Object Repository/Sidebar Menu/Operasional/Kasir/Kerajang dan Pembayaran/InputbbyType - Elemen 1'

2018-02-27 15:12:44 - [MESSAGE][PASSED] - Text '9999' has been set to element 'Object Repository/Sidebar Menu/Operasional/Kasir/Kerajang dan Pembayaran/InputbbyType - Elemen 1'

2018-02-27 15:12:44 - [TEST_STEP][PASSED] - hideKeyboard: Keyboard is hidden

2018-02-27 15:12:45 - [MESSAGE][PASSED] - Keyboard is hidden

2018-02-27 15:12:45 - [TEST_STEP][PASSED] - clearText: Element 'Object Repository/Sidebar Menu/Operasional/Kasir/Kerajang dan Pembayaran/InputbbyType - Elemen 1' text is cleared

2018-02-27 15:12:50 - [MESSAGE][PASSED] - Element 'Object Repository/Sidebar Menu/Operasional/Kasir/Kerajang dan Pembayaran/InputbbyType - Elemen 1' text is cleared

2018-02-27 15:12:50 - [TEST_STEP][PASSED] - tap: Tapped on element 'Object Repository/Sidebar Menu/Operasional/Kasir/Kerajang dan Pembayaran/InputbbyType - Elemen 1'

2018-02-27 15:12:52 - [MESSAGE][PASSED] - Tapped on element 'Object Repository/Sidebar Menu/Operasional/Kasir/Kerajang dan Pembayaran/InputbbyType - Elemen 1'

2018-02-27 15:12:52 - [TEST_STEP][PASSED] - verifyElementExist: Element 'Object Repository/Sidebar Menu/Operasional/Kasir/Kerajang dan Pembayaran/InputbbyType - Elemen 1' is exist

2018-02-27 15:12:52 - [MESSAGE][PASSED] - Element 'Object Repository/Sidebar Menu/Operasional/Kasir/Kerajang dan Pembayaran/InputbbyType - Elemen 1' is exist

2018-02-27 15:12:52 - [TEST_STEP][PASSED] - setText: Text '3' has been set to element 'Object Repository/Sidebar Menu/Operasional/Kasir/Kerajang dan Pembayaran/InputbbyType - Elemen 1'

2018-02-27 15:13:03 - [MESSAGE][PASSED] - Text '3' has been set to element 'Object Repository/Sidebar Menu/Operasional/Kasir/Kerajang dan Pembayaran/InputbbyType - Elemen 1'

2018-02-27 15:13:03 - [TEST_STEP][PASSED] - hideKeyboard: Keyboard is hidden

2018-02-27 15:13:05 - [MESSAGE][PASSED] - Keyboard is hidden

2018-02-27 15:13:05 - [TEST_STEP][PASSED] - delay: Delayed 10 second(s)

2018-02-27 15:13:15 - [MESSAGE][PASSED] - Delayed 10 second(s)

2018-02-27 15:13:15 - [TEST_STEP][PASSED] - tap: Tapped on element 'Object Repository/Sidebar Menu/Operasional/Kasir/Kerajang dan Pembayaran/Button Konfirmasi'

2018-02-27 15:13:15 - [MESSAGE][PASSED] - Tapped on element 'Object Repository/Sidebar Menu/Operasional/Kasir/Kerajang dan Pembayaran/Button Konfirmasi'

2018-02-27 15:13:15 - [TEST_STEP][PASSED] - waitForElementPresent: Element 'Object Repository/Sidebar Menu/Operasional/Kasir/Kerajang dan Pembayaran/ImagePensil - Diskon Tambahan' is present

2018-02-27 15:13:17 - [MESSAGE][PASSED] - Element 'Object Repository/Sidebar Menu/Operasional/Kasir/Kerajang dan Pembayaran/ImagePensil - Diskon Tambahan' is present

2018-02-27 15:13:17 - [TEST_STEP][PASSED] - tap: Tapped on element 'Object Repository/Sidebar Menu/Operasional/Kasir/Kerajang dan Pembayaran/ImagePensil - Diskon Tambahan'

2018-02-27 15:13:18 - [MESSAGE][PASSED] - Tapped on element 'Object Repository/Sidebar Menu/Operasional/Kasir/Kerajang dan Pembayaran/ImagePensil - Diskon Tambahan'

2018-02-27 15:13:18 - [TEST_STEP][PASSED] - setText: Text '1000' has been set to element 'Object Repository/Sidebar Menu/Operasional/Kasir/Kerajang dan Pembayaran/ImagePensil - Diskon Tambahan'

2018-02-27 15:13:29 - [MESSAGE][PASSED] - Text '1000' has been set to element 'Object Repository/Sidebar Menu/Operasional/Kasir/Kerajang dan Pembayaran/ImagePensil - Diskon Tambahan'

2018-02-27 15:13:29 - [TEST_STEP][PASSED] - hideKeyboard: Keyboard is hidden

2018-02-27 15:13:30 - [MESSAGE][PASSED] - Keyboard is hidden

2018-02-27 15:13:30 - [TEST_STEP][PASSED] - tap: Tapped on element 'Object Repository/Sidebar Menu/Operasional/Kasir/Kerajang dan Pembayaran/PILIH METODE PEMBAYARAN'

2018-02-27 15:13:31 - [MESSAGE][PASSED] - Tapped on element 'Object Repository/Sidebar Menu/Operasional/Kasir/Kerajang dan Pembayaran/PILIH METODE PEMBAYARAN'

2018-02-27 15:13:31 - [TEST_STEP][PASSED] - comment: End Story 29]]></system-out>
         <system-err><![CDATA[]]></system-err>
      </testcase>
      <testcase name="Test Cases/Sprint 2/47 - TC- All" classname="Test Cases/Sprint 2/47 - TC- All" status="PASSED">
         <system-out><![CDATA[2018-02-27 15:13:32 - [TEST_CASE][PASSED] - Test Cases/Sprint 2/47 - TC- All: Test Cases/Sprint 2/47 - TC- All

2018-02-27 15:13:32 - [TEST_STEP][PASSED] - comment: Start Story 47

2018-02-27 15:13:32 - [TEST_STEP][PASSED] - tap: Tapped on element 'Object Repository/Sidebar Menu/Operasional/Kasir/Kerajang dan Pembayaran/Tunai'

2018-02-27 15:13:33 - [MESSAGE][PASSED] - Tapped on element 'Object Repository/Sidebar Menu/Operasional/Kasir/Kerajang dan Pembayaran/Tunai'

2018-02-27 15:13:33 - [TEST_STEP][PASSED] - comment: MenInput Jumlah Pembayaran < dari Harga Barang

2018-02-27 15:13:33 - [TEST_STEP][PASSED] - waitForElementPresent: Element 'Object Repository/Sidebar Menu/Operasional/Kasir/Kerajang dan Pembayaran/InputText - Pembayaran Tunai' is present

2018-02-27 15:13:35 - [MESSAGE][PASSED] - Element 'Object Repository/Sidebar Menu/Operasional/Kasir/Kerajang dan Pembayaran/InputText - Pembayaran Tunai' is present

2018-02-27 15:13:35 - [TEST_STEP][PASSED] - tap: Tapped on element 'Object Repository/Sidebar Menu/Operasional/Kasir/Kerajang dan Pembayaran/InputText - Pembayaran Tunai'

2018-02-27 15:13:35 - [MESSAGE][PASSED] - Tapped on element 'Object Repository/Sidebar Menu/Operasional/Kasir/Kerajang dan Pembayaran/InputText - Pembayaran Tunai'

2018-02-27 15:13:35 - [TEST_STEP][PASSED] - verifyElementExist: Element 'Object Repository/Sidebar Menu/Operasional/Kasir/Kerajang dan Pembayaran/InputText - Pembayaran Tunai' is exist

2018-02-27 15:13:36 - [MESSAGE][PASSED] - Element 'Object Repository/Sidebar Menu/Operasional/Kasir/Kerajang dan Pembayaran/InputText - Pembayaran Tunai' is exist

2018-02-27 15:13:36 - [TEST_STEP][PASSED] - setText: Text '500' has been set to element 'Object Repository/Sidebar Menu/Operasional/Kasir/Kerajang dan Pembayaran/InputText - Pembayaran Tunai'

2018-02-27 15:13:47 - [MESSAGE][PASSED] - Text '500' has been set to element 'Object Repository/Sidebar Menu/Operasional/Kasir/Kerajang dan Pembayaran/InputText - Pembayaran Tunai'

2018-02-27 15:13:47 - [TEST_STEP][NOT_RUN] - verifyElementText: NOT_RUN: verifyElementText

2018-02-27 15:13:47 - [MESSAGE][NOT_RUN] - NOT_RUN: verifyElementText

2018-02-27 15:13:47 - [TEST_STEP][NOT_RUN] - getText: NOT_RUN: getText

2018-02-27 15:13:47 - [MESSAGE][NOT_RUN] - NOT_RUN: getText

2018-02-27 15:13:47 - [TEST_STEP][PASSED] - hideKeyboard: Keyboard is hidden

2018-02-27 15:13:48 - [MESSAGE][PASSED] - Keyboard is hidden

2018-02-27 15:13:48 - [TEST_STEP][PASSED] - tap: Tapped on element 'Object Repository/Sidebar Menu/Operasional/Kasir/Kerajang dan Pembayaran/LANJUT (1)'

2018-02-27 15:13:49 - [MESSAGE][PASSED] - Tapped on element 'Object Repository/Sidebar Menu/Operasional/Kasir/Kerajang dan Pembayaran/LANJUT (1)'

2018-02-27 15:13:49 - [TEST_STEP][PASSED] - delay: Delayed 5 second(s)

2018-02-27 15:13:54 - [MESSAGE][PASSED] - Delayed 5 second(s)

2018-02-27 15:13:54 - [TEST_STEP][PASSED] - waitForElementPresent: Element 'Object Repository/Sidebar Menu/Operasional/Kasir/Kerajang dan Pembayaran/OK - Button' is present

2018-02-27 15:13:54 - [MESSAGE][PASSED] - Element 'Object Repository/Sidebar Menu/Operasional/Kasir/Kerajang dan Pembayaran/OK - Button' is present

2018-02-27 15:13:54 - [TEST_STEP][PASSED] - tap: Tapped on element 'Object Repository/Sidebar Menu/Operasional/Kasir/Kerajang dan Pembayaran/OK - Button'

2018-02-27 15:13:54 - [MESSAGE][PASSED] - Tapped on element 'Object Repository/Sidebar Menu/Operasional/Kasir/Kerajang dan Pembayaran/OK - Button'

2018-02-27 15:13:54 - [TEST_STEP][PASSED] - tap: Tapped on element 'Object Repository/Sidebar Menu/Operasional/Kasir/Kerajang dan Pembayaran/OK - Button'

2018-02-27 15:13:56 - [MESSAGE][PASSED] - Tapped on element 'Object Repository/Sidebar Menu/Operasional/Kasir/Kerajang dan Pembayaran/OK - Button'

2018-02-27 15:13:56 - [TEST_STEP][NOT_RUN] - verifyElementExist: NOT_RUN: verifyElementExist

2018-02-27 15:13:56 - [MESSAGE][NOT_RUN] - NOT_RUN: verifyElementExist

2018-02-27 15:13:56 - [TEST_STEP][PASSED] - delay: Delayed 5 second(s)

2018-02-27 15:14:01 - [MESSAGE][PASSED] - Delayed 5 second(s)

2018-02-27 15:14:01 - [TEST_STEP][PASSED] - swipe: Swiped from 391,496 to 450,496

2018-02-27 15:14:02 - [MESSAGE][PASSED] - Swiped from 391,496 to 450,496

2018-02-27 15:14:02 - [TEST_STEP][PASSED] - delay: Delayed 5 second(s)

2018-02-27 15:14:07 - [MESSAGE][PASSED] - Delayed 5 second(s)

2018-02-27 15:14:07 - [TEST_STEP][PASSED] - waitForElementPresent: Element 'Object Repository/Sidebar Menu/Operasional/Kasir/Kerajang dan Pembayaran/Tanggal Pelunasan' is present

2018-02-27 15:14:07 - [MESSAGE][PASSED] - Element 'Object Repository/Sidebar Menu/Operasional/Kasir/Kerajang dan Pembayaran/Tanggal Pelunasan' is present

2018-02-27 15:14:07 - [TEST_STEP][PASSED] - tap: Tapped on element 'Object Repository/Sidebar Menu/Operasional/Kasir/Kerajang dan Pembayaran/Tanggal Pelunasan'

2018-02-27 15:14:08 - [MESSAGE][PASSED] - Tapped on element 'Object Repository/Sidebar Menu/Operasional/Kasir/Kerajang dan Pembayaran/Tanggal Pelunasan'

2018-02-27 15:14:08 - [TEST_STEP][NOT_RUN] - verifyElementExist: NOT_RUN: verifyElementExist

2018-02-27 15:14:08 - [MESSAGE][NOT_RUN] - NOT_RUN: verifyElementExist

2018-02-27 15:14:08 - [TEST_STEP][PASSED] - tapAndHold: Tapped and held on element 'Object Repository/Sidebar Menu/Operasional/Kasir/Kerajang dan Pembayaran/28 Februari 2018' with duration 2

2018-02-27 15:14:11 - [MESSAGE][PASSED] - Tapped and held on element 'Object Repository/Sidebar Menu/Operasional/Kasir/Kerajang dan Pembayaran/28 Februari 2018' with duration 2

2018-02-27 15:14:11 - [TEST_STEP][PASSED] - waitForElementPresent: Element 'Object Repository/Sidebar Menu/Operasional/Kasir/Kerajang dan Pembayaran/Button Oke  - Kalender' is present

2018-02-27 15:14:12 - [MESSAGE][PASSED] - Element 'Object Repository/Sidebar Menu/Operasional/Kasir/Kerajang dan Pembayaran/Button Oke  - Kalender' is present

2018-02-27 15:14:12 - [TEST_STEP][PASSED] - tap: Tapped on element 'Object Repository/Sidebar Menu/Operasional/Kasir/Kerajang dan Pembayaran/Button Oke  - Kalender'

2018-02-27 15:14:12 - [MESSAGE][PASSED] - Tapped on element 'Object Repository/Sidebar Menu/Operasional/Kasir/Kerajang dan Pembayaran/Button Oke  - Kalender'

2018-02-27 15:14:12 - [TEST_STEP][PASSED] - comment: Kembali Swipe Pembayaran Sebagian menjadi Inactive

2018-02-27 15:14:12 - [TEST_STEP][PASSED] - swipe: Swiped from 450,496 to 391,496

2018-02-27 15:14:13 - [MESSAGE][PASSED] - Swiped from 450,496 to 391,496

2018-02-27 15:14:13 - [TEST_STEP][PASSED] - tap: Tapped on element 'Object Repository/Sidebar Menu/Operasional/Kasir/Kerajang dan Pembayaran/PILIH METODE PEMBAYARAN'

2018-02-27 15:14:14 - [MESSAGE][PASSED] - Tapped on element 'Object Repository/Sidebar Menu/Operasional/Kasir/Kerajang dan Pembayaran/PILIH METODE PEMBAYARAN'

2018-02-27 15:14:14 - [TEST_STEP][PASSED] - waitForElementPresent: Object Object Repository/Sidebar Menu/Operasional/Kasir/Kerajang dan Pembayaran/InputText - Pembayaran Tunai not found

2018-02-27 15:14:19 - [MESSAGE][WARNING] - Object Object Repository/Sidebar Menu/Operasional/Kasir/Kerajang dan Pembayaran/InputText - Pembayaran Tunai not found

2018-02-27 15:14:19 - [TEST_STEP][PASSED] - tap: Tapped on element 'Object Repository/Sidebar Menu/Operasional/Kasir/Kerajang dan Pembayaran/Tunai'

2018-02-27 15:14:19 - [MESSAGE][PASSED] - Tapped on element 'Object Repository/Sidebar Menu/Operasional/Kasir/Kerajang dan Pembayaran/Tunai'

2018-02-27 15:14:19 - [TEST_STEP][PASSED] - comment: MenInput Jumlah Pembayaran >= dari Harga Barang

2018-02-27 15:14:19 - [TEST_STEP][PASSED] - tap: Tapped on element 'Object Repository/Sidebar Menu/Operasional/Kasir/Kerajang dan Pembayaran/InputText - Pembayaran Tunai'

2018-02-27 15:14:22 - [MESSAGE][PASSED] - Tapped on element 'Object Repository/Sidebar Menu/Operasional/Kasir/Kerajang dan Pembayaran/InputText - Pembayaran Tunai'

2018-02-27 15:14:22 - [TEST_STEP][PASSED] - setText: Text '5000000' has been set to element 'Object Repository/Sidebar Menu/Operasional/Kasir/Kerajang dan Pembayaran/InputText - Pembayaran Tunai'

2018-02-27 15:14:34 - [MESSAGE][PASSED] - Text '5000000' has been set to element 'Object Repository/Sidebar Menu/Operasional/Kasir/Kerajang dan Pembayaran/InputText - Pembayaran Tunai'

2018-02-27 15:14:34 - [TEST_STEP][NOT_RUN] - verifyElementText: NOT_RUN: verifyElementText

2018-02-27 15:14:34 - [MESSAGE][NOT_RUN] - NOT_RUN: verifyElementText

2018-02-27 15:14:34 - [TEST_STEP][NOT_RUN] - getText: NOT_RUN: getText

2018-02-27 15:14:34 - [MESSAGE][NOT_RUN] - NOT_RUN: getText

2018-02-27 15:14:34 - [TEST_STEP][PASSED] - hideKeyboard: Keyboard is hidden

2018-02-27 15:14:35 - [MESSAGE][PASSED] - Keyboard is hidden

2018-02-27 15:14:35 - [TEST_STEP][PASSED] - comment: End Story 47]]></system-out>
         <system-err><![CDATA[]]></system-err>
      </testcase>
      <testcase name="Test Cases/Sprint 2/30 - TC - All" classname="Test Cases/Sprint 2/30 - TC - All" status="FAILED">
         <failure type="FAILED" message="Failed to tap on element 'Object Repository/Sidebar Menu/Operasional/Kasir/Kerajang dan Pembayaran/LANJUT BERJUALAN' (Root cause: Object Object Repository/Sidebar Menu/Operasional/Kasir/Kerajang dan Pembayaran/LANJUT BERJUALAN not found)"/>
         <system-out><![CDATA[2018-02-27 15:14:35 - [TEST_CASE][FAILED] - Test Cases/Sprint 2/30 - TC - All: Test Cases/Sprint 2/30 - TC - All FAILED because (of) Failed to tap on element 'Object Repository/Sidebar Menu/Operasional/Kasir/Kerajang dan Pembayaran/LANJUT BERJUALAN' (Root cause: Object Object Repository/Sidebar Menu/Operasional/Kasir/Kerajang dan Pembayaran/LANJUT BERJUALAN not found)

2018-02-27 15:14:35 - [TEST_STEP][PASSED] - comment: Start Story 30

2018-02-27 15:14:35 - [TEST_STEP][PASSED] - waitForElementPresent: Element 'Object Repository/Sidebar Menu/Operasional/Kasir/Kerajang dan Pembayaran/LANJUT (1)' is present

2018-02-27 15:14:36 - [MESSAGE][PASSED] - Element 'Object Repository/Sidebar Menu/Operasional/Kasir/Kerajang dan Pembayaran/LANJUT (1)' is present

2018-02-27 15:14:36 - [TEST_STEP][PASSED] - tap: Tapped on element 'Object Repository/Sidebar Menu/Operasional/Kasir/Kerajang dan Pembayaran/LANJUT (1)'

2018-02-27 15:14:36 - [MESSAGE][PASSED] - Tapped on element 'Object Repository/Sidebar Menu/Operasional/Kasir/Kerajang dan Pembayaran/LANJUT (1)'

2018-02-27 15:14:36 - [TEST_STEP][PASSED] - verifyElementExist: Element 'Object Repository/Sidebar Menu/Operasional/Kasir/Kerajang dan Pembayaran/LANJUT (1)' is exist

2018-02-27 15:14:38 - [MESSAGE][PASSED] - Element 'Object Repository/Sidebar Menu/Operasional/Kasir/Kerajang dan Pembayaran/LANJUT (1)' is exist

2018-02-27 15:14:38 - [TEST_STEP][PASSED] - tap: Tapped on element 'Object Repository/Sidebar Menu/Operasional/Kasir/Kerajang dan Pembayaran/Batal'

2018-02-27 15:14:38 - [MESSAGE][PASSED] - Tapped on element 'Object Repository/Sidebar Menu/Operasional/Kasir/Kerajang dan Pembayaran/Batal'

2018-02-27 15:14:38 - [TEST_STEP][PASSED] - tap: Tapped on element 'Object Repository/Sidebar Menu/Operasional/Kasir/Kerajang dan Pembayaran/LANJUT (1)'

2018-02-27 15:14:39 - [MESSAGE][PASSED] - Tapped on element 'Object Repository/Sidebar Menu/Operasional/Kasir/Kerajang dan Pembayaran/LANJUT (1)'

2018-02-27 15:14:39 - [TEST_STEP][PASSED] - tap: Tapped on element 'Object Repository/Sidebar Menu/Operasional/Kasir/Kerajang dan Pembayaran/Lanjut'

2018-02-27 15:14:40 - [MESSAGE][PASSED] - Tapped on element 'Object Repository/Sidebar Menu/Operasional/Kasir/Kerajang dan Pembayaran/Lanjut'

2018-02-27 15:14:40 - [TEST_STEP][PASSED] - waitForElementPresent: Element 'Object Repository/Sidebar Menu/Operasional/Kasir/Kerajang dan Pembayaran/Selesai' is present

2018-02-27 15:14:42 - [MESSAGE][PASSED] - Element 'Object Repository/Sidebar Menu/Operasional/Kasir/Kerajang dan Pembayaran/Selesai' is present

2018-02-27 15:14:42 - [TEST_STEP][PASSED] - tap: Tapped on element 'Object Repository/Sidebar Menu/Operasional/Kasir/Kerajang dan Pembayaran/Selesai'

2018-02-27 15:14:42 - [MESSAGE][PASSED] - Tapped on element 'Object Repository/Sidebar Menu/Operasional/Kasir/Kerajang dan Pembayaran/Selesai'

2018-02-27 15:14:42 - [TEST_STEP][PASSED] - waitForElementPresent: Element 'Object Repository/Sidebar Menu/Operasional/Kasir/Kerajang dan Pembayaran/Bagikan' is present

2018-02-27 15:14:45 - [MESSAGE][PASSED] - Element 'Object Repository/Sidebar Menu/Operasional/Kasir/Kerajang dan Pembayaran/Bagikan' is present

2018-02-27 15:14:45 - [TEST_STEP][PASSED] - tap: Tapped on element 'Object Repository/Sidebar Menu/Operasional/Kasir/Kerajang dan Pembayaran/Bagikan'

2018-02-27 15:14:45 - [MESSAGE][PASSED] - Tapped on element 'Object Repository/Sidebar Menu/Operasional/Kasir/Kerajang dan Pembayaran/Bagikan'

2018-02-27 15:14:45 - [TEST_STEP][PASSED] - delay: Delayed 10 second(s)

2018-02-27 15:14:55 - [MESSAGE][PASSED] - Delayed 10 second(s)

2018-02-27 15:14:55 - [TEST_STEP][PASSED] - pressBack: Press back button successfully

2018-02-27 15:14:56 - [MESSAGE][PASSED] - Press back button successfully

2018-02-27 15:14:56 - [TEST_STEP][FAILED] - tap: Failed to tap on element 'Object Repository/Sidebar Menu/Operasional/Kasir/Kerajang dan Pembayaran/LANJUT BERJUALAN' (Root cause: Object Object Repository/Sidebar Menu/Operasional/Kasir/Kerajang dan Pembayaran/LANJUT BERJUALAN not found)

2018-02-27 15:15:01 - [MESSAGE][FAILED] - Object Object Repository/Sidebar Menu/Operasional/Kasir/Kerajang dan Pembayaran/LANJUT BERJUALAN not found

2018-02-27 15:15:01 - [MESSAGE][FAILED] - Failed to tap on element 'Object Repository/Sidebar Menu/Operasional/Kasir/Kerajang dan Pembayaran/LANJUT BERJUALAN' (Root cause: Object Object Repository/Sidebar Menu/Operasional/Kasir/Kerajang dan Pembayaran/LANJUT BERJUALAN not found)]]></system-out>
         <system-err><![CDATA[2018-02-27 15:14:35 - [TEST_CASE][FAILED] - Test Cases/Sprint 2/30 - TC - All: Test Cases/Sprint 2/30 - TC - All FAILED because (of) Failed to tap on element 'Object Repository/Sidebar Menu/Operasional/Kasir/Kerajang dan Pembayaran/LANJUT BERJUALAN' (Root cause: Object Object Repository/Sidebar Menu/Operasional/Kasir/Kerajang dan Pembayaran/LANJUT BERJUALAN not found)]]></system-err>
      </testcase>
      <system-out><![CDATA[2018-02-27 15:09:48 - [TEST_SUITE][FAILED] - Sprint 2: Test Cases/Sprint 2/30 - TC - All FAILED because (of) Failed to tap on element 'Object Repository/Sidebar Menu/Operasional/Kasir/Kerajang dan Pembayaran/LANJUT BERJUALAN' (Root cause: Object Object Repository/Sidebar Menu/Operasional/Kasir/Kerajang dan Pembayaran/LANJUT BERJUALAN not found)]]></system-out>
      <system-err><![CDATA[2018-02-27 15:09:48 - [TEST_SUITE][FAILED] - Sprint 2: Test Cases/Sprint 2/30 - TC - All FAILED because (of) Failed to tap on element 'Object Repository/Sidebar Menu/Operasional/Kasir/Kerajang dan Pembayaran/LANJUT BERJUALAN' (Root cause: Object Object Repository/Sidebar Menu/Operasional/Kasir/Kerajang dan Pembayaran/LANJUT BERJUALAN not found)]]></system-err>
   </testsuite>
</testsuites>
