<?xml version="1.0" encoding="UTF-8"?>
<testsuites name="Story 1770 - Additional Biaya Tambahan in shoopping cart" time="3368" tests="8" failures="0" errors="0">
   <testsuite name="Story 1770 - Additional Biaya Tambahan in shoopping cart" tests="8" failures="0" errors="0" time="3368" timestamp="2018-09-13 15:45:43" hostname="AV2017005903 - NBMP18A211ITSQA.corp.bankbtpn.co.id" id="Test Suites/Story 1770 - Additional Biaya Tambahan in shoopping cart">
      <properties>
         <property name="deviceName" value="OPPO A37f (Android 5.1.1)"/>
         <property name="devicePlatform" value=""/>
         <property name="logFolder" value="C:\\Users\\AV2017005903\\Documents\\apollo-automation\\Reports\\Story 1770 - Additional Biaya Tambahan in shoopping cart\\20180913_154539"/>
         <property name="logFiles" value="C:\\Users\\AV2017005903\\Documents\\apollo-automation\\Reports\\Story 1770 - Additional Biaya Tambahan in shoopping cart\\20180913_154539\\appium.log, C:\\Users\\AV2017005903\\Documents\\apollo-automation\\Reports\\Story 1770 - Additional Biaya Tambahan in shoopping cart\\20180913_154539\\execution0.log"/>
         <property name="attachments" value=""/>
         <property name="hostName" value="AV2017005903 - NBMP18A211ITSQA.corp.bankbtpn.co.id"/>
         <property name="os" value="Windows 10 64bit"/>
         <property name="katalonVersion" value="5.6.0.1"/>
         <property name="deviceOS" value="Android"/>
         <property name="appiumVersion" value="1.8.1"/>
         <property name="deviceModel" value="A37f"/>
         <property name="hostAddress" value="192.168.62.1"/>
         <property name="deviceManufacturer" value="OPPO"/>
         <property name="deviceId" value="6e4df14"/>
         <property name="deviceName" value="OPPO A37f (Android 5.1.1)"/>
         <property name="deviceOSVersion" value="5.1.1"/>
      </properties>
      <testcase name="Test Cases/Release 3 - Squad Hades/Sprint 1/Story 1770 - Additional Biaya Tambahan in shoopping cart/TC 1 - View Biaya tambahan field and button in shopping cart" classname="Test Cases/Release 3 - Squad Hades/Sprint 1/Story 1770 - Additional Biaya Tambahan in shoopping cart/TC 1 - View Biaya tambahan field and button in shopping cart" status="PASSED">
         <system-out><![CDATA[2018-09-13 15:45:44 - [TEST_CASE][PASSED] - Test Cases/Release 3 - Squad Hades/Sprint 1/Story 1770 - Additional Biaya Tambahan in shoopping cart/TC 1 - View Biaya tambahan field and button in shopping cart: Test Cases/Release 3 - Squad Hades/Sprint 1/Story 1770 - Additional Biaya Tambahan in shoopping cart/TC 1 - View Biaya tambahan field and button in shopping cart

2018-09-13 15:45:45 - [TEST_STEP][PASSED] - comment: WELCOME SCREEN

2018-09-13 15:45:45 - [TEST_STEP][PASSED] - Statement - apkPath = apkName: null

2018-09-13 15:45:45 - [TEST_STEP][PASSED] - startApplication: Started app at: 'C:\Users\AV2017005903\Documents\apollo-automation\12 September.apk'

2018-09-13 15:46:33 - [MESSAGE][PASSED] - Started app at: 'C:\Users\AV2017005903\Documents\apollo-automation\12 September.apk'

2018-09-13 15:46:33 - [TEST_STEP][PASSED] - delay: Delayed 15 second(s)

2018-09-13 15:46:49 - [MESSAGE][PASSED] - Delayed 15 second(s)

2018-09-13 15:46:49 - [TEST_STEP][PASSED] - Comment - "If there is a Update TopuUp, click No, Else you can delay for waiting lazyload ": null

2018-09-13 15:46:49 - [TEST_STEP][PASSED] - Statement - driver = com.kms.katalon.core.mobile.keyword.internal.MobileDriverFactory.getDriver(): null

2018-09-13 15:46:49 - [TEST_STEP][PASSED] - Statement - action = new io.appium.java_client.TouchAction(driver): null

2018-09-13 15:46:49 - [TEST_STEP][PASSED] - Statement - action.longPress(550, 300).moveTo(100, 300).release().perform(): null

2018-09-13 15:46:52 - [TEST_STEP][PASSED] - delay: Delayed 8 second(s)

2018-09-13 15:47:00 - [MESSAGE][PASSED] - Delayed 8 second(s)

2018-09-13 15:47:00 - [TEST_STEP][PASSED] - Statement - action.longPress(550, 300).moveTo(100, 300).release().perform(): null

2018-09-13 15:47:02 - [TEST_STEP][PASSED] - delay: Delayed 8 second(s)

2018-09-13 15:47:10 - [MESSAGE][PASSED] - Delayed 8 second(s)

2018-09-13 15:47:10 - [TEST_STEP][PASSED] - Statement - action.longPress(550, 300).moveTo(100, 300).release().perform(): null

2018-09-13 15:47:13 - [TEST_STEP][PASSED] - delay: Delayed 8 second(s)

2018-09-13 15:47:21 - [MESSAGE][PASSED] - Delayed 8 second(s)

2018-09-13 15:47:21 - [TEST_STEP][PASSED] - Statement - action.longPress(550, 300).moveTo(100, 300).release().perform(): null

2018-09-13 15:47:24 - [TEST_STEP][PASSED] - delay: Delayed 8 second(s)

2018-09-13 15:47:32 - [MESSAGE][PASSED] - Delayed 8 second(s)

2018-09-13 15:47:32 - [TEST_STEP][PASSED] - waitForElementPresent: Element 'Object Repository/Splash Screen/Mulai - Button' is present

2018-09-13 15:47:32 - [MESSAGE][WARNING] - Timeout '0' is invalid. Using default page load timeout: '30'

2018-09-13 15:47:36 - [MESSAGE][PASSED] - Element 'Object Repository/Splash Screen/Mulai - Button' is present

2018-09-13 15:47:36 - [TEST_STEP][PASSED] - tap: Tapped on element 'Object Repository/Splash Screen/Mulai - Button'

2018-09-13 15:47:36 - [MESSAGE][WARNING] - Timeout '0' is invalid. Using default page load timeout: '30'

2018-09-13 15:47:41 - [MESSAGE][PASSED] - Tapped on element 'Object Repository/Splash Screen/Mulai - Button'

2018-09-13 15:47:41 - [TEST_STEP][PASSED] - comment: end Welcome Screen

2018-09-13 15:47:41 - [TEST_STEP][PASSED] - comment: LOGIN

2018-09-13 15:47:41 - [TEST_STEP][PASSED] - waitForElementPresent: Element 'Object Repository/Login/Nomor HP  Nama Pengguna - Text Box' is present

2018-09-13 15:47:45 - [MESSAGE][PASSED] - Element 'Object Repository/Login/Nomor HP  Nama Pengguna - Text Box' is present

2018-09-13 15:47:45 - [TEST_STEP][PASSED] - verifyElementAttributeValue: Object 'Object Repository/Login/Nomor HP  Nama Pengguna - Text Box' has attribute 'content-desc' with value 'LoginNameTextInput'

2018-09-13 15:47:49 - [MESSAGE][PASSED] - Object 'Object Repository/Login/Nomor HP  Nama Pengguna - Text Box' has attribute 'content-desc' with value 'LoginNameTextInput'

2018-09-13 15:47:49 - [TEST_STEP][PASSED] - setText: Text '08112233445567' has been set to element 'Object Repository/Login/Nomor HP  Nama Pengguna - Text Box'

2018-09-13 15:48:10 - [MESSAGE][PASSED] - Text '08112233445567' has been set to element 'Object Repository/Login/Nomor HP  Nama Pengguna - Text Box'

2018-09-13 15:48:10 - [TEST_STEP][PASSED] - hideKeyboard: Keyboard is hidden

2018-09-13 15:48:11 - [MESSAGE][PASSED] - Keyboard is hidden

2018-09-13 15:48:11 - [TEST_STEP][PASSED] - verifyElementText: Actual text and expected text of test object 'Object Repository/Login/Nomor HP  Nama Pengguna - Text Box' are matched.

2018-09-13 15:48:15 - [MESSAGE][PASSED] - Actual text and expected text of test object 'Object Repository/Login/Nomor HP  Nama Pengguna - Text Box' are matched.

2018-09-13 15:48:15 - [TEST_STEP][PASSED] - waitForElementPresent: Element 'Object Repository/Login/Button Masuk' is present

2018-09-13 15:48:18 - [MESSAGE][PASSED] - Element 'Object Repository/Login/Button Masuk' is present

2018-09-13 15:48:18 - [TEST_STEP][PASSED] - verifyElementAttributeValue: Object 'Object Repository/Login/Button Masuk' has attribute 'content-desc' with value 'LoginJumpNextBtn'

2018-09-13 15:48:22 - [MESSAGE][PASSED] - Object 'Object Repository/Login/Button Masuk' has attribute 'content-desc' with value 'LoginJumpNextBtn'

2018-09-13 15:48:22 - [TEST_STEP][PASSED] - tap: Tapped on element 'Object Repository/Login/Button Masuk'

2018-09-13 15:48:32 - [MESSAGE][PASSED] - Tapped on element 'Object Repository/Login/Button Masuk'

2018-09-13 15:48:32 - [TEST_STEP][PASSED] - waitForElementPresent: Element 'Object Repository/Login/Input Pin' is present

2018-09-13 15:48:36 - [MESSAGE][PASSED] - Element 'Object Repository/Login/Input Pin' is present

2018-09-13 15:48:36 - [TEST_STEP][PASSED] - verifyElementAttributeValue: Object 'Object Repository/Login/Input Pin' has attribute 'content-desc' with value 'pinCircleFocus'

2018-09-13 15:48:45 - [MESSAGE][PASSED] - Object 'Object Repository/Login/Input Pin' has attribute 'content-desc' with value 'pinCircleFocus'

2018-09-13 15:48:45 - [TEST_STEP][PASSED] - tap: Tapped on element 'Object Repository/Login/Input Pin'

2018-09-13 15:48:54 - [MESSAGE][PASSED] - Tapped on element 'Object Repository/Login/Input Pin'

2018-09-13 15:48:54 - [TEST_STEP][PASSED] - setText: Text '123456' has been set to element 'Object Repository/Login/Input Pin'

2018-09-13 15:49:16 - [MESSAGE][PASSED] - Text '123456' has been set to element 'Object Repository/Login/Input Pin'

2018-09-13 15:49:16 - [TEST_STEP][PASSED] - delay: Delayed 5 second(s)

2018-09-13 15:49:21 - [MESSAGE][PASSED] - Delayed 5 second(s)

2018-09-13 15:49:21 - [TEST_STEP][PASSED] - comment: End Login Test Case

2018-09-13 15:49:21 - [TEST_STEP][PASSED] - waitForElementPresent: Element 'Object Repository/Sidebar Menu/Biaya/HamburgerButton' is present

2018-09-13 15:49:27 - [MESSAGE][PASSED] - Element 'Object Repository/Sidebar Menu/Biaya/HamburgerButton' is present

2018-09-13 15:49:27 - [TEST_STEP][PASSED] - comment: MESIN KASIR

2018-09-13 15:49:27 - [TEST_STEP][PASSED] - verifyElementAttributeValue: Object 'Object Repository/Sidebar Menu/Biaya/HamburgerButton' has attribute 'content-desc' with value 'headerBar_button_hamburgerMenu'

2018-09-13 15:49:31 - [MESSAGE][PASSED] - Object 'Object Repository/Sidebar Menu/Biaya/HamburgerButton' has attribute 'content-desc' with value 'headerBar_button_hamburgerMenu'

2018-09-13 15:49:31 - [TEST_STEP][PASSED] - tap: Tapped on element 'Object Repository/Sidebar Menu/Biaya/HamburgerButton'

2018-09-13 15:49:40 - [MESSAGE][PASSED] - Tapped on element 'Object Repository/Sidebar Menu/Biaya/HamburgerButton'

2018-09-13 15:49:40 - [TEST_STEP][PASSED] - waitForElementPresent: Element 'Object Repository/Sidebar Menu/Mesin Kasir/Kasir/Dashboard Kasir/Kasir' is present

2018-09-13 15:49:49 - [MESSAGE][PASSED] - Element 'Object Repository/Sidebar Menu/Mesin Kasir/Kasir/Dashboard Kasir/Kasir' is present

2018-09-13 15:49:49 - [TEST_STEP][PASSED] - verifyElementAttributeValue: Object 'Object Repository/Sidebar Menu/Mesin Kasir/Kasir/Dashboard Kasir/Kasir' has attribute 'content-desc' with value 'drawerContainer_button_cashierSwitch'

2018-09-13 15:49:54 - [MESSAGE][PASSED] - Object 'Object Repository/Sidebar Menu/Mesin Kasir/Kasir/Dashboard Kasir/Kasir' has attribute 'content-desc' with value 'drawerContainer_button_cashierSwitch'

2018-09-13 15:49:54 - [TEST_STEP][PASSED] - tap: Tapped on element 'Object Repository/Sidebar Menu/Mesin Kasir/Kasir/Dashboard Kasir/Kasir'

2018-09-13 15:49:59 - [MESSAGE][PASSED] - Tapped on element 'Object Repository/Sidebar Menu/Mesin Kasir/Kasir/Dashboard Kasir/Kasir'

2018-09-13 15:49:59 - [TEST_STEP][PASSED] - waitForElementPresent: Element 'Object Repository/Sidebar Menu/Mesin Kasir/Kasir/Dashboard Kasir/ListProduk 1' is present

2018-09-13 15:50:06 - [MESSAGE][PASSED] - Element 'Object Repository/Sidebar Menu/Mesin Kasir/Kasir/Dashboard Kasir/ListProduk 1' is present

2018-09-13 15:50:06 - [TEST_STEP][PASSED] - verifyElementAttributeValue: Object 'Object Repository/Sidebar Menu/Mesin Kasir/Kasir/Dashboard Kasir/ListProduk 1' has attribute 'content-desc' with value 'productSalesItem0'

2018-09-13 15:50:14 - [MESSAGE][PASSED] - Object 'Object Repository/Sidebar Menu/Mesin Kasir/Kasir/Dashboard Kasir/ListProduk 1' has attribute 'content-desc' with value 'productSalesItem0'

2018-09-13 15:50:14 - [TEST_STEP][PASSED] - Statement - For (def index : (0..1)): Tapped on element 'Object Repository/Sidebar Menu/Mesin Kasir/Kasir/Dashboard Kasir/ListProduk 1'

2018-09-13 15:50:14 - [TEST_STEP][PASSED] - tap: Tapped on element 'Object Repository/Sidebar Menu/Mesin Kasir/Kasir/Dashboard Kasir/ListProduk 1'

2018-09-13 15:50:22 - [MESSAGE][PASSED] - Tapped on element 'Object Repository/Sidebar Menu/Mesin Kasir/Kasir/Dashboard Kasir/ListProduk 1'

2018-09-13 15:50:22 - [TEST_STEP][PASSED] - tap: Tapped on element 'Object Repository/Sidebar Menu/Mesin Kasir/Kasir/Dashboard Kasir/ListProduk 1'

2018-09-13 15:50:30 - [MESSAGE][PASSED] - Tapped on element 'Object Repository/Sidebar Menu/Mesin Kasir/Kasir/Dashboard Kasir/ListProduk 1'

2018-09-13 15:50:30 - [TEST_STEP][PASSED] - Statement - For (def index : (0..1)): Tapped on element 'Object Repository/Sidebar Menu/Mesin Kasir/Kasir/Dashboard Kasir/ListProduk 2'

2018-09-13 15:50:30 - [TEST_STEP][PASSED] - tap: Tapped on element 'Object Repository/Sidebar Menu/Mesin Kasir/Kasir/Dashboard Kasir/ListProduk 2'

2018-09-13 15:50:35 - [MESSAGE][PASSED] - Tapped on element 'Object Repository/Sidebar Menu/Mesin Kasir/Kasir/Dashboard Kasir/ListProduk 2'

2018-09-13 15:50:35 - [TEST_STEP][PASSED] - tap: Tapped on element 'Object Repository/Sidebar Menu/Mesin Kasir/Kasir/Dashboard Kasir/ListProduk 2'

2018-09-13 15:50:41 - [MESSAGE][PASSED] - Tapped on element 'Object Repository/Sidebar Menu/Mesin Kasir/Kasir/Dashboard Kasir/ListProduk 2'

2018-09-13 15:50:41 - [TEST_STEP][PASSED] - waitForElementPresent: Element 'Object Repository/Sidebar Menu/Mesin Kasir/Kasir/Estimasi Detail Pesanan/Keranjangbtn' is present

2018-09-13 15:50:43 - [MESSAGE][PASSED] - Element 'Object Repository/Sidebar Menu/Mesin Kasir/Kasir/Estimasi Detail Pesanan/Keranjangbtn' is present

2018-09-13 15:50:43 - [TEST_STEP][PASSED] - tap: Tapped on element 'Object Repository/Sidebar Menu/Mesin Kasir/Kasir/Estimasi Detail Pesanan/Keranjangbtn'

2018-09-13 15:50:47 - [MESSAGE][PASSED] - Tapped on element 'Object Repository/Sidebar Menu/Mesin Kasir/Kasir/Estimasi Detail Pesanan/Keranjangbtn'

2018-09-13 15:50:47 - [TEST_STEP][PASSED] - comment: Ringkasan Pesanan Onboarding

2018-09-13 15:50:47 - [TEST_STEP][PASSED] - waitForElementPresent: Element 'Object Repository/Sidebar Menu/Mesin Kasir/Kasir/Ringkasan Pesanan/Diskon Tambahan/Tambah_Diskon' is present

2018-09-13 15:50:52 - [MESSAGE][PASSED] - Element 'Object Repository/Sidebar Menu/Mesin Kasir/Kasir/Ringkasan Pesanan/Diskon Tambahan/Tambah_Diskon' is present

2018-09-13 15:50:52 - [TEST_STEP][PASSED] - verifyElementAttributeValue: Object 'Object Repository/Sidebar Menu/Mesin Kasir/Kasir/Ringkasan Pesanan/Diskon Tambahan/Tambah_Diskon' has attribute 'content-desc' with value 'asubtotal_atext_additional_discount'

2018-09-13 15:50:55 - [MESSAGE][PASSED] - Object 'Object Repository/Sidebar Menu/Mesin Kasir/Kasir/Ringkasan Pesanan/Diskon Tambahan/Tambah_Diskon' has attribute 'content-desc' with value 'asubtotal_atext_additional_discount'

2018-09-13 15:50:55 - [TEST_STEP][PASSED] - verifyElementVisible: Element 'Object Repository/Sidebar Menu/Mesin Kasir/Kasir/Ringkasan Pesanan/Diskon Tambahan/Tambah_Diskon' is visible

2018-09-13 15:51:01 - [MESSAGE][PASSED] - Element 'Object Repository/Sidebar Menu/Mesin Kasir/Kasir/Ringkasan Pesanan/Diskon Tambahan/Tambah_Diskon' is visible

2018-09-13 15:51:01 - [TEST_STEP][PASSED] - waitForElementPresent: Element 'Object Repository/Sidebar Menu/Mesin Kasir/Kasir/Ringkasan Pesanan/Biaya Tambahan/Tambah_Biaya' is present

2018-09-13 15:51:03 - [MESSAGE][PASSED] - Element 'Object Repository/Sidebar Menu/Mesin Kasir/Kasir/Ringkasan Pesanan/Biaya Tambahan/Tambah_Biaya' is present

2018-09-13 15:51:03 - [TEST_STEP][PASSED] - verifyElementVisible: Element 'Object Repository/Sidebar Menu/Mesin Kasir/Kasir/Ringkasan Pesanan/Biaya Tambahan/Tambah_Biaya' is visible

2018-09-13 15:51:11 - [MESSAGE][PASSED] - Element 'Object Repository/Sidebar Menu/Mesin Kasir/Kasir/Ringkasan Pesanan/Biaya Tambahan/Tambah_Biaya' is visible

2018-09-13 15:51:11 - [TEST_STEP][PASSED] - verifyElementAttributeValue: Object 'Object Repository/Sidebar Menu/Mesin Kasir/Kasir/Ringkasan Pesanan/Biaya Tambahan/Tambah_Biaya' has attribute 'content-desc' with value 'asubtotal_abutton_additional_cost'

2018-09-13 15:51:20 - [MESSAGE][PASSED] - Object 'Object Repository/Sidebar Menu/Mesin Kasir/Kasir/Ringkasan Pesanan/Biaya Tambahan/Tambah_Biaya' has attribute 'content-desc' with value 'asubtotal_abutton_additional_cost'

2018-09-13 15:51:20 - [TEST_STEP][PASSED] - closeApplication: Close app successfully

2018-09-13 15:51:30 - [MESSAGE][PASSED] - Close app successfully]]></system-out>
         <system-err><![CDATA[]]></system-err>
      </testcase>
      <testcase name="Test Cases/Release 3 - Squad Hades/Sprint 1/Story 1770 - Additional Biaya Tambahan in shoopping cart/TC 2 - Click X button from Biaya Tambahan field to Cancel and check contain" classname="Test Cases/Release 3 - Squad Hades/Sprint 1/Story 1770 - Additional Biaya Tambahan in shoopping cart/TC 2 - Click X button from Biaya Tambahan field to Cancel and check contain" status="PASSED">
         <system-out><![CDATA[2018-09-13 15:51:32 - [TEST_CASE][PASSED] - Test Cases/Release 3 - Squad Hades/Sprint 1/Story 1770 - Additional Biaya Tambahan in shoopping cart/TC 2 - Click X button from Biaya Tambahan field to Cancel and check contain: Test Cases/Release 3 - Squad Hades/Sprint 1/Story 1770 - Additional Biaya Tambahan in shoopping cart/TC 2 - Click X button from Biaya Tambahan field to Cancel and check contain

2018-09-13 15:51:32 - [TEST_STEP][PASSED] - comment: WELCOME SCREEN

2018-09-13 15:51:32 - [TEST_STEP][PASSED] - Statement - apkPath = apkName: null

2018-09-13 15:51:32 - [TEST_STEP][PASSED] - startApplication: Started app at: 'C:\Users\AV2017005903\Documents\apollo-automation\12 September.apk'

2018-09-13 15:52:13 - [MESSAGE][PASSED] - Started app at: 'C:\Users\AV2017005903\Documents\apollo-automation\12 September.apk'

2018-09-13 15:52:13 - [TEST_STEP][PASSED] - delay: Delayed 15 second(s)

2018-09-13 15:52:28 - [MESSAGE][PASSED] - Delayed 15 second(s)

2018-09-13 15:52:28 - [TEST_STEP][PASSED] - Comment - "If there is a Update TopuUp, click No, Else you can delay for waiting lazyload ": null

2018-09-13 15:52:28 - [TEST_STEP][PASSED] - Statement - driver = com.kms.katalon.core.mobile.keyword.internal.MobileDriverFactory.getDriver(): null

2018-09-13 15:52:28 - [TEST_STEP][PASSED] - Statement - action = new io.appium.java_client.TouchAction(driver): null

2018-09-13 15:52:28 - [TEST_STEP][PASSED] - Statement - action.longPress(550, 300).moveTo(100, 300).release().perform(): null

2018-09-13 15:52:31 - [TEST_STEP][PASSED] - delay: Delayed 8 second(s)

2018-09-13 15:52:39 - [MESSAGE][PASSED] - Delayed 8 second(s)

2018-09-13 15:52:39 - [TEST_STEP][PASSED] - Statement - action.longPress(550, 300).moveTo(100, 300).release().perform(): null

2018-09-13 15:52:42 - [TEST_STEP][PASSED] - delay: Delayed 8 second(s)

2018-09-13 15:52:50 - [MESSAGE][PASSED] - Delayed 8 second(s)

2018-09-13 15:52:50 - [TEST_STEP][PASSED] - Statement - action.longPress(550, 300).moveTo(100, 300).release().perform(): null

2018-09-13 15:52:53 - [TEST_STEP][PASSED] - delay: Delayed 8 second(s)

2018-09-13 15:53:01 - [MESSAGE][PASSED] - Delayed 8 second(s)

2018-09-13 15:53:01 - [TEST_STEP][PASSED] - Statement - action.longPress(550, 300).moveTo(100, 300).release().perform(): null

2018-09-13 15:53:03 - [TEST_STEP][PASSED] - delay: Delayed 8 second(s)

2018-09-13 15:53:11 - [MESSAGE][PASSED] - Delayed 8 second(s)

2018-09-13 15:53:11 - [TEST_STEP][PASSED] - waitForElementPresent: Element 'Object Repository/Splash Screen/Mulai - Button' is present

2018-09-13 15:53:11 - [MESSAGE][WARNING] - Timeout '0' is invalid. Using default page load timeout: '30'

2018-09-13 15:53:15 - [MESSAGE][PASSED] - Element 'Object Repository/Splash Screen/Mulai - Button' is present

2018-09-13 15:53:15 - [TEST_STEP][PASSED] - tap: Tapped on element 'Object Repository/Splash Screen/Mulai - Button'

2018-09-13 15:53:15 - [MESSAGE][WARNING] - Timeout '0' is invalid. Using default page load timeout: '30'

2018-09-13 15:53:20 - [MESSAGE][PASSED] - Tapped on element 'Object Repository/Splash Screen/Mulai - Button'

2018-09-13 15:53:20 - [TEST_STEP][PASSED] - comment: end Welcome Screen

2018-09-13 15:53:20 - [TEST_STEP][PASSED] - comment: LOGIN

2018-09-13 15:53:20 - [TEST_STEP][PASSED] - waitForElementPresent: Element 'Object Repository/Login/Nomor HP  Nama Pengguna - Text Box' is present

2018-09-13 15:53:24 - [MESSAGE][PASSED] - Element 'Object Repository/Login/Nomor HP  Nama Pengguna - Text Box' is present

2018-09-13 15:53:24 - [TEST_STEP][PASSED] - verifyElementAttributeValue: Object 'Object Repository/Login/Nomor HP  Nama Pengguna - Text Box' has attribute 'content-desc' with value 'LoginNameTextInput'

2018-09-13 15:53:28 - [MESSAGE][PASSED] - Object 'Object Repository/Login/Nomor HP  Nama Pengguna - Text Box' has attribute 'content-desc' with value 'LoginNameTextInput'

2018-09-13 15:53:28 - [TEST_STEP][PASSED] - setText: Text '08112233445567' has been set to element 'Object Repository/Login/Nomor HP  Nama Pengguna - Text Box'

2018-09-13 15:53:49 - [MESSAGE][PASSED] - Text '08112233445567' has been set to element 'Object Repository/Login/Nomor HP  Nama Pengguna - Text Box'

2018-09-13 15:53:49 - [TEST_STEP][PASSED] - hideKeyboard: Keyboard is hidden

2018-09-13 15:53:50 - [MESSAGE][PASSED] - Keyboard is hidden

2018-09-13 15:53:50 - [TEST_STEP][PASSED] - verifyElementText: Actual text and expected text of test object 'Object Repository/Login/Nomor HP  Nama Pengguna - Text Box' are matched.

2018-09-13 15:53:54 - [MESSAGE][PASSED] - Actual text and expected text of test object 'Object Repository/Login/Nomor HP  Nama Pengguna - Text Box' are matched.

2018-09-13 15:53:54 - [TEST_STEP][PASSED] - waitForElementPresent: Element 'Object Repository/Login/Button Masuk' is present

2018-09-13 15:53:57 - [MESSAGE][PASSED] - Element 'Object Repository/Login/Button Masuk' is present

2018-09-13 15:53:57 - [TEST_STEP][PASSED] - verifyElementAttributeValue: Object 'Object Repository/Login/Button Masuk' has attribute 'content-desc' with value 'LoginJumpNextBtn'

2018-09-13 15:54:04 - [MESSAGE][PASSED] - Object 'Object Repository/Login/Button Masuk' has attribute 'content-desc' with value 'LoginJumpNextBtn'

2018-09-13 15:54:04 - [TEST_STEP][PASSED] - tap: Tapped on element 'Object Repository/Login/Button Masuk'

2018-09-13 15:54:13 - [MESSAGE][PASSED] - Tapped on element 'Object Repository/Login/Button Masuk'

2018-09-13 15:54:13 - [TEST_STEP][PASSED] - waitForElementPresent: Element 'Object Repository/Login/Input Pin' is present

2018-09-13 15:54:20 - [MESSAGE][PASSED] - Element 'Object Repository/Login/Input Pin' is present

2018-09-13 15:54:20 - [TEST_STEP][PASSED] - verifyElementAttributeValue: Object 'Object Repository/Login/Input Pin' has attribute 'content-desc' with value 'pinCircleFocus'

2018-09-13 15:54:24 - [MESSAGE][PASSED] - Object 'Object Repository/Login/Input Pin' has attribute 'content-desc' with value 'pinCircleFocus'

2018-09-13 15:54:24 - [TEST_STEP][PASSED] - tap: Tapped on element 'Object Repository/Login/Input Pin'

2018-09-13 15:54:29 - [MESSAGE][PASSED] - Tapped on element 'Object Repository/Login/Input Pin'

2018-09-13 15:54:29 - [TEST_STEP][PASSED] - setText: Text '123456' has been set to element 'Object Repository/Login/Input Pin'

2018-09-13 15:54:52 - [MESSAGE][PASSED] - Text '123456' has been set to element 'Object Repository/Login/Input Pin'

2018-09-13 15:54:52 - [TEST_STEP][PASSED] - delay: Delayed 5 second(s)

2018-09-13 15:54:57 - [MESSAGE][PASSED] - Delayed 5 second(s)

2018-09-13 15:54:57 - [TEST_STEP][PASSED] - comment: End Login Test Case

2018-09-13 15:54:57 - [TEST_STEP][PASSED] - waitForElementPresent: Element 'Object Repository/Sidebar Menu/Biaya/HamburgerButton' is present

2018-09-13 15:55:01 - [MESSAGE][PASSED] - Element 'Object Repository/Sidebar Menu/Biaya/HamburgerButton' is present

2018-09-13 15:55:01 - [TEST_STEP][PASSED] - comment: MESIN KASIR

2018-09-13 15:55:01 - [TEST_STEP][PASSED] - verifyElementAttributeValue: Object 'Object Repository/Sidebar Menu/Biaya/HamburgerButton' has attribute 'content-desc' with value 'headerBar_button_hamburgerMenu'

2018-09-13 15:55:05 - [MESSAGE][PASSED] - Object 'Object Repository/Sidebar Menu/Biaya/HamburgerButton' has attribute 'content-desc' with value 'headerBar_button_hamburgerMenu'

2018-09-13 15:55:05 - [TEST_STEP][PASSED] - tap: Tapped on element 'Object Repository/Sidebar Menu/Biaya/HamburgerButton'

2018-09-13 15:55:11 - [MESSAGE][PASSED] - Tapped on element 'Object Repository/Sidebar Menu/Biaya/HamburgerButton'

2018-09-13 15:55:11 - [TEST_STEP][PASSED] - waitForElementPresent: Element 'Object Repository/Sidebar Menu/Mesin Kasir/Kasir/Dashboard Kasir/Kasir' is present

2018-09-13 15:55:14 - [MESSAGE][PASSED] - Element 'Object Repository/Sidebar Menu/Mesin Kasir/Kasir/Dashboard Kasir/Kasir' is present

2018-09-13 15:55:14 - [TEST_STEP][PASSED] - verifyElementAttributeValue: Object 'Object Repository/Sidebar Menu/Mesin Kasir/Kasir/Dashboard Kasir/Kasir' has attribute 'content-desc' with value 'drawerContainer_button_cashierSwitch'

2018-09-13 15:55:18 - [MESSAGE][PASSED] - Object 'Object Repository/Sidebar Menu/Mesin Kasir/Kasir/Dashboard Kasir/Kasir' has attribute 'content-desc' with value 'drawerContainer_button_cashierSwitch'

2018-09-13 15:55:18 - [TEST_STEP][PASSED] - tap: Tapped on element 'Object Repository/Sidebar Menu/Mesin Kasir/Kasir/Dashboard Kasir/Kasir'

2018-09-13 15:55:23 - [MESSAGE][PASSED] - Tapped on element 'Object Repository/Sidebar Menu/Mesin Kasir/Kasir/Dashboard Kasir/Kasir'

2018-09-13 15:55:23 - [TEST_STEP][PASSED] - waitForElementPresent: Element 'Object Repository/Sidebar Menu/Mesin Kasir/Kasir/Dashboard Kasir/ListProduk 1' is present

2018-09-13 15:55:28 - [MESSAGE][PASSED] - Element 'Object Repository/Sidebar Menu/Mesin Kasir/Kasir/Dashboard Kasir/ListProduk 1' is present

2018-09-13 15:55:28 - [TEST_STEP][PASSED] - verifyElementAttributeValue: Object 'Object Repository/Sidebar Menu/Mesin Kasir/Kasir/Dashboard Kasir/ListProduk 1' has attribute 'content-desc' with value 'productSalesItem0'

2018-09-13 15:55:33 - [MESSAGE][PASSED] - Object 'Object Repository/Sidebar Menu/Mesin Kasir/Kasir/Dashboard Kasir/ListProduk 1' has attribute 'content-desc' with value 'productSalesItem0'

2018-09-13 15:55:33 - [TEST_STEP][PASSED] - Statement - For (def index : (0..1)): Tapped on element 'Object Repository/Sidebar Menu/Mesin Kasir/Kasir/Dashboard Kasir/ListProduk 1'

2018-09-13 15:55:33 - [TEST_STEP][PASSED] - tap: Tapped on element 'Object Repository/Sidebar Menu/Mesin Kasir/Kasir/Dashboard Kasir/ListProduk 1'

2018-09-13 15:55:39 - [MESSAGE][PASSED] - Tapped on element 'Object Repository/Sidebar Menu/Mesin Kasir/Kasir/Dashboard Kasir/ListProduk 1'

2018-09-13 15:55:39 - [TEST_STEP][PASSED] - tap: Tapped on element 'Object Repository/Sidebar Menu/Mesin Kasir/Kasir/Dashboard Kasir/ListProduk 1'

2018-09-13 15:55:44 - [MESSAGE][PASSED] - Tapped on element 'Object Repository/Sidebar Menu/Mesin Kasir/Kasir/Dashboard Kasir/ListProduk 1'

2018-09-13 15:55:44 - [TEST_STEP][PASSED] - Statement - For (def index : (0..1)): Tapped on element 'Object Repository/Sidebar Menu/Mesin Kasir/Kasir/Dashboard Kasir/ListProduk 2'

2018-09-13 15:55:44 - [TEST_STEP][PASSED] - tap: Tapped on element 'Object Repository/Sidebar Menu/Mesin Kasir/Kasir/Dashboard Kasir/ListProduk 2'

2018-09-13 15:55:53 - [MESSAGE][PASSED] - Tapped on element 'Object Repository/Sidebar Menu/Mesin Kasir/Kasir/Dashboard Kasir/ListProduk 2'

2018-09-13 15:55:53 - [TEST_STEP][PASSED] - tap: Tapped on element 'Object Repository/Sidebar Menu/Mesin Kasir/Kasir/Dashboard Kasir/ListProduk 2'

2018-09-13 15:56:01 - [MESSAGE][PASSED] - Tapped on element 'Object Repository/Sidebar Menu/Mesin Kasir/Kasir/Dashboard Kasir/ListProduk 2'

2018-09-13 15:56:01 - [TEST_STEP][PASSED] - waitForElementPresent: Element 'Object Repository/Sidebar Menu/Mesin Kasir/Kasir/Estimasi Detail Pesanan/Keranjangbtn' is present

2018-09-13 15:56:03 - [MESSAGE][PASSED] - Element 'Object Repository/Sidebar Menu/Mesin Kasir/Kasir/Estimasi Detail Pesanan/Keranjangbtn' is present

2018-09-13 15:56:03 - [TEST_STEP][PASSED] - tap: Tapped on element 'Object Repository/Sidebar Menu/Mesin Kasir/Kasir/Estimasi Detail Pesanan/Keranjangbtn'

2018-09-13 15:56:07 - [MESSAGE][PASSED] - Tapped on element 'Object Repository/Sidebar Menu/Mesin Kasir/Kasir/Estimasi Detail Pesanan/Keranjangbtn'

2018-09-13 15:56:07 - [TEST_STEP][PASSED] - comment: Ringkasan Pesanan Onboarding

2018-09-13 15:56:07 - [TEST_STEP][PASSED] - waitForElementPresent: Element 'Object Repository/Sidebar Menu/Mesin Kasir/Kasir/Ringkasan Pesanan/Diskon Tambahan/Tambah_Diskon' is present

2018-09-13 15:56:17 - [MESSAGE][PASSED] - Element 'Object Repository/Sidebar Menu/Mesin Kasir/Kasir/Ringkasan Pesanan/Diskon Tambahan/Tambah_Diskon' is present

2018-09-13 15:56:17 - [TEST_STEP][PASSED] - verifyElementAttributeValue: Object 'Object Repository/Sidebar Menu/Mesin Kasir/Kasir/Ringkasan Pesanan/Diskon Tambahan/Tambah_Diskon' has attribute 'content-desc' with value 'asubtotal_atext_additional_discount'

2018-09-13 15:56:21 - [MESSAGE][PASSED] - Object 'Object Repository/Sidebar Menu/Mesin Kasir/Kasir/Ringkasan Pesanan/Diskon Tambahan/Tambah_Diskon' has attribute 'content-desc' with value 'asubtotal_atext_additional_discount'

2018-09-13 15:56:21 - [TEST_STEP][PASSED] - verifyElementVisible: Element 'Object Repository/Sidebar Menu/Mesin Kasir/Kasir/Ringkasan Pesanan/Diskon Tambahan/Tambah_Diskon' is visible

2018-09-13 15:56:25 - [MESSAGE][PASSED] - Element 'Object Repository/Sidebar Menu/Mesin Kasir/Kasir/Ringkasan Pesanan/Diskon Tambahan/Tambah_Diskon' is visible

2018-09-13 15:56:25 - [TEST_STEP][PASSED] - waitForElementPresent: Element 'Object Repository/Sidebar Menu/Mesin Kasir/Kasir/Ringkasan Pesanan/Biaya Tambahan/Tambah_Biaya' is present

2018-09-13 15:56:29 - [MESSAGE][PASSED] - Element 'Object Repository/Sidebar Menu/Mesin Kasir/Kasir/Ringkasan Pesanan/Biaya Tambahan/Tambah_Biaya' is present

2018-09-13 15:56:29 - [TEST_STEP][PASSED] - verifyElementAttributeValue: Object 'Object Repository/Sidebar Menu/Mesin Kasir/Kasir/Ringkasan Pesanan/Biaya Tambahan/Tambah_Biaya' has attribute 'content-desc' with value 'asubtotal_abutton_additional_cost'

2018-09-13 15:56:33 - [MESSAGE][PASSED] - Object 'Object Repository/Sidebar Menu/Mesin Kasir/Kasir/Ringkasan Pesanan/Biaya Tambahan/Tambah_Biaya' has attribute 'content-desc' with value 'asubtotal_abutton_additional_cost'

2018-09-13 15:56:33 - [TEST_STEP][PASSED] - tap: Tapped on element 'Object Repository/Sidebar Menu/Mesin Kasir/Kasir/Ringkasan Pesanan/Biaya Tambahan/Tambah_Biaya'

2018-09-13 15:56:37 - [MESSAGE][PASSED] - Tapped on element 'Object Repository/Sidebar Menu/Mesin Kasir/Kasir/Ringkasan Pesanan/Biaya Tambahan/Tambah_Biaya'

2018-09-13 15:56:37 - [TEST_STEP][PASSED] - waitForElementPresent: Element 'Object Repository/Sidebar Menu/Mesin Kasir/Kasir/Ringkasan Pesanan/Biaya Tambahan/TambahBiaya - JudulDropdown' is present

2018-09-13 15:56:42 - [MESSAGE][PASSED] - Element 'Object Repository/Sidebar Menu/Mesin Kasir/Kasir/Ringkasan Pesanan/Biaya Tambahan/TambahBiaya - JudulDropdown' is present

2018-09-13 15:56:42 - [TEST_STEP][PASSED] - verifyElementAttributeValue: Object 'Object Repository/Sidebar Menu/Mesin Kasir/Kasir/Ringkasan Pesanan/Biaya Tambahan/TambahBiaya - JudulDropdown' has attribute 'content-desc' with value 'additionalCost_icon_costType'

2018-09-13 15:56:50 - [MESSAGE][PASSED] - Object 'Object Repository/Sidebar Menu/Mesin Kasir/Kasir/Ringkasan Pesanan/Biaya Tambahan/TambahBiaya - JudulDropdown' has attribute 'content-desc' with value 'additionalCost_icon_costType'

2018-09-13 15:56:50 - [TEST_STEP][PASSED] - tap: Tapped on element 'Object Repository/Sidebar Menu/Mesin Kasir/Kasir/Ringkasan Pesanan/Biaya Tambahan/TambahBiaya - JudulDropdown'

2018-09-13 15:56:58 - [MESSAGE][PASSED] - Tapped on element 'Object Repository/Sidebar Menu/Mesin Kasir/Kasir/Ringkasan Pesanan/Biaya Tambahan/TambahBiaya - JudulDropdown'

2018-09-13 15:56:58 - [TEST_STEP][PASSED] - waitForElementPresent: Element 'Object Repository/Sidebar Menu/Mesin Kasir/Kasir/Ringkasan Pesanan/Biaya Tambahan/TambahBiaya - JudulList2' is present

2018-09-13 15:57:02 - [MESSAGE][PASSED] - Element 'Object Repository/Sidebar Menu/Mesin Kasir/Kasir/Ringkasan Pesanan/Biaya Tambahan/TambahBiaya - JudulList2' is present

2018-09-13 15:57:02 - [TEST_STEP][PASSED] - verifyElementAttributeValue: Object 'Object Repository/Sidebar Menu/Mesin Kasir/Kasir/Ringkasan Pesanan/Biaya Tambahan/TambahBiaya - JudulList2' has attribute 'content-desc' with value 'additionalCost_text_costType_1'

2018-09-13 15:57:13 - [MESSAGE][PASSED] - Object 'Object Repository/Sidebar Menu/Mesin Kasir/Kasir/Ringkasan Pesanan/Biaya Tambahan/TambahBiaya - JudulList2' has attribute 'content-desc' with value 'additionalCost_text_costType_1'

2018-09-13 15:57:13 - [TEST_STEP][PASSED] - tap: Tapped on element 'Object Repository/Sidebar Menu/Mesin Kasir/Kasir/Ringkasan Pesanan/Biaya Tambahan/TambahBiaya - JudulList2'

2018-09-13 15:57:22 - [MESSAGE][PASSED] - Tapped on element 'Object Repository/Sidebar Menu/Mesin Kasir/Kasir/Ringkasan Pesanan/Biaya Tambahan/TambahBiaya - JudulList2'

2018-09-13 15:57:22 - [TEST_STEP][PASSED] - waitForElementPresent: Element 'Object Repository/Sidebar Menu/Mesin Kasir/Kasir/Ringkasan Pesanan/Biaya Tambahan/TambahBiaya - BiayaEditTxt' is present

2018-09-13 15:57:26 - [MESSAGE][PASSED] - Element 'Object Repository/Sidebar Menu/Mesin Kasir/Kasir/Ringkasan Pesanan/Biaya Tambahan/TambahBiaya - BiayaEditTxt' is present

2018-09-13 15:57:26 - [TEST_STEP][PASSED] - verifyElementAttributeValue: Object 'Object Repository/Sidebar Menu/Mesin Kasir/Kasir/Ringkasan Pesanan/Biaya Tambahan/TambahBiaya - BiayaEditTxt' has attribute 'content-desc' with value 'additionalCost_input_costAmount'

2018-09-13 15:57:30 - [MESSAGE][PASSED] - Object 'Object Repository/Sidebar Menu/Mesin Kasir/Kasir/Ringkasan Pesanan/Biaya Tambahan/TambahBiaya - BiayaEditTxt' has attribute 'content-desc' with value 'additionalCost_input_costAmount'

2018-09-13 15:57:30 - [TEST_STEP][PASSED] - setText: Text '2000' has been set to element 'Object Repository/Sidebar Menu/Mesin Kasir/Kasir/Ringkasan Pesanan/Biaya Tambahan/TambahBiaya - BiayaEditTxt'

2018-09-13 15:57:48 - [MESSAGE][PASSED] - Text '2000' has been set to element 'Object Repository/Sidebar Menu/Mesin Kasir/Kasir/Ringkasan Pesanan/Biaya Tambahan/TambahBiaya - BiayaEditTxt'

2018-09-13 15:57:48 - [TEST_STEP][PASSED] - hideKeyboard: Keyboard is hidden

2018-09-13 15:57:49 - [MESSAGE][PASSED] - Keyboard is hidden

2018-09-13 15:57:49 - [TEST_STEP][PASSED] - waitForElementPresent: Element 'Object Repository/Sidebar Menu/Mesin Kasir/Kasir/Ringkasan Pesanan/Biaya Tambahan/TambahBiaya - SIMPANbtn' is present

2018-09-13 15:57:53 - [MESSAGE][PASSED] - Element 'Object Repository/Sidebar Menu/Mesin Kasir/Kasir/Ringkasan Pesanan/Biaya Tambahan/TambahBiaya - SIMPANbtn' is present

2018-09-13 15:57:53 - [TEST_STEP][PASSED] - verifyElementAttributeValue: Object 'Object Repository/Sidebar Menu/Mesin Kasir/Kasir/Ringkasan Pesanan/Biaya Tambahan/TambahBiaya - SIMPANbtn' has attribute 'content-desc' with value 'additionalCost_button_saveCost'

2018-09-13 15:57:57 - [MESSAGE][PASSED] - Object 'Object Repository/Sidebar Menu/Mesin Kasir/Kasir/Ringkasan Pesanan/Biaya Tambahan/TambahBiaya - SIMPANbtn' has attribute 'content-desc' with value 'additionalCost_button_saveCost'

2018-09-13 15:57:57 - [TEST_STEP][PASSED] - tap: Tapped on element 'Object Repository/Sidebar Menu/Mesin Kasir/Kasir/Ringkasan Pesanan/Biaya Tambahan/TambahBiaya - SIMPANbtn'

2018-09-13 15:58:04 - [MESSAGE][PASSED] - Tapped on element 'Object Repository/Sidebar Menu/Mesin Kasir/Kasir/Ringkasan Pesanan/Biaya Tambahan/TambahBiaya - SIMPANbtn'

2018-09-13 15:58:04 - [TEST_STEP][PASSED] - waitForElementPresent: Element 'Object Repository/Sidebar Menu/Mesin Kasir/Kasir/Ringkasan Pesanan/Biaya Tambahan/cross_button - BiayaKirim' is present

2018-09-13 15:58:07 - [MESSAGE][PASSED] - Element 'Object Repository/Sidebar Menu/Mesin Kasir/Kasir/Ringkasan Pesanan/Biaya Tambahan/cross_button - BiayaKirim' is present

2018-09-13 15:58:07 - [TEST_STEP][PASSED] - verifyElementAttributeValue: Object 'Object Repository/Sidebar Menu/Mesin Kasir/Kasir/Ringkasan Pesanan/Biaya Tambahan/cross_button - BiayaKirim' has attribute 'content-desc' with value 'asubtotal_abutton_additional_cost_clear'

2018-09-13 15:58:11 - [MESSAGE][PASSED] - Object 'Object Repository/Sidebar Menu/Mesin Kasir/Kasir/Ringkasan Pesanan/Biaya Tambahan/cross_button - BiayaKirim' has attribute 'content-desc' with value 'asubtotal_abutton_additional_cost_clear'

2018-09-13 15:58:11 - [TEST_STEP][PASSED] - tap: Tapped on element 'Object Repository/Sidebar Menu/Mesin Kasir/Kasir/Ringkasan Pesanan/Biaya Tambahan/cross_button - BiayaKirim'

2018-09-13 15:58:17 - [MESSAGE][PASSED] - Tapped on element 'Object Repository/Sidebar Menu/Mesin Kasir/Kasir/Ringkasan Pesanan/Biaya Tambahan/cross_button - BiayaKirim'

2018-09-13 15:58:17 - [TEST_STEP][PASSED] - waitForElementPresent: Element 'Object Repository/Sidebar Menu/Mesin Kasir/Kasir/Ringkasan Pesanan/Biaya Tambahan/Tambah_Biaya' is present

2018-09-13 15:58:19 - [MESSAGE][PASSED] - Element 'Object Repository/Sidebar Menu/Mesin Kasir/Kasir/Ringkasan Pesanan/Biaya Tambahan/Tambah_Biaya' is present

2018-09-13 15:58:19 - [TEST_STEP][PASSED] - verifyElementVisible: Element 'Object Repository/Sidebar Menu/Mesin Kasir/Kasir/Ringkasan Pesanan/Biaya Tambahan/Tambah_Biaya' is visible

2018-09-13 15:58:23 - [MESSAGE][PASSED] - Element 'Object Repository/Sidebar Menu/Mesin Kasir/Kasir/Ringkasan Pesanan/Biaya Tambahan/Tambah_Biaya' is visible

2018-09-13 15:58:23 - [TEST_STEP][PASSED] - verifyElementAttributeValue: Object 'Object Repository/Sidebar Menu/Mesin Kasir/Kasir/Ringkasan Pesanan/Biaya Tambahan/Tambah_Biaya' has attribute 'content-desc' with value 'asubtotal_abutton_additional_cost'

2018-09-13 15:58:29 - [MESSAGE][PASSED] - Object 'Object Repository/Sidebar Menu/Mesin Kasir/Kasir/Ringkasan Pesanan/Biaya Tambahan/Tambah_Biaya' has attribute 'content-desc' with value 'asubtotal_abutton_additional_cost'

2018-09-13 15:58:29 - [TEST_STEP][PASSED] - closeApplication: Close app successfully

2018-09-13 15:58:37 - [MESSAGE][PASSED] - Close app successfully]]></system-out>
         <system-err><![CDATA[]]></system-err>
      </testcase>
      <testcase name="Test Cases/Release 3 - Squad Hades/Sprint 1/Story 1770 - Additional Biaya Tambahan in shoopping cart/TC 3 - Edit Biaya Tambahan" classname="Test Cases/Release 3 - Squad Hades/Sprint 1/Story 1770 - Additional Biaya Tambahan in shoopping cart/TC 3 - Edit Biaya Tambahan" status="PASSED">
         <system-out><![CDATA[2018-09-13 15:58:39 - [TEST_CASE][PASSED] - Test Cases/Release 3 - Squad Hades/Sprint 1/Story 1770 - Additional Biaya Tambahan in shoopping cart/TC 3 - Edit Biaya Tambahan: Test Cases/Release 3 - Squad Hades/Sprint 1/Story 1770 - Additional Biaya Tambahan in shoopping cart/TC 3 - Edit Biaya Tambahan

2018-09-13 15:58:39 - [TEST_STEP][PASSED] - comment: WELCOME SCREEN

2018-09-13 15:58:39 - [TEST_STEP][PASSED] - Statement - apkPath = apkName: null

2018-09-13 15:58:39 - [TEST_STEP][PASSED] - startApplication: Started app at: 'C:\Users\AV2017005903\Documents\apollo-automation\12 September.apk'

2018-09-13 15:59:28 - [MESSAGE][PASSED] - Started app at: 'C:\Users\AV2017005903\Documents\apollo-automation\12 September.apk'

2018-09-13 15:59:28 - [TEST_STEP][PASSED] - delay: Delayed 15 second(s)

2018-09-13 15:59:43 - [MESSAGE][PASSED] - Delayed 15 second(s)

2018-09-13 15:59:43 - [TEST_STEP][PASSED] - Comment - "If there is a Update TopuUp, click No, Else you can delay for waiting lazyload ": null

2018-09-13 15:59:43 - [TEST_STEP][PASSED] - Statement - driver = com.kms.katalon.core.mobile.keyword.internal.MobileDriverFactory.getDriver(): null

2018-09-13 15:59:43 - [TEST_STEP][PASSED] - Statement - action = new io.appium.java_client.TouchAction(driver): null

2018-09-13 15:59:43 - [TEST_STEP][PASSED] - Statement - action.longPress(550, 300).moveTo(100, 300).release().perform(): null

2018-09-13 15:59:46 - [TEST_STEP][PASSED] - delay: Delayed 8 second(s)

2018-09-13 15:59:54 - [MESSAGE][PASSED] - Delayed 8 second(s)

2018-09-13 15:59:54 - [TEST_STEP][PASSED] - Statement - action.longPress(550, 300).moveTo(100, 300).release().perform(): null

2018-09-13 15:59:57 - [TEST_STEP][PASSED] - delay: Delayed 8 second(s)

2018-09-13 16:00:05 - [MESSAGE][PASSED] - Delayed 8 second(s)

2018-09-13 16:00:05 - [TEST_STEP][PASSED] - Statement - action.longPress(550, 300).moveTo(100, 300).release().perform(): null

2018-09-13 16:00:07 - [TEST_STEP][PASSED] - delay: Delayed 8 second(s)

2018-09-13 16:00:15 - [MESSAGE][PASSED] - Delayed 8 second(s)

2018-09-13 16:00:15 - [TEST_STEP][PASSED] - Statement - action.longPress(550, 300).moveTo(100, 300).release().perform(): null

2018-09-13 16:00:18 - [TEST_STEP][PASSED] - delay: Delayed 8 second(s)

2018-09-13 16:00:26 - [MESSAGE][PASSED] - Delayed 8 second(s)

2018-09-13 16:00:26 - [TEST_STEP][PASSED] - waitForElementPresent: Element 'Object Repository/Splash Screen/Mulai - Button' is present

2018-09-13 16:00:26 - [MESSAGE][WARNING] - Timeout '0' is invalid. Using default page load timeout: '30'

2018-09-13 16:00:32 - [MESSAGE][PASSED] - Element 'Object Repository/Splash Screen/Mulai - Button' is present

2018-09-13 16:00:32 - [TEST_STEP][PASSED] - tap: Tapped on element 'Object Repository/Splash Screen/Mulai - Button'

2018-09-13 16:00:32 - [MESSAGE][WARNING] - Timeout '0' is invalid. Using default page load timeout: '30'

2018-09-13 16:00:38 - [MESSAGE][PASSED] - Tapped on element 'Object Repository/Splash Screen/Mulai - Button'

2018-09-13 16:00:38 - [TEST_STEP][PASSED] - comment: end Welcome Screen

2018-09-13 16:00:38 - [TEST_STEP][PASSED] - comment: LOGIN

2018-09-13 16:00:38 - [TEST_STEP][PASSED] - waitForElementPresent: Element 'Object Repository/Login/Nomor HP  Nama Pengguna - Text Box' is present

2018-09-13 16:00:44 - [MESSAGE][PASSED] - Element 'Object Repository/Login/Nomor HP  Nama Pengguna - Text Box' is present

2018-09-13 16:00:44 - [TEST_STEP][PASSED] - verifyElementAttributeValue: Object 'Object Repository/Login/Nomor HP  Nama Pengguna - Text Box' has attribute 'content-desc' with value 'LoginNameTextInput'

2018-09-13 16:00:48 - [MESSAGE][PASSED] - Object 'Object Repository/Login/Nomor HP  Nama Pengguna - Text Box' has attribute 'content-desc' with value 'LoginNameTextInput'

2018-09-13 16:00:48 - [TEST_STEP][PASSED] - setText: Text '08112233445567' has been set to element 'Object Repository/Login/Nomor HP  Nama Pengguna - Text Box'

2018-09-13 16:01:08 - [MESSAGE][PASSED] - Text '08112233445567' has been set to element 'Object Repository/Login/Nomor HP  Nama Pengguna - Text Box'

2018-09-13 16:01:08 - [TEST_STEP][PASSED] - hideKeyboard: Keyboard is hidden

2018-09-13 16:01:10 - [MESSAGE][PASSED] - Keyboard is hidden

2018-09-13 16:01:10 - [TEST_STEP][PASSED] - verifyElementText: Actual text and expected text of test object 'Object Repository/Login/Nomor HP  Nama Pengguna - Text Box' are matched.

2018-09-13 16:01:15 - [MESSAGE][PASSED] - Actual text and expected text of test object 'Object Repository/Login/Nomor HP  Nama Pengguna - Text Box' are matched.

2018-09-13 16:01:15 - [TEST_STEP][PASSED] - waitForElementPresent: Element 'Object Repository/Login/Button Masuk' is present

2018-09-13 16:01:18 - [MESSAGE][PASSED] - Element 'Object Repository/Login/Button Masuk' is present

2018-09-13 16:01:18 - [TEST_STEP][PASSED] - verifyElementAttributeValue: Object 'Object Repository/Login/Button Masuk' has attribute 'content-desc' with value 'LoginJumpNextBtn'

2018-09-13 16:01:27 - [MESSAGE][PASSED] - Object 'Object Repository/Login/Button Masuk' has attribute 'content-desc' with value 'LoginJumpNextBtn'

2018-09-13 16:01:27 - [TEST_STEP][PASSED] - tap: Tapped on element 'Object Repository/Login/Button Masuk'

2018-09-13 16:01:36 - [MESSAGE][PASSED] - Tapped on element 'Object Repository/Login/Button Masuk'

2018-09-13 16:01:36 - [TEST_STEP][PASSED] - waitForElementPresent: Element 'Object Repository/Login/Input Pin' is present

2018-09-13 16:01:40 - [MESSAGE][PASSED] - Element 'Object Repository/Login/Input Pin' is present

2018-09-13 16:01:40 - [TEST_STEP][PASSED] - verifyElementAttributeValue: Object 'Object Repository/Login/Input Pin' has attribute 'content-desc' with value 'pinCircleFocus'

2018-09-13 16:01:47 - [MESSAGE][PASSED] - Object 'Object Repository/Login/Input Pin' has attribute 'content-desc' with value 'pinCircleFocus'

2018-09-13 16:01:47 - [TEST_STEP][PASSED] - tap: Tapped on element 'Object Repository/Login/Input Pin'

2018-09-13 16:01:57 - [MESSAGE][PASSED] - Tapped on element 'Object Repository/Login/Input Pin'

2018-09-13 16:01:57 - [TEST_STEP][PASSED] - setText: Text '123456' has been set to element 'Object Repository/Login/Input Pin'

2018-09-13 16:02:20 - [MESSAGE][PASSED] - Text '123456' has been set to element 'Object Repository/Login/Input Pin'

2018-09-13 16:02:20 - [TEST_STEP][PASSED] - delay: Delayed 5 second(s)

2018-09-13 16:02:25 - [MESSAGE][PASSED] - Delayed 5 second(s)

2018-09-13 16:02:25 - [TEST_STEP][PASSED] - comment: End Login Test Case

2018-09-13 16:02:25 - [TEST_STEP][PASSED] - waitForElementPresent: Element 'Object Repository/Sidebar Menu/Biaya/HamburgerButton' is present

2018-09-13 16:02:29 - [MESSAGE][PASSED] - Element 'Object Repository/Sidebar Menu/Biaya/HamburgerButton' is present

2018-09-13 16:02:29 - [TEST_STEP][PASSED] - comment: MESIN KASIR

2018-09-13 16:02:29 - [TEST_STEP][PASSED] - verifyElementAttributeValue: Object 'Object Repository/Sidebar Menu/Biaya/HamburgerButton' has attribute 'content-desc' with value 'headerBar_button_hamburgerMenu'

2018-09-13 16:02:39 - [MESSAGE][PASSED] - Object 'Object Repository/Sidebar Menu/Biaya/HamburgerButton' has attribute 'content-desc' with value 'headerBar_button_hamburgerMenu'

2018-09-13 16:02:39 - [TEST_STEP][PASSED] - tap: Tapped on element 'Object Repository/Sidebar Menu/Biaya/HamburgerButton'

2018-09-13 16:02:47 - [MESSAGE][PASSED] - Tapped on element 'Object Repository/Sidebar Menu/Biaya/HamburgerButton'

2018-09-13 16:02:47 - [TEST_STEP][PASSED] - waitForElementPresent: Element 'Object Repository/Sidebar Menu/Mesin Kasir/Kasir/Dashboard Kasir/Kasir' is present

2018-09-13 16:02:51 - [MESSAGE][PASSED] - Element 'Object Repository/Sidebar Menu/Mesin Kasir/Kasir/Dashboard Kasir/Kasir' is present

2018-09-13 16:02:51 - [TEST_STEP][PASSED] - verifyElementAttributeValue: Object 'Object Repository/Sidebar Menu/Mesin Kasir/Kasir/Dashboard Kasir/Kasir' has attribute 'content-desc' with value 'drawerContainer_button_cashierSwitch'

2018-09-13 16:02:55 - [MESSAGE][PASSED] - Object 'Object Repository/Sidebar Menu/Mesin Kasir/Kasir/Dashboard Kasir/Kasir' has attribute 'content-desc' with value 'drawerContainer_button_cashierSwitch'

2018-09-13 16:02:55 - [TEST_STEP][PASSED] - tap: Tapped on element 'Object Repository/Sidebar Menu/Mesin Kasir/Kasir/Dashboard Kasir/Kasir'

2018-09-13 16:03:00 - [MESSAGE][PASSED] - Tapped on element 'Object Repository/Sidebar Menu/Mesin Kasir/Kasir/Dashboard Kasir/Kasir'

2018-09-13 16:03:00 - [TEST_STEP][PASSED] - waitForElementPresent: Element 'Object Repository/Sidebar Menu/Mesin Kasir/Kasir/Dashboard Kasir/ListProduk 1' is present

2018-09-13 16:03:05 - [MESSAGE][PASSED] - Element 'Object Repository/Sidebar Menu/Mesin Kasir/Kasir/Dashboard Kasir/ListProduk 1' is present

2018-09-13 16:03:05 - [TEST_STEP][PASSED] - verifyElementAttributeValue: Object 'Object Repository/Sidebar Menu/Mesin Kasir/Kasir/Dashboard Kasir/ListProduk 1' has attribute 'content-desc' with value 'productSalesItem0'

2018-09-13 16:03:13 - [MESSAGE][PASSED] - Object 'Object Repository/Sidebar Menu/Mesin Kasir/Kasir/Dashboard Kasir/ListProduk 1' has attribute 'content-desc' with value 'productSalesItem0'

2018-09-13 16:03:13 - [TEST_STEP][PASSED] - Statement - For (def index : (0..1)): Tapped on element 'Object Repository/Sidebar Menu/Mesin Kasir/Kasir/Dashboard Kasir/ListProduk 1'

2018-09-13 16:03:13 - [TEST_STEP][PASSED] - tap: Tapped on element 'Object Repository/Sidebar Menu/Mesin Kasir/Kasir/Dashboard Kasir/ListProduk 1'

2018-09-13 16:03:22 - [MESSAGE][PASSED] - Tapped on element 'Object Repository/Sidebar Menu/Mesin Kasir/Kasir/Dashboard Kasir/ListProduk 1'

2018-09-13 16:03:22 - [TEST_STEP][PASSED] - tap: Tapped on element 'Object Repository/Sidebar Menu/Mesin Kasir/Kasir/Dashboard Kasir/ListProduk 1'

2018-09-13 16:03:27 - [MESSAGE][PASSED] - Tapped on element 'Object Repository/Sidebar Menu/Mesin Kasir/Kasir/Dashboard Kasir/ListProduk 1'

2018-09-13 16:03:27 - [TEST_STEP][PASSED] - Statement - For (def index : (0..1)): Tapped on element 'Object Repository/Sidebar Menu/Mesin Kasir/Kasir/Dashboard Kasir/ListProduk 2'

2018-09-13 16:03:27 - [TEST_STEP][PASSED] - tap: Tapped on element 'Object Repository/Sidebar Menu/Mesin Kasir/Kasir/Dashboard Kasir/ListProduk 2'

2018-09-13 16:03:33 - [MESSAGE][PASSED] - Tapped on element 'Object Repository/Sidebar Menu/Mesin Kasir/Kasir/Dashboard Kasir/ListProduk 2'

2018-09-13 16:03:33 - [TEST_STEP][PASSED] - tap: Tapped on element 'Object Repository/Sidebar Menu/Mesin Kasir/Kasir/Dashboard Kasir/ListProduk 2'

2018-09-13 16:03:42 - [MESSAGE][PASSED] - Tapped on element 'Object Repository/Sidebar Menu/Mesin Kasir/Kasir/Dashboard Kasir/ListProduk 2'

2018-09-13 16:03:42 - [TEST_STEP][PASSED] - waitForElementPresent: Element 'Object Repository/Sidebar Menu/Mesin Kasir/Kasir/Estimasi Detail Pesanan/Keranjangbtn' is present

2018-09-13 16:03:45 - [MESSAGE][PASSED] - Element 'Object Repository/Sidebar Menu/Mesin Kasir/Kasir/Estimasi Detail Pesanan/Keranjangbtn' is present

2018-09-13 16:03:45 - [TEST_STEP][PASSED] - tap: Tapped on element 'Object Repository/Sidebar Menu/Mesin Kasir/Kasir/Estimasi Detail Pesanan/Keranjangbtn'

2018-09-13 16:03:49 - [MESSAGE][PASSED] - Tapped on element 'Object Repository/Sidebar Menu/Mesin Kasir/Kasir/Estimasi Detail Pesanan/Keranjangbtn'

2018-09-13 16:03:49 - [TEST_STEP][PASSED] - comment: Ringkasan Pesanan Onboarding

2018-09-13 16:03:49 - [TEST_STEP][PASSED] - waitForElementPresent: Element 'Object Repository/Sidebar Menu/Mesin Kasir/Kasir/Ringkasan Pesanan/Diskon Tambahan/Tambah_Diskon' is present

2018-09-13 16:03:58 - [MESSAGE][PASSED] - Element 'Object Repository/Sidebar Menu/Mesin Kasir/Kasir/Ringkasan Pesanan/Diskon Tambahan/Tambah_Diskon' is present

2018-09-13 16:03:58 - [TEST_STEP][PASSED] - verifyElementAttributeValue: Object 'Object Repository/Sidebar Menu/Mesin Kasir/Kasir/Ringkasan Pesanan/Diskon Tambahan/Tambah_Diskon' has attribute 'content-desc' with value 'asubtotal_atext_additional_discount'

2018-09-13 16:04:02 - [MESSAGE][PASSED] - Object 'Object Repository/Sidebar Menu/Mesin Kasir/Kasir/Ringkasan Pesanan/Diskon Tambahan/Tambah_Diskon' has attribute 'content-desc' with value 'asubtotal_atext_additional_discount'

2018-09-13 16:04:02 - [TEST_STEP][PASSED] - verifyElementVisible: Element 'Object Repository/Sidebar Menu/Mesin Kasir/Kasir/Ringkasan Pesanan/Diskon Tambahan/Tambah_Diskon' is visible

2018-09-13 16:04:07 - [MESSAGE][PASSED] - Element 'Object Repository/Sidebar Menu/Mesin Kasir/Kasir/Ringkasan Pesanan/Diskon Tambahan/Tambah_Diskon' is visible

2018-09-13 16:04:07 - [TEST_STEP][PASSED] - waitForElementPresent: Element 'Object Repository/Sidebar Menu/Mesin Kasir/Kasir/Ringkasan Pesanan/Biaya Tambahan/Tambah_Biaya' is present

2018-09-13 16:04:10 - [MESSAGE][PASSED] - Element 'Object Repository/Sidebar Menu/Mesin Kasir/Kasir/Ringkasan Pesanan/Biaya Tambahan/Tambah_Biaya' is present

2018-09-13 16:04:10 - [TEST_STEP][PASSED] - verifyElementAttributeValue: Object 'Object Repository/Sidebar Menu/Mesin Kasir/Kasir/Ringkasan Pesanan/Biaya Tambahan/Tambah_Biaya' has attribute 'content-desc' with value 'asubtotal_abutton_additional_cost'

2018-09-13 16:04:14 - [MESSAGE][PASSED] - Object 'Object Repository/Sidebar Menu/Mesin Kasir/Kasir/Ringkasan Pesanan/Biaya Tambahan/Tambah_Biaya' has attribute 'content-desc' with value 'asubtotal_abutton_additional_cost'

2018-09-13 16:04:14 - [TEST_STEP][PASSED] - tap: Tapped on element 'Object Repository/Sidebar Menu/Mesin Kasir/Kasir/Ringkasan Pesanan/Biaya Tambahan/Tambah_Biaya'

2018-09-13 16:04:22 - [MESSAGE][PASSED] - Tapped on element 'Object Repository/Sidebar Menu/Mesin Kasir/Kasir/Ringkasan Pesanan/Biaya Tambahan/Tambah_Biaya'

2018-09-13 16:04:22 - [TEST_STEP][PASSED] - waitForElementPresent: Element 'Object Repository/Sidebar Menu/Mesin Kasir/Kasir/Ringkasan Pesanan/Biaya Tambahan/TambahBiaya - JudulDropdown' is present

2018-09-13 16:04:26 - [MESSAGE][PASSED] - Element 'Object Repository/Sidebar Menu/Mesin Kasir/Kasir/Ringkasan Pesanan/Biaya Tambahan/TambahBiaya - JudulDropdown' is present

2018-09-13 16:04:26 - [TEST_STEP][PASSED] - verifyElementAttributeValue: Object 'Object Repository/Sidebar Menu/Mesin Kasir/Kasir/Ringkasan Pesanan/Biaya Tambahan/TambahBiaya - JudulDropdown' has attribute 'content-desc' with value 'additionalCost_icon_costType'

2018-09-13 16:04:30 - [MESSAGE][PASSED] - Object 'Object Repository/Sidebar Menu/Mesin Kasir/Kasir/Ringkasan Pesanan/Biaya Tambahan/TambahBiaya - JudulDropdown' has attribute 'content-desc' with value 'additionalCost_icon_costType'

2018-09-13 16:04:30 - [TEST_STEP][PASSED] - tap: Tapped on element 'Object Repository/Sidebar Menu/Mesin Kasir/Kasir/Ringkasan Pesanan/Biaya Tambahan/TambahBiaya - JudulDropdown'

2018-09-13 16:04:34 - [MESSAGE][PASSED] - Tapped on element 'Object Repository/Sidebar Menu/Mesin Kasir/Kasir/Ringkasan Pesanan/Biaya Tambahan/TambahBiaya - JudulDropdown'

2018-09-13 16:04:34 - [TEST_STEP][PASSED] - waitForElementPresent: Element 'Object Repository/Sidebar Menu/Mesin Kasir/Kasir/Ringkasan Pesanan/Biaya Tambahan/TambahBiaya - JudulList2' is present

2018-09-13 16:04:38 - [MESSAGE][PASSED] - Element 'Object Repository/Sidebar Menu/Mesin Kasir/Kasir/Ringkasan Pesanan/Biaya Tambahan/TambahBiaya - JudulList2' is present

2018-09-13 16:04:38 - [TEST_STEP][PASSED] - verifyElementAttributeValue: Object 'Object Repository/Sidebar Menu/Mesin Kasir/Kasir/Ringkasan Pesanan/Biaya Tambahan/TambahBiaya - JudulList2' has attribute 'content-desc' with value 'additionalCost_text_costType_1'

2018-09-13 16:04:42 - [MESSAGE][PASSED] - Object 'Object Repository/Sidebar Menu/Mesin Kasir/Kasir/Ringkasan Pesanan/Biaya Tambahan/TambahBiaya - JudulList2' has attribute 'content-desc' with value 'additionalCost_text_costType_1'

2018-09-13 16:04:42 - [TEST_STEP][PASSED] - tap: Tapped on element 'Object Repository/Sidebar Menu/Mesin Kasir/Kasir/Ringkasan Pesanan/Biaya Tambahan/TambahBiaya - JudulList2'

2018-09-13 16:04:48 - [MESSAGE][PASSED] - Tapped on element 'Object Repository/Sidebar Menu/Mesin Kasir/Kasir/Ringkasan Pesanan/Biaya Tambahan/TambahBiaya - JudulList2'

2018-09-13 16:04:48 - [TEST_STEP][PASSED] - waitForElementPresent: Element 'Object Repository/Sidebar Menu/Mesin Kasir/Kasir/Ringkasan Pesanan/Biaya Tambahan/TambahBiaya - BiayaEditTxt' is present

2018-09-13 16:04:50 - [MESSAGE][PASSED] - Element 'Object Repository/Sidebar Menu/Mesin Kasir/Kasir/Ringkasan Pesanan/Biaya Tambahan/TambahBiaya - BiayaEditTxt' is present

2018-09-13 16:04:50 - [TEST_STEP][PASSED] - verifyElementAttributeValue: Object 'Object Repository/Sidebar Menu/Mesin Kasir/Kasir/Ringkasan Pesanan/Biaya Tambahan/TambahBiaya - BiayaEditTxt' has attribute 'content-desc' with value 'additionalCost_input_costAmount'

2018-09-13 16:04:57 - [MESSAGE][PASSED] - Object 'Object Repository/Sidebar Menu/Mesin Kasir/Kasir/Ringkasan Pesanan/Biaya Tambahan/TambahBiaya - BiayaEditTxt' has attribute 'content-desc' with value 'additionalCost_input_costAmount'

2018-09-13 16:04:57 - [TEST_STEP][PASSED] - setText: Text '2000' has been set to element 'Object Repository/Sidebar Menu/Mesin Kasir/Kasir/Ringkasan Pesanan/Biaya Tambahan/TambahBiaya - BiayaEditTxt'

2018-09-13 16:05:12 - [MESSAGE][PASSED] - Text '2000' has been set to element 'Object Repository/Sidebar Menu/Mesin Kasir/Kasir/Ringkasan Pesanan/Biaya Tambahan/TambahBiaya - BiayaEditTxt'

2018-09-13 16:05:12 - [TEST_STEP][PASSED] - hideKeyboard: Keyboard is hidden

2018-09-13 16:05:13 - [MESSAGE][PASSED] - Keyboard is hidden

2018-09-13 16:05:13 - [TEST_STEP][PASSED] - waitForElementPresent: Element 'Object Repository/Sidebar Menu/Mesin Kasir/Kasir/Ringkasan Pesanan/Biaya Tambahan/TambahBiaya - SIMPANbtn' is present

2018-09-13 16:05:20 - [MESSAGE][PASSED] - Element 'Object Repository/Sidebar Menu/Mesin Kasir/Kasir/Ringkasan Pesanan/Biaya Tambahan/TambahBiaya - SIMPANbtn' is present

2018-09-13 16:05:20 - [TEST_STEP][PASSED] - verifyElementAttributeValue: Object 'Object Repository/Sidebar Menu/Mesin Kasir/Kasir/Ringkasan Pesanan/Biaya Tambahan/TambahBiaya - SIMPANbtn' has attribute 'content-desc' with value 'additionalCost_button_saveCost'

2018-09-13 16:05:25 - [MESSAGE][PASSED] - Object 'Object Repository/Sidebar Menu/Mesin Kasir/Kasir/Ringkasan Pesanan/Biaya Tambahan/TambahBiaya - SIMPANbtn' has attribute 'content-desc' with value 'additionalCost_button_saveCost'

2018-09-13 16:05:25 - [TEST_STEP][PASSED] - tap: Tapped on element 'Object Repository/Sidebar Menu/Mesin Kasir/Kasir/Ringkasan Pesanan/Biaya Tambahan/TambahBiaya - SIMPANbtn'

2018-09-13 16:05:30 - [MESSAGE][PASSED] - Tapped on element 'Object Repository/Sidebar Menu/Mesin Kasir/Kasir/Ringkasan Pesanan/Biaya Tambahan/TambahBiaya - SIMPANbtn'

2018-09-13 16:05:30 - [TEST_STEP][PASSED] - comment: Edit Biaya Tambahan

2018-09-13 16:05:30 - [TEST_STEP][PASSED] - waitForElementPresent: Element 'Object Repository/Sidebar Menu/Mesin Kasir/Kasir/Ringkasan Pesanan/Biaya Tambahan/Tambah_Biaya' is present

2018-09-13 16:05:34 - [MESSAGE][PASSED] - Element 'Object Repository/Sidebar Menu/Mesin Kasir/Kasir/Ringkasan Pesanan/Biaya Tambahan/Tambah_Biaya' is present

2018-09-13 16:05:34 - [TEST_STEP][PASSED] - verifyElementAttributeValue: Object 'Object Repository/Sidebar Menu/Mesin Kasir/Kasir/Ringkasan Pesanan/Biaya Tambahan/Tambah_Biaya' has attribute 'content-desc' with value 'asubtotal_abutton_additional_cost'

2018-09-13 16:05:38 - [MESSAGE][PASSED] - Object 'Object Repository/Sidebar Menu/Mesin Kasir/Kasir/Ringkasan Pesanan/Biaya Tambahan/Tambah_Biaya' has attribute 'content-desc' with value 'asubtotal_abutton_additional_cost'

2018-09-13 16:05:38 - [TEST_STEP][PASSED] - tap: Tapped on element 'Object Repository/Sidebar Menu/Mesin Kasir/Kasir/Ringkasan Pesanan/Biaya Tambahan/Tambah_Biaya'

2018-09-13 16:05:42 - [MESSAGE][PASSED] - Tapped on element 'Object Repository/Sidebar Menu/Mesin Kasir/Kasir/Ringkasan Pesanan/Biaya Tambahan/Tambah_Biaya'

2018-09-13 16:05:42 - [TEST_STEP][PASSED] - waitForElementPresent: Element 'Object Repository/Sidebar Menu/Mesin Kasir/Kasir/Ringkasan Pesanan/Biaya Tambahan/TambahBiaya - JudulDropdown' is present

2018-09-13 16:05:50 - [MESSAGE][PASSED] - Element 'Object Repository/Sidebar Menu/Mesin Kasir/Kasir/Ringkasan Pesanan/Biaya Tambahan/TambahBiaya - JudulDropdown' is present

2018-09-13 16:05:50 - [TEST_STEP][PASSED] - verifyElementAttributeValue: Object 'Object Repository/Sidebar Menu/Mesin Kasir/Kasir/Ringkasan Pesanan/Biaya Tambahan/TambahBiaya - JudulDropdown' has attribute 'content-desc' with value 'additionalCost_icon_costType'

2018-09-13 16:05:54 - [MESSAGE][PASSED] - Object 'Object Repository/Sidebar Menu/Mesin Kasir/Kasir/Ringkasan Pesanan/Biaya Tambahan/TambahBiaya - JudulDropdown' has attribute 'content-desc' with value 'additionalCost_icon_costType'

2018-09-13 16:05:54 - [TEST_STEP][PASSED] - tap: Tapped on element 'Object Repository/Sidebar Menu/Mesin Kasir/Kasir/Ringkasan Pesanan/Biaya Tambahan/TambahBiaya - JudulDropdown'

2018-09-13 16:05:59 - [MESSAGE][PASSED] - Tapped on element 'Object Repository/Sidebar Menu/Mesin Kasir/Kasir/Ringkasan Pesanan/Biaya Tambahan/TambahBiaya - JudulDropdown'

2018-09-13 16:05:59 - [TEST_STEP][PASSED] - waitForElementPresent: Element 'Object Repository/Sidebar Menu/Mesin Kasir/Kasir/Ringkasan Pesanan/Biaya Tambahan/TambahBiaya - JudulList1' is present

2018-09-13 16:06:04 - [MESSAGE][PASSED] - Element 'Object Repository/Sidebar Menu/Mesin Kasir/Kasir/Ringkasan Pesanan/Biaya Tambahan/TambahBiaya - JudulList1' is present

2018-09-13 16:06:04 - [TEST_STEP][PASSED] - verifyElementAttributeValue: Object 'Object Repository/Sidebar Menu/Mesin Kasir/Kasir/Ringkasan Pesanan/Biaya Tambahan/TambahBiaya - JudulList1' has attribute 'content-desc' with value 'additionalCost_text_costType_0'

2018-09-13 16:06:08 - [MESSAGE][PASSED] - Object 'Object Repository/Sidebar Menu/Mesin Kasir/Kasir/Ringkasan Pesanan/Biaya Tambahan/TambahBiaya - JudulList1' has attribute 'content-desc' with value 'additionalCost_text_costType_0'

2018-09-13 16:06:08 - [TEST_STEP][PASSED] - tap: Tapped on element 'Object Repository/Sidebar Menu/Mesin Kasir/Kasir/Ringkasan Pesanan/Biaya Tambahan/TambahBiaya - JudulList1'

2018-09-13 16:06:14 - [MESSAGE][PASSED] - Tapped on element 'Object Repository/Sidebar Menu/Mesin Kasir/Kasir/Ringkasan Pesanan/Biaya Tambahan/TambahBiaya - JudulList1'

2018-09-13 16:06:14 - [TEST_STEP][PASSED] - waitForElementPresent: Element 'Object Repository/Sidebar Menu/Mesin Kasir/Kasir/Ringkasan Pesanan/Biaya Tambahan/TambahBiaya - BiayaEditTxt' is present

2018-09-13 16:06:20 - [MESSAGE][PASSED] - Element 'Object Repository/Sidebar Menu/Mesin Kasir/Kasir/Ringkasan Pesanan/Biaya Tambahan/TambahBiaya - BiayaEditTxt' is present

2018-09-13 16:06:20 - [TEST_STEP][PASSED] - verifyElementAttributeValue: Object 'Object Repository/Sidebar Menu/Mesin Kasir/Kasir/Ringkasan Pesanan/Biaya Tambahan/TambahBiaya - BiayaEditTxt' has attribute 'content-desc' with value 'additionalCost_input_costAmount'

2018-09-13 16:06:28 - [MESSAGE][PASSED] - Object 'Object Repository/Sidebar Menu/Mesin Kasir/Kasir/Ringkasan Pesanan/Biaya Tambahan/TambahBiaya - BiayaEditTxt' has attribute 'content-desc' with value 'additionalCost_input_costAmount'

2018-09-13 16:06:28 - [TEST_STEP][PASSED] - clearText: Element 'Object Repository/Sidebar Menu/Mesin Kasir/Kasir/Ringkasan Pesanan/Biaya Tambahan/TambahBiaya - BiayaEditTxt' text is cleared

2018-09-13 16:06:34 - [MESSAGE][PASSED] - Element 'Object Repository/Sidebar Menu/Mesin Kasir/Kasir/Ringkasan Pesanan/Biaya Tambahan/TambahBiaya - BiayaEditTxt' text is cleared

2018-09-13 16:06:34 - [TEST_STEP][PASSED] - setText: Text '50000' has been set to element 'Object Repository/Sidebar Menu/Mesin Kasir/Kasir/Ringkasan Pesanan/Biaya Tambahan/TambahBiaya - BiayaEditTxt'

2018-09-13 16:06:57 - [MESSAGE][PASSED] - Text '50000' has been set to element 'Object Repository/Sidebar Menu/Mesin Kasir/Kasir/Ringkasan Pesanan/Biaya Tambahan/TambahBiaya - BiayaEditTxt'

2018-09-13 16:06:57 - [TEST_STEP][PASSED] - hideKeyboard: Keyboard is hidden

2018-09-13 16:06:59 - [MESSAGE][PASSED] - Keyboard is hidden

2018-09-13 16:06:59 - [TEST_STEP][PASSED] - verifyElementText: Actual text and expected text of test object 'Object Repository/Sidebar Menu/Mesin Kasir/Kasir/Ringkasan Pesanan/Biaya Tambahan/TambahBiaya - BiayaEditTxt' are matched.

2018-09-13 16:07:03 - [MESSAGE][PASSED] - Actual text and expected text of test object 'Object Repository/Sidebar Menu/Mesin Kasir/Kasir/Ringkasan Pesanan/Biaya Tambahan/TambahBiaya - BiayaEditTxt' are matched.

2018-09-13 16:07:03 - [TEST_STEP][PASSED] - waitForElementPresent: Element 'Object Repository/Sidebar Menu/Mesin Kasir/Kasir/Ringkasan Pesanan/Biaya Tambahan/TambahBiaya - SIMPANbtn' is present

2018-09-13 16:07:07 - [MESSAGE][PASSED] - Element 'Object Repository/Sidebar Menu/Mesin Kasir/Kasir/Ringkasan Pesanan/Biaya Tambahan/TambahBiaya - SIMPANbtn' is present

2018-09-13 16:07:07 - [TEST_STEP][PASSED] - verifyElementAttributeValue: Object 'Object Repository/Sidebar Menu/Mesin Kasir/Kasir/Ringkasan Pesanan/Biaya Tambahan/TambahBiaya - SIMPANbtn' has attribute 'content-desc' with value 'additionalCost_button_saveCost'

2018-09-13 16:07:11 - [MESSAGE][PASSED] - Object 'Object Repository/Sidebar Menu/Mesin Kasir/Kasir/Ringkasan Pesanan/Biaya Tambahan/TambahBiaya - SIMPANbtn' has attribute 'content-desc' with value 'additionalCost_button_saveCost'

2018-09-13 16:07:11 - [TEST_STEP][PASSED] - tap: Tapped on element 'Object Repository/Sidebar Menu/Mesin Kasir/Kasir/Ringkasan Pesanan/Biaya Tambahan/TambahBiaya - SIMPANbtn'

2018-09-13 16:07:17 - [MESSAGE][PASSED] - Tapped on element 'Object Repository/Sidebar Menu/Mesin Kasir/Kasir/Ringkasan Pesanan/Biaya Tambahan/TambahBiaya - SIMPANbtn'

2018-09-13 16:07:17 - [TEST_STEP][PASSED] - closeApplication: Close app successfully

2018-09-13 16:07:24 - [MESSAGE][PASSED] - Close app successfully]]></system-out>
         <system-err><![CDATA[]]></system-err>
      </testcase>
      <testcase name="Test Cases/Release 3 - Squad Hades/Sprint 1/Story 1770 - Additional Biaya Tambahan in shoopping cart/TC 4 - Select Ongkos Kirim from Biaya Tambahan droplist" classname="Test Cases/Release 3 - Squad Hades/Sprint 1/Story 1770 - Additional Biaya Tambahan in shoopping cart/TC 4 - Select Ongkos Kirim from Biaya Tambahan droplist" status="PASSED">
         <system-out><![CDATA[2018-09-13 16:07:26 - [TEST_CASE][PASSED] - Test Cases/Release 3 - Squad Hades/Sprint 1/Story 1770 - Additional Biaya Tambahan in shoopping cart/TC 4 - Select Ongkos Kirim from Biaya Tambahan droplist: Test Cases/Release 3 - Squad Hades/Sprint 1/Story 1770 - Additional Biaya Tambahan in shoopping cart/TC 4 - Select Ongkos Kirim from Biaya Tambahan droplist

2018-09-13 16:07:27 - [TEST_STEP][PASSED] - comment: WELCOME SCREEN

2018-09-13 16:07:27 - [TEST_STEP][PASSED] - Statement - apkPath = apkName: null

2018-09-13 16:07:27 - [TEST_STEP][PASSED] - startApplication: Started app at: 'C:\Users\AV2017005903\Documents\apollo-automation\12 September.apk'

2018-09-13 16:08:08 - [MESSAGE][PASSED] - Started app at: 'C:\Users\AV2017005903\Documents\apollo-automation\12 September.apk'

2018-09-13 16:08:08 - [TEST_STEP][PASSED] - delay: Delayed 15 second(s)

2018-09-13 16:08:23 - [MESSAGE][PASSED] - Delayed 15 second(s)

2018-09-13 16:08:23 - [TEST_STEP][PASSED] - Comment - "If there is a Update TopuUp, click No, Else you can delay for waiting lazyload ": null

2018-09-13 16:08:23 - [TEST_STEP][PASSED] - Statement - driver = com.kms.katalon.core.mobile.keyword.internal.MobileDriverFactory.getDriver(): null

2018-09-13 16:08:23 - [TEST_STEP][PASSED] - Statement - action = new io.appium.java_client.TouchAction(driver): null

2018-09-13 16:08:23 - [TEST_STEP][PASSED] - Statement - action.longPress(550, 300).moveTo(100, 300).release().perform(): null

2018-09-13 16:08:26 - [TEST_STEP][PASSED] - delay: Delayed 8 second(s)

2018-09-13 16:08:34 - [MESSAGE][PASSED] - Delayed 8 second(s)

2018-09-13 16:08:34 - [TEST_STEP][PASSED] - Statement - action.longPress(550, 300).moveTo(100, 300).release().perform(): null

2018-09-13 16:08:36 - [TEST_STEP][PASSED] - delay: Delayed 8 second(s)

2018-09-13 16:08:44 - [MESSAGE][PASSED] - Delayed 8 second(s)

2018-09-13 16:08:44 - [TEST_STEP][PASSED] - Statement - action.longPress(550, 300).moveTo(100, 300).release().perform(): null

2018-09-13 16:08:47 - [TEST_STEP][PASSED] - delay: Delayed 8 second(s)

2018-09-13 16:08:55 - [MESSAGE][PASSED] - Delayed 8 second(s)

2018-09-13 16:08:55 - [TEST_STEP][PASSED] - Statement - action.longPress(550, 300).moveTo(100, 300).release().perform(): null

2018-09-13 16:08:58 - [TEST_STEP][PASSED] - delay: Delayed 8 second(s)

2018-09-13 16:09:06 - [MESSAGE][PASSED] - Delayed 8 second(s)

2018-09-13 16:09:06 - [TEST_STEP][PASSED] - waitForElementPresent: Element 'Object Repository/Splash Screen/Mulai - Button' is present

2018-09-13 16:09:06 - [MESSAGE][WARNING] - Timeout '0' is invalid. Using default page load timeout: '30'

2018-09-13 16:09:08 - [MESSAGE][PASSED] - Element 'Object Repository/Splash Screen/Mulai - Button' is present

2018-09-13 16:09:08 - [TEST_STEP][PASSED] - tap: Tapped on element 'Object Repository/Splash Screen/Mulai - Button'

2018-09-13 16:09:08 - [MESSAGE][WARNING] - Timeout '0' is invalid. Using default page load timeout: '30'

2018-09-13 16:09:14 - [MESSAGE][PASSED] - Tapped on element 'Object Repository/Splash Screen/Mulai - Button'

2018-09-13 16:09:14 - [TEST_STEP][PASSED] - comment: end Welcome Screen

2018-09-13 16:09:14 - [TEST_STEP][PASSED] - comment: LOGIN

2018-09-13 16:09:14 - [TEST_STEP][PASSED] - waitForElementPresent: Element 'Object Repository/Login/Nomor HP  Nama Pengguna - Text Box' is present

2018-09-13 16:09:17 - [MESSAGE][PASSED] - Element 'Object Repository/Login/Nomor HP  Nama Pengguna - Text Box' is present

2018-09-13 16:09:17 - [TEST_STEP][PASSED] - verifyElementAttributeValue: Object 'Object Repository/Login/Nomor HP  Nama Pengguna - Text Box' has attribute 'content-desc' with value 'LoginNameTextInput'

2018-09-13 16:09:25 - [MESSAGE][PASSED] - Object 'Object Repository/Login/Nomor HP  Nama Pengguna - Text Box' has attribute 'content-desc' with value 'LoginNameTextInput'

2018-09-13 16:09:25 - [TEST_STEP][PASSED] - setText: Text '08112233445567' has been set to element 'Object Repository/Login/Nomor HP  Nama Pengguna - Text Box'

2018-09-13 16:09:48 - [MESSAGE][PASSED] - Text '08112233445567' has been set to element 'Object Repository/Login/Nomor HP  Nama Pengguna - Text Box'

2018-09-13 16:09:48 - [TEST_STEP][PASSED] - hideKeyboard: Keyboard is hidden

2018-09-13 16:09:49 - [MESSAGE][PASSED] - Keyboard is hidden

2018-09-13 16:09:50 - [TEST_STEP][PASSED] - verifyElementText: Actual text and expected text of test object 'Object Repository/Login/Nomor HP  Nama Pengguna - Text Box' are matched.

2018-09-13 16:09:53 - [MESSAGE][PASSED] - Actual text and expected text of test object 'Object Repository/Login/Nomor HP  Nama Pengguna - Text Box' are matched.

2018-09-13 16:09:53 - [TEST_STEP][PASSED] - waitForElementPresent: Element 'Object Repository/Login/Button Masuk' is present

2018-09-13 16:09:57 - [MESSAGE][PASSED] - Element 'Object Repository/Login/Button Masuk' is present

2018-09-13 16:09:57 - [TEST_STEP][PASSED] - verifyElementAttributeValue: Object 'Object Repository/Login/Button Masuk' has attribute 'content-desc' with value 'LoginJumpNextBtn'

2018-09-13 16:10:04 - [MESSAGE][PASSED] - Object 'Object Repository/Login/Button Masuk' has attribute 'content-desc' with value 'LoginJumpNextBtn'

2018-09-13 16:10:04 - [TEST_STEP][PASSED] - tap: Tapped on element 'Object Repository/Login/Button Masuk'

2018-09-13 16:10:13 - [MESSAGE][PASSED] - Tapped on element 'Object Repository/Login/Button Masuk'

2018-09-13 16:10:13 - [TEST_STEP][PASSED] - waitForElementPresent: Element 'Object Repository/Login/Input Pin' is present

2018-09-13 16:10:17 - [MESSAGE][PASSED] - Element 'Object Repository/Login/Input Pin' is present

2018-09-13 16:10:17 - [TEST_STEP][PASSED] - verifyElementAttributeValue: Object 'Object Repository/Login/Input Pin' has attribute 'content-desc' with value 'pinCircleFocus'

2018-09-13 16:10:21 - [MESSAGE][PASSED] - Object 'Object Repository/Login/Input Pin' has attribute 'content-desc' with value 'pinCircleFocus'

2018-09-13 16:10:21 - [TEST_STEP][PASSED] - tap: Tapped on element 'Object Repository/Login/Input Pin'

2018-09-13 16:10:29 - [MESSAGE][PASSED] - Tapped on element 'Object Repository/Login/Input Pin'

2018-09-13 16:10:29 - [TEST_STEP][PASSED] - setText: Text '123456' has been set to element 'Object Repository/Login/Input Pin'

2018-09-13 16:10:47 - [MESSAGE][PASSED] - Text '123456' has been set to element 'Object Repository/Login/Input Pin'

2018-09-13 16:10:47 - [TEST_STEP][PASSED] - delay: Delayed 5 second(s)

2018-09-13 16:10:52 - [MESSAGE][PASSED] - Delayed 5 second(s)

2018-09-13 16:10:52 - [TEST_STEP][PASSED] - comment: End Login Test Case

2018-09-13 16:10:52 - [TEST_STEP][PASSED] - waitForElementPresent: Element 'Object Repository/Sidebar Menu/Biaya/HamburgerButton' is present

2018-09-13 16:10:56 - [MESSAGE][PASSED] - Element 'Object Repository/Sidebar Menu/Biaya/HamburgerButton' is present

2018-09-13 16:10:56 - [TEST_STEP][PASSED] - comment: MESIN KASIR

2018-09-13 16:10:56 - [TEST_STEP][PASSED] - verifyElementAttributeValue: Object 'Object Repository/Sidebar Menu/Biaya/HamburgerButton' has attribute 'content-desc' with value 'headerBar_button_hamburgerMenu'

2018-09-13 16:11:00 - [MESSAGE][PASSED] - Object 'Object Repository/Sidebar Menu/Biaya/HamburgerButton' has attribute 'content-desc' with value 'headerBar_button_hamburgerMenu'

2018-09-13 16:11:00 - [TEST_STEP][PASSED] - tap: Tapped on element 'Object Repository/Sidebar Menu/Biaya/HamburgerButton'

2018-09-13 16:11:05 - [MESSAGE][PASSED] - Tapped on element 'Object Repository/Sidebar Menu/Biaya/HamburgerButton'

2018-09-13 16:11:05 - [TEST_STEP][PASSED] - waitForElementPresent: Element 'Object Repository/Sidebar Menu/Mesin Kasir/Kasir/Dashboard Kasir/Kasir' is present

2018-09-13 16:11:09 - [MESSAGE][PASSED] - Element 'Object Repository/Sidebar Menu/Mesin Kasir/Kasir/Dashboard Kasir/Kasir' is present

2018-09-13 16:11:09 - [TEST_STEP][PASSED] - verifyElementAttributeValue: Object 'Object Repository/Sidebar Menu/Mesin Kasir/Kasir/Dashboard Kasir/Kasir' has attribute 'content-desc' with value 'drawerContainer_button_cashierSwitch'

2018-09-13 16:11:13 - [MESSAGE][PASSED] - Object 'Object Repository/Sidebar Menu/Mesin Kasir/Kasir/Dashboard Kasir/Kasir' has attribute 'content-desc' with value 'drawerContainer_button_cashierSwitch'

2018-09-13 16:11:13 - [TEST_STEP][PASSED] - tap: Tapped on element 'Object Repository/Sidebar Menu/Mesin Kasir/Kasir/Dashboard Kasir/Kasir'

2018-09-13 16:11:18 - [MESSAGE][PASSED] - Tapped on element 'Object Repository/Sidebar Menu/Mesin Kasir/Kasir/Dashboard Kasir/Kasir'

2018-09-13 16:11:18 - [TEST_STEP][PASSED] - waitForElementPresent: Element 'Object Repository/Sidebar Menu/Mesin Kasir/Kasir/Dashboard Kasir/ListProduk 1' is present

2018-09-13 16:11:22 - [MESSAGE][PASSED] - Element 'Object Repository/Sidebar Menu/Mesin Kasir/Kasir/Dashboard Kasir/ListProduk 1' is present

2018-09-13 16:11:22 - [TEST_STEP][PASSED] - verifyElementAttributeValue: Object 'Object Repository/Sidebar Menu/Mesin Kasir/Kasir/Dashboard Kasir/ListProduk 1' has attribute 'content-desc' with value 'productSalesItem0'

2018-09-13 16:11:27 - [MESSAGE][PASSED] - Object 'Object Repository/Sidebar Menu/Mesin Kasir/Kasir/Dashboard Kasir/ListProduk 1' has attribute 'content-desc' with value 'productSalesItem0'

2018-09-13 16:11:27 - [TEST_STEP][PASSED] - Statement - For (def index : (0..1)): Tapped on element 'Object Repository/Sidebar Menu/Mesin Kasir/Kasir/Dashboard Kasir/ListProduk 1'

2018-09-13 16:11:27 - [TEST_STEP][PASSED] - tap: Tapped on element 'Object Repository/Sidebar Menu/Mesin Kasir/Kasir/Dashboard Kasir/ListProduk 1'

2018-09-13 16:11:33 - [MESSAGE][PASSED] - Tapped on element 'Object Repository/Sidebar Menu/Mesin Kasir/Kasir/Dashboard Kasir/ListProduk 1'

2018-09-13 16:11:33 - [TEST_STEP][PASSED] - tap: Tapped on element 'Object Repository/Sidebar Menu/Mesin Kasir/Kasir/Dashboard Kasir/ListProduk 1'

2018-09-13 16:11:38 - [MESSAGE][PASSED] - Tapped on element 'Object Repository/Sidebar Menu/Mesin Kasir/Kasir/Dashboard Kasir/ListProduk 1'

2018-09-13 16:11:38 - [TEST_STEP][PASSED] - Statement - For (def index : (0..1)): Tapped on element 'Object Repository/Sidebar Menu/Mesin Kasir/Kasir/Dashboard Kasir/ListProduk 2'

2018-09-13 16:11:38 - [TEST_STEP][PASSED] - tap: Tapped on element 'Object Repository/Sidebar Menu/Mesin Kasir/Kasir/Dashboard Kasir/ListProduk 2'

2018-09-13 16:11:48 - [MESSAGE][PASSED] - Tapped on element 'Object Repository/Sidebar Menu/Mesin Kasir/Kasir/Dashboard Kasir/ListProduk 2'

2018-09-13 16:11:48 - [TEST_STEP][PASSED] - tap: Tapped on element 'Object Repository/Sidebar Menu/Mesin Kasir/Kasir/Dashboard Kasir/ListProduk 2'

2018-09-13 16:11:54 - [MESSAGE][PASSED] - Tapped on element 'Object Repository/Sidebar Menu/Mesin Kasir/Kasir/Dashboard Kasir/ListProduk 2'

2018-09-13 16:11:54 - [TEST_STEP][PASSED] - waitForElementPresent: Element 'Object Repository/Sidebar Menu/Mesin Kasir/Kasir/Estimasi Detail Pesanan/Keranjangbtn' is present

2018-09-13 16:11:57 - [MESSAGE][PASSED] - Element 'Object Repository/Sidebar Menu/Mesin Kasir/Kasir/Estimasi Detail Pesanan/Keranjangbtn' is present

2018-09-13 16:11:57 - [TEST_STEP][PASSED] - tap: Tapped on element 'Object Repository/Sidebar Menu/Mesin Kasir/Kasir/Estimasi Detail Pesanan/Keranjangbtn'

2018-09-13 16:12:01 - [MESSAGE][PASSED] - Tapped on element 'Object Repository/Sidebar Menu/Mesin Kasir/Kasir/Estimasi Detail Pesanan/Keranjangbtn'

2018-09-13 16:12:01 - [TEST_STEP][PASSED] - comment: Ringkasan Pesanan Onboarding

2018-09-13 16:12:01 - [TEST_STEP][PASSED] - waitForElementPresent: Element 'Object Repository/Sidebar Menu/Mesin Kasir/Kasir/Ringkasan Pesanan/Diskon Tambahan/Tambah_Diskon' is present

2018-09-13 16:12:10 - [MESSAGE][PASSED] - Element 'Object Repository/Sidebar Menu/Mesin Kasir/Kasir/Ringkasan Pesanan/Diskon Tambahan/Tambah_Diskon' is present

2018-09-13 16:12:10 - [TEST_STEP][PASSED] - verifyElementAttributeValue: Object 'Object Repository/Sidebar Menu/Mesin Kasir/Kasir/Ringkasan Pesanan/Diskon Tambahan/Tambah_Diskon' has attribute 'content-desc' with value 'asubtotal_atext_additional_discount'

2018-09-13 16:12:16 - [MESSAGE][PASSED] - Object 'Object Repository/Sidebar Menu/Mesin Kasir/Kasir/Ringkasan Pesanan/Diskon Tambahan/Tambah_Diskon' has attribute 'content-desc' with value 'asubtotal_atext_additional_discount'

2018-09-13 16:12:16 - [TEST_STEP][PASSED] - verifyElementVisible: Element 'Object Repository/Sidebar Menu/Mesin Kasir/Kasir/Ringkasan Pesanan/Diskon Tambahan/Tambah_Diskon' is visible

2018-09-13 16:12:20 - [MESSAGE][PASSED] - Element 'Object Repository/Sidebar Menu/Mesin Kasir/Kasir/Ringkasan Pesanan/Diskon Tambahan/Tambah_Diskon' is visible

2018-09-13 16:12:20 - [TEST_STEP][PASSED] - waitForElementPresent: Element 'Object Repository/Sidebar Menu/Mesin Kasir/Kasir/Ringkasan Pesanan/Biaya Tambahan/Tambah_Biaya' is present

2018-09-13 16:12:22 - [MESSAGE][PASSED] - Element 'Object Repository/Sidebar Menu/Mesin Kasir/Kasir/Ringkasan Pesanan/Biaya Tambahan/Tambah_Biaya' is present

2018-09-13 16:12:22 - [TEST_STEP][PASSED] - verifyElementAttributeValue: Object 'Object Repository/Sidebar Menu/Mesin Kasir/Kasir/Ringkasan Pesanan/Biaya Tambahan/Tambah_Biaya' has attribute 'content-desc' with value 'asubtotal_abutton_additional_cost'

2018-09-13 16:12:26 - [MESSAGE][PASSED] - Object 'Object Repository/Sidebar Menu/Mesin Kasir/Kasir/Ringkasan Pesanan/Biaya Tambahan/Tambah_Biaya' has attribute 'content-desc' with value 'asubtotal_abutton_additional_cost'

2018-09-13 16:12:26 - [TEST_STEP][PASSED] - tap: Tapped on element 'Object Repository/Sidebar Menu/Mesin Kasir/Kasir/Ringkasan Pesanan/Biaya Tambahan/Tambah_Biaya'

2018-09-13 16:12:32 - [MESSAGE][PASSED] - Tapped on element 'Object Repository/Sidebar Menu/Mesin Kasir/Kasir/Ringkasan Pesanan/Biaya Tambahan/Tambah_Biaya'

2018-09-13 16:12:32 - [TEST_STEP][PASSED] - waitForElementPresent: Element 'Object Repository/Sidebar Menu/Mesin Kasir/Kasir/Ringkasan Pesanan/Biaya Tambahan/TambahBiaya - JudulDropdown' is present

2018-09-13 16:12:36 - [MESSAGE][PASSED] - Element 'Object Repository/Sidebar Menu/Mesin Kasir/Kasir/Ringkasan Pesanan/Biaya Tambahan/TambahBiaya - JudulDropdown' is present

2018-09-13 16:12:36 - [TEST_STEP][PASSED] - verifyElementAttributeValue: Object 'Object Repository/Sidebar Menu/Mesin Kasir/Kasir/Ringkasan Pesanan/Biaya Tambahan/TambahBiaya - JudulDropdown' has attribute 'content-desc' with value 'additionalCost_icon_costType'

2018-09-13 16:12:41 - [MESSAGE][PASSED] - Object 'Object Repository/Sidebar Menu/Mesin Kasir/Kasir/Ringkasan Pesanan/Biaya Tambahan/TambahBiaya - JudulDropdown' has attribute 'content-desc' with value 'additionalCost_icon_costType'

2018-09-13 16:12:41 - [TEST_STEP][PASSED] - tap: Tapped on element 'Object Repository/Sidebar Menu/Mesin Kasir/Kasir/Ringkasan Pesanan/Biaya Tambahan/TambahBiaya - JudulDropdown'

2018-09-13 16:12:46 - [MESSAGE][PASSED] - Tapped on element 'Object Repository/Sidebar Menu/Mesin Kasir/Kasir/Ringkasan Pesanan/Biaya Tambahan/TambahBiaya - JudulDropdown'

2018-09-13 16:12:46 - [TEST_STEP][PASSED] - waitForElementPresent: Element 'Object Repository/Sidebar Menu/Mesin Kasir/Kasir/Ringkasan Pesanan/Biaya Tambahan/TambahBiaya - JudulList1' is present

2018-09-13 16:12:50 - [MESSAGE][PASSED] - Element 'Object Repository/Sidebar Menu/Mesin Kasir/Kasir/Ringkasan Pesanan/Biaya Tambahan/TambahBiaya - JudulList1' is present

2018-09-13 16:12:50 - [TEST_STEP][PASSED] - verifyElementAttributeValue: Object 'Object Repository/Sidebar Menu/Mesin Kasir/Kasir/Ringkasan Pesanan/Biaya Tambahan/TambahBiaya - JudulList1' has attribute 'content-desc' with value 'additionalCost_text_costType_0'

2018-09-13 16:12:54 - [MESSAGE][PASSED] - Object 'Object Repository/Sidebar Menu/Mesin Kasir/Kasir/Ringkasan Pesanan/Biaya Tambahan/TambahBiaya - JudulList1' has attribute 'content-desc' with value 'additionalCost_text_costType_0'

2018-09-13 16:12:54 - [TEST_STEP][PASSED] - tap: Tapped on element 'Object Repository/Sidebar Menu/Mesin Kasir/Kasir/Ringkasan Pesanan/Biaya Tambahan/TambahBiaya - JudulList1'

2018-09-13 16:13:02 - [MESSAGE][PASSED] - Tapped on element 'Object Repository/Sidebar Menu/Mesin Kasir/Kasir/Ringkasan Pesanan/Biaya Tambahan/TambahBiaya - JudulList1'

2018-09-13 16:13:02 - [TEST_STEP][PASSED] - waitForElementPresent: Element 'Object Repository/Sidebar Menu/Mesin Kasir/Kasir/Ringkasan Pesanan/Biaya Tambahan/TambahBiaya - BiayaEditTxt' is present

2018-09-13 16:13:06 - [MESSAGE][PASSED] - Element 'Object Repository/Sidebar Menu/Mesin Kasir/Kasir/Ringkasan Pesanan/Biaya Tambahan/TambahBiaya - BiayaEditTxt' is present

2018-09-13 16:13:06 - [TEST_STEP][PASSED] - verifyElementAttributeValue: Object 'Object Repository/Sidebar Menu/Mesin Kasir/Kasir/Ringkasan Pesanan/Biaya Tambahan/TambahBiaya - BiayaEditTxt' has attribute 'content-desc' with value 'additionalCost_input_costAmount'

2018-09-13 16:13:10 - [MESSAGE][PASSED] - Object 'Object Repository/Sidebar Menu/Mesin Kasir/Kasir/Ringkasan Pesanan/Biaya Tambahan/TambahBiaya - BiayaEditTxt' has attribute 'content-desc' with value 'additionalCost_input_costAmount'

2018-09-13 16:13:10 - [TEST_STEP][PASSED] - setText: Text '2000' has been set to element 'Object Repository/Sidebar Menu/Mesin Kasir/Kasir/Ringkasan Pesanan/Biaya Tambahan/TambahBiaya - BiayaEditTxt'

2018-09-13 16:13:32 - [MESSAGE][PASSED] - Text '2000' has been set to element 'Object Repository/Sidebar Menu/Mesin Kasir/Kasir/Ringkasan Pesanan/Biaya Tambahan/TambahBiaya - BiayaEditTxt'

2018-09-13 16:13:32 - [TEST_STEP][PASSED] - hideKeyboard: Keyboard is hidden

2018-09-13 16:13:33 - [MESSAGE][PASSED] - Keyboard is hidden

2018-09-13 16:13:34 - [TEST_STEP][PASSED] - verifyElementText: Actual text and expected text of test object 'Object Repository/Sidebar Menu/Mesin Kasir/Kasir/Ringkasan Pesanan/Biaya Tambahan/TambahBiaya - BiayaEditTxt' are matched.

2018-09-13 16:13:38 - [MESSAGE][PASSED] - Actual text and expected text of test object 'Object Repository/Sidebar Menu/Mesin Kasir/Kasir/Ringkasan Pesanan/Biaya Tambahan/TambahBiaya - BiayaEditTxt' are matched.

2018-09-13 16:13:38 - [TEST_STEP][PASSED] - waitForElementPresent: Element 'Object Repository/Sidebar Menu/Mesin Kasir/Kasir/Ringkasan Pesanan/Biaya Tambahan/TambahBiaya - SIMPANbtn' is present

2018-09-13 16:13:42 - [MESSAGE][PASSED] - Element 'Object Repository/Sidebar Menu/Mesin Kasir/Kasir/Ringkasan Pesanan/Biaya Tambahan/TambahBiaya - SIMPANbtn' is present

2018-09-13 16:13:42 - [TEST_STEP][PASSED] - verifyElementAttributeValue: Object 'Object Repository/Sidebar Menu/Mesin Kasir/Kasir/Ringkasan Pesanan/Biaya Tambahan/TambahBiaya - SIMPANbtn' has attribute 'content-desc' with value 'additionalCost_button_saveCost'

2018-09-13 16:13:46 - [MESSAGE][PASSED] - Object 'Object Repository/Sidebar Menu/Mesin Kasir/Kasir/Ringkasan Pesanan/Biaya Tambahan/TambahBiaya - SIMPANbtn' has attribute 'content-desc' with value 'additionalCost_button_saveCost'

2018-09-13 16:13:46 - [TEST_STEP][PASSED] - tap: Tapped on element 'Object Repository/Sidebar Menu/Mesin Kasir/Kasir/Ringkasan Pesanan/Biaya Tambahan/TambahBiaya - SIMPANbtn'

2018-09-13 16:13:51 - [MESSAGE][PASSED] - Tapped on element 'Object Repository/Sidebar Menu/Mesin Kasir/Kasir/Ringkasan Pesanan/Biaya Tambahan/TambahBiaya - SIMPANbtn'

2018-09-13 16:13:51 - [TEST_STEP][PASSED] - closeApplication: Close app successfully

2018-09-13 16:13:58 - [MESSAGE][PASSED] - Close app successfully]]></system-out>
         <system-err><![CDATA[]]></system-err>
      </testcase>
      <testcase name="Test Cases/Release 3 - Squad Hades/Sprint 1/Story 1770 - Additional Biaya Tambahan in shoopping cart/TC 5 - Select Biaya Packing from Biaya Tambahan droplist" classname="Test Cases/Release 3 - Squad Hades/Sprint 1/Story 1770 - Additional Biaya Tambahan in shoopping cart/TC 5 - Select Biaya Packing from Biaya Tambahan droplist" status="PASSED">
         <system-out><![CDATA[2018-09-13 16:14:00 - [TEST_CASE][PASSED] - Test Cases/Release 3 - Squad Hades/Sprint 1/Story 1770 - Additional Biaya Tambahan in shoopping cart/TC 5 - Select Biaya Packing from Biaya Tambahan droplist: Test Cases/Release 3 - Squad Hades/Sprint 1/Story 1770 - Additional Biaya Tambahan in shoopping cart/TC 5 - Select Biaya Packing from Biaya Tambahan droplist

2018-09-13 16:14:00 - [TEST_STEP][PASSED] - comment: WELCOME SCREEN

2018-09-13 16:14:00 - [TEST_STEP][PASSED] - Statement - apkPath = apkName: null

2018-09-13 16:14:00 - [TEST_STEP][PASSED] - startApplication: Started app at: 'C:\Users\AV2017005903\Documents\apollo-automation\12 September.apk'

2018-09-13 16:14:38 - [MESSAGE][PASSED] - Started app at: 'C:\Users\AV2017005903\Documents\apollo-automation\12 September.apk'

2018-09-13 16:14:38 - [TEST_STEP][PASSED] - delay: Delayed 15 second(s)

2018-09-13 16:14:53 - [MESSAGE][PASSED] - Delayed 15 second(s)

2018-09-13 16:14:53 - [TEST_STEP][PASSED] - Comment - "If there is a Update TopuUp, click No, Else you can delay for waiting lazyload ": null

2018-09-13 16:14:53 - [TEST_STEP][PASSED] - Statement - driver = com.kms.katalon.core.mobile.keyword.internal.MobileDriverFactory.getDriver(): null

2018-09-13 16:14:53 - [TEST_STEP][PASSED] - Statement - action = new io.appium.java_client.TouchAction(driver): null

2018-09-13 16:14:53 - [TEST_STEP][PASSED] - Statement - action.longPress(550, 300).moveTo(100, 300).release().perform(): null

2018-09-13 16:14:56 - [TEST_STEP][PASSED] - delay: Delayed 8 second(s)

2018-09-13 16:15:04 - [MESSAGE][PASSED] - Delayed 8 second(s)

2018-09-13 16:15:04 - [TEST_STEP][PASSED] - Statement - action.longPress(550, 300).moveTo(100, 300).release().perform(): null

2018-09-13 16:15:06 - [TEST_STEP][PASSED] - delay: Delayed 8 second(s)

2018-09-13 16:15:14 - [MESSAGE][PASSED] - Delayed 8 second(s)

2018-09-13 16:15:14 - [TEST_STEP][PASSED] - Statement - action.longPress(550, 300).moveTo(100, 300).release().perform(): null

2018-09-13 16:15:17 - [TEST_STEP][PASSED] - delay: Delayed 8 second(s)

2018-09-13 16:15:25 - [MESSAGE][PASSED] - Delayed 8 second(s)

2018-09-13 16:15:25 - [TEST_STEP][PASSED] - Statement - action.longPress(550, 300).moveTo(100, 300).release().perform(): null

2018-09-13 16:15:28 - [TEST_STEP][PASSED] - delay: Delayed 8 second(s)

2018-09-13 16:15:36 - [MESSAGE][PASSED] - Delayed 8 second(s)

2018-09-13 16:15:36 - [TEST_STEP][PASSED] - waitForElementPresent: Element 'Object Repository/Splash Screen/Mulai - Button' is present

2018-09-13 16:15:36 - [MESSAGE][WARNING] - Timeout '0' is invalid. Using default page load timeout: '30'

2018-09-13 16:15:39 - [MESSAGE][PASSED] - Element 'Object Repository/Splash Screen/Mulai - Button' is present

2018-09-13 16:15:39 - [TEST_STEP][PASSED] - tap: Tapped on element 'Object Repository/Splash Screen/Mulai - Button'

2018-09-13 16:15:39 - [MESSAGE][WARNING] - Timeout '0' is invalid. Using default page load timeout: '30'

2018-09-13 16:15:44 - [MESSAGE][PASSED] - Tapped on element 'Object Repository/Splash Screen/Mulai - Button'

2018-09-13 16:15:44 - [TEST_STEP][PASSED] - comment: end Welcome Screen

2018-09-13 16:15:44 - [TEST_STEP][PASSED] - comment: LOGIN

2018-09-13 16:15:44 - [TEST_STEP][PASSED] - waitForElementPresent: Element 'Object Repository/Login/Nomor HP  Nama Pengguna - Text Box' is present

2018-09-13 16:15:48 - [MESSAGE][PASSED] - Element 'Object Repository/Login/Nomor HP  Nama Pengguna - Text Box' is present

2018-09-13 16:15:48 - [TEST_STEP][PASSED] - verifyElementAttributeValue: Object 'Object Repository/Login/Nomor HP  Nama Pengguna - Text Box' has attribute 'content-desc' with value 'LoginNameTextInput'

2018-09-13 16:15:52 - [MESSAGE][PASSED] - Object 'Object Repository/Login/Nomor HP  Nama Pengguna - Text Box' has attribute 'content-desc' with value 'LoginNameTextInput'

2018-09-13 16:15:52 - [TEST_STEP][PASSED] - setText: Text '08112233445567' has been set to element 'Object Repository/Login/Nomor HP  Nama Pengguna - Text Box'

2018-09-13 16:16:13 - [MESSAGE][PASSED] - Text '08112233445567' has been set to element 'Object Repository/Login/Nomor HP  Nama Pengguna - Text Box'

2018-09-13 16:16:13 - [TEST_STEP][PASSED] - hideKeyboard: Keyboard is hidden

2018-09-13 16:16:14 - [MESSAGE][PASSED] - Keyboard is hidden

2018-09-13 16:16:14 - [TEST_STEP][PASSED] - verifyElementText: Actual text and expected text of test object 'Object Repository/Login/Nomor HP  Nama Pengguna - Text Box' are matched.

2018-09-13 16:16:19 - [MESSAGE][PASSED] - Actual text and expected text of test object 'Object Repository/Login/Nomor HP  Nama Pengguna - Text Box' are matched.

2018-09-13 16:16:19 - [TEST_STEP][PASSED] - waitForElementPresent: Element 'Object Repository/Login/Button Masuk' is present

2018-09-13 16:16:22 - [MESSAGE][PASSED] - Element 'Object Repository/Login/Button Masuk' is present

2018-09-13 16:16:22 - [TEST_STEP][PASSED] - verifyElementAttributeValue: Object 'Object Repository/Login/Button Masuk' has attribute 'content-desc' with value 'LoginJumpNextBtn'

2018-09-13 16:16:26 - [MESSAGE][PASSED] - Object 'Object Repository/Login/Button Masuk' has attribute 'content-desc' with value 'LoginJumpNextBtn'

2018-09-13 16:16:26 - [TEST_STEP][PASSED] - tap: Tapped on element 'Object Repository/Login/Button Masuk'

2018-09-13 16:16:32 - [MESSAGE][PASSED] - Tapped on element 'Object Repository/Login/Button Masuk'

2018-09-13 16:16:32 - [TEST_STEP][PASSED] - waitForElementPresent: Element 'Object Repository/Login/Input Pin' is present

2018-09-13 16:16:41 - [MESSAGE][PASSED] - Element 'Object Repository/Login/Input Pin' is present

2018-09-13 16:16:41 - [TEST_STEP][PASSED] - verifyElementAttributeValue: Object 'Object Repository/Login/Input Pin' has attribute 'content-desc' with value 'pinCircleFocus'

2018-09-13 16:16:49 - [MESSAGE][PASSED] - Object 'Object Repository/Login/Input Pin' has attribute 'content-desc' with value 'pinCircleFocus'

2018-09-13 16:16:49 - [TEST_STEP][PASSED] - tap: Tapped on element 'Object Repository/Login/Input Pin'

2018-09-13 16:16:57 - [MESSAGE][PASSED] - Tapped on element 'Object Repository/Login/Input Pin'

2018-09-13 16:16:57 - [TEST_STEP][PASSED] - setText: Text '123456' has been set to element 'Object Repository/Login/Input Pin'

2018-09-13 16:17:16 - [MESSAGE][PASSED] - Text '123456' has been set to element 'Object Repository/Login/Input Pin'

2018-09-13 16:17:16 - [TEST_STEP][PASSED] - delay: Delayed 5 second(s)

2018-09-13 16:17:21 - [MESSAGE][PASSED] - Delayed 5 second(s)

2018-09-13 16:17:21 - [TEST_STEP][PASSED] - comment: End Login Test Case

2018-09-13 16:17:21 - [TEST_STEP][PASSED] - waitForElementPresent: Element 'Object Repository/Sidebar Menu/Biaya/HamburgerButton' is present

2018-09-13 16:17:28 - [MESSAGE][PASSED] - Element 'Object Repository/Sidebar Menu/Biaya/HamburgerButton' is present

2018-09-13 16:17:28 - [TEST_STEP][PASSED] - comment: MESIN KASIR

2018-09-13 16:17:28 - [TEST_STEP][PASSED] - verifyElementAttributeValue: Object 'Object Repository/Sidebar Menu/Biaya/HamburgerButton' has attribute 'content-desc' with value 'headerBar_button_hamburgerMenu'

2018-09-13 16:17:33 - [MESSAGE][PASSED] - Object 'Object Repository/Sidebar Menu/Biaya/HamburgerButton' has attribute 'content-desc' with value 'headerBar_button_hamburgerMenu'

2018-09-13 16:17:33 - [TEST_STEP][PASSED] - tap: Tapped on element 'Object Repository/Sidebar Menu/Biaya/HamburgerButton'

2018-09-13 16:17:37 - [MESSAGE][PASSED] - Tapped on element 'Object Repository/Sidebar Menu/Biaya/HamburgerButton'

2018-09-13 16:17:37 - [TEST_STEP][PASSED] - waitForElementPresent: Element 'Object Repository/Sidebar Menu/Mesin Kasir/Kasir/Dashboard Kasir/Kasir' is present

2018-09-13 16:17:44 - [MESSAGE][PASSED] - Element 'Object Repository/Sidebar Menu/Mesin Kasir/Kasir/Dashboard Kasir/Kasir' is present

2018-09-13 16:17:44 - [TEST_STEP][PASSED] - verifyElementAttributeValue: Object 'Object Repository/Sidebar Menu/Mesin Kasir/Kasir/Dashboard Kasir/Kasir' has attribute 'content-desc' with value 'drawerContainer_button_cashierSwitch'

2018-09-13 16:17:48 - [MESSAGE][PASSED] - Object 'Object Repository/Sidebar Menu/Mesin Kasir/Kasir/Dashboard Kasir/Kasir' has attribute 'content-desc' with value 'drawerContainer_button_cashierSwitch'

2018-09-13 16:17:48 - [TEST_STEP][PASSED] - tap: Tapped on element 'Object Repository/Sidebar Menu/Mesin Kasir/Kasir/Dashboard Kasir/Kasir'

2018-09-13 16:17:57 - [MESSAGE][PASSED] - Tapped on element 'Object Repository/Sidebar Menu/Mesin Kasir/Kasir/Dashboard Kasir/Kasir'

2018-09-13 16:17:57 - [TEST_STEP][PASSED] - waitForElementPresent: Element 'Object Repository/Sidebar Menu/Mesin Kasir/Kasir/Dashboard Kasir/ListProduk 1' is present

2018-09-13 16:18:05 - [MESSAGE][PASSED] - Element 'Object Repository/Sidebar Menu/Mesin Kasir/Kasir/Dashboard Kasir/ListProduk 1' is present

2018-09-13 16:18:05 - [TEST_STEP][PASSED] - verifyElementAttributeValue: Object 'Object Repository/Sidebar Menu/Mesin Kasir/Kasir/Dashboard Kasir/ListProduk 1' has attribute 'content-desc' with value 'productSalesItem0'

2018-09-13 16:18:09 - [MESSAGE][PASSED] - Object 'Object Repository/Sidebar Menu/Mesin Kasir/Kasir/Dashboard Kasir/ListProduk 1' has attribute 'content-desc' with value 'productSalesItem0'

2018-09-13 16:18:09 - [TEST_STEP][PASSED] - Statement - For (def index : (0..1)): Tapped on element 'Object Repository/Sidebar Menu/Mesin Kasir/Kasir/Dashboard Kasir/ListProduk 1'

2018-09-13 16:18:09 - [TEST_STEP][PASSED] - tap: Tapped on element 'Object Repository/Sidebar Menu/Mesin Kasir/Kasir/Dashboard Kasir/ListProduk 1'

2018-09-13 16:18:19 - [MESSAGE][PASSED] - Tapped on element 'Object Repository/Sidebar Menu/Mesin Kasir/Kasir/Dashboard Kasir/ListProduk 1'

2018-09-13 16:18:19 - [TEST_STEP][PASSED] - tap: Tapped on element 'Object Repository/Sidebar Menu/Mesin Kasir/Kasir/Dashboard Kasir/ListProduk 1'

2018-09-13 16:18:25 - [MESSAGE][PASSED] - Tapped on element 'Object Repository/Sidebar Menu/Mesin Kasir/Kasir/Dashboard Kasir/ListProduk 1'

2018-09-13 16:18:25 - [TEST_STEP][PASSED] - Statement - For (def index : (0..1)): Tapped on element 'Object Repository/Sidebar Menu/Mesin Kasir/Kasir/Dashboard Kasir/ListProduk 2'

2018-09-13 16:18:25 - [TEST_STEP][PASSED] - tap: Tapped on element 'Object Repository/Sidebar Menu/Mesin Kasir/Kasir/Dashboard Kasir/ListProduk 2'

2018-09-13 16:18:31 - [MESSAGE][PASSED] - Tapped on element 'Object Repository/Sidebar Menu/Mesin Kasir/Kasir/Dashboard Kasir/ListProduk 2'

2018-09-13 16:18:31 - [TEST_STEP][PASSED] - tap: Tapped on element 'Object Repository/Sidebar Menu/Mesin Kasir/Kasir/Dashboard Kasir/ListProduk 2'

2018-09-13 16:18:37 - [MESSAGE][PASSED] - Tapped on element 'Object Repository/Sidebar Menu/Mesin Kasir/Kasir/Dashboard Kasir/ListProduk 2'

2018-09-13 16:18:37 - [TEST_STEP][PASSED] - waitForElementPresent: Element 'Object Repository/Sidebar Menu/Mesin Kasir/Kasir/Estimasi Detail Pesanan/Keranjangbtn' is present

2018-09-13 16:18:40 - [MESSAGE][PASSED] - Element 'Object Repository/Sidebar Menu/Mesin Kasir/Kasir/Estimasi Detail Pesanan/Keranjangbtn' is present

2018-09-13 16:18:40 - [TEST_STEP][PASSED] - tap: Tapped on element 'Object Repository/Sidebar Menu/Mesin Kasir/Kasir/Estimasi Detail Pesanan/Keranjangbtn'

2018-09-13 16:18:45 - [MESSAGE][PASSED] - Tapped on element 'Object Repository/Sidebar Menu/Mesin Kasir/Kasir/Estimasi Detail Pesanan/Keranjangbtn'

2018-09-13 16:18:45 - [TEST_STEP][PASSED] - comment: Ringkasan Pesanan Onboarding

2018-09-13 16:18:45 - [TEST_STEP][PASSED] - waitForElementPresent: Element 'Object Repository/Sidebar Menu/Mesin Kasir/Kasir/Ringkasan Pesanan/Diskon Tambahan/Tambah_Diskon' is present

2018-09-13 16:18:49 - [MESSAGE][PASSED] - Element 'Object Repository/Sidebar Menu/Mesin Kasir/Kasir/Ringkasan Pesanan/Diskon Tambahan/Tambah_Diskon' is present

2018-09-13 16:18:49 - [TEST_STEP][PASSED] - verifyElementAttributeValue: Object 'Object Repository/Sidebar Menu/Mesin Kasir/Kasir/Ringkasan Pesanan/Diskon Tambahan/Tambah_Diskon' has attribute 'content-desc' with value 'asubtotal_atext_additional_discount'

2018-09-13 16:18:54 - [MESSAGE][PASSED] - Object 'Object Repository/Sidebar Menu/Mesin Kasir/Kasir/Ringkasan Pesanan/Diskon Tambahan/Tambah_Diskon' has attribute 'content-desc' with value 'asubtotal_atext_additional_discount'

2018-09-13 16:18:54 - [TEST_STEP][PASSED] - verifyElementVisible: Element 'Object Repository/Sidebar Menu/Mesin Kasir/Kasir/Ringkasan Pesanan/Diskon Tambahan/Tambah_Diskon' is visible

2018-09-13 16:18:59 - [MESSAGE][PASSED] - Element 'Object Repository/Sidebar Menu/Mesin Kasir/Kasir/Ringkasan Pesanan/Diskon Tambahan/Tambah_Diskon' is visible

2018-09-13 16:18:59 - [TEST_STEP][PASSED] - waitForElementPresent: Element 'Object Repository/Sidebar Menu/Mesin Kasir/Kasir/Ringkasan Pesanan/Biaya Tambahan/Tambah_Biaya' is present

2018-09-13 16:19:02 - [MESSAGE][PASSED] - Element 'Object Repository/Sidebar Menu/Mesin Kasir/Kasir/Ringkasan Pesanan/Biaya Tambahan/Tambah_Biaya' is present

2018-09-13 16:19:02 - [TEST_STEP][PASSED] - verifyElementAttributeValue: Object 'Object Repository/Sidebar Menu/Mesin Kasir/Kasir/Ringkasan Pesanan/Biaya Tambahan/Tambah_Biaya' has attribute 'content-desc' with value 'asubtotal_abutton_additional_cost'

2018-09-13 16:19:06 - [MESSAGE][PASSED] - Object 'Object Repository/Sidebar Menu/Mesin Kasir/Kasir/Ringkasan Pesanan/Biaya Tambahan/Tambah_Biaya' has attribute 'content-desc' with value 'asubtotal_abutton_additional_cost'

2018-09-13 16:19:06 - [TEST_STEP][PASSED] - tap: Tapped on element 'Object Repository/Sidebar Menu/Mesin Kasir/Kasir/Ringkasan Pesanan/Biaya Tambahan/Tambah_Biaya'

2018-09-13 16:19:11 - [MESSAGE][PASSED] - Tapped on element 'Object Repository/Sidebar Menu/Mesin Kasir/Kasir/Ringkasan Pesanan/Biaya Tambahan/Tambah_Biaya'

2018-09-13 16:19:11 - [TEST_STEP][PASSED] - waitForElementPresent: Element 'Object Repository/Sidebar Menu/Mesin Kasir/Kasir/Ringkasan Pesanan/Biaya Tambahan/TambahBiaya - JudulDropdown' is present

2018-09-13 16:19:16 - [MESSAGE][PASSED] - Element 'Object Repository/Sidebar Menu/Mesin Kasir/Kasir/Ringkasan Pesanan/Biaya Tambahan/TambahBiaya - JudulDropdown' is present

2018-09-13 16:19:16 - [TEST_STEP][PASSED] - verifyElementAttributeValue: Object 'Object Repository/Sidebar Menu/Mesin Kasir/Kasir/Ringkasan Pesanan/Biaya Tambahan/TambahBiaya - JudulDropdown' has attribute 'content-desc' with value 'additionalCost_icon_costType'

2018-09-13 16:19:21 - [MESSAGE][PASSED] - Object 'Object Repository/Sidebar Menu/Mesin Kasir/Kasir/Ringkasan Pesanan/Biaya Tambahan/TambahBiaya - JudulDropdown' has attribute 'content-desc' with value 'additionalCost_icon_costType'

2018-09-13 16:19:21 - [TEST_STEP][PASSED] - tap: Tapped on element 'Object Repository/Sidebar Menu/Mesin Kasir/Kasir/Ringkasan Pesanan/Biaya Tambahan/TambahBiaya - JudulDropdown'

2018-09-13 16:19:26 - [MESSAGE][PASSED] - Tapped on element 'Object Repository/Sidebar Menu/Mesin Kasir/Kasir/Ringkasan Pesanan/Biaya Tambahan/TambahBiaya - JudulDropdown'

2018-09-13 16:19:26 - [TEST_STEP][PASSED] - waitForElementPresent: Element 'Object Repository/Sidebar Menu/Mesin Kasir/Kasir/Ringkasan Pesanan/Biaya Tambahan/TambahBiaya - JudulList2' is present

2018-09-13 16:19:30 - [MESSAGE][PASSED] - Element 'Object Repository/Sidebar Menu/Mesin Kasir/Kasir/Ringkasan Pesanan/Biaya Tambahan/TambahBiaya - JudulList2' is present

2018-09-13 16:19:30 - [TEST_STEP][PASSED] - verifyElementAttributeValue: Object 'Object Repository/Sidebar Menu/Mesin Kasir/Kasir/Ringkasan Pesanan/Biaya Tambahan/TambahBiaya - JudulList2' has attribute 'content-desc' with value 'additionalCost_text_costType_1'

2018-09-13 16:19:34 - [MESSAGE][PASSED] - Object 'Object Repository/Sidebar Menu/Mesin Kasir/Kasir/Ringkasan Pesanan/Biaya Tambahan/TambahBiaya - JudulList2' has attribute 'content-desc' with value 'additionalCost_text_costType_1'

2018-09-13 16:19:34 - [TEST_STEP][PASSED] - tap: Tapped on element 'Object Repository/Sidebar Menu/Mesin Kasir/Kasir/Ringkasan Pesanan/Biaya Tambahan/TambahBiaya - JudulList2'

2018-09-13 16:19:40 - [MESSAGE][PASSED] - Tapped on element 'Object Repository/Sidebar Menu/Mesin Kasir/Kasir/Ringkasan Pesanan/Biaya Tambahan/TambahBiaya - JudulList2'

2018-09-13 16:19:40 - [TEST_STEP][PASSED] - waitForElementPresent: Element 'Object Repository/Sidebar Menu/Mesin Kasir/Kasir/Ringkasan Pesanan/Biaya Tambahan/TambahBiaya - BiayaEditTxt' is present

2018-09-13 16:19:42 - [MESSAGE][PASSED] - Element 'Object Repository/Sidebar Menu/Mesin Kasir/Kasir/Ringkasan Pesanan/Biaya Tambahan/TambahBiaya - BiayaEditTxt' is present

2018-09-13 16:19:42 - [TEST_STEP][PASSED] - verifyElementAttributeValue: Object 'Object Repository/Sidebar Menu/Mesin Kasir/Kasir/Ringkasan Pesanan/Biaya Tambahan/TambahBiaya - BiayaEditTxt' has attribute 'content-desc' with value 'additionalCost_input_costAmount'

2018-09-13 16:19:48 - [MESSAGE][PASSED] - Object 'Object Repository/Sidebar Menu/Mesin Kasir/Kasir/Ringkasan Pesanan/Biaya Tambahan/TambahBiaya - BiayaEditTxt' has attribute 'content-desc' with value 'additionalCost_input_costAmount'

2018-09-13 16:19:48 - [TEST_STEP][PASSED] - setText: Text '2000' has been set to element 'Object Repository/Sidebar Menu/Mesin Kasir/Kasir/Ringkasan Pesanan/Biaya Tambahan/TambahBiaya - BiayaEditTxt'

2018-09-13 16:20:04 - [MESSAGE][PASSED] - Text '2000' has been set to element 'Object Repository/Sidebar Menu/Mesin Kasir/Kasir/Ringkasan Pesanan/Biaya Tambahan/TambahBiaya - BiayaEditTxt'

2018-09-13 16:20:04 - [TEST_STEP][PASSED] - hideKeyboard: Keyboard is hidden

2018-09-13 16:20:05 - [MESSAGE][PASSED] - Keyboard is hidden

2018-09-13 16:20:05 - [TEST_STEP][PASSED] - verifyElementText: Actual text and expected text of test object 'Object Repository/Sidebar Menu/Mesin Kasir/Kasir/Ringkasan Pesanan/Biaya Tambahan/TambahBiaya - BiayaEditTxt' are matched.

2018-09-13 16:20:12 - [MESSAGE][PASSED] - Actual text and expected text of test object 'Object Repository/Sidebar Menu/Mesin Kasir/Kasir/Ringkasan Pesanan/Biaya Tambahan/TambahBiaya - BiayaEditTxt' are matched.

2018-09-13 16:20:12 - [TEST_STEP][PASSED] - waitForElementPresent: Element 'Object Repository/Sidebar Menu/Mesin Kasir/Kasir/Ringkasan Pesanan/Biaya Tambahan/TambahBiaya - SIMPANbtn' is present

2018-09-13 16:20:14 - [MESSAGE][PASSED] - Element 'Object Repository/Sidebar Menu/Mesin Kasir/Kasir/Ringkasan Pesanan/Biaya Tambahan/TambahBiaya - SIMPANbtn' is present

2018-09-13 16:20:14 - [TEST_STEP][PASSED] - verifyElementAttributeValue: Object 'Object Repository/Sidebar Menu/Mesin Kasir/Kasir/Ringkasan Pesanan/Biaya Tambahan/TambahBiaya - SIMPANbtn' has attribute 'content-desc' with value 'additionalCost_button_saveCost'

2018-09-13 16:20:20 - [MESSAGE][PASSED] - Object 'Object Repository/Sidebar Menu/Mesin Kasir/Kasir/Ringkasan Pesanan/Biaya Tambahan/TambahBiaya - SIMPANbtn' has attribute 'content-desc' with value 'additionalCost_button_saveCost'

2018-09-13 16:20:20 - [TEST_STEP][PASSED] - tap: Tapped on element 'Object Repository/Sidebar Menu/Mesin Kasir/Kasir/Ringkasan Pesanan/Biaya Tambahan/TambahBiaya - SIMPANbtn'

2018-09-13 16:20:26 - [MESSAGE][PASSED] - Tapped on element 'Object Repository/Sidebar Menu/Mesin Kasir/Kasir/Ringkasan Pesanan/Biaya Tambahan/TambahBiaya - SIMPANbtn'

2018-09-13 16:20:26 - [TEST_STEP][PASSED] - closeApplication: Close app successfully

2018-09-13 16:20:33 - [MESSAGE][PASSED] - Close app successfully]]></system-out>
         <system-err><![CDATA[]]></system-err>
      </testcase>
      <testcase name="Test Cases/Release 3 - Squad Hades/Sprint 1/Story 1770 - Additional Biaya Tambahan in shoopping cart/TC 6 - Select Other from Biaya Tambahan droplist" classname="Test Cases/Release 3 - Squad Hades/Sprint 1/Story 1770 - Additional Biaya Tambahan in shoopping cart/TC 6 - Select Other from Biaya Tambahan droplist" status="PASSED">
         <system-out><![CDATA[2018-09-13 16:20:35 - [TEST_CASE][PASSED] - Test Cases/Release 3 - Squad Hades/Sprint 1/Story 1770 - Additional Biaya Tambahan in shoopping cart/TC 6 - Select Other from Biaya Tambahan droplist: Test Cases/Release 3 - Squad Hades/Sprint 1/Story 1770 - Additional Biaya Tambahan in shoopping cart/TC 6 - Select Other from Biaya Tambahan droplist

2018-09-13 16:20:38 - [TEST_STEP][PASSED] - comment: WELCOME SCREEN

2018-09-13 16:20:38 - [TEST_STEP][PASSED] - Statement - apkPath = apkName: null

2018-09-13 16:20:38 - [TEST_STEP][PASSED] - startApplication: Started app at: 'C:\Users\AV2017005903\Documents\apollo-automation\12 September.apk'

2018-09-13 16:21:24 - [MESSAGE][PASSED] - Started app at: 'C:\Users\AV2017005903\Documents\apollo-automation\12 September.apk'

2018-09-13 16:21:24 - [TEST_STEP][PASSED] - delay: Delayed 15 second(s)

2018-09-13 16:21:39 - [MESSAGE][PASSED] - Delayed 15 second(s)

2018-09-13 16:21:39 - [TEST_STEP][PASSED] - Comment - "If there is a Update TopuUp, click No, Else you can delay for waiting lazyload ": null

2018-09-13 16:21:39 - [TEST_STEP][PASSED] - Statement - driver = com.kms.katalon.core.mobile.keyword.internal.MobileDriverFactory.getDriver(): null

2018-09-13 16:21:39 - [TEST_STEP][PASSED] - Statement - action = new io.appium.java_client.TouchAction(driver): null

2018-09-13 16:21:39 - [TEST_STEP][PASSED] - Statement - action.longPress(550, 300).moveTo(100, 300).release().perform(): null

2018-09-13 16:21:42 - [TEST_STEP][PASSED] - delay: Delayed 8 second(s)

2018-09-13 16:21:50 - [MESSAGE][PASSED] - Delayed 8 second(s)

2018-09-13 16:21:50 - [TEST_STEP][PASSED] - Statement - action.longPress(550, 300).moveTo(100, 300).release().perform(): null

2018-09-13 16:21:53 - [TEST_STEP][PASSED] - delay: Delayed 8 second(s)

2018-09-13 16:22:01 - [MESSAGE][PASSED] - Delayed 8 second(s)

2018-09-13 16:22:01 - [TEST_STEP][PASSED] - Statement - action.longPress(550, 300).moveTo(100, 300).release().perform(): null

2018-09-13 16:22:04 - [TEST_STEP][PASSED] - delay: Delayed 8 second(s)

2018-09-13 16:22:12 - [MESSAGE][PASSED] - Delayed 8 second(s)

2018-09-13 16:22:12 - [TEST_STEP][PASSED] - Statement - action.longPress(550, 300).moveTo(100, 300).release().perform(): null

2018-09-13 16:22:14 - [TEST_STEP][PASSED] - delay: Delayed 8 second(s)

2018-09-13 16:22:22 - [MESSAGE][PASSED] - Delayed 8 second(s)

2018-09-13 16:22:22 - [TEST_STEP][PASSED] - waitForElementPresent: Element 'Object Repository/Splash Screen/Mulai - Button' is present

2018-09-13 16:22:22 - [MESSAGE][WARNING] - Timeout '0' is invalid. Using default page load timeout: '30'

2018-09-13 16:22:28 - [MESSAGE][PASSED] - Element 'Object Repository/Splash Screen/Mulai - Button' is present

2018-09-13 16:22:28 - [TEST_STEP][PASSED] - tap: Tapped on element 'Object Repository/Splash Screen/Mulai - Button'

2018-09-13 16:22:28 - [MESSAGE][WARNING] - Timeout '0' is invalid. Using default page load timeout: '30'

2018-09-13 16:22:36 - [MESSAGE][PASSED] - Tapped on element 'Object Repository/Splash Screen/Mulai - Button'

2018-09-13 16:22:36 - [TEST_STEP][PASSED] - comment: end Welcome Screen

2018-09-13 16:22:36 - [TEST_STEP][PASSED] - comment: LOGIN

2018-09-13 16:22:36 - [TEST_STEP][PASSED] - waitForElementPresent: Element 'Object Repository/Login/Nomor HP  Nama Pengguna - Text Box' is present

2018-09-13 16:22:40 - [MESSAGE][PASSED] - Element 'Object Repository/Login/Nomor HP  Nama Pengguna - Text Box' is present

2018-09-13 16:22:40 - [TEST_STEP][PASSED] - verifyElementAttributeValue: Object 'Object Repository/Login/Nomor HP  Nama Pengguna - Text Box' has attribute 'content-desc' with value 'LoginNameTextInput'

2018-09-13 16:22:48 - [MESSAGE][PASSED] - Object 'Object Repository/Login/Nomor HP  Nama Pengguna - Text Box' has attribute 'content-desc' with value 'LoginNameTextInput'

2018-09-13 16:22:48 - [TEST_STEP][PASSED] - setText: Text '08112233445567' has been set to element 'Object Repository/Login/Nomor HP  Nama Pengguna - Text Box'

2018-09-13 16:23:10 - [MESSAGE][PASSED] - Text '08112233445567' has been set to element 'Object Repository/Login/Nomor HP  Nama Pengguna - Text Box'

2018-09-13 16:23:10 - [TEST_STEP][PASSED] - hideKeyboard: Keyboard is hidden

2018-09-13 16:23:11 - [MESSAGE][PASSED] - Keyboard is hidden

2018-09-13 16:23:11 - [TEST_STEP][PASSED] - verifyElementText: Actual text and expected text of test object 'Object Repository/Login/Nomor HP  Nama Pengguna - Text Box' are matched.

2018-09-13 16:23:19 - [MESSAGE][PASSED] - Actual text and expected text of test object 'Object Repository/Login/Nomor HP  Nama Pengguna - Text Box' are matched.

2018-09-13 16:23:19 - [TEST_STEP][PASSED] - waitForElementPresent: Element 'Object Repository/Login/Button Masuk' is present

2018-09-13 16:23:24 - [MESSAGE][PASSED] - Element 'Object Repository/Login/Button Masuk' is present

2018-09-13 16:23:24 - [TEST_STEP][PASSED] - verifyElementAttributeValue: Object 'Object Repository/Login/Button Masuk' has attribute 'content-desc' with value 'LoginJumpNextBtn'

2018-09-13 16:23:32 - [MESSAGE][PASSED] - Object 'Object Repository/Login/Button Masuk' has attribute 'content-desc' with value 'LoginJumpNextBtn'

2018-09-13 16:23:32 - [TEST_STEP][PASSED] - tap: Tapped on element 'Object Repository/Login/Button Masuk'

2018-09-13 16:23:41 - [MESSAGE][PASSED] - Tapped on element 'Object Repository/Login/Button Masuk'

2018-09-13 16:23:41 - [TEST_STEP][PASSED] - waitForElementPresent: Element 'Object Repository/Login/Input Pin' is present

2018-09-13 16:23:49 - [MESSAGE][PASSED] - Element 'Object Repository/Login/Input Pin' is present

2018-09-13 16:23:49 - [TEST_STEP][PASSED] - verifyElementAttributeValue: Object 'Object Repository/Login/Input Pin' has attribute 'content-desc' with value 'pinCircleFocus'

2018-09-13 16:23:54 - [MESSAGE][PASSED] - Object 'Object Repository/Login/Input Pin' has attribute 'content-desc' with value 'pinCircleFocus'

2018-09-13 16:23:54 - [TEST_STEP][PASSED] - tap: Tapped on element 'Object Repository/Login/Input Pin'

2018-09-13 16:24:01 - [MESSAGE][PASSED] - Tapped on element 'Object Repository/Login/Input Pin'

2018-09-13 16:24:01 - [TEST_STEP][PASSED] - setText: Text '123456' has been set to element 'Object Repository/Login/Input Pin'

2018-09-13 16:24:22 - [MESSAGE][PASSED] - Text '123456' has been set to element 'Object Repository/Login/Input Pin'

2018-09-13 16:24:22 - [TEST_STEP][PASSED] - delay: Delayed 5 second(s)

2018-09-13 16:24:27 - [MESSAGE][PASSED] - Delayed 5 second(s)

2018-09-13 16:24:27 - [TEST_STEP][PASSED] - comment: End Login Test Case

2018-09-13 16:24:27 - [TEST_STEP][PASSED] - waitForElementPresent: Element 'Object Repository/Sidebar Menu/Biaya/HamburgerButton' is present

2018-09-13 16:24:30 - [MESSAGE][PASSED] - Element 'Object Repository/Sidebar Menu/Biaya/HamburgerButton' is present

2018-09-13 16:24:30 - [TEST_STEP][PASSED] - comment: MESIN KASIR

2018-09-13 16:24:30 - [TEST_STEP][PASSED] - verifyElementAttributeValue: Object 'Object Repository/Sidebar Menu/Biaya/HamburgerButton' has attribute 'content-desc' with value 'headerBar_button_hamburgerMenu'

2018-09-13 16:24:34 - [MESSAGE][PASSED] - Object 'Object Repository/Sidebar Menu/Biaya/HamburgerButton' has attribute 'content-desc' with value 'headerBar_button_hamburgerMenu'

2018-09-13 16:24:34 - [TEST_STEP][PASSED] - tap: Tapped on element 'Object Repository/Sidebar Menu/Biaya/HamburgerButton'

2018-09-13 16:24:40 - [MESSAGE][PASSED] - Tapped on element 'Object Repository/Sidebar Menu/Biaya/HamburgerButton'

2018-09-13 16:24:40 - [TEST_STEP][PASSED] - waitForElementPresent: Element 'Object Repository/Sidebar Menu/Mesin Kasir/Kasir/Dashboard Kasir/Kasir' is present

2018-09-13 16:24:44 - [MESSAGE][PASSED] - Element 'Object Repository/Sidebar Menu/Mesin Kasir/Kasir/Dashboard Kasir/Kasir' is present

2018-09-13 16:24:44 - [TEST_STEP][PASSED] - verifyElementAttributeValue: Object 'Object Repository/Sidebar Menu/Mesin Kasir/Kasir/Dashboard Kasir/Kasir' has attribute 'content-desc' with value 'drawerContainer_button_cashierSwitch'

2018-09-13 16:24:49 - [MESSAGE][PASSED] - Object 'Object Repository/Sidebar Menu/Mesin Kasir/Kasir/Dashboard Kasir/Kasir' has attribute 'content-desc' with value 'drawerContainer_button_cashierSwitch'

2018-09-13 16:24:49 - [TEST_STEP][PASSED] - tap: Tapped on element 'Object Repository/Sidebar Menu/Mesin Kasir/Kasir/Dashboard Kasir/Kasir'

2018-09-13 16:24:53 - [MESSAGE][PASSED] - Tapped on element 'Object Repository/Sidebar Menu/Mesin Kasir/Kasir/Dashboard Kasir/Kasir'

2018-09-13 16:24:53 - [TEST_STEP][PASSED] - waitForElementPresent: Element 'Object Repository/Sidebar Menu/Mesin Kasir/Kasir/Dashboard Kasir/ListProduk 1' is present

2018-09-13 16:25:01 - [MESSAGE][PASSED] - Element 'Object Repository/Sidebar Menu/Mesin Kasir/Kasir/Dashboard Kasir/ListProduk 1' is present

2018-09-13 16:25:01 - [TEST_STEP][PASSED] - verifyElementAttributeValue: Object 'Object Repository/Sidebar Menu/Mesin Kasir/Kasir/Dashboard Kasir/ListProduk 1' has attribute 'content-desc' with value 'productSalesItem0'

2018-09-13 16:25:07 - [MESSAGE][PASSED] - Object 'Object Repository/Sidebar Menu/Mesin Kasir/Kasir/Dashboard Kasir/ListProduk 1' has attribute 'content-desc' with value 'productSalesItem0'

2018-09-13 16:25:07 - [TEST_STEP][PASSED] - Statement - For (def index : (0..1)): Tapped on element 'Object Repository/Sidebar Menu/Mesin Kasir/Kasir/Dashboard Kasir/ListProduk 1'

2018-09-13 16:25:07 - [TEST_STEP][PASSED] - tap: Tapped on element 'Object Repository/Sidebar Menu/Mesin Kasir/Kasir/Dashboard Kasir/ListProduk 1'

2018-09-13 16:25:13 - [MESSAGE][PASSED] - Tapped on element 'Object Repository/Sidebar Menu/Mesin Kasir/Kasir/Dashboard Kasir/ListProduk 1'

2018-09-13 16:25:13 - [TEST_STEP][PASSED] - tap: Tapped on element 'Object Repository/Sidebar Menu/Mesin Kasir/Kasir/Dashboard Kasir/ListProduk 1'

2018-09-13 16:25:18 - [MESSAGE][PASSED] - Tapped on element 'Object Repository/Sidebar Menu/Mesin Kasir/Kasir/Dashboard Kasir/ListProduk 1'

2018-09-13 16:25:18 - [TEST_STEP][PASSED] - Statement - For (def index : (0..1)): Tapped on element 'Object Repository/Sidebar Menu/Mesin Kasir/Kasir/Dashboard Kasir/ListProduk 2'

2018-09-13 16:25:18 - [TEST_STEP][PASSED] - tap: Tapped on element 'Object Repository/Sidebar Menu/Mesin Kasir/Kasir/Dashboard Kasir/ListProduk 2'

2018-09-13 16:25:23 - [MESSAGE][PASSED] - Tapped on element 'Object Repository/Sidebar Menu/Mesin Kasir/Kasir/Dashboard Kasir/ListProduk 2'

2018-09-13 16:25:23 - [TEST_STEP][PASSED] - tap: Tapped on element 'Object Repository/Sidebar Menu/Mesin Kasir/Kasir/Dashboard Kasir/ListProduk 2'

2018-09-13 16:25:28 - [MESSAGE][PASSED] - Tapped on element 'Object Repository/Sidebar Menu/Mesin Kasir/Kasir/Dashboard Kasir/ListProduk 2'

2018-09-13 16:25:28 - [TEST_STEP][PASSED] - waitForElementPresent: Element 'Object Repository/Sidebar Menu/Mesin Kasir/Kasir/Estimasi Detail Pesanan/Keranjangbtn' is present

2018-09-13 16:25:31 - [MESSAGE][PASSED] - Element 'Object Repository/Sidebar Menu/Mesin Kasir/Kasir/Estimasi Detail Pesanan/Keranjangbtn' is present

2018-09-13 16:25:31 - [TEST_STEP][PASSED] - tap: Tapped on element 'Object Repository/Sidebar Menu/Mesin Kasir/Kasir/Estimasi Detail Pesanan/Keranjangbtn'

2018-09-13 16:25:35 - [MESSAGE][PASSED] - Tapped on element 'Object Repository/Sidebar Menu/Mesin Kasir/Kasir/Estimasi Detail Pesanan/Keranjangbtn'

2018-09-13 16:25:35 - [TEST_STEP][PASSED] - comment: Ringkasan Pesanan Onboarding

2018-09-13 16:25:35 - [TEST_STEP][PASSED] - waitForElementPresent: Element 'Object Repository/Sidebar Menu/Mesin Kasir/Kasir/Ringkasan Pesanan/Diskon Tambahan/Tambah_Diskon' is present

2018-09-13 16:25:44 - [MESSAGE][PASSED] - Element 'Object Repository/Sidebar Menu/Mesin Kasir/Kasir/Ringkasan Pesanan/Diskon Tambahan/Tambah_Diskon' is present

2018-09-13 16:25:44 - [TEST_STEP][PASSED] - verifyElementAttributeValue: Object 'Object Repository/Sidebar Menu/Mesin Kasir/Kasir/Ringkasan Pesanan/Diskon Tambahan/Tambah_Diskon' has attribute 'content-desc' with value 'asubtotal_atext_additional_discount'

2018-09-13 16:25:48 - [MESSAGE][PASSED] - Object 'Object Repository/Sidebar Menu/Mesin Kasir/Kasir/Ringkasan Pesanan/Diskon Tambahan/Tambah_Diskon' has attribute 'content-desc' with value 'asubtotal_atext_additional_discount'

2018-09-13 16:25:48 - [TEST_STEP][PASSED] - verifyElementVisible: Element 'Object Repository/Sidebar Menu/Mesin Kasir/Kasir/Ringkasan Pesanan/Diskon Tambahan/Tambah_Diskon' is visible

2018-09-13 16:25:53 - [MESSAGE][PASSED] - Element 'Object Repository/Sidebar Menu/Mesin Kasir/Kasir/Ringkasan Pesanan/Diskon Tambahan/Tambah_Diskon' is visible

2018-09-13 16:25:53 - [TEST_STEP][PASSED] - waitForElementPresent: Element 'Object Repository/Sidebar Menu/Mesin Kasir/Kasir/Ringkasan Pesanan/Biaya Tambahan/Tambah_Biaya' is present

2018-09-13 16:25:59 - [MESSAGE][PASSED] - Element 'Object Repository/Sidebar Menu/Mesin Kasir/Kasir/Ringkasan Pesanan/Biaya Tambahan/Tambah_Biaya' is present

2018-09-13 16:25:59 - [TEST_STEP][PASSED] - verifyElementAttributeValue: Object 'Object Repository/Sidebar Menu/Mesin Kasir/Kasir/Ringkasan Pesanan/Biaya Tambahan/Tambah_Biaya' has attribute 'content-desc' with value 'asubtotal_abutton_additional_cost'

2018-09-13 16:26:04 - [MESSAGE][PASSED] - Object 'Object Repository/Sidebar Menu/Mesin Kasir/Kasir/Ringkasan Pesanan/Biaya Tambahan/Tambah_Biaya' has attribute 'content-desc' with value 'asubtotal_abutton_additional_cost'

2018-09-13 16:26:04 - [TEST_STEP][PASSED] - tap: Tapped on element 'Object Repository/Sidebar Menu/Mesin Kasir/Kasir/Ringkasan Pesanan/Biaya Tambahan/Tambah_Biaya'

2018-09-13 16:26:09 - [MESSAGE][PASSED] - Tapped on element 'Object Repository/Sidebar Menu/Mesin Kasir/Kasir/Ringkasan Pesanan/Biaya Tambahan/Tambah_Biaya'

2018-09-13 16:26:09 - [TEST_STEP][PASSED] - waitForElementPresent: Element 'Object Repository/Sidebar Menu/Mesin Kasir/Kasir/Ringkasan Pesanan/Biaya Tambahan/TambahBiaya - JudulDropdown' is present

2018-09-13 16:26:15 - [MESSAGE][PASSED] - Element 'Object Repository/Sidebar Menu/Mesin Kasir/Kasir/Ringkasan Pesanan/Biaya Tambahan/TambahBiaya - JudulDropdown' is present

2018-09-13 16:26:15 - [TEST_STEP][PASSED] - verifyElementAttributeValue: Object 'Object Repository/Sidebar Menu/Mesin Kasir/Kasir/Ringkasan Pesanan/Biaya Tambahan/TambahBiaya - JudulDropdown' has attribute 'content-desc' with value 'additionalCost_icon_costType'

2018-09-13 16:26:19 - [MESSAGE][PASSED] - Object 'Object Repository/Sidebar Menu/Mesin Kasir/Kasir/Ringkasan Pesanan/Biaya Tambahan/TambahBiaya - JudulDropdown' has attribute 'content-desc' with value 'additionalCost_icon_costType'

2018-09-13 16:26:19 - [TEST_STEP][PASSED] - tap: Tapped on element 'Object Repository/Sidebar Menu/Mesin Kasir/Kasir/Ringkasan Pesanan/Biaya Tambahan/TambahBiaya - JudulDropdown'

2018-09-13 16:26:25 - [MESSAGE][PASSED] - Tapped on element 'Object Repository/Sidebar Menu/Mesin Kasir/Kasir/Ringkasan Pesanan/Biaya Tambahan/TambahBiaya - JudulDropdown'

2018-09-13 16:26:25 - [TEST_STEP][PASSED] - waitForElementPresent: Element 'Object Repository/Sidebar Menu/Mesin Kasir/Kasir/Ringkasan Pesanan/Biaya Tambahan/TambahBiaya - JudulList3' is present

2018-09-13 16:26:29 - [MESSAGE][PASSED] - Element 'Object Repository/Sidebar Menu/Mesin Kasir/Kasir/Ringkasan Pesanan/Biaya Tambahan/TambahBiaya - JudulList3' is present

2018-09-13 16:26:29 - [TEST_STEP][PASSED] - verifyElementAttributeValue: Object 'Object Repository/Sidebar Menu/Mesin Kasir/Kasir/Ringkasan Pesanan/Biaya Tambahan/TambahBiaya - JudulList3' has attribute 'content-desc' with value 'additionalCost_text_costType_2'

2018-09-13 16:26:37 - [MESSAGE][PASSED] - Object 'Object Repository/Sidebar Menu/Mesin Kasir/Kasir/Ringkasan Pesanan/Biaya Tambahan/TambahBiaya - JudulList3' has attribute 'content-desc' with value 'additionalCost_text_costType_2'

2018-09-13 16:26:37 - [TEST_STEP][PASSED] - tap: Tapped on element 'Object Repository/Sidebar Menu/Mesin Kasir/Kasir/Ringkasan Pesanan/Biaya Tambahan/TambahBiaya - JudulList3'

2018-09-13 16:26:43 - [MESSAGE][PASSED] - Tapped on element 'Object Repository/Sidebar Menu/Mesin Kasir/Kasir/Ringkasan Pesanan/Biaya Tambahan/TambahBiaya - JudulList3'

2018-09-13 16:26:43 - [TEST_STEP][PASSED] - waitForElementPresent: Element 'Object Repository/Sidebar Menu/Mesin Kasir/Kasir/Ringkasan Pesanan/Biaya Tambahan/TambahBiaya - BiayaLainEdtTxt' is present

2018-09-13 16:26:46 - [MESSAGE][PASSED] - Element 'Object Repository/Sidebar Menu/Mesin Kasir/Kasir/Ringkasan Pesanan/Biaya Tambahan/TambahBiaya - BiayaLainEdtTxt' is present

2018-09-13 16:26:46 - [TEST_STEP][PASSED] - verifyElementAttributeValue: Object 'Object Repository/Sidebar Menu/Mesin Kasir/Kasir/Ringkasan Pesanan/Biaya Tambahan/TambahBiaya - BiayaLainEdtTxt' has attribute 'content-desc' with value 'additionalCost_input_extraCostInfo'

2018-09-13 16:26:51 - [MESSAGE][PASSED] - Object 'Object Repository/Sidebar Menu/Mesin Kasir/Kasir/Ringkasan Pesanan/Biaya Tambahan/TambahBiaya - BiayaLainEdtTxt' has attribute 'content-desc' with value 'additionalCost_input_extraCostInfo'

2018-09-13 16:26:51 - [TEST_STEP][PASSED] - setText: Text 'Buble Wrap' has been set to element 'Object Repository/Sidebar Menu/Mesin Kasir/Kasir/Ringkasan Pesanan/Biaya Tambahan/TambahBiaya - BiayaLainEdtTxt'

2018-09-13 16:27:09 - [MESSAGE][PASSED] - Text 'Buble Wrap' has been set to element 'Object Repository/Sidebar Menu/Mesin Kasir/Kasir/Ringkasan Pesanan/Biaya Tambahan/TambahBiaya - BiayaLainEdtTxt'

2018-09-13 16:27:09 - [TEST_STEP][PASSED] - hideKeyboard: Keyboard is hidden

2018-09-13 16:27:10 - [MESSAGE][PASSED] - Keyboard is hidden

2018-09-13 16:27:10 - [TEST_STEP][PASSED] - waitForElementPresent: Element 'Object Repository/Sidebar Menu/Mesin Kasir/Kasir/Ringkasan Pesanan/Biaya Tambahan/TambahBiaya - BiayaEditTxt' is present

2018-09-13 16:27:13 - [MESSAGE][PASSED] - Element 'Object Repository/Sidebar Menu/Mesin Kasir/Kasir/Ringkasan Pesanan/Biaya Tambahan/TambahBiaya - BiayaEditTxt' is present

2018-09-13 16:27:13 - [TEST_STEP][PASSED] - verifyElementAttributeValue: Object 'Object Repository/Sidebar Menu/Mesin Kasir/Kasir/Ringkasan Pesanan/Biaya Tambahan/TambahBiaya - BiayaEditTxt' has attribute 'content-desc' with value 'additionalCost_input_costAmount'

2018-09-13 16:27:18 - [MESSAGE][PASSED] - Object 'Object Repository/Sidebar Menu/Mesin Kasir/Kasir/Ringkasan Pesanan/Biaya Tambahan/TambahBiaya - BiayaEditTxt' has attribute 'content-desc' with value 'additionalCost_input_costAmount'

2018-09-13 16:27:18 - [TEST_STEP][PASSED] - setText: Text '2000' has been set to element 'Object Repository/Sidebar Menu/Mesin Kasir/Kasir/Ringkasan Pesanan/Biaya Tambahan/TambahBiaya - BiayaEditTxt'

2018-09-13 16:27:35 - [MESSAGE][PASSED] - Text '2000' has been set to element 'Object Repository/Sidebar Menu/Mesin Kasir/Kasir/Ringkasan Pesanan/Biaya Tambahan/TambahBiaya - BiayaEditTxt'

2018-09-13 16:27:36 - [TEST_STEP][PASSED] - hideKeyboard: Keyboard is hidden

2018-09-13 16:27:37 - [MESSAGE][PASSED] - Keyboard is hidden

2018-09-13 16:27:37 - [TEST_STEP][PASSED] - verifyElementText: Actual text and expected text of test object 'Object Repository/Sidebar Menu/Mesin Kasir/Kasir/Ringkasan Pesanan/Biaya Tambahan/TambahBiaya - BiayaEditTxt' are matched.

2018-09-13 16:27:41 - [MESSAGE][PASSED] - Actual text and expected text of test object 'Object Repository/Sidebar Menu/Mesin Kasir/Kasir/Ringkasan Pesanan/Biaya Tambahan/TambahBiaya - BiayaEditTxt' are matched.

2018-09-13 16:27:41 - [TEST_STEP][PASSED] - waitForElementPresent: Element 'Object Repository/Sidebar Menu/Mesin Kasir/Kasir/Ringkasan Pesanan/Biaya Tambahan/TambahBiaya - SIMPANbtn' is present

2018-09-13 16:27:44 - [MESSAGE][PASSED] - Element 'Object Repository/Sidebar Menu/Mesin Kasir/Kasir/Ringkasan Pesanan/Biaya Tambahan/TambahBiaya - SIMPANbtn' is present

2018-09-13 16:27:44 - [TEST_STEP][PASSED] - verifyElementAttributeValue: Object 'Object Repository/Sidebar Menu/Mesin Kasir/Kasir/Ringkasan Pesanan/Biaya Tambahan/TambahBiaya - SIMPANbtn' has attribute 'content-desc' with value 'additionalCost_button_saveCost'

2018-09-13 16:27:49 - [MESSAGE][PASSED] - Object 'Object Repository/Sidebar Menu/Mesin Kasir/Kasir/Ringkasan Pesanan/Biaya Tambahan/TambahBiaya - SIMPANbtn' has attribute 'content-desc' with value 'additionalCost_button_saveCost'

2018-09-13 16:27:49 - [TEST_STEP][PASSED] - tap: Tapped on element 'Object Repository/Sidebar Menu/Mesin Kasir/Kasir/Ringkasan Pesanan/Biaya Tambahan/TambahBiaya - SIMPANbtn'

2018-09-13 16:27:58 - [MESSAGE][PASSED] - Tapped on element 'Object Repository/Sidebar Menu/Mesin Kasir/Kasir/Ringkasan Pesanan/Biaya Tambahan/TambahBiaya - SIMPANbtn'

2018-09-13 16:27:58 - [TEST_STEP][PASSED] - closeApplication: Close app successfully

2018-09-13 16:28:04 - [MESSAGE][PASSED] - Close app successfully]]></system-out>
         <system-err><![CDATA[]]></system-err>
      </testcase>
      <testcase name="Test Cases/Release 3 - Squad Hades/Sprint 1/Story 1770 - Additional Biaya Tambahan in shoopping cart/TC 7 - Nama Biaya field and Biaya field Mandatory" classname="Test Cases/Release 3 - Squad Hades/Sprint 1/Story 1770 - Additional Biaya Tambahan in shoopping cart/TC 7 - Nama Biaya field and Biaya field Mandatory" status="PASSED">
         <system-out><![CDATA[2018-09-13 16:28:06 - [TEST_CASE][PASSED] - Test Cases/Release 3 - Squad Hades/Sprint 1/Story 1770 - Additional Biaya Tambahan in shoopping cart/TC 7 - Nama Biaya field and Biaya field Mandatory: Test Cases/Release 3 - Squad Hades/Sprint 1/Story 1770 - Additional Biaya Tambahan in shoopping cart/TC 7 - Nama Biaya field and Biaya field Mandatory

2018-09-13 16:28:07 - [TEST_STEP][PASSED] - comment: WELCOME SCREEN

2018-09-13 16:28:07 - [TEST_STEP][PASSED] - Statement - apkPath = apkName: null

2018-09-13 16:28:07 - [TEST_STEP][PASSED] - startApplication: Started app at: 'C:\Users\AV2017005903\Documents\apollo-automation\12 September.apk'

2018-09-13 16:28:41 - [MESSAGE][PASSED] - Started app at: 'C:\Users\AV2017005903\Documents\apollo-automation\12 September.apk'

2018-09-13 16:28:41 - [TEST_STEP][PASSED] - delay: Delayed 15 second(s)

2018-09-13 16:28:56 - [MESSAGE][PASSED] - Delayed 15 second(s)

2018-09-13 16:28:56 - [TEST_STEP][PASSED] - Comment - "If there is a Update TopuUp, click No, Else you can delay for waiting lazyload ": null

2018-09-13 16:28:56 - [TEST_STEP][PASSED] - Statement - driver = com.kms.katalon.core.mobile.keyword.internal.MobileDriverFactory.getDriver(): null

2018-09-13 16:28:56 - [TEST_STEP][PASSED] - Statement - action = new io.appium.java_client.TouchAction(driver): null

2018-09-13 16:28:56 - [TEST_STEP][PASSED] - Statement - action.longPress(550, 300).moveTo(100, 300).release().perform(): null

2018-09-13 16:28:59 - [TEST_STEP][PASSED] - delay: Delayed 8 second(s)

2018-09-13 16:29:07 - [MESSAGE][PASSED] - Delayed 8 second(s)

2018-09-13 16:29:07 - [TEST_STEP][PASSED] - Statement - action.longPress(550, 300).moveTo(100, 300).release().perform(): null

2018-09-13 16:29:10 - [TEST_STEP][PASSED] - delay: Delayed 8 second(s)

2018-09-13 16:29:18 - [MESSAGE][PASSED] - Delayed 8 second(s)

2018-09-13 16:29:18 - [TEST_STEP][PASSED] - Statement - action.longPress(550, 300).moveTo(100, 300).release().perform(): null

2018-09-13 16:29:21 - [TEST_STEP][PASSED] - delay: Delayed 8 second(s)

2018-09-13 16:29:29 - [MESSAGE][PASSED] - Delayed 8 second(s)

2018-09-13 16:29:29 - [TEST_STEP][PASSED] - Statement - action.longPress(550, 300).moveTo(100, 300).release().perform(): null

2018-09-13 16:29:31 - [TEST_STEP][PASSED] - delay: Delayed 8 second(s)

2018-09-13 16:29:39 - [MESSAGE][PASSED] - Delayed 8 second(s)

2018-09-13 16:29:39 - [TEST_STEP][PASSED] - waitForElementPresent: Element 'Object Repository/Splash Screen/Mulai - Button' is present

2018-09-13 16:29:39 - [MESSAGE][WARNING] - Timeout '0' is invalid. Using default page load timeout: '30'

2018-09-13 16:29:43 - [MESSAGE][PASSED] - Element 'Object Repository/Splash Screen/Mulai - Button' is present

2018-09-13 16:29:43 - [TEST_STEP][PASSED] - tap: Tapped on element 'Object Repository/Splash Screen/Mulai - Button'

2018-09-13 16:29:43 - [MESSAGE][WARNING] - Timeout '0' is invalid. Using default page load timeout: '30'

2018-09-13 16:29:49 - [MESSAGE][PASSED] - Tapped on element 'Object Repository/Splash Screen/Mulai - Button'

2018-09-13 16:29:49 - [TEST_STEP][PASSED] - comment: end Welcome Screen

2018-09-13 16:29:49 - [TEST_STEP][PASSED] - comment: LOGIN

2018-09-13 16:29:49 - [TEST_STEP][PASSED] - waitForElementPresent: Element 'Object Repository/Login/Nomor HP  Nama Pengguna - Text Box' is present

2018-09-13 16:29:53 - [MESSAGE][PASSED] - Element 'Object Repository/Login/Nomor HP  Nama Pengguna - Text Box' is present

2018-09-13 16:29:53 - [TEST_STEP][PASSED] - verifyElementAttributeValue: Object 'Object Repository/Login/Nomor HP  Nama Pengguna - Text Box' has attribute 'content-desc' with value 'LoginNameTextInput'

2018-09-13 16:29:57 - [MESSAGE][PASSED] - Object 'Object Repository/Login/Nomor HP  Nama Pengguna - Text Box' has attribute 'content-desc' with value 'LoginNameTextInput'

2018-09-13 16:29:57 - [TEST_STEP][PASSED] - setText: Text '08112233445567' has been set to element 'Object Repository/Login/Nomor HP  Nama Pengguna - Text Box'

2018-09-13 16:30:13 - [MESSAGE][PASSED] - Text '08112233445567' has been set to element 'Object Repository/Login/Nomor HP  Nama Pengguna - Text Box'

2018-09-13 16:30:13 - [TEST_STEP][PASSED] - hideKeyboard: Keyboard is hidden

2018-09-13 16:30:14 - [MESSAGE][PASSED] - Keyboard is hidden

2018-09-13 16:30:14 - [TEST_STEP][PASSED] - verifyElementText: Actual text and expected text of test object 'Object Repository/Login/Nomor HP  Nama Pengguna - Text Box' are matched.

2018-09-13 16:30:19 - [MESSAGE][PASSED] - Actual text and expected text of test object 'Object Repository/Login/Nomor HP  Nama Pengguna - Text Box' are matched.

2018-09-13 16:30:19 - [TEST_STEP][PASSED] - waitForElementPresent: Element 'Object Repository/Login/Button Masuk' is present

2018-09-13 16:30:22 - [MESSAGE][PASSED] - Element 'Object Repository/Login/Button Masuk' is present

2018-09-13 16:30:22 - [TEST_STEP][PASSED] - verifyElementAttributeValue: Object 'Object Repository/Login/Button Masuk' has attribute 'content-desc' with value 'LoginJumpNextBtn'

2018-09-13 16:30:29 - [MESSAGE][PASSED] - Object 'Object Repository/Login/Button Masuk' has attribute 'content-desc' with value 'LoginJumpNextBtn'

2018-09-13 16:30:29 - [TEST_STEP][PASSED] - tap: Tapped on element 'Object Repository/Login/Button Masuk'

2018-09-13 16:30:37 - [MESSAGE][PASSED] - Tapped on element 'Object Repository/Login/Button Masuk'

2018-09-13 16:30:37 - [TEST_STEP][PASSED] - waitForElementPresent: Element 'Object Repository/Login/Input Pin' is present

2018-09-13 16:30:43 - [MESSAGE][PASSED] - Element 'Object Repository/Login/Input Pin' is present

2018-09-13 16:30:43 - [TEST_STEP][PASSED] - verifyElementAttributeValue: Object 'Object Repository/Login/Input Pin' has attribute 'content-desc' with value 'pinCircleFocus'

2018-09-13 16:30:51 - [MESSAGE][PASSED] - Object 'Object Repository/Login/Input Pin' has attribute 'content-desc' with value 'pinCircleFocus'

2018-09-13 16:30:51 - [TEST_STEP][PASSED] - tap: Tapped on element 'Object Repository/Login/Input Pin'

2018-09-13 16:31:00 - [MESSAGE][PASSED] - Tapped on element 'Object Repository/Login/Input Pin'

2018-09-13 16:31:00 - [TEST_STEP][PASSED] - setText: Text '123456' has been set to element 'Object Repository/Login/Input Pin'

2018-09-13 16:31:20 - [MESSAGE][PASSED] - Text '123456' has been set to element 'Object Repository/Login/Input Pin'

2018-09-13 16:31:20 - [TEST_STEP][PASSED] - delay: Delayed 5 second(s)

2018-09-13 16:31:25 - [MESSAGE][PASSED] - Delayed 5 second(s)

2018-09-13 16:31:25 - [TEST_STEP][PASSED] - comment: End Login Test Case

2018-09-13 16:31:25 - [TEST_STEP][PASSED] - waitForElementPresent: Element 'Object Repository/Sidebar Menu/Biaya/HamburgerButton' is present

2018-09-13 16:31:30 - [MESSAGE][PASSED] - Element 'Object Repository/Sidebar Menu/Biaya/HamburgerButton' is present

2018-09-13 16:31:30 - [TEST_STEP][PASSED] - comment: MESIN KASIR

2018-09-13 16:31:30 - [TEST_STEP][PASSED] - verifyElementAttributeValue: Object 'Object Repository/Sidebar Menu/Biaya/HamburgerButton' has attribute 'content-desc' with value 'headerBar_button_hamburgerMenu'

2018-09-13 16:31:34 - [MESSAGE][PASSED] - Object 'Object Repository/Sidebar Menu/Biaya/HamburgerButton' has attribute 'content-desc' with value 'headerBar_button_hamburgerMenu'

2018-09-13 16:31:34 - [TEST_STEP][PASSED] - tap: Tapped on element 'Object Repository/Sidebar Menu/Biaya/HamburgerButton'

2018-09-13 16:31:39 - [MESSAGE][PASSED] - Tapped on element 'Object Repository/Sidebar Menu/Biaya/HamburgerButton'

2018-09-13 16:31:39 - [TEST_STEP][PASSED] - waitForElementPresent: Element 'Object Repository/Sidebar Menu/Mesin Kasir/Kasir/Dashboard Kasir/Kasir' is present

2018-09-13 16:31:44 - [MESSAGE][PASSED] - Element 'Object Repository/Sidebar Menu/Mesin Kasir/Kasir/Dashboard Kasir/Kasir' is present

2018-09-13 16:31:44 - [TEST_STEP][PASSED] - verifyElementAttributeValue: Object 'Object Repository/Sidebar Menu/Mesin Kasir/Kasir/Dashboard Kasir/Kasir' has attribute 'content-desc' with value 'drawerContainer_button_cashierSwitch'

2018-09-13 16:31:48 - [MESSAGE][PASSED] - Object 'Object Repository/Sidebar Menu/Mesin Kasir/Kasir/Dashboard Kasir/Kasir' has attribute 'content-desc' with value 'drawerContainer_button_cashierSwitch'

2018-09-13 16:31:48 - [TEST_STEP][PASSED] - tap: Tapped on element 'Object Repository/Sidebar Menu/Mesin Kasir/Kasir/Dashboard Kasir/Kasir'

2018-09-13 16:31:53 - [MESSAGE][PASSED] - Tapped on element 'Object Repository/Sidebar Menu/Mesin Kasir/Kasir/Dashboard Kasir/Kasir'

2018-09-13 16:31:53 - [TEST_STEP][PASSED] - waitForElementPresent: Element 'Object Repository/Sidebar Menu/Mesin Kasir/Kasir/Dashboard Kasir/ListProduk 1' is present

2018-09-13 16:31:58 - [MESSAGE][PASSED] - Element 'Object Repository/Sidebar Menu/Mesin Kasir/Kasir/Dashboard Kasir/ListProduk 1' is present

2018-09-13 16:31:58 - [TEST_STEP][PASSED] - verifyElementAttributeValue: Object 'Object Repository/Sidebar Menu/Mesin Kasir/Kasir/Dashboard Kasir/ListProduk 1' has attribute 'content-desc' with value 'productSalesItem0'

2018-09-13 16:32:03 - [MESSAGE][PASSED] - Object 'Object Repository/Sidebar Menu/Mesin Kasir/Kasir/Dashboard Kasir/ListProduk 1' has attribute 'content-desc' with value 'productSalesItem0'

2018-09-13 16:32:03 - [TEST_STEP][PASSED] - Statement - For (def index : (0..1)): Tapped on element 'Object Repository/Sidebar Menu/Mesin Kasir/Kasir/Dashboard Kasir/ListProduk 1'

2018-09-13 16:32:03 - [TEST_STEP][PASSED] - tap: Tapped on element 'Object Repository/Sidebar Menu/Mesin Kasir/Kasir/Dashboard Kasir/ListProduk 1'

2018-09-13 16:32:09 - [MESSAGE][PASSED] - Tapped on element 'Object Repository/Sidebar Menu/Mesin Kasir/Kasir/Dashboard Kasir/ListProduk 1'

2018-09-13 16:32:09 - [TEST_STEP][PASSED] - tap: Tapped on element 'Object Repository/Sidebar Menu/Mesin Kasir/Kasir/Dashboard Kasir/ListProduk 1'

2018-09-13 16:32:17 - [MESSAGE][PASSED] - Tapped on element 'Object Repository/Sidebar Menu/Mesin Kasir/Kasir/Dashboard Kasir/ListProduk 1'

2018-09-13 16:32:17 - [TEST_STEP][PASSED] - Statement - For (def index : (0..1)): Tapped on element 'Object Repository/Sidebar Menu/Mesin Kasir/Kasir/Dashboard Kasir/ListProduk 2'

2018-09-13 16:32:17 - [TEST_STEP][PASSED] - tap: Tapped on element 'Object Repository/Sidebar Menu/Mesin Kasir/Kasir/Dashboard Kasir/ListProduk 2'

2018-09-13 16:32:24 - [MESSAGE][PASSED] - Tapped on element 'Object Repository/Sidebar Menu/Mesin Kasir/Kasir/Dashboard Kasir/ListProduk 2'

2018-09-13 16:32:24 - [TEST_STEP][PASSED] - tap: Tapped on element 'Object Repository/Sidebar Menu/Mesin Kasir/Kasir/Dashboard Kasir/ListProduk 2'

2018-09-13 16:32:29 - [MESSAGE][PASSED] - Tapped on element 'Object Repository/Sidebar Menu/Mesin Kasir/Kasir/Dashboard Kasir/ListProduk 2'

2018-09-13 16:32:29 - [TEST_STEP][PASSED] - waitForElementPresent: Element 'Object Repository/Sidebar Menu/Mesin Kasir/Kasir/Estimasi Detail Pesanan/Keranjangbtn' is present

2018-09-13 16:32:32 - [MESSAGE][PASSED] - Element 'Object Repository/Sidebar Menu/Mesin Kasir/Kasir/Estimasi Detail Pesanan/Keranjangbtn' is present

2018-09-13 16:32:32 - [TEST_STEP][PASSED] - tap: Tapped on element 'Object Repository/Sidebar Menu/Mesin Kasir/Kasir/Estimasi Detail Pesanan/Keranjangbtn'

2018-09-13 16:32:36 - [MESSAGE][PASSED] - Tapped on element 'Object Repository/Sidebar Menu/Mesin Kasir/Kasir/Estimasi Detail Pesanan/Keranjangbtn'

2018-09-13 16:32:36 - [TEST_STEP][PASSED] - comment: Ringkasan Pesanan Onboarding

2018-09-13 16:32:36 - [TEST_STEP][PASSED] - waitForElementPresent: Element 'Object Repository/Sidebar Menu/Mesin Kasir/Kasir/Ringkasan Pesanan/Diskon Tambahan/Tambah_Diskon' is present

2018-09-13 16:32:42 - [MESSAGE][PASSED] - Element 'Object Repository/Sidebar Menu/Mesin Kasir/Kasir/Ringkasan Pesanan/Diskon Tambahan/Tambah_Diskon' is present

2018-09-13 16:32:42 - [TEST_STEP][PASSED] - verifyElementAttributeValue: Object 'Object Repository/Sidebar Menu/Mesin Kasir/Kasir/Ringkasan Pesanan/Diskon Tambahan/Tambah_Diskon' has attribute 'content-desc' with value 'asubtotal_atext_additional_discount'

2018-09-13 16:32:48 - [MESSAGE][PASSED] - Object 'Object Repository/Sidebar Menu/Mesin Kasir/Kasir/Ringkasan Pesanan/Diskon Tambahan/Tambah_Diskon' has attribute 'content-desc' with value 'asubtotal_atext_additional_discount'

2018-09-13 16:32:48 - [TEST_STEP][PASSED] - verifyElementVisible: Element 'Object Repository/Sidebar Menu/Mesin Kasir/Kasir/Ringkasan Pesanan/Diskon Tambahan/Tambah_Diskon' is visible

2018-09-13 16:32:52 - [MESSAGE][PASSED] - Element 'Object Repository/Sidebar Menu/Mesin Kasir/Kasir/Ringkasan Pesanan/Diskon Tambahan/Tambah_Diskon' is visible

2018-09-13 16:32:52 - [TEST_STEP][PASSED] - waitForElementPresent: Element 'Object Repository/Sidebar Menu/Mesin Kasir/Kasir/Ringkasan Pesanan/Biaya Tambahan/Tambah_Biaya' is present

2018-09-13 16:32:55 - [MESSAGE][PASSED] - Element 'Object Repository/Sidebar Menu/Mesin Kasir/Kasir/Ringkasan Pesanan/Biaya Tambahan/Tambah_Biaya' is present

2018-09-13 16:32:55 - [TEST_STEP][PASSED] - verifyElementAttributeValue: Object 'Object Repository/Sidebar Menu/Mesin Kasir/Kasir/Ringkasan Pesanan/Biaya Tambahan/Tambah_Biaya' has attribute 'content-desc' with value 'asubtotal_abutton_additional_cost'

2018-09-13 16:33:00 - [MESSAGE][PASSED] - Object 'Object Repository/Sidebar Menu/Mesin Kasir/Kasir/Ringkasan Pesanan/Biaya Tambahan/Tambah_Biaya' has attribute 'content-desc' with value 'asubtotal_abutton_additional_cost'

2018-09-13 16:33:00 - [TEST_STEP][PASSED] - tap: Tapped on element 'Object Repository/Sidebar Menu/Mesin Kasir/Kasir/Ringkasan Pesanan/Biaya Tambahan/Tambah_Biaya'

2018-09-13 16:33:05 - [MESSAGE][PASSED] - Tapped on element 'Object Repository/Sidebar Menu/Mesin Kasir/Kasir/Ringkasan Pesanan/Biaya Tambahan/Tambah_Biaya'

2018-09-13 16:33:05 - [TEST_STEP][PASSED] - waitForElementPresent: Element 'Object Repository/Sidebar Menu/Mesin Kasir/Kasir/Ringkasan Pesanan/Biaya Tambahan/TambahBiaya - JudulDropdown' is present

2018-09-13 16:33:09 - [MESSAGE][PASSED] - Element 'Object Repository/Sidebar Menu/Mesin Kasir/Kasir/Ringkasan Pesanan/Biaya Tambahan/TambahBiaya - JudulDropdown' is present

2018-09-13 16:33:09 - [TEST_STEP][PASSED] - verifyElementAttributeValue: Object 'Object Repository/Sidebar Menu/Mesin Kasir/Kasir/Ringkasan Pesanan/Biaya Tambahan/TambahBiaya - JudulDropdown' has attribute 'content-desc' with value 'additionalCost_icon_costType'

2018-09-13 16:33:15 - [MESSAGE][PASSED] - Object 'Object Repository/Sidebar Menu/Mesin Kasir/Kasir/Ringkasan Pesanan/Biaya Tambahan/TambahBiaya - JudulDropdown' has attribute 'content-desc' with value 'additionalCost_icon_costType'

2018-09-13 16:33:15 - [TEST_STEP][PASSED] - tap: Tapped on element 'Object Repository/Sidebar Menu/Mesin Kasir/Kasir/Ringkasan Pesanan/Biaya Tambahan/TambahBiaya - JudulDropdown'

2018-09-13 16:33:20 - [MESSAGE][PASSED] - Tapped on element 'Object Repository/Sidebar Menu/Mesin Kasir/Kasir/Ringkasan Pesanan/Biaya Tambahan/TambahBiaya - JudulDropdown'

2018-09-13 16:33:20 - [TEST_STEP][PASSED] - waitForElementPresent: Element 'Object Repository/Sidebar Menu/Mesin Kasir/Kasir/Ringkasan Pesanan/Biaya Tambahan/TambahBiaya - JudulList3' is present

2018-09-13 16:33:24 - [MESSAGE][PASSED] - Element 'Object Repository/Sidebar Menu/Mesin Kasir/Kasir/Ringkasan Pesanan/Biaya Tambahan/TambahBiaya - JudulList3' is present

2018-09-13 16:33:24 - [TEST_STEP][PASSED] - verifyElementAttributeValue: Object 'Object Repository/Sidebar Menu/Mesin Kasir/Kasir/Ringkasan Pesanan/Biaya Tambahan/TambahBiaya - JudulList3' has attribute 'content-desc' with value 'additionalCost_text_costType_2'

2018-09-13 16:33:28 - [MESSAGE][PASSED] - Object 'Object Repository/Sidebar Menu/Mesin Kasir/Kasir/Ringkasan Pesanan/Biaya Tambahan/TambahBiaya - JudulList3' has attribute 'content-desc' with value 'additionalCost_text_costType_2'

2018-09-13 16:33:28 - [TEST_STEP][PASSED] - tap: Tapped on element 'Object Repository/Sidebar Menu/Mesin Kasir/Kasir/Ringkasan Pesanan/Biaya Tambahan/TambahBiaya - JudulList3'

2018-09-13 16:33:33 - [MESSAGE][PASSED] - Tapped on element 'Object Repository/Sidebar Menu/Mesin Kasir/Kasir/Ringkasan Pesanan/Biaya Tambahan/TambahBiaya - JudulList3'

2018-09-13 16:33:33 - [TEST_STEP][PASSED] - waitForElementPresent: Element 'Object Repository/Sidebar Menu/Mesin Kasir/Kasir/Ringkasan Pesanan/Biaya Tambahan/TambahBiaya - SIMPANbtn' is present

2018-09-13 16:33:36 - [MESSAGE][PASSED] - Element 'Object Repository/Sidebar Menu/Mesin Kasir/Kasir/Ringkasan Pesanan/Biaya Tambahan/TambahBiaya - SIMPANbtn' is present

2018-09-13 16:33:36 - [TEST_STEP][PASSED] - verifyElementAttributeValue: Object 'Object Repository/Sidebar Menu/Mesin Kasir/Kasir/Ringkasan Pesanan/Biaya Tambahan/TambahBiaya - SIMPANbtn' has attribute 'content-desc' with value 'additionalCost_button_saveCost'

2018-09-13 16:33:41 - [MESSAGE][PASSED] - Object 'Object Repository/Sidebar Menu/Mesin Kasir/Kasir/Ringkasan Pesanan/Biaya Tambahan/TambahBiaya - SIMPANbtn' has attribute 'content-desc' with value 'additionalCost_button_saveCost'

2018-09-13 16:33:41 - [TEST_STEP][PASSED] - tap: Tapped on element 'Object Repository/Sidebar Menu/Mesin Kasir/Kasir/Ringkasan Pesanan/Biaya Tambahan/TambahBiaya - SIMPANbtn'

2018-09-13 16:33:49 - [MESSAGE][PASSED] - Tapped on element 'Object Repository/Sidebar Menu/Mesin Kasir/Kasir/Ringkasan Pesanan/Biaya Tambahan/TambahBiaya - SIMPANbtn'

2018-09-13 16:33:49 - [TEST_STEP][PASSED] - Statement - ErMsg = com.kms.katalon.core.mobile.keyword.MobileBuiltInKeywords.getText(com.kms.katalon.core.testobject.ObjectRepository.findTestObject(Sidebar Menu/Mesin Kasir/Kasir/Ringkasan Pesanan/Biaya Tambahan/ErMsg-NBHarus diisi), G_ShortTimeOut): Text of element 'Object Repository/Sidebar Menu/Mesin Kasir/Kasir/Ringkasan Pesanan/Biaya Tambahan/ErMsg-NBHarus diisi' is: 'Harus diisi'

2018-09-13 16:33:55 - [MESSAGE][PASSED] - Text of element 'Object Repository/Sidebar Menu/Mesin Kasir/Kasir/Ringkasan Pesanan/Biaya Tambahan/ErMsg-NBHarus diisi' is: 'Harus diisi'

2018-09-13 16:33:55 - [TEST_STEP][PASSED] - verifyEqual: Actual object 'Harus diisi' and expected object 'Harus diisi' are equal

2018-09-13 16:33:55 - [MESSAGE][PASSED] - Actual object 'Harus diisi' and expected object 'Harus diisi' are equal

2018-09-13 16:33:55 - [TEST_STEP][PASSED] - Statement - ErMsg = com.kms.katalon.core.mobile.keyword.MobileBuiltInKeywords.getText(com.kms.katalon.core.testobject.ObjectRepository.findTestObject(Sidebar Menu/Mesin Kasir/Kasir/Ringkasan Pesanan/Biaya Tambahan/ErMsg - BiayaHarus diisi), G_ShortTimeOut): Text of element 'Object Repository/Sidebar Menu/Mesin Kasir/Kasir/Ringkasan Pesanan/Biaya Tambahan/ErMsg - BiayaHarus diisi' is: 'Harus diisi'

2018-09-13 16:34:05 - [MESSAGE][PASSED] - Text of element 'Object Repository/Sidebar Menu/Mesin Kasir/Kasir/Ringkasan Pesanan/Biaya Tambahan/ErMsg - BiayaHarus diisi' is: 'Harus diisi'

2018-09-13 16:34:05 - [TEST_STEP][PASSED] - verifyEqual: Actual object 'Harus diisi' and expected object 'Harus diisi' are equal

2018-09-13 16:34:05 - [MESSAGE][PASSED] - Actual object 'Harus diisi' and expected object 'Harus diisi' are equal

2018-09-13 16:34:05 - [TEST_STEP][PASSED] - delay: Delayed 5 second(s)

2018-09-13 16:34:10 - [MESSAGE][PASSED] - Delayed 5 second(s)

2018-09-13 16:34:10 - [TEST_STEP][PASSED] - closeApplication: Close app successfully

2018-09-13 16:34:17 - [MESSAGE][PASSED] - Close app successfully]]></system-out>
         <system-err><![CDATA[]]></system-err>
      </testcase>
      <testcase name="Test Cases/Release 3 - Squad Hades/Sprint 1/Story 1770 - Additional Biaya Tambahan in shoopping cart/TC 8 -  Biaya lain is not taxable and should not be less than Rp 0" classname="Test Cases/Release 3 - Squad Hades/Sprint 1/Story 1770 - Additional Biaya Tambahan in shoopping cart/TC 8 -  Biaya lain is not taxable and should not be less than Rp 0" status="PASSED">
         <system-out><![CDATA[2018-09-13 16:34:19 - [TEST_CASE][PASSED] - Test Cases/Release 3 - Squad Hades/Sprint 1/Story 1770 - Additional Biaya Tambahan in shoopping cart/TC 8 -  Biaya lain is not taxable and should not be less than Rp 0: Test Cases/Release 3 - Squad Hades/Sprint 1/Story 1770 - Additional Biaya Tambahan in shoopping cart/TC 8 -  Biaya lain is not taxable and should not be less than Rp 0

2018-09-13 16:34:19 - [TEST_STEP][PASSED] - comment: WELCOME SCREEN

2018-09-13 16:34:19 - [TEST_STEP][PASSED] - Statement - apkPath = apkName: null

2018-09-13 16:34:19 - [TEST_STEP][PASSED] - startApplication: Started app at: 'C:\Users\AV2017005903\Documents\apollo-automation\12 September.apk'

2018-09-13 16:34:54 - [MESSAGE][PASSED] - Started app at: 'C:\Users\AV2017005903\Documents\apollo-automation\12 September.apk'

2018-09-13 16:34:54 - [TEST_STEP][PASSED] - delay: Delayed 15 second(s)

2018-09-13 16:35:09 - [MESSAGE][PASSED] - Delayed 15 second(s)

2018-09-13 16:35:09 - [TEST_STEP][PASSED] - Comment - "If there is a Update TopuUp, click No, Else you can delay for waiting lazyload ": null

2018-09-13 16:35:09 - [TEST_STEP][PASSED] - Statement - driver = com.kms.katalon.core.mobile.keyword.internal.MobileDriverFactory.getDriver(): null

2018-09-13 16:35:09 - [TEST_STEP][PASSED] - Statement - action = new io.appium.java_client.TouchAction(driver): null

2018-09-13 16:35:09 - [TEST_STEP][PASSED] - Statement - action.longPress(550, 300).moveTo(100, 300).release().perform(): null

2018-09-13 16:35:12 - [TEST_STEP][PASSED] - delay: Delayed 8 second(s)

2018-09-13 16:35:20 - [MESSAGE][PASSED] - Delayed 8 second(s)

2018-09-13 16:35:20 - [TEST_STEP][PASSED] - Statement - action.longPress(550, 300).moveTo(100, 300).release().perform(): null

2018-09-13 16:35:22 - [TEST_STEP][PASSED] - delay: Delayed 8 second(s)

2018-09-13 16:35:30 - [MESSAGE][PASSED] - Delayed 8 second(s)

2018-09-13 16:35:30 - [TEST_STEP][PASSED] - Statement - action.longPress(550, 300).moveTo(100, 300).release().perform(): null

2018-09-13 16:35:33 - [TEST_STEP][PASSED] - delay: Delayed 8 second(s)

2018-09-13 16:35:41 - [MESSAGE][PASSED] - Delayed 8 second(s)

2018-09-13 16:35:41 - [TEST_STEP][PASSED] - Statement - action.longPress(550, 300).moveTo(100, 300).release().perform(): null

2018-09-13 16:35:44 - [TEST_STEP][PASSED] - delay: Delayed 8 second(s)

2018-09-13 16:35:52 - [MESSAGE][PASSED] - Delayed 8 second(s)

2018-09-13 16:35:52 - [TEST_STEP][PASSED] - waitForElementPresent: Element 'Object Repository/Splash Screen/Mulai - Button' is present

2018-09-13 16:35:54 - [MESSAGE][PASSED] - Element 'Object Repository/Splash Screen/Mulai - Button' is present

2018-09-13 16:35:54 - [TEST_STEP][PASSED] - tap: Tapped on element 'Object Repository/Splash Screen/Mulai - Button'

2018-09-13 16:36:04 - [MESSAGE][PASSED] - Tapped on element 'Object Repository/Splash Screen/Mulai - Button'

2018-09-13 16:36:04 - [TEST_STEP][PASSED] - comment: end Welcome Screen

2018-09-13 16:36:04 - [TEST_STEP][PASSED] - comment: LOGIN

2018-09-13 16:36:04 - [TEST_STEP][PASSED] - waitForElementPresent: Element 'Object Repository/Login/Nomor HP  Nama Pengguna - Text Box' is present

2018-09-13 16:36:07 - [MESSAGE][PASSED] - Element 'Object Repository/Login/Nomor HP  Nama Pengguna - Text Box' is present

2018-09-13 16:36:07 - [TEST_STEP][PASSED] - verifyElementAttributeValue: Object 'Object Repository/Login/Nomor HP  Nama Pengguna - Text Box' has attribute 'content-desc' with value 'LoginNameTextInput'

2018-09-13 16:36:15 - [MESSAGE][PASSED] - Object 'Object Repository/Login/Nomor HP  Nama Pengguna - Text Box' has attribute 'content-desc' with value 'LoginNameTextInput'

2018-09-13 16:36:15 - [TEST_STEP][PASSED] - setText: Text '08112233445567' has been set to element 'Object Repository/Login/Nomor HP  Nama Pengguna - Text Box'

2018-09-13 16:36:36 - [MESSAGE][PASSED] - Text '08112233445567' has been set to element 'Object Repository/Login/Nomor HP  Nama Pengguna - Text Box'

2018-09-13 16:36:36 - [TEST_STEP][PASSED] - hideKeyboard: Keyboard is hidden

2018-09-13 16:36:38 - [MESSAGE][PASSED] - Keyboard is hidden

2018-09-13 16:36:38 - [TEST_STEP][PASSED] - verifyElementText: Actual text and expected text of test object 'Object Repository/Login/Nomor HP  Nama Pengguna - Text Box' are matched.

2018-09-13 16:36:42 - [MESSAGE][PASSED] - Actual text and expected text of test object 'Object Repository/Login/Nomor HP  Nama Pengguna - Text Box' are matched.

2018-09-13 16:36:42 - [TEST_STEP][PASSED] - waitForElementPresent: Element 'Object Repository/Login/Button Masuk' is present

2018-09-13 16:36:46 - [MESSAGE][PASSED] - Element 'Object Repository/Login/Button Masuk' is present

2018-09-13 16:36:46 - [TEST_STEP][PASSED] - verifyElementAttributeValue: Object 'Object Repository/Login/Button Masuk' has attribute 'content-desc' with value 'LoginJumpNextBtn'

2018-09-13 16:36:50 - [MESSAGE][PASSED] - Object 'Object Repository/Login/Button Masuk' has attribute 'content-desc' with value 'LoginJumpNextBtn'

2018-09-13 16:36:50 - [TEST_STEP][PASSED] - tap: Tapped on element 'Object Repository/Login/Button Masuk'

2018-09-13 16:36:55 - [MESSAGE][PASSED] - Tapped on element 'Object Repository/Login/Button Masuk'

2018-09-13 16:36:55 - [TEST_STEP][PASSED] - waitForElementPresent: Element 'Object Repository/Login/Input Pin' is present

2018-09-13 16:37:01 - [MESSAGE][PASSED] - Element 'Object Repository/Login/Input Pin' is present

2018-09-13 16:37:01 - [TEST_STEP][PASSED] - verifyElementAttributeValue: Object 'Object Repository/Login/Input Pin' has attribute 'content-desc' with value 'pinCircleFocus'

2018-09-13 16:37:05 - [MESSAGE][PASSED] - Object 'Object Repository/Login/Input Pin' has attribute 'content-desc' with value 'pinCircleFocus'

2018-09-13 16:37:05 - [TEST_STEP][PASSED] - tap: Tapped on element 'Object Repository/Login/Input Pin'

2018-09-13 16:37:12 - [MESSAGE][PASSED] - Tapped on element 'Object Repository/Login/Input Pin'

2018-09-13 16:37:12 - [TEST_STEP][PASSED] - setText: Text '123456' has been set to element 'Object Repository/Login/Input Pin'

2018-09-13 16:37:30 - [MESSAGE][PASSED] - Text '123456' has been set to element 'Object Repository/Login/Input Pin'

2018-09-13 16:37:30 - [TEST_STEP][PASSED] - delay: Delayed 5 second(s)

2018-09-13 16:37:35 - [MESSAGE][PASSED] - Delayed 5 second(s)

2018-09-13 16:37:35 - [TEST_STEP][PASSED] - comment: End Login Test Case

2018-09-13 16:37:35 - [TEST_STEP][PASSED] - waitForElementPresent: Element 'Object Repository/Sidebar Menu/Biaya/HamburgerButton' is present

2018-09-13 16:37:43 - [MESSAGE][PASSED] - Element 'Object Repository/Sidebar Menu/Biaya/HamburgerButton' is present

2018-09-13 16:37:43 - [TEST_STEP][PASSED] - comment: MESIN KASIR

2018-09-13 16:37:43 - [TEST_STEP][PASSED] - verifyElementAttributeValue: Object 'Object Repository/Sidebar Menu/Biaya/HamburgerButton' has attribute 'content-desc' with value 'headerBar_button_hamburgerMenu'

2018-09-13 16:37:53 - [MESSAGE][PASSED] - Object 'Object Repository/Sidebar Menu/Biaya/HamburgerButton' has attribute 'content-desc' with value 'headerBar_button_hamburgerMenu'

2018-09-13 16:37:53 - [TEST_STEP][PASSED] - tap: Tapped on element 'Object Repository/Sidebar Menu/Biaya/HamburgerButton'

2018-09-13 16:37:59 - [MESSAGE][PASSED] - Tapped on element 'Object Repository/Sidebar Menu/Biaya/HamburgerButton'

2018-09-13 16:37:59 - [TEST_STEP][PASSED] - waitForElementPresent: Element 'Object Repository/Sidebar Menu/Mesin Kasir/Kasir/Dashboard Kasir/Kasir' is present

2018-09-13 16:38:03 - [MESSAGE][PASSED] - Element 'Object Repository/Sidebar Menu/Mesin Kasir/Kasir/Dashboard Kasir/Kasir' is present

2018-09-13 16:38:03 - [TEST_STEP][PASSED] - verifyElementAttributeValue: Object 'Object Repository/Sidebar Menu/Mesin Kasir/Kasir/Dashboard Kasir/Kasir' has attribute 'content-desc' with value 'drawerContainer_button_cashierSwitch'

2018-09-13 16:38:07 - [MESSAGE][PASSED] - Object 'Object Repository/Sidebar Menu/Mesin Kasir/Kasir/Dashboard Kasir/Kasir' has attribute 'content-desc' with value 'drawerContainer_button_cashierSwitch'

2018-09-13 16:38:07 - [TEST_STEP][PASSED] - tap: Tapped on element 'Object Repository/Sidebar Menu/Mesin Kasir/Kasir/Dashboard Kasir/Kasir'

2018-09-13 16:38:12 - [MESSAGE][PASSED] - Tapped on element 'Object Repository/Sidebar Menu/Mesin Kasir/Kasir/Dashboard Kasir/Kasir'

2018-09-13 16:38:12 - [TEST_STEP][PASSED] - waitForElementPresent: Element 'Object Repository/Sidebar Menu/Mesin Kasir/Kasir/Dashboard Kasir/ListProduk 1' is present

2018-09-13 16:38:16 - [MESSAGE][PASSED] - Element 'Object Repository/Sidebar Menu/Mesin Kasir/Kasir/Dashboard Kasir/ListProduk 1' is present

2018-09-13 16:38:16 - [TEST_STEP][PASSED] - verifyElementAttributeValue: Object 'Object Repository/Sidebar Menu/Mesin Kasir/Kasir/Dashboard Kasir/ListProduk 1' has attribute 'content-desc' with value 'productSalesItem0'

2018-09-13 16:38:25 - [MESSAGE][PASSED] - Object 'Object Repository/Sidebar Menu/Mesin Kasir/Kasir/Dashboard Kasir/ListProduk 1' has attribute 'content-desc' with value 'productSalesItem0'

2018-09-13 16:38:25 - [TEST_STEP][PASSED] - Statement - For (def index : (0..1)): Tapped on element 'Object Repository/Sidebar Menu/Mesin Kasir/Kasir/Dashboard Kasir/ListProduk 1'

2018-09-13 16:38:25 - [TEST_STEP][PASSED] - tap: Tapped on element 'Object Repository/Sidebar Menu/Mesin Kasir/Kasir/Dashboard Kasir/ListProduk 1'

2018-09-13 16:38:34 - [MESSAGE][PASSED] - Tapped on element 'Object Repository/Sidebar Menu/Mesin Kasir/Kasir/Dashboard Kasir/ListProduk 1'

2018-09-13 16:38:34 - [TEST_STEP][PASSED] - tap: Tapped on element 'Object Repository/Sidebar Menu/Mesin Kasir/Kasir/Dashboard Kasir/ListProduk 1'

2018-09-13 16:38:43 - [MESSAGE][PASSED] - Tapped on element 'Object Repository/Sidebar Menu/Mesin Kasir/Kasir/Dashboard Kasir/ListProduk 1'

2018-09-13 16:38:43 - [TEST_STEP][PASSED] - Statement - For (def index : (0..1)): Tapped on element 'Object Repository/Sidebar Menu/Mesin Kasir/Kasir/Dashboard Kasir/ListProduk 2'

2018-09-13 16:38:43 - [TEST_STEP][PASSED] - tap: Tapped on element 'Object Repository/Sidebar Menu/Mesin Kasir/Kasir/Dashboard Kasir/ListProduk 2'

2018-09-13 16:38:48 - [MESSAGE][PASSED] - Tapped on element 'Object Repository/Sidebar Menu/Mesin Kasir/Kasir/Dashboard Kasir/ListProduk 2'

2018-09-13 16:38:48 - [TEST_STEP][PASSED] - tap: Tapped on element 'Object Repository/Sidebar Menu/Mesin Kasir/Kasir/Dashboard Kasir/ListProduk 2'

2018-09-13 16:38:55 - [MESSAGE][PASSED] - Tapped on element 'Object Repository/Sidebar Menu/Mesin Kasir/Kasir/Dashboard Kasir/ListProduk 2'

2018-09-13 16:38:55 - [TEST_STEP][PASSED] - waitForElementPresent: Element 'Object Repository/Sidebar Menu/Mesin Kasir/Kasir/Estimasi Detail Pesanan/Keranjangbtn' is present

2018-09-13 16:38:58 - [MESSAGE][PASSED] - Element 'Object Repository/Sidebar Menu/Mesin Kasir/Kasir/Estimasi Detail Pesanan/Keranjangbtn' is present

2018-09-13 16:38:58 - [TEST_STEP][PASSED] - tap: Tapped on element 'Object Repository/Sidebar Menu/Mesin Kasir/Kasir/Estimasi Detail Pesanan/Keranjangbtn'

2018-09-13 16:39:03 - [MESSAGE][PASSED] - Tapped on element 'Object Repository/Sidebar Menu/Mesin Kasir/Kasir/Estimasi Detail Pesanan/Keranjangbtn'

2018-09-13 16:39:03 - [TEST_STEP][PASSED] - comment: Ringkasan Pesanan Onboarding

2018-09-13 16:39:03 - [TEST_STEP][PASSED] - waitForElementPresent: Element 'Object Repository/Sidebar Menu/Mesin Kasir/Kasir/Ringkasan Pesanan/Diskon Tambahan/Tambah_Diskon' is present

2018-09-13 16:39:11 - [MESSAGE][PASSED] - Element 'Object Repository/Sidebar Menu/Mesin Kasir/Kasir/Ringkasan Pesanan/Diskon Tambahan/Tambah_Diskon' is present

2018-09-13 16:39:11 - [TEST_STEP][PASSED] - verifyElementAttributeValue: Object 'Object Repository/Sidebar Menu/Mesin Kasir/Kasir/Ringkasan Pesanan/Diskon Tambahan/Tambah_Diskon' has attribute 'content-desc' with value 'asubtotal_atext_additional_discount'

2018-09-13 16:39:16 - [MESSAGE][PASSED] - Object 'Object Repository/Sidebar Menu/Mesin Kasir/Kasir/Ringkasan Pesanan/Diskon Tambahan/Tambah_Diskon' has attribute 'content-desc' with value 'asubtotal_atext_additional_discount'

2018-09-13 16:39:16 - [TEST_STEP][PASSED] - verifyElementVisible: Element 'Object Repository/Sidebar Menu/Mesin Kasir/Kasir/Ringkasan Pesanan/Diskon Tambahan/Tambah_Diskon' is visible

2018-09-13 16:39:20 - [MESSAGE][PASSED] - Element 'Object Repository/Sidebar Menu/Mesin Kasir/Kasir/Ringkasan Pesanan/Diskon Tambahan/Tambah_Diskon' is visible

2018-09-13 16:39:20 - [TEST_STEP][PASSED] - waitForElementPresent: Element 'Object Repository/Sidebar Menu/Mesin Kasir/Kasir/Ringkasan Pesanan/Biaya Tambahan/Tambah_Biaya' is present

2018-09-13 16:39:23 - [MESSAGE][PASSED] - Element 'Object Repository/Sidebar Menu/Mesin Kasir/Kasir/Ringkasan Pesanan/Biaya Tambahan/Tambah_Biaya' is present

2018-09-13 16:39:23 - [TEST_STEP][PASSED] - verifyElementAttributeValue: Object 'Object Repository/Sidebar Menu/Mesin Kasir/Kasir/Ringkasan Pesanan/Biaya Tambahan/Tambah_Biaya' has attribute 'content-desc' with value 'asubtotal_abutton_additional_cost'

2018-09-13 16:39:32 - [MESSAGE][PASSED] - Object 'Object Repository/Sidebar Menu/Mesin Kasir/Kasir/Ringkasan Pesanan/Biaya Tambahan/Tambah_Biaya' has attribute 'content-desc' with value 'asubtotal_abutton_additional_cost'

2018-09-13 16:39:32 - [TEST_STEP][PASSED] - tap: Tapped on element 'Object Repository/Sidebar Menu/Mesin Kasir/Kasir/Ringkasan Pesanan/Biaya Tambahan/Tambah_Biaya'

2018-09-13 16:39:37 - [MESSAGE][PASSED] - Tapped on element 'Object Repository/Sidebar Menu/Mesin Kasir/Kasir/Ringkasan Pesanan/Biaya Tambahan/Tambah_Biaya'

2018-09-13 16:39:37 - [TEST_STEP][PASSED] - waitForElementPresent: Element 'Object Repository/Sidebar Menu/Mesin Kasir/Kasir/Ringkasan Pesanan/Biaya Tambahan/TambahBiaya - JudulDropdown' is present

2018-09-13 16:39:45 - [MESSAGE][PASSED] - Element 'Object Repository/Sidebar Menu/Mesin Kasir/Kasir/Ringkasan Pesanan/Biaya Tambahan/TambahBiaya - JudulDropdown' is present

2018-09-13 16:39:45 - [TEST_STEP][PASSED] - verifyElementAttributeValue: Object 'Object Repository/Sidebar Menu/Mesin Kasir/Kasir/Ringkasan Pesanan/Biaya Tambahan/TambahBiaya - JudulDropdown' has attribute 'content-desc' with value 'additionalCost_icon_costType'

2018-09-13 16:39:52 - [MESSAGE][PASSED] - Object 'Object Repository/Sidebar Menu/Mesin Kasir/Kasir/Ringkasan Pesanan/Biaya Tambahan/TambahBiaya - JudulDropdown' has attribute 'content-desc' with value 'additionalCost_icon_costType'

2018-09-13 16:39:52 - [TEST_STEP][PASSED] - tap: Tapped on element 'Object Repository/Sidebar Menu/Mesin Kasir/Kasir/Ringkasan Pesanan/Biaya Tambahan/TambahBiaya - JudulDropdown'

2018-09-13 16:39:57 - [MESSAGE][PASSED] - Tapped on element 'Object Repository/Sidebar Menu/Mesin Kasir/Kasir/Ringkasan Pesanan/Biaya Tambahan/TambahBiaya - JudulDropdown'

2018-09-13 16:39:57 - [TEST_STEP][PASSED] - waitForElementPresent: Element 'Object Repository/Sidebar Menu/Mesin Kasir/Kasir/Ringkasan Pesanan/Biaya Tambahan/TambahBiaya - JudulList3' is present

2018-09-13 16:40:04 - [MESSAGE][PASSED] - Element 'Object Repository/Sidebar Menu/Mesin Kasir/Kasir/Ringkasan Pesanan/Biaya Tambahan/TambahBiaya - JudulList3' is present

2018-09-13 16:40:04 - [TEST_STEP][PASSED] - verifyElementAttributeValue: Object 'Object Repository/Sidebar Menu/Mesin Kasir/Kasir/Ringkasan Pesanan/Biaya Tambahan/TambahBiaya - JudulList3' has attribute 'content-desc' with value 'additionalCost_text_costType_2'

2018-09-13 16:40:08 - [MESSAGE][PASSED] - Object 'Object Repository/Sidebar Menu/Mesin Kasir/Kasir/Ringkasan Pesanan/Biaya Tambahan/TambahBiaya - JudulList3' has attribute 'content-desc' with value 'additionalCost_text_costType_2'

2018-09-13 16:40:08 - [TEST_STEP][PASSED] - tap: Tapped on element 'Object Repository/Sidebar Menu/Mesin Kasir/Kasir/Ringkasan Pesanan/Biaya Tambahan/TambahBiaya - JudulList3'

2018-09-13 16:40:17 - [MESSAGE][PASSED] - Tapped on element 'Object Repository/Sidebar Menu/Mesin Kasir/Kasir/Ringkasan Pesanan/Biaya Tambahan/TambahBiaya - JudulList3'

2018-09-13 16:40:17 - [TEST_STEP][PASSED] - waitForElementPresent: Element 'Object Repository/Sidebar Menu/Mesin Kasir/Kasir/Ringkasan Pesanan/Biaya Tambahan/TambahBiaya - BiayaLainEdtTxt' is present

2018-09-13 16:40:22 - [MESSAGE][PASSED] - Element 'Object Repository/Sidebar Menu/Mesin Kasir/Kasir/Ringkasan Pesanan/Biaya Tambahan/TambahBiaya - BiayaLainEdtTxt' is present

2018-09-13 16:40:22 - [TEST_STEP][PASSED] - verifyElementAttributeValue: Object 'Object Repository/Sidebar Menu/Mesin Kasir/Kasir/Ringkasan Pesanan/Biaya Tambahan/TambahBiaya - BiayaLainEdtTxt' has attribute 'content-desc' with value 'additionalCost_input_extraCostInfo'

2018-09-13 16:40:26 - [MESSAGE][PASSED] - Object 'Object Repository/Sidebar Menu/Mesin Kasir/Kasir/Ringkasan Pesanan/Biaya Tambahan/TambahBiaya - BiayaLainEdtTxt' has attribute 'content-desc' with value 'additionalCost_input_extraCostInfo'

2018-09-13 16:40:26 - [TEST_STEP][PASSED] - setText: Text 'Buble Wrap' has been set to element 'Object Repository/Sidebar Menu/Mesin Kasir/Kasir/Ringkasan Pesanan/Biaya Tambahan/TambahBiaya - BiayaLainEdtTxt'

2018-09-13 16:40:44 - [MESSAGE][PASSED] - Text 'Buble Wrap' has been set to element 'Object Repository/Sidebar Menu/Mesin Kasir/Kasir/Ringkasan Pesanan/Biaya Tambahan/TambahBiaya - BiayaLainEdtTxt'

2018-09-13 16:40:44 - [TEST_STEP][PASSED] - hideKeyboard: Keyboard is hidden

2018-09-13 16:40:45 - [MESSAGE][PASSED] - Keyboard is hidden

2018-09-13 16:40:45 - [TEST_STEP][PASSED] - waitForElementPresent: Element 'Object Repository/Sidebar Menu/Mesin Kasir/Kasir/Ringkasan Pesanan/Biaya Tambahan/TambahBiaya - BiayaEditTxt' is present

2018-09-13 16:40:48 - [MESSAGE][PASSED] - Element 'Object Repository/Sidebar Menu/Mesin Kasir/Kasir/Ringkasan Pesanan/Biaya Tambahan/TambahBiaya - BiayaEditTxt' is present

2018-09-13 16:40:48 - [TEST_STEP][PASSED] - verifyElementAttributeValue: Object 'Object Repository/Sidebar Menu/Mesin Kasir/Kasir/Ringkasan Pesanan/Biaya Tambahan/TambahBiaya - BiayaEditTxt' has attribute 'content-desc' with value 'additionalCost_input_costAmount'

2018-09-13 16:40:56 - [MESSAGE][PASSED] - Object 'Object Repository/Sidebar Menu/Mesin Kasir/Kasir/Ringkasan Pesanan/Biaya Tambahan/TambahBiaya - BiayaEditTxt' has attribute 'content-desc' with value 'additionalCost_input_costAmount'

2018-09-13 16:40:56 - [TEST_STEP][PASSED] - setText: Text '0' has been set to element 'Object Repository/Sidebar Menu/Mesin Kasir/Kasir/Ringkasan Pesanan/Biaya Tambahan/TambahBiaya - BiayaEditTxt'

2018-09-13 16:41:14 - [MESSAGE][PASSED] - Text '0' has been set to element 'Object Repository/Sidebar Menu/Mesin Kasir/Kasir/Ringkasan Pesanan/Biaya Tambahan/TambahBiaya - BiayaEditTxt'

2018-09-13 16:41:14 - [TEST_STEP][PASSED] - hideKeyboard: Keyboard is hidden

2018-09-13 16:41:16 - [MESSAGE][PASSED] - Keyboard is hidden

2018-09-13 16:41:16 - [TEST_STEP][PASSED] - verifyElementText: Actual text and expected text of test object 'Object Repository/Sidebar Menu/Mesin Kasir/Kasir/Ringkasan Pesanan/Biaya Tambahan/TambahBiaya - BiayaEditTxt' are matched.

2018-09-13 16:41:20 - [MESSAGE][PASSED] - Actual text and expected text of test object 'Object Repository/Sidebar Menu/Mesin Kasir/Kasir/Ringkasan Pesanan/Biaya Tambahan/TambahBiaya - BiayaEditTxt' are matched.

2018-09-13 16:41:20 - [TEST_STEP][PASSED] - waitForElementPresent: Element 'Object Repository/Sidebar Menu/Mesin Kasir/Kasir/Ringkasan Pesanan/Biaya Tambahan/TambahBiaya - SIMPANbtn' is present

2018-09-13 16:41:23 - [MESSAGE][PASSED] - Element 'Object Repository/Sidebar Menu/Mesin Kasir/Kasir/Ringkasan Pesanan/Biaya Tambahan/TambahBiaya - SIMPANbtn' is present

2018-09-13 16:41:23 - [TEST_STEP][PASSED] - verifyElementAttributeValue: Object 'Object Repository/Sidebar Menu/Mesin Kasir/Kasir/Ringkasan Pesanan/Biaya Tambahan/TambahBiaya - SIMPANbtn' has attribute 'content-desc' with value 'additionalCost_button_saveCost'

2018-09-13 16:41:28 - [MESSAGE][PASSED] - Object 'Object Repository/Sidebar Menu/Mesin Kasir/Kasir/Ringkasan Pesanan/Biaya Tambahan/TambahBiaya - SIMPANbtn' has attribute 'content-desc' with value 'additionalCost_button_saveCost'

2018-09-13 16:41:28 - [TEST_STEP][PASSED] - tap: Tapped on element 'Object Repository/Sidebar Menu/Mesin Kasir/Kasir/Ringkasan Pesanan/Biaya Tambahan/TambahBiaya - SIMPANbtn'

2018-09-13 16:41:33 - [MESSAGE][PASSED] - Tapped on element 'Object Repository/Sidebar Menu/Mesin Kasir/Kasir/Ringkasan Pesanan/Biaya Tambahan/TambahBiaya - SIMPANbtn'

2018-09-13 16:41:33 - [TEST_STEP][PASSED] - Statement - ErMsg = com.kms.katalon.core.mobile.keyword.MobileBuiltInKeywords.getText(com.kms.katalon.core.testobject.ObjectRepository.findTestObject(Sidebar Menu/Mesin Kasir/Kasir/Ringkasan Pesanan/Biaya Tambahan/ErMsg-BiayaHarus lebih dari Rp 0), G_ShortTimeOut): Text of element 'Object Repository/Sidebar Menu/Mesin Kasir/Kasir/Ringkasan Pesanan/Biaya Tambahan/ErMsg-BiayaHarus lebih dari Rp 0' is: 'Harus lebih dari Rp 0'

2018-09-13 16:41:38 - [MESSAGE][PASSED] - Text of element 'Object Repository/Sidebar Menu/Mesin Kasir/Kasir/Ringkasan Pesanan/Biaya Tambahan/ErMsg-BiayaHarus lebih dari Rp 0' is: 'Harus lebih dari Rp 0'

2018-09-13 16:41:38 - [TEST_STEP][PASSED] - verifyEqual: Actual object 'Harus lebih dari Rp 0' and expected object 'Harus lebih dari Rp 0' are equal

2018-09-13 16:41:38 - [MESSAGE][PASSED] - Actual object 'Harus lebih dari Rp 0' and expected object 'Harus lebih dari Rp 0' are equal

2018-09-13 16:41:38 - [TEST_STEP][PASSED] - delay: Delayed 5 second(s)

2018-09-13 16:41:43 - [MESSAGE][PASSED] - Delayed 5 second(s)

2018-09-13 16:41:43 - [TEST_STEP][PASSED] - closeApplication: Close app successfully

2018-09-13 16:41:49 - [MESSAGE][PASSED] - Close app successfully]]></system-out>
         <system-err><![CDATA[]]></system-err>
      </testcase>
      <system-out><![CDATA[2018-09-13 15:45:43 - [TEST_SUITE][PASSED] - Story 1770 - Additional Biaya Tambahan in shoopping cart: Test Cases/Release 3 - Squad Hades/Sprint 1/Story 1770 - Additional Biaya Tambahan in shoopping cart/TC 8 -  Biaya lain is not taxable and should not be less than Rp 0]]></system-out>
      <system-err><![CDATA[]]></system-err>
   </testsuite>
</testsuites>
