<?xml version="1.0" encoding="UTF-8"?>
<testsuites name="Story 29" time="207" tests="11" failures="0" errors="0">
   <testsuite name="Story 29" tests="11" failures="0" errors="0" time="207" timestamp="2018-03-15 08:29:02" hostname="AV2017005903 - NBMP18A211ITSQA.corp.bankbtpn.co.id" id="Test Suites/Story 29">
      <properties>
         <property name="deviceName" value="asus ASUS_X014D 5.1.1"/>
         <property name="devicePlatform" value=""/>
         <property name="logFolder" value="C:\\Users\\AV2017005903\\Documents\\apollo-automation\\Reports\\Story 29\\20180315_082900"/>
         <property name="logFiles" value="C:\\Users\\AV2017005903\\Documents\\apollo-automation\\Reports\\Story 29\\20180315_082900\\appium.log, C:\\Users\\AV2017005903\\Documents\\apollo-automation\\Reports\\Story 29\\20180315_082900\\execution0.log"/>
         <property name="attachments" value=""/>
         <property name="hostName" value="AV2017005903 - NBMP18A211ITSQA.corp.bankbtpn.co.id"/>
         <property name="os" value="Windows 10 64bit"/>
         <property name="katalonVersion" value="5.0.0.1"/>
         <property name="deviceOS" value="Android"/>
         <property name="appiumVersion" value="1.6.5"/>
         <property name="deviceModel" value="ASUS_X014D"/>
         <property name="hostAddress" value="192.168.43.137"/>
         <property name="deviceManufacturer" value="asus"/>
         <property name="deviceId" value="GBAXGV411465ERX"/>
         <property name="deviceName" value="asus ASUS_X014D 5.1.1"/>
         <property name="deviceOSVersion" value="5.1.1"/>
      </properties>
      <testcase name="Test Cases/Story 29 - Detail Cart/TC 1" classname="Test Cases/Story 29 - Detail Cart/TC 1" status="PASSED">
         <system-out><![CDATA[2018-03-15 08:29:02 - [TEST_CASE][PASSED] - Test Cases/Story 29 - Detail Cart/TC 1: Test Cases/Story 29 - Detail Cart/TC 1

2018-03-15 08:29:02 - [TEST_STEP][PASSED] - comment: Start Story 29

2018-03-15 08:29:02 - [TEST_STEP][PASSED] - Statement - apkPath = com.kms.katalon.core.util.internal.PathUtil.relativeToAbsolutePath(apkName, com.kms.katalon.core.configuration.RunConfiguration.getProjectDir()): null

2018-03-15 08:29:02 - [TEST_STEP][PASSED] - startApplication: Started app at: 'C:\Users\AV2017005903\Documents\apollo-automation\13 Maret 17.23.apk'

2018-03-15 08:29:20 - [MESSAGE][PASSED] - Started app at: 'C:\Users\AV2017005903\Documents\apollo-automation\13 Maret 17.23.apk'

2018-03-15 08:29:20 - [TEST_STEP][NOT_RUN] - verifyElementExist: NOT_RUN: verifyElementExist

2018-03-15 08:29:20 - [MESSAGE][NOT_RUN] - NOT_RUN: verifyElementExist

2018-03-15 08:29:20 - [TEST_STEP][PASSED] - tap: Tapped on element 'Object Repository/Login/Daftar Sekarang - Belum Punya Akun'

2018-03-15 08:29:27 - [MESSAGE][PASSED] - Tapped on element 'Object Repository/Login/Daftar Sekarang - Belum Punya Akun'

2018-03-15 08:29:27 - [TEST_STEP][PASSED] - waitForElementPresent: Element 'Object Repository/Sidebar Menu/HamburgerButton' is present

2018-03-15 08:29:31 - [MESSAGE][PASSED] - Element 'Object Repository/Sidebar Menu/HamburgerButton' is present

2018-03-15 08:29:31 - [TEST_STEP][PASSED] - tap: Tapped on element 'Object Repository/Sidebar Menu/HamburgerButton'

2018-03-15 08:29:33 - [MESSAGE][PASSED] - Tapped on element 'Object Repository/Sidebar Menu/HamburgerButton'

2018-03-15 08:29:33 - [TEST_STEP][PASSED] - tap: Tapped on element 'Object Repository/Sidebar Menu/Operasional/Operasional - Sidebar Menu'

2018-03-15 08:29:35 - [MESSAGE][PASSED] - Tapped on element 'Object Repository/Sidebar Menu/Operasional/Operasional - Sidebar Menu'

2018-03-15 08:29:35 - [TEST_STEP][PASSED] - tap: Tapped on element 'Object Repository/Sidebar Menu/Operasional/Kasir/Kasir - Navbar'

2018-03-15 08:29:38 - [MESSAGE][PASSED] - Tapped on element 'Object Repository/Sidebar Menu/Operasional/Kasir/Kasir - Navbar'

2018-03-15 08:29:38 - [TEST_STEP][PASSED] - delay: Delayed 5 second(s)

2018-03-15 08:29:43 - [MESSAGE][PASSED] - Delayed 5 second(s)

2018-03-15 08:29:43 - [TEST_STEP][PASSED] - Statement - For (def index : (0..7)): Tapped on element 'Object Repository/Sidebar Menu/Operasional/Kasir/PlusTap - ListProduct Elemen 1'

2018-03-15 08:29:43 - [TEST_STEP][PASSED] - tap: Tapped on element 'Object Repository/Sidebar Menu/Operasional/Kasir/PlusTap - ListProduct Elemen 1'

2018-03-15 08:29:43 - [MESSAGE][PASSED] - Tapped on element 'Object Repository/Sidebar Menu/Operasional/Kasir/PlusTap - ListProduct Elemen 1'

2018-03-15 08:29:43 - [TEST_STEP][PASSED] - tap: Tapped on element 'Object Repository/Sidebar Menu/Operasional/Kasir/PlusTap - ListProduct Elemen 1'

2018-03-15 08:29:45 - [MESSAGE][PASSED] - Tapped on element 'Object Repository/Sidebar Menu/Operasional/Kasir/PlusTap - ListProduct Elemen 1'

2018-03-15 08:29:45 - [TEST_STEP][PASSED] - tap: Tapped on element 'Object Repository/Sidebar Menu/Operasional/Kasir/PlusTap - ListProduct Elemen 1'

2018-03-15 08:29:46 - [MESSAGE][PASSED] - Tapped on element 'Object Repository/Sidebar Menu/Operasional/Kasir/PlusTap - ListProduct Elemen 1'

2018-03-15 08:29:46 - [TEST_STEP][PASSED] - tap: Tapped on element 'Object Repository/Sidebar Menu/Operasional/Kasir/PlusTap - ListProduct Elemen 1'

2018-03-15 08:29:47 - [MESSAGE][PASSED] - Tapped on element 'Object Repository/Sidebar Menu/Operasional/Kasir/PlusTap - ListProduct Elemen 1'

2018-03-15 08:29:47 - [TEST_STEP][PASSED] - tap: Tapped on element 'Object Repository/Sidebar Menu/Operasional/Kasir/PlusTap - ListProduct Elemen 1'

2018-03-15 08:29:49 - [MESSAGE][PASSED] - Tapped on element 'Object Repository/Sidebar Menu/Operasional/Kasir/PlusTap - ListProduct Elemen 1'

2018-03-15 08:29:49 - [TEST_STEP][PASSED] - tap: Tapped on element 'Object Repository/Sidebar Menu/Operasional/Kasir/PlusTap - ListProduct Elemen 1'

2018-03-15 08:29:50 - [MESSAGE][PASSED] - Tapped on element 'Object Repository/Sidebar Menu/Operasional/Kasir/PlusTap - ListProduct Elemen 1'

2018-03-15 08:29:50 - [TEST_STEP][PASSED] - tap: Tapped on element 'Object Repository/Sidebar Menu/Operasional/Kasir/PlusTap - ListProduct Elemen 1'

2018-03-15 08:29:52 - [MESSAGE][PASSED] - Tapped on element 'Object Repository/Sidebar Menu/Operasional/Kasir/PlusTap - ListProduct Elemen 1'

2018-03-15 08:29:52 - [TEST_STEP][PASSED] - tap: Tapped on element 'Object Repository/Sidebar Menu/Operasional/Kasir/PlusTap - ListProduct Elemen 1'

2018-03-15 08:29:53 - [MESSAGE][PASSED] - Tapped on element 'Object Repository/Sidebar Menu/Operasional/Kasir/PlusTap - ListProduct Elemen 1'

2018-03-15 08:29:53 - [TEST_STEP][PASSED] - Statement - For (def index : (0..1)): Tapped on element 'Object Repository/Sidebar Menu/Operasional/Kasir/MinusTap - List Product Elemen 1'

2018-03-15 08:29:53 - [TEST_STEP][PASSED] - tap: Tapped on element 'Object Repository/Sidebar Menu/Operasional/Kasir/MinusTap - List Product Elemen 1'

2018-03-15 08:29:55 - [MESSAGE][PASSED] - Tapped on element 'Object Repository/Sidebar Menu/Operasional/Kasir/MinusTap - List Product Elemen 1'

2018-03-15 08:29:55 - [TEST_STEP][PASSED] - tap: Tapped on element 'Object Repository/Sidebar Menu/Operasional/Kasir/MinusTap - List Product Elemen 1'

2018-03-15 08:29:56 - [MESSAGE][PASSED] - Tapped on element 'Object Repository/Sidebar Menu/Operasional/Kasir/MinusTap - List Product Elemen 1'

2018-03-15 08:29:56 - [TEST_STEP][PASSED] - waitForElementPresent: Element 'Object Repository/Sidebar Menu/Operasional/Kasir/KERANJANG' is present

2018-03-15 08:29:57 - [MESSAGE][PASSED] - Element 'Object Repository/Sidebar Menu/Operasional/Kasir/KERANJANG' is present

2018-03-15 08:29:57 - [TEST_STEP][PASSED] - tap: Tapped on element 'Object Repository/Sidebar Menu/Operasional/Kasir/KERANJANG'

2018-03-15 08:29:58 - [MESSAGE][PASSED] - Tapped on element 'Object Repository/Sidebar Menu/Operasional/Kasir/KERANJANG']]></system-out>
         <system-err><![CDATA[]]></system-err>
      </testcase>
      <testcase name="Test Cases/Story 29 - Detail Cart/TC 2" classname="Test Cases/Story 29 - Detail Cart/TC 2" status="PASSED">
         <system-out><![CDATA[2018-03-15 08:29:58 - [TEST_CASE][PASSED] - Test Cases/Story 29 - Detail Cart/TC 2: Test Cases/Story 29 - Detail Cart/TC 2

2018-03-15 08:29:58 - [TEST_STEP][PASSED] - delay: Delayed 5 second(s)

2018-03-15 08:30:03 - [MESSAGE][PASSED] - Delayed 5 second(s)

2018-03-15 08:30:03 - [TEST_STEP][PASSED] - Statement - For (def index : (0..3)): Tapped on element 'Object Repository/Sidebar Menu/Operasional/Kasir/Kerajang dan Pembayaran/MinusTap - Elemen 1'

2018-03-15 08:30:03 - [TEST_STEP][PASSED] - tap: Tapped on element 'Object Repository/Sidebar Menu/Operasional/Kasir/Kerajang dan Pembayaran/MinusTap - Elemen 1'

2018-03-15 08:30:04 - [MESSAGE][PASSED] - Tapped on element 'Object Repository/Sidebar Menu/Operasional/Kasir/Kerajang dan Pembayaran/MinusTap - Elemen 1'

2018-03-15 08:30:04 - [TEST_STEP][PASSED] - tap: Tapped on element 'Object Repository/Sidebar Menu/Operasional/Kasir/Kerajang dan Pembayaran/MinusTap - Elemen 1'

2018-03-15 08:30:05 - [MESSAGE][PASSED] - Tapped on element 'Object Repository/Sidebar Menu/Operasional/Kasir/Kerajang dan Pembayaran/MinusTap - Elemen 1'

2018-03-15 08:30:05 - [TEST_STEP][PASSED] - tap: Tapped on element 'Object Repository/Sidebar Menu/Operasional/Kasir/Kerajang dan Pembayaran/MinusTap - Elemen 1'

2018-03-15 08:30:07 - [MESSAGE][PASSED] - Tapped on element 'Object Repository/Sidebar Menu/Operasional/Kasir/Kerajang dan Pembayaran/MinusTap - Elemen 1'

2018-03-15 08:30:07 - [TEST_STEP][PASSED] - tap: Tapped on element 'Object Repository/Sidebar Menu/Operasional/Kasir/Kerajang dan Pembayaran/MinusTap - Elemen 1'

2018-03-15 08:30:08 - [MESSAGE][PASSED] - Tapped on element 'Object Repository/Sidebar Menu/Operasional/Kasir/Kerajang dan Pembayaran/MinusTap - Elemen 1']]></system-out>
         <system-err><![CDATA[]]></system-err>
      </testcase>
      <testcase name="Test Cases/Story 29 - Detail Cart/TC 3" classname="Test Cases/Story 29 - Detail Cart/TC 3" status="PASSED">
         <system-out><![CDATA[2018-03-15 08:30:08 - [TEST_CASE][PASSED] - Test Cases/Story 29 - Detail Cart/TC 3: Test Cases/Story 29 - Detail Cart/TC 3

2018-03-15 08:30:08 - [TEST_STEP][PASSED] - verifyElementExist: Element 'Object Repository/Sidebar Menu/Operasional/Kasir/Kerajang dan Pembayaran/InputbbyType - Elemen 1' is exist

2018-03-15 08:30:09 - [MESSAGE][PASSED] - Element 'Object Repository/Sidebar Menu/Operasional/Kasir/Kerajang dan Pembayaran/InputbbyType - Elemen 1' is exist

2018-03-15 08:30:09 - [TEST_STEP][PASSED] - tap: Tapped on element 'Object Repository/Sidebar Menu/Operasional/Kasir/Kerajang dan Pembayaran/InputbbyType - Elemen 1'

2018-03-15 08:30:10 - [MESSAGE][PASSED] - Tapped on element 'Object Repository/Sidebar Menu/Operasional/Kasir/Kerajang dan Pembayaran/InputbbyType - Elemen 1'

2018-03-15 08:30:10 - [TEST_STEP][PASSED] - clearText: Element 'Object Repository/Sidebar Menu/Operasional/Kasir/Kerajang dan Pembayaran/InputbbyType - Elemen 1' text is cleared

2018-03-15 08:30:16 - [MESSAGE][PASSED] - Element 'Object Repository/Sidebar Menu/Operasional/Kasir/Kerajang dan Pembayaran/InputbbyType - Elemen 1' text is cleared

2018-03-15 08:30:16 - [TEST_STEP][PASSED] - setText: Text '47' has been set to element 'Object Repository/Sidebar Menu/Operasional/Kasir/Kerajang dan Pembayaran/InputbbyType - Elemen 1'

2018-03-15 08:30:25 - [MESSAGE][PASSED] - Text '47' has been set to element 'Object Repository/Sidebar Menu/Operasional/Kasir/Kerajang dan Pembayaran/InputbbyType - Elemen 1']]></system-out>
         <system-err><![CDATA[]]></system-err>
      </testcase>
      <testcase name="Test Cases/Story 29 - Detail Cart/TC 4" classname="Test Cases/Story 29 - Detail Cart/TC 4" status="PASSED">
         <system-out><![CDATA[2018-03-15 08:30:25 - [TEST_CASE][PASSED] - Test Cases/Story 29 - Detail Cart/TC 4: Test Cases/Story 29 - Detail Cart/TC 4

2018-03-15 08:30:25 - [TEST_STEP][PASSED] - clearText: Element 'Object Repository/Sidebar Menu/Operasional/Kasir/Kerajang dan Pembayaran/InputbbyType - Elemen 1' text is cleared

2018-03-15 08:30:27 - [MESSAGE][PASSED] - Element 'Object Repository/Sidebar Menu/Operasional/Kasir/Kerajang dan Pembayaran/InputbbyType - Elemen 1' text is cleared

2018-03-15 08:30:27 - [TEST_STEP][PASSED] - verifyElementExist: Element 'Object Repository/Sidebar Menu/Operasional/Kasir/Kerajang dan Pembayaran/InputbbyType - Elemen 1' is exist

2018-03-15 08:30:28 - [MESSAGE][PASSED] - Element 'Object Repository/Sidebar Menu/Operasional/Kasir/Kerajang dan Pembayaran/InputbbyType - Elemen 1' is exist

2018-03-15 08:30:28 - [TEST_STEP][PASSED] - tap: Tapped on element 'Object Repository/Sidebar Menu/Operasional/Kasir/Kerajang dan Pembayaran/InputbbyType - Elemen 1'

2018-03-15 08:30:29 - [MESSAGE][PASSED] - Tapped on element 'Object Repository/Sidebar Menu/Operasional/Kasir/Kerajang dan Pembayaran/InputbbyType - Elemen 1'

2018-03-15 08:30:29 - [TEST_STEP][PASSED] - setText: Text '5' has been set to element 'Object Repository/Sidebar Menu/Operasional/Kasir/Kerajang dan Pembayaran/InputbbyType - Elemen 1'

2018-03-15 08:30:41 - [MESSAGE][PASSED] - Text '5' has been set to element 'Object Repository/Sidebar Menu/Operasional/Kasir/Kerajang dan Pembayaran/InputbbyType - Elemen 1'

2018-03-15 08:30:41 - [TEST_STEP][PASSED] - hideKeyboard: Keyboard is hidden

2018-03-15 08:30:42 - [MESSAGE][PASSED] - Keyboard is hidden]]></system-out>
         <system-err><![CDATA[]]></system-err>
      </testcase>
      <testcase name="Test Cases/Story 29 - Detail Cart/TC 5" classname="Test Cases/Story 29 - Detail Cart/TC 5" status="PASSED">
         <system-out><![CDATA[2018-03-15 08:30:42 - [TEST_CASE][PASSED] - Test Cases/Story 29 - Detail Cart/TC 5: Test Cases/Story 29 - Detail Cart/TC 5

2018-03-15 08:30:42 - [TEST_STEP][PASSED] - clearText: Element 'Object Repository/Sidebar Menu/Operasional/Kasir/Kerajang dan Pembayaran/InputbbyType - Elemen 1' text is cleared

2018-03-15 08:30:48 - [MESSAGE][PASSED] - Element 'Object Repository/Sidebar Menu/Operasional/Kasir/Kerajang dan Pembayaran/InputbbyType - Elemen 1' text is cleared

2018-03-15 08:30:48 - [TEST_STEP][PASSED] - verifyElementExist: Element 'Object Repository/Sidebar Menu/Operasional/Kasir/Kerajang dan Pembayaran/InputbbyType - Elemen 1' is exist

2018-03-15 08:30:49 - [MESSAGE][PASSED] - Element 'Object Repository/Sidebar Menu/Operasional/Kasir/Kerajang dan Pembayaran/InputbbyType - Elemen 1' is exist

2018-03-15 08:30:49 - [TEST_STEP][PASSED] - tap: Tapped on element 'Object Repository/Sidebar Menu/Operasional/Kasir/Kerajang dan Pembayaran/InputbbyType - Elemen 1'

2018-03-15 08:30:50 - [MESSAGE][PASSED] - Tapped on element 'Object Repository/Sidebar Menu/Operasional/Kasir/Kerajang dan Pembayaran/InputbbyType - Elemen 1'

2018-03-15 08:30:50 - [TEST_STEP][PASSED] - setText: Text '9999' has been set to element 'Object Repository/Sidebar Menu/Operasional/Kasir/Kerajang dan Pembayaran/InputbbyType - Elemen 1'

2018-03-15 08:31:01 - [MESSAGE][PASSED] - Text '9999' has been set to element 'Object Repository/Sidebar Menu/Operasional/Kasir/Kerajang dan Pembayaran/InputbbyType - Elemen 1'

2018-03-15 08:31:01 - [TEST_STEP][PASSED] - hideKeyboard: Keyboard is hidden

2018-03-15 08:31:02 - [MESSAGE][PASSED] - Keyboard is hidden]]></system-out>
         <system-err><![CDATA[]]></system-err>
      </testcase>
      <testcase name="Test Cases/Story 29 - Detail Cart/TC 6" classname="Test Cases/Story 29 - Detail Cart/TC 6" status="PASSED">
         <system-out><![CDATA[2018-03-15 08:31:03 - [TEST_CASE][PASSED] - Test Cases/Story 29 - Detail Cart/TC 6: Test Cases/Story 29 - Detail Cart/TC 6

2018-03-15 08:31:03 - [TEST_STEP][PASSED] - clearText: Element 'Object Repository/Sidebar Menu/Operasional/Kasir/Kerajang dan Pembayaran/InputbbyType - Elemen 1' text is cleared

2018-03-15 08:31:08 - [MESSAGE][PASSED] - Element 'Object Repository/Sidebar Menu/Operasional/Kasir/Kerajang dan Pembayaran/InputbbyType - Elemen 1' text is cleared

2018-03-15 08:31:08 - [TEST_STEP][PASSED] - verifyElementExist: Element 'Object Repository/Sidebar Menu/Operasional/Kasir/Kerajang dan Pembayaran/InputbbyType - Elemen 1' is exist

2018-03-15 08:31:08 - [MESSAGE][PASSED] - Element 'Object Repository/Sidebar Menu/Operasional/Kasir/Kerajang dan Pembayaran/InputbbyType - Elemen 1' is exist

2018-03-15 08:31:08 - [TEST_STEP][PASSED] - tap: Tapped on element 'Object Repository/Sidebar Menu/Operasional/Kasir/Kerajang dan Pembayaran/InputbbyType - Elemen 1'

2018-03-15 08:31:10 - [MESSAGE][PASSED] - Tapped on element 'Object Repository/Sidebar Menu/Operasional/Kasir/Kerajang dan Pembayaran/InputbbyType - Elemen 1'

2018-03-15 08:31:10 - [TEST_STEP][PASSED] - setText: Text '-3' has been set to element 'Object Repository/Sidebar Menu/Operasional/Kasir/Kerajang dan Pembayaran/InputbbyType - Elemen 1'

2018-03-15 08:31:21 - [MESSAGE][PASSED] - Text '-3' has been set to element 'Object Repository/Sidebar Menu/Operasional/Kasir/Kerajang dan Pembayaran/InputbbyType - Elemen 1'

2018-03-15 08:31:21 - [TEST_STEP][PASSED] - hideKeyboard: Keyboard is hidden

2018-03-15 08:31:23 - [MESSAGE][PASSED] - Keyboard is hidden]]></system-out>
         <system-err><![CDATA[]]></system-err>
      </testcase>
      <testcase name="Test Cases/Story 29 - Detail Cart/TC 7" classname="Test Cases/Story 29 - Detail Cart/TC 7" status="PASSED">
         <system-out><![CDATA[2018-03-15 08:31:23 - [TEST_CASE][PASSED] - Test Cases/Story 29 - Detail Cart/TC 7: Test Cases/Story 29 - Detail Cart/TC 7

2018-03-15 08:31:23 - [TEST_STEP][PASSED] - clearText: Element 'Object Repository/Sidebar Menu/Operasional/Kasir/Kerajang dan Pembayaran/InputbbyType - Elemen 1' text is cleared

2018-03-15 08:31:28 - [MESSAGE][PASSED] - Element 'Object Repository/Sidebar Menu/Operasional/Kasir/Kerajang dan Pembayaran/InputbbyType - Elemen 1' text is cleared

2018-03-15 08:31:28 - [TEST_STEP][PASSED] - verifyElementExist: Element 'Object Repository/Sidebar Menu/Operasional/Kasir/Kerajang dan Pembayaran/InputbbyType - Elemen 1' is exist

2018-03-15 08:31:28 - [MESSAGE][PASSED] - Element 'Object Repository/Sidebar Menu/Operasional/Kasir/Kerajang dan Pembayaran/InputbbyType - Elemen 1' is exist

2018-03-15 08:31:28 - [TEST_STEP][PASSED] - tap: Tapped on element 'Object Repository/Sidebar Menu/Operasional/Kasir/Kerajang dan Pembayaran/InputbbyType - Elemen 1'

2018-03-15 08:31:30 - [MESSAGE][PASSED] - Tapped on element 'Object Repository/Sidebar Menu/Operasional/Kasir/Kerajang dan Pembayaran/InputbbyType - Elemen 1'

2018-03-15 08:31:30 - [TEST_STEP][PASSED] - setText: Text '7.4' has been set to element 'Object Repository/Sidebar Menu/Operasional/Kasir/Kerajang dan Pembayaran/InputbbyType - Elemen 1'

2018-03-15 08:31:42 - [MESSAGE][PASSED] - Text '7.4' has been set to element 'Object Repository/Sidebar Menu/Operasional/Kasir/Kerajang dan Pembayaran/InputbbyType - Elemen 1'

2018-03-15 08:31:42 - [TEST_STEP][PASSED] - hideKeyboard: Keyboard is hidden

2018-03-15 08:31:43 - [MESSAGE][PASSED] - Keyboard is hidden]]></system-out>
         <system-err><![CDATA[]]></system-err>
      </testcase>
      <testcase name="Test Cases/Story 29 - Detail Cart/TC 8" classname="Test Cases/Story 29 - Detail Cart/TC 8" status="PASSED">
         <system-out><![CDATA[2018-03-15 08:31:43 - [TEST_CASE][PASSED] - Test Cases/Story 29 - Detail Cart/TC 8: Test Cases/Story 29 - Detail Cart/TC 8

2018-03-15 08:31:44 - [TEST_STEP][PASSED] - clearText: Element 'Object Repository/Sidebar Menu/Operasional/Kasir/Kerajang dan Pembayaran/InputbbyType - Elemen 1' text is cleared

2018-03-15 08:31:48 - [MESSAGE][PASSED] - Element 'Object Repository/Sidebar Menu/Operasional/Kasir/Kerajang dan Pembayaran/InputbbyType - Elemen 1' text is cleared

2018-03-15 08:31:48 - [TEST_STEP][PASSED] - verifyElementExist: Element 'Object Repository/Sidebar Menu/Operasional/Kasir/Kerajang dan Pembayaran/InputbbyType - Elemen 1' is exist

2018-03-15 08:31:49 - [MESSAGE][PASSED] - Element 'Object Repository/Sidebar Menu/Operasional/Kasir/Kerajang dan Pembayaran/InputbbyType - Elemen 1' is exist

2018-03-15 08:31:49 - [TEST_STEP][PASSED] - tap: Tapped on element 'Object Repository/Sidebar Menu/Operasional/Kasir/Kerajang dan Pembayaran/InputbbyType - Elemen 1'

2018-03-15 08:31:50 - [MESSAGE][PASSED] - Tapped on element 'Object Repository/Sidebar Menu/Operasional/Kasir/Kerajang dan Pembayaran/InputbbyType - Elemen 1'

2018-03-15 08:31:50 - [TEST_STEP][PASSED] - setText: Text '-3' has been set to element 'Object Repository/Sidebar Menu/Operasional/Kasir/Kerajang dan Pembayaran/InputbbyType - Elemen 1'

2018-03-15 08:32:01 - [MESSAGE][PASSED] - Text '-3' has been set to element 'Object Repository/Sidebar Menu/Operasional/Kasir/Kerajang dan Pembayaran/InputbbyType - Elemen 1'

2018-03-15 08:32:01 - [TEST_STEP][PASSED] - hideKeyboard: Keyboard is hidden

2018-03-15 08:32:03 - [MESSAGE][PASSED] - Keyboard is hidden

2018-03-15 08:32:03 - [TEST_STEP][PASSED] - Statement - For (def index : (0..3)): Tapped on element 'Object Repository/Sidebar Menu/Operasional/Kasir/Kerajang dan Pembayaran/MinusTap - Elemen 1'

2018-03-15 08:32:03 - [TEST_STEP][PASSED] - tap: Tapped on element 'Object Repository/Sidebar Menu/Operasional/Kasir/Kerajang dan Pembayaran/MinusTap - Elemen 1'

2018-03-15 08:32:03 - [MESSAGE][PASSED] - Tapped on element 'Object Repository/Sidebar Menu/Operasional/Kasir/Kerajang dan Pembayaran/MinusTap - Elemen 1'

2018-03-15 08:32:03 - [TEST_STEP][PASSED] - tap: Tapped on element 'Object Repository/Sidebar Menu/Operasional/Kasir/Kerajang dan Pembayaran/MinusTap - Elemen 1'

2018-03-15 08:32:04 - [MESSAGE][PASSED] - Tapped on element 'Object Repository/Sidebar Menu/Operasional/Kasir/Kerajang dan Pembayaran/MinusTap - Elemen 1'

2018-03-15 08:32:04 - [TEST_STEP][PASSED] - tap: Tapped on element 'Object Repository/Sidebar Menu/Operasional/Kasir/Kerajang dan Pembayaran/MinusTap - Elemen 1'

2018-03-15 08:32:05 - [MESSAGE][PASSED] - Tapped on element 'Object Repository/Sidebar Menu/Operasional/Kasir/Kerajang dan Pembayaran/MinusTap - Elemen 1'

2018-03-15 08:32:05 - [TEST_STEP][PASSED] - tap: Tapped on element 'Object Repository/Sidebar Menu/Operasional/Kasir/Kerajang dan Pembayaran/MinusTap - Elemen 1'

2018-03-15 08:32:05 - [MESSAGE][PASSED] - Tapped on element 'Object Repository/Sidebar Menu/Operasional/Kasir/Kerajang dan Pembayaran/MinusTap - Elemen 1']]></system-out>
         <system-err><![CDATA[]]></system-err>
      </testcase>
      <testcase name="Test Cases/Story 29 - Detail Cart/TC 9" classname="Test Cases/Story 29 - Detail Cart/TC 9" status="PASSED">
         <system-out><![CDATA[2018-03-15 08:32:05 - [TEST_CASE][PASSED] - Test Cases/Story 29 - Detail Cart/TC 9: Test Cases/Story 29 - Detail Cart/TC 9

2018-03-15 08:32:05 - [TEST_STEP][PASSED] - clearText: Element 'Object Repository/Sidebar Menu/Operasional/Kasir/Kerajang dan Pembayaran/InputbbyType - Elemen 1' text is cleared

2018-03-15 08:32:07 - [MESSAGE][PASSED] - Element 'Object Repository/Sidebar Menu/Operasional/Kasir/Kerajang dan Pembayaran/InputbbyType - Elemen 1' text is cleared

2018-03-15 08:32:07 - [TEST_STEP][PASSED] - verifyElementExist: Element 'Object Repository/Sidebar Menu/Operasional/Kasir/Kerajang dan Pembayaran/InputbbyType - Elemen 1' is exist

2018-03-15 08:32:07 - [MESSAGE][PASSED] - Element 'Object Repository/Sidebar Menu/Operasional/Kasir/Kerajang dan Pembayaran/InputbbyType - Elemen 1' is exist

2018-03-15 08:32:07 - [TEST_STEP][PASSED] - tap: Tapped on element 'Object Repository/Sidebar Menu/Operasional/Kasir/Kerajang dan Pembayaran/InputbbyType - Elemen 1'

2018-03-15 08:32:08 - [MESSAGE][PASSED] - Tapped on element 'Object Repository/Sidebar Menu/Operasional/Kasir/Kerajang dan Pembayaran/InputbbyType - Elemen 1'

2018-03-15 08:32:08 - [TEST_STEP][PASSED] - setText: Text '3' has been set to element 'Object Repository/Sidebar Menu/Operasional/Kasir/Kerajang dan Pembayaran/InputbbyType - Elemen 1'

2018-03-15 08:32:20 - [MESSAGE][PASSED] - Text '3' has been set to element 'Object Repository/Sidebar Menu/Operasional/Kasir/Kerajang dan Pembayaran/InputbbyType - Elemen 1'

2018-03-15 08:32:20 - [TEST_STEP][PASSED] - hideKeyboard: Keyboard is hidden

2018-03-15 08:32:21 - [MESSAGE][PASSED] - Keyboard is hidden]]></system-out>
         <system-err><![CDATA[]]></system-err>
      </testcase>
      <testcase name="Test Cases/Story 29 - Detail Cart/TC 10" classname="Test Cases/Story 29 - Detail Cart/TC 10" status="PASSED">
         <system-out><![CDATA[2018-03-15 08:32:21 - [TEST_CASE][PASSED] - Test Cases/Story 29 - Detail Cart/TC 10: Test Cases/Story 29 - Detail Cart/TC 10

2018-03-15 08:32:21 - [TEST_STEP][PASSED] - delay: Delayed 5 second(s)

2018-03-15 08:32:26 - [MESSAGE][PASSED] - Delayed 5 second(s)

2018-03-15 08:32:26 - [TEST_STEP][PASSED] - pressBack: Press back button successfully

2018-03-15 08:32:27 - [MESSAGE][PASSED] - Press back button successfully]]></system-out>
         <system-err><![CDATA[]]></system-err>
      </testcase>
      <testcase name="Test Cases/Story 29 - Detail Cart/TC 11" classname="Test Cases/Story 29 - Detail Cart/TC 11" status="PASSED">
         <system-out><![CDATA[2018-03-15 08:32:27 - [TEST_CASE][PASSED] - Test Cases/Story 29 - Detail Cart/TC 11: Test Cases/Story 29 - Detail Cart/TC 11

2018-03-15 08:32:27 - [TEST_STEP][PASSED] - Statement - return null: null]]></system-out>
         <system-err><![CDATA[]]></system-err>
      </testcase>
      <system-out><![CDATA[2018-03-15 08:29:02 - [TEST_SUITE][PASSED] - Story 29: Test Cases/Story 29 - Detail Cart/TC 11]]></system-out>
      <system-err><![CDATA[]]></system-err>
   </testsuite>
</testsuites>
