<?xml version="1.0" encoding="UTF-8"?>
<testsuites name="Sprint 2" time="1561" tests="3" failures="3" errors="0">
   <testsuite name="Sprint 2" tests="3" failures="3" errors="0" time="1561" timestamp="2018-01-19 11:17:46" hostname="AV2017005903 - NB17Q7U8IT.corp.bankbtpn.co.id" id="Test Suites/Sprint 2">
      <properties>
         <property name="deviceName" value="Xiaomi Redmi Note 3 5.0.2"/>
         <property name="devicePlatform" value=""/>
         <property name="logFolder" value="C:\\Users\\AV2017005903\\Documents\\Appolo Test\\Reports\\Sprint 2\\20180119_111744"/>
         <property name="logFiles" value="C:\\Users\\AV2017005903\\Documents\\Appolo Test\\Reports\\Sprint 2\\20180119_111744\\appium.log, C:\\Users\\AV2017005903\\Documents\\Appolo Test\\Reports\\Sprint 2\\20180119_111744\\execution0.log"/>
         <property name="attachments" value=""/>
         <property name="hostName" value="AV2017005903 - NB17Q7U8IT.corp.bankbtpn.co.id"/>
         <property name="os" value="Windows 10 64bit"/>
         <property name="katalonVersion" value="5.0.0.1"/>
         <property name="deviceOS" value="Android"/>
         <property name="appiumVersion" value="1.6.5"/>
         <property name="deviceModel" value="Redmi Note 3"/>
         <property name="hostAddress" value="192.168.120.203"/>
         <property name="deviceManufacturer" value="Xiaomi"/>
         <property name="deviceId" value="MVAQIBSCS8LN6TQW"/>
         <property name="deviceName" value="Xiaomi Redmi Note 3 5.0.2"/>
         <property name="deviceOSVersion" value="5.0.2"/>
      </properties>
      <testcase name="Test Cases/26 - TC - All" classname="Test Cases/26 - TC - All" status="PASSED">
         <system-out><![CDATA[2018-01-19 11:17:46 - [TEST_CASE][PASSED] - Test Cases/26 - TC - All: Test Cases/26 - TC - All

2018-01-19 11:17:46 - [TEST_STEP][PASSED] - comment: Start Story 26

2018-01-19 11:17:47 - [TEST_STEP][PASSED] - startApplication: Started app at: 'D:\Project Apollo\APK Appolo\Sprint 5 v-7.apk'

2018-01-19 11:18:56 - [MESSAGE][PASSED] - Started app at: 'D:\Project Apollo\APK Appolo\Sprint 5 v-7.apk'

2018-01-19 11:18:56 - [TEST_STEP][PASSED] - tap: Tapped on element 'Object Repository/Login/Nomor HP  Nama Pengguna - Text Box'

2018-01-19 11:18:56 - [MESSAGE][PASSED] - Tapped on element 'Object Repository/Login/Nomor HP  Nama Pengguna - Text Box'

2018-01-19 11:18:56 - [TEST_STEP][PASSED] - setText: Text 'y' has been set to element 'Object Repository/Login/Nomor HP  Nama Pengguna - Text Box'

2018-01-19 11:19:07 - [MESSAGE][PASSED] - Text 'y' has been set to element 'Object Repository/Login/Nomor HP  Nama Pengguna - Text Box'

2018-01-19 11:19:07 - [TEST_STEP][PASSED] - hideKeyboard: Keyboard is hidden

2018-01-19 11:19:13 - [MESSAGE][PASSED] - Keyboard is hidden

2018-01-19 11:19:16 - [TEST_STEP][PASSED] - tap: Tapped on element 'Object Repository/Login/Button Masuk'

2018-01-19 11:19:16 - [MESSAGE][PASSED] - Tapped on element 'Object Repository/Login/Button Masuk'

2018-01-19 11:19:16 - [TEST_STEP][PASSED] - waitForElementPresent: Object Object Repository/Login/Button Masuk not found

2018-01-19 11:19:19 - [MESSAGE][WARNING] - Object Object Repository/Login/Button Masuk not found

2018-01-19 11:19:19 - [TEST_STEP][PASSED] - tap: Tapped on element 'Object Repository/Login/Lupa Pin'

2018-01-19 11:19:20 - [MESSAGE][PASSED] - Tapped on element 'Object Repository/Login/Lupa Pin'

2018-01-19 11:19:20 - [TEST_STEP][PASSED] - tap: Tapped on element 'Object Repository/Sidebar Menu/Hamburger Button'

2018-01-19 11:19:21 - [MESSAGE][PASSED] - Tapped on element 'Object Repository/Sidebar Menu/Hamburger Button'

2018-01-19 11:19:21 - [TEST_STEP][PASSED] - tap: Tapped on element 'Object Repository/Sidebar Menu/Operasional/Operasional - Sidebar Menu'

2018-01-19 11:19:24 - [MESSAGE][PASSED] - Tapped on element 'Object Repository/Sidebar Menu/Operasional/Operasional - Sidebar Menu'

2018-01-19 11:19:24 - [TEST_STEP][PASSED] - tap: Tapped on element 'Object Repository/Sidebar Menu/Operasional/Stock/Stock View/Stok - Navbar Menu'

2018-01-19 11:19:26 - [MESSAGE][PASSED] - Tapped on element 'Object Repository/Sidebar Menu/Operasional/Stock/Stock View/Stok - Navbar Menu'

2018-01-19 11:19:26 - [TEST_STEP][PASSED] - waitForElementPresent: Element 'Object Repository/Sidebar Menu/Operasional/Stock/Stock View/Semua Kategori - Drop Down' is present

2018-01-19 11:19:26 - [MESSAGE][PASSED] - Element 'Object Repository/Sidebar Menu/Operasional/Stock/Stock View/Semua Kategori - Drop Down' is present

2018-01-19 11:19:26 - [TEST_STEP][PASSED] - tap: Tapped on element 'Object Repository/Sidebar Menu/Operasional/Stock/Stock View/Semua Kategori - Drop Down'

2018-01-19 11:19:27 - [MESSAGE][PASSED] - Tapped on element 'Object Repository/Sidebar Menu/Operasional/Stock/Stock View/Semua Kategori - Drop Down'

2018-01-19 11:19:27 - [TEST_STEP][PASSED] - tap: Tapped on element 'Object Repository/Sidebar Menu/Operasional/Stock/Stock View/List Kategori - Elemen 2'

2018-01-19 11:19:28 - [MESSAGE][PASSED] - Tapped on element 'Object Repository/Sidebar Menu/Operasional/Stock/Stock View/List Kategori - Elemen 2'

2018-01-19 11:19:28 - [TEST_STEP][PASSED] - tap: Tapped on element 'Object Repository/Sidebar Menu/Operasional/Stock/Stock View/Terapkan - Select Kategori'

2018-01-19 11:19:29 - [MESSAGE][PASSED] - Tapped on element 'Object Repository/Sidebar Menu/Operasional/Stock/Stock View/Terapkan - Select Kategori'

2018-01-19 11:19:29 - [TEST_STEP][PASSED] - tap: Tapped on element 'Object Repository/Sidebar Menu/Operasional/Stock/Stock View/Semua Kategori - Drop Down'

2018-01-19 11:19:30 - [MESSAGE][PASSED] - Tapped on element 'Object Repository/Sidebar Menu/Operasional/Stock/Stock View/Semua Kategori - Drop Down'

2018-01-19 11:19:30 - [TEST_STEP][PASSED] - scrollToText: Scrolling to text 'Makanan' successfully

2018-01-19 11:19:44 - [MESSAGE][PASSED] - Scrolling to text 'Makanan' successfully

2018-01-19 11:19:46 - [TEST_STEP][PASSED] - tap: Tapped on element 'Object Repository/Sidebar Menu/Operasional/Stock/Stock View/List Kategori - Elemen Makanan'

2018-01-19 11:19:47 - [MESSAGE][PASSED] - Tapped on element 'Object Repository/Sidebar Menu/Operasional/Stock/Stock View/List Kategori - Elemen Makanan'

2018-01-19 11:19:47 - [TEST_STEP][PASSED] - verifyElementNotChecked: Element 'Object Repository/Sidebar Menu/Operasional/Stock/Stock View/List Kategori - Elemen Makanan' is not checked

2018-01-19 11:19:48 - [MESSAGE][WARNING] - Timeout '0' is invalid. Using default page load timeout: '10'

2018-01-19 11:19:48 - [MESSAGE][PASSED] - Element 'Object Repository/Sidebar Menu/Operasional/Stock/Stock View/List Kategori - Elemen Makanan' is not checked

2018-01-19 11:19:48 - [TEST_STEP][PASSED] - tap: Tapped on element 'Object Repository/Sidebar Menu/Operasional/Stock/Stock View/Terapkan - Select Kategori'

2018-01-19 11:19:48 - [MESSAGE][PASSED] - Tapped on element 'Object Repository/Sidebar Menu/Operasional/Stock/Stock View/Terapkan - Select Kategori'

2018-01-19 11:19:49 - [TEST_STEP][PASSED] - waitForElementPresent: Element 'Object Repository/Sidebar Menu/Operasional/Stock/Stock View/Semua Kategori - Drop Down' is present

2018-01-19 11:19:52 - [MESSAGE][PASSED] - Element 'Object Repository/Sidebar Menu/Operasional/Stock/Stock View/Semua Kategori - Drop Down' is present

2018-01-19 11:19:52 - [TEST_STEP][PASSED] - tap: Tapped on element 'Object Repository/Sidebar Menu/Operasional/Stock/Stock View/Semua Kategori - Drop Down'

2018-01-19 11:19:53 - [MESSAGE][PASSED] - Tapped on element 'Object Repository/Sidebar Menu/Operasional/Stock/Stock View/Semua Kategori - Drop Down'

2018-01-19 11:19:53 - [TEST_STEP][PASSED] - tap: Tapped on element 'Object Repository/Sidebar Menu/Operasional/Stock/Stock View/Semua Kategori - Select Kategori'

2018-01-19 11:19:56 - [MESSAGE][PASSED] - Tapped on element 'Object Repository/Sidebar Menu/Operasional/Stock/Stock View/Semua Kategori - Select Kategori'

2018-01-19 11:19:56 - [TEST_STEP][PASSED] - tap: Tapped on element 'Object Repository/Sidebar Menu/Operasional/Stock/Stock View/Terapkan - Select Kategori'

2018-01-19 11:19:57 - [MESSAGE][PASSED] - Tapped on element 'Object Repository/Sidebar Menu/Operasional/Stock/Stock View/Terapkan - Select Kategori'

2018-01-19 11:19:57 - [TEST_STEP][PASSED] - tap: Tapped on element 'Object Repository/Sidebar Menu/Operasional/Stock/Stock View/Cari Produk - Parent'

2018-01-19 11:20:00 - [MESSAGE][PASSED] - Tapped on element 'Object Repository/Sidebar Menu/Operasional/Stock/Stock View/Cari Produk - Parent'

2018-01-19 11:20:00 - [TEST_STEP][PASSED] - setText: Text 'Jambu' has been set to element 'Object Repository/Sidebar Menu/Operasional/Stock/Stock View/Cari Produk - Parent'

2018-01-19 11:20:00 - [MESSAGE][WARNING] - Timeout '0' is invalid. Using default page load timeout: '10'

2018-01-19 11:20:10 - [MESSAGE][PASSED] - Text 'Jambu' has been set to element 'Object Repository/Sidebar Menu/Operasional/Stock/Stock View/Cari Produk - Parent'

2018-01-19 11:20:10 - [TEST_STEP][PASSED] - verifyElementNotChecked: Element 'Object Repository/Sidebar Menu/Operasional/Stock/Stock View/Cari Produk - Parent' is not checked

2018-01-19 11:20:14 - [MESSAGE][PASSED] - Element 'Object Repository/Sidebar Menu/Operasional/Stock/Stock View/Cari Produk - Parent' is not checked

2018-01-19 11:20:14 - [TEST_STEP][PASSED] - getText: Text of element 'Object Repository/Sidebar Menu/Operasional/Stock/Stock View/Cari Produk - Parent' is: 'Jambu'

2018-01-19 11:20:14 - [MESSAGE][PASSED] - Text of element 'Object Repository/Sidebar Menu/Operasional/Stock/Stock View/Cari Produk - Parent' is: 'Jambu'

2018-01-19 11:20:14 - [TEST_STEP][PASSED] - waitForElementPresent: Element 'Object Repository/Sidebar Menu/Operasional/Stock/Stock View/Cari Produk - Parent' is present

2018-01-19 11:20:15 - [MESSAGE][PASSED] - Element 'Object Repository/Sidebar Menu/Operasional/Stock/Stock View/Cari Produk - Parent' is present

2018-01-19 11:20:15 - [TEST_STEP][PASSED] - clearText: Element 'Object Repository/Sidebar Menu/Operasional/Stock/Stock View/Cari Produk - Parent' text is cleared

2018-01-19 11:20:19 - [MESSAGE][PASSED] - Element 'Object Repository/Sidebar Menu/Operasional/Stock/Stock View/Cari Produk - Parent' text is cleared

2018-01-19 11:20:19 - [TEST_STEP][PASSED] - tap: Tapped on element 'Object Repository/Sidebar Menu/Operasional/Stock/Stock View/Semua Kategori - Drop Down'

2018-01-19 11:20:21 - [MESSAGE][PASSED] - Tapped on element 'Object Repository/Sidebar Menu/Operasional/Stock/Stock View/Semua Kategori - Drop Down'

2018-01-19 11:20:21 - [TEST_STEP][PASSED] - scrollToText: Scrolling to text 'Makanan' successfully

2018-01-19 11:20:32 - [MESSAGE][PASSED] - Scrolling to text 'Makanan' successfully

2018-01-19 11:20:34 - [TEST_STEP][PASSED] - tap: Tapped on element 'Object Repository/Sidebar Menu/Operasional/Stock/Stock View/List Kategori - Elemen Makanan'

2018-01-19 11:20:36 - [MESSAGE][PASSED] - Tapped on element 'Object Repository/Sidebar Menu/Operasional/Stock/Stock View/List Kategori - Elemen Makanan'

2018-01-19 11:20:36 - [TEST_STEP][PASSED] - tap: Tapped on element 'Object Repository/Sidebar Menu/Operasional/Stock/Stock View/Terapkan - Select Kategori'

2018-01-19 11:20:38 - [MESSAGE][PASSED] - Tapped on element 'Object Repository/Sidebar Menu/Operasional/Stock/Stock View/Terapkan - Select Kategori'

2018-01-19 11:20:38 - [TEST_STEP][PASSED] - tap: Tapped on element 'Object Repository/Sidebar Menu/Operasional/Stock/Stock View/Cari Produk - Parent'

2018-01-19 11:20:41 - [MESSAGE][PASSED] - Tapped on element 'Object Repository/Sidebar Menu/Operasional/Stock/Stock View/Cari Produk - Parent'

2018-01-19 11:20:41 - [TEST_STEP][PASSED] - setText: Text 'Fifty Shades of Grey' has been set to element 'Object Repository/Sidebar Menu/Operasional/Stock/Stock View/Cari Produk - Parent'

2018-01-19 11:20:53 - [MESSAGE][PASSED] - Text 'Fifty Shades of Grey' has been set to element 'Object Repository/Sidebar Menu/Operasional/Stock/Stock View/Cari Produk - Parent'

2018-01-19 11:20:53 - [TEST_STEP][PASSED] - verifyElementNotChecked: Element 'Object Repository/Sidebar Menu/Operasional/Stock/Stock View/Cari Produk - Parent' is not checked

2018-01-19 11:20:56 - [MESSAGE][PASSED] - Element 'Object Repository/Sidebar Menu/Operasional/Stock/Stock View/Cari Produk - Parent' is not checked

2018-01-19 11:20:56 - [TEST_STEP][PASSED] - getText: Text of element 'Object Repository/Sidebar Menu/Operasional/Stock/Stock View/Cari Produk - Parent' is: 'Fifty Shades of Grey'

2018-01-19 11:20:56 - [MESSAGE][PASSED] - Text of element 'Object Repository/Sidebar Menu/Operasional/Stock/Stock View/Cari Produk - Parent' is: 'Fifty Shades of Grey'

2018-01-19 11:20:56 - [TEST_STEP][PASSED] - clearText: Element 'Object Repository/Sidebar Menu/Operasional/Stock/Stock View/Cari Produk - Parent' text is cleared

2018-01-19 11:21:00 - [MESSAGE][PASSED] - Element 'Object Repository/Sidebar Menu/Operasional/Stock/Stock View/Cari Produk - Parent' text is cleared

2018-01-19 11:21:00 - [TEST_STEP][PASSED] - tap: Tapped on element 'Object Repository/Sidebar Menu/Operasional/Stock/Stock View/Semua Kategori - Drop Down'

2018-01-19 11:21:03 - [MESSAGE][PASSED] - Tapped on element 'Object Repository/Sidebar Menu/Operasional/Stock/Stock View/Semua Kategori - Drop Down'

2018-01-19 11:21:03 - [TEST_STEP][PASSED] - tap: Tapped on element 'Object Repository/Sidebar Menu/Operasional/Stock/Stock View/Semua Kategori - Select Kategori'

2018-01-19 11:21:05 - [MESSAGE][PASSED] - Tapped on element 'Object Repository/Sidebar Menu/Operasional/Stock/Stock View/Semua Kategori - Select Kategori'

2018-01-19 11:21:05 - [TEST_STEP][PASSED] - tap: Tapped on element 'Object Repository/Sidebar Menu/Operasional/Stock/Stock View/Terapkan - Select Kategori'

2018-01-19 11:21:06 - [MESSAGE][PASSED] - Tapped on element 'Object Repository/Sidebar Menu/Operasional/Stock/Stock View/Terapkan - Select Kategori'

2018-01-19 11:21:06 - [TEST_STEP][PASSED] - tap: Tapped on element 'Object Repository/Sidebar Menu/Operasional/Stock/Stock View/Cari Produk - Parent'

2018-01-19 11:21:09 - [MESSAGE][PASSED] - Tapped on element 'Object Repository/Sidebar Menu/Operasional/Stock/Stock View/Cari Produk - Parent'

2018-01-19 11:21:09 - [TEST_STEP][PASSED] - setText: Text 'app' has been set to element 'Object Repository/Sidebar Menu/Operasional/Stock/Stock View/Cari Produk - Parent'

2018-01-19 11:21:21 - [MESSAGE][PASSED] - Text 'app' has been set to element 'Object Repository/Sidebar Menu/Operasional/Stock/Stock View/Cari Produk - Parent'

2018-01-19 11:21:21 - [TEST_STEP][PASSED] - verifyElementNotChecked: Element 'Object Repository/Sidebar Menu/Operasional/Stock/Stock View/Cari Produk - Parent' is not checked

2018-01-19 11:21:21 - [MESSAGE][WARNING] - Timeout '0' is invalid. Using default page load timeout: '10'

2018-01-19 11:21:24 - [MESSAGE][PASSED] - Element 'Object Repository/Sidebar Menu/Operasional/Stock/Stock View/Cari Produk - Parent' is not checked

2018-01-19 11:21:24 - [TEST_STEP][PASSED] - getText: Text of element 'Object Repository/Sidebar Menu/Operasional/Stock/Stock View/Cari Produk - Parent' is: 'app'

2018-01-19 11:21:25 - [MESSAGE][PASSED] - Text of element 'Object Repository/Sidebar Menu/Operasional/Stock/Stock View/Cari Produk - Parent' is: 'app'

2018-01-19 11:21:25 - [TEST_STEP][PASSED] - clearText: Element 'Object Repository/Sidebar Menu/Operasional/Stock/Stock View/Cari Produk - Parent' text is cleared

2018-01-19 11:21:28 - [MESSAGE][PASSED] - Element 'Object Repository/Sidebar Menu/Operasional/Stock/Stock View/Cari Produk - Parent' text is cleared

2018-01-19 11:21:28 - [TEST_STEP][PASSED] - setText: Text 'ap' has been set to element 'Object Repository/Sidebar Menu/Operasional/Stock/Stock View/Cari Produk - Parent'

2018-01-19 11:21:38 - [MESSAGE][PASSED] - Text 'ap' has been set to element 'Object Repository/Sidebar Menu/Operasional/Stock/Stock View/Cari Produk - Parent'

2018-01-19 11:21:38 - [TEST_STEP][PASSED] - getText: Text of element 'Object Repository/Sidebar Menu/Operasional/Stock/Stock View/Cari Produk - Parent' is: 'ap'

2018-01-19 11:21:40 - [MESSAGE][PASSED] - Text of element 'Object Repository/Sidebar Menu/Operasional/Stock/Stock View/Cari Produk - Parent' is: 'ap'

2018-01-19 11:21:40 - [TEST_STEP][PASSED] - verifyElementNotChecked: Element 'Object Repository/Sidebar Menu/Operasional/Stock/Stock View/Cari Produk - Parent' is not checked

2018-01-19 11:21:40 - [MESSAGE][WARNING] - Timeout '0' is invalid. Using default page load timeout: '10'

2018-01-19 11:21:40 - [MESSAGE][PASSED] - Element 'Object Repository/Sidebar Menu/Operasional/Stock/Stock View/Cari Produk - Parent' is not checked

2018-01-19 11:21:40 - [TEST_STEP][PASSED] - clearText: Element 'Object Repository/Sidebar Menu/Operasional/Stock/Stock View/Cari Produk - Parent' text is cleared

2018-01-19 11:21:43 - [MESSAGE][PASSED] - Element 'Object Repository/Sidebar Menu/Operasional/Stock/Stock View/Cari Produk - Parent' text is cleared

2018-01-19 11:21:43 - [TEST_STEP][PASSED] - setText: Text 'Rujak' has been set to element 'Object Repository/Sidebar Menu/Operasional/Stock/Stock View/Cari Produk - Parent'

2018-01-19 11:21:54 - [MESSAGE][PASSED] - Text 'Rujak' has been set to element 'Object Repository/Sidebar Menu/Operasional/Stock/Stock View/Cari Produk - Parent'

2018-01-19 11:21:54 - [TEST_STEP][PASSED] - verifyElementNotChecked: Element 'Object Repository/Sidebar Menu/Operasional/Stock/Stock View/Cari Produk - Parent' is not checked

2018-01-19 11:21:54 - [MESSAGE][WARNING] - Timeout '0' is invalid. Using default page load timeout: '10'

2018-01-19 11:21:57 - [MESSAGE][PASSED] - Element 'Object Repository/Sidebar Menu/Operasional/Stock/Stock View/Cari Produk - Parent' is not checked

2018-01-19 11:21:57 - [TEST_STEP][PASSED] - getText: Text of element 'Object Repository/Sidebar Menu/Operasional/Stock/Stock View/Cari Produk - Parent' is: 'Rujak'

2018-01-19 11:21:58 - [MESSAGE][PASSED] - Text of element 'Object Repository/Sidebar Menu/Operasional/Stock/Stock View/Cari Produk - Parent' is: 'Rujak'

2018-01-19 11:21:58 - [TEST_STEP][PASSED] - clearText: Element 'Object Repository/Sidebar Menu/Operasional/Stock/Stock View/Cari Produk - Parent' text is cleared

2018-01-19 11:22:03 - [MESSAGE][PASSED] - Element 'Object Repository/Sidebar Menu/Operasional/Stock/Stock View/Cari Produk - Parent' text is cleared

2018-01-19 11:22:03 - [TEST_STEP][PASSED] - tap: Tapped on element 'Object Repository/Sidebar Menu/Operasional/Stock/Stock View/Semua Kategori - Drop Down'

2018-01-19 11:22:06 - [MESSAGE][PASSED] - Tapped on element 'Object Repository/Sidebar Menu/Operasional/Stock/Stock View/Semua Kategori - Drop Down'

2018-01-19 11:22:06 - [TEST_STEP][PASSED] - swipe: Swiped from 120,1,178 to 120,611

2018-01-19 11:22:11 - [MESSAGE][PASSED] - Swiped from 120,1,178 to 120,611

2018-01-19 11:22:13 - [TEST_STEP][PASSED] - swipe: Swiped from 120,611 to 120,1,178

2018-01-19 11:22:18 - [MESSAGE][PASSED] - Swiped from 120,611 to 120,1,178

2018-01-19 11:22:20 - [TEST_STEP][PASSED] - tap: Tapped on element 'Object Repository/Sidebar Menu/Operasional/Stock/Stock View/Terapkan - Select Kategori'

2018-01-19 11:22:21 - [MESSAGE][PASSED] - Tapped on element 'Object Repository/Sidebar Menu/Operasional/Stock/Stock View/Terapkan - Select Kategori'

2018-01-19 11:22:21 - [TEST_STEP][PASSED] - Statement - For (def index : (0..3)): Swiped from 0,1,449 to 0,720

2018-01-19 11:22:21 - [TEST_STEP][PASSED] - swipe: Swiped from 0,1,449 to 0,720

2018-01-19 11:22:25 - [MESSAGE][PASSED] - Swiped from 0,1,449 to 0,720

2018-01-19 11:22:28 - [TEST_STEP][PASSED] - swipe: Swiped from 0,1,449 to 0,720

2018-01-19 11:22:32 - [MESSAGE][PASSED] - Swiped from 0,1,449 to 0,720

2018-01-19 11:22:35 - [TEST_STEP][PASSED] - swipe: Swiped from 0,1,449 to 0,720

2018-01-19 11:22:39 - [MESSAGE][PASSED] - Swiped from 0,1,449 to 0,720

2018-01-19 11:22:41 - [TEST_STEP][PASSED] - swipe: Swiped from 0,1,449 to 0,720

2018-01-19 11:22:47 - [MESSAGE][PASSED] - Swiped from 0,1,449 to 0,720

2018-01-19 11:22:49 - [TEST_STEP][PASSED] - comment: End Story 26]]></system-out>
         <system-err><![CDATA[]]></system-err>
      </testcase>
      <testcase name="Test Cases/35 - TC-All" classname="Test Cases/35 - TC-All" status="FAILED">
         <failure type="FAILED" message="Failed to tap on element 'Object Repository/Sidebar Menu/Operasional/Stock/Tambah Barang/Simpan Button' (Root cause: org.openqa.selenium.NoSuchElementException: An element could not be located on the page using the given search parameters. (WARNING: The server did not provide any stacktrace information)
Command duration or timeout: 11.67 seconds
For documentation on this error, please visit: http://seleniumhq.org/exceptions/no_such_element.html
Build info: version: '2.53.0', revision: '35ae25b', time: '2016-03-15 17:00:58'
System info: host: 'NB17Q7U8IT', ip: '192.168.120.203', os.name: 'Windows 10', os.arch: 'amd64', os.version: '10.0', java.version: '1.8.0_102'
Driver info: com.kms.katalon.core.appium.driver.SwipeableAndroidDriver
Capabilities [{appPackage=com.btpn.jeniuspro.dev, noReset=true, property_2=, property_1=, deviceName=MVAQIBSCS8LN6TQW, fullReset=false, platform=ANDROID, deviceUDID=MVAQIBSCS8LN6TQW, desired={app=D:\Project Apollo\APK Appolo\Sprint 5 v-7.apk, noReset=true, property_2=, newCommandTimeout=1800, property=, autoGrantPermissions=true, property_1=, udid=MVAQIBSCS8LN6TQW, platformName=Android, deviceName=Xiaomi Redmi Note 3 5.0.2, fullReset=false, platform=ANDROID}, newCommandTimeout=1800, platformVersion=5.0.2, webStorageEnabled=false, property=, takesScreenshot=true, javascriptEnabled=true, udid=MVAQIBSCS8LN6TQW, platformName=Android, deviceManufacturer=Xiaomi, app=D:\Project Apollo\APK Appolo\Sprint 5 v-7.apk, deviceScreenSize=1080x1920, networkConnectionEnabled=true, warnings={}, appWaitPackage=com.btpn.jeniuspro.dev, appWaitActivity=com.btpn_mpos_rn.MainActivity, databaseEnabled=false, appActivity=com.btpn_mpos_rn.MainActivity, locationContextEnabled=false, autoGrantPermissions=true, deviceModel=Redmi Note 3}]
Session ID: a505d56b-9f38-44fb-90f8-5485d52d0db0)"/>
         <system-out><![CDATA[2018-01-19 11:22:49 - [TEST_CASE][FAILED] - Test Cases/35 - TC-All: Test Cases/35 - TC-All FAILED because (of) Failed to tap on element 'Object Repository/Sidebar Menu/Operasional/Stock/Tambah Barang/Simpan Button' (Root cause: org.openqa.selenium.NoSuchElementException: An element could not be located on the page using the given search parameters. (WARNING: The server did not provide any stacktrace information)
Command duration or timeout: 11.67 seconds
For documentation on this error, please visit: http://seleniumhq.org/exceptions/no_such_element.html
Build info: version: '2.53.0', revision: '35ae25b', time: '2016-03-15 17:00:58'
System info: host: 'NB17Q7U8IT', ip: '192.168.120.203', os.name: 'Windows 10', os.arch: 'amd64', os.version: '10.0', java.version: '1.8.0_102'
Driver info: com.kms.katalon.core.appium.driver.SwipeableAndroidDriver
Capabilities [{appPackage=com.btpn.jeniuspro.dev, noReset=true, property_2=, property_1=, deviceName=MVAQIBSCS8LN6TQW, fullReset=false, platform=ANDROID, deviceUDID=MVAQIBSCS8LN6TQW, desired={app=D:\Project Apollo\APK Appolo\Sprint 5 v-7.apk, noReset=true, property_2=, newCommandTimeout=1800, property=, autoGrantPermissions=true, property_1=, udid=MVAQIBSCS8LN6TQW, platformName=Android, deviceName=Xiaomi Redmi Note 3 5.0.2, fullReset=false, platform=ANDROID}, newCommandTimeout=1800, platformVersion=5.0.2, webStorageEnabled=false, property=, takesScreenshot=true, javascriptEnabled=true, udid=MVAQIBSCS8LN6TQW, platformName=Android, deviceManufacturer=Xiaomi, app=D:\Project Apollo\APK Appolo\Sprint 5 v-7.apk, deviceScreenSize=1080x1920, networkConnectionEnabled=true, warnings={}, appWaitPackage=com.btpn.jeniuspro.dev, appWaitActivity=com.btpn_mpos_rn.MainActivity, databaseEnabled=false, appActivity=com.btpn_mpos_rn.MainActivity, locationContextEnabled=false, autoGrantPermissions=true, deviceModel=Redmi Note 3}]
Session ID: a505d56b-9f38-44fb-90f8-5485d52d0db0)

2018-01-19 11:22:49 - [TEST_STEP][PASSED] - comment: Start Story 35

2018-01-19 11:22:49 - [TEST_STEP][PASSED] - tap: Tapped on element 'Object Repository/Sidebar Menu/Operasional/Stock/Tambah Barang/Tambah Barang Button'

2018-01-19 11:22:51 - [MESSAGE][PASSED] - Tapped on element 'Object Repository/Sidebar Menu/Operasional/Stock/Tambah Barang/Tambah Barang Button'

2018-01-19 11:22:51 - [TEST_STEP][PASSED] - Statement - For (def index : (0..5)): Tapped on element 'Object Repository/Sidebar Menu/Operasional/Stock/Tambah Barang/Minus Tap - Jumlah Stock'

2018-01-19 11:22:51 - [TEST_STEP][PASSED] - tap: Tapped on element 'Object Repository/Sidebar Menu/Operasional/Stock/Tambah Barang/Minus Tap - Jumlah Stock'

2018-01-19 11:22:53 - [MESSAGE][PASSED] - Tapped on element 'Object Repository/Sidebar Menu/Operasional/Stock/Tambah Barang/Minus Tap - Jumlah Stock'

2018-01-19 11:22:53 - [TEST_STEP][PASSED] - tap: Tapped on element 'Object Repository/Sidebar Menu/Operasional/Stock/Tambah Barang/Minus Tap - Jumlah Stock'

2018-01-19 11:22:56 - [MESSAGE][PASSED] - Tapped on element 'Object Repository/Sidebar Menu/Operasional/Stock/Tambah Barang/Minus Tap - Jumlah Stock'

2018-01-19 11:22:56 - [TEST_STEP][PASSED] - tap: Tapped on element 'Object Repository/Sidebar Menu/Operasional/Stock/Tambah Barang/Minus Tap - Jumlah Stock'

2018-01-19 11:22:59 - [MESSAGE][PASSED] - Tapped on element 'Object Repository/Sidebar Menu/Operasional/Stock/Tambah Barang/Minus Tap - Jumlah Stock'

2018-01-19 11:22:59 - [TEST_STEP][PASSED] - tap: Tapped on element 'Object Repository/Sidebar Menu/Operasional/Stock/Tambah Barang/Minus Tap - Jumlah Stock'

2018-01-19 11:23:02 - [MESSAGE][PASSED] - Tapped on element 'Object Repository/Sidebar Menu/Operasional/Stock/Tambah Barang/Minus Tap - Jumlah Stock'

2018-01-19 11:23:02 - [TEST_STEP][PASSED] - tap: Tapped on element 'Object Repository/Sidebar Menu/Operasional/Stock/Tambah Barang/Minus Tap - Jumlah Stock'

2018-01-19 11:23:04 - [MESSAGE][PASSED] - Tapped on element 'Object Repository/Sidebar Menu/Operasional/Stock/Tambah Barang/Minus Tap - Jumlah Stock'

2018-01-19 11:23:04 - [TEST_STEP][PASSED] - tap: Tapped on element 'Object Repository/Sidebar Menu/Operasional/Stock/Tambah Barang/Minus Tap - Jumlah Stock'

2018-01-19 11:23:06 - [MESSAGE][PASSED] - Tapped on element 'Object Repository/Sidebar Menu/Operasional/Stock/Tambah Barang/Minus Tap - Jumlah Stock'

2018-01-19 11:23:06 - [TEST_STEP][PASSED] - Statement - For (def index : (0..10)): Tapped on element 'Object Repository/Sidebar Menu/Operasional/Stock/Tambah Barang/PlusTap - JumlaH Stock'

2018-01-19 11:23:06 - [TEST_STEP][PASSED] - tap: Tapped on element 'Object Repository/Sidebar Menu/Operasional/Stock/Tambah Barang/PlusTap - JumlaH Stock'

2018-01-19 11:23:08 - [MESSAGE][PASSED] - Tapped on element 'Object Repository/Sidebar Menu/Operasional/Stock/Tambah Barang/PlusTap - JumlaH Stock'

2018-01-19 11:23:08 - [TEST_STEP][PASSED] - tap: Tapped on element 'Object Repository/Sidebar Menu/Operasional/Stock/Tambah Barang/PlusTap - JumlaH Stock'

2018-01-19 11:23:10 - [MESSAGE][PASSED] - Tapped on element 'Object Repository/Sidebar Menu/Operasional/Stock/Tambah Barang/PlusTap - JumlaH Stock'

2018-01-19 11:23:10 - [TEST_STEP][PASSED] - tap: Tapped on element 'Object Repository/Sidebar Menu/Operasional/Stock/Tambah Barang/PlusTap - JumlaH Stock'

2018-01-19 11:23:13 - [MESSAGE][PASSED] - Tapped on element 'Object Repository/Sidebar Menu/Operasional/Stock/Tambah Barang/PlusTap - JumlaH Stock'

2018-01-19 11:23:13 - [TEST_STEP][PASSED] - tap: Tapped on element 'Object Repository/Sidebar Menu/Operasional/Stock/Tambah Barang/PlusTap - JumlaH Stock'

2018-01-19 11:23:15 - [MESSAGE][PASSED] - Tapped on element 'Object Repository/Sidebar Menu/Operasional/Stock/Tambah Barang/PlusTap - JumlaH Stock'

2018-01-19 11:23:15 - [TEST_STEP][PASSED] - tap: Tapped on element 'Object Repository/Sidebar Menu/Operasional/Stock/Tambah Barang/PlusTap - JumlaH Stock'

2018-01-19 11:23:17 - [MESSAGE][PASSED] - Tapped on element 'Object Repository/Sidebar Menu/Operasional/Stock/Tambah Barang/PlusTap - JumlaH Stock'

2018-01-19 11:23:17 - [TEST_STEP][PASSED] - tap: Tapped on element 'Object Repository/Sidebar Menu/Operasional/Stock/Tambah Barang/PlusTap - JumlaH Stock'

2018-01-19 11:23:19 - [MESSAGE][PASSED] - Tapped on element 'Object Repository/Sidebar Menu/Operasional/Stock/Tambah Barang/PlusTap - JumlaH Stock'

2018-01-19 11:23:19 - [TEST_STEP][PASSED] - tap: Tapped on element 'Object Repository/Sidebar Menu/Operasional/Stock/Tambah Barang/PlusTap - JumlaH Stock'

2018-01-19 11:23:21 - [MESSAGE][PASSED] - Tapped on element 'Object Repository/Sidebar Menu/Operasional/Stock/Tambah Barang/PlusTap - JumlaH Stock'

2018-01-19 11:23:21 - [TEST_STEP][PASSED] - tap: Tapped on element 'Object Repository/Sidebar Menu/Operasional/Stock/Tambah Barang/PlusTap - JumlaH Stock'

2018-01-19 11:23:22 - [MESSAGE][PASSED] - Tapped on element 'Object Repository/Sidebar Menu/Operasional/Stock/Tambah Barang/PlusTap - JumlaH Stock'

2018-01-19 11:23:22 - [TEST_STEP][PASSED] - tap: Tapped on element 'Object Repository/Sidebar Menu/Operasional/Stock/Tambah Barang/PlusTap - JumlaH Stock'

2018-01-19 11:23:25 - [MESSAGE][PASSED] - Tapped on element 'Object Repository/Sidebar Menu/Operasional/Stock/Tambah Barang/PlusTap - JumlaH Stock'

2018-01-19 11:23:25 - [TEST_STEP][PASSED] - tap: Tapped on element 'Object Repository/Sidebar Menu/Operasional/Stock/Tambah Barang/PlusTap - JumlaH Stock'

2018-01-19 11:23:26 - [MESSAGE][PASSED] - Tapped on element 'Object Repository/Sidebar Menu/Operasional/Stock/Tambah Barang/PlusTap - JumlaH Stock'

2018-01-19 11:23:26 - [TEST_STEP][PASSED] - tap: Tapped on element 'Object Repository/Sidebar Menu/Operasional/Stock/Tambah Barang/PlusTap - JumlaH Stock'

2018-01-19 11:23:29 - [MESSAGE][PASSED] - Tapped on element 'Object Repository/Sidebar Menu/Operasional/Stock/Tambah Barang/PlusTap - JumlaH Stock'

2018-01-19 11:23:29 - [TEST_STEP][PASSED] - tap: Tapped on element 'Object Repository/Sidebar Menu/Operasional/Stock/Tambah Barang/Jumlah Stock - by typing'

2018-01-19 11:23:31 - [MESSAGE][PASSED] - Tapped on element 'Object Repository/Sidebar Menu/Operasional/Stock/Tambah Barang/Jumlah Stock - by typing'

2018-01-19 11:23:31 - [TEST_STEP][PASSED] - setText: Text '123' has been set to element 'Object Repository/Sidebar Menu/Operasional/Stock/Tambah Barang/Jumlah Stock - by typing'

2018-01-19 11:24:50 - [MESSAGE][PASSED] - Text '123' has been set to element 'Object Repository/Sidebar Menu/Operasional/Stock/Tambah Barang/Jumlah Stock - by typing'

2018-01-19 11:24:50 - [TEST_STEP][PASSED] - clearText: Element 'Object Repository/Sidebar Menu/Operasional/Stock/Tambah Barang/Jumlah Stock - by typing' text is cleared

2018-01-19 11:24:54 - [MESSAGE][PASSED] - Element 'Object Repository/Sidebar Menu/Operasional/Stock/Tambah Barang/Jumlah Stock - by typing' text is cleared

2018-01-19 11:24:54 - [TEST_STEP][PASSED] - sendKeys: Send keys '1.2' on test object 'Object Repository/Sidebar Menu/Operasional/Stock/Tambah Barang/Jumlah Stock - by typing' successfully.

2018-01-19 11:25:08 - [MESSAGE][PASSED] - Send keys '1.2' on test object 'Object Repository/Sidebar Menu/Operasional/Stock/Tambah Barang/Jumlah Stock - by typing' successfully.

2018-01-19 11:25:08 - [TEST_STEP][PASSED] - hideKeyboard: Keyboard is hidden

2018-01-19 11:25:15 - [MESSAGE][PASSED] - Keyboard is hidden

2018-01-19 11:25:17 - [TEST_STEP][PASSED] - tap: Tapped on element 'Object Repository/Sidebar Menu/Operasional/Stock/Tambah Barang/Nama Barang - Text Box'

2018-01-19 11:25:18 - [MESSAGE][PASSED] - Tapped on element 'Object Repository/Sidebar Menu/Operasional/Stock/Tambah Barang/Nama Barang - Text Box'

2018-01-19 11:25:18 - [TEST_STEP][PASSED] - setText: Text 'Sirup Sarang Tawon' has been set to element 'Object Repository/Sidebar Menu/Operasional/Stock/Tambah Barang/Nama Barang - Text Box'

2018-01-19 11:25:34 - [MESSAGE][PASSED] - Text 'Sirup Sarang Tawon' has been set to element 'Object Repository/Sidebar Menu/Operasional/Stock/Tambah Barang/Nama Barang - Text Box'

2018-01-19 11:25:34 - [TEST_STEP][PASSED] - verifyElementText: Actual text and expected text of test object 'Object Repository/Sidebar Menu/Operasional/Stock/Tambah Barang/Nama Barang - Text Box' are matched.

2018-01-19 11:25:35 - [MESSAGE][PASSED] - Actual text and expected text of test object 'Object Repository/Sidebar Menu/Operasional/Stock/Tambah Barang/Nama Barang - Text Box' are matched.

2018-01-19 11:25:35 - [TEST_STEP][PASSED] - Statement - For (def index : (0..1)): Swiped from 0,422 to 0,122

2018-01-19 11:25:35 - [TEST_STEP][PASSED] - swipe: Swiped from 0,422 to 0,122

2018-01-19 11:25:40 - [MESSAGE][PASSED] - Swiped from 0,422 to 0,122

2018-01-19 11:25:42 - [TEST_STEP][PASSED] - swipe: Swiped from 0,422 to 0,122

2018-01-19 11:25:47 - [MESSAGE][PASSED] - Swiped from 0,422 to 0,122

2018-01-19 11:25:49 - [TEST_STEP][PASSED] - pressBack: Press back button successfully

2018-01-19 11:25:56 - [MESSAGE][PASSED] - Press back button successfully

2018-01-19 11:25:56 - [TEST_STEP][PASSED] - waitForElementPresent: Element 'Object Repository/Sidebar Menu/Operasional/Stock/Tambah Barang/Pilih Kategori - SelectButton' is present

2018-01-19 11:25:57 - [MESSAGE][PASSED] - Element 'Object Repository/Sidebar Menu/Operasional/Stock/Tambah Barang/Pilih Kategori - SelectButton' is present

2018-01-19 11:25:57 - [TEST_STEP][PASSED] - tap: Tapped on element 'Object Repository/Sidebar Menu/Operasional/Stock/Tambah Barang/Pilih Kategori - SelectButton'

2018-01-19 11:25:58 - [MESSAGE][PASSED] - Tapped on element 'Object Repository/Sidebar Menu/Operasional/Stock/Tambah Barang/Pilih Kategori - SelectButton'

2018-01-19 11:25:58 - [TEST_STEP][PASSED] - tap: Tapped on element 'Object Repository/Sidebar Menu/Operasional/Stock/Tambah Barang/Pilih Kategori - SelectButton'

2018-01-19 11:25:59 - [MESSAGE][PASSED] - Tapped on element 'Object Repository/Sidebar Menu/Operasional/Stock/Tambah Barang/Pilih Kategori - SelectButton'

2018-01-19 11:25:59 - [TEST_STEP][PASSED] - scrollToText: Scrolling to text 'Makanan' successfully

2018-01-19 11:26:09 - [MESSAGE][PASSED] - Scrolling to text 'Makanan' successfully

2018-01-19 11:26:11 - [TEST_STEP][PASSED] - tap: Tapped on element 'Object Repository/Sidebar Menu/Operasional/Stock/Tambah Barang/android.widget.TextView6 - Makanan'

2018-01-19 11:26:11 - [MESSAGE][WARNING] - Timeout '0' is invalid. Using default page load timeout: '10'

2018-01-19 11:26:12 - [MESSAGE][PASSED] - Tapped on element 'Object Repository/Sidebar Menu/Operasional/Stock/Tambah Barang/android.widget.TextView6 - Makanan'

2018-01-19 11:26:12 - [TEST_STEP][PASSED] - delay: Delayed 10 second(s)

2018-01-19 11:26:22 - [MESSAGE][PASSED] - Delayed 10 second(s)

2018-01-19 11:26:22 - [TEST_STEP][PASSED] - tap: Tapped on element 'Object Repository/Sidebar Menu/Operasional/Stock/Tambah Barang/Harga Jual - TextBox'

2018-01-19 11:26:23 - [MESSAGE][PASSED] - Tapped on element 'Object Repository/Sidebar Menu/Operasional/Stock/Tambah Barang/Harga Jual - TextBox'

2018-01-19 11:26:23 - [TEST_STEP][PASSED] - delay: Delayed 5 second(s)

2018-01-19 11:26:28 - [MESSAGE][PASSED] - Delayed 5 second(s)

2018-01-19 11:26:28 - [TEST_STEP][PASSED] - setText: Text '0' has been set to element 'Object Repository/Sidebar Menu/Operasional/Stock/Tambah Barang/Harga Jual - TextBox'

2018-01-19 11:26:28 - [MESSAGE][WARNING] - Timeout '0' is invalid. Using default page load timeout: '10'

2018-01-19 11:26:44 - [MESSAGE][PASSED] - Text '0' has been set to element 'Object Repository/Sidebar Menu/Operasional/Stock/Tambah Barang/Harga Jual - TextBox'

2018-01-19 11:26:44 - [TEST_STEP][PASSED] - verifyElementText: Actual text and expected text of test object 'Object Repository/Sidebar Menu/Operasional/Stock/Tambah Barang/Harga Jual - TextBox' are matched.

2018-01-19 11:26:46 - [MESSAGE][PASSED] - Actual text and expected text of test object 'Object Repository/Sidebar Menu/Operasional/Stock/Tambah Barang/Harga Jual - TextBox' are matched.

2018-01-19 11:26:46 - [TEST_STEP][PASSED] - hideKeyboard: Keyboard is hidden

2018-01-19 11:26:53 - [MESSAGE][PASSED] - Keyboard is hidden

2018-01-19 11:26:55 - [TEST_STEP][NOT_RUN] - Statement - For (def index : (0..1)): NOT_RUN: Statement - For (def index : (0..1))

2018-01-19 11:26:55 - [MESSAGE][NOT_RUN] - NOT_RUN: Statement - For (def index : (0..1))

2018-01-19 11:26:55 - [TEST_STEP][PASSED] - setText: Text '0' has been set to element 'Object Repository/Sidebar Menu/Operasional/Stock/Tambah Barang/Nominal Diskon- TextBox'

2018-01-19 11:26:55 - [MESSAGE][WARNING] - Timeout '0' is invalid. Using default page load timeout: '10'

2018-01-19 11:27:10 - [MESSAGE][PASSED] - Text '0' has been set to element 'Object Repository/Sidebar Menu/Operasional/Stock/Tambah Barang/Nominal Diskon- TextBox'

2018-01-19 11:27:10 - [TEST_STEP][PASSED] - hideKeyboard: Keyboard is hidden

2018-01-19 11:27:17 - [MESSAGE][PASSED] - Keyboard is hidden

2018-01-19 11:27:19 - [TEST_STEP][PASSED] - setText: Text '0' has been set to element 'Object Repository/Sidebar Menu/Operasional/Stock/Tambah Barang/Persentase Diskon - TextBox'

2018-01-19 11:27:20 - [MESSAGE][WARNING] - Timeout '0' is invalid. Using default page load timeout: '10'

2018-01-19 11:27:31 - [MESSAGE][PASSED] - Text '0' has been set to element 'Object Repository/Sidebar Menu/Operasional/Stock/Tambah Barang/Persentase Diskon - TextBox'

2018-01-19 11:27:31 - [TEST_STEP][PASSED] - hideKeyboard: Keyboard is hidden

2018-01-19 11:27:38 - [MESSAGE][PASSED] - Keyboard is hidden

2018-01-19 11:27:40 - [TEST_STEP][PASSED] - comment: Test HARGA JUAL

2018-01-19 11:27:40 - [TEST_STEP][PASSED] - setText: Text '-2000' has been set to element 'Object Repository/Sidebar Menu/Operasional/Stock/Tambah Barang/Harga Jual - TextBox'

2018-01-19 11:27:40 - [MESSAGE][WARNING] - Timeout '0' is invalid. Using default page load timeout: '10'

2018-01-19 11:27:49 - [MESSAGE][PASSED] - Text '-2000' has been set to element 'Object Repository/Sidebar Menu/Operasional/Stock/Tambah Barang/Harga Jual - TextBox'

2018-01-19 11:27:49 - [TEST_STEP][PASSED] - hideKeyboard: Keyboard is hidden

2018-01-19 11:27:56 - [MESSAGE][PASSED] - Keyboard is hidden

2018-01-19 11:27:58 - [TEST_STEP][PASSED] - delay: Delayed 10 second(s)

2018-01-19 11:28:08 - [MESSAGE][PASSED] - Delayed 10 second(s)

2018-01-19 11:28:08 - [TEST_STEP][PASSED] - clearText: Element 'Object Repository/Sidebar Menu/Operasional/Stock/Tambah Barang/Harga Jual - TextBox' text is cleared

2018-01-19 11:28:13 - [MESSAGE][PASSED] - Element 'Object Repository/Sidebar Menu/Operasional/Stock/Tambah Barang/Harga Jual - TextBox' text is cleared

2018-01-19 11:28:13 - [TEST_STEP][PASSED] - setText: Text '2k' has been set to element 'Object Repository/Sidebar Menu/Operasional/Stock/Tambah Barang/Harga Jual - TextBox'

2018-01-19 11:28:13 - [MESSAGE][WARNING] - Timeout '0' is invalid. Using default page load timeout: '10'

2018-01-19 11:28:27 - [MESSAGE][PASSED] - Text '2k' has been set to element 'Object Repository/Sidebar Menu/Operasional/Stock/Tambah Barang/Harga Jual - TextBox'

2018-01-19 11:28:27 - [TEST_STEP][PASSED] - hideKeyboard: Keyboard is hidden

2018-01-19 11:28:34 - [MESSAGE][PASSED] - Keyboard is hidden

2018-01-19 11:28:36 - [TEST_STEP][PASSED] - clearText: Element 'Object Repository/Sidebar Menu/Operasional/Stock/Tambah Barang/Harga Jual - TextBox' text is cleared

2018-01-19 11:28:39 - [MESSAGE][PASSED] - Element 'Object Repository/Sidebar Menu/Operasional/Stock/Tambah Barang/Harga Jual - TextBox' text is cleared

2018-01-19 11:28:39 - [TEST_STEP][PASSED] - tap: Tapped on element 'Object Repository/Sidebar Menu/Operasional/Stock/Tambah Barang/Harga Jual - TextBox'

2018-01-19 11:28:40 - [MESSAGE][PASSED] - Tapped on element 'Object Repository/Sidebar Menu/Operasional/Stock/Tambah Barang/Harga Jual - TextBox'

2018-01-19 11:28:40 - [TEST_STEP][PASSED] - setText: Text '20000' has been set to element 'Object Repository/Sidebar Menu/Operasional/Stock/Tambah Barang/Harga Jual - TextBox'

2018-01-19 11:28:40 - [MESSAGE][WARNING] - Timeout '0' is invalid. Using default page load timeout: '10'

2018-01-19 11:28:54 - [MESSAGE][PASSED] - Text '20000' has been set to element 'Object Repository/Sidebar Menu/Operasional/Stock/Tambah Barang/Harga Jual - TextBox'

2018-01-19 11:28:54 - [TEST_STEP][PASSED] - verifyElementText: Actual text and expected text of test object 'Object Repository/Sidebar Menu/Operasional/Stock/Tambah Barang/Harga Jual - TextBox' are matched.

2018-01-19 11:28:55 - [MESSAGE][PASSED] - Actual text and expected text of test object 'Object Repository/Sidebar Menu/Operasional/Stock/Tambah Barang/Harga Jual - TextBox' are matched.

2018-01-19 11:28:55 - [TEST_STEP][PASSED] - hideKeyboard: Keyboard is hidden

2018-01-19 11:29:01 - [MESSAGE][PASSED] - Keyboard is hidden

2018-01-19 11:29:04 - [TEST_STEP][PASSED] - comment: Test NOMINAL

2018-01-19 11:29:04 - [TEST_STEP][PASSED] - setText: Text '-2000' has been set to element 'Object Repository/Sidebar Menu/Operasional/Stock/Tambah Barang/Nominal Diskon- TextBox'

2018-01-19 11:29:04 - [MESSAGE][WARNING] - Timeout '0' is invalid. Using default page load timeout: '10'

2018-01-19 11:29:15 - [MESSAGE][PASSED] - Text '-2000' has been set to element 'Object Repository/Sidebar Menu/Operasional/Stock/Tambah Barang/Nominal Diskon- TextBox'

2018-01-19 11:29:15 - [TEST_STEP][PASSED] - hideKeyboard: Keyboard is hidden

2018-01-19 11:29:22 - [MESSAGE][PASSED] - Keyboard is hidden

2018-01-19 11:29:24 - [TEST_STEP][PASSED] - tap: Tapped on element 'Object Repository/Sidebar Menu/Operasional/Stock/Tambah Barang/Nominal Diskon- TextBox'

2018-01-19 11:29:25 - [MESSAGE][PASSED] - Tapped on element 'Object Repository/Sidebar Menu/Operasional/Stock/Tambah Barang/Nominal Diskon- TextBox'

2018-01-19 11:29:25 - [TEST_STEP][PASSED] - clearText: Element 'Object Repository/Sidebar Menu/Operasional/Stock/Tambah Barang/Nominal Diskon- TextBox' text is cleared

2018-01-19 11:29:29 - [MESSAGE][PASSED] - Element 'Object Repository/Sidebar Menu/Operasional/Stock/Tambah Barang/Nominal Diskon- TextBox' text is cleared

2018-01-19 11:29:29 - [TEST_STEP][PASSED] - setText: Text '20000' has been set to element 'Object Repository/Sidebar Menu/Operasional/Stock/Tambah Barang/Nominal Diskon- TextBox'

2018-01-19 11:29:29 - [MESSAGE][WARNING] - Timeout '0' is invalid. Using default page load timeout: '10'

2018-01-19 11:29:43 - [MESSAGE][PASSED] - Text '20000' has been set to element 'Object Repository/Sidebar Menu/Operasional/Stock/Tambah Barang/Nominal Diskon- TextBox'

2018-01-19 11:29:43 - [TEST_STEP][PASSED] - hideKeyboard: Keyboard is hidden

2018-01-19 11:29:50 - [MESSAGE][PASSED] - Keyboard is hidden

2018-01-19 11:29:52 - [TEST_STEP][PASSED] - tap: Tapped on element 'Object Repository/Sidebar Menu/Operasional/Stock/Tambah Barang/Simpan Button'

2018-01-19 11:29:54 - [MESSAGE][PASSED] - Tapped on element 'Object Repository/Sidebar Menu/Operasional/Stock/Tambah Barang/Simpan Button'

2018-01-19 11:29:54 - [TEST_STEP][PASSED] - clearText: Element 'Object Repository/Sidebar Menu/Operasional/Stock/Tambah Barang/Nominal Diskon- TextBox' text is cleared

2018-01-19 11:29:54 - [MESSAGE][WARNING] - Timeout '0' is invalid. Using default page load timeout: '10'

2018-01-19 11:29:58 - [MESSAGE][PASSED] - Element 'Object Repository/Sidebar Menu/Operasional/Stock/Tambah Barang/Nominal Diskon- TextBox' text is cleared

2018-01-19 11:29:58 - [TEST_STEP][PASSED] - setText: Text '30000' has been set to element 'Object Repository/Sidebar Menu/Operasional/Stock/Tambah Barang/Nominal Diskon- TextBox'

2018-01-19 11:29:58 - [MESSAGE][WARNING] - Timeout '0' is invalid. Using default page load timeout: '10'

2018-01-19 11:30:08 - [MESSAGE][PASSED] - Text '30000' has been set to element 'Object Repository/Sidebar Menu/Operasional/Stock/Tambah Barang/Nominal Diskon- TextBox'

2018-01-19 11:30:08 - [TEST_STEP][PASSED] - hideKeyboard: Keyboard is hidden

2018-01-19 11:30:15 - [MESSAGE][PASSED] - Keyboard is hidden

2018-01-19 11:30:18 - [TEST_STEP][PASSED] - tap: Tapped on element 'Object Repository/Sidebar Menu/Operasional/Stock/Tambah Barang/Simpan Button'

2018-01-19 11:30:19 - [MESSAGE][PASSED] - Tapped on element 'Object Repository/Sidebar Menu/Operasional/Stock/Tambah Barang/Simpan Button'

2018-01-19 11:30:19 - [TEST_STEP][PASSED] - clearText: Element 'Object Repository/Sidebar Menu/Operasional/Stock/Tambah Barang/Nominal Diskon- TextBox' text is cleared

2018-01-19 11:30:24 - [MESSAGE][PASSED] - Element 'Object Repository/Sidebar Menu/Operasional/Stock/Tambah Barang/Nominal Diskon- TextBox' text is cleared

2018-01-19 11:30:24 - [TEST_STEP][PASSED] - tap: Tapped on element 'Object Repository/Sidebar Menu/Operasional/Stock/Tambah Barang/Nominal Diskon- TextBox'

2018-01-19 11:30:26 - [MESSAGE][PASSED] - Tapped on element 'Object Repository/Sidebar Menu/Operasional/Stock/Tambah Barang/Nominal Diskon- TextBox'

2018-01-19 11:30:26 - [TEST_STEP][PASSED] - setText: Text '765' has been set to element 'Object Repository/Sidebar Menu/Operasional/Stock/Tambah Barang/Nominal Diskon- TextBox'

2018-01-19 11:30:26 - [MESSAGE][WARNING] - Timeout '0' is invalid. Using default page load timeout: '10'

2018-01-19 11:30:39 - [MESSAGE][PASSED] - Text '765' has been set to element 'Object Repository/Sidebar Menu/Operasional/Stock/Tambah Barang/Nominal Diskon- TextBox'

2018-01-19 11:30:39 - [TEST_STEP][PASSED] - hideKeyboard: Keyboard is hidden

2018-01-19 11:30:46 - [MESSAGE][PASSED] - Keyboard is hidden

2018-01-19 11:30:47 - [TEST_STEP][PASSED] - clearText: Element 'Object Repository/Sidebar Menu/Operasional/Stock/Tambah Barang/Nominal Diskon- TextBox' text is cleared

2018-01-19 11:30:47 - [MESSAGE][WARNING] - Timeout '0' is invalid. Using default page load timeout: '10'

2018-01-19 11:30:51 - [MESSAGE][PASSED] - Element 'Object Repository/Sidebar Menu/Operasional/Stock/Tambah Barang/Nominal Diskon- TextBox' text is cleared

2018-01-19 11:30:51 - [TEST_STEP][PASSED] - sendKeys: Send keys '7654' on test object 'Object Repository/Sidebar Menu/Operasional/Stock/Tambah Barang/Nominal Diskon- TextBox' successfully.

2018-01-19 11:31:00 - [MESSAGE][PASSED] - Send keys '7654' on test object 'Object Repository/Sidebar Menu/Operasional/Stock/Tambah Barang/Nominal Diskon- TextBox' successfully.

2018-01-19 11:31:00 - [TEST_STEP][PASSED] - hideKeyboard: Keyboard is hidden

2018-01-19 11:31:09 - [MESSAGE][PASSED] - Keyboard is hidden

2018-01-19 11:31:11 - [TEST_STEP][PASSED] - clearText: Element 'Object Repository/Sidebar Menu/Operasional/Stock/Tambah Barang/Nominal Diskon- TextBox' text is cleared

2018-01-19 11:31:11 - [MESSAGE][WARNING] - Timeout '0' is invalid. Using default page load timeout: '10'

2018-01-19 11:31:16 - [MESSAGE][PASSED] - Element 'Object Repository/Sidebar Menu/Operasional/Stock/Tambah Barang/Nominal Diskon- TextBox' text is cleared

2018-01-19 11:31:16 - [TEST_STEP][PASSED] - setText: Text '23465' has been set to element 'Object Repository/Sidebar Menu/Operasional/Stock/Tambah Barang/Nominal Diskon- TextBox'

2018-01-19 11:31:17 - [MESSAGE][WARNING] - Timeout '0' is invalid. Using default page load timeout: '10'

2018-01-19 11:31:30 - [MESSAGE][PASSED] - Text '23465' has been set to element 'Object Repository/Sidebar Menu/Operasional/Stock/Tambah Barang/Nominal Diskon- TextBox'

2018-01-19 11:31:30 - [TEST_STEP][PASSED] - hideKeyboard: Keyboard is hidden

2018-01-19 11:31:43 - [MESSAGE][PASSED] - Keyboard is hidden

2018-01-19 11:31:45 - [TEST_STEP][PASSED] - clearText: Element 'Object Repository/Sidebar Menu/Operasional/Stock/Tambah Barang/Nominal Diskon- TextBox' text is cleared

2018-01-19 11:31:45 - [MESSAGE][WARNING] - Timeout '0' is invalid. Using default page load timeout: '10'

2018-01-19 11:31:51 - [MESSAGE][PASSED] - Element 'Object Repository/Sidebar Menu/Operasional/Stock/Tambah Barang/Nominal Diskon- TextBox' text is cleared

2018-01-19 11:31:51 - [TEST_STEP][PASSED] - setText: Text '19999' has been set to element 'Object Repository/Sidebar Menu/Operasional/Stock/Tambah Barang/Nominal Diskon- TextBox'

2018-01-19 11:31:51 - [MESSAGE][WARNING] - Timeout '0' is invalid. Using default page load timeout: '10'

2018-01-19 11:32:01 - [MESSAGE][PASSED] - Text '19999' has been set to element 'Object Repository/Sidebar Menu/Operasional/Stock/Tambah Barang/Nominal Diskon- TextBox'

2018-01-19 11:32:01 - [TEST_STEP][PASSED] - hideKeyboard: Keyboard is hidden

2018-01-19 11:32:07 - [MESSAGE][PASSED] - Keyboard is hidden

2018-01-19 11:32:12 - [TEST_STEP][PASSED] - tap: Tapped on element 'Object Repository/Sidebar Menu/Operasional/Stock/Tambah Barang/Simpan Button'

2018-01-19 11:32:13 - [MESSAGE][PASSED] - Tapped on element 'Object Repository/Sidebar Menu/Operasional/Stock/Tambah Barang/Simpan Button'

2018-01-19 11:32:13 - [TEST_STEP][PASSED] - clearText: Element 'Object Repository/Sidebar Menu/Operasional/Stock/Tambah Barang/Nominal Diskon- TextBox' text is cleared

2018-01-19 11:32:18 - [MESSAGE][PASSED] - Element 'Object Repository/Sidebar Menu/Operasional/Stock/Tambah Barang/Nominal Diskon- TextBox' text is cleared

2018-01-19 11:32:18 - [TEST_STEP][PASSED] - comment: Test PERSENTASE

2018-01-19 11:32:18 - [TEST_STEP][PASSED] - setText: Text '20' has been set to element 'Object Repository/Sidebar Menu/Operasional/Stock/Tambah Barang/Persentase Diskon - TextBox'

2018-01-19 11:32:18 - [MESSAGE][WARNING] - Timeout '0' is invalid. Using default page load timeout: '10'

2018-01-19 11:32:34 - [MESSAGE][PASSED] - Text '20' has been set to element 'Object Repository/Sidebar Menu/Operasional/Stock/Tambah Barang/Persentase Diskon - TextBox'

2018-01-19 11:32:34 - [TEST_STEP][PASSED] - hideKeyboard: Keyboard is hidden

2018-01-19 11:32:43 - [MESSAGE][PASSED] - Keyboard is hidden

2018-01-19 11:32:47 - [TEST_STEP][PASSED] - clearText: Element 'Object Repository/Sidebar Menu/Operasional/Stock/Tambah Barang/Persentase Diskon - TextBox' text is cleared

2018-01-19 11:32:47 - [MESSAGE][WARNING] - Timeout '0' is invalid. Using default page load timeout: '10'

2018-01-19 11:32:52 - [MESSAGE][PASSED] - Element 'Object Repository/Sidebar Menu/Operasional/Stock/Tambah Barang/Persentase Diskon - TextBox' text is cleared

2018-01-19 11:32:52 - [TEST_STEP][PASSED] - setText: Text '-2' has been set to element 'Object Repository/Sidebar Menu/Operasional/Stock/Tambah Barang/Persentase Diskon - TextBox'

2018-01-19 11:32:52 - [MESSAGE][WARNING] - Timeout '0' is invalid. Using default page load timeout: '10'

2018-01-19 11:33:08 - [MESSAGE][PASSED] - Text '-2' has been set to element 'Object Repository/Sidebar Menu/Operasional/Stock/Tambah Barang/Persentase Diskon - TextBox'

2018-01-19 11:33:08 - [TEST_STEP][PASSED] - hideKeyboard: Keyboard is hidden

2018-01-19 11:33:16 - [MESSAGE][PASSED] - Keyboard is hidden

2018-01-19 11:33:18 - [TEST_STEP][PASSED] - clearText: Element 'Object Repository/Sidebar Menu/Operasional/Stock/Tambah Barang/Persentase Diskon - TextBox' text is cleared

2018-01-19 11:33:18 - [MESSAGE][WARNING] - Timeout '0' is invalid. Using default page load timeout: '10'

2018-01-19 11:33:22 - [MESSAGE][PASSED] - Element 'Object Repository/Sidebar Menu/Operasional/Stock/Tambah Barang/Persentase Diskon - TextBox' text is cleared

2018-01-19 11:33:22 - [TEST_STEP][PASSED] - setText: Text '3452' has been set to element 'Object Repository/Sidebar Menu/Operasional/Stock/Tambah Barang/Persentase Diskon - TextBox'

2018-01-19 11:33:22 - [MESSAGE][WARNING] - Timeout '0' is invalid. Using default page load timeout: '10'

2018-01-19 11:33:34 - [MESSAGE][PASSED] - Text '3452' has been set to element 'Object Repository/Sidebar Menu/Operasional/Stock/Tambah Barang/Persentase Diskon - TextBox'

2018-01-19 11:33:34 - [TEST_STEP][PASSED] - hideKeyboard: Keyboard is hidden

2018-01-19 11:33:44 - [MESSAGE][PASSED] - Keyboard is hidden

2018-01-19 11:33:46 - [TEST_STEP][PASSED] - setText: Text '23654' has been set to element 'Object Repository/Sidebar Menu/Operasional/Stock/Tambah Barang/Persentase Diskon - TextBox'

2018-01-19 11:33:46 - [MESSAGE][WARNING] - Timeout '0' is invalid. Using default page load timeout: '10'

2018-01-19 11:33:57 - [MESSAGE][PASSED] - Text '23654' has been set to element 'Object Repository/Sidebar Menu/Operasional/Stock/Tambah Barang/Persentase Diskon - TextBox'

2018-01-19 11:33:57 - [TEST_STEP][PASSED] - hideKeyboard: Keyboard is hidden

2018-01-19 11:34:04 - [MESSAGE][PASSED] - Keyboard is hidden

2018-01-19 11:34:06 - [TEST_STEP][PASSED] - clearText: Element 'Object Repository/Sidebar Menu/Operasional/Stock/Tambah Barang/Persentase Diskon - TextBox' text is cleared

2018-01-19 11:34:06 - [MESSAGE][WARNING] - Timeout '0' is invalid. Using default page load timeout: '10'

2018-01-19 11:34:10 - [MESSAGE][PASSED] - Element 'Object Repository/Sidebar Menu/Operasional/Stock/Tambah Barang/Persentase Diskon - TextBox' text is cleared

2018-01-19 11:34:10 - [TEST_STEP][PASSED] - setText: Text '876342' has been set to element 'Object Repository/Sidebar Menu/Operasional/Stock/Tambah Barang/Persentase Diskon - TextBox'

2018-01-19 11:34:10 - [MESSAGE][WARNING] - Timeout '0' is invalid. Using default page load timeout: '10'

2018-01-19 11:34:26 - [MESSAGE][PASSED] - Text '876342' has been set to element 'Object Repository/Sidebar Menu/Operasional/Stock/Tambah Barang/Persentase Diskon - TextBox'

2018-01-19 11:34:26 - [TEST_STEP][PASSED] - hideKeyboard: Keyboard is hidden

2018-01-19 11:34:33 - [MESSAGE][PASSED] - Keyboard is hidden

2018-01-19 11:34:35 - [TEST_STEP][PASSED] - clearText: Element 'Object Repository/Sidebar Menu/Operasional/Stock/Tambah Barang/Persentase Diskon - TextBox' text is cleared

2018-01-19 11:34:35 - [MESSAGE][WARNING] - Timeout '0' is invalid. Using default page load timeout: '10'

2018-01-19 11:34:39 - [MESSAGE][PASSED] - Element 'Object Repository/Sidebar Menu/Operasional/Stock/Tambah Barang/Persentase Diskon - TextBox' text is cleared

2018-01-19 11:34:39 - [TEST_STEP][PASSED] - setText: Text '876342' has been set to element 'Object Repository/Sidebar Menu/Operasional/Stock/Tambah Barang/Persentase Diskon - TextBox'

2018-01-19 11:34:39 - [MESSAGE][WARNING] - Timeout '0' is invalid. Using default page load timeout: '10'

2018-01-19 11:34:54 - [MESSAGE][PASSED] - Text '876342' has been set to element 'Object Repository/Sidebar Menu/Operasional/Stock/Tambah Barang/Persentase Diskon - TextBox'

2018-01-19 11:34:54 - [TEST_STEP][PASSED] - hideKeyboard: Keyboard is hidden

2018-01-19 11:35:00 - [MESSAGE][PASSED] - Keyboard is hidden

2018-01-19 11:35:02 - [TEST_STEP][PASSED] - setText: Text '100' has been set to element 'Object Repository/Sidebar Menu/Operasional/Stock/Tambah Barang/Persentase Diskon - TextBox'

2018-01-19 11:35:02 - [MESSAGE][WARNING] - Timeout '0' is invalid. Using default page load timeout: '10'

2018-01-19 11:35:14 - [MESSAGE][PASSED] - Text '100' has been set to element 'Object Repository/Sidebar Menu/Operasional/Stock/Tambah Barang/Persentase Diskon - TextBox'

2018-01-19 11:35:14 - [TEST_STEP][PASSED] - hideKeyboard: Keyboard is hidden

2018-01-19 11:35:20 - [MESSAGE][PASSED] - Keyboard is hidden

2018-01-19 11:35:23 - [TEST_STEP][PASSED] - clearText: Element 'Object Repository/Sidebar Menu/Operasional/Stock/Tambah Barang/Persentase Diskon - TextBox' text is cleared

2018-01-19 11:35:23 - [MESSAGE][WARNING] - Timeout '0' is invalid. Using default page load timeout: '10'

2018-01-19 11:35:26 - [MESSAGE][PASSED] - Element 'Object Repository/Sidebar Menu/Operasional/Stock/Tambah Barang/Persentase Diskon - TextBox' text is cleared

2018-01-19 11:35:26 - [TEST_STEP][PASSED] - setText: Text '9999' has been set to element 'Object Repository/Sidebar Menu/Operasional/Stock/Tambah Barang/Persentase Diskon - TextBox'

2018-01-19 11:35:26 - [MESSAGE][WARNING] - Timeout '0' is invalid. Using default page load timeout: '10'

2018-01-19 11:35:38 - [MESSAGE][PASSED] - Text '9999' has been set to element 'Object Repository/Sidebar Menu/Operasional/Stock/Tambah Barang/Persentase Diskon - TextBox'

2018-01-19 11:35:38 - [TEST_STEP][PASSED] - hideKeyboard: Keyboard is hidden

2018-01-19 11:35:48 - [MESSAGE][PASSED] - Keyboard is hidden

2018-01-19 11:35:50 - [TEST_STEP][PASSED] - tap: Tapped on element 'Object Repository/Sidebar Menu/Operasional/Stock/Tambah Barang/Simpan Button'

2018-01-19 11:35:52 - [MESSAGE][PASSED] - Tapped on element 'Object Repository/Sidebar Menu/Operasional/Stock/Tambah Barang/Simpan Button'

2018-01-19 11:35:52 - [TEST_STEP][FAILED] - tap: Failed to tap on element 'Object Repository/Sidebar Menu/Operasional/Stock/Tambah Barang/Simpan Button' (Root cause: org.openqa.selenium.NoSuchElementException: An element could not be located on the page using the given search parameters. (WARNING: The server did not provide any stacktrace information)
Command duration or timeout: 11.67 seconds
For documentation on this error, please visit: http://seleniumhq.org/exceptions/no_such_element.html
Build info: version: '2.53.0', revision: '35ae25b', time: '2016-03-15 17:00:58'
System info: host: 'NB17Q7U8IT', ip: '192.168.120.203', os.name: 'Windows 10', os.arch: 'amd64', os.version: '10.0', java.version: '1.8.0_102'
Driver info: com.kms.katalon.core.appium.driver.SwipeableAndroidDriver
Capabilities [{appPackage=com.btpn.jeniuspro.dev, noReset=true, property_2=, property_1=, deviceName=MVAQIBSCS8LN6TQW, fullReset=false, platform=ANDROID, deviceUDID=MVAQIBSCS8LN6TQW, desired={app=D:\Project Apollo\APK Appolo\Sprint 5 v-7.apk, noReset=true, property_2=, newCommandTimeout=1800, property=, autoGrantPermissions=true, property_1=, udid=MVAQIBSCS8LN6TQW, platformName=Android, deviceName=Xiaomi Redmi Note 3 5.0.2, fullReset=false, platform=ANDROID}, newCommandTimeout=1800, platformVersion=5.0.2, webStorageEnabled=false, property=, takesScreenshot=true, javascriptEnabled=true, udid=MVAQIBSCS8LN6TQW, platformName=Android, deviceManufacturer=Xiaomi, app=D:\Project Apollo\APK Appolo\Sprint 5 v-7.apk, deviceScreenSize=1080x1920, networkConnectionEnabled=true, warnings={}, appWaitPackage=com.btpn.jeniuspro.dev, appWaitActivity=com.btpn_mpos_rn.MainActivity, databaseEnabled=false, appActivity=com.btpn_mpos_rn.MainActivity, locationContextEnabled=false, autoGrantPermissions=true, deviceModel=Redmi Note 3}]
Session ID: a505d56b-9f38-44fb-90f8-5485d52d0db0)

2018-01-19 11:36:14 - [MESSAGE][FAILED] - Failed to tap on element 'Object Repository/Sidebar Menu/Operasional/Stock/Tambah Barang/Simpan Button' (Root cause: org.openqa.selenium.NoSuchElementException: An element could not be located on the page using the given search parameters. (WARNING: The server did not provide any stacktrace information)
Command duration or timeout: 11.67 seconds
For documentation on this error, please visit: http://seleniumhq.org/exceptions/no_such_element.html
Build info: version: '2.53.0', revision: '35ae25b', time: '2016-03-15 17:00:58'
System info: host: 'NB17Q7U8IT', ip: '192.168.120.203', os.name: 'Windows 10', os.arch: 'amd64', os.version: '10.0', java.version: '1.8.0_102'
Driver info: com.kms.katalon.core.appium.driver.SwipeableAndroidDriver
Capabilities [{appPackage=com.btpn.jeniuspro.dev, noReset=true, property_2=, property_1=, deviceName=MVAQIBSCS8LN6TQW, fullReset=false, platform=ANDROID, deviceUDID=MVAQIBSCS8LN6TQW, desired={app=D:\Project Apollo\APK Appolo\Sprint 5 v-7.apk, noReset=true, property_2=, newCommandTimeout=1800, property=, autoGrantPermissions=true, property_1=, udid=MVAQIBSCS8LN6TQW, platformName=Android, deviceName=Xiaomi Redmi Note 3 5.0.2, fullReset=false, platform=ANDROID}, newCommandTimeout=1800, platformVersion=5.0.2, webStorageEnabled=false, property=, takesScreenshot=true, javascriptEnabled=true, udid=MVAQIBSCS8LN6TQW, platformName=Android, deviceManufacturer=Xiaomi, app=D:\Project Apollo\APK Appolo\Sprint 5 v-7.apk, deviceScreenSize=1080x1920, networkConnectionEnabled=true, warnings={}, appWaitPackage=com.btpn.jeniuspro.dev, appWaitActivity=com.btpn_mpos_rn.MainActivity, databaseEnabled=false, appActivity=com.btpn_mpos_rn.MainActivity, locationContextEnabled=false, autoGrantPermissions=true, deviceModel=Redmi Note 3}]
Session ID: a505d56b-9f38-44fb-90f8-5485d52d0db0)]]></system-out>
         <system-err><![CDATA[2018-01-19 11:22:49 - [TEST_CASE][FAILED] - Test Cases/35 - TC-All: Test Cases/35 - TC-All FAILED because (of) Failed to tap on element 'Object Repository/Sidebar Menu/Operasional/Stock/Tambah Barang/Simpan Button' (Root cause: org.openqa.selenium.NoSuchElementException: An element could not be located on the page using the given search parameters. (WARNING: The server did not provide any stacktrace information)
Command duration or timeout: 11.67 seconds
For documentation on this error, please visit: http://seleniumhq.org/exceptions/no_such_element.html
Build info: version: '2.53.0', revision: '35ae25b', time: '2016-03-15 17:00:58'
System info: host: 'NB17Q7U8IT', ip: '192.168.120.203', os.name: 'Windows 10', os.arch: 'amd64', os.version: '10.0', java.version: '1.8.0_102'
Driver info: com.kms.katalon.core.appium.driver.SwipeableAndroidDriver
Capabilities [{appPackage=com.btpn.jeniuspro.dev, noReset=true, property_2=, property_1=, deviceName=MVAQIBSCS8LN6TQW, fullReset=false, platform=ANDROID, deviceUDID=MVAQIBSCS8LN6TQW, desired={app=D:\Project Apollo\APK Appolo\Sprint 5 v-7.apk, noReset=true, property_2=, newCommandTimeout=1800, property=, autoGrantPermissions=true, property_1=, udid=MVAQIBSCS8LN6TQW, platformName=Android, deviceName=Xiaomi Redmi Note 3 5.0.2, fullReset=false, platform=ANDROID}, newCommandTimeout=1800, platformVersion=5.0.2, webStorageEnabled=false, property=, takesScreenshot=true, javascriptEnabled=true, udid=MVAQIBSCS8LN6TQW, platformName=Android, deviceManufacturer=Xiaomi, app=D:\Project Apollo\APK Appolo\Sprint 5 v-7.apk, deviceScreenSize=1080x1920, networkConnectionEnabled=true, warnings={}, appWaitPackage=com.btpn.jeniuspro.dev, appWaitActivity=com.btpn_mpos_rn.MainActivity, databaseEnabled=false, appActivity=com.btpn_mpos_rn.MainActivity, locationContextEnabled=false, autoGrantPermissions=true, deviceModel=Redmi Note 3}]
Session ID: a505d56b-9f38-44fb-90f8-5485d52d0db0)]]></system-err>
      </testcase>
      <testcase name="Test Cases/27 - TC - All" classname="Test Cases/27 - TC - All" status="PASSED">
         <system-out><![CDATA[2018-01-19 11:36:14 - [TEST_CASE][PASSED] - Test Cases/27 - TC - All: Test Cases/27 - TC - All

2018-01-19 11:36:14 - [TEST_STEP][PASSED] - comment: Start Story 27

2018-01-19 11:36:14 - [TEST_STEP][PASSED] - Statement - For (def index : (0..5)): Swiped from 0,1,449 to 0,720

2018-01-19 11:36:14 - [TEST_STEP][PASSED] - swipe: Swiped from 0,1,449 to 0,720

2018-01-19 11:36:19 - [MESSAGE][PASSED] - Swiped from 0,1,449 to 0,720

2018-01-19 11:36:22 - [TEST_STEP][PASSED] - swipe: Swiped from 0,1,449 to 0,720

2018-01-19 11:36:27 - [MESSAGE][PASSED] - Swiped from 0,1,449 to 0,720

2018-01-19 11:36:29 - [TEST_STEP][PASSED] - swipe: Swiped from 0,1,449 to 0,720

2018-01-19 11:36:33 - [MESSAGE][PASSED] - Swiped from 0,1,449 to 0,720

2018-01-19 11:36:35 - [TEST_STEP][PASSED] - swipe: Swiped from 0,1,449 to 0,720

2018-01-19 11:36:43 - [MESSAGE][PASSED] - Swiped from 0,1,449 to 0,720

2018-01-19 11:36:45 - [TEST_STEP][PASSED] - swipe: Swiped from 0,1,449 to 0,720

2018-01-19 11:36:50 - [MESSAGE][PASSED] - Swiped from 0,1,449 to 0,720

2018-01-19 11:36:53 - [TEST_STEP][PASSED] - swipe: Swiped from 0,1,449 to 0,720

2018-01-19 11:36:58 - [MESSAGE][PASSED] - Swiped from 0,1,449 to 0,720

2018-01-19 11:37:00 - [TEST_STEP][PASSED] - tap: Tapped on element 'Object Repository/Sidebar Menu/Operasional/Stock/Detail Barang/List Produk - Elemen 42'

2018-01-19 11:37:01 - [MESSAGE][PASSED] - Tapped on element 'Object Repository/Sidebar Menu/Operasional/Stock/Detail Barang/List Produk - Elemen 42'

2018-01-19 11:37:01 - [TEST_STEP][PASSED] - swipe: Swiped from 48,1,728 to 48,888

2018-01-19 11:37:05 - [MESSAGE][PASSED] - Swiped from 48,1,728 to 48,888

2018-01-19 11:37:07 - [TEST_STEP][PASSED] - swipe: Swiped from 48,888 to 48,1,728

2018-01-19 11:37:14 - [MESSAGE][PASSED] - Swiped from 48,888 to 48,1,728

2018-01-19 11:37:16 - [TEST_STEP][PASSED] - delay: Delayed 5 second(s)

2018-01-19 11:37:21 - [MESSAGE][PASSED] - Delayed 5 second(s)

2018-01-19 11:37:21 - [TEST_STEP][PASSED] - tap: Tapped on element 'Object Repository/Sidebar Menu/Operasional/Stock/Detail Barang/INFO SUPPLIER'

2018-01-19 11:37:23 - [MESSAGE][PASSED] - Tapped on element 'Object Repository/Sidebar Menu/Operasional/Stock/Detail Barang/INFO SUPPLIER'

2018-01-19 11:37:23 - [TEST_STEP][PASSED] - tap: Tapped on element 'Object Repository/Sidebar Menu/Operasional/Stock/Detail Barang/INFO STOK'

2018-01-19 11:37:25 - [MESSAGE][PASSED] - Tapped on element 'Object Repository/Sidebar Menu/Operasional/Stock/Detail Barang/INFO STOK'

2018-01-19 11:37:25 - [TEST_STEP][PASSED] - swipe: Swiped from 48,1,728 to 48,888

2018-01-19 11:37:30 - [MESSAGE][PASSED] - Swiped from 48,1,728 to 48,888

2018-01-19 11:37:32 - [TEST_STEP][PASSED] - comment: End Story 27]]></system-out>
         <system-err><![CDATA[]]></system-err>
      </testcase>
      <testcase name="Test Cases/46 - TC - All" classname="Test Cases/46 - TC - All" status="PASSED">
         <system-out><![CDATA[2018-01-19 11:37:32 - [TEST_CASE][PASSED] - Test Cases/46 - TC - All: Test Cases/46 - TC - All

2018-01-19 11:37:33 - [TEST_STEP][PASSED] - comment: Start Story 46

2018-01-19 11:37:33 - [TEST_STEP][PASSED] - tap: Tapped on element 'Object Repository/Sidebar Menu/Operasional/Stock/Detail Barang/Ubah Info - Button'

2018-01-19 11:37:34 - [MESSAGE][PASSED] - Tapped on element 'Object Repository/Sidebar Menu/Operasional/Stock/Detail Barang/Ubah Info - Button'

2018-01-19 11:37:34 - [TEST_STEP][PASSED] - Statement - For (def index : (0..5)): Tapped on element 'Object Repository/Sidebar Menu/Operasional/Stock/Tambah Barang/Minus Tap - Jumlah Stock'

2018-01-19 11:37:34 - [TEST_STEP][PASSED] - tap: Tapped on element 'Object Repository/Sidebar Menu/Operasional/Stock/Tambah Barang/Minus Tap - Jumlah Stock'

2018-01-19 11:37:36 - [MESSAGE][PASSED] - Tapped on element 'Object Repository/Sidebar Menu/Operasional/Stock/Tambah Barang/Minus Tap - Jumlah Stock'

2018-01-19 11:37:36 - [TEST_STEP][PASSED] - tap: Tapped on element 'Object Repository/Sidebar Menu/Operasional/Stock/Tambah Barang/Minus Tap - Jumlah Stock'

2018-01-19 11:37:38 - [MESSAGE][PASSED] - Tapped on element 'Object Repository/Sidebar Menu/Operasional/Stock/Tambah Barang/Minus Tap - Jumlah Stock'

2018-01-19 11:37:38 - [TEST_STEP][PASSED] - tap: Tapped on element 'Object Repository/Sidebar Menu/Operasional/Stock/Tambah Barang/Minus Tap - Jumlah Stock'

2018-01-19 11:37:40 - [MESSAGE][PASSED] - Tapped on element 'Object Repository/Sidebar Menu/Operasional/Stock/Tambah Barang/Minus Tap - Jumlah Stock'

2018-01-19 11:37:40 - [TEST_STEP][PASSED] - tap: Tapped on element 'Object Repository/Sidebar Menu/Operasional/Stock/Tambah Barang/Minus Tap - Jumlah Stock'

2018-01-19 11:37:42 - [MESSAGE][PASSED] - Tapped on element 'Object Repository/Sidebar Menu/Operasional/Stock/Tambah Barang/Minus Tap - Jumlah Stock'

2018-01-19 11:37:42 - [TEST_STEP][PASSED] - tap: Tapped on element 'Object Repository/Sidebar Menu/Operasional/Stock/Tambah Barang/Minus Tap - Jumlah Stock'

2018-01-19 11:37:43 - [MESSAGE][PASSED] - Tapped on element 'Object Repository/Sidebar Menu/Operasional/Stock/Tambah Barang/Minus Tap - Jumlah Stock'

2018-01-19 11:37:43 - [TEST_STEP][PASSED] - tap: Tapped on element 'Object Repository/Sidebar Menu/Operasional/Stock/Tambah Barang/Minus Tap - Jumlah Stock'

2018-01-19 11:37:45 - [MESSAGE][PASSED] - Tapped on element 'Object Repository/Sidebar Menu/Operasional/Stock/Tambah Barang/Minus Tap - Jumlah Stock'

2018-01-19 11:37:45 - [TEST_STEP][PASSED] - Statement - For (def index : (0..10)): Tapped on element 'Object Repository/Sidebar Menu/Operasional/Stock/Tambah Barang/PlusTap - JumlaH Stock'

2018-01-19 11:37:45 - [TEST_STEP][PASSED] - tap: Tapped on element 'Object Repository/Sidebar Menu/Operasional/Stock/Tambah Barang/PlusTap - JumlaH Stock'

2018-01-19 11:37:46 - [MESSAGE][PASSED] - Tapped on element 'Object Repository/Sidebar Menu/Operasional/Stock/Tambah Barang/PlusTap - JumlaH Stock'

2018-01-19 11:37:46 - [TEST_STEP][PASSED] - tap: Tapped on element 'Object Repository/Sidebar Menu/Operasional/Stock/Tambah Barang/PlusTap - JumlaH Stock'

2018-01-19 11:37:48 - [MESSAGE][PASSED] - Tapped on element 'Object Repository/Sidebar Menu/Operasional/Stock/Tambah Barang/PlusTap - JumlaH Stock'

2018-01-19 11:37:48 - [TEST_STEP][PASSED] - tap: Tapped on element 'Object Repository/Sidebar Menu/Operasional/Stock/Tambah Barang/PlusTap - JumlaH Stock'

2018-01-19 11:37:50 - [MESSAGE][PASSED] - Tapped on element 'Object Repository/Sidebar Menu/Operasional/Stock/Tambah Barang/PlusTap - JumlaH Stock'

2018-01-19 11:37:50 - [TEST_STEP][PASSED] - tap: Tapped on element 'Object Repository/Sidebar Menu/Operasional/Stock/Tambah Barang/PlusTap - JumlaH Stock'

2018-01-19 11:37:52 - [MESSAGE][PASSED] - Tapped on element 'Object Repository/Sidebar Menu/Operasional/Stock/Tambah Barang/PlusTap - JumlaH Stock'

2018-01-19 11:37:52 - [TEST_STEP][PASSED] - tap: Tapped on element 'Object Repository/Sidebar Menu/Operasional/Stock/Tambah Barang/PlusTap - JumlaH Stock'

2018-01-19 11:37:53 - [MESSAGE][PASSED] - Tapped on element 'Object Repository/Sidebar Menu/Operasional/Stock/Tambah Barang/PlusTap - JumlaH Stock'

2018-01-19 11:37:53 - [TEST_STEP][PASSED] - tap: Tapped on element 'Object Repository/Sidebar Menu/Operasional/Stock/Tambah Barang/PlusTap - JumlaH Stock'

2018-01-19 11:37:55 - [MESSAGE][PASSED] - Tapped on element 'Object Repository/Sidebar Menu/Operasional/Stock/Tambah Barang/PlusTap - JumlaH Stock'

2018-01-19 11:37:55 - [TEST_STEP][PASSED] - tap: Tapped on element 'Object Repository/Sidebar Menu/Operasional/Stock/Tambah Barang/PlusTap - JumlaH Stock'

2018-01-19 11:37:57 - [MESSAGE][PASSED] - Tapped on element 'Object Repository/Sidebar Menu/Operasional/Stock/Tambah Barang/PlusTap - JumlaH Stock'

2018-01-19 11:37:57 - [TEST_STEP][PASSED] - tap: Tapped on element 'Object Repository/Sidebar Menu/Operasional/Stock/Tambah Barang/PlusTap - JumlaH Stock'

2018-01-19 11:38:00 - [MESSAGE][PASSED] - Tapped on element 'Object Repository/Sidebar Menu/Operasional/Stock/Tambah Barang/PlusTap - JumlaH Stock'

2018-01-19 11:38:00 - [TEST_STEP][PASSED] - tap: Tapped on element 'Object Repository/Sidebar Menu/Operasional/Stock/Tambah Barang/PlusTap - JumlaH Stock'

2018-01-19 11:38:01 - [MESSAGE][PASSED] - Tapped on element 'Object Repository/Sidebar Menu/Operasional/Stock/Tambah Barang/PlusTap - JumlaH Stock'

2018-01-19 11:38:01 - [TEST_STEP][PASSED] - tap: Tapped on element 'Object Repository/Sidebar Menu/Operasional/Stock/Tambah Barang/PlusTap - JumlaH Stock'

2018-01-19 11:38:03 - [MESSAGE][PASSED] - Tapped on element 'Object Repository/Sidebar Menu/Operasional/Stock/Tambah Barang/PlusTap - JumlaH Stock'

2018-01-19 11:38:03 - [TEST_STEP][PASSED] - tap: Tapped on element 'Object Repository/Sidebar Menu/Operasional/Stock/Tambah Barang/PlusTap - JumlaH Stock'

2018-01-19 11:38:05 - [MESSAGE][PASSED] - Tapped on element 'Object Repository/Sidebar Menu/Operasional/Stock/Tambah Barang/PlusTap - JumlaH Stock'

2018-01-19 11:38:05 - [TEST_STEP][PASSED] - tap: Tapped on element 'Object Repository/Sidebar Menu/Operasional/Stock/Tambah Barang/Jumlah Stock - by typing'

2018-01-19 11:38:08 - [MESSAGE][PASSED] - Tapped on element 'Object Repository/Sidebar Menu/Operasional/Stock/Tambah Barang/Jumlah Stock - by typing'

2018-01-19 11:38:08 - [TEST_STEP][PASSED] - setText: Text '123' has been set to element 'Object Repository/Sidebar Menu/Operasional/Stock/Tambah Barang/Jumlah Stock - by typing'

2018-01-19 11:38:21 - [MESSAGE][PASSED] - Text '123' has been set to element 'Object Repository/Sidebar Menu/Operasional/Stock/Tambah Barang/Jumlah Stock - by typing'

2018-01-19 11:38:21 - [TEST_STEP][PASSED] - clearText: Element 'Object Repository/Sidebar Menu/Operasional/Stock/Tambah Barang/Jumlah Stock - by typing' text is cleared

2018-01-19 11:38:25 - [MESSAGE][PASSED] - Element 'Object Repository/Sidebar Menu/Operasional/Stock/Tambah Barang/Jumlah Stock - by typing' text is cleared

2018-01-19 11:38:25 - [TEST_STEP][PASSED] - setText: Text '10.6' has been set to element 'Object Repository/Sidebar Menu/Operasional/Stock/Tambah Barang/Jumlah Stock - by typing'

2018-01-19 11:38:33 - [MESSAGE][PASSED] - Text '10.6' has been set to element 'Object Repository/Sidebar Menu/Operasional/Stock/Tambah Barang/Jumlah Stock - by typing'

2018-01-19 11:38:33 - [TEST_STEP][PASSED] - hideKeyboard: Keyboard is hidden

2018-01-19 11:38:45 - [MESSAGE][PASSED] - Keyboard is hidden

2018-01-19 11:38:48 - [TEST_STEP][PASSED] - tap: Tapped on element 'Object Repository/Sidebar Menu/Operasional/Stock/Tambah Barang/SKU Produk - Text Box'

2018-01-19 11:38:49 - [MESSAGE][PASSED] - Tapped on element 'Object Repository/Sidebar Menu/Operasional/Stock/Tambah Barang/SKU Produk - Text Box'

2018-01-19 11:38:49 - [TEST_STEP][PASSED] - setText: Text '16091996' has been set to element 'Object Repository/Sidebar Menu/Operasional/Stock/Tambah Barang/SKU Produk - Text Box'

2018-01-19 11:39:01 - [MESSAGE][PASSED] - Text '16091996' has been set to element 'Object Repository/Sidebar Menu/Operasional/Stock/Tambah Barang/SKU Produk - Text Box'

2018-01-19 11:39:01 - [TEST_STEP][PASSED] - verifyElementText: Actual text and expected text of test object 'Object Repository/Sidebar Menu/Operasional/Stock/Tambah Barang/SKU Produk - Text Box' are matched.

2018-01-19 11:39:02 - [MESSAGE][PASSED] - Actual text and expected text of test object 'Object Repository/Sidebar Menu/Operasional/Stock/Tambah Barang/SKU Produk - Text Box' are matched.

2018-01-19 11:39:02 - [TEST_STEP][PASSED] - getText: Text of element 'Object Repository/Sidebar Menu/Operasional/Stock/Tambah Barang/SKU Produk - Text Box' is: '16091996'

2018-01-19 11:39:03 - [MESSAGE][PASSED] - Text of element 'Object Repository/Sidebar Menu/Operasional/Stock/Tambah Barang/SKU Produk - Text Box' is: '16091996'

2018-01-19 11:39:03 - [TEST_STEP][PASSED] - hideKeyboard: Keyboard is hidden

2018-01-19 11:39:10 - [MESSAGE][PASSED] - Keyboard is hidden

2018-01-19 11:39:14 - [TEST_STEP][PASSED] - pressBack: Press back button successfully

2018-01-19 11:39:21 - [MESSAGE][PASSED] - Press back button successfully

2018-01-19 11:39:21 - [TEST_STEP][PASSED] - tap: Tapped on element 'Object Repository/Sidebar Menu/Operasional/Stock/Detail Barang/Batal Button'

2018-01-19 11:39:21 - [MESSAGE][PASSED] - Tapped on element 'Object Repository/Sidebar Menu/Operasional/Stock/Detail Barang/Batal Button'

2018-01-19 11:39:21 - [TEST_STEP][PASSED] - comment: Gabungan buat Story 38

2018-01-19 11:39:21 - [TEST_STEP][PASSED] - tap: Tapped on element 'Object Repository/Sidebar Menu/Operasional/Stock/Tambah Barang/Pilih Kategori - SelectButton'

2018-01-19 11:39:23 - [MESSAGE][PASSED] - Tapped on element 'Object Repository/Sidebar Menu/Operasional/Stock/Tambah Barang/Pilih Kategori - SelectButton'

2018-01-19 11:39:23 - [TEST_STEP][PASSED] - tap: Tapped on element 'Object Repository/Sidebar Menu/Operasional/Stock/Tambah Barang/Pilih Kategori - SelectButton'

2018-01-19 11:39:25 - [MESSAGE][PASSED] - Tapped on element 'Object Repository/Sidebar Menu/Operasional/Stock/Tambah Barang/Pilih Kategori - SelectButton'

2018-01-19 11:39:25 - [TEST_STEP][PASSED] - swipe: Swiped from 0,1,698 to 0,228

2018-01-19 11:39:29 - [MESSAGE][PASSED] - Swiped from 0,1,698 to 0,228

2018-01-19 11:39:31 - [TEST_STEP][PASSED] - tap: Tapped on element 'Object Repository/Sidebar Menu/Operasional/Stock/Detail Barang/Pengaturan Kategori'

2018-01-19 11:39:33 - [MESSAGE][PASSED] - Tapped on element 'Object Repository/Sidebar Menu/Operasional/Stock/Detail Barang/Pengaturan Kategori'

2018-01-19 11:39:33 - [TEST_STEP][PASSED] - delay: Delayed 5 second(s)

2018-01-19 11:39:38 - [MESSAGE][PASSED] - Delayed 5 second(s)

2018-01-19 11:39:38 - [TEST_STEP][PASSED] - Statement - For (def index : (0..4)): Swiped from 886,262 to 950,262

2018-01-19 11:39:38 - [TEST_STEP][PASSED] - Statement - If (true): Swiped from 886,262 to 950,262

2018-01-19 11:39:38 - [TEST_STEP][PASSED] - swipe: Swiped from 886,262 to 950,262

2018-01-19 11:39:45 - [MESSAGE][PASSED] - Swiped from 886,262 to 950,262

2018-01-19 11:39:47 - [TEST_STEP][PASSED] - Statement - If (true): Swiped from 886,262 to 950,262

2018-01-19 11:39:47 - [TEST_STEP][PASSED] - swipe: Swiped from 886,262 to 950,262

2018-01-19 11:39:52 - [MESSAGE][PASSED] - Swiped from 886,262 to 950,262

2018-01-19 11:39:54 - [TEST_STEP][PASSED] - Statement - If (true): Swiped from 886,262 to 950,262

2018-01-19 11:39:54 - [TEST_STEP][PASSED] - swipe: Swiped from 886,262 to 950,262

2018-01-19 11:39:59 - [MESSAGE][PASSED] - Swiped from 886,262 to 950,262

2018-01-19 11:40:01 - [TEST_STEP][PASSED] - Statement - If (true): Swiped from 886,262 to 950,262

2018-01-19 11:40:01 - [TEST_STEP][PASSED] - swipe: Swiped from 886,262 to 950,262

2018-01-19 11:40:06 - [MESSAGE][PASSED] - Swiped from 886,262 to 950,262

2018-01-19 11:40:08 - [TEST_STEP][PASSED] - Statement - If (true): Swiped from 886,262 to 950,262

2018-01-19 11:40:08 - [TEST_STEP][PASSED] - swipe: Swiped from 886,262 to 950,262

2018-01-19 11:40:14 - [MESSAGE][PASSED] - Swiped from 886,262 to 950,262

2018-01-19 11:40:16 - [TEST_STEP][PASSED] - Statement - If (true): Swiped from 886,409 to 950,409

2018-01-19 11:40:16 - [TEST_STEP][PASSED] - swipe: Swiped from 886,409 to 950,409

2018-01-19 11:40:21 - [MESSAGE][PASSED] - Swiped from 886,409 to 950,409

2018-01-19 11:40:23 - [TEST_STEP][PASSED] - Statement - If (true): Swiped from 886,556 to 950,556

2018-01-19 11:40:23 - [TEST_STEP][PASSED] - swipe: Swiped from 886,556 to 950,556

2018-01-19 11:40:28 - [MESSAGE][PASSED] - Swiped from 886,556 to 950,556

2018-01-19 11:40:30 - [TEST_STEP][PASSED] - Statement - For (def index : (0..4)): Swiped from 886,571 to 950,571

2018-01-19 11:40:30 - [TEST_STEP][PASSED] - Statement - If (true): Swiped from 886,571 to 950,571

2018-01-19 11:40:30 - [TEST_STEP][PASSED] - swipe: Swiped from 886,571 to 950,571

2018-01-19 11:40:35 - [MESSAGE][PASSED] - Swiped from 886,571 to 950,571

2018-01-19 11:40:37 - [TEST_STEP][PASSED] - Statement - If (true): Swiped from 886,571 to 950,571

2018-01-19 11:40:37 - [TEST_STEP][PASSED] - swipe: Swiped from 886,571 to 950,571

2018-01-19 11:40:42 - [MESSAGE][PASSED] - Swiped from 886,571 to 950,571

2018-01-19 11:40:46 - [TEST_STEP][PASSED] - Statement - If (true): Swiped from 886,571 to 950,571

2018-01-19 11:40:46 - [TEST_STEP][PASSED] - swipe: Swiped from 886,571 to 950,571

2018-01-19 11:40:51 - [MESSAGE][PASSED] - Swiped from 886,571 to 950,571

2018-01-19 11:40:53 - [TEST_STEP][PASSED] - Statement - If (true): Swiped from 886,571 to 950,571

2018-01-19 11:40:53 - [TEST_STEP][PASSED] - swipe: Swiped from 886,571 to 950,571

2018-01-19 11:40:58 - [MESSAGE][PASSED] - Swiped from 886,571 to 950,571

2018-01-19 11:41:00 - [TEST_STEP][PASSED] - Statement - If (true): Swiped from 886,571 to 950,571

2018-01-19 11:41:00 - [TEST_STEP][PASSED] - swipe: Swiped from 886,571 to 950,571

2018-01-19 11:41:05 - [MESSAGE][PASSED] - Swiped from 886,571 to 950,571

2018-01-19 11:41:07 - [TEST_STEP][PASSED] - tap: Tapped on element 'Object Repository/Sidebar Menu/Operasional/Stock/Detail Barang/SIMPAN Button'

2018-01-19 11:41:08 - [MESSAGE][PASSED] - Tapped on element 'Object Repository/Sidebar Menu/Operasional/Stock/Detail Barang/SIMPAN Button'

2018-01-19 11:41:08 - [TEST_STEP][PASSED] - waitForElementPresent: Object Object Repository/Sidebar Menu/Operasional/Stock/Detail Barang/SIMPAN Button not found

2018-01-19 11:41:12 - [MESSAGE][WARNING] - Object Object Repository/Sidebar Menu/Operasional/Stock/Detail Barang/SIMPAN Button not found

2018-01-19 11:41:12 - [TEST_STEP][PASSED] - scrollToText: Scrolling to text 'TAMBAH KATEGORI' successfully

2018-01-19 11:41:24 - [MESSAGE][PASSED] - Scrolling to text 'TAMBAH KATEGORI' successfully

2018-01-19 11:41:26 - [TEST_STEP][PASSED] - tap: Tapped on element 'Object Repository/Sidebar Menu/Operasional/Stock/Detail Barang/TAMBAH KATEGORI'

2018-01-19 11:41:29 - [MESSAGE][PASSED] - Tapped on element 'Object Repository/Sidebar Menu/Operasional/Stock/Detail Barang/TAMBAH KATEGORI'

2018-01-19 11:41:29 - [TEST_STEP][PASSED] - tap: Tapped on element 'Object Repository/Sidebar Menu/Operasional/Stock/Detail Barang/TERAPKAN - Button'

2018-01-19 11:41:31 - [MESSAGE][PASSED] - Tapped on element 'Object Repository/Sidebar Menu/Operasional/Stock/Detail Barang/TERAPKAN - Button'

2018-01-19 11:41:31 - [TEST_STEP][PASSED] - tap: Tapped on element 'Object Repository/Sidebar Menu/Operasional/Stock/Detail Barang/Nama Kategori'

2018-01-19 11:41:32 - [MESSAGE][PASSED] - Tapped on element 'Object Repository/Sidebar Menu/Operasional/Stock/Detail Barang/Nama Kategori'

2018-01-19 11:41:32 - [TEST_STEP][PASSED] - setText: Text 'Kesehatan' has been set to element 'Object Repository/Sidebar Menu/Operasional/Stock/Detail Barang/Nama Kategori'

2018-01-19 11:41:41 - [MESSAGE][PASSED] - Text 'Kesehatan' has been set to element 'Object Repository/Sidebar Menu/Operasional/Stock/Detail Barang/Nama Kategori'

2018-01-19 11:41:41 - [TEST_STEP][PASSED] - tap: Tapped on element 'Object Repository/Sidebar Menu/Operasional/Stock/Detail Barang/TERAPKAN - Button'

2018-01-19 11:41:42 - [MESSAGE][PASSED] - Tapped on element 'Object Repository/Sidebar Menu/Operasional/Stock/Detail Barang/TERAPKAN - Button'

2018-01-19 11:41:42 - [TEST_STEP][PASSED] - Statement - If (true): Swiped from 381,801 to 420,801

2018-01-19 11:41:42 - [TEST_STEP][PASSED] - swipe: Swiped from 381,801 to 420,801

2018-01-19 11:41:47 - [MESSAGE][PASSED] - Swiped from 381,801 to 420,801

2018-01-19 11:41:49 - [TEST_STEP][PASSED] - tap: Tapped on element 'Object Repository/Sidebar Menu/Operasional/Stock/Detail Barang/SIMPAN Button'

2018-01-19 11:41:50 - [MESSAGE][PASSED] - Tapped on element 'Object Repository/Sidebar Menu/Operasional/Stock/Detail Barang/SIMPAN Button'

2018-01-19 11:41:50 - [TEST_STEP][PASSED] - waitForElementPresent: Element 'Object Repository/Sidebar Menu/Operasional/Stock/Detail Barang/SIMPAN Button' is present

2018-01-19 11:41:52 - [MESSAGE][PASSED] - Element 'Object Repository/Sidebar Menu/Operasional/Stock/Detail Barang/SIMPAN Button' is present

2018-01-19 11:41:52 - [TEST_STEP][PASSED] - pressBack: Press back button successfully

2018-01-19 11:41:59 - [MESSAGE][PASSED] - Press back button successfully

2018-01-19 11:41:59 - [TEST_STEP][PASSED] - pressBack: Press back button successfully

2018-01-19 11:42:06 - [MESSAGE][PASSED] - Press back button successfully

2018-01-19 11:42:06 - [TEST_STEP][PASSED] - comment: Edit Harga Jual

2018-01-19 11:42:06 - [TEST_STEP][PASSED] - tap: Tapped on element 'Object Repository/Sidebar Menu/Operasional/Stock/Tambah Barang/Harga Jual - TextBox'

2018-01-19 11:42:08 - [MESSAGE][PASSED] - Tapped on element 'Object Repository/Sidebar Menu/Operasional/Stock/Tambah Barang/Harga Jual - TextBox'

2018-01-19 11:42:08 - [TEST_STEP][PASSED] - clearText: Element 'Object Repository/Sidebar Menu/Operasional/Stock/Tambah Barang/Harga Jual - TextBox' text is cleared

2018-01-19 11:42:14 - [MESSAGE][PASSED] - Element 'Object Repository/Sidebar Menu/Operasional/Stock/Tambah Barang/Harga Jual - TextBox' text is cleared

2018-01-19 11:42:14 - [TEST_STEP][PASSED] - setText: Text '50000' has been set to element 'Object Repository/Sidebar Menu/Operasional/Stock/Tambah Barang/Harga Jual - TextBox'

2018-01-19 11:42:27 - [MESSAGE][PASSED] - Text '50000' has been set to element 'Object Repository/Sidebar Menu/Operasional/Stock/Tambah Barang/Harga Jual - TextBox'

2018-01-19 11:42:27 - [TEST_STEP][PASSED] - verifyElementText: Actual text and expected text of test object 'Object Repository/Sidebar Menu/Operasional/Stock/Tambah Barang/Harga Jual - TextBox' are matched.

2018-01-19 11:42:28 - [MESSAGE][PASSED] - Actual text and expected text of test object 'Object Repository/Sidebar Menu/Operasional/Stock/Tambah Barang/Harga Jual - TextBox' are matched.

2018-01-19 11:42:28 - [TEST_STEP][PASSED] - hideKeyboard: Keyboard is hidden

2018-01-19 11:42:35 - [MESSAGE][PASSED] - Keyboard is hidden

2018-01-19 11:42:37 - [TEST_STEP][PASSED] - swipe: Swiped from 48,1,701 to 48,1,005

2018-01-19 11:42:45 - [MESSAGE][PASSED] - Swiped from 48,1,701 to 48,1,005

2018-01-19 11:42:47 - [TEST_STEP][PASSED] - comment: Ubah Nominal Dison

2018-01-19 11:42:47 - [TEST_STEP][PASSED] - tap: Tapped on element 'Object Repository/Sidebar Menu/Operasional/Stock/Tambah Barang/Nominal Diskon- TextBox'

2018-01-19 11:42:49 - [MESSAGE][PASSED] - Tapped on element 'Object Repository/Sidebar Menu/Operasional/Stock/Tambah Barang/Nominal Diskon- TextBox'

2018-01-19 11:42:49 - [TEST_STEP][PASSED] - setText: Text '12000' has been set to element 'Object Repository/Sidebar Menu/Operasional/Stock/Tambah Barang/Nominal Diskon- TextBox'

2018-01-19 11:43:02 - [MESSAGE][PASSED] - Text '12000' has been set to element 'Object Repository/Sidebar Menu/Operasional/Stock/Tambah Barang/Nominal Diskon- TextBox'

2018-01-19 11:43:02 - [TEST_STEP][PASSED] - verifyElementText: Actual text and expected text of test object 'Object Repository/Sidebar Menu/Operasional/Stock/Tambah Barang/Nominal Diskon- TextBox' are matched.

2018-01-19 11:43:05 - [MESSAGE][PASSED] - Actual text and expected text of test object 'Object Repository/Sidebar Menu/Operasional/Stock/Tambah Barang/Nominal Diskon- TextBox' are matched.

2018-01-19 11:43:05 - [TEST_STEP][PASSED] - hideKeyboard: Keyboard is hidden

2018-01-19 11:43:13 - [MESSAGE][PASSED] - Keyboard is hidden

2018-01-19 11:43:15 - [TEST_STEP][PASSED] - tap: Tapped on element 'Object Repository/Sidebar Menu/Operasional/Stock/Detail Barang/Simpan'

2018-01-19 11:43:16 - [MESSAGE][PASSED] - Tapped on element 'Object Repository/Sidebar Menu/Operasional/Stock/Detail Barang/Simpan'

2018-01-19 11:43:16 - [TEST_STEP][PASSED] - delay: Delayed 5 second(s)

2018-01-19 11:43:21 - [MESSAGE][PASSED] - Delayed 5 second(s)

2018-01-19 11:43:21 - [TEST_STEP][PASSED] - pressBack: Press back button successfully

2018-01-19 11:43:28 - [MESSAGE][PASSED] - Press back button successfully

2018-01-19 11:43:28 - [TEST_STEP][PASSED] - comment: End Story 46

2018-01-19 11:43:28 - [TEST_STEP][PASSED] - comment: Start Story 28

2018-01-19 11:43:28 - [TEST_STEP][PASSED] - comment: End Story 28]]></system-out>
         <system-err><![CDATA[]]></system-err>
      </testcase>
      <testcase name="Test Cases/28 - TC-All" classname="Test Cases/28 - TC-All" status="FAILED">
         <failure type="FAILED" message="Unable to start app at: 'D:\Project Apollo\APK Appolo\Sprint 5 v-7.apk' (Root cause: org.openqa.selenium.SessionNotCreatedException: A new session could not be created. Details: Problem getting session data for driver type AndroidDriver; does it implement 'get driverData'? (WARNING: The server did not provide any stacktrace information)
Command duration or timeout: 10 milliseconds
Build info: version: '2.53.0', revision: '35ae25b', time: '2016-03-15 17:00:58'
System info: host: 'NB17Q7U8IT', ip: '192.168.120.203', os.name: 'Windows 10', os.arch: 'amd64', os.version: '10.0', java.version: '1.8.0_102'
Driver info: com.kms.katalon.core.appium.driver.SwipeableAndroidDriver)"/>
         <system-out><![CDATA[2018-01-19 11:43:28 - [TEST_CASE][FAILED] - Test Cases/28 - TC-All: Test Cases/28 - TC-All FAILED because (of) Unable to start app at: 'D:\Project Apollo\APK Appolo\Sprint 5 v-7.apk' (Root cause: org.openqa.selenium.SessionNotCreatedException: A new session could not be created. Details: Problem getting session data for driver type AndroidDriver; does it implement 'get driverData'? (WARNING: The server did not provide any stacktrace information)
Command duration or timeout: 10 milliseconds
Build info: version: '2.53.0', revision: '35ae25b', time: '2016-03-15 17:00:58'
System info: host: 'NB17Q7U8IT', ip: '192.168.120.203', os.name: 'Windows 10', os.arch: 'amd64', os.version: '10.0', java.version: '1.8.0_102'
Driver info: com.kms.katalon.core.appium.driver.SwipeableAndroidDriver)

2018-01-19 11:43:28 - [TEST_STEP][PASSED] - comment: Start Story 28

2018-01-19 11:43:28 - [TEST_STEP][FAILED] - startApplication: Unable to start app at: 'D:\Project Apollo\APK Appolo\Sprint 5 v-7.apk' (Root cause: org.openqa.selenium.SessionNotCreatedException: A new session could not be created. Details: Problem getting session data for driver type AndroidDriver; does it implement 'get driverData'? (WARNING: The server did not provide any stacktrace information)
Command duration or timeout: 10 milliseconds
Build info: version: '2.53.0', revision: '35ae25b', time: '2016-03-15 17:00:58'
System info: host: 'NB17Q7U8IT', ip: '192.168.120.203', os.name: 'Windows 10', os.arch: 'amd64', os.version: '10.0', java.version: '1.8.0_102'
Driver info: com.kms.katalon.core.appium.driver.SwipeableAndroidDriver)

2018-01-19 11:43:29 - [MESSAGE][FAILED] - Unable to start app at: 'D:\Project Apollo\APK Appolo\Sprint 5 v-7.apk' (Root cause: org.openqa.selenium.SessionNotCreatedException: A new session could not be created. Details: Problem getting session data for driver type AndroidDriver; does it implement 'get driverData'? (WARNING: The server did not provide any stacktrace information)
Command duration or timeout: 10 milliseconds
Build info: version: '2.53.0', revision: '35ae25b', time: '2016-03-15 17:00:58'
System info: host: 'NB17Q7U8IT', ip: '192.168.120.203', os.name: 'Windows 10', os.arch: 'amd64', os.version: '10.0', java.version: '1.8.0_102'
Driver info: com.kms.katalon.core.appium.driver.SwipeableAndroidDriver)]]></system-out>
         <system-err><![CDATA[2018-01-19 11:43:28 - [TEST_CASE][FAILED] - Test Cases/28 - TC-All: Test Cases/28 - TC-All FAILED because (of) Unable to start app at: 'D:\Project Apollo\APK Appolo\Sprint 5 v-7.apk' (Root cause: org.openqa.selenium.SessionNotCreatedException: A new session could not be created. Details: Problem getting session data for driver type AndroidDriver; does it implement 'get driverData'? (WARNING: The server did not provide any stacktrace information)
Command duration or timeout: 10 milliseconds
Build info: version: '2.53.0', revision: '35ae25b', time: '2016-03-15 17:00:58'
System info: host: 'NB17Q7U8IT', ip: '192.168.120.203', os.name: 'Windows 10', os.arch: 'amd64', os.version: '10.0', java.version: '1.8.0_102'
Driver info: com.kms.katalon.core.appium.driver.SwipeableAndroidDriver)]]></system-err>
      </testcase>
      <testcase name="Test Cases/29 - TC - All" classname="Test Cases/29 - TC - All" status="FAILED">
         <failure type="FAILED" message="Failed to tap on element 'Object Repository/Sidebar Menu/Operasional/Kasir/Keranjang' (Root cause: Object Object Repository/Sidebar Menu/Operasional/Kasir/Keranjang not found)"/>
         <system-out><![CDATA[2018-01-19 11:43:29 - [TEST_CASE][FAILED] - Test Cases/29 - TC - All: Test Cases/29 - TC - All FAILED because (of) Failed to tap on element 'Object Repository/Sidebar Menu/Operasional/Kasir/Keranjang' (Root cause: Object Object Repository/Sidebar Menu/Operasional/Kasir/Keranjang not found)

2018-01-19 11:43:29 - [TEST_STEP][PASSED] - comment: Start Story 29

2018-01-19 11:43:29 - [TEST_STEP][FAILED] - tap: Failed to tap on element 'Object Repository/Sidebar Menu/Operasional/Kasir/Keranjang' (Root cause: Object Object Repository/Sidebar Menu/Operasional/Kasir/Keranjang not found)

2018-01-19 11:43:31 - [MESSAGE][FAILED] - Object Object Repository/Sidebar Menu/Operasional/Kasir/Keranjang not found

2018-01-19 11:43:31 - [MESSAGE][FAILED] - Failed to tap on element 'Object Repository/Sidebar Menu/Operasional/Kasir/Keranjang' (Root cause: Object Object Repository/Sidebar Menu/Operasional/Kasir/Keranjang not found)]]></system-out>
         <system-err><![CDATA[2018-01-19 11:43:29 - [TEST_CASE][FAILED] - Test Cases/29 - TC - All: Test Cases/29 - TC - All FAILED because (of) Failed to tap on element 'Object Repository/Sidebar Menu/Operasional/Kasir/Keranjang' (Root cause: Object Object Repository/Sidebar Menu/Operasional/Kasir/Keranjang not found)]]></system-err>
      </testcase>
      <system-out><![CDATA[2018-01-19 11:17:46 - [TEST_SUITE][FAILED] - Sprint 2: Test Cases/35 - TC-All FAILED because (of) Failed to tap on element 'Object Repository/Sidebar Menu/Operasional/Stock/Tambah Barang/Simpan Button' (Root cause: org.openqa.selenium.NoSuchElementException: An element could not be located on the page using the given search parameters. (WARNING: The server did not provide any stacktrace information)
Command duration or timeout: 11.67 seconds
For documentation on this error, please visit: http://seleniumhq.org/exceptions/no_such_element.html
Build info: version: '2.53.0', revision: '35ae25b', time: '2016-03-15 17:00:58'
System info: host: 'NB17Q7U8IT', ip: '192.168.120.203', os.name: 'Windows 10', os.arch: 'amd64', os.version: '10.0', java.version: '1.8.0_102'
Driver info: com.kms.katalon.core.appium.driver.SwipeableAndroidDriver
Capabilities [{appPackage=com.btpn.jeniuspro.dev, noReset=true, property_2=, property_1=, deviceName=MVAQIBSCS8LN6TQW, fullReset=false, platform=ANDROID, deviceUDID=MVAQIBSCS8LN6TQW, desired={app=D:\Project Apollo\APK Appolo\Sprint 5 v-7.apk, noReset=true, property_2=, newCommandTimeout=1800, property=, autoGrantPermissions=true, property_1=, udid=MVAQIBSCS8LN6TQW, platformName=Android, deviceName=Xiaomi Redmi Note 3 5.0.2, fullReset=false, platform=ANDROID}, newCommandTimeout=1800, platformVersion=5.0.2, webStorageEnabled=false, property=, takesScreenshot=true, javascriptEnabled=true, udid=MVAQIBSCS8LN6TQW, platformName=Android, deviceManufacturer=Xiaomi, app=D:\Project Apollo\APK Appolo\Sprint 5 v-7.apk, deviceScreenSize=1080x1920, networkConnectionEnabled=true, warnings={}, appWaitPackage=com.btpn.jeniuspro.dev, appWaitActivity=com.btpn_mpos_rn.MainActivity, databaseEnabled=false, appActivity=com.btpn_mpos_rn.MainActivity, locationContextEnabled=false, autoGrantPermissions=true, deviceModel=Redmi Note 3}]
Session ID: a505d56b-9f38-44fb-90f8-5485d52d0db0)]]></system-out>
      <system-err><![CDATA[2018-01-19 11:17:46 - [TEST_SUITE][FAILED] - Sprint 2: Test Cases/35 - TC-All FAILED because (of) Failed to tap on element 'Object Repository/Sidebar Menu/Operasional/Stock/Tambah Barang/Simpan Button' (Root cause: org.openqa.selenium.NoSuchElementException: An element could not be located on the page using the given search parameters. (WARNING: The server did not provide any stacktrace information)
Command duration or timeout: 11.67 seconds
For documentation on this error, please visit: http://seleniumhq.org/exceptions/no_such_element.html
Build info: version: '2.53.0', revision: '35ae25b', time: '2016-03-15 17:00:58'
System info: host: 'NB17Q7U8IT', ip: '192.168.120.203', os.name: 'Windows 10', os.arch: 'amd64', os.version: '10.0', java.version: '1.8.0_102'
Driver info: com.kms.katalon.core.appium.driver.SwipeableAndroidDriver
Capabilities [{appPackage=com.btpn.jeniuspro.dev, noReset=true, property_2=, property_1=, deviceName=MVAQIBSCS8LN6TQW, fullReset=false, platform=ANDROID, deviceUDID=MVAQIBSCS8LN6TQW, desired={app=D:\Project Apollo\APK Appolo\Sprint 5 v-7.apk, noReset=true, property_2=, newCommandTimeout=1800, property=, autoGrantPermissions=true, property_1=, udid=MVAQIBSCS8LN6TQW, platformName=Android, deviceName=Xiaomi Redmi Note 3 5.0.2, fullReset=false, platform=ANDROID}, newCommandTimeout=1800, platformVersion=5.0.2, webStorageEnabled=false, property=, takesScreenshot=true, javascriptEnabled=true, udid=MVAQIBSCS8LN6TQW, platformName=Android, deviceManufacturer=Xiaomi, app=D:\Project Apollo\APK Appolo\Sprint 5 v-7.apk, deviceScreenSize=1080x1920, networkConnectionEnabled=true, warnings={}, appWaitPackage=com.btpn.jeniuspro.dev, appWaitActivity=com.btpn_mpos_rn.MainActivity, databaseEnabled=false, appActivity=com.btpn_mpos_rn.MainActivity, locationContextEnabled=false, autoGrantPermissions=true, deviceModel=Redmi Note 3}]
Session ID: a505d56b-9f38-44fb-90f8-5485d52d0db0)]]></system-err>
   </testsuite>
</testsuites>
