<?xml version="1.0" encoding="UTF-8"?>
<testsuites name="Story 35 - Tambah Barang" time="327" tests="0" failures="9" errors="0">
   <testsuite name="Story 35 - Tambah Barang" tests="0" failures="9" errors="0" time="327" timestamp="2018-07-13 10:32:55" hostname="AV2017005903 - NBMP18A211ITSQA.corp.bankbtpn.co.id" id="Test Suites/Story 35 - Tambah Barang">
      <properties>
         <property name="deviceName" value="OPPO A37f (Android 5.1.1)"/>
         <property name="devicePlatform" value=""/>
         <property name="logFolder" value="C:\\Users\\AV2017005903\\Documents\\apollo-automation\\Reports\\Story 35 - Tambah Barang\\20180713_103252"/>
         <property name="logFiles" value="C:\\Users\\AV2017005903\\Documents\\apollo-automation\\Reports\\Story 35 - Tambah Barang\\20180713_103252\\appium.log, C:\\Users\\AV2017005903\\Documents\\apollo-automation\\Reports\\Story 35 - Tambah Barang\\20180713_103252\\execution0.log"/>
         <property name="attachments" value="C:\\Users\\AV2017005903\\Documents\\apollo-automation\\Reports\\Story 35 - Tambah Barang\\20180713_103252\\1531452934995.png, C:\\Users\\AV2017005903\\Documents\\apollo-automation\\Reports\\Story 35 - Tambah Barang\\20180713_103252\\1531452936840.png, C:\\Users\\AV2017005903\\Documents\\apollo-automation\\Reports\\Story 35 - Tambah Barang\\20180713_103252\\1531452955069.png, C:\\Users\\AV2017005903\\Documents\\apollo-automation\\Reports\\Story 35 - Tambah Barang\\20180713_103252\\1531452956638.png, C:\\Users\\AV2017005903\\Documents\\apollo-automation\\Reports\\Story 35 - Tambah Barang\\20180713_103252\\1531452974234.png, C:\\Users\\AV2017005903\\Documents\\apollo-automation\\Reports\\Story 35 - Tambah Barang\\20180713_103252\\1531452975827.png, C:\\Users\\AV2017005903\\Documents\\apollo-automation\\Reports\\Story 35 - Tambah Barang\\20180713_103252\\1531452999997.png, C:\\Users\\AV2017005903\\Documents\\apollo-automation\\Reports\\Story 35 - Tambah Barang\\20180713_103252\\1531453001647.png, C:\\Users\\AV2017005903\\Documents\\apollo-automation\\Reports\\Story 35 - Tambah Barang\\20180713_103252\\1531453020153.png, C:\\Users\\AV2017005903\\Documents\\apollo-automation\\Reports\\Story 35 - Tambah Barang\\20180713_103252\\1531453021668.png, C:\\Users\\AV2017005903\\Documents\\apollo-automation\\Reports\\Story 35 - Tambah Barang\\20180713_103252\\1531453038697.png, C:\\Users\\AV2017005903\\Documents\\apollo-automation\\Reports\\Story 35 - Tambah Barang\\20180713_103252\\1531453040206.png, C:\\Users\\AV2017005903\\Documents\\apollo-automation\\Reports\\Story 35 - Tambah Barang\\20180713_103252\\1531453060892.png, C:\\Users\\AV2017005903\\Documents\\apollo-automation\\Reports\\Story 35 - Tambah Barang\\20180713_103252\\1531453062584.png, C:\\Users\\AV2017005903\\Documents\\apollo-automation\\Reports\\Story 35 - Tambah Barang\\20180713_103252\\1531453069785.png, C:\\Users\\AV2017005903\\Documents\\apollo-automation\\Reports\\Story 35 - Tambah Barang\\20180713_103252\\1531453071322.png, C:\\Users\\AV2017005903\\Documents\\apollo-automation\\Reports\\Story 35 - Tambah Barang\\20180713_103252\\1531453092135.png, C:\\Users\\AV2017005903\\Documents\\apollo-automation\\Reports\\Story 35 - Tambah Barang\\20180713_103252\\1531453093616.png"/>
         <property name="hostName" value="AV2017005903 - NBMP18A211ITSQA.corp.bankbtpn.co.id"/>
         <property name="os" value="Windows 10 64bit"/>
         <property name="katalonVersion" value="5.4.2.1"/>
         <property name="deviceOS" value="Android"/>
         <property name="appiumVersion" value="1.8.1"/>
         <property name="deviceModel" value="A37f"/>
         <property name="hostAddress" value="192.168.62.1"/>
         <property name="deviceManufacturer" value="OPPO"/>
         <property name="deviceId" value="6e4df14"/>
         <property name="deviceName" value="OPPO A37f (Android 5.1.1)"/>
         <property name="deviceOSVersion" value="5.1.1"/>
      </properties>
      <testcase name="Test Cases/Story 35 and 921 -Tambah Barang/35 TC 1" classname="Test Cases/Story 35 and 921 -Tambah Barang/35 TC 1" status="FAILED">
         <failure type="FAILED" message="Failed to tap on element 'Object Repository/Splash Screen/Mulai - Button' (Root cause: Object Object Repository/Splash Screen/Mulai - Button not found)"/>
         <system-out><![CDATA[2018-07-13 10:32:56 - [TEST_CASE][FAILED] - Test Cases/Story 35 and 921 -Tambah Barang/35 TC 1: Test Cases/Story 35 and 921 -Tambah Barang/35 TC 1 FAILED because (of) Failed to tap on element 'Object Repository/Splash Screen/Mulai - Button' (Root cause: Object Object Repository/Splash Screen/Mulai - Button not found)

2018-07-13 10:32:56 - [TEST_STEP][PASSED] - comment: Start Story 35 - Display Tambah Barang Form

2018-07-13 10:32:56 - [TEST_STEP][PASSED] - comment: Call Test Case 26 (TC1)

2018-07-13 10:32:56 - [TEST_STEP][FAILED] - callTestCase: Unable to call Test Case with id 'Test Cases/Story 26 dan 842 -Kelola Stok Final/26 TC 1' (Root cause: Call Test Case 'Test Cases/Story 26 dan 842 -Kelola Stok Final/26 TC 1' failed)

2018-07-13 10:32:56 - [TEST_CASE][FAILED] - Test Cases/Story 26 dan 842 -Kelola Stok Final/26 TC 1: Test Cases/Story 26 dan 842 -Kelola Stok Final/26 TC 1 FAILED because (of) Failed to tap on element 'Object Repository/Splash Screen/Mulai - Button' (Root cause: Object Object Repository/Splash Screen/Mulai - Button not found)

2018-07-13 10:32:56 - [TEST_STEP][PASSED] - comment: Kelola Stock - View

2018-07-13 10:32:56 - [TEST_STEP][FAILED] - callTestCase: Unable to call Test Case with id 'Test Cases/Story 679 - Welcome Screen/679 TC - Welcome Screen' (Root cause: Call Test Case 'Test Cases/Story 679 - Welcome Screen/679 TC - Welcome Screen' failed)

2018-07-13 10:32:56 - [TEST_CASE][FAILED] - Test Cases/Story 679 - Welcome Screen/679 TC - Welcome Screen: Test Cases/Story 679 - Welcome Screen/679 TC - Welcome Screen FAILED because (of) Failed to tap on element 'Object Repository/Splash Screen/Mulai - Button' (Root cause: Object Object Repository/Splash Screen/Mulai - Button not found)

2018-07-13 10:32:57 - [TEST_STEP][PASSED] - comment: Start Story 679

2018-07-13 10:32:57 - [TEST_STEP][PASSED] - Statement - apkPath = apkName: null

2018-07-13 10:32:57 - [TEST_STEP][PASSED] - startApplication: Started app at: 'C:\Users\AV2017005903\Documents\apollo-automation\app-sit-3 Juli.apk'

2018-07-13 10:33:30 - [MESSAGE][PASSED] - Started app at: 'C:\Users\AV2017005903\Documents\apollo-automation\app-sit-3 Juli.apk'

2018-07-13 10:33:30 - [TEST_STEP][PASSED] - delay: Delayed 15 second(s)

2018-07-13 10:33:45 - [MESSAGE][PASSED] - Delayed 15 second(s)

2018-07-13 10:33:45 - [TEST_STEP][NOT_RUN] - waitForElementPresent: NOT_RUN: waitForElementPresent

2018-07-13 10:33:45 - [MESSAGE][NOT_RUN] - NOT_RUN: waitForElementPresent

2018-07-13 10:33:45 - [TEST_STEP][NOT_RUN] - verifyElementVisible: NOT_RUN: verifyElementVisible

2018-07-13 10:33:45 - [MESSAGE][NOT_RUN] - NOT_RUN: verifyElementVisible

2018-07-13 10:33:45 - [TEST_STEP][PASSED] - Comment - "Delay until UpdateApp TopUp appear": null

2018-07-13 10:33:45 - [TEST_STEP][PASSED] - Statement - driver = com.kms.katalon.core.mobile.keyword.internal.MobileDriverFactory.getDriver(): null

2018-07-13 10:33:45 - [TEST_STEP][PASSED] - Statement - action = new io.appium.java_client.TouchAction(driver): null

2018-07-13 10:33:45 - [TEST_STEP][PASSED] - Statement - action.longPress(450, 300).moveTo(100, 300).release().perform(): null

2018-07-13 10:33:48 - [TEST_STEP][PASSED] - delay: Delayed 8 second(s)

2018-07-13 10:33:56 - [MESSAGE][PASSED] - Delayed 8 second(s)

2018-07-13 10:33:56 - [TEST_STEP][PASSED] - Statement - action.longPress(450, 300).moveTo(100, 300).release().perform(): null

2018-07-13 10:33:58 - [TEST_STEP][PASSED] - delay: Delayed 8 second(s)

2018-07-13 10:34:06 - [MESSAGE][PASSED] - Delayed 8 second(s)

2018-07-13 10:34:06 - [TEST_STEP][PASSED] - Statement - action.longPress(450, 300).moveTo(100, 300).release().perform(): null

2018-07-13 10:34:09 - [TEST_STEP][PASSED] - delay: Delayed 8 second(s)

2018-07-13 10:34:17 - [MESSAGE][PASSED] - Delayed 8 second(s)

2018-07-13 10:34:17 - [TEST_STEP][PASSED] - Statement - action.longPress(450, 300).moveTo(100, 300).release().perform(): null

2018-07-13 10:34:20 - [TEST_STEP][PASSED] - delay: Delayed 8 second(s)

2018-07-13 10:34:28 - [MESSAGE][PASSED] - Delayed 8 second(s)

2018-07-13 10:34:28 - [TEST_STEP][PASSED] - waitForElementPresent: Object Object Repository/Splash Screen/Mulai - Button not found

2018-07-13 10:34:28 - [MESSAGE][WARNING] - Timeout '0' is invalid. Using default page load timeout: '30'

2018-07-13 10:35:01 - [MESSAGE][WARNING] - Object Object Repository/Splash Screen/Mulai - Button not found

2018-07-13 10:35:01 - [TEST_STEP][FAILED] - tap: Failed to tap on element 'Object Repository/Splash Screen/Mulai - Button' (Root cause: Object Object Repository/Splash Screen/Mulai - Button not found)

2018-07-13 10:35:01 - [MESSAGE][WARNING] - Timeout '0' is invalid. Using default page load timeout: '30'

2018-07-13 10:35:36 - [MESSAGE][FAILED] - Object Object Repository/Splash Screen/Mulai - Button not found
[[ATTACHMENT|C:\\Users\\AV2017005903\\Documents\\apollo-automation\\Reports\\Story 35 - Tambah Barang\\20180713_103252\\1531452934995.png]]

2018-07-13 10:35:38 - [MESSAGE][FAILED] - Failed to tap on element 'Object Repository/Splash Screen/Mulai - Button' (Root cause: Object Object Repository/Splash Screen/Mulai - Button not found)
[[ATTACHMENT|C:\\Users\\AV2017005903\\Documents\\apollo-automation\\Reports\\Story 35 - Tambah Barang\\20180713_103252\\1531452936840.png]]

2018-07-13 10:35:38 - [MESSAGE][FAILED] - Unable to call Test Case with id 'Test Cases/Story 679 - Welcome Screen/679 TC - Welcome Screen' (Root cause: Call Test Case 'Test Cases/Story 679 - Welcome Screen/679 TC - Welcome Screen' failed)

2018-07-13 10:35:38 - [MESSAGE][FAILED] - Unable to call Test Case with id 'Test Cases/Story 26 dan 842 -Kelola Stok Final/26 TC 1' (Root cause: Call Test Case 'Test Cases/Story 26 dan 842 -Kelola Stok Final/26 TC 1' failed)]]></system-out>
         <system-err><![CDATA[2018-07-13 10:32:56 - [TEST_CASE][FAILED] - Test Cases/Story 35 and 921 -Tambah Barang/35 TC 1: Test Cases/Story 35 and 921 -Tambah Barang/35 TC 1 FAILED because (of) Failed to tap on element 'Object Repository/Splash Screen/Mulai - Button' (Root cause: Object Object Repository/Splash Screen/Mulai - Button not found)]]></system-err>
      </testcase>
      <testcase name="Test Cases/Story 35 and 921 -Tambah Barang/35 TC 2" classname="Test Cases/Story 35 and 921 -Tambah Barang/35 TC 2" status="FAILED">
         <failure type="FAILED" message="Failed to tap on element 'Object Repository/Sidebar Menu/Produk/Tambah Barang/PlusTap - JumlaH Stock' (Root cause: Object Object Repository/Sidebar Menu/Produk/Tambah Barang/PlusTap - JumlaH Stock not found)"/>
         <system-out><![CDATA[2018-07-13 10:35:38 - [TEST_CASE][FAILED] - Test Cases/Story 35 and 921 -Tambah Barang/35 TC 2: Test Cases/Story 35 and 921 -Tambah Barang/35 TC 2 FAILED because (of) Failed to tap on element 'Object Repository/Sidebar Menu/Produk/Tambah Barang/PlusTap - JumlaH Stock' (Root cause: Object Object Repository/Sidebar Menu/Produk/Tambah Barang/PlusTap - JumlaH Stock not found)

2018-07-13 10:35:38 - [TEST_STEP][PASSED] - comment: Increase or decrease product stock

2018-07-13 10:35:38 - [TEST_STEP][FAILED] - Statement - For (def index : (0..10)): Failed to tap on element 'Object Repository/Sidebar Menu/Produk/Tambah Barang/PlusTap - JumlaH Stock' (Root cause: Object Object Repository/Sidebar Menu/Produk/Tambah Barang/PlusTap - JumlaH Stock not found)

2018-07-13 10:35:38 - [TEST_STEP][PASSED] - waitForElementPresent: Object Object Repository/Sidebar Menu/Produk/Tambah Barang/PlusTap - JumlaH Stock not found

2018-07-13 10:35:45 - [MESSAGE][WARNING] - Object Object Repository/Sidebar Menu/Produk/Tambah Barang/PlusTap - JumlaH Stock not found

2018-07-13 10:35:45 - [TEST_STEP][PASSED] - verifyElementAttributeValue: Element 'Object Repository/Sidebar Menu/Produk/Tambah Barang/PlusTap - JumlaH Stock' not found

2018-07-13 10:35:47 - [MESSAGE][WARNING] - Element 'Object Repository/Sidebar Menu/Produk/Tambah Barang/PlusTap - JumlaH Stock' not found

2018-07-13 10:35:47 - [TEST_STEP][FAILED] - tap: Failed to tap on element 'Object Repository/Sidebar Menu/Produk/Tambah Barang/PlusTap - JumlaH Stock' (Root cause: Object Object Repository/Sidebar Menu/Produk/Tambah Barang/PlusTap - JumlaH Stock not found)

2018-07-13 10:35:56 - [MESSAGE][FAILED] - Object Object Repository/Sidebar Menu/Produk/Tambah Barang/PlusTap - JumlaH Stock not found
[[ATTACHMENT|C:\\Users\\AV2017005903\\Documents\\apollo-automation\\Reports\\Story 35 - Tambah Barang\\20180713_103252\\1531452955069.png]]

2018-07-13 10:35:58 - [MESSAGE][FAILED] - Failed to tap on element 'Object Repository/Sidebar Menu/Produk/Tambah Barang/PlusTap - JumlaH Stock' (Root cause: Object Object Repository/Sidebar Menu/Produk/Tambah Barang/PlusTap - JumlaH Stock not found)
[[ATTACHMENT|C:\\Users\\AV2017005903\\Documents\\apollo-automation\\Reports\\Story 35 - Tambah Barang\\20180713_103252\\1531452956638.png]]]]></system-out>
         <system-err><![CDATA[2018-07-13 10:35:38 - [TEST_CASE][FAILED] - Test Cases/Story 35 and 921 -Tambah Barang/35 TC 2: Test Cases/Story 35 and 921 -Tambah Barang/35 TC 2 FAILED because (of) Failed to tap on element 'Object Repository/Sidebar Menu/Produk/Tambah Barang/PlusTap - JumlaH Stock' (Root cause: Object Object Repository/Sidebar Menu/Produk/Tambah Barang/PlusTap - JumlaH Stock not found)]]></system-err>
      </testcase>
      <testcase name="Test Cases/Story 35 and 921 -Tambah Barang/35 TC 3" classname="Test Cases/Story 35 and 921 -Tambah Barang/35 TC 3" status="FAILED">
         <failure type="FAILED" message="Failed to clear text of element (Root cause: Element 'Object Repository/Sidebar Menu/Produk/Tambah Barang/Jumlah Stock - by typing' not found)"/>
         <system-out><![CDATA[2018-07-13 10:35:58 - [TEST_CASE][FAILED] - Test Cases/Story 35 and 921 -Tambah Barang/35 TC 3: Test Cases/Story 35 and 921 -Tambah Barang/35 TC 3 FAILED because (of) Failed to clear text of element (Root cause: Element 'Object Repository/Sidebar Menu/Produk/Tambah Barang/Jumlah Stock - by typing' not found)

2018-07-13 10:35:58 - [TEST_STEP][PASSED] - comment: User update stock when specifies stock = -(minus)

2018-07-13 10:35:58 - [TEST_STEP][PASSED] - waitForElementPresent: Object Object Repository/Sidebar Menu/Produk/Tambah Barang/Jumlah Stock - by typing not found

2018-07-13 10:36:06 - [MESSAGE][WARNING] - Object Object Repository/Sidebar Menu/Produk/Tambah Barang/Jumlah Stock - by typing not found

2018-07-13 10:36:06 - [TEST_STEP][PASSED] - verifyElementAttributeValue: Element 'Object Repository/Sidebar Menu/Produk/Tambah Barang/Jumlah Stock - by typing' not found

2018-07-13 10:36:07 - [MESSAGE][WARNING] - Element 'Object Repository/Sidebar Menu/Produk/Tambah Barang/Jumlah Stock - by typing' not found

2018-07-13 10:36:07 - [TEST_STEP][FAILED] - clearText: Failed to clear text of element (Root cause: Element 'Object Repository/Sidebar Menu/Produk/Tambah Barang/Jumlah Stock - by typing' not found)

2018-07-13 10:36:15 - [MESSAGE][FAILED] - Element 'Object Repository/Sidebar Menu/Produk/Tambah Barang/Jumlah Stock - by typing' not found
[[ATTACHMENT|C:\\Users\\AV2017005903\\Documents\\apollo-automation\\Reports\\Story 35 - Tambah Barang\\20180713_103252\\1531452974234.png]]

2018-07-13 10:36:17 - [MESSAGE][FAILED] - Failed to clear text of element (Root cause: Element 'Object Repository/Sidebar Menu/Produk/Tambah Barang/Jumlah Stock - by typing' not found)
[[ATTACHMENT|C:\\Users\\AV2017005903\\Documents\\apollo-automation\\Reports\\Story 35 - Tambah Barang\\20180713_103252\\1531452975827.png]]]]></system-out>
         <system-err><![CDATA[2018-07-13 10:35:58 - [TEST_CASE][FAILED] - Test Cases/Story 35 and 921 -Tambah Barang/35 TC 3: Test Cases/Story 35 and 921 -Tambah Barang/35 TC 3 FAILED because (of) Failed to clear text of element (Root cause: Element 'Object Repository/Sidebar Menu/Produk/Tambah Barang/Jumlah Stock - by typing' not found)]]></system-err>
      </testcase>
      <testcase name="Test Cases/Story 35 and 921 -Tambah Barang/35 TC 4" classname="Test Cases/Story 35 and 921 -Tambah Barang/35 TC 4" status="FAILED">
         <failure type="FAILED" message="Failed to clear text of element (Root cause: Element 'Object Repository/Sidebar Menu/Produk/Tambah Barang/Jumlah Stock - by typing' not found)"/>
         <system-out><![CDATA[2018-07-13 10:36:17 - [TEST_CASE][FAILED] - Test Cases/Story 35 and 921 -Tambah Barang/35 TC 4: Test Cases/Story 35 and 921 -Tambah Barang/35 TC 4 FAILED because (of) Failed to clear text of element (Root cause: Element 'Object Repository/Sidebar Menu/Produk/Tambah Barang/Jumlah Stock - by typing' not found)

2018-07-13 10:36:17 - [TEST_STEP][PASSED] - comment: Check maximum input stock - max 3 digit

2018-07-13 10:36:17 - [TEST_STEP][PASSED] - waitForElementPresent: Object Object Repository/Sidebar Menu/Produk/Tambah Barang/Jumlah Stock - by typing not found

2018-07-13 10:36:23 - [MESSAGE][WARNING] - Object Object Repository/Sidebar Menu/Produk/Tambah Barang/Jumlah Stock - by typing not found

2018-07-13 10:36:23 - [TEST_STEP][PASSED] - verifyElementAttributeValue: Element 'Object Repository/Sidebar Menu/Produk/Tambah Barang/Jumlah Stock - by typing' not found

2018-07-13 10:36:32 - [MESSAGE][WARNING] - Element 'Object Repository/Sidebar Menu/Produk/Tambah Barang/Jumlah Stock - by typing' not found

2018-07-13 10:36:32 - [TEST_STEP][FAILED] - clearText: Failed to clear text of element (Root cause: Element 'Object Repository/Sidebar Menu/Produk/Tambah Barang/Jumlah Stock - by typing' not found)

2018-07-13 10:36:41 - [MESSAGE][FAILED] - Element 'Object Repository/Sidebar Menu/Produk/Tambah Barang/Jumlah Stock - by typing' not found
[[ATTACHMENT|C:\\Users\\AV2017005903\\Documents\\apollo-automation\\Reports\\Story 35 - Tambah Barang\\20180713_103252\\1531452999997.png]]

2018-07-13 10:36:43 - [MESSAGE][FAILED] - Failed to clear text of element (Root cause: Element 'Object Repository/Sidebar Menu/Produk/Tambah Barang/Jumlah Stock - by typing' not found)
[[ATTACHMENT|C:\\Users\\AV2017005903\\Documents\\apollo-automation\\Reports\\Story 35 - Tambah Barang\\20180713_103252\\1531453001647.png]]]]></system-out>
         <system-err><![CDATA[2018-07-13 10:36:17 - [TEST_CASE][FAILED] - Test Cases/Story 35 and 921 -Tambah Barang/35 TC 4: Test Cases/Story 35 and 921 -Tambah Barang/35 TC 4 FAILED because (of) Failed to clear text of element (Root cause: Element 'Object Repository/Sidebar Menu/Produk/Tambah Barang/Jumlah Stock - by typing' not found)]]></system-err>
      </testcase>
      <testcase name="Test Cases/Story 35 and 921 -Tambah Barang/35 TC 5" classname="Test Cases/Story 35 and 921 -Tambah Barang/35 TC 5" status="FAILED">
         <failure type="FAILED" message="Failed to clear text of element (Root cause: Element 'Object Repository/Sidebar Menu/Produk/Tambah Barang/Jumlah Stock - by typing' not found)"/>
         <system-out><![CDATA[2018-07-13 10:36:43 - [TEST_CASE][FAILED] - Test Cases/Story 35 and 921 -Tambah Barang/35 TC 5: Test Cases/Story 35 and 921 -Tambah Barang/35 TC 5 FAILED because (of) Failed to clear text of element (Root cause: Element 'Object Repository/Sidebar Menu/Produk/Tambah Barang/Jumlah Stock - by typing' not found)

2018-07-13 10:36:43 - [TEST_STEP][PASSED] - comment: Tambah Produk with jumlah stok 0

2018-07-13 10:36:43 - [TEST_STEP][PASSED] - waitForElementPresent: Object Object Repository/Sidebar Menu/Produk/Tambah Barang/Jumlah Stock - by typing not found

2018-07-13 10:36:49 - [MESSAGE][WARNING] - Object Object Repository/Sidebar Menu/Produk/Tambah Barang/Jumlah Stock - by typing not found

2018-07-13 10:36:49 - [TEST_STEP][PASSED] - verifyElementAttributeValue: Element 'Object Repository/Sidebar Menu/Produk/Tambah Barang/Jumlah Stock - by typing' not found

2018-07-13 10:36:51 - [MESSAGE][WARNING] - Element 'Object Repository/Sidebar Menu/Produk/Tambah Barang/Jumlah Stock - by typing' not found

2018-07-13 10:36:51 - [TEST_STEP][FAILED] - clearText: Failed to clear text of element (Root cause: Element 'Object Repository/Sidebar Menu/Produk/Tambah Barang/Jumlah Stock - by typing' not found)

2018-07-13 10:37:01 - [MESSAGE][FAILED] - Element 'Object Repository/Sidebar Menu/Produk/Tambah Barang/Jumlah Stock - by typing' not found
[[ATTACHMENT|C:\\Users\\AV2017005903\\Documents\\apollo-automation\\Reports\\Story 35 - Tambah Barang\\20180713_103252\\1531453020153.png]]

2018-07-13 10:37:03 - [MESSAGE][FAILED] - Failed to clear text of element (Root cause: Element 'Object Repository/Sidebar Menu/Produk/Tambah Barang/Jumlah Stock - by typing' not found)
[[ATTACHMENT|C:\\Users\\AV2017005903\\Documents\\apollo-automation\\Reports\\Story 35 - Tambah Barang\\20180713_103252\\1531453021668.png]]]]></system-out>
         <system-err><![CDATA[2018-07-13 10:36:43 - [TEST_CASE][FAILED] - Test Cases/Story 35 and 921 -Tambah Barang/35 TC 5: Test Cases/Story 35 and 921 -Tambah Barang/35 TC 5 FAILED because (of) Failed to clear text of element (Root cause: Element 'Object Repository/Sidebar Menu/Produk/Tambah Barang/Jumlah Stock - by typing' not found)]]></system-err>
      </testcase>
      <testcase name="Test Cases/Story 35 and 921 -Tambah Barang/35 TC 6" classname="Test Cases/Story 35 and 921 -Tambah Barang/35 TC 6" status="FAILED">
         <failure type="FAILED" message="Failed to tap on element 'Object Repository/Sidebar Menu/Produk/Tambah Barang/Simpan Button' (Root cause: Object Object Repository/Sidebar Menu/Produk/Tambah Barang/Simpan Button not found)"/>
         <system-out><![CDATA[2018-07-13 10:37:03 - [TEST_CASE][FAILED] - Test Cases/Story 35 and 921 -Tambah Barang/35 TC 6: Test Cases/Story 35 and 921 -Tambah Barang/35 TC 6 FAILED because (of) Failed to tap on element 'Object Repository/Sidebar Menu/Produk/Tambah Barang/Simpan Button' (Root cause: Object Object Repository/Sidebar Menu/Produk/Tambah Barang/Simpan Button not found)

2018-07-13 10:37:03 - [TEST_STEP][PASSED] - comment: Check Mandatory field

2018-07-13 10:37:03 - [TEST_STEP][PASSED] - waitForElementPresent: Object Object Repository/Sidebar Menu/Produk/Tambah Barang/Simpan Button not found

2018-07-13 10:37:08 - [MESSAGE][WARNING] - Object Object Repository/Sidebar Menu/Produk/Tambah Barang/Simpan Button not found

2018-07-13 10:37:08 - [TEST_STEP][PASSED] - verifyElementAttributeValue: Element 'Object Repository/Sidebar Menu/Produk/Tambah Barang/Simpan Button' not found

2018-07-13 10:37:08 - [MESSAGE][WARNING] - Timeout '0' is invalid. Using default page load timeout: '30'

2018-07-13 10:37:13 - [MESSAGE][WARNING] - Element 'Object Repository/Sidebar Menu/Produk/Tambah Barang/Simpan Button' not found

2018-07-13 10:37:13 - [TEST_STEP][FAILED] - tap: Failed to tap on element 'Object Repository/Sidebar Menu/Produk/Tambah Barang/Simpan Button' (Root cause: Object Object Repository/Sidebar Menu/Produk/Tambah Barang/Simpan Button not found)

2018-07-13 10:37:20 - [MESSAGE][FAILED] - Object Object Repository/Sidebar Menu/Produk/Tambah Barang/Simpan Button not found
[[ATTACHMENT|C:\\Users\\AV2017005903\\Documents\\apollo-automation\\Reports\\Story 35 - Tambah Barang\\20180713_103252\\1531453038697.png]]

2018-07-13 10:37:21 - [MESSAGE][FAILED] - Failed to tap on element 'Object Repository/Sidebar Menu/Produk/Tambah Barang/Simpan Button' (Root cause: Object Object Repository/Sidebar Menu/Produk/Tambah Barang/Simpan Button not found)
[[ATTACHMENT|C:\\Users\\AV2017005903\\Documents\\apollo-automation\\Reports\\Story 35 - Tambah Barang\\20180713_103252\\1531453040206.png]]]]></system-out>
         <system-err><![CDATA[2018-07-13 10:37:03 - [TEST_CASE][FAILED] - Test Cases/Story 35 and 921 -Tambah Barang/35 TC 6: Test Cases/Story 35 and 921 -Tambah Barang/35 TC 6 FAILED because (of) Failed to tap on element 'Object Repository/Sidebar Menu/Produk/Tambah Barang/Simpan Button' (Root cause: Object Object Repository/Sidebar Menu/Produk/Tambah Barang/Simpan Button not found)]]></system-err>
      </testcase>
      <testcase name="Test Cases/Story 35 and 921 -Tambah Barang/35 TC 7" classname="Test Cases/Story 35 and 921 -Tambah Barang/35 TC 7" status="FAILED">
         <failure type="FAILED" message="Failed to set text into element (Root cause: Object Object Repository/Sidebar Menu/Produk/Tambah Barang/Nama Barang - Text Box not found)"/>
         <system-out><![CDATA[2018-07-13 10:37:21 - [TEST_CASE][FAILED] - Test Cases/Story 35 and 921 -Tambah Barang/35 TC 7: Test Cases/Story 35 and 921 -Tambah Barang/35 TC 7 FAILED because (of) Failed to set text into element (Root cause: Object Object Repository/Sidebar Menu/Produk/Tambah Barang/Nama Barang - Text Box not found)

2018-07-13 10:37:21 - [TEST_STEP][PASSED] - comment: Add Product with Product name more than 100 Characters

2018-07-13 10:37:21 - [TEST_STEP][PASSED] - Statement - driver = com.kms.katalon.core.mobile.keyword.internal.MobileDriverFactory.getDriver(): null

2018-07-13 10:37:21 - [TEST_STEP][PASSED] - Statement - action = new io.appium.java_client.TouchAction(driver): null

2018-07-13 10:37:21 - [TEST_STEP][PASSED] - Statement - action.longPress(242, 360).moveTo(242, 743).release().perform(): null

2018-07-13 10:37:24 - [TEST_STEP][PASSED] - waitForElementPresent: Object Object Repository/Sidebar Menu/Produk/Tambah Barang/Nama Barang - Text Box not found

2018-07-13 10:37:29 - [MESSAGE][WARNING] - Object Object Repository/Sidebar Menu/Produk/Tambah Barang/Nama Barang - Text Box not found

2018-07-13 10:37:29 - [TEST_STEP][PASSED] - verifyElementAttributeValue: Element 'Object Repository/Sidebar Menu/Produk/Tambah Barang/Nama Barang - Text Box' not found

2018-07-13 10:37:29 - [MESSAGE][WARNING] - Timeout '0' is invalid. Using default page load timeout: '30'

2018-07-13 10:37:34 - [MESSAGE][WARNING] - Element 'Object Repository/Sidebar Menu/Produk/Tambah Barang/Nama Barang - Text Box' not found

2018-07-13 10:37:34 - [TEST_STEP][PASSED] - Statement - NamaBarang = CustomKeywords.newpackage.randomstring.randombigname(): newpackage.randomstring.randombigname is PASSED

2018-07-13 10:37:34 - [MESSAGE][PASSED] - newpackage.randomstring.randombigname is PASSED

2018-07-13 10:37:34 - [TEST_STEP][FAILED] - setText: Failed to set text into element (Root cause: Object Object Repository/Sidebar Menu/Produk/Tambah Barang/Nama Barang - Text Box not found)

2018-07-13 10:37:42 - [MESSAGE][FAILED] - Object Object Repository/Sidebar Menu/Produk/Tambah Barang/Nama Barang - Text Box not found
[[ATTACHMENT|C:\\Users\\AV2017005903\\Documents\\apollo-automation\\Reports\\Story 35 - Tambah Barang\\20180713_103252\\1531453060892.png]]

2018-07-13 10:37:44 - [MESSAGE][FAILED] - Failed to set text into element (Root cause: Object Object Repository/Sidebar Menu/Produk/Tambah Barang/Nama Barang - Text Box not found)
[[ATTACHMENT|C:\\Users\\AV2017005903\\Documents\\apollo-automation\\Reports\\Story 35 - Tambah Barang\\20180713_103252\\1531453062584.png]]]]></system-out>
         <system-err><![CDATA[2018-07-13 10:37:21 - [TEST_CASE][FAILED] - Test Cases/Story 35 and 921 -Tambah Barang/35 TC 7: Test Cases/Story 35 and 921 -Tambah Barang/35 TC 7 FAILED because (of) Failed to set text into element (Root cause: Object Object Repository/Sidebar Menu/Produk/Tambah Barang/Nama Barang - Text Box not found)]]></system-err>
      </testcase>
      <testcase name="Test Cases/Story 35 and 921 -Tambah Barang/35 TC 8" classname="Test Cases/Story 35 and 921 -Tambah Barang/35 TC 8" status="FAILED">
         <failure type="FAILED" message="Failed to clear text of element (Root cause: Element 'Object Repository/Sidebar Menu/Produk/Tambah Barang/Nama Barang - Text Box' not found)"/>
         <system-out><![CDATA[2018-07-13 10:37:44 - [TEST_CASE][FAILED] - Test Cases/Story 35 and 921 -Tambah Barang/35 TC 8: Test Cases/Story 35 and 921 -Tambah Barang/35 TC 8 FAILED because (of) Failed to clear text of element (Root cause: Element 'Object Repository/Sidebar Menu/Produk/Tambah Barang/Nama Barang - Text Box' not found)

2018-07-13 10:37:44 - [TEST_STEP][PASSED] - comment: Tambah Produk with input manual barcode

2018-07-13 10:37:44 - [TEST_STEP][FAILED] - clearText: Failed to clear text of element (Root cause: Element 'Object Repository/Sidebar Menu/Produk/Tambah Barang/Nama Barang - Text Box' not found)

2018-07-13 10:37:51 - [MESSAGE][FAILED] - Element 'Object Repository/Sidebar Menu/Produk/Tambah Barang/Nama Barang - Text Box' not found
[[ATTACHMENT|C:\\Users\\AV2017005903\\Documents\\apollo-automation\\Reports\\Story 35 - Tambah Barang\\20180713_103252\\1531453069785.png]]

2018-07-13 10:37:52 - [MESSAGE][FAILED] - Failed to clear text of element (Root cause: Element 'Object Repository/Sidebar Menu/Produk/Tambah Barang/Nama Barang - Text Box' not found)
[[ATTACHMENT|C:\\Users\\AV2017005903\\Documents\\apollo-automation\\Reports\\Story 35 - Tambah Barang\\20180713_103252\\1531453071322.png]]]]></system-out>
         <system-err><![CDATA[2018-07-13 10:37:44 - [TEST_CASE][FAILED] - Test Cases/Story 35 and 921 -Tambah Barang/35 TC 8: Test Cases/Story 35 and 921 -Tambah Barang/35 TC 8 FAILED because (of) Failed to clear text of element (Root cause: Element 'Object Repository/Sidebar Menu/Produk/Tambah Barang/Nama Barang - Text Box' not found)]]></system-err>
      </testcase>
      <testcase name="Test Cases/Story 35 and 921 -Tambah Barang/35 TC 9" classname="Test Cases/Story 35 and 921 -Tambah Barang/35 TC 9" status="FAILED">
         <failure type="FAILED" message="Failed to tap on element 'Object Repository/Sidebar Menu/Produk/Tambah Barang/Pilih Kategori - SelectButton' (Root cause: Object Object Repository/Sidebar Menu/Produk/Tambah Barang/Pilih Kategori - SelectButton not found)"/>
         <system-out><![CDATA[2018-07-13 10:37:52 - [TEST_CASE][FAILED] - Test Cases/Story 35 and 921 -Tambah Barang/35 TC 9: Test Cases/Story 35 and 921 -Tambah Barang/35 TC 9 FAILED because (of) Failed to tap on element 'Object Repository/Sidebar Menu/Produk/Tambah Barang/Pilih Kategori - SelectButton' (Root cause: Object Object Repository/Sidebar Menu/Produk/Tambah Barang/Pilih Kategori - SelectButton not found)

2018-07-13 10:37:53 - [TEST_STEP][PASSED] - comment: Pick One Category

2018-07-13 10:37:53 - [TEST_STEP][PASSED] - waitForElementPresent: Object Object Repository/Sidebar Menu/Produk/Tambah Barang/Pilih Kategori - SelectButton not found

2018-07-13 10:37:59 - [MESSAGE][WARNING] - Object Object Repository/Sidebar Menu/Produk/Tambah Barang/Pilih Kategori - SelectButton not found

2018-07-13 10:37:59 - [TEST_STEP][PASSED] - verifyElementAttributeValue: Element 'Object Repository/Sidebar Menu/Produk/Tambah Barang/Pilih Kategori - SelectButton' not found

2018-07-13 10:38:00 - [MESSAGE][WARNING] - Timeout '0' is invalid. Using default page load timeout: '30'

2018-07-13 10:38:04 - [MESSAGE][WARNING] - Element 'Object Repository/Sidebar Menu/Produk/Tambah Barang/Pilih Kategori - SelectButton' not found

2018-07-13 10:38:04 - [TEST_STEP][FAILED] - tap: Failed to tap on element 'Object Repository/Sidebar Menu/Produk/Tambah Barang/Pilih Kategori - SelectButton' (Root cause: Object Object Repository/Sidebar Menu/Produk/Tambah Barang/Pilih Kategori - SelectButton not found)

2018-07-13 10:38:13 - [MESSAGE][FAILED] - Object Object Repository/Sidebar Menu/Produk/Tambah Barang/Pilih Kategori - SelectButton not found
[[ATTACHMENT|C:\\Users\\AV2017005903\\Documents\\apollo-automation\\Reports\\Story 35 - Tambah Barang\\20180713_103252\\1531453092135.png]]

2018-07-13 10:38:15 - [MESSAGE][FAILED] - Failed to tap on element 'Object Repository/Sidebar Menu/Produk/Tambah Barang/Pilih Kategori - SelectButton' (Root cause: Object Object Repository/Sidebar Menu/Produk/Tambah Barang/Pilih Kategori - SelectButton not found)
[[ATTACHMENT|C:\\Users\\AV2017005903\\Documents\\apollo-automation\\Reports\\Story 35 - Tambah Barang\\20180713_103252\\1531453093616.png]]]]></system-out>
         <system-err><![CDATA[2018-07-13 10:37:52 - [TEST_CASE][FAILED] - Test Cases/Story 35 and 921 -Tambah Barang/35 TC 9: Test Cases/Story 35 and 921 -Tambah Barang/35 TC 9 FAILED because (of) Failed to tap on element 'Object Repository/Sidebar Menu/Produk/Tambah Barang/Pilih Kategori - SelectButton' (Root cause: Object Object Repository/Sidebar Menu/Produk/Tambah Barang/Pilih Kategori - SelectButton not found)]]></system-err>
      </testcase>
      <system-out><![CDATA[2018-07-13 10:32:55 - [TEST_SUITE][FAILED] - Story 35 - Tambah Barang: Test Cases/Story 35 and 921 -Tambah Barang/35 TC 1 FAILED because (of) Failed to tap on element 'Object Repository/Splash Screen/Mulai - Button' (Root cause: Object Object Repository/Splash Screen/Mulai - Button not found)]]></system-out>
      <system-err><![CDATA[2018-07-13 10:32:55 - [TEST_SUITE][FAILED] - Story 35 - Tambah Barang: Test Cases/Story 35 and 921 -Tambah Barang/35 TC 1 FAILED because (of) Failed to tap on element 'Object Repository/Splash Screen/Mulai - Button' (Root cause: Object Object Repository/Splash Screen/Mulai - Button not found)]]></system-err>
   </testsuite>
</testsuites>
