<?xml version="1.0" encoding="UTF-8"?>
<testsuites name="Sprint 2" time="990" tests="0" failures="2" errors="0">
   <testsuite name="Sprint 2" tests="0" failures="2" errors="0" time="990" timestamp="2018-01-18 09:02:44" hostname="AV2017005903 - NB17Q7U8IT.corp.bankbtpn.co.id" id="Test Suites/Sprint 2">
      <properties>
         <property name="deviceName" value="Xiaomi Redmi Note 3 5.0.2"/>
         <property name="devicePlatform" value=""/>
         <property name="logFolder" value="C:\\Users\\AV2017005903\\Documents\\Appolo Test\\Reports\\Sprint 2\\20180118_090243"/>
         <property name="logFiles" value="C:\\Users\\AV2017005903\\Documents\\Appolo Test\\Reports\\Sprint 2\\20180118_090243\\appium.log, C:\\Users\\AV2017005903\\Documents\\Appolo Test\\Reports\\Sprint 2\\20180118_090243\\execution0.log"/>
         <property name="attachments" value=""/>
         <property name="hostName" value="AV2017005903 - NB17Q7U8IT.corp.bankbtpn.co.id"/>
         <property name="os" value="Windows 10 64bit"/>
         <property name="katalonVersion" value="5.0.0.1"/>
         <property name="deviceOS" value="Android"/>
         <property name="appiumVersion" value="1.7.2"/>
         <property name="deviceModel" value="Redmi Note 3"/>
         <property name="hostAddress" value="192.168.120.203"/>
         <property name="deviceManufacturer" value="Xiaomi"/>
         <property name="deviceId" value="MVAQIBSCS8LN6TQW"/>
         <property name="deviceName" value="Xiaomi Redmi Note 3 5.0.2"/>
         <property name="deviceOSVersion" value="5.0.2"/>
      </properties>
      <testcase name="Test Cases/26 - TC - All" classname="Test Cases/26 - TC - All" status="FAILED">
         <failure type="FAILED" message="Failed to tap on element 'Object Repository/Sidebar Menu/Operasional/Stock/Stock View/Terapkan - Select Kategori' (Root cause: Object Object Repository/Sidebar Menu/Operasional/Stock/Stock View/Terapkan - Select Kategori not found)"/>
         <system-out><![CDATA[2018-01-18 09:02:45 - [TEST_CASE][FAILED] - Test Cases/26 - TC - All: Test Cases/26 - TC - All FAILED because (of) Failed to tap on element 'Object Repository/Sidebar Menu/Operasional/Stock/Stock View/Terapkan - Select Kategori' (Root cause: Object Object Repository/Sidebar Menu/Operasional/Stock/Stock View/Terapkan - Select Kategori not found)

2018-01-18 09:02:45 - [TEST_STEP][PASSED] - comment: Start Story 26

2018-01-18 09:02:45 - [TEST_STEP][PASSED] - startApplication: Started app at: 'D:\Project Apollo\APK Appolo\Sprint 5 v-7.apk'

2018-01-18 09:04:09 - [MESSAGE][PASSED] - Started app at: 'D:\Project Apollo\APK Appolo\Sprint 5 v-7.apk'

2018-01-18 09:04:09 - [TEST_STEP][PASSED] - tap: Tapped on element 'Object Repository/Login/Nomor HP  Nama Pengguna - Text Box'

2018-01-18 09:04:10 - [MESSAGE][PASSED] - Tapped on element 'Object Repository/Login/Nomor HP  Nama Pengguna - Text Box'

2018-01-18 09:04:10 - [TEST_STEP][PASSED] - setText: Text 'y' has been set to element 'Object Repository/Login/Nomor HP  Nama Pengguna - Text Box'

2018-01-18 09:04:20 - [MESSAGE][PASSED] - Text 'y' has been set to element 'Object Repository/Login/Nomor HP  Nama Pengguna - Text Box'

2018-01-18 09:04:20 - [TEST_STEP][PASSED] - hideKeyboard: Keyboard is hidden

2018-01-18 09:04:26 - [MESSAGE][PASSED] - Keyboard is hidden

2018-01-18 09:04:26 - [TEST_STEP][PASSED] - tap: Tapped on element 'Object Repository/Login/Button Masuk'

2018-01-18 09:04:27 - [MESSAGE][PASSED] - Tapped on element 'Object Repository/Login/Button Masuk'

2018-01-18 09:04:27 - [TEST_STEP][PASSED] - waitForElementPresent: Object Object Repository/Login/Button Masuk not found

2018-01-18 09:04:30 - [MESSAGE][WARNING] - Object Object Repository/Login/Button Masuk not found

2018-01-18 09:04:30 - [TEST_STEP][PASSED] - tap: Tapped on element 'Object Repository/Login/Lupa Pin'

2018-01-18 09:04:30 - [MESSAGE][PASSED] - Tapped on element 'Object Repository/Login/Lupa Pin'

2018-01-18 09:04:30 - [TEST_STEP][PASSED] - tap: Tapped on element 'Object Repository/Sidebar Menu/Hamburger Button'

2018-01-18 09:04:32 - [MESSAGE][PASSED] - Tapped on element 'Object Repository/Sidebar Menu/Hamburger Button'

2018-01-18 09:04:32 - [TEST_STEP][PASSED] - tap: Tapped on element 'Object Repository/Sidebar Menu/Operasional/Operasional - Sidebar Menu'

2018-01-18 09:04:34 - [MESSAGE][PASSED] - Tapped on element 'Object Repository/Sidebar Menu/Operasional/Operasional - Sidebar Menu'

2018-01-18 09:04:34 - [TEST_STEP][PASSED] - tap: Tapped on element 'Object Repository/Sidebar Menu/Operasional/Stock/Stock View/Stok - Navbar Menu'

2018-01-18 09:04:36 - [MESSAGE][PASSED] - Tapped on element 'Object Repository/Sidebar Menu/Operasional/Stock/Stock View/Stok - Navbar Menu'

2018-01-18 09:04:36 - [TEST_STEP][PASSED] - waitForElementPresent: Element 'Object Repository/Sidebar Menu/Operasional/Stock/Stock View/Semua Kategori - Drop Down' is present

2018-01-18 09:04:36 - [MESSAGE][PASSED] - Element 'Object Repository/Sidebar Menu/Operasional/Stock/Stock View/Semua Kategori - Drop Down' is present

2018-01-18 09:04:36 - [TEST_STEP][PASSED] - tap: Tapped on element 'Object Repository/Sidebar Menu/Operasional/Stock/Stock View/Semua Kategori - Drop Down'

2018-01-18 09:04:37 - [MESSAGE][PASSED] - Tapped on element 'Object Repository/Sidebar Menu/Operasional/Stock/Stock View/Semua Kategori - Drop Down'

2018-01-18 09:04:37 - [TEST_STEP][PASSED] - tap: Tapped on element 'Object Repository/Sidebar Menu/Operasional/Stock/Stock View/List Kategori - Elemen 2'

2018-01-18 09:04:38 - [MESSAGE][PASSED] - Tapped on element 'Object Repository/Sidebar Menu/Operasional/Stock/Stock View/List Kategori - Elemen 2'

2018-01-18 09:04:38 - [TEST_STEP][PASSED] - tap: Tapped on element 'Object Repository/Sidebar Menu/Operasional/Stock/Stock View/Terapkan - Select Kategori'

2018-01-18 09:04:38 - [MESSAGE][PASSED] - Tapped on element 'Object Repository/Sidebar Menu/Operasional/Stock/Stock View/Terapkan - Select Kategori'

2018-01-18 09:04:38 - [TEST_STEP][PASSED] - tap: Tapped on element 'Object Repository/Sidebar Menu/Operasional/Stock/Stock View/Semua Kategori - Drop Down'

2018-01-18 09:04:40 - [MESSAGE][PASSED] - Tapped on element 'Object Repository/Sidebar Menu/Operasional/Stock/Stock View/Semua Kategori - Drop Down'

2018-01-18 09:04:40 - [TEST_STEP][PASSED] - scrollToText: Scrolling to text 'Makanan' successfully

2018-01-18 09:04:54 - [MESSAGE][PASSED] - Scrolling to text 'Makanan' successfully

2018-01-18 09:04:57 - [TEST_STEP][PASSED] - tap: Tapped on element 'Object Repository/Sidebar Menu/Operasional/Stock/Stock View/List Kategori - Elemen Makanan'

2018-01-18 09:04:57 - [MESSAGE][PASSED] - Tapped on element 'Object Repository/Sidebar Menu/Operasional/Stock/Stock View/List Kategori - Elemen Makanan'

2018-01-18 09:04:57 - [TEST_STEP][PASSED] - verifyElementNotChecked: Element 'Object Repository/Sidebar Menu/Operasional/Stock/Stock View/List Kategori - Elemen Makanan' is not checked

2018-01-18 09:04:57 - [MESSAGE][WARNING] - Timeout '0' is invalid. Using default page load timeout: '10'

2018-01-18 09:04:58 - [MESSAGE][PASSED] - Element 'Object Repository/Sidebar Menu/Operasional/Stock/Stock View/List Kategori - Elemen Makanan' is not checked

2018-01-18 09:04:58 - [TEST_STEP][PASSED] - tap: Tapped on element 'Object Repository/Sidebar Menu/Operasional/Stock/Stock View/Terapkan - Select Kategori'

2018-01-18 09:04:58 - [MESSAGE][PASSED] - Tapped on element 'Object Repository/Sidebar Menu/Operasional/Stock/Stock View/Terapkan - Select Kategori'

2018-01-18 09:04:58 - [TEST_STEP][PASSED] - waitForElementPresent: Element 'Object Repository/Sidebar Menu/Operasional/Stock/Stock View/Semua Kategori - Drop Down' is present

2018-01-18 09:05:00 - [MESSAGE][PASSED] - Element 'Object Repository/Sidebar Menu/Operasional/Stock/Stock View/Semua Kategori - Drop Down' is present

2018-01-18 09:05:00 - [TEST_STEP][PASSED] - tap: Tapped on element 'Object Repository/Sidebar Menu/Operasional/Stock/Stock View/Semua Kategori - Drop Down'

2018-01-18 09:05:00 - [MESSAGE][PASSED] - Tapped on element 'Object Repository/Sidebar Menu/Operasional/Stock/Stock View/Semua Kategori - Drop Down'

2018-01-18 09:05:00 - [TEST_STEP][PASSED] - tap: Tapped on element 'Object Repository/Sidebar Menu/Operasional/Stock/Stock View/Semua Kategori - Select Kategori'

2018-01-18 09:05:02 - [MESSAGE][PASSED] - Tapped on element 'Object Repository/Sidebar Menu/Operasional/Stock/Stock View/Semua Kategori - Select Kategori'

2018-01-18 09:05:02 - [TEST_STEP][PASSED] - tap: Tapped on element 'Object Repository/Sidebar Menu/Operasional/Stock/Stock View/Terapkan - Select Kategori'

2018-01-18 09:05:03 - [MESSAGE][PASSED] - Tapped on element 'Object Repository/Sidebar Menu/Operasional/Stock/Stock View/Terapkan - Select Kategori'

2018-01-18 09:05:03 - [TEST_STEP][PASSED] - tap: Tapped on element 'Object Repository/Sidebar Menu/Operasional/Stock/Stock View/Cari Produk - Parent'

2018-01-18 09:05:06 - [MESSAGE][PASSED] - Tapped on element 'Object Repository/Sidebar Menu/Operasional/Stock/Stock View/Cari Produk - Parent'

2018-01-18 09:05:06 - [TEST_STEP][PASSED] - setText: Text 'Jambu' has been set to element 'Object Repository/Sidebar Menu/Operasional/Stock/Stock View/Cari Produk - Parent'

2018-01-18 09:05:06 - [MESSAGE][WARNING] - Timeout '0' is invalid. Using default page load timeout: '10'

2018-01-18 09:05:16 - [MESSAGE][PASSED] - Text 'Jambu' has been set to element 'Object Repository/Sidebar Menu/Operasional/Stock/Stock View/Cari Produk - Parent'

2018-01-18 09:05:16 - [TEST_STEP][PASSED] - verifyElementNotChecked: Element 'Object Repository/Sidebar Menu/Operasional/Stock/Stock View/Cari Produk - Parent' is not checked

2018-01-18 09:05:17 - [MESSAGE][PASSED] - Element 'Object Repository/Sidebar Menu/Operasional/Stock/Stock View/Cari Produk - Parent' is not checked

2018-01-18 09:05:17 - [TEST_STEP][PASSED] - getText: Text of element 'Object Repository/Sidebar Menu/Operasional/Stock/Stock View/Cari Produk - Parent' is: 'Jambu'

2018-01-18 09:05:19 - [MESSAGE][PASSED] - Text of element 'Object Repository/Sidebar Menu/Operasional/Stock/Stock View/Cari Produk - Parent' is: 'Jambu'

2018-01-18 09:05:19 - [TEST_STEP][PASSED] - waitForElementPresent: Element 'Object Repository/Sidebar Menu/Operasional/Stock/Stock View/Cari Produk - Parent' is present

2018-01-18 09:05:19 - [MESSAGE][PASSED] - Element 'Object Repository/Sidebar Menu/Operasional/Stock/Stock View/Cari Produk - Parent' is present

2018-01-18 09:05:19 - [TEST_STEP][PASSED] - clearText: Element 'Object Repository/Sidebar Menu/Operasional/Stock/Stock View/Cari Produk - Parent' text is cleared

2018-01-18 09:05:22 - [MESSAGE][PASSED] - Element 'Object Repository/Sidebar Menu/Operasional/Stock/Stock View/Cari Produk - Parent' text is cleared

2018-01-18 09:05:22 - [TEST_STEP][PASSED] - tap: Tapped on element 'Object Repository/Sidebar Menu/Operasional/Stock/Stock View/Semua Kategori - Drop Down'

2018-01-18 09:05:25 - [MESSAGE][PASSED] - Tapped on element 'Object Repository/Sidebar Menu/Operasional/Stock/Stock View/Semua Kategori - Drop Down'

2018-01-18 09:05:25 - [TEST_STEP][PASSED] - scrollToText: Scrolling to text 'Makanan' successfully

2018-01-18 09:05:37 - [MESSAGE][PASSED] - Scrolling to text 'Makanan' successfully

2018-01-18 09:05:39 - [TEST_STEP][PASSED] - tap: Tapped on element 'Object Repository/Sidebar Menu/Operasional/Stock/Stock View/List Kategori - Elemen Makanan'

2018-01-18 09:05:39 - [MESSAGE][PASSED] - Tapped on element 'Object Repository/Sidebar Menu/Operasional/Stock/Stock View/List Kategori - Elemen Makanan'

2018-01-18 09:05:39 - [TEST_STEP][PASSED] - tap: Tapped on element 'Object Repository/Sidebar Menu/Operasional/Stock/Stock View/Terapkan - Select Kategori'

2018-01-18 09:05:40 - [MESSAGE][PASSED] - Tapped on element 'Object Repository/Sidebar Menu/Operasional/Stock/Stock View/Terapkan - Select Kategori'

2018-01-18 09:05:40 - [TEST_STEP][PASSED] - tap: Tapped on element 'Object Repository/Sidebar Menu/Operasional/Stock/Stock View/Cari Produk - Parent'

2018-01-18 09:05:43 - [MESSAGE][PASSED] - Tapped on element 'Object Repository/Sidebar Menu/Operasional/Stock/Stock View/Cari Produk - Parent'

2018-01-18 09:05:43 - [TEST_STEP][PASSED] - setText: Text 'Fifty Shades of Grey' has been set to element 'Object Repository/Sidebar Menu/Operasional/Stock/Stock View/Cari Produk - Parent'

2018-01-18 09:05:53 - [MESSAGE][PASSED] - Text 'Fifty Shades of Grey' has been set to element 'Object Repository/Sidebar Menu/Operasional/Stock/Stock View/Cari Produk - Parent'

2018-01-18 09:05:53 - [TEST_STEP][PASSED] - verifyElementNotChecked: Element 'Object Repository/Sidebar Menu/Operasional/Stock/Stock View/Cari Produk - Parent' is not checked

2018-01-18 09:05:54 - [MESSAGE][PASSED] - Element 'Object Repository/Sidebar Menu/Operasional/Stock/Stock View/Cari Produk - Parent' is not checked

2018-01-18 09:05:54 - [TEST_STEP][PASSED] - getText: Text of element 'Object Repository/Sidebar Menu/Operasional/Stock/Stock View/Cari Produk - Parent' is: 'Fifty Shades of Grey'

2018-01-18 09:05:54 - [MESSAGE][PASSED] - Text of element 'Object Repository/Sidebar Menu/Operasional/Stock/Stock View/Cari Produk - Parent' is: 'Fifty Shades of Grey'

2018-01-18 09:05:54 - [TEST_STEP][PASSED] - clearText: Element 'Object Repository/Sidebar Menu/Operasional/Stock/Stock View/Cari Produk - Parent' text is cleared

2018-01-18 09:06:00 - [MESSAGE][PASSED] - Element 'Object Repository/Sidebar Menu/Operasional/Stock/Stock View/Cari Produk - Parent' text is cleared

2018-01-18 09:06:00 - [TEST_STEP][PASSED] - tap: Tapped on element 'Object Repository/Sidebar Menu/Operasional/Stock/Stock View/Semua Kategori - Drop Down'

2018-01-18 09:06:02 - [MESSAGE][PASSED] - Tapped on element 'Object Repository/Sidebar Menu/Operasional/Stock/Stock View/Semua Kategori - Drop Down'

2018-01-18 09:06:02 - [TEST_STEP][PASSED] - tap: Tapped on element 'Object Repository/Sidebar Menu/Operasional/Stock/Stock View/Semua Kategori - Select Kategori'

2018-01-18 09:06:04 - [MESSAGE][PASSED] - Tapped on element 'Object Repository/Sidebar Menu/Operasional/Stock/Stock View/Semua Kategori - Select Kategori'

2018-01-18 09:06:04 - [TEST_STEP][PASSED] - tap: Tapped on element 'Object Repository/Sidebar Menu/Operasional/Stock/Stock View/Terapkan - Select Kategori'

2018-01-18 09:06:05 - [MESSAGE][PASSED] - Tapped on element 'Object Repository/Sidebar Menu/Operasional/Stock/Stock View/Terapkan - Select Kategori'

2018-01-18 09:06:05 - [TEST_STEP][PASSED] - tap: Tapped on element 'Object Repository/Sidebar Menu/Operasional/Stock/Stock View/Cari Produk - Parent'

2018-01-18 09:06:08 - [MESSAGE][PASSED] - Tapped on element 'Object Repository/Sidebar Menu/Operasional/Stock/Stock View/Cari Produk - Parent'

2018-01-18 09:06:08 - [TEST_STEP][PASSED] - setText: Text 'app' has been set to element 'Object Repository/Sidebar Menu/Operasional/Stock/Stock View/Cari Produk - Parent'

2018-01-18 09:06:18 - [MESSAGE][PASSED] - Text 'app' has been set to element 'Object Repository/Sidebar Menu/Operasional/Stock/Stock View/Cari Produk - Parent'

2018-01-18 09:06:18 - [TEST_STEP][PASSED] - verifyElementNotChecked: Element 'Object Repository/Sidebar Menu/Operasional/Stock/Stock View/Cari Produk - Parent' is not checked

2018-01-18 09:06:18 - [MESSAGE][WARNING] - Timeout '0' is invalid. Using default page load timeout: '10'

2018-01-18 09:06:21 - [MESSAGE][PASSED] - Element 'Object Repository/Sidebar Menu/Operasional/Stock/Stock View/Cari Produk - Parent' is not checked

2018-01-18 09:06:21 - [TEST_STEP][PASSED] - getText: Text of element 'Object Repository/Sidebar Menu/Operasional/Stock/Stock View/Cari Produk - Parent' is: 'app'

2018-01-18 09:06:23 - [MESSAGE][PASSED] - Text of element 'Object Repository/Sidebar Menu/Operasional/Stock/Stock View/Cari Produk - Parent' is: 'app'

2018-01-18 09:06:23 - [TEST_STEP][PASSED] - clearText: Element 'Object Repository/Sidebar Menu/Operasional/Stock/Stock View/Cari Produk - Parent' text is cleared

2018-01-18 09:06:26 - [MESSAGE][PASSED] - Element 'Object Repository/Sidebar Menu/Operasional/Stock/Stock View/Cari Produk - Parent' text is cleared

2018-01-18 09:06:26 - [TEST_STEP][PASSED] - setText: Text 'ap' has been set to element 'Object Repository/Sidebar Menu/Operasional/Stock/Stock View/Cari Produk - Parent'

2018-01-18 09:06:38 - [MESSAGE][PASSED] - Text 'ap' has been set to element 'Object Repository/Sidebar Menu/Operasional/Stock/Stock View/Cari Produk - Parent'

2018-01-18 09:06:38 - [TEST_STEP][PASSED] - getText: Text of element 'Object Repository/Sidebar Menu/Operasional/Stock/Stock View/Cari Produk - Parent' is: 'ap'

2018-01-18 09:06:39 - [MESSAGE][PASSED] - Text of element 'Object Repository/Sidebar Menu/Operasional/Stock/Stock View/Cari Produk - Parent' is: 'ap'

2018-01-18 09:06:39 - [TEST_STEP][PASSED] - verifyElementNotChecked: Element 'Object Repository/Sidebar Menu/Operasional/Stock/Stock View/Cari Produk - Parent' is not checked

2018-01-18 09:06:39 - [MESSAGE][WARNING] - Timeout '0' is invalid. Using default page load timeout: '10'

2018-01-18 09:06:40 - [MESSAGE][PASSED] - Element 'Object Repository/Sidebar Menu/Operasional/Stock/Stock View/Cari Produk - Parent' is not checked

2018-01-18 09:06:40 - [TEST_STEP][PASSED] - clearText: Element 'Object Repository/Sidebar Menu/Operasional/Stock/Stock View/Cari Produk - Parent' text is cleared

2018-01-18 09:06:44 - [MESSAGE][PASSED] - Element 'Object Repository/Sidebar Menu/Operasional/Stock/Stock View/Cari Produk - Parent' text is cleared

2018-01-18 09:06:44 - [TEST_STEP][PASSED] - setText: Text 'Rujak' has been set to element 'Object Repository/Sidebar Menu/Operasional/Stock/Stock View/Cari Produk - Parent'

2018-01-18 09:06:53 - [MESSAGE][PASSED] - Text 'Rujak' has been set to element 'Object Repository/Sidebar Menu/Operasional/Stock/Stock View/Cari Produk - Parent'

2018-01-18 09:06:53 - [TEST_STEP][PASSED] - verifyElementNotChecked: Element 'Object Repository/Sidebar Menu/Operasional/Stock/Stock View/Cari Produk - Parent' is not checked

2018-01-18 09:06:53 - [MESSAGE][WARNING] - Timeout '0' is invalid. Using default page load timeout: '10'

2018-01-18 09:06:54 - [MESSAGE][PASSED] - Element 'Object Repository/Sidebar Menu/Operasional/Stock/Stock View/Cari Produk - Parent' is not checked

2018-01-18 09:06:54 - [TEST_STEP][PASSED] - getText: Text of element 'Object Repository/Sidebar Menu/Operasional/Stock/Stock View/Cari Produk - Parent' is: 'Rujak'

2018-01-18 09:06:54 - [MESSAGE][PASSED] - Text of element 'Object Repository/Sidebar Menu/Operasional/Stock/Stock View/Cari Produk - Parent' is: 'Rujak'

2018-01-18 09:06:54 - [TEST_STEP][PASSED] - clearText: Element 'Object Repository/Sidebar Menu/Operasional/Stock/Stock View/Cari Produk - Parent' text is cleared

2018-01-18 09:07:00 - [MESSAGE][PASSED] - Element 'Object Repository/Sidebar Menu/Operasional/Stock/Stock View/Cari Produk - Parent' text is cleared

2018-01-18 09:07:00 - [TEST_STEP][PASSED] - tap: Tapped on element 'Object Repository/Sidebar Menu/Operasional/Stock/Stock View/Semua Kategori - Drop Down'

2018-01-18 09:07:02 - [MESSAGE][PASSED] - Tapped on element 'Object Repository/Sidebar Menu/Operasional/Stock/Stock View/Semua Kategori - Drop Down'

2018-01-18 09:07:02 - [TEST_STEP][PASSED] - swipe: Swiped from 100,543 to 100,259

2018-01-18 09:07:07 - [MESSAGE][PASSED] - Swiped from 100,543 to 100,259

2018-01-18 09:07:09 - [TEST_STEP][PASSED] - swipe: Swiped from 100,543 to 100,259

2018-01-18 09:07:13 - [MESSAGE][PASSED] - Swiped from 100,543 to 100,259

2018-01-18 09:07:15 - [TEST_STEP][PASSED] - swipe: Swiped from 30,230 to 30,515

2018-01-18 09:07:20 - [MESSAGE][PASSED] - Swiped from 30,230 to 30,515

2018-01-18 09:07:22 - [TEST_STEP][PASSED] - swipe: Swiped from 30,230 to 30,515

2018-01-18 09:07:27 - [MESSAGE][PASSED] - Swiped from 30,230 to 30,515

2018-01-18 09:07:29 - [TEST_STEP][FAILED] - tap: Failed to tap on element 'Object Repository/Sidebar Menu/Operasional/Stock/Stock View/Terapkan - Select Kategori' (Root cause: Object Object Repository/Sidebar Menu/Operasional/Stock/Stock View/Terapkan - Select Kategori not found)

2018-01-18 09:07:34 - [MESSAGE][FAILED] - Object Object Repository/Sidebar Menu/Operasional/Stock/Stock View/Terapkan - Select Kategori not found

2018-01-18 09:07:34 - [MESSAGE][FAILED] - Failed to tap on element 'Object Repository/Sidebar Menu/Operasional/Stock/Stock View/Terapkan - Select Kategori' (Root cause: Object Object Repository/Sidebar Menu/Operasional/Stock/Stock View/Terapkan - Select Kategori not found)]]></system-out>
         <system-err><![CDATA[2018-01-18 09:02:45 - [TEST_CASE][FAILED] - Test Cases/26 - TC - All: Test Cases/26 - TC - All FAILED because (of) Failed to tap on element 'Object Repository/Sidebar Menu/Operasional/Stock/Stock View/Terapkan - Select Kategori' (Root cause: Object Object Repository/Sidebar Menu/Operasional/Stock/Stock View/Terapkan - Select Kategori not found)]]></system-err>
      </testcase>
      <testcase name="Test Cases/35 - TC-All" classname="Test Cases/35 - TC-All" status="FAILED">
         <failure type="FAILED" message="Failed to set text into element (Root cause: No application is started yet.)"/>
         <system-out><![CDATA[2018-01-18 09:07:34 - [TEST_CASE][FAILED] - Test Cases/35 - TC-All: Test Cases/35 - TC-All FAILED because (of) Failed to set text into element (Root cause: No application is started yet.)

2018-01-18 09:07:35 - [TEST_STEP][PASSED] - comment: Start Story 35

2018-01-18 09:07:35 - [TEST_STEP][PASSED] - tap: Tapped on element 'Object Repository/Sidebar Menu/Operasional/Stock/Tambah Barang/Tambah Barang Button'

2018-01-18 09:07:35 - [MESSAGE][PASSED] - Tapped on element 'Object Repository/Sidebar Menu/Operasional/Stock/Tambah Barang/Tambah Barang Button'

2018-01-18 09:07:35 - [TEST_STEP][PASSED] - Statement - For (def index : (0..5)): Tapped on element 'Object Repository/Sidebar Menu/Operasional/Stock/Tambah Barang/Minus Tap - Jumlah Stock'

2018-01-18 09:07:35 - [TEST_STEP][PASSED] - tap: Tapped on element 'Object Repository/Sidebar Menu/Operasional/Stock/Tambah Barang/Minus Tap - Jumlah Stock'

2018-01-18 09:07:38 - [MESSAGE][PASSED] - Tapped on element 'Object Repository/Sidebar Menu/Operasional/Stock/Tambah Barang/Minus Tap - Jumlah Stock'

2018-01-18 09:07:38 - [TEST_STEP][PASSED] - tap: Tapped on element 'Object Repository/Sidebar Menu/Operasional/Stock/Tambah Barang/Minus Tap - Jumlah Stock'

2018-01-18 09:07:39 - [MESSAGE][PASSED] - Tapped on element 'Object Repository/Sidebar Menu/Operasional/Stock/Tambah Barang/Minus Tap - Jumlah Stock'

2018-01-18 09:07:39 - [TEST_STEP][PASSED] - tap: Tapped on element 'Object Repository/Sidebar Menu/Operasional/Stock/Tambah Barang/Minus Tap - Jumlah Stock'

2018-01-18 09:07:41 - [MESSAGE][PASSED] - Tapped on element 'Object Repository/Sidebar Menu/Operasional/Stock/Tambah Barang/Minus Tap - Jumlah Stock'

2018-01-18 09:07:41 - [TEST_STEP][PASSED] - tap: Tapped on element 'Object Repository/Sidebar Menu/Operasional/Stock/Tambah Barang/Minus Tap - Jumlah Stock'

2018-01-18 09:07:42 - [MESSAGE][PASSED] - Tapped on element 'Object Repository/Sidebar Menu/Operasional/Stock/Tambah Barang/Minus Tap - Jumlah Stock'

2018-01-18 09:07:42 - [TEST_STEP][PASSED] - tap: Tapped on element 'Object Repository/Sidebar Menu/Operasional/Stock/Tambah Barang/Minus Tap - Jumlah Stock'

2018-01-18 09:07:44 - [MESSAGE][PASSED] - Tapped on element 'Object Repository/Sidebar Menu/Operasional/Stock/Tambah Barang/Minus Tap - Jumlah Stock'

2018-01-18 09:07:44 - [TEST_STEP][PASSED] - tap: Tapped on element 'Object Repository/Sidebar Menu/Operasional/Stock/Tambah Barang/Minus Tap - Jumlah Stock'

2018-01-18 09:07:45 - [MESSAGE][PASSED] - Tapped on element 'Object Repository/Sidebar Menu/Operasional/Stock/Tambah Barang/Minus Tap - Jumlah Stock'

2018-01-18 09:07:45 - [TEST_STEP][PASSED] - Statement - For (def index : (0..10)): Tapped on element 'Object Repository/Sidebar Menu/Operasional/Stock/Tambah Barang/PlusTap - JumlaH Stock'

2018-01-18 09:07:45 - [TEST_STEP][PASSED] - tap: Tapped on element 'Object Repository/Sidebar Menu/Operasional/Stock/Tambah Barang/PlusTap - JumlaH Stock'

2018-01-18 09:07:46 - [MESSAGE][PASSED] - Tapped on element 'Object Repository/Sidebar Menu/Operasional/Stock/Tambah Barang/PlusTap - JumlaH Stock'

2018-01-18 09:07:46 - [TEST_STEP][PASSED] - tap: Tapped on element 'Object Repository/Sidebar Menu/Operasional/Stock/Tambah Barang/PlusTap - JumlaH Stock'

2018-01-18 09:07:48 - [MESSAGE][PASSED] - Tapped on element 'Object Repository/Sidebar Menu/Operasional/Stock/Tambah Barang/PlusTap - JumlaH Stock'

2018-01-18 09:07:48 - [TEST_STEP][PASSED] - tap: Tapped on element 'Object Repository/Sidebar Menu/Operasional/Stock/Tambah Barang/PlusTap - JumlaH Stock'

2018-01-18 09:07:49 - [MESSAGE][PASSED] - Tapped on element 'Object Repository/Sidebar Menu/Operasional/Stock/Tambah Barang/PlusTap - JumlaH Stock'

2018-01-18 09:07:49 - [TEST_STEP][PASSED] - tap: Tapped on element 'Object Repository/Sidebar Menu/Operasional/Stock/Tambah Barang/PlusTap - JumlaH Stock'

2018-01-18 09:07:51 - [MESSAGE][PASSED] - Tapped on element 'Object Repository/Sidebar Menu/Operasional/Stock/Tambah Barang/PlusTap - JumlaH Stock'

2018-01-18 09:07:51 - [TEST_STEP][PASSED] - tap: Tapped on element 'Object Repository/Sidebar Menu/Operasional/Stock/Tambah Barang/PlusTap - JumlaH Stock'

2018-01-18 09:07:52 - [MESSAGE][PASSED] - Tapped on element 'Object Repository/Sidebar Menu/Operasional/Stock/Tambah Barang/PlusTap - JumlaH Stock'

2018-01-18 09:07:52 - [TEST_STEP][PASSED] - tap: Tapped on element 'Object Repository/Sidebar Menu/Operasional/Stock/Tambah Barang/PlusTap - JumlaH Stock'

2018-01-18 09:07:54 - [MESSAGE][PASSED] - Tapped on element 'Object Repository/Sidebar Menu/Operasional/Stock/Tambah Barang/PlusTap - JumlaH Stock'

2018-01-18 09:07:54 - [TEST_STEP][PASSED] - tap: Tapped on element 'Object Repository/Sidebar Menu/Operasional/Stock/Tambah Barang/PlusTap - JumlaH Stock'

2018-01-18 09:07:55 - [MESSAGE][PASSED] - Tapped on element 'Object Repository/Sidebar Menu/Operasional/Stock/Tambah Barang/PlusTap - JumlaH Stock'

2018-01-18 09:07:55 - [TEST_STEP][PASSED] - tap: Tapped on element 'Object Repository/Sidebar Menu/Operasional/Stock/Tambah Barang/PlusTap - JumlaH Stock'

2018-01-18 09:07:57 - [MESSAGE][PASSED] - Tapped on element 'Object Repository/Sidebar Menu/Operasional/Stock/Tambah Barang/PlusTap - JumlaH Stock'

2018-01-18 09:07:57 - [TEST_STEP][PASSED] - tap: Tapped on element 'Object Repository/Sidebar Menu/Operasional/Stock/Tambah Barang/PlusTap - JumlaH Stock'

2018-01-18 09:07:58 - [MESSAGE][PASSED] - Tapped on element 'Object Repository/Sidebar Menu/Operasional/Stock/Tambah Barang/PlusTap - JumlaH Stock'

2018-01-18 09:07:58 - [TEST_STEP][PASSED] - tap: Tapped on element 'Object Repository/Sidebar Menu/Operasional/Stock/Tambah Barang/PlusTap - JumlaH Stock'

2018-01-18 09:08:00 - [MESSAGE][PASSED] - Tapped on element 'Object Repository/Sidebar Menu/Operasional/Stock/Tambah Barang/PlusTap - JumlaH Stock'

2018-01-18 09:08:00 - [TEST_STEP][PASSED] - tap: Tapped on element 'Object Repository/Sidebar Menu/Operasional/Stock/Tambah Barang/PlusTap - JumlaH Stock'

2018-01-18 09:08:01 - [MESSAGE][PASSED] - Tapped on element 'Object Repository/Sidebar Menu/Operasional/Stock/Tambah Barang/PlusTap - JumlaH Stock'

2018-01-18 09:08:01 - [TEST_STEP][NOT_RUN] - delay: NOT_RUN: delay

2018-01-18 09:08:01 - [MESSAGE][NOT_RUN] - NOT_RUN: delay

2018-01-18 09:08:01 - [TEST_STEP][NOT_RUN] - sendKeys: NOT_RUN: sendKeys

2018-01-18 09:08:01 - [MESSAGE][NOT_RUN] - NOT_RUN: sendKeys

2018-01-18 09:08:01 - [TEST_STEP][PASSED] - tap: Tapped on element 'Object Repository/Sidebar Menu/Operasional/Stock/Tambah Barang/Jumlah Stock - by typing'

2018-01-18 09:08:02 - [MESSAGE][PASSED] - Tapped on element 'Object Repository/Sidebar Menu/Operasional/Stock/Tambah Barang/Jumlah Stock - by typing'

2018-01-18 09:08:02 - [TEST_STEP][PASSED] - setText: Text '123' has been set to element 'Object Repository/Sidebar Menu/Operasional/Stock/Tambah Barang/Jumlah Stock - by typing'

2018-01-18 09:08:59 - [MESSAGE][PASSED] - Text '123' has been set to element 'Object Repository/Sidebar Menu/Operasional/Stock/Tambah Barang/Jumlah Stock - by typing'

2018-01-18 09:08:59 - [TEST_STEP][PASSED] - clearText: Element 'Object Repository/Sidebar Menu/Operasional/Stock/Tambah Barang/Jumlah Stock - by typing' text is cleared

2018-01-18 09:09:03 - [MESSAGE][PASSED] - Element 'Object Repository/Sidebar Menu/Operasional/Stock/Tambah Barang/Jumlah Stock - by typing' text is cleared

2018-01-18 09:09:03 - [TEST_STEP][PASSED] - sendKeys: Send keys '1.2' on test object 'Object Repository/Sidebar Menu/Operasional/Stock/Tambah Barang/Jumlah Stock - by typing' successfully.

2018-01-18 09:09:16 - [MESSAGE][PASSED] - Send keys '1.2' on test object 'Object Repository/Sidebar Menu/Operasional/Stock/Tambah Barang/Jumlah Stock - by typing' successfully.

2018-01-18 09:09:16 - [TEST_STEP][PASSED] - hideKeyboard: Keyboard is hidden

2018-01-18 09:09:23 - [MESSAGE][PASSED] - Keyboard is hidden

2018-01-18 09:09:26 - [TEST_STEP][PASSED] - tap: Tapped on element 'Object Repository/Sidebar Menu/Operasional/Stock/Tambah Barang/Nama Barang - Text Box'

2018-01-18 09:09:26 - [MESSAGE][PASSED] - Tapped on element 'Object Repository/Sidebar Menu/Operasional/Stock/Tambah Barang/Nama Barang - Text Box'

2018-01-18 09:09:26 - [TEST_STEP][PASSED] - setText: Text 'Sirup Sarang Tawon' has been set to element 'Object Repository/Sidebar Menu/Operasional/Stock/Tambah Barang/Nama Barang - Text Box'

2018-01-18 09:09:44 - [MESSAGE][PASSED] - Text 'Sirup Sarang Tawon' has been set to element 'Object Repository/Sidebar Menu/Operasional/Stock/Tambah Barang/Nama Barang - Text Box'

2018-01-18 09:09:44 - [TEST_STEP][PASSED] - verifyElementText: Actual text and expected text of test object 'Object Repository/Sidebar Menu/Operasional/Stock/Tambah Barang/Nama Barang - Text Box' are matched.

2018-01-18 09:09:45 - [MESSAGE][PASSED] - Actual text and expected text of test object 'Object Repository/Sidebar Menu/Operasional/Stock/Tambah Barang/Nama Barang - Text Box' are matched.

2018-01-18 09:09:45 - [TEST_STEP][PASSED] - Statement - For (def index : (0..1)): Swiped from 0,422 to 0,122

2018-01-18 09:09:45 - [TEST_STEP][PASSED] - swipe: Swiped from 0,422 to 0,122

2018-01-18 09:09:50 - [MESSAGE][PASSED] - Swiped from 0,422 to 0,122

2018-01-18 09:09:52 - [TEST_STEP][PASSED] - swipe: Swiped from 0,422 to 0,122

2018-01-18 09:09:57 - [MESSAGE][PASSED] - Swiped from 0,422 to 0,122

2018-01-18 09:09:59 - [TEST_STEP][NOT_RUN] - delay: NOT_RUN: delay

2018-01-18 09:09:59 - [MESSAGE][NOT_RUN] - NOT_RUN: delay

2018-01-18 09:09:59 - [TEST_STEP][PASSED] - pressBack: Press back button successfully

2018-01-18 09:10:05 - [MESSAGE][PASSED] - Press back button successfully

2018-01-18 09:10:05 - [TEST_STEP][PASSED] - waitForElementPresent: Element 'Object Repository/Sidebar Menu/Operasional/Stock/Tambah Barang/Pilih Kategori - SelectButton' is present

2018-01-18 09:10:06 - [MESSAGE][PASSED] - Element 'Object Repository/Sidebar Menu/Operasional/Stock/Tambah Barang/Pilih Kategori - SelectButton' is present

2018-01-18 09:10:06 - [TEST_STEP][PASSED] - tap: Tapped on element 'Object Repository/Sidebar Menu/Operasional/Stock/Tambah Barang/Pilih Kategori - SelectButton'

2018-01-18 09:10:06 - [MESSAGE][PASSED] - Tapped on element 'Object Repository/Sidebar Menu/Operasional/Stock/Tambah Barang/Pilih Kategori - SelectButton'

2018-01-18 09:10:06 - [TEST_STEP][PASSED] - tap: Tapped on element 'Object Repository/Sidebar Menu/Operasional/Stock/Tambah Barang/Pilih Kategori - SelectButton'

2018-01-18 09:10:07 - [MESSAGE][PASSED] - Tapped on element 'Object Repository/Sidebar Menu/Operasional/Stock/Tambah Barang/Pilih Kategori - SelectButton'

2018-01-18 09:10:07 - [TEST_STEP][PASSED] - scrollToText: Scrolling to text 'Makanan' successfully

2018-01-18 09:10:15 - [MESSAGE][PASSED] - Scrolling to text 'Makanan' successfully

2018-01-18 09:10:17 - [TEST_STEP][NOT_RUN] - tap: NOT_RUN: tap

2018-01-18 09:10:17 - [MESSAGE][NOT_RUN] - NOT_RUN: tap

2018-01-18 09:10:17 - [TEST_STEP][PASSED] - tap: Tapped on element 'Object Repository/Sidebar Menu/Operasional/Stock/Tambah Barang/android.widget.TextView6 - Makanan'

2018-01-18 09:10:18 - [MESSAGE][WARNING] - Timeout '0' is invalid. Using default page load timeout: '10'

2018-01-18 09:10:18 - [MESSAGE][PASSED] - Tapped on element 'Object Repository/Sidebar Menu/Operasional/Stock/Tambah Barang/android.widget.TextView6 - Makanan'

2018-01-18 09:10:18 - [TEST_STEP][PASSED] - delay: Delayed 10 second(s)

2018-01-18 09:10:28 - [MESSAGE][PASSED] - Delayed 10 second(s)

2018-01-18 09:10:28 - [TEST_STEP][PASSED] - tap: Tapped on element 'Object Repository/Sidebar Menu/Operasional/Stock/Tambah Barang/Harga Jual - TextBox'

2018-01-18 09:10:29 - [MESSAGE][PASSED] - Tapped on element 'Object Repository/Sidebar Menu/Operasional/Stock/Tambah Barang/Harga Jual - TextBox'

2018-01-18 09:10:29 - [TEST_STEP][PASSED] - delay: Delayed 5 second(s)

2018-01-18 09:10:34 - [MESSAGE][PASSED] - Delayed 5 second(s)

2018-01-18 09:10:34 - [TEST_STEP][PASSED] - setText: Text '0' has been set to element 'Object Repository/Sidebar Menu/Operasional/Stock/Tambah Barang/Harga Jual - TextBox'

2018-01-18 09:10:34 - [MESSAGE][WARNING] - Timeout '0' is invalid. Using default page load timeout: '10'

2018-01-18 09:10:47 - [MESSAGE][PASSED] - Text '0' has been set to element 'Object Repository/Sidebar Menu/Operasional/Stock/Tambah Barang/Harga Jual - TextBox'

2018-01-18 09:10:47 - [TEST_STEP][PASSED] - verifyElementText: Actual text and expected text of test object 'Object Repository/Sidebar Menu/Operasional/Stock/Tambah Barang/Harga Jual - TextBox' are matched.

2018-01-18 09:10:48 - [MESSAGE][PASSED] - Actual text and expected text of test object 'Object Repository/Sidebar Menu/Operasional/Stock/Tambah Barang/Harga Jual - TextBox' are matched.

2018-01-18 09:10:48 - [TEST_STEP][PASSED] - hideKeyboard: Keyboard is hidden

2018-01-18 09:10:55 - [MESSAGE][PASSED] - Keyboard is hidden

2018-01-18 09:10:57 - [TEST_STEP][NOT_RUN] - Statement - For (def index : (0..1)): NOT_RUN: Statement - For (def index : (0..1))

2018-01-18 09:10:57 - [MESSAGE][NOT_RUN] - NOT_RUN: Statement - For (def index : (0..1))

2018-01-18 09:10:57 - [TEST_STEP][PASSED] - setText: Text '0' has been set to element 'Object Repository/Sidebar Menu/Operasional/Stock/Tambah Barang/Nominal Diskon- TextBox'

2018-01-18 09:10:57 - [MESSAGE][WARNING] - Timeout '0' is invalid. Using default page load timeout: '10'

2018-01-18 09:11:12 - [MESSAGE][PASSED] - Text '0' has been set to element 'Object Repository/Sidebar Menu/Operasional/Stock/Tambah Barang/Nominal Diskon- TextBox'

2018-01-18 09:11:12 - [TEST_STEP][PASSED] - hideKeyboard: Keyboard is hidden

2018-01-18 09:11:19 - [MESSAGE][PASSED] - Keyboard is hidden

2018-01-18 09:11:21 - [TEST_STEP][PASSED] - setText: Text '0' has been set to element 'Object Repository/Sidebar Menu/Operasional/Stock/Tambah Barang/Persentase Diskon - TextBox'

2018-01-18 09:11:21 - [MESSAGE][WARNING] - Timeout '0' is invalid. Using default page load timeout: '10'

2018-01-18 09:11:35 - [MESSAGE][PASSED] - Text '0' has been set to element 'Object Repository/Sidebar Menu/Operasional/Stock/Tambah Barang/Persentase Diskon - TextBox'

2018-01-18 09:11:35 - [TEST_STEP][PASSED] - hideKeyboard: Keyboard is hidden

2018-01-18 09:11:42 - [MESSAGE][PASSED] - Keyboard is hidden

2018-01-18 09:11:44 - [TEST_STEP][PASSED] - comment: Test HARGA JUAL

2018-01-18 09:11:44 - [TEST_STEP][PASSED] - setText: Text '-2000' has been set to element 'Object Repository/Sidebar Menu/Operasional/Stock/Tambah Barang/Harga Jual - TextBox'

2018-01-18 09:11:44 - [MESSAGE][WARNING] - Timeout '0' is invalid. Using default page load timeout: '10'

2018-01-18 09:11:53 - [MESSAGE][PASSED] - Text '-2000' has been set to element 'Object Repository/Sidebar Menu/Operasional/Stock/Tambah Barang/Harga Jual - TextBox'

2018-01-18 09:11:53 - [TEST_STEP][PASSED] - hideKeyboard: Keyboard is hidden

2018-01-18 09:12:01 - [MESSAGE][PASSED] - Keyboard is hidden

2018-01-18 09:12:03 - [TEST_STEP][PASSED] - delay: Delayed 10 second(s)

2018-01-18 09:12:13 - [MESSAGE][PASSED] - Delayed 10 second(s)

2018-01-18 09:12:13 - [TEST_STEP][PASSED] - clearText: Element 'Object Repository/Sidebar Menu/Operasional/Stock/Tambah Barang/Harga Jual - TextBox' text is cleared

2018-01-18 09:12:17 - [MESSAGE][PASSED] - Element 'Object Repository/Sidebar Menu/Operasional/Stock/Tambah Barang/Harga Jual - TextBox' text is cleared

2018-01-18 09:12:17 - [TEST_STEP][PASSED] - setText: Text '2k' has been set to element 'Object Repository/Sidebar Menu/Operasional/Stock/Tambah Barang/Harga Jual - TextBox'

2018-01-18 09:12:17 - [MESSAGE][WARNING] - Timeout '0' is invalid. Using default page load timeout: '10'

2018-01-18 09:12:32 - [MESSAGE][PASSED] - Text '2k' has been set to element 'Object Repository/Sidebar Menu/Operasional/Stock/Tambah Barang/Harga Jual - TextBox'

2018-01-18 09:12:32 - [TEST_STEP][PASSED] - hideKeyboard: Keyboard is hidden

2018-01-18 09:12:38 - [MESSAGE][PASSED] - Keyboard is hidden

2018-01-18 09:12:40 - [TEST_STEP][PASSED] - clearText: Element 'Object Repository/Sidebar Menu/Operasional/Stock/Tambah Barang/Harga Jual - TextBox' text is cleared

2018-01-18 09:12:44 - [MESSAGE][PASSED] - Element 'Object Repository/Sidebar Menu/Operasional/Stock/Tambah Barang/Harga Jual - TextBox' text is cleared

2018-01-18 09:12:44 - [TEST_STEP][PASSED] - tap: Tapped on element 'Object Repository/Sidebar Menu/Operasional/Stock/Tambah Barang/Harga Jual - TextBox'

2018-01-18 09:12:44 - [MESSAGE][PASSED] - Tapped on element 'Object Repository/Sidebar Menu/Operasional/Stock/Tambah Barang/Harga Jual - TextBox'

2018-01-18 09:12:44 - [TEST_STEP][PASSED] - setText: Text '20000' has been set to element 'Object Repository/Sidebar Menu/Operasional/Stock/Tambah Barang/Harga Jual - TextBox'

2018-01-18 09:12:44 - [MESSAGE][WARNING] - Timeout '0' is invalid. Using default page load timeout: '10'

2018-01-18 09:13:01 - [MESSAGE][PASSED] - Text '20000' has been set to element 'Object Repository/Sidebar Menu/Operasional/Stock/Tambah Barang/Harga Jual - TextBox'

2018-01-18 09:13:01 - [TEST_STEP][PASSED] - verifyElementText: Actual text and expected text of test object 'Object Repository/Sidebar Menu/Operasional/Stock/Tambah Barang/Harga Jual - TextBox' are matched.

2018-01-18 09:13:02 - [MESSAGE][PASSED] - Actual text and expected text of test object 'Object Repository/Sidebar Menu/Operasional/Stock/Tambah Barang/Harga Jual - TextBox' are matched.

2018-01-18 09:13:02 - [TEST_STEP][PASSED] - hideKeyboard: Keyboard is hidden

2018-01-18 09:13:08 - [MESSAGE][PASSED] - Keyboard is hidden

2018-01-18 09:13:10 - [TEST_STEP][PASSED] - comment: Test NOMINAL

2018-01-18 09:13:10 - [TEST_STEP][PASSED] - setText: Text '-2000' has been set to element 'Object Repository/Sidebar Menu/Operasional/Stock/Tambah Barang/Nominal Diskon- TextBox'

2018-01-18 09:13:10 - [MESSAGE][WARNING] - Timeout '0' is invalid. Using default page load timeout: '10'

2018-01-18 09:13:25 - [MESSAGE][PASSED] - Text '-2000' has been set to element 'Object Repository/Sidebar Menu/Operasional/Stock/Tambah Barang/Nominal Diskon- TextBox'

2018-01-18 09:13:25 - [TEST_STEP][PASSED] - hideKeyboard: Keyboard is hidden

2018-01-18 09:13:32 - [MESSAGE][PASSED] - Keyboard is hidden

2018-01-18 09:13:34 - [TEST_STEP][PASSED] - tap: Tapped on element 'Object Repository/Sidebar Menu/Operasional/Stock/Tambah Barang/Nominal Diskon- TextBox'

2018-01-18 09:13:35 - [MESSAGE][PASSED] - Tapped on element 'Object Repository/Sidebar Menu/Operasional/Stock/Tambah Barang/Nominal Diskon- TextBox'

2018-01-18 09:13:35 - [TEST_STEP][PASSED] - clearText: Element 'Object Repository/Sidebar Menu/Operasional/Stock/Tambah Barang/Nominal Diskon- TextBox' text is cleared

2018-01-18 09:13:39 - [MESSAGE][PASSED] - Element 'Object Repository/Sidebar Menu/Operasional/Stock/Tambah Barang/Nominal Diskon- TextBox' text is cleared

2018-01-18 09:13:39 - [TEST_STEP][PASSED] - setText: Text '20000' has been set to element 'Object Repository/Sidebar Menu/Operasional/Stock/Tambah Barang/Nominal Diskon- TextBox'

2018-01-18 09:13:39 - [MESSAGE][WARNING] - Timeout '0' is invalid. Using default page load timeout: '10'

2018-01-18 09:13:55 - [MESSAGE][PASSED] - Text '20000' has been set to element 'Object Repository/Sidebar Menu/Operasional/Stock/Tambah Barang/Nominal Diskon- TextBox'

2018-01-18 09:13:55 - [TEST_STEP][PASSED] - hideKeyboard: Keyboard is hidden

2018-01-18 09:14:02 - [MESSAGE][PASSED] - Keyboard is hidden

2018-01-18 09:14:04 - [TEST_STEP][PASSED] - tap: Tapped on element 'Object Repository/Sidebar Menu/Operasional/Stock/Tambah Barang/Simpan Button'

2018-01-18 09:14:05 - [MESSAGE][PASSED] - Tapped on element 'Object Repository/Sidebar Menu/Operasional/Stock/Tambah Barang/Simpan Button'

2018-01-18 09:14:05 - [TEST_STEP][PASSED] - clearText: Element 'Object Repository/Sidebar Menu/Operasional/Stock/Tambah Barang/Nominal Diskon- TextBox' text is cleared

2018-01-18 09:14:05 - [MESSAGE][WARNING] - Timeout '0' is invalid. Using default page load timeout: '10'

2018-01-18 09:14:09 - [MESSAGE][PASSED] - Element 'Object Repository/Sidebar Menu/Operasional/Stock/Tambah Barang/Nominal Diskon- TextBox' text is cleared

2018-01-18 09:14:09 - [TEST_STEP][PASSED] - setText: Text '30000' has been set to element 'Object Repository/Sidebar Menu/Operasional/Stock/Tambah Barang/Nominal Diskon- TextBox'

2018-01-18 09:14:09 - [MESSAGE][WARNING] - Timeout '0' is invalid. Using default page load timeout: '10'

2018-01-18 09:14:25 - [MESSAGE][PASSED] - Text '30000' has been set to element 'Object Repository/Sidebar Menu/Operasional/Stock/Tambah Barang/Nominal Diskon- TextBox'

2018-01-18 09:14:25 - [TEST_STEP][PASSED] - hideKeyboard: Keyboard is hidden

2018-01-18 09:14:32 - [MESSAGE][PASSED] - Keyboard is hidden

2018-01-18 09:14:34 - [TEST_STEP][PASSED] - tap: Tapped on element 'Object Repository/Sidebar Menu/Operasional/Stock/Tambah Barang/Simpan Button'

2018-01-18 09:14:34 - [MESSAGE][PASSED] - Tapped on element 'Object Repository/Sidebar Menu/Operasional/Stock/Tambah Barang/Simpan Button'

2018-01-18 09:14:34 - [TEST_STEP][PASSED] - clearText: Element 'Object Repository/Sidebar Menu/Operasional/Stock/Tambah Barang/Nominal Diskon- TextBox' text is cleared

2018-01-18 09:14:39 - [MESSAGE][PASSED] - Element 'Object Repository/Sidebar Menu/Operasional/Stock/Tambah Barang/Nominal Diskon- TextBox' text is cleared

2018-01-18 09:14:39 - [TEST_STEP][PASSED] - tap: Tapped on element 'Object Repository/Sidebar Menu/Operasional/Stock/Tambah Barang/Nominal Diskon- TextBox'

2018-01-18 09:14:39 - [MESSAGE][PASSED] - Tapped on element 'Object Repository/Sidebar Menu/Operasional/Stock/Tambah Barang/Nominal Diskon- TextBox'

2018-01-18 09:14:39 - [TEST_STEP][PASSED] - setText: Text '765' has been set to element 'Object Repository/Sidebar Menu/Operasional/Stock/Tambah Barang/Nominal Diskon- TextBox'

2018-01-18 09:14:40 - [MESSAGE][WARNING] - Timeout '0' is invalid. Using default page load timeout: '10'

2018-01-18 09:14:56 - [MESSAGE][PASSED] - Text '765' has been set to element 'Object Repository/Sidebar Menu/Operasional/Stock/Tambah Barang/Nominal Diskon- TextBox'

2018-01-18 09:14:56 - [TEST_STEP][PASSED] - hideKeyboard: Keyboard is hidden

2018-01-18 09:15:02 - [MESSAGE][PASSED] - Keyboard is hidden

2018-01-18 09:15:05 - [TEST_STEP][PASSED] - clearText: Element 'Object Repository/Sidebar Menu/Operasional/Stock/Tambah Barang/Nominal Diskon- TextBox' text is cleared

2018-01-18 09:15:05 - [MESSAGE][WARNING] - Timeout '0' is invalid. Using default page load timeout: '10'

2018-01-18 09:15:13 - [MESSAGE][PASSED] - Element 'Object Repository/Sidebar Menu/Operasional/Stock/Tambah Barang/Nominal Diskon- TextBox' text is cleared

2018-01-18 09:15:13 - [TEST_STEP][PASSED] - sendKeys: Send keys '7654' on test object 'Object Repository/Sidebar Menu/Operasional/Stock/Tambah Barang/Nominal Diskon- TextBox' successfully.

2018-01-18 09:15:18 - [MESSAGE][PASSED] - Send keys '7654' on test object 'Object Repository/Sidebar Menu/Operasional/Stock/Tambah Barang/Nominal Diskon- TextBox' successfully.

2018-01-18 09:15:18 - [TEST_STEP][PASSED] - hideKeyboard: Keyboard is hidden

2018-01-18 09:15:24 - [MESSAGE][PASSED] - Keyboard is hidden

2018-01-18 09:15:27 - [TEST_STEP][PASSED] - clearText: Element 'Object Repository/Sidebar Menu/Operasional/Stock/Tambah Barang/Nominal Diskon- TextBox' text is cleared

2018-01-18 09:15:27 - [MESSAGE][WARNING] - Timeout '0' is invalid. Using default page load timeout: '10'

2018-01-18 09:15:30 - [MESSAGE][PASSED] - Element 'Object Repository/Sidebar Menu/Operasional/Stock/Tambah Barang/Nominal Diskon- TextBox' text is cleared

2018-01-18 09:15:30 - [TEST_STEP][PASSED] - setText: Text '23465' has been set to element 'Object Repository/Sidebar Menu/Operasional/Stock/Tambah Barang/Nominal Diskon- TextBox'

2018-01-18 09:15:30 - [MESSAGE][WARNING] - Timeout '0' is invalid. Using default page load timeout: '10'

2018-01-18 09:15:45 - [MESSAGE][PASSED] - Text '23465' has been set to element 'Object Repository/Sidebar Menu/Operasional/Stock/Tambah Barang/Nominal Diskon- TextBox'

2018-01-18 09:15:45 - [TEST_STEP][PASSED] - hideKeyboard: Keyboard is hidden

2018-01-18 09:15:52 - [MESSAGE][PASSED] - Keyboard is hidden

2018-01-18 09:15:54 - [TEST_STEP][PASSED] - clearText: Element 'Object Repository/Sidebar Menu/Operasional/Stock/Tambah Barang/Nominal Diskon- TextBox' text is cleared

2018-01-18 09:15:54 - [MESSAGE][WARNING] - Timeout '0' is invalid. Using default page load timeout: '10'

2018-01-18 09:15:57 - [MESSAGE][PASSED] - Element 'Object Repository/Sidebar Menu/Operasional/Stock/Tambah Barang/Nominal Diskon- TextBox' text is cleared

2018-01-18 09:15:57 - [TEST_STEP][PASSED] - setText: Text '19999' has been set to element 'Object Repository/Sidebar Menu/Operasional/Stock/Tambah Barang/Nominal Diskon- TextBox'

2018-01-18 09:15:57 - [MESSAGE][WARNING] - Timeout '0' is invalid. Using default page load timeout: '10'

2018-01-18 09:16:13 - [MESSAGE][PASSED] - Text '19999' has been set to element 'Object Repository/Sidebar Menu/Operasional/Stock/Tambah Barang/Nominal Diskon- TextBox'

2018-01-18 09:16:13 - [TEST_STEP][PASSED] - hideKeyboard: Keyboard is hidden

2018-01-18 09:16:19 - [MESSAGE][PASSED] - Keyboard is hidden

2018-01-18 09:16:22 - [TEST_STEP][PASSED] - tap: Tapped on element 'Object Repository/Sidebar Menu/Operasional/Stock/Tambah Barang/Simpan Button'

2018-01-18 09:16:22 - [MESSAGE][PASSED] - Tapped on element 'Object Repository/Sidebar Menu/Operasional/Stock/Tambah Barang/Simpan Button'

2018-01-18 09:16:22 - [TEST_STEP][PASSED] - clearText: Element 'Object Repository/Sidebar Menu/Operasional/Stock/Tambah Barang/Nominal Diskon- TextBox' text is cleared

2018-01-18 09:16:27 - [MESSAGE][PASSED] - Element 'Object Repository/Sidebar Menu/Operasional/Stock/Tambah Barang/Nominal Diskon- TextBox' text is cleared

2018-01-18 09:16:27 - [TEST_STEP][PASSED] - comment: Test PERSENTASE

2018-01-18 09:16:27 - [TEST_STEP][PASSED] - setText: Text '20' has been set to element 'Object Repository/Sidebar Menu/Operasional/Stock/Tambah Barang/Persentase Diskon - TextBox'

2018-01-18 09:16:27 - [MESSAGE][WARNING] - Timeout '0' is invalid. Using default page load timeout: '10'

2018-01-18 09:16:41 - [MESSAGE][PASSED] - Text '20' has been set to element 'Object Repository/Sidebar Menu/Operasional/Stock/Tambah Barang/Persentase Diskon - TextBox'

2018-01-18 09:16:41 - [TEST_STEP][PASSED] - hideKeyboard: Keyboard is hidden

2018-01-18 09:16:48 - [MESSAGE][PASSED] - Keyboard is hidden

2018-01-18 09:16:50 - [TEST_STEP][PASSED] - clearText: Element 'Object Repository/Sidebar Menu/Operasional/Stock/Tambah Barang/Persentase Diskon - TextBox' text is cleared

2018-01-18 09:16:51 - [MESSAGE][WARNING] - Timeout '0' is invalid. Using default page load timeout: '10'

2018-01-18 09:16:54 - [MESSAGE][PASSED] - Element 'Object Repository/Sidebar Menu/Operasional/Stock/Tambah Barang/Persentase Diskon - TextBox' text is cleared

2018-01-18 09:16:54 - [TEST_STEP][PASSED] - setText: Text '-2' has been set to element 'Object Repository/Sidebar Menu/Operasional/Stock/Tambah Barang/Persentase Diskon - TextBox'

2018-01-18 09:16:54 - [MESSAGE][WARNING] - Timeout '0' is invalid. Using default page load timeout: '10'

2018-01-18 09:17:09 - [MESSAGE][PASSED] - Text '-2' has been set to element 'Object Repository/Sidebar Menu/Operasional/Stock/Tambah Barang/Persentase Diskon - TextBox'

2018-01-18 09:17:09 - [TEST_STEP][PASSED] - hideKeyboard: Keyboard is hidden

2018-01-18 09:17:15 - [MESSAGE][PASSED] - Keyboard is hidden

2018-01-18 09:17:18 - [TEST_STEP][PASSED] - clearText: Element 'Object Repository/Sidebar Menu/Operasional/Stock/Tambah Barang/Persentase Diskon - TextBox' text is cleared

2018-01-18 09:17:18 - [MESSAGE][WARNING] - Timeout '0' is invalid. Using default page load timeout: '10'

2018-01-18 09:17:21 - [MESSAGE][PASSED] - Element 'Object Repository/Sidebar Menu/Operasional/Stock/Tambah Barang/Persentase Diskon - TextBox' text is cleared

2018-01-18 09:17:21 - [TEST_STEP][PASSED] - setText: Text '3452' has been set to element 'Object Repository/Sidebar Menu/Operasional/Stock/Tambah Barang/Persentase Diskon - TextBox'

2018-01-18 09:17:21 - [MESSAGE][WARNING] - Timeout '0' is invalid. Using default page load timeout: '10'

2018-01-18 09:17:36 - [MESSAGE][PASSED] - Text '3452' has been set to element 'Object Repository/Sidebar Menu/Operasional/Stock/Tambah Barang/Persentase Diskon - TextBox'

2018-01-18 09:17:36 - [TEST_STEP][PASSED] - hideKeyboard: Keyboard is hidden

2018-01-18 09:17:43 - [MESSAGE][PASSED] - Keyboard is hidden

2018-01-18 09:17:45 - [TEST_STEP][PASSED] - setText: Text '23654' has been set to element 'Object Repository/Sidebar Menu/Operasional/Stock/Tambah Barang/Persentase Diskon - TextBox'

2018-01-18 09:17:45 - [MESSAGE][WARNING] - Timeout '0' is invalid. Using default page load timeout: '10'

2018-01-18 09:17:54 - [MESSAGE][PASSED] - Text '23654' has been set to element 'Object Repository/Sidebar Menu/Operasional/Stock/Tambah Barang/Persentase Diskon - TextBox'

2018-01-18 09:17:54 - [TEST_STEP][PASSED] - hideKeyboard: Keyboard is hidden

2018-01-18 09:18:01 - [MESSAGE][PASSED] - Keyboard is hidden

2018-01-18 09:18:04 - [TEST_STEP][PASSED] - clearText: Element 'Object Repository/Sidebar Menu/Operasional/Stock/Tambah Barang/Persentase Diskon - TextBox' text is cleared

2018-01-18 09:18:04 - [MESSAGE][WARNING] - Timeout '0' is invalid. Using default page load timeout: '10'

2018-01-18 09:18:08 - [MESSAGE][PASSED] - Element 'Object Repository/Sidebar Menu/Operasional/Stock/Tambah Barang/Persentase Diskon - TextBox' text is cleared

2018-01-18 09:18:08 - [TEST_STEP][PASSED] - setText: Text '876342' has been set to element 'Object Repository/Sidebar Menu/Operasional/Stock/Tambah Barang/Persentase Diskon - TextBox'

2018-01-18 09:18:08 - [MESSAGE][WARNING] - Timeout '0' is invalid. Using default page load timeout: '10'

2018-01-18 09:18:24 - [MESSAGE][PASSED] - Text '876342' has been set to element 'Object Repository/Sidebar Menu/Operasional/Stock/Tambah Barang/Persentase Diskon - TextBox'

2018-01-18 09:18:24 - [TEST_STEP][PASSED] - hideKeyboard: Keyboard is hidden

2018-01-18 09:18:31 - [MESSAGE][PASSED] - Keyboard is hidden

2018-01-18 09:18:33 - [TEST_STEP][PASSED] - clearText: Element 'Object Repository/Sidebar Menu/Operasional/Stock/Tambah Barang/Persentase Diskon - TextBox' text is cleared

2018-01-18 09:18:33 - [MESSAGE][WARNING] - Timeout '0' is invalid. Using default page load timeout: '10'

2018-01-18 09:18:37 - [MESSAGE][PASSED] - Element 'Object Repository/Sidebar Menu/Operasional/Stock/Tambah Barang/Persentase Diskon - TextBox' text is cleared

2018-01-18 09:18:37 - [TEST_STEP][PASSED] - setText: Text '876342' has been set to element 'Object Repository/Sidebar Menu/Operasional/Stock/Tambah Barang/Persentase Diskon - TextBox'

2018-01-18 09:18:37 - [MESSAGE][WARNING] - Timeout '0' is invalid. Using default page load timeout: '10'

2018-01-18 09:18:52 - [MESSAGE][PASSED] - Text '876342' has been set to element 'Object Repository/Sidebar Menu/Operasional/Stock/Tambah Barang/Persentase Diskon - TextBox'

2018-01-18 09:18:52 - [TEST_STEP][PASSED] - hideKeyboard: Keyboard is hidden

2018-01-18 09:18:59 - [MESSAGE][PASSED] - Keyboard is hidden

2018-01-18 09:19:02 - [TEST_STEP][PASSED] - closeApplication: Close app successfully

2018-01-18 09:19:15 - [MESSAGE][PASSED] - Close app successfully

2018-01-18 09:19:15 - [TEST_STEP][FAILED] - setText: Failed to set text into element (Root cause: No application is started yet.)

2018-01-18 09:19:15 - [MESSAGE][WARNING] - Timeout '0' is invalid. Using default page load timeout: '10'

2018-01-18 09:19:15 - [MESSAGE][FAILED] - Failed to set text into element (Root cause: No application is started yet.)]]></system-out>
         <system-err><![CDATA[2018-01-18 09:07:34 - [TEST_CASE][FAILED] - Test Cases/35 - TC-All: Test Cases/35 - TC-All FAILED because (of) Failed to set text into element (Root cause: No application is started yet.)]]></system-err>
      </testcase>
      <system-out><![CDATA[2018-01-18 09:02:44 - [TEST_SUITE][FAILED] - Sprint 2: Test Cases/26 - TC - All FAILED because (of) Failed to tap on element 'Object Repository/Sidebar Menu/Operasional/Stock/Stock View/Terapkan - Select Kategori' (Root cause: Object Object Repository/Sidebar Menu/Operasional/Stock/Stock View/Terapkan - Select Kategori not found)]]></system-out>
      <system-err><![CDATA[2018-01-18 09:02:44 - [TEST_SUITE][FAILED] - Sprint 2: Test Cases/26 - TC - All FAILED because (of) Failed to tap on element 'Object Repository/Sidebar Menu/Operasional/Stock/Stock View/Terapkan - Select Kategori' (Root cause: Object Object Repository/Sidebar Menu/Operasional/Stock/Stock View/Terapkan - Select Kategori not found)]]></system-err>
   </testsuite>
</testsuites>
