<?xml version="1.0" encoding="UTF-8"?>
<testsuites name="BTPNAP-26 Kelola Stok" time="273" tests="11" failures="0" errors="0">
   <testsuite name="BTPNAP-26 Kelola Stok" tests="11" failures="0" errors="0" time="273" timestamp="2017-12-04 14:09:59" hostname="AV2017005903 - NB17Q7U8IT.corp.bankbtpn.co.id" id="Test Suites/BTPNAP-26 Kelola Stok">
      <properties>
         <property name="deviceName" value="samsung SM-J120G 5.1.1"/>
         <property name="devicePlatform" value=""/>
         <property name="logFolder" value="C:\\Users\\AV2017005903\\Documents\\Appolo Test\\Reports\\BTPNAP-26 Kelola Stok\\20171204_140957"/>
         <property name="logFiles" value="C:\\Users\\AV2017005903\\Documents\\Appolo Test\\Reports\\BTPNAP-26 Kelola Stok\\20171204_140957\\appium.log, C:\\Users\\AV2017005903\\Documents\\Appolo Test\\Reports\\BTPNAP-26 Kelola Stok\\20171204_140957\\execution0.log"/>
         <property name="attachments" value=""/>
         <property name="hostName" value="AV2017005903 - NB17Q7U8IT.corp.bankbtpn.co.id"/>
         <property name="os" value="Windows 10 64bit"/>
         <property name="katalonVersion" value="5.0.0.1"/>
         <property name="deviceOS" value="Android"/>
         <property name="appiumVersion" value="1.6.3"/>
         <property name="deviceModel" value="SM-J120G"/>
         <property name="hostAddress" value="192.168.8.103"/>
         <property name="deviceManufacturer" value="samsung"/>
         <property name="deviceId" value="32013479b25184c3"/>
         <property name="deviceName" value="samsung SM-J120G 5.1.1"/>
         <property name="deviceOSVersion" value="5.1.1"/>
      </properties>
      <testcase name="Test Cases/TC-1" classname="Test Cases/TC-1" status="PASSED">
         <system-out><![CDATA[2017-12-04 14:10:00 - [TEST_CASE][PASSED] - Test Cases/TC-1: Test Cases/TC-1

2017-12-04 14:10:00 - [TEST_STEP][PASSED] - startApplication: Started app at: 'D:\Project Apollo\Appolo Test\app-development-debug (1).apk'

2017-12-04 14:10:57 - [MESSAGE][PASSED] - Started app at: 'D:\Project Apollo\Appolo Test\app-development-debug (1).apk'

2017-12-04 14:10:57 - [TEST_STEP][PASSED] - tap: Tapped on element 'Object Repository/Transaksi/Transaksi - Tab'

2017-12-04 14:11:01 - [MESSAGE][PASSED] - Tapped on element 'Object Repository/Transaksi/Transaksi - Tab'

2017-12-04 14:11:01 - [TEST_STEP][PASSED] - tap: Tapped on element 'Object Repository/Transaksi/Stock/Stock - Tab'

2017-12-04 14:11:02 - [MESSAGE][PASSED] - Tapped on element 'Object Repository/Transaksi/Stock/Stock - Tab']]></system-out>
         <system-err><![CDATA[]]></system-err>
      </testcase>
      <testcase name="Test Cases/TC-2" classname="Test Cases/TC-2" status="PASSED">
         <system-out><![CDATA[2017-12-04 14:11:02 - [TEST_CASE][PASSED] - Test Cases/TC-2: Test Cases/TC-2

2017-12-04 14:11:03 - [TEST_STEP][PASSED] - tap: Tapped on element 'Object Repository/Transaksi/Stock/Kategori - Tab'

2017-12-04 14:11:04 - [MESSAGE][PASSED] - Tapped on element 'Object Repository/Transaksi/Stock/Kategori - Tab'

2017-12-04 14:11:04 - [TEST_STEP][PASSED] - delay: Delayed 3 second(s)

2017-12-04 14:11:07 - [MESSAGE][PASSED] - Delayed 3 second(s)

2017-12-04 14:11:07 - [TEST_STEP][PASSED] - tap: Tapped on element 'Object Repository/Transaksi/Stock/Handphone Tablet - Kategori Tab'

2017-12-04 14:11:07 - [MESSAGE][PASSED] - Tapped on element 'Object Repository/Transaksi/Stock/Handphone Tablet - Kategori Tab'

2017-12-04 14:11:07 - [TEST_STEP][PASSED] - tap: Tapped on element 'Object Repository/Transaksi/Stock/Terapkan - Kategori Btn'

2017-12-04 14:11:08 - [MESSAGE][PASSED] - Tapped on element 'Object Repository/Transaksi/Stock/Terapkan - Kategori Btn'

2017-12-04 14:11:08 - [TEST_STEP][PASSED] - delay: Delayed 5 second(s)

2017-12-04 14:11:13 - [MESSAGE][PASSED] - Delayed 5 second(s)

2017-12-04 14:11:13 - [TEST_STEP][PASSED] - tap: Tapped on element 'Object Repository/Transaksi/Stock/Kategori - Tab'

2017-12-04 14:11:14 - [MESSAGE][PASSED] - Tapped on element 'Object Repository/Transaksi/Stock/Kategori - Tab'

2017-12-04 14:11:14 - [TEST_STEP][PASSED] - scrollToText: Scrolling to text 'Otomotif' successfully

2017-12-04 14:11:27 - [MESSAGE][PASSED] - Scrolling to text 'Otomotif' successfully

2017-12-04 14:11:29 - [TEST_STEP][PASSED] - tap: Tapped on element 'Object Repository/Transaksi/Stock/Otomotif - Kategori Btn'

2017-12-04 14:11:29 - [MESSAGE][PASSED] - Tapped on element 'Object Repository/Transaksi/Stock/Otomotif - Kategori Btn'

2017-12-04 14:11:29 - [TEST_STEP][PASSED] - delay: Delayed 5 second(s)

2017-12-04 14:11:34 - [MESSAGE][PASSED] - Delayed 5 second(s)

2017-12-04 14:11:34 - [TEST_STEP][PASSED] - verifyElementAttributeValue: Object 'Object Repository/Transaksi/Stock/Otomotif - Kategori Btn' has attribute 'text' with value 'Otomotif'

2017-12-04 14:11:34 - [MESSAGE][PASSED] - Object 'Object Repository/Transaksi/Stock/Otomotif - Kategori Btn' has attribute 'text' with value 'Otomotif'

2017-12-04 14:11:34 - [TEST_STEP][PASSED] - tap: Tapped on element 'Object Repository/Transaksi/Stock/Terapkan - Kategori Btn'

2017-12-04 14:11:34 - [MESSAGE][PASSED] - Tapped on element 'Object Repository/Transaksi/Stock/Terapkan - Kategori Btn']]></system-out>
         <system-err><![CDATA[]]></system-err>
      </testcase>
      <testcase name="Test Cases/TC-3" classname="Test Cases/TC-3" status="PASSED">
         <system-out><![CDATA[2017-12-04 14:11:35 - [TEST_CASE][PASSED] - Test Cases/TC-3: Test Cases/TC-3

2017-12-04 14:11:35 - [TEST_STEP][PASSED] - tap: Tapped on element 'Object Repository/Transaksi/Stock/Kategori - Tab'

2017-12-04 14:11:36 - [MESSAGE][PASSED] - Tapped on element 'Object Repository/Transaksi/Stock/Kategori - Tab'

2017-12-04 14:11:36 - [TEST_STEP][PASSED] - tap: Tapped on element 'Object Repository/Transaksi/Stock/SemuaKategori - KategoriBtn'

2017-12-04 14:11:37 - [MESSAGE][PASSED] - Tapped on element 'Object Repository/Transaksi/Stock/SemuaKategori - KategoriBtn'

2017-12-04 14:11:37 - [TEST_STEP][PASSED] - tap: Tapped on element 'Object Repository/Transaksi/Stock/Terapkan - Kategori Btn'

2017-12-04 14:11:38 - [MESSAGE][PASSED] - Tapped on element 'Object Repository/Transaksi/Stock/Terapkan - Kategori Btn'

2017-12-04 14:11:38 - [TEST_STEP][PASSED] - delay: Delayed 0 second(s)

2017-12-04 14:11:38 - [MESSAGE][PASSED] - Delayed 0 second(s)

2017-12-04 14:11:38 - [TEST_STEP][PASSED] - tap: Tapped on element 'Object Repository/Transaksi/Stock/CariProduk - View'

2017-12-04 14:11:40 - [MESSAGE][PASSED] - Tapped on element 'Object Repository/Transaksi/Stock/CariProduk - View'

2017-12-04 14:11:40 - [TEST_STEP][PASSED] - setText: Text 'Jambu' has been set to element 'Object Repository/Transaksi/Stock/CariProduk - View'

2017-12-04 14:11:52 - [MESSAGE][PASSED] - Text 'Jambu' has been set to element 'Object Repository/Transaksi/Stock/CariProduk - View'

2017-12-04 14:11:52 - [TEST_STEP][PASSED] - getText: Text of element 'Object Repository/Transaksi/Stock/CariProduk - View' is: 'Jambu'

2017-12-04 14:11:53 - [MESSAGE][PASSED] - Text of element 'Object Repository/Transaksi/Stock/CariProduk - View' is: 'Jambu'

2017-12-04 14:11:53 - [TEST_STEP][PASSED] - verifyElementText: Actual text and expected text of test object 'Object Repository/Transaksi/Stock/CariProduk - View' are matched.

2017-12-04 14:11:53 - [MESSAGE][PASSED] - Actual text and expected text of test object 'Object Repository/Transaksi/Stock/CariProduk - View' are matched.]]></system-out>
         <system-err><![CDATA[]]></system-err>
      </testcase>
      <testcase name="Test Cases/TC-4" classname="Test Cases/TC-4" status="PASSED">
         <system-out><![CDATA[2017-12-04 14:11:53 - [TEST_CASE][PASSED] - Test Cases/TC-4: Test Cases/TC-4

2017-12-04 14:11:53 - [TEST_STEP][PASSED] - clearText: Element 'Object Repository/Transaksi/Stock/CariProduk - View' text is cleared

2017-12-04 14:11:57 - [MESSAGE][PASSED] - Element 'Object Repository/Transaksi/Stock/CariProduk - View' text is cleared

2017-12-04 14:11:57 - [TEST_STEP][PASSED] - tap: Tapped on element 'Object Repository/Transaksi/Stock/Kategori - Tab'

2017-12-04 14:11:58 - [MESSAGE][PASSED] - Tapped on element 'Object Repository/Transaksi/Stock/Kategori - Tab'

2017-12-04 14:11:58 - [TEST_STEP][PASSED] - tap: Tapped on element 'Object Repository/Transaksi/Stock/Handphone Tablet - Kategori Tab'

2017-12-04 14:12:00 - [MESSAGE][PASSED] - Tapped on element 'Object Repository/Transaksi/Stock/Handphone Tablet - Kategori Tab'

2017-12-04 14:12:00 - [TEST_STEP][PASSED] - tap: Tapped on element 'Object Repository/Transaksi/Stock/Terapkan - Kategori Btn'

2017-12-04 14:12:00 - [MESSAGE][PASSED] - Tapped on element 'Object Repository/Transaksi/Stock/Terapkan - Kategori Btn'

2017-12-04 14:12:00 - [TEST_STEP][PASSED] - delay: Delayed 5 second(s)

2017-12-04 14:12:05 - [MESSAGE][PASSED] - Delayed 5 second(s)

2017-12-04 14:12:05 - [TEST_STEP][PASSED] - tap: Tapped on element 'Object Repository/Transaksi/Stock/CariProduk - View'

2017-12-04 14:12:06 - [MESSAGE][PASSED] - Tapped on element 'Object Repository/Transaksi/Stock/CariProduk - View'

2017-12-04 14:12:06 - [TEST_STEP][PASSED] - setText: Text 'iPhone 5' has been set to element 'Object Repository/Transaksi/Stock/CariProduk - View'

2017-12-04 14:12:19 - [MESSAGE][PASSED] - Text 'iPhone 5' has been set to element 'Object Repository/Transaksi/Stock/CariProduk - View'

2017-12-04 14:12:19 - [TEST_STEP][PASSED] - getText: Text of element 'Object Repository/Transaksi/Stock/CariProduk - View' is: 'iPhone 5'

2017-12-04 14:12:19 - [MESSAGE][PASSED] - Text of element 'Object Repository/Transaksi/Stock/CariProduk - View' is: 'iPhone 5'

2017-12-04 14:12:19 - [TEST_STEP][PASSED] - verifyElementText: Actual text and expected text of test object 'Object Repository/Transaksi/Stock/CariProduk - View' are matched.

2017-12-04 14:12:20 - [MESSAGE][PASSED] - Actual text and expected text of test object 'Object Repository/Transaksi/Stock/CariProduk - View' are matched.]]></system-out>
         <system-err><![CDATA[]]></system-err>
      </testcase>
      <testcase name="Test Cases/TC-5" classname="Test Cases/TC-5" status="PASSED">
         <system-out><![CDATA[2017-12-04 14:12:20 - [TEST_CASE][PASSED] - Test Cases/TC-5: Test Cases/TC-5

2017-12-04 14:12:20 - [TEST_STEP][PASSED] - clearText: Element 'Object Repository/Transaksi/Stock/CariProduk - View' text is cleared

2017-12-04 14:12:24 - [MESSAGE][PASSED] - Element 'Object Repository/Transaksi/Stock/CariProduk - View' text is cleared

2017-12-04 14:12:24 - [TEST_STEP][PASSED] - tap: Tapped on element 'Object Repository/Transaksi/Stock/Kategori - Tab'

2017-12-04 14:12:25 - [MESSAGE][PASSED] - Tapped on element 'Object Repository/Transaksi/Stock/Kategori - Tab'

2017-12-04 14:12:25 - [TEST_STEP][PASSED] - tap: Tapped on element 'Object Repository/Transaksi/Stock/SemuaKategori - KategoriBtn'

2017-12-04 14:12:26 - [MESSAGE][PASSED] - Tapped on element 'Object Repository/Transaksi/Stock/SemuaKategori - KategoriBtn'

2017-12-04 14:12:26 - [TEST_STEP][PASSED] - tap: Tapped on element 'Object Repository/Transaksi/Stock/Terapkan - Kategori Btn'

2017-12-04 14:12:27 - [MESSAGE][PASSED] - Tapped on element 'Object Repository/Transaksi/Stock/Terapkan - Kategori Btn'

2017-12-04 14:12:27 - [TEST_STEP][PASSED] - delay: Delayed 5 second(s)

2017-12-04 14:12:32 - [MESSAGE][PASSED] - Delayed 5 second(s)

2017-12-04 14:12:32 - [TEST_STEP][PASSED] - tap: Tapped on element 'Object Repository/Transaksi/Stock/CariProduk - View'

2017-12-04 14:12:33 - [MESSAGE][PASSED] - Tapped on element 'Object Repository/Transaksi/Stock/CariProduk - View'

2017-12-04 14:12:33 - [TEST_STEP][PASSED] - setText: Text 'app' has been set to element 'Object Repository/Transaksi/Stock/CariProduk - View'

2017-12-04 14:12:45 - [MESSAGE][PASSED] - Text 'app' has been set to element 'Object Repository/Transaksi/Stock/CariProduk - View'

2017-12-04 14:12:45 - [TEST_STEP][PASSED] - getText: Text of element 'Object Repository/Transaksi/Stock/CariProduk - View' is: 'app'

2017-12-04 14:12:46 - [MESSAGE][PASSED] - Text of element 'Object Repository/Transaksi/Stock/CariProduk - View' is: 'app'

2017-12-04 14:12:46 - [TEST_STEP][PASSED] - verifyElementText: Actual text and expected text of test object 'Object Repository/Transaksi/Stock/CariProduk - View' are matched.

2017-12-04 14:12:46 - [MESSAGE][PASSED] - Actual text and expected text of test object 'Object Repository/Transaksi/Stock/CariProduk - View' are matched.]]></system-out>
         <system-err><![CDATA[]]></system-err>
      </testcase>
      <testcase name="Test Cases/TC-6" classname="Test Cases/TC-6" status="PASSED">
         <system-out><![CDATA[2017-12-04 14:12:46 - [TEST_CASE][PASSED] - Test Cases/TC-6: Test Cases/TC-6

2017-12-04 14:12:46 - [TEST_STEP][PASSED] - clearText: Element 'Object Repository/Transaksi/Stock/CariProduk - View' text is cleared

2017-12-04 14:12:50 - [MESSAGE][PASSED] - Element 'Object Repository/Transaksi/Stock/CariProduk - View' text is cleared

2017-12-04 14:12:50 - [TEST_STEP][PASSED] - setText: Text 'ap' has been set to element 'Object Repository/Transaksi/Stock/CariProduk - View'

2017-12-04 14:13:00 - [MESSAGE][PASSED] - Text 'ap' has been set to element 'Object Repository/Transaksi/Stock/CariProduk - View'

2017-12-04 14:13:00 - [TEST_STEP][PASSED] - getText: Text of element 'Object Repository/Transaksi/Stock/CariProduk - View' is: 'ap'

2017-12-04 14:13:00 - [MESSAGE][PASSED] - Text of element 'Object Repository/Transaksi/Stock/CariProduk - View' is: 'ap'

2017-12-04 14:13:00 - [TEST_STEP][PASSED] - verifyElementText: Actual text and expected text of test object 'Object Repository/Transaksi/Stock/CariProduk - View' are matched.

2017-12-04 14:13:01 - [MESSAGE][PASSED] - Actual text and expected text of test object 'Object Repository/Transaksi/Stock/CariProduk - View' are matched.]]></system-out>
         <system-err><![CDATA[]]></system-err>
      </testcase>
      <testcase name="Test Cases/TC-7" classname="Test Cases/TC-7" status="PASSED">
         <system-out><![CDATA[2017-12-04 14:13:01 - [TEST_CASE][PASSED] - Test Cases/TC-7: Test Cases/TC-7

2017-12-04 14:13:01 - [TEST_STEP][PASSED] - clearText: Element 'Object Repository/Transaksi/Stock/CariProduk - View' text is cleared

2017-12-04 14:13:08 - [MESSAGE][PASSED] - Element 'Object Repository/Transaksi/Stock/CariProduk - View' text is cleared

2017-12-04 14:13:08 - [TEST_STEP][PASSED] - setText: Text 'Rujak' has been set to element 'Object Repository/Transaksi/Stock/CariProduk - View'

2017-12-04 14:13:17 - [MESSAGE][PASSED] - Text 'Rujak' has been set to element 'Object Repository/Transaksi/Stock/CariProduk - View'

2017-12-04 14:13:17 - [TEST_STEP][PASSED] - getText: Text of element 'Object Repository/Transaksi/Stock/CariProduk - View' is: 'Rujak'

2017-12-04 14:13:18 - [MESSAGE][PASSED] - Text of element 'Object Repository/Transaksi/Stock/CariProduk - View' is: 'Rujak'

2017-12-04 14:13:18 - [TEST_STEP][PASSED] - verifyElementNotChecked: Element 'Object Repository/Transaksi/Stock/CariProduk - View' is not checked

2017-12-04 14:13:18 - [MESSAGE][WARNING] - Timeout '0' is invalid. Using default page load timeout: '30'

2017-12-04 14:13:18 - [MESSAGE][PASSED] - Element 'Object Repository/Transaksi/Stock/CariProduk - View' is not checked]]></system-out>
         <system-err><![CDATA[]]></system-err>
      </testcase>
      <testcase name="Test Cases/TC-8" classname="Test Cases/TC-8" status="PASSED">
         <system-out><![CDATA[2017-12-04 14:13:18 - [TEST_CASE][PASSED] - Test Cases/TC-8: Test Cases/TC-8

2017-12-04 14:13:18 - [TEST_STEP][PASSED] - clearText: Element 'Object Repository/Transaksi/Stock/CariProduk - View' text is cleared

2017-12-04 14:13:22 - [MESSAGE][PASSED] - Element 'Object Repository/Transaksi/Stock/CariProduk - View' text is cleared

2017-12-04 14:13:22 - [TEST_STEP][PASSED] - tap: Tapped on element 'Object Repository/Transaksi/Stock/Kategori - Tab'

2017-12-04 14:13:23 - [MESSAGE][PASSED] - Tapped on element 'Object Repository/Transaksi/Stock/Kategori - Tab'

2017-12-04 14:13:23 - [TEST_STEP][PASSED] - delay: Delayed 0 second(s)

2017-12-04 14:13:23 - [MESSAGE][PASSED] - Delayed 0 second(s)

2017-12-04 14:13:23 - [TEST_STEP][PASSED] - swipe: Swiped from 100,543 to 100,259

2017-12-04 14:13:28 - [MESSAGE][PASSED] - Swiped from 100,543 to 100,259

2017-12-04 14:13:30 - [TEST_STEP][PASSED] - swipe: Swiped from 100,543 to 100,259

2017-12-04 14:13:34 - [MESSAGE][PASSED] - Swiped from 100,543 to 100,259

2017-12-04 14:13:36 - [TEST_STEP][PASSED] - delay: Delayed 0 second(s)

2017-12-04 14:13:36 - [MESSAGE][PASSED] - Delayed 0 second(s)

2017-12-04 14:13:36 - [TEST_STEP][PASSED] - swipe: Swiped from 30,230 to 30,515

2017-12-04 14:13:41 - [MESSAGE][PASSED] - Swiped from 30,230 to 30,515

2017-12-04 14:13:43 - [TEST_STEP][PASSED] - swipe: Swiped from 30,230 to 30,515

2017-12-04 14:13:47 - [MESSAGE][PASSED] - Swiped from 30,230 to 30,515]]></system-out>
         <system-err><![CDATA[]]></system-err>
      </testcase>
      <testcase name="Test Cases/TC-9" classname="Test Cases/TC-9" status="PASSED">
         <system-out><![CDATA[2017-12-04 14:13:49 - [TEST_CASE][PASSED] - Test Cases/TC-9: Test Cases/TC-9

2017-12-04 14:13:49 - [TEST_STEP][PASSED] - tap: Tapped on element 'Object Repository/Transaksi/Stock/Terapkan - Kategori Btn'

2017-12-04 14:13:50 - [MESSAGE][PASSED] - Tapped on element 'Object Repository/Transaksi/Stock/Terapkan - Kategori Btn'

2017-12-04 14:13:50 - [TEST_STEP][PASSED] - swipe: Swiped from 126,683 to 126,440

2017-12-04 14:13:54 - [MESSAGE][PASSED] - Swiped from 126,683 to 126,440

2017-12-04 14:13:56 - [TEST_STEP][PASSED] - swipe: Swiped from 126,683 to 126,440

2017-12-04 14:14:01 - [MESSAGE][PASSED] - Swiped from 126,683 to 126,440]]></system-out>
         <system-err><![CDATA[]]></system-err>
      </testcase>
      <testcase name="Test Cases/TC-10" classname="Test Cases/TC-10" status="PASSED">
         <system-out><![CDATA[2017-12-04 14:14:04 - [TEST_CASE][PASSED] - Test Cases/TC-10: Test Cases/TC-10

2017-12-04 14:14:04 - [TEST_STEP][PASSED] - swipe: Swiped from 126,683 to 126,440

2017-12-04 14:14:09 - [MESSAGE][PASSED] - Swiped from 126,683 to 126,440

2017-12-04 14:14:11 - [TEST_STEP][PASSED] - swipe: Swiped from 126,683 to 126,440

2017-12-04 14:14:16 - [MESSAGE][PASSED] - Swiped from 126,683 to 126,440]]></system-out>
         <system-err><![CDATA[]]></system-err>
      </testcase>
      <testcase name="Test Cases/TC-11" classname="Test Cases/TC-11" status="PASSED">
         <system-out><![CDATA[2017-12-04 14:14:18 - [TEST_CASE][PASSED] - Test Cases/TC-11: Test Cases/TC-11

2017-12-04 14:14:18 - [TEST_STEP][PASSED] - delay: Delayed 0 second(s)

2017-12-04 14:14:18 - [MESSAGE][PASSED] - Delayed 0 second(s)

2017-12-04 14:14:18 - [TEST_STEP][PASSED] - tap: Tapped on element 'Object Repository/Transaksi/Stock/TambahBarang - Btn'

2017-12-04 14:14:19 - [MESSAGE][PASSED] - Tapped on element 'Object Repository/Transaksi/Stock/TambahBarang - Btn'

2017-12-04 14:14:19 - [TEST_STEP][PASSED] - closeApplication: Close app successfully

2017-12-04 14:14:32 - [MESSAGE][PASSED] - Close app successfully]]></system-out>
         <system-err><![CDATA[]]></system-err>
      </testcase>
      <system-out><![CDATA[2017-12-04 14:09:59 - [TEST_SUITE][PASSED] - BTPNAP-26 Kelola Stok: Test Cases/TC-11]]></system-out>
      <system-err><![CDATA[]]></system-err>
   </testsuite>
</testsuites>
