<?xml version="1.0" encoding="UTF-8"?>
<testsuites name="Story 35 - Tambah Barang" time="794" tests="3" failures="2" errors="0">
   <testsuite name="Story 35 - Tambah Barang" tests="3" failures="2" errors="0" time="794" timestamp="2018-07-10 16:00:58" hostname="AV2017005903 - NBMP18A211ITSQA.corp.bankbtpn.co.id" id="Test Suites/Story 35 - Tambah Barang">
      <properties>
         <property name="deviceName" value="OPPO A37f (Android 5.1.1)"/>
         <property name="devicePlatform" value=""/>
         <property name="logFolder" value="C:\\Users\\AV2017005903\\Documents\\apollo-automation\\Reports\\Story 35 - Tambah Barang\\20180710_160055"/>
         <property name="logFiles" value="C:\\Users\\AV2017005903\\Documents\\apollo-automation\\Reports\\Story 35 - Tambah Barang\\20180710_160055\\appium.log, C:\\Users\\AV2017005903\\Documents\\apollo-automation\\Reports\\Story 35 - Tambah Barang\\20180710_160055\\execution0.log"/>
         <property name="attachments" value="C:\\Users\\AV2017005903\\Documents\\apollo-automation\\Reports\\Story 35 - Tambah Barang\\20180710_160055\\1531213993632.png, C:\\Users\\AV2017005903\\Documents\\apollo-automation\\Reports\\Story 35 - Tambah Barang\\20180710_160055\\1531214042328.png, C:\\Users\\AV2017005903\\Documents\\apollo-automation\\Reports\\Story 35 - Tambah Barang\\20180710_160055\\1531214043850.png"/>
         <property name="hostName" value="AV2017005903 - NBMP18A211ITSQA.corp.bankbtpn.co.id"/>
         <property name="os" value="Windows 10 64bit"/>
         <property name="katalonVersion" value="5.4.2.1"/>
         <property name="deviceOS" value="Android"/>
         <property name="appiumVersion" value="1.8.1"/>
         <property name="deviceModel" value="A37f"/>
         <property name="hostAddress" value="192.168.62.1"/>
         <property name="deviceManufacturer" value="OPPO"/>
         <property name="deviceId" value="6e4df14"/>
         <property name="deviceName" value="OPPO A37f (Android 5.1.1)"/>
         <property name="deviceOSVersion" value="5.1.1"/>
      </properties>
      <testcase name="Test Cases/Story 35 and 921 -Tambah Barang/35 TC 1" classname="Test Cases/Story 35 and 921 -Tambah Barang/35 TC 1" status="PASSED">
         <system-out><![CDATA[2018-07-10 16:00:59 - [TEST_CASE][PASSED] - Test Cases/Story 35 and 921 -Tambah Barang/35 TC 1: Test Cases/Story 35 and 921 -Tambah Barang/35 TC 1

2018-07-10 16:00:59 - [TEST_STEP][PASSED] - comment: Start Story 35 - Display Tambah Barang Form

2018-07-10 16:00:59 - [TEST_STEP][PASSED] - comment: Call Test Case 26 (TC1)

2018-07-10 16:00:59 - [TEST_STEP][PASSED] - callTestCase: Call Test Case 'Test Cases/Story 26 dan 842 -Kelola Stok Final/26 TC 1' successfully

2018-07-10 16:00:59 - [TEST_CASE][PASSED] - Test Cases/Story 26 dan 842 -Kelola Stok Final/26 TC 1: Test Cases/Story 26 dan 842 -Kelola Stok Final/26 TC 1

2018-07-10 16:00:59 - [TEST_STEP][PASSED] - comment: Kelola Stock - View

2018-07-10 16:00:59 - [TEST_STEP][PASSED] - callTestCase: Call Test Case 'Test Cases/Story 679 - Welcome Screen/679 TC - Welcome Screen' successfully

2018-07-10 16:00:59 - [TEST_CASE][PASSED] - Test Cases/Story 679 - Welcome Screen/679 TC - Welcome Screen: Test Cases/Story 679 - Welcome Screen/679 TC - Welcome Screen

2018-07-10 16:01:00 - [TEST_STEP][PASSED] - comment: Start Story 679

2018-07-10 16:01:00 - [TEST_STEP][PASSED] - Statement - apkPath = apkName: null

2018-07-10 16:01:00 - [TEST_STEP][PASSED] - startApplication: Started app at: 'C:\Users\AV2017005903\Documents\apollo-automation\app-sit-3 Juli.apk'

2018-07-10 16:02:21 - [MESSAGE][PASSED] - Started app at: 'C:\Users\AV2017005903\Documents\apollo-automation\app-sit-3 Juli.apk'

2018-07-10 16:02:21 - [TEST_STEP][PASSED] - delay: Delayed 15 second(s)

2018-07-10 16:02:36 - [MESSAGE][PASSED] - Delayed 15 second(s)

2018-07-10 16:02:36 - [TEST_STEP][NOT_RUN] - waitForElementPresent: NOT_RUN: waitForElementPresent

2018-07-10 16:02:36 - [MESSAGE][NOT_RUN] - NOT_RUN: waitForElementPresent

2018-07-10 16:02:36 - [TEST_STEP][NOT_RUN] - verifyElementVisible: NOT_RUN: verifyElementVisible

2018-07-10 16:02:36 - [MESSAGE][NOT_RUN] - NOT_RUN: verifyElementVisible

2018-07-10 16:02:36 - [TEST_STEP][PASSED] - Comment - "Delay until UpdateApp TopUp appear": null

2018-07-10 16:02:36 - [TEST_STEP][PASSED] - Statement - driver = com.kms.katalon.core.mobile.keyword.internal.MobileDriverFactory.getDriver(): null

2018-07-10 16:02:36 - [TEST_STEP][PASSED] - Statement - action = new io.appium.java_client.TouchAction(driver): null

2018-07-10 16:02:36 - [TEST_STEP][PASSED] - Statement - action.longPress(450, 300).moveTo(100, 300).release().perform(): null

2018-07-10 16:02:39 - [TEST_STEP][PASSED] - delay: Delayed 8 second(s)

2018-07-10 16:02:47 - [MESSAGE][PASSED] - Delayed 8 second(s)

2018-07-10 16:02:47 - [TEST_STEP][PASSED] - Statement - action.longPress(450, 300).moveTo(100, 300).release().perform(): null

2018-07-10 16:02:50 - [TEST_STEP][PASSED] - delay: Delayed 8 second(s)

2018-07-10 16:02:58 - [MESSAGE][PASSED] - Delayed 8 second(s)

2018-07-10 16:02:58 - [TEST_STEP][PASSED] - Statement - action.longPress(450, 300).moveTo(100, 300).release().perform(): null

2018-07-10 16:03:01 - [TEST_STEP][PASSED] - delay: Delayed 8 second(s)

2018-07-10 16:03:09 - [MESSAGE][PASSED] - Delayed 8 second(s)

2018-07-10 16:03:09 - [TEST_STEP][PASSED] - Statement - action.longPress(450, 300).moveTo(100, 300).release().perform(): null

2018-07-10 16:03:12 - [TEST_STEP][PASSED] - delay: Delayed 8 second(s)

2018-07-10 16:03:20 - [MESSAGE][PASSED] - Delayed 8 second(s)

2018-07-10 16:03:20 - [TEST_STEP][PASSED] - waitForElementPresent: Element 'Object Repository/Splash Screen/Mulai - Button' is present

2018-07-10 16:03:20 - [MESSAGE][WARNING] - Timeout '0' is invalid. Using default page load timeout: '30'

2018-07-10 16:03:22 - [MESSAGE][PASSED] - Element 'Object Repository/Splash Screen/Mulai - Button' is present

2018-07-10 16:03:22 - [TEST_STEP][PASSED] - tap: Tapped on element 'Object Repository/Splash Screen/Mulai - Button'

2018-07-10 16:03:22 - [MESSAGE][WARNING] - Timeout '0' is invalid. Using default page load timeout: '30'

2018-07-10 16:03:27 - [MESSAGE][PASSED] - Tapped on element 'Object Repository/Splash Screen/Mulai - Button'

2018-07-10 16:03:27 - [MESSAGE][PASSED] - Call Test Case 'Test Cases/Story 679 - Welcome Screen/679 TC - Welcome Screen' successfully

2018-07-10 16:03:27 - [TEST_STEP][NOT_RUN] - Statement - apkPath = apkName: NOT_RUN: Statement - apkPath = apkName

2018-07-10 16:03:27 - [MESSAGE][NOT_RUN] - NOT_RUN: Statement - apkPath = apkName

2018-07-10 16:03:27 - [TEST_STEP][NOT_RUN] - startApplication: NOT_RUN: startApplication

2018-07-10 16:03:27 - [MESSAGE][NOT_RUN] - NOT_RUN: startApplication

2018-07-10 16:03:27 - [TEST_STEP][NOT_RUN] - verifyElementVisible: NOT_RUN: verifyElementVisible

2018-07-10 16:03:27 - [MESSAGE][NOT_RUN] - NOT_RUN: verifyElementVisible

2018-07-10 16:03:27 - [TEST_STEP][PASSED] - comment: Start Login Test Case

2018-07-10 16:03:27 - [TEST_STEP][PASSED] - delay: Delayed 5 second(s)

2018-07-10 16:03:32 - [MESSAGE][PASSED] - Delayed 5 second(s)

2018-07-10 16:03:32 - [TEST_STEP][PASSED] - Comment - "If there is a Update TopuUp, click No, Else you can delay for waiting lazyload ": null

2018-07-10 16:03:32 - [TEST_STEP][PASSED] - waitForElementPresent: Element 'Object Repository/Login/Nomor HP  Nama Pengguna - Text Box' is present

2018-07-10 16:03:35 - [MESSAGE][PASSED] - Element 'Object Repository/Login/Nomor HP  Nama Pengguna - Text Box' is present

2018-07-10 16:03:35 - [TEST_STEP][PASSED] - verifyElementAttributeValue: Object 'Object Repository/Login/Nomor HP  Nama Pengguna - Text Box' has attribute 'content-desc' with value 'LoginNameTextInput'

2018-07-10 16:03:40 - [MESSAGE][PASSED] - Object 'Object Repository/Login/Nomor HP  Nama Pengguna - Text Box' has attribute 'content-desc' with value 'LoginNameTextInput'

2018-07-10 16:03:40 - [TEST_STEP][PASSED] - tap: Tapped on element 'Object Repository/Login/Nomor HP  Nama Pengguna - Text Box'

2018-07-10 16:03:46 - [MESSAGE][PASSED] - Tapped on element 'Object Repository/Login/Nomor HP  Nama Pengguna - Text Box'

2018-07-10 16:03:46 - [TEST_STEP][PASSED] - setText: Text '08112233445567' has been set to element 'Object Repository/Login/Nomor HP  Nama Pengguna - Text Box'

2018-07-10 16:04:11 - [MESSAGE][PASSED] - Text '08112233445567' has been set to element 'Object Repository/Login/Nomor HP  Nama Pengguna - Text Box'

2018-07-10 16:04:11 - [TEST_STEP][PASSED] - hideKeyboard: Keyboard is hidden

2018-07-10 16:04:12 - [MESSAGE][PASSED] - Keyboard is hidden

2018-07-10 16:04:12 - [TEST_STEP][PASSED] - verifyElementText: Actual text and expected text of test object 'Object Repository/Login/Nomor HP  Nama Pengguna - Text Box' are matched.

2018-07-10 16:04:16 - [MESSAGE][PASSED] - Actual text and expected text of test object 'Object Repository/Login/Nomor HP  Nama Pengguna - Text Box' are matched.

2018-07-10 16:04:16 - [TEST_STEP][PASSED] - waitForElementPresent: Element 'Object Repository/Login/Button Masuk' is present

2018-07-10 16:04:18 - [MESSAGE][PASSED] - Element 'Object Repository/Login/Button Masuk' is present

2018-07-10 16:04:18 - [TEST_STEP][PASSED] - verifyElementAttributeValue: Object 'Object Repository/Login/Button Masuk' has attribute 'content-desc' with value 'LoginJumpNextBtn'

2018-07-10 16:04:24 - [MESSAGE][PASSED] - Object 'Object Repository/Login/Button Masuk' has attribute 'content-desc' with value 'LoginJumpNextBtn'

2018-07-10 16:04:24 - [TEST_STEP][PASSED] - tap: Tapped on element 'Object Repository/Login/Button Masuk'

2018-07-10 16:04:29 - [MESSAGE][PASSED] - Tapped on element 'Object Repository/Login/Button Masuk'

2018-07-10 16:04:29 - [TEST_STEP][PASSED] - waitForElementPresent: Element 'Object Repository/Login/Input Pin' is present

2018-07-10 16:04:37 - [MESSAGE][PASSED] - Element 'Object Repository/Login/Input Pin' is present

2018-07-10 16:04:37 - [TEST_STEP][PASSED] - verifyElementAttributeValue: Object 'Object Repository/Login/Input Pin' has attribute 'content-desc' with value 'pinCircleFocus'

2018-07-10 16:04:41 - [MESSAGE][PASSED] - Object 'Object Repository/Login/Input Pin' has attribute 'content-desc' with value 'pinCircleFocus'

2018-07-10 16:04:41 - [TEST_STEP][PASSED] - tap: Tapped on element 'Object Repository/Login/Input Pin'

2018-07-10 16:04:51 - [MESSAGE][PASSED] - Tapped on element 'Object Repository/Login/Input Pin'

2018-07-10 16:04:51 - [TEST_STEP][PASSED] - setText: Text '123456' has been set to element 'Object Repository/Login/Input Pin'

2018-07-10 16:05:09 - [MESSAGE][PASSED] - Text '123456' has been set to element 'Object Repository/Login/Input Pin'

2018-07-10 16:05:09 - [TEST_STEP][PASSED] - delay: Delayed 5 second(s)

2018-07-10 16:05:14 - [MESSAGE][PASSED] - Delayed 5 second(s)

2018-07-10 16:05:14 - [TEST_STEP][PASSED] - getAttribute: Element 'Object Repository/Login/DashboardScreen' has attribute 'content-desc' is 'DashboardScreen'

2018-07-10 16:05:19 - [MESSAGE][PASSED] - Element 'Object Repository/Login/DashboardScreen' has attribute 'content-desc' is 'DashboardScreen'

2018-07-10 16:05:19 - [TEST_STEP][PASSED] - verifyElementAttributeValue: Object 'Object Repository/Login/DashboardScreen' has attribute 'content-desc' with value 'DashboardScreen'

2018-07-10 16:05:24 - [MESSAGE][PASSED] - Object 'Object Repository/Login/DashboardScreen' has attribute 'content-desc' with value 'DashboardScreen'

2018-07-10 16:05:24 - [TEST_STEP][PASSED] - delay: Delayed 5 second(s)

2018-07-10 16:05:29 - [MESSAGE][PASSED] - Delayed 5 second(s)

2018-07-10 16:05:29 - [TEST_STEP][PASSED] - comment: End Login Test Case

2018-07-10 16:05:29 - [TEST_STEP][PASSED] - waitForElementPresent: Element 'Object Repository/Sidebar Menu/HamburgerButton' is present

2018-07-10 16:05:31 - [MESSAGE][PASSED] - Element 'Object Repository/Sidebar Menu/HamburgerButton' is present

2018-07-10 16:05:31 - [TEST_STEP][PASSED] - verifyElementAttributeValue: Object 'Object Repository/Sidebar Menu/HamburgerButton' has attribute 'content-desc' with value 'headerBar_button_hamburgerMenu'

2018-07-10 16:05:36 - [MESSAGE][PASSED] - Object 'Object Repository/Sidebar Menu/HamburgerButton' has attribute 'content-desc' with value 'headerBar_button_hamburgerMenu'

2018-07-10 16:05:36 - [TEST_STEP][PASSED] - tap: Tapped on element 'Object Repository/Sidebar Menu/HamburgerButton'

2018-07-10 16:05:41 - [MESSAGE][PASSED] - Tapped on element 'Object Repository/Sidebar Menu/HamburgerButton'

2018-07-10 16:05:41 - [TEST_STEP][PASSED] - waitForElementPresent: Element 'Object Repository/Sidebar Menu/Produk/Produk' is present

2018-07-10 16:05:50 - [MESSAGE][PASSED] - Element 'Object Repository/Sidebar Menu/Produk/Produk' is present

2018-07-10 16:05:50 - [TEST_STEP][PASSED] - verifyElementAttributeValue: Object 'Object Repository/Sidebar Menu/Produk/Produk' has attribute 'content-desc' with value 'produkMenuItem'

2018-07-10 16:05:57 - [MESSAGE][PASSED] - Object 'Object Repository/Sidebar Menu/Produk/Produk' has attribute 'content-desc' with value 'produkMenuItem'

2018-07-10 16:05:57 - [TEST_STEP][PASSED] - tap: Tapped on element 'Object Repository/Sidebar Menu/Produk/Produk'

2018-07-10 16:06:05 - [MESSAGE][PASSED] - Tapped on element 'Object Repository/Sidebar Menu/Produk/Produk'

2018-07-10 16:06:05 - [TEST_STEP][PASSED] - verifyElementVisible: Element 'Object Repository/Sidebar Menu/Produk/Text Header -  Produk' is visible

2018-07-10 16:06:11 - [MESSAGE][PASSED] - Element 'Object Repository/Sidebar Menu/Produk/Text Header -  Produk' is visible

2018-07-10 16:06:11 - [TEST_STEP][PASSED] - delay: Delayed 5 second(s)

2018-07-10 16:06:16 - [MESSAGE][PASSED] - Delayed 5 second(s)

2018-07-10 16:06:16 - [MESSAGE][PASSED] - Call Test Case 'Test Cases/Story 26 dan 842 -Kelola Stok Final/26 TC 1' successfully

2018-07-10 16:06:16 - [TEST_STEP][PASSED] - waitForElementPresent: Element 'Object Repository/Sidebar Menu/Produk/Tambah Barang/Tambah Barang Button' is present

2018-07-10 16:06:22 - [MESSAGE][PASSED] - Element 'Object Repository/Sidebar Menu/Produk/Tambah Barang/Tambah Barang Button' is present

2018-07-10 16:06:22 - [TEST_STEP][PASSED] - verifyElementAttributeValue: Object 'Object Repository/Sidebar Menu/Produk/Tambah Barang/Tambah Barang Button' has attribute 'content-desc' with value 'productListComponent_button_addProduct'

2018-07-10 16:06:31 - [MESSAGE][PASSED] - Object 'Object Repository/Sidebar Menu/Produk/Tambah Barang/Tambah Barang Button' has attribute 'content-desc' with value 'productListComponent_button_addProduct'

2018-07-10 16:06:31 - [TEST_STEP][PASSED] - tap: Tapped on element 'Object Repository/Sidebar Menu/Produk/Tambah Barang/Tambah Barang Button'

2018-07-10 16:06:40 - [MESSAGE][PASSED] - Tapped on element 'Object Repository/Sidebar Menu/Produk/Tambah Barang/Tambah Barang Button']]></system-out>
         <system-err><![CDATA[]]></system-err>
      </testcase>
      <testcase name="Test Cases/Story 35 and 921 -Tambah Barang/35 TC 2" classname="Test Cases/Story 35 and 921 -Tambah Barang/35 TC 2" status="PASSED">
         <system-out><![CDATA[2018-07-10 16:06:40 - [TEST_CASE][PASSED] - Test Cases/Story 35 and 921 -Tambah Barang/35 TC 2: Test Cases/Story 35 and 921 -Tambah Barang/35 TC 2

2018-07-10 16:06:40 - [TEST_STEP][PASSED] - comment: Increase or decrease product stock

2018-07-10 16:06:40 - [TEST_STEP][PASSED] - Statement - For (def index : (0..10)): Tapped on element 'Object Repository/Sidebar Menu/Produk/Tambah Barang/PlusTap - JumlaH Stock'

2018-07-10 16:06:40 - [TEST_STEP][PASSED] - waitForElementPresent: Element 'Object Repository/Sidebar Menu/Produk/Tambah Barang/PlusTap - JumlaH Stock' is present

2018-07-10 16:06:43 - [MESSAGE][PASSED] - Element 'Object Repository/Sidebar Menu/Produk/Tambah Barang/PlusTap - JumlaH Stock' is present

2018-07-10 16:06:43 - [TEST_STEP][PASSED] - verifyElementAttributeValue: Object 'Object Repository/Sidebar Menu/Produk/Tambah Barang/PlusTap - JumlaH Stock' has attribute 'content-desc' with value 'action_plus_anumberpicker'

2018-07-10 16:06:49 - [MESSAGE][PASSED] - Object 'Object Repository/Sidebar Menu/Produk/Tambah Barang/PlusTap - JumlaH Stock' has attribute 'content-desc' with value 'action_plus_anumberpicker'

2018-07-10 16:06:49 - [TEST_STEP][PASSED] - tap: Tapped on element 'Object Repository/Sidebar Menu/Produk/Tambah Barang/PlusTap - JumlaH Stock'

2018-07-10 16:06:56 - [MESSAGE][PASSED] - Tapped on element 'Object Repository/Sidebar Menu/Produk/Tambah Barang/PlusTap - JumlaH Stock'

2018-07-10 16:06:56 - [TEST_STEP][PASSED] - waitForElementPresent: Element 'Object Repository/Sidebar Menu/Produk/Tambah Barang/PlusTap - JumlaH Stock' is present

2018-07-10 16:07:00 - [MESSAGE][PASSED] - Element 'Object Repository/Sidebar Menu/Produk/Tambah Barang/PlusTap - JumlaH Stock' is present

2018-07-10 16:07:00 - [TEST_STEP][PASSED] - verifyElementAttributeValue: Object 'Object Repository/Sidebar Menu/Produk/Tambah Barang/PlusTap - JumlaH Stock' has attribute 'content-desc' with value 'action_plus_anumberpicker'

2018-07-10 16:07:04 - [MESSAGE][PASSED] - Object 'Object Repository/Sidebar Menu/Produk/Tambah Barang/PlusTap - JumlaH Stock' has attribute 'content-desc' with value 'action_plus_anumberpicker'

2018-07-10 16:07:04 - [TEST_STEP][PASSED] - tap: Tapped on element 'Object Repository/Sidebar Menu/Produk/Tambah Barang/PlusTap - JumlaH Stock'

2018-07-10 16:07:09 - [MESSAGE][PASSED] - Tapped on element 'Object Repository/Sidebar Menu/Produk/Tambah Barang/PlusTap - JumlaH Stock'

2018-07-10 16:07:09 - [TEST_STEP][PASSED] - waitForElementPresent: Element 'Object Repository/Sidebar Menu/Produk/Tambah Barang/PlusTap - JumlaH Stock' is present

2018-07-10 16:07:15 - [MESSAGE][PASSED] - Element 'Object Repository/Sidebar Menu/Produk/Tambah Barang/PlusTap - JumlaH Stock' is present

2018-07-10 16:07:15 - [TEST_STEP][PASSED] - verifyElementAttributeValue: Object 'Object Repository/Sidebar Menu/Produk/Tambah Barang/PlusTap - JumlaH Stock' has attribute 'content-desc' with value 'action_plus_anumberpicker'

2018-07-10 16:07:19 - [MESSAGE][PASSED] - Object 'Object Repository/Sidebar Menu/Produk/Tambah Barang/PlusTap - JumlaH Stock' has attribute 'content-desc' with value 'action_plus_anumberpicker'

2018-07-10 16:07:19 - [TEST_STEP][PASSED] - tap: Tapped on element 'Object Repository/Sidebar Menu/Produk/Tambah Barang/PlusTap - JumlaH Stock'

2018-07-10 16:07:25 - [MESSAGE][PASSED] - Tapped on element 'Object Repository/Sidebar Menu/Produk/Tambah Barang/PlusTap - JumlaH Stock'

2018-07-10 16:07:25 - [TEST_STEP][PASSED] - waitForElementPresent: Element 'Object Repository/Sidebar Menu/Produk/Tambah Barang/PlusTap - JumlaH Stock' is present

2018-07-10 16:07:31 - [MESSAGE][PASSED] - Element 'Object Repository/Sidebar Menu/Produk/Tambah Barang/PlusTap - JumlaH Stock' is present

2018-07-10 16:07:31 - [TEST_STEP][PASSED] - verifyElementAttributeValue: Object 'Object Repository/Sidebar Menu/Produk/Tambah Barang/PlusTap - JumlaH Stock' has attribute 'content-desc' with value 'action_plus_anumberpicker'

2018-07-10 16:07:36 - [MESSAGE][PASSED] - Object 'Object Repository/Sidebar Menu/Produk/Tambah Barang/PlusTap - JumlaH Stock' has attribute 'content-desc' with value 'action_plus_anumberpicker'

2018-07-10 16:07:36 - [TEST_STEP][PASSED] - tap: Tapped on element 'Object Repository/Sidebar Menu/Produk/Tambah Barang/PlusTap - JumlaH Stock'

2018-07-10 16:07:44 - [MESSAGE][PASSED] - Tapped on element 'Object Repository/Sidebar Menu/Produk/Tambah Barang/PlusTap - JumlaH Stock'

2018-07-10 16:07:44 - [TEST_STEP][PASSED] - waitForElementPresent: Element 'Object Repository/Sidebar Menu/Produk/Tambah Barang/PlusTap - JumlaH Stock' is present

2018-07-10 16:07:47 - [MESSAGE][PASSED] - Element 'Object Repository/Sidebar Menu/Produk/Tambah Barang/PlusTap - JumlaH Stock' is present

2018-07-10 16:07:47 - [TEST_STEP][PASSED] - verifyElementAttributeValue: Object 'Object Repository/Sidebar Menu/Produk/Tambah Barang/PlusTap - JumlaH Stock' has attribute 'content-desc' with value 'action_plus_anumberpicker'

2018-07-10 16:07:55 - [MESSAGE][PASSED] - Object 'Object Repository/Sidebar Menu/Produk/Tambah Barang/PlusTap - JumlaH Stock' has attribute 'content-desc' with value 'action_plus_anumberpicker'

2018-07-10 16:07:55 - [TEST_STEP][PASSED] - tap: Tapped on element 'Object Repository/Sidebar Menu/Produk/Tambah Barang/PlusTap - JumlaH Stock'

2018-07-10 16:08:04 - [MESSAGE][PASSED] - Tapped on element 'Object Repository/Sidebar Menu/Produk/Tambah Barang/PlusTap - JumlaH Stock'

2018-07-10 16:08:04 - [TEST_STEP][PASSED] - waitForElementPresent: Element 'Object Repository/Sidebar Menu/Produk/Tambah Barang/PlusTap - JumlaH Stock' is present

2018-07-10 16:08:08 - [MESSAGE][PASSED] - Element 'Object Repository/Sidebar Menu/Produk/Tambah Barang/PlusTap - JumlaH Stock' is present

2018-07-10 16:08:08 - [TEST_STEP][PASSED] - verifyElementAttributeValue: Object 'Object Repository/Sidebar Menu/Produk/Tambah Barang/PlusTap - JumlaH Stock' has attribute 'content-desc' with value 'action_plus_anumberpicker'

2018-07-10 16:08:16 - [MESSAGE][PASSED] - Object 'Object Repository/Sidebar Menu/Produk/Tambah Barang/PlusTap - JumlaH Stock' has attribute 'content-desc' with value 'action_plus_anumberpicker'

2018-07-10 16:08:16 - [TEST_STEP][PASSED] - tap: Tapped on element 'Object Repository/Sidebar Menu/Produk/Tambah Barang/PlusTap - JumlaH Stock'

2018-07-10 16:08:24 - [MESSAGE][PASSED] - Tapped on element 'Object Repository/Sidebar Menu/Produk/Tambah Barang/PlusTap - JumlaH Stock'

2018-07-10 16:08:24 - [TEST_STEP][PASSED] - waitForElementPresent: Element 'Object Repository/Sidebar Menu/Produk/Tambah Barang/PlusTap - JumlaH Stock' is present

2018-07-10 16:08:28 - [MESSAGE][PASSED] - Element 'Object Repository/Sidebar Menu/Produk/Tambah Barang/PlusTap - JumlaH Stock' is present

2018-07-10 16:08:28 - [TEST_STEP][PASSED] - verifyElementAttributeValue: Object 'Object Repository/Sidebar Menu/Produk/Tambah Barang/PlusTap - JumlaH Stock' has attribute 'content-desc' with value 'action_plus_anumberpicker'

2018-07-10 16:08:36 - [MESSAGE][PASSED] - Object 'Object Repository/Sidebar Menu/Produk/Tambah Barang/PlusTap - JumlaH Stock' has attribute 'content-desc' with value 'action_plus_anumberpicker'

2018-07-10 16:08:36 - [TEST_STEP][PASSED] - tap: Tapped on element 'Object Repository/Sidebar Menu/Produk/Tambah Barang/PlusTap - JumlaH Stock'

2018-07-10 16:08:46 - [MESSAGE][PASSED] - Tapped on element 'Object Repository/Sidebar Menu/Produk/Tambah Barang/PlusTap - JumlaH Stock'

2018-07-10 16:08:46 - [TEST_STEP][PASSED] - waitForElementPresent: Element 'Object Repository/Sidebar Menu/Produk/Tambah Barang/PlusTap - JumlaH Stock' is present

2018-07-10 16:08:48 - [MESSAGE][PASSED] - Element 'Object Repository/Sidebar Menu/Produk/Tambah Barang/PlusTap - JumlaH Stock' is present

2018-07-10 16:08:48 - [TEST_STEP][PASSED] - verifyElementAttributeValue: Object 'Object Repository/Sidebar Menu/Produk/Tambah Barang/PlusTap - JumlaH Stock' has attribute 'content-desc' with value 'action_plus_anumberpicker'

2018-07-10 16:08:54 - [MESSAGE][PASSED] - Object 'Object Repository/Sidebar Menu/Produk/Tambah Barang/PlusTap - JumlaH Stock' has attribute 'content-desc' with value 'action_plus_anumberpicker'

2018-07-10 16:08:54 - [TEST_STEP][PASSED] - tap: Tapped on element 'Object Repository/Sidebar Menu/Produk/Tambah Barang/PlusTap - JumlaH Stock'

2018-07-10 16:09:05 - [MESSAGE][PASSED] - Tapped on element 'Object Repository/Sidebar Menu/Produk/Tambah Barang/PlusTap - JumlaH Stock'

2018-07-10 16:09:05 - [TEST_STEP][PASSED] - waitForElementPresent: Element 'Object Repository/Sidebar Menu/Produk/Tambah Barang/PlusTap - JumlaH Stock' is present

2018-07-10 16:09:08 - [MESSAGE][PASSED] - Element 'Object Repository/Sidebar Menu/Produk/Tambah Barang/PlusTap - JumlaH Stock' is present

2018-07-10 16:09:08 - [TEST_STEP][PASSED] - verifyElementAttributeValue: Object 'Object Repository/Sidebar Menu/Produk/Tambah Barang/PlusTap - JumlaH Stock' has attribute 'content-desc' with value 'action_plus_anumberpicker'

2018-07-10 16:09:12 - [MESSAGE][PASSED] - Object 'Object Repository/Sidebar Menu/Produk/Tambah Barang/PlusTap - JumlaH Stock' has attribute 'content-desc' with value 'action_plus_anumberpicker'

2018-07-10 16:09:12 - [TEST_STEP][PASSED] - tap: Tapped on element 'Object Repository/Sidebar Menu/Produk/Tambah Barang/PlusTap - JumlaH Stock'

2018-07-10 16:09:17 - [MESSAGE][PASSED] - Tapped on element 'Object Repository/Sidebar Menu/Produk/Tambah Barang/PlusTap - JumlaH Stock'

2018-07-10 16:09:17 - [TEST_STEP][PASSED] - waitForElementPresent: Element 'Object Repository/Sidebar Menu/Produk/Tambah Barang/PlusTap - JumlaH Stock' is present

2018-07-10 16:09:21 - [MESSAGE][PASSED] - Element 'Object Repository/Sidebar Menu/Produk/Tambah Barang/PlusTap - JumlaH Stock' is present

2018-07-10 16:09:21 - [TEST_STEP][PASSED] - verifyElementAttributeValue: Object 'Object Repository/Sidebar Menu/Produk/Tambah Barang/PlusTap - JumlaH Stock' has attribute 'content-desc' with value 'action_plus_anumberpicker'

2018-07-10 16:09:25 - [MESSAGE][PASSED] - Object 'Object Repository/Sidebar Menu/Produk/Tambah Barang/PlusTap - JumlaH Stock' has attribute 'content-desc' with value 'action_plus_anumberpicker'

2018-07-10 16:09:25 - [TEST_STEP][PASSED] - tap: Tapped on element 'Object Repository/Sidebar Menu/Produk/Tambah Barang/PlusTap - JumlaH Stock'

2018-07-10 16:09:30 - [MESSAGE][PASSED] - Tapped on element 'Object Repository/Sidebar Menu/Produk/Tambah Barang/PlusTap - JumlaH Stock'

2018-07-10 16:09:30 - [TEST_STEP][PASSED] - waitForElementPresent: Element 'Object Repository/Sidebar Menu/Produk/Tambah Barang/PlusTap - JumlaH Stock' is present

2018-07-10 16:09:33 - [MESSAGE][PASSED] - Element 'Object Repository/Sidebar Menu/Produk/Tambah Barang/PlusTap - JumlaH Stock' is present

2018-07-10 16:09:33 - [TEST_STEP][PASSED] - verifyElementAttributeValue: Object 'Object Repository/Sidebar Menu/Produk/Tambah Barang/PlusTap - JumlaH Stock' has attribute 'content-desc' with value 'action_plus_anumberpicker'

2018-07-10 16:09:37 - [MESSAGE][PASSED] - Object 'Object Repository/Sidebar Menu/Produk/Tambah Barang/PlusTap - JumlaH Stock' has attribute 'content-desc' with value 'action_plus_anumberpicker'

2018-07-10 16:09:37 - [TEST_STEP][PASSED] - tap: Tapped on element 'Object Repository/Sidebar Menu/Produk/Tambah Barang/PlusTap - JumlaH Stock'

2018-07-10 16:09:44 - [MESSAGE][PASSED] - Tapped on element 'Object Repository/Sidebar Menu/Produk/Tambah Barang/PlusTap - JumlaH Stock'

2018-07-10 16:09:44 - [TEST_STEP][PASSED] - Statement - For (def index : (0..5)): Tapped on element 'Object Repository/Sidebar Menu/Produk/Tambah Barang/Minus Tap - Jumlah Stock'

2018-07-10 16:09:44 - [TEST_STEP][PASSED] - waitForElementPresent: Element 'Object Repository/Sidebar Menu/Produk/Tambah Barang/Minus Tap - Jumlah Stock' is present

2018-07-10 16:09:48 - [MESSAGE][PASSED] - Element 'Object Repository/Sidebar Menu/Produk/Tambah Barang/Minus Tap - Jumlah Stock' is present

2018-07-10 16:09:48 - [TEST_STEP][PASSED] - verifyElementAttributeValue: Object 'Object Repository/Sidebar Menu/Produk/Tambah Barang/Minus Tap - Jumlah Stock' has attribute 'content-desc' with value 'action_minus_anumberpicker'

2018-07-10 16:09:52 - [MESSAGE][PASSED] - Object 'Object Repository/Sidebar Menu/Produk/Tambah Barang/Minus Tap - Jumlah Stock' has attribute 'content-desc' with value 'action_minus_anumberpicker'

2018-07-10 16:09:52 - [TEST_STEP][PASSED] - tap: Tapped on element 'Object Repository/Sidebar Menu/Produk/Tambah Barang/Minus Tap - Jumlah Stock'

2018-07-10 16:09:57 - [MESSAGE][PASSED] - Tapped on element 'Object Repository/Sidebar Menu/Produk/Tambah Barang/Minus Tap - Jumlah Stock'

2018-07-10 16:09:57 - [TEST_STEP][PASSED] - waitForElementPresent: Element 'Object Repository/Sidebar Menu/Produk/Tambah Barang/Minus Tap - Jumlah Stock' is present

2018-07-10 16:10:00 - [MESSAGE][PASSED] - Element 'Object Repository/Sidebar Menu/Produk/Tambah Barang/Minus Tap - Jumlah Stock' is present

2018-07-10 16:10:00 - [TEST_STEP][PASSED] - verifyElementAttributeValue: Object 'Object Repository/Sidebar Menu/Produk/Tambah Barang/Minus Tap - Jumlah Stock' has attribute 'content-desc' with value 'action_minus_anumberpicker'

2018-07-10 16:10:05 - [MESSAGE][PASSED] - Object 'Object Repository/Sidebar Menu/Produk/Tambah Barang/Minus Tap - Jumlah Stock' has attribute 'content-desc' with value 'action_minus_anumberpicker'

2018-07-10 16:10:05 - [TEST_STEP][PASSED] - tap: Tapped on element 'Object Repository/Sidebar Menu/Produk/Tambah Barang/Minus Tap - Jumlah Stock'

2018-07-10 16:10:13 - [MESSAGE][PASSED] - Tapped on element 'Object Repository/Sidebar Menu/Produk/Tambah Barang/Minus Tap - Jumlah Stock'

2018-07-10 16:10:13 - [TEST_STEP][PASSED] - waitForElementPresent: Element 'Object Repository/Sidebar Menu/Produk/Tambah Barang/Minus Tap - Jumlah Stock' is present

2018-07-10 16:10:17 - [MESSAGE][PASSED] - Element 'Object Repository/Sidebar Menu/Produk/Tambah Barang/Minus Tap - Jumlah Stock' is present

2018-07-10 16:10:17 - [TEST_STEP][PASSED] - verifyElementAttributeValue: Object 'Object Repository/Sidebar Menu/Produk/Tambah Barang/Minus Tap - Jumlah Stock' has attribute 'content-desc' with value 'action_minus_anumberpicker'

2018-07-10 16:10:21 - [MESSAGE][PASSED] - Object 'Object Repository/Sidebar Menu/Produk/Tambah Barang/Minus Tap - Jumlah Stock' has attribute 'content-desc' with value 'action_minus_anumberpicker'

2018-07-10 16:10:21 - [TEST_STEP][PASSED] - tap: Tapped on element 'Object Repository/Sidebar Menu/Produk/Tambah Barang/Minus Tap - Jumlah Stock'

2018-07-10 16:10:25 - [MESSAGE][PASSED] - Tapped on element 'Object Repository/Sidebar Menu/Produk/Tambah Barang/Minus Tap - Jumlah Stock'

2018-07-10 16:10:25 - [TEST_STEP][PASSED] - waitForElementPresent: Element 'Object Repository/Sidebar Menu/Produk/Tambah Barang/Minus Tap - Jumlah Stock' is present

2018-07-10 16:10:29 - [MESSAGE][PASSED] - Element 'Object Repository/Sidebar Menu/Produk/Tambah Barang/Minus Tap - Jumlah Stock' is present

2018-07-10 16:10:29 - [TEST_STEP][PASSED] - verifyElementAttributeValue: Object 'Object Repository/Sidebar Menu/Produk/Tambah Barang/Minus Tap - Jumlah Stock' has attribute 'content-desc' with value 'action_minus_anumberpicker'

2018-07-10 16:10:35 - [MESSAGE][PASSED] - Object 'Object Repository/Sidebar Menu/Produk/Tambah Barang/Minus Tap - Jumlah Stock' has attribute 'content-desc' with value 'action_minus_anumberpicker'

2018-07-10 16:10:35 - [TEST_STEP][PASSED] - tap: Tapped on element 'Object Repository/Sidebar Menu/Produk/Tambah Barang/Minus Tap - Jumlah Stock'

2018-07-10 16:10:40 - [MESSAGE][PASSED] - Tapped on element 'Object Repository/Sidebar Menu/Produk/Tambah Barang/Minus Tap - Jumlah Stock'

2018-07-10 16:10:40 - [TEST_STEP][PASSED] - waitForElementPresent: Element 'Object Repository/Sidebar Menu/Produk/Tambah Barang/Minus Tap - Jumlah Stock' is present

2018-07-10 16:10:44 - [MESSAGE][PASSED] - Element 'Object Repository/Sidebar Menu/Produk/Tambah Barang/Minus Tap - Jumlah Stock' is present

2018-07-10 16:10:44 - [TEST_STEP][PASSED] - verifyElementAttributeValue: Object 'Object Repository/Sidebar Menu/Produk/Tambah Barang/Minus Tap - Jumlah Stock' has attribute 'content-desc' with value 'action_minus_anumberpicker'

2018-07-10 16:10:48 - [MESSAGE][PASSED] - Object 'Object Repository/Sidebar Menu/Produk/Tambah Barang/Minus Tap - Jumlah Stock' has attribute 'content-desc' with value 'action_minus_anumberpicker'

2018-07-10 16:10:48 - [TEST_STEP][PASSED] - tap: Tapped on element 'Object Repository/Sidebar Menu/Produk/Tambah Barang/Minus Tap - Jumlah Stock'

2018-07-10 16:10:54 - [MESSAGE][PASSED] - Tapped on element 'Object Repository/Sidebar Menu/Produk/Tambah Barang/Minus Tap - Jumlah Stock'

2018-07-10 16:10:54 - [TEST_STEP][PASSED] - waitForElementPresent: Element 'Object Repository/Sidebar Menu/Produk/Tambah Barang/Minus Tap - Jumlah Stock' is present

2018-07-10 16:11:00 - [MESSAGE][PASSED] - Element 'Object Repository/Sidebar Menu/Produk/Tambah Barang/Minus Tap - Jumlah Stock' is present

2018-07-10 16:11:00 - [TEST_STEP][PASSED] - verifyElementAttributeValue: Object 'Object Repository/Sidebar Menu/Produk/Tambah Barang/Minus Tap - Jumlah Stock' has attribute 'content-desc' with value 'action_minus_anumberpicker'

2018-07-10 16:11:05 - [MESSAGE][PASSED] - Object 'Object Repository/Sidebar Menu/Produk/Tambah Barang/Minus Tap - Jumlah Stock' has attribute 'content-desc' with value 'action_minus_anumberpicker'

2018-07-10 16:11:05 - [TEST_STEP][PASSED] - tap: Tapped on element 'Object Repository/Sidebar Menu/Produk/Tambah Barang/Minus Tap - Jumlah Stock'

2018-07-10 16:11:10 - [MESSAGE][PASSED] - Tapped on element 'Object Repository/Sidebar Menu/Produk/Tambah Barang/Minus Tap - Jumlah Stock']]></system-out>
         <system-err><![CDATA[]]></system-err>
      </testcase>
      <testcase name="Test Cases/Story 35 and 921 -Tambah Barang/35 TC 3" classname="Test Cases/Story 35 and 921 -Tambah Barang/35 TC 3" status="PASSED">
         <system-out><![CDATA[2018-07-10 16:11:10 - [TEST_CASE][PASSED] - Test Cases/Story 35 and 921 -Tambah Barang/35 TC 3: Test Cases/Story 35 and 921 -Tambah Barang/35 TC 3

2018-07-10 16:11:10 - [TEST_STEP][PASSED] - comment: User update stock when specifies stock = -(minus)

2018-07-10 16:11:10 - [TEST_STEP][PASSED] - waitForElementPresent: Element 'Object Repository/Sidebar Menu/Produk/Tambah Barang/Jumlah Stock - by typing' is present

2018-07-10 16:11:17 - [MESSAGE][PASSED] - Element 'Object Repository/Sidebar Menu/Produk/Tambah Barang/Jumlah Stock - by typing' is present

2018-07-10 16:11:17 - [TEST_STEP][PASSED] - verifyElementAttributeValue: Object 'Object Repository/Sidebar Menu/Produk/Tambah Barang/Jumlah Stock - by typing' has attribute 'content-desc' with value 'input_anumberpicker'

2018-07-10 16:11:22 - [MESSAGE][PASSED] - Object 'Object Repository/Sidebar Menu/Produk/Tambah Barang/Jumlah Stock - by typing' has attribute 'content-desc' with value 'input_anumberpicker'

2018-07-10 16:11:22 - [TEST_STEP][PASSED] - clearText: Element 'Object Repository/Sidebar Menu/Produk/Tambah Barang/Jumlah Stock - by typing' text is cleared

2018-07-10 16:11:28 - [MESSAGE][PASSED] - Element 'Object Repository/Sidebar Menu/Produk/Tambah Barang/Jumlah Stock - by typing' text is cleared

2018-07-10 16:11:28 - [TEST_STEP][PASSED] - setText: Text '-23' has been set to element 'Object Repository/Sidebar Menu/Produk/Tambah Barang/Jumlah Stock - by typing'

2018-07-10 16:11:47 - [MESSAGE][PASSED] - Text '-23' has been set to element 'Object Repository/Sidebar Menu/Produk/Tambah Barang/Jumlah Stock - by typing'

2018-07-10 16:11:47 - [TEST_STEP][PASSED] - hideKeyboard: Keyboard is hidden

2018-07-10 16:11:48 - [MESSAGE][PASSED] - Keyboard is hidden

2018-07-10 16:11:48 - [TEST_STEP][PASSED] - verifyElementAttributeValue: Object 'Object Repository/Sidebar Menu/Produk/Tambah Barang/Jumlah Stock - by typing' has attribute 'text' with value '23'

2018-07-10 16:11:56 - [MESSAGE][PASSED] - Object 'Object Repository/Sidebar Menu/Produk/Tambah Barang/Jumlah Stock - by typing' has attribute 'text' with value '23'

2018-07-10 16:11:56 - [TEST_STEP][PASSED] - clearText: Element 'Object Repository/Sidebar Menu/Produk/Tambah Barang/Jumlah Stock - by typing' text is cleared

2018-07-10 16:12:02 - [MESSAGE][PASSED] - Element 'Object Repository/Sidebar Menu/Produk/Tambah Barang/Jumlah Stock - by typing' text is cleared

2018-07-10 16:12:02 - [TEST_STEP][PASSED] - setText: Text '8.2' has been set to element 'Object Repository/Sidebar Menu/Produk/Tambah Barang/Jumlah Stock - by typing'

2018-07-10 16:12:19 - [MESSAGE][PASSED] - Text '8.2' has been set to element 'Object Repository/Sidebar Menu/Produk/Tambah Barang/Jumlah Stock - by typing'

2018-07-10 16:12:19 - [TEST_STEP][PASSED] - hideKeyboard: Keyboard is hidden

2018-07-10 16:12:21 - [MESSAGE][PASSED] - Keyboard is hidden

2018-07-10 16:12:21 - [TEST_STEP][PASSED] - verifyElementAttributeValue: Object 'Object Repository/Sidebar Menu/Produk/Tambah Barang/Jumlah Stock - by typing' has attribute 'text' with value '82'

2018-07-10 16:12:26 - [MESSAGE][PASSED] - Object 'Object Repository/Sidebar Menu/Produk/Tambah Barang/Jumlah Stock - by typing' has attribute 'text' with value '82'

2018-07-10 16:12:26 - [TEST_STEP][PASSED] - comment: move to TC 4]]></system-out>
         <system-err><![CDATA[]]></system-err>
      </testcase>
      <testcase name="Test Cases/Story 35 and 921 -Tambah Barang/35 TC 4" classname="Test Cases/Story 35 and 921 -Tambah Barang/35 TC 4" status="FAILED">
         <failure type="FAILED" message="Unable to scroll to text 'Stok Rendah *' (Root cause: org.openqa.selenium.NoSuchElementException: An element could not be located on the page using the given search parameters. (WARNING: The server did not provide any stacktrace information)
Command duration or timeout: 0 milliseconds
For documentation on this error, please visit: http://seleniumhq.org/exceptions/no_such_element.html
Build info: version: '3.7.1', revision: '8a0099a', time: '2017-11-06T21:07:36.161Z'
System info: host: 'NBMP18A211ITSQA', ip: '192.168.62.1', os.name: 'Windows 10', os.arch: 'amd64', os.version: '10.0', java.version: '1.8.0_102'
Driver info: com.kms.katalon.core.appium.driver.SwipeableAndroidDriver
Capabilities {app: C:\Users\AV2017005903\Docum..., appActivity: com.btpn_mpos_rn.react_brid..., appPackage: com.btpn.appbisnis.sit, appWaitActivity: *, appWaitPackage: com.btpn.appbisnis.sit, autoGrantPermissions: true, databaseEnabled: false, desired: {app: C:\Users\AV2017005903\Docum..., appWaitActivity: *, autoGrantPermissions: true, deviceId: 6e4df14, deviceName: OPPO A37f (Android 5.1.1), fullReset: true, newCommandTimeout: 1800, noReset: false, platform: ANDROID, platformName: Android, udid: 6e4df14}, deviceId: 6e4df14, deviceManufacturer: OPPO, deviceModel: A37f, deviceName: 6e4df14, deviceScreenSize: 720x1280, deviceUDID: 6e4df14, fullReset: true, javascriptEnabled: true, locationContextEnabled: false, networkConnectionEnabled: true, newCommandTimeout: 1800, noReset: false, platform: ANDROID, platformName: ANDROID, platformVersion: 5.1.1, takesScreenshot: true, udid: 6e4df14, warnings: {}, webStorageEnabled: false}
Session ID: c11dba82-28ef-4d6a-a04f-6e11d2c1113c
*** Element info: {Using=-android uiautomator, value=new UiScrollable(new UiSelector().scrollable(true).instance(0)).scrollIntoView(new UiSelector().textContains(&quot;Stok Rendah *&quot;))})"/>
         <system-out><![CDATA[2018-07-10 16:12:26 - [TEST_CASE][FAILED] - Test Cases/Story 35 and 921 -Tambah Barang/35 TC 4: Test Cases/Story 35 and 921 -Tambah Barang/35 TC 4 FAILED because (of) Unable to scroll to text 'Stok Rendah *' (Root cause: org.openqa.selenium.NoSuchElementException: An element could not be located on the page using the given search parameters. (WARNING: The server did not provide any stacktrace information)
Command duration or timeout: 0 milliseconds
For documentation on this error, please visit: http://seleniumhq.org/exceptions/no_such_element.html
Build info: version: '3.7.1', revision: '8a0099a', time: '2017-11-06T21:07:36.161Z'
System info: host: 'NBMP18A211ITSQA', ip: '192.168.62.1', os.name: 'Windows 10', os.arch: 'amd64', os.version: '10.0', java.version: '1.8.0_102'
Driver info: com.kms.katalon.core.appium.driver.SwipeableAndroidDriver
Capabilities {app: C:\Users\AV2017005903\Docum..., appActivity: com.btpn_mpos_rn.react_brid..., appPackage: com.btpn.appbisnis.sit, appWaitActivity: *, appWaitPackage: com.btpn.appbisnis.sit, autoGrantPermissions: true, databaseEnabled: false, desired: {app: C:\Users\AV2017005903\Docum..., appWaitActivity: *, autoGrantPermissions: true, deviceId: 6e4df14, deviceName: OPPO A37f (Android 5.1.1), fullReset: true, newCommandTimeout: 1800, noReset: false, platform: ANDROID, platformName: Android, udid: 6e4df14}, deviceId: 6e4df14, deviceManufacturer: OPPO, deviceModel: A37f, deviceName: 6e4df14, deviceScreenSize: 720x1280, deviceUDID: 6e4df14, fullReset: true, javascriptEnabled: true, locationContextEnabled: false, networkConnectionEnabled: true, newCommandTimeout: 1800, noReset: false, platform: ANDROID, platformName: ANDROID, platformVersion: 5.1.1, takesScreenshot: true, udid: 6e4df14, warnings: {}, webStorageEnabled: false}
Session ID: c11dba82-28ef-4d6a-a04f-6e11d2c1113c
*** Element info: {Using=-android uiautomator, value=new UiScrollable(new UiSelector().scrollable(true).instance(0)).scrollIntoView(new UiSelector().textContains("Stok Rendah *"))})

2018-07-10 16:12:26 - [TEST_STEP][PASSED] - comment: Check Mandatory field

2018-07-10 16:12:26 - [TEST_STEP][PASSED] - waitForElementPresent: Element 'Object Repository/Sidebar Menu/Produk/Tambah Barang/Simpan Button' is present

2018-07-10 16:12:29 - [MESSAGE][PASSED] - Element 'Object Repository/Sidebar Menu/Produk/Tambah Barang/Simpan Button' is present

2018-07-10 16:12:29 - [TEST_STEP][PASSED] - verifyElementAttributeValue: Object 'Object Repository/Sidebar Menu/Produk/Tambah Barang/Simpan Button' has attribute 'content-desc' with value 'productSubmitBtn'

2018-07-10 16:12:29 - [MESSAGE][WARNING] - Timeout '0' is invalid. Using default page load timeout: '30'

2018-07-10 16:12:34 - [MESSAGE][PASSED] - Object 'Object Repository/Sidebar Menu/Produk/Tambah Barang/Simpan Button' has attribute 'content-desc' with value 'productSubmitBtn'

2018-07-10 16:12:34 - [TEST_STEP][PASSED] - tap: Tapped on element 'Object Repository/Sidebar Menu/Produk/Tambah Barang/Simpan Button'

2018-07-10 16:12:44 - [MESSAGE][PASSED] - Tapped on element 'Object Repository/Sidebar Menu/Produk/Tambah Barang/Simpan Button'

2018-07-10 16:12:44 - [TEST_STEP][PASSED] - Statement - ErMsg = com.kms.katalon.core.mobile.keyword.MobileBuiltInKeywords.getText(com.kms.katalon.core.testobject.ObjectRepository.findTestObject(Sidebar Menu/Produk/Tambah Barang/Error Message - Nama Barang field), 5): Text of element 'Object Repository/Sidebar Menu/Produk/Tambah Barang/Error Message - Nama Barang field' is: 'Nama Barang is required'

2018-07-10 16:12:52 - [MESSAGE][PASSED] - Text of element 'Object Repository/Sidebar Menu/Produk/Tambah Barang/Error Message - Nama Barang field' is: 'Nama Barang is required'

2018-07-10 16:12:52 - [TEST_STEP][PASSED] - verifyEqual: Actual object 'Nama Barang is required' and expected object 'Nama Barang is required' are equal

2018-07-10 16:12:52 - [MESSAGE][PASSED] - Actual object 'Nama Barang is required' and expected object 'Nama Barang is required' are equal

2018-07-10 16:12:52 - [TEST_STEP][FAILED] - scrollToText: Unable to scroll to text 'Stok Rendah *' (Root cause: org.openqa.selenium.NoSuchElementException: An element could not be located on the page using the given search parameters. (WARNING: The server did not provide any stacktrace information)
Command duration or timeout: 0 milliseconds
For documentation on this error, please visit: http://seleniumhq.org/exceptions/no_such_element.html
Build info: version: '3.7.1', revision: '8a0099a', time: '2017-11-06T21:07:36.161Z'
System info: host: 'NBMP18A211ITSQA', ip: '192.168.62.1', os.name: 'Windows 10', os.arch: 'amd64', os.version: '10.0', java.version: '1.8.0_102'
Driver info: com.kms.katalon.core.appium.driver.SwipeableAndroidDriver
Capabilities {app: C:\Users\AV2017005903\Docum..., appActivity: com.btpn_mpos_rn.react_brid..., appPackage: com.btpn.appbisnis.sit, appWaitActivity: *, appWaitPackage: com.btpn.appbisnis.sit, autoGrantPermissions: true, databaseEnabled: false, desired: {app: C:\Users\AV2017005903\Docum..., appWaitActivity: *, autoGrantPermissions: true, deviceId: 6e4df14, deviceName: OPPO A37f (Android 5.1.1), fullReset: true, newCommandTimeout: 1800, noReset: false, platform: ANDROID, platformName: Android, udid: 6e4df14}, deviceId: 6e4df14, deviceManufacturer: OPPO, deviceModel: A37f, deviceName: 6e4df14, deviceScreenSize: 720x1280, deviceUDID: 6e4df14, fullReset: true, javascriptEnabled: true, locationContextEnabled: false, networkConnectionEnabled: true, newCommandTimeout: 1800, noReset: false, platform: ANDROID, platformName: ANDROID, platformVersion: 5.1.1, takesScreenshot: true, udid: 6e4df14, warnings: {}, webStorageEnabled: false}
Session ID: c11dba82-28ef-4d6a-a04f-6e11d2c1113c
*** Element info: {Using=-android uiautomator, value=new UiScrollable(new UiSelector().scrollable(true).instance(0)).scrollIntoView(new UiSelector().textContains("Stok Rendah *"))})

2018-07-10 16:13:15 - [MESSAGE][FAILED] - Unable to scroll to text 'Stok Rendah *' (Root cause: org.openqa.selenium.NoSuchElementException: An element could not be located on the page using the given search parameters. (WARNING: The server did not provide any stacktrace information)
Command duration or timeout: 0 milliseconds
For documentation on this error, please visit: http://seleniumhq.org/exceptions/no_such_element.html
Build info: version: '3.7.1', revision: '8a0099a', time: '2017-11-06T21:07:36.161Z'
System info: host: 'NBMP18A211ITSQA', ip: '192.168.62.1', os.name: 'Windows 10', os.arch: 'amd64', os.version: '10.0', java.version: '1.8.0_102'
Driver info: com.kms.katalon.core.appium.driver.SwipeableAndroidDriver
Capabilities {app: C:\Users\AV2017005903\Docum..., appActivity: com.btpn_mpos_rn.react_brid..., appPackage: com.btpn.appbisnis.sit, appWaitActivity: *, appWaitPackage: com.btpn.appbisnis.sit, autoGrantPermissions: true, databaseEnabled: false, desired: {app: C:\Users\AV2017005903\Docum..., appWaitActivity: *, autoGrantPermissions: true, deviceId: 6e4df14, deviceName: OPPO A37f (Android 5.1.1), fullReset: true, newCommandTimeout: 1800, noReset: false, platform: ANDROID, platformName: Android, udid: 6e4df14}, deviceId: 6e4df14, deviceManufacturer: OPPO, deviceModel: A37f, deviceName: 6e4df14, deviceScreenSize: 720x1280, deviceUDID: 6e4df14, fullReset: true, javascriptEnabled: true, locationContextEnabled: false, networkConnectionEnabled: true, newCommandTimeout: 1800, noReset: false, platform: ANDROID, platformName: ANDROID, platformVersion: 5.1.1, takesScreenshot: true, udid: 6e4df14, warnings: {}, webStorageEnabled: false}
Session ID: c11dba82-28ef-4d6a-a04f-6e11d2c1113c
*** Element info: {Using=-android uiautomator, value=new UiScrollable(new UiSelector().scrollable(true).instance(0)).scrollIntoView(new UiSelector().textContains("Stok Rendah *"))})
[[ATTACHMENT|C:\\Users\\AV2017005903\\Documents\\apollo-automation\\Reports\\Story 35 - Tambah Barang\\20180710_160055\\1531213993632.png]]

2018-07-10 16:13:15 - [TEST_STEP][PASSED] - delay: Delayed 5 second(s)

2018-07-10 16:13:20 - [MESSAGE][PASSED] - Delayed 5 second(s)

2018-07-10 16:13:20 - [TEST_STEP][PASSED] - scrollToText: Scrolling to text 'Pilih Kategori' successfully

2018-07-10 16:13:22 - [MESSAGE][PASSED] - Scrolling to text 'Pilih Kategori' successfully

2018-07-10 16:13:22 - [TEST_STEP][PASSED] - Statement - ErMsg1 = com.kms.katalon.core.mobile.keyword.MobileBuiltInKeywords.getText(com.kms.katalon.core.testobject.ObjectRepository.findTestObject(Sidebar Menu/Produk/Tambah Barang/Error Message - Kategori field), 5): Text of element 'Object Repository/Sidebar Menu/Produk/Tambah Barang/Error Message - Kategori field' is: 'Kategori is required'

2018-07-10 16:13:27 - [MESSAGE][PASSED] - Text of element 'Object Repository/Sidebar Menu/Produk/Tambah Barang/Error Message - Kategori field' is: 'Kategori is required'

2018-07-10 16:13:27 - [TEST_STEP][PASSED] - verifyEqual: Actual object 'Kategori is required' and expected object 'Kategori is required' are equal

2018-07-10 16:13:27 - [MESSAGE][PASSED] - Actual object 'Kategori is required' and expected object 'Kategori is required' are equal

2018-07-10 16:13:27 - [TEST_STEP][PASSED] - Statement - ErMsg1 = com.kms.katalon.core.mobile.keyword.MobileBuiltInKeywords.getText(com.kms.katalon.core.testobject.ObjectRepository.findTestObject(Sidebar Menu/Produk/Tambah Barang/Error Message - Harga Beli filed), 5): Text of element 'Object Repository/Sidebar Menu/Produk/Tambah Barang/Error Message - Harga Beli filed' is: 'Mohon diisi'

2018-07-10 16:13:31 - [MESSAGE][PASSED] - Text of element 'Object Repository/Sidebar Menu/Produk/Tambah Barang/Error Message - Harga Beli filed' is: 'Mohon diisi'

2018-07-10 16:13:31 - [TEST_STEP][PASSED] - verifyEqual: Actual object 'Mohon diisi' and expected object 'Mohon diisi' are equal

2018-07-10 16:13:31 - [MESSAGE][PASSED] - Actual object 'Mohon diisi' and expected object 'Mohon diisi' are equal

2018-07-10 16:13:31 - [TEST_STEP][PASSED] - Statement - ErMsg1 = com.kms.katalon.core.mobile.keyword.MobileBuiltInKeywords.getText(com.kms.katalon.core.testobject.ObjectRepository.findTestObject(Sidebar Menu/Produk/Tambah Barang/Error Message - Harga Jual field), 5): Text of element 'Object Repository/Sidebar Menu/Produk/Tambah Barang/Error Message - Harga Jual field' is: 'Mohon diisi'

2018-07-10 16:13:35 - [MESSAGE][PASSED] - Text of element 'Object Repository/Sidebar Menu/Produk/Tambah Barang/Error Message - Harga Jual field' is: 'Mohon diisi'

2018-07-10 16:13:35 - [TEST_STEP][PASSED] - verifyEqual: Actual object 'Mohon diisi' and expected object 'Mohon diisi' are equal

2018-07-10 16:13:35 - [MESSAGE][PASSED] - Actual object 'Mohon diisi' and expected object 'Mohon diisi' are equal

2018-07-10 16:13:35 - [TEST_STEP][PASSED] - delay: Delayed 5 second(s)

2018-07-10 16:13:40 - [MESSAGE][PASSED] - Delayed 5 second(s)

2018-07-10 16:13:40 - [TEST_STEP][PASSED] - comment: TC 4 finish]]></system-out>
         <system-err><![CDATA[2018-07-10 16:12:26 - [TEST_CASE][FAILED] - Test Cases/Story 35 and 921 -Tambah Barang/35 TC 4: Test Cases/Story 35 and 921 -Tambah Barang/35 TC 4 FAILED because (of) Unable to scroll to text 'Stok Rendah *' (Root cause: org.openqa.selenium.NoSuchElementException: An element could not be located on the page using the given search parameters. (WARNING: The server did not provide any stacktrace information)
Command duration or timeout: 0 milliseconds
For documentation on this error, please visit: http://seleniumhq.org/exceptions/no_such_element.html
Build info: version: '3.7.1', revision: '8a0099a', time: '2017-11-06T21:07:36.161Z'
System info: host: 'NBMP18A211ITSQA', ip: '192.168.62.1', os.name: 'Windows 10', os.arch: 'amd64', os.version: '10.0', java.version: '1.8.0_102'
Driver info: com.kms.katalon.core.appium.driver.SwipeableAndroidDriver
Capabilities {app: C:\Users\AV2017005903\Docum..., appActivity: com.btpn_mpos_rn.react_brid..., appPackage: com.btpn.appbisnis.sit, appWaitActivity: *, appWaitPackage: com.btpn.appbisnis.sit, autoGrantPermissions: true, databaseEnabled: false, desired: {app: C:\Users\AV2017005903\Docum..., appWaitActivity: *, autoGrantPermissions: true, deviceId: 6e4df14, deviceName: OPPO A37f (Android 5.1.1), fullReset: true, newCommandTimeout: 1800, noReset: false, platform: ANDROID, platformName: Android, udid: 6e4df14}, deviceId: 6e4df14, deviceManufacturer: OPPO, deviceModel: A37f, deviceName: 6e4df14, deviceScreenSize: 720x1280, deviceUDID: 6e4df14, fullReset: true, javascriptEnabled: true, locationContextEnabled: false, networkConnectionEnabled: true, newCommandTimeout: 1800, noReset: false, platform: ANDROID, platformName: ANDROID, platformVersion: 5.1.1, takesScreenshot: true, udid: 6e4df14, warnings: {}, webStorageEnabled: false}
Session ID: c11dba82-28ef-4d6a-a04f-6e11d2c1113c
*** Element info: {Using=-android uiautomator, value=new UiScrollable(new UiSelector().scrollable(true).instance(0)).scrollIntoView(new UiSelector().textContains("Stok Rendah *"))})]]></system-err>
      </testcase>
      <testcase name="Test Cases/Story 35 and 921 -Tambah Barang/35 TC 5" classname="Test Cases/Story 35 and 921 -Tambah Barang/35 TC 5" status="FAILED">
         <failure type="FAILED" message="Failed to set text into element (Root cause: Object Object Repository/Sidebar Menu/Produk/Tambah Barang/Nama Barang - Text Box not found)"/>
         <system-out><![CDATA[2018-07-10 16:13:40 - [TEST_CASE][FAILED] - Test Cases/Story 35 and 921 -Tambah Barang/35 TC 5: Test Cases/Story 35 and 921 -Tambah Barang/35 TC 5 FAILED because (of) Failed to set text into element (Root cause: Object Object Repository/Sidebar Menu/Produk/Tambah Barang/Nama Barang - Text Box not found)

2018-07-10 16:13:40 - [TEST_STEP][PASSED] - comment: used koordinat to swipe 

2018-07-10 16:13:40 - [TEST_STEP][PASSED] - swipe: Swiped from 242,360 to 242,743

2018-07-10 16:13:41 - [MESSAGE][PASSED] - Swiped from 242,360 to 242,743

2018-07-10 16:13:41 - [TEST_STEP][PASSED] - comment: TC 5

2018-07-10 16:13:41 - [TEST_STEP][PASSED] - waitForElementPresent: Object Object Repository/Sidebar Menu/Produk/Tambah Barang/Nama Barang - Text Box not found

2018-07-10 16:13:48 - [MESSAGE][WARNING] - Object Object Repository/Sidebar Menu/Produk/Tambah Barang/Nama Barang - Text Box not found

2018-07-10 16:13:48 - [TEST_STEP][PASSED] - verifyElementAttributeValue: Element 'Object Repository/Sidebar Menu/Produk/Tambah Barang/Nama Barang - Text Box' not found

2018-07-10 16:13:48 - [MESSAGE][WARNING] - Timeout '0' is invalid. Using default page load timeout: '30'

2018-07-10 16:13:50 - [MESSAGE][WARNING] - Element 'Object Repository/Sidebar Menu/Produk/Tambah Barang/Nama Barang - Text Box' not found

2018-07-10 16:13:50 - [TEST_STEP][FAILED] - setText: Failed to set text into element (Root cause: Object Object Repository/Sidebar Menu/Produk/Tambah Barang/Nama Barang - Text Box not found)

2018-07-10 16:14:03 - [MESSAGE][FAILED] - Object Object Repository/Sidebar Menu/Produk/Tambah Barang/Nama Barang - Text Box not found
[[ATTACHMENT|C:\\Users\\AV2017005903\\Documents\\apollo-automation\\Reports\\Story 35 - Tambah Barang\\20180710_160055\\1531214042328.png]]

2018-07-10 16:14:05 - [MESSAGE][FAILED] - Failed to set text into element (Root cause: Object Object Repository/Sidebar Menu/Produk/Tambah Barang/Nama Barang - Text Box not found)
[[ATTACHMENT|C:\\Users\\AV2017005903\\Documents\\apollo-automation\\Reports\\Story 35 - Tambah Barang\\20180710_160055\\1531214043850.png]]]]></system-out>
         <system-err><![CDATA[2018-07-10 16:13:40 - [TEST_CASE][FAILED] - Test Cases/Story 35 and 921 -Tambah Barang/35 TC 5: Test Cases/Story 35 and 921 -Tambah Barang/35 TC 5 FAILED because (of) Failed to set text into element (Root cause: Object Object Repository/Sidebar Menu/Produk/Tambah Barang/Nama Barang - Text Box not found)]]></system-err>
      </testcase>
      <system-out><![CDATA[2018-07-10 16:00:58 - [TEST_SUITE][FAILED] - Story 35 - Tambah Barang: Test Cases/Story 35 and 921 -Tambah Barang/35 TC 4 FAILED because (of) Unable to scroll to text 'Stok Rendah *' (Root cause: org.openqa.selenium.NoSuchElementException: An element could not be located on the page using the given search parameters. (WARNING: The server did not provide any stacktrace information)
Command duration or timeout: 0 milliseconds
For documentation on this error, please visit: http://seleniumhq.org/exceptions/no_such_element.html
Build info: version: '3.7.1', revision: '8a0099a', time: '2017-11-06T21:07:36.161Z'
System info: host: 'NBMP18A211ITSQA', ip: '192.168.62.1', os.name: 'Windows 10', os.arch: 'amd64', os.version: '10.0', java.version: '1.8.0_102'
Driver info: com.kms.katalon.core.appium.driver.SwipeableAndroidDriver
Capabilities {app: C:\Users\AV2017005903\Docum..., appActivity: com.btpn_mpos_rn.react_brid..., appPackage: com.btpn.appbisnis.sit, appWaitActivity: *, appWaitPackage: com.btpn.appbisnis.sit, autoGrantPermissions: true, databaseEnabled: false, desired: {app: C:\Users\AV2017005903\Docum..., appWaitActivity: *, autoGrantPermissions: true, deviceId: 6e4df14, deviceName: OPPO A37f (Android 5.1.1), fullReset: true, newCommandTimeout: 1800, noReset: false, platform: ANDROID, platformName: Android, udid: 6e4df14}, deviceId: 6e4df14, deviceManufacturer: OPPO, deviceModel: A37f, deviceName: 6e4df14, deviceScreenSize: 720x1280, deviceUDID: 6e4df14, fullReset: true, javascriptEnabled: true, locationContextEnabled: false, networkConnectionEnabled: true, newCommandTimeout: 1800, noReset: false, platform: ANDROID, platformName: ANDROID, platformVersion: 5.1.1, takesScreenshot: true, udid: 6e4df14, warnings: {}, webStorageEnabled: false}
Session ID: c11dba82-28ef-4d6a-a04f-6e11d2c1113c
*** Element info: {Using=-android uiautomator, value=new UiScrollable(new UiSelector().scrollable(true).instance(0)).scrollIntoView(new UiSelector().textContains("Stok Rendah *"))})]]></system-out>
      <system-err><![CDATA[2018-07-10 16:00:58 - [TEST_SUITE][FAILED] - Story 35 - Tambah Barang: Test Cases/Story 35 and 921 -Tambah Barang/35 TC 4 FAILED because (of) Unable to scroll to text 'Stok Rendah *' (Root cause: org.openqa.selenium.NoSuchElementException: An element could not be located on the page using the given search parameters. (WARNING: The server did not provide any stacktrace information)
Command duration or timeout: 0 milliseconds
For documentation on this error, please visit: http://seleniumhq.org/exceptions/no_such_element.html
Build info: version: '3.7.1', revision: '8a0099a', time: '2017-11-06T21:07:36.161Z'
System info: host: 'NBMP18A211ITSQA', ip: '192.168.62.1', os.name: 'Windows 10', os.arch: 'amd64', os.version: '10.0', java.version: '1.8.0_102'
Driver info: com.kms.katalon.core.appium.driver.SwipeableAndroidDriver
Capabilities {app: C:\Users\AV2017005903\Docum..., appActivity: com.btpn_mpos_rn.react_brid..., appPackage: com.btpn.appbisnis.sit, appWaitActivity: *, appWaitPackage: com.btpn.appbisnis.sit, autoGrantPermissions: true, databaseEnabled: false, desired: {app: C:\Users\AV2017005903\Docum..., appWaitActivity: *, autoGrantPermissions: true, deviceId: 6e4df14, deviceName: OPPO A37f (Android 5.1.1), fullReset: true, newCommandTimeout: 1800, noReset: false, platform: ANDROID, platformName: Android, udid: 6e4df14}, deviceId: 6e4df14, deviceManufacturer: OPPO, deviceModel: A37f, deviceName: 6e4df14, deviceScreenSize: 720x1280, deviceUDID: 6e4df14, fullReset: true, javascriptEnabled: true, locationContextEnabled: false, networkConnectionEnabled: true, newCommandTimeout: 1800, noReset: false, platform: ANDROID, platformName: ANDROID, platformVersion: 5.1.1, takesScreenshot: true, udid: 6e4df14, warnings: {}, webStorageEnabled: false}
Session ID: c11dba82-28ef-4d6a-a04f-6e11d2c1113c
*** Element info: {Using=-android uiautomator, value=new UiScrollable(new UiSelector().scrollable(true).instance(0)).scrollIntoView(new UiSelector().textContains("Stok Rendah *"))})]]></system-err>
   </testsuite>
</testsuites>
