<?xml version="1.0" encoding="UTF-8"?>
<testsuites name="Showcase" time="173" tests="1" failures="0" errors="0">
   <testsuite name="Showcase" tests="1" failures="0" errors="0" time="173" timestamp="2018-02-15 12:13:59" hostname="AV2017005903 - NBMP18A211ITSQA.corp.bankbtpn.co.id" id="Test Suites/Showcase">
      <properties>
         <property name="deviceName" value="asus ASUS_X014D 5.1.1"/>
         <property name="devicePlatform" value=""/>
         <property name="logFolder" value="C:\\Users\\AV2017005903\\Documents\\Apollo Test\\Reports\\Showcase\\20180215_121357"/>
         <property name="logFiles" value="C:\\Users\\AV2017005903\\Documents\\Apollo Test\\Reports\\Showcase\\20180215_121357\\appium.log, C:\\Users\\AV2017005903\\Documents\\Apollo Test\\Reports\\Showcase\\20180215_121357\\execution0.log"/>
         <property name="attachments" value="C:\\Users\\AV2017005903\\Documents\\Apollo Test\\screenhoot\\AP.png"/>
         <property name="hostName" value="AV2017005903 - NBMP18A211ITSQA.corp.bankbtpn.co.id"/>
         <property name="os" value="Windows 10 64bit"/>
         <property name="katalonVersion" value="5.0.0.1"/>
         <property name="deviceOS" value="Android"/>
         <property name="appiumVersion" value="1.6.5"/>
         <property name="deviceModel" value="ASUS_X014D"/>
         <property name="hostAddress" value="10.5.109.237"/>
         <property name="deviceManufacturer" value="asus"/>
         <property name="deviceId" value="GBAXGV411465ERX"/>
         <property name="deviceName" value="asus ASUS_X014D 5.1.1"/>
         <property name="deviceOSVersion" value="5.1.1"/>
      </properties>
      <testcase name="Test Cases/Show/Show Test Case" classname="Test Cases/Show/Show Test Case" status="PASSED">
         <system-out><![CDATA[2018-02-15 12:13:59 - [TEST_CASE][PASSED] - Test Cases/Show/Show Test Case: Test Cases/Show/Show Test Case

2018-02-15 12:14:00 - [TEST_STEP][PASSED] - comment: Start Show

2018-02-15 12:14:00 - [TEST_STEP][PASSED] - comment: Tambah Barang

2018-02-15 12:14:00 - [TEST_STEP][PASSED] - startApplication: Started app at: 'C:\Users\AV2017005903\Documents\Apollo Test\SIT v-8.apk'

2018-02-15 12:14:31 - [MESSAGE][PASSED] - Started app at: 'C:\Users\AV2017005903\Documents\Apollo Test\SIT v-8.apk'

2018-02-15 12:14:31 - [TEST_STEP][PASSED] - tap: Tapped on element 'Object Repository/Login/Daftar Sekarang - Belum Punya Akun'

2018-02-15 12:14:38 - [MESSAGE][PASSED] - Tapped on element 'Object Repository/Login/Daftar Sekarang - Belum Punya Akun'

2018-02-15 12:14:38 - [TEST_STEP][NOT_RUN] - tap: NOT_RUN: tap

2018-02-15 12:14:38 - [MESSAGE][NOT_RUN] - NOT_RUN: tap

2018-02-15 12:14:38 - [TEST_STEP][NOT_RUN] - setText: NOT_RUN: setText

2018-02-15 12:14:38 - [MESSAGE][NOT_RUN] - NOT_RUN: setText

2018-02-15 12:14:38 - [TEST_STEP][NOT_RUN] - hideKeyboard: NOT_RUN: hideKeyboard

2018-02-15 12:14:38 - [MESSAGE][NOT_RUN] - NOT_RUN: hideKeyboard

2018-02-15 12:14:38 - [TEST_STEP][NOT_RUN] - tap: NOT_RUN: tap

2018-02-15 12:14:38 - [MESSAGE][NOT_RUN] - NOT_RUN: tap

2018-02-15 12:14:38 - [TEST_STEP][NOT_RUN] - waitForElementPresent: NOT_RUN: waitForElementPresent

2018-02-15 12:14:38 - [MESSAGE][NOT_RUN] - NOT_RUN: waitForElementPresent

2018-02-15 12:14:38 - [TEST_STEP][NOT_RUN] - tap: NOT_RUN: tap

2018-02-15 12:14:38 - [MESSAGE][NOT_RUN] - NOT_RUN: tap

2018-02-15 12:14:38 - [TEST_STEP][NOT_RUN] - setText: NOT_RUN: setText

2018-02-15 12:14:38 - [MESSAGE][NOT_RUN] - NOT_RUN: setText

2018-02-15 12:14:38 - [TEST_STEP][PASSED] - waitForElementPresent: Element 'Object Repository/Sidebar Menu/HamburgerButton' is present

2018-02-15 12:14:41 - [MESSAGE][PASSED] - Element 'Object Repository/Sidebar Menu/HamburgerButton' is present

2018-02-15 12:14:41 - [TEST_STEP][PASSED] - tap: Tapped on element 'Object Repository/Sidebar Menu/HamburgerButton'

2018-02-15 12:14:43 - [MESSAGE][PASSED] - Tapped on element 'Object Repository/Sidebar Menu/HamburgerButton'

2018-02-15 12:14:43 - [TEST_STEP][PASSED] - tap: Tapped on element 'Object Repository/Sidebar Menu/Operasional/Operasional - Sidebar Menu'

2018-02-15 12:14:44 - [MESSAGE][PASSED] - Tapped on element 'Object Repository/Sidebar Menu/Operasional/Operasional - Sidebar Menu'

2018-02-15 12:14:44 - [TEST_STEP][PASSED] - waitForElementPresent: Element 'Object Repository/Sidebar Menu/Operasional/Stock/Stock View/Stok - Navbar Menu' is present

2018-02-15 12:14:47 - [MESSAGE][PASSED] - Element 'Object Repository/Sidebar Menu/Operasional/Stock/Stock View/Stok - Navbar Menu' is present

2018-02-15 12:14:47 - [TEST_STEP][PASSED] - tap: Tapped on element 'Object Repository/Sidebar Menu/Operasional/Stock/Stock View/Stok - Navbar Menu'

2018-02-15 12:14:48 - [MESSAGE][PASSED] - Tapped on element 'Object Repository/Sidebar Menu/Operasional/Stock/Stock View/Stok - Navbar Menu'

2018-02-15 12:14:48 - [TEST_STEP][PASSED] - tap: Tapped on element 'Object Repository/Sidebar Menu/Operasional/Stock/Tambah Barang/Tambah Barang Button'

2018-02-15 12:14:51 - [MESSAGE][PASSED] - Tapped on element 'Object Repository/Sidebar Menu/Operasional/Stock/Tambah Barang/Tambah Barang Button'

2018-02-15 12:14:51 - [TEST_STEP][PASSED] - Statement - For (def index : (0..4)): Tapped on element 'Object Repository/Sidebar Menu/Operasional/Stock/Tambah Barang/PlusTap - JumlaH Stock'

2018-02-15 12:14:51 - [TEST_STEP][PASSED] - tap: Tapped on element 'Object Repository/Sidebar Menu/Operasional/Stock/Tambah Barang/PlusTap - JumlaH Stock'

2018-02-15 12:14:54 - [MESSAGE][PASSED] - Tapped on element 'Object Repository/Sidebar Menu/Operasional/Stock/Tambah Barang/PlusTap - JumlaH Stock'

2018-02-15 12:14:54 - [TEST_STEP][PASSED] - tap: Tapped on element 'Object Repository/Sidebar Menu/Operasional/Stock/Tambah Barang/PlusTap - JumlaH Stock'

2018-02-15 12:14:56 - [MESSAGE][PASSED] - Tapped on element 'Object Repository/Sidebar Menu/Operasional/Stock/Tambah Barang/PlusTap - JumlaH Stock'

2018-02-15 12:14:56 - [TEST_STEP][PASSED] - tap: Tapped on element 'Object Repository/Sidebar Menu/Operasional/Stock/Tambah Barang/PlusTap - JumlaH Stock'

2018-02-15 12:14:57 - [MESSAGE][PASSED] - Tapped on element 'Object Repository/Sidebar Menu/Operasional/Stock/Tambah Barang/PlusTap - JumlaH Stock'

2018-02-15 12:14:57 - [TEST_STEP][PASSED] - tap: Tapped on element 'Object Repository/Sidebar Menu/Operasional/Stock/Tambah Barang/PlusTap - JumlaH Stock'

2018-02-15 12:14:58 - [MESSAGE][PASSED] - Tapped on element 'Object Repository/Sidebar Menu/Operasional/Stock/Tambah Barang/PlusTap - JumlaH Stock'

2018-02-15 12:14:58 - [TEST_STEP][PASSED] - tap: Tapped on element 'Object Repository/Sidebar Menu/Operasional/Stock/Tambah Barang/PlusTap - JumlaH Stock'

2018-02-15 12:15:00 - [MESSAGE][PASSED] - Tapped on element 'Object Repository/Sidebar Menu/Operasional/Stock/Tambah Barang/PlusTap - JumlaH Stock'

2018-02-15 12:15:00 - [TEST_STEP][PASSED] - tap: Tapped on element 'Object Repository/Sidebar Menu/Operasional/Stock/Tambah Barang/SKU Produk - Text Box'

2018-02-15 12:15:02 - [MESSAGE][PASSED] - Tapped on element 'Object Repository/Sidebar Menu/Operasional/Stock/Tambah Barang/SKU Produk - Text Box'

2018-02-15 12:15:02 - [TEST_STEP][PASSED] - setText: Text '123456345' has been set to element 'Object Repository/Sidebar Menu/Operasional/Stock/Tambah Barang/SKU Produk - Text Box'

2018-02-15 12:15:16 - [MESSAGE][PASSED] - Text '123456345' has been set to element 'Object Repository/Sidebar Menu/Operasional/Stock/Tambah Barang/SKU Produk - Text Box'

2018-02-15 12:15:16 - [TEST_STEP][PASSED] - verifyElementText: Actual text and expected text of test object 'Object Repository/Sidebar Menu/Operasional/Stock/Tambah Barang/SKU Produk - Text Box' are matched.

2018-02-15 12:15:17 - [MESSAGE][PASSED] - Actual text and expected text of test object 'Object Repository/Sidebar Menu/Operasional/Stock/Tambah Barang/SKU Produk - Text Box' are matched.

2018-02-15 12:15:17 - [TEST_STEP][PASSED] - getText: Text of element 'Object Repository/Sidebar Menu/Operasional/Stock/Tambah Barang/SKU Produk - Text Box' is: '123456345'

2018-02-15 12:15:18 - [MESSAGE][PASSED] - Text of element 'Object Repository/Sidebar Menu/Operasional/Stock/Tambah Barang/SKU Produk - Text Box' is: '123456345'

2018-02-15 12:15:18 - [TEST_STEP][PASSED] - hideKeyboard: Keyboard is hidden

2018-02-15 12:15:18 - [MESSAGE][PASSED] - Keyboard is hidden

2018-02-15 12:15:19 - [TEST_STEP][PASSED] - tap: Tapped on element 'Object Repository/Sidebar Menu/Operasional/Stock/Tambah Barang/Nama Barang - Text Box'

2018-02-15 12:15:20 - [MESSAGE][PASSED] - Tapped on element 'Object Repository/Sidebar Menu/Operasional/Stock/Tambah Barang/Nama Barang - Text Box'

2018-02-15 12:15:20 - [TEST_STEP][PASSED] - setText: Text 'Kacang Sukro Pedas' has been set to element 'Object Repository/Sidebar Menu/Operasional/Stock/Tambah Barang/Nama Barang - Text Box'

2018-02-15 12:15:34 - [MESSAGE][PASSED] - Text 'Kacang Sukro Pedas' has been set to element 'Object Repository/Sidebar Menu/Operasional/Stock/Tambah Barang/Nama Barang - Text Box'

2018-02-15 12:15:34 - [TEST_STEP][PASSED] - verifyElementText: Actual text and expected text of test object 'Object Repository/Sidebar Menu/Operasional/Stock/Tambah Barang/Nama Barang - Text Box' are matched.

2018-02-15 12:15:36 - [MESSAGE][PASSED] - Actual text and expected text of test object 'Object Repository/Sidebar Menu/Operasional/Stock/Tambah Barang/Nama Barang - Text Box' are matched.

2018-02-15 12:15:36 - [TEST_STEP][PASSED] - getText: Text of element 'Object Repository/Sidebar Menu/Operasional/Stock/Tambah Barang/Nama Barang - Text Box' is: 'Kacang Sukro Pedas'

2018-02-15 12:15:36 - [MESSAGE][PASSED] - Text of element 'Object Repository/Sidebar Menu/Operasional/Stock/Tambah Barang/Nama Barang - Text Box' is: 'Kacang Sukro Pedas'

2018-02-15 12:15:36 - [TEST_STEP][PASSED] - hideKeyboard: Keyboard is hidden

2018-02-15 12:15:37 - [MESSAGE][PASSED] - Keyboard is hidden

2018-02-15 12:15:37 - [TEST_STEP][PASSED] - swipe: Swiped from 24,679 to 24,453

2018-02-15 12:15:37 - [MESSAGE][PASSED] - Swiped from 24,679 to 24,453

2018-02-15 12:15:37 - [TEST_STEP][PASSED] - waitForElementPresent: Element 'Object Repository/Sidebar Menu/Operasional/Stock/Tambah Barang/Pilih Kategori - SelectButton' is present

2018-02-15 12:15:38 - [MESSAGE][PASSED] - Element 'Object Repository/Sidebar Menu/Operasional/Stock/Tambah Barang/Pilih Kategori - SelectButton' is present

2018-02-15 12:15:38 - [TEST_STEP][PASSED] - tap: Tapped on element 'Object Repository/Sidebar Menu/Operasional/Stock/Tambah Barang/Pilih Kategori - SelectButton'

2018-02-15 12:15:39 - [MESSAGE][PASSED] - Tapped on element 'Object Repository/Sidebar Menu/Operasional/Stock/Tambah Barang/Pilih Kategori - SelectButton'

2018-02-15 12:15:39 - [TEST_STEP][PASSED] - tap: Tapped on element 'Object Repository/Sidebar Menu/Operasional/Stock/Tambah Barang/Pilih Kategori - SelectButton'

2018-02-15 12:15:40 - [MESSAGE][PASSED] - Tapped on element 'Object Repository/Sidebar Menu/Operasional/Stock/Tambah Barang/Pilih Kategori - SelectButton'

2018-02-15 12:15:40 - [TEST_STEP][PASSED] - scrollToText: Scrolling to text 'Makanan' successfully

2018-02-15 12:15:51 - [MESSAGE][PASSED] - Scrolling to text 'Makanan' successfully

2018-02-15 12:15:51 - [TEST_STEP][PASSED] - tap: Tapped on element 'Object Repository/Sidebar Menu/Operasional/Stock/Tambah Barang/android.widget.TextView6 - Makanan'

2018-02-15 12:15:52 - [MESSAGE][PASSED] - Tapped on element 'Object Repository/Sidebar Menu/Operasional/Stock/Tambah Barang/android.widget.TextView6 - Makanan'

2018-02-15 12:15:52 - [TEST_STEP][PASSED] - scrollToText: Scrolling to text 'TENTUKAN DISKON' successfully

2018-02-15 12:15:56 - [MESSAGE][PASSED] - Scrolling to text 'TENTUKAN DISKON' successfully

2018-02-15 12:15:56 - [TEST_STEP][PASSED] - tap: Tapped on element 'Object Repository/Sidebar Menu/Operasional/Stock/Tambah Barang/Harga Jual - TextBox'

2018-02-15 12:15:57 - [MESSAGE][PASSED] - Tapped on element 'Object Repository/Sidebar Menu/Operasional/Stock/Tambah Barang/Harga Jual - TextBox'

2018-02-15 12:15:57 - [TEST_STEP][PASSED] - setText: Text '100000' has been set to element 'Object Repository/Sidebar Menu/Operasional/Stock/Tambah Barang/Harga Jual - TextBox'

2018-02-15 12:16:11 - [MESSAGE][PASSED] - Text '100000' has been set to element 'Object Repository/Sidebar Menu/Operasional/Stock/Tambah Barang/Harga Jual - TextBox'

2018-02-15 12:16:11 - [TEST_STEP][PASSED] - verifyElementText: Actual text and expected text of test object 'Object Repository/Sidebar Menu/Operasional/Stock/Tambah Barang/Harga Jual - TextBox' are matched.

2018-02-15 12:16:12 - [MESSAGE][PASSED] - Actual text and expected text of test object 'Object Repository/Sidebar Menu/Operasional/Stock/Tambah Barang/Harga Jual - TextBox' are matched.

2018-02-15 12:16:12 - [TEST_STEP][PASSED] - getText: Text of element 'Object Repository/Sidebar Menu/Operasional/Stock/Tambah Barang/Harga Jual - TextBox' is: '100.000'

2018-02-15 12:16:12 - [MESSAGE][PASSED] - Text of element 'Object Repository/Sidebar Menu/Operasional/Stock/Tambah Barang/Harga Jual - TextBox' is: '100.000'

2018-02-15 12:16:12 - [TEST_STEP][PASSED] - hideKeyboard: Keyboard is hidden

2018-02-15 12:16:13 - [MESSAGE][PASSED] - Keyboard is hidden

2018-02-15 12:16:13 - [TEST_STEP][PASSED] - setText: Text '10000' has been set to element 'Object Repository/Sidebar Menu/Operasional/Stock/Tambah Barang/Nominal Diskon- TextBox'

2018-02-15 12:16:23 - [MESSAGE][PASSED] - Text '10000' has been set to element 'Object Repository/Sidebar Menu/Operasional/Stock/Tambah Barang/Nominal Diskon- TextBox'

2018-02-15 12:16:23 - [TEST_STEP][PASSED] - getText: Text of element 'Object Repository/Sidebar Menu/Operasional/Stock/Tambah Barang/Nominal Diskon- TextBox' is: '10.000'

2018-02-15 12:16:24 - [MESSAGE][PASSED] - Text of element 'Object Repository/Sidebar Menu/Operasional/Stock/Tambah Barang/Nominal Diskon- TextBox' is: '10.000'

2018-02-15 12:16:24 - [TEST_STEP][PASSED] - hideKeyboard: Keyboard is hidden

2018-02-15 12:16:25 - [MESSAGE][PASSED] - Keyboard is hidden

2018-02-15 12:16:25 - [TEST_STEP][PASSED] - tap: Tapped on element 'Object Repository/Sidebar Menu/Operasional/Stock/Tambah Barang/Simpan Button'

2018-02-15 12:16:26 - [MESSAGE][PASSED] - Tapped on element 'Object Repository/Sidebar Menu/Operasional/Stock/Tambah Barang/Simpan Button'

2018-02-15 12:16:26 - [TEST_STEP][PASSED] - delay: Delayed 2 second(s)

2018-02-15 12:16:28 - [MESSAGE][PASSED] - Delayed 2 second(s)

2018-02-15 12:16:28 - [TEST_STEP][PASSED] - takeScreenshot: Screenshot is taken

2018-02-15 12:16:30 - [MESSAGE][PASSED] - Screenshot is taken
[[ATTACHMENT|C:\\Users\\AV2017005903\\Documents\\Apollo Test\\screenhoot\\AP.png]]

2018-02-15 12:16:30 - [TEST_STEP][PASSED] - waitForElementPresent: Element 'Object Repository/Sidebar Menu/Operasional/Stock/Stock View/Cari Produk - Parent' is present

2018-02-15 12:16:31 - [MESSAGE][PASSED] - Element 'Object Repository/Sidebar Menu/Operasional/Stock/Stock View/Cari Produk - Parent' is present

2018-02-15 12:16:31 - [TEST_STEP][PASSED] - comment: Search Product

2018-02-15 12:16:31 - [TEST_STEP][PASSED] - tap: Tapped on element 'Object Repository/Sidebar Menu/Operasional/Stock/Stock View/Cari Produk - Parent'

2018-02-15 12:16:31 - [MESSAGE][PASSED] - Tapped on element 'Object Repository/Sidebar Menu/Operasional/Stock/Stock View/Cari Produk - Parent'

2018-02-15 12:16:31 - [TEST_STEP][PASSED] - setText: Text 'Kacang Sukro Pedas' has been set to element 'Object Repository/Sidebar Menu/Operasional/Stock/Stock View/Cari Produk - Parent'

2018-02-15 12:16:42 - [MESSAGE][PASSED] - Text 'Kacang Sukro Pedas' has been set to element 'Object Repository/Sidebar Menu/Operasional/Stock/Stock View/Cari Produk - Parent'

2018-02-15 12:16:42 - [TEST_STEP][PASSED] - verifyElementNotChecked: Element 'Object Repository/Sidebar Menu/Operasional/Stock/Stock View/Cari Produk - Parent' is not checked

2018-02-15 12:16:43 - [MESSAGE][PASSED] - Element 'Object Repository/Sidebar Menu/Operasional/Stock/Stock View/Cari Produk - Parent' is not checked

2018-02-15 12:16:43 - [TEST_STEP][PASSED] - getText: Text of element 'Object Repository/Sidebar Menu/Operasional/Stock/Stock View/Cari Produk - Parent' is: 'Kacang Sukro Pedas'

2018-02-15 12:16:43 - [MESSAGE][PASSED] - Text of element 'Object Repository/Sidebar Menu/Operasional/Stock/Stock View/Cari Produk - Parent' is: 'Kacang Sukro Pedas'

2018-02-15 12:16:43 - [TEST_STEP][PASSED] - delay: Delayed 3 second(s)

2018-02-15 12:16:46 - [MESSAGE][PASSED] - Delayed 3 second(s)

2018-02-15 12:16:46 - [TEST_STEP][PASSED] - tap: Tapped on element 'Object Repository/Sidebar Menu/Operasional/Stock/Detail Barang/List Produk Search - Elemen 1'

2018-02-15 12:16:46 - [MESSAGE][PASSED] - Tapped on element 'Object Repository/Sidebar Menu/Operasional/Stock/Detail Barang/List Produk Search - Elemen 1'

2018-02-15 12:16:46 - [TEST_STEP][PASSED] - delay: Delayed 3 second(s)

2018-02-15 12:16:49 - [MESSAGE][PASSED] - Delayed 3 second(s)]]></system-out>
         <system-err><![CDATA[]]></system-err>
      </testcase>
      <system-out><![CDATA[2018-02-15 12:13:59 - [TEST_SUITE][PASSED] - Showcase: Test Cases/Show/Show Test Case]]></system-out>
      <system-err><![CDATA[]]></system-err>
   </testsuite>
</testsuites>
