<?xml version="1.0" encoding="UTF-8"?>
<testsuites name="Sprint 2" time="406" tests="1" failures="1" errors="0">
   <testsuite name="Sprint 2" tests="1" failures="1" errors="0" time="406" timestamp="2018-01-18 10:27:32" hostname="AV2017005903 - NB17Q7U8IT.corp.bankbtpn.co.id" id="Test Suites/Sprint 2">
      <properties>
         <property name="deviceName" value="Xiaomi Redmi Note 3 5.0.2"/>
         <property name="devicePlatform" value=""/>
         <property name="logFolder" value="C:\\Users\\AV2017005903\\Documents\\Appolo Test\\Reports\\Sprint 2\\20180118_102730"/>
         <property name="logFiles" value="C:\\Users\\AV2017005903\\Documents\\Appolo Test\\Reports\\Sprint 2\\20180118_102730\\appium.log, C:\\Users\\AV2017005903\\Documents\\Appolo Test\\Reports\\Sprint 2\\20180118_102730\\execution0.log"/>
         <property name="attachments" value=""/>
         <property name="hostName" value="AV2017005903 - NB17Q7U8IT.corp.bankbtpn.co.id"/>
         <property name="os" value="Windows 10 64bit"/>
         <property name="katalonVersion" value="5.0.0.1"/>
         <property name="deviceOS" value="Android"/>
         <property name="appiumVersion" value="1.7.2"/>
         <property name="deviceModel" value="Redmi Note 3"/>
         <property name="hostAddress" value="192.168.120.203"/>
         <property name="deviceManufacturer" value="Xiaomi"/>
         <property name="deviceId" value="MVAQIBSCS8LN6TQW"/>
         <property name="deviceName" value="Xiaomi Redmi Note 3 5.0.2"/>
         <property name="deviceOSVersion" value="5.0.2"/>
      </properties>
      <testcase name="Test Cases/26 - TC - All" classname="Test Cases/26 - TC - All" status="PASSED">
         <system-out><![CDATA[2018-01-18 10:27:32 - [TEST_CASE][PASSED] - Test Cases/26 - TC - All: Test Cases/26 - TC - All

2018-01-18 10:27:33 - [TEST_STEP][PASSED] - comment: Start Story 26

2018-01-18 10:27:33 - [TEST_STEP][PASSED] - startApplication: Started app at: 'D:\Project Apollo\APK Appolo\Sprint 5 v-7.apk'

2018-01-18 10:28:47 - [MESSAGE][PASSED] - Started app at: 'D:\Project Apollo\APK Appolo\Sprint 5 v-7.apk'

2018-01-18 10:28:47 - [TEST_STEP][PASSED] - tap: Tapped on element 'Object Repository/Login/Nomor HP  Nama Pengguna - Text Box'

2018-01-18 10:28:49 - [MESSAGE][PASSED] - Tapped on element 'Object Repository/Login/Nomor HP  Nama Pengguna - Text Box'

2018-01-18 10:28:49 - [TEST_STEP][PASSED] - setText: Text 'y' has been set to element 'Object Repository/Login/Nomor HP  Nama Pengguna - Text Box'

2018-01-18 10:29:01 - [MESSAGE][PASSED] - Text 'y' has been set to element 'Object Repository/Login/Nomor HP  Nama Pengguna - Text Box'

2018-01-18 10:29:01 - [TEST_STEP][PASSED] - hideKeyboard: Keyboard is hidden

2018-01-18 10:29:10 - [MESSAGE][PASSED] - Keyboard is hidden

2018-01-18 10:29:12 - [TEST_STEP][PASSED] - tap: Tapped on element 'Object Repository/Login/Button Masuk'

2018-01-18 10:29:12 - [MESSAGE][PASSED] - Tapped on element 'Object Repository/Login/Button Masuk'

2018-01-18 10:29:12 - [TEST_STEP][PASSED] - waitForElementPresent: Element 'Object Repository/Login/Button Masuk' is present

2018-01-18 10:29:15 - [MESSAGE][PASSED] - Element 'Object Repository/Login/Button Masuk' is present

2018-01-18 10:29:15 - [TEST_STEP][PASSED] - tap: Tapped on element 'Object Repository/Login/Lupa Pin'

2018-01-18 10:29:15 - [MESSAGE][PASSED] - Tapped on element 'Object Repository/Login/Lupa Pin'

2018-01-18 10:29:15 - [TEST_STEP][PASSED] - tap: Tapped on element 'Object Repository/Sidebar Menu/Hamburger Button'

2018-01-18 10:29:18 - [MESSAGE][PASSED] - Tapped on element 'Object Repository/Sidebar Menu/Hamburger Button'

2018-01-18 10:29:18 - [TEST_STEP][PASSED] - tap: Tapped on element 'Object Repository/Sidebar Menu/Operasional/Operasional - Sidebar Menu'

2018-01-18 10:29:20 - [MESSAGE][PASSED] - Tapped on element 'Object Repository/Sidebar Menu/Operasional/Operasional - Sidebar Menu'

2018-01-18 10:29:20 - [TEST_STEP][PASSED] - tap: Tapped on element 'Object Repository/Sidebar Menu/Operasional/Stock/Stock View/Stok - Navbar Menu'

2018-01-18 10:29:23 - [MESSAGE][PASSED] - Tapped on element 'Object Repository/Sidebar Menu/Operasional/Stock/Stock View/Stok - Navbar Menu'

2018-01-18 10:29:23 - [TEST_STEP][PASSED] - waitForElementPresent: Element 'Object Repository/Sidebar Menu/Operasional/Stock/Stock View/Semua Kategori - Drop Down' is present

2018-01-18 10:29:24 - [MESSAGE][PASSED] - Element 'Object Repository/Sidebar Menu/Operasional/Stock/Stock View/Semua Kategori - Drop Down' is present

2018-01-18 10:29:24 - [TEST_STEP][PASSED] - tap: Tapped on element 'Object Repository/Sidebar Menu/Operasional/Stock/Stock View/Semua Kategori - Drop Down'

2018-01-18 10:29:24 - [MESSAGE][PASSED] - Tapped on element 'Object Repository/Sidebar Menu/Operasional/Stock/Stock View/Semua Kategori - Drop Down'

2018-01-18 10:29:24 - [TEST_STEP][PASSED] - tap: Tapped on element 'Object Repository/Sidebar Menu/Operasional/Stock/Stock View/List Kategori - Elemen 2'

2018-01-18 10:29:26 - [MESSAGE][PASSED] - Tapped on element 'Object Repository/Sidebar Menu/Operasional/Stock/Stock View/List Kategori - Elemen 2'

2018-01-18 10:29:26 - [TEST_STEP][PASSED] - tap: Tapped on element 'Object Repository/Sidebar Menu/Operasional/Stock/Stock View/Terapkan - Select Kategori'

2018-01-18 10:29:27 - [MESSAGE][PASSED] - Tapped on element 'Object Repository/Sidebar Menu/Operasional/Stock/Stock View/Terapkan - Select Kategori'

2018-01-18 10:29:27 - [TEST_STEP][PASSED] - tap: Tapped on element 'Object Repository/Sidebar Menu/Operasional/Stock/Stock View/Semua Kategori - Drop Down'

2018-01-18 10:29:32 - [MESSAGE][PASSED] - Tapped on element 'Object Repository/Sidebar Menu/Operasional/Stock/Stock View/Semua Kategori - Drop Down'

2018-01-18 10:29:32 - [TEST_STEP][PASSED] - scrollToText: Scrolling to text 'Makanan' successfully

2018-01-18 10:29:46 - [MESSAGE][PASSED] - Scrolling to text 'Makanan' successfully

2018-01-18 10:29:48 - [TEST_STEP][PASSED] - tap: Tapped on element 'Object Repository/Sidebar Menu/Operasional/Stock/Stock View/List Kategori - Elemen Makanan'

2018-01-18 10:29:49 - [MESSAGE][PASSED] - Tapped on element 'Object Repository/Sidebar Menu/Operasional/Stock/Stock View/List Kategori - Elemen Makanan'

2018-01-18 10:29:49 - [TEST_STEP][PASSED] - verifyElementNotChecked: Element 'Object Repository/Sidebar Menu/Operasional/Stock/Stock View/List Kategori - Elemen Makanan' is not checked

2018-01-18 10:29:49 - [MESSAGE][WARNING] - Timeout '0' is invalid. Using default page load timeout: '10'

2018-01-18 10:29:50 - [MESSAGE][PASSED] - Element 'Object Repository/Sidebar Menu/Operasional/Stock/Stock View/List Kategori - Elemen Makanan' is not checked

2018-01-18 10:29:50 - [TEST_STEP][PASSED] - tap: Tapped on element 'Object Repository/Sidebar Menu/Operasional/Stock/Stock View/Terapkan - Select Kategori'

2018-01-18 10:29:51 - [MESSAGE][PASSED] - Tapped on element 'Object Repository/Sidebar Menu/Operasional/Stock/Stock View/Terapkan - Select Kategori'

2018-01-18 10:29:51 - [TEST_STEP][PASSED] - waitForElementPresent: Element 'Object Repository/Sidebar Menu/Operasional/Stock/Stock View/Semua Kategori - Drop Down' is present

2018-01-18 10:29:52 - [MESSAGE][PASSED] - Element 'Object Repository/Sidebar Menu/Operasional/Stock/Stock View/Semua Kategori - Drop Down' is present

2018-01-18 10:29:52 - [TEST_STEP][PASSED] - tap: Tapped on element 'Object Repository/Sidebar Menu/Operasional/Stock/Stock View/Semua Kategori - Drop Down'

2018-01-18 10:29:55 - [MESSAGE][PASSED] - Tapped on element 'Object Repository/Sidebar Menu/Operasional/Stock/Stock View/Semua Kategori - Drop Down'

2018-01-18 10:29:55 - [TEST_STEP][PASSED] - tap: Tapped on element 'Object Repository/Sidebar Menu/Operasional/Stock/Stock View/Semua Kategori - Select Kategori'

2018-01-18 10:29:57 - [MESSAGE][PASSED] - Tapped on element 'Object Repository/Sidebar Menu/Operasional/Stock/Stock View/Semua Kategori - Select Kategori'

2018-01-18 10:29:57 - [TEST_STEP][PASSED] - tap: Tapped on element 'Object Repository/Sidebar Menu/Operasional/Stock/Stock View/Terapkan - Select Kategori'

2018-01-18 10:29:58 - [MESSAGE][PASSED] - Tapped on element 'Object Repository/Sidebar Menu/Operasional/Stock/Stock View/Terapkan - Select Kategori'

2018-01-18 10:29:58 - [TEST_STEP][PASSED] - tap: Tapped on element 'Object Repository/Sidebar Menu/Operasional/Stock/Stock View/Cari Produk - Parent'

2018-01-18 10:29:59 - [MESSAGE][PASSED] - Tapped on element 'Object Repository/Sidebar Menu/Operasional/Stock/Stock View/Cari Produk - Parent'

2018-01-18 10:29:59 - [TEST_STEP][PASSED] - setText: Text 'Jambu' has been set to element 'Object Repository/Sidebar Menu/Operasional/Stock/Stock View/Cari Produk - Parent'

2018-01-18 10:29:59 - [MESSAGE][WARNING] - Timeout '0' is invalid. Using default page load timeout: '10'

2018-01-18 10:30:13 - [MESSAGE][PASSED] - Text 'Jambu' has been set to element 'Object Repository/Sidebar Menu/Operasional/Stock/Stock View/Cari Produk - Parent'

2018-01-18 10:30:13 - [TEST_STEP][PASSED] - verifyElementNotChecked: Element 'Object Repository/Sidebar Menu/Operasional/Stock/Stock View/Cari Produk - Parent' is not checked

2018-01-18 10:30:16 - [MESSAGE][PASSED] - Element 'Object Repository/Sidebar Menu/Operasional/Stock/Stock View/Cari Produk - Parent' is not checked

2018-01-18 10:30:16 - [TEST_STEP][PASSED] - getText: Text of element 'Object Repository/Sidebar Menu/Operasional/Stock/Stock View/Cari Produk - Parent' is: 'Jambu'

2018-01-18 10:30:19 - [MESSAGE][PASSED] - Text of element 'Object Repository/Sidebar Menu/Operasional/Stock/Stock View/Cari Produk - Parent' is: 'Jambu'

2018-01-18 10:30:19 - [TEST_STEP][PASSED] - waitForElementPresent: Element 'Object Repository/Sidebar Menu/Operasional/Stock/Stock View/Cari Produk - Parent' is present

2018-01-18 10:30:19 - [MESSAGE][PASSED] - Element 'Object Repository/Sidebar Menu/Operasional/Stock/Stock View/Cari Produk - Parent' is present

2018-01-18 10:30:19 - [TEST_STEP][PASSED] - clearText: Element 'Object Repository/Sidebar Menu/Operasional/Stock/Stock View/Cari Produk - Parent' text is cleared

2018-01-18 10:30:22 - [MESSAGE][PASSED] - Element 'Object Repository/Sidebar Menu/Operasional/Stock/Stock View/Cari Produk - Parent' text is cleared

2018-01-18 10:30:22 - [TEST_STEP][PASSED] - tap: Tapped on element 'Object Repository/Sidebar Menu/Operasional/Stock/Stock View/Semua Kategori - Drop Down'

2018-01-18 10:30:28 - [MESSAGE][PASSED] - Tapped on element 'Object Repository/Sidebar Menu/Operasional/Stock/Stock View/Semua Kategori - Drop Down'

2018-01-18 10:30:28 - [TEST_STEP][PASSED] - scrollToText: Scrolling to text 'Makanan' successfully

2018-01-18 10:30:42 - [MESSAGE][PASSED] - Scrolling to text 'Makanan' successfully

2018-01-18 10:30:44 - [TEST_STEP][PASSED] - tap: Tapped on element 'Object Repository/Sidebar Menu/Operasional/Stock/Stock View/List Kategori - Elemen Makanan'

2018-01-18 10:30:44 - [MESSAGE][PASSED] - Tapped on element 'Object Repository/Sidebar Menu/Operasional/Stock/Stock View/List Kategori - Elemen Makanan'

2018-01-18 10:30:44 - [TEST_STEP][PASSED] - tap: Tapped on element 'Object Repository/Sidebar Menu/Operasional/Stock/Stock View/Terapkan - Select Kategori'

2018-01-18 10:30:45 - [MESSAGE][PASSED] - Tapped on element 'Object Repository/Sidebar Menu/Operasional/Stock/Stock View/Terapkan - Select Kategori'

2018-01-18 10:30:45 - [TEST_STEP][PASSED] - tap: Tapped on element 'Object Repository/Sidebar Menu/Operasional/Stock/Stock View/Cari Produk - Parent'

2018-01-18 10:30:51 - [MESSAGE][PASSED] - Tapped on element 'Object Repository/Sidebar Menu/Operasional/Stock/Stock View/Cari Produk - Parent'

2018-01-18 10:30:51 - [TEST_STEP][PASSED] - setText: Text 'Fifty Shades of Grey' has been set to element 'Object Repository/Sidebar Menu/Operasional/Stock/Stock View/Cari Produk - Parent'

2018-01-18 10:31:03 - [MESSAGE][PASSED] - Text 'Fifty Shades of Grey' has been set to element 'Object Repository/Sidebar Menu/Operasional/Stock/Stock View/Cari Produk - Parent'

2018-01-18 10:31:03 - [TEST_STEP][PASSED] - verifyElementNotChecked: Element 'Object Repository/Sidebar Menu/Operasional/Stock/Stock View/Cari Produk - Parent' is not checked

2018-01-18 10:31:05 - [MESSAGE][PASSED] - Element 'Object Repository/Sidebar Menu/Operasional/Stock/Stock View/Cari Produk - Parent' is not checked

2018-01-18 10:31:05 - [TEST_STEP][PASSED] - getText: Text of element 'Object Repository/Sidebar Menu/Operasional/Stock/Stock View/Cari Produk - Parent' is: 'Fifty Shades of Grey'

2018-01-18 10:31:06 - [MESSAGE][PASSED] - Text of element 'Object Repository/Sidebar Menu/Operasional/Stock/Stock View/Cari Produk - Parent' is: 'Fifty Shades of Grey'

2018-01-18 10:31:06 - [TEST_STEP][PASSED] - clearText: Element 'Object Repository/Sidebar Menu/Operasional/Stock/Stock View/Cari Produk - Parent' text is cleared

2018-01-18 10:31:12 - [MESSAGE][PASSED] - Element 'Object Repository/Sidebar Menu/Operasional/Stock/Stock View/Cari Produk - Parent' text is cleared

2018-01-18 10:31:12 - [TEST_STEP][PASSED] - tap: Tapped on element 'Object Repository/Sidebar Menu/Operasional/Stock/Stock View/Semua Kategori - Drop Down'

2018-01-18 10:31:14 - [MESSAGE][PASSED] - Tapped on element 'Object Repository/Sidebar Menu/Operasional/Stock/Stock View/Semua Kategori - Drop Down'

2018-01-18 10:31:14 - [TEST_STEP][PASSED] - tap: Tapped on element 'Object Repository/Sidebar Menu/Operasional/Stock/Stock View/Semua Kategori - Select Kategori'

2018-01-18 10:31:17 - [MESSAGE][PASSED] - Tapped on element 'Object Repository/Sidebar Menu/Operasional/Stock/Stock View/Semua Kategori - Select Kategori'

2018-01-18 10:31:17 - [TEST_STEP][PASSED] - tap: Tapped on element 'Object Repository/Sidebar Menu/Operasional/Stock/Stock View/Terapkan - Select Kategori'

2018-01-18 10:31:18 - [MESSAGE][PASSED] - Tapped on element 'Object Repository/Sidebar Menu/Operasional/Stock/Stock View/Terapkan - Select Kategori'

2018-01-18 10:31:18 - [TEST_STEP][PASSED] - tap: Tapped on element 'Object Repository/Sidebar Menu/Operasional/Stock/Stock View/Cari Produk - Parent'

2018-01-18 10:31:21 - [MESSAGE][PASSED] - Tapped on element 'Object Repository/Sidebar Menu/Operasional/Stock/Stock View/Cari Produk - Parent'

2018-01-18 10:31:21 - [TEST_STEP][PASSED] - setText: Text 'app' has been set to element 'Object Repository/Sidebar Menu/Operasional/Stock/Stock View/Cari Produk - Parent'

2018-01-18 10:31:31 - [MESSAGE][PASSED] - Text 'app' has been set to element 'Object Repository/Sidebar Menu/Operasional/Stock/Stock View/Cari Produk - Parent'

2018-01-18 10:31:31 - [TEST_STEP][PASSED] - verifyElementNotChecked: Element 'Object Repository/Sidebar Menu/Operasional/Stock/Stock View/Cari Produk - Parent' is not checked

2018-01-18 10:31:31 - [MESSAGE][WARNING] - Timeout '0' is invalid. Using default page load timeout: '10'

2018-01-18 10:31:32 - [MESSAGE][PASSED] - Element 'Object Repository/Sidebar Menu/Operasional/Stock/Stock View/Cari Produk - Parent' is not checked

2018-01-18 10:31:32 - [TEST_STEP][PASSED] - getText: Text of element 'Object Repository/Sidebar Menu/Operasional/Stock/Stock View/Cari Produk - Parent' is: 'app'

2018-01-18 10:31:36 - [MESSAGE][PASSED] - Text of element 'Object Repository/Sidebar Menu/Operasional/Stock/Stock View/Cari Produk - Parent' is: 'app'

2018-01-18 10:31:36 - [TEST_STEP][PASSED] - clearText: Element 'Object Repository/Sidebar Menu/Operasional/Stock/Stock View/Cari Produk - Parent' text is cleared

2018-01-18 10:31:39 - [MESSAGE][PASSED] - Element 'Object Repository/Sidebar Menu/Operasional/Stock/Stock View/Cari Produk - Parent' text is cleared

2018-01-18 10:31:39 - [TEST_STEP][PASSED] - setText: Text 'ap' has been set to element 'Object Repository/Sidebar Menu/Operasional/Stock/Stock View/Cari Produk - Parent'

2018-01-18 10:31:53 - [MESSAGE][PASSED] - Text 'ap' has been set to element 'Object Repository/Sidebar Menu/Operasional/Stock/Stock View/Cari Produk - Parent'

2018-01-18 10:31:53 - [TEST_STEP][PASSED] - getText: Text of element 'Object Repository/Sidebar Menu/Operasional/Stock/Stock View/Cari Produk - Parent' is: 'ap'

2018-01-18 10:31:55 - [MESSAGE][PASSED] - Text of element 'Object Repository/Sidebar Menu/Operasional/Stock/Stock View/Cari Produk - Parent' is: 'ap'

2018-01-18 10:31:55 - [TEST_STEP][PASSED] - verifyElementNotChecked: Element 'Object Repository/Sidebar Menu/Operasional/Stock/Stock View/Cari Produk - Parent' is not checked

2018-01-18 10:31:56 - [MESSAGE][WARNING] - Timeout '0' is invalid. Using default page load timeout: '10'

2018-01-18 10:31:56 - [MESSAGE][PASSED] - Element 'Object Repository/Sidebar Menu/Operasional/Stock/Stock View/Cari Produk - Parent' is not checked

2018-01-18 10:31:56 - [TEST_STEP][PASSED] - clearText: Element 'Object Repository/Sidebar Menu/Operasional/Stock/Stock View/Cari Produk - Parent' text is cleared

2018-01-18 10:31:59 - [MESSAGE][PASSED] - Element 'Object Repository/Sidebar Menu/Operasional/Stock/Stock View/Cari Produk - Parent' text is cleared

2018-01-18 10:31:59 - [TEST_STEP][PASSED] - setText: Text 'Rujak' has been set to element 'Object Repository/Sidebar Menu/Operasional/Stock/Stock View/Cari Produk - Parent'

2018-01-18 10:32:18 - [MESSAGE][PASSED] - Text 'Rujak' has been set to element 'Object Repository/Sidebar Menu/Operasional/Stock/Stock View/Cari Produk - Parent'

2018-01-18 10:32:18 - [TEST_STEP][PASSED] - verifyElementNotChecked: Element 'Object Repository/Sidebar Menu/Operasional/Stock/Stock View/Cari Produk - Parent' is not checked

2018-01-18 10:32:18 - [MESSAGE][WARNING] - Timeout '0' is invalid. Using default page load timeout: '10'

2018-01-18 10:32:21 - [MESSAGE][PASSED] - Element 'Object Repository/Sidebar Menu/Operasional/Stock/Stock View/Cari Produk - Parent' is not checked

2018-01-18 10:32:21 - [TEST_STEP][PASSED] - getText: Text of element 'Object Repository/Sidebar Menu/Operasional/Stock/Stock View/Cari Produk - Parent' is: 'Rujak'

2018-01-18 10:32:24 - [MESSAGE][PASSED] - Text of element 'Object Repository/Sidebar Menu/Operasional/Stock/Stock View/Cari Produk - Parent' is: 'Rujak'

2018-01-18 10:32:24 - [TEST_STEP][PASSED] - clearText: Element 'Object Repository/Sidebar Menu/Operasional/Stock/Stock View/Cari Produk - Parent' text is cleared

2018-01-18 10:32:27 - [MESSAGE][PASSED] - Element 'Object Repository/Sidebar Menu/Operasional/Stock/Stock View/Cari Produk - Parent' text is cleared

2018-01-18 10:32:27 - [TEST_STEP][PASSED] - tap: Tapped on element 'Object Repository/Sidebar Menu/Operasional/Stock/Stock View/Semua Kategori - Drop Down'

2018-01-18 10:32:31 - [MESSAGE][PASSED] - Tapped on element 'Object Repository/Sidebar Menu/Operasional/Stock/Stock View/Semua Kategori - Drop Down'

2018-01-18 10:32:31 - [TEST_STEP][PASSED] - swipe: Swiped from 120,1,178 to 120,611

2018-01-18 10:32:35 - [MESSAGE][PASSED] - Swiped from 120,1,178 to 120,611

2018-01-18 10:32:37 - [TEST_STEP][PASSED] - swipe: Swiped from 120,611 to 120,1,178

2018-01-18 10:32:45 - [MESSAGE][PASSED] - Swiped from 120,611 to 120,1,178

2018-01-18 10:32:47 - [TEST_STEP][PASSED] - tap: Tapped on element 'Object Repository/Sidebar Menu/Operasional/Stock/Stock View/Terapkan - Select Kategori'

2018-01-18 10:32:47 - [MESSAGE][PASSED] - Tapped on element 'Object Repository/Sidebar Menu/Operasional/Stock/Stock View/Terapkan - Select Kategori'

2018-01-18 10:32:47 - [TEST_STEP][PASSED] - Statement - For (def index : (0..3)): Swiped from 0,1,449 to 0,720

2018-01-18 10:32:47 - [TEST_STEP][PASSED] - swipe: Swiped from 0,1,449 to 0,720

2018-01-18 10:32:52 - [MESSAGE][PASSED] - Swiped from 0,1,449 to 0,720

2018-01-18 10:32:54 - [TEST_STEP][PASSED] - swipe: Swiped from 0,1,449 to 0,720

2018-01-18 10:32:59 - [MESSAGE][PASSED] - Swiped from 0,1,449 to 0,720

2018-01-18 10:33:02 - [TEST_STEP][PASSED] - swipe: Swiped from 0,1,449 to 0,720

2018-01-18 10:33:06 - [MESSAGE][PASSED] - Swiped from 0,1,449 to 0,720

2018-01-18 10:33:08 - [TEST_STEP][PASSED] - swipe: Swiped from 0,1,449 to 0,720

2018-01-18 10:33:15 - [MESSAGE][PASSED] - Swiped from 0,1,449 to 0,720

2018-01-18 10:33:17 - [TEST_STEP][PASSED] - comment: End Story 26]]></system-out>
         <system-err><![CDATA[]]></system-err>
      </testcase>
      <testcase name="Test Cases/35 - TC-All" classname="Test Cases/35 - TC-All" status="FAILED">
         <failure type="FAILED" message="Failed to tap on element 'Object Repository/Sidebar Menu/Operasional/Stock/Tambah Barang/PlusTap - JumlaH Stock' (Root cause: org.openqa.selenium.NoSuchElementException: An element could not be located on the page using the given search parameters. (WARNING: The server did not provide any stacktrace information)
Command duration or timeout: 11.06 seconds
For documentation on this error, please visit: http://seleniumhq.org/exceptions/no_such_element.html
Build info: version: '2.53.0', revision: '35ae25b', time: '2016-03-15 17:00:58'
System info: host: 'NB17Q7U8IT', ip: '192.168.120.203', os.name: 'Windows 10', os.arch: 'amd64', os.version: '10.0', java.version: '1.8.0_102'
Driver info: com.kms.katalon.core.appium.driver.SwipeableAndroidDriver
Capabilities [{appPackage=com.btpn.jeniuspro.dev, noReset=true, property_2=, property_1=, deviceName=MVAQIBSCS8LN6TQW, fullReset=false, platform=ANDROID, deviceUDID=MVAQIBSCS8LN6TQW, desired={app=D:\Project Apollo\APK Appolo\Sprint 5 v-7.apk, noReset=true, property_2=, newCommandTimeout=1800, property=, autoGrantPermissions=true, property_1=, udid=MVAQIBSCS8LN6TQW, platformName=Android, deviceName=Xiaomi Redmi Note 3 5.0.2, fullReset=false, platform=ANDROID}, newCommandTimeout=1800, platformVersion=5.0.2, webStorageEnabled=false, property=, takesScreenshot=true, javascriptEnabled=true, udid=MVAQIBSCS8LN6TQW, platformName=Android, deviceManufacturer=Xiaomi, app=D:\Project Apollo\APK Appolo\Sprint 5 v-7.apk, deviceScreenSize=1080x1920, networkConnectionEnabled=true, warnings={}, appWaitPackage=com.btpn.jeniuspro.dev, appWaitActivity=com.btpn_mpos_rn.MainActivity, databaseEnabled=false, appActivity=com.btpn_mpos_rn.MainActivity, locationContextEnabled=false, autoGrantPermissions=true, deviceModel=Redmi Note 3}]
Session ID: c5a82fdd-06d0-4031-90dc-c5bcff19f46e)"/>
         <system-out><![CDATA[2018-01-18 10:33:17 - [TEST_CASE][FAILED] - Test Cases/35 - TC-All: Test Cases/35 - TC-All FAILED because (of) Failed to tap on element 'Object Repository/Sidebar Menu/Operasional/Stock/Tambah Barang/PlusTap - JumlaH Stock' (Root cause: org.openqa.selenium.NoSuchElementException: An element could not be located on the page using the given search parameters. (WARNING: The server did not provide any stacktrace information)
Command duration or timeout: 11.06 seconds
For documentation on this error, please visit: http://seleniumhq.org/exceptions/no_such_element.html
Build info: version: '2.53.0', revision: '35ae25b', time: '2016-03-15 17:00:58'
System info: host: 'NB17Q7U8IT', ip: '192.168.120.203', os.name: 'Windows 10', os.arch: 'amd64', os.version: '10.0', java.version: '1.8.0_102'
Driver info: com.kms.katalon.core.appium.driver.SwipeableAndroidDriver
Capabilities [{appPackage=com.btpn.jeniuspro.dev, noReset=true, property_2=, property_1=, deviceName=MVAQIBSCS8LN6TQW, fullReset=false, platform=ANDROID, deviceUDID=MVAQIBSCS8LN6TQW, desired={app=D:\Project Apollo\APK Appolo\Sprint 5 v-7.apk, noReset=true, property_2=, newCommandTimeout=1800, property=, autoGrantPermissions=true, property_1=, udid=MVAQIBSCS8LN6TQW, platformName=Android, deviceName=Xiaomi Redmi Note 3 5.0.2, fullReset=false, platform=ANDROID}, newCommandTimeout=1800, platformVersion=5.0.2, webStorageEnabled=false, property=, takesScreenshot=true, javascriptEnabled=true, udid=MVAQIBSCS8LN6TQW, platformName=Android, deviceManufacturer=Xiaomi, app=D:\Project Apollo\APK Appolo\Sprint 5 v-7.apk, deviceScreenSize=1080x1920, networkConnectionEnabled=true, warnings={}, appWaitPackage=com.btpn.jeniuspro.dev, appWaitActivity=com.btpn_mpos_rn.MainActivity, databaseEnabled=false, appActivity=com.btpn_mpos_rn.MainActivity, locationContextEnabled=false, autoGrantPermissions=true, deviceModel=Redmi Note 3}]
Session ID: c5a82fdd-06d0-4031-90dc-c5bcff19f46e)

2018-01-18 10:33:17 - [TEST_STEP][PASSED] - comment: Start Story 35

2018-01-18 10:33:17 - [TEST_STEP][PASSED] - tap: Tapped on element 'Object Repository/Sidebar Menu/Operasional/Stock/Tambah Barang/Tambah Barang Button'

2018-01-18 10:33:19 - [MESSAGE][PASSED] - Tapped on element 'Object Repository/Sidebar Menu/Operasional/Stock/Tambah Barang/Tambah Barang Button'

2018-01-18 10:33:19 - [TEST_STEP][PASSED] - Statement - For (def index : (0..5)): Tapped on element 'Object Repository/Sidebar Menu/Operasional/Stock/Tambah Barang/Minus Tap - Jumlah Stock'

2018-01-18 10:33:19 - [TEST_STEP][PASSED] - tap: Tapped on element 'Object Repository/Sidebar Menu/Operasional/Stock/Tambah Barang/Minus Tap - Jumlah Stock'

2018-01-18 10:33:21 - [MESSAGE][PASSED] - Tapped on element 'Object Repository/Sidebar Menu/Operasional/Stock/Tambah Barang/Minus Tap - Jumlah Stock'

2018-01-18 10:33:21 - [TEST_STEP][PASSED] - tap: Tapped on element 'Object Repository/Sidebar Menu/Operasional/Stock/Tambah Barang/Minus Tap - Jumlah Stock'

2018-01-18 10:33:23 - [MESSAGE][PASSED] - Tapped on element 'Object Repository/Sidebar Menu/Operasional/Stock/Tambah Barang/Minus Tap - Jumlah Stock'

2018-01-18 10:33:23 - [TEST_STEP][PASSED] - tap: Tapped on element 'Object Repository/Sidebar Menu/Operasional/Stock/Tambah Barang/Minus Tap - Jumlah Stock'

2018-01-18 10:33:25 - [MESSAGE][PASSED] - Tapped on element 'Object Repository/Sidebar Menu/Operasional/Stock/Tambah Barang/Minus Tap - Jumlah Stock'

2018-01-18 10:33:25 - [TEST_STEP][PASSED] - tap: Tapped on element 'Object Repository/Sidebar Menu/Operasional/Stock/Tambah Barang/Minus Tap - Jumlah Stock'

2018-01-18 10:33:28 - [MESSAGE][PASSED] - Tapped on element 'Object Repository/Sidebar Menu/Operasional/Stock/Tambah Barang/Minus Tap - Jumlah Stock'

2018-01-18 10:33:28 - [TEST_STEP][PASSED] - tap: Tapped on element 'Object Repository/Sidebar Menu/Operasional/Stock/Tambah Barang/Minus Tap - Jumlah Stock'

2018-01-18 10:33:30 - [MESSAGE][PASSED] - Tapped on element 'Object Repository/Sidebar Menu/Operasional/Stock/Tambah Barang/Minus Tap - Jumlah Stock'

2018-01-18 10:33:30 - [TEST_STEP][PASSED] - tap: Tapped on element 'Object Repository/Sidebar Menu/Operasional/Stock/Tambah Barang/Minus Tap - Jumlah Stock'

2018-01-18 10:33:33 - [MESSAGE][PASSED] - Tapped on element 'Object Repository/Sidebar Menu/Operasional/Stock/Tambah Barang/Minus Tap - Jumlah Stock'

2018-01-18 10:33:33 - [TEST_STEP][FAILED] - Statement - For (def index : (0..10)): Failed to tap on element 'Object Repository/Sidebar Menu/Operasional/Stock/Tambah Barang/PlusTap - JumlaH Stock' (Root cause: org.openqa.selenium.NoSuchElementException: An element could not be located on the page using the given search parameters. (WARNING: The server did not provide any stacktrace information)
Command duration or timeout: 11.06 seconds
For documentation on this error, please visit: http://seleniumhq.org/exceptions/no_such_element.html
Build info: version: '2.53.0', revision: '35ae25b', time: '2016-03-15 17:00:58'
System info: host: 'NB17Q7U8IT', ip: '192.168.120.203', os.name: 'Windows 10', os.arch: 'amd64', os.version: '10.0', java.version: '1.8.0_102'
Driver info: com.kms.katalon.core.appium.driver.SwipeableAndroidDriver
Capabilities [{appPackage=com.btpn.jeniuspro.dev, noReset=true, property_2=, property_1=, deviceName=MVAQIBSCS8LN6TQW, fullReset=false, platform=ANDROID, deviceUDID=MVAQIBSCS8LN6TQW, desired={app=D:\Project Apollo\APK Appolo\Sprint 5 v-7.apk, noReset=true, property_2=, newCommandTimeout=1800, property=, autoGrantPermissions=true, property_1=, udid=MVAQIBSCS8LN6TQW, platformName=Android, deviceName=Xiaomi Redmi Note 3 5.0.2, fullReset=false, platform=ANDROID}, newCommandTimeout=1800, platformVersion=5.0.2, webStorageEnabled=false, property=, takesScreenshot=true, javascriptEnabled=true, udid=MVAQIBSCS8LN6TQW, platformName=Android, deviceManufacturer=Xiaomi, app=D:\Project Apollo\APK Appolo\Sprint 5 v-7.apk, deviceScreenSize=1080x1920, networkConnectionEnabled=true, warnings={}, appWaitPackage=com.btpn.jeniuspro.dev, appWaitActivity=com.btpn_mpos_rn.MainActivity, databaseEnabled=false, appActivity=com.btpn_mpos_rn.MainActivity, locationContextEnabled=false, autoGrantPermissions=true, deviceModel=Redmi Note 3}]
Session ID: c5a82fdd-06d0-4031-90dc-c5bcff19f46e)

2018-01-18 10:33:33 - [TEST_STEP][PASSED] - tap: Tapped on element 'Object Repository/Sidebar Menu/Operasional/Stock/Tambah Barang/PlusTap - JumlaH Stock'

2018-01-18 10:33:36 - [MESSAGE][PASSED] - Tapped on element 'Object Repository/Sidebar Menu/Operasional/Stock/Tambah Barang/PlusTap - JumlaH Stock'

2018-01-18 10:33:36 - [TEST_STEP][PASSED] - tap: Tapped on element 'Object Repository/Sidebar Menu/Operasional/Stock/Tambah Barang/PlusTap - JumlaH Stock'

2018-01-18 10:33:38 - [MESSAGE][PASSED] - Tapped on element 'Object Repository/Sidebar Menu/Operasional/Stock/Tambah Barang/PlusTap - JumlaH Stock'

2018-01-18 10:33:38 - [TEST_STEP][PASSED] - tap: Tapped on element 'Object Repository/Sidebar Menu/Operasional/Stock/Tambah Barang/PlusTap - JumlaH Stock'

2018-01-18 10:33:42 - [MESSAGE][PASSED] - Tapped on element 'Object Repository/Sidebar Menu/Operasional/Stock/Tambah Barang/PlusTap - JumlaH Stock'

2018-01-18 10:33:42 - [TEST_STEP][FAILED] - tap: Failed to tap on element 'Object Repository/Sidebar Menu/Operasional/Stock/Tambah Barang/PlusTap - JumlaH Stock' (Root cause: org.openqa.selenium.NoSuchElementException: An element could not be located on the page using the given search parameters. (WARNING: The server did not provide any stacktrace information)
Command duration or timeout: 11.06 seconds
For documentation on this error, please visit: http://seleniumhq.org/exceptions/no_such_element.html
Build info: version: '2.53.0', revision: '35ae25b', time: '2016-03-15 17:00:58'
System info: host: 'NB17Q7U8IT', ip: '192.168.120.203', os.name: 'Windows 10', os.arch: 'amd64', os.version: '10.0', java.version: '1.8.0_102'
Driver info: com.kms.katalon.core.appium.driver.SwipeableAndroidDriver
Capabilities [{appPackage=com.btpn.jeniuspro.dev, noReset=true, property_2=, property_1=, deviceName=MVAQIBSCS8LN6TQW, fullReset=false, platform=ANDROID, deviceUDID=MVAQIBSCS8LN6TQW, desired={app=D:\Project Apollo\APK Appolo\Sprint 5 v-7.apk, noReset=true, property_2=, newCommandTimeout=1800, property=, autoGrantPermissions=true, property_1=, udid=MVAQIBSCS8LN6TQW, platformName=Android, deviceName=Xiaomi Redmi Note 3 5.0.2, fullReset=false, platform=ANDROID}, newCommandTimeout=1800, platformVersion=5.0.2, webStorageEnabled=false, property=, takesScreenshot=true, javascriptEnabled=true, udid=MVAQIBSCS8LN6TQW, platformName=Android, deviceManufacturer=Xiaomi, app=D:\Project Apollo\APK Appolo\Sprint 5 v-7.apk, deviceScreenSize=1080x1920, networkConnectionEnabled=true, warnings={}, appWaitPackage=com.btpn.jeniuspro.dev, appWaitActivity=com.btpn_mpos_rn.MainActivity, databaseEnabled=false, appActivity=com.btpn_mpos_rn.MainActivity, locationContextEnabled=false, autoGrantPermissions=true, deviceModel=Redmi Note 3}]
Session ID: c5a82fdd-06d0-4031-90dc-c5bcff19f46e)

2018-01-18 10:34:03 - [MESSAGE][FAILED] - Failed to tap on element 'Object Repository/Sidebar Menu/Operasional/Stock/Tambah Barang/PlusTap - JumlaH Stock' (Root cause: org.openqa.selenium.NoSuchElementException: An element could not be located on the page using the given search parameters. (WARNING: The server did not provide any stacktrace information)
Command duration or timeout: 11.06 seconds
For documentation on this error, please visit: http://seleniumhq.org/exceptions/no_such_element.html
Build info: version: '2.53.0', revision: '35ae25b', time: '2016-03-15 17:00:58'
System info: host: 'NB17Q7U8IT', ip: '192.168.120.203', os.name: 'Windows 10', os.arch: 'amd64', os.version: '10.0', java.version: '1.8.0_102'
Driver info: com.kms.katalon.core.appium.driver.SwipeableAndroidDriver
Capabilities [{appPackage=com.btpn.jeniuspro.dev, noReset=true, property_2=, property_1=, deviceName=MVAQIBSCS8LN6TQW, fullReset=false, platform=ANDROID, deviceUDID=MVAQIBSCS8LN6TQW, desired={app=D:\Project Apollo\APK Appolo\Sprint 5 v-7.apk, noReset=true, property_2=, newCommandTimeout=1800, property=, autoGrantPermissions=true, property_1=, udid=MVAQIBSCS8LN6TQW, platformName=Android, deviceName=Xiaomi Redmi Note 3 5.0.2, fullReset=false, platform=ANDROID}, newCommandTimeout=1800, platformVersion=5.0.2, webStorageEnabled=false, property=, takesScreenshot=true, javascriptEnabled=true, udid=MVAQIBSCS8LN6TQW, platformName=Android, deviceManufacturer=Xiaomi, app=D:\Project Apollo\APK Appolo\Sprint 5 v-7.apk, deviceScreenSize=1080x1920, networkConnectionEnabled=true, warnings={}, appWaitPackage=com.btpn.jeniuspro.dev, appWaitActivity=com.btpn_mpos_rn.MainActivity, databaseEnabled=false, appActivity=com.btpn_mpos_rn.MainActivity, locationContextEnabled=false, autoGrantPermissions=true, deviceModel=Redmi Note 3}]
Session ID: c5a82fdd-06d0-4031-90dc-c5bcff19f46e)]]></system-out>
         <system-err><![CDATA[2018-01-18 10:33:17 - [TEST_CASE][FAILED] - Test Cases/35 - TC-All: Test Cases/35 - TC-All FAILED because (of) Failed to tap on element 'Object Repository/Sidebar Menu/Operasional/Stock/Tambah Barang/PlusTap - JumlaH Stock' (Root cause: org.openqa.selenium.NoSuchElementException: An element could not be located on the page using the given search parameters. (WARNING: The server did not provide any stacktrace information)
Command duration or timeout: 11.06 seconds
For documentation on this error, please visit: http://seleniumhq.org/exceptions/no_such_element.html
Build info: version: '2.53.0', revision: '35ae25b', time: '2016-03-15 17:00:58'
System info: host: 'NB17Q7U8IT', ip: '192.168.120.203', os.name: 'Windows 10', os.arch: 'amd64', os.version: '10.0', java.version: '1.8.0_102'
Driver info: com.kms.katalon.core.appium.driver.SwipeableAndroidDriver
Capabilities [{appPackage=com.btpn.jeniuspro.dev, noReset=true, property_2=, property_1=, deviceName=MVAQIBSCS8LN6TQW, fullReset=false, platform=ANDROID, deviceUDID=MVAQIBSCS8LN6TQW, desired={app=D:\Project Apollo\APK Appolo\Sprint 5 v-7.apk, noReset=true, property_2=, newCommandTimeout=1800, property=, autoGrantPermissions=true, property_1=, udid=MVAQIBSCS8LN6TQW, platformName=Android, deviceName=Xiaomi Redmi Note 3 5.0.2, fullReset=false, platform=ANDROID}, newCommandTimeout=1800, platformVersion=5.0.2, webStorageEnabled=false, property=, takesScreenshot=true, javascriptEnabled=true, udid=MVAQIBSCS8LN6TQW, platformName=Android, deviceManufacturer=Xiaomi, app=D:\Project Apollo\APK Appolo\Sprint 5 v-7.apk, deviceScreenSize=1080x1920, networkConnectionEnabled=true, warnings={}, appWaitPackage=com.btpn.jeniuspro.dev, appWaitActivity=com.btpn_mpos_rn.MainActivity, databaseEnabled=false, appActivity=com.btpn_mpos_rn.MainActivity, locationContextEnabled=false, autoGrantPermissions=true, deviceModel=Redmi Note 3}]
Session ID: c5a82fdd-06d0-4031-90dc-c5bcff19f46e)]]></system-err>
      </testcase>
      <system-out><![CDATA[2018-01-18 10:27:32 - [TEST_SUITE][FAILED] - Sprint 2: Test Cases/35 - TC-All FAILED because (of) Failed to tap on element 'Object Repository/Sidebar Menu/Operasional/Stock/Tambah Barang/PlusTap - JumlaH Stock' (Root cause: org.openqa.selenium.NoSuchElementException: An element could not be located on the page using the given search parameters. (WARNING: The server did not provide any stacktrace information)
Command duration or timeout: 11.06 seconds
For documentation on this error, please visit: http://seleniumhq.org/exceptions/no_such_element.html
Build info: version: '2.53.0', revision: '35ae25b', time: '2016-03-15 17:00:58'
System info: host: 'NB17Q7U8IT', ip: '192.168.120.203', os.name: 'Windows 10', os.arch: 'amd64', os.version: '10.0', java.version: '1.8.0_102'
Driver info: com.kms.katalon.core.appium.driver.SwipeableAndroidDriver
Capabilities [{appPackage=com.btpn.jeniuspro.dev, noReset=true, property_2=, property_1=, deviceName=MVAQIBSCS8LN6TQW, fullReset=false, platform=ANDROID, deviceUDID=MVAQIBSCS8LN6TQW, desired={app=D:\Project Apollo\APK Appolo\Sprint 5 v-7.apk, noReset=true, property_2=, newCommandTimeout=1800, property=, autoGrantPermissions=true, property_1=, udid=MVAQIBSCS8LN6TQW, platformName=Android, deviceName=Xiaomi Redmi Note 3 5.0.2, fullReset=false, platform=ANDROID}, newCommandTimeout=1800, platformVersion=5.0.2, webStorageEnabled=false, property=, takesScreenshot=true, javascriptEnabled=true, udid=MVAQIBSCS8LN6TQW, platformName=Android, deviceManufacturer=Xiaomi, app=D:\Project Apollo\APK Appolo\Sprint 5 v-7.apk, deviceScreenSize=1080x1920, networkConnectionEnabled=true, warnings={}, appWaitPackage=com.btpn.jeniuspro.dev, appWaitActivity=com.btpn_mpos_rn.MainActivity, databaseEnabled=false, appActivity=com.btpn_mpos_rn.MainActivity, locationContextEnabled=false, autoGrantPermissions=true, deviceModel=Redmi Note 3}]
Session ID: c5a82fdd-06d0-4031-90dc-c5bcff19f46e)]]></system-out>
      <system-err><![CDATA[2018-01-18 10:27:32 - [TEST_SUITE][FAILED] - Sprint 2: Test Cases/35 - TC-All FAILED because (of) Failed to tap on element 'Object Repository/Sidebar Menu/Operasional/Stock/Tambah Barang/PlusTap - JumlaH Stock' (Root cause: org.openqa.selenium.NoSuchElementException: An element could not be located on the page using the given search parameters. (WARNING: The server did not provide any stacktrace information)
Command duration or timeout: 11.06 seconds
For documentation on this error, please visit: http://seleniumhq.org/exceptions/no_such_element.html
Build info: version: '2.53.0', revision: '35ae25b', time: '2016-03-15 17:00:58'
System info: host: 'NB17Q7U8IT', ip: '192.168.120.203', os.name: 'Windows 10', os.arch: 'amd64', os.version: '10.0', java.version: '1.8.0_102'
Driver info: com.kms.katalon.core.appium.driver.SwipeableAndroidDriver
Capabilities [{appPackage=com.btpn.jeniuspro.dev, noReset=true, property_2=, property_1=, deviceName=MVAQIBSCS8LN6TQW, fullReset=false, platform=ANDROID, deviceUDID=MVAQIBSCS8LN6TQW, desired={app=D:\Project Apollo\APK Appolo\Sprint 5 v-7.apk, noReset=true, property_2=, newCommandTimeout=1800, property=, autoGrantPermissions=true, property_1=, udid=MVAQIBSCS8LN6TQW, platformName=Android, deviceName=Xiaomi Redmi Note 3 5.0.2, fullReset=false, platform=ANDROID}, newCommandTimeout=1800, platformVersion=5.0.2, webStorageEnabled=false, property=, takesScreenshot=true, javascriptEnabled=true, udid=MVAQIBSCS8LN6TQW, platformName=Android, deviceManufacturer=Xiaomi, app=D:\Project Apollo\APK Appolo\Sprint 5 v-7.apk, deviceScreenSize=1080x1920, networkConnectionEnabled=true, warnings={}, appWaitPackage=com.btpn.jeniuspro.dev, appWaitActivity=com.btpn_mpos_rn.MainActivity, databaseEnabled=false, appActivity=com.btpn_mpos_rn.MainActivity, locationContextEnabled=false, autoGrantPermissions=true, deviceModel=Redmi Note 3}]
Session ID: c5a82fdd-06d0-4031-90dc-c5bcff19f46e)]]></system-err>
   </testsuite>
</testsuites>
