<?xml version="1.0" encoding="UTF-8"?>
<testsuites name="Sprint 2" time="534" tests="1" failures="3" errors="0">
   <testsuite name="Sprint 2" tests="1" failures="3" errors="0" time="534" timestamp="2018-02-26 17:29:27" hostname="AV2017005903 - NBMP18A211ITSQA.corp.bankbtpn.co.id" id="Test Suites/Sprint 2">
      <properties>
         <property name="deviceName" value="asus ASUS_X014D 5.1.1"/>
         <property name="devicePlatform" value=""/>
         <property name="logFolder" value="C:\\Users\\AV2017005903\\Documents\\apollo-automation\\Reports\\Sprint 2\\20180226_172925"/>
         <property name="logFiles" value="C:\\Users\\AV2017005903\\Documents\\apollo-automation\\Reports\\Sprint 2\\20180226_172925\\appium.log, C:\\Users\\AV2017005903\\Documents\\apollo-automation\\Reports\\Sprint 2\\20180226_172925\\execution0.log"/>
         <property name="attachments" value=""/>
         <property name="hostName" value="AV2017005903 - NBMP18A211ITSQA.corp.bankbtpn.co.id"/>
         <property name="os" value="Windows 10 64bit"/>
         <property name="katalonVersion" value="5.0.0.1"/>
         <property name="deviceOS" value="Android"/>
         <property name="appiumVersion" value="1.6.5"/>
         <property name="deviceModel" value="ASUS_X014D"/>
         <property name="hostAddress" value="192.168.17.200"/>
         <property name="deviceManufacturer" value="asus"/>
         <property name="deviceId" value="GBAXGV411465ERX"/>
         <property name="deviceName" value="asus ASUS_X014D 5.1.1"/>
         <property name="deviceOSVersion" value="5.1.1"/>
      </properties>
      <testcase name="Test Cases/Sprint 2/28 - TC-All" classname="Test Cases/Sprint 2/28 - TC-All" status="PASSED">
         <system-out><![CDATA[2018-02-26 17:29:27 - [TEST_CASE][PASSED] - Test Cases/Sprint 2/28 - TC-All: Test Cases/Sprint 2/28 - TC-All

2018-02-26 17:29:28 - [TEST_STEP][PASSED] - comment: Start Story 28

2018-02-26 17:29:28 - [TEST_STEP][PASSED] - Statement - apkPath = com.kms.katalon.core.util.internal.PathUtil.relativeToAbsolutePath(apkName, com.kms.katalon.core.configuration.RunConfiguration.getProjectDir()): null

2018-02-26 17:29:28 - [TEST_STEP][PASSED] - startApplication: Started app at: 'C:\Users\AV2017005903\Documents\apollo-automation\Regression_24Februari_PakAnka.apk'

2018-02-26 17:29:45 - [MESSAGE][PASSED] - Started app at: 'C:\Users\AV2017005903\Documents\apollo-automation\Regression_24Februari_PakAnka.apk'

2018-02-26 17:29:45 - [TEST_STEP][PASSED] - tap: Tapped on element 'Object Repository/Login/Daftar Sekarang - Belum Punya Akun'

2018-02-26 17:29:52 - [MESSAGE][PASSED] - Tapped on element 'Object Repository/Login/Daftar Sekarang - Belum Punya Akun'

2018-02-26 17:29:52 - [TEST_STEP][PASSED] - verifyElementExist: Element 'Object Repository/Login/Daftar Sekarang - Belum Punya Akun' is exist

2018-02-26 17:29:53 - [MESSAGE][PASSED] - Element 'Object Repository/Login/Daftar Sekarang - Belum Punya Akun' is exist

2018-02-26 17:29:53 - [TEST_STEP][NOT_RUN] - tap: NOT_RUN: tap

2018-02-26 17:29:53 - [MESSAGE][NOT_RUN] - NOT_RUN: tap

2018-02-26 17:29:53 - [TEST_STEP][NOT_RUN] - setText: NOT_RUN: setText

2018-02-26 17:29:53 - [MESSAGE][NOT_RUN] - NOT_RUN: setText

2018-02-26 17:29:53 - [TEST_STEP][NOT_RUN] - hideKeyboard: NOT_RUN: hideKeyboard

2018-02-26 17:29:53 - [MESSAGE][NOT_RUN] - NOT_RUN: hideKeyboard

2018-02-26 17:29:53 - [TEST_STEP][NOT_RUN] - tap: NOT_RUN: tap

2018-02-26 17:29:53 - [MESSAGE][NOT_RUN] - NOT_RUN: tap

2018-02-26 17:29:53 - [TEST_STEP][NOT_RUN] - waitForElementPresent: NOT_RUN: waitForElementPresent

2018-02-26 17:29:53 - [MESSAGE][NOT_RUN] - NOT_RUN: waitForElementPresent

2018-02-26 17:29:53 - [TEST_STEP][NOT_RUN] - tap: NOT_RUN: tap

2018-02-26 17:29:53 - [MESSAGE][NOT_RUN] - NOT_RUN: tap

2018-02-26 17:29:53 - [TEST_STEP][NOT_RUN] - setText: NOT_RUN: setText

2018-02-26 17:29:53 - [MESSAGE][NOT_RUN] - NOT_RUN: setText

2018-02-26 17:29:53 - [TEST_STEP][PASSED] - waitForElementPresent: Element 'Object Repository/Sidebar Menu/HamburgerButton' is present

2018-02-26 17:29:56 - [MESSAGE][PASSED] - Element 'Object Repository/Sidebar Menu/HamburgerButton' is present

2018-02-26 17:29:56 - [TEST_STEP][PASSED] - tap: Tapped on element 'Object Repository/Sidebar Menu/HamburgerButton'

2018-02-26 17:29:58 - [MESSAGE][PASSED] - Tapped on element 'Object Repository/Sidebar Menu/HamburgerButton'

2018-02-26 17:29:58 - [TEST_STEP][PASSED] - tap: Tapped on element 'Object Repository/Sidebar Menu/Operasional/Operasional - Sidebar Menu'

2018-02-26 17:30:00 - [MESSAGE][PASSED] - Tapped on element 'Object Repository/Sidebar Menu/Operasional/Operasional - Sidebar Menu'

2018-02-26 17:30:00 - [TEST_STEP][PASSED] - tap: Tapped on element 'Object Repository/Sidebar Menu/Operasional/Kasir/Kasir - Navbar'

2018-02-26 17:30:02 - [MESSAGE][PASSED] - Tapped on element 'Object Repository/Sidebar Menu/Operasional/Kasir/Kasir - Navbar'

2018-02-26 17:30:02 - [TEST_STEP][PASSED] - Statement - For (def index : (0..3)): Swiped from 0,642 to 0,399

2018-02-26 17:30:02 - [TEST_STEP][PASSED] - swipe: Swiped from 0,642 to 0,399

2018-02-26 17:30:03 - [MESSAGE][PASSED] - Swiped from 0,642 to 0,399

2018-02-26 17:30:03 - [TEST_STEP][PASSED] - swipe: Swiped from 0,642 to 0,399

2018-02-26 17:30:03 - [MESSAGE][PASSED] - Swiped from 0,642 to 0,399

2018-02-26 17:30:03 - [TEST_STEP][PASSED] - swipe: Swiped from 0,642 to 0,399

2018-02-26 17:30:04 - [MESSAGE][PASSED] - Swiped from 0,642 to 0,399

2018-02-26 17:30:04 - [TEST_STEP][PASSED] - swipe: Swiped from 0,642 to 0,399

2018-02-26 17:30:05 - [MESSAGE][PASSED] - Swiped from 0,642 to 0,399

2018-02-26 17:30:05 - [TEST_STEP][PASSED] - delay: Delayed 5 second(s)

2018-02-26 17:30:10 - [MESSAGE][PASSED] - Delayed 5 second(s)

2018-02-26 17:30:10 - [TEST_STEP][PASSED] - tap: Tapped on element 'Object Repository/Sidebar Menu/Operasional/Kasir/Cari Produk'

2018-02-26 17:30:11 - [MESSAGE][PASSED] - Tapped on element 'Object Repository/Sidebar Menu/Operasional/Kasir/Cari Produk'

2018-02-26 17:30:11 - [TEST_STEP][PASSED] - setText: Text 'apple' has been set to element 'Object Repository/Sidebar Menu/Operasional/Kasir/Cari Produk'

2018-02-26 17:30:23 - [MESSAGE][PASSED] - Text 'apple' has been set to element 'Object Repository/Sidebar Menu/Operasional/Kasir/Cari Produk'

2018-02-26 17:30:23 - [TEST_STEP][PASSED] - verifyElementText: Actual text and expected text of test object 'Object Repository/Sidebar Menu/Operasional/Kasir/Cari Produk' are matched.

2018-02-26 17:30:24 - [MESSAGE][PASSED] - Actual text and expected text of test object 'Object Repository/Sidebar Menu/Operasional/Kasir/Cari Produk' are matched.

2018-02-26 17:30:24 - [TEST_STEP][PASSED] - clearText: Element 'Object Repository/Sidebar Menu/Operasional/Kasir/Cari Produk' text is cleared

2018-02-26 17:30:27 - [MESSAGE][PASSED] - Element 'Object Repository/Sidebar Menu/Operasional/Kasir/Cari Produk' text is cleared

2018-02-26 17:30:27 - [TEST_STEP][PASSED] - setText: Text 'da vinci' has been set to element 'Object Repository/Sidebar Menu/Operasional/Kasir/Cari Produk'

2018-02-26 17:30:34 - [MESSAGE][PASSED] - Text 'da vinci' has been set to element 'Object Repository/Sidebar Menu/Operasional/Kasir/Cari Produk'

2018-02-26 17:30:34 - [TEST_STEP][PASSED] - verifyElementText: Actual text and expected text of test object 'Object Repository/Sidebar Menu/Operasional/Kasir/Cari Produk' are matched.

2018-02-26 17:30:35 - [MESSAGE][PASSED] - Actual text and expected text of test object 'Object Repository/Sidebar Menu/Operasional/Kasir/Cari Produk' are matched.

2018-02-26 17:30:35 - [TEST_STEP][PASSED] - clearText: Element 'Object Repository/Sidebar Menu/Operasional/Kasir/Cari Produk' text is cleared

2018-02-26 17:30:38 - [MESSAGE][PASSED] - Element 'Object Repository/Sidebar Menu/Operasional/Kasir/Cari Produk' text is cleared

2018-02-26 17:30:38 - [TEST_STEP][PASSED] - setText: Text 'asu' has been set to element 'Object Repository/Sidebar Menu/Operasional/Kasir/Cari Produk'

2018-02-26 17:30:45 - [MESSAGE][PASSED] - Text 'asu' has been set to element 'Object Repository/Sidebar Menu/Operasional/Kasir/Cari Produk'

2018-02-26 17:30:45 - [TEST_STEP][PASSED] - verifyElementText: Actual text and expected text of test object 'Object Repository/Sidebar Menu/Operasional/Kasir/Cari Produk' are matched.

2018-02-26 17:30:47 - [MESSAGE][PASSED] - Actual text and expected text of test object 'Object Repository/Sidebar Menu/Operasional/Kasir/Cari Produk' are matched.

2018-02-26 17:30:47 - [TEST_STEP][PASSED] - clearText: Element 'Object Repository/Sidebar Menu/Operasional/Kasir/Cari Produk' text is cleared

2018-02-26 17:30:50 - [MESSAGE][PASSED] - Element 'Object Repository/Sidebar Menu/Operasional/Kasir/Cari Produk' text is cleared

2018-02-26 17:30:50 - [TEST_STEP][PASSED] - setText: Text 'as' has been set to element 'Object Repository/Sidebar Menu/Operasional/Kasir/Cari Produk'

2018-02-26 17:30:58 - [MESSAGE][PASSED] - Text 'as' has been set to element 'Object Repository/Sidebar Menu/Operasional/Kasir/Cari Produk'

2018-02-26 17:30:58 - [TEST_STEP][PASSED] - verifyElementText: Actual text and expected text of test object 'Object Repository/Sidebar Menu/Operasional/Kasir/Cari Produk' are matched.

2018-02-26 17:30:59 - [MESSAGE][PASSED] - Actual text and expected text of test object 'Object Repository/Sidebar Menu/Operasional/Kasir/Cari Produk' are matched.

2018-02-26 17:30:59 - [TEST_STEP][PASSED] - hideKeyboard: Keyboard is hidden

2018-02-26 17:31:00 - [MESSAGE][PASSED] - Keyboard is hidden

2018-02-26 17:31:00 - [TEST_STEP][PASSED] - clearText: Element 'Object Repository/Sidebar Menu/Operasional/Kasir/Cari Produk' text is cleared

2018-02-26 17:31:04 - [MESSAGE][PASSED] - Element 'Object Repository/Sidebar Menu/Operasional/Kasir/Cari Produk' text is cleared

2018-02-26 17:31:04 - [TEST_STEP][PASSED] - setText: Text 'lontong' has been set to element 'Object Repository/Sidebar Menu/Operasional/Kasir/Cari Produk'

2018-02-26 17:31:12 - [MESSAGE][PASSED] - Text 'lontong' has been set to element 'Object Repository/Sidebar Menu/Operasional/Kasir/Cari Produk'

2018-02-26 17:31:12 - [TEST_STEP][PASSED] - verifyElementText: Actual text and expected text of test object 'Object Repository/Sidebar Menu/Operasional/Kasir/Cari Produk' are matched.

2018-02-26 17:31:13 - [MESSAGE][PASSED] - Actual text and expected text of test object 'Object Repository/Sidebar Menu/Operasional/Kasir/Cari Produk' are matched.

2018-02-26 17:31:13 - [TEST_STEP][PASSED] - delay: Delayed 5 second(s)

2018-02-26 17:31:18 - [MESSAGE][PASSED] - Delayed 5 second(s)

2018-02-26 17:31:18 - [TEST_STEP][PASSED] - tap: Tapped on element 'Object Repository/Sidebar Menu/Operasional/Kasir/Cari Produk'

2018-02-26 17:31:19 - [MESSAGE][PASSED] - Tapped on element 'Object Repository/Sidebar Menu/Operasional/Kasir/Cari Produk'

2018-02-26 17:31:19 - [TEST_STEP][PASSED] - clearText: Element 'Object Repository/Sidebar Menu/Operasional/Kasir/Cari Produk' text is cleared

2018-02-26 17:31:24 - [MESSAGE][PASSED] - Element 'Object Repository/Sidebar Menu/Operasional/Kasir/Cari Produk' text is cleared

2018-02-26 17:31:24 - [TEST_STEP][PASSED] - waitForElementPresent: Element 'Object Repository/Sidebar Menu/Operasional/Stock/Stock View/Semua Kategori - Drop Down' is present

2018-02-26 17:31:25 - [MESSAGE][PASSED] - Element 'Object Repository/Sidebar Menu/Operasional/Stock/Stock View/Semua Kategori - Drop Down' is present

2018-02-26 17:31:25 - [TEST_STEP][PASSED] - tap: Tapped on element 'Object Repository/Sidebar Menu/Operasional/Stock/Stock View/Semua Kategori - Drop Down'

2018-02-26 17:31:26 - [MESSAGE][PASSED] - Tapped on element 'Object Repository/Sidebar Menu/Operasional/Stock/Stock View/Semua Kategori - Drop Down'

2018-02-26 17:31:26 - [TEST_STEP][PASSED] - delay: Delayed 5 second(s)

2018-02-26 17:31:31 - [MESSAGE][PASSED] - Delayed 5 second(s)

2018-02-26 17:31:31 - [TEST_STEP][PASSED] - Statement - For (def index : (0..2)): Swiped from 30,541 to 30,257

2018-02-26 17:31:31 - [TEST_STEP][PASSED] - swipe: Swiped from 30,541 to 30,257

2018-02-26 17:31:31 - [MESSAGE][PASSED] - Swiped from 30,541 to 30,257

2018-02-26 17:31:32 - [TEST_STEP][PASSED] - swipe: Swiped from 30,541 to 30,257

2018-02-26 17:31:32 - [MESSAGE][PASSED] - Swiped from 30,541 to 30,257

2018-02-26 17:31:32 - [TEST_STEP][PASSED] - swipe: Swiped from 30,541 to 30,257

2018-02-26 17:31:33 - [MESSAGE][PASSED] - Swiped from 30,541 to 30,257

2018-02-26 17:31:33 - [TEST_STEP][PASSED] - tap: Tapped on element 'Object Repository/Sidebar Menu/Operasional/Stock/Stock View/Terapkan - Select Kategori'

2018-02-26 17:31:34 - [MESSAGE][PASSED] - Tapped on element 'Object Repository/Sidebar Menu/Operasional/Stock/Stock View/Terapkan - Select Kategori'

2018-02-26 17:31:34 - [TEST_STEP][PASSED] - delay: Delayed 0 second(s)

2018-02-26 17:31:34 - [MESSAGE][PASSED] - Delayed 0 second(s)

2018-02-26 17:31:34 - [TEST_STEP][PASSED] - Statement - For (def index : (0..2)): Tapped on element 'Object Repository/Sidebar Menu/Operasional/Kasir/PlusTap - ListProduct Elemen 1'

2018-02-26 17:31:34 - [TEST_STEP][PASSED] - tap: Tapped on element 'Object Repository/Sidebar Menu/Operasional/Kasir/PlusTap - ListProduct Elemen 1'

2018-02-26 17:31:36 - [MESSAGE][PASSED] - Tapped on element 'Object Repository/Sidebar Menu/Operasional/Kasir/PlusTap - ListProduct Elemen 1'

2018-02-26 17:31:36 - [TEST_STEP][PASSED] - tap: Tapped on element 'Object Repository/Sidebar Menu/Operasional/Kasir/PlusTap - ListProduct Elemen 1'

2018-02-26 17:31:37 - [MESSAGE][PASSED] - Tapped on element 'Object Repository/Sidebar Menu/Operasional/Kasir/PlusTap - ListProduct Elemen 1'

2018-02-26 17:31:37 - [TEST_STEP][PASSED] - tap: Tapped on element 'Object Repository/Sidebar Menu/Operasional/Kasir/PlusTap - ListProduct Elemen 1'

2018-02-26 17:31:39 - [MESSAGE][PASSED] - Tapped on element 'Object Repository/Sidebar Menu/Operasional/Kasir/PlusTap - ListProduct Elemen 1'

2018-02-26 17:31:39 - [TEST_STEP][PASSED] - Statement - For (def index : (0..1)): Tapped on element 'Object Repository/Sidebar Menu/Operasional/Kasir/MinusTap - List Product Elemen 1'

2018-02-26 17:31:39 - [TEST_STEP][PASSED] - tap: Tapped on element 'Object Repository/Sidebar Menu/Operasional/Kasir/MinusTap - List Product Elemen 1'

2018-02-26 17:31:40 - [MESSAGE][PASSED] - Tapped on element 'Object Repository/Sidebar Menu/Operasional/Kasir/MinusTap - List Product Elemen 1'

2018-02-26 17:31:40 - [TEST_STEP][PASSED] - tap: Tapped on element 'Object Repository/Sidebar Menu/Operasional/Kasir/MinusTap - List Product Elemen 1'

2018-02-26 17:31:42 - [MESSAGE][PASSED] - Tapped on element 'Object Repository/Sidebar Menu/Operasional/Kasir/MinusTap - List Product Elemen 1'

2018-02-26 17:31:42 - [TEST_STEP][PASSED] - tap: Tapped on element 'Object Repository/Sidebar Menu/Operasional/Kasir/Input Jumlah by Typing - Elemen1'

2018-02-26 17:31:43 - [MESSAGE][PASSED] - Tapped on element 'Object Repository/Sidebar Menu/Operasional/Kasir/Input Jumlah by Typing - Elemen1'

2018-02-26 17:31:43 - [TEST_STEP][PASSED] - setText: Text '4' has been set to element 'Object Repository/Sidebar Menu/Operasional/Kasir/Input Jumlah by Typing - Elemen1'

2018-02-26 17:31:55 - [MESSAGE][PASSED] - Text '4' has been set to element 'Object Repository/Sidebar Menu/Operasional/Kasir/Input Jumlah by Typing - Elemen1'

2018-02-26 17:31:55 - [TEST_STEP][PASSED] - hideKeyboard: Keyboard is hidden

2018-02-26 17:31:56 - [MESSAGE][PASSED] - Keyboard is hidden

2018-02-26 17:31:56 - [TEST_STEP][PASSED] - Statement - For (def index : (0..3)): Tapped on element 'Object Repository/Sidebar Menu/Operasional/Kasir/PlusTap - ListProduct Elemen 2'

2018-02-26 17:31:56 - [TEST_STEP][PASSED] - tap: Tapped on element 'Object Repository/Sidebar Menu/Operasional/Kasir/PlusTap - ListProduct Elemen 2'

2018-02-26 17:31:57 - [MESSAGE][PASSED] - Tapped on element 'Object Repository/Sidebar Menu/Operasional/Kasir/PlusTap - ListProduct Elemen 2'

2018-02-26 17:31:57 - [TEST_STEP][PASSED] - tap: Tapped on element 'Object Repository/Sidebar Menu/Operasional/Kasir/PlusTap - ListProduct Elemen 2'

2018-02-26 17:31:58 - [MESSAGE][PASSED] - Tapped on element 'Object Repository/Sidebar Menu/Operasional/Kasir/PlusTap - ListProduct Elemen 2'

2018-02-26 17:31:58 - [TEST_STEP][PASSED] - tap: Tapped on element 'Object Repository/Sidebar Menu/Operasional/Kasir/PlusTap - ListProduct Elemen 2'

2018-02-26 17:31:59 - [MESSAGE][PASSED] - Tapped on element 'Object Repository/Sidebar Menu/Operasional/Kasir/PlusTap - ListProduct Elemen 2'

2018-02-26 17:31:59 - [TEST_STEP][PASSED] - tap: Tapped on element 'Object Repository/Sidebar Menu/Operasional/Kasir/PlusTap - ListProduct Elemen 2'

2018-02-26 17:32:01 - [MESSAGE][PASSED] - Tapped on element 'Object Repository/Sidebar Menu/Operasional/Kasir/PlusTap - ListProduct Elemen 2'

2018-02-26 17:32:01 - [TEST_STEP][PASSED] - Statement - For (def index : (0..2)): Tapped on element 'Object Repository/Sidebar Menu/Operasional/Kasir/MinusTap - List Product Elemen 2'

2018-02-26 17:32:01 - [TEST_STEP][PASSED] - tap: Tapped on element 'Object Repository/Sidebar Menu/Operasional/Kasir/MinusTap - List Product Elemen 2'

2018-02-26 17:32:02 - [MESSAGE][PASSED] - Tapped on element 'Object Repository/Sidebar Menu/Operasional/Kasir/MinusTap - List Product Elemen 2'

2018-02-26 17:32:02 - [TEST_STEP][PASSED] - tap: Tapped on element 'Object Repository/Sidebar Menu/Operasional/Kasir/MinusTap - List Product Elemen 2'

2018-02-26 17:32:03 - [MESSAGE][PASSED] - Tapped on element 'Object Repository/Sidebar Menu/Operasional/Kasir/MinusTap - List Product Elemen 2'

2018-02-26 17:32:03 - [TEST_STEP][PASSED] - tap: Tapped on element 'Object Repository/Sidebar Menu/Operasional/Kasir/MinusTap - List Product Elemen 2'

2018-02-26 17:32:05 - [MESSAGE][PASSED] - Tapped on element 'Object Repository/Sidebar Menu/Operasional/Kasir/MinusTap - List Product Elemen 2'

2018-02-26 17:32:05 - [TEST_STEP][PASSED] - tap: Tapped on element 'Object Repository/Sidebar Menu/Operasional/Kasir/Input Jumlah by Typing - Elemen2'

2018-02-26 17:32:06 - [MESSAGE][PASSED] - Tapped on element 'Object Repository/Sidebar Menu/Operasional/Kasir/Input Jumlah by Typing - Elemen2'

2018-02-26 17:32:06 - [TEST_STEP][PASSED] - clearText: Element 'Object Repository/Sidebar Menu/Operasional/Kasir/Input Jumlah by Typing - Elemen2' text is cleared

2018-02-26 17:32:09 - [MESSAGE][PASSED] - Element 'Object Repository/Sidebar Menu/Operasional/Kasir/Input Jumlah by Typing - Elemen2' text is cleared

2018-02-26 17:32:09 - [TEST_STEP][PASSED] - setText: Text '-2' has been set to element 'Object Repository/Sidebar Menu/Operasional/Kasir/Input Jumlah by Typing - Elemen2'

2018-02-26 17:32:18 - [MESSAGE][PASSED] - Text '-2' has been set to element 'Object Repository/Sidebar Menu/Operasional/Kasir/Input Jumlah by Typing - Elemen2'

2018-02-26 17:32:18 - [TEST_STEP][PASSED] - hideKeyboard: Keyboard is hidden

2018-02-26 17:32:19 - [MESSAGE][PASSED] - Keyboard is hidden

2018-02-26 17:32:19 - [TEST_STEP][PASSED] - tap: Tapped on element 'Object Repository/Sidebar Menu/Operasional/Kasir/Input Jumlah by Typing - Elemen2'

2018-02-26 17:32:20 - [MESSAGE][PASSED] - Tapped on element 'Object Repository/Sidebar Menu/Operasional/Kasir/Input Jumlah by Typing - Elemen2'

2018-02-26 17:32:20 - [TEST_STEP][PASSED] - clearText: Element 'Object Repository/Sidebar Menu/Operasional/Kasir/Input Jumlah by Typing - Elemen2' text is cleared

2018-02-26 17:32:23 - [MESSAGE][PASSED] - Element 'Object Repository/Sidebar Menu/Operasional/Kasir/Input Jumlah by Typing - Elemen2' text is cleared

2018-02-26 17:32:23 - [TEST_STEP][PASSED] - setText: Text '999' has been set to element 'Object Repository/Sidebar Menu/Operasional/Kasir/Input Jumlah by Typing - Elemen2'

2018-02-26 17:32:34 - [MESSAGE][PASSED] - Text '999' has been set to element 'Object Repository/Sidebar Menu/Operasional/Kasir/Input Jumlah by Typing - Elemen2'

2018-02-26 17:32:34 - [TEST_STEP][PASSED] - hideKeyboard: Keyboard is hidden

2018-02-26 17:32:35 - [MESSAGE][PASSED] - Keyboard is hidden

2018-02-26 17:32:36 - [TEST_STEP][PASSED] - delay: Delayed 10 second(s)

2018-02-26 17:32:46 - [MESSAGE][PASSED] - Delayed 10 second(s)

2018-02-26 17:32:46 - [TEST_STEP][PASSED] - tap: Tapped on element 'Object Repository/Sidebar Menu/Operasional/Kasir/Keranjang'

2018-02-26 17:32:46 - [MESSAGE][PASSED] - Tapped on element 'Object Repository/Sidebar Menu/Operasional/Kasir/Keranjang'

2018-02-26 17:32:46 - [TEST_STEP][PASSED] - delay: Delayed 5 second(s)

2018-02-26 17:32:51 - [MESSAGE][PASSED] - Delayed 5 second(s)

2018-02-26 17:32:51 - [TEST_STEP][PASSED] - comment: End Story 28]]></system-out>
         <system-err><![CDATA[]]></system-err>
      </testcase>
      <testcase name="Test Cases/Sprint 2/29 - TC - All" classname="Test Cases/Sprint 2/29 - TC - All" status="FAILED">
         <failure type="FAILED" message="Object Object Repository/Sidebar Menu/Operasional/Kasir/Kerajang dan Pembayaran/PlusTap - Elemen 2 not found"/>
         <system-out><![CDATA[2018-02-26 17:32:51 - [TEST_CASE][FAILED] - Test Cases/Sprint 2/29 - TC - All: Test Cases/Sprint 2/29 - TC - All FAILED because (of) Object Object Repository/Sidebar Menu/Operasional/Kasir/Kerajang dan Pembayaran/PlusTap - Elemen 2 not found

2018-02-26 17:32:51 - [TEST_STEP][PASSED] - comment: Start Story 29

2018-02-26 17:32:51 - [TEST_STEP][FAILED] - Statement - For (def index : (0..5)): Object Object Repository/Sidebar Menu/Operasional/Kasir/Kerajang dan Pembayaran/PlusTap - Elemen 2 not found

2018-02-26 17:32:51 - [TEST_STEP][FAILED] - tap: Object Object Repository/Sidebar Menu/Operasional/Kasir/Kerajang dan Pembayaran/PlusTap - Elemen 2 not found

2018-02-26 17:32:51 - [MESSAGE][WARNING] - Timeout '0' is invalid. Using default page load timeout: '30'

2018-02-26 17:33:22 - [MESSAGE][FAILED] - Object Object Repository/Sidebar Menu/Operasional/Kasir/Kerajang dan Pembayaran/PlusTap - Elemen 2 not found

2018-02-26 17:33:22 - [TEST_STEP][FAILED] - tap: Object Object Repository/Sidebar Menu/Operasional/Kasir/Kerajang dan Pembayaran/PlusTap - Elemen 2 not found

2018-02-26 17:33:22 - [MESSAGE][WARNING] - Timeout '0' is invalid. Using default page load timeout: '30'

2018-02-26 17:33:52 - [MESSAGE][FAILED] - Object Object Repository/Sidebar Menu/Operasional/Kasir/Kerajang dan Pembayaran/PlusTap - Elemen 2 not found

2018-02-26 17:33:52 - [TEST_STEP][FAILED] - tap: Object Object Repository/Sidebar Menu/Operasional/Kasir/Kerajang dan Pembayaran/PlusTap - Elemen 2 not found

2018-02-26 17:33:52 - [MESSAGE][WARNING] - Timeout '0' is invalid. Using default page load timeout: '30'

2018-02-26 17:34:22 - [MESSAGE][FAILED] - Object Object Repository/Sidebar Menu/Operasional/Kasir/Kerajang dan Pembayaran/PlusTap - Elemen 2 not found

2018-02-26 17:34:22 - [TEST_STEP][FAILED] - tap: Object Object Repository/Sidebar Menu/Operasional/Kasir/Kerajang dan Pembayaran/PlusTap - Elemen 2 not found

2018-02-26 17:34:22 - [MESSAGE][WARNING] - Timeout '0' is invalid. Using default page load timeout: '30'

2018-02-26 17:34:52 - [MESSAGE][FAILED] - Object Object Repository/Sidebar Menu/Operasional/Kasir/Kerajang dan Pembayaran/PlusTap - Elemen 2 not found

2018-02-26 17:34:52 - [TEST_STEP][FAILED] - tap: Object Object Repository/Sidebar Menu/Operasional/Kasir/Kerajang dan Pembayaran/PlusTap - Elemen 2 not found

2018-02-26 17:34:52 - [MESSAGE][WARNING] - Timeout '0' is invalid. Using default page load timeout: '30'

2018-02-26 17:35:22 - [MESSAGE][FAILED] - Object Object Repository/Sidebar Menu/Operasional/Kasir/Kerajang dan Pembayaran/PlusTap - Elemen 2 not found

2018-02-26 17:35:22 - [TEST_STEP][FAILED] - tap: Object Object Repository/Sidebar Menu/Operasional/Kasir/Kerajang dan Pembayaran/PlusTap - Elemen 2 not found

2018-02-26 17:35:22 - [MESSAGE][WARNING] - Timeout '0' is invalid. Using default page load timeout: '30'

2018-02-26 17:35:52 - [MESSAGE][FAILED] - Object Object Repository/Sidebar Menu/Operasional/Kasir/Kerajang dan Pembayaran/PlusTap - Elemen 2 not found

2018-02-26 17:35:52 - [TEST_STEP][PASSED] - Statement - For (def index : (0..3)): Tapped on element 'Object Repository/Sidebar Menu/Operasional/Kasir/Kerajang dan Pembayaran/MinusTap - Elemen 1'

2018-02-26 17:35:52 - [TEST_STEP][PASSED] - tap: Tapped on element 'Object Repository/Sidebar Menu/Operasional/Kasir/Kerajang dan Pembayaran/MinusTap - Elemen 1'

2018-02-26 17:35:52 - [MESSAGE][WARNING] - Timeout '0' is invalid. Using default page load timeout: '30'

2018-02-26 17:35:53 - [MESSAGE][PASSED] - Tapped on element 'Object Repository/Sidebar Menu/Operasional/Kasir/Kerajang dan Pembayaran/MinusTap - Elemen 1'

2018-02-26 17:35:53 - [TEST_STEP][PASSED] - tap: Tapped on element 'Object Repository/Sidebar Menu/Operasional/Kasir/Kerajang dan Pembayaran/MinusTap - Elemen 1'

2018-02-26 17:35:53 - [MESSAGE][WARNING] - Timeout '0' is invalid. Using default page load timeout: '30'

2018-02-26 17:35:54 - [MESSAGE][PASSED] - Tapped on element 'Object Repository/Sidebar Menu/Operasional/Kasir/Kerajang dan Pembayaran/MinusTap - Elemen 1'

2018-02-26 17:35:54 - [TEST_STEP][PASSED] - tap: Tapped on element 'Object Repository/Sidebar Menu/Operasional/Kasir/Kerajang dan Pembayaran/MinusTap - Elemen 1'

2018-02-26 17:35:54 - [MESSAGE][WARNING] - Timeout '0' is invalid. Using default page load timeout: '30'

2018-02-26 17:35:55 - [MESSAGE][PASSED] - Tapped on element 'Object Repository/Sidebar Menu/Operasional/Kasir/Kerajang dan Pembayaran/MinusTap - Elemen 1'

2018-02-26 17:35:55 - [TEST_STEP][PASSED] - tap: Tapped on element 'Object Repository/Sidebar Menu/Operasional/Kasir/Kerajang dan Pembayaran/MinusTap - Elemen 1'

2018-02-26 17:35:55 - [MESSAGE][WARNING] - Timeout '0' is invalid. Using default page load timeout: '30'

2018-02-26 17:35:57 - [MESSAGE][PASSED] - Tapped on element 'Object Repository/Sidebar Menu/Operasional/Kasir/Kerajang dan Pembayaran/MinusTap - Elemen 1'

2018-02-26 17:35:57 - [TEST_STEP][PASSED] - tap: Tapped on element 'Object Repository/Sidebar Menu/Operasional/Kasir/Kerajang dan Pembayaran/MinusTap - Elemen 1'

2018-02-26 17:35:57 - [MESSAGE][WARNING] - Timeout '0' is invalid. Using default page load timeout: '30'

2018-02-26 17:35:58 - [MESSAGE][PASSED] - Tapped on element 'Object Repository/Sidebar Menu/Operasional/Kasir/Kerajang dan Pembayaran/MinusTap - Elemen 1'

2018-02-26 17:35:58 - [TEST_STEP][PASSED] - tap: Tapped on element 'Object Repository/Sidebar Menu/Operasional/Kasir/Kerajang dan Pembayaran/InputbbyType - Elemen 1'

2018-02-26 17:36:00 - [MESSAGE][PASSED] - Tapped on element 'Object Repository/Sidebar Menu/Operasional/Kasir/Kerajang dan Pembayaran/InputbbyType - Elemen 1'

2018-02-26 17:36:00 - [TEST_STEP][PASSED] - verifyElementExist: Element 'Object Repository/Sidebar Menu/Operasional/Kasir/Kerajang dan Pembayaran/InputbbyType - Elemen 1' is exist

2018-02-26 17:36:01 - [MESSAGE][PASSED] - Element 'Object Repository/Sidebar Menu/Operasional/Kasir/Kerajang dan Pembayaran/InputbbyType - Elemen 1' is exist

2018-02-26 17:36:01 - [TEST_STEP][PASSED] - clearText: Element 'Object Repository/Sidebar Menu/Operasional/Kasir/Kerajang dan Pembayaran/InputbbyType - Elemen 1' text is cleared

2018-02-26 17:36:05 - [MESSAGE][PASSED] - Element 'Object Repository/Sidebar Menu/Operasional/Kasir/Kerajang dan Pembayaran/InputbbyType - Elemen 1' text is cleared

2018-02-26 17:36:05 - [TEST_STEP][PASSED] - setText: Text '47' has been set to element 'Object Repository/Sidebar Menu/Operasional/Kasir/Kerajang dan Pembayaran/InputbbyType - Elemen 1'

2018-02-26 17:36:15 - [MESSAGE][PASSED] - Text '47' has been set to element 'Object Repository/Sidebar Menu/Operasional/Kasir/Kerajang dan Pembayaran/InputbbyType - Elemen 1'

2018-02-26 17:36:15 - [TEST_STEP][PASSED] - clearText: Element 'Object Repository/Sidebar Menu/Operasional/Kasir/Kerajang dan Pembayaran/InputbbyType - Elemen 1' text is cleared

2018-02-26 17:36:17 - [MESSAGE][PASSED] - Element 'Object Repository/Sidebar Menu/Operasional/Kasir/Kerajang dan Pembayaran/InputbbyType - Elemen 1' text is cleared

2018-02-26 17:36:17 - [TEST_STEP][PASSED] - tap: Tapped on element 'Object Repository/Sidebar Menu/Operasional/Kasir/Kerajang dan Pembayaran/InputbbyType - Elemen 1'

2018-02-26 17:36:19 - [MESSAGE][PASSED] - Tapped on element 'Object Repository/Sidebar Menu/Operasional/Kasir/Kerajang dan Pembayaran/InputbbyType - Elemen 1'

2018-02-26 17:36:19 - [TEST_STEP][PASSED] - verifyElementExist: Element 'Object Repository/Sidebar Menu/Operasional/Kasir/Kerajang dan Pembayaran/InputbbyType - Elemen 1' is exist

2018-02-26 17:36:20 - [MESSAGE][PASSED] - Element 'Object Repository/Sidebar Menu/Operasional/Kasir/Kerajang dan Pembayaran/InputbbyType - Elemen 1' is exist

2018-02-26 17:36:20 - [TEST_STEP][PASSED] - setText: Text '5' has been set to element 'Object Repository/Sidebar Menu/Operasional/Kasir/Kerajang dan Pembayaran/InputbbyType - Elemen 1'

2018-02-26 17:36:30 - [MESSAGE][PASSED] - Text '5' has been set to element 'Object Repository/Sidebar Menu/Operasional/Kasir/Kerajang dan Pembayaran/InputbbyType - Elemen 1'

2018-02-26 17:36:30 - [TEST_STEP][PASSED] - hideKeyboard: Keyboard is hidden

2018-02-26 17:36:31 - [MESSAGE][PASSED] - Keyboard is hidden

2018-02-26 17:36:31 - [TEST_STEP][PASSED] - clearText: Element 'Object Repository/Sidebar Menu/Operasional/Kasir/Kerajang dan Pembayaran/InputbbyType - Elemen 1' text is cleared

2018-02-26 17:36:36 - [MESSAGE][PASSED] - Element 'Object Repository/Sidebar Menu/Operasional/Kasir/Kerajang dan Pembayaran/InputbbyType - Elemen 1' text is cleared

2018-02-26 17:36:36 - [TEST_STEP][PASSED] - tap: Tapped on element 'Object Repository/Sidebar Menu/Operasional/Kasir/Kerajang dan Pembayaran/InputbbyType - Elemen 1'

2018-02-26 17:36:37 - [MESSAGE][PASSED] - Tapped on element 'Object Repository/Sidebar Menu/Operasional/Kasir/Kerajang dan Pembayaran/InputbbyType - Elemen 1'

2018-02-26 17:36:37 - [TEST_STEP][PASSED] - verifyElementExist: Element 'Object Repository/Sidebar Menu/Operasional/Kasir/Kerajang dan Pembayaran/InputbbyType - Elemen 1' is exist

2018-02-26 17:36:38 - [MESSAGE][PASSED] - Element 'Object Repository/Sidebar Menu/Operasional/Kasir/Kerajang dan Pembayaran/InputbbyType - Elemen 1' is exist

2018-02-26 17:36:38 - [TEST_STEP][PASSED] - setText: Text '9999' has been set to element 'Object Repository/Sidebar Menu/Operasional/Kasir/Kerajang dan Pembayaran/InputbbyType - Elemen 1'

2018-02-26 17:36:49 - [MESSAGE][PASSED] - Text '9999' has been set to element 'Object Repository/Sidebar Menu/Operasional/Kasir/Kerajang dan Pembayaran/InputbbyType - Elemen 1'

2018-02-26 17:36:49 - [TEST_STEP][PASSED] - hideKeyboard: Keyboard is hidden

2018-02-26 17:36:50 - [MESSAGE][PASSED] - Keyboard is hidden

2018-02-26 17:36:50 - [TEST_STEP][PASSED] - delay: Delayed 10 second(s)

2018-02-26 17:37:00 - [MESSAGE][PASSED] - Delayed 10 second(s)

2018-02-26 17:37:00 - [TEST_STEP][PASSED] - tap: Tapped on element 'Object Repository/Sidebar Menu/Operasional/Kasir/Kerajang dan Pembayaran/Button Konfirmasi'

2018-02-26 17:37:00 - [MESSAGE][PASSED] - Tapped on element 'Object Repository/Sidebar Menu/Operasional/Kasir/Kerajang dan Pembayaran/Button Konfirmasi'

2018-02-26 17:37:00 - [TEST_STEP][PASSED] - verifyElementExist: Element 'Object Repository/Sidebar Menu/Operasional/Kasir/Kerajang dan Pembayaran/Button Konfirmasi' is exist

2018-02-26 17:37:01 - [MESSAGE][PASSED] - Element 'Object Repository/Sidebar Menu/Operasional/Kasir/Kerajang dan Pembayaran/Button Konfirmasi' is exist

2018-02-26 17:37:01 - [TEST_STEP][PASSED] - tap: Tapped on element 'Object Repository/Sidebar Menu/Operasional/Kasir/Kerajang dan Pembayaran/ImagePensil - Diskon Tambahan'

2018-02-26 17:37:02 - [MESSAGE][PASSED] - Tapped on element 'Object Repository/Sidebar Menu/Operasional/Kasir/Kerajang dan Pembayaran/ImagePensil - Diskon Tambahan'

2018-02-26 17:37:02 - [TEST_STEP][PASSED] - setText: Text '1000' has been set to element 'Object Repository/Sidebar Menu/Operasional/Kasir/Kerajang dan Pembayaran/ImagePensil - Diskon Tambahan'

2018-02-26 17:37:14 - [MESSAGE][PASSED] - Text '1000' has been set to element 'Object Repository/Sidebar Menu/Operasional/Kasir/Kerajang dan Pembayaran/ImagePensil - Diskon Tambahan'

2018-02-26 17:37:14 - [TEST_STEP][PASSED] - hideKeyboard: Keyboard is hidden

2018-02-26 17:37:15 - [MESSAGE][PASSED] - Keyboard is hidden

2018-02-26 17:37:16 - [TEST_STEP][PASSED] - tap: Tapped on element 'Object Repository/Sidebar Menu/Operasional/Kasir/Kerajang dan Pembayaran/PILIH METODE PEMBAYARAN'

2018-02-26 17:37:16 - [MESSAGE][PASSED] - Tapped on element 'Object Repository/Sidebar Menu/Operasional/Kasir/Kerajang dan Pembayaran/PILIH METODE PEMBAYARAN'

2018-02-26 17:37:16 - [TEST_STEP][PASSED] - comment: End Story 29]]></system-out>
         <system-err><![CDATA[2018-02-26 17:32:51 - [TEST_CASE][FAILED] - Test Cases/Sprint 2/29 - TC - All: Test Cases/Sprint 2/29 - TC - All FAILED because (of) Object Object Repository/Sidebar Menu/Operasional/Kasir/Kerajang dan Pembayaran/PlusTap - Elemen 2 not found]]></system-err>
      </testcase>
      <testcase name="Test Cases/Sprint 2/47 - TC- All" classname="Test Cases/Sprint 2/47 - TC- All" status="FAILED">
         <failure type="FAILED" message="Failed to tap on element 'Object Repository/Sidebar Menu/Operasional/Kasir/Kerajang dan Pembayaran/Tanggal Pelunasan' (Root cause: Object Object Repository/Sidebar Menu/Operasional/Kasir/Kerajang dan Pembayaran/Tanggal Pelunasan not found)"/>
         <system-out><![CDATA[2018-02-26 17:37:17 - [TEST_CASE][FAILED] - Test Cases/Sprint 2/47 - TC- All: Test Cases/Sprint 2/47 - TC- All FAILED because (of) Failed to tap on element 'Object Repository/Sidebar Menu/Operasional/Kasir/Kerajang dan Pembayaran/Tanggal Pelunasan' (Root cause: Object Object Repository/Sidebar Menu/Operasional/Kasir/Kerajang dan Pembayaran/Tanggal Pelunasan not found)

2018-02-26 17:37:17 - [TEST_STEP][PASSED] - comment: Start Story 47

2018-02-26 17:37:17 - [TEST_STEP][PASSED] - tap: Tapped on element 'Object Repository/Sidebar Menu/Operasional/Kasir/Kerajang dan Pembayaran/Tunai'

2018-02-26 17:37:18 - [MESSAGE][PASSED] - Tapped on element 'Object Repository/Sidebar Menu/Operasional/Kasir/Kerajang dan Pembayaran/Tunai'

2018-02-26 17:37:18 - [TEST_STEP][PASSED] - comment: MenInput Jumlah Pembayaran < dari Harga Barang

2018-02-26 17:37:18 - [TEST_STEP][PASSED] - waitForElementPresent: Element 'Object Repository/Sidebar Menu/Operasional/Kasir/Kerajang dan Pembayaran/InputText - Pembayaran Tunai' is present

2018-02-26 17:37:20 - [MESSAGE][PASSED] - Element 'Object Repository/Sidebar Menu/Operasional/Kasir/Kerajang dan Pembayaran/InputText - Pembayaran Tunai' is present

2018-02-26 17:37:20 - [TEST_STEP][PASSED] - tap: Tapped on element 'Object Repository/Sidebar Menu/Operasional/Kasir/Kerajang dan Pembayaran/InputText - Pembayaran Tunai'

2018-02-26 17:37:20 - [MESSAGE][PASSED] - Tapped on element 'Object Repository/Sidebar Menu/Operasional/Kasir/Kerajang dan Pembayaran/InputText - Pembayaran Tunai'

2018-02-26 17:37:20 - [TEST_STEP][PASSED] - verifyElementExist: Element 'Object Repository/Sidebar Menu/Operasional/Kasir/Kerajang dan Pembayaran/InputText - Pembayaran Tunai' is exist

2018-02-26 17:37:21 - [MESSAGE][PASSED] - Element 'Object Repository/Sidebar Menu/Operasional/Kasir/Kerajang dan Pembayaran/InputText - Pembayaran Tunai' is exist

2018-02-26 17:37:21 - [TEST_STEP][PASSED] - setText: Text '500' has been set to element 'Object Repository/Sidebar Menu/Operasional/Kasir/Kerajang dan Pembayaran/InputText - Pembayaran Tunai'

2018-02-26 17:37:32 - [MESSAGE][PASSED] - Text '500' has been set to element 'Object Repository/Sidebar Menu/Operasional/Kasir/Kerajang dan Pembayaran/InputText - Pembayaran Tunai'

2018-02-26 17:37:32 - [TEST_STEP][NOT_RUN] - verifyElementText: NOT_RUN: verifyElementText

2018-02-26 17:37:32 - [MESSAGE][NOT_RUN] - NOT_RUN: verifyElementText

2018-02-26 17:37:32 - [TEST_STEP][NOT_RUN] - getText: NOT_RUN: getText

2018-02-26 17:37:32 - [MESSAGE][NOT_RUN] - NOT_RUN: getText

2018-02-26 17:37:32 - [TEST_STEP][PASSED] - hideKeyboard: Keyboard is hidden

2018-02-26 17:37:33 - [MESSAGE][PASSED] - Keyboard is hidden

2018-02-26 17:37:33 - [TEST_STEP][PASSED] - tap: Tapped on element 'Object Repository/Sidebar Menu/Operasional/Kasir/Kerajang dan Pembayaran/LANJUT (1)'

2018-02-26 17:37:34 - [MESSAGE][PASSED] - Tapped on element 'Object Repository/Sidebar Menu/Operasional/Kasir/Kerajang dan Pembayaran/LANJUT (1)'

2018-02-26 17:37:34 - [TEST_STEP][PASSED] - verifyElementExist: Element 'Object Repository/Sidebar Menu/Operasional/Kasir/Kerajang dan Pembayaran/LANJUT (1)' is exist

2018-02-26 17:37:35 - [MESSAGE][PASSED] - Element 'Object Repository/Sidebar Menu/Operasional/Kasir/Kerajang dan Pembayaran/LANJUT (1)' is exist

2018-02-26 17:37:35 - [TEST_STEP][PASSED] - delay: Delayed 10 second(s)

2018-02-26 17:37:45 - [MESSAGE][PASSED] - Delayed 10 second(s)

2018-02-26 17:37:45 - [TEST_STEP][PASSED] - waitForElementPresent: Element 'Object Repository/Sidebar Menu/Operasional/Kasir/Kerajang dan Pembayaran/OK - Button' is present

2018-02-26 17:37:45 - [MESSAGE][PASSED] - Element 'Object Repository/Sidebar Menu/Operasional/Kasir/Kerajang dan Pembayaran/OK - Button' is present

2018-02-26 17:37:45 - [TEST_STEP][PASSED] - tap: Tapped on element 'Object Repository/Sidebar Menu/Operasional/Kasir/Kerajang dan Pembayaran/OK - Button'

2018-02-26 17:37:45 - [MESSAGE][PASSED] - Tapped on element 'Object Repository/Sidebar Menu/Operasional/Kasir/Kerajang dan Pembayaran/OK - Button'

2018-02-26 17:37:45 - [TEST_STEP][PASSED] - verifyElementExist: Element 'Object Repository/Sidebar Menu/Operasional/Kasir/Kerajang dan Pembayaran/OK - Button' is exist

2018-02-26 17:37:47 - [MESSAGE][PASSED] - Element 'Object Repository/Sidebar Menu/Operasional/Kasir/Kerajang dan Pembayaran/OK - Button' is exist

2018-02-26 17:37:47 - [TEST_STEP][PASSED] - delay: Delayed 5 second(s)

2018-02-26 17:37:52 - [MESSAGE][PASSED] - Delayed 5 second(s)

2018-02-26 17:37:52 - [TEST_STEP][PASSED] - swipe: Swiped from 391,496 to 450,496

2018-02-26 17:37:52 - [MESSAGE][PASSED] - Swiped from 391,496 to 450,496

2018-02-26 17:37:52 - [TEST_STEP][PASSED] - delay: Delayed 5 second(s)

2018-02-26 17:37:57 - [MESSAGE][PASSED] - Delayed 5 second(s)

2018-02-26 17:37:57 - [TEST_STEP][PASSED] - waitForElementPresent: Object Object Repository/Sidebar Menu/Operasional/Kasir/Kerajang dan Pembayaran/Tanggal Pelunasan not found

2018-02-26 17:38:03 - [MESSAGE][WARNING] - Object Object Repository/Sidebar Menu/Operasional/Kasir/Kerajang dan Pembayaran/Tanggal Pelunasan not found

2018-02-26 17:38:03 - [TEST_STEP][FAILED] - tap: Failed to tap on element 'Object Repository/Sidebar Menu/Operasional/Kasir/Kerajang dan Pembayaran/Tanggal Pelunasan' (Root cause: Object Object Repository/Sidebar Menu/Operasional/Kasir/Kerajang dan Pembayaran/Tanggal Pelunasan not found)

2018-02-26 17:38:08 - [MESSAGE][FAILED] - Object Object Repository/Sidebar Menu/Operasional/Kasir/Kerajang dan Pembayaran/Tanggal Pelunasan not found

2018-02-26 17:38:08 - [MESSAGE][FAILED] - Failed to tap on element 'Object Repository/Sidebar Menu/Operasional/Kasir/Kerajang dan Pembayaran/Tanggal Pelunasan' (Root cause: Object Object Repository/Sidebar Menu/Operasional/Kasir/Kerajang dan Pembayaran/Tanggal Pelunasan not found)]]></system-out>
         <system-err><![CDATA[2018-02-26 17:37:17 - [TEST_CASE][FAILED] - Test Cases/Sprint 2/47 - TC- All: Test Cases/Sprint 2/47 - TC- All FAILED because (of) Failed to tap on element 'Object Repository/Sidebar Menu/Operasional/Kasir/Kerajang dan Pembayaran/Tanggal Pelunasan' (Root cause: Object Object Repository/Sidebar Menu/Operasional/Kasir/Kerajang dan Pembayaran/Tanggal Pelunasan not found)]]></system-err>
      </testcase>
      <testcase name="Test Cases/Sprint 2/30 - TC - All" classname="Test Cases/Sprint 2/30 - TC - All" status="FAILED">
         <failure type="FAILED" message="Failed to tap on element 'Object Repository/Sidebar Menu/Operasional/Kasir/Kerajang dan Pembayaran/LANJUT (1)' (Root cause: Object Object Repository/Sidebar Menu/Operasional/Kasir/Kerajang dan Pembayaran/LANJUT (1) not found)"/>
         <system-out><![CDATA[2018-02-26 17:38:08 - [TEST_CASE][FAILED] - Test Cases/Sprint 2/30 - TC - All: Test Cases/Sprint 2/30 - TC - All FAILED because (of) Failed to tap on element 'Object Repository/Sidebar Menu/Operasional/Kasir/Kerajang dan Pembayaran/LANJUT (1)' (Root cause: Object Object Repository/Sidebar Menu/Operasional/Kasir/Kerajang dan Pembayaran/LANJUT (1) not found)

2018-02-26 17:38:08 - [TEST_STEP][PASSED] - comment: Start Story 30

2018-02-26 17:38:08 - [TEST_STEP][PASSED] - waitForElementPresent: Object Object Repository/Sidebar Menu/Operasional/Kasir/Kerajang dan Pembayaran/LANJUT (1) not found

2018-02-26 17:38:13 - [MESSAGE][WARNING] - Object Object Repository/Sidebar Menu/Operasional/Kasir/Kerajang dan Pembayaran/LANJUT (1) not found

2018-02-26 17:38:13 - [TEST_STEP][FAILED] - tap: Failed to tap on element 'Object Repository/Sidebar Menu/Operasional/Kasir/Kerajang dan Pembayaran/LANJUT (1)' (Root cause: Object Object Repository/Sidebar Menu/Operasional/Kasir/Kerajang dan Pembayaran/LANJUT (1) not found)

2018-02-26 17:38:18 - [MESSAGE][FAILED] - Object Object Repository/Sidebar Menu/Operasional/Kasir/Kerajang dan Pembayaran/LANJUT (1) not found

2018-02-26 17:38:18 - [MESSAGE][FAILED] - Failed to tap on element 'Object Repository/Sidebar Menu/Operasional/Kasir/Kerajang dan Pembayaran/LANJUT (1)' (Root cause: Object Object Repository/Sidebar Menu/Operasional/Kasir/Kerajang dan Pembayaran/LANJUT (1) not found)]]></system-out>
         <system-err><![CDATA[2018-02-26 17:38:08 - [TEST_CASE][FAILED] - Test Cases/Sprint 2/30 - TC - All: Test Cases/Sprint 2/30 - TC - All FAILED because (of) Failed to tap on element 'Object Repository/Sidebar Menu/Operasional/Kasir/Kerajang dan Pembayaran/LANJUT (1)' (Root cause: Object Object Repository/Sidebar Menu/Operasional/Kasir/Kerajang dan Pembayaran/LANJUT (1) not found)]]></system-err>
      </testcase>
      <system-out><![CDATA[2018-02-26 17:29:27 - [TEST_SUITE][FAILED] - Sprint 2: Test Cases/Sprint 2/29 - TC - All FAILED because (of) Object Object Repository/Sidebar Menu/Operasional/Kasir/Kerajang dan Pembayaran/PlusTap - Elemen 2 not found]]></system-out>
      <system-err><![CDATA[2018-02-26 17:29:27 - [TEST_SUITE][FAILED] - Sprint 2: Test Cases/Sprint 2/29 - TC - All FAILED because (of) Object Object Repository/Sidebar Menu/Operasional/Kasir/Kerajang dan Pembayaran/PlusTap - Elemen 2 not found]]></system-err>
   </testsuite>
</testsuites>
