<?xml version="1.0" encoding="UTF-8"?>
<testsuites name="Story 41" time="166" tests="8" failures="3" errors="0">
   <testsuite name="Story 41" tests="8" failures="3" errors="0" time="166" timestamp="2018-03-15 12:50:49" hostname="AV2017005903 - NBMP18A211ITSQA.corp.bankbtpn.co.id" id="Test Suites/Story 41">
      <properties>
         <property name="deviceName" value="asus ASUS_X014D 5.1.1"/>
         <property name="devicePlatform" value=""/>
         <property name="logFolder" value="C:\\Users\\AV2017005903\\Documents\\apollo-automation\\Reports\\Story 41\\20180315_125047"/>
         <property name="logFiles" value="C:\\Users\\AV2017005903\\Documents\\apollo-automation\\Reports\\Story 41\\20180315_125047\\appium.log, C:\\Users\\AV2017005903\\Documents\\apollo-automation\\Reports\\Story 41\\20180315_125047\\execution0.log"/>
         <property name="attachments" value=""/>
         <property name="hostName" value="AV2017005903 - NBMP18A211ITSQA.corp.bankbtpn.co.id"/>
         <property name="os" value="Windows 10 64bit"/>
         <property name="katalonVersion" value="5.0.0.1"/>
         <property name="deviceOS" value="Android"/>
         <property name="appiumVersion" value="1.6.5"/>
         <property name="deviceModel" value="ASUS_X014D"/>
         <property name="hostAddress" value="192.168.17.167"/>
         <property name="deviceManufacturer" value="asus"/>
         <property name="deviceId" value="GBAXGV411465ERX"/>
         <property name="deviceName" value="asus ASUS_X014D 5.1.1"/>
         <property name="deviceOSVersion" value="5.1.1"/>
      </properties>
      <testcase name="Test Cases/Story 41 - Create Expense/TC 1" classname="Test Cases/Story 41 - Create Expense/TC 1" status="PASSED">
         <system-out><![CDATA[2018-03-15 12:50:49 - [TEST_CASE][PASSED] - Test Cases/Story 41 - Create Expense/TC 1: Test Cases/Story 41 - Create Expense/TC 1

2018-03-15 12:50:50 - [TEST_STEP][PASSED] - comment: Start Story 41

2018-03-15 12:50:50 - [TEST_STEP][PASSED] - Statement - apkPath = com.kms.katalon.core.util.internal.PathUtil.relativeToAbsolutePath(apkName, com.kms.katalon.core.configuration.RunConfiguration.getProjectDir()): null

2018-03-15 12:50:50 - [TEST_STEP][PASSED] - startApplication: Started app at: 'C:\Users\AV2017005903\Documents\apollo-automation\13 Maret 17.23.apk'

2018-03-15 12:51:08 - [MESSAGE][PASSED] - Started app at: 'C:\Users\AV2017005903\Documents\apollo-automation\13 Maret 17.23.apk'

2018-03-15 12:51:08 - [TEST_STEP][PASSED] - tap: Tapped on element 'Object Repository/Login/Daftar Sekarang - Belum Punya Akun'

2018-03-15 12:51:15 - [MESSAGE][PASSED] - Tapped on element 'Object Repository/Login/Daftar Sekarang - Belum Punya Akun'

2018-03-15 12:51:15 - [TEST_STEP][PASSED] - waitForElementPresent: Element 'Object Repository/Sidebar Menu/HamburgerButton' is present

2018-03-15 12:51:18 - [MESSAGE][PASSED] - Element 'Object Repository/Sidebar Menu/HamburgerButton' is present

2018-03-15 12:51:18 - [TEST_STEP][PASSED] - tap: Tapped on element 'Object Repository/Sidebar Menu/HamburgerButton'

2018-03-15 12:51:20 - [MESSAGE][PASSED] - Tapped on element 'Object Repository/Sidebar Menu/HamburgerButton'

2018-03-15 12:51:20 - [TEST_STEP][PASSED] - tap: Tapped on element 'Object Repository/Sidebar Menu/Operasional/Operasional - Sidebar Menu'

2018-03-15 12:51:22 - [MESSAGE][PASSED] - Tapped on element 'Object Repository/Sidebar Menu/Operasional/Operasional - Sidebar Menu'

2018-03-15 12:51:22 - [TEST_STEP][PASSED] - tap: Tapped on element 'Object Repository/Sidebar Menu/Operasional/Pengeluaran/PengeluaranNavbar'

2018-03-15 12:51:25 - [MESSAGE][PASSED] - Tapped on element 'Object Repository/Sidebar Menu/Operasional/Pengeluaran/PengeluaranNavbar'

2018-03-15 12:51:25 - [TEST_STEP][PASSED] - delay: Delayed 5 second(s)

2018-03-15 12:51:30 - [MESSAGE][PASSED] - Delayed 5 second(s)

2018-03-15 12:51:30 - [TEST_STEP][PASSED] - waitForElementPresent: Element 'Object Repository/Sidebar Menu/Operasional/Pengeluaran/TAMBAH CATATAN - Button' is present

2018-03-15 12:51:31 - [MESSAGE][PASSED] - Element 'Object Repository/Sidebar Menu/Operasional/Pengeluaran/TAMBAH CATATAN - Button' is present

2018-03-15 12:51:31 - [TEST_STEP][PASSED] - tap: Tapped on element 'Object Repository/Sidebar Menu/Operasional/Pengeluaran/TAMBAH CATATAN - Button'

2018-03-15 12:51:31 - [MESSAGE][PASSED] - Tapped on element 'Object Repository/Sidebar Menu/Operasional/Pengeluaran/TAMBAH CATATAN - Button'

2018-03-15 12:51:31 - [TEST_STEP][PASSED] - delay: Delayed 5 second(s)

2018-03-15 12:51:36 - [MESSAGE][PASSED] - Delayed 5 second(s)]]></system-out>
         <system-err><![CDATA[]]></system-err>
      </testcase>
      <testcase name="Test Cases/Story 41 - Create Expense/TC 2" classname="Test Cases/Story 41 - Create Expense/TC 2" status="PASSED">
         <system-out><![CDATA[2018-03-15 12:51:36 - [TEST_CASE][PASSED] - Test Cases/Story 41 - Create Expense/TC 2: Test Cases/Story 41 - Create Expense/TC 2

2018-03-15 12:51:37 - [TEST_STEP][PASSED] - tap: Tapped on element 'Object Repository/Sidebar Menu/Operasional/Pengeluaran/Judul Catatan - TextBox'

2018-03-15 12:51:37 - [MESSAGE][PASSED] - Tapped on element 'Object Repository/Sidebar Menu/Operasional/Pengeluaran/Judul Catatan - TextBox'

2018-03-15 12:51:37 - [TEST_STEP][PASSED] - setText: Text 'Pengeluaran Kos Kosan' has been set to element 'Object Repository/Sidebar Menu/Operasional/Pengeluaran/Judul Catatan - TextBox'

2018-03-15 12:51:53 - [MESSAGE][PASSED] - Text 'Pengeluaran Kos Kosan' has been set to element 'Object Repository/Sidebar Menu/Operasional/Pengeluaran/Judul Catatan - TextBox'

2018-03-15 12:51:53 - [TEST_STEP][PASSED] - verifyElementText: Actual text and expected text of test object 'Object Repository/Sidebar Menu/Operasional/Pengeluaran/Judul Catatan - TextBox' are matched.

2018-03-15 12:51:55 - [MESSAGE][PASSED] - Actual text and expected text of test object 'Object Repository/Sidebar Menu/Operasional/Pengeluaran/Judul Catatan - TextBox' are matched.

2018-03-15 12:51:55 - [TEST_STEP][PASSED] - getText: Text of element 'Object Repository/Sidebar Menu/Operasional/Pengeluaran/Judul Catatan - TextBox' is: 'Pengeluaran Kos Kosan'

2018-03-15 12:51:55 - [MESSAGE][PASSED] - Text of element 'Object Repository/Sidebar Menu/Operasional/Pengeluaran/Judul Catatan - TextBox' is: 'Pengeluaran Kos Kosan'

2018-03-15 12:51:55 - [TEST_STEP][PASSED] - hideKeyboard: Keyboard is hidden

2018-03-15 12:51:55 - [MESSAGE][PASSED] - Keyboard is hidden

2018-03-15 12:51:56 - [TEST_STEP][PASSED] - tap: Tapped on element 'Object Repository/Sidebar Menu/Operasional/Pengeluaran/Simpan - Tambah Catatan'

2018-03-15 12:51:57 - [MESSAGE][PASSED] - Tapped on element 'Object Repository/Sidebar Menu/Operasional/Pengeluaran/Simpan - Tambah Catatan'

2018-03-15 12:51:57 - [TEST_STEP][PASSED] - delay: Delayed 3 second(s)

2018-03-15 12:52:00 - [MESSAGE][PASSED] - Delayed 3 second(s)]]></system-out>
         <system-err><![CDATA[]]></system-err>
      </testcase>
      <testcase name="Test Cases/Story 41 - Create Expense/TC 3" classname="Test Cases/Story 41 - Create Expense/TC 3" status="PASSED">
         <system-out><![CDATA[2018-03-15 12:52:00 - [TEST_CASE][PASSED] - Test Cases/Story 41 - Create Expense/TC 3: Test Cases/Story 41 - Create Expense/TC 3

2018-03-15 12:52:00 - [TEST_STEP][PASSED] - clearText: Element 'Object Repository/Sidebar Menu/Operasional/Pengeluaran/Judul Catatan - TextBox' text is cleared

2018-03-15 12:52:02 - [MESSAGE][PASSED] - Element 'Object Repository/Sidebar Menu/Operasional/Pengeluaran/Judul Catatan - TextBox' text is cleared

2018-03-15 12:52:02 - [TEST_STEP][PASSED] - waitForElementPresent: Element 'Object Repository/Sidebar Menu/Operasional/Pengeluaran/Pilih Kategori 1' is present

2018-03-15 12:52:03 - [MESSAGE][PASSED] - Element 'Object Repository/Sidebar Menu/Operasional/Pengeluaran/Pilih Kategori 1' is present

2018-03-15 12:52:03 - [TEST_STEP][PASSED] - tap: Tapped on element 'Object Repository/Sidebar Menu/Operasional/Pengeluaran/Pilih Kategori 1'

2018-03-15 12:52:03 - [MESSAGE][PASSED] - Tapped on element 'Object Repository/Sidebar Menu/Operasional/Pengeluaran/Pilih Kategori 1'

2018-03-15 12:52:03 - [TEST_STEP][PASSED] - tap: Tapped on element 'Object Repository/Sidebar Menu/Operasional/Pengeluaran/Pilih Kategori 1'

2018-03-15 12:52:05 - [MESSAGE][PASSED] - Tapped on element 'Object Repository/Sidebar Menu/Operasional/Pengeluaran/Pilih Kategori 1'

2018-03-15 12:52:05 - [TEST_STEP][PASSED] - delay: Delayed 3 second(s)

2018-03-15 12:52:08 - [MESSAGE][PASSED] - Delayed 3 second(s)]]></system-out>
         <system-err><![CDATA[]]></system-err>
      </testcase>
      <testcase name="Test Cases/Story 41 - Create Expense/TC 4" classname="Test Cases/Story 41 - Create Expense/TC 4" status="PASSED">
         <system-out><![CDATA[2018-03-15 12:52:08 - [TEST_CASE][PASSED] - Test Cases/Story 41 - Create Expense/TC 4: Test Cases/Story 41 - Create Expense/TC 4

2018-03-15 12:52:08 - [TEST_STEP][PASSED] - waitForElementPresent: Element 'Object Repository/Sidebar Menu/Operasional/Pengeluaran/Pilih Kategori Elemen ke 1' is present

2018-03-15 12:52:08 - [MESSAGE][PASSED] - Element 'Object Repository/Sidebar Menu/Operasional/Pengeluaran/Pilih Kategori Elemen ke 1' is present

2018-03-15 12:52:08 - [TEST_STEP][PASSED] - tap: Tapped on element 'Object Repository/Sidebar Menu/Operasional/Pengeluaran/Pilih Kategori Elemen ke 1'

2018-03-15 12:52:09 - [MESSAGE][PASSED] - Tapped on element 'Object Repository/Sidebar Menu/Operasional/Pengeluaran/Pilih Kategori Elemen ke 1'

2018-03-15 12:52:09 - [TEST_STEP][PASSED] - waitForElementPresent: Element 'Object Repository/Sidebar Menu/Operasional/Pengeluaran/Simpan - Tambah Catatan' is present

2018-03-15 12:52:10 - [MESSAGE][PASSED] - Element 'Object Repository/Sidebar Menu/Operasional/Pengeluaran/Simpan - Tambah Catatan' is present

2018-03-15 12:52:10 - [TEST_STEP][PASSED] - tap: Tapped on element 'Object Repository/Sidebar Menu/Operasional/Pengeluaran/Simpan - Tambah Catatan'

2018-03-15 12:52:10 - [MESSAGE][PASSED] - Tapped on element 'Object Repository/Sidebar Menu/Operasional/Pengeluaran/Simpan - Tambah Catatan'

2018-03-15 12:52:10 - [TEST_STEP][PASSED] - delay: Delayed 3 second(s)

2018-03-15 12:52:13 - [MESSAGE][PASSED] - Delayed 3 second(s)]]></system-out>
         <system-err><![CDATA[]]></system-err>
      </testcase>
      <testcase name="Test Cases/Story 41 - Create Expense/TC 5" classname="Test Cases/Story 41 - Create Expense/TC 5" status="PASSED">
         <system-out><![CDATA[2018-03-15 12:52:14 - [TEST_CASE][PASSED] - Test Cases/Story 41 - Create Expense/TC 5: Test Cases/Story 41 - Create Expense/TC 5

2018-03-15 12:52:14 - [TEST_STEP][PASSED] - tap: Tapped on element 'Object Repository/Sidebar Menu/Operasional/Pengeluaran/Judul Catatan - TextBox'

2018-03-15 12:52:14 - [MESSAGE][PASSED] - Tapped on element 'Object Repository/Sidebar Menu/Operasional/Pengeluaran/Judul Catatan - TextBox'

2018-03-15 12:52:14 - [TEST_STEP][PASSED] - setText: Text 'Pengeluaran Kos Kosan' has been set to element 'Object Repository/Sidebar Menu/Operasional/Pengeluaran/Judul Catatan - TextBox'

2018-03-15 12:52:30 - [MESSAGE][PASSED] - Text 'Pengeluaran Kos Kosan' has been set to element 'Object Repository/Sidebar Menu/Operasional/Pengeluaran/Judul Catatan - TextBox'

2018-03-15 12:52:30 - [TEST_STEP][PASSED] - verifyElementText: Actual text and expected text of test object 'Object Repository/Sidebar Menu/Operasional/Pengeluaran/Judul Catatan - TextBox' are matched.

2018-03-15 12:52:31 - [MESSAGE][PASSED] - Actual text and expected text of test object 'Object Repository/Sidebar Menu/Operasional/Pengeluaran/Judul Catatan - TextBox' are matched.

2018-03-15 12:52:31 - [TEST_STEP][PASSED] - getText: Text of element 'Object Repository/Sidebar Menu/Operasional/Pengeluaran/Judul Catatan - TextBox' is: 'Pengeluaran Kos Kosan'

2018-03-15 12:52:31 - [MESSAGE][PASSED] - Text of element 'Object Repository/Sidebar Menu/Operasional/Pengeluaran/Judul Catatan - TextBox' is: 'Pengeluaran Kos Kosan'

2018-03-15 12:52:31 - [TEST_STEP][PASSED] - hideKeyboard: Keyboard is hidden

2018-03-15 12:52:32 - [MESSAGE][PASSED] - Keyboard is hidden]]></system-out>
         <system-err><![CDATA[]]></system-err>
      </testcase>
      <testcase name="Test Cases/Story 41 - Create Expense/TC 6" classname="Test Cases/Story 41 - Create Expense/TC 6" status="PASSED">
         <system-out><![CDATA[2018-03-15 12:52:32 - [TEST_CASE][PASSED] - Test Cases/Story 41 - Create Expense/TC 6: Test Cases/Story 41 - Create Expense/TC 6

2018-03-15 12:52:32 - [TEST_STEP][PASSED] - tap: Tapped on element 'Object Repository/Sidebar Menu/Operasional/Pengeluaran/Nominal Pengeluaran - TextBox'

2018-03-15 12:52:33 - [MESSAGE][PASSED] - Tapped on element 'Object Repository/Sidebar Menu/Operasional/Pengeluaran/Nominal Pengeluaran - TextBox'

2018-03-15 12:52:33 - [TEST_STEP][PASSED] - setText: Text 'Rp. 4500000' has been set to element 'Object Repository/Sidebar Menu/Operasional/Pengeluaran/Nominal Pengeluaran - TextBox'

2018-03-15 12:52:44 - [MESSAGE][PASSED] - Text 'Rp. 4500000' has been set to element 'Object Repository/Sidebar Menu/Operasional/Pengeluaran/Nominal Pengeluaran - TextBox'

2018-03-15 12:52:44 - [TEST_STEP][PASSED] - verifyElementText: Actual text and expected text of test object 'Object Repository/Sidebar Menu/Operasional/Pengeluaran/Nominal Pengeluaran - TextBox' are matched.

2018-03-15 12:52:45 - [MESSAGE][PASSED] - Actual text and expected text of test object 'Object Repository/Sidebar Menu/Operasional/Pengeluaran/Nominal Pengeluaran - TextBox' are matched.

2018-03-15 12:52:45 - [TEST_STEP][PASSED] - hideKeyboard: Keyboard is hidden

2018-03-15 12:52:45 - [MESSAGE][PASSED] - Keyboard is hidden

2018-03-15 12:52:45 - [TEST_STEP][PASSED] - delay: Delayed 5 second(s)

2018-03-15 12:52:50 - [MESSAGE][PASSED] - Delayed 5 second(s)]]></system-out>
         <system-err><![CDATA[]]></system-err>
      </testcase>
      <testcase name="Test Cases/Story 41 - Create Expense/TC 7" classname="Test Cases/Story 41 - Create Expense/TC 7" status="PASSED">
         <system-out><![CDATA[2018-03-15 12:52:50 - [TEST_CASE][PASSED] - Test Cases/Story 41 - Create Expense/TC 7: Test Cases/Story 41 - Create Expense/TC 7

2018-03-15 12:52:50 - [TEST_STEP][PASSED] - waitForElementPresent: Element 'Object Repository/Sidebar Menu/Operasional/Pengeluaran/Deskripsi - TextBox' is present

2018-03-15 12:52:51 - [MESSAGE][PASSED] - Element 'Object Repository/Sidebar Menu/Operasional/Pengeluaran/Deskripsi - TextBox' is present

2018-03-15 12:52:51 - [TEST_STEP][PASSED] - tap: Tapped on element 'Object Repository/Sidebar Menu/Operasional/Pengeluaran/Deskripsi - TextBox'

2018-03-15 12:52:51 - [MESSAGE][WARNING] - Timeout '0' is invalid. Using default page load timeout: '30'

2018-03-15 12:52:51 - [MESSAGE][PASSED] - Tapped on element 'Object Repository/Sidebar Menu/Operasional/Pengeluaran/Deskripsi - TextBox'

2018-03-15 12:52:51 - [TEST_STEP][PASSED] - sendKeys: Send keys 'Pengeluaran untuk uang Listrik, Uang Makan, dan Uang Kos bulan Januari' on test object 'Object Repository/Sidebar Menu/Operasional/Pengeluaran/Deskripsi - TextBox' successfully.

2018-03-15 12:53:00 - [MESSAGE][PASSED] - Send keys 'Pengeluaran untuk uang Listrik, Uang Makan, dan Uang Kos bulan Januari' on test object 'Object Repository/Sidebar Menu/Operasional/Pengeluaran/Deskripsi - TextBox' successfully.

2018-03-15 12:53:00 - [TEST_STEP][PASSED] - getText: Text of element 'Object Repository/Sidebar Menu/Operasional/Pengeluaran/Deskripsi - TextBox' is: 'Pengeluaran untuk uang Listrik, Uang Makan, dan Uang Kos bulan Januari'

2018-03-15 12:53:01 - [MESSAGE][PASSED] - Text of element 'Object Repository/Sidebar Menu/Operasional/Pengeluaran/Deskripsi - TextBox' is: 'Pengeluaran untuk uang Listrik, Uang Makan, dan Uang Kos bulan Januari'

2018-03-15 12:53:01 - [TEST_STEP][PASSED] - hideKeyboard: Keyboard is hidden

2018-03-15 12:53:02 - [MESSAGE][PASSED] - Keyboard is hidden

2018-03-15 12:53:02 - [TEST_STEP][PASSED] - delay: Delayed 2 second(s)

2018-03-15 12:53:04 - [MESSAGE][PASSED] - Delayed 2 second(s)]]></system-out>
         <system-err><![CDATA[]]></system-err>
      </testcase>
      <testcase name="Test Cases/Story 41 - Create Expense/TC 8" classname="Test Cases/Story 41 - Create Expense/TC 8" status="FAILED">
         <failure type="FAILED" message="Failed to tap on element 'Object Repository/Sidebar Menu/Operasional/Pengeluaran/10 Maret 2018' (Root cause: Object Object Repository/Sidebar Menu/Operasional/Pengeluaran/10 Maret 2018 not found)"/>
         <system-out><![CDATA[2018-03-15 12:53:04 - [TEST_CASE][FAILED] - Test Cases/Story 41 - Create Expense/TC 8: Test Cases/Story 41 - Create Expense/TC 8 FAILED because (of) Failed to tap on element 'Object Repository/Sidebar Menu/Operasional/Pengeluaran/10 Maret 2018' (Root cause: Object Object Repository/Sidebar Menu/Operasional/Pengeluaran/10 Maret 2018 not found)

2018-03-15 12:53:04 - [TEST_STEP][NOT_RUN] - waitForElementPresent: NOT_RUN: waitForElementPresent

2018-03-15 12:53:04 - [MESSAGE][NOT_RUN] - NOT_RUN: waitForElementPresent

2018-03-15 12:53:04 - [TEST_STEP][PASSED] - tap: Tapped on element 'Object Repository/Sidebar Menu/Operasional/Pengeluaran/SelectorTangal'

2018-03-15 12:53:05 - [MESSAGE][PASSED] - Tapped on element 'Object Repository/Sidebar Menu/Operasional/Pengeluaran/SelectorTangal'

2018-03-15 12:53:05 - [TEST_STEP][NOT_RUN] - waitForElementPresent: NOT_RUN: waitForElementPresent

2018-03-15 12:53:05 - [MESSAGE][NOT_RUN] - NOT_RUN: waitForElementPresent

2018-03-15 12:53:05 - [TEST_STEP][FAILED] - tap: Failed to tap on element 'Object Repository/Sidebar Menu/Operasional/Pengeluaran/10 Maret 2018' (Root cause: Object Object Repository/Sidebar Menu/Operasional/Pengeluaran/10 Maret 2018 not found)

2018-03-15 12:53:07 - [MESSAGE][FAILED] - Object Object Repository/Sidebar Menu/Operasional/Pengeluaran/10 Maret 2018 not found

2018-03-15 12:53:07 - [MESSAGE][FAILED] - Failed to tap on element 'Object Repository/Sidebar Menu/Operasional/Pengeluaran/10 Maret 2018' (Root cause: Object Object Repository/Sidebar Menu/Operasional/Pengeluaran/10 Maret 2018 not found)]]></system-out>
         <system-err><![CDATA[2018-03-15 12:53:04 - [TEST_CASE][FAILED] - Test Cases/Story 41 - Create Expense/TC 8: Test Cases/Story 41 - Create Expense/TC 8 FAILED because (of) Failed to tap on element 'Object Repository/Sidebar Menu/Operasional/Pengeluaran/10 Maret 2018' (Root cause: Object Object Repository/Sidebar Menu/Operasional/Pengeluaran/10 Maret 2018 not found)]]></system-err>
      </testcase>
      <testcase name="Test Cases/Story 41 - Create Expense/TC 9" classname="Test Cases/Story 41 - Create Expense/TC 9" status="FAILED">
         <failure type="FAILED" message="Failed to tap on element 'Object Repository/Sidebar Menu/Operasional/Pengeluaran/SelectorTangal' (Root cause: Object Object Repository/Sidebar Menu/Operasional/Pengeluaran/SelectorTangal not found)"/>
         <system-out><![CDATA[2018-03-15 12:53:07 - [TEST_CASE][FAILED] - Test Cases/Story 41 - Create Expense/TC 9: Test Cases/Story 41 - Create Expense/TC 9 FAILED because (of) Failed to tap on element 'Object Repository/Sidebar Menu/Operasional/Pengeluaran/SelectorTangal' (Root cause: Object Object Repository/Sidebar Menu/Operasional/Pengeluaran/SelectorTangal not found)

2018-03-15 12:53:07 - [TEST_STEP][PASSED] - waitForElementPresent: Element 'Object Repository/Sidebar Menu/Operasional/Pengeluaran/SelectorTangal' is present

2018-03-15 12:53:08 - [MESSAGE][PASSED] - Element 'Object Repository/Sidebar Menu/Operasional/Pengeluaran/SelectorTangal' is present

2018-03-15 12:53:08 - [TEST_STEP][PASSED] - tap: Tapped on element 'Object Repository/Sidebar Menu/Operasional/Pengeluaran/SelectorTangal'

2018-03-15 12:53:08 - [MESSAGE][PASSED] - Tapped on element 'Object Repository/Sidebar Menu/Operasional/Pengeluaran/SelectorTangal'

2018-03-15 12:53:08 - [TEST_STEP][FAILED] - tap: Failed to tap on element 'Object Repository/Sidebar Menu/Operasional/Pengeluaran/SelectorTangal' (Root cause: Object Object Repository/Sidebar Menu/Operasional/Pengeluaran/SelectorTangal not found)

2018-03-15 12:53:13 - [MESSAGE][FAILED] - Object Object Repository/Sidebar Menu/Operasional/Pengeluaran/SelectorTangal not found

2018-03-15 12:53:13 - [MESSAGE][FAILED] - Failed to tap on element 'Object Repository/Sidebar Menu/Operasional/Pengeluaran/SelectorTangal' (Root cause: Object Object Repository/Sidebar Menu/Operasional/Pengeluaran/SelectorTangal not found)]]></system-out>
         <system-err><![CDATA[2018-03-15 12:53:07 - [TEST_CASE][FAILED] - Test Cases/Story 41 - Create Expense/TC 9: Test Cases/Story 41 - Create Expense/TC 9 FAILED because (of) Failed to tap on element 'Object Repository/Sidebar Menu/Operasional/Pengeluaran/SelectorTangal' (Root cause: Object Object Repository/Sidebar Menu/Operasional/Pengeluaran/SelectorTangal not found)]]></system-err>
      </testcase>
      <testcase name="Test Cases/Story 41 - Create Expense/TC 10" classname="Test Cases/Story 41 - Create Expense/TC 10" status="FAILED">
         <failure type="FAILED" message="Failed to tap on element 'Object Repository/Sidebar Menu/Operasional/Pengeluaran/Batal' (Root cause: Object Object Repository/Sidebar Menu/Operasional/Pengeluaran/Batal not found)"/>
         <system-out><![CDATA[2018-03-15 12:53:14 - [TEST_CASE][FAILED] - Test Cases/Story 41 - Create Expense/TC 10: Test Cases/Story 41 - Create Expense/TC 10 FAILED because (of) Failed to tap on element 'Object Repository/Sidebar Menu/Operasional/Pengeluaran/Batal' (Root cause: Object Object Repository/Sidebar Menu/Operasional/Pengeluaran/Batal not found)

2018-03-15 12:53:14 - [TEST_STEP][PASSED] - delay: Delayed 5 second(s)

2018-03-15 12:53:19 - [MESSAGE][PASSED] - Delayed 5 second(s)

2018-03-15 12:53:19 - [TEST_STEP][PASSED] - pressBack: Press back button successfully

2018-03-15 12:53:19 - [MESSAGE][PASSED] - Press back button successfully

2018-03-15 12:53:19 - [TEST_STEP][PASSED] - waitForElementPresent: Object Object Repository/Sidebar Menu/Operasional/Pengeluaran/Batal not found

2018-03-15 12:53:23 - [MESSAGE][WARNING] - Object Object Repository/Sidebar Menu/Operasional/Pengeluaran/Batal not found

2018-03-15 12:53:23 - [TEST_STEP][FAILED] - tap: Failed to tap on element 'Object Repository/Sidebar Menu/Operasional/Pengeluaran/Batal' (Root cause: Object Object Repository/Sidebar Menu/Operasional/Pengeluaran/Batal not found)

2018-03-15 12:53:26 - [MESSAGE][FAILED] - Object Object Repository/Sidebar Menu/Operasional/Pengeluaran/Batal not found

2018-03-15 12:53:26 - [MESSAGE][FAILED] - Failed to tap on element 'Object Repository/Sidebar Menu/Operasional/Pengeluaran/Batal' (Root cause: Object Object Repository/Sidebar Menu/Operasional/Pengeluaran/Batal not found)]]></system-out>
         <system-err><![CDATA[2018-03-15 12:53:14 - [TEST_CASE][FAILED] - Test Cases/Story 41 - Create Expense/TC 10: Test Cases/Story 41 - Create Expense/TC 10 FAILED because (of) Failed to tap on element 'Object Repository/Sidebar Menu/Operasional/Pengeluaran/Batal' (Root cause: Object Object Repository/Sidebar Menu/Operasional/Pengeluaran/Batal not found)]]></system-err>
      </testcase>
      <testcase name="Test Cases/Story 41 - Create Expense/TC 11" classname="Test Cases/Story 41 - Create Expense/TC 11" status="PASSED">
         <system-out><![CDATA[2018-03-15 12:53:27 - [TEST_CASE][PASSED] - Test Cases/Story 41 - Create Expense/TC 11: Test Cases/Story 41 - Create Expense/TC 11

2018-03-15 12:53:27 - [TEST_STEP][PASSED] - waitForElementPresent: Element 'Object Repository/Sidebar Menu/Operasional/Pengeluaran/Simpan - Tambah Catatan' is present

2018-03-15 12:53:27 - [MESSAGE][PASSED] - Element 'Object Repository/Sidebar Menu/Operasional/Pengeluaran/Simpan - Tambah Catatan' is present

2018-03-15 12:53:27 - [TEST_STEP][PASSED] - tap: Tapped on element 'Object Repository/Sidebar Menu/Operasional/Pengeluaran/Simpan - Tambah Catatan'

2018-03-15 12:53:27 - [MESSAGE][PASSED] - Tapped on element 'Object Repository/Sidebar Menu/Operasional/Pengeluaran/Simpan - Tambah Catatan'

2018-03-15 12:53:27 - [TEST_STEP][PASSED] - delay: Delayed 5 second(s)

2018-03-15 12:53:32 - [MESSAGE][PASSED] - Delayed 5 second(s)

2018-03-15 12:53:32 - [TEST_STEP][PASSED] - comment: End Story 41

2018-03-15 12:53:32 - [TEST_STEP][PASSED] - closeApplication: Close app successfully

2018-03-15 12:53:35 - [MESSAGE][PASSED] - Close app successfully]]></system-out>
         <system-err><![CDATA[]]></system-err>
      </testcase>
      <system-out><![CDATA[2018-03-15 12:50:49 - [TEST_SUITE][FAILED] - Story 41: Test Cases/Story 41 - Create Expense/TC 8 FAILED because (of) Failed to tap on element 'Object Repository/Sidebar Menu/Operasional/Pengeluaran/10 Maret 2018' (Root cause: Object Object Repository/Sidebar Menu/Operasional/Pengeluaran/10 Maret 2018 not found)]]></system-out>
      <system-err><![CDATA[2018-03-15 12:50:49 - [TEST_SUITE][FAILED] - Story 41: Test Cases/Story 41 - Create Expense/TC 8 FAILED because (of) Failed to tap on element 'Object Repository/Sidebar Menu/Operasional/Pengeluaran/10 Maret 2018' (Root cause: Object Object Repository/Sidebar Menu/Operasional/Pengeluaran/10 Maret 2018 not found)]]></system-err>
   </testsuite>
</testsuites>
