<?xml version="1.0" encoding="UTF-8"?>
<testsuites name="Sprint 2" time="278" tests="2" failures="0" errors="0">
   <testsuite name="Sprint 2" tests="2" failures="0" errors="0" time="278" timestamp="2018-02-07 09:51:35" hostname="AV2017005903 - NBMP18A211ITSQA.corp.bankbtpn.co.id" id="Test Suites/Sprint 2">
      <properties>
         <property name="deviceName" value="asus ASUS_X014D 5.1.1"/>
         <property name="devicePlatform" value=""/>
         <property name="logFolder" value="C:\\Users\\AV2017005903\\Documents\\Apollo Test\\Reports\\Sprint 2\\20180207_095133"/>
         <property name="logFiles" value="C:\\Users\\AV2017005903\\Documents\\Apollo Test\\Reports\\Sprint 2\\20180207_095133\\appium.log, C:\\Users\\AV2017005903\\Documents\\Apollo Test\\Reports\\Sprint 2\\20180207_095133\\execution0.log"/>
         <property name="attachments" value=""/>
         <property name="hostName" value="AV2017005903 - NBMP18A211ITSQA.corp.bankbtpn.co.id"/>
         <property name="os" value="Windows 10 64bit"/>
         <property name="katalonVersion" value="5.0.0.1"/>
         <property name="deviceOS" value="Android"/>
         <property name="appiumVersion" value="1.6.5"/>
         <property name="deviceModel" value="ASUS_X014D"/>
         <property name="hostAddress" value="192.168.17.193"/>
         <property name="deviceManufacturer" value="asus"/>
         <property name="deviceId" value="GBAXGV411465ERX"/>
         <property name="deviceName" value="asus ASUS_X014D 5.1.1"/>
         <property name="deviceOSVersion" value="5.1.1"/>
      </properties>
      <testcase name="Test Cases/27 - TC - All" classname="Test Cases/27 - TC - All" status="PASSED">
         <system-out><![CDATA[2018-02-07 09:51:35 - [TEST_CASE][PASSED] - Test Cases/27 - TC - All: Test Cases/27 - TC - All

2018-02-07 09:51:36 - [TEST_STEP][PASSED] - comment: Start Story 27

2018-02-07 09:51:36 - [TEST_STEP][PASSED] - startApplication: Started app at: 'C:\Users\AV2017005903\Documents\Apollo Test\SIT v-2.apk'

2018-02-07 09:51:54 - [MESSAGE][PASSED] - Started app at: 'C:\Users\AV2017005903\Documents\Apollo Test\SIT v-2.apk'

2018-02-07 09:51:54 - [TEST_STEP][PASSED] - tap: Tapped on element 'Object Repository/Login/Daftar Sekarang - Belum Punya Akun'

2018-02-07 09:52:01 - [MESSAGE][PASSED] - Tapped on element 'Object Repository/Login/Daftar Sekarang - Belum Punya Akun'

2018-02-07 09:52:01 - [TEST_STEP][NOT_RUN] - tap: NOT_RUN: tap

2018-02-07 09:52:01 - [MESSAGE][NOT_RUN] - NOT_RUN: tap

2018-02-07 09:52:01 - [TEST_STEP][NOT_RUN] - setText: NOT_RUN: setText

2018-02-07 09:52:01 - [MESSAGE][NOT_RUN] - NOT_RUN: setText

2018-02-07 09:52:01 - [TEST_STEP][NOT_RUN] - hideKeyboard: NOT_RUN: hideKeyboard

2018-02-07 09:52:01 - [MESSAGE][NOT_RUN] - NOT_RUN: hideKeyboard

2018-02-07 09:52:01 - [TEST_STEP][NOT_RUN] - tap: NOT_RUN: tap

2018-02-07 09:52:01 - [MESSAGE][NOT_RUN] - NOT_RUN: tap

2018-02-07 09:52:01 - [TEST_STEP][NOT_RUN] - waitForElementPresent: NOT_RUN: waitForElementPresent

2018-02-07 09:52:01 - [MESSAGE][NOT_RUN] - NOT_RUN: waitForElementPresent

2018-02-07 09:52:01 - [TEST_STEP][NOT_RUN] - tap: NOT_RUN: tap

2018-02-07 09:52:01 - [MESSAGE][NOT_RUN] - NOT_RUN: tap

2018-02-07 09:52:01 - [TEST_STEP][NOT_RUN] - setText: NOT_RUN: setText

2018-02-07 09:52:01 - [MESSAGE][NOT_RUN] - NOT_RUN: setText

2018-02-07 09:52:01 - [TEST_STEP][PASSED] - waitForElementPresent: Element 'Object Repository/Sidebar Menu/HamburgerButton' is present

2018-02-07 09:52:05 - [MESSAGE][PASSED] - Element 'Object Repository/Sidebar Menu/HamburgerButton' is present

2018-02-07 09:52:05 - [TEST_STEP][PASSED] - tap: Tapped on element 'Object Repository/Sidebar Menu/HamburgerButton'

2018-02-07 09:52:06 - [MESSAGE][PASSED] - Tapped on element 'Object Repository/Sidebar Menu/HamburgerButton'

2018-02-07 09:52:06 - [TEST_STEP][PASSED] - tap: Tapped on element 'Object Repository/Sidebar Menu/Operasional/Operasional - Sidebar Menu'

2018-02-07 09:52:08 - [MESSAGE][PASSED] - Tapped on element 'Object Repository/Sidebar Menu/Operasional/Operasional - Sidebar Menu'

2018-02-07 09:52:08 - [TEST_STEP][PASSED] - tap: Tapped on element 'Object Repository/Sidebar Menu/Operasional/Stock/Stock View/Stok - Navbar Menu'

2018-02-07 09:52:11 - [MESSAGE][PASSED] - Tapped on element 'Object Repository/Sidebar Menu/Operasional/Stock/Stock View/Stok - Navbar Menu'

2018-02-07 09:52:11 - [TEST_STEP][PASSED] - Statement - For (def index : (0..5)): Swiped from 0,642 to 0,399

2018-02-07 09:52:11 - [TEST_STEP][PASSED] - swipe: Swiped from 0,642 to 0,399

2018-02-07 09:52:12 - [MESSAGE][PASSED] - Swiped from 0,642 to 0,399

2018-02-07 09:52:12 - [TEST_STEP][PASSED] - swipe: Swiped from 0,642 to 0,399

2018-02-07 09:52:12 - [MESSAGE][PASSED] - Swiped from 0,642 to 0,399

2018-02-07 09:52:12 - [TEST_STEP][PASSED] - swipe: Swiped from 0,642 to 0,399

2018-02-07 09:52:13 - [MESSAGE][PASSED] - Swiped from 0,642 to 0,399

2018-02-07 09:52:13 - [TEST_STEP][PASSED] - swipe: Swiped from 0,642 to 0,399

2018-02-07 09:52:13 - [MESSAGE][PASSED] - Swiped from 0,642 to 0,399

2018-02-07 09:52:13 - [TEST_STEP][PASSED] - swipe: Swiped from 0,642 to 0,399

2018-02-07 09:52:14 - [MESSAGE][PASSED] - Swiped from 0,642 to 0,399

2018-02-07 09:52:14 - [TEST_STEP][PASSED] - swipe: Swiped from 0,642 to 0,399

2018-02-07 09:52:15 - [MESSAGE][PASSED] - Swiped from 0,642 to 0,399

2018-02-07 09:52:15 - [TEST_STEP][PASSED] - tap: Tapped on element 'Object Repository/Sidebar Menu/Operasional/Stock/Stock View/Cari Produk - Parent'

2018-02-07 09:52:16 - [MESSAGE][PASSED] - Tapped on element 'Object Repository/Sidebar Menu/Operasional/Stock/Stock View/Cari Produk - Parent'

2018-02-07 09:52:16 - [TEST_STEP][PASSED] - setText: Text 'Sirup Sarang Tawon' has been set to element 'Object Repository/Sidebar Menu/Operasional/Stock/Stock View/Cari Produk - Parent'

2018-02-07 09:52:27 - [MESSAGE][PASSED] - Text 'Sirup Sarang Tawon' has been set to element 'Object Repository/Sidebar Menu/Operasional/Stock/Stock View/Cari Produk - Parent'

2018-02-07 09:52:27 - [TEST_STEP][PASSED] - getText: Text of element 'Object Repository/Sidebar Menu/Operasional/Stock/Stock View/Cari Produk - Parent' is: 'Sirup Sarang Tawon'

2018-02-07 09:52:28 - [MESSAGE][PASSED] - Text of element 'Object Repository/Sidebar Menu/Operasional/Stock/Stock View/Cari Produk - Parent' is: 'Sirup Sarang Tawon'

2018-02-07 09:52:28 - [TEST_STEP][PASSED] - tap: Tapped on element 'Object Repository/Sidebar Menu/Operasional/Stock/Detail Barang/List Produk Search - Elemen 1'

2018-02-07 09:52:30 - [MESSAGE][PASSED] - Tapped on element 'Object Repository/Sidebar Menu/Operasional/Stock/Detail Barang/List Produk Search - Elemen 1'

2018-02-07 09:52:30 - [TEST_STEP][PASSED] - delay: Delayed 5 second(s)

2018-02-07 09:52:35 - [MESSAGE][PASSED] - Delayed 5 second(s)

2018-02-07 09:52:35 - [TEST_STEP][PASSED] - swipe: Swiped from 24,788 to 24,452

2018-02-07 09:52:36 - [MESSAGE][PASSED] - Swiped from 24,788 to 24,452

2018-02-07 09:52:36 - [TEST_STEP][PASSED] - swipe: Swiped from 24,452 to 24,788

2018-02-07 09:52:37 - [MESSAGE][PASSED] - Swiped from 24,452 to 24,788

2018-02-07 09:52:37 - [TEST_STEP][PASSED] - delay: Delayed 5 second(s)

2018-02-07 09:52:42 - [MESSAGE][PASSED] - Delayed 5 second(s)

2018-02-07 09:52:42 - [TEST_STEP][PASSED] - tap: Tapped on element 'Object Repository/Sidebar Menu/Operasional/Stock/Detail Barang/INFO SUPPLIER'

2018-02-07 09:52:42 - [MESSAGE][PASSED] - Tapped on element 'Object Repository/Sidebar Menu/Operasional/Stock/Detail Barang/INFO SUPPLIER'

2018-02-07 09:52:42 - [TEST_STEP][PASSED] - waitForElementPresent: Element 'Object Repository/Sidebar Menu/Operasional/Stock/Detail Barang/INFO STOK' is present

2018-02-07 09:52:42 - [MESSAGE][WARNING] - Timeout '0' is invalid. Using default page load timeout: '30'

2018-02-07 09:52:43 - [MESSAGE][PASSED] - Element 'Object Repository/Sidebar Menu/Operasional/Stock/Detail Barang/INFO STOK' is present

2018-02-07 09:52:43 - [TEST_STEP][PASSED] - tap: Tapped on element 'Object Repository/Sidebar Menu/Operasional/Stock/Detail Barang/INFO STOK'

2018-02-07 09:52:44 - [MESSAGE][PASSED] - Tapped on element 'Object Repository/Sidebar Menu/Operasional/Stock/Detail Barang/INFO STOK'

2018-02-07 09:52:44 - [TEST_STEP][PASSED] - swipe: Swiped from 24,788 to 24,452

2018-02-07 09:52:45 - [MESSAGE][PASSED] - Swiped from 24,788 to 24,452

2018-02-07 09:52:45 - [TEST_STEP][PASSED] - comment: End Story 27]]></system-out>
         <system-err><![CDATA[]]></system-err>
      </testcase>
      <testcase name="Test Cases/46 - TC - All" classname="Test Cases/46 - TC - All" status="PASSED">
         <system-out><![CDATA[2018-02-07 09:52:45 - [TEST_CASE][PASSED] - Test Cases/46 - TC - All: Test Cases/46 - TC - All

2018-02-07 09:52:45 - [TEST_STEP][PASSED] - comment: Start Story 46

2018-02-07 09:52:45 - [TEST_STEP][PASSED] - tap: Tapped on element 'Object Repository/Sidebar Menu/Operasional/Stock/Detail Barang/Ubah Info - Button'

2018-02-07 09:52:47 - [MESSAGE][PASSED] - Tapped on element 'Object Repository/Sidebar Menu/Operasional/Stock/Detail Barang/Ubah Info - Button'

2018-02-07 09:52:47 - [TEST_STEP][PASSED] - Statement - For (def index : (0..5)): Tapped on element 'Object Repository/Sidebar Menu/Operasional/Stock/Tambah Barang/Minus Tap - Jumlah Stock'

2018-02-07 09:52:47 - [TEST_STEP][PASSED] - tap: Tapped on element 'Object Repository/Sidebar Menu/Operasional/Stock/Tambah Barang/Minus Tap - Jumlah Stock'

2018-02-07 09:52:49 - [MESSAGE][PASSED] - Tapped on element 'Object Repository/Sidebar Menu/Operasional/Stock/Tambah Barang/Minus Tap - Jumlah Stock'

2018-02-07 09:52:49 - [TEST_STEP][PASSED] - tap: Tapped on element 'Object Repository/Sidebar Menu/Operasional/Stock/Tambah Barang/Minus Tap - Jumlah Stock'

2018-02-07 09:52:50 - [MESSAGE][PASSED] - Tapped on element 'Object Repository/Sidebar Menu/Operasional/Stock/Tambah Barang/Minus Tap - Jumlah Stock'

2018-02-07 09:52:50 - [TEST_STEP][PASSED] - tap: Tapped on element 'Object Repository/Sidebar Menu/Operasional/Stock/Tambah Barang/Minus Tap - Jumlah Stock'

2018-02-07 09:52:52 - [MESSAGE][PASSED] - Tapped on element 'Object Repository/Sidebar Menu/Operasional/Stock/Tambah Barang/Minus Tap - Jumlah Stock'

2018-02-07 09:52:52 - [TEST_STEP][PASSED] - tap: Tapped on element 'Object Repository/Sidebar Menu/Operasional/Stock/Tambah Barang/Minus Tap - Jumlah Stock'

2018-02-07 09:52:54 - [MESSAGE][PASSED] - Tapped on element 'Object Repository/Sidebar Menu/Operasional/Stock/Tambah Barang/Minus Tap - Jumlah Stock'

2018-02-07 09:52:54 - [TEST_STEP][PASSED] - tap: Tapped on element 'Object Repository/Sidebar Menu/Operasional/Stock/Tambah Barang/Minus Tap - Jumlah Stock'

2018-02-07 09:52:55 - [MESSAGE][PASSED] - Tapped on element 'Object Repository/Sidebar Menu/Operasional/Stock/Tambah Barang/Minus Tap - Jumlah Stock'

2018-02-07 09:52:55 - [TEST_STEP][PASSED] - tap: Tapped on element 'Object Repository/Sidebar Menu/Operasional/Stock/Tambah Barang/Minus Tap - Jumlah Stock'

2018-02-07 09:52:57 - [MESSAGE][PASSED] - Tapped on element 'Object Repository/Sidebar Menu/Operasional/Stock/Tambah Barang/Minus Tap - Jumlah Stock'

2018-02-07 09:52:57 - [TEST_STEP][PASSED] - Statement - For (def index : (0..10)): Tapped on element 'Object Repository/Sidebar Menu/Operasional/Stock/Tambah Barang/PlusTap - JumlaH Stock'

2018-02-07 09:52:57 - [TEST_STEP][PASSED] - tap: Tapped on element 'Object Repository/Sidebar Menu/Operasional/Stock/Tambah Barang/PlusTap - JumlaH Stock'

2018-02-07 09:52:59 - [MESSAGE][PASSED] - Tapped on element 'Object Repository/Sidebar Menu/Operasional/Stock/Tambah Barang/PlusTap - JumlaH Stock'

2018-02-07 09:52:59 - [TEST_STEP][PASSED] - tap: Tapped on element 'Object Repository/Sidebar Menu/Operasional/Stock/Tambah Barang/PlusTap - JumlaH Stock'

2018-02-07 09:53:00 - [MESSAGE][PASSED] - Tapped on element 'Object Repository/Sidebar Menu/Operasional/Stock/Tambah Barang/PlusTap - JumlaH Stock'

2018-02-07 09:53:00 - [TEST_STEP][PASSED] - tap: Tapped on element 'Object Repository/Sidebar Menu/Operasional/Stock/Tambah Barang/PlusTap - JumlaH Stock'

2018-02-07 09:53:01 - [MESSAGE][PASSED] - Tapped on element 'Object Repository/Sidebar Menu/Operasional/Stock/Tambah Barang/PlusTap - JumlaH Stock'

2018-02-07 09:53:01 - [TEST_STEP][PASSED] - tap: Tapped on element 'Object Repository/Sidebar Menu/Operasional/Stock/Tambah Barang/PlusTap - JumlaH Stock'

2018-02-07 09:53:03 - [MESSAGE][PASSED] - Tapped on element 'Object Repository/Sidebar Menu/Operasional/Stock/Tambah Barang/PlusTap - JumlaH Stock'

2018-02-07 09:53:03 - [TEST_STEP][PASSED] - tap: Tapped on element 'Object Repository/Sidebar Menu/Operasional/Stock/Tambah Barang/PlusTap - JumlaH Stock'

2018-02-07 09:53:04 - [MESSAGE][PASSED] - Tapped on element 'Object Repository/Sidebar Menu/Operasional/Stock/Tambah Barang/PlusTap - JumlaH Stock'

2018-02-07 09:53:04 - [TEST_STEP][PASSED] - tap: Tapped on element 'Object Repository/Sidebar Menu/Operasional/Stock/Tambah Barang/PlusTap - JumlaH Stock'

2018-02-07 09:53:06 - [MESSAGE][PASSED] - Tapped on element 'Object Repository/Sidebar Menu/Operasional/Stock/Tambah Barang/PlusTap - JumlaH Stock'

2018-02-07 09:53:06 - [TEST_STEP][PASSED] - tap: Tapped on element 'Object Repository/Sidebar Menu/Operasional/Stock/Tambah Barang/PlusTap - JumlaH Stock'

2018-02-07 09:53:07 - [MESSAGE][PASSED] - Tapped on element 'Object Repository/Sidebar Menu/Operasional/Stock/Tambah Barang/PlusTap - JumlaH Stock'

2018-02-07 09:53:07 - [TEST_STEP][PASSED] - tap: Tapped on element 'Object Repository/Sidebar Menu/Operasional/Stock/Tambah Barang/PlusTap - JumlaH Stock'

2018-02-07 09:53:08 - [MESSAGE][PASSED] - Tapped on element 'Object Repository/Sidebar Menu/Operasional/Stock/Tambah Barang/PlusTap - JumlaH Stock'

2018-02-07 09:53:08 - [TEST_STEP][PASSED] - tap: Tapped on element 'Object Repository/Sidebar Menu/Operasional/Stock/Tambah Barang/PlusTap - JumlaH Stock'

2018-02-07 09:53:10 - [MESSAGE][PASSED] - Tapped on element 'Object Repository/Sidebar Menu/Operasional/Stock/Tambah Barang/PlusTap - JumlaH Stock'

2018-02-07 09:53:10 - [TEST_STEP][PASSED] - tap: Tapped on element 'Object Repository/Sidebar Menu/Operasional/Stock/Tambah Barang/PlusTap - JumlaH Stock'

2018-02-07 09:53:11 - [MESSAGE][PASSED] - Tapped on element 'Object Repository/Sidebar Menu/Operasional/Stock/Tambah Barang/PlusTap - JumlaH Stock'

2018-02-07 09:53:11 - [TEST_STEP][PASSED] - tap: Tapped on element 'Object Repository/Sidebar Menu/Operasional/Stock/Tambah Barang/PlusTap - JumlaH Stock'

2018-02-07 09:53:12 - [MESSAGE][PASSED] - Tapped on element 'Object Repository/Sidebar Menu/Operasional/Stock/Tambah Barang/PlusTap - JumlaH Stock'

2018-02-07 09:53:12 - [TEST_STEP][PASSED] - tap: Tapped on element 'Object Repository/Sidebar Menu/Operasional/Stock/Tambah Barang/Jumlah Stock - by typing'

2018-02-07 09:53:14 - [MESSAGE][PASSED] - Tapped on element 'Object Repository/Sidebar Menu/Operasional/Stock/Tambah Barang/Jumlah Stock - by typing'

2018-02-07 09:53:14 - [TEST_STEP][PASSED] - setText: Text '123' has been set to element 'Object Repository/Sidebar Menu/Operasional/Stock/Tambah Barang/Jumlah Stock - by typing'

2018-02-07 09:53:32 - [MESSAGE][PASSED] - Text '123' has been set to element 'Object Repository/Sidebar Menu/Operasional/Stock/Tambah Barang/Jumlah Stock - by typing'

2018-02-07 09:53:32 - [TEST_STEP][PASSED] - clearText: Element 'Object Repository/Sidebar Menu/Operasional/Stock/Tambah Barang/Jumlah Stock - by typing' text is cleared

2018-02-07 09:53:37 - [MESSAGE][PASSED] - Element 'Object Repository/Sidebar Menu/Operasional/Stock/Tambah Barang/Jumlah Stock - by typing' text is cleared

2018-02-07 09:53:37 - [TEST_STEP][PASSED] - setText: Text '10.6' has been set to element 'Object Repository/Sidebar Menu/Operasional/Stock/Tambah Barang/Jumlah Stock - by typing'

2018-02-07 09:53:54 - [MESSAGE][PASSED] - Text '10.6' has been set to element 'Object Repository/Sidebar Menu/Operasional/Stock/Tambah Barang/Jumlah Stock - by typing'

2018-02-07 09:53:54 - [TEST_STEP][PASSED] - hideKeyboard: Keyboard is hidden

2018-02-07 09:53:55 - [MESSAGE][PASSED] - Keyboard is hidden

2018-02-07 09:53:55 - [TEST_STEP][PASSED] - tap: Tapped on element 'Object Repository/Sidebar Menu/Operasional/Stock/Tambah Barang/SKU Produk - Text Box'

2018-02-07 09:53:56 - [MESSAGE][PASSED] - Tapped on element 'Object Repository/Sidebar Menu/Operasional/Stock/Tambah Barang/SKU Produk - Text Box'

2018-02-07 09:53:56 - [TEST_STEP][PASSED] - setText: Text '1609199614' has been set to element 'Object Repository/Sidebar Menu/Operasional/Stock/Tambah Barang/SKU Produk - Text Box'

2018-02-07 09:54:10 - [MESSAGE][PASSED] - Text '1609199614' has been set to element 'Object Repository/Sidebar Menu/Operasional/Stock/Tambah Barang/SKU Produk - Text Box'

2018-02-07 09:54:10 - [TEST_STEP][PASSED] - verifyElementText: Actual text and expected text of test object 'Object Repository/Sidebar Menu/Operasional/Stock/Tambah Barang/SKU Produk - Text Box' are matched.

2018-02-07 09:54:11 - [MESSAGE][PASSED] - Actual text and expected text of test object 'Object Repository/Sidebar Menu/Operasional/Stock/Tambah Barang/SKU Produk - Text Box' are matched.

2018-02-07 09:54:11 - [TEST_STEP][PASSED] - getText: Text of element 'Object Repository/Sidebar Menu/Operasional/Stock/Tambah Barang/SKU Produk - Text Box' is: '1609199614'

2018-02-07 09:54:11 - [MESSAGE][PASSED] - Text of element 'Object Repository/Sidebar Menu/Operasional/Stock/Tambah Barang/SKU Produk - Text Box' is: '1609199614'

2018-02-07 09:54:11 - [TEST_STEP][PASSED] - hideKeyboard: Keyboard is hidden

2018-02-07 09:54:12 - [MESSAGE][PASSED] - Keyboard is hidden

2018-02-07 09:54:12 - [TEST_STEP][PASSED] - pressBack: Press back button successfully

2018-02-07 09:54:13 - [MESSAGE][PASSED] - Press back button successfully

2018-02-07 09:54:13 - [TEST_STEP][PASSED] - tap: Tapped on element 'Object Repository/Sidebar Menu/Operasional/Stock/Detail Barang/Batal Button'

2018-02-07 09:54:14 - [MESSAGE][PASSED] - Tapped on element 'Object Repository/Sidebar Menu/Operasional/Stock/Detail Barang/Batal Button'

2018-02-07 09:54:14 - [TEST_STEP][PASSED] - comment: Gabungan buat Story 38

2018-02-07 09:54:14 - [TEST_STEP][PASSED] - tap: Tapped on element 'Object Repository/Sidebar Menu/Operasional/Stock/Tambah Barang/Pilih Kategori - SelectButton'

2018-02-07 09:54:16 - [MESSAGE][PASSED] - Tapped on element 'Object Repository/Sidebar Menu/Operasional/Stock/Tambah Barang/Pilih Kategori - SelectButton'

2018-02-07 09:54:16 - [TEST_STEP][PASSED] - tap: Tapped on element 'Object Repository/Sidebar Menu/Operasional/Stock/Tambah Barang/Pilih Kategori - SelectButton'

2018-02-07 09:54:17 - [MESSAGE][PASSED] - Tapped on element 'Object Repository/Sidebar Menu/Operasional/Stock/Tambah Barang/Pilih Kategori - SelectButton'

2018-02-07 09:54:17 - [TEST_STEP][PASSED] - scrollToText: Scrolling to text 'PENGATURAN KATEGORI' successfully

2018-02-07 09:54:26 - [MESSAGE][PASSED] - Scrolling to text 'PENGATURAN KATEGORI' successfully

2018-02-07 09:54:27 - [TEST_STEP][PASSED] - tap: Tapped on element 'Object Repository/Sidebar Menu/Operasional/Stock/Detail Barang/Pengaturan Kategori'

2018-02-07 09:54:27 - [MESSAGE][PASSED] - Tapped on element 'Object Repository/Sidebar Menu/Operasional/Stock/Detail Barang/Pengaturan Kategori'

2018-02-07 09:54:27 - [TEST_STEP][PASSED] - delay: Delayed 5 second(s)

2018-02-07 09:54:32 - [MESSAGE][PASSED] - Delayed 5 second(s)

2018-02-07 09:54:32 - [TEST_STEP][PASSED] - Statement - For (def index : (0..4)): Swiped from 381,139 to 450,139

2018-02-07 09:54:32 - [TEST_STEP][PASSED] - Statement - If (true): Swiped from 381,139 to 450,139

2018-02-07 09:54:32 - [TEST_STEP][PASSED] - swipe: Swiped from 381,139 to 450,139

2018-02-07 09:54:33 - [MESSAGE][PASSED] - Swiped from 381,139 to 450,139

2018-02-07 09:54:33 - [TEST_STEP][PASSED] - Statement - If (true): Swiped from 381,139 to 450,139

2018-02-07 09:54:33 - [TEST_STEP][PASSED] - swipe: Swiped from 381,139 to 450,139

2018-02-07 09:54:33 - [MESSAGE][PASSED] - Swiped from 381,139 to 450,139

2018-02-07 09:54:34 - [TEST_STEP][PASSED] - Statement - If (true): Swiped from 381,139 to 450,139

2018-02-07 09:54:34 - [TEST_STEP][PASSED] - swipe: Swiped from 381,139 to 450,139

2018-02-07 09:54:34 - [MESSAGE][PASSED] - Swiped from 381,139 to 450,139

2018-02-07 09:54:34 - [TEST_STEP][PASSED] - Statement - If (true): Swiped from 381,139 to 450,139

2018-02-07 09:54:34 - [TEST_STEP][PASSED] - swipe: Swiped from 381,139 to 450,139

2018-02-07 09:54:35 - [MESSAGE][PASSED] - Swiped from 381,139 to 450,139

2018-02-07 09:54:35 - [TEST_STEP][PASSED] - Statement - If (true): Swiped from 381,139 to 450,139

2018-02-07 09:54:35 - [TEST_STEP][PASSED] - swipe: Swiped from 381,139 to 450,139

2018-02-07 09:54:35 - [MESSAGE][PASSED] - Swiped from 381,139 to 450,139

2018-02-07 09:54:35 - [TEST_STEP][PASSED] - Statement - If (true): Swiped from 381,213 to 450,213

2018-02-07 09:54:35 - [TEST_STEP][PASSED] - swipe: Swiped from 381,213 to 450,213

2018-02-07 09:54:36 - [MESSAGE][PASSED] - Swiped from 381,213 to 450,213

2018-02-07 09:54:36 - [TEST_STEP][PASSED] - Statement - If (true): Swiped from 381,286 to 450,286

2018-02-07 09:54:36 - [TEST_STEP][PASSED] - swipe: Swiped from 381,286 to 450,286

2018-02-07 09:54:36 - [MESSAGE][PASSED] - Swiped from 381,286 to 450,286

2018-02-07 09:54:37 - [TEST_STEP][PASSED] - Statement - For (def index : (0..4)): Swiped from 381,727 to 450,727

2018-02-07 09:54:37 - [TEST_STEP][PASSED] - Statement - If (true): Swiped from 381,727 to 450,727

2018-02-07 09:54:37 - [TEST_STEP][PASSED] - swipe: Swiped from 381,727 to 450,727

2018-02-07 09:54:37 - [MESSAGE][PASSED] - Swiped from 381,727 to 450,727

2018-02-07 09:54:37 - [TEST_STEP][PASSED] - Statement - If (true): Swiped from 381,727 to 450,727

2018-02-07 09:54:37 - [TEST_STEP][PASSED] - swipe: Swiped from 381,727 to 450,727

2018-02-07 09:54:38 - [MESSAGE][PASSED] - Swiped from 381,727 to 450,727

2018-02-07 09:54:38 - [TEST_STEP][PASSED] - Statement - If (true): Swiped from 381,727 to 450,727

2018-02-07 09:54:38 - [TEST_STEP][PASSED] - swipe: Swiped from 381,727 to 450,727

2018-02-07 09:54:38 - [MESSAGE][PASSED] - Swiped from 381,727 to 450,727

2018-02-07 09:54:38 - [TEST_STEP][PASSED] - Statement - If (true): Swiped from 381,727 to 450,727

2018-02-07 09:54:38 - [TEST_STEP][PASSED] - swipe: Swiped from 381,727 to 450,727

2018-02-07 09:54:39 - [MESSAGE][PASSED] - Swiped from 381,727 to 450,727

2018-02-07 09:54:39 - [TEST_STEP][PASSED] - Statement - If (true): Swiped from 381,727 to 450,727

2018-02-07 09:54:39 - [TEST_STEP][PASSED] - swipe: Swiped from 381,727 to 450,727

2018-02-07 09:54:40 - [MESSAGE][PASSED] - Swiped from 381,727 to 450,727

2018-02-07 09:54:40 - [TEST_STEP][PASSED] - tap: Tapped on element 'Object Repository/Sidebar Menu/Operasional/Stock/Detail Barang/SIMPAN Button'

2018-02-07 09:54:41 - [MESSAGE][PASSED] - Tapped on element 'Object Repository/Sidebar Menu/Operasional/Stock/Detail Barang/SIMPAN Button'

2018-02-07 09:54:41 - [TEST_STEP][PASSED] - waitForElementPresent: Element 'Object Repository/Sidebar Menu/Operasional/Stock/Detail Barang/SIMPAN Button' is present

2018-02-07 09:54:45 - [MESSAGE][PASSED] - Element 'Object Repository/Sidebar Menu/Operasional/Stock/Detail Barang/SIMPAN Button' is present

2018-02-07 09:54:45 - [TEST_STEP][PASSED] - scrollToText: Scrolling to text 'TAMBAH KATEGORI' successfully

2018-02-07 09:54:57 - [MESSAGE][PASSED] - Scrolling to text 'TAMBAH KATEGORI' successfully

2018-02-07 09:54:57 - [TEST_STEP][PASSED] - tap: Tapped on element 'Object Repository/Sidebar Menu/Operasional/Stock/Detail Barang/TAMBAH KATEGORI'

2018-02-07 09:54:57 - [MESSAGE][PASSED] - Tapped on element 'Object Repository/Sidebar Menu/Operasional/Stock/Detail Barang/TAMBAH KATEGORI'

2018-02-07 09:54:57 - [TEST_STEP][PASSED] - tap: Tapped on element 'Object Repository/Sidebar Menu/Operasional/Stock/Detail Barang/TERAPKAN - Button'

2018-02-07 09:54:59 - [MESSAGE][PASSED] - Tapped on element 'Object Repository/Sidebar Menu/Operasional/Stock/Detail Barang/TERAPKAN - Button'

2018-02-07 09:54:59 - [TEST_STEP][PASSED] - tap: Tapped on element 'Object Repository/Sidebar Menu/Operasional/Stock/Detail Barang/Nama Kategori'

2018-02-07 09:54:59 - [MESSAGE][PASSED] - Tapped on element 'Object Repository/Sidebar Menu/Operasional/Stock/Detail Barang/Nama Kategori'

2018-02-07 09:54:59 - [TEST_STEP][PASSED] - setText: Text 'Kesehatan' has been set to element 'Object Repository/Sidebar Menu/Operasional/Stock/Detail Barang/Nama Kategori'

2018-02-07 09:55:09 - [MESSAGE][PASSED] - Text 'Kesehatan' has been set to element 'Object Repository/Sidebar Menu/Operasional/Stock/Detail Barang/Nama Kategori'

2018-02-07 09:55:09 - [TEST_STEP][PASSED] - tap: Tapped on element 'Object Repository/Sidebar Menu/Operasional/Stock/Detail Barang/TERAPKAN - Button'

2018-02-07 09:55:10 - [MESSAGE][PASSED] - Tapped on element 'Object Repository/Sidebar Menu/Operasional/Stock/Detail Barang/TERAPKAN - Button'

2018-02-07 09:55:10 - [TEST_STEP][PASSED] - tap: Tapped on element 'Object Repository/Sidebar Menu/Operasional/Stock/Detail Barang/SIMPAN Button'

2018-02-07 09:55:14 - [MESSAGE][PASSED] - Tapped on element 'Object Repository/Sidebar Menu/Operasional/Stock/Detail Barang/SIMPAN Button'

2018-02-07 09:55:14 - [TEST_STEP][PASSED] - pressBack: Press back button successfully

2018-02-07 09:55:15 - [MESSAGE][PASSED] - Press back button successfully

2018-02-07 09:55:15 - [TEST_STEP][PASSED] - pressBack: Press back button successfully

2018-02-07 09:55:16 - [MESSAGE][PASSED] - Press back button successfully

2018-02-07 09:55:16 - [TEST_STEP][PASSED] - delay: Delayed 5 second(s)

2018-02-07 09:55:21 - [MESSAGE][PASSED] - Delayed 5 second(s)

2018-02-07 09:55:21 - [TEST_STEP][PASSED] - comment: Edit Harga Jual

2018-02-07 09:55:21 - [TEST_STEP][PASSED] - swipe: Swiped from 24,679 to 24,453

2018-02-07 09:55:22 - [MESSAGE][PASSED] - Swiped from 24,679 to 24,453

2018-02-07 09:55:22 - [TEST_STEP][PASSED] - tap: Tapped on element 'Object Repository/Sidebar Menu/Operasional/Stock/Tambah Barang/Harga Jual - TextBox'

2018-02-07 09:55:23 - [MESSAGE][PASSED] - Tapped on element 'Object Repository/Sidebar Menu/Operasional/Stock/Tambah Barang/Harga Jual - TextBox'

2018-02-07 09:55:23 - [TEST_STEP][PASSED] - clearText: Element 'Object Repository/Sidebar Menu/Operasional/Stock/Tambah Barang/Harga Jual - TextBox' text is cleared

2018-02-07 09:55:28 - [MESSAGE][PASSED] - Element 'Object Repository/Sidebar Menu/Operasional/Stock/Tambah Barang/Harga Jual - TextBox' text is cleared

2018-02-07 09:55:29 - [TEST_STEP][PASSED] - setText: Text '50000' has been set to element 'Object Repository/Sidebar Menu/Operasional/Stock/Tambah Barang/Harga Jual - TextBox'

2018-02-07 09:55:42 - [MESSAGE][PASSED] - Text '50000' has been set to element 'Object Repository/Sidebar Menu/Operasional/Stock/Tambah Barang/Harga Jual - TextBox'

2018-02-07 09:55:42 - [TEST_STEP][PASSED] - verifyElementText: Actual text and expected text of test object 'Object Repository/Sidebar Menu/Operasional/Stock/Tambah Barang/Harga Jual - TextBox' are matched.

2018-02-07 09:55:43 - [MESSAGE][PASSED] - Actual text and expected text of test object 'Object Repository/Sidebar Menu/Operasional/Stock/Tambah Barang/Harga Jual - TextBox' are matched.

2018-02-07 09:55:43 - [TEST_STEP][PASSED] - hideKeyboard: Keyboard is hidden

2018-02-07 09:55:44 - [MESSAGE][PASSED] - Keyboard is hidden

2018-02-07 09:55:44 - [TEST_STEP][PASSED] - comment: Ubah Nominal Dison

2018-02-07 09:55:44 - [TEST_STEP][PASSED] - tap: Tapped on element 'Object Repository/Sidebar Menu/Operasional/Stock/Tambah Barang/Nominal Diskon- TextBox'

2018-02-07 09:55:45 - [MESSAGE][PASSED] - Tapped on element 'Object Repository/Sidebar Menu/Operasional/Stock/Tambah Barang/Nominal Diskon- TextBox'

2018-02-07 09:55:45 - [TEST_STEP][PASSED] - setText: Text '12000' has been set to element 'Object Repository/Sidebar Menu/Operasional/Stock/Tambah Barang/Nominal Diskon- TextBox'

2018-02-07 09:56:00 - [MESSAGE][PASSED] - Text '12000' has been set to element 'Object Repository/Sidebar Menu/Operasional/Stock/Tambah Barang/Nominal Diskon- TextBox'

2018-02-07 09:56:00 - [TEST_STEP][PASSED] - verifyElementText: Actual text and expected text of test object 'Object Repository/Sidebar Menu/Operasional/Stock/Tambah Barang/Nominal Diskon- TextBox' are matched.

2018-02-07 09:56:02 - [MESSAGE][PASSED] - Actual text and expected text of test object 'Object Repository/Sidebar Menu/Operasional/Stock/Tambah Barang/Nominal Diskon- TextBox' are matched.

2018-02-07 09:56:02 - [TEST_STEP][PASSED] - hideKeyboard: Keyboard is hidden

2018-02-07 09:56:02 - [MESSAGE][PASSED] - Keyboard is hidden

2018-02-07 09:56:02 - [TEST_STEP][PASSED] - pressBack: Press back button successfully

2018-02-07 09:56:03 - [MESSAGE][PASSED] - Press back button successfully

2018-02-07 09:56:03 - [TEST_STEP][PASSED] - tap: Tapped on element 'Object Repository/Sidebar Menu/Operasional/Stock/Detail Barang/Batal Button'

2018-02-07 09:56:04 - [MESSAGE][PASSED] - Tapped on element 'Object Repository/Sidebar Menu/Operasional/Stock/Detail Barang/Batal Button'

2018-02-07 09:56:04 - [TEST_STEP][PASSED] - delay: Delayed 5 second(s)

2018-02-07 09:56:09 - [MESSAGE][PASSED] - Delayed 5 second(s)

2018-02-07 09:56:09 - [TEST_STEP][PASSED] - tap: Tapped on element 'Object Repository/Sidebar Menu/Operasional/Stock/Detail Barang/Simpan'

2018-02-07 09:56:10 - [MESSAGE][PASSED] - Tapped on element 'Object Repository/Sidebar Menu/Operasional/Stock/Detail Barang/Simpan'

2018-02-07 09:56:10 - [TEST_STEP][PASSED] - comment: End Story 46]]></system-out>
         <system-err><![CDATA[]]></system-err>
      </testcase>
      <system-out><![CDATA[2018-02-07 09:51:35 - [TEST_SUITE][PASSED] - Sprint 2: Test Cases/46 - TC - All]]></system-out>
      <system-err><![CDATA[]]></system-err>
   </testsuite>
</testsuites>
