<?xml version="1.0" encoding="UTF-8"?>
<testsuites name="Story 35 - Tambah Barang" time="1595" tests="24" failures="2" errors="0">
   <testsuite name="Story 35 - Tambah Barang" tests="24" failures="2" errors="0" time="1595" timestamp="2018-07-18 16:53:41" hostname="AV2017005903 - NBMP18A211ITSQA.corp.bankbtpn.co.id" id="Test Suites/Story 35 - Tambah Barang">
      <properties>
         <property name="deviceName" value="OPPO A37f (Android 5.1.1)"/>
         <property name="devicePlatform" value=""/>
         <property name="logFolder" value="C:\\Users\\AV2017005903\\Documents\\apollo-automation\\Reports\\Story 35 - Tambah Barang\\20180718_165334"/>
         <property name="logFiles" value="C:\\Users\\AV2017005903\\Documents\\apollo-automation\\Reports\\Story 35 - Tambah Barang\\20180718_165334\\appium.log, C:\\Users\\AV2017005903\\Documents\\apollo-automation\\Reports\\Story 35 - Tambah Barang\\20180718_165334\\execution0.log"/>
         <property name="attachments" value="C:\\Users\\AV2017005903\\Documents\\apollo-automation\\Reports\\Story 35 - Tambah Barang\\20180718_165334\\1531909204810.png, C:\\Users\\AV2017005903\\Documents\\apollo-automation\\Reports\\Story 35 - Tambah Barang\\20180718_165334\\1531909206483.png"/>
         <property name="hostName" value="AV2017005903 - NBMP18A211ITSQA.corp.bankbtpn.co.id"/>
         <property name="os" value="Windows 10 64bit"/>
         <property name="katalonVersion" value="5.5.0.1"/>
         <property name="deviceOS" value="Android"/>
         <property name="appiumVersion" value="1.8.1"/>
         <property name="deviceModel" value="A37f"/>
         <property name="hostAddress" value="192.168.62.1"/>
         <property name="deviceManufacturer" value="OPPO"/>
         <property name="deviceId" value="6e4df14"/>
         <property name="deviceName" value="OPPO A37f (Android 5.1.1)"/>
         <property name="deviceOSVersion" value="5.1.1"/>
      </properties>
      <testcase name="Test Cases/Story 35 and 921 -Tambah Barang/35 TC 1" classname="Test Cases/Story 35 and 921 -Tambah Barang/35 TC 1" status="PASSED">
         <system-out><![CDATA[2018-07-18 16:53:42 - [TEST_CASE][PASSED] - Test Cases/Story 35 and 921 -Tambah Barang/35 TC 1: Test Cases/Story 35 and 921 -Tambah Barang/35 TC 1

2018-07-18 16:53:42 - [TEST_STEP][PASSED] - comment: Start Story 35 - Display Tambah Barang Form

2018-07-18 16:53:42 - [TEST_STEP][PASSED] - comment: Call Test Case 26 (TC1)

2018-07-18 16:53:42 - [TEST_STEP][PASSED] - callTestCase: Call Test Case 'Test Cases/Story 26 dan 842 -Kelola Stok Final/26 TC 1' successfully

2018-07-18 16:53:42 - [TEST_CASE][PASSED] - Test Cases/Story 26 dan 842 -Kelola Stok Final/26 TC 1: Test Cases/Story 26 dan 842 -Kelola Stok Final/26 TC 1

2018-07-18 16:53:42 - [TEST_STEP][PASSED] - comment: Kelola Stock - View

2018-07-18 16:53:42 - [TEST_STEP][PASSED] - callTestCase: Call Test Case 'Test Cases/Story 679 - Welcome Screen/679 TC - Welcome Screen' successfully

2018-07-18 16:53:42 - [TEST_CASE][PASSED] - Test Cases/Story 679 - Welcome Screen/679 TC - Welcome Screen: Test Cases/Story 679 - Welcome Screen/679 TC - Welcome Screen

2018-07-18 16:53:43 - [TEST_STEP][PASSED] - comment: Start Story 679

2018-07-18 16:53:43 - [TEST_STEP][PASSED] - Statement - apkPath = apkName: null

2018-07-18 16:53:43 - [TEST_STEP][PASSED] - startApplication: Started app at: 'C:\Users\AV2017005903\Documents\apollo-automation\app-sit-3 Juli.apk'

2018-07-18 16:54:23 - [MESSAGE][PASSED] - Started app at: 'C:\Users\AV2017005903\Documents\apollo-automation\app-sit-3 Juli.apk'

2018-07-18 16:54:23 - [TEST_STEP][PASSED] - delay: Delayed 15 second(s)

2018-07-18 16:54:39 - [MESSAGE][PASSED] - Delayed 15 second(s)

2018-07-18 16:54:39 - [TEST_STEP][NOT_RUN] - waitForElementPresent: NOT_RUN: waitForElementPresent

2018-07-18 16:54:39 - [MESSAGE][NOT_RUN] - NOT_RUN: waitForElementPresent

2018-07-18 16:54:39 - [TEST_STEP][NOT_RUN] - verifyElementVisible: NOT_RUN: verifyElementVisible

2018-07-18 16:54:39 - [MESSAGE][NOT_RUN] - NOT_RUN: verifyElementVisible

2018-07-18 16:54:39 - [TEST_STEP][PASSED] - Comment - "Delay until UpdateApp TopUp appear": null

2018-07-18 16:54:39 - [TEST_STEP][PASSED] - Statement - driver = com.kms.katalon.core.mobile.keyword.internal.MobileDriverFactory.getDriver(): null

2018-07-18 16:54:39 - [TEST_STEP][PASSED] - Statement - action = new io.appium.java_client.TouchAction(driver): null

2018-07-18 16:54:39 - [TEST_STEP][PASSED] - Statement - action.longPress(450, 300).moveTo(100, 300).release().perform(): null

2018-07-18 16:54:41 - [TEST_STEP][PASSED] - delay: Delayed 8 second(s)

2018-07-18 16:54:49 - [MESSAGE][PASSED] - Delayed 8 second(s)

2018-07-18 16:54:49 - [TEST_STEP][PASSED] - Statement - action.longPress(450, 300).moveTo(100, 300).release().perform(): null

2018-07-18 16:54:52 - [TEST_STEP][PASSED] - delay: Delayed 8 second(s)

2018-07-18 16:55:00 - [MESSAGE][PASSED] - Delayed 8 second(s)

2018-07-18 16:55:00 - [TEST_STEP][PASSED] - Statement - action.longPress(450, 300).moveTo(100, 300).release().perform(): null

2018-07-18 16:55:03 - [TEST_STEP][PASSED] - delay: Delayed 8 second(s)

2018-07-18 16:55:11 - [MESSAGE][PASSED] - Delayed 8 second(s)

2018-07-18 16:55:11 - [TEST_STEP][PASSED] - Statement - action.longPress(450, 300).moveTo(100, 300).release().perform(): null

2018-07-18 16:55:14 - [TEST_STEP][PASSED] - delay: Delayed 8 second(s)

2018-07-18 16:55:22 - [MESSAGE][PASSED] - Delayed 8 second(s)

2018-07-18 16:55:22 - [TEST_STEP][PASSED] - waitForElementPresent: Element 'Object Repository/Splash Screen/Mulai - Button' is present

2018-07-18 16:55:22 - [MESSAGE][WARNING] - Timeout '0' is invalid. Using default page load timeout: '30'

2018-07-18 16:55:26 - [MESSAGE][PASSED] - Element 'Object Repository/Splash Screen/Mulai - Button' is present

2018-07-18 16:55:26 - [TEST_STEP][PASSED] - tap: Tapped on element 'Object Repository/Splash Screen/Mulai - Button'

2018-07-18 16:55:26 - [MESSAGE][WARNING] - Timeout '0' is invalid. Using default page load timeout: '30'

2018-07-18 16:55:31 - [MESSAGE][PASSED] - Tapped on element 'Object Repository/Splash Screen/Mulai - Button'

2018-07-18 16:55:31 - [MESSAGE][PASSED] - Call Test Case 'Test Cases/Story 679 - Welcome Screen/679 TC - Welcome Screen' successfully

2018-07-18 16:55:31 - [TEST_STEP][NOT_RUN] - Statement - apkPath = apkName: NOT_RUN: Statement - apkPath = apkName

2018-07-18 16:55:31 - [MESSAGE][NOT_RUN] - NOT_RUN: Statement - apkPath = apkName

2018-07-18 16:55:31 - [TEST_STEP][NOT_RUN] - startApplication: NOT_RUN: startApplication

2018-07-18 16:55:31 - [MESSAGE][NOT_RUN] - NOT_RUN: startApplication

2018-07-18 16:55:31 - [TEST_STEP][NOT_RUN] - verifyElementVisible: NOT_RUN: verifyElementVisible

2018-07-18 16:55:31 - [MESSAGE][NOT_RUN] - NOT_RUN: verifyElementVisible

2018-07-18 16:55:31 - [TEST_STEP][PASSED] - comment: Start Login Test Case

2018-07-18 16:55:31 - [TEST_STEP][PASSED] - delay: Delayed 5 second(s)

2018-07-18 16:55:36 - [MESSAGE][PASSED] - Delayed 5 second(s)

2018-07-18 16:55:36 - [TEST_STEP][PASSED] - Comment - "If there is a Update TopuUp, click No, Else you can delay for waiting lazyload ": null

2018-07-18 16:55:37 - [TEST_STEP][PASSED] - waitForElementPresent: Element 'Object Repository/Login/Nomor HP  Nama Pengguna - Text Box' is present

2018-07-18 16:55:40 - [MESSAGE][PASSED] - Element 'Object Repository/Login/Nomor HP  Nama Pengguna - Text Box' is present

2018-07-18 16:55:40 - [TEST_STEP][PASSED] - verifyElementAttributeValue: Object 'Object Repository/Login/Nomor HP  Nama Pengguna - Text Box' has attribute 'content-desc' with value 'LoginNameTextInput'

2018-07-18 16:55:46 - [MESSAGE][PASSED] - Object 'Object Repository/Login/Nomor HP  Nama Pengguna - Text Box' has attribute 'content-desc' with value 'LoginNameTextInput'

2018-07-18 16:55:46 - [TEST_STEP][PASSED] - tap: Tapped on element 'Object Repository/Login/Nomor HP  Nama Pengguna - Text Box'

2018-07-18 16:55:52 - [MESSAGE][PASSED] - Tapped on element 'Object Repository/Login/Nomor HP  Nama Pengguna - Text Box'

2018-07-18 16:55:52 - [TEST_STEP][PASSED] - setText: Text '08112233445567' has been set to element 'Object Repository/Login/Nomor HP  Nama Pengguna - Text Box'

2018-07-18 16:56:10 - [MESSAGE][PASSED] - Text '08112233445567' has been set to element 'Object Repository/Login/Nomor HP  Nama Pengguna - Text Box'

2018-07-18 16:56:10 - [TEST_STEP][PASSED] - hideKeyboard: Keyboard is hidden

2018-07-18 16:56:11 - [MESSAGE][PASSED] - Keyboard is hidden

2018-07-18 16:56:11 - [TEST_STEP][PASSED] - verifyElementText: Actual text and expected text of test object 'Object Repository/Login/Nomor HP  Nama Pengguna - Text Box' are matched.

2018-07-18 16:56:15 - [MESSAGE][PASSED] - Actual text and expected text of test object 'Object Repository/Login/Nomor HP  Nama Pengguna - Text Box' are matched.

2018-07-18 16:56:15 - [TEST_STEP][PASSED] - waitForElementPresent: Element 'Object Repository/Login/Button Masuk' is present

2018-07-18 16:56:20 - [MESSAGE][PASSED] - Element 'Object Repository/Login/Button Masuk' is present

2018-07-18 16:56:20 - [TEST_STEP][PASSED] - verifyElementAttributeValue: Object 'Object Repository/Login/Button Masuk' has attribute 'content-desc' with value 'LoginJumpNextBtn'

2018-07-18 16:56:27 - [MESSAGE][PASSED] - Object 'Object Repository/Login/Button Masuk' has attribute 'content-desc' with value 'LoginJumpNextBtn'

2018-07-18 16:56:27 - [TEST_STEP][PASSED] - tap: Tapped on element 'Object Repository/Login/Button Masuk'

2018-07-18 16:56:33 - [MESSAGE][PASSED] - Tapped on element 'Object Repository/Login/Button Masuk'

2018-07-18 16:56:33 - [TEST_STEP][PASSED] - waitForElementPresent: Element 'Object Repository/Login/Input Pin' is present

2018-07-18 16:56:36 - [MESSAGE][PASSED] - Element 'Object Repository/Login/Input Pin' is present

2018-07-18 16:56:36 - [TEST_STEP][PASSED] - verifyElementAttributeValue: Object 'Object Repository/Login/Input Pin' has attribute 'content-desc' with value 'pinCircleFocus'

2018-07-18 16:56:40 - [MESSAGE][PASSED] - Object 'Object Repository/Login/Input Pin' has attribute 'content-desc' with value 'pinCircleFocus'

2018-07-18 16:56:40 - [TEST_STEP][PASSED] - tap: Tapped on element 'Object Repository/Login/Input Pin'

2018-07-18 16:56:46 - [MESSAGE][PASSED] - Tapped on element 'Object Repository/Login/Input Pin'

2018-07-18 16:56:46 - [TEST_STEP][PASSED] - setText: Text '123456' has been set to element 'Object Repository/Login/Input Pin'

2018-07-18 16:57:02 - [MESSAGE][PASSED] - Text '123456' has been set to element 'Object Repository/Login/Input Pin'

2018-07-18 16:57:02 - [TEST_STEP][PASSED] - delay: Delayed 5 second(s)

2018-07-18 16:57:07 - [MESSAGE][PASSED] - Delayed 5 second(s)

2018-07-18 16:57:07 - [TEST_STEP][NOT_RUN] - getAttribute: NOT_RUN: getAttribute

2018-07-18 16:57:07 - [MESSAGE][NOT_RUN] - NOT_RUN: getAttribute

2018-07-18 16:57:07 - [TEST_STEP][NOT_RUN] - verifyElementAttributeValue: NOT_RUN: verifyElementAttributeValue

2018-07-18 16:57:07 - [MESSAGE][NOT_RUN] - NOT_RUN: verifyElementAttributeValue

2018-07-18 16:57:07 - [TEST_STEP][NOT_RUN] - delay: NOT_RUN: delay

2018-07-18 16:57:07 - [MESSAGE][NOT_RUN] - NOT_RUN: delay

2018-07-18 16:57:07 - [TEST_STEP][PASSED] - comment: End Login Test Case

2018-07-18 16:57:07 - [TEST_STEP][PASSED] - waitForElementPresent: Element 'Object Repository/Sidebar Menu/HamburgerButton' is present

2018-07-18 16:57:13 - [MESSAGE][PASSED] - Element 'Object Repository/Sidebar Menu/HamburgerButton' is present

2018-07-18 16:57:13 - [TEST_STEP][PASSED] - verifyElementAttributeValue: Object 'Object Repository/Sidebar Menu/HamburgerButton' has attribute 'content-desc' with value 'headerBar_button_hamburgerMenu'

2018-07-18 16:57:21 - [MESSAGE][PASSED] - Object 'Object Repository/Sidebar Menu/HamburgerButton' has attribute 'content-desc' with value 'headerBar_button_hamburgerMenu'

2018-07-18 16:57:21 - [TEST_STEP][PASSED] - tap: Tapped on element 'Object Repository/Sidebar Menu/HamburgerButton'

2018-07-18 16:57:27 - [MESSAGE][PASSED] - Tapped on element 'Object Repository/Sidebar Menu/HamburgerButton'

2018-07-18 16:57:27 - [TEST_STEP][PASSED] - waitForElementPresent: Element 'Object Repository/Sidebar Menu/Produk/Produk' is present

2018-07-18 16:57:32 - [MESSAGE][PASSED] - Element 'Object Repository/Sidebar Menu/Produk/Produk' is present

2018-07-18 16:57:32 - [TEST_STEP][PASSED] - verifyElementAttributeValue: Object 'Object Repository/Sidebar Menu/Produk/Produk' has attribute 'content-desc' with value 'produkMenuItem'

2018-07-18 16:57:38 - [MESSAGE][PASSED] - Object 'Object Repository/Sidebar Menu/Produk/Produk' has attribute 'content-desc' with value 'produkMenuItem'

2018-07-18 16:57:38 - [TEST_STEP][PASSED] - tap: Tapped on element 'Object Repository/Sidebar Menu/Produk/Produk'

2018-07-18 16:57:45 - [MESSAGE][PASSED] - Tapped on element 'Object Repository/Sidebar Menu/Produk/Produk'

2018-07-18 16:57:45 - [TEST_STEP][PASSED] - verifyElementVisible: Element 'Object Repository/Sidebar Menu/Produk/Text Header -  Produk' is visible

2018-07-18 16:57:52 - [MESSAGE][PASSED] - Element 'Object Repository/Sidebar Menu/Produk/Text Header -  Produk' is visible

2018-07-18 16:57:52 - [TEST_STEP][PASSED] - delay: Delayed 5 second(s)

2018-07-18 16:57:57 - [MESSAGE][PASSED] - Delayed 5 second(s)

2018-07-18 16:57:57 - [MESSAGE][PASSED] - Call Test Case 'Test Cases/Story 26 dan 842 -Kelola Stok Final/26 TC 1' successfully

2018-07-18 16:57:57 - [TEST_STEP][PASSED] - waitForElementPresent: Element 'Object Repository/Sidebar Menu/Produk/Tambah Barang/Tambah Barang Button' is present

2018-07-18 16:58:01 - [MESSAGE][PASSED] - Element 'Object Repository/Sidebar Menu/Produk/Tambah Barang/Tambah Barang Button' is present

2018-07-18 16:58:01 - [TEST_STEP][PASSED] - verifyElementAttributeValue: Object 'Object Repository/Sidebar Menu/Produk/Tambah Barang/Tambah Barang Button' has attribute 'content-desc' with value 'productListComponent_button_addProduct'

2018-07-18 16:58:05 - [MESSAGE][PASSED] - Object 'Object Repository/Sidebar Menu/Produk/Tambah Barang/Tambah Barang Button' has attribute 'content-desc' with value 'productListComponent_button_addProduct'

2018-07-18 16:58:05 - [TEST_STEP][PASSED] - tap: Tapped on element 'Object Repository/Sidebar Menu/Produk/Tambah Barang/Tambah Barang Button'

2018-07-18 16:58:10 - [MESSAGE][PASSED] - Tapped on element 'Object Repository/Sidebar Menu/Produk/Tambah Barang/Tambah Barang Button']]></system-out>
         <system-err><![CDATA[]]></system-err>
      </testcase>
      <testcase name="Test Cases/Story 35 and 921 -Tambah Barang/35 TC 2" classname="Test Cases/Story 35 and 921 -Tambah Barang/35 TC 2" status="PASSED">
         <system-out><![CDATA[2018-07-18 16:58:10 - [TEST_CASE][PASSED] - Test Cases/Story 35 and 921 -Tambah Barang/35 TC 2: Test Cases/Story 35 and 921 -Tambah Barang/35 TC 2

2018-07-18 16:58:10 - [TEST_STEP][PASSED] - comment: Increase or decrease product stock

2018-07-18 16:58:10 - [TEST_STEP][PASSED] - Statement - For (def index : (0..10)): Tapped on element 'Object Repository/Sidebar Menu/Produk/Tambah Barang/PlusTap - JumlaH Stock'

2018-07-18 16:58:10 - [TEST_STEP][PASSED] - waitForElementPresent: Element 'Object Repository/Sidebar Menu/Produk/Tambah Barang/PlusTap - JumlaH Stock' is present

2018-07-18 16:58:15 - [MESSAGE][PASSED] - Element 'Object Repository/Sidebar Menu/Produk/Tambah Barang/PlusTap - JumlaH Stock' is present

2018-07-18 16:58:15 - [TEST_STEP][PASSED] - verifyElementAttributeValue: Object 'Object Repository/Sidebar Menu/Produk/Tambah Barang/PlusTap - JumlaH Stock' has attribute 'content-desc' with value 'action_plus_anumberpicker'

2018-07-18 16:58:19 - [MESSAGE][PASSED] - Object 'Object Repository/Sidebar Menu/Produk/Tambah Barang/PlusTap - JumlaH Stock' has attribute 'content-desc' with value 'action_plus_anumberpicker'

2018-07-18 16:58:19 - [TEST_STEP][PASSED] - tap: Tapped on element 'Object Repository/Sidebar Menu/Produk/Tambah Barang/PlusTap - JumlaH Stock'

2018-07-18 16:58:26 - [MESSAGE][PASSED] - Tapped on element 'Object Repository/Sidebar Menu/Produk/Tambah Barang/PlusTap - JumlaH Stock'

2018-07-18 16:58:26 - [TEST_STEP][PASSED] - waitForElementPresent: Element 'Object Repository/Sidebar Menu/Produk/Tambah Barang/PlusTap - JumlaH Stock' is present

2018-07-18 16:58:29 - [MESSAGE][PASSED] - Element 'Object Repository/Sidebar Menu/Produk/Tambah Barang/PlusTap - JumlaH Stock' is present

2018-07-18 16:58:29 - [TEST_STEP][PASSED] - verifyElementAttributeValue: Object 'Object Repository/Sidebar Menu/Produk/Tambah Barang/PlusTap - JumlaH Stock' has attribute 'content-desc' with value 'action_plus_anumberpicker'

2018-07-18 16:58:34 - [MESSAGE][PASSED] - Object 'Object Repository/Sidebar Menu/Produk/Tambah Barang/PlusTap - JumlaH Stock' has attribute 'content-desc' with value 'action_plus_anumberpicker'

2018-07-18 16:58:34 - [TEST_STEP][PASSED] - tap: Tapped on element 'Object Repository/Sidebar Menu/Produk/Tambah Barang/PlusTap - JumlaH Stock'

2018-07-18 16:58:42 - [MESSAGE][PASSED] - Tapped on element 'Object Repository/Sidebar Menu/Produk/Tambah Barang/PlusTap - JumlaH Stock'

2018-07-18 16:58:42 - [TEST_STEP][PASSED] - waitForElementPresent: Element 'Object Repository/Sidebar Menu/Produk/Tambah Barang/PlusTap - JumlaH Stock' is present

2018-07-18 16:58:46 - [MESSAGE][PASSED] - Element 'Object Repository/Sidebar Menu/Produk/Tambah Barang/PlusTap - JumlaH Stock' is present

2018-07-18 16:58:46 - [TEST_STEP][PASSED] - verifyElementAttributeValue: Object 'Object Repository/Sidebar Menu/Produk/Tambah Barang/PlusTap - JumlaH Stock' has attribute 'content-desc' with value 'action_plus_anumberpicker'

2018-07-18 16:58:53 - [MESSAGE][PASSED] - Object 'Object Repository/Sidebar Menu/Produk/Tambah Barang/PlusTap - JumlaH Stock' has attribute 'content-desc' with value 'action_plus_anumberpicker'

2018-07-18 16:58:53 - [TEST_STEP][PASSED] - tap: Tapped on element 'Object Repository/Sidebar Menu/Produk/Tambah Barang/PlusTap - JumlaH Stock'

2018-07-18 16:59:02 - [MESSAGE][PASSED] - Tapped on element 'Object Repository/Sidebar Menu/Produk/Tambah Barang/PlusTap - JumlaH Stock'

2018-07-18 16:59:02 - [TEST_STEP][PASSED] - waitForElementPresent: Element 'Object Repository/Sidebar Menu/Produk/Tambah Barang/PlusTap - JumlaH Stock' is present

2018-07-18 16:59:06 - [MESSAGE][PASSED] - Element 'Object Repository/Sidebar Menu/Produk/Tambah Barang/PlusTap - JumlaH Stock' is present

2018-07-18 16:59:06 - [TEST_STEP][PASSED] - verifyElementAttributeValue: Object 'Object Repository/Sidebar Menu/Produk/Tambah Barang/PlusTap - JumlaH Stock' has attribute 'content-desc' with value 'action_plus_anumberpicker'

2018-07-18 16:59:10 - [MESSAGE][PASSED] - Object 'Object Repository/Sidebar Menu/Produk/Tambah Barang/PlusTap - JumlaH Stock' has attribute 'content-desc' with value 'action_plus_anumberpicker'

2018-07-18 16:59:10 - [TEST_STEP][PASSED] - tap: Tapped on element 'Object Repository/Sidebar Menu/Produk/Tambah Barang/PlusTap - JumlaH Stock'

2018-07-18 16:59:16 - [MESSAGE][PASSED] - Tapped on element 'Object Repository/Sidebar Menu/Produk/Tambah Barang/PlusTap - JumlaH Stock'

2018-07-18 16:59:16 - [TEST_STEP][PASSED] - waitForElementPresent: Element 'Object Repository/Sidebar Menu/Produk/Tambah Barang/PlusTap - JumlaH Stock' is present

2018-07-18 16:59:18 - [MESSAGE][PASSED] - Element 'Object Repository/Sidebar Menu/Produk/Tambah Barang/PlusTap - JumlaH Stock' is present

2018-07-18 16:59:18 - [TEST_STEP][PASSED] - verifyElementAttributeValue: Object 'Object Repository/Sidebar Menu/Produk/Tambah Barang/PlusTap - JumlaH Stock' has attribute 'content-desc' with value 'action_plus_anumberpicker'

2018-07-18 16:59:22 - [MESSAGE][PASSED] - Object 'Object Repository/Sidebar Menu/Produk/Tambah Barang/PlusTap - JumlaH Stock' has attribute 'content-desc' with value 'action_plus_anumberpicker'

2018-07-18 16:59:22 - [TEST_STEP][PASSED] - tap: Tapped on element 'Object Repository/Sidebar Menu/Produk/Tambah Barang/PlusTap - JumlaH Stock'

2018-07-18 16:59:30 - [MESSAGE][PASSED] - Tapped on element 'Object Repository/Sidebar Menu/Produk/Tambah Barang/PlusTap - JumlaH Stock'

2018-07-18 16:59:30 - [TEST_STEP][PASSED] - waitForElementPresent: Element 'Object Repository/Sidebar Menu/Produk/Tambah Barang/PlusTap - JumlaH Stock' is present

2018-07-18 16:59:34 - [MESSAGE][PASSED] - Element 'Object Repository/Sidebar Menu/Produk/Tambah Barang/PlusTap - JumlaH Stock' is present

2018-07-18 16:59:34 - [TEST_STEP][PASSED] - verifyElementAttributeValue: Object 'Object Repository/Sidebar Menu/Produk/Tambah Barang/PlusTap - JumlaH Stock' has attribute 'content-desc' with value 'action_plus_anumberpicker'

2018-07-18 16:59:40 - [MESSAGE][PASSED] - Object 'Object Repository/Sidebar Menu/Produk/Tambah Barang/PlusTap - JumlaH Stock' has attribute 'content-desc' with value 'action_plus_anumberpicker'

2018-07-18 16:59:40 - [TEST_STEP][PASSED] - tap: Tapped on element 'Object Repository/Sidebar Menu/Produk/Tambah Barang/PlusTap - JumlaH Stock'

2018-07-18 16:59:47 - [MESSAGE][PASSED] - Tapped on element 'Object Repository/Sidebar Menu/Produk/Tambah Barang/PlusTap - JumlaH Stock'

2018-07-18 16:59:47 - [TEST_STEP][PASSED] - waitForElementPresent: Element 'Object Repository/Sidebar Menu/Produk/Tambah Barang/PlusTap - JumlaH Stock' is present

2018-07-18 16:59:50 - [MESSAGE][PASSED] - Element 'Object Repository/Sidebar Menu/Produk/Tambah Barang/PlusTap - JumlaH Stock' is present

2018-07-18 16:59:50 - [TEST_STEP][PASSED] - verifyElementAttributeValue: Object 'Object Repository/Sidebar Menu/Produk/Tambah Barang/PlusTap - JumlaH Stock' has attribute 'content-desc' with value 'action_plus_anumberpicker'

2018-07-18 16:59:54 - [MESSAGE][PASSED] - Object 'Object Repository/Sidebar Menu/Produk/Tambah Barang/PlusTap - JumlaH Stock' has attribute 'content-desc' with value 'action_plus_anumberpicker'

2018-07-18 16:59:54 - [TEST_STEP][PASSED] - tap: Tapped on element 'Object Repository/Sidebar Menu/Produk/Tambah Barang/PlusTap - JumlaH Stock'

2018-07-18 17:00:00 - [MESSAGE][PASSED] - Tapped on element 'Object Repository/Sidebar Menu/Produk/Tambah Barang/PlusTap - JumlaH Stock'

2018-07-18 17:00:00 - [TEST_STEP][PASSED] - waitForElementPresent: Element 'Object Repository/Sidebar Menu/Produk/Tambah Barang/PlusTap - JumlaH Stock' is present

2018-07-18 17:00:03 - [MESSAGE][PASSED] - Element 'Object Repository/Sidebar Menu/Produk/Tambah Barang/PlusTap - JumlaH Stock' is present

2018-07-18 17:00:03 - [TEST_STEP][PASSED] - verifyElementAttributeValue: Object 'Object Repository/Sidebar Menu/Produk/Tambah Barang/PlusTap - JumlaH Stock' has attribute 'content-desc' with value 'action_plus_anumberpicker'

2018-07-18 17:00:08 - [MESSAGE][PASSED] - Object 'Object Repository/Sidebar Menu/Produk/Tambah Barang/PlusTap - JumlaH Stock' has attribute 'content-desc' with value 'action_plus_anumberpicker'

2018-07-18 17:00:08 - [TEST_STEP][PASSED] - tap: Tapped on element 'Object Repository/Sidebar Menu/Produk/Tambah Barang/PlusTap - JumlaH Stock'

2018-07-18 17:00:13 - [MESSAGE][PASSED] - Tapped on element 'Object Repository/Sidebar Menu/Produk/Tambah Barang/PlusTap - JumlaH Stock'

2018-07-18 17:00:13 - [TEST_STEP][PASSED] - waitForElementPresent: Element 'Object Repository/Sidebar Menu/Produk/Tambah Barang/PlusTap - JumlaH Stock' is present

2018-07-18 17:00:16 - [MESSAGE][PASSED] - Element 'Object Repository/Sidebar Menu/Produk/Tambah Barang/PlusTap - JumlaH Stock' is present

2018-07-18 17:00:16 - [TEST_STEP][PASSED] - verifyElementAttributeValue: Object 'Object Repository/Sidebar Menu/Produk/Tambah Barang/PlusTap - JumlaH Stock' has attribute 'content-desc' with value 'action_plus_anumberpicker'

2018-07-18 17:00:20 - [MESSAGE][PASSED] - Object 'Object Repository/Sidebar Menu/Produk/Tambah Barang/PlusTap - JumlaH Stock' has attribute 'content-desc' with value 'action_plus_anumberpicker'

2018-07-18 17:00:20 - [TEST_STEP][PASSED] - tap: Tapped on element 'Object Repository/Sidebar Menu/Produk/Tambah Barang/PlusTap - JumlaH Stock'

2018-07-18 17:00:27 - [MESSAGE][PASSED] - Tapped on element 'Object Repository/Sidebar Menu/Produk/Tambah Barang/PlusTap - JumlaH Stock'

2018-07-18 17:00:27 - [TEST_STEP][PASSED] - waitForElementPresent: Element 'Object Repository/Sidebar Menu/Produk/Tambah Barang/PlusTap - JumlaH Stock' is present

2018-07-18 17:00:30 - [MESSAGE][PASSED] - Element 'Object Repository/Sidebar Menu/Produk/Tambah Barang/PlusTap - JumlaH Stock' is present

2018-07-18 17:00:30 - [TEST_STEP][PASSED] - verifyElementAttributeValue: Object 'Object Repository/Sidebar Menu/Produk/Tambah Barang/PlusTap - JumlaH Stock' has attribute 'content-desc' with value 'action_plus_anumberpicker'

2018-07-18 17:00:35 - [MESSAGE][PASSED] - Object 'Object Repository/Sidebar Menu/Produk/Tambah Barang/PlusTap - JumlaH Stock' has attribute 'content-desc' with value 'action_plus_anumberpicker'

2018-07-18 17:00:35 - [TEST_STEP][PASSED] - tap: Tapped on element 'Object Repository/Sidebar Menu/Produk/Tambah Barang/PlusTap - JumlaH Stock'

2018-07-18 17:00:40 - [MESSAGE][PASSED] - Tapped on element 'Object Repository/Sidebar Menu/Produk/Tambah Barang/PlusTap - JumlaH Stock'

2018-07-18 17:00:40 - [TEST_STEP][PASSED] - waitForElementPresent: Element 'Object Repository/Sidebar Menu/Produk/Tambah Barang/PlusTap - JumlaH Stock' is present

2018-07-18 17:00:43 - [MESSAGE][PASSED] - Element 'Object Repository/Sidebar Menu/Produk/Tambah Barang/PlusTap - JumlaH Stock' is present

2018-07-18 17:00:43 - [TEST_STEP][PASSED] - verifyElementAttributeValue: Object 'Object Repository/Sidebar Menu/Produk/Tambah Barang/PlusTap - JumlaH Stock' has attribute 'content-desc' with value 'action_plus_anumberpicker'

2018-07-18 17:00:47 - [MESSAGE][PASSED] - Object 'Object Repository/Sidebar Menu/Produk/Tambah Barang/PlusTap - JumlaH Stock' has attribute 'content-desc' with value 'action_plus_anumberpicker'

2018-07-18 17:00:47 - [TEST_STEP][PASSED] - tap: Tapped on element 'Object Repository/Sidebar Menu/Produk/Tambah Barang/PlusTap - JumlaH Stock'

2018-07-18 17:00:55 - [MESSAGE][PASSED] - Tapped on element 'Object Repository/Sidebar Menu/Produk/Tambah Barang/PlusTap - JumlaH Stock'

2018-07-18 17:00:55 - [TEST_STEP][PASSED] - Statement - For (def index : (0..5)): Tapped on element 'Object Repository/Sidebar Menu/Produk/Tambah Barang/Minus Tap - Jumlah Stock'

2018-07-18 17:00:55 - [TEST_STEP][PASSED] - waitForElementPresent: Element 'Object Repository/Sidebar Menu/Produk/Tambah Barang/Minus Tap - Jumlah Stock' is present

2018-07-18 17:00:58 - [MESSAGE][PASSED] - Element 'Object Repository/Sidebar Menu/Produk/Tambah Barang/Minus Tap - Jumlah Stock' is present

2018-07-18 17:00:58 - [TEST_STEP][PASSED] - verifyElementAttributeValue: Object 'Object Repository/Sidebar Menu/Produk/Tambah Barang/Minus Tap - Jumlah Stock' has attribute 'content-desc' with value 'action_minus_anumberpicker'

2018-07-18 17:01:02 - [MESSAGE][PASSED] - Object 'Object Repository/Sidebar Menu/Produk/Tambah Barang/Minus Tap - Jumlah Stock' has attribute 'content-desc' with value 'action_minus_anumberpicker'

2018-07-18 17:01:02 - [TEST_STEP][PASSED] - tap: Tapped on element 'Object Repository/Sidebar Menu/Produk/Tambah Barang/Minus Tap - Jumlah Stock'

2018-07-18 17:01:11 - [MESSAGE][PASSED] - Tapped on element 'Object Repository/Sidebar Menu/Produk/Tambah Barang/Minus Tap - Jumlah Stock'

2018-07-18 17:01:11 - [TEST_STEP][PASSED] - waitForElementPresent: Element 'Object Repository/Sidebar Menu/Produk/Tambah Barang/Minus Tap - Jumlah Stock' is present

2018-07-18 17:01:14 - [MESSAGE][PASSED] - Element 'Object Repository/Sidebar Menu/Produk/Tambah Barang/Minus Tap - Jumlah Stock' is present

2018-07-18 17:01:14 - [TEST_STEP][PASSED] - verifyElementAttributeValue: Object 'Object Repository/Sidebar Menu/Produk/Tambah Barang/Minus Tap - Jumlah Stock' has attribute 'content-desc' with value 'action_minus_anumberpicker'

2018-07-18 17:01:18 - [MESSAGE][PASSED] - Object 'Object Repository/Sidebar Menu/Produk/Tambah Barang/Minus Tap - Jumlah Stock' has attribute 'content-desc' with value 'action_minus_anumberpicker'

2018-07-18 17:01:18 - [TEST_STEP][PASSED] - tap: Tapped on element 'Object Repository/Sidebar Menu/Produk/Tambah Barang/Minus Tap - Jumlah Stock'

2018-07-18 17:01:27 - [MESSAGE][PASSED] - Tapped on element 'Object Repository/Sidebar Menu/Produk/Tambah Barang/Minus Tap - Jumlah Stock'

2018-07-18 17:01:27 - [TEST_STEP][PASSED] - waitForElementPresent: Element 'Object Repository/Sidebar Menu/Produk/Tambah Barang/Minus Tap - Jumlah Stock' is present

2018-07-18 17:01:31 - [MESSAGE][PASSED] - Element 'Object Repository/Sidebar Menu/Produk/Tambah Barang/Minus Tap - Jumlah Stock' is present

2018-07-18 17:01:31 - [TEST_STEP][PASSED] - verifyElementAttributeValue: Object 'Object Repository/Sidebar Menu/Produk/Tambah Barang/Minus Tap - Jumlah Stock' has attribute 'content-desc' with value 'action_minus_anumberpicker'

2018-07-18 17:01:35 - [MESSAGE][PASSED] - Object 'Object Repository/Sidebar Menu/Produk/Tambah Barang/Minus Tap - Jumlah Stock' has attribute 'content-desc' with value 'action_minus_anumberpicker'

2018-07-18 17:01:35 - [TEST_STEP][PASSED] - tap: Tapped on element 'Object Repository/Sidebar Menu/Produk/Tambah Barang/Minus Tap - Jumlah Stock'

2018-07-18 17:01:41 - [MESSAGE][PASSED] - Tapped on element 'Object Repository/Sidebar Menu/Produk/Tambah Barang/Minus Tap - Jumlah Stock'

2018-07-18 17:01:41 - [TEST_STEP][PASSED] - waitForElementPresent: Element 'Object Repository/Sidebar Menu/Produk/Tambah Barang/Minus Tap - Jumlah Stock' is present

2018-07-18 17:01:43 - [MESSAGE][PASSED] - Element 'Object Repository/Sidebar Menu/Produk/Tambah Barang/Minus Tap - Jumlah Stock' is present

2018-07-18 17:01:43 - [TEST_STEP][PASSED] - verifyElementAttributeValue: Object 'Object Repository/Sidebar Menu/Produk/Tambah Barang/Minus Tap - Jumlah Stock' has attribute 'content-desc' with value 'action_minus_anumberpicker'

2018-07-18 17:01:49 - [MESSAGE][PASSED] - Object 'Object Repository/Sidebar Menu/Produk/Tambah Barang/Minus Tap - Jumlah Stock' has attribute 'content-desc' with value 'action_minus_anumberpicker'

2018-07-18 17:01:49 - [TEST_STEP][PASSED] - tap: Tapped on element 'Object Repository/Sidebar Menu/Produk/Tambah Barang/Minus Tap - Jumlah Stock'

2018-07-18 17:01:54 - [MESSAGE][PASSED] - Tapped on element 'Object Repository/Sidebar Menu/Produk/Tambah Barang/Minus Tap - Jumlah Stock'

2018-07-18 17:01:54 - [TEST_STEP][PASSED] - waitForElementPresent: Element 'Object Repository/Sidebar Menu/Produk/Tambah Barang/Minus Tap - Jumlah Stock' is present

2018-07-18 17:01:58 - [MESSAGE][PASSED] - Element 'Object Repository/Sidebar Menu/Produk/Tambah Barang/Minus Tap - Jumlah Stock' is present

2018-07-18 17:01:58 - [TEST_STEP][PASSED] - verifyElementAttributeValue: Object 'Object Repository/Sidebar Menu/Produk/Tambah Barang/Minus Tap - Jumlah Stock' has attribute 'content-desc' with value 'action_minus_anumberpicker'

2018-07-18 17:02:03 - [MESSAGE][PASSED] - Object 'Object Repository/Sidebar Menu/Produk/Tambah Barang/Minus Tap - Jumlah Stock' has attribute 'content-desc' with value 'action_minus_anumberpicker'

2018-07-18 17:02:03 - [TEST_STEP][PASSED] - tap: Tapped on element 'Object Repository/Sidebar Menu/Produk/Tambah Barang/Minus Tap - Jumlah Stock'

2018-07-18 17:02:09 - [MESSAGE][PASSED] - Tapped on element 'Object Repository/Sidebar Menu/Produk/Tambah Barang/Minus Tap - Jumlah Stock'

2018-07-18 17:02:09 - [TEST_STEP][PASSED] - waitForElementPresent: Element 'Object Repository/Sidebar Menu/Produk/Tambah Barang/Minus Tap - Jumlah Stock' is present

2018-07-18 17:02:14 - [MESSAGE][PASSED] - Element 'Object Repository/Sidebar Menu/Produk/Tambah Barang/Minus Tap - Jumlah Stock' is present

2018-07-18 17:02:14 - [TEST_STEP][PASSED] - verifyElementAttributeValue: Object 'Object Repository/Sidebar Menu/Produk/Tambah Barang/Minus Tap - Jumlah Stock' has attribute 'content-desc' with value 'action_minus_anumberpicker'

2018-07-18 17:02:18 - [MESSAGE][PASSED] - Object 'Object Repository/Sidebar Menu/Produk/Tambah Barang/Minus Tap - Jumlah Stock' has attribute 'content-desc' with value 'action_minus_anumberpicker'

2018-07-18 17:02:18 - [TEST_STEP][PASSED] - tap: Tapped on element 'Object Repository/Sidebar Menu/Produk/Tambah Barang/Minus Tap - Jumlah Stock'

2018-07-18 17:02:24 - [MESSAGE][PASSED] - Tapped on element 'Object Repository/Sidebar Menu/Produk/Tambah Barang/Minus Tap - Jumlah Stock']]></system-out>
         <system-err><![CDATA[]]></system-err>
      </testcase>
      <testcase name="Test Cases/Story 35 and 921 -Tambah Barang/35 TC 3" classname="Test Cases/Story 35 and 921 -Tambah Barang/35 TC 3" status="PASSED">
         <system-out><![CDATA[2018-07-18 17:02:24 - [TEST_CASE][PASSED] - Test Cases/Story 35 and 921 -Tambah Barang/35 TC 3: Test Cases/Story 35 and 921 -Tambah Barang/35 TC 3

2018-07-18 17:02:24 - [TEST_STEP][PASSED] - comment: User update stock when specifies stock = -(minus)

2018-07-18 17:02:24 - [TEST_STEP][PASSED] - waitForElementPresent: Element 'Object Repository/Sidebar Menu/Produk/Tambah Barang/Jumlah Stock - by typing' is present

2018-07-18 17:02:30 - [MESSAGE][PASSED] - Element 'Object Repository/Sidebar Menu/Produk/Tambah Barang/Jumlah Stock - by typing' is present

2018-07-18 17:02:30 - [TEST_STEP][PASSED] - verifyElementAttributeValue: Object 'Object Repository/Sidebar Menu/Produk/Tambah Barang/Jumlah Stock - by typing' has attribute 'content-desc' with value 'input_anumberpicker'

2018-07-18 17:02:35 - [MESSAGE][PASSED] - Object 'Object Repository/Sidebar Menu/Produk/Tambah Barang/Jumlah Stock - by typing' has attribute 'content-desc' with value 'input_anumberpicker'

2018-07-18 17:02:35 - [TEST_STEP][PASSED] - clearText: Element 'Object Repository/Sidebar Menu/Produk/Tambah Barang/Jumlah Stock - by typing' text is cleared

2018-07-18 17:02:40 - [MESSAGE][PASSED] - Element 'Object Repository/Sidebar Menu/Produk/Tambah Barang/Jumlah Stock - by typing' text is cleared

2018-07-18 17:02:41 - [TEST_STEP][PASSED] - setText: Text '-23' has been set to element 'Object Repository/Sidebar Menu/Produk/Tambah Barang/Jumlah Stock - by typing'

2018-07-18 17:03:01 - [MESSAGE][PASSED] - Text '-23' has been set to element 'Object Repository/Sidebar Menu/Produk/Tambah Barang/Jumlah Stock - by typing'

2018-07-18 17:03:01 - [TEST_STEP][PASSED] - hideKeyboard: Keyboard is hidden

2018-07-18 17:03:02 - [MESSAGE][PASSED] - Keyboard is hidden

2018-07-18 17:03:02 - [TEST_STEP][PASSED] - verifyElementAttributeValue: Object 'Object Repository/Sidebar Menu/Produk/Tambah Barang/Jumlah Stock - by typing' has attribute 'text' with value '23'

2018-07-18 17:03:07 - [MESSAGE][PASSED] - Object 'Object Repository/Sidebar Menu/Produk/Tambah Barang/Jumlah Stock - by typing' has attribute 'text' with value '23'

2018-07-18 17:03:07 - [TEST_STEP][PASSED] - clearText: Element 'Object Repository/Sidebar Menu/Produk/Tambah Barang/Jumlah Stock - by typing' text is cleared

2018-07-18 17:03:12 - [MESSAGE][PASSED] - Element 'Object Repository/Sidebar Menu/Produk/Tambah Barang/Jumlah Stock - by typing' text is cleared

2018-07-18 17:03:12 - [TEST_STEP][PASSED] - setText: Text '8.2' has been set to element 'Object Repository/Sidebar Menu/Produk/Tambah Barang/Jumlah Stock - by typing'

2018-07-18 17:03:29 - [MESSAGE][PASSED] - Text '8.2' has been set to element 'Object Repository/Sidebar Menu/Produk/Tambah Barang/Jumlah Stock - by typing'

2018-07-18 17:03:29 - [TEST_STEP][PASSED] - hideKeyboard: Keyboard is hidden

2018-07-18 17:03:30 - [MESSAGE][PASSED] - Keyboard is hidden

2018-07-18 17:03:31 - [TEST_STEP][PASSED] - verifyElementAttributeValue: Object 'Object Repository/Sidebar Menu/Produk/Tambah Barang/Jumlah Stock - by typing' has attribute 'text' with value '82'

2018-07-18 17:03:35 - [MESSAGE][PASSED] - Object 'Object Repository/Sidebar Menu/Produk/Tambah Barang/Jumlah Stock - by typing' has attribute 'text' with value '82'

2018-07-18 17:03:35 - [TEST_STEP][PASSED] - comment: move to TC 4]]></system-out>
         <system-err><![CDATA[]]></system-err>
      </testcase>
      <testcase name="Test Cases/Story 35 and 921 -Tambah Barang/35 TC 4" classname="Test Cases/Story 35 and 921 -Tambah Barang/35 TC 4" status="PASSED">
         <system-out><![CDATA[2018-07-18 17:03:36 - [TEST_CASE][PASSED] - Test Cases/Story 35 and 921 -Tambah Barang/35 TC 4: Test Cases/Story 35 and 921 -Tambah Barang/35 TC 4

2018-07-18 17:03:36 - [TEST_STEP][PASSED] - comment: Check maximum input stock - max 3 digit

2018-07-18 17:03:36 - [TEST_STEP][PASSED] - waitForElementPresent: Element 'Object Repository/Sidebar Menu/Produk/Tambah Barang/Jumlah Stock - by typing' is present

2018-07-18 17:03:39 - [MESSAGE][PASSED] - Element 'Object Repository/Sidebar Menu/Produk/Tambah Barang/Jumlah Stock - by typing' is present

2018-07-18 17:03:39 - [TEST_STEP][PASSED] - verifyElementAttributeValue: Object 'Object Repository/Sidebar Menu/Produk/Tambah Barang/Jumlah Stock - by typing' has attribute 'content-desc' with value 'input_anumberpicker'

2018-07-18 17:03:44 - [MESSAGE][PASSED] - Object 'Object Repository/Sidebar Menu/Produk/Tambah Barang/Jumlah Stock - by typing' has attribute 'content-desc' with value 'input_anumberpicker'

2018-07-18 17:03:44 - [TEST_STEP][PASSED] - clearText: Element 'Object Repository/Sidebar Menu/Produk/Tambah Barang/Jumlah Stock - by typing' text is cleared

2018-07-18 17:03:50 - [MESSAGE][PASSED] - Element 'Object Repository/Sidebar Menu/Produk/Tambah Barang/Jumlah Stock - by typing' text is cleared

2018-07-18 17:03:50 - [TEST_STEP][PASSED] - setText: Text '23434567' has been set to element 'Object Repository/Sidebar Menu/Produk/Tambah Barang/Jumlah Stock - by typing'

2018-07-18 17:04:07 - [MESSAGE][PASSED] - Text '23434567' has been set to element 'Object Repository/Sidebar Menu/Produk/Tambah Barang/Jumlah Stock - by typing'

2018-07-18 17:04:07 - [TEST_STEP][PASSED] - hideKeyboard: Keyboard is hidden

2018-07-18 17:04:08 - [MESSAGE][PASSED] - Keyboard is hidden

2018-07-18 17:04:08 - [TEST_STEP][PASSED] - verifyElementAttributeValue: Object 'Object Repository/Sidebar Menu/Produk/Tambah Barang/Jumlah Stock - by typing' has attribute 'text' with value '234'

2018-07-18 17:04:12 - [MESSAGE][PASSED] - Object 'Object Repository/Sidebar Menu/Produk/Tambah Barang/Jumlah Stock - by typing' has attribute 'text' with value '234']]></system-out>
         <system-err><![CDATA[]]></system-err>
      </testcase>
      <testcase name="Test Cases/Story 35 and 921 -Tambah Barang/35 TC 5" classname="Test Cases/Story 35 and 921 -Tambah Barang/35 TC 5" status="PASSED">
         <system-out><![CDATA[2018-07-18 17:04:12 - [TEST_CASE][PASSED] - Test Cases/Story 35 and 921 -Tambah Barang/35 TC 5: Test Cases/Story 35 and 921 -Tambah Barang/35 TC 5

2018-07-18 17:04:12 - [TEST_STEP][PASSED] - comment: Tambah Produk with jumlah stok 0

2018-07-18 17:04:12 - [TEST_STEP][PASSED] - waitForElementPresent: Element 'Object Repository/Sidebar Menu/Produk/Tambah Barang/Jumlah Stock - by typing' is present

2018-07-18 17:04:16 - [MESSAGE][PASSED] - Element 'Object Repository/Sidebar Menu/Produk/Tambah Barang/Jumlah Stock - by typing' is present

2018-07-18 17:04:16 - [TEST_STEP][PASSED] - verifyElementAttributeValue: Object 'Object Repository/Sidebar Menu/Produk/Tambah Barang/Jumlah Stock - by typing' has attribute 'content-desc' with value 'input_anumberpicker'

2018-07-18 17:04:24 - [MESSAGE][PASSED] - Object 'Object Repository/Sidebar Menu/Produk/Tambah Barang/Jumlah Stock - by typing' has attribute 'content-desc' with value 'input_anumberpicker'

2018-07-18 17:04:24 - [TEST_STEP][PASSED] - clearText: Element 'Object Repository/Sidebar Menu/Produk/Tambah Barang/Jumlah Stock - by typing' text is cleared

2018-07-18 17:04:34 - [MESSAGE][PASSED] - Element 'Object Repository/Sidebar Menu/Produk/Tambah Barang/Jumlah Stock - by typing' text is cleared

2018-07-18 17:04:34 - [TEST_STEP][PASSED] - setText: Text '0' has been set to element 'Object Repository/Sidebar Menu/Produk/Tambah Barang/Jumlah Stock - by typing'

2018-07-18 17:04:50 - [MESSAGE][PASSED] - Text '0' has been set to element 'Object Repository/Sidebar Menu/Produk/Tambah Barang/Jumlah Stock - by typing'

2018-07-18 17:04:50 - [TEST_STEP][PASSED] - hideKeyboard: Keyboard is hidden

2018-07-18 17:04:51 - [MESSAGE][PASSED] - Keyboard is hidden

2018-07-18 17:04:51 - [TEST_STEP][PASSED] - verifyElementAttributeValue: Object 'Object Repository/Sidebar Menu/Produk/Tambah Barang/Jumlah Stock - by typing' has attribute 'text' with value '0'

2018-07-18 17:04:56 - [MESSAGE][PASSED] - Object 'Object Repository/Sidebar Menu/Produk/Tambah Barang/Jumlah Stock - by typing' has attribute 'text' with value '0']]></system-out>
         <system-err><![CDATA[]]></system-err>
      </testcase>
      <testcase name="Test Cases/Story 35 and 921 -Tambah Barang/35 TC 6" classname="Test Cases/Story 35 and 921 -Tambah Barang/35 TC 6" status="PASSED">
         <system-out><![CDATA[2018-07-18 17:04:56 - [TEST_CASE][PASSED] - Test Cases/Story 35 and 921 -Tambah Barang/35 TC 6: Test Cases/Story 35 and 921 -Tambah Barang/35 TC 6

2018-07-18 17:04:56 - [TEST_STEP][PASSED] - comment: Check Mandatory field

2018-07-18 17:04:56 - [TEST_STEP][PASSED] - waitForElementPresent: Element 'Object Repository/Sidebar Menu/Produk/Tambah Barang/Simpan Button' is present

2018-07-18 17:04:59 - [MESSAGE][PASSED] - Element 'Object Repository/Sidebar Menu/Produk/Tambah Barang/Simpan Button' is present

2018-07-18 17:04:59 - [TEST_STEP][PASSED] - verifyElementAttributeValue: Object 'Object Repository/Sidebar Menu/Produk/Tambah Barang/Simpan Button' has attribute 'content-desc' with value 'productSubmitBtn'

2018-07-18 17:04:59 - [MESSAGE][WARNING] - Timeout '0' is invalid. Using default page load timeout: '30'

2018-07-18 17:05:04 - [MESSAGE][PASSED] - Object 'Object Repository/Sidebar Menu/Produk/Tambah Barang/Simpan Button' has attribute 'content-desc' with value 'productSubmitBtn'

2018-07-18 17:05:04 - [TEST_STEP][PASSED] - tap: Tapped on element 'Object Repository/Sidebar Menu/Produk/Tambah Barang/Simpan Button'

2018-07-18 17:05:13 - [MESSAGE][PASSED] - Tapped on element 'Object Repository/Sidebar Menu/Produk/Tambah Barang/Simpan Button'

2018-07-18 17:05:13 - [TEST_STEP][PASSED] - Statement - ErMsg = com.kms.katalon.core.mobile.keyword.MobileBuiltInKeywords.getText(com.kms.katalon.core.testobject.ObjectRepository.findTestObject(Sidebar Menu/Produk/Tambah Barang/Error Message - Nama Barang field), 5): Text of element 'Object Repository/Sidebar Menu/Produk/Tambah Barang/Error Message - Nama Barang field' is: 'Nama Barang is required'

2018-07-18 17:05:18 - [MESSAGE][PASSED] - Text of element 'Object Repository/Sidebar Menu/Produk/Tambah Barang/Error Message - Nama Barang field' is: 'Nama Barang is required'

2018-07-18 17:05:18 - [TEST_STEP][PASSED] - verifyEqual: Actual object 'Nama Barang is required' and expected object 'Nama Barang is required' are equal

2018-07-18 17:05:18 - [MESSAGE][PASSED] - Actual object 'Nama Barang is required' and expected object 'Nama Barang is required' are equal

2018-07-18 17:05:18 - [TEST_STEP][PASSED] - scrollToText: Scrolling to text 'Stok Rendah' successfully

2018-07-18 17:05:27 - [MESSAGE][PASSED] - Scrolling to text 'Stok Rendah' successfully

2018-07-18 17:05:28 - [TEST_STEP][PASSED] - delay: Delayed 5 second(s)

2018-07-18 17:05:33 - [MESSAGE][PASSED] - Delayed 5 second(s)

2018-07-18 17:05:33 - [TEST_STEP][PASSED] - Statement - ErMsg1 = com.kms.katalon.core.mobile.keyword.MobileBuiltInKeywords.getText(com.kms.katalon.core.testobject.ObjectRepository.findTestObject(Sidebar Menu/Produk/Tambah Barang/Error Message - Kategori field), 5): Text of element 'Object Repository/Sidebar Menu/Produk/Tambah Barang/Error Message - Kategori field' is: 'Kategori is required'

2018-07-18 17:05:38 - [MESSAGE][PASSED] - Text of element 'Object Repository/Sidebar Menu/Produk/Tambah Barang/Error Message - Kategori field' is: 'Kategori is required'

2018-07-18 17:05:38 - [TEST_STEP][PASSED] - verifyEqual: Actual object 'Kategori is required' and expected object 'Kategori is required' are equal

2018-07-18 17:05:38 - [MESSAGE][PASSED] - Actual object 'Kategori is required' and expected object 'Kategori is required' are equal

2018-07-18 17:05:38 - [TEST_STEP][PASSED] - Statement - ErMsg1 = com.kms.katalon.core.mobile.keyword.MobileBuiltInKeywords.getText(com.kms.katalon.core.testobject.ObjectRepository.findTestObject(Sidebar Menu/Produk/Tambah Barang/Error Message - Harga Beli filed), 5): Text of element 'Object Repository/Sidebar Menu/Produk/Tambah Barang/Error Message - Harga Beli filed' is: 'Mohon diisi'

2018-07-18 17:05:43 - [MESSAGE][PASSED] - Text of element 'Object Repository/Sidebar Menu/Produk/Tambah Barang/Error Message - Harga Beli filed' is: 'Mohon diisi'

2018-07-18 17:05:43 - [TEST_STEP][PASSED] - verifyEqual: Actual object 'Mohon diisi' and expected object 'Mohon diisi' are equal

2018-07-18 17:05:43 - [MESSAGE][PASSED] - Actual object 'Mohon diisi' and expected object 'Mohon diisi' are equal

2018-07-18 17:05:43 - [TEST_STEP][PASSED] - Statement - ErMsg1 = com.kms.katalon.core.mobile.keyword.MobileBuiltInKeywords.getText(com.kms.katalon.core.testobject.ObjectRepository.findTestObject(Sidebar Menu/Produk/Tambah Barang/Error Message - Harga Jual field), 5): Text of element 'Object Repository/Sidebar Menu/Produk/Tambah Barang/Error Message - Harga Jual field' is: 'Mohon diisi'

2018-07-18 17:05:47 - [MESSAGE][PASSED] - Text of element 'Object Repository/Sidebar Menu/Produk/Tambah Barang/Error Message - Harga Jual field' is: 'Mohon diisi'

2018-07-18 17:05:47 - [TEST_STEP][PASSED] - verifyEqual: Actual object 'Mohon diisi' and expected object 'Mohon diisi' are equal

2018-07-18 17:05:47 - [MESSAGE][PASSED] - Actual object 'Mohon diisi' and expected object 'Mohon diisi' are equal

2018-07-18 17:05:47 - [TEST_STEP][PASSED] - delay: Delayed 5 second(s)

2018-07-18 17:05:52 - [MESSAGE][PASSED] - Delayed 5 second(s)

2018-07-18 17:05:52 - [TEST_STEP][PASSED] - comment: TC 4 finish]]></system-out>
         <system-err><![CDATA[]]></system-err>
      </testcase>
      <testcase name="Test Cases/Story 35 and 921 -Tambah Barang/35 TC 7" classname="Test Cases/Story 35 and 921 -Tambah Barang/35 TC 7" status="PASSED">
         <system-out><![CDATA[2018-07-18 17:05:53 - [TEST_CASE][PASSED] - Test Cases/Story 35 and 921 -Tambah Barang/35 TC 7: Test Cases/Story 35 and 921 -Tambah Barang/35 TC 7

2018-07-18 17:05:53 - [TEST_STEP][PASSED] - comment: Add Product with Product name more than 100 Characters

2018-07-18 17:05:53 - [TEST_STEP][PASSED] - Statement - driver = com.kms.katalon.core.mobile.keyword.internal.MobileDriverFactory.getDriver(): null

2018-07-18 17:05:53 - [TEST_STEP][PASSED] - Statement - action = new io.appium.java_client.TouchAction(driver): null

2018-07-18 17:05:53 - [TEST_STEP][PASSED] - Statement - action.longPress(242, 360).moveTo(242, 743).release().perform(): null

2018-07-18 17:05:56 - [TEST_STEP][PASSED] - waitForElementPresent: Element 'Object Repository/Sidebar Menu/Produk/Tambah Barang/Nama Barang - Text Box' is present

2018-07-18 17:05:59 - [MESSAGE][PASSED] - Element 'Object Repository/Sidebar Menu/Produk/Tambah Barang/Nama Barang - Text Box' is present

2018-07-18 17:05:59 - [TEST_STEP][PASSED] - verifyElementAttributeValue: Object 'Object Repository/Sidebar Menu/Produk/Tambah Barang/Nama Barang - Text Box' has attribute 'content-desc' with value 'productNameTextInput'

2018-07-18 17:05:59 - [MESSAGE][WARNING] - Timeout '0' is invalid. Using default page load timeout: '30'

2018-07-18 17:06:04 - [MESSAGE][PASSED] - Object 'Object Repository/Sidebar Menu/Produk/Tambah Barang/Nama Barang - Text Box' has attribute 'content-desc' with value 'productNameTextInput'

2018-07-18 17:06:04 - [TEST_STEP][PASSED] - Statement - NamaBarang = CustomKeywords.newpackage.randomstring.randombigname(): newpackage.randomstring.randombigname is PASSED

2018-07-18 17:06:04 - [MESSAGE][PASSED] - newpackage.randomstring.randombigname is PASSED

2018-07-18 17:06:04 - [TEST_STEP][PASSED] - setText: Text 'jwvxlwEcQOFmxujoAnRiYAXceCTzqeNiMTXlGFBDGANoONNxbySIxFJwycJFnNfXHzgucSIaKUacPLbPqOXSKtkUTBDxvpIWjWxPmAbPVqJDJUpcIPrpELIVUfkrygdOhWjKFYlDFTBuRsZupURXZF' has been set to element 'Object Repository/Sidebar Menu/Produk/Tambah Barang/Nama Barang - Text Box'

2018-07-18 17:06:24 - [MESSAGE][PASSED] - Text 'jwvxlwEcQOFmxujoAnRiYAXceCTzqeNiMTXlGFBDGANoONNxbySIxFJwycJFnNfXHzgucSIaKUacPLbPqOXSKtkUTBDxvpIWjWxPmAbPVqJDJUpcIPrpELIVUfkrygdOhWjKFYlDFTBuRsZupURXZF' has been set to element 'Object Repository/Sidebar Menu/Produk/Tambah Barang/Nama Barang - Text Box'

2018-07-18 17:06:24 - [TEST_STEP][PASSED] - hideKeyboard: Keyboard is hidden

2018-07-18 17:06:25 - [MESSAGE][PASSED] - Keyboard is hidden

2018-07-18 17:06:25 - [TEST_STEP][PASSED] - verifyEqual: Actual object 'jwvxlwEcQOFmxujoAnRiYAXceCTzqeNiMTXlGFBDGANoONNxbySIxFJwycJFnNfXHzgucSIaKUacPLbPqOXSKtkUTBDxvpIWjWxPmAbPVqJDJUpcIPrpELIVUfkrygdOhWjKFYlDFTBuRsZupURXZF' and expected object 'jwvxlwEcQOFmxujoAnRiYAXceCTzqeNiMTXlGFBDGANoONNxbySIxFJwycJFnNfXHzgucSIaKUacPLbPqOXSKtkUTBDxvpIWjWxPmAbPVqJDJUpcIPrpELIVUfkrygdOhWjKFYlDFTBuRsZupURXZF' are equal

2018-07-18 17:06:25 - [MESSAGE][PASSED] - Actual object 'jwvxlwEcQOFmxujoAnRiYAXceCTzqeNiMTXlGFBDGANoONNxbySIxFJwycJFnNfXHzgucSIaKUacPLbPqOXSKtkUTBDxvpIWjWxPmAbPVqJDJUpcIPrpELIVUfkrygdOhWjKFYlDFTBuRsZupURXZF' and expected object 'jwvxlwEcQOFmxujoAnRiYAXceCTzqeNiMTXlGFBDGANoONNxbySIxFJwycJFnNfXHzgucSIaKUacPLbPqOXSKtkUTBDxvpIWjWxPmAbPVqJDJUpcIPrpELIVUfkrygdOhWjKFYlDFTBuRsZupURXZF' are equal

2018-07-18 17:06:25 - [TEST_STEP][PASSED] - comment: TC 5 finish]]></system-out>
         <system-err><![CDATA[]]></system-err>
      </testcase>
      <testcase name="Test Cases/Story 35 and 921 -Tambah Barang/35 TC 8" classname="Test Cases/Story 35 and 921 -Tambah Barang/35 TC 8" status="PASSED">
         <system-out><![CDATA[2018-07-18 17:06:25 - [TEST_CASE][PASSED] - Test Cases/Story 35 and 921 -Tambah Barang/35 TC 8: Test Cases/Story 35 and 921 -Tambah Barang/35 TC 8

2018-07-18 17:06:25 - [TEST_STEP][PASSED] - comment: Tambah Produk with input manual barcode

2018-07-18 17:06:25 - [TEST_STEP][PASSED] - clearText: Element 'Object Repository/Sidebar Menu/Produk/Tambah Barang/Nama Barang - Text Box' text is cleared

2018-07-18 17:06:35 - [MESSAGE][PASSED] - Element 'Object Repository/Sidebar Menu/Produk/Tambah Barang/Nama Barang - Text Box' text is cleared

2018-07-18 17:06:35 - [TEST_STEP][PASSED] - waitForElementPresent: Element 'Object Repository/Sidebar Menu/Produk/Tambah Barang/Nama Barang - Text Box' is present

2018-07-18 17:06:39 - [MESSAGE][PASSED] - Element 'Object Repository/Sidebar Menu/Produk/Tambah Barang/Nama Barang - Text Box' is present

2018-07-18 17:06:39 - [TEST_STEP][PASSED] - verifyElementAttributeValue: Object 'Object Repository/Sidebar Menu/Produk/Tambah Barang/Nama Barang - Text Box' has attribute 'content-desc' with value 'productNameTextInput'

2018-07-18 17:06:39 - [MESSAGE][WARNING] - Timeout '0' is invalid. Using default page load timeout: '30'

2018-07-18 17:06:43 - [MESSAGE][PASSED] - Object 'Object Repository/Sidebar Menu/Produk/Tambah Barang/Nama Barang - Text Box' has attribute 'content-desc' with value 'productNameTextInput'

2018-07-18 17:06:43 - [TEST_STEP][PASSED] - setText: Text 'MIMINO Bottle' has been set to element 'Object Repository/Sidebar Menu/Produk/Tambah Barang/Nama Barang - Text Box'

2018-07-18 17:07:01 - [MESSAGE][PASSED] - Text 'MIMINO Bottle' has been set to element 'Object Repository/Sidebar Menu/Produk/Tambah Barang/Nama Barang - Text Box'

2018-07-18 17:07:01 - [TEST_STEP][PASSED] - hideKeyboard: Keyboard is hidden

2018-07-18 17:07:01 - [MESSAGE][PASSED] - Keyboard is hidden

2018-07-18 17:07:01 - [TEST_STEP][PASSED] - verifyElementAttributeValue: Object 'Object Repository/Sidebar Menu/Produk/Tambah Barang/Nama Barang - Text Box' has attribute 'text' with value 'MIMINO Bottle'

2018-07-18 17:07:06 - [MESSAGE][PASSED] - Object 'Object Repository/Sidebar Menu/Produk/Tambah Barang/Nama Barang - Text Box' has attribute 'text' with value 'MIMINO Bottle'

2018-07-18 17:07:06 - [TEST_STEP][PASSED] - waitForElementPresent: Element 'Object Repository/Sidebar Menu/Produk/Tambah Barang/SKU Produk - Text Box' is present

2018-07-18 17:07:09 - [MESSAGE][PASSED] - Element 'Object Repository/Sidebar Menu/Produk/Tambah Barang/SKU Produk - Text Box' is present

2018-07-18 17:07:09 - [TEST_STEP][PASSED] - verifyElementAttributeValue: Object 'Object Repository/Sidebar Menu/Produk/Tambah Barang/SKU Produk - Text Box' has attribute 'content-desc' with value 'product_code_input'

2018-07-18 17:07:09 - [MESSAGE][WARNING] - Timeout '0' is invalid. Using default page load timeout: '30'

2018-07-18 17:07:14 - [MESSAGE][PASSED] - Object 'Object Repository/Sidebar Menu/Produk/Tambah Barang/SKU Produk - Text Box' has attribute 'content-desc' with value 'product_code_input'

2018-07-18 17:07:14 - [TEST_STEP][PASSED] - Statement - SKU = CustomKeywords.newpackage.randomstring.randomSKU(): newpackage.randomstring.randomSKU is PASSED

2018-07-18 17:07:14 - [MESSAGE][PASSED] - newpackage.randomstring.randomSKU is PASSED

2018-07-18 17:07:14 - [TEST_STEP][PASSED] - setText: Text 'SKU842423088193' has been set to element 'Object Repository/Sidebar Menu/Produk/Tambah Barang/SKU Produk - Text Box'

2018-07-18 17:07:33 - [MESSAGE][PASSED] - Text 'SKU842423088193' has been set to element 'Object Repository/Sidebar Menu/Produk/Tambah Barang/SKU Produk - Text Box'

2018-07-18 17:07:33 - [TEST_STEP][PASSED] - hideKeyboard: Keyboard is hidden

2018-07-18 17:07:34 - [MESSAGE][PASSED] - Keyboard is hidden

2018-07-18 17:07:34 - [TEST_STEP][PASSED] - verifyEqual: Actual object 'SKU842423088193' and expected object 'SKU842423088193' are equal

2018-07-18 17:07:34 - [MESSAGE][PASSED] - Actual object 'SKU842423088193' and expected object 'SKU842423088193' are equal

2018-07-18 17:07:34 - [TEST_STEP][PASSED] - comment: TC 6 finish]]></system-out>
         <system-err><![CDATA[]]></system-err>
      </testcase>
      <testcase name="Test Cases/Story 35 and 921 -Tambah Barang/35 TC 9" classname="Test Cases/Story 35 and 921 -Tambah Barang/35 TC 9" status="PASSED">
         <system-out><![CDATA[2018-07-18 17:07:34 - [TEST_CASE][PASSED] - Test Cases/Story 35 and 921 -Tambah Barang/35 TC 9: Test Cases/Story 35 and 921 -Tambah Barang/35 TC 9

2018-07-18 17:07:34 - [TEST_STEP][PASSED] - comment: Pick One Category

2018-07-18 17:07:34 - [TEST_STEP][PASSED] - waitForElementPresent: Element 'Object Repository/Sidebar Menu/Produk/Tambah Barang/Pilih Kategori - SelectButton' is present

2018-07-18 17:07:37 - [MESSAGE][PASSED] - Element 'Object Repository/Sidebar Menu/Produk/Tambah Barang/Pilih Kategori - SelectButton' is present

2018-07-18 17:07:37 - [TEST_STEP][PASSED] - verifyElementAttributeValue: Object 'Object Repository/Sidebar Menu/Produk/Tambah Barang/Pilih Kategori - SelectButton' has attribute 'content-desc' with value 'selectCategoryBtn'

2018-07-18 17:07:37 - [MESSAGE][WARNING] - Timeout '0' is invalid. Using default page load timeout: '30'

2018-07-18 17:07:41 - [MESSAGE][PASSED] - Object 'Object Repository/Sidebar Menu/Produk/Tambah Barang/Pilih Kategori - SelectButton' has attribute 'content-desc' with value 'selectCategoryBtn'

2018-07-18 17:07:41 - [TEST_STEP][PASSED] - tap: Tapped on element 'Object Repository/Sidebar Menu/Produk/Tambah Barang/Pilih Kategori - SelectButton'

2018-07-18 17:07:46 - [MESSAGE][PASSED] - Tapped on element 'Object Repository/Sidebar Menu/Produk/Tambah Barang/Pilih Kategori - SelectButton'

2018-07-18 17:07:46 - [TEST_STEP][PASSED] - tap: Tapped on element 'Object Repository/Sidebar Menu/Produk/Tambah Barang/Pilih Kategori - SelectButton'

2018-07-18 17:07:51 - [MESSAGE][PASSED] - Tapped on element 'Object Repository/Sidebar Menu/Produk/Tambah Barang/Pilih Kategori - SelectButton'

2018-07-18 17:07:51 - [TEST_STEP][PASSED] - waitForElementPresent: Element 'Object Repository/Sidebar Menu/Produk/Tambah Barang/ListKategori - Elemen 5' is present

2018-07-18 17:07:57 - [MESSAGE][PASSED] - Element 'Object Repository/Sidebar Menu/Produk/Tambah Barang/ListKategori - Elemen 5' is present

2018-07-18 17:07:57 - [TEST_STEP][PASSED] - verifyElementAttributeValue: Object 'Object Repository/Sidebar Menu/Produk/Tambah Barang/ListKategori - Elemen 5' has attribute 'content-desc' with value 'product_category_item_4'

2018-07-18 17:08:06 - [MESSAGE][PASSED] - Object 'Object Repository/Sidebar Menu/Produk/Tambah Barang/ListKategori - Elemen 5' has attribute 'content-desc' with value 'product_category_item_4'

2018-07-18 17:08:06 - [TEST_STEP][PASSED] - tap: Tapped on element 'Object Repository/Sidebar Menu/Produk/Tambah Barang/ListKategori - Elemen 5'

2018-07-18 17:08:14 - [MESSAGE][PASSED] - Tapped on element 'Object Repository/Sidebar Menu/Produk/Tambah Barang/ListKategori - Elemen 5'

2018-07-18 17:08:14 - [TEST_STEP][PASSED] - delay: Delayed 5 second(s)

2018-07-18 17:08:19 - [MESSAGE][PASSED] - Delayed 5 second(s)]]></system-out>
         <system-err><![CDATA[]]></system-err>
      </testcase>
      <testcase name="Test Cases/Story 35 and 921 -Tambah Barang/35 TC 10" classname="Test Cases/Story 35 and 921 -Tambah Barang/35 TC 10" status="PASSED">
         <system-out><![CDATA[2018-07-18 17:08:19 - [TEST_CASE][PASSED] - Test Cases/Story 35 and 921 -Tambah Barang/35 TC 10: Test Cases/Story 35 and 921 -Tambah Barang/35 TC 10

2018-07-18 17:08:19 - [TEST_STEP][PASSED] - comment: Check mandatory field Stok Rendah

2018-07-18 17:08:19 - [TEST_STEP][PASSED] - scrollToText: Scrolling to text 'Pilih Supplier' successfully

2018-07-18 17:08:28 - [MESSAGE][PASSED] - Scrolling to text 'Pilih Supplier' successfully

2018-07-18 17:08:28 - [TEST_STEP][PASSED] - waitForElementPresent: Element 'Object Repository/Sidebar Menu/Produk/Tambah Barang/Stock Rendah - Field' is present

2018-07-18 17:08:34 - [MESSAGE][PASSED] - Element 'Object Repository/Sidebar Menu/Produk/Tambah Barang/Stock Rendah - Field' is present

2018-07-18 17:08:34 - [TEST_STEP][PASSED] - verifyElementAttributeValue: Object 'Object Repository/Sidebar Menu/Produk/Tambah Barang/Stock Rendah - Field' has attribute 'content-desc' with value 'productStockMinimumTextInput'

2018-07-18 17:08:42 - [MESSAGE][PASSED] - Object 'Object Repository/Sidebar Menu/Produk/Tambah Barang/Stock Rendah - Field' has attribute 'content-desc' with value 'productStockMinimumTextInput'

2018-07-18 17:08:42 - [TEST_STEP][PASSED] - clearText: Element 'Object Repository/Sidebar Menu/Produk/Tambah Barang/Stock Rendah - Field' text is cleared

2018-07-18 17:08:53 - [MESSAGE][PASSED] - Element 'Object Repository/Sidebar Menu/Produk/Tambah Barang/Stock Rendah - Field' text is cleared

2018-07-18 17:08:53 - [TEST_STEP][PASSED] - setText: Text '0' has been set to element 'Object Repository/Sidebar Menu/Produk/Tambah Barang/Stock Rendah - Field'

2018-07-18 17:09:09 - [MESSAGE][PASSED] - Text '0' has been set to element 'Object Repository/Sidebar Menu/Produk/Tambah Barang/Stock Rendah - Field'

2018-07-18 17:09:09 - [TEST_STEP][PASSED] - hideKeyboard: Keyboard is hidden

2018-07-18 17:09:10 - [MESSAGE][PASSED] - Keyboard is hidden

2018-07-18 17:09:10 - [TEST_STEP][PASSED] - verifyElementText: Actual text and expected text of test object 'Object Repository/Sidebar Menu/Produk/Tambah Barang/Stock Rendah - Field' are matched.

2018-07-18 17:09:15 - [MESSAGE][PASSED] - Actual text and expected text of test object 'Object Repository/Sidebar Menu/Produk/Tambah Barang/Stock Rendah - Field' are matched.]]></system-out>
         <system-err><![CDATA[]]></system-err>
      </testcase>
      <testcase name="Test Cases/Story 35 and 921 -Tambah Barang/35 TC 11" classname="Test Cases/Story 35 and 921 -Tambah Barang/35 TC 11" status="PASSED">
         <system-out><![CDATA[2018-07-18 17:09:15 - [TEST_CASE][PASSED] - Test Cases/Story 35 and 921 -Tambah Barang/35 TC 11: Test Cases/Story 35 and 921 -Tambah Barang/35 TC 11

2018-07-18 17:09:15 - [TEST_STEP][PASSED] - comment: Validate the format of input Harga Beli and adjust the input into financial format 

2018-07-18 17:09:15 - [TEST_STEP][PASSED] - waitForElementPresent: Element 'Object Repository/Sidebar Menu/Produk/Tambah Barang/HargaBeli - TextInput' is present

2018-07-18 17:09:22 - [MESSAGE][PASSED] - Element 'Object Repository/Sidebar Menu/Produk/Tambah Barang/HargaBeli - TextInput' is present

2018-07-18 17:09:22 - [TEST_STEP][PASSED] - verifyElementAttributeValue: Object 'Object Repository/Sidebar Menu/Produk/Tambah Barang/HargaBeli - TextInput' has attribute 'content-desc' with value 'productPurchasePriceTextInput'

2018-07-18 17:09:30 - [MESSAGE][PASSED] - Object 'Object Repository/Sidebar Menu/Produk/Tambah Barang/HargaBeli - TextInput' has attribute 'content-desc' with value 'productPurchasePriceTextInput'

2018-07-18 17:09:30 - [TEST_STEP][PASSED] - setText: Text '20000' has been set to element 'Object Repository/Sidebar Menu/Produk/Tambah Barang/HargaBeli - TextInput'

2018-07-18 17:09:45 - [MESSAGE][PASSED] - Text '20000' has been set to element 'Object Repository/Sidebar Menu/Produk/Tambah Barang/HargaBeli - TextInput'

2018-07-18 17:09:45 - [TEST_STEP][PASSED] - hideKeyboard: Keyboard is hidden

2018-07-18 17:09:45 - [MESSAGE][PASSED] - Keyboard is hidden

2018-07-18 17:09:46 - [TEST_STEP][PASSED] - verifyElementText: Actual text and expected text of test object 'Object Repository/Sidebar Menu/Produk/Tambah Barang/HargaBeli - TextInput' are matched.

2018-07-18 17:09:51 - [MESSAGE][PASSED] - Actual text and expected text of test object 'Object Repository/Sidebar Menu/Produk/Tambah Barang/HargaBeli - TextInput' are matched.]]></system-out>
         <system-err><![CDATA[]]></system-err>
      </testcase>
      <testcase name="Test Cases/Story 35 and 921 -Tambah Barang/35 TC 12" classname="Test Cases/Story 35 and 921 -Tambah Barang/35 TC 12" status="PASSED">
         <system-out><![CDATA[2018-07-18 17:09:51 - [TEST_CASE][PASSED] - Test Cases/Story 35 and 921 -Tambah Barang/35 TC 12: Test Cases/Story 35 and 921 -Tambah Barang/35 TC 12

2018-07-18 17:09:51 - [TEST_STEP][PASSED] - comment: Input invalid format Harga Beli = 2k

2018-07-18 17:09:51 - [TEST_STEP][PASSED] - waitForElementPresent: Element 'Object Repository/Sidebar Menu/Produk/Tambah Barang/HargaBeli - TextInput' is present

2018-07-18 17:09:54 - [MESSAGE][PASSED] - Element 'Object Repository/Sidebar Menu/Produk/Tambah Barang/HargaBeli - TextInput' is present

2018-07-18 17:09:54 - [TEST_STEP][PASSED] - verifyElementAttributeValue: Object 'Object Repository/Sidebar Menu/Produk/Tambah Barang/HargaBeli - TextInput' has attribute 'content-desc' with value 'productPurchasePriceTextInput'

2018-07-18 17:09:59 - [MESSAGE][PASSED] - Object 'Object Repository/Sidebar Menu/Produk/Tambah Barang/HargaBeli - TextInput' has attribute 'content-desc' with value 'productPurchasePriceTextInput'

2018-07-18 17:09:59 - [TEST_STEP][PASSED] - clearText: Element 'Object Repository/Sidebar Menu/Produk/Tambah Barang/HargaBeli - TextInput' text is cleared

2018-07-18 17:10:06 - [MESSAGE][PASSED] - Element 'Object Repository/Sidebar Menu/Produk/Tambah Barang/HargaBeli - TextInput' text is cleared

2018-07-18 17:10:06 - [TEST_STEP][PASSED] - setText: Text '2k' has been set to element 'Object Repository/Sidebar Menu/Produk/Tambah Barang/HargaBeli - TextInput'

2018-07-18 17:10:22 - [MESSAGE][PASSED] - Text '2k' has been set to element 'Object Repository/Sidebar Menu/Produk/Tambah Barang/HargaBeli - TextInput'

2018-07-18 17:10:22 - [TEST_STEP][PASSED] - hideKeyboard: Keyboard is hidden

2018-07-18 17:10:23 - [MESSAGE][PASSED] - Keyboard is hidden

2018-07-18 17:10:23 - [TEST_STEP][PASSED] - verifyElementText: Actual text and expected text of test object 'Object Repository/Sidebar Menu/Produk/Tambah Barang/HargaBeli - TextInput' are matched.

2018-07-18 17:10:27 - [MESSAGE][PASSED] - Actual text and expected text of test object 'Object Repository/Sidebar Menu/Produk/Tambah Barang/HargaBeli - TextInput' are matched.]]></system-out>
         <system-err><![CDATA[]]></system-err>
      </testcase>
      <testcase name="Test Cases/Story 35 and 921 -Tambah Barang/35 TC 13" classname="Test Cases/Story 35 and 921 -Tambah Barang/35 TC 13" status="PASSED">
         <system-out><![CDATA[2018-07-18 17:10:27 - [TEST_CASE][PASSED] - Test Cases/Story 35 and 921 -Tambah Barang/35 TC 13: Test Cases/Story 35 and 921 -Tambah Barang/35 TC 13

2018-07-18 17:10:28 - [TEST_STEP][PASSED] - comment: Input valid data in Harga Beli

2018-07-18 17:10:28 - [TEST_STEP][PASSED] - waitForElementPresent: Element 'Object Repository/Sidebar Menu/Produk/Tambah Barang/HargaBeli - TextInput' is present

2018-07-18 17:10:31 - [MESSAGE][PASSED] - Element 'Object Repository/Sidebar Menu/Produk/Tambah Barang/HargaBeli - TextInput' is present

2018-07-18 17:10:31 - [TEST_STEP][PASSED] - verifyElementAttributeValue: Object 'Object Repository/Sidebar Menu/Produk/Tambah Barang/HargaBeli - TextInput' has attribute 'content-desc' with value 'productPurchasePriceTextInput'

2018-07-18 17:10:35 - [MESSAGE][PASSED] - Object 'Object Repository/Sidebar Menu/Produk/Tambah Barang/HargaBeli - TextInput' has attribute 'content-desc' with value 'productPurchasePriceTextInput'

2018-07-18 17:10:35 - [TEST_STEP][PASSED] - clearText: Element 'Object Repository/Sidebar Menu/Produk/Tambah Barang/HargaBeli - TextInput' text is cleared

2018-07-18 17:10:48 - [MESSAGE][PASSED] - Element 'Object Repository/Sidebar Menu/Produk/Tambah Barang/HargaBeli - TextInput' text is cleared

2018-07-18 17:10:48 - [TEST_STEP][PASSED] - setText: Text '60000' has been set to element 'Object Repository/Sidebar Menu/Produk/Tambah Barang/HargaBeli - TextInput'

2018-07-18 17:11:05 - [MESSAGE][PASSED] - Text '60000' has been set to element 'Object Repository/Sidebar Menu/Produk/Tambah Barang/HargaBeli - TextInput'

2018-07-18 17:11:05 - [TEST_STEP][PASSED] - hideKeyboard: Keyboard is hidden

2018-07-18 17:11:06 - [MESSAGE][PASSED] - Keyboard is hidden

2018-07-18 17:11:06 - [TEST_STEP][PASSED] - verifyElementText: Actual text and expected text of test object 'Object Repository/Sidebar Menu/Produk/Tambah Barang/HargaBeli - TextInput' are matched.

2018-07-18 17:11:11 - [MESSAGE][PASSED] - Actual text and expected text of test object 'Object Repository/Sidebar Menu/Produk/Tambah Barang/HargaBeli - TextInput' are matched.]]></system-out>
         <system-err><![CDATA[]]></system-err>
      </testcase>
      <testcase name="Test Cases/Story 35 and 921 -Tambah Barang/35 TC 14" classname="Test Cases/Story 35 and 921 -Tambah Barang/35 TC 14" status="PASSED">
         <system-out><![CDATA[2018-07-18 17:11:11 - [TEST_CASE][PASSED] - Test Cases/Story 35 and 921 -Tambah Barang/35 TC 14: Test Cases/Story 35 and 921 -Tambah Barang/35 TC 14

2018-07-18 17:11:11 - [TEST_STEP][PASSED] - comment: Validate the format of input Harga Jual and adjust the input into financial format 

2018-07-18 17:11:11 - [TEST_STEP][PASSED] - waitForElementPresent: Element 'Object Repository/Sidebar Menu/Produk/Tambah Barang/Harga Jual - TextBox' is present

2018-07-18 17:11:14 - [MESSAGE][PASSED] - Element 'Object Repository/Sidebar Menu/Produk/Tambah Barang/Harga Jual - TextBox' is present

2018-07-18 17:11:14 - [TEST_STEP][PASSED] - verifyElementAttributeValue: Object 'Object Repository/Sidebar Menu/Produk/Tambah Barang/Harga Jual - TextBox' has attribute 'content-desc' with value 'productSalePriceTextInput'

2018-07-18 17:11:23 - [MESSAGE][PASSED] - Object 'Object Repository/Sidebar Menu/Produk/Tambah Barang/Harga Jual - TextBox' has attribute 'content-desc' with value 'productSalePriceTextInput'

2018-07-18 17:11:23 - [TEST_STEP][PASSED] - setText: Text '20000' has been set to element 'Object Repository/Sidebar Menu/Produk/Tambah Barang/Harga Jual - TextBox'

2018-07-18 17:11:39 - [MESSAGE][PASSED] - Text '20000' has been set to element 'Object Repository/Sidebar Menu/Produk/Tambah Barang/Harga Jual - TextBox'

2018-07-18 17:11:39 - [TEST_STEP][PASSED] - hideKeyboard: Keyboard is hidden

2018-07-18 17:11:40 - [MESSAGE][PASSED] - Keyboard is hidden

2018-07-18 17:11:40 - [TEST_STEP][PASSED] - verifyElementText: Actual text and expected text of test object 'Object Repository/Sidebar Menu/Produk/Tambah Barang/Harga Jual - TextBox' are matched.

2018-07-18 17:11:45 - [MESSAGE][PASSED] - Actual text and expected text of test object 'Object Repository/Sidebar Menu/Produk/Tambah Barang/Harga Jual - TextBox' are matched.]]></system-out>
         <system-err><![CDATA[]]></system-err>
      </testcase>
      <testcase name="Test Cases/Story 35 and 921 -Tambah Barang/35 TC 15" classname="Test Cases/Story 35 and 921 -Tambah Barang/35 TC 15" status="PASSED">
         <system-out><![CDATA[2018-07-18 17:11:45 - [TEST_CASE][PASSED] - Test Cases/Story 35 and 921 -Tambah Barang/35 TC 15: Test Cases/Story 35 and 921 -Tambah Barang/35 TC 15

2018-07-18 17:11:45 - [TEST_STEP][PASSED] - comment: Input invalid format Harga Jual = 2k

2018-07-18 17:11:45 - [TEST_STEP][PASSED] - waitForElementPresent: Element 'Object Repository/Sidebar Menu/Produk/Tambah Barang/Harga Jual - TextBox' is present

2018-07-18 17:11:48 - [MESSAGE][PASSED] - Element 'Object Repository/Sidebar Menu/Produk/Tambah Barang/Harga Jual - TextBox' is present

2018-07-18 17:11:48 - [TEST_STEP][PASSED] - verifyElementAttributeValue: Object 'Object Repository/Sidebar Menu/Produk/Tambah Barang/Harga Jual - TextBox' has attribute 'content-desc' with value 'productSalePriceTextInput'

2018-07-18 17:11:52 - [MESSAGE][PASSED] - Object 'Object Repository/Sidebar Menu/Produk/Tambah Barang/Harga Jual - TextBox' has attribute 'content-desc' with value 'productSalePriceTextInput'

2018-07-18 17:11:52 - [TEST_STEP][PASSED] - clearText: Element 'Object Repository/Sidebar Menu/Produk/Tambah Barang/Harga Jual - TextBox' text is cleared

2018-07-18 17:12:00 - [MESSAGE][PASSED] - Element 'Object Repository/Sidebar Menu/Produk/Tambah Barang/Harga Jual - TextBox' text is cleared

2018-07-18 17:12:00 - [TEST_STEP][PASSED] - setText: Text '2k' has been set to element 'Object Repository/Sidebar Menu/Produk/Tambah Barang/Harga Jual - TextBox'

2018-07-18 17:12:19 - [MESSAGE][PASSED] - Text '2k' has been set to element 'Object Repository/Sidebar Menu/Produk/Tambah Barang/Harga Jual - TextBox'

2018-07-18 17:12:19 - [TEST_STEP][PASSED] - hideKeyboard: Keyboard is hidden

2018-07-18 17:12:20 - [MESSAGE][PASSED] - Keyboard is hidden

2018-07-18 17:12:20 - [TEST_STEP][PASSED] - verifyElementText: Actual text and expected text of test object 'Object Repository/Sidebar Menu/Produk/Tambah Barang/Harga Jual - TextBox' are matched.

2018-07-18 17:12:24 - [MESSAGE][PASSED] - Actual text and expected text of test object 'Object Repository/Sidebar Menu/Produk/Tambah Barang/Harga Jual - TextBox' are matched.]]></system-out>
         <system-err><![CDATA[]]></system-err>
      </testcase>
      <testcase name="Test Cases/Story 35 and 921 -Tambah Barang/35 TC 16" classname="Test Cases/Story 35 and 921 -Tambah Barang/35 TC 16" status="PASSED">
         <system-out><![CDATA[2018-07-18 17:12:24 - [TEST_CASE][PASSED] - Test Cases/Story 35 and 921 -Tambah Barang/35 TC 16: Test Cases/Story 35 and 921 -Tambah Barang/35 TC 16

2018-07-18 17:12:24 - [TEST_STEP][PASSED] - comment:  Check if Harga Jual equal or below Harga Beli

2018-07-18 17:12:24 - [TEST_STEP][PASSED] - waitForElementPresent: Element 'Object Repository/Sidebar Menu/Produk/Tambah Barang/Harga Jual - TextBox' is present

2018-07-18 17:12:28 - [MESSAGE][PASSED] - Element 'Object Repository/Sidebar Menu/Produk/Tambah Barang/Harga Jual - TextBox' is present

2018-07-18 17:12:28 - [TEST_STEP][PASSED] - verifyElementAttributeValue: Object 'Object Repository/Sidebar Menu/Produk/Tambah Barang/Harga Jual - TextBox' has attribute 'content-desc' with value 'productSalePriceTextInput'

2018-07-18 17:12:32 - [MESSAGE][PASSED] - Object 'Object Repository/Sidebar Menu/Produk/Tambah Barang/Harga Jual - TextBox' has attribute 'content-desc' with value 'productSalePriceTextInput'

2018-07-18 17:12:32 - [TEST_STEP][PASSED] - clearText: Element 'Object Repository/Sidebar Menu/Produk/Tambah Barang/Harga Jual - TextBox' text is cleared

2018-07-18 17:12:37 - [MESSAGE][PASSED] - Element 'Object Repository/Sidebar Menu/Produk/Tambah Barang/Harga Jual - TextBox' text is cleared

2018-07-18 17:12:37 - [TEST_STEP][PASSED] - setText: Text '60000' has been set to element 'Object Repository/Sidebar Menu/Produk/Tambah Barang/Harga Jual - TextBox'

2018-07-18 17:12:54 - [MESSAGE][PASSED] - Text '60000' has been set to element 'Object Repository/Sidebar Menu/Produk/Tambah Barang/Harga Jual - TextBox'

2018-07-18 17:12:54 - [TEST_STEP][PASSED] - hideKeyboard: Keyboard is hidden

2018-07-18 17:12:55 - [MESSAGE][PASSED] - Keyboard is hidden

2018-07-18 17:12:55 - [TEST_STEP][PASSED] - verifyElementText: Actual text and expected text of test object 'Object Repository/Sidebar Menu/Produk/Tambah Barang/Harga Jual - TextBox' are matched.

2018-07-18 17:13:00 - [MESSAGE][PASSED] - Actual text and expected text of test object 'Object Repository/Sidebar Menu/Produk/Tambah Barang/Harga Jual - TextBox' are matched.

2018-07-18 17:13:00 - [TEST_STEP][PASSED] - waitForElementPresent: Element 'Object Repository/Sidebar Menu/Produk/Tambah Barang/Simpan Button' is present

2018-07-18 17:13:04 - [MESSAGE][PASSED] - Element 'Object Repository/Sidebar Menu/Produk/Tambah Barang/Simpan Button' is present

2018-07-18 17:13:04 - [TEST_STEP][PASSED] - verifyElementAttributeValue: Object 'Object Repository/Sidebar Menu/Produk/Tambah Barang/Simpan Button' has attribute 'content-desc' with value 'productSubmitBtn'

2018-07-18 17:13:11 - [MESSAGE][PASSED] - Object 'Object Repository/Sidebar Menu/Produk/Tambah Barang/Simpan Button' has attribute 'content-desc' with value 'productSubmitBtn'

2018-07-18 17:13:11 - [TEST_STEP][PASSED] - tap: Tapped on element 'Object Repository/Sidebar Menu/Produk/Tambah Barang/Simpan Button'

2018-07-18 17:13:16 - [MESSAGE][PASSED] - Tapped on element 'Object Repository/Sidebar Menu/Produk/Tambah Barang/Simpan Button'

2018-07-18 17:13:16 - [TEST_STEP][PASSED] - Statement - ErMsg = com.kms.katalon.core.mobile.keyword.MobileBuiltInKeywords.getText(com.kms.katalon.core.testobject.ObjectRepository.findTestObject(Sidebar Menu/Produk/Tambah Barang/ErMsg1 - Harga Jual), G_ShortTimeOut): Text of element 'Object Repository/Sidebar Menu/Produk/Tambah Barang/ErMsg1 - Harga Jual' is: 'Harga jual sama/lebih rendah dari harga beli.'

2018-07-18 17:13:21 - [MESSAGE][PASSED] - Text of element 'Object Repository/Sidebar Menu/Produk/Tambah Barang/ErMsg1 - Harga Jual' is: 'Harga jual sama/lebih rendah dari harga beli.'

2018-07-18 17:13:21 - [TEST_STEP][PASSED] - verifyEqual: Actual object 'Harga jual sama/lebih rendah dari harga beli.' and expected object 'Harga jual sama/lebih rendah dari harga beli.' are equal

2018-07-18 17:13:21 - [MESSAGE][PASSED] - Actual object 'Harga jual sama/lebih rendah dari harga beli.' and expected object 'Harga jual sama/lebih rendah dari harga beli.' are equal]]></system-out>
         <system-err><![CDATA[]]></system-err>
      </testcase>
      <testcase name="Test Cases/Story 35 and 921 -Tambah Barang/35 TC 17" classname="Test Cases/Story 35 and 921 -Tambah Barang/35 TC 17" status="FAILED">
         <failure type="FAILED" message="Unable to verify equal between actual object 'Mohon diisi' and expected object 'Silahkan isi harga jual terlebih dahulu' (Root cause: Actual object 'Mohon diisi' and expected object 'Silahkan isi harga jual terlebih dahulu' are not equal)"/>
         <system-out><![CDATA[2018-07-18 17:13:21 - [TEST_CASE][FAILED] - Test Cases/Story 35 and 921 -Tambah Barang/35 TC 17: Test Cases/Story 35 and 921 -Tambah Barang/35 TC 17 FAILED because (of) Unable to verify equal between actual object 'Mohon diisi' and expected object 'Silahkan isi harga jual terlebih dahulu' (Root cause: Actual object 'Mohon diisi' and expected object 'Silahkan isi harga jual terlebih dahulu' are not equal)

2018-07-18 17:13:21 - [TEST_STEP][PASSED] - comment: Add discount by Nominal (Rp.) without input Harga Jual

2018-07-18 17:13:21 - [TEST_STEP][PASSED] - waitForElementPresent: Element 'Object Repository/Sidebar Menu/Produk/Tambah Barang/Harga Jual - TextBox' is present

2018-07-18 17:13:24 - [MESSAGE][PASSED] - Element 'Object Repository/Sidebar Menu/Produk/Tambah Barang/Harga Jual - TextBox' is present

2018-07-18 17:13:24 - [TEST_STEP][PASSED] - verifyElementAttributeValue: Object 'Object Repository/Sidebar Menu/Produk/Tambah Barang/Harga Jual - TextBox' has attribute 'content-desc' with value 'productSalePriceTextInput'

2018-07-18 17:13:32 - [MESSAGE][PASSED] - Object 'Object Repository/Sidebar Menu/Produk/Tambah Barang/Harga Jual - TextBox' has attribute 'content-desc' with value 'productSalePriceTextInput'

2018-07-18 17:13:32 - [TEST_STEP][PASSED] - clearText: Element 'Object Repository/Sidebar Menu/Produk/Tambah Barang/Harga Jual - TextBox' text is cleared

2018-07-18 17:13:38 - [MESSAGE][PASSED] - Element 'Object Repository/Sidebar Menu/Produk/Tambah Barang/Harga Jual - TextBox' text is cleared

2018-07-18 17:13:38 - [TEST_STEP][PASSED] - hideKeyboard: Keyboard is hidden

2018-07-18 17:13:38 - [MESSAGE][PASSED] - Keyboard is hidden

2018-07-18 17:13:38 - [TEST_STEP][PASSED] - waitForElementPresent: Element 'Object Repository/Sidebar Menu/Produk/Tambah Barang/Nominal Diskon- TextBox' is present

2018-07-18 17:13:42 - [MESSAGE][PASSED] - Element 'Object Repository/Sidebar Menu/Produk/Tambah Barang/Nominal Diskon- TextBox' is present

2018-07-18 17:13:42 - [TEST_STEP][PASSED] - verifyElementAttributeValue: Object 'Object Repository/Sidebar Menu/Produk/Tambah Barang/Nominal Diskon- TextBox' has attribute 'content-desc' with value 'productDiscountNominalTextInput'

2018-07-18 17:13:49 - [MESSAGE][PASSED] - Object 'Object Repository/Sidebar Menu/Produk/Tambah Barang/Nominal Diskon- TextBox' has attribute 'content-desc' with value 'productDiscountNominalTextInput'

2018-07-18 17:13:49 - [TEST_STEP][PASSED] - setText: Text '2000' has been set to element 'Object Repository/Sidebar Menu/Produk/Tambah Barang/Nominal Diskon- TextBox'

2018-07-18 17:14:16 - [MESSAGE][PASSED] - Text '2000' has been set to element 'Object Repository/Sidebar Menu/Produk/Tambah Barang/Nominal Diskon- TextBox'

2018-07-18 17:14:16 - [TEST_STEP][PASSED] - hideKeyboard: Keyboard is hidden

2018-07-18 17:14:17 - [MESSAGE][PASSED] - Keyboard is hidden

2018-07-18 17:14:17 - [TEST_STEP][PASSED] - Statement - ErMsg = com.kms.katalon.core.mobile.keyword.MobileBuiltInKeywords.getText(com.kms.katalon.core.testobject.ObjectRepository.findTestObject(Sidebar Menu/Produk/Tambah Barang/Error Message - Harga Jual field), G_ShortTimeOut): Text of element 'Object Repository/Sidebar Menu/Produk/Tambah Barang/Error Message - Harga Jual field' is: 'Mohon diisi'

2018-07-18 17:14:23 - [MESSAGE][PASSED] - Text of element 'Object Repository/Sidebar Menu/Produk/Tambah Barang/Error Message - Harga Jual field' is: 'Mohon diisi'

2018-07-18 17:14:23 - [TEST_STEP][PASSED] - verifyEqual: Actual object 'Mohon diisi' and expected object 'Mohon diisi' are equal

2018-07-18 17:14:23 - [MESSAGE][PASSED] - Actual object 'Mohon diisi' and expected object 'Mohon diisi' are equal

2018-07-18 17:14:23 - [TEST_STEP][PASSED] - Statement - EMsg = com.kms.katalon.core.mobile.keyword.MobileBuiltInKeywords.getText(com.kms.katalon.core.testobject.ObjectRepository.findTestObject(Sidebar Menu/Produk/Tambah Barang/Error Message 1 - Nominal Diskon), G_ShortTimeOut): Text of element 'Object Repository/Sidebar Menu/Produk/Tambah Barang/Error Message 1 - Nominal Diskon' is: 'Silahkan isi harga jual terlebih dahulu'

2018-07-18 17:14:27 - [MESSAGE][PASSED] - Text of element 'Object Repository/Sidebar Menu/Produk/Tambah Barang/Error Message 1 - Nominal Diskon' is: 'Silahkan isi harga jual terlebih dahulu'

2018-07-18 17:14:27 - [TEST_STEP][FAILED] - verifyEqual: Unable to verify equal between actual object 'Mohon diisi' and expected object 'Silahkan isi harga jual terlebih dahulu' (Root cause: Actual object 'Mohon diisi' and expected object 'Silahkan isi harga jual terlebih dahulu' are not equal)

2018-07-18 17:14:27 - [MESSAGE][FAILED] - Unable to verify equal between actual object 'Mohon diisi' and expected object 'Silahkan isi harga jual terlebih dahulu' (Root cause: Actual object 'Mohon diisi' and expected object 'Silahkan isi harga jual terlebih dahulu' are not equal)]]></system-out>
         <system-err><![CDATA[2018-07-18 17:13:21 - [TEST_CASE][FAILED] - Test Cases/Story 35 and 921 -Tambah Barang/35 TC 17: Test Cases/Story 35 and 921 -Tambah Barang/35 TC 17 FAILED because (of) Unable to verify equal between actual object 'Mohon diisi' and expected object 'Silahkan isi harga jual terlebih dahulu' (Root cause: Actual object 'Mohon diisi' and expected object 'Silahkan isi harga jual terlebih dahulu' are not equal)]]></system-err>
      </testcase>
      <testcase name="Test Cases/Story 35 and 921 -Tambah Barang/35 TC 18" classname="Test Cases/Story 35 and 921 -Tambah Barang/35 TC 18" status="PASSED">
         <system-out><![CDATA[2018-07-18 17:14:27 - [TEST_CASE][PASSED] - Test Cases/Story 35 and 921 -Tambah Barang/35 TC 18: Test Cases/Story 35 and 921 -Tambah Barang/35 TC 18

2018-07-18 17:14:27 - [TEST_STEP][PASSED] - comment: Input valid data in Harga Jual

2018-07-18 17:14:27 - [TEST_STEP][PASSED] - waitForElementPresent: Element 'Object Repository/Sidebar Menu/Produk/Tambah Barang/Harga Jual - TextBox' is present

2018-07-18 17:14:29 - [MESSAGE][PASSED] - Element 'Object Repository/Sidebar Menu/Produk/Tambah Barang/Harga Jual - TextBox' is present

2018-07-18 17:14:29 - [TEST_STEP][PASSED] - verifyElementAttributeValue: Object 'Object Repository/Sidebar Menu/Produk/Tambah Barang/Harga Jual - TextBox' has attribute 'content-desc' with value 'productSalePriceTextInput'

2018-07-18 17:14:39 - [MESSAGE][PASSED] - Object 'Object Repository/Sidebar Menu/Produk/Tambah Barang/Harga Jual - TextBox' has attribute 'content-desc' with value 'productSalePriceTextInput'

2018-07-18 17:14:39 - [TEST_STEP][PASSED] - setText: Text '65000' has been set to element 'Object Repository/Sidebar Menu/Produk/Tambah Barang/Harga Jual - TextBox'

2018-07-18 17:15:01 - [MESSAGE][PASSED] - Text '65000' has been set to element 'Object Repository/Sidebar Menu/Produk/Tambah Barang/Harga Jual - TextBox'

2018-07-18 17:15:01 - [TEST_STEP][PASSED] - hideKeyboard: Keyboard is hidden

2018-07-18 17:15:03 - [MESSAGE][PASSED] - Keyboard is hidden

2018-07-18 17:15:03 - [TEST_STEP][PASSED] - verifyElementText: Actual text and expected text of test object 'Object Repository/Sidebar Menu/Produk/Tambah Barang/Harga Jual - TextBox' are matched.

2018-07-18 17:15:07 - [MESSAGE][PASSED] - Actual text and expected text of test object 'Object Repository/Sidebar Menu/Produk/Tambah Barang/Harga Jual - TextBox' are matched.]]></system-out>
         <system-err><![CDATA[]]></system-err>
      </testcase>
      <testcase name="Test Cases/Story 35 and 921 -Tambah Barang/35 TC 19" classname="Test Cases/Story 35 and 921 -Tambah Barang/35 TC 19" status="PASSED">
         <system-out><![CDATA[2018-07-18 17:15:07 - [TEST_CASE][PASSED] - Test Cases/Story 35 and 921 -Tambah Barang/35 TC 19: Test Cases/Story 35 and 921 -Tambah Barang/35 TC 19

2018-07-18 17:15:07 - [TEST_STEP][PASSED] - comment: Tambah Produk with add discount from Nominal > HargaJual

2018-07-18 17:15:07 - [TEST_STEP][PASSED] - waitForElementPresent: Element 'Object Repository/Sidebar Menu/Produk/Tambah Barang/Nominal Diskon- TextBox' is present

2018-07-18 17:15:10 - [MESSAGE][PASSED] - Element 'Object Repository/Sidebar Menu/Produk/Tambah Barang/Nominal Diskon- TextBox' is present

2018-07-18 17:15:10 - [TEST_STEP][PASSED] - verifyElementAttributeValue: Object 'Object Repository/Sidebar Menu/Produk/Tambah Barang/Nominal Diskon- TextBox' has attribute 'content-desc' with value 'productDiscountNominalTextInput'

2018-07-18 17:15:14 - [MESSAGE][PASSED] - Object 'Object Repository/Sidebar Menu/Produk/Tambah Barang/Nominal Diskon- TextBox' has attribute 'content-desc' with value 'productDiscountNominalTextInput'

2018-07-18 17:15:14 - [TEST_STEP][PASSED] - setText: Text '90000' has been set to element 'Object Repository/Sidebar Menu/Produk/Tambah Barang/Nominal Diskon- TextBox'

2018-07-18 17:15:41 - [MESSAGE][PASSED] - Text '90000' has been set to element 'Object Repository/Sidebar Menu/Produk/Tambah Barang/Nominal Diskon- TextBox'

2018-07-18 17:15:41 - [TEST_STEP][PASSED] - hideKeyboard: Keyboard is hidden

2018-07-18 17:15:42 - [MESSAGE][PASSED] - Keyboard is hidden

2018-07-18 17:15:42 - [TEST_STEP][PASSED] - verifyElementText: Actual text and expected text of test object 'Object Repository/Sidebar Menu/Produk/Tambah Barang/Nominal Diskon- TextBox' are matched.

2018-07-18 17:15:46 - [MESSAGE][PASSED] - Actual text and expected text of test object 'Object Repository/Sidebar Menu/Produk/Tambah Barang/Nominal Diskon- TextBox' are matched.

2018-07-18 17:15:46 - [TEST_STEP][PASSED] - Statement - ErMsg = com.kms.katalon.core.mobile.keyword.MobileBuiltInKeywords.getText(com.kms.katalon.core.testobject.ObjectRepository.findTestObject(Sidebar Menu/Produk/Tambah Barang/Error Message - Nominal Diskon), G_ShortTimeOut): Text of element 'Object Repository/Sidebar Menu/Produk/Tambah Barang/Error Message - Nominal Diskon' is: 'Tidak boleh melebihi harga jual'

2018-07-18 17:15:50 - [MESSAGE][PASSED] - Text of element 'Object Repository/Sidebar Menu/Produk/Tambah Barang/Error Message - Nominal Diskon' is: 'Tidak boleh melebihi harga jual'

2018-07-18 17:15:50 - [TEST_STEP][PASSED] - verifyEqual: Actual object 'Tidak boleh melebihi harga jual' and expected object 'Tidak boleh melebihi harga jual' are equal

2018-07-18 17:15:50 - [MESSAGE][PASSED] - Actual object 'Tidak boleh melebihi harga jual' and expected object 'Tidak boleh melebihi harga jual' are equal]]></system-out>
         <system-err><![CDATA[]]></system-err>
      </testcase>
      <testcase name="Test Cases/Story 35 and 921 -Tambah Barang/35 TC 20" classname="Test Cases/Story 35 and 921 -Tambah Barang/35 TC 20" status="PASSED">
         <system-out><![CDATA[2018-07-18 17:15:50 - [TEST_CASE][PASSED] - Test Cases/Story 35 and 921 -Tambah Barang/35 TC 20: Test Cases/Story 35 and 921 -Tambah Barang/35 TC 20

2018-07-18 17:15:50 - [TEST_STEP][PASSED] - comment: Tambah Produk with add discount from Nominal

2018-07-18 17:15:50 - [TEST_STEP][PASSED] - waitForElementPresent: Element 'Object Repository/Sidebar Menu/Produk/Tambah Barang/Nominal Diskon- TextBox' is present

2018-07-18 17:15:54 - [MESSAGE][PASSED] - Element 'Object Repository/Sidebar Menu/Produk/Tambah Barang/Nominal Diskon- TextBox' is present

2018-07-18 17:15:54 - [TEST_STEP][PASSED] - verifyElementAttributeValue: Object 'Object Repository/Sidebar Menu/Produk/Tambah Barang/Nominal Diskon- TextBox' has attribute 'content-desc' with value 'productDiscountNominalTextInput'

2018-07-18 17:15:58 - [MESSAGE][PASSED] - Object 'Object Repository/Sidebar Menu/Produk/Tambah Barang/Nominal Diskon- TextBox' has attribute 'content-desc' with value 'productDiscountNominalTextInput'

2018-07-18 17:15:58 - [TEST_STEP][PASSED] - clearText: Element 'Object Repository/Sidebar Menu/Produk/Tambah Barang/Nominal Diskon- TextBox' text is cleared

2018-07-18 17:16:06 - [MESSAGE][PASSED] - Element 'Object Repository/Sidebar Menu/Produk/Tambah Barang/Nominal Diskon- TextBox' text is cleared

2018-07-18 17:16:06 - [TEST_STEP][PASSED] - setText: Text '2000' has been set to element 'Object Repository/Sidebar Menu/Produk/Tambah Barang/Nominal Diskon- TextBox'

2018-07-18 17:16:25 - [MESSAGE][PASSED] - Text '2000' has been set to element 'Object Repository/Sidebar Menu/Produk/Tambah Barang/Nominal Diskon- TextBox'

2018-07-18 17:16:25 - [TEST_STEP][PASSED] - hideKeyboard: Keyboard is hidden

2018-07-18 17:16:26 - [MESSAGE][PASSED] - Keyboard is hidden

2018-07-18 17:16:26 - [TEST_STEP][PASSED] - verifyElementText: Actual text and expected text of test object 'Object Repository/Sidebar Menu/Produk/Tambah Barang/Nominal Diskon- TextBox' are matched.

2018-07-18 17:16:30 - [MESSAGE][PASSED] - Actual text and expected text of test object 'Object Repository/Sidebar Menu/Produk/Tambah Barang/Nominal Diskon- TextBox' are matched.]]></system-out>
         <system-err><![CDATA[]]></system-err>
      </testcase>
      <testcase name="Test Cases/Story 35 and 921 -Tambah Barang/35 TC 21" classname="Test Cases/Story 35 and 921 -Tambah Barang/35 TC 21" status="PASSED">
         <system-out><![CDATA[2018-07-18 17:16:30 - [TEST_CASE][PASSED] - Test Cases/Story 35 and 921 -Tambah Barang/35 TC 21: Test Cases/Story 35 and 921 -Tambah Barang/35 TC 21

2018-07-18 17:16:31 - [TEST_STEP][PASSED] - comment: Add discount by Percentage (%) - more than 4 char

2018-07-18 17:16:31 - [TEST_STEP][PASSED] - waitForElementPresent: Element 'Object Repository/Sidebar Menu/Produk/Tambah Barang/Persentase Diskon - TextBox' is present

2018-07-18 17:16:34 - [MESSAGE][PASSED] - Element 'Object Repository/Sidebar Menu/Produk/Tambah Barang/Persentase Diskon - TextBox' is present

2018-07-18 17:16:34 - [TEST_STEP][PASSED] - clearText: Element 'Object Repository/Sidebar Menu/Produk/Tambah Barang/Persentase Diskon - TextBox' text is cleared

2018-07-18 17:16:42 - [MESSAGE][PASSED] - Element 'Object Repository/Sidebar Menu/Produk/Tambah Barang/Persentase Diskon - TextBox' text is cleared

2018-07-18 17:16:42 - [TEST_STEP][PASSED] - setText: Text '12345' has been set to element 'Object Repository/Sidebar Menu/Produk/Tambah Barang/Persentase Diskon - TextBox'

2018-07-18 17:17:04 - [MESSAGE][PASSED] - Text '12345' has been set to element 'Object Repository/Sidebar Menu/Produk/Tambah Barang/Persentase Diskon - TextBox'

2018-07-18 17:17:04 - [TEST_STEP][PASSED] - hideKeyboard: Keyboard is hidden

2018-07-18 17:17:05 - [MESSAGE][PASSED] - Keyboard is hidden

2018-07-18 17:17:06 - [TEST_STEP][PASSED] - verifyElementText: Actual text and expected text of test object 'Object Repository/Sidebar Menu/Produk/Tambah Barang/Persentase Diskon - TextBox' are matched.

2018-07-18 17:17:10 - [MESSAGE][PASSED] - Actual text and expected text of test object 'Object Repository/Sidebar Menu/Produk/Tambah Barang/Persentase Diskon - TextBox' are matched.]]></system-out>
         <system-err><![CDATA[]]></system-err>
      </testcase>
      <testcase name="Test Cases/Story 35 and 921 -Tambah Barang/35 TC 22" classname="Test Cases/Story 35 and 921 -Tambah Barang/35 TC 22" status="PASSED">
         <system-out><![CDATA[2018-07-18 17:17:10 - [TEST_CASE][PASSED] - Test Cases/Story 35 and 921 -Tambah Barang/35 TC 22: Test Cases/Story 35 and 921 -Tambah Barang/35 TC 22

2018-07-18 17:17:10 - [TEST_STEP][PASSED] - comment: Add discount by Percentage (%) - 4 Digit char

2018-07-18 17:17:10 - [TEST_STEP][PASSED] - waitForElementPresent: Element 'Object Repository/Sidebar Menu/Produk/Tambah Barang/Persentase Diskon - TextBox' is present

2018-07-18 17:17:14 - [MESSAGE][PASSED] - Element 'Object Repository/Sidebar Menu/Produk/Tambah Barang/Persentase Diskon - TextBox' is present

2018-07-18 17:17:14 - [TEST_STEP][PASSED] - clearText: Element 'Object Repository/Sidebar Menu/Produk/Tambah Barang/Persentase Diskon - TextBox' text is cleared

2018-07-18 17:17:20 - [MESSAGE][PASSED] - Element 'Object Repository/Sidebar Menu/Produk/Tambah Barang/Persentase Diskon - TextBox' text is cleared

2018-07-18 17:17:20 - [TEST_STEP][PASSED] - setText: Text '2367' has been set to element 'Object Repository/Sidebar Menu/Produk/Tambah Barang/Persentase Diskon - TextBox'

2018-07-18 17:17:38 - [MESSAGE][PASSED] - Text '2367' has been set to element 'Object Repository/Sidebar Menu/Produk/Tambah Barang/Persentase Diskon - TextBox'

2018-07-18 17:17:38 - [TEST_STEP][PASSED] - hideKeyboard: Keyboard is hidden

2018-07-18 17:17:39 - [MESSAGE][PASSED] - Keyboard is hidden

2018-07-18 17:17:39 - [TEST_STEP][PASSED] - verifyElementText: Actual text and expected text of test object 'Object Repository/Sidebar Menu/Produk/Tambah Barang/Persentase Diskon - TextBox' are matched.

2018-07-18 17:17:44 - [MESSAGE][PASSED] - Actual text and expected text of test object 'Object Repository/Sidebar Menu/Produk/Tambah Barang/Persentase Diskon - TextBox' are matched.]]></system-out>
         <system-err><![CDATA[]]></system-err>
      </testcase>
      <testcase name="Test Cases/Story 35 and 921 -Tambah Barang/35 TC 23" classname="Test Cases/Story 35 and 921 -Tambah Barang/35 TC 23" status="PASSED">
         <system-out><![CDATA[2018-07-18 17:17:44 - [TEST_CASE][PASSED] - Test Cases/Story 35 and 921 -Tambah Barang/35 TC 23: Test Cases/Story 35 and 921 -Tambah Barang/35 TC 23

2018-07-18 17:17:44 - [TEST_STEP][PASSED] - comment: Add discount by Percentage (%) - 3 Digit

2018-07-18 17:17:44 - [TEST_STEP][PASSED] - waitForElementPresent: Element 'Object Repository/Sidebar Menu/Produk/Tambah Barang/Persentase Diskon - TextBox' is present

2018-07-18 17:17:47 - [MESSAGE][PASSED] - Element 'Object Repository/Sidebar Menu/Produk/Tambah Barang/Persentase Diskon - TextBox' is present

2018-07-18 17:17:47 - [TEST_STEP][PASSED] - clearText: Element 'Object Repository/Sidebar Menu/Produk/Tambah Barang/Persentase Diskon - TextBox' text is cleared

2018-07-18 17:17:54 - [MESSAGE][PASSED] - Element 'Object Repository/Sidebar Menu/Produk/Tambah Barang/Persentase Diskon - TextBox' text is cleared

2018-07-18 17:17:54 - [TEST_STEP][PASSED] - setText: Text '123' has been set to element 'Object Repository/Sidebar Menu/Produk/Tambah Barang/Persentase Diskon - TextBox'

2018-07-18 17:18:10 - [MESSAGE][PASSED] - Text '123' has been set to element 'Object Repository/Sidebar Menu/Produk/Tambah Barang/Persentase Diskon - TextBox'

2018-07-18 17:18:10 - [TEST_STEP][PASSED] - hideKeyboard: Keyboard is hidden

2018-07-18 17:18:11 - [MESSAGE][PASSED] - Keyboard is hidden

2018-07-18 17:18:11 - [TEST_STEP][PASSED] - verifyElementText: Actual text and expected text of test object 'Object Repository/Sidebar Menu/Produk/Tambah Barang/Persentase Diskon - TextBox' are matched.

2018-07-18 17:18:15 - [MESSAGE][PASSED] - Actual text and expected text of test object 'Object Repository/Sidebar Menu/Produk/Tambah Barang/Persentase Diskon - TextBox' are matched.]]></system-out>
         <system-err><![CDATA[]]></system-err>
      </testcase>
      <testcase name="Test Cases/Story 35 and 921 -Tambah Barang/35 TC 24" classname="Test Cases/Story 35 and 921 -Tambah Barang/35 TC 24" status="PASSED">
         <system-out><![CDATA[2018-07-18 17:18:15 - [TEST_CASE][PASSED] - Test Cases/Story 35 and 921 -Tambah Barang/35 TC 24: Test Cases/Story 35 and 921 -Tambah Barang/35 TC 24

2018-07-18 17:18:16 - [TEST_STEP][PASSED] - comment: Add discount by Percentage (%) - valid

2018-07-18 17:18:16 - [TEST_STEP][PASSED] - waitForElementPresent: Element 'Object Repository/Sidebar Menu/Produk/Tambah Barang/Persentase Diskon - TextBox' is present

2018-07-18 17:18:22 - [MESSAGE][PASSED] - Element 'Object Repository/Sidebar Menu/Produk/Tambah Barang/Persentase Diskon - TextBox' is present

2018-07-18 17:18:22 - [TEST_STEP][PASSED] - clearText: Element 'Object Repository/Sidebar Menu/Produk/Tambah Barang/Persentase Diskon - TextBox' text is cleared

2018-07-18 17:18:28 - [MESSAGE][PASSED] - Element 'Object Repository/Sidebar Menu/Produk/Tambah Barang/Persentase Diskon - TextBox' text is cleared

2018-07-18 17:18:28 - [TEST_STEP][PASSED] - setText: Text '10' has been set to element 'Object Repository/Sidebar Menu/Produk/Tambah Barang/Persentase Diskon - TextBox'

2018-07-18 17:18:45 - [MESSAGE][PASSED] - Text '10' has been set to element 'Object Repository/Sidebar Menu/Produk/Tambah Barang/Persentase Diskon - TextBox'

2018-07-18 17:18:45 - [TEST_STEP][PASSED] - hideKeyboard: Keyboard is hidden

2018-07-18 17:18:46 - [MESSAGE][PASSED] - Keyboard is hidden

2018-07-18 17:18:46 - [TEST_STEP][PASSED] - verifyElementText: Actual text and expected text of test object 'Object Repository/Sidebar Menu/Produk/Tambah Barang/Persentase Diskon - TextBox' are matched.

2018-07-18 17:18:50 - [MESSAGE][PASSED] - Actual text and expected text of test object 'Object Repository/Sidebar Menu/Produk/Tambah Barang/Persentase Diskon - TextBox' are matched.]]></system-out>
         <system-err><![CDATA[]]></system-err>
      </testcase>
      <testcase name="Test Cases/Story 35 and 921 -Tambah Barang/35 TC 25" classname="Test Cases/Story 35 and 921 -Tambah Barang/35 TC 25" status="PASSED">
         <system-out><![CDATA[2018-07-18 17:18:50 - [TEST_CASE][PASSED] - Test Cases/Story 35 and 921 -Tambah Barang/35 TC 25: Test Cases/Story 35 and 921 -Tambah Barang/35 TC 25

2018-07-18 17:18:51 - [TEST_STEP][PASSED] - comment: Save Product

2018-07-18 17:18:51 - [TEST_STEP][PASSED] - waitForElementPresent: Element 'Object Repository/Sidebar Menu/Produk/Tambah Barang/Simpan Button' is present

2018-07-18 17:18:54 - [MESSAGE][PASSED] - Element 'Object Repository/Sidebar Menu/Produk/Tambah Barang/Simpan Button' is present

2018-07-18 17:18:54 - [TEST_STEP][PASSED] - verifyElementAttributeValue: Object 'Object Repository/Sidebar Menu/Produk/Tambah Barang/Simpan Button' has attribute 'content-desc' with value 'productSubmitBtn'

2018-07-18 17:19:03 - [MESSAGE][PASSED] - Object 'Object Repository/Sidebar Menu/Produk/Tambah Barang/Simpan Button' has attribute 'content-desc' with value 'productSubmitBtn'

2018-07-18 17:19:03 - [TEST_STEP][PASSED] - tap: Tapped on element 'Object Repository/Sidebar Menu/Produk/Tambah Barang/Simpan Button'

2018-07-18 17:19:12 - [MESSAGE][PASSED] - Tapped on element 'Object Repository/Sidebar Menu/Produk/Tambah Barang/Simpan Button'

2018-07-18 17:19:12 - [TEST_STEP][NOT_RUN] - delay: NOT_RUN: delay

2018-07-18 17:19:12 - [MESSAGE][NOT_RUN] - NOT_RUN: delay

2018-07-18 17:19:12 - [TEST_STEP][NOT_RUN] - takeScreenshot: NOT_RUN: takeScreenshot

2018-07-18 17:19:12 - [MESSAGE][NOT_RUN] - NOT_RUN: takeScreenshot]]></system-out>
         <system-err><![CDATA[]]></system-err>
      </testcase>
      <testcase name="Test Cases/Story 35 and 921 -Tambah Barang/35 TC 26" classname="Test Cases/Story 35 and 921 -Tambah Barang/35 TC 26" status="FAILED">
         <failure type="FAILED" message="Failed to tap on element 'Object Repository/Sidebar Menu/Produk/Stock View/List Produk - Elemen 1' (Root cause: Object Object Repository/Sidebar Menu/Produk/Stock View/List Produk - Elemen 1 not found)"/>
         <system-out><![CDATA[2018-07-18 17:19:12 - [TEST_CASE][FAILED] - Test Cases/Story 35 and 921 -Tambah Barang/35 TC 26: Test Cases/Story 35 and 921 -Tambah Barang/35 TC 26 FAILED because (of) Failed to tap on element 'Object Repository/Sidebar Menu/Produk/Stock View/List Produk - Elemen 1' (Root cause: Object Object Repository/Sidebar Menu/Produk/Stock View/List Produk - Elemen 1 not found)

2018-07-18 17:19:12 - [TEST_STEP][PASSED] - comment: Mengecek Validasi

2018-07-18 17:19:12 - [TEST_STEP][PASSED] - waitForElementPresent: Element 'Object Repository/Sidebar Menu/Produk/Stock View/Cari nama produk - btn' is present

2018-07-18 17:19:16 - [MESSAGE][PASSED] - Element 'Object Repository/Sidebar Menu/Produk/Stock View/Cari nama produk - btn' is present

2018-07-18 17:19:16 - [TEST_STEP][PASSED] - verifyElementAttributeValue: Object 'Object Repository/Sidebar Menu/Produk/Stock View/Cari nama produk - btn' has attribute 'content-desc' with value 'productListComponent_textInput_search'

2018-07-18 17:19:20 - [MESSAGE][PASSED] - Object 'Object Repository/Sidebar Menu/Produk/Stock View/Cari nama produk - btn' has attribute 'content-desc' with value 'productListComponent_textInput_search'

2018-07-18 17:19:20 - [TEST_STEP][PASSED] - tap: Tapped on element 'Object Repository/Sidebar Menu/Produk/Stock View/Cari nama produk - btn'

2018-07-18 17:19:25 - [MESSAGE][PASSED] - Tapped on element 'Object Repository/Sidebar Menu/Produk/Stock View/Cari nama produk - btn'

2018-07-18 17:19:25 - [TEST_STEP][PASSED] - setText: Text 'MIMINO Bottle' has been set to element 'Object Repository/Sidebar Menu/Produk/Stock View/Cari nama produk - btn'

2018-07-18 17:19:48 - [MESSAGE][PASSED] - Text 'MIMINO Bottle' has been set to element 'Object Repository/Sidebar Menu/Produk/Stock View/Cari nama produk - btn'

2018-07-18 17:19:48 - [TEST_STEP][PASSED] - hideKeyboard: Keyboard is hidden

2018-07-18 17:19:51 - [MESSAGE][PASSED] - Keyboard is hidden

2018-07-18 17:19:51 - [TEST_STEP][PASSED] - waitForElementPresent: Object Object Repository/Sidebar Menu/Produk/Stock View/List Produk - Elemen 1 not found

2018-07-18 17:19:57 - [MESSAGE][WARNING] - Object Object Repository/Sidebar Menu/Produk/Stock View/List Produk - Elemen 1 not found

2018-07-18 17:19:57 - [TEST_STEP][PASSED] - verifyElementAttributeValue: Element 'Object Repository/Sidebar Menu/Produk/Stock View/List Produk - Elemen 1' not found

2018-07-18 17:19:59 - [MESSAGE][WARNING] - Element 'Object Repository/Sidebar Menu/Produk/Stock View/List Produk - Elemen 1' not found

2018-07-18 17:19:59 - [TEST_STEP][FAILED] - tap: Failed to tap on element 'Object Repository/Sidebar Menu/Produk/Stock View/List Produk - Elemen 1' (Root cause: Object Object Repository/Sidebar Menu/Produk/Stock View/List Produk - Elemen 1 not found)

2018-07-18 17:20:06 - [MESSAGE][FAILED] - Object Object Repository/Sidebar Menu/Produk/Stock View/List Produk - Elemen 1 not found
[[ATTACHMENT|C:\\Users\\AV2017005903\\Documents\\apollo-automation\\Reports\\Story 35 - Tambah Barang\\20180718_165334\\1531909204810.png]]

2018-07-18 17:20:07 - [MESSAGE][FAILED] - Failed to tap on element 'Object Repository/Sidebar Menu/Produk/Stock View/List Produk - Elemen 1' (Root cause: Object Object Repository/Sidebar Menu/Produk/Stock View/List Produk - Elemen 1 not found)
[[ATTACHMENT|C:\\Users\\AV2017005903\\Documents\\apollo-automation\\Reports\\Story 35 - Tambah Barang\\20180718_165334\\1531909206483.png]]]]></system-out>
         <system-err><![CDATA[2018-07-18 17:19:12 - [TEST_CASE][FAILED] - Test Cases/Story 35 and 921 -Tambah Barang/35 TC 26: Test Cases/Story 35 and 921 -Tambah Barang/35 TC 26 FAILED because (of) Failed to tap on element 'Object Repository/Sidebar Menu/Produk/Stock View/List Produk - Elemen 1' (Root cause: Object Object Repository/Sidebar Menu/Produk/Stock View/List Produk - Elemen 1 not found)]]></system-err>
      </testcase>
      <system-out><![CDATA[2018-07-18 16:53:41 - [TEST_SUITE][FAILED] - Story 35 - Tambah Barang: Test Cases/Story 35 and 921 -Tambah Barang/35 TC 17 FAILED because (of) Unable to verify equal between actual object 'Mohon diisi' and expected object 'Silahkan isi harga jual terlebih dahulu' (Root cause: Actual object 'Mohon diisi' and expected object 'Silahkan isi harga jual terlebih dahulu' are not equal)]]></system-out>
      <system-err><![CDATA[2018-07-18 16:53:41 - [TEST_SUITE][FAILED] - Story 35 - Tambah Barang: Test Cases/Story 35 and 921 -Tambah Barang/35 TC 17 FAILED because (of) Unable to verify equal between actual object 'Mohon diisi' and expected object 'Silahkan isi harga jual terlebih dahulu' (Root cause: Actual object 'Mohon diisi' and expected object 'Silahkan isi harga jual terlebih dahulu' are not equal)]]></system-err>
   </testsuite>
</testsuites>
