<?xml version="1.0" encoding="UTF-8"?>
<testsuites name="Story 1798 - Pengaturan Toko screen" time="854" tests="3" failures="0" errors="0">
   <testsuite name="Story 1798 - Pengaturan Toko screen" tests="3" failures="0" errors="0" time="854" timestamp="2018-09-07 11:53:28" hostname="AV2017005903 - NBMP18A211ITSQA.corp.bankbtpn.co.id" id="Test Suites/Story 1798 - Pengaturan Toko screen">
      <properties>
         <property name="deviceName" value="OPPO A37f (Android 5.1.1)"/>
         <property name="devicePlatform" value=""/>
         <property name="logFolder" value="C:\\Users\\AV2017005903\\Documents\\apollo-automation\\Reports\\Story 1798 - Pengaturan Toko screen\\20180907_115314"/>
         <property name="logFiles" value="C:\\Users\\AV2017005903\\Documents\\apollo-automation\\Reports\\Story 1798 - Pengaturan Toko screen\\20180907_115314\\appium.log, C:\\Users\\AV2017005903\\Documents\\apollo-automation\\Reports\\Story 1798 - Pengaturan Toko screen\\20180907_115314\\execution0.log"/>
         <property name="attachments" value=""/>
         <property name="hostName" value="AV2017005903 - NBMP18A211ITSQA.corp.bankbtpn.co.id"/>
         <property name="os" value="Windows 10 64bit"/>
         <property name="katalonVersion" value="5.6.0.1"/>
         <property name="deviceOS" value="Android"/>
         <property name="appiumVersion" value="1.8.1"/>
         <property name="deviceModel" value="A37f"/>
         <property name="hostAddress" value="192.168.62.1"/>
         <property name="deviceManufacturer" value="OPPO"/>
         <property name="deviceId" value="6e4df14"/>
         <property name="deviceName" value="OPPO A37f (Android 5.1.1)"/>
         <property name="deviceOSVersion" value="5.1.1"/>
      </properties>
      <testcase name="Test Cases/Release 3 - Squad Hades/Sprint 1/Story 1798 - Pengaturan Toko screen/TC 1- View Pengaturan Toko screen and check contain" classname="Test Cases/Release 3 - Squad Hades/Sprint 1/Story 1798 - Pengaturan Toko screen/TC 1- View Pengaturan Toko screen and check contain" status="PASSED">
         <system-out><![CDATA[2018-09-07 11:53:28 - [TEST_CASE][PASSED] - Test Cases/Release 3 - Squad Hades/Sprint 1/Story 1798 - Pengaturan Toko screen/TC 1- View Pengaturan Toko screen and check contain: Test Cases/Release 3 - Squad Hades/Sprint 1/Story 1798 - Pengaturan Toko screen/TC 1- View Pengaturan Toko screen and check contain

2018-09-07 11:53:29 - [TEST_STEP][PASSED] - comment: View Pengaturan Toko

2018-09-07 11:53:29 - [TEST_STEP][PASSED] - comment: Start Login Test Case

2018-09-07 11:53:29 - [TEST_STEP][PASSED] - Statement - apkPath = apkName: null

2018-09-07 11:53:29 - [TEST_STEP][PASSED] - startApplication: Started app at: 'C:\Users\AV2017005903\Documents\apollo-automation\7 September.apk'

2018-09-07 11:54:03 - [MESSAGE][PASSED] - Started app at: 'C:\Users\AV2017005903\Documents\apollo-automation\7 September.apk'

2018-09-07 11:54:03 - [TEST_STEP][PASSED] - delay: Delayed 15 second(s)

2018-09-07 11:54:18 - [MESSAGE][PASSED] - Delayed 15 second(s)

2018-09-07 11:54:18 - [TEST_STEP][PASSED] - Comment - "If there is a Update TopuUp, click No, Else you can delay for waiting lazyload ": null

2018-09-07 11:54:18 - [TEST_STEP][PASSED] - Statement - driver = com.kms.katalon.core.mobile.keyword.internal.MobileDriverFactory.getDriver(): null

2018-09-07 11:54:18 - [TEST_STEP][PASSED] - Statement - action = new io.appium.java_client.TouchAction(driver): null

2018-09-07 11:54:19 - [TEST_STEP][PASSED] - Statement - action.longPress(550, 300).moveTo(100, 300).release().perform(): null

2018-09-07 11:54:21 - [TEST_STEP][PASSED] - delay: Delayed 8 second(s)

2018-09-07 11:54:29 - [MESSAGE][PASSED] - Delayed 8 second(s)

2018-09-07 11:54:29 - [TEST_STEP][PASSED] - Statement - action.longPress(550, 300).moveTo(100, 300).release().perform(): null

2018-09-07 11:54:32 - [TEST_STEP][PASSED] - delay: Delayed 8 second(s)

2018-09-07 11:54:40 - [MESSAGE][PASSED] - Delayed 8 second(s)

2018-09-07 11:54:40 - [TEST_STEP][PASSED] - Statement - action.longPress(550, 300).moveTo(100, 300).release().perform(): null

2018-09-07 11:54:43 - [TEST_STEP][PASSED] - delay: Delayed 8 second(s)

2018-09-07 11:54:51 - [MESSAGE][PASSED] - Delayed 8 second(s)

2018-09-07 11:54:51 - [TEST_STEP][PASSED] - Statement - action.longPress(550, 300).moveTo(100, 300).release().perform(): null

2018-09-07 11:54:53 - [TEST_STEP][PASSED] - delay: Delayed 8 second(s)

2018-09-07 11:55:01 - [MESSAGE][PASSED] - Delayed 8 second(s)

2018-09-07 11:55:01 - [TEST_STEP][PASSED] - waitForElementPresent: Element 'Object Repository/Splash Screen/Mulai - Button' is present

2018-09-07 11:55:09 - [MESSAGE][PASSED] - Element 'Object Repository/Splash Screen/Mulai - Button' is present

2018-09-07 11:55:09 - [TEST_STEP][PASSED] - tap: Tapped on element 'Object Repository/Splash Screen/Mulai - Button'

2018-09-07 11:55:18 - [MESSAGE][PASSED] - Tapped on element 'Object Repository/Splash Screen/Mulai - Button'

2018-09-07 11:55:18 - [TEST_STEP][PASSED] - waitForElementPresent: Element 'Object Repository/Login/Nomor HP  Nama Pengguna - Text Box' is present

2018-09-07 11:55:22 - [MESSAGE][PASSED] - Element 'Object Repository/Login/Nomor HP  Nama Pengguna - Text Box' is present

2018-09-07 11:55:22 - [TEST_STEP][PASSED] - verifyElementAttributeValue: Object 'Object Repository/Login/Nomor HP  Nama Pengguna - Text Box' has attribute 'content-desc' with value 'LoginNameTextInput'

2018-09-07 11:55:26 - [MESSAGE][PASSED] - Object 'Object Repository/Login/Nomor HP  Nama Pengguna - Text Box' has attribute 'content-desc' with value 'LoginNameTextInput'

2018-09-07 11:55:26 - [TEST_STEP][PASSED] - setText: Text '08112233445567' has been set to element 'Object Repository/Login/Nomor HP  Nama Pengguna - Text Box'

2018-09-07 11:55:48 - [MESSAGE][PASSED] - Text '08112233445567' has been set to element 'Object Repository/Login/Nomor HP  Nama Pengguna - Text Box'

2018-09-07 11:55:48 - [TEST_STEP][PASSED] - hideKeyboard: Keyboard is hidden

2018-09-07 11:55:49 - [MESSAGE][PASSED] - Keyboard is hidden

2018-09-07 11:55:50 - [TEST_STEP][PASSED] - verifyElementText: Actual text and expected text of test object 'Object Repository/Login/Nomor HP  Nama Pengguna - Text Box' are matched.

2018-09-07 11:55:54 - [MESSAGE][PASSED] - Actual text and expected text of test object 'Object Repository/Login/Nomor HP  Nama Pengguna - Text Box' are matched.

2018-09-07 11:55:54 - [TEST_STEP][PASSED] - waitForElementPresent: Element 'Object Repository/Login/Button Masuk' is present

2018-09-07 11:56:02 - [MESSAGE][PASSED] - Element 'Object Repository/Login/Button Masuk' is present

2018-09-07 11:56:02 - [TEST_STEP][PASSED] - verifyElementAttributeValue: Object 'Object Repository/Login/Button Masuk' has attribute 'content-desc' with value 'LoginJumpNextBtn'

2018-09-07 11:56:08 - [MESSAGE][PASSED] - Object 'Object Repository/Login/Button Masuk' has attribute 'content-desc' with value 'LoginJumpNextBtn'

2018-09-07 11:56:08 - [TEST_STEP][PASSED] - tap: Tapped on element 'Object Repository/Login/Button Masuk'

2018-09-07 11:56:15 - [MESSAGE][PASSED] - Tapped on element 'Object Repository/Login/Button Masuk'

2018-09-07 11:56:15 - [TEST_STEP][PASSED] - waitForElementPresent: Element 'Object Repository/Login/Input Pin' is present

2018-09-07 11:56:19 - [MESSAGE][PASSED] - Element 'Object Repository/Login/Input Pin' is present

2018-09-07 11:56:19 - [TEST_STEP][PASSED] - verifyElementAttributeValue: Object 'Object Repository/Login/Input Pin' has attribute 'content-desc' with value 'pinCircleFocus'

2018-09-07 11:56:27 - [MESSAGE][PASSED] - Object 'Object Repository/Login/Input Pin' has attribute 'content-desc' with value 'pinCircleFocus'

2018-09-07 11:56:27 - [TEST_STEP][PASSED] - tap: Tapped on element 'Object Repository/Login/Input Pin'

2018-09-07 11:56:36 - [MESSAGE][PASSED] - Tapped on element 'Object Repository/Login/Input Pin'

2018-09-07 11:56:36 - [TEST_STEP][PASSED] - setText: Text '123456' has been set to element 'Object Repository/Login/Input Pin'

2018-09-07 11:56:54 - [MESSAGE][PASSED] - Text '123456' has been set to element 'Object Repository/Login/Input Pin'

2018-09-07 11:56:54 - [TEST_STEP][PASSED] - delay: Delayed 5 second(s)

2018-09-07 11:56:59 - [MESSAGE][PASSED] - Delayed 5 second(s)

2018-09-07 11:56:59 - [TEST_STEP][PASSED] - comment: End Login Test Case

2018-09-07 11:56:59 - [TEST_STEP][PASSED] - waitForElementPresent: Element 'Object Repository/Sidebar Menu/Biaya/HamburgerButton' is present

2018-09-07 11:57:03 - [MESSAGE][PASSED] - Element 'Object Repository/Sidebar Menu/Biaya/HamburgerButton' is present

2018-09-07 11:57:03 - [TEST_STEP][PASSED] - verifyElementAttributeValue: Object 'Object Repository/Sidebar Menu/Biaya/HamburgerButton' has attribute 'content-desc' with value 'headerBar_button_hamburgerMenu'

2018-09-07 11:57:07 - [MESSAGE][PASSED] - Object 'Object Repository/Sidebar Menu/Biaya/HamburgerButton' has attribute 'content-desc' with value 'headerBar_button_hamburgerMenu'

2018-09-07 11:57:07 - [TEST_STEP][PASSED] - tap: Tapped on element 'Object Repository/Sidebar Menu/Biaya/HamburgerButton'

2018-09-07 11:57:13 - [MESSAGE][PASSED] - Tapped on element 'Object Repository/Sidebar Menu/Biaya/HamburgerButton'

2018-09-07 11:57:13 - [TEST_STEP][PASSED] - verifyElementAttributeValue: Object 'Object Repository/Sidebar Menu/Pengaturan Toko/Pengaturan Toko' has attribute 'content-desc' with value 'aturTokoMenuItem'

2018-09-07 11:57:19 - [MESSAGE][PASSED] - Object 'Object Repository/Sidebar Menu/Pengaturan Toko/Pengaturan Toko' has attribute 'content-desc' with value 'aturTokoMenuItem'

2018-09-07 11:57:19 - [TEST_STEP][PASSED] - tap: Tapped on element 'Object Repository/Sidebar Menu/Pengaturan Toko/Pengaturan Toko'

2018-09-07 11:57:27 - [MESSAGE][PASSED] - Tapped on element 'Object Repository/Sidebar Menu/Pengaturan Toko/Pengaturan Toko'

2018-09-07 11:57:27 - [TEST_STEP][PASSED] - verifyElementVisible: Element 'Object Repository/Sidebar Menu/Pengaturan Toko/EDC Menu/EDC' is visible

2018-09-07 11:57:33 - [MESSAGE][PASSED] - Element 'Object Repository/Sidebar Menu/Pengaturan Toko/EDC Menu/EDC' is visible

2018-09-07 11:57:33 - [TEST_STEP][PASSED] - verifyElementAttributeValue: Object 'Object Repository/Sidebar Menu/Pengaturan Toko/EDC Menu/EDC' has attribute 'content-desc' with value 'tokoListScreen_button_edc'

2018-09-07 11:57:39 - [MESSAGE][PASSED] - Object 'Object Repository/Sidebar Menu/Pengaturan Toko/EDC Menu/EDC' has attribute 'content-desc' with value 'tokoListScreen_button_edc'

2018-09-07 11:57:39 - [TEST_STEP][PASSED] - verifyElementVisible: Element 'Object Repository/Sidebar Menu/Pengaturan Toko/Printer Menu/Printer' is visible

2018-09-07 11:57:43 - [MESSAGE][PASSED] - Element 'Object Repository/Sidebar Menu/Pengaturan Toko/Printer Menu/Printer' is visible

2018-09-07 11:57:43 - [TEST_STEP][PASSED] - verifyElementAttributeValue: Object 'Object Repository/Sidebar Menu/Pengaturan Toko/Printer Menu/Printer' has attribute 'content-desc' with value 'tokoListScreen_button_printer'

2018-09-07 11:57:47 - [MESSAGE][PASSED] - Object 'Object Repository/Sidebar Menu/Pengaturan Toko/Printer Menu/Printer' has attribute 'content-desc' with value 'tokoListScreen_button_printer'

2018-09-07 11:57:47 - [TEST_STEP][PASSED] - closeApplication: Close app successfully

2018-09-07 11:57:55 - [MESSAGE][PASSED] - Close app successfully]]></system-out>
         <system-err><![CDATA[]]></system-err>
      </testcase>
      <testcase name="Test Cases/Release 3 - Squad Hades/Sprint 1/Story 1798 - Pengaturan Toko screen/TC 2 - Click Back button from apps" classname="Test Cases/Release 3 - Squad Hades/Sprint 1/Story 1798 - Pengaturan Toko screen/TC 2 - Click Back button from apps" status="PASSED">
         <system-out><![CDATA[2018-09-07 11:57:55 - [TEST_CASE][PASSED] - Test Cases/Release 3 - Squad Hades/Sprint 1/Story 1798 - Pengaturan Toko screen/TC 2 - Click Back button from apps: Test Cases/Release 3 - Squad Hades/Sprint 1/Story 1798 - Pengaturan Toko screen/TC 2 - Click Back button from apps

2018-09-07 11:57:55 - [TEST_STEP][PASSED] - comment: Start Login Test Case

2018-09-07 11:57:55 - [TEST_STEP][PASSED] - Statement - apkPath = apkName: null

2018-09-07 11:57:55 - [TEST_STEP][PASSED] - startApplication: Started app at: 'C:\Users\AV2017005903\Documents\apollo-automation\7 September.apk'

2018-09-07 11:58:33 - [MESSAGE][PASSED] - Started app at: 'C:\Users\AV2017005903\Documents\apollo-automation\7 September.apk'

2018-09-07 11:58:33 - [TEST_STEP][PASSED] - delay: Delayed 15 second(s)

2018-09-07 11:58:48 - [MESSAGE][PASSED] - Delayed 15 second(s)

2018-09-07 11:58:48 - [TEST_STEP][PASSED] - Comment - "If there is a Update TopuUp, click No, Else you can delay for waiting lazyload ": null

2018-09-07 11:58:48 - [TEST_STEP][PASSED] - Statement - driver = com.kms.katalon.core.mobile.keyword.internal.MobileDriverFactory.getDriver(): null

2018-09-07 11:58:48 - [TEST_STEP][PASSED] - Statement - action = new io.appium.java_client.TouchAction(driver): null

2018-09-07 11:58:48 - [TEST_STEP][PASSED] - Statement - action.longPress(550, 300).moveTo(100, 300).release().perform(): null

2018-09-07 11:58:51 - [TEST_STEP][PASSED] - delay: Delayed 8 second(s)

2018-09-07 11:58:59 - [MESSAGE][PASSED] - Delayed 8 second(s)

2018-09-07 11:58:59 - [TEST_STEP][PASSED] - Statement - action.longPress(550, 300).moveTo(100, 300).release().perform(): null

2018-09-07 11:59:02 - [TEST_STEP][PASSED] - delay: Delayed 8 second(s)

2018-09-07 11:59:10 - [MESSAGE][PASSED] - Delayed 8 second(s)

2018-09-07 11:59:10 - [TEST_STEP][PASSED] - Statement - action.longPress(550, 300).moveTo(100, 300).release().perform(): null

2018-09-07 11:59:13 - [TEST_STEP][PASSED] - delay: Delayed 8 second(s)

2018-09-07 11:59:21 - [MESSAGE][PASSED] - Delayed 8 second(s)

2018-09-07 11:59:21 - [TEST_STEP][PASSED] - Statement - action.longPress(550, 300).moveTo(100, 300).release().perform(): null

2018-09-07 11:59:23 - [TEST_STEP][PASSED] - delay: Delayed 8 second(s)

2018-09-07 11:59:31 - [MESSAGE][PASSED] - Delayed 8 second(s)

2018-09-07 11:59:31 - [TEST_STEP][PASSED] - waitForElementPresent: Element 'Object Repository/Splash Screen/Mulai - Button' is present

2018-09-07 11:59:37 - [MESSAGE][PASSED] - Element 'Object Repository/Splash Screen/Mulai - Button' is present

2018-09-07 11:59:37 - [TEST_STEP][PASSED] - tap: Tapped on element 'Object Repository/Splash Screen/Mulai - Button'

2018-09-07 11:59:42 - [MESSAGE][PASSED] - Tapped on element 'Object Repository/Splash Screen/Mulai - Button'

2018-09-07 11:59:42 - [TEST_STEP][PASSED] - waitForElementPresent: Element 'Object Repository/Login/Nomor HP  Nama Pengguna - Text Box' is present

2018-09-07 11:59:45 - [MESSAGE][PASSED] - Element 'Object Repository/Login/Nomor HP  Nama Pengguna - Text Box' is present

2018-09-07 11:59:45 - [TEST_STEP][PASSED] - verifyElementAttributeValue: Object 'Object Repository/Login/Nomor HP  Nama Pengguna - Text Box' has attribute 'content-desc' with value 'LoginNameTextInput'

2018-09-07 11:59:52 - [MESSAGE][PASSED] - Object 'Object Repository/Login/Nomor HP  Nama Pengguna - Text Box' has attribute 'content-desc' with value 'LoginNameTextInput'

2018-09-07 11:59:52 - [TEST_STEP][PASSED] - setText: Text '08112233445567' has been set to element 'Object Repository/Login/Nomor HP  Nama Pengguna - Text Box'

2018-09-07 12:00:13 - [MESSAGE][PASSED] - Text '08112233445567' has been set to element 'Object Repository/Login/Nomor HP  Nama Pengguna - Text Box'

2018-09-07 12:00:13 - [TEST_STEP][PASSED] - hideKeyboard: Keyboard is hidden

2018-09-07 12:00:15 - [MESSAGE][PASSED] - Keyboard is hidden

2018-09-07 12:00:15 - [TEST_STEP][PASSED] - verifyElementText: Actual text and expected text of test object 'Object Repository/Login/Nomor HP  Nama Pengguna - Text Box' are matched.

2018-09-07 12:00:19 - [MESSAGE][PASSED] - Actual text and expected text of test object 'Object Repository/Login/Nomor HP  Nama Pengguna - Text Box' are matched.

2018-09-07 12:00:19 - [TEST_STEP][PASSED] - waitForElementPresent: Element 'Object Repository/Login/Button Masuk' is present

2018-09-07 12:00:25 - [MESSAGE][PASSED] - Element 'Object Repository/Login/Button Masuk' is present

2018-09-07 12:00:25 - [TEST_STEP][PASSED] - verifyElementAttributeValue: Object 'Object Repository/Login/Button Masuk' has attribute 'content-desc' with value 'LoginJumpNextBtn'

2018-09-07 12:00:35 - [MESSAGE][PASSED] - Object 'Object Repository/Login/Button Masuk' has attribute 'content-desc' with value 'LoginJumpNextBtn'

2018-09-07 12:00:35 - [TEST_STEP][PASSED] - tap: Tapped on element 'Object Repository/Login/Button Masuk'

2018-09-07 12:00:43 - [MESSAGE][PASSED] - Tapped on element 'Object Repository/Login/Button Masuk'

2018-09-07 12:00:43 - [TEST_STEP][PASSED] - waitForElementPresent: Element 'Object Repository/Login/Input Pin' is present

2018-09-07 12:00:51 - [MESSAGE][PASSED] - Element 'Object Repository/Login/Input Pin' is present

2018-09-07 12:00:51 - [TEST_STEP][PASSED] - verifyElementAttributeValue: Object 'Object Repository/Login/Input Pin' has attribute 'content-desc' with value 'pinCircleFocus'

2018-09-07 12:00:55 - [MESSAGE][PASSED] - Object 'Object Repository/Login/Input Pin' has attribute 'content-desc' with value 'pinCircleFocus'

2018-09-07 12:00:55 - [TEST_STEP][PASSED] - tap: Tapped on element 'Object Repository/Login/Input Pin'

2018-09-07 12:01:02 - [MESSAGE][PASSED] - Tapped on element 'Object Repository/Login/Input Pin'

2018-09-07 12:01:02 - [TEST_STEP][PASSED] - setText: Text '123456' has been set to element 'Object Repository/Login/Input Pin'

2018-09-07 12:01:19 - [MESSAGE][PASSED] - Text '123456' has been set to element 'Object Repository/Login/Input Pin'

2018-09-07 12:01:19 - [TEST_STEP][PASSED] - delay: Delayed 5 second(s)

2018-09-07 12:01:24 - [MESSAGE][PASSED] - Delayed 5 second(s)

2018-09-07 12:01:24 - [TEST_STEP][PASSED] - comment: End Login Test Case

2018-09-07 12:01:24 - [TEST_STEP][PASSED] - waitForElementPresent: Element 'Object Repository/Sidebar Menu/Biaya/HamburgerButton' is present

2018-09-07 12:01:26 - [MESSAGE][PASSED] - Element 'Object Repository/Sidebar Menu/Biaya/HamburgerButton' is present

2018-09-07 12:01:26 - [TEST_STEP][PASSED] - verifyElementAttributeValue: Object 'Object Repository/Sidebar Menu/Biaya/HamburgerButton' has attribute 'content-desc' with value 'headerBar_button_hamburgerMenu'

2018-09-07 12:01:30 - [MESSAGE][PASSED] - Object 'Object Repository/Sidebar Menu/Biaya/HamburgerButton' has attribute 'content-desc' with value 'headerBar_button_hamburgerMenu'

2018-09-07 12:01:30 - [TEST_STEP][PASSED] - tap: Tapped on element 'Object Repository/Sidebar Menu/Biaya/HamburgerButton'

2018-09-07 12:01:37 - [MESSAGE][PASSED] - Tapped on element 'Object Repository/Sidebar Menu/Biaya/HamburgerButton'

2018-09-07 12:01:37 - [TEST_STEP][PASSED] - verifyElementAttributeValue: Object 'Object Repository/Sidebar Menu/Pengaturan Toko/Pengaturan Toko' has attribute 'content-desc' with value 'aturTokoMenuItem'

2018-09-07 12:01:43 - [MESSAGE][PASSED] - Object 'Object Repository/Sidebar Menu/Pengaturan Toko/Pengaturan Toko' has attribute 'content-desc' with value 'aturTokoMenuItem'

2018-09-07 12:01:43 - [TEST_STEP][PASSED] - tap: Tapped on element 'Object Repository/Sidebar Menu/Pengaturan Toko/Pengaturan Toko'

2018-09-07 12:01:50 - [MESSAGE][PASSED] - Tapped on element 'Object Repository/Sidebar Menu/Pengaturan Toko/Pengaturan Toko'

2018-09-07 12:01:50 - [TEST_STEP][PASSED] - verifyElementVisible: Element 'Object Repository/Sidebar Menu/Pengaturan Toko/EDC Menu/EDC' is visible

2018-09-07 12:01:58 - [MESSAGE][PASSED] - Element 'Object Repository/Sidebar Menu/Pengaturan Toko/EDC Menu/EDC' is visible

2018-09-07 12:01:58 - [TEST_STEP][PASSED] - verifyElementAttributeValue: Object 'Object Repository/Sidebar Menu/Pengaturan Toko/EDC Menu/EDC' has attribute 'content-desc' with value 'tokoListScreen_button_edc'

2018-09-07 12:02:05 - [MESSAGE][PASSED] - Object 'Object Repository/Sidebar Menu/Pengaturan Toko/EDC Menu/EDC' has attribute 'content-desc' with value 'tokoListScreen_button_edc'

2018-09-07 12:02:05 - [TEST_STEP][PASSED] - verifyElementVisible: Element 'Object Repository/Sidebar Menu/Pengaturan Toko/Printer Menu/Printer' is visible

2018-09-07 12:02:13 - [MESSAGE][PASSED] - Element 'Object Repository/Sidebar Menu/Pengaturan Toko/Printer Menu/Printer' is visible

2018-09-07 12:02:13 - [TEST_STEP][PASSED] - verifyElementAttributeValue: Object 'Object Repository/Sidebar Menu/Pengaturan Toko/Printer Menu/Printer' has attribute 'content-desc' with value 'tokoListScreen_button_printer'

2018-09-07 12:02:17 - [MESSAGE][PASSED] - Object 'Object Repository/Sidebar Menu/Pengaturan Toko/Printer Menu/Printer' has attribute 'content-desc' with value 'tokoListScreen_button_printer'

2018-09-07 12:02:17 - [TEST_STEP][PASSED] - waitForElementPresent: Element 'Object Repository/Sidebar Menu/Pengaturan Toko/EDC Menu/EDC' is present

2018-09-07 12:02:22 - [MESSAGE][PASSED] - Element 'Object Repository/Sidebar Menu/Pengaturan Toko/EDC Menu/EDC' is present

2018-09-07 12:02:22 - [TEST_STEP][PASSED] - verifyElementAttributeValue: Object 'Object Repository/Sidebar Menu/Pengaturan Toko/EDC Menu/EDC' has attribute 'content-desc' with value 'tokoListScreen_button_edc'

2018-09-07 12:02:29 - [MESSAGE][PASSED] - Object 'Object Repository/Sidebar Menu/Pengaturan Toko/EDC Menu/EDC' has attribute 'content-desc' with value 'tokoListScreen_button_edc'

2018-09-07 12:02:29 - [TEST_STEP][PASSED] - tap: Tapped on element 'Object Repository/Sidebar Menu/Pengaturan Toko/EDC Menu/EDC'

2018-09-07 12:02:38 - [MESSAGE][PASSED] - Tapped on element 'Object Repository/Sidebar Menu/Pengaturan Toko/EDC Menu/EDC'

2018-09-07 12:02:38 - [TEST_STEP][PASSED] - waitForElementPresent: Element 'Object Repository/Sidebar Menu/Pengaturan Toko/EDC Menu/BackButton' is present

2018-09-07 12:02:43 - [MESSAGE][PASSED] - Element 'Object Repository/Sidebar Menu/Pengaturan Toko/EDC Menu/BackButton' is present

2018-09-07 12:02:43 - [TEST_STEP][PASSED] - verifyElementAttributeValue: Object 'Object Repository/Sidebar Menu/Pengaturan Toko/EDC Menu/BackButton' has attribute 'content-desc' with value 'button_button_backButton'

2018-09-07 12:02:47 - [MESSAGE][PASSED] - Object 'Object Repository/Sidebar Menu/Pengaturan Toko/EDC Menu/BackButton' has attribute 'content-desc' with value 'button_button_backButton'

2018-09-07 12:02:47 - [TEST_STEP][PASSED] - tap: Tapped on element 'Object Repository/Sidebar Menu/Pengaturan Toko/EDC Menu/BackButton'

2018-09-07 12:02:53 - [MESSAGE][PASSED] - Tapped on element 'Object Repository/Sidebar Menu/Pengaturan Toko/EDC Menu/BackButton'

2018-09-07 12:02:53 - [TEST_STEP][PASSED] - verifyElementVisible: Element 'Object Repository/Sidebar Menu/Pengaturan Toko/EDC Menu/EDC' is visible

2018-09-07 12:02:58 - [MESSAGE][PASSED] - Element 'Object Repository/Sidebar Menu/Pengaturan Toko/EDC Menu/EDC' is visible

2018-09-07 12:02:58 - [TEST_STEP][PASSED] - verifyElementAttributeValue: Object 'Object Repository/Sidebar Menu/Pengaturan Toko/EDC Menu/EDC' has attribute 'content-desc' with value 'tokoListScreen_button_edc'

2018-09-07 12:03:02 - [MESSAGE][PASSED] - Object 'Object Repository/Sidebar Menu/Pengaturan Toko/EDC Menu/EDC' has attribute 'content-desc' with value 'tokoListScreen_button_edc'

2018-09-07 12:03:02 - [TEST_STEP][PASSED] - closeApplication: Close app successfully

2018-09-07 12:03:09 - [MESSAGE][PASSED] - Close app successfully]]></system-out>
         <system-err><![CDATA[]]></system-err>
      </testcase>
      <testcase name="Test Cases/Release 3 - Squad Hades/Sprint 1/Story 1798 - Pengaturan Toko screen/TC 3 - Click Back button from device" classname="Test Cases/Release 3 - Squad Hades/Sprint 1/Story 1798 - Pengaturan Toko screen/TC 3 - Click Back button from device" status="PASSED">
         <system-out><![CDATA[2018-09-07 12:03:09 - [TEST_CASE][PASSED] - Test Cases/Release 3 - Squad Hades/Sprint 1/Story 1798 - Pengaturan Toko screen/TC 3 - Click Back button from device: Test Cases/Release 3 - Squad Hades/Sprint 1/Story 1798 - Pengaturan Toko screen/TC 3 - Click Back button from device

2018-09-07 12:03:09 - [TEST_STEP][PASSED] - comment: Start Login Test Case

2018-09-07 12:03:09 - [TEST_STEP][PASSED] - Statement - apkPath = apkName: null

2018-09-07 12:03:09 - [TEST_STEP][PASSED] - startApplication: Started app at: 'C:\Users\AV2017005903\Documents\apollo-automation\7 September.apk'

2018-09-07 12:03:43 - [MESSAGE][PASSED] - Started app at: 'C:\Users\AV2017005903\Documents\apollo-automation\7 September.apk'

2018-09-07 12:03:43 - [TEST_STEP][PASSED] - delay: Delayed 15 second(s)

2018-09-07 12:03:58 - [MESSAGE][PASSED] - Delayed 15 second(s)

2018-09-07 12:03:58 - [TEST_STEP][PASSED] - Comment - "If there is a Update TopuUp, click No, Else you can delay for waiting lazyload ": null

2018-09-07 12:03:58 - [TEST_STEP][PASSED] - Statement - driver = com.kms.katalon.core.mobile.keyword.internal.MobileDriverFactory.getDriver(): null

2018-09-07 12:03:58 - [TEST_STEP][PASSED] - Statement - action = new io.appium.java_client.TouchAction(driver): null

2018-09-07 12:03:58 - [TEST_STEP][PASSED] - Statement - action.longPress(550, 300).moveTo(100, 300).release().perform(): null

2018-09-07 12:04:00 - [TEST_STEP][PASSED] - delay: Delayed 8 second(s)

2018-09-07 12:04:08 - [MESSAGE][PASSED] - Delayed 8 second(s)

2018-09-07 12:04:08 - [TEST_STEP][PASSED] - Statement - action.longPress(550, 300).moveTo(100, 300).release().perform(): null

2018-09-07 12:04:11 - [TEST_STEP][PASSED] - delay: Delayed 8 second(s)

2018-09-07 12:04:19 - [MESSAGE][PASSED] - Delayed 8 second(s)

2018-09-07 12:04:19 - [TEST_STEP][PASSED] - Statement - action.longPress(550, 300).moveTo(100, 300).release().perform(): null

2018-09-07 12:04:22 - [TEST_STEP][PASSED] - delay: Delayed 8 second(s)

2018-09-07 12:04:30 - [MESSAGE][PASSED] - Delayed 8 second(s)

2018-09-07 12:04:30 - [TEST_STEP][PASSED] - Statement - action.longPress(550, 300).moveTo(100, 300).release().perform(): null

2018-09-07 12:04:33 - [TEST_STEP][PASSED] - delay: Delayed 8 second(s)

2018-09-07 12:04:41 - [MESSAGE][PASSED] - Delayed 8 second(s)

2018-09-07 12:04:41 - [TEST_STEP][PASSED] - waitForElementPresent: Element 'Object Repository/Splash Screen/Mulai - Button' is present

2018-09-07 12:04:43 - [MESSAGE][PASSED] - Element 'Object Repository/Splash Screen/Mulai - Button' is present

2018-09-07 12:04:43 - [TEST_STEP][PASSED] - tap: Tapped on element 'Object Repository/Splash Screen/Mulai - Button'

2018-09-07 12:04:50 - [MESSAGE][PASSED] - Tapped on element 'Object Repository/Splash Screen/Mulai - Button'

2018-09-07 12:04:50 - [TEST_STEP][PASSED] - waitForElementPresent: Element 'Object Repository/Login/Nomor HP  Nama Pengguna - Text Box' is present

2018-09-07 12:04:55 - [MESSAGE][PASSED] - Element 'Object Repository/Login/Nomor HP  Nama Pengguna - Text Box' is present

2018-09-07 12:04:55 - [TEST_STEP][PASSED] - verifyElementAttributeValue: Object 'Object Repository/Login/Nomor HP  Nama Pengguna - Text Box' has attribute 'content-desc' with value 'LoginNameTextInput'

2018-09-07 12:04:59 - [MESSAGE][PASSED] - Object 'Object Repository/Login/Nomor HP  Nama Pengguna - Text Box' has attribute 'content-desc' with value 'LoginNameTextInput'

2018-09-07 12:04:59 - [TEST_STEP][PASSED] - setText: Text '08112233445567' has been set to element 'Object Repository/Login/Nomor HP  Nama Pengguna - Text Box'

2018-09-07 12:05:25 - [MESSAGE][PASSED] - Text '08112233445567' has been set to element 'Object Repository/Login/Nomor HP  Nama Pengguna - Text Box'

2018-09-07 12:05:25 - [TEST_STEP][PASSED] - hideKeyboard: Keyboard is hidden

2018-09-07 12:05:26 - [MESSAGE][PASSED] - Keyboard is hidden

2018-09-07 12:05:26 - [TEST_STEP][PASSED] - verifyElementText: Actual text and expected text of test object 'Object Repository/Login/Nomor HP  Nama Pengguna - Text Box' are matched.

2018-09-07 12:05:30 - [MESSAGE][PASSED] - Actual text and expected text of test object 'Object Repository/Login/Nomor HP  Nama Pengguna - Text Box' are matched.

2018-09-07 12:05:30 - [TEST_STEP][PASSED] - waitForElementPresent: Element 'Object Repository/Login/Button Masuk' is present

2018-09-07 12:05:33 - [MESSAGE][PASSED] - Element 'Object Repository/Login/Button Masuk' is present

2018-09-07 12:05:33 - [TEST_STEP][PASSED] - verifyElementAttributeValue: Object 'Object Repository/Login/Button Masuk' has attribute 'content-desc' with value 'LoginJumpNextBtn'

2018-09-07 12:05:37 - [MESSAGE][PASSED] - Object 'Object Repository/Login/Button Masuk' has attribute 'content-desc' with value 'LoginJumpNextBtn'

2018-09-07 12:05:37 - [TEST_STEP][PASSED] - tap: Tapped on element 'Object Repository/Login/Button Masuk'

2018-09-07 12:05:43 - [MESSAGE][PASSED] - Tapped on element 'Object Repository/Login/Button Masuk'

2018-09-07 12:05:43 - [TEST_STEP][PASSED] - waitForElementPresent: Element 'Object Repository/Login/Input Pin' is present

2018-09-07 12:05:47 - [MESSAGE][PASSED] - Element 'Object Repository/Login/Input Pin' is present

2018-09-07 12:05:47 - [TEST_STEP][PASSED] - verifyElementAttributeValue: Object 'Object Repository/Login/Input Pin' has attribute 'content-desc' with value 'pinCircleFocus'

2018-09-07 12:05:51 - [MESSAGE][PASSED] - Object 'Object Repository/Login/Input Pin' has attribute 'content-desc' with value 'pinCircleFocus'

2018-09-07 12:05:51 - [TEST_STEP][PASSED] - tap: Tapped on element 'Object Repository/Login/Input Pin'

2018-09-07 12:05:56 - [MESSAGE][PASSED] - Tapped on element 'Object Repository/Login/Input Pin'

2018-09-07 12:05:56 - [TEST_STEP][PASSED] - setText: Text '123456' has been set to element 'Object Repository/Login/Input Pin'

2018-09-07 12:06:14 - [MESSAGE][PASSED] - Text '123456' has been set to element 'Object Repository/Login/Input Pin'

2018-09-07 12:06:14 - [TEST_STEP][PASSED] - delay: Delayed 5 second(s)

2018-09-07 12:06:19 - [MESSAGE][PASSED] - Delayed 5 second(s)

2018-09-07 12:06:19 - [TEST_STEP][PASSED] - comment: End Login Test Case

2018-09-07 12:06:19 - [TEST_STEP][PASSED] - waitForElementPresent: Element 'Object Repository/Sidebar Menu/Biaya/HamburgerButton' is present

2018-09-07 12:06:22 - [MESSAGE][PASSED] - Element 'Object Repository/Sidebar Menu/Biaya/HamburgerButton' is present

2018-09-07 12:06:22 - [TEST_STEP][PASSED] - verifyElementAttributeValue: Object 'Object Repository/Sidebar Menu/Biaya/HamburgerButton' has attribute 'content-desc' with value 'headerBar_button_hamburgerMenu'

2018-09-07 12:06:26 - [MESSAGE][PASSED] - Object 'Object Repository/Sidebar Menu/Biaya/HamburgerButton' has attribute 'content-desc' with value 'headerBar_button_hamburgerMenu'

2018-09-07 12:06:26 - [TEST_STEP][PASSED] - tap: Tapped on element 'Object Repository/Sidebar Menu/Biaya/HamburgerButton'

2018-09-07 12:06:32 - [MESSAGE][PASSED] - Tapped on element 'Object Repository/Sidebar Menu/Biaya/HamburgerButton'

2018-09-07 12:06:32 - [TEST_STEP][PASSED] - verifyElementAttributeValue: Object 'Object Repository/Sidebar Menu/Pengaturan Toko/Pengaturan Toko' has attribute 'content-desc' with value 'aturTokoMenuItem'

2018-09-07 12:06:39 - [MESSAGE][PASSED] - Object 'Object Repository/Sidebar Menu/Pengaturan Toko/Pengaturan Toko' has attribute 'content-desc' with value 'aturTokoMenuItem'

2018-09-07 12:06:39 - [TEST_STEP][PASSED] - tap: Tapped on element 'Object Repository/Sidebar Menu/Pengaturan Toko/Pengaturan Toko'

2018-09-07 12:06:45 - [MESSAGE][PASSED] - Tapped on element 'Object Repository/Sidebar Menu/Pengaturan Toko/Pengaturan Toko'

2018-09-07 12:06:45 - [TEST_STEP][PASSED] - verifyElementVisible: Element 'Object Repository/Sidebar Menu/Pengaturan Toko/EDC Menu/EDC' is visible

2018-09-07 12:06:50 - [MESSAGE][PASSED] - Element 'Object Repository/Sidebar Menu/Pengaturan Toko/EDC Menu/EDC' is visible

2018-09-07 12:06:50 - [TEST_STEP][PASSED] - verifyElementAttributeValue: Object 'Object Repository/Sidebar Menu/Pengaturan Toko/EDC Menu/EDC' has attribute 'content-desc' with value 'tokoListScreen_button_edc'

2018-09-07 12:06:54 - [MESSAGE][PASSED] - Object 'Object Repository/Sidebar Menu/Pengaturan Toko/EDC Menu/EDC' has attribute 'content-desc' with value 'tokoListScreen_button_edc'

2018-09-07 12:06:54 - [TEST_STEP][PASSED] - verifyElementVisible: Element 'Object Repository/Sidebar Menu/Pengaturan Toko/Printer Menu/Printer' is visible

2018-09-07 12:07:00 - [MESSAGE][PASSED] - Element 'Object Repository/Sidebar Menu/Pengaturan Toko/Printer Menu/Printer' is visible

2018-09-07 12:07:00 - [TEST_STEP][PASSED] - verifyElementAttributeValue: Object 'Object Repository/Sidebar Menu/Pengaturan Toko/Printer Menu/Printer' has attribute 'content-desc' with value 'tokoListScreen_button_printer'

2018-09-07 12:07:04 - [MESSAGE][PASSED] - Object 'Object Repository/Sidebar Menu/Pengaturan Toko/Printer Menu/Printer' has attribute 'content-desc' with value 'tokoListScreen_button_printer'

2018-09-07 12:07:04 - [TEST_STEP][PASSED] - waitForElementPresent: Element 'Object Repository/Sidebar Menu/Pengaturan Toko/EDC Menu/EDC' is present

2018-09-07 12:07:08 - [MESSAGE][PASSED] - Element 'Object Repository/Sidebar Menu/Pengaturan Toko/EDC Menu/EDC' is present

2018-09-07 12:07:08 - [TEST_STEP][PASSED] - verifyElementAttributeValue: Object 'Object Repository/Sidebar Menu/Pengaturan Toko/EDC Menu/EDC' has attribute 'content-desc' with value 'tokoListScreen_button_edc'

2018-09-07 12:07:12 - [MESSAGE][PASSED] - Object 'Object Repository/Sidebar Menu/Pengaturan Toko/EDC Menu/EDC' has attribute 'content-desc' with value 'tokoListScreen_button_edc'

2018-09-07 12:07:12 - [TEST_STEP][PASSED] - tap: Tapped on element 'Object Repository/Sidebar Menu/Pengaturan Toko/EDC Menu/EDC'

2018-09-07 12:07:17 - [MESSAGE][PASSED] - Tapped on element 'Object Repository/Sidebar Menu/Pengaturan Toko/EDC Menu/EDC'

2018-09-07 12:07:17 - [TEST_STEP][PASSED] - delay: Delayed 2 second(s)

2018-09-07 12:07:19 - [MESSAGE][PASSED] - Delayed 2 second(s)

2018-09-07 12:07:19 - [TEST_STEP][PASSED] - pressBack: Press back button successfully

2018-09-07 12:07:20 - [MESSAGE][PASSED] - Press back button successfully

2018-09-07 12:07:20 - [TEST_STEP][PASSED] - verifyElementVisible: Element 'Object Repository/Sidebar Menu/Pengaturan Toko/EDC Menu/EDC' is visible

2018-09-07 12:07:28 - [MESSAGE][PASSED] - Element 'Object Repository/Sidebar Menu/Pengaturan Toko/EDC Menu/EDC' is visible

2018-09-07 12:07:28 - [TEST_STEP][PASSED] - verifyElementAttributeValue: Object 'Object Repository/Sidebar Menu/Pengaturan Toko/EDC Menu/EDC' has attribute 'content-desc' with value 'tokoListScreen_button_edc'

2018-09-07 12:07:35 - [MESSAGE][PASSED] - Object 'Object Repository/Sidebar Menu/Pengaturan Toko/EDC Menu/EDC' has attribute 'content-desc' with value 'tokoListScreen_button_edc'

2018-09-07 12:07:35 - [TEST_STEP][PASSED] - closeApplication: Close app successfully

2018-09-07 12:07:42 - [MESSAGE][PASSED] - Close app successfully]]></system-out>
         <system-err><![CDATA[]]></system-err>
      </testcase>
      <system-out><![CDATA[2018-09-07 11:53:28 - [TEST_SUITE][PASSED] - Story 1798 - Pengaturan Toko screen: Test Cases/Release 3 - Squad Hades/Sprint 1/Story 1798 - Pengaturan Toko screen/TC 3 - Click Back button from device]]></system-out>
      <system-err><![CDATA[]]></system-err>
   </testsuite>
</testsuites>
