<?xml version="1.0" encoding="UTF-8"?>
<testsuites name="Sprint 2" time="302" tests="1" failures="1" errors="0">
   <testsuite name="Sprint 2" tests="1" failures="1" errors="0" time="302" timestamp="2018-01-03 07:48:32" hostname="AV2017005903 - NB17Q7U8IT.corp.bankbtpn.co.id" id="Test Suites/Sprint 2">
      <properties>
         <property name="deviceName" value="samsung SM-J120G 5.1.1"/>
         <property name="devicePlatform" value=""/>
         <property name="logFolder" value="C:\\Users\\AV2017005903\\Documents\\Appolo Test\\Reports\\Sprint 2\\20180103_074831"/>
         <property name="logFiles" value="C:\\Users\\AV2017005903\\Documents\\Appolo Test\\Reports\\Sprint 2\\20180103_074831\\appium.log, C:\\Users\\AV2017005903\\Documents\\Appolo Test\\Reports\\Sprint 2\\20180103_074831\\execution0.log"/>
         <property name="attachments" value=""/>
         <property name="hostName" value="AV2017005903 - NB17Q7U8IT.corp.bankbtpn.co.id"/>
         <property name="os" value="Windows 10 64bit"/>
         <property name="katalonVersion" value="5.0.0.1"/>
         <property name="deviceOS" value="Android"/>
         <property name="appiumVersion" value="1.6.3"/>
         <property name="deviceModel" value="SM-J120G"/>
         <property name="hostAddress" value="192.168.43.206"/>
         <property name="deviceManufacturer" value="samsung"/>
         <property name="deviceId" value="32013479b25184c3"/>
         <property name="deviceName" value="samsung SM-J120G 5.1.1"/>
         <property name="deviceOSVersion" value="5.1.1"/>
      </properties>
      <testcase name="Test Cases/28 - TC-All" classname="Test Cases/28 - TC-All" status="PASSED">
         <system-out><![CDATA[2018-01-03 07:48:33 - [TEST_CASE][PASSED] - Test Cases/28 - TC-All: Test Cases/28 - TC-All

2018-01-03 07:48:33 - [TEST_STEP][PASSED] - startApplication: Started app at: 'D:\Project Apollo\APK Appolo\Sprint 4 v-1.apk'

2018-01-03 07:49:32 - [MESSAGE][PASSED] - Started app at: 'D:\Project Apollo\APK Appolo\Sprint 4 v-1.apk'

2018-01-03 07:49:32 - [TEST_STEP][PASSED] - tap: Tapped on element 'Object Repository/Sidebar Menu/Operasional/SidebarMenu'

2018-01-03 07:49:35 - [MESSAGE][PASSED] - Tapped on element 'Object Repository/Sidebar Menu/Operasional/SidebarMenu'

2018-01-03 07:49:35 - [TEST_STEP][PASSED] - tap: Tapped on element 'Object Repository/Sidebar Menu/Operasional/Operasional'

2018-01-03 07:49:35 - [MESSAGE][WARNING] - Timeout '0' is invalid. Using default page load timeout: '10'

2018-01-03 07:49:37 - [MESSAGE][PASSED] - Tapped on element 'Object Repository/Sidebar Menu/Operasional/Operasional'

2018-01-03 07:49:37 - [TEST_STEP][NOT_RUN] - tap: NOT_RUN: tap

2018-01-03 07:49:37 - [MESSAGE][NOT_RUN] - NOT_RUN: tap

2018-01-03 07:49:37 - [TEST_STEP][PASSED] - Statement - For (def index : (0..3)): Swiped from 0,690 to 0,428

2018-01-03 07:49:37 - [TEST_STEP][PASSED] - swipe: Swiped from 0,690 to 0,428

2018-01-03 07:49:46 - [MESSAGE][PASSED] - Swiped from 0,690 to 0,428

2018-01-03 07:49:49 - [TEST_STEP][PASSED] - swipe: Swiped from 0,690 to 0,428

2018-01-03 07:49:53 - [MESSAGE][PASSED] - Swiped from 0,690 to 0,428

2018-01-03 07:49:56 - [TEST_STEP][PASSED] - swipe: Swiped from 0,690 to 0,428

2018-01-03 07:50:01 - [MESSAGE][PASSED] - Swiped from 0,690 to 0,428

2018-01-03 07:50:03 - [TEST_STEP][PASSED] - swipe: Swiped from 0,690 to 0,428

2018-01-03 07:50:08 - [MESSAGE][PASSED] - Swiped from 0,690 to 0,428

2018-01-03 07:50:11 - [TEST_STEP][PASSED] - tap: Tapped on element 'Object Repository/Sidebar Menu/Operasional/Stock/Stock View/CariPoduk - SearchBtn'

2018-01-03 07:50:12 - [MESSAGE][PASSED] - Tapped on element 'Object Repository/Sidebar Menu/Operasional/Stock/Stock View/CariPoduk - SearchBtn'

2018-01-03 07:50:12 - [TEST_STEP][PASSED] - setText: Text 'apple' has been set to element 'Object Repository/Sidebar Menu/Operasional/Stock/Stock View/CariPoduk - SearchBtn'

2018-01-03 07:50:25 - [MESSAGE][PASSED] - Text 'apple' has been set to element 'Object Repository/Sidebar Menu/Operasional/Stock/Stock View/CariPoduk - SearchBtn'

2018-01-03 07:50:25 - [TEST_STEP][PASSED] - verifyElementText: Actual text and expected text of test object 'Object Repository/Sidebar Menu/Operasional/Stock/Stock View/CariPoduk - SearchBtn' are matched.

2018-01-03 07:50:25 - [MESSAGE][PASSED] - Actual text and expected text of test object 'Object Repository/Sidebar Menu/Operasional/Stock/Stock View/CariPoduk - SearchBtn' are matched.

2018-01-03 07:50:25 - [TEST_STEP][PASSED] - clearText: Element 'Object Repository/Sidebar Menu/Operasional/Stock/Stock View/CariPoduk - SearchBtn' text is cleared

2018-01-03 07:50:30 - [MESSAGE][PASSED] - Element 'Object Repository/Sidebar Menu/Operasional/Stock/Stock View/CariPoduk - SearchBtn' text is cleared

2018-01-03 07:50:30 - [TEST_STEP][PASSED] - setText: Text 'da vinci' has been set to element 'Object Repository/Sidebar Menu/Operasional/Stock/Stock View/CariPoduk - SearchBtn'

2018-01-03 07:50:40 - [MESSAGE][PASSED] - Text 'da vinci' has been set to element 'Object Repository/Sidebar Menu/Operasional/Stock/Stock View/CariPoduk - SearchBtn'

2018-01-03 07:50:40 - [TEST_STEP][PASSED] - verifyElementText: Actual text and expected text of test object 'Object Repository/Sidebar Menu/Operasional/Stock/Stock View/CariPoduk - SearchBtn' are matched.

2018-01-03 07:50:41 - [MESSAGE][PASSED] - Actual text and expected text of test object 'Object Repository/Sidebar Menu/Operasional/Stock/Stock View/CariPoduk - SearchBtn' are matched.

2018-01-03 07:50:41 - [TEST_STEP][PASSED] - clearText: Element 'Object Repository/Sidebar Menu/Operasional/Stock/Stock View/CariPoduk - SearchBtn' text is cleared

2018-01-03 07:50:45 - [MESSAGE][PASSED] - Element 'Object Repository/Sidebar Menu/Operasional/Stock/Stock View/CariPoduk - SearchBtn' text is cleared

2018-01-03 07:50:45 - [TEST_STEP][PASSED] - setText: Text 'asu' has been set to element 'Object Repository/Sidebar Menu/Operasional/Stock/Stock View/CariPoduk - SearchBtn'

2018-01-03 07:50:55 - [MESSAGE][PASSED] - Text 'asu' has been set to element 'Object Repository/Sidebar Menu/Operasional/Stock/Stock View/CariPoduk - SearchBtn'

2018-01-03 07:50:55 - [TEST_STEP][PASSED] - verifyElementText: Actual text and expected text of test object 'Object Repository/Sidebar Menu/Operasional/Stock/Stock View/CariPoduk - SearchBtn' are matched.

2018-01-03 07:50:56 - [MESSAGE][PASSED] - Actual text and expected text of test object 'Object Repository/Sidebar Menu/Operasional/Stock/Stock View/CariPoduk - SearchBtn' are matched.

2018-01-03 07:50:56 - [TEST_STEP][PASSED] - clearText: Element 'Object Repository/Sidebar Menu/Operasional/Stock/Stock View/CariPoduk - SearchBtn' text is cleared

2018-01-03 07:50:59 - [MESSAGE][PASSED] - Element 'Object Repository/Sidebar Menu/Operasional/Stock/Stock View/CariPoduk - SearchBtn' text is cleared

2018-01-03 07:50:59 - [TEST_STEP][PASSED] - setText: Text 'as' has been set to element 'Object Repository/Sidebar Menu/Operasional/Stock/Stock View/CariPoduk - SearchBtn'

2018-01-03 07:51:11 - [MESSAGE][PASSED] - Text 'as' has been set to element 'Object Repository/Sidebar Menu/Operasional/Stock/Stock View/CariPoduk - SearchBtn'

2018-01-03 07:51:11 - [TEST_STEP][PASSED] - verifyElementText: Actual text and expected text of test object 'Object Repository/Sidebar Menu/Operasional/Stock/Stock View/CariPoduk - SearchBtn' are matched.

2018-01-03 07:51:12 - [MESSAGE][PASSED] - Actual text and expected text of test object 'Object Repository/Sidebar Menu/Operasional/Stock/Stock View/CariPoduk - SearchBtn' are matched.

2018-01-03 07:51:12 - [TEST_STEP][PASSED] - hideKeyboard: Keyboard is hidden

2018-01-03 07:51:22 - [MESSAGE][PASSED] - Keyboard is hidden

2018-01-03 07:51:24 - [TEST_STEP][PASSED] - clearText: Element 'Object Repository/Sidebar Menu/Operasional/Stock/Stock View/CariPoduk - SearchBtn' text is cleared

2018-01-03 07:51:28 - [MESSAGE][PASSED] - Element 'Object Repository/Sidebar Menu/Operasional/Stock/Stock View/CariPoduk - SearchBtn' text is cleared

2018-01-03 07:51:28 - [TEST_STEP][PASSED] - setText: Text 'lontong' has been set to element 'Object Repository/Sidebar Menu/Operasional/Stock/Stock View/CariPoduk - SearchBtn'

2018-01-03 07:51:37 - [MESSAGE][PASSED] - Text 'lontong' has been set to element 'Object Repository/Sidebar Menu/Operasional/Stock/Stock View/CariPoduk - SearchBtn'

2018-01-03 07:51:37 - [TEST_STEP][PASSED] - verifyElementText: Actual text and expected text of test object 'Object Repository/Sidebar Menu/Operasional/Stock/Stock View/CariPoduk - SearchBtn' are matched.

2018-01-03 07:51:38 - [MESSAGE][PASSED] - Actual text and expected text of test object 'Object Repository/Sidebar Menu/Operasional/Stock/Stock View/CariPoduk - SearchBtn' are matched.

2018-01-03 07:51:38 - [TEST_STEP][PASSED] - delay: Delayed 5 second(s)

2018-01-03 07:51:43 - [MESSAGE][PASSED] - Delayed 5 second(s)

2018-01-03 07:51:43 - [TEST_STEP][PASSED] - tap: Tapped on element 'Object Repository/Sidebar Menu/Operasional/Stock/Stock View/CariPoduk - SearchBtn'

2018-01-03 07:51:43 - [MESSAGE][PASSED] - Tapped on element 'Object Repository/Sidebar Menu/Operasional/Stock/Stock View/CariPoduk - SearchBtn'

2018-01-03 07:51:43 - [TEST_STEP][PASSED] - clearText: Element 'Object Repository/Sidebar Menu/Operasional/Stock/Stock View/CariPoduk - SearchBtn' text is cleared

2018-01-03 07:51:50 - [MESSAGE][PASSED] - Element 'Object Repository/Sidebar Menu/Operasional/Stock/Stock View/CariPoduk - SearchBtn' text is cleared

2018-01-03 07:51:50 - [TEST_STEP][PASSED] - tap: Tapped on element 'Object Repository/Sidebar Menu/Operasional/Stock/Stock View/SemuaKategori - Dropdown'

2018-01-03 07:51:51 - [MESSAGE][PASSED] - Tapped on element 'Object Repository/Sidebar Menu/Operasional/Stock/Stock View/SemuaKategori - Dropdown'

2018-01-03 07:51:51 - [TEST_STEP][PASSED] - Statement - For (def index : (0..2)): Swiped from 100,544 to 100,259

2018-01-03 07:51:51 - [TEST_STEP][PASSED] - swipe: Swiped from 100,544 to 100,259

2018-01-03 07:51:56 - [MESSAGE][PASSED] - Swiped from 100,544 to 100,259

2018-01-03 07:51:58 - [TEST_STEP][PASSED] - swipe: Swiped from 100,544 to 100,259

2018-01-03 07:52:03 - [MESSAGE][PASSED] - Swiped from 100,544 to 100,259

2018-01-03 07:52:05 - [TEST_STEP][PASSED] - swipe: Swiped from 100,544 to 100,259

2018-01-03 07:52:10 - [MESSAGE][PASSED] - Swiped from 100,544 to 100,259

2018-01-03 07:52:14 - [TEST_STEP][PASSED] - tap: Tapped on element 'Object Repository/Sidebar Menu/Operasional/Stock/Stock View/TerapkanButton'

2018-01-03 07:52:14 - [MESSAGE][PASSED] - Tapped on element 'Object Repository/Sidebar Menu/Operasional/Stock/Stock View/TerapkanButton'

2018-01-03 07:52:14 - [TEST_STEP][PASSED] - delay: Delayed 0 second(s)

2018-01-03 07:52:14 - [MESSAGE][PASSED] - Delayed 0 second(s)

2018-01-03 07:52:14 - [TEST_STEP][PASSED] - Statement - For (def index : (0..7)): Tapped on element 'Object Repository/Sidebar Menu/Operasional/Kasir/PlusTapABCKecap'

2018-01-03 07:52:14 - [TEST_STEP][PASSED] - tap: Tapped on element 'Object Repository/Sidebar Menu/Operasional/Kasir/PlusTapABCKecap'

2018-01-03 07:52:16 - [MESSAGE][PASSED] - Tapped on element 'Object Repository/Sidebar Menu/Operasional/Kasir/PlusTapABCKecap'

2018-01-03 07:52:16 - [TEST_STEP][PASSED] - tap: Tapped on element 'Object Repository/Sidebar Menu/Operasional/Kasir/PlusTapABCKecap'

2018-01-03 07:52:17 - [MESSAGE][PASSED] - Tapped on element 'Object Repository/Sidebar Menu/Operasional/Kasir/PlusTapABCKecap'

2018-01-03 07:52:17 - [TEST_STEP][PASSED] - tap: Tapped on element 'Object Repository/Sidebar Menu/Operasional/Kasir/PlusTapABCKecap'

2018-01-03 07:52:18 - [MESSAGE][PASSED] - Tapped on element 'Object Repository/Sidebar Menu/Operasional/Kasir/PlusTapABCKecap'

2018-01-03 07:52:18 - [TEST_STEP][PASSED] - tap: Tapped on element 'Object Repository/Sidebar Menu/Operasional/Kasir/PlusTapABCKecap'

2018-01-03 07:52:20 - [MESSAGE][PASSED] - Tapped on element 'Object Repository/Sidebar Menu/Operasional/Kasir/PlusTapABCKecap'

2018-01-03 07:52:20 - [TEST_STEP][PASSED] - tap: Tapped on element 'Object Repository/Sidebar Menu/Operasional/Kasir/PlusTapABCKecap'

2018-01-03 07:52:21 - [MESSAGE][PASSED] - Tapped on element 'Object Repository/Sidebar Menu/Operasional/Kasir/PlusTapABCKecap'

2018-01-03 07:52:21 - [TEST_STEP][PASSED] - tap: Tapped on element 'Object Repository/Sidebar Menu/Operasional/Kasir/PlusTapABCKecap'

2018-01-03 07:52:23 - [MESSAGE][PASSED] - Tapped on element 'Object Repository/Sidebar Menu/Operasional/Kasir/PlusTapABCKecap'

2018-01-03 07:52:23 - [TEST_STEP][PASSED] - tap: Tapped on element 'Object Repository/Sidebar Menu/Operasional/Kasir/PlusTapABCKecap'

2018-01-03 07:52:24 - [MESSAGE][PASSED] - Tapped on element 'Object Repository/Sidebar Menu/Operasional/Kasir/PlusTapABCKecap'

2018-01-03 07:52:24 - [TEST_STEP][PASSED] - tap: Tapped on element 'Object Repository/Sidebar Menu/Operasional/Kasir/PlusTapABCKecap'

2018-01-03 07:52:26 - [MESSAGE][PASSED] - Tapped on element 'Object Repository/Sidebar Menu/Operasional/Kasir/PlusTapABCKecap'

2018-01-03 07:52:26 - [TEST_STEP][PASSED] - Statement - For (def index : (0..3)): Tapped on element 'Object Repository/Sidebar Menu/Operasional/Kasir/MinusTapABCKecap'

2018-01-03 07:52:26 - [TEST_STEP][PASSED] - tap: Tapped on element 'Object Repository/Sidebar Menu/Operasional/Kasir/MinusTapABCKecap'

2018-01-03 07:52:27 - [MESSAGE][PASSED] - Tapped on element 'Object Repository/Sidebar Menu/Operasional/Kasir/MinusTapABCKecap'

2018-01-03 07:52:27 - [TEST_STEP][PASSED] - tap: Tapped on element 'Object Repository/Sidebar Menu/Operasional/Kasir/MinusTapABCKecap'

2018-01-03 07:52:29 - [MESSAGE][PASSED] - Tapped on element 'Object Repository/Sidebar Menu/Operasional/Kasir/MinusTapABCKecap'

2018-01-03 07:52:29 - [TEST_STEP][PASSED] - tap: Tapped on element 'Object Repository/Sidebar Menu/Operasional/Kasir/MinusTapABCKecap'

2018-01-03 07:52:30 - [MESSAGE][PASSED] - Tapped on element 'Object Repository/Sidebar Menu/Operasional/Kasir/MinusTapABCKecap'

2018-01-03 07:52:30 - [TEST_STEP][PASSED] - tap: Tapped on element 'Object Repository/Sidebar Menu/Operasional/Kasir/MinusTapABCKecap'

2018-01-03 07:52:31 - [MESSAGE][PASSED] - Tapped on element 'Object Repository/Sidebar Menu/Operasional/Kasir/MinusTapABCKecap'

2018-01-03 07:52:31 - [TEST_STEP][PASSED] - tap: Tapped on element 'Object Repository/Sidebar Menu/Operasional/Kasir/PlusTapABCKetcup1'

2018-01-03 07:52:33 - [MESSAGE][PASSED] - Tapped on element 'Object Repository/Sidebar Menu/Operasional/Kasir/PlusTapABCKetcup1'

2018-01-03 07:52:33 - [TEST_STEP][PASSED] - tap: Tapped on element 'Object Repository/Sidebar Menu/Operasional/Kasir/InputJumlahABCKetcup1'

2018-01-03 07:52:34 - [MESSAGE][PASSED] - Tapped on element 'Object Repository/Sidebar Menu/Operasional/Kasir/InputJumlahABCKetcup1'

2018-01-03 07:52:34 - [TEST_STEP][PASSED] - sendKeys: Send keys '27' on test object 'Object Repository/Sidebar Menu/Operasional/Kasir/InputJumlahABCKetcup1' successfully.

2018-01-03 07:52:42 - [MESSAGE][PASSED] - Send keys '27' on test object 'Object Repository/Sidebar Menu/Operasional/Kasir/InputJumlahABCKetcup1' successfully.

2018-01-03 07:52:42 - [TEST_STEP][PASSED] - tap: Tapped on element 'Object Repository/Sidebar Menu/Operasional/Kasir/InputJumlahABCKetcup1'

2018-01-03 07:52:43 - [MESSAGE][PASSED] - Tapped on element 'Object Repository/Sidebar Menu/Operasional/Kasir/InputJumlahABCKetcup1'

2018-01-03 07:52:43 - [TEST_STEP][PASSED] - Statement - For (def index : (0..5)): Tapped on element 'Object Repository/Sidebar Menu/Operasional/Kasir/PlusTapABCKetcup1'

2018-01-03 07:52:43 - [TEST_STEP][PASSED] - tap: Tapped on element 'Object Repository/Sidebar Menu/Operasional/Kasir/PlusTapABCKetcup1'

2018-01-03 07:52:44 - [MESSAGE][PASSED] - Tapped on element 'Object Repository/Sidebar Menu/Operasional/Kasir/PlusTapABCKetcup1'

2018-01-03 07:52:44 - [TEST_STEP][PASSED] - tap: Tapped on element 'Object Repository/Sidebar Menu/Operasional/Kasir/PlusTapABCKetcup1'

2018-01-03 07:52:45 - [MESSAGE][PASSED] - Tapped on element 'Object Repository/Sidebar Menu/Operasional/Kasir/PlusTapABCKetcup1'

2018-01-03 07:52:45 - [TEST_STEP][PASSED] - tap: Tapped on element 'Object Repository/Sidebar Menu/Operasional/Kasir/PlusTapABCKetcup1'

2018-01-03 07:52:46 - [MESSAGE][PASSED] - Tapped on element 'Object Repository/Sidebar Menu/Operasional/Kasir/PlusTapABCKetcup1'

2018-01-03 07:52:46 - [TEST_STEP][PASSED] - tap: Tapped on element 'Object Repository/Sidebar Menu/Operasional/Kasir/PlusTapABCKetcup1'

2018-01-03 07:52:47 - [MESSAGE][PASSED] - Tapped on element 'Object Repository/Sidebar Menu/Operasional/Kasir/PlusTapABCKetcup1'

2018-01-03 07:52:47 - [TEST_STEP][PASSED] - tap: Tapped on element 'Object Repository/Sidebar Menu/Operasional/Kasir/PlusTapABCKetcup1'

2018-01-03 07:52:47 - [MESSAGE][PASSED] - Tapped on element 'Object Repository/Sidebar Menu/Operasional/Kasir/PlusTapABCKetcup1'

2018-01-03 07:52:47 - [TEST_STEP][PASSED] - tap: Tapped on element 'Object Repository/Sidebar Menu/Operasional/Kasir/PlusTapABCKetcup1'

2018-01-03 07:52:48 - [MESSAGE][PASSED] - Tapped on element 'Object Repository/Sidebar Menu/Operasional/Kasir/PlusTapABCKetcup1'

2018-01-03 07:52:48 - [TEST_STEP][PASSED] - Statement - For (def index : (0..7)): Tapped on element 'Object Repository/Sidebar Menu/Operasional/Kasir/MinusTapKetchup1'

2018-01-03 07:52:48 - [TEST_STEP][PASSED] - tap: Tapped on element 'Object Repository/Sidebar Menu/Operasional/Kasir/MinusTapKetchup1'

2018-01-03 07:52:49 - [MESSAGE][PASSED] - Tapped on element 'Object Repository/Sidebar Menu/Operasional/Kasir/MinusTapKetchup1'

2018-01-03 07:52:49 - [TEST_STEP][PASSED] - tap: Tapped on element 'Object Repository/Sidebar Menu/Operasional/Kasir/MinusTapKetchup1'

2018-01-03 07:52:49 - [MESSAGE][PASSED] - Tapped on element 'Object Repository/Sidebar Menu/Operasional/Kasir/MinusTapKetchup1'

2018-01-03 07:52:49 - [TEST_STEP][PASSED] - tap: Tapped on element 'Object Repository/Sidebar Menu/Operasional/Kasir/MinusTapKetchup1'

2018-01-03 07:52:50 - [MESSAGE][PASSED] - Tapped on element 'Object Repository/Sidebar Menu/Operasional/Kasir/MinusTapKetchup1'

2018-01-03 07:52:50 - [TEST_STEP][PASSED] - tap: Tapped on element 'Object Repository/Sidebar Menu/Operasional/Kasir/MinusTapKetchup1'

2018-01-03 07:52:50 - [MESSAGE][PASSED] - Tapped on element 'Object Repository/Sidebar Menu/Operasional/Kasir/MinusTapKetchup1'

2018-01-03 07:52:50 - [TEST_STEP][PASSED] - tap: Tapped on element 'Object Repository/Sidebar Menu/Operasional/Kasir/MinusTapKetchup1'

2018-01-03 07:52:51 - [MESSAGE][PASSED] - Tapped on element 'Object Repository/Sidebar Menu/Operasional/Kasir/MinusTapKetchup1'

2018-01-03 07:52:51 - [TEST_STEP][PASSED] - tap: Tapped on element 'Object Repository/Sidebar Menu/Operasional/Kasir/MinusTapKetchup1'

2018-01-03 07:52:51 - [MESSAGE][PASSED] - Tapped on element 'Object Repository/Sidebar Menu/Operasional/Kasir/MinusTapKetchup1'

2018-01-03 07:52:51 - [TEST_STEP][PASSED] - tap: Tapped on element 'Object Repository/Sidebar Menu/Operasional/Kasir/MinusTapKetchup1'

2018-01-03 07:52:52 - [MESSAGE][PASSED] - Tapped on element 'Object Repository/Sidebar Menu/Operasional/Kasir/MinusTapKetchup1'

2018-01-03 07:52:52 - [TEST_STEP][PASSED] - tap: Tapped on element 'Object Repository/Sidebar Menu/Operasional/Kasir/MinusTapKetchup1'

2018-01-03 07:52:52 - [MESSAGE][PASSED] - Tapped on element 'Object Repository/Sidebar Menu/Operasional/Kasir/MinusTapKetchup1'

2018-01-03 07:52:52 - [TEST_STEP][PASSED] - clearText: Element 'Object Repository/Sidebar Menu/Operasional/Kasir/InputJumlahABCKetcup1' text is cleared

2018-01-03 07:52:59 - [MESSAGE][PASSED] - Element 'Object Repository/Sidebar Menu/Operasional/Kasir/InputJumlahABCKetcup1' text is cleared

2018-01-03 07:52:59 - [TEST_STEP][PASSED] - tap: Tapped on element 'Object Repository/Sidebar Menu/Operasional/Kasir/InputJumlahABCKetcup1'

2018-01-03 07:52:59 - [MESSAGE][PASSED] - Tapped on element 'Object Repository/Sidebar Menu/Operasional/Kasir/InputJumlahABCKetcup1'

2018-01-03 07:52:59 - [TEST_STEP][PASSED] - sendKeys: Send keys '-26' on test object 'Object Repository/Sidebar Menu/Operasional/Kasir/InputJumlahABCKetcup1' successfully.

2018-01-03 07:53:15 - [MESSAGE][PASSED] - Send keys '-26' on test object 'Object Repository/Sidebar Menu/Operasional/Kasir/InputJumlahABCKetcup1' successfully.

2018-01-03 07:53:15 - [TEST_STEP][PASSED] - Statement - For (def index : (0..4)): Tapped on element 'Object Repository/Sidebar Menu/Operasional/Kasir/MinusTapKetchup1'

2018-01-03 07:53:15 - [TEST_STEP][PASSED] - tap: Tapped on element 'Object Repository/Sidebar Menu/Operasional/Kasir/MinusTapKetchup1'

2018-01-03 07:53:16 - [MESSAGE][PASSED] - Tapped on element 'Object Repository/Sidebar Menu/Operasional/Kasir/MinusTapKetchup1'

2018-01-03 07:53:16 - [TEST_STEP][PASSED] - tap: Tapped on element 'Object Repository/Sidebar Menu/Operasional/Kasir/MinusTapKetchup1'

2018-01-03 07:53:17 - [MESSAGE][PASSED] - Tapped on element 'Object Repository/Sidebar Menu/Operasional/Kasir/MinusTapKetchup1'

2018-01-03 07:53:17 - [TEST_STEP][PASSED] - tap: Tapped on element 'Object Repository/Sidebar Menu/Operasional/Kasir/MinusTapKetchup1'

2018-01-03 07:53:17 - [MESSAGE][PASSED] - Tapped on element 'Object Repository/Sidebar Menu/Operasional/Kasir/MinusTapKetchup1'

2018-01-03 07:53:17 - [TEST_STEP][PASSED] - tap: Tapped on element 'Object Repository/Sidebar Menu/Operasional/Kasir/MinusTapKetchup1'

2018-01-03 07:53:18 - [MESSAGE][PASSED] - Tapped on element 'Object Repository/Sidebar Menu/Operasional/Kasir/MinusTapKetchup1'

2018-01-03 07:53:18 - [TEST_STEP][PASSED] - tap: Tapped on element 'Object Repository/Sidebar Menu/Operasional/Kasir/MinusTapKetchup1'

2018-01-03 07:53:18 - [MESSAGE][PASSED] - Tapped on element 'Object Repository/Sidebar Menu/Operasional/Kasir/MinusTapKetchup1']]></system-out>
         <system-err><![CDATA[]]></system-err>
      </testcase>
      <testcase name="Test Cases/29 - TC - All" classname="Test Cases/29 - TC - All" status="FAILED">
         <failure type="FAILED" message="Failed to tap on element 'Object Repository/Sidebar Menu/Operasional/Kasir/Keranjang' (Root cause: Object Object Repository/Sidebar Menu/Operasional/Kasir/Keranjang not found)"/>
         <system-out><![CDATA[2018-01-03 07:53:18 - [TEST_CASE][FAILED] - Test Cases/29 - TC - All: Test Cases/29 - TC - All FAILED because (of) Failed to tap on element 'Object Repository/Sidebar Menu/Operasional/Kasir/Keranjang' (Root cause: Object Object Repository/Sidebar Menu/Operasional/Kasir/Keranjang not found)

2018-01-03 07:53:18 - [TEST_STEP][FAILED] - tap: Failed to tap on element 'Object Repository/Sidebar Menu/Operasional/Kasir/Keranjang' (Root cause: Object Object Repository/Sidebar Menu/Operasional/Kasir/Keranjang not found)

2018-01-03 07:53:20 - [MESSAGE][FAILED] - Object Object Repository/Sidebar Menu/Operasional/Kasir/Keranjang not found

2018-01-03 07:53:20 - [MESSAGE][FAILED] - Failed to tap on element 'Object Repository/Sidebar Menu/Operasional/Kasir/Keranjang' (Root cause: Object Object Repository/Sidebar Menu/Operasional/Kasir/Keranjang not found)]]></system-out>
         <system-err><![CDATA[2018-01-03 07:53:18 - [TEST_CASE][FAILED] - Test Cases/29 - TC - All: Test Cases/29 - TC - All FAILED because (of) Failed to tap on element 'Object Repository/Sidebar Menu/Operasional/Kasir/Keranjang' (Root cause: Object Object Repository/Sidebar Menu/Operasional/Kasir/Keranjang not found)]]></system-err>
      </testcase>
      <system-out><![CDATA[2018-01-03 07:48:32 - [TEST_SUITE][FAILED] - Sprint 2: Test Cases/29 - TC - All FAILED because (of) Failed to tap on element 'Object Repository/Sidebar Menu/Operasional/Kasir/Keranjang' (Root cause: Object Object Repository/Sidebar Menu/Operasional/Kasir/Keranjang not found)]]></system-out>
      <system-err><![CDATA[2018-01-03 07:48:32 - [TEST_SUITE][FAILED] - Sprint 2: Test Cases/29 - TC - All FAILED because (of) Failed to tap on element 'Object Repository/Sidebar Menu/Operasional/Kasir/Keranjang' (Root cause: Object Object Repository/Sidebar Menu/Operasional/Kasir/Keranjang not found)]]></system-err>
   </testsuite>
</testsuites>
