<?xml version="1.0" encoding="UTF-8"?>
<testsuites name="Story 35 - Tambah Barang" time="1634" tests="25" failures="1" errors="0">
   <testsuite name="Story 35 - Tambah Barang" tests="25" failures="1" errors="0" time="1634" timestamp="2018-07-13 16:38:00" hostname="AV2017005903 - NBMP18A211ITSQA.corp.bankbtpn.co.id" id="Test Suites/Story 35 - Tambah Barang">
      <properties>
         <property name="deviceName" value="OPPO A37f (Android 5.1.1)"/>
         <property name="devicePlatform" value=""/>
         <property name="logFolder" value="C:\\Users\\AV2017005903\\Documents\\apollo-automation\\Reports\\Story 35 - Tambah Barang\\20180713_163751"/>
         <property name="logFiles" value="C:\\Users\\AV2017005903\\Documents\\apollo-automation\\Reports\\Story 35 - Tambah Barang\\20180713_163751\\appium.log, C:\\Users\\AV2017005903\\Documents\\apollo-automation\\Reports\\Story 35 - Tambah Barang\\20180713_163751\\execution0.log"/>
         <property name="attachments" value=""/>
         <property name="hostName" value="AV2017005903 - NBMP18A211ITSQA.corp.bankbtpn.co.id"/>
         <property name="os" value="Windows 10 64bit"/>
         <property name="katalonVersion" value="5.4.2.1"/>
         <property name="deviceOS" value="Android"/>
         <property name="appiumVersion" value="1.8.1"/>
         <property name="deviceModel" value="A37f"/>
         <property name="hostAddress" value="192.168.62.1"/>
         <property name="deviceManufacturer" value="OPPO"/>
         <property name="deviceId" value="6e4df14"/>
         <property name="deviceName" value="OPPO A37f (Android 5.1.1)"/>
         <property name="deviceOSVersion" value="5.1.1"/>
      </properties>
      <testcase name="Test Cases/Story 35 and 921 -Tambah Barang/35 TC 1" classname="Test Cases/Story 35 and 921 -Tambah Barang/35 TC 1" status="PASSED">
         <system-out><![CDATA[2018-07-13 16:38:01 - [TEST_CASE][PASSED] - Test Cases/Story 35 and 921 -Tambah Barang/35 TC 1: Test Cases/Story 35 and 921 -Tambah Barang/35 TC 1

2018-07-13 16:38:02 - [TEST_STEP][PASSED] - comment: Start Story 35 - Display Tambah Barang Form

2018-07-13 16:38:02 - [TEST_STEP][PASSED] - comment: Call Test Case 26 (TC1)

2018-07-13 16:38:02 - [TEST_STEP][PASSED] - callTestCase: Call Test Case 'Test Cases/Story 26 dan 842 -Kelola Stok Final/26 TC 1' successfully

2018-07-13 16:38:02 - [TEST_CASE][PASSED] - Test Cases/Story 26 dan 842 -Kelola Stok Final/26 TC 1: Test Cases/Story 26 dan 842 -Kelola Stok Final/26 TC 1

2018-07-13 16:38:02 - [TEST_STEP][PASSED] - comment: Kelola Stock - View

2018-07-13 16:38:02 - [TEST_STEP][PASSED] - callTestCase: Call Test Case 'Test Cases/Story 679 - Welcome Screen/679 TC - Welcome Screen' successfully

2018-07-13 16:38:02 - [TEST_CASE][PASSED] - Test Cases/Story 679 - Welcome Screen/679 TC - Welcome Screen: Test Cases/Story 679 - Welcome Screen/679 TC - Welcome Screen

2018-07-13 16:38:02 - [TEST_STEP][PASSED] - comment: Start Story 679

2018-07-13 16:38:02 - [TEST_STEP][PASSED] - Statement - apkPath = apkName: null

2018-07-13 16:38:02 - [TEST_STEP][PASSED] - startApplication: Started app at: 'C:\Users\AV2017005903\Documents\apollo-automation\app-sit-3 Juli.apk'

2018-07-13 16:38:38 - [MESSAGE][PASSED] - Started app at: 'C:\Users\AV2017005903\Documents\apollo-automation\app-sit-3 Juli.apk'

2018-07-13 16:38:38 - [TEST_STEP][PASSED] - delay: Delayed 15 second(s)

2018-07-13 16:38:53 - [MESSAGE][PASSED] - Delayed 15 second(s)

2018-07-13 16:38:53 - [TEST_STEP][NOT_RUN] - waitForElementPresent: NOT_RUN: waitForElementPresent

2018-07-13 16:38:53 - [MESSAGE][NOT_RUN] - NOT_RUN: waitForElementPresent

2018-07-13 16:38:53 - [TEST_STEP][NOT_RUN] - verifyElementVisible: NOT_RUN: verifyElementVisible

2018-07-13 16:38:53 - [MESSAGE][NOT_RUN] - NOT_RUN: verifyElementVisible

2018-07-13 16:38:53 - [TEST_STEP][PASSED] - Comment - "Delay until UpdateApp TopUp appear": null

2018-07-13 16:38:53 - [TEST_STEP][PASSED] - Statement - driver = com.kms.katalon.core.mobile.keyword.internal.MobileDriverFactory.getDriver(): null

2018-07-13 16:38:53 - [TEST_STEP][PASSED] - Statement - action = new io.appium.java_client.TouchAction(driver): null

2018-07-13 16:38:53 - [TEST_STEP][PASSED] - Statement - action.longPress(450, 300).moveTo(100, 300).release().perform(): null

2018-07-13 16:38:56 - [TEST_STEP][PASSED] - delay: Delayed 8 second(s)

2018-07-13 16:39:04 - [MESSAGE][PASSED] - Delayed 8 second(s)

2018-07-13 16:39:04 - [TEST_STEP][PASSED] - Statement - action.longPress(450, 300).moveTo(100, 300).release().perform(): null

2018-07-13 16:39:07 - [TEST_STEP][PASSED] - delay: Delayed 8 second(s)

2018-07-13 16:39:15 - [MESSAGE][PASSED] - Delayed 8 second(s)

2018-07-13 16:39:15 - [TEST_STEP][PASSED] - Statement - action.longPress(450, 300).moveTo(100, 300).release().perform(): null

2018-07-13 16:39:17 - [TEST_STEP][PASSED] - delay: Delayed 8 second(s)

2018-07-13 16:39:25 - [MESSAGE][PASSED] - Delayed 8 second(s)

2018-07-13 16:39:25 - [TEST_STEP][PASSED] - Statement - action.longPress(450, 300).moveTo(100, 300).release().perform(): null

2018-07-13 16:39:28 - [TEST_STEP][PASSED] - delay: Delayed 8 second(s)

2018-07-13 16:39:36 - [MESSAGE][PASSED] - Delayed 8 second(s)

2018-07-13 16:39:36 - [TEST_STEP][PASSED] - waitForElementPresent: Element 'Object Repository/Splash Screen/Mulai - Button' is present

2018-07-13 16:39:36 - [MESSAGE][WARNING] - Timeout '0' is invalid. Using default page load timeout: '30'

2018-07-13 16:39:39 - [MESSAGE][PASSED] - Element 'Object Repository/Splash Screen/Mulai - Button' is present

2018-07-13 16:39:39 - [TEST_STEP][PASSED] - tap: Tapped on element 'Object Repository/Splash Screen/Mulai - Button'

2018-07-13 16:39:39 - [MESSAGE][WARNING] - Timeout '0' is invalid. Using default page load timeout: '30'

2018-07-13 16:39:46 - [MESSAGE][PASSED] - Tapped on element 'Object Repository/Splash Screen/Mulai - Button'

2018-07-13 16:39:46 - [MESSAGE][PASSED] - Call Test Case 'Test Cases/Story 679 - Welcome Screen/679 TC - Welcome Screen' successfully

2018-07-13 16:39:46 - [TEST_STEP][NOT_RUN] - Statement - apkPath = apkName: NOT_RUN: Statement - apkPath = apkName

2018-07-13 16:39:46 - [MESSAGE][NOT_RUN] - NOT_RUN: Statement - apkPath = apkName

2018-07-13 16:39:46 - [TEST_STEP][NOT_RUN] - startApplication: NOT_RUN: startApplication

2018-07-13 16:39:46 - [MESSAGE][NOT_RUN] - NOT_RUN: startApplication

2018-07-13 16:39:46 - [TEST_STEP][NOT_RUN] - verifyElementVisible: NOT_RUN: verifyElementVisible

2018-07-13 16:39:46 - [MESSAGE][NOT_RUN] - NOT_RUN: verifyElementVisible

2018-07-13 16:39:46 - [TEST_STEP][PASSED] - comment: Start Login Test Case

2018-07-13 16:39:46 - [TEST_STEP][PASSED] - delay: Delayed 5 second(s)

2018-07-13 16:39:51 - [MESSAGE][PASSED] - Delayed 5 second(s)

2018-07-13 16:39:51 - [TEST_STEP][PASSED] - Comment - "If there is a Update TopuUp, click No, Else you can delay for waiting lazyload ": null

2018-07-13 16:39:51 - [TEST_STEP][PASSED] - waitForElementPresent: Element 'Object Repository/Login/Nomor HP  Nama Pengguna - Text Box' is present

2018-07-13 16:39:58 - [MESSAGE][PASSED] - Element 'Object Repository/Login/Nomor HP  Nama Pengguna - Text Box' is present

2018-07-13 16:39:58 - [TEST_STEP][PASSED] - verifyElementAttributeValue: Object 'Object Repository/Login/Nomor HP  Nama Pengguna - Text Box' has attribute 'content-desc' with value 'LoginNameTextInput'

2018-07-13 16:40:03 - [MESSAGE][PASSED] - Object 'Object Repository/Login/Nomor HP  Nama Pengguna - Text Box' has attribute 'content-desc' with value 'LoginNameTextInput'

2018-07-13 16:40:03 - [TEST_STEP][PASSED] - tap: Tapped on element 'Object Repository/Login/Nomor HP  Nama Pengguna - Text Box'

2018-07-13 16:40:08 - [MESSAGE][PASSED] - Tapped on element 'Object Repository/Login/Nomor HP  Nama Pengguna - Text Box'

2018-07-13 16:40:08 - [TEST_STEP][PASSED] - setText: Text '08112233445567' has been set to element 'Object Repository/Login/Nomor HP  Nama Pengguna - Text Box'

2018-07-13 16:40:27 - [MESSAGE][PASSED] - Text '08112233445567' has been set to element 'Object Repository/Login/Nomor HP  Nama Pengguna - Text Box'

2018-07-13 16:40:27 - [TEST_STEP][PASSED] - hideKeyboard: Keyboard is hidden

2018-07-13 16:40:27 - [MESSAGE][PASSED] - Keyboard is hidden

2018-07-13 16:40:27 - [TEST_STEP][PASSED] - verifyElementText: Actual text and expected text of test object 'Object Repository/Login/Nomor HP  Nama Pengguna - Text Box' are matched.

2018-07-13 16:40:31 - [MESSAGE][PASSED] - Actual text and expected text of test object 'Object Repository/Login/Nomor HP  Nama Pengguna - Text Box' are matched.

2018-07-13 16:40:31 - [TEST_STEP][PASSED] - waitForElementPresent: Element 'Object Repository/Login/Button Masuk' is present

2018-07-13 16:40:35 - [MESSAGE][PASSED] - Element 'Object Repository/Login/Button Masuk' is present

2018-07-13 16:40:35 - [TEST_STEP][PASSED] - verifyElementAttributeValue: Object 'Object Repository/Login/Button Masuk' has attribute 'content-desc' with value 'LoginJumpNextBtn'

2018-07-13 16:40:39 - [MESSAGE][PASSED] - Object 'Object Repository/Login/Button Masuk' has attribute 'content-desc' with value 'LoginJumpNextBtn'

2018-07-13 16:40:39 - [TEST_STEP][PASSED] - tap: Tapped on element 'Object Repository/Login/Button Masuk'

2018-07-13 16:40:48 - [MESSAGE][PASSED] - Tapped on element 'Object Repository/Login/Button Masuk'

2018-07-13 16:40:48 - [TEST_STEP][PASSED] - waitForElementPresent: Element 'Object Repository/Login/Input Pin' is present

2018-07-13 16:40:51 - [MESSAGE][PASSED] - Element 'Object Repository/Login/Input Pin' is present

2018-07-13 16:40:51 - [TEST_STEP][PASSED] - verifyElementAttributeValue: Object 'Object Repository/Login/Input Pin' has attribute 'content-desc' with value 'pinCircleFocus'

2018-07-13 16:40:59 - [MESSAGE][PASSED] - Object 'Object Repository/Login/Input Pin' has attribute 'content-desc' with value 'pinCircleFocus'

2018-07-13 16:40:59 - [TEST_STEP][PASSED] - tap: Tapped on element 'Object Repository/Login/Input Pin'

2018-07-13 16:41:08 - [MESSAGE][PASSED] - Tapped on element 'Object Repository/Login/Input Pin'

2018-07-13 16:41:08 - [TEST_STEP][PASSED] - setText: Text '123456' has been set to element 'Object Repository/Login/Input Pin'

2018-07-13 16:41:28 - [MESSAGE][PASSED] - Text '123456' has been set to element 'Object Repository/Login/Input Pin'

2018-07-13 16:41:28 - [TEST_STEP][PASSED] - delay: Delayed 5 second(s)

2018-07-13 16:41:33 - [MESSAGE][PASSED] - Delayed 5 second(s)

2018-07-13 16:41:33 - [TEST_STEP][PASSED] - getAttribute: Element 'Object Repository/Login/DashboardScreen' has attribute 'content-desc' is 'DashboardScreen'

2018-07-13 16:41:38 - [MESSAGE][PASSED] - Element 'Object Repository/Login/DashboardScreen' has attribute 'content-desc' is 'DashboardScreen'

2018-07-13 16:41:38 - [TEST_STEP][PASSED] - verifyElementAttributeValue: Object 'Object Repository/Login/DashboardScreen' has attribute 'content-desc' with value 'DashboardScreen'

2018-07-13 16:41:43 - [MESSAGE][PASSED] - Object 'Object Repository/Login/DashboardScreen' has attribute 'content-desc' with value 'DashboardScreen'

2018-07-13 16:41:43 - [TEST_STEP][PASSED] - delay: Delayed 5 second(s)

2018-07-13 16:41:48 - [MESSAGE][PASSED] - Delayed 5 second(s)

2018-07-13 16:41:48 - [TEST_STEP][PASSED] - comment: End Login Test Case

2018-07-13 16:41:48 - [TEST_STEP][PASSED] - waitForElementPresent: Element 'Object Repository/Sidebar Menu/HamburgerButton' is present

2018-07-13 16:41:51 - [MESSAGE][PASSED] - Element 'Object Repository/Sidebar Menu/HamburgerButton' is present

2018-07-13 16:41:51 - [TEST_STEP][PASSED] - verifyElementAttributeValue: Object 'Object Repository/Sidebar Menu/HamburgerButton' has attribute 'content-desc' with value 'headerBar_button_hamburgerMenu'

2018-07-13 16:41:55 - [MESSAGE][PASSED] - Object 'Object Repository/Sidebar Menu/HamburgerButton' has attribute 'content-desc' with value 'headerBar_button_hamburgerMenu'

2018-07-13 16:41:55 - [TEST_STEP][PASSED] - tap: Tapped on element 'Object Repository/Sidebar Menu/HamburgerButton'

2018-07-13 16:42:00 - [MESSAGE][PASSED] - Tapped on element 'Object Repository/Sidebar Menu/HamburgerButton'

2018-07-13 16:42:00 - [TEST_STEP][PASSED] - waitForElementPresent: Element 'Object Repository/Sidebar Menu/Produk/Produk' is present

2018-07-13 16:42:06 - [MESSAGE][PASSED] - Element 'Object Repository/Sidebar Menu/Produk/Produk' is present

2018-07-13 16:42:06 - [TEST_STEP][PASSED] - verifyElementAttributeValue: Object 'Object Repository/Sidebar Menu/Produk/Produk' has attribute 'content-desc' with value 'produkMenuItem'

2018-07-13 16:42:12 - [MESSAGE][PASSED] - Object 'Object Repository/Sidebar Menu/Produk/Produk' has attribute 'content-desc' with value 'produkMenuItem'

2018-07-13 16:42:12 - [TEST_STEP][PASSED] - tap: Tapped on element 'Object Repository/Sidebar Menu/Produk/Produk'

2018-07-13 16:42:18 - [MESSAGE][PASSED] - Tapped on element 'Object Repository/Sidebar Menu/Produk/Produk'

2018-07-13 16:42:18 - [TEST_STEP][PASSED] - verifyElementVisible: Element 'Object Repository/Sidebar Menu/Produk/Text Header -  Produk' is visible

2018-07-13 16:42:24 - [MESSAGE][PASSED] - Element 'Object Repository/Sidebar Menu/Produk/Text Header -  Produk' is visible

2018-07-13 16:42:24 - [TEST_STEP][PASSED] - delay: Delayed 5 second(s)

2018-07-13 16:42:29 - [MESSAGE][PASSED] - Delayed 5 second(s)

2018-07-13 16:42:29 - [MESSAGE][PASSED] - Call Test Case 'Test Cases/Story 26 dan 842 -Kelola Stok Final/26 TC 1' successfully

2018-07-13 16:42:29 - [TEST_STEP][PASSED] - waitForElementPresent: Element 'Object Repository/Sidebar Menu/Produk/Tambah Barang/Tambah Barang Button' is present

2018-07-13 16:42:32 - [MESSAGE][PASSED] - Element 'Object Repository/Sidebar Menu/Produk/Tambah Barang/Tambah Barang Button' is present

2018-07-13 16:42:32 - [TEST_STEP][PASSED] - verifyElementAttributeValue: Object 'Object Repository/Sidebar Menu/Produk/Tambah Barang/Tambah Barang Button' has attribute 'content-desc' with value 'productListComponent_button_addProduct'

2018-07-13 16:42:37 - [MESSAGE][PASSED] - Object 'Object Repository/Sidebar Menu/Produk/Tambah Barang/Tambah Barang Button' has attribute 'content-desc' with value 'productListComponent_button_addProduct'

2018-07-13 16:42:37 - [TEST_STEP][PASSED] - tap: Tapped on element 'Object Repository/Sidebar Menu/Produk/Tambah Barang/Tambah Barang Button'

2018-07-13 16:42:42 - [MESSAGE][PASSED] - Tapped on element 'Object Repository/Sidebar Menu/Produk/Tambah Barang/Tambah Barang Button']]></system-out>
         <system-err><![CDATA[]]></system-err>
      </testcase>
      <testcase name="Test Cases/Story 35 and 921 -Tambah Barang/35 TC 2" classname="Test Cases/Story 35 and 921 -Tambah Barang/35 TC 2" status="PASSED">
         <system-out><![CDATA[2018-07-13 16:42:42 - [TEST_CASE][PASSED] - Test Cases/Story 35 and 921 -Tambah Barang/35 TC 2: Test Cases/Story 35 and 921 -Tambah Barang/35 TC 2

2018-07-13 16:42:42 - [TEST_STEP][PASSED] - comment: Increase or decrease product stock

2018-07-13 16:42:43 - [TEST_STEP][PASSED] - Statement - For (def index : (0..10)): Tapped on element 'Object Repository/Sidebar Menu/Produk/Tambah Barang/PlusTap - JumlaH Stock'

2018-07-13 16:42:43 - [TEST_STEP][PASSED] - waitForElementPresent: Element 'Object Repository/Sidebar Menu/Produk/Tambah Barang/PlusTap - JumlaH Stock' is present

2018-07-13 16:42:49 - [MESSAGE][PASSED] - Element 'Object Repository/Sidebar Menu/Produk/Tambah Barang/PlusTap - JumlaH Stock' is present

2018-07-13 16:42:49 - [TEST_STEP][PASSED] - verifyElementAttributeValue: Object 'Object Repository/Sidebar Menu/Produk/Tambah Barang/PlusTap - JumlaH Stock' has attribute 'content-desc' with value 'action_plus_anumberpicker'

2018-07-13 16:42:53 - [MESSAGE][PASSED] - Object 'Object Repository/Sidebar Menu/Produk/Tambah Barang/PlusTap - JumlaH Stock' has attribute 'content-desc' with value 'action_plus_anumberpicker'

2018-07-13 16:42:53 - [TEST_STEP][PASSED] - tap: Tapped on element 'Object Repository/Sidebar Menu/Produk/Tambah Barang/PlusTap - JumlaH Stock'

2018-07-13 16:43:00 - [MESSAGE][PASSED] - Tapped on element 'Object Repository/Sidebar Menu/Produk/Tambah Barang/PlusTap - JumlaH Stock'

2018-07-13 16:43:00 - [TEST_STEP][PASSED] - waitForElementPresent: Element 'Object Repository/Sidebar Menu/Produk/Tambah Barang/PlusTap - JumlaH Stock' is present

2018-07-13 16:43:08 - [MESSAGE][PASSED] - Element 'Object Repository/Sidebar Menu/Produk/Tambah Barang/PlusTap - JumlaH Stock' is present

2018-07-13 16:43:08 - [TEST_STEP][PASSED] - verifyElementAttributeValue: Object 'Object Repository/Sidebar Menu/Produk/Tambah Barang/PlusTap - JumlaH Stock' has attribute 'content-desc' with value 'action_plus_anumberpicker'

2018-07-13 16:43:16 - [MESSAGE][PASSED] - Object 'Object Repository/Sidebar Menu/Produk/Tambah Barang/PlusTap - JumlaH Stock' has attribute 'content-desc' with value 'action_plus_anumberpicker'

2018-07-13 16:43:16 - [TEST_STEP][PASSED] - tap: Tapped on element 'Object Repository/Sidebar Menu/Produk/Tambah Barang/PlusTap - JumlaH Stock'

2018-07-13 16:43:25 - [MESSAGE][PASSED] - Tapped on element 'Object Repository/Sidebar Menu/Produk/Tambah Barang/PlusTap - JumlaH Stock'

2018-07-13 16:43:25 - [TEST_STEP][PASSED] - waitForElementPresent: Element 'Object Repository/Sidebar Menu/Produk/Tambah Barang/PlusTap - JumlaH Stock' is present

2018-07-13 16:43:29 - [MESSAGE][PASSED] - Element 'Object Repository/Sidebar Menu/Produk/Tambah Barang/PlusTap - JumlaH Stock' is present

2018-07-13 16:43:29 - [TEST_STEP][PASSED] - verifyElementAttributeValue: Object 'Object Repository/Sidebar Menu/Produk/Tambah Barang/PlusTap - JumlaH Stock' has attribute 'content-desc' with value 'action_plus_anumberpicker'

2018-07-13 16:43:33 - [MESSAGE][PASSED] - Object 'Object Repository/Sidebar Menu/Produk/Tambah Barang/PlusTap - JumlaH Stock' has attribute 'content-desc' with value 'action_plus_anumberpicker'

2018-07-13 16:43:33 - [TEST_STEP][PASSED] - tap: Tapped on element 'Object Repository/Sidebar Menu/Produk/Tambah Barang/PlusTap - JumlaH Stock'

2018-07-13 16:43:39 - [MESSAGE][PASSED] - Tapped on element 'Object Repository/Sidebar Menu/Produk/Tambah Barang/PlusTap - JumlaH Stock'

2018-07-13 16:43:39 - [TEST_STEP][PASSED] - waitForElementPresent: Element 'Object Repository/Sidebar Menu/Produk/Tambah Barang/PlusTap - JumlaH Stock' is present

2018-07-13 16:43:41 - [MESSAGE][PASSED] - Element 'Object Repository/Sidebar Menu/Produk/Tambah Barang/PlusTap - JumlaH Stock' is present

2018-07-13 16:43:41 - [TEST_STEP][PASSED] - verifyElementAttributeValue: Object 'Object Repository/Sidebar Menu/Produk/Tambah Barang/PlusTap - JumlaH Stock' has attribute 'content-desc' with value 'action_plus_anumberpicker'

2018-07-13 16:43:46 - [MESSAGE][PASSED] - Object 'Object Repository/Sidebar Menu/Produk/Tambah Barang/PlusTap - JumlaH Stock' has attribute 'content-desc' with value 'action_plus_anumberpicker'

2018-07-13 16:43:46 - [TEST_STEP][PASSED] - tap: Tapped on element 'Object Repository/Sidebar Menu/Produk/Tambah Barang/PlusTap - JumlaH Stock'

2018-07-13 16:43:51 - [MESSAGE][PASSED] - Tapped on element 'Object Repository/Sidebar Menu/Produk/Tambah Barang/PlusTap - JumlaH Stock'

2018-07-13 16:43:51 - [TEST_STEP][PASSED] - waitForElementPresent: Element 'Object Repository/Sidebar Menu/Produk/Tambah Barang/PlusTap - JumlaH Stock' is present

2018-07-13 16:43:55 - [MESSAGE][PASSED] - Element 'Object Repository/Sidebar Menu/Produk/Tambah Barang/PlusTap - JumlaH Stock' is present

2018-07-13 16:43:55 - [TEST_STEP][PASSED] - verifyElementAttributeValue: Object 'Object Repository/Sidebar Menu/Produk/Tambah Barang/PlusTap - JumlaH Stock' has attribute 'content-desc' with value 'action_plus_anumberpicker'

2018-07-13 16:43:59 - [MESSAGE][PASSED] - Object 'Object Repository/Sidebar Menu/Produk/Tambah Barang/PlusTap - JumlaH Stock' has attribute 'content-desc' with value 'action_plus_anumberpicker'

2018-07-13 16:43:59 - [TEST_STEP][PASSED] - tap: Tapped on element 'Object Repository/Sidebar Menu/Produk/Tambah Barang/PlusTap - JumlaH Stock'

2018-07-13 16:44:06 - [MESSAGE][PASSED] - Tapped on element 'Object Repository/Sidebar Menu/Produk/Tambah Barang/PlusTap - JumlaH Stock'

2018-07-13 16:44:06 - [TEST_STEP][PASSED] - waitForElementPresent: Element 'Object Repository/Sidebar Menu/Produk/Tambah Barang/PlusTap - JumlaH Stock' is present

2018-07-13 16:44:09 - [MESSAGE][PASSED] - Element 'Object Repository/Sidebar Menu/Produk/Tambah Barang/PlusTap - JumlaH Stock' is present

2018-07-13 16:44:09 - [TEST_STEP][PASSED] - verifyElementAttributeValue: Object 'Object Repository/Sidebar Menu/Produk/Tambah Barang/PlusTap - JumlaH Stock' has attribute 'content-desc' with value 'action_plus_anumberpicker'

2018-07-13 16:44:13 - [MESSAGE][PASSED] - Object 'Object Repository/Sidebar Menu/Produk/Tambah Barang/PlusTap - JumlaH Stock' has attribute 'content-desc' with value 'action_plus_anumberpicker'

2018-07-13 16:44:13 - [TEST_STEP][PASSED] - tap: Tapped on element 'Object Repository/Sidebar Menu/Produk/Tambah Barang/PlusTap - JumlaH Stock'

2018-07-13 16:44:18 - [MESSAGE][PASSED] - Tapped on element 'Object Repository/Sidebar Menu/Produk/Tambah Barang/PlusTap - JumlaH Stock'

2018-07-13 16:44:18 - [TEST_STEP][PASSED] - waitForElementPresent: Element 'Object Repository/Sidebar Menu/Produk/Tambah Barang/PlusTap - JumlaH Stock' is present

2018-07-13 16:44:21 - [MESSAGE][PASSED] - Element 'Object Repository/Sidebar Menu/Produk/Tambah Barang/PlusTap - JumlaH Stock' is present

2018-07-13 16:44:21 - [TEST_STEP][PASSED] - verifyElementAttributeValue: Object 'Object Repository/Sidebar Menu/Produk/Tambah Barang/PlusTap - JumlaH Stock' has attribute 'content-desc' with value 'action_plus_anumberpicker'

2018-07-13 16:44:25 - [MESSAGE][PASSED] - Object 'Object Repository/Sidebar Menu/Produk/Tambah Barang/PlusTap - JumlaH Stock' has attribute 'content-desc' with value 'action_plus_anumberpicker'

2018-07-13 16:44:25 - [TEST_STEP][PASSED] - tap: Tapped on element 'Object Repository/Sidebar Menu/Produk/Tambah Barang/PlusTap - JumlaH Stock'

2018-07-13 16:44:30 - [MESSAGE][PASSED] - Tapped on element 'Object Repository/Sidebar Menu/Produk/Tambah Barang/PlusTap - JumlaH Stock'

2018-07-13 16:44:30 - [TEST_STEP][PASSED] - waitForElementPresent: Element 'Object Repository/Sidebar Menu/Produk/Tambah Barang/PlusTap - JumlaH Stock' is present

2018-07-13 16:44:33 - [MESSAGE][PASSED] - Element 'Object Repository/Sidebar Menu/Produk/Tambah Barang/PlusTap - JumlaH Stock' is present

2018-07-13 16:44:33 - [TEST_STEP][PASSED] - verifyElementAttributeValue: Object 'Object Repository/Sidebar Menu/Produk/Tambah Barang/PlusTap - JumlaH Stock' has attribute 'content-desc' with value 'action_plus_anumberpicker'

2018-07-13 16:44:37 - [MESSAGE][PASSED] - Object 'Object Repository/Sidebar Menu/Produk/Tambah Barang/PlusTap - JumlaH Stock' has attribute 'content-desc' with value 'action_plus_anumberpicker'

2018-07-13 16:44:37 - [TEST_STEP][PASSED] - tap: Tapped on element 'Object Repository/Sidebar Menu/Produk/Tambah Barang/PlusTap - JumlaH Stock'

2018-07-13 16:44:42 - [MESSAGE][PASSED] - Tapped on element 'Object Repository/Sidebar Menu/Produk/Tambah Barang/PlusTap - JumlaH Stock'

2018-07-13 16:44:42 - [TEST_STEP][PASSED] - waitForElementPresent: Element 'Object Repository/Sidebar Menu/Produk/Tambah Barang/PlusTap - JumlaH Stock' is present

2018-07-13 16:44:45 - [MESSAGE][PASSED] - Element 'Object Repository/Sidebar Menu/Produk/Tambah Barang/PlusTap - JumlaH Stock' is present

2018-07-13 16:44:45 - [TEST_STEP][PASSED] - verifyElementAttributeValue: Object 'Object Repository/Sidebar Menu/Produk/Tambah Barang/PlusTap - JumlaH Stock' has attribute 'content-desc' with value 'action_plus_anumberpicker'

2018-07-13 16:44:49 - [MESSAGE][PASSED] - Object 'Object Repository/Sidebar Menu/Produk/Tambah Barang/PlusTap - JumlaH Stock' has attribute 'content-desc' with value 'action_plus_anumberpicker'

2018-07-13 16:44:49 - [TEST_STEP][PASSED] - tap: Tapped on element 'Object Repository/Sidebar Menu/Produk/Tambah Barang/PlusTap - JumlaH Stock'

2018-07-13 16:44:54 - [MESSAGE][PASSED] - Tapped on element 'Object Repository/Sidebar Menu/Produk/Tambah Barang/PlusTap - JumlaH Stock'

2018-07-13 16:44:54 - [TEST_STEP][PASSED] - waitForElementPresent: Element 'Object Repository/Sidebar Menu/Produk/Tambah Barang/PlusTap - JumlaH Stock' is present

2018-07-13 16:44:57 - [MESSAGE][PASSED] - Element 'Object Repository/Sidebar Menu/Produk/Tambah Barang/PlusTap - JumlaH Stock' is present

2018-07-13 16:44:58 - [TEST_STEP][PASSED] - verifyElementAttributeValue: Object 'Object Repository/Sidebar Menu/Produk/Tambah Barang/PlusTap - JumlaH Stock' has attribute 'content-desc' with value 'action_plus_anumberpicker'

2018-07-13 16:45:02 - [MESSAGE][PASSED] - Object 'Object Repository/Sidebar Menu/Produk/Tambah Barang/PlusTap - JumlaH Stock' has attribute 'content-desc' with value 'action_plus_anumberpicker'

2018-07-13 16:45:02 - [TEST_STEP][PASSED] - tap: Tapped on element 'Object Repository/Sidebar Menu/Produk/Tambah Barang/PlusTap - JumlaH Stock'

2018-07-13 16:45:08 - [MESSAGE][PASSED] - Tapped on element 'Object Repository/Sidebar Menu/Produk/Tambah Barang/PlusTap - JumlaH Stock'

2018-07-13 16:45:08 - [TEST_STEP][PASSED] - waitForElementPresent: Element 'Object Repository/Sidebar Menu/Produk/Tambah Barang/PlusTap - JumlaH Stock' is present

2018-07-13 16:45:10 - [MESSAGE][PASSED] - Element 'Object Repository/Sidebar Menu/Produk/Tambah Barang/PlusTap - JumlaH Stock' is present

2018-07-13 16:45:10 - [TEST_STEP][PASSED] - verifyElementAttributeValue: Object 'Object Repository/Sidebar Menu/Produk/Tambah Barang/PlusTap - JumlaH Stock' has attribute 'content-desc' with value 'action_plus_anumberpicker'

2018-07-13 16:45:14 - [MESSAGE][PASSED] - Object 'Object Repository/Sidebar Menu/Produk/Tambah Barang/PlusTap - JumlaH Stock' has attribute 'content-desc' with value 'action_plus_anumberpicker'

2018-07-13 16:45:14 - [TEST_STEP][PASSED] - tap: Tapped on element 'Object Repository/Sidebar Menu/Produk/Tambah Barang/PlusTap - JumlaH Stock'

2018-07-13 16:45:21 - [MESSAGE][PASSED] - Tapped on element 'Object Repository/Sidebar Menu/Produk/Tambah Barang/PlusTap - JumlaH Stock'

2018-07-13 16:45:21 - [TEST_STEP][PASSED] - Statement - For (def index : (0..5)): Tapped on element 'Object Repository/Sidebar Menu/Produk/Tambah Barang/Minus Tap - Jumlah Stock'

2018-07-13 16:45:21 - [TEST_STEP][PASSED] - waitForElementPresent: Element 'Object Repository/Sidebar Menu/Produk/Tambah Barang/Minus Tap - Jumlah Stock' is present

2018-07-13 16:45:25 - [MESSAGE][PASSED] - Element 'Object Repository/Sidebar Menu/Produk/Tambah Barang/Minus Tap - Jumlah Stock' is present

2018-07-13 16:45:25 - [TEST_STEP][PASSED] - verifyElementAttributeValue: Object 'Object Repository/Sidebar Menu/Produk/Tambah Barang/Minus Tap - Jumlah Stock' has attribute 'content-desc' with value 'action_minus_anumberpicker'

2018-07-13 16:45:29 - [MESSAGE][PASSED] - Object 'Object Repository/Sidebar Menu/Produk/Tambah Barang/Minus Tap - Jumlah Stock' has attribute 'content-desc' with value 'action_minus_anumberpicker'

2018-07-13 16:45:29 - [TEST_STEP][PASSED] - tap: Tapped on element 'Object Repository/Sidebar Menu/Produk/Tambah Barang/Minus Tap - Jumlah Stock'

2018-07-13 16:45:35 - [MESSAGE][PASSED] - Tapped on element 'Object Repository/Sidebar Menu/Produk/Tambah Barang/Minus Tap - Jumlah Stock'

2018-07-13 16:45:35 - [TEST_STEP][PASSED] - waitForElementPresent: Element 'Object Repository/Sidebar Menu/Produk/Tambah Barang/Minus Tap - Jumlah Stock' is present

2018-07-13 16:45:38 - [MESSAGE][PASSED] - Element 'Object Repository/Sidebar Menu/Produk/Tambah Barang/Minus Tap - Jumlah Stock' is present

2018-07-13 16:45:38 - [TEST_STEP][PASSED] - verifyElementAttributeValue: Object 'Object Repository/Sidebar Menu/Produk/Tambah Barang/Minus Tap - Jumlah Stock' has attribute 'content-desc' with value 'action_minus_anumberpicker'

2018-07-13 16:45:42 - [MESSAGE][PASSED] - Object 'Object Repository/Sidebar Menu/Produk/Tambah Barang/Minus Tap - Jumlah Stock' has attribute 'content-desc' with value 'action_minus_anumberpicker'

2018-07-13 16:45:42 - [TEST_STEP][PASSED] - tap: Tapped on element 'Object Repository/Sidebar Menu/Produk/Tambah Barang/Minus Tap - Jumlah Stock'

2018-07-13 16:45:47 - [MESSAGE][PASSED] - Tapped on element 'Object Repository/Sidebar Menu/Produk/Tambah Barang/Minus Tap - Jumlah Stock'

2018-07-13 16:45:47 - [TEST_STEP][PASSED] - waitForElementPresent: Element 'Object Repository/Sidebar Menu/Produk/Tambah Barang/Minus Tap - Jumlah Stock' is present

2018-07-13 16:45:53 - [MESSAGE][PASSED] - Element 'Object Repository/Sidebar Menu/Produk/Tambah Barang/Minus Tap - Jumlah Stock' is present

2018-07-13 16:45:53 - [TEST_STEP][PASSED] - verifyElementAttributeValue: Object 'Object Repository/Sidebar Menu/Produk/Tambah Barang/Minus Tap - Jumlah Stock' has attribute 'content-desc' with value 'action_minus_anumberpicker'

2018-07-13 16:45:58 - [MESSAGE][PASSED] - Object 'Object Repository/Sidebar Menu/Produk/Tambah Barang/Minus Tap - Jumlah Stock' has attribute 'content-desc' with value 'action_minus_anumberpicker'

2018-07-13 16:45:58 - [TEST_STEP][PASSED] - tap: Tapped on element 'Object Repository/Sidebar Menu/Produk/Tambah Barang/Minus Tap - Jumlah Stock'

2018-07-13 16:46:03 - [MESSAGE][PASSED] - Tapped on element 'Object Repository/Sidebar Menu/Produk/Tambah Barang/Minus Tap - Jumlah Stock'

2018-07-13 16:46:03 - [TEST_STEP][PASSED] - waitForElementPresent: Element 'Object Repository/Sidebar Menu/Produk/Tambah Barang/Minus Tap - Jumlah Stock' is present

2018-07-13 16:46:10 - [MESSAGE][PASSED] - Element 'Object Repository/Sidebar Menu/Produk/Tambah Barang/Minus Tap - Jumlah Stock' is present

2018-07-13 16:46:10 - [TEST_STEP][PASSED] - verifyElementAttributeValue: Object 'Object Repository/Sidebar Menu/Produk/Tambah Barang/Minus Tap - Jumlah Stock' has attribute 'content-desc' with value 'action_minus_anumberpicker'

2018-07-13 16:46:19 - [MESSAGE][PASSED] - Object 'Object Repository/Sidebar Menu/Produk/Tambah Barang/Minus Tap - Jumlah Stock' has attribute 'content-desc' with value 'action_minus_anumberpicker'

2018-07-13 16:46:19 - [TEST_STEP][PASSED] - tap: Tapped on element 'Object Repository/Sidebar Menu/Produk/Tambah Barang/Minus Tap - Jumlah Stock'

2018-07-13 16:46:27 - [MESSAGE][PASSED] - Tapped on element 'Object Repository/Sidebar Menu/Produk/Tambah Barang/Minus Tap - Jumlah Stock'

2018-07-13 16:46:27 - [TEST_STEP][PASSED] - waitForElementPresent: Element 'Object Repository/Sidebar Menu/Produk/Tambah Barang/Minus Tap - Jumlah Stock' is present

2018-07-13 16:46:30 - [MESSAGE][PASSED] - Element 'Object Repository/Sidebar Menu/Produk/Tambah Barang/Minus Tap - Jumlah Stock' is present

2018-07-13 16:46:30 - [TEST_STEP][PASSED] - verifyElementAttributeValue: Object 'Object Repository/Sidebar Menu/Produk/Tambah Barang/Minus Tap - Jumlah Stock' has attribute 'content-desc' with value 'action_minus_anumberpicker'

2018-07-13 16:46:34 - [MESSAGE][PASSED] - Object 'Object Repository/Sidebar Menu/Produk/Tambah Barang/Minus Tap - Jumlah Stock' has attribute 'content-desc' with value 'action_minus_anumberpicker'

2018-07-13 16:46:34 - [TEST_STEP][PASSED] - tap: Tapped on element 'Object Repository/Sidebar Menu/Produk/Tambah Barang/Minus Tap - Jumlah Stock'

2018-07-13 16:46:40 - [MESSAGE][PASSED] - Tapped on element 'Object Repository/Sidebar Menu/Produk/Tambah Barang/Minus Tap - Jumlah Stock'

2018-07-13 16:46:40 - [TEST_STEP][PASSED] - waitForElementPresent: Element 'Object Repository/Sidebar Menu/Produk/Tambah Barang/Minus Tap - Jumlah Stock' is present

2018-07-13 16:46:43 - [MESSAGE][PASSED] - Element 'Object Repository/Sidebar Menu/Produk/Tambah Barang/Minus Tap - Jumlah Stock' is present

2018-07-13 16:46:43 - [TEST_STEP][PASSED] - verifyElementAttributeValue: Object 'Object Repository/Sidebar Menu/Produk/Tambah Barang/Minus Tap - Jumlah Stock' has attribute 'content-desc' with value 'action_minus_anumberpicker'

2018-07-13 16:46:47 - [MESSAGE][PASSED] - Object 'Object Repository/Sidebar Menu/Produk/Tambah Barang/Minus Tap - Jumlah Stock' has attribute 'content-desc' with value 'action_minus_anumberpicker'

2018-07-13 16:46:47 - [TEST_STEP][PASSED] - tap: Tapped on element 'Object Repository/Sidebar Menu/Produk/Tambah Barang/Minus Tap - Jumlah Stock'

2018-07-13 16:46:57 - [MESSAGE][PASSED] - Tapped on element 'Object Repository/Sidebar Menu/Produk/Tambah Barang/Minus Tap - Jumlah Stock']]></system-out>
         <system-err><![CDATA[]]></system-err>
      </testcase>
      <testcase name="Test Cases/Story 35 and 921 -Tambah Barang/35 TC 3" classname="Test Cases/Story 35 and 921 -Tambah Barang/35 TC 3" status="PASSED">
         <system-out><![CDATA[2018-07-13 16:46:57 - [TEST_CASE][PASSED] - Test Cases/Story 35 and 921 -Tambah Barang/35 TC 3: Test Cases/Story 35 and 921 -Tambah Barang/35 TC 3

2018-07-13 16:46:57 - [TEST_STEP][PASSED] - comment: User update stock when specifies stock = -(minus)

2018-07-13 16:46:57 - [TEST_STEP][PASSED] - waitForElementPresent: Element 'Object Repository/Sidebar Menu/Produk/Tambah Barang/Jumlah Stock - by typing' is present

2018-07-13 16:46:59 - [MESSAGE][PASSED] - Element 'Object Repository/Sidebar Menu/Produk/Tambah Barang/Jumlah Stock - by typing' is present

2018-07-13 16:46:59 - [TEST_STEP][PASSED] - verifyElementAttributeValue: Object 'Object Repository/Sidebar Menu/Produk/Tambah Barang/Jumlah Stock - by typing' has attribute 'content-desc' with value 'input_anumberpicker'

2018-07-13 16:47:05 - [MESSAGE][PASSED] - Object 'Object Repository/Sidebar Menu/Produk/Tambah Barang/Jumlah Stock - by typing' has attribute 'content-desc' with value 'input_anumberpicker'

2018-07-13 16:47:05 - [TEST_STEP][PASSED] - clearText: Element 'Object Repository/Sidebar Menu/Produk/Tambah Barang/Jumlah Stock - by typing' text is cleared

2018-07-13 16:47:16 - [MESSAGE][PASSED] - Element 'Object Repository/Sidebar Menu/Produk/Tambah Barang/Jumlah Stock - by typing' text is cleared

2018-07-13 16:47:16 - [TEST_STEP][PASSED] - setText: Text '-23' has been set to element 'Object Repository/Sidebar Menu/Produk/Tambah Barang/Jumlah Stock - by typing'

2018-07-13 16:47:33 - [MESSAGE][PASSED] - Text '-23' has been set to element 'Object Repository/Sidebar Menu/Produk/Tambah Barang/Jumlah Stock - by typing'

2018-07-13 16:47:33 - [TEST_STEP][PASSED] - hideKeyboard: Keyboard is hidden

2018-07-13 16:47:34 - [MESSAGE][PASSED] - Keyboard is hidden

2018-07-13 16:47:34 - [TEST_STEP][PASSED] - verifyElementAttributeValue: Object 'Object Repository/Sidebar Menu/Produk/Tambah Barang/Jumlah Stock - by typing' has attribute 'text' with value '23'

2018-07-13 16:47:39 - [MESSAGE][PASSED] - Object 'Object Repository/Sidebar Menu/Produk/Tambah Barang/Jumlah Stock - by typing' has attribute 'text' with value '23'

2018-07-13 16:47:39 - [TEST_STEP][PASSED] - clearText: Element 'Object Repository/Sidebar Menu/Produk/Tambah Barang/Jumlah Stock - by typing' text is cleared

2018-07-13 16:47:45 - [MESSAGE][PASSED] - Element 'Object Repository/Sidebar Menu/Produk/Tambah Barang/Jumlah Stock - by typing' text is cleared

2018-07-13 16:47:45 - [TEST_STEP][PASSED] - setText: Text '8.2' has been set to element 'Object Repository/Sidebar Menu/Produk/Tambah Barang/Jumlah Stock - by typing'

2018-07-13 16:48:01 - [MESSAGE][PASSED] - Text '8.2' has been set to element 'Object Repository/Sidebar Menu/Produk/Tambah Barang/Jumlah Stock - by typing'

2018-07-13 16:48:01 - [TEST_STEP][PASSED] - hideKeyboard: Keyboard is hidden

2018-07-13 16:48:02 - [MESSAGE][PASSED] - Keyboard is hidden

2018-07-13 16:48:02 - [TEST_STEP][PASSED] - verifyElementAttributeValue: Object 'Object Repository/Sidebar Menu/Produk/Tambah Barang/Jumlah Stock - by typing' has attribute 'text' with value '82'

2018-07-13 16:48:07 - [MESSAGE][PASSED] - Object 'Object Repository/Sidebar Menu/Produk/Tambah Barang/Jumlah Stock - by typing' has attribute 'text' with value '82'

2018-07-13 16:48:07 - [TEST_STEP][PASSED] - comment: move to TC 4]]></system-out>
         <system-err><![CDATA[]]></system-err>
      </testcase>
      <testcase name="Test Cases/Story 35 and 921 -Tambah Barang/35 TC 4" classname="Test Cases/Story 35 and 921 -Tambah Barang/35 TC 4" status="PASSED">
         <system-out><![CDATA[2018-07-13 16:48:07 - [TEST_CASE][PASSED] - Test Cases/Story 35 and 921 -Tambah Barang/35 TC 4: Test Cases/Story 35 and 921 -Tambah Barang/35 TC 4

2018-07-13 16:48:07 - [TEST_STEP][PASSED] - comment: Check maximum input stock - max 3 digit

2018-07-13 16:48:07 - [TEST_STEP][PASSED] - waitForElementPresent: Element 'Object Repository/Sidebar Menu/Produk/Tambah Barang/Jumlah Stock - by typing' is present

2018-07-13 16:48:10 - [MESSAGE][PASSED] - Element 'Object Repository/Sidebar Menu/Produk/Tambah Barang/Jumlah Stock - by typing' is present

2018-07-13 16:48:10 - [TEST_STEP][PASSED] - verifyElementAttributeValue: Object 'Object Repository/Sidebar Menu/Produk/Tambah Barang/Jumlah Stock - by typing' has attribute 'content-desc' with value 'input_anumberpicker'

2018-07-13 16:48:14 - [MESSAGE][PASSED] - Object 'Object Repository/Sidebar Menu/Produk/Tambah Barang/Jumlah Stock - by typing' has attribute 'content-desc' with value 'input_anumberpicker'

2018-07-13 16:48:14 - [TEST_STEP][PASSED] - clearText: Element 'Object Repository/Sidebar Menu/Produk/Tambah Barang/Jumlah Stock - by typing' text is cleared

2018-07-13 16:48:20 - [MESSAGE][PASSED] - Element 'Object Repository/Sidebar Menu/Produk/Tambah Barang/Jumlah Stock - by typing' text is cleared

2018-07-13 16:48:20 - [TEST_STEP][PASSED] - setText: Text '23434567' has been set to element 'Object Repository/Sidebar Menu/Produk/Tambah Barang/Jumlah Stock - by typing'

2018-07-13 16:48:37 - [MESSAGE][PASSED] - Text '23434567' has been set to element 'Object Repository/Sidebar Menu/Produk/Tambah Barang/Jumlah Stock - by typing'

2018-07-13 16:48:37 - [TEST_STEP][PASSED] - hideKeyboard: Keyboard is hidden

2018-07-13 16:48:38 - [MESSAGE][PASSED] - Keyboard is hidden

2018-07-13 16:48:39 - [TEST_STEP][PASSED] - verifyElementAttributeValue: Object 'Object Repository/Sidebar Menu/Produk/Tambah Barang/Jumlah Stock - by typing' has attribute 'text' with value '234'

2018-07-13 16:48:43 - [MESSAGE][PASSED] - Object 'Object Repository/Sidebar Menu/Produk/Tambah Barang/Jumlah Stock - by typing' has attribute 'text' with value '234']]></system-out>
         <system-err><![CDATA[]]></system-err>
      </testcase>
      <testcase name="Test Cases/Story 35 and 921 -Tambah Barang/35 TC 5" classname="Test Cases/Story 35 and 921 -Tambah Barang/35 TC 5" status="PASSED">
         <system-out><![CDATA[2018-07-13 16:48:43 - [TEST_CASE][PASSED] - Test Cases/Story 35 and 921 -Tambah Barang/35 TC 5: Test Cases/Story 35 and 921 -Tambah Barang/35 TC 5

2018-07-13 16:48:43 - [TEST_STEP][PASSED] - comment: Tambah Produk with jumlah stok 0

2018-07-13 16:48:43 - [TEST_STEP][PASSED] - waitForElementPresent: Element 'Object Repository/Sidebar Menu/Produk/Tambah Barang/Jumlah Stock - by typing' is present

2018-07-13 16:48:49 - [MESSAGE][PASSED] - Element 'Object Repository/Sidebar Menu/Produk/Tambah Barang/Jumlah Stock - by typing' is present

2018-07-13 16:48:49 - [TEST_STEP][PASSED] - verifyElementAttributeValue: Object 'Object Repository/Sidebar Menu/Produk/Tambah Barang/Jumlah Stock - by typing' has attribute 'content-desc' with value 'input_anumberpicker'

2018-07-13 16:48:53 - [MESSAGE][PASSED] - Object 'Object Repository/Sidebar Menu/Produk/Tambah Barang/Jumlah Stock - by typing' has attribute 'content-desc' with value 'input_anumberpicker'

2018-07-13 16:48:53 - [TEST_STEP][PASSED] - clearText: Element 'Object Repository/Sidebar Menu/Produk/Tambah Barang/Jumlah Stock - by typing' text is cleared

2018-07-13 16:49:00 - [MESSAGE][PASSED] - Element 'Object Repository/Sidebar Menu/Produk/Tambah Barang/Jumlah Stock - by typing' text is cleared

2018-07-13 16:49:00 - [TEST_STEP][PASSED] - setText: Text '0' has been set to element 'Object Repository/Sidebar Menu/Produk/Tambah Barang/Jumlah Stock - by typing'

2018-07-13 16:49:22 - [MESSAGE][PASSED] - Text '0' has been set to element 'Object Repository/Sidebar Menu/Produk/Tambah Barang/Jumlah Stock - by typing'

2018-07-13 16:49:22 - [TEST_STEP][PASSED] - hideKeyboard: Keyboard is hidden

2018-07-13 16:49:23 - [MESSAGE][PASSED] - Keyboard is hidden

2018-07-13 16:49:23 - [TEST_STEP][PASSED] - verifyElementAttributeValue: Object 'Object Repository/Sidebar Menu/Produk/Tambah Barang/Jumlah Stock - by typing' has attribute 'text' with value '0'

2018-07-13 16:49:27 - [MESSAGE][PASSED] - Object 'Object Repository/Sidebar Menu/Produk/Tambah Barang/Jumlah Stock - by typing' has attribute 'text' with value '0']]></system-out>
         <system-err><![CDATA[]]></system-err>
      </testcase>
      <testcase name="Test Cases/Story 35 and 921 -Tambah Barang/35 TC 6" classname="Test Cases/Story 35 and 921 -Tambah Barang/35 TC 6" status="PASSED">
         <system-out><![CDATA[2018-07-13 16:49:27 - [TEST_CASE][PASSED] - Test Cases/Story 35 and 921 -Tambah Barang/35 TC 6: Test Cases/Story 35 and 921 -Tambah Barang/35 TC 6

2018-07-13 16:49:28 - [TEST_STEP][PASSED] - comment: Check Mandatory field

2018-07-13 16:49:28 - [TEST_STEP][PASSED] - waitForElementPresent: Element 'Object Repository/Sidebar Menu/Produk/Tambah Barang/Simpan Button' is present

2018-07-13 16:49:31 - [MESSAGE][PASSED] - Element 'Object Repository/Sidebar Menu/Produk/Tambah Barang/Simpan Button' is present

2018-07-13 16:49:31 - [TEST_STEP][PASSED] - verifyElementAttributeValue: Object 'Object Repository/Sidebar Menu/Produk/Tambah Barang/Simpan Button' has attribute 'content-desc' with value 'productSubmitBtn'

2018-07-13 16:49:31 - [MESSAGE][WARNING] - Timeout '0' is invalid. Using default page load timeout: '30'

2018-07-13 16:49:35 - [MESSAGE][PASSED] - Object 'Object Repository/Sidebar Menu/Produk/Tambah Barang/Simpan Button' has attribute 'content-desc' with value 'productSubmitBtn'

2018-07-13 16:49:35 - [TEST_STEP][PASSED] - tap: Tapped on element 'Object Repository/Sidebar Menu/Produk/Tambah Barang/Simpan Button'

2018-07-13 16:49:40 - [MESSAGE][PASSED] - Tapped on element 'Object Repository/Sidebar Menu/Produk/Tambah Barang/Simpan Button'

2018-07-13 16:49:40 - [TEST_STEP][PASSED] - Statement - ErMsg = com.kms.katalon.core.mobile.keyword.MobileBuiltInKeywords.getText(com.kms.katalon.core.testobject.ObjectRepository.findTestObject(Sidebar Menu/Produk/Tambah Barang/Error Message - Nama Barang field), 5): Text of element 'Object Repository/Sidebar Menu/Produk/Tambah Barang/Error Message - Nama Barang field' is: 'Nama Barang is required'

2018-07-13 16:49:44 - [MESSAGE][PASSED] - Text of element 'Object Repository/Sidebar Menu/Produk/Tambah Barang/Error Message - Nama Barang field' is: 'Nama Barang is required'

2018-07-13 16:49:44 - [TEST_STEP][PASSED] - verifyEqual: Actual object 'Nama Barang is required' and expected object 'Nama Barang is required' are equal

2018-07-13 16:49:44 - [MESSAGE][PASSED] - Actual object 'Nama Barang is required' and expected object 'Nama Barang is required' are equal

2018-07-13 16:49:44 - [TEST_STEP][PASSED] - scrollToText: Scrolling to text 'Stok Rendah' successfully

2018-07-13 16:49:59 - [MESSAGE][PASSED] - Scrolling to text 'Stok Rendah' successfully

2018-07-13 16:49:59 - [TEST_STEP][PASSED] - delay: Delayed 5 second(s)

2018-07-13 16:50:04 - [MESSAGE][PASSED] - Delayed 5 second(s)

2018-07-13 16:50:04 - [TEST_STEP][PASSED] - Statement - ErMsg1 = com.kms.katalon.core.mobile.keyword.MobileBuiltInKeywords.getText(com.kms.katalon.core.testobject.ObjectRepository.findTestObject(Sidebar Menu/Produk/Tambah Barang/Error Message - Kategori field), 5): Text of element 'Object Repository/Sidebar Menu/Produk/Tambah Barang/Error Message - Kategori field' is: 'Kategori is required'

2018-07-13 16:50:12 - [MESSAGE][PASSED] - Text of element 'Object Repository/Sidebar Menu/Produk/Tambah Barang/Error Message - Kategori field' is: 'Kategori is required'

2018-07-13 16:50:12 - [TEST_STEP][PASSED] - verifyEqual: Actual object 'Kategori is required' and expected object 'Kategori is required' are equal

2018-07-13 16:50:12 - [MESSAGE][PASSED] - Actual object 'Kategori is required' and expected object 'Kategori is required' are equal

2018-07-13 16:50:12 - [TEST_STEP][PASSED] - Statement - ErMsg1 = com.kms.katalon.core.mobile.keyword.MobileBuiltInKeywords.getText(com.kms.katalon.core.testobject.ObjectRepository.findTestObject(Sidebar Menu/Produk/Tambah Barang/Error Message - Harga Beli filed), 5): Text of element 'Object Repository/Sidebar Menu/Produk/Tambah Barang/Error Message - Harga Beli filed' is: 'Mohon diisi'

2018-07-13 16:50:20 - [MESSAGE][PASSED] - Text of element 'Object Repository/Sidebar Menu/Produk/Tambah Barang/Error Message - Harga Beli filed' is: 'Mohon diisi'

2018-07-13 16:50:20 - [TEST_STEP][PASSED] - verifyEqual: Actual object 'Mohon diisi' and expected object 'Mohon diisi' are equal

2018-07-13 16:50:20 - [MESSAGE][PASSED] - Actual object 'Mohon diisi' and expected object 'Mohon diisi' are equal

2018-07-13 16:50:20 - [TEST_STEP][PASSED] - Statement - ErMsg1 = com.kms.katalon.core.mobile.keyword.MobileBuiltInKeywords.getText(com.kms.katalon.core.testobject.ObjectRepository.findTestObject(Sidebar Menu/Produk/Tambah Barang/Error Message - Harga Jual field), 5): Text of element 'Object Repository/Sidebar Menu/Produk/Tambah Barang/Error Message - Harga Jual field' is: 'Mohon diisi'

2018-07-13 16:50:24 - [MESSAGE][PASSED] - Text of element 'Object Repository/Sidebar Menu/Produk/Tambah Barang/Error Message - Harga Jual field' is: 'Mohon diisi'

2018-07-13 16:50:24 - [TEST_STEP][PASSED] - verifyEqual: Actual object 'Mohon diisi' and expected object 'Mohon diisi' are equal

2018-07-13 16:50:24 - [MESSAGE][PASSED] - Actual object 'Mohon diisi' and expected object 'Mohon diisi' are equal

2018-07-13 16:50:24 - [TEST_STEP][PASSED] - delay: Delayed 5 second(s)

2018-07-13 16:50:29 - [MESSAGE][PASSED] - Delayed 5 second(s)

2018-07-13 16:50:29 - [TEST_STEP][PASSED] - comment: TC 4 finish]]></system-out>
         <system-err><![CDATA[]]></system-err>
      </testcase>
      <testcase name="Test Cases/Story 35 and 921 -Tambah Barang/35 TC 7" classname="Test Cases/Story 35 and 921 -Tambah Barang/35 TC 7" status="PASSED">
         <system-out><![CDATA[2018-07-13 16:50:29 - [TEST_CASE][PASSED] - Test Cases/Story 35 and 921 -Tambah Barang/35 TC 7: Test Cases/Story 35 and 921 -Tambah Barang/35 TC 7

2018-07-13 16:50:29 - [TEST_STEP][PASSED] - comment: Add Product with Product name more than 100 Characters

2018-07-13 16:50:29 - [TEST_STEP][PASSED] - Statement - driver = com.kms.katalon.core.mobile.keyword.internal.MobileDriverFactory.getDriver(): null

2018-07-13 16:50:29 - [TEST_STEP][PASSED] - Statement - action = new io.appium.java_client.TouchAction(driver): null

2018-07-13 16:50:29 - [TEST_STEP][PASSED] - Statement - action.longPress(242, 360).moveTo(242, 743).release().perform(): null

2018-07-13 16:50:32 - [TEST_STEP][PASSED] - waitForElementPresent: Element 'Object Repository/Sidebar Menu/Produk/Tambah Barang/Nama Barang - Text Box' is present

2018-07-13 16:50:35 - [MESSAGE][PASSED] - Element 'Object Repository/Sidebar Menu/Produk/Tambah Barang/Nama Barang - Text Box' is present

2018-07-13 16:50:35 - [TEST_STEP][PASSED] - verifyElementAttributeValue: Object 'Object Repository/Sidebar Menu/Produk/Tambah Barang/Nama Barang - Text Box' has attribute 'content-desc' with value 'productNameTextInput'

2018-07-13 16:50:35 - [MESSAGE][WARNING] - Timeout '0' is invalid. Using default page load timeout: '30'

2018-07-13 16:50:39 - [MESSAGE][PASSED] - Object 'Object Repository/Sidebar Menu/Produk/Tambah Barang/Nama Barang - Text Box' has attribute 'content-desc' with value 'productNameTextInput'

2018-07-13 16:50:39 - [TEST_STEP][PASSED] - Statement - NamaBarang = CustomKeywords.newpackage.randomstring.randombigname(): newpackage.randomstring.randombigname is PASSED

2018-07-13 16:50:39 - [MESSAGE][PASSED] - newpackage.randomstring.randombigname is PASSED

2018-07-13 16:50:39 - [TEST_STEP][PASSED] - setText: Text 'NDbaqRnvswUQbvWnxRdbUEdmoZIemVlQKVzjeYDhiioMxaRnwCtISHUIRqKdsSSKcmZrwmRvJQEGZEBjZMhYoupjkFiMfGNbYekAWNTEiwiXzIhbsgHfixwgnBDNERzqyAnjQgfcaGywpqDwTlfGwN' has been set to element 'Object Repository/Sidebar Menu/Produk/Tambah Barang/Nama Barang - Text Box'

2018-07-13 16:50:57 - [MESSAGE][PASSED] - Text 'NDbaqRnvswUQbvWnxRdbUEdmoZIemVlQKVzjeYDhiioMxaRnwCtISHUIRqKdsSSKcmZrwmRvJQEGZEBjZMhYoupjkFiMfGNbYekAWNTEiwiXzIhbsgHfixwgnBDNERzqyAnjQgfcaGywpqDwTlfGwN' has been set to element 'Object Repository/Sidebar Menu/Produk/Tambah Barang/Nama Barang - Text Box'

2018-07-13 16:50:57 - [TEST_STEP][PASSED] - hideKeyboard: Keyboard is hidden

2018-07-13 16:50:59 - [MESSAGE][PASSED] - Keyboard is hidden

2018-07-13 16:50:59 - [TEST_STEP][PASSED] - verifyEqual: Actual object 'NDbaqRnvswUQbvWnxRdbUEdmoZIemVlQKVzjeYDhiioMxaRnwCtISHUIRqKdsSSKcmZrwmRvJQEGZEBjZMhYoupjkFiMfGNbYekAWNTEiwiXzIhbsgHfixwgnBDNERzqyAnjQgfcaGywpqDwTlfGwN' and expected object 'NDbaqRnvswUQbvWnxRdbUEdmoZIemVlQKVzjeYDhiioMxaRnwCtISHUIRqKdsSSKcmZrwmRvJQEGZEBjZMhYoupjkFiMfGNbYekAWNTEiwiXzIhbsgHfixwgnBDNERzqyAnjQgfcaGywpqDwTlfGwN' are equal

2018-07-13 16:50:59 - [MESSAGE][PASSED] - Actual object 'NDbaqRnvswUQbvWnxRdbUEdmoZIemVlQKVzjeYDhiioMxaRnwCtISHUIRqKdsSSKcmZrwmRvJQEGZEBjZMhYoupjkFiMfGNbYekAWNTEiwiXzIhbsgHfixwgnBDNERzqyAnjQgfcaGywpqDwTlfGwN' and expected object 'NDbaqRnvswUQbvWnxRdbUEdmoZIemVlQKVzjeYDhiioMxaRnwCtISHUIRqKdsSSKcmZrwmRvJQEGZEBjZMhYoupjkFiMfGNbYekAWNTEiwiXzIhbsgHfixwgnBDNERzqyAnjQgfcaGywpqDwTlfGwN' are equal

2018-07-13 16:50:59 - [TEST_STEP][PASSED] - comment: TC 5 finish]]></system-out>
         <system-err><![CDATA[]]></system-err>
      </testcase>
      <testcase name="Test Cases/Story 35 and 921 -Tambah Barang/35 TC 8" classname="Test Cases/Story 35 and 921 -Tambah Barang/35 TC 8" status="PASSED">
         <system-out><![CDATA[2018-07-13 16:50:59 - [TEST_CASE][PASSED] - Test Cases/Story 35 and 921 -Tambah Barang/35 TC 8: Test Cases/Story 35 and 921 -Tambah Barang/35 TC 8

2018-07-13 16:50:59 - [TEST_STEP][PASSED] - comment: Tambah Produk with input manual barcode

2018-07-13 16:50:59 - [TEST_STEP][PASSED] - clearText: Element 'Object Repository/Sidebar Menu/Produk/Tambah Barang/Nama Barang - Text Box' text is cleared

2018-07-13 16:51:09 - [MESSAGE][PASSED] - Element 'Object Repository/Sidebar Menu/Produk/Tambah Barang/Nama Barang - Text Box' text is cleared

2018-07-13 16:51:09 - [TEST_STEP][PASSED] - waitForElementPresent: Element 'Object Repository/Sidebar Menu/Produk/Tambah Barang/Nama Barang - Text Box' is present

2018-07-13 16:51:12 - [MESSAGE][PASSED] - Element 'Object Repository/Sidebar Menu/Produk/Tambah Barang/Nama Barang - Text Box' is present

2018-07-13 16:51:12 - [TEST_STEP][PASSED] - verifyElementAttributeValue: Object 'Object Repository/Sidebar Menu/Produk/Tambah Barang/Nama Barang - Text Box' has attribute 'content-desc' with value 'productNameTextInput'

2018-07-13 16:51:12 - [MESSAGE][WARNING] - Timeout '0' is invalid. Using default page load timeout: '30'

2018-07-13 16:51:16 - [MESSAGE][PASSED] - Object 'Object Repository/Sidebar Menu/Produk/Tambah Barang/Nama Barang - Text Box' has attribute 'content-desc' with value 'productNameTextInput'

2018-07-13 16:51:16 - [TEST_STEP][PASSED] - setText: Text 'MIMINO Bottle' has been set to element 'Object Repository/Sidebar Menu/Produk/Tambah Barang/Nama Barang - Text Box'

2018-07-13 16:51:32 - [MESSAGE][PASSED] - Text 'MIMINO Bottle' has been set to element 'Object Repository/Sidebar Menu/Produk/Tambah Barang/Nama Barang - Text Box'

2018-07-13 16:51:32 - [TEST_STEP][PASSED] - hideKeyboard: Keyboard is hidden

2018-07-13 16:51:33 - [MESSAGE][PASSED] - Keyboard is hidden

2018-07-13 16:51:33 - [TEST_STEP][PASSED] - verifyElementAttributeValue: Object 'Object Repository/Sidebar Menu/Produk/Tambah Barang/Nama Barang - Text Box' has attribute 'text' with value 'MIMINO Bottle'

2018-07-13 16:51:41 - [MESSAGE][PASSED] - Object 'Object Repository/Sidebar Menu/Produk/Tambah Barang/Nama Barang - Text Box' has attribute 'text' with value 'MIMINO Bottle'

2018-07-13 16:51:41 - [TEST_STEP][PASSED] - waitForElementPresent: Element 'Object Repository/Sidebar Menu/Produk/Tambah Barang/SKU Produk - Text Box' is present

2018-07-13 16:51:45 - [MESSAGE][PASSED] - Element 'Object Repository/Sidebar Menu/Produk/Tambah Barang/SKU Produk - Text Box' is present

2018-07-13 16:51:45 - [TEST_STEP][PASSED] - verifyElementAttributeValue: Object 'Object Repository/Sidebar Menu/Produk/Tambah Barang/SKU Produk - Text Box' has attribute 'content-desc' with value 'product_code_input'

2018-07-13 16:51:45 - [MESSAGE][WARNING] - Timeout '0' is invalid. Using default page load timeout: '30'

2018-07-13 16:51:53 - [MESSAGE][PASSED] - Object 'Object Repository/Sidebar Menu/Produk/Tambah Barang/SKU Produk - Text Box' has attribute 'content-desc' with value 'product_code_input'

2018-07-13 16:51:53 - [TEST_STEP][PASSED] - Statement - SKU = CustomKeywords.newpackage.randomstring.randomSKU(): newpackage.randomstring.randomSKU is PASSED

2018-07-13 16:51:53 - [MESSAGE][PASSED] - newpackage.randomstring.randomSKU is PASSED

2018-07-13 16:51:53 - [TEST_STEP][PASSED] - setText: Text 'SKU719158555609' has been set to element 'Object Repository/Sidebar Menu/Produk/Tambah Barang/SKU Produk - Text Box'

2018-07-13 16:52:17 - [MESSAGE][PASSED] - Text 'SKU719158555609' has been set to element 'Object Repository/Sidebar Menu/Produk/Tambah Barang/SKU Produk - Text Box'

2018-07-13 16:52:17 - [TEST_STEP][PASSED] - hideKeyboard: Keyboard is hidden

2018-07-13 16:52:17 - [MESSAGE][PASSED] - Keyboard is hidden

2018-07-13 16:52:18 - [TEST_STEP][PASSED] - verifyEqual: Actual object 'SKU719158555609' and expected object 'SKU719158555609' are equal

2018-07-13 16:52:18 - [MESSAGE][PASSED] - Actual object 'SKU719158555609' and expected object 'SKU719158555609' are equal

2018-07-13 16:52:18 - [TEST_STEP][PASSED] - comment: TC 6 finish]]></system-out>
         <system-err><![CDATA[]]></system-err>
      </testcase>
      <testcase name="Test Cases/Story 35 and 921 -Tambah Barang/35 TC 9" classname="Test Cases/Story 35 and 921 -Tambah Barang/35 TC 9" status="PASSED">
         <system-out><![CDATA[2018-07-13 16:52:18 - [TEST_CASE][PASSED] - Test Cases/Story 35 and 921 -Tambah Barang/35 TC 9: Test Cases/Story 35 and 921 -Tambah Barang/35 TC 9

2018-07-13 16:52:18 - [TEST_STEP][PASSED] - comment: Pick One Category

2018-07-13 16:52:18 - [TEST_STEP][PASSED] - waitForElementPresent: Element 'Object Repository/Sidebar Menu/Produk/Tambah Barang/Pilih Kategori - SelectButton' is present

2018-07-13 16:52:25 - [MESSAGE][PASSED] - Element 'Object Repository/Sidebar Menu/Produk/Tambah Barang/Pilih Kategori - SelectButton' is present

2018-07-13 16:52:25 - [TEST_STEP][PASSED] - verifyElementAttributeValue: Object 'Object Repository/Sidebar Menu/Produk/Tambah Barang/Pilih Kategori - SelectButton' has attribute 'content-desc' with value 'selectCategoryBtn'

2018-07-13 16:52:25 - [MESSAGE][WARNING] - Timeout '0' is invalid. Using default page load timeout: '30'

2018-07-13 16:52:30 - [MESSAGE][PASSED] - Object 'Object Repository/Sidebar Menu/Produk/Tambah Barang/Pilih Kategori - SelectButton' has attribute 'content-desc' with value 'selectCategoryBtn'

2018-07-13 16:52:30 - [TEST_STEP][PASSED] - tap: Tapped on element 'Object Repository/Sidebar Menu/Produk/Tambah Barang/Pilih Kategori - SelectButton'

2018-07-13 16:52:38 - [MESSAGE][PASSED] - Tapped on element 'Object Repository/Sidebar Menu/Produk/Tambah Barang/Pilih Kategori - SelectButton'

2018-07-13 16:52:38 - [TEST_STEP][PASSED] - tap: Tapped on element 'Object Repository/Sidebar Menu/Produk/Tambah Barang/Pilih Kategori - SelectButton'

2018-07-13 16:52:43 - [MESSAGE][PASSED] - Tapped on element 'Object Repository/Sidebar Menu/Produk/Tambah Barang/Pilih Kategori - SelectButton'

2018-07-13 16:52:43 - [TEST_STEP][PASSED] - waitForElementPresent: Element 'Object Repository/Sidebar Menu/Produk/Tambah Barang/ListKategori - Elemen 5' is present

2018-07-13 16:52:49 - [MESSAGE][PASSED] - Element 'Object Repository/Sidebar Menu/Produk/Tambah Barang/ListKategori - Elemen 5' is present

2018-07-13 16:52:49 - [TEST_STEP][NOT_RUN] - verifyElementAttributeValue: NOT_RUN: verifyElementAttributeValue

2018-07-13 16:52:49 - [MESSAGE][NOT_RUN] - NOT_RUN: verifyElementAttributeValue

2018-07-13 16:52:49 - [TEST_STEP][PASSED] - tap: Tapped on element 'Object Repository/Sidebar Menu/Produk/Tambah Barang/ListKategori - Elemen 5'

2018-07-13 16:52:58 - [MESSAGE][PASSED] - Tapped on element 'Object Repository/Sidebar Menu/Produk/Tambah Barang/ListKategori - Elemen 5'

2018-07-13 16:52:58 - [TEST_STEP][PASSED] - delay: Delayed 5 second(s)

2018-07-13 16:53:03 - [MESSAGE][PASSED] - Delayed 5 second(s)]]></system-out>
         <system-err><![CDATA[]]></system-err>
      </testcase>
      <testcase name="Test Cases/Story 35 and 921 -Tambah Barang/35 TC 10" classname="Test Cases/Story 35 and 921 -Tambah Barang/35 TC 10" status="PASSED">
         <system-out><![CDATA[2018-07-13 16:53:03 - [TEST_CASE][PASSED] - Test Cases/Story 35 and 921 -Tambah Barang/35 TC 10: Test Cases/Story 35 and 921 -Tambah Barang/35 TC 10

2018-07-13 16:53:04 - [TEST_STEP][PASSED] - comment: Check mandatory field Stok Rendah

2018-07-13 16:53:04 - [TEST_STEP][PASSED] - scrollToText: Scrolling to text 'Stok Rendah' successfully

2018-07-13 16:53:06 - [MESSAGE][PASSED] - Scrolling to text 'Stok Rendah' successfully

2018-07-13 16:53:06 - [TEST_STEP][PASSED] - waitForElementPresent: Element 'Object Repository/Sidebar Menu/Produk/Tambah Barang/Stock Rendah - Field' is present

2018-07-13 16:53:14 - [MESSAGE][PASSED] - Element 'Object Repository/Sidebar Menu/Produk/Tambah Barang/Stock Rendah - Field' is present

2018-07-13 16:53:14 - [TEST_STEP][PASSED] - verifyElementAttributeValue: Object 'Object Repository/Sidebar Menu/Produk/Tambah Barang/Stock Rendah - Field' has attribute 'content-desc' with value 'productStockMinimumTextInput'

2018-07-13 16:53:18 - [MESSAGE][PASSED] - Object 'Object Repository/Sidebar Menu/Produk/Tambah Barang/Stock Rendah - Field' has attribute 'content-desc' with value 'productStockMinimumTextInput'

2018-07-13 16:53:18 - [TEST_STEP][PASSED] - clearText: Element 'Object Repository/Sidebar Menu/Produk/Tambah Barang/Stock Rendah - Field' text is cleared

2018-07-13 16:53:25 - [MESSAGE][PASSED] - Element 'Object Repository/Sidebar Menu/Produk/Tambah Barang/Stock Rendah - Field' text is cleared

2018-07-13 16:53:25 - [TEST_STEP][PASSED] - setText: Text '0' has been set to element 'Object Repository/Sidebar Menu/Produk/Tambah Barang/Stock Rendah - Field'

2018-07-13 16:53:40 - [MESSAGE][PASSED] - Text '0' has been set to element 'Object Repository/Sidebar Menu/Produk/Tambah Barang/Stock Rendah - Field'

2018-07-13 16:53:40 - [TEST_STEP][PASSED] - hideKeyboard: Keyboard is hidden

2018-07-13 16:53:41 - [MESSAGE][PASSED] - Keyboard is hidden

2018-07-13 16:53:41 - [TEST_STEP][PASSED] - verifyElementText: Actual text and expected text of test object 'Object Repository/Sidebar Menu/Produk/Tambah Barang/Stock Rendah - Field' are matched.

2018-07-13 16:53:46 - [MESSAGE][PASSED] - Actual text and expected text of test object 'Object Repository/Sidebar Menu/Produk/Tambah Barang/Stock Rendah - Field' are matched.]]></system-out>
         <system-err><![CDATA[]]></system-err>
      </testcase>
      <testcase name="Test Cases/Story 35 and 921 -Tambah Barang/35 TC 11" classname="Test Cases/Story 35 and 921 -Tambah Barang/35 TC 11" status="PASSED">
         <system-out><![CDATA[2018-07-13 16:53:46 - [TEST_CASE][PASSED] - Test Cases/Story 35 and 921 -Tambah Barang/35 TC 11: Test Cases/Story 35 and 921 -Tambah Barang/35 TC 11

2018-07-13 16:53:46 - [TEST_STEP][PASSED] - comment: Validate the format of input Harga Beli and adjust the input into financial format 

2018-07-13 16:53:46 - [TEST_STEP][PASSED] - waitForElementPresent: Element 'Object Repository/Sidebar Menu/Produk/Tambah Barang/HargaBeli - TextInput' is present

2018-07-13 16:53:50 - [MESSAGE][PASSED] - Element 'Object Repository/Sidebar Menu/Produk/Tambah Barang/HargaBeli - TextInput' is present

2018-07-13 16:53:50 - [TEST_STEP][PASSED] - verifyElementAttributeValue: Object 'Object Repository/Sidebar Menu/Produk/Tambah Barang/HargaBeli - TextInput' has attribute 'content-desc' with value 'productPurchasePriceTextInput'

2018-07-13 16:53:54 - [MESSAGE][PASSED] - Object 'Object Repository/Sidebar Menu/Produk/Tambah Barang/HargaBeli - TextInput' has attribute 'content-desc' with value 'productPurchasePriceTextInput'

2018-07-13 16:53:54 - [TEST_STEP][PASSED] - setText: Text '20000' has been set to element 'Object Repository/Sidebar Menu/Produk/Tambah Barang/HargaBeli - TextInput'

2018-07-13 16:54:13 - [MESSAGE][PASSED] - Text '20000' has been set to element 'Object Repository/Sidebar Menu/Produk/Tambah Barang/HargaBeli - TextInput'

2018-07-13 16:54:13 - [TEST_STEP][PASSED] - hideKeyboard: Keyboard is hidden

2018-07-13 16:54:14 - [MESSAGE][PASSED] - Keyboard is hidden

2018-07-13 16:54:14 - [TEST_STEP][PASSED] - verifyElementText: Actual text and expected text of test object 'Object Repository/Sidebar Menu/Produk/Tambah Barang/HargaBeli - TextInput' are matched.

2018-07-13 16:54:23 - [MESSAGE][PASSED] - Actual text and expected text of test object 'Object Repository/Sidebar Menu/Produk/Tambah Barang/HargaBeli - TextInput' are matched.]]></system-out>
         <system-err><![CDATA[]]></system-err>
      </testcase>
      <testcase name="Test Cases/Story 35 and 921 -Tambah Barang/35 TC 12" classname="Test Cases/Story 35 and 921 -Tambah Barang/35 TC 12" status="PASSED">
         <system-out><![CDATA[2018-07-13 16:54:23 - [TEST_CASE][PASSED] - Test Cases/Story 35 and 921 -Tambah Barang/35 TC 12: Test Cases/Story 35 and 921 -Tambah Barang/35 TC 12

2018-07-13 16:54:23 - [TEST_STEP][PASSED] - comment: Input invalid format Harga Beli = 2k

2018-07-13 16:54:23 - [TEST_STEP][PASSED] - waitForElementPresent: Element 'Object Repository/Sidebar Menu/Produk/Tambah Barang/HargaBeli - TextInput' is present

2018-07-13 16:54:30 - [MESSAGE][PASSED] - Element 'Object Repository/Sidebar Menu/Produk/Tambah Barang/HargaBeli - TextInput' is present

2018-07-13 16:54:30 - [TEST_STEP][PASSED] - verifyElementAttributeValue: Object 'Object Repository/Sidebar Menu/Produk/Tambah Barang/HargaBeli - TextInput' has attribute 'content-desc' with value 'productPurchasePriceTextInput'

2018-07-13 16:54:38 - [MESSAGE][PASSED] - Object 'Object Repository/Sidebar Menu/Produk/Tambah Barang/HargaBeli - TextInput' has attribute 'content-desc' with value 'productPurchasePriceTextInput'

2018-07-13 16:54:38 - [TEST_STEP][PASSED] - clearText: Element 'Object Repository/Sidebar Menu/Produk/Tambah Barang/HargaBeli - TextInput' text is cleared

2018-07-13 16:54:46 - [MESSAGE][PASSED] - Element 'Object Repository/Sidebar Menu/Produk/Tambah Barang/HargaBeli - TextInput' text is cleared

2018-07-13 16:54:46 - [TEST_STEP][PASSED] - setText: Text '2k' has been set to element 'Object Repository/Sidebar Menu/Produk/Tambah Barang/HargaBeli - TextInput'

2018-07-13 16:55:03 - [MESSAGE][PASSED] - Text '2k' has been set to element 'Object Repository/Sidebar Menu/Produk/Tambah Barang/HargaBeli - TextInput'

2018-07-13 16:55:03 - [TEST_STEP][PASSED] - hideKeyboard: Keyboard is hidden

2018-07-13 16:55:04 - [MESSAGE][PASSED] - Keyboard is hidden

2018-07-13 16:55:05 - [TEST_STEP][PASSED] - verifyElementText: Actual text and expected text of test object 'Object Repository/Sidebar Menu/Produk/Tambah Barang/HargaBeli - TextInput' are matched.

2018-07-13 16:55:10 - [MESSAGE][PASSED] - Actual text and expected text of test object 'Object Repository/Sidebar Menu/Produk/Tambah Barang/HargaBeli - TextInput' are matched.]]></system-out>
         <system-err><![CDATA[]]></system-err>
      </testcase>
      <testcase name="Test Cases/Story 35 and 921 -Tambah Barang/35 TC 13" classname="Test Cases/Story 35 and 921 -Tambah Barang/35 TC 13" status="PASSED">
         <system-out><![CDATA[2018-07-13 16:55:10 - [TEST_CASE][PASSED] - Test Cases/Story 35 and 921 -Tambah Barang/35 TC 13: Test Cases/Story 35 and 921 -Tambah Barang/35 TC 13

2018-07-13 16:55:10 - [TEST_STEP][PASSED] - comment: Input valid data in Harga Beli

2018-07-13 16:55:10 - [TEST_STEP][PASSED] - waitForElementPresent: Element 'Object Repository/Sidebar Menu/Produk/Tambah Barang/HargaBeli - TextInput' is present

2018-07-13 16:55:15 - [MESSAGE][PASSED] - Element 'Object Repository/Sidebar Menu/Produk/Tambah Barang/HargaBeli - TextInput' is present

2018-07-13 16:55:15 - [TEST_STEP][PASSED] - verifyElementAttributeValue: Object 'Object Repository/Sidebar Menu/Produk/Tambah Barang/HargaBeli - TextInput' has attribute 'content-desc' with value 'productPurchasePriceTextInput'

2018-07-13 16:55:23 - [MESSAGE][PASSED] - Object 'Object Repository/Sidebar Menu/Produk/Tambah Barang/HargaBeli - TextInput' has attribute 'content-desc' with value 'productPurchasePriceTextInput'

2018-07-13 16:55:23 - [TEST_STEP][PASSED] - clearText: Element 'Object Repository/Sidebar Menu/Produk/Tambah Barang/HargaBeli - TextInput' text is cleared

2018-07-13 16:55:34 - [MESSAGE][PASSED] - Element 'Object Repository/Sidebar Menu/Produk/Tambah Barang/HargaBeli - TextInput' text is cleared

2018-07-13 16:55:34 - [TEST_STEP][PASSED] - setText: Text '60000' has been set to element 'Object Repository/Sidebar Menu/Produk/Tambah Barang/HargaBeli - TextInput'

2018-07-13 16:55:50 - [MESSAGE][PASSED] - Text '60000' has been set to element 'Object Repository/Sidebar Menu/Produk/Tambah Barang/HargaBeli - TextInput'

2018-07-13 16:55:50 - [TEST_STEP][PASSED] - hideKeyboard: Keyboard is hidden

2018-07-13 16:55:51 - [MESSAGE][PASSED] - Keyboard is hidden

2018-07-13 16:55:51 - [TEST_STEP][PASSED] - verifyElementText: Actual text and expected text of test object 'Object Repository/Sidebar Menu/Produk/Tambah Barang/HargaBeli - TextInput' are matched.

2018-07-13 16:55:57 - [MESSAGE][PASSED] - Actual text and expected text of test object 'Object Repository/Sidebar Menu/Produk/Tambah Barang/HargaBeli - TextInput' are matched.]]></system-out>
         <system-err><![CDATA[]]></system-err>
      </testcase>
      <testcase name="Test Cases/Story 35 and 921 -Tambah Barang/35 TC 14" classname="Test Cases/Story 35 and 921 -Tambah Barang/35 TC 14" status="PASSED">
         <system-out><![CDATA[2018-07-13 16:55:57 - [TEST_CASE][PASSED] - Test Cases/Story 35 and 921 -Tambah Barang/35 TC 14: Test Cases/Story 35 and 921 -Tambah Barang/35 TC 14

2018-07-13 16:55:57 - [TEST_STEP][PASSED] - comment: Validate the format of input Harga Jual and adjust the input into financial format 

2018-07-13 16:55:57 - [TEST_STEP][PASSED] - waitForElementPresent: Element 'Object Repository/Sidebar Menu/Produk/Tambah Barang/Harga Jual - TextBox' is present

2018-07-13 16:56:05 - [MESSAGE][PASSED] - Element 'Object Repository/Sidebar Menu/Produk/Tambah Barang/Harga Jual - TextBox' is present

2018-07-13 16:56:05 - [TEST_STEP][PASSED] - verifyElementAttributeValue: Object 'Object Repository/Sidebar Menu/Produk/Tambah Barang/Harga Jual - TextBox' has attribute 'content-desc' with value 'productSalePriceTextInput'

2018-07-13 16:56:09 - [MESSAGE][PASSED] - Object 'Object Repository/Sidebar Menu/Produk/Tambah Barang/Harga Jual - TextBox' has attribute 'content-desc' with value 'productSalePriceTextInput'

2018-07-13 16:56:09 - [TEST_STEP][PASSED] - setText: Text '20000' has been set to element 'Object Repository/Sidebar Menu/Produk/Tambah Barang/Harga Jual - TextBox'

2018-07-13 16:56:33 - [MESSAGE][PASSED] - Text '20000' has been set to element 'Object Repository/Sidebar Menu/Produk/Tambah Barang/Harga Jual - TextBox'

2018-07-13 16:56:33 - [TEST_STEP][PASSED] - hideKeyboard: Keyboard is hidden

2018-07-13 16:56:34 - [MESSAGE][PASSED] - Keyboard is hidden

2018-07-13 16:56:35 - [TEST_STEP][PASSED] - verifyElementText: Actual text and expected text of test object 'Object Repository/Sidebar Menu/Produk/Tambah Barang/Harga Jual - TextBox' are matched.

2018-07-13 16:56:39 - [MESSAGE][PASSED] - Actual text and expected text of test object 'Object Repository/Sidebar Menu/Produk/Tambah Barang/Harga Jual - TextBox' are matched.]]></system-out>
         <system-err><![CDATA[]]></system-err>
      </testcase>
      <testcase name="Test Cases/Story 35 and 921 -Tambah Barang/35 TC 15" classname="Test Cases/Story 35 and 921 -Tambah Barang/35 TC 15" status="PASSED">
         <system-out><![CDATA[2018-07-13 16:56:39 - [TEST_CASE][PASSED] - Test Cases/Story 35 and 921 -Tambah Barang/35 TC 15: Test Cases/Story 35 and 921 -Tambah Barang/35 TC 15

2018-07-13 16:56:39 - [TEST_STEP][PASSED] - comment: Input invalid format Harga Jual = 2k

2018-07-13 16:56:39 - [TEST_STEP][PASSED] - waitForElementPresent: Element 'Object Repository/Sidebar Menu/Produk/Tambah Barang/Harga Jual - TextBox' is present

2018-07-13 16:56:46 - [MESSAGE][PASSED] - Element 'Object Repository/Sidebar Menu/Produk/Tambah Barang/Harga Jual - TextBox' is present

2018-07-13 16:56:46 - [TEST_STEP][PASSED] - verifyElementAttributeValue: Object 'Object Repository/Sidebar Menu/Produk/Tambah Barang/Harga Jual - TextBox' has attribute 'content-desc' with value 'productSalePriceTextInput'

2018-07-13 16:56:50 - [MESSAGE][PASSED] - Object 'Object Repository/Sidebar Menu/Produk/Tambah Barang/Harga Jual - TextBox' has attribute 'content-desc' with value 'productSalePriceTextInput'

2018-07-13 16:56:50 - [TEST_STEP][PASSED] - clearText: Element 'Object Repository/Sidebar Menu/Produk/Tambah Barang/Harga Jual - TextBox' text is cleared

2018-07-13 16:56:59 - [MESSAGE][PASSED] - Element 'Object Repository/Sidebar Menu/Produk/Tambah Barang/Harga Jual - TextBox' text is cleared

2018-07-13 16:56:59 - [TEST_STEP][PASSED] - setText: Text '2k' has been set to element 'Object Repository/Sidebar Menu/Produk/Tambah Barang/Harga Jual - TextBox'

2018-07-13 16:57:21 - [MESSAGE][PASSED] - Text '2k' has been set to element 'Object Repository/Sidebar Menu/Produk/Tambah Barang/Harga Jual - TextBox'

2018-07-13 16:57:21 - [TEST_STEP][PASSED] - hideKeyboard: Keyboard is hidden

2018-07-13 16:57:23 - [MESSAGE][PASSED] - Keyboard is hidden

2018-07-13 16:57:23 - [TEST_STEP][PASSED] - verifyElementText: Actual text and expected text of test object 'Object Repository/Sidebar Menu/Produk/Tambah Barang/Harga Jual - TextBox' are matched.

2018-07-13 16:57:27 - [MESSAGE][PASSED] - Actual text and expected text of test object 'Object Repository/Sidebar Menu/Produk/Tambah Barang/Harga Jual - TextBox' are matched.]]></system-out>
         <system-err><![CDATA[]]></system-err>
      </testcase>
      <testcase name="Test Cases/Story 35 and 921 -Tambah Barang/35 TC 16" classname="Test Cases/Story 35 and 921 -Tambah Barang/35 TC 16" status="PASSED">
         <system-out><![CDATA[2018-07-13 16:57:27 - [TEST_CASE][PASSED] - Test Cases/Story 35 and 921 -Tambah Barang/35 TC 16: Test Cases/Story 35 and 921 -Tambah Barang/35 TC 16

2018-07-13 16:57:28 - [TEST_STEP][PASSED] - comment:  Check if Harga Jual equal or below Harga Beli

2018-07-13 16:57:28 - [TEST_STEP][PASSED] - waitForElementPresent: Element 'Object Repository/Sidebar Menu/Produk/Tambah Barang/Harga Jual - TextBox' is present

2018-07-13 16:57:31 - [MESSAGE][PASSED] - Element 'Object Repository/Sidebar Menu/Produk/Tambah Barang/Harga Jual - TextBox' is present

2018-07-13 16:57:31 - [TEST_STEP][PASSED] - verifyElementAttributeValue: Object 'Object Repository/Sidebar Menu/Produk/Tambah Barang/Harga Jual - TextBox' has attribute 'content-desc' with value 'productSalePriceTextInput'

2018-07-13 16:57:35 - [MESSAGE][PASSED] - Object 'Object Repository/Sidebar Menu/Produk/Tambah Barang/Harga Jual - TextBox' has attribute 'content-desc' with value 'productSalePriceTextInput'

2018-07-13 16:57:35 - [TEST_STEP][PASSED] - clearText: Element 'Object Repository/Sidebar Menu/Produk/Tambah Barang/Harga Jual - TextBox' text is cleared

2018-07-13 16:57:43 - [MESSAGE][PASSED] - Element 'Object Repository/Sidebar Menu/Produk/Tambah Barang/Harga Jual - TextBox' text is cleared

2018-07-13 16:57:43 - [TEST_STEP][PASSED] - setText: Text '60000' has been set to element 'Object Repository/Sidebar Menu/Produk/Tambah Barang/Harga Jual - TextBox'

2018-07-13 16:58:02 - [MESSAGE][PASSED] - Text '60000' has been set to element 'Object Repository/Sidebar Menu/Produk/Tambah Barang/Harga Jual - TextBox'

2018-07-13 16:58:02 - [TEST_STEP][PASSED] - hideKeyboard: Keyboard is hidden

2018-07-13 16:58:03 - [MESSAGE][PASSED] - Keyboard is hidden

2018-07-13 16:58:03 - [TEST_STEP][PASSED] - verifyElementText: Actual text and expected text of test object 'Object Repository/Sidebar Menu/Produk/Tambah Barang/HargaBeli - TextInput' are matched.

2018-07-13 16:58:08 - [MESSAGE][PASSED] - Actual text and expected text of test object 'Object Repository/Sidebar Menu/Produk/Tambah Barang/HargaBeli - TextInput' are matched.

2018-07-13 16:58:08 - [TEST_STEP][PASSED] - waitForElementPresent: Element 'Object Repository/Sidebar Menu/Produk/Tambah Barang/Simpan Button' is present

2018-07-13 16:58:11 - [MESSAGE][PASSED] - Element 'Object Repository/Sidebar Menu/Produk/Tambah Barang/Simpan Button' is present

2018-07-13 16:58:11 - [TEST_STEP][PASSED] - verifyElementAttributeValue: Object 'Object Repository/Sidebar Menu/Produk/Tambah Barang/Simpan Button' has attribute 'content-desc' with value 'productSubmitBtn'

2018-07-13 16:58:15 - [MESSAGE][PASSED] - Object 'Object Repository/Sidebar Menu/Produk/Tambah Barang/Simpan Button' has attribute 'content-desc' with value 'productSubmitBtn'

2018-07-13 16:58:15 - [TEST_STEP][PASSED] - tap: Tapped on element 'Object Repository/Sidebar Menu/Produk/Tambah Barang/Simpan Button'

2018-07-13 16:58:20 - [MESSAGE][PASSED] - Tapped on element 'Object Repository/Sidebar Menu/Produk/Tambah Barang/Simpan Button'

2018-07-13 16:58:20 - [TEST_STEP][PASSED] - Statement - ErMsg = com.kms.katalon.core.mobile.keyword.MobileBuiltInKeywords.getText(com.kms.katalon.core.testobject.ObjectRepository.findTestObject(Sidebar Menu/Produk/Tambah Barang/ErMsg1 - Harga Jual), G_ShortTimeOut): Text of element 'Object Repository/Sidebar Menu/Produk/Tambah Barang/ErMsg1 - Harga Jual' is: 'Harga jual sama/lebih rendah dari harga beli.'

2018-07-13 16:58:24 - [MESSAGE][PASSED] - Text of element 'Object Repository/Sidebar Menu/Produk/Tambah Barang/ErMsg1 - Harga Jual' is: 'Harga jual sama/lebih rendah dari harga beli.'

2018-07-13 16:58:24 - [TEST_STEP][PASSED] - verifyEqual: Actual object 'Harga jual sama/lebih rendah dari harga beli.' and expected object 'Harga jual sama/lebih rendah dari harga beli.' are equal

2018-07-13 16:58:24 - [MESSAGE][PASSED] - Actual object 'Harga jual sama/lebih rendah dari harga beli.' and expected object 'Harga jual sama/lebih rendah dari harga beli.' are equal]]></system-out>
         <system-err><![CDATA[]]></system-err>
      </testcase>
      <testcase name="Test Cases/Story 35 and 921 -Tambah Barang/35 TC 17" classname="Test Cases/Story 35 and 921 -Tambah Barang/35 TC 17" status="FAILED">
         <failure type="FAILED" message="Unable to verify equal between actual object 'Mohon diisi' and expected object 'Silahkan isi harga jual terlebih dahulu' (Root cause: Actual object 'Mohon diisi' and expected object 'Silahkan isi harga jual terlebih dahulu' are not equal)"/>
         <system-out><![CDATA[2018-07-13 16:58:24 - [TEST_CASE][FAILED] - Test Cases/Story 35 and 921 -Tambah Barang/35 TC 17: Test Cases/Story 35 and 921 -Tambah Barang/35 TC 17 FAILED because (of) Unable to verify equal between actual object 'Mohon diisi' and expected object 'Silahkan isi harga jual terlebih dahulu' (Root cause: Actual object 'Mohon diisi' and expected object 'Silahkan isi harga jual terlebih dahulu' are not equal)

2018-07-13 16:58:25 - [TEST_STEP][PASSED] - comment: Add discount by Nominal (Rp.) without input Harga Jual

2018-07-13 16:58:25 - [TEST_STEP][PASSED] - waitForElementPresent: Element 'Object Repository/Sidebar Menu/Produk/Tambah Barang/Harga Jual - TextBox' is present

2018-07-13 16:58:28 - [MESSAGE][PASSED] - Element 'Object Repository/Sidebar Menu/Produk/Tambah Barang/Harga Jual - TextBox' is present

2018-07-13 16:58:28 - [TEST_STEP][PASSED] - verifyElementAttributeValue: Object 'Object Repository/Sidebar Menu/Produk/Tambah Barang/Harga Jual - TextBox' has attribute 'content-desc' with value 'productSalePriceTextInput'

2018-07-13 16:58:32 - [MESSAGE][PASSED] - Object 'Object Repository/Sidebar Menu/Produk/Tambah Barang/Harga Jual - TextBox' has attribute 'content-desc' with value 'productSalePriceTextInput'

2018-07-13 16:58:32 - [TEST_STEP][PASSED] - clearText: Element 'Object Repository/Sidebar Menu/Produk/Tambah Barang/Harga Jual - TextBox' text is cleared

2018-07-13 16:58:38 - [MESSAGE][PASSED] - Element 'Object Repository/Sidebar Menu/Produk/Tambah Barang/Harga Jual - TextBox' text is cleared

2018-07-13 16:58:38 - [TEST_STEP][PASSED] - hideKeyboard: Keyboard is hidden

2018-07-13 16:58:40 - [MESSAGE][PASSED] - Keyboard is hidden

2018-07-13 16:58:40 - [TEST_STEP][PASSED] - waitForElementPresent: Element 'Object Repository/Sidebar Menu/Produk/Tambah Barang/Nominal Diskon- TextBox' is present

2018-07-13 16:58:44 - [MESSAGE][PASSED] - Element 'Object Repository/Sidebar Menu/Produk/Tambah Barang/Nominal Diskon- TextBox' is present

2018-07-13 16:58:44 - [TEST_STEP][PASSED] - verifyElementAttributeValue: Object 'Object Repository/Sidebar Menu/Produk/Tambah Barang/Nominal Diskon- TextBox' has attribute 'content-desc' with value 'productDiscountNominalTextInput'

2018-07-13 16:58:48 - [MESSAGE][PASSED] - Object 'Object Repository/Sidebar Menu/Produk/Tambah Barang/Nominal Diskon- TextBox' has attribute 'content-desc' with value 'productDiscountNominalTextInput'

2018-07-13 16:58:48 - [TEST_STEP][PASSED] - setText: Text '2000' has been set to element 'Object Repository/Sidebar Menu/Produk/Tambah Barang/Nominal Diskon- TextBox'

2018-07-13 16:59:08 - [MESSAGE][PASSED] - Text '2000' has been set to element 'Object Repository/Sidebar Menu/Produk/Tambah Barang/Nominal Diskon- TextBox'

2018-07-13 16:59:08 - [TEST_STEP][PASSED] - hideKeyboard: Keyboard is hidden

2018-07-13 16:59:09 - [MESSAGE][PASSED] - Keyboard is hidden

2018-07-13 16:59:09 - [TEST_STEP][PASSED] - Statement - ErMsg = com.kms.katalon.core.mobile.keyword.MobileBuiltInKeywords.getText(com.kms.katalon.core.testobject.ObjectRepository.findTestObject(Sidebar Menu/Produk/Tambah Barang/Error Message - Harga Jual field), G_ShortTimeOut): Text of element 'Object Repository/Sidebar Menu/Produk/Tambah Barang/Error Message - Harga Jual field' is: 'Mohon diisi'

2018-07-13 16:59:16 - [MESSAGE][PASSED] - Text of element 'Object Repository/Sidebar Menu/Produk/Tambah Barang/Error Message - Harga Jual field' is: 'Mohon diisi'

2018-07-13 16:59:16 - [TEST_STEP][PASSED] - verifyEqual: Actual object 'Mohon diisi' and expected object 'Mohon diisi' are equal

2018-07-13 16:59:16 - [MESSAGE][PASSED] - Actual object 'Mohon diisi' and expected object 'Mohon diisi' are equal

2018-07-13 16:59:16 - [TEST_STEP][PASSED] - Statement - EMsg = com.kms.katalon.core.mobile.keyword.MobileBuiltInKeywords.getText(com.kms.katalon.core.testobject.ObjectRepository.findTestObject(Sidebar Menu/Produk/Tambah Barang/Error Message 1 - Nominal Diskon), G_ShortTimeOut): Text of element 'Object Repository/Sidebar Menu/Produk/Tambah Barang/Error Message 1 - Nominal Diskon' is: 'Silahkan isi harga jual terlebih dahulu'

2018-07-13 16:59:21 - [MESSAGE][PASSED] - Text of element 'Object Repository/Sidebar Menu/Produk/Tambah Barang/Error Message 1 - Nominal Diskon' is: 'Silahkan isi harga jual terlebih dahulu'

2018-07-13 16:59:21 - [TEST_STEP][FAILED] - verifyEqual: Unable to verify equal between actual object 'Mohon diisi' and expected object 'Silahkan isi harga jual terlebih dahulu' (Root cause: Actual object 'Mohon diisi' and expected object 'Silahkan isi harga jual terlebih dahulu' are not equal)

2018-07-13 16:59:21 - [MESSAGE][FAILED] - Unable to verify equal between actual object 'Mohon diisi' and expected object 'Silahkan isi harga jual terlebih dahulu' (Root cause: Actual object 'Mohon diisi' and expected object 'Silahkan isi harga jual terlebih dahulu' are not equal)]]></system-out>
         <system-err><![CDATA[2018-07-13 16:58:24 - [TEST_CASE][FAILED] - Test Cases/Story 35 and 921 -Tambah Barang/35 TC 17: Test Cases/Story 35 and 921 -Tambah Barang/35 TC 17 FAILED because (of) Unable to verify equal between actual object 'Mohon diisi' and expected object 'Silahkan isi harga jual terlebih dahulu' (Root cause: Actual object 'Mohon diisi' and expected object 'Silahkan isi harga jual terlebih dahulu' are not equal)]]></system-err>
      </testcase>
      <testcase name="Test Cases/Story 35 and 921 -Tambah Barang/35 TC 18" classname="Test Cases/Story 35 and 921 -Tambah Barang/35 TC 18" status="PASSED">
         <system-out><![CDATA[2018-07-13 16:59:21 - [TEST_CASE][PASSED] - Test Cases/Story 35 and 921 -Tambah Barang/35 TC 18: Test Cases/Story 35 and 921 -Tambah Barang/35 TC 18

2018-07-13 16:59:21 - [TEST_STEP][PASSED] - comment: Input valid data in Harga Jual

2018-07-13 16:59:21 - [TEST_STEP][PASSED] - waitForElementPresent: Element 'Object Repository/Sidebar Menu/Produk/Tambah Barang/Harga Jual - TextBox' is present

2018-07-13 16:59:24 - [MESSAGE][PASSED] - Element 'Object Repository/Sidebar Menu/Produk/Tambah Barang/Harga Jual - TextBox' is present

2018-07-13 16:59:24 - [TEST_STEP][PASSED] - verifyElementAttributeValue: Object 'Object Repository/Sidebar Menu/Produk/Tambah Barang/Harga Jual - TextBox' has attribute 'content-desc' with value 'productSalePriceTextInput'

2018-07-13 16:59:28 - [MESSAGE][PASSED] - Object 'Object Repository/Sidebar Menu/Produk/Tambah Barang/Harga Jual - TextBox' has attribute 'content-desc' with value 'productSalePriceTextInput'

2018-07-13 16:59:28 - [TEST_STEP][PASSED] - setText: Text '65000' has been set to element 'Object Repository/Sidebar Menu/Produk/Tambah Barang/Harga Jual - TextBox'

2018-07-13 16:59:47 - [MESSAGE][PASSED] - Text '65000' has been set to element 'Object Repository/Sidebar Menu/Produk/Tambah Barang/Harga Jual - TextBox'

2018-07-13 16:59:47 - [TEST_STEP][PASSED] - hideKeyboard: Keyboard is hidden

2018-07-13 16:59:49 - [MESSAGE][PASSED] - Keyboard is hidden

2018-07-13 16:59:49 - [TEST_STEP][PASSED] - verifyElementText: Actual text and expected text of test object 'Object Repository/Sidebar Menu/Produk/Tambah Barang/Harga Jual - TextBox' are matched.

2018-07-13 16:59:54 - [MESSAGE][PASSED] - Actual text and expected text of test object 'Object Repository/Sidebar Menu/Produk/Tambah Barang/Harga Jual - TextBox' are matched.]]></system-out>
         <system-err><![CDATA[]]></system-err>
      </testcase>
      <testcase name="Test Cases/Story 35 and 921 -Tambah Barang/35 TC 19" classname="Test Cases/Story 35 and 921 -Tambah Barang/35 TC 19" status="PASSED">
         <system-out><![CDATA[2018-07-13 16:59:54 - [TEST_CASE][PASSED] - Test Cases/Story 35 and 921 -Tambah Barang/35 TC 19: Test Cases/Story 35 and 921 -Tambah Barang/35 TC 19

2018-07-13 16:59:54 - [TEST_STEP][PASSED] - comment: Tambah Produk with add discount from Nominal > HargaJual

2018-07-13 16:59:54 - [TEST_STEP][PASSED] - waitForElementPresent: Element 'Object Repository/Sidebar Menu/Produk/Tambah Barang/Nominal Diskon- TextBox' is present

2018-07-13 16:59:58 - [MESSAGE][PASSED] - Element 'Object Repository/Sidebar Menu/Produk/Tambah Barang/Nominal Diskon- TextBox' is present

2018-07-13 16:59:58 - [TEST_STEP][PASSED] - verifyElementAttributeValue: Object 'Object Repository/Sidebar Menu/Produk/Tambah Barang/Nominal Diskon- TextBox' has attribute 'content-desc' with value 'productDiscountNominalTextInput'

2018-07-13 17:00:03 - [MESSAGE][PASSED] - Object 'Object Repository/Sidebar Menu/Produk/Tambah Barang/Nominal Diskon- TextBox' has attribute 'content-desc' with value 'productDiscountNominalTextInput'

2018-07-13 17:00:03 - [TEST_STEP][PASSED] - setText: Text '90000' has been set to element 'Object Repository/Sidebar Menu/Produk/Tambah Barang/Nominal Diskon- TextBox'

2018-07-13 17:00:21 - [MESSAGE][PASSED] - Text '90000' has been set to element 'Object Repository/Sidebar Menu/Produk/Tambah Barang/Nominal Diskon- TextBox'

2018-07-13 17:00:21 - [TEST_STEP][PASSED] - hideKeyboard: Keyboard is hidden

2018-07-13 17:00:22 - [MESSAGE][PASSED] - Keyboard is hidden

2018-07-13 17:00:22 - [TEST_STEP][PASSED] - verifyElementText: Actual text and expected text of test object 'Object Repository/Sidebar Menu/Produk/Tambah Barang/Nominal Diskon- TextBox' are matched.

2018-07-13 17:00:26 - [MESSAGE][PASSED] - Actual text and expected text of test object 'Object Repository/Sidebar Menu/Produk/Tambah Barang/Nominal Diskon- TextBox' are matched.

2018-07-13 17:00:26 - [TEST_STEP][PASSED] - Statement - ErMsg = com.kms.katalon.core.mobile.keyword.MobileBuiltInKeywords.getText(com.kms.katalon.core.testobject.ObjectRepository.findTestObject(Sidebar Menu/Produk/Tambah Barang/Error Message - Nominal Diskon), G_ShortTimeOut): Text of element 'Object Repository/Sidebar Menu/Produk/Tambah Barang/Error Message - Nominal Diskon' is: 'Tidak boleh melebihi harga jual'

2018-07-13 17:00:30 - [MESSAGE][PASSED] - Text of element 'Object Repository/Sidebar Menu/Produk/Tambah Barang/Error Message - Nominal Diskon' is: 'Tidak boleh melebihi harga jual'

2018-07-13 17:00:30 - [TEST_STEP][PASSED] - verifyEqual: Actual object 'Tidak boleh melebihi harga jual' and expected object 'Tidak boleh melebihi harga jual' are equal

2018-07-13 17:00:30 - [MESSAGE][PASSED] - Actual object 'Tidak boleh melebihi harga jual' and expected object 'Tidak boleh melebihi harga jual' are equal]]></system-out>
         <system-err><![CDATA[]]></system-err>
      </testcase>
      <testcase name="Test Cases/Story 35 and 921 -Tambah Barang/35 TC 20" classname="Test Cases/Story 35 and 921 -Tambah Barang/35 TC 20" status="PASSED">
         <system-out><![CDATA[2018-07-13 17:00:30 - [TEST_CASE][PASSED] - Test Cases/Story 35 and 921 -Tambah Barang/35 TC 20: Test Cases/Story 35 and 921 -Tambah Barang/35 TC 20

2018-07-13 17:00:30 - [TEST_STEP][PASSED] - comment: Tambah Produk with add discount from Nominal

2018-07-13 17:00:30 - [TEST_STEP][PASSED] - waitForElementPresent: Element 'Object Repository/Sidebar Menu/Produk/Tambah Barang/Nominal Diskon- TextBox' is present

2018-07-13 17:00:34 - [MESSAGE][PASSED] - Element 'Object Repository/Sidebar Menu/Produk/Tambah Barang/Nominal Diskon- TextBox' is present

2018-07-13 17:00:34 - [TEST_STEP][PASSED] - verifyElementAttributeValue: Object 'Object Repository/Sidebar Menu/Produk/Tambah Barang/Nominal Diskon- TextBox' has attribute 'content-desc' with value 'productDiscountNominalTextInput'

2018-07-13 17:00:43 - [MESSAGE][PASSED] - Object 'Object Repository/Sidebar Menu/Produk/Tambah Barang/Nominal Diskon- TextBox' has attribute 'content-desc' with value 'productDiscountNominalTextInput'

2018-07-13 17:00:43 - [TEST_STEP][PASSED] - clearText: Element 'Object Repository/Sidebar Menu/Produk/Tambah Barang/Nominal Diskon- TextBox' text is cleared

2018-07-13 17:00:53 - [MESSAGE][PASSED] - Element 'Object Repository/Sidebar Menu/Produk/Tambah Barang/Nominal Diskon- TextBox' text is cleared

2018-07-13 17:00:53 - [TEST_STEP][PASSED] - setText: Text '2000' has been set to element 'Object Repository/Sidebar Menu/Produk/Tambah Barang/Nominal Diskon- TextBox'

2018-07-13 17:01:12 - [MESSAGE][PASSED] - Text '2000' has been set to element 'Object Repository/Sidebar Menu/Produk/Tambah Barang/Nominal Diskon- TextBox'

2018-07-13 17:01:12 - [TEST_STEP][PASSED] - hideKeyboard: Keyboard is hidden

2018-07-13 17:01:13 - [MESSAGE][PASSED] - Keyboard is hidden

2018-07-13 17:01:13 - [TEST_STEP][PASSED] - verifyElementText: Actual text and expected text of test object 'Object Repository/Sidebar Menu/Produk/Tambah Barang/Nominal Diskon- TextBox' are matched.

2018-07-13 17:01:17 - [MESSAGE][PASSED] - Actual text and expected text of test object 'Object Repository/Sidebar Menu/Produk/Tambah Barang/Nominal Diskon- TextBox' are matched.]]></system-out>
         <system-err><![CDATA[]]></system-err>
      </testcase>
      <testcase name="Test Cases/Story 35 and 921 -Tambah Barang/35 TC 21" classname="Test Cases/Story 35 and 921 -Tambah Barang/35 TC 21" status="PASSED">
         <system-out><![CDATA[2018-07-13 17:01:17 - [TEST_CASE][PASSED] - Test Cases/Story 35 and 921 -Tambah Barang/35 TC 21: Test Cases/Story 35 and 921 -Tambah Barang/35 TC 21

2018-07-13 17:01:17 - [TEST_STEP][PASSED] - comment: Add discount by Percentage (%) - more than 4 char

2018-07-13 17:01:17 - [TEST_STEP][PASSED] - waitForElementPresent: Element 'Object Repository/Sidebar Menu/Produk/Tambah Barang/Persentase Diskon - TextBox' is present

2018-07-13 17:01:25 - [MESSAGE][PASSED] - Element 'Object Repository/Sidebar Menu/Produk/Tambah Barang/Persentase Diskon - TextBox' is present

2018-07-13 17:01:25 - [TEST_STEP][PASSED] - clearText: Element 'Object Repository/Sidebar Menu/Produk/Tambah Barang/Persentase Diskon - TextBox' text is cleared

2018-07-13 17:01:31 - [MESSAGE][PASSED] - Element 'Object Repository/Sidebar Menu/Produk/Tambah Barang/Persentase Diskon - TextBox' text is cleared

2018-07-13 17:01:31 - [TEST_STEP][PASSED] - setText: Text '12345' has been set to element 'Object Repository/Sidebar Menu/Produk/Tambah Barang/Persentase Diskon - TextBox'

2018-07-13 17:01:53 - [MESSAGE][PASSED] - Text '12345' has been set to element 'Object Repository/Sidebar Menu/Produk/Tambah Barang/Persentase Diskon - TextBox'

2018-07-13 17:01:53 - [TEST_STEP][PASSED] - hideKeyboard: Keyboard is hidden

2018-07-13 17:01:54 - [MESSAGE][PASSED] - Keyboard is hidden

2018-07-13 17:01:55 - [TEST_STEP][PASSED] - verifyElementText: Actual text and expected text of test object 'Object Repository/Sidebar Menu/Produk/Tambah Barang/Persentase Diskon - TextBox' are matched.

2018-07-13 17:01:59 - [MESSAGE][PASSED] - Actual text and expected text of test object 'Object Repository/Sidebar Menu/Produk/Tambah Barang/Persentase Diskon - TextBox' are matched.]]></system-out>
         <system-err><![CDATA[]]></system-err>
      </testcase>
      <testcase name="Test Cases/Story 35 and 921 -Tambah Barang/35 TC 22" classname="Test Cases/Story 35 and 921 -Tambah Barang/35 TC 22" status="PASSED">
         <system-out><![CDATA[2018-07-13 17:01:59 - [TEST_CASE][PASSED] - Test Cases/Story 35 and 921 -Tambah Barang/35 TC 22: Test Cases/Story 35 and 921 -Tambah Barang/35 TC 22

2018-07-13 17:01:59 - [TEST_STEP][PASSED] - comment: Add discount by Percentage (%) - 4 Digit char

2018-07-13 17:01:59 - [TEST_STEP][PASSED] - waitForElementPresent: Element 'Object Repository/Sidebar Menu/Produk/Tambah Barang/Persentase Diskon - TextBox' is present

2018-07-13 17:02:04 - [MESSAGE][PASSED] - Element 'Object Repository/Sidebar Menu/Produk/Tambah Barang/Persentase Diskon - TextBox' is present

2018-07-13 17:02:04 - [TEST_STEP][PASSED] - clearText: Element 'Object Repository/Sidebar Menu/Produk/Tambah Barang/Persentase Diskon - TextBox' text is cleared

2018-07-13 17:02:13 - [MESSAGE][PASSED] - Element 'Object Repository/Sidebar Menu/Produk/Tambah Barang/Persentase Diskon - TextBox' text is cleared

2018-07-13 17:02:13 - [TEST_STEP][PASSED] - setText: Text '2367' has been set to element 'Object Repository/Sidebar Menu/Produk/Tambah Barang/Persentase Diskon - TextBox'

2018-07-13 17:02:32 - [MESSAGE][PASSED] - Text '2367' has been set to element 'Object Repository/Sidebar Menu/Produk/Tambah Barang/Persentase Diskon - TextBox'

2018-07-13 17:02:32 - [TEST_STEP][PASSED] - hideKeyboard: Keyboard is hidden

2018-07-13 17:02:33 - [MESSAGE][PASSED] - Keyboard is hidden

2018-07-13 17:02:34 - [TEST_STEP][PASSED] - verifyElementText: Actual text and expected text of test object 'Object Repository/Sidebar Menu/Produk/Tambah Barang/Persentase Diskon - TextBox' are matched.

2018-07-13 17:02:38 - [MESSAGE][PASSED] - Actual text and expected text of test object 'Object Repository/Sidebar Menu/Produk/Tambah Barang/Persentase Diskon - TextBox' are matched.]]></system-out>
         <system-err><![CDATA[]]></system-err>
      </testcase>
      <testcase name="Test Cases/Story 35 and 921 -Tambah Barang/35 TC 23" classname="Test Cases/Story 35 and 921 -Tambah Barang/35 TC 23" status="PASSED">
         <system-out><![CDATA[2018-07-13 17:02:38 - [TEST_CASE][PASSED] - Test Cases/Story 35 and 921 -Tambah Barang/35 TC 23: Test Cases/Story 35 and 921 -Tambah Barang/35 TC 23

2018-07-13 17:02:38 - [TEST_STEP][PASSED] - comment: Add discount by Percentage (%) - 3 Digit

2018-07-13 17:02:38 - [TEST_STEP][PASSED] - waitForElementPresent: Element 'Object Repository/Sidebar Menu/Produk/Tambah Barang/Persentase Diskon - TextBox' is present

2018-07-13 17:02:42 - [MESSAGE][PASSED] - Element 'Object Repository/Sidebar Menu/Produk/Tambah Barang/Persentase Diskon - TextBox' is present

2018-07-13 17:02:42 - [TEST_STEP][PASSED] - clearText: Element 'Object Repository/Sidebar Menu/Produk/Tambah Barang/Persentase Diskon - TextBox' text is cleared

2018-07-13 17:02:51 - [MESSAGE][PASSED] - Element 'Object Repository/Sidebar Menu/Produk/Tambah Barang/Persentase Diskon - TextBox' text is cleared

2018-07-13 17:02:51 - [TEST_STEP][PASSED] - setText: Text '123' has been set to element 'Object Repository/Sidebar Menu/Produk/Tambah Barang/Persentase Diskon - TextBox'

2018-07-13 17:03:10 - [MESSAGE][PASSED] - Text '123' has been set to element 'Object Repository/Sidebar Menu/Produk/Tambah Barang/Persentase Diskon - TextBox'

2018-07-13 17:03:10 - [TEST_STEP][PASSED] - hideKeyboard: Keyboard is hidden

2018-07-13 17:03:11 - [MESSAGE][PASSED] - Keyboard is hidden

2018-07-13 17:03:11 - [TEST_STEP][PASSED] - verifyElementText: Actual text and expected text of test object 'Object Repository/Sidebar Menu/Produk/Tambah Barang/Persentase Diskon - TextBox' are matched.

2018-07-13 17:03:15 - [MESSAGE][PASSED] - Actual text and expected text of test object 'Object Repository/Sidebar Menu/Produk/Tambah Barang/Persentase Diskon - TextBox' are matched.]]></system-out>
         <system-err><![CDATA[]]></system-err>
      </testcase>
      <testcase name="Test Cases/Story 35 and 921 -Tambah Barang/35 TC 24" classname="Test Cases/Story 35 and 921 -Tambah Barang/35 TC 24" status="PASSED">
         <system-out><![CDATA[2018-07-13 17:03:15 - [TEST_CASE][PASSED] - Test Cases/Story 35 and 921 -Tambah Barang/35 TC 24: Test Cases/Story 35 and 921 -Tambah Barang/35 TC 24

2018-07-13 17:03:16 - [TEST_STEP][PASSED] - comment: Add discount by Percentage (%) - valid

2018-07-13 17:03:16 - [TEST_STEP][PASSED] - waitForElementPresent: Element 'Object Repository/Sidebar Menu/Produk/Tambah Barang/Persentase Diskon - TextBox' is present

2018-07-13 17:03:19 - [MESSAGE][PASSED] - Element 'Object Repository/Sidebar Menu/Produk/Tambah Barang/Persentase Diskon - TextBox' is present

2018-07-13 17:03:19 - [TEST_STEP][PASSED] - clearText: Element 'Object Repository/Sidebar Menu/Produk/Tambah Barang/Persentase Diskon - TextBox' text is cleared

2018-07-13 17:03:26 - [MESSAGE][PASSED] - Element 'Object Repository/Sidebar Menu/Produk/Tambah Barang/Persentase Diskon - TextBox' text is cleared

2018-07-13 17:03:26 - [TEST_STEP][PASSED] - setText: Text '10' has been set to element 'Object Repository/Sidebar Menu/Produk/Tambah Barang/Persentase Diskon - TextBox'

2018-07-13 17:03:43 - [MESSAGE][PASSED] - Text '10' has been set to element 'Object Repository/Sidebar Menu/Produk/Tambah Barang/Persentase Diskon - TextBox'

2018-07-13 17:03:43 - [TEST_STEP][PASSED] - hideKeyboard: Keyboard is hidden

2018-07-13 17:03:45 - [MESSAGE][PASSED] - Keyboard is hidden

2018-07-13 17:03:45 - [TEST_STEP][PASSED] - verifyElementText: Actual text and expected text of test object 'Object Repository/Sidebar Menu/Produk/Tambah Barang/Persentase Diskon - TextBox' are matched.

2018-07-13 17:03:51 - [MESSAGE][PASSED] - Actual text and expected text of test object 'Object Repository/Sidebar Menu/Produk/Tambah Barang/Persentase Diskon - TextBox' are matched.]]></system-out>
         <system-err><![CDATA[]]></system-err>
      </testcase>
      <testcase name="Test Cases/Story 35 and 921 -Tambah Barang/35 TC 25" classname="Test Cases/Story 35 and 921 -Tambah Barang/35 TC 25" status="PASSED">
         <system-out><![CDATA[2018-07-13 17:03:51 - [TEST_CASE][PASSED] - Test Cases/Story 35 and 921 -Tambah Barang/35 TC 25: Test Cases/Story 35 and 921 -Tambah Barang/35 TC 25

2018-07-13 17:03:51 - [TEST_STEP][PASSED] - comment: Save Product

2018-07-13 17:03:51 - [TEST_STEP][PASSED] - waitForElementPresent: Element 'Object Repository/Sidebar Menu/Produk/Tambah Barang/Simpan Button' is present

2018-07-13 17:03:54 - [MESSAGE][PASSED] - Element 'Object Repository/Sidebar Menu/Produk/Tambah Barang/Simpan Button' is present

2018-07-13 17:03:54 - [TEST_STEP][PASSED] - verifyElementAttributeValue: Object 'Object Repository/Sidebar Menu/Produk/Tambah Barang/Simpan Button' has attribute 'content-desc' with value 'productSubmitBtn'

2018-07-13 17:03:59 - [MESSAGE][PASSED] - Object 'Object Repository/Sidebar Menu/Produk/Tambah Barang/Simpan Button' has attribute 'content-desc' with value 'productSubmitBtn'

2018-07-13 17:03:59 - [TEST_STEP][PASSED] - tap: Tapped on element 'Object Repository/Sidebar Menu/Produk/Tambah Barang/Simpan Button'

2018-07-13 17:04:04 - [MESSAGE][PASSED] - Tapped on element 'Object Repository/Sidebar Menu/Produk/Tambah Barang/Simpan Button'

2018-07-13 17:04:04 - [TEST_STEP][NOT_RUN] - delay: NOT_RUN: delay

2018-07-13 17:04:04 - [MESSAGE][NOT_RUN] - NOT_RUN: delay

2018-07-13 17:04:04 - [TEST_STEP][NOT_RUN] - takeScreenshot: NOT_RUN: takeScreenshot

2018-07-13 17:04:04 - [MESSAGE][NOT_RUN] - NOT_RUN: takeScreenshot]]></system-out>
         <system-err><![CDATA[]]></system-err>
      </testcase>
      <testcase name="Test Cases/Story 35 and 921 -Tambah Barang/35 TC 26" classname="Test Cases/Story 35 and 921 -Tambah Barang/35 TC 26" status="PASSED">
         <system-out><![CDATA[2018-07-13 17:04:04 - [TEST_CASE][PASSED] - Test Cases/Story 35 and 921 -Tambah Barang/35 TC 26: Test Cases/Story 35 and 921 -Tambah Barang/35 TC 26

2018-07-13 17:04:04 - [TEST_STEP][PASSED] - comment: Mengecek Validasi

2018-07-13 17:04:04 - [TEST_STEP][PASSED] - waitForElementPresent: Element 'Object Repository/Sidebar Menu/Produk/Stock View/Cari nama produk - btn' is present

2018-07-13 17:04:12 - [MESSAGE][PASSED] - Element 'Object Repository/Sidebar Menu/Produk/Stock View/Cari nama produk - btn' is present

2018-07-13 17:04:12 - [TEST_STEP][PASSED] - verifyElementAttributeValue: Object 'Object Repository/Sidebar Menu/Produk/Stock View/Cari nama produk - btn' has attribute 'content-desc' with value 'productListComponent_textInput_search'

2018-07-13 17:04:15 - [MESSAGE][PASSED] - Object 'Object Repository/Sidebar Menu/Produk/Stock View/Cari nama produk - btn' has attribute 'content-desc' with value 'productListComponent_textInput_search'

2018-07-13 17:04:15 - [TEST_STEP][PASSED] - tap: Tapped on element 'Object Repository/Sidebar Menu/Produk/Stock View/Cari nama produk - btn'

2018-07-13 17:04:24 - [MESSAGE][PASSED] - Tapped on element 'Object Repository/Sidebar Menu/Produk/Stock View/Cari nama produk - btn'

2018-07-13 17:04:24 - [TEST_STEP][PASSED] - setText: Text 'MIMINO Bottle' has been set to element 'Object Repository/Sidebar Menu/Produk/Stock View/Cari nama produk - btn'

2018-07-13 17:04:42 - [MESSAGE][PASSED] - Text 'MIMINO Bottle' has been set to element 'Object Repository/Sidebar Menu/Produk/Stock View/Cari nama produk - btn'

2018-07-13 17:04:42 - [TEST_STEP][PASSED] - hideKeyboard: Keyboard is hidden

2018-07-13 17:04:43 - [MESSAGE][PASSED] - Keyboard is hidden

2018-07-13 17:04:43 - [TEST_STEP][PASSED] - waitForElementPresent: Element 'Object Repository/Sidebar Menu/Produk/Stock View/List Produk - Elemen 1' is present

2018-07-13 17:04:47 - [MESSAGE][PASSED] - Element 'Object Repository/Sidebar Menu/Produk/Stock View/List Produk - Elemen 1' is present

2018-07-13 17:04:47 - [TEST_STEP][PASSED] - verifyElementAttributeValue: Object 'Object Repository/Sidebar Menu/Produk/Stock View/List Produk - Elemen 1' has attribute 'content-desc' with value 'productListComponent_listItem_0'

2018-07-13 17:04:51 - [MESSAGE][PASSED] - Object 'Object Repository/Sidebar Menu/Produk/Stock View/List Produk - Elemen 1' has attribute 'content-desc' with value 'productListComponent_listItem_0'

2018-07-13 17:04:51 - [TEST_STEP][PASSED] - tap: Tapped on element 'Object Repository/Sidebar Menu/Produk/Stock View/List Produk - Elemen 1'

2018-07-13 17:05:00 - [MESSAGE][PASSED] - Tapped on element 'Object Repository/Sidebar Menu/Produk/Stock View/List Produk - Elemen 1'

2018-07-13 17:05:00 - [TEST_STEP][PASSED] - delay: Delayed 3 second(s)

2018-07-13 17:05:03 - [MESSAGE][PASSED] - Delayed 3 second(s)

2018-07-13 17:05:03 - [TEST_STEP][PASSED] - Statement - Alert = com.kms.katalon.core.mobile.keyword.MobileBuiltInKeywords.getText(com.kms.katalon.core.testobject.ObjectRepository.findTestObject(Sidebar Menu/Produk/Tambah Barang/Alert - Stok Habis), G_ShortTimeOut): Text of element 'Object Repository/Sidebar Menu/Produk/Tambah Barang/Alert - Stok Habis' is: '⚠︎ Stok Habis'

2018-07-13 17:05:07 - [MESSAGE][PASSED] - Text of element 'Object Repository/Sidebar Menu/Produk/Tambah Barang/Alert - Stok Habis' is: '⚠︎ Stok Habis'

2018-07-13 17:05:07 - [TEST_STEP][PASSED] - verifyEqual: Actual object '⚠︎ Stok Habis' and expected object '⚠︎ Stok Habis' are equal

2018-07-13 17:05:07 - [MESSAGE][PASSED] - Actual object '⚠︎ Stok Habis' and expected object '⚠︎ Stok Habis' are equal

2018-07-13 17:05:07 - [TEST_STEP][NOT_RUN] - Statement - Alert = com.kms.katalon.core.mobile.keyword.MobileBuiltInKeywords.getText(com.kms.katalon.core.testobject.ObjectRepository.findTestObject(Sidebar Menu/Produk/Tambah Barang/Alert default - Stock Rendah), G_ShortTimeOut): NOT_RUN: Statement - Alert = com.kms.katalon.core.mobile.keyword.MobileBuiltInKeywords.getText(com.kms.katalon.core.testobject.ObjectRepository.findTestObject(Sidebar Menu/Produk/Tambah Barang/Alert default - Stock Rendah), G_ShortTimeOut)

2018-07-13 17:05:07 - [MESSAGE][NOT_RUN] - NOT_RUN: Statement - Alert = com.kms.katalon.core.mobile.keyword.MobileBuiltInKeywords.getText(com.kms.katalon.core.testobject.ObjectRepository.findTestObject(Sidebar Menu/Produk/Tambah Barang/Alert default - Stock Rendah), G_ShortTimeOut)

2018-07-13 17:05:07 - [TEST_STEP][NOT_RUN] - verifyEqual: NOT_RUN: verifyEqual

2018-07-13 17:05:07 - [MESSAGE][NOT_RUN] - NOT_RUN: verifyEqual

2018-07-13 17:05:07 - [TEST_STEP][PASSED] - closeApplication: Close app successfully

2018-07-13 17:05:15 - [MESSAGE][PASSED] - Close app successfully]]></system-out>
         <system-err><![CDATA[]]></system-err>
      </testcase>
      <system-out><![CDATA[2018-07-13 16:38:00 - [TEST_SUITE][FAILED] - Story 35 - Tambah Barang: Test Cases/Story 35 and 921 -Tambah Barang/35 TC 17 FAILED because (of) Unable to verify equal between actual object 'Mohon diisi' and expected object 'Silahkan isi harga jual terlebih dahulu' (Root cause: Actual object 'Mohon diisi' and expected object 'Silahkan isi harga jual terlebih dahulu' are not equal)]]></system-out>
      <system-err><![CDATA[2018-07-13 16:38:00 - [TEST_SUITE][FAILED] - Story 35 - Tambah Barang: Test Cases/Story 35 and 921 -Tambah Barang/35 TC 17 FAILED because (of) Unable to verify equal between actual object 'Mohon diisi' and expected object 'Silahkan isi harga jual terlebih dahulu' (Root cause: Actual object 'Mohon diisi' and expected object 'Silahkan isi harga jual terlebih dahulu' are not equal)]]></system-err>
   </testsuite>
</testsuites>
