<?xml version="1.0" encoding="UTF-8"?>
<testsuites name="Story 35" time="400" tests="16" failures="0" errors="0">
   <testsuite name="Story 35" tests="16" failures="0" errors="0" time="400" timestamp="2018-03-14 14:48:35" hostname="AV2017005903 - NBMP18A211ITSQA.corp.bankbtpn.co.id" id="Test Suites/Story 35">
      <properties>
         <property name="deviceName" value="asus ASUS_X014D 5.1.1"/>
         <property name="devicePlatform" value=""/>
         <property name="logFolder" value="C:\\Users\\AV2017005903\\Documents\\apollo-automation\\Reports\\Story 35\\20180314_144833"/>
         <property name="logFiles" value="C:\\Users\\AV2017005903\\Documents\\apollo-automation\\Reports\\Story 35\\20180314_144833\\appium.log, C:\\Users\\AV2017005903\\Documents\\apollo-automation\\Reports\\Story 35\\20180314_144833\\execution0.log"/>
         <property name="attachments" value="C:\\Users\\AV2017005903\\Documents\\apollo-automation\\Screenshoot\\BarangMandatory.png, C:\\Users\\AV2017005903\\Documents\\apollo-automation\\Screenshoot\\TambahBarang.png"/>
         <property name="hostName" value="AV2017005903 - NBMP18A211ITSQA.corp.bankbtpn.co.id"/>
         <property name="os" value="Windows 10 64bit"/>
         <property name="katalonVersion" value="5.0.0.1"/>
         <property name="deviceOS" value="Android"/>
         <property name="appiumVersion" value="1.6.5"/>
         <property name="deviceModel" value="ASUS_X014D"/>
         <property name="hostAddress" value="10.5.109.243"/>
         <property name="deviceManufacturer" value="asus"/>
         <property name="deviceId" value="GBAXGV411465ERX"/>
         <property name="deviceName" value="asus ASUS_X014D 5.1.1"/>
         <property name="deviceOSVersion" value="5.1.1"/>
      </properties>
      <testcase name="Test Cases/Story 35 -Tambah Barang/TC 1" classname="Test Cases/Story 35 -Tambah Barang/TC 1" status="PASSED">
         <system-out><![CDATA[2018-03-14 14:48:36 - [TEST_CASE][PASSED] - Test Cases/Story 35 -Tambah Barang/TC 1: Test Cases/Story 35 -Tambah Barang/TC 1

2018-03-14 14:48:36 - [TEST_STEP][PASSED] - comment: Start Story 35

2018-03-14 14:48:36 - [TEST_STEP][PASSED] - Statement - apkPath = com.kms.katalon.core.util.internal.PathUtil.relativeToAbsolutePath(apkName, com.kms.katalon.core.configuration.RunConfiguration.getProjectDir()): null

2018-03-14 14:48:36 - [TEST_STEP][PASSED] - startApplication: Started app at: 'C:\Users\AV2017005903\Documents\apollo-automation\13 Maret 17.23.apk'

2018-03-14 14:48:58 - [MESSAGE][PASSED] - Started app at: 'C:\Users\AV2017005903\Documents\apollo-automation\13 Maret 17.23.apk'

2018-03-14 14:48:58 - [TEST_STEP][PASSED] - tap: Tapped on element 'Object Repository/Login/Daftar Sekarang - Belum Punya Akun'

2018-03-14 14:49:05 - [MESSAGE][PASSED] - Tapped on element 'Object Repository/Login/Daftar Sekarang - Belum Punya Akun'

2018-03-14 14:49:05 - [TEST_STEP][PASSED] - verifyElementExist: Element 'Object Repository/Login/Daftar Sekarang - Belum Punya Akun' is exist

2018-03-14 14:49:05 - [MESSAGE][PASSED] - Element 'Object Repository/Login/Daftar Sekarang - Belum Punya Akun' is exist

2018-03-14 14:49:05 - [TEST_STEP][PASSED] - waitForElementPresent: Element 'Object Repository/Sidebar Menu/HamburgerButton' is present

2018-03-14 14:49:09 - [MESSAGE][PASSED] - Element 'Object Repository/Sidebar Menu/HamburgerButton' is present

2018-03-14 14:49:09 - [TEST_STEP][PASSED] - tap: Tapped on element 'Object Repository/Sidebar Menu/HamburgerButton'

2018-03-14 14:49:10 - [MESSAGE][PASSED] - Tapped on element 'Object Repository/Sidebar Menu/HamburgerButton'

2018-03-14 14:49:10 - [TEST_STEP][PASSED] - tap: Tapped on element 'Object Repository/Sidebar Menu/Operasional/Operasional - Sidebar Menu'

2018-03-14 14:49:12 - [MESSAGE][PASSED] - Tapped on element 'Object Repository/Sidebar Menu/Operasional/Operasional - Sidebar Menu'

2018-03-14 14:49:12 - [TEST_STEP][PASSED] - tap: Tapped on element 'Object Repository/Sidebar Menu/Operasional/Stock/Stock View/Stok - Navbar Menu'

2018-03-14 14:49:16 - [MESSAGE][PASSED] - Tapped on element 'Object Repository/Sidebar Menu/Operasional/Stock/Stock View/Stok - Navbar Menu'

2018-03-14 14:49:16 - [TEST_STEP][PASSED] - delay: Delayed 5 second(s)

2018-03-14 14:49:21 - [MESSAGE][PASSED] - Delayed 5 second(s)

2018-03-14 14:49:21 - [TEST_STEP][PASSED] - tap: Tapped on element 'Object Repository/Sidebar Menu/Operasional/Stock/Tambah Barang/Tambah Barang Button'

2018-03-14 14:49:22 - [MESSAGE][PASSED] - Tapped on element 'Object Repository/Sidebar Menu/Operasional/Stock/Tambah Barang/Tambah Barang Button'

2018-03-14 14:49:22 - [TEST_STEP][PASSED] - verifyElementExist: Element 'Object Repository/Sidebar Menu/Operasional/Stock/Tambah Barang/Tambah Barang Button' is exist

2018-03-14 14:49:22 - [MESSAGE][PASSED] - Element 'Object Repository/Sidebar Menu/Operasional/Stock/Tambah Barang/Tambah Barang Button' is exist]]></system-out>
         <system-err><![CDATA[]]></system-err>
      </testcase>
      <testcase name="Test Cases/Story 35 -Tambah Barang/TC 2" classname="Test Cases/Story 35 -Tambah Barang/TC 2" status="PASSED">
         <system-out><![CDATA[2018-03-14 14:49:23 - [TEST_CASE][PASSED] - Test Cases/Story 35 -Tambah Barang/TC 2: Test Cases/Story 35 -Tambah Barang/TC 2

2018-03-14 14:49:23 - [TEST_STEP][PASSED] - Statement - For (def index : (0..10)): Tapped on element 'Object Repository/Sidebar Menu/Operasional/Stock/Tambah Barang/PlusTap - JumlaH Stock'

2018-03-14 14:49:23 - [TEST_STEP][PASSED] - tap: Tapped on element 'Object Repository/Sidebar Menu/Operasional/Stock/Tambah Barang/PlusTap - JumlaH Stock'

2018-03-14 14:49:25 - [MESSAGE][PASSED] - Tapped on element 'Object Repository/Sidebar Menu/Operasional/Stock/Tambah Barang/PlusTap - JumlaH Stock'

2018-03-14 14:49:25 - [TEST_STEP][PASSED] - tap: Tapped on element 'Object Repository/Sidebar Menu/Operasional/Stock/Tambah Barang/PlusTap - JumlaH Stock'

2018-03-14 14:49:26 - [MESSAGE][PASSED] - Tapped on element 'Object Repository/Sidebar Menu/Operasional/Stock/Tambah Barang/PlusTap - JumlaH Stock'

2018-03-14 14:49:26 - [TEST_STEP][PASSED] - tap: Tapped on element 'Object Repository/Sidebar Menu/Operasional/Stock/Tambah Barang/PlusTap - JumlaH Stock'

2018-03-14 14:49:28 - [MESSAGE][PASSED] - Tapped on element 'Object Repository/Sidebar Menu/Operasional/Stock/Tambah Barang/PlusTap - JumlaH Stock'

2018-03-14 14:49:28 - [TEST_STEP][PASSED] - tap: Tapped on element 'Object Repository/Sidebar Menu/Operasional/Stock/Tambah Barang/PlusTap - JumlaH Stock'

2018-03-14 14:49:29 - [MESSAGE][PASSED] - Tapped on element 'Object Repository/Sidebar Menu/Operasional/Stock/Tambah Barang/PlusTap - JumlaH Stock'

2018-03-14 14:49:29 - [TEST_STEP][PASSED] - tap: Tapped on element 'Object Repository/Sidebar Menu/Operasional/Stock/Tambah Barang/PlusTap - JumlaH Stock'

2018-03-14 14:49:31 - [MESSAGE][PASSED] - Tapped on element 'Object Repository/Sidebar Menu/Operasional/Stock/Tambah Barang/PlusTap - JumlaH Stock'

2018-03-14 14:49:31 - [TEST_STEP][PASSED] - tap: Tapped on element 'Object Repository/Sidebar Menu/Operasional/Stock/Tambah Barang/PlusTap - JumlaH Stock'

2018-03-14 14:49:31 - [MESSAGE][PASSED] - Tapped on element 'Object Repository/Sidebar Menu/Operasional/Stock/Tambah Barang/PlusTap - JumlaH Stock'

2018-03-14 14:49:31 - [TEST_STEP][PASSED] - tap: Tapped on element 'Object Repository/Sidebar Menu/Operasional/Stock/Tambah Barang/PlusTap - JumlaH Stock'

2018-03-14 14:49:33 - [MESSAGE][PASSED] - Tapped on element 'Object Repository/Sidebar Menu/Operasional/Stock/Tambah Barang/PlusTap - JumlaH Stock'

2018-03-14 14:49:33 - [TEST_STEP][PASSED] - tap: Tapped on element 'Object Repository/Sidebar Menu/Operasional/Stock/Tambah Barang/PlusTap - JumlaH Stock'

2018-03-14 14:49:34 - [MESSAGE][PASSED] - Tapped on element 'Object Repository/Sidebar Menu/Operasional/Stock/Tambah Barang/PlusTap - JumlaH Stock'

2018-03-14 14:49:34 - [TEST_STEP][PASSED] - tap: Tapped on element 'Object Repository/Sidebar Menu/Operasional/Stock/Tambah Barang/PlusTap - JumlaH Stock'

2018-03-14 14:49:37 - [MESSAGE][PASSED] - Tapped on element 'Object Repository/Sidebar Menu/Operasional/Stock/Tambah Barang/PlusTap - JumlaH Stock'

2018-03-14 14:49:37 - [TEST_STEP][PASSED] - tap: Tapped on element 'Object Repository/Sidebar Menu/Operasional/Stock/Tambah Barang/PlusTap - JumlaH Stock'

2018-03-14 14:49:38 - [MESSAGE][PASSED] - Tapped on element 'Object Repository/Sidebar Menu/Operasional/Stock/Tambah Barang/PlusTap - JumlaH Stock'

2018-03-14 14:49:38 - [TEST_STEP][PASSED] - tap: Tapped on element 'Object Repository/Sidebar Menu/Operasional/Stock/Tambah Barang/PlusTap - JumlaH Stock'

2018-03-14 14:49:40 - [MESSAGE][PASSED] - Tapped on element 'Object Repository/Sidebar Menu/Operasional/Stock/Tambah Barang/PlusTap - JumlaH Stock'

2018-03-14 14:49:40 - [TEST_STEP][PASSED] - Statement - For (def index : (0..5)): Tapped on element 'Object Repository/Sidebar Menu/Operasional/Stock/Tambah Barang/Minus Tap - Jumlah Stock'

2018-03-14 14:49:40 - [TEST_STEP][PASSED] - tap: Tapped on element 'Object Repository/Sidebar Menu/Operasional/Stock/Tambah Barang/Minus Tap - Jumlah Stock'

2018-03-14 14:49:41 - [MESSAGE][PASSED] - Tapped on element 'Object Repository/Sidebar Menu/Operasional/Stock/Tambah Barang/Minus Tap - Jumlah Stock'

2018-03-14 14:49:41 - [TEST_STEP][PASSED] - tap: Tapped on element 'Object Repository/Sidebar Menu/Operasional/Stock/Tambah Barang/Minus Tap - Jumlah Stock'

2018-03-14 14:49:43 - [MESSAGE][PASSED] - Tapped on element 'Object Repository/Sidebar Menu/Operasional/Stock/Tambah Barang/Minus Tap - Jumlah Stock'

2018-03-14 14:49:43 - [TEST_STEP][PASSED] - tap: Tapped on element 'Object Repository/Sidebar Menu/Operasional/Stock/Tambah Barang/Minus Tap - Jumlah Stock'

2018-03-14 14:49:44 - [MESSAGE][PASSED] - Tapped on element 'Object Repository/Sidebar Menu/Operasional/Stock/Tambah Barang/Minus Tap - Jumlah Stock'

2018-03-14 14:49:44 - [TEST_STEP][PASSED] - tap: Tapped on element 'Object Repository/Sidebar Menu/Operasional/Stock/Tambah Barang/Minus Tap - Jumlah Stock'

2018-03-14 14:49:45 - [MESSAGE][PASSED] - Tapped on element 'Object Repository/Sidebar Menu/Operasional/Stock/Tambah Barang/Minus Tap - Jumlah Stock'

2018-03-14 14:49:45 - [TEST_STEP][PASSED] - tap: Tapped on element 'Object Repository/Sidebar Menu/Operasional/Stock/Tambah Barang/Minus Tap - Jumlah Stock'

2018-03-14 14:49:47 - [MESSAGE][PASSED] - Tapped on element 'Object Repository/Sidebar Menu/Operasional/Stock/Tambah Barang/Minus Tap - Jumlah Stock'

2018-03-14 14:49:47 - [TEST_STEP][PASSED] - tap: Tapped on element 'Object Repository/Sidebar Menu/Operasional/Stock/Tambah Barang/Minus Tap - Jumlah Stock'

2018-03-14 14:49:48 - [MESSAGE][PASSED] - Tapped on element 'Object Repository/Sidebar Menu/Operasional/Stock/Tambah Barang/Minus Tap - Jumlah Stock']]></system-out>
         <system-err><![CDATA[]]></system-err>
      </testcase>
      <testcase name="Test Cases/Story 35 -Tambah Barang/TC 3" classname="Test Cases/Story 35 -Tambah Barang/TC 3" status="PASSED">
         <system-out><![CDATA[2018-03-14 14:49:49 - [TEST_CASE][PASSED] - Test Cases/Story 35 -Tambah Barang/TC 3: Test Cases/Story 35 -Tambah Barang/TC 3

2018-03-14 14:49:49 - [TEST_STEP][PASSED] - tap: Tapped on element 'Object Repository/Sidebar Menu/Operasional/Stock/Tambah Barang/Jumlah Stock - by typing'

2018-03-14 14:49:50 - [MESSAGE][PASSED] - Tapped on element 'Object Repository/Sidebar Menu/Operasional/Stock/Tambah Barang/Jumlah Stock - by typing'

2018-03-14 14:49:50 - [TEST_STEP][PASSED] - setText: Text '-23' has been set to element 'Object Repository/Sidebar Menu/Operasional/Stock/Tambah Barang/Jumlah Stock - by typing'

2018-03-14 14:50:09 - [MESSAGE][PASSED] - Text '-23' has been set to element 'Object Repository/Sidebar Menu/Operasional/Stock/Tambah Barang/Jumlah Stock - by typing'

2018-03-14 14:50:09 - [TEST_STEP][PASSED] - clearText: Element 'Object Repository/Sidebar Menu/Operasional/Stock/Tambah Barang/Jumlah Stock - by typing' text is cleared

2018-03-14 14:50:14 - [MESSAGE][PASSED] - Element 'Object Repository/Sidebar Menu/Operasional/Stock/Tambah Barang/Jumlah Stock - by typing' text is cleared

2018-03-14 14:50:14 - [TEST_STEP][PASSED] - setText: Text '1.2' has been set to element 'Object Repository/Sidebar Menu/Operasional/Stock/Tambah Barang/Jumlah Stock - by typing'

2018-03-14 14:50:26 - [MESSAGE][PASSED] - Text '1.2' has been set to element 'Object Repository/Sidebar Menu/Operasional/Stock/Tambah Barang/Jumlah Stock - by typing'

2018-03-14 14:50:26 - [TEST_STEP][PASSED] - hideKeyboard: Keyboard is hidden

2018-03-14 14:50:27 - [MESSAGE][PASSED] - Keyboard is hidden

2018-03-14 14:50:27 - [TEST_STEP][PASSED] - swipe: Swiped from 24,679 to 24,453

2018-03-14 14:50:28 - [MESSAGE][PASSED] - Swiped from 24,679 to 24,453]]></system-out>
         <system-err><![CDATA[]]></system-err>
      </testcase>
      <testcase name="Test Cases/Story 35 -Tambah Barang/TC 4" classname="Test Cases/Story 35 -Tambah Barang/TC 4" status="PASSED">
         <system-out><![CDATA[2018-03-14 14:50:29 - [TEST_CASE][PASSED] - Test Cases/Story 35 -Tambah Barang/TC 4: Test Cases/Story 35 -Tambah Barang/TC 4

2018-03-14 14:50:29 - [TEST_STEP][PASSED] - delay: Delayed 5 second(s)

2018-03-14 14:50:34 - [MESSAGE][PASSED] - Delayed 5 second(s)

2018-03-14 14:50:34 - [TEST_STEP][PASSED] - tap: Tapped on element 'Object Repository/Sidebar Menu/Operasional/Stock/Tambah Barang/Pilih Kategori - SelectButton'

2018-03-14 14:50:34 - [MESSAGE][PASSED] - Tapped on element 'Object Repository/Sidebar Menu/Operasional/Stock/Tambah Barang/Pilih Kategori - SelectButton'

2018-03-14 14:50:34 - [TEST_STEP][PASSED] - tap: Tapped on element 'Object Repository/Sidebar Menu/Operasional/Stock/Tambah Barang/Pilih Kategori - SelectButton'

2018-03-14 14:50:35 - [MESSAGE][PASSED] - Tapped on element 'Object Repository/Sidebar Menu/Operasional/Stock/Tambah Barang/Pilih Kategori - SelectButton'

2018-03-14 14:50:35 - [TEST_STEP][PASSED] - delay: Delayed 5 second(s)

2018-03-14 14:50:40 - [MESSAGE][PASSED] - Delayed 5 second(s)]]></system-out>
         <system-err><![CDATA[]]></system-err>
      </testcase>
      <testcase name="Test Cases/Story 35 -Tambah Barang/TC 5" classname="Test Cases/Story 35 -Tambah Barang/TC 5" status="PASSED">
         <system-out><![CDATA[2018-03-14 14:50:41 - [TEST_CASE][PASSED] - Test Cases/Story 35 -Tambah Barang/TC 5: Test Cases/Story 35 -Tambah Barang/TC 5

2018-03-14 14:50:41 - [TEST_STEP][PASSED] - scrollToText: Scrolling to text 'Makanan' successfully

2018-03-14 14:50:48 - [MESSAGE][PASSED] - Scrolling to text 'Makanan' successfully

2018-03-14 14:50:48 - [TEST_STEP][PASSED] - tap: Tapped on element 'Object Repository/Sidebar Menu/Operasional/Stock/Tambah Barang/android.widget.TextView6 - Makanan'

2018-03-14 14:50:48 - [MESSAGE][PASSED] - Tapped on element 'Object Repository/Sidebar Menu/Operasional/Stock/Tambah Barang/android.widget.TextView6 - Makanan'

2018-03-14 14:50:48 - [TEST_STEP][PASSED] - delay: Delayed 10 second(s)

2018-03-14 14:50:58 - [MESSAGE][PASSED] - Delayed 10 second(s)]]></system-out>
         <system-err><![CDATA[]]></system-err>
      </testcase>
      <testcase name="Test Cases/Story 35 -Tambah Barang/TC 6" classname="Test Cases/Story 35 -Tambah Barang/TC 6" status="PASSED">
         <system-out><![CDATA[2018-03-14 14:50:58 - [TEST_CASE][PASSED] - Test Cases/Story 35 -Tambah Barang/TC 6: Test Cases/Story 35 -Tambah Barang/TC 6

2018-03-14 14:50:59 - [TEST_STEP][PASSED] - comment: Test HARGA JUAL

2018-03-14 14:50:59 - [TEST_STEP][PASSED] - setText: Text '-200' has been set to element 'Object Repository/Sidebar Menu/Operasional/Stock/Tambah Barang/Harga Jual - TextBox'

2018-03-14 14:51:09 - [MESSAGE][PASSED] - Text '-200' has been set to element 'Object Repository/Sidebar Menu/Operasional/Stock/Tambah Barang/Harga Jual - TextBox'

2018-03-14 14:51:09 - [TEST_STEP][PASSED] - hideKeyboard: Keyboard is hidden

2018-03-14 14:51:10 - [MESSAGE][PASSED] - Keyboard is hidden

2018-03-14 14:51:10 - [TEST_STEP][PASSED] - delay: Delayed 5 second(s)

2018-03-14 14:51:15 - [MESSAGE][PASSED] - Delayed 5 second(s)]]></system-out>
         <system-err><![CDATA[]]></system-err>
      </testcase>
      <testcase name="Test Cases/Story 35 -Tambah Barang/TC 7" classname="Test Cases/Story 35 -Tambah Barang/TC 7" status="PASSED">
         <system-out><![CDATA[2018-03-14 14:51:15 - [TEST_CASE][PASSED] - Test Cases/Story 35 -Tambah Barang/TC 7: Test Cases/Story 35 -Tambah Barang/TC 7

2018-03-14 14:51:16 - [TEST_STEP][PASSED] - clearText: Element 'Object Repository/Sidebar Menu/Operasional/Stock/Tambah Barang/Harga Jual - TextBox' text is cleared

2018-03-14 14:51:18 - [MESSAGE][PASSED] - Element 'Object Repository/Sidebar Menu/Operasional/Stock/Tambah Barang/Harga Jual - TextBox' text is cleared

2018-03-14 14:51:18 - [TEST_STEP][PASSED] - tap: Tapped on element 'Object Repository/Sidebar Menu/Operasional/Stock/Tambah Barang/Harga Jual - TextBox'

2018-03-14 14:51:18 - [MESSAGE][PASSED] - Tapped on element 'Object Repository/Sidebar Menu/Operasional/Stock/Tambah Barang/Harga Jual - TextBox'

2018-03-14 14:51:18 - [TEST_STEP][PASSED] - setText: Text '20000' has been set to element 'Object Repository/Sidebar Menu/Operasional/Stock/Tambah Barang/Harga Jual - TextBox'

2018-03-14 14:51:34 - [MESSAGE][PASSED] - Text '20000' has been set to element 'Object Repository/Sidebar Menu/Operasional/Stock/Tambah Barang/Harga Jual - TextBox'

2018-03-14 14:51:34 - [TEST_STEP][PASSED] - verifyElementText: Actual text and expected text of test object 'Object Repository/Sidebar Menu/Operasional/Stock/Tambah Barang/Harga Jual - TextBox' are matched.

2018-03-14 14:51:35 - [MESSAGE][PASSED] - Actual text and expected text of test object 'Object Repository/Sidebar Menu/Operasional/Stock/Tambah Barang/Harga Jual - TextBox' are matched.

2018-03-14 14:51:35 - [TEST_STEP][PASSED] - hideKeyboard: Keyboard is hidden

2018-03-14 14:51:36 - [MESSAGE][PASSED] - Keyboard is hidden]]></system-out>
         <system-err><![CDATA[]]></system-err>
      </testcase>
      <testcase name="Test Cases/Story 35 -Tambah Barang/TC 8" classname="Test Cases/Story 35 -Tambah Barang/TC 8" status="PASSED">
         <system-out><![CDATA[2018-03-14 14:51:36 - [TEST_CASE][PASSED] - Test Cases/Story 35 -Tambah Barang/TC 8: Test Cases/Story 35 -Tambah Barang/TC 8

2018-03-14 14:51:36 - [TEST_STEP][PASSED] - clearText: Element 'Object Repository/Sidebar Menu/Operasional/Stock/Tambah Barang/Harga Jual - TextBox' text is cleared

2018-03-14 14:51:38 - [MESSAGE][PASSED] - Element 'Object Repository/Sidebar Menu/Operasional/Stock/Tambah Barang/Harga Jual - TextBox' text is cleared

2018-03-14 14:51:38 - [TEST_STEP][PASSED] - setText: Text '2k' has been set to element 'Object Repository/Sidebar Menu/Operasional/Stock/Tambah Barang/Harga Jual - TextBox'

2018-03-14 14:51:52 - [MESSAGE][PASSED] - Text '2k' has been set to element 'Object Repository/Sidebar Menu/Operasional/Stock/Tambah Barang/Harga Jual - TextBox'

2018-03-14 14:51:52 - [TEST_STEP][PASSED] - hideKeyboard: Keyboard is hidden

2018-03-14 14:51:53 - [MESSAGE][PASSED] - Keyboard is hidden

2018-03-14 14:51:53 - [TEST_STEP][PASSED] - clearText: Element 'Object Repository/Sidebar Menu/Operasional/Stock/Tambah Barang/Harga Jual - TextBox' text is cleared

2018-03-14 14:51:55 - [MESSAGE][PASSED] - Element 'Object Repository/Sidebar Menu/Operasional/Stock/Tambah Barang/Harga Jual - TextBox' text is cleared

2018-03-14 14:51:55 - [TEST_STEP][PASSED] - hideKeyboard: Keyboard is hidden

2018-03-14 14:51:56 - [MESSAGE][PASSED] - Keyboard is hidden]]></system-out>
         <system-err><![CDATA[]]></system-err>
      </testcase>
      <testcase name="Test Cases/Story 35 -Tambah Barang/TC 9" classname="Test Cases/Story 35 -Tambah Barang/TC 9" status="PASSED">
         <system-out><![CDATA[2018-03-14 14:51:56 - [TEST_CASE][PASSED] - Test Cases/Story 35 -Tambah Barang/TC 9: Test Cases/Story 35 -Tambah Barang/TC 9

2018-03-14 14:51:56 - [TEST_STEP][PASSED] - comment: Test NOMINAL Diskon

2018-03-14 14:51:56 - [TEST_STEP][PASSED] - setText: Text '-2000' has been set to element 'Object Repository/Sidebar Menu/Operasional/Stock/Tambah Barang/Nominal Diskon- TextBox'

2018-03-14 14:52:06 - [MESSAGE][PASSED] - Text '-2000' has been set to element 'Object Repository/Sidebar Menu/Operasional/Stock/Tambah Barang/Nominal Diskon- TextBox'

2018-03-14 14:52:06 - [TEST_STEP][PASSED] - hideKeyboard: Keyboard is hidden

2018-03-14 14:52:07 - [MESSAGE][PASSED] - Keyboard is hidden

2018-03-14 14:52:07 - [TEST_STEP][PASSED] - tap: Tapped on element 'Object Repository/Sidebar Menu/Operasional/Stock/Tambah Barang/Harga Jual - TextBox'

2018-03-14 14:52:09 - [MESSAGE][PASSED] - Tapped on element 'Object Repository/Sidebar Menu/Operasional/Stock/Tambah Barang/Harga Jual - TextBox'

2018-03-14 14:52:09 - [TEST_STEP][PASSED] - setText: Text '20000' has been set to element 'Object Repository/Sidebar Menu/Operasional/Stock/Tambah Barang/Harga Jual - TextBox'

2018-03-14 14:52:23 - [MESSAGE][PASSED] - Text '20000' has been set to element 'Object Repository/Sidebar Menu/Operasional/Stock/Tambah Barang/Harga Jual - TextBox'

2018-03-14 14:52:23 - [TEST_STEP][PASSED] - verifyElementText: Actual text and expected text of test object 'Object Repository/Sidebar Menu/Operasional/Stock/Tambah Barang/Harga Jual - TextBox' are matched.

2018-03-14 14:52:24 - [MESSAGE][PASSED] - Actual text and expected text of test object 'Object Repository/Sidebar Menu/Operasional/Stock/Tambah Barang/Harga Jual - TextBox' are matched.

2018-03-14 14:52:24 - [TEST_STEP][PASSED] - hideKeyboard: Keyboard is hidden

2018-03-14 14:52:25 - [MESSAGE][PASSED] - Keyboard is hidden

2018-03-14 14:52:25 - [TEST_STEP][PASSED] - setText: Text '2000' has been set to element 'Object Repository/Sidebar Menu/Operasional/Stock/Tambah Barang/Nominal Diskon- TextBox'

2018-03-14 14:52:36 - [MESSAGE][PASSED] - Text '2000' has been set to element 'Object Repository/Sidebar Menu/Operasional/Stock/Tambah Barang/Nominal Diskon- TextBox'

2018-03-14 14:52:36 - [TEST_STEP][PASSED] - hideKeyboard: Keyboard is hidden

2018-03-14 14:52:37 - [MESSAGE][PASSED] - Keyboard is hidden]]></system-out>
         <system-err><![CDATA[]]></system-err>
      </testcase>
      <testcase name="Test Cases/Story 35 -Tambah Barang/TC 10" classname="Test Cases/Story 35 -Tambah Barang/TC 10" status="PASSED">
         <system-out><![CDATA[2018-03-14 14:52:37 - [TEST_CASE][PASSED] - Test Cases/Story 35 -Tambah Barang/TC 10: Test Cases/Story 35 -Tambah Barang/TC 10

2018-03-14 14:52:38 - [TEST_STEP][PASSED] - clearText: Element 'Object Repository/Sidebar Menu/Operasional/Stock/Tambah Barang/Persentase Diskon - TextBox' text is cleared

2018-03-14 14:52:39 - [MESSAGE][PASSED] - Element 'Object Repository/Sidebar Menu/Operasional/Stock/Tambah Barang/Persentase Diskon - TextBox' text is cleared

2018-03-14 14:52:39 - [TEST_STEP][PASSED] - setText: Text '20' has been set to element 'Object Repository/Sidebar Menu/Operasional/Stock/Tambah Barang/Persentase Diskon - TextBox'

2018-03-14 14:52:54 - [MESSAGE][PASSED] - Text '20' has been set to element 'Object Repository/Sidebar Menu/Operasional/Stock/Tambah Barang/Persentase Diskon - TextBox'

2018-03-14 14:52:54 - [TEST_STEP][PASSED] - hideKeyboard: Keyboard is hidden

2018-03-14 14:52:55 - [MESSAGE][PASSED] - Keyboard is hidden]]></system-out>
         <system-err><![CDATA[]]></system-err>
      </testcase>
      <testcase name="Test Cases/Story 35 -Tambah Barang/TC 11" classname="Test Cases/Story 35 -Tambah Barang/TC 11" status="PASSED">
         <system-out><![CDATA[2018-03-14 14:52:55 - [TEST_CASE][PASSED] - Test Cases/Story 35 -Tambah Barang/TC 11: Test Cases/Story 35 -Tambah Barang/TC 11

2018-03-14 14:52:55 - [TEST_STEP][PASSED] - clearText: Element 'Object Repository/Sidebar Menu/Operasional/Stock/Tambah Barang/Persentase Diskon - TextBox' text is cleared

2018-03-14 14:52:57 - [MESSAGE][PASSED] - Element 'Object Repository/Sidebar Menu/Operasional/Stock/Tambah Barang/Persentase Diskon - TextBox' text is cleared

2018-03-14 14:52:57 - [TEST_STEP][PASSED] - setText: Text '-20' has been set to element 'Object Repository/Sidebar Menu/Operasional/Stock/Tambah Barang/Persentase Diskon - TextBox'

2018-03-14 14:53:12 - [MESSAGE][PASSED] - Text '-20' has been set to element 'Object Repository/Sidebar Menu/Operasional/Stock/Tambah Barang/Persentase Diskon - TextBox'

2018-03-14 14:53:12 - [TEST_STEP][PASSED] - hideKeyboard: Keyboard is hidden

2018-03-14 14:53:13 - [MESSAGE][PASSED] - Keyboard is hidden]]></system-out>
         <system-err><![CDATA[]]></system-err>
      </testcase>
      <testcase name="Test Cases/Story 35 -Tambah Barang/TC 12" classname="Test Cases/Story 35 -Tambah Barang/TC 12" status="PASSED">
         <system-out><![CDATA[2018-03-14 14:53:13 - [TEST_CASE][PASSED] - Test Cases/Story 35 -Tambah Barang/TC 12: Test Cases/Story 35 -Tambah Barang/TC 12

2018-03-14 14:53:13 - [TEST_STEP][PASSED] - clearText: Element 'Object Repository/Sidebar Menu/Operasional/Stock/Tambah Barang/Nominal Diskon- TextBox' text is cleared

2018-03-14 14:53:15 - [MESSAGE][PASSED] - Element 'Object Repository/Sidebar Menu/Operasional/Stock/Tambah Barang/Nominal Diskon- TextBox' text is cleared

2018-03-14 14:53:15 - [TEST_STEP][PASSED] - setText: Text '30000' has been set to element 'Object Repository/Sidebar Menu/Operasional/Stock/Tambah Barang/Nominal Diskon- TextBox'

2018-03-14 14:53:31 - [MESSAGE][PASSED] - Text '30000' has been set to element 'Object Repository/Sidebar Menu/Operasional/Stock/Tambah Barang/Nominal Diskon- TextBox'

2018-03-14 14:53:31 - [TEST_STEP][PASSED] - hideKeyboard: Keyboard is hidden

2018-03-14 14:53:32 - [MESSAGE][PASSED] - Keyboard is hidden

2018-03-14 14:53:33 - [TEST_STEP][PASSED] - clearText: Element 'Object Repository/Sidebar Menu/Operasional/Stock/Tambah Barang/Nominal Diskon- TextBox' text is cleared

2018-03-14 14:53:35 - [MESSAGE][PASSED] - Element 'Object Repository/Sidebar Menu/Operasional/Stock/Tambah Barang/Nominal Diskon- TextBox' text is cleared

2018-03-14 14:53:35 - [TEST_STEP][PASSED] - setText: Text '20000' has been set to element 'Object Repository/Sidebar Menu/Operasional/Stock/Tambah Barang/Nominal Diskon- TextBox'

2018-03-14 14:53:50 - [MESSAGE][PASSED] - Text '20000' has been set to element 'Object Repository/Sidebar Menu/Operasional/Stock/Tambah Barang/Nominal Diskon- TextBox'

2018-03-14 14:53:50 - [TEST_STEP][PASSED] - hideKeyboard: Keyboard is hidden

2018-03-14 14:53:51 - [MESSAGE][PASSED] - Keyboard is hidden

2018-03-14 14:53:51 - [TEST_STEP][PASSED] - clearText: Element 'Object Repository/Sidebar Menu/Operasional/Stock/Tambah Barang/Nominal Diskon- TextBox' text is cleared

2018-03-14 14:53:54 - [MESSAGE][PASSED] - Element 'Object Repository/Sidebar Menu/Operasional/Stock/Tambah Barang/Nominal Diskon- TextBox' text is cleared

2018-03-14 14:53:54 - [TEST_STEP][PASSED] - setText: Text '2000' has been set to element 'Object Repository/Sidebar Menu/Operasional/Stock/Tambah Barang/Nominal Diskon- TextBox'

2018-03-14 14:54:08 - [MESSAGE][PASSED] - Text '2000' has been set to element 'Object Repository/Sidebar Menu/Operasional/Stock/Tambah Barang/Nominal Diskon- TextBox'

2018-03-14 14:54:08 - [TEST_STEP][PASSED] - hideKeyboard: Keyboard is hidden

2018-03-14 14:54:09 - [MESSAGE][PASSED] - Keyboard is hidden]]></system-out>
         <system-err><![CDATA[]]></system-err>
      </testcase>
      <testcase name="Test Cases/Story 35 -Tambah Barang/TC 13" classname="Test Cases/Story 35 -Tambah Barang/TC 13" status="PASSED">
         <system-out><![CDATA[2018-03-14 14:54:09 - [TEST_CASE][PASSED] - Test Cases/Story 35 -Tambah Barang/TC 13: Test Cases/Story 35 -Tambah Barang/TC 13

2018-03-14 14:54:09 - [TEST_STEP][PASSED] - tap: Tapped on element 'Object Repository/Sidebar Menu/Operasional/Stock/Tambah Barang/Simpan Button'

2018-03-14 14:54:11 - [MESSAGE][PASSED] - Tapped on element 'Object Repository/Sidebar Menu/Operasional/Stock/Tambah Barang/Simpan Button'

2018-03-14 14:54:11 - [TEST_STEP][PASSED] - delay: Delayed 2 second(s)

2018-03-14 14:54:13 - [MESSAGE][PASSED] - Delayed 2 second(s)

2018-03-14 14:54:13 - [TEST_STEP][PASSED] - takeScreenshot: Screenshot is taken

2018-03-14 14:54:17 - [MESSAGE][PASSED] - Screenshot is taken
[[ATTACHMENT|C:\\Users\\AV2017005903\\Documents\\apollo-automation\\Screenshoot\\BarangMandatory.png]]]]></system-out>
         <system-err><![CDATA[]]></system-err>
      </testcase>
      <testcase name="Test Cases/Story 35 -Tambah Barang/TC 14" classname="Test Cases/Story 35 -Tambah Barang/TC 14" status="PASSED">
         <system-out><![CDATA[2018-03-14 14:54:17 - [TEST_CASE][PASSED] - Test Cases/Story 35 -Tambah Barang/TC 14: Test Cases/Story 35 -Tambah Barang/TC 14

2018-03-14 14:54:18 - [TEST_STEP][PASSED] - tap: Tapped on element 'Object Repository/Sidebar Menu/Operasional/Stock/Tambah Barang/Nama Barang - Text Box'

2018-03-14 14:54:18 - [MESSAGE][PASSED] - Tapped on element 'Object Repository/Sidebar Menu/Operasional/Stock/Tambah Barang/Nama Barang - Text Box'

2018-03-14 14:54:18 - [TEST_STEP][PASSED] - setText: Text 'yesiyesiyesiyesiyesiyesiyesiyesiyesiyesiyesiyesiyesiyesiyesiyesiyesiyesiyesiyesiyesiyesiyesiyesiyesi' has been set to element 'Object Repository/Sidebar Menu/Operasional/Stock/Tambah Barang/Nama Barang - Text Box'

2018-03-14 14:54:37 - [MESSAGE][PASSED] - Text 'yesiyesiyesiyesiyesiyesiyesiyesiyesiyesiyesiyesiyesiyesiyesiyesiyesiyesiyesiyesiyesiyesiyesiyesiyesi' has been set to element 'Object Repository/Sidebar Menu/Operasional/Stock/Tambah Barang/Nama Barang - Text Box'

2018-03-14 14:54:37 - [TEST_STEP][PASSED] - verifyElementText: Actual text and expected text of test object 'Object Repository/Sidebar Menu/Operasional/Stock/Tambah Barang/Nama Barang - Text Box' are matched.

2018-03-14 14:54:38 - [MESSAGE][PASSED] - Actual text and expected text of test object 'Object Repository/Sidebar Menu/Operasional/Stock/Tambah Barang/Nama Barang - Text Box' are matched.

2018-03-14 14:54:38 - [TEST_STEP][PASSED] - hideKeyboard: Keyboard is hidden

2018-03-14 14:54:38 - [MESSAGE][PASSED] - Keyboard is hidden

2018-03-14 14:54:39 - [TEST_STEP][PASSED] - clearText: Element 'Object Repository/Sidebar Menu/Operasional/Stock/Tambah Barang/Nama Barang - Text Box' text is cleared

2018-03-14 14:54:46 - [MESSAGE][PASSED] - Element 'Object Repository/Sidebar Menu/Operasional/Stock/Tambah Barang/Nama Barang - Text Box' text is cleared

2018-03-14 14:54:46 - [TEST_STEP][PASSED] - setText: Text 'Tisu Carefour' has been set to element 'Object Repository/Sidebar Menu/Operasional/Stock/Tambah Barang/Nama Barang - Text Box'

2018-03-14 14:55:01 - [MESSAGE][PASSED] - Text 'Tisu Carefour' has been set to element 'Object Repository/Sidebar Menu/Operasional/Stock/Tambah Barang/Nama Barang - Text Box'

2018-03-14 14:55:01 - [TEST_STEP][PASSED] - verifyElementText: Actual text and expected text of test object 'Object Repository/Sidebar Menu/Operasional/Stock/Tambah Barang/Nama Barang - Text Box' are matched.

2018-03-14 14:55:02 - [MESSAGE][PASSED] - Actual text and expected text of test object 'Object Repository/Sidebar Menu/Operasional/Stock/Tambah Barang/Nama Barang - Text Box' are matched.

2018-03-14 14:55:02 - [TEST_STEP][PASSED] - hideKeyboard: Keyboard is hidden

2018-03-14 14:55:03 - [MESSAGE][PASSED] - Keyboard is hidden]]></system-out>
         <system-err><![CDATA[]]></system-err>
      </testcase>
      <testcase name="Test Cases/Story 35 -Tambah Barang/TC 15" classname="Test Cases/Story 35 -Tambah Barang/TC 15" status="PASSED">
         <system-out><![CDATA[2018-03-14 14:55:03 - [TEST_CASE][PASSED] - Test Cases/Story 35 -Tambah Barang/TC 15: Test Cases/Story 35 -Tambah Barang/TC 15

2018-03-14 14:55:04 - [TEST_STEP][PASSED] - pressBack: Press back button successfully

2018-03-14 14:55:04 - [MESSAGE][PASSED] - Press back button successfully

2018-03-14 14:55:04 - [TEST_STEP][PASSED] - tap: Tapped on element 'Object Repository/Sidebar Menu/Operasional/Stock/Tambah Barang/Batal - Button'

2018-03-14 14:55:05 - [MESSAGE][PASSED] - Tapped on element 'Object Repository/Sidebar Menu/Operasional/Stock/Tambah Barang/Batal - Button'

2018-03-14 14:55:05 - [TEST_STEP][PASSED] - waitForElementPresent: Element 'Object Repository/Sidebar Menu/Operasional/Stock/Tambah Barang/Simpan Button' is present

2018-03-14 14:55:07 - [MESSAGE][PASSED] - Element 'Object Repository/Sidebar Menu/Operasional/Stock/Tambah Barang/Simpan Button' is present]]></system-out>
         <system-err><![CDATA[]]></system-err>
      </testcase>
      <testcase name="Test Cases/Story 35 -Tambah Barang/TC 16" classname="Test Cases/Story 35 -Tambah Barang/TC 16" status="PASSED">
         <system-out><![CDATA[2018-03-14 14:55:07 - [TEST_CASE][PASSED] - Test Cases/Story 35 -Tambah Barang/TC 16: Test Cases/Story 35 -Tambah Barang/TC 16

2018-03-14 14:55:07 - [TEST_STEP][PASSED] - tap: Tapped on element 'Object Repository/Sidebar Menu/Operasional/Stock/Tambah Barang/Simpan Button'

2018-03-14 14:55:08 - [MESSAGE][PASSED] - Tapped on element 'Object Repository/Sidebar Menu/Operasional/Stock/Tambah Barang/Simpan Button'

2018-03-14 14:55:08 - [TEST_STEP][PASSED] - delay: Delayed 2 second(s)

2018-03-14 14:55:10 - [MESSAGE][PASSED] - Delayed 2 second(s)

2018-03-14 14:55:10 - [TEST_STEP][PASSED] - takeScreenshot: Screenshot is taken

2018-03-14 14:55:12 - [MESSAGE][PASSED] - Screenshot is taken
[[ATTACHMENT|C:\\Users\\AV2017005903\\Documents\\apollo-automation\\Screenshoot\\TambahBarang.png]]]]></system-out>
         <system-err><![CDATA[]]></system-err>
      </testcase>
      <system-out><![CDATA[2018-03-14 14:48:35 - [TEST_SUITE][PASSED] - Story 35: Test Cases/Story 35 -Tambah Barang/TC 16]]></system-out>
      <system-err><![CDATA[]]></system-err>
   </testsuite>
</testsuites>
