<?xml version="1.0" encoding="UTF-8"?>
<testsuites name="Story 35 - Tambah Barang" time="583" tests="3" failures="0" errors="4">
   <testsuite name="Story 35 - Tambah Barang" tests="3" failures="0" errors="4" time="583" timestamp="2018-07-12 13:19:25" hostname="AV2017005903 - NBMP18A211ITSQA.corp.bankbtpn.co.id" id="Test Suites/Story 35 - Tambah Barang">
      <properties>
         <property name="deviceName" value="OPPO A37f (Android 5.1.1)"/>
         <property name="devicePlatform" value=""/>
         <property name="logFolder" value="C:\\Users\\AV2017005903\\Documents\\apollo-automation\\Reports\\Story 35 - Tambah Barang\\20180712_131921"/>
         <property name="logFiles" value="C:\\Users\\AV2017005903\\Documents\\apollo-automation\\Reports\\Story 35 - Tambah Barang\\20180712_131921\\appium.log, C:\\Users\\AV2017005903\\Documents\\apollo-automation\\Reports\\Story 35 - Tambah Barang\\20180712_131921\\execution0.log"/>
         <property name="attachments" value=""/>
         <property name="hostName" value="AV2017005903 - NBMP18A211ITSQA.corp.bankbtpn.co.id"/>
         <property name="os" value="Windows 10 64bit"/>
         <property name="katalonVersion" value="5.4.2.1"/>
         <property name="deviceOS" value="Android"/>
         <property name="appiumVersion" value="1.8.1"/>
         <property name="deviceModel" value="A37f"/>
         <property name="hostAddress" value="192.168.62.1"/>
         <property name="deviceManufacturer" value="OPPO"/>
         <property name="deviceId" value="6e4df14"/>
         <property name="deviceName" value="OPPO A37f (Android 5.1.1)"/>
         <property name="deviceOSVersion" value="5.1.1"/>
      </properties>
      <testcase name="Test Cases/Story 35 and 921 -Tambah Barang/35 TC 1" classname="Test Cases/Story 35 and 921 -Tambah Barang/35 TC 1" status="PASSED">
         <system-out><![CDATA[2018-07-12 13:19:26 - [TEST_CASE][PASSED] - Test Cases/Story 35 and 921 -Tambah Barang/35 TC 1: Test Cases/Story 35 and 921 -Tambah Barang/35 TC 1

2018-07-12 13:19:26 - [TEST_STEP][PASSED] - comment: Start Story 35 - Display Tambah Barang Form

2018-07-12 13:19:26 - [TEST_STEP][PASSED] - comment: Call Test Case 26 (TC1)

2018-07-12 13:19:26 - [TEST_STEP][PASSED] - callTestCase: Call Test Case 'Test Cases/Story 26 dan 842 -Kelola Stok Final/26 TC 1' successfully

2018-07-12 13:19:26 - [TEST_CASE][PASSED] - Test Cases/Story 26 dan 842 -Kelola Stok Final/26 TC 1: Test Cases/Story 26 dan 842 -Kelola Stok Final/26 TC 1

2018-07-12 13:19:26 - [TEST_STEP][PASSED] - comment: Kelola Stock - View

2018-07-12 13:19:26 - [TEST_STEP][PASSED] - callTestCase: Call Test Case 'Test Cases/Story 679 - Welcome Screen/679 TC - Welcome Screen' successfully

2018-07-12 13:19:26 - [TEST_CASE][PASSED] - Test Cases/Story 679 - Welcome Screen/679 TC - Welcome Screen: Test Cases/Story 679 - Welcome Screen/679 TC - Welcome Screen

2018-07-12 13:19:27 - [TEST_STEP][PASSED] - comment: Start Story 679

2018-07-12 13:19:27 - [TEST_STEP][PASSED] - Statement - apkPath = apkName: null

2018-07-12 13:19:27 - [TEST_STEP][PASSED] - startApplication: Started app at: 'C:\Users\AV2017005903\Documents\apollo-automation\app-sit-3 Juli.apk'

2018-07-12 13:20:19 - [MESSAGE][PASSED] - Started app at: 'C:\Users\AV2017005903\Documents\apollo-automation\app-sit-3 Juli.apk'

2018-07-12 13:20:19 - [TEST_STEP][PASSED] - delay: Delayed 15 second(s)

2018-07-12 13:20:34 - [MESSAGE][PASSED] - Delayed 15 second(s)

2018-07-12 13:20:34 - [TEST_STEP][NOT_RUN] - waitForElementPresent: NOT_RUN: waitForElementPresent

2018-07-12 13:20:34 - [MESSAGE][NOT_RUN] - NOT_RUN: waitForElementPresent

2018-07-12 13:20:34 - [TEST_STEP][NOT_RUN] - verifyElementVisible: NOT_RUN: verifyElementVisible

2018-07-12 13:20:34 - [MESSAGE][NOT_RUN] - NOT_RUN: verifyElementVisible

2018-07-12 13:20:34 - [TEST_STEP][PASSED] - Comment - "Delay until UpdateApp TopUp appear": null

2018-07-12 13:20:34 - [TEST_STEP][PASSED] - Statement - driver = com.kms.katalon.core.mobile.keyword.internal.MobileDriverFactory.getDriver(): null

2018-07-12 13:20:34 - [TEST_STEP][PASSED] - Statement - action = new io.appium.java_client.TouchAction(driver): null

2018-07-12 13:20:34 - [TEST_STEP][PASSED] - Statement - action.longPress(450, 300).moveTo(100, 300).release().perform(): null

2018-07-12 13:20:36 - [TEST_STEP][PASSED] - delay: Delayed 8 second(s)

2018-07-12 13:20:44 - [MESSAGE][PASSED] - Delayed 8 second(s)

2018-07-12 13:20:44 - [TEST_STEP][PASSED] - Statement - action.longPress(450, 300).moveTo(100, 300).release().perform(): null

2018-07-12 13:20:47 - [TEST_STEP][PASSED] - delay: Delayed 8 second(s)

2018-07-12 13:20:55 - [MESSAGE][PASSED] - Delayed 8 second(s)

2018-07-12 13:20:55 - [TEST_STEP][PASSED] - Statement - action.longPress(450, 300).moveTo(100, 300).release().perform(): null

2018-07-12 13:20:58 - [TEST_STEP][PASSED] - delay: Delayed 8 second(s)

2018-07-12 13:21:06 - [MESSAGE][PASSED] - Delayed 8 second(s)

2018-07-12 13:21:06 - [TEST_STEP][PASSED] - Statement - action.longPress(450, 300).moveTo(100, 300).release().perform(): null

2018-07-12 13:21:08 - [TEST_STEP][PASSED] - delay: Delayed 8 second(s)

2018-07-12 13:21:16 - [MESSAGE][PASSED] - Delayed 8 second(s)

2018-07-12 13:21:16 - [TEST_STEP][PASSED] - waitForElementPresent: Element 'Object Repository/Splash Screen/Mulai - Button' is present

2018-07-12 13:21:16 - [MESSAGE][WARNING] - Timeout '0' is invalid. Using default page load timeout: '30'

2018-07-12 13:21:19 - [MESSAGE][PASSED] - Element 'Object Repository/Splash Screen/Mulai - Button' is present

2018-07-12 13:21:19 - [TEST_STEP][PASSED] - tap: Tapped on element 'Object Repository/Splash Screen/Mulai - Button'

2018-07-12 13:21:19 - [MESSAGE][WARNING] - Timeout '0' is invalid. Using default page load timeout: '30'

2018-07-12 13:21:24 - [MESSAGE][PASSED] - Tapped on element 'Object Repository/Splash Screen/Mulai - Button'

2018-07-12 13:21:24 - [MESSAGE][PASSED] - Call Test Case 'Test Cases/Story 679 - Welcome Screen/679 TC - Welcome Screen' successfully

2018-07-12 13:21:24 - [TEST_STEP][NOT_RUN] - Statement - apkPath = apkName: NOT_RUN: Statement - apkPath = apkName

2018-07-12 13:21:24 - [MESSAGE][NOT_RUN] - NOT_RUN: Statement - apkPath = apkName

2018-07-12 13:21:24 - [TEST_STEP][NOT_RUN] - startApplication: NOT_RUN: startApplication

2018-07-12 13:21:24 - [MESSAGE][NOT_RUN] - NOT_RUN: startApplication

2018-07-12 13:21:24 - [TEST_STEP][NOT_RUN] - verifyElementVisible: NOT_RUN: verifyElementVisible

2018-07-12 13:21:24 - [MESSAGE][NOT_RUN] - NOT_RUN: verifyElementVisible

2018-07-12 13:21:24 - [TEST_STEP][PASSED] - comment: Start Login Test Case

2018-07-12 13:21:24 - [TEST_STEP][PASSED] - delay: Delayed 5 second(s)

2018-07-12 13:21:29 - [MESSAGE][PASSED] - Delayed 5 second(s)

2018-07-12 13:21:29 - [TEST_STEP][PASSED] - Comment - "If there is a Update TopuUp, click No, Else you can delay for waiting lazyload ": null

2018-07-12 13:21:29 - [TEST_STEP][PASSED] - waitForElementPresent: Element 'Object Repository/Login/Nomor HP  Nama Pengguna - Text Box' is present

2018-07-12 13:21:32 - [MESSAGE][PASSED] - Element 'Object Repository/Login/Nomor HP  Nama Pengguna - Text Box' is present

2018-07-12 13:21:32 - [TEST_STEP][PASSED] - verifyElementAttributeValue: Object 'Object Repository/Login/Nomor HP  Nama Pengguna - Text Box' has attribute 'content-desc' with value 'LoginNameTextInput'

2018-07-12 13:21:36 - [MESSAGE][PASSED] - Object 'Object Repository/Login/Nomor HP  Nama Pengguna - Text Box' has attribute 'content-desc' with value 'LoginNameTextInput'

2018-07-12 13:21:36 - [TEST_STEP][PASSED] - tap: Tapped on element 'Object Repository/Login/Nomor HP  Nama Pengguna - Text Box'

2018-07-12 13:21:42 - [MESSAGE][PASSED] - Tapped on element 'Object Repository/Login/Nomor HP  Nama Pengguna - Text Box'

2018-07-12 13:21:42 - [TEST_STEP][PASSED] - setText: Text '08112233445567' has been set to element 'Object Repository/Login/Nomor HP  Nama Pengguna - Text Box'

2018-07-12 13:21:59 - [MESSAGE][PASSED] - Text '08112233445567' has been set to element 'Object Repository/Login/Nomor HP  Nama Pengguna - Text Box'

2018-07-12 13:21:59 - [TEST_STEP][PASSED] - hideKeyboard: Keyboard is hidden

2018-07-12 13:22:02 - [MESSAGE][PASSED] - Keyboard is hidden

2018-07-12 13:22:02 - [TEST_STEP][PASSED] - verifyElementText: Actual text and expected text of test object 'Object Repository/Login/Nomor HP  Nama Pengguna - Text Box' are matched.

2018-07-12 13:22:06 - [MESSAGE][PASSED] - Actual text and expected text of test object 'Object Repository/Login/Nomor HP  Nama Pengguna - Text Box' are matched.

2018-07-12 13:22:06 - [TEST_STEP][PASSED] - waitForElementPresent: Element 'Object Repository/Login/Button Masuk' is present

2018-07-12 13:22:10 - [MESSAGE][PASSED] - Element 'Object Repository/Login/Button Masuk' is present

2018-07-12 13:22:10 - [TEST_STEP][PASSED] - verifyElementAttributeValue: Object 'Object Repository/Login/Button Masuk' has attribute 'content-desc' with value 'LoginJumpNextBtn'

2018-07-12 13:22:18 - [MESSAGE][PASSED] - Object 'Object Repository/Login/Button Masuk' has attribute 'content-desc' with value 'LoginJumpNextBtn'

2018-07-12 13:22:18 - [TEST_STEP][PASSED] - tap: Tapped on element 'Object Repository/Login/Button Masuk'

2018-07-12 13:22:23 - [MESSAGE][PASSED] - Tapped on element 'Object Repository/Login/Button Masuk'

2018-07-12 13:22:23 - [TEST_STEP][PASSED] - waitForElementPresent: Element 'Object Repository/Login/Input Pin' is present

2018-07-12 13:22:27 - [MESSAGE][PASSED] - Element 'Object Repository/Login/Input Pin' is present

2018-07-12 13:22:27 - [TEST_STEP][PASSED] - verifyElementAttributeValue: Object 'Object Repository/Login/Input Pin' has attribute 'content-desc' with value 'pinCircleFocus'

2018-07-12 13:22:31 - [MESSAGE][PASSED] - Object 'Object Repository/Login/Input Pin' has attribute 'content-desc' with value 'pinCircleFocus'

2018-07-12 13:22:31 - [TEST_STEP][PASSED] - tap: Tapped on element 'Object Repository/Login/Input Pin'

2018-07-12 13:22:36 - [MESSAGE][PASSED] - Tapped on element 'Object Repository/Login/Input Pin'

2018-07-12 13:22:36 - [TEST_STEP][PASSED] - setText: Text '123456' has been set to element 'Object Repository/Login/Input Pin'

2018-07-12 13:22:53 - [MESSAGE][PASSED] - Text '123456' has been set to element 'Object Repository/Login/Input Pin'

2018-07-12 13:22:53 - [TEST_STEP][PASSED] - delay: Delayed 5 second(s)

2018-07-12 13:22:58 - [MESSAGE][PASSED] - Delayed 5 second(s)

2018-07-12 13:22:58 - [TEST_STEP][PASSED] - getAttribute: Element 'Object Repository/Login/DashboardScreen' has attribute 'content-desc' is 'DashboardScreen'

2018-07-12 13:23:02 - [MESSAGE][PASSED] - Element 'Object Repository/Login/DashboardScreen' has attribute 'content-desc' is 'DashboardScreen'

2018-07-12 13:23:02 - [TEST_STEP][PASSED] - verifyElementAttributeValue: Object 'Object Repository/Login/DashboardScreen' has attribute 'content-desc' with value 'DashboardScreen'

2018-07-12 13:23:06 - [MESSAGE][PASSED] - Object 'Object Repository/Login/DashboardScreen' has attribute 'content-desc' with value 'DashboardScreen'

2018-07-12 13:23:06 - [TEST_STEP][PASSED] - delay: Delayed 5 second(s)

2018-07-12 13:23:11 - [MESSAGE][PASSED] - Delayed 5 second(s)

2018-07-12 13:23:11 - [TEST_STEP][PASSED] - comment: End Login Test Case

2018-07-12 13:23:11 - [TEST_STEP][PASSED] - waitForElementPresent: Element 'Object Repository/Sidebar Menu/HamburgerButton' is present

2018-07-12 13:23:15 - [MESSAGE][PASSED] - Element 'Object Repository/Sidebar Menu/HamburgerButton' is present

2018-07-12 13:23:15 - [TEST_STEP][PASSED] - verifyElementAttributeValue: Object 'Object Repository/Sidebar Menu/HamburgerButton' has attribute 'content-desc' with value 'headerBar_button_hamburgerMenu'

2018-07-12 13:23:19 - [MESSAGE][PASSED] - Object 'Object Repository/Sidebar Menu/HamburgerButton' has attribute 'content-desc' with value 'headerBar_button_hamburgerMenu'

2018-07-12 13:23:19 - [TEST_STEP][PASSED] - tap: Tapped on element 'Object Repository/Sidebar Menu/HamburgerButton'

2018-07-12 13:23:24 - [MESSAGE][PASSED] - Tapped on element 'Object Repository/Sidebar Menu/HamburgerButton'

2018-07-12 13:23:24 - [TEST_STEP][PASSED] - waitForElementPresent: Element 'Object Repository/Sidebar Menu/Produk/Produk' is present

2018-07-12 13:23:29 - [MESSAGE][PASSED] - Element 'Object Repository/Sidebar Menu/Produk/Produk' is present

2018-07-12 13:23:29 - [TEST_STEP][PASSED] - verifyElementAttributeValue: Object 'Object Repository/Sidebar Menu/Produk/Produk' has attribute 'content-desc' with value 'produkMenuItem'

2018-07-12 13:23:35 - [MESSAGE][PASSED] - Object 'Object Repository/Sidebar Menu/Produk/Produk' has attribute 'content-desc' with value 'produkMenuItem'

2018-07-12 13:23:35 - [TEST_STEP][PASSED] - tap: Tapped on element 'Object Repository/Sidebar Menu/Produk/Produk'

2018-07-12 13:23:43 - [MESSAGE][PASSED] - Tapped on element 'Object Repository/Sidebar Menu/Produk/Produk'

2018-07-12 13:23:43 - [TEST_STEP][PASSED] - verifyElementVisible: Element 'Object Repository/Sidebar Menu/Produk/Text Header -  Produk' is visible

2018-07-12 13:23:51 - [MESSAGE][PASSED] - Element 'Object Repository/Sidebar Menu/Produk/Text Header -  Produk' is visible

2018-07-12 13:23:51 - [TEST_STEP][PASSED] - delay: Delayed 5 second(s)

2018-07-12 13:23:56 - [MESSAGE][PASSED] - Delayed 5 second(s)

2018-07-12 13:23:56 - [MESSAGE][PASSED] - Call Test Case 'Test Cases/Story 26 dan 842 -Kelola Stok Final/26 TC 1' successfully

2018-07-12 13:23:56 - [TEST_STEP][PASSED] - waitForElementPresent: Element 'Object Repository/Sidebar Menu/Produk/Tambah Barang/Tambah Barang Button' is present

2018-07-12 13:23:59 - [MESSAGE][PASSED] - Element 'Object Repository/Sidebar Menu/Produk/Tambah Barang/Tambah Barang Button' is present

2018-07-12 13:23:59 - [TEST_STEP][PASSED] - verifyElementAttributeValue: Object 'Object Repository/Sidebar Menu/Produk/Tambah Barang/Tambah Barang Button' has attribute 'content-desc' with value 'productListComponent_button_addProduct'

2018-07-12 13:24:03 - [MESSAGE][PASSED] - Object 'Object Repository/Sidebar Menu/Produk/Tambah Barang/Tambah Barang Button' has attribute 'content-desc' with value 'productListComponent_button_addProduct'

2018-07-12 13:24:03 - [TEST_STEP][PASSED] - tap: Tapped on element 'Object Repository/Sidebar Menu/Produk/Tambah Barang/Tambah Barang Button'

2018-07-12 13:24:08 - [MESSAGE][PASSED] - Tapped on element 'Object Repository/Sidebar Menu/Produk/Tambah Barang/Tambah Barang Button']]></system-out>
         <system-err><![CDATA[]]></system-err>
      </testcase>
      <testcase name="Test Cases/Story 35 and 921 -Tambah Barang/35 TC 2" classname="Test Cases/Story 35 and 921 -Tambah Barang/35 TC 2" status="PASSED">
         <system-out><![CDATA[2018-07-12 13:24:08 - [TEST_CASE][PASSED] - Test Cases/Story 35 and 921 -Tambah Barang/35 TC 2: Test Cases/Story 35 and 921 -Tambah Barang/35 TC 2

2018-07-12 13:24:09 - [TEST_STEP][PASSED] - comment: Increase or decrease product stock

2018-07-12 13:24:09 - [TEST_STEP][PASSED] - Statement - For (def index : (0..10)): Tapped on element 'Object Repository/Sidebar Menu/Produk/Tambah Barang/PlusTap - JumlaH Stock'

2018-07-12 13:24:09 - [TEST_STEP][PASSED] - waitForElementPresent: Element 'Object Repository/Sidebar Menu/Produk/Tambah Barang/PlusTap - JumlaH Stock' is present

2018-07-12 13:24:12 - [MESSAGE][PASSED] - Element 'Object Repository/Sidebar Menu/Produk/Tambah Barang/PlusTap - JumlaH Stock' is present

2018-07-12 13:24:12 - [TEST_STEP][PASSED] - verifyElementAttributeValue: Object 'Object Repository/Sidebar Menu/Produk/Tambah Barang/PlusTap - JumlaH Stock' has attribute 'content-desc' with value 'action_plus_anumberpicker'

2018-07-12 13:24:16 - [MESSAGE][PASSED] - Object 'Object Repository/Sidebar Menu/Produk/Tambah Barang/PlusTap - JumlaH Stock' has attribute 'content-desc' with value 'action_plus_anumberpicker'

2018-07-12 13:24:16 - [TEST_STEP][PASSED] - tap: Tapped on element 'Object Repository/Sidebar Menu/Produk/Tambah Barang/PlusTap - JumlaH Stock'

2018-07-12 13:24:21 - [MESSAGE][PASSED] - Tapped on element 'Object Repository/Sidebar Menu/Produk/Tambah Barang/PlusTap - JumlaH Stock'

2018-07-12 13:24:21 - [TEST_STEP][PASSED] - waitForElementPresent: Element 'Object Repository/Sidebar Menu/Produk/Tambah Barang/PlusTap - JumlaH Stock' is present

2018-07-12 13:24:24 - [MESSAGE][PASSED] - Element 'Object Repository/Sidebar Menu/Produk/Tambah Barang/PlusTap - JumlaH Stock' is present

2018-07-12 13:24:24 - [TEST_STEP][PASSED] - verifyElementAttributeValue: Object 'Object Repository/Sidebar Menu/Produk/Tambah Barang/PlusTap - JumlaH Stock' has attribute 'content-desc' with value 'action_plus_anumberpicker'

2018-07-12 13:24:28 - [MESSAGE][PASSED] - Object 'Object Repository/Sidebar Menu/Produk/Tambah Barang/PlusTap - JumlaH Stock' has attribute 'content-desc' with value 'action_plus_anumberpicker'

2018-07-12 13:24:28 - [TEST_STEP][PASSED] - tap: Tapped on element 'Object Repository/Sidebar Menu/Produk/Tambah Barang/PlusTap - JumlaH Stock'

2018-07-12 13:24:33 - [MESSAGE][PASSED] - Tapped on element 'Object Repository/Sidebar Menu/Produk/Tambah Barang/PlusTap - JumlaH Stock'

2018-07-12 13:24:33 - [TEST_STEP][PASSED] - waitForElementPresent: Element 'Object Repository/Sidebar Menu/Produk/Tambah Barang/PlusTap - JumlaH Stock' is present

2018-07-12 13:24:36 - [MESSAGE][PASSED] - Element 'Object Repository/Sidebar Menu/Produk/Tambah Barang/PlusTap - JumlaH Stock' is present

2018-07-12 13:24:36 - [TEST_STEP][PASSED] - verifyElementAttributeValue: Object 'Object Repository/Sidebar Menu/Produk/Tambah Barang/PlusTap - JumlaH Stock' has attribute 'content-desc' with value 'action_plus_anumberpicker'

2018-07-12 13:24:40 - [MESSAGE][PASSED] - Object 'Object Repository/Sidebar Menu/Produk/Tambah Barang/PlusTap - JumlaH Stock' has attribute 'content-desc' with value 'action_plus_anumberpicker'

2018-07-12 13:24:40 - [TEST_STEP][PASSED] - tap: Tapped on element 'Object Repository/Sidebar Menu/Produk/Tambah Barang/PlusTap - JumlaH Stock'

2018-07-12 13:24:45 - [MESSAGE][PASSED] - Tapped on element 'Object Repository/Sidebar Menu/Produk/Tambah Barang/PlusTap - JumlaH Stock'

2018-07-12 13:24:45 - [TEST_STEP][PASSED] - waitForElementPresent: Element 'Object Repository/Sidebar Menu/Produk/Tambah Barang/PlusTap - JumlaH Stock' is present

2018-07-12 13:24:48 - [MESSAGE][PASSED] - Element 'Object Repository/Sidebar Menu/Produk/Tambah Barang/PlusTap - JumlaH Stock' is present

2018-07-12 13:24:48 - [TEST_STEP][PASSED] - verifyElementAttributeValue: Object 'Object Repository/Sidebar Menu/Produk/Tambah Barang/PlusTap - JumlaH Stock' has attribute 'content-desc' with value 'action_plus_anumberpicker'

2018-07-12 13:24:52 - [MESSAGE][PASSED] - Object 'Object Repository/Sidebar Menu/Produk/Tambah Barang/PlusTap - JumlaH Stock' has attribute 'content-desc' with value 'action_plus_anumberpicker'

2018-07-12 13:24:52 - [TEST_STEP][PASSED] - tap: Tapped on element 'Object Repository/Sidebar Menu/Produk/Tambah Barang/PlusTap - JumlaH Stock'

2018-07-12 13:24:57 - [MESSAGE][PASSED] - Tapped on element 'Object Repository/Sidebar Menu/Produk/Tambah Barang/PlusTap - JumlaH Stock'

2018-07-12 13:24:57 - [TEST_STEP][PASSED] - waitForElementPresent: Element 'Object Repository/Sidebar Menu/Produk/Tambah Barang/PlusTap - JumlaH Stock' is present

2018-07-12 13:25:00 - [MESSAGE][PASSED] - Element 'Object Repository/Sidebar Menu/Produk/Tambah Barang/PlusTap - JumlaH Stock' is present

2018-07-12 13:25:00 - [TEST_STEP][PASSED] - verifyElementAttributeValue: Object 'Object Repository/Sidebar Menu/Produk/Tambah Barang/PlusTap - JumlaH Stock' has attribute 'content-desc' with value 'action_plus_anumberpicker'

2018-07-12 13:25:04 - [MESSAGE][PASSED] - Object 'Object Repository/Sidebar Menu/Produk/Tambah Barang/PlusTap - JumlaH Stock' has attribute 'content-desc' with value 'action_plus_anumberpicker'

2018-07-12 13:25:04 - [TEST_STEP][PASSED] - tap: Tapped on element 'Object Repository/Sidebar Menu/Produk/Tambah Barang/PlusTap - JumlaH Stock'

2018-07-12 13:25:09 - [MESSAGE][PASSED] - Tapped on element 'Object Repository/Sidebar Menu/Produk/Tambah Barang/PlusTap - JumlaH Stock'

2018-07-12 13:25:09 - [TEST_STEP][PASSED] - waitForElementPresent: Element 'Object Repository/Sidebar Menu/Produk/Tambah Barang/PlusTap - JumlaH Stock' is present

2018-07-12 13:25:12 - [MESSAGE][PASSED] - Element 'Object Repository/Sidebar Menu/Produk/Tambah Barang/PlusTap - JumlaH Stock' is present

2018-07-12 13:25:12 - [TEST_STEP][PASSED] - verifyElementAttributeValue: Object 'Object Repository/Sidebar Menu/Produk/Tambah Barang/PlusTap - JumlaH Stock' has attribute 'content-desc' with value 'action_plus_anumberpicker'

2018-07-12 13:25:16 - [MESSAGE][PASSED] - Object 'Object Repository/Sidebar Menu/Produk/Tambah Barang/PlusTap - JumlaH Stock' has attribute 'content-desc' with value 'action_plus_anumberpicker'

2018-07-12 13:25:16 - [TEST_STEP][PASSED] - tap: Tapped on element 'Object Repository/Sidebar Menu/Produk/Tambah Barang/PlusTap - JumlaH Stock'

2018-07-12 13:25:21 - [MESSAGE][PASSED] - Tapped on element 'Object Repository/Sidebar Menu/Produk/Tambah Barang/PlusTap - JumlaH Stock'

2018-07-12 13:25:21 - [TEST_STEP][PASSED] - waitForElementPresent: Element 'Object Repository/Sidebar Menu/Produk/Tambah Barang/PlusTap - JumlaH Stock' is present

2018-07-12 13:25:24 - [MESSAGE][PASSED] - Element 'Object Repository/Sidebar Menu/Produk/Tambah Barang/PlusTap - JumlaH Stock' is present

2018-07-12 13:25:24 - [TEST_STEP][PASSED] - verifyElementAttributeValue: Object 'Object Repository/Sidebar Menu/Produk/Tambah Barang/PlusTap - JumlaH Stock' has attribute 'content-desc' with value 'action_plus_anumberpicker'

2018-07-12 13:25:28 - [MESSAGE][PASSED] - Object 'Object Repository/Sidebar Menu/Produk/Tambah Barang/PlusTap - JumlaH Stock' has attribute 'content-desc' with value 'action_plus_anumberpicker'

2018-07-12 13:25:28 - [TEST_STEP][PASSED] - tap: Tapped on element 'Object Repository/Sidebar Menu/Produk/Tambah Barang/PlusTap - JumlaH Stock'

2018-07-12 13:25:34 - [MESSAGE][PASSED] - Tapped on element 'Object Repository/Sidebar Menu/Produk/Tambah Barang/PlusTap - JumlaH Stock'

2018-07-12 13:25:34 - [TEST_STEP][PASSED] - waitForElementPresent: Element 'Object Repository/Sidebar Menu/Produk/Tambah Barang/PlusTap - JumlaH Stock' is present

2018-07-12 13:25:37 - [MESSAGE][PASSED] - Element 'Object Repository/Sidebar Menu/Produk/Tambah Barang/PlusTap - JumlaH Stock' is present

2018-07-12 13:25:37 - [TEST_STEP][PASSED] - verifyElementAttributeValue: Object 'Object Repository/Sidebar Menu/Produk/Tambah Barang/PlusTap - JumlaH Stock' has attribute 'content-desc' with value 'action_plus_anumberpicker'

2018-07-12 13:25:41 - [MESSAGE][PASSED] - Object 'Object Repository/Sidebar Menu/Produk/Tambah Barang/PlusTap - JumlaH Stock' has attribute 'content-desc' with value 'action_plus_anumberpicker'

2018-07-12 13:25:41 - [TEST_STEP][PASSED] - tap: Tapped on element 'Object Repository/Sidebar Menu/Produk/Tambah Barang/PlusTap - JumlaH Stock'

2018-07-12 13:25:47 - [MESSAGE][PASSED] - Tapped on element 'Object Repository/Sidebar Menu/Produk/Tambah Barang/PlusTap - JumlaH Stock'

2018-07-12 13:25:47 - [TEST_STEP][PASSED] - waitForElementPresent: Element 'Object Repository/Sidebar Menu/Produk/Tambah Barang/PlusTap - JumlaH Stock' is present

2018-07-12 13:25:49 - [MESSAGE][PASSED] - Element 'Object Repository/Sidebar Menu/Produk/Tambah Barang/PlusTap - JumlaH Stock' is present

2018-07-12 13:25:49 - [TEST_STEP][PASSED] - verifyElementAttributeValue: Object 'Object Repository/Sidebar Menu/Produk/Tambah Barang/PlusTap - JumlaH Stock' has attribute 'content-desc' with value 'action_plus_anumberpicker'

2018-07-12 13:25:53 - [MESSAGE][PASSED] - Object 'Object Repository/Sidebar Menu/Produk/Tambah Barang/PlusTap - JumlaH Stock' has attribute 'content-desc' with value 'action_plus_anumberpicker'

2018-07-12 13:25:53 - [TEST_STEP][PASSED] - tap: Tapped on element 'Object Repository/Sidebar Menu/Produk/Tambah Barang/PlusTap - JumlaH Stock'

2018-07-12 13:25:59 - [MESSAGE][PASSED] - Tapped on element 'Object Repository/Sidebar Menu/Produk/Tambah Barang/PlusTap - JumlaH Stock'

2018-07-12 13:25:59 - [TEST_STEP][PASSED] - waitForElementPresent: Element 'Object Repository/Sidebar Menu/Produk/Tambah Barang/PlusTap - JumlaH Stock' is present

2018-07-12 13:26:05 - [MESSAGE][PASSED] - Element 'Object Repository/Sidebar Menu/Produk/Tambah Barang/PlusTap - JumlaH Stock' is present

2018-07-12 13:26:05 - [TEST_STEP][PASSED] - verifyElementAttributeValue: Object 'Object Repository/Sidebar Menu/Produk/Tambah Barang/PlusTap - JumlaH Stock' has attribute 'content-desc' with value 'action_plus_anumberpicker'

2018-07-12 13:26:12 - [MESSAGE][PASSED] - Object 'Object Repository/Sidebar Menu/Produk/Tambah Barang/PlusTap - JumlaH Stock' has attribute 'content-desc' with value 'action_plus_anumberpicker'

2018-07-12 13:26:12 - [TEST_STEP][PASSED] - tap: Tapped on element 'Object Repository/Sidebar Menu/Produk/Tambah Barang/PlusTap - JumlaH Stock'

2018-07-12 13:26:22 - [MESSAGE][PASSED] - Tapped on element 'Object Repository/Sidebar Menu/Produk/Tambah Barang/PlusTap - JumlaH Stock'

2018-07-12 13:26:22 - [TEST_STEP][PASSED] - waitForElementPresent: Element 'Object Repository/Sidebar Menu/Produk/Tambah Barang/PlusTap - JumlaH Stock' is present

2018-07-12 13:26:25 - [MESSAGE][PASSED] - Element 'Object Repository/Sidebar Menu/Produk/Tambah Barang/PlusTap - JumlaH Stock' is present

2018-07-12 13:26:25 - [TEST_STEP][PASSED] - verifyElementAttributeValue: Object 'Object Repository/Sidebar Menu/Produk/Tambah Barang/PlusTap - JumlaH Stock' has attribute 'content-desc' with value 'action_plus_anumberpicker'

2018-07-12 13:26:32 - [MESSAGE][PASSED] - Object 'Object Repository/Sidebar Menu/Produk/Tambah Barang/PlusTap - JumlaH Stock' has attribute 'content-desc' with value 'action_plus_anumberpicker'

2018-07-12 13:26:32 - [TEST_STEP][PASSED] - tap: Tapped on element 'Object Repository/Sidebar Menu/Produk/Tambah Barang/PlusTap - JumlaH Stock'

2018-07-12 13:26:42 - [MESSAGE][PASSED] - Tapped on element 'Object Repository/Sidebar Menu/Produk/Tambah Barang/PlusTap - JumlaH Stock'

2018-07-12 13:26:42 - [TEST_STEP][PASSED] - Statement - For (def index : (0..5)): Tapped on element 'Object Repository/Sidebar Menu/Produk/Tambah Barang/Minus Tap - Jumlah Stock'

2018-07-12 13:26:42 - [TEST_STEP][PASSED] - waitForElementPresent: Element 'Object Repository/Sidebar Menu/Produk/Tambah Barang/Minus Tap - Jumlah Stock' is present

2018-07-12 13:26:45 - [MESSAGE][PASSED] - Element 'Object Repository/Sidebar Menu/Produk/Tambah Barang/Minus Tap - Jumlah Stock' is present

2018-07-12 13:26:45 - [TEST_STEP][PASSED] - verifyElementAttributeValue: Object 'Object Repository/Sidebar Menu/Produk/Tambah Barang/Minus Tap - Jumlah Stock' has attribute 'content-desc' with value 'action_minus_anumberpicker'

2018-07-12 13:26:50 - [MESSAGE][PASSED] - Object 'Object Repository/Sidebar Menu/Produk/Tambah Barang/Minus Tap - Jumlah Stock' has attribute 'content-desc' with value 'action_minus_anumberpicker'

2018-07-12 13:26:50 - [TEST_STEP][PASSED] - tap: Tapped on element 'Object Repository/Sidebar Menu/Produk/Tambah Barang/Minus Tap - Jumlah Stock'

2018-07-12 13:26:58 - [MESSAGE][PASSED] - Tapped on element 'Object Repository/Sidebar Menu/Produk/Tambah Barang/Minus Tap - Jumlah Stock'

2018-07-12 13:26:58 - [TEST_STEP][PASSED] - waitForElementPresent: Element 'Object Repository/Sidebar Menu/Produk/Tambah Barang/Minus Tap - Jumlah Stock' is present

2018-07-12 13:27:01 - [MESSAGE][PASSED] - Element 'Object Repository/Sidebar Menu/Produk/Tambah Barang/Minus Tap - Jumlah Stock' is present

2018-07-12 13:27:01 - [TEST_STEP][PASSED] - verifyElementAttributeValue: Object 'Object Repository/Sidebar Menu/Produk/Tambah Barang/Minus Tap - Jumlah Stock' has attribute 'content-desc' with value 'action_minus_anumberpicker'

2018-07-12 13:27:09 - [MESSAGE][PASSED] - Object 'Object Repository/Sidebar Menu/Produk/Tambah Barang/Minus Tap - Jumlah Stock' has attribute 'content-desc' with value 'action_minus_anumberpicker'

2018-07-12 13:27:09 - [TEST_STEP][PASSED] - tap: Tapped on element 'Object Repository/Sidebar Menu/Produk/Tambah Barang/Minus Tap - Jumlah Stock'

2018-07-12 13:27:14 - [MESSAGE][PASSED] - Tapped on element 'Object Repository/Sidebar Menu/Produk/Tambah Barang/Minus Tap - Jumlah Stock'

2018-07-12 13:27:14 - [TEST_STEP][PASSED] - waitForElementPresent: Element 'Object Repository/Sidebar Menu/Produk/Tambah Barang/Minus Tap - Jumlah Stock' is present

2018-07-12 13:27:17 - [MESSAGE][PASSED] - Element 'Object Repository/Sidebar Menu/Produk/Tambah Barang/Minus Tap - Jumlah Stock' is present

2018-07-12 13:27:17 - [TEST_STEP][PASSED] - verifyElementAttributeValue: Object 'Object Repository/Sidebar Menu/Produk/Tambah Barang/Minus Tap - Jumlah Stock' has attribute 'content-desc' with value 'action_minus_anumberpicker'

2018-07-12 13:27:21 - [MESSAGE][PASSED] - Object 'Object Repository/Sidebar Menu/Produk/Tambah Barang/Minus Tap - Jumlah Stock' has attribute 'content-desc' with value 'action_minus_anumberpicker'

2018-07-12 13:27:21 - [TEST_STEP][PASSED] - tap: Tapped on element 'Object Repository/Sidebar Menu/Produk/Tambah Barang/Minus Tap - Jumlah Stock'

2018-07-12 13:27:26 - [MESSAGE][PASSED] - Tapped on element 'Object Repository/Sidebar Menu/Produk/Tambah Barang/Minus Tap - Jumlah Stock'

2018-07-12 13:27:26 - [TEST_STEP][PASSED] - waitForElementPresent: Element 'Object Repository/Sidebar Menu/Produk/Tambah Barang/Minus Tap - Jumlah Stock' is present

2018-07-12 13:27:30 - [MESSAGE][PASSED] - Element 'Object Repository/Sidebar Menu/Produk/Tambah Barang/Minus Tap - Jumlah Stock' is present

2018-07-12 13:27:30 - [TEST_STEP][PASSED] - verifyElementAttributeValue: Object 'Object Repository/Sidebar Menu/Produk/Tambah Barang/Minus Tap - Jumlah Stock' has attribute 'content-desc' with value 'action_minus_anumberpicker'

2018-07-12 13:27:33 - [MESSAGE][PASSED] - Object 'Object Repository/Sidebar Menu/Produk/Tambah Barang/Minus Tap - Jumlah Stock' has attribute 'content-desc' with value 'action_minus_anumberpicker'

2018-07-12 13:27:33 - [TEST_STEP][PASSED] - tap: Tapped on element 'Object Repository/Sidebar Menu/Produk/Tambah Barang/Minus Tap - Jumlah Stock'

2018-07-12 13:27:38 - [MESSAGE][PASSED] - Tapped on element 'Object Repository/Sidebar Menu/Produk/Tambah Barang/Minus Tap - Jumlah Stock'

2018-07-12 13:27:38 - [TEST_STEP][PASSED] - waitForElementPresent: Element 'Object Repository/Sidebar Menu/Produk/Tambah Barang/Minus Tap - Jumlah Stock' is present

2018-07-12 13:27:41 - [MESSAGE][PASSED] - Element 'Object Repository/Sidebar Menu/Produk/Tambah Barang/Minus Tap - Jumlah Stock' is present

2018-07-12 13:27:41 - [TEST_STEP][PASSED] - verifyElementAttributeValue: Object 'Object Repository/Sidebar Menu/Produk/Tambah Barang/Minus Tap - Jumlah Stock' has attribute 'content-desc' with value 'action_minus_anumberpicker'

2018-07-12 13:27:46 - [MESSAGE][PASSED] - Object 'Object Repository/Sidebar Menu/Produk/Tambah Barang/Minus Tap - Jumlah Stock' has attribute 'content-desc' with value 'action_minus_anumberpicker'

2018-07-12 13:27:46 - [TEST_STEP][PASSED] - tap: Tapped on element 'Object Repository/Sidebar Menu/Produk/Tambah Barang/Minus Tap - Jumlah Stock'

2018-07-12 13:27:50 - [MESSAGE][PASSED] - Tapped on element 'Object Repository/Sidebar Menu/Produk/Tambah Barang/Minus Tap - Jumlah Stock'

2018-07-12 13:27:50 - [TEST_STEP][PASSED] - waitForElementPresent: Element 'Object Repository/Sidebar Menu/Produk/Tambah Barang/Minus Tap - Jumlah Stock' is present

2018-07-12 13:27:54 - [MESSAGE][PASSED] - Element 'Object Repository/Sidebar Menu/Produk/Tambah Barang/Minus Tap - Jumlah Stock' is present

2018-07-12 13:27:54 - [TEST_STEP][PASSED] - verifyElementAttributeValue: Object 'Object Repository/Sidebar Menu/Produk/Tambah Barang/Minus Tap - Jumlah Stock' has attribute 'content-desc' with value 'action_minus_anumberpicker'

2018-07-12 13:27:58 - [MESSAGE][PASSED] - Object 'Object Repository/Sidebar Menu/Produk/Tambah Barang/Minus Tap - Jumlah Stock' has attribute 'content-desc' with value 'action_minus_anumberpicker'

2018-07-12 13:27:58 - [TEST_STEP][PASSED] - tap: Tapped on element 'Object Repository/Sidebar Menu/Produk/Tambah Barang/Minus Tap - Jumlah Stock'

2018-07-12 13:28:03 - [MESSAGE][PASSED] - Tapped on element 'Object Repository/Sidebar Menu/Produk/Tambah Barang/Minus Tap - Jumlah Stock']]></system-out>
         <system-err><![CDATA[]]></system-err>
      </testcase>
      <testcase name="Test Cases/Story 35 and 921 -Tambah Barang/35 TC 3" classname="Test Cases/Story 35 and 921 -Tambah Barang/35 TC 3" status="PASSED">
         <system-out><![CDATA[2018-07-12 13:28:03 - [TEST_CASE][PASSED] - Test Cases/Story 35 and 921 -Tambah Barang/35 TC 3: Test Cases/Story 35 and 921 -Tambah Barang/35 TC 3

2018-07-12 13:28:03 - [TEST_STEP][PASSED] - comment: User update stock when specifies stock = -(minus)

2018-07-12 13:28:03 - [TEST_STEP][PASSED] - waitForElementPresent: Element 'Object Repository/Sidebar Menu/Produk/Tambah Barang/Jumlah Stock - by typing' is present

2018-07-12 13:28:06 - [MESSAGE][PASSED] - Element 'Object Repository/Sidebar Menu/Produk/Tambah Barang/Jumlah Stock - by typing' is present

2018-07-12 13:28:06 - [TEST_STEP][PASSED] - verifyElementAttributeValue: Object 'Object Repository/Sidebar Menu/Produk/Tambah Barang/Jumlah Stock - by typing' has attribute 'content-desc' with value 'input_anumberpicker'

2018-07-12 13:28:10 - [MESSAGE][PASSED] - Object 'Object Repository/Sidebar Menu/Produk/Tambah Barang/Jumlah Stock - by typing' has attribute 'content-desc' with value 'input_anumberpicker'

2018-07-12 13:28:10 - [TEST_STEP][PASSED] - clearText: Element 'Object Repository/Sidebar Menu/Produk/Tambah Barang/Jumlah Stock - by typing' text is cleared

2018-07-12 13:28:17 - [MESSAGE][PASSED] - Element 'Object Repository/Sidebar Menu/Produk/Tambah Barang/Jumlah Stock - by typing' text is cleared

2018-07-12 13:28:17 - [TEST_STEP][PASSED] - setText: Text '-23' has been set to element 'Object Repository/Sidebar Menu/Produk/Tambah Barang/Jumlah Stock - by typing'

2018-07-12 13:28:33 - [MESSAGE][PASSED] - Text '-23' has been set to element 'Object Repository/Sidebar Menu/Produk/Tambah Barang/Jumlah Stock - by typing'

2018-07-12 13:28:33 - [TEST_STEP][PASSED] - hideKeyboard: Keyboard is hidden

2018-07-12 13:28:34 - [MESSAGE][PASSED] - Keyboard is hidden

2018-07-12 13:28:34 - [TEST_STEP][PASSED] - verifyElementAttributeValue: Object 'Object Repository/Sidebar Menu/Produk/Tambah Barang/Jumlah Stock - by typing' has attribute 'text' with value '23'

2018-07-12 13:28:38 - [MESSAGE][PASSED] - Object 'Object Repository/Sidebar Menu/Produk/Tambah Barang/Jumlah Stock - by typing' has attribute 'text' with value '23'

2018-07-12 13:28:38 - [TEST_STEP][PASSED] - clearText: Element 'Object Repository/Sidebar Menu/Produk/Tambah Barang/Jumlah Stock - by typing' text is cleared

2018-07-12 13:28:44 - [MESSAGE][PASSED] - Element 'Object Repository/Sidebar Menu/Produk/Tambah Barang/Jumlah Stock - by typing' text is cleared

2018-07-12 13:28:44 - [TEST_STEP][PASSED] - setText: Text '8.2' has been set to element 'Object Repository/Sidebar Menu/Produk/Tambah Barang/Jumlah Stock - by typing'

2018-07-12 13:29:00 - [MESSAGE][PASSED] - Text '8.2' has been set to element 'Object Repository/Sidebar Menu/Produk/Tambah Barang/Jumlah Stock - by typing'

2018-07-12 13:29:00 - [TEST_STEP][PASSED] - hideKeyboard: Keyboard is hidden

2018-07-12 13:29:01 - [MESSAGE][PASSED] - Keyboard is hidden

2018-07-12 13:29:02 - [TEST_STEP][PASSED] - verifyElementAttributeValue: Object 'Object Repository/Sidebar Menu/Produk/Tambah Barang/Jumlah Stock - by typing' has attribute 'text' with value '82'

2018-07-12 13:29:05 - [MESSAGE][PASSED] - Object 'Object Repository/Sidebar Menu/Produk/Tambah Barang/Jumlah Stock - by typing' has attribute 'text' with value '82'

2018-07-12 13:29:05 - [TEST_STEP][PASSED] - comment: move to TC 4]]></system-out>
         <system-err><![CDATA[]]></system-err>
      </testcase>
      <testcase name="Test Cases/Story 35 and 921 -Tambah Barang/35 TC 4" classname="Test Cases/Story 35 and 921 -Tambah Barang/35 TC 4" status="ERROR">
         <error type="ERROR" message="Test Cases/Story 35 and 921 -Tambah Barang/35 TC 4 FAILED because (of) java.lang.RuntimeException: Unexpected result for screenshot command: com.google.common.collect.Maps$TransformedEntriesMap instance"/>
         <system-out><![CDATA[2018-07-12 13:29:05 - [TEST_CASE][ERROR] - Test Cases/Story 35 and 921 -Tambah Barang/35 TC 4: Test Cases/Story 35 and 921 -Tambah Barang/35 TC 4 FAILED because (of) java.lang.RuntimeException: Unexpected result for screenshot command: com.google.common.collect.Maps$TransformedEntriesMap instance

2018-07-12 13:29:06 - [TEST_STEP][PASSED] - comment: Check maximum input stock - max 3 digit

2018-07-12 13:29:06 - [TEST_STEP][PASSED] - waitForElementPresent: Checking timeout]]></system-out>
         <system-err><![CDATA[2018-07-12 13:29:05 - [TEST_CASE][ERROR] - Test Cases/Story 35 and 921 -Tambah Barang/35 TC 4: Test Cases/Story 35 and 921 -Tambah Barang/35 TC 4 FAILED because (of) java.lang.RuntimeException: Unexpected result for screenshot command: com.google.common.collect.Maps$TransformedEntriesMap instance]]></system-err>
      </testcase>
      <testcase name="Test Cases/Story 35 and 921 -Tambah Barang/35 TC 5" classname="Test Cases/Story 35 and 921 -Tambah Barang/35 TC 5" status="ERROR">
         <error type="ERROR" message="Test Cases/Story 35 and 921 -Tambah Barang/35 TC 5 FAILED because (of) java.lang.RuntimeException: Unexpected result for screenshot command: com.google.common.collect.Maps$TransformedEntriesMap instance"/>
         <system-out><![CDATA[2018-07-12 13:29:06 - [TEST_CASE][ERROR] - Test Cases/Story 35 and 921 -Tambah Barang/35 TC 5: Test Cases/Story 35 and 921 -Tambah Barang/35 TC 5 FAILED because (of) java.lang.RuntimeException: Unexpected result for screenshot command: com.google.common.collect.Maps$TransformedEntriesMap instance

2018-07-12 13:29:06 - [TEST_STEP][PASSED] - comment: Tambah Produk with jumlah stok 0

2018-07-12 13:29:06 - [TEST_STEP][PASSED] - waitForElementPresent: Checking timeout]]></system-out>
         <system-err><![CDATA[2018-07-12 13:29:06 - [TEST_CASE][ERROR] - Test Cases/Story 35 and 921 -Tambah Barang/35 TC 5: Test Cases/Story 35 and 921 -Tambah Barang/35 TC 5 FAILED because (of) java.lang.RuntimeException: Unexpected result for screenshot command: com.google.common.collect.Maps$TransformedEntriesMap instance]]></system-err>
      </testcase>
      <testcase name="Test Cases/Story 35 and 921 -Tambah Barang/35 TC 6" classname="Test Cases/Story 35 and 921 -Tambah Barang/35 TC 6" status="ERROR">
         <error type="ERROR" message="Test Cases/Story 35 and 921 -Tambah Barang/35 TC 6 FAILED because (of) java.lang.RuntimeException: Unexpected result for screenshot command: com.google.common.collect.Maps$TransformedEntriesMap instance"/>
         <system-out><![CDATA[2018-07-12 13:29:06 - [TEST_CASE][ERROR] - Test Cases/Story 35 and 921 -Tambah Barang/35 TC 6: Test Cases/Story 35 and 921 -Tambah Barang/35 TC 6 FAILED because (of) java.lang.RuntimeException: Unexpected result for screenshot command: com.google.common.collect.Maps$TransformedEntriesMap instance

2018-07-12 13:29:06 - [TEST_STEP][PASSED] - comment: Check Mandatory field

2018-07-12 13:29:06 - [TEST_STEP][PASSED] - waitForElementPresent: Checking timeout]]></system-out>
         <system-err><![CDATA[2018-07-12 13:29:06 - [TEST_CASE][ERROR] - Test Cases/Story 35 and 921 -Tambah Barang/35 TC 6: Test Cases/Story 35 and 921 -Tambah Barang/35 TC 6 FAILED because (of) java.lang.RuntimeException: Unexpected result for screenshot command: com.google.common.collect.Maps$TransformedEntriesMap instance]]></system-err>
      </testcase>
      <testcase name="Test Cases/Story 35 and 921 -Tambah Barang/35 TC 7" classname="Test Cases/Story 35 and 921 -Tambah Barang/35 TC 7" status="ERROR">
         <error type="ERROR" message="Test Cases/Story 35 and 921 -Tambah Barang/35 TC 7 FAILED because (of) org.codehaus.groovy.control.MultipleCompilationErrorsException: startup failed:
file:/C:/Users/AV2017005903/Documents/apollo-automation/Scripts/Story%2035%20and%20921%20-Tambah%20Barang/35%20TC%207/Script1525267863345.groovy: 28: unable to resolve class AppiumDriver 
 @ line 28, column 17.
   AppiumDriver&lt;?> driver = MobileDriverFactory.getDriver()()
                   ^

1 error
"/>
         <system-out><![CDATA[2018-07-12 13:29:06 - [TEST_CASE][ERROR] - Test Cases/Story 35 and 921 -Tambah Barang/35 TC 7: Test Cases/Story 35 and 921 -Tambah Barang/35 TC 7 FAILED because (of) org.codehaus.groovy.control.MultipleCompilationErrorsException: startup failed:
file:/C:/Users/AV2017005903/Documents/apollo-automation/Scripts/Story%2035%20and%20921%20-Tambah%20Barang/35%20TC%207/Script1525267863345.groovy: 28: unable to resolve class AppiumDriver 
 @ line 28, column 17.
   AppiumDriver<?> driver = MobileDriverFactory.getDriver()()
                   ^

1 error]]></system-out>
         <system-err><![CDATA[2018-07-12 13:29:06 - [TEST_CASE][ERROR] - Test Cases/Story 35 and 921 -Tambah Barang/35 TC 7: Test Cases/Story 35 and 921 -Tambah Barang/35 TC 7 FAILED because (of) org.codehaus.groovy.control.MultipleCompilationErrorsException: startup failed:
file:/C:/Users/AV2017005903/Documents/apollo-automation/Scripts/Story%2035%20and%20921%20-Tambah%20Barang/35%20TC%207/Script1525267863345.groovy: 28: unable to resolve class AppiumDriver 
 @ line 28, column 17.
   AppiumDriver<?> driver = MobileDriverFactory.getDriver()()
                   ^

1 error]]></system-err>
      </testcase>
      <system-out><![CDATA[2018-07-12 13:19:25 - [TEST_SUITE][ERROR] - Story 35 - Tambah Barang: Test Cases/Story 35 and 921 -Tambah Barang/35 TC 4 FAILED because (of) java.lang.RuntimeException: Unexpected result for screenshot command: com.google.common.collect.Maps$TransformedEntriesMap instance]]></system-out>
      <system-err><![CDATA[2018-07-12 13:19:25 - [TEST_SUITE][ERROR] - Story 35 - Tambah Barang: Test Cases/Story 35 and 921 -Tambah Barang/35 TC 4 FAILED because (of) java.lang.RuntimeException: Unexpected result for screenshot command: com.google.common.collect.Maps$TransformedEntriesMap instance]]></system-err>
   </testsuite>
</testsuites>
