<?xml version="1.0" encoding="UTF-8"?>
<testsuites name="BTPNAP-26 Kelola Stok" time="276" tests="11" failures="0" errors="0">
   <testsuite name="BTPNAP-26 Kelola Stok" tests="11" failures="0" errors="0" time="276" timestamp="2017-12-05 09:39:30" hostname="AV2017005903 - NB17Q7U8IT.corp.bankbtpn.co.id" id="Test Suites/BTPNAP-26 Kelola Stok">
      <properties>
         <property name="deviceName" value="samsung SM-J120G 5.1.1"/>
         <property name="devicePlatform" value=""/>
         <property name="logFolder" value="C:\\Users\\AV2017005903\\Documents\\Appolo Test\\Reports\\BTPNAP-26 Kelola Stok\\20171205_093929"/>
         <property name="logFiles" value="C:\\Users\\AV2017005903\\Documents\\Appolo Test\\Reports\\BTPNAP-26 Kelola Stok\\20171205_093929\\appium.log, C:\\Users\\AV2017005903\\Documents\\Appolo Test\\Reports\\BTPNAP-26 Kelola Stok\\20171205_093929\\execution0.log"/>
         <property name="attachments" value=""/>
         <property name="hostName" value="AV2017005903 - NB17Q7U8IT.corp.bankbtpn.co.id"/>
         <property name="os" value="Windows 10 64bit"/>
         <property name="katalonVersion" value="5.0.0.1"/>
         <property name="deviceOS" value="Android"/>
         <property name="appiumVersion" value="1.6.3"/>
         <property name="deviceModel" value="SM-J120G"/>
         <property name="hostAddress" value="10.5.109.243"/>
         <property name="deviceManufacturer" value="samsung"/>
         <property name="deviceId" value="32013479b25184c3"/>
         <property name="deviceName" value="samsung SM-J120G 5.1.1"/>
         <property name="deviceOSVersion" value="5.1.1"/>
      </properties>
      <testcase name="Test Cases/TC-1" classname="Test Cases/TC-1" status="PASSED">
         <system-out><![CDATA[2017-12-05 09:39:31 - [TEST_CASE][PASSED] - Test Cases/TC-1: Test Cases/TC-1

2017-12-05 09:39:32 - [TEST_STEP][PASSED] - startApplication: Started app at: 'D:\Project Apollo\Appolo Test\app-development-debug.apk'

2017-12-05 09:40:25 - [MESSAGE][PASSED] - Started app at: 'D:\Project Apollo\Appolo Test\app-development-debug.apk'

2017-12-05 09:40:25 - [TEST_STEP][PASSED] - tap: Tapped on element 'Object Repository/Transaksi/Transaksi - Tab'

2017-12-05 09:40:29 - [MESSAGE][PASSED] - Tapped on element 'Object Repository/Transaksi/Transaksi - Tab'

2017-12-05 09:40:29 - [TEST_STEP][PASSED] - tap: Tapped on element 'Object Repository/Transaksi/Stock/Stock View/Stock - Tab'

2017-12-05 09:40:30 - [MESSAGE][PASSED] - Tapped on element 'Object Repository/Transaksi/Stock/Stock View/Stock - Tab']]></system-out>
         <system-err><![CDATA[]]></system-err>
      </testcase>
      <testcase name="Test Cases/TC-2" classname="Test Cases/TC-2" status="PASSED">
         <system-out><![CDATA[2017-12-05 09:40:31 - [TEST_CASE][PASSED] - Test Cases/TC-2: Test Cases/TC-2

2017-12-05 09:40:31 - [TEST_STEP][PASSED] - tap: Tapped on element 'Object Repository/Transaksi/Stock/Stock View/Kategori - Tab'

2017-12-05 09:40:33 - [MESSAGE][PASSED] - Tapped on element 'Object Repository/Transaksi/Stock/Stock View/Kategori - Tab'

2017-12-05 09:40:33 - [TEST_STEP][PASSED] - delay: Delayed 3 second(s)

2017-12-05 09:40:36 - [MESSAGE][PASSED] - Delayed 3 second(s)

2017-12-05 09:40:36 - [TEST_STEP][PASSED] - tap: Tapped on element 'Object Repository/Transaksi/Stock/Stock View/Handphone  Tablet - KategoriList'

2017-12-05 09:40:36 - [MESSAGE][PASSED] - Tapped on element 'Object Repository/Transaksi/Stock/Stock View/Handphone  Tablet - KategoriList'

2017-12-05 09:40:36 - [TEST_STEP][PASSED] - tap: Tapped on element 'Object Repository/Transaksi/Stock/Stock View/Terapkan - Btn'

2017-12-05 09:40:37 - [MESSAGE][PASSED] - Tapped on element 'Object Repository/Transaksi/Stock/Stock View/Terapkan - Btn'

2017-12-05 09:40:37 - [TEST_STEP][PASSED] - delay: Delayed 5 second(s)

2017-12-05 09:40:42 - [MESSAGE][PASSED] - Delayed 5 second(s)

2017-12-05 09:40:42 - [TEST_STEP][PASSED] - tap: Tapped on element 'Object Repository/Transaksi/Stock/Stock View/Kategori - Tab'

2017-12-05 09:40:43 - [MESSAGE][PASSED] - Tapped on element 'Object Repository/Transaksi/Stock/Stock View/Kategori - Tab'

2017-12-05 09:40:43 - [TEST_STEP][PASSED] - scrollToText: Scrolling to text 'Otomotif' successfully

2017-12-05 09:40:53 - [MESSAGE][PASSED] - Scrolling to text 'Otomotif' successfully

2017-12-05 09:40:58 - [TEST_STEP][PASSED] - tap: Tapped on element 'Object Repository/Transaksi/Stock/Stock View/Otomotif - KategoriList'

2017-12-05 09:40:58 - [MESSAGE][PASSED] - Tapped on element 'Object Repository/Transaksi/Stock/Stock View/Otomotif - KategoriList'

2017-12-05 09:40:58 - [TEST_STEP][PASSED] - delay: Delayed 5 second(s)

2017-12-05 09:41:03 - [MESSAGE][PASSED] - Delayed 5 second(s)

2017-12-05 09:41:03 - [TEST_STEP][PASSED] - verifyElementAttributeValue: Object 'Object Repository/Transaksi/Stock/Stock View/Otomotif - KategoriList' has attribute 'text' with value 'Otomotif'

2017-12-05 09:41:03 - [MESSAGE][PASSED] - Object 'Object Repository/Transaksi/Stock/Stock View/Otomotif - KategoriList' has attribute 'text' with value 'Otomotif'

2017-12-05 09:41:03 - [TEST_STEP][PASSED] - tap: Tapped on element 'Object Repository/Transaksi/Stock/Stock View/Terapkan - Btn'

2017-12-05 09:41:03 - [MESSAGE][PASSED] - Tapped on element 'Object Repository/Transaksi/Stock/Stock View/Terapkan - Btn']]></system-out>
         <system-err><![CDATA[]]></system-err>
      </testcase>
      <testcase name="Test Cases/TC-3" classname="Test Cases/TC-3" status="PASSED">
         <system-out><![CDATA[2017-12-05 09:41:03 - [TEST_CASE][PASSED] - Test Cases/TC-3: Test Cases/TC-3

2017-12-05 09:41:04 - [TEST_STEP][PASSED] - tap: Tapped on element 'Object Repository/Transaksi/Stock/Stock View/Kategori - Tab'

2017-12-05 09:41:05 - [MESSAGE][PASSED] - Tapped on element 'Object Repository/Transaksi/Stock/Stock View/Kategori - Tab'

2017-12-05 09:41:05 - [TEST_STEP][PASSED] - tap: Tapped on element 'Object Repository/Transaksi/Stock/Stock View/SemuaKategori - KategoriList'

2017-12-05 09:41:07 - [MESSAGE][PASSED] - Tapped on element 'Object Repository/Transaksi/Stock/Stock View/SemuaKategori - KategoriList'

2017-12-05 09:41:07 - [TEST_STEP][PASSED] - tap: Tapped on element 'Object Repository/Transaksi/Stock/Stock View/Terapkan - Btn'

2017-12-05 09:41:08 - [MESSAGE][PASSED] - Tapped on element 'Object Repository/Transaksi/Stock/Stock View/Terapkan - Btn'

2017-12-05 09:41:08 - [TEST_STEP][PASSED] - delay: Delayed 0 second(s)

2017-12-05 09:41:08 - [MESSAGE][PASSED] - Delayed 0 second(s)

2017-12-05 09:41:08 - [TEST_STEP][PASSED] - tap: Tapped on element 'Object Repository/Transaksi/Stock/Stock View/CariProduk'

2017-12-05 09:41:10 - [MESSAGE][PASSED] - Tapped on element 'Object Repository/Transaksi/Stock/Stock View/CariProduk'

2017-12-05 09:41:10 - [TEST_STEP][PASSED] - setText: Text 'Jambu' has been set to element 'Object Repository/Transaksi/Stock/Stock View/CariProduk'

2017-12-05 09:41:22 - [MESSAGE][PASSED] - Text 'Jambu' has been set to element 'Object Repository/Transaksi/Stock/Stock View/CariProduk'

2017-12-05 09:41:22 - [TEST_STEP][PASSED] - getText: Text of element 'Object Repository/Transaksi/Stock/Stock View/CariProduk' is: 'Jambu'

2017-12-05 09:41:23 - [MESSAGE][PASSED] - Text of element 'Object Repository/Transaksi/Stock/Stock View/CariProduk' is: 'Jambu'

2017-12-05 09:41:23 - [TEST_STEP][PASSED] - verifyElementText: Actual text and expected text of test object 'Object Repository/Transaksi/Stock/Stock View/CariProduk' are matched.

2017-12-05 09:41:23 - [MESSAGE][PASSED] - Actual text and expected text of test object 'Object Repository/Transaksi/Stock/Stock View/CariProduk' are matched.]]></system-out>
         <system-err><![CDATA[]]></system-err>
      </testcase>
      <testcase name="Test Cases/TC-4" classname="Test Cases/TC-4" status="PASSED">
         <system-out><![CDATA[2017-12-05 09:41:23 - [TEST_CASE][PASSED] - Test Cases/TC-4: Test Cases/TC-4

2017-12-05 09:41:24 - [TEST_STEP][PASSED] - clearText: Element 'Object Repository/Transaksi/Stock/Stock View/CariProduk' text is cleared

2017-12-05 09:41:28 - [MESSAGE][PASSED] - Element 'Object Repository/Transaksi/Stock/Stock View/CariProduk' text is cleared

2017-12-05 09:41:28 - [TEST_STEP][PASSED] - tap: Tapped on element 'Object Repository/Transaksi/Stock/Stock View/Kategori - Tab'

2017-12-05 09:41:30 - [MESSAGE][PASSED] - Tapped on element 'Object Repository/Transaksi/Stock/Stock View/Kategori - Tab'

2017-12-05 09:41:30 - [TEST_STEP][PASSED] - tap: Tapped on element 'Object Repository/Transaksi/Stock/Stock View/Handphone  Tablet - KategoriList'

2017-12-05 09:41:31 - [MESSAGE][PASSED] - Tapped on element 'Object Repository/Transaksi/Stock/Stock View/Handphone  Tablet - KategoriList'

2017-12-05 09:41:31 - [TEST_STEP][PASSED] - tap: Tapped on element 'Object Repository/Transaksi/Stock/Stock View/Terapkan - Btn'

2017-12-05 09:41:32 - [MESSAGE][PASSED] - Tapped on element 'Object Repository/Transaksi/Stock/Stock View/Terapkan - Btn'

2017-12-05 09:41:32 - [TEST_STEP][PASSED] - delay: Delayed 5 second(s)

2017-12-05 09:41:37 - [MESSAGE][PASSED] - Delayed 5 second(s)

2017-12-05 09:41:37 - [TEST_STEP][PASSED] - tap: Tapped on element 'Object Repository/Transaksi/Stock/Stock View/CariProduk'

2017-12-05 09:41:38 - [MESSAGE][PASSED] - Tapped on element 'Object Repository/Transaksi/Stock/Stock View/CariProduk'

2017-12-05 09:41:38 - [TEST_STEP][PASSED] - setText: Text 'iPhone 5' has been set to element 'Object Repository/Transaksi/Stock/Stock View/CariProduk'

2017-12-05 09:41:50 - [MESSAGE][PASSED] - Text 'iPhone 5' has been set to element 'Object Repository/Transaksi/Stock/Stock View/CariProduk'

2017-12-05 09:41:50 - [TEST_STEP][PASSED] - getText: Text of element 'Object Repository/Transaksi/Stock/Stock View/CariProduk' is: 'iPhone 5'

2017-12-05 09:41:51 - [MESSAGE][PASSED] - Text of element 'Object Repository/Transaksi/Stock/Stock View/CariProduk' is: 'iPhone 5'

2017-12-05 09:41:51 - [TEST_STEP][PASSED] - verifyElementText: Actual text and expected text of test object 'Object Repository/Transaksi/Stock/Stock View/CariProduk' are matched.

2017-12-05 09:41:51 - [MESSAGE][PASSED] - Actual text and expected text of test object 'Object Repository/Transaksi/Stock/Stock View/CariProduk' are matched.]]></system-out>
         <system-err><![CDATA[]]></system-err>
      </testcase>
      <testcase name="Test Cases/TC-5" classname="Test Cases/TC-5" status="PASSED">
         <system-out><![CDATA[2017-12-05 09:41:51 - [TEST_CASE][PASSED] - Test Cases/TC-5: Test Cases/TC-5

2017-12-05 09:41:51 - [TEST_STEP][PASSED] - clearText: Element 'Object Repository/Transaksi/Stock/Stock View/CariProduk' text is cleared

2017-12-05 09:41:56 - [MESSAGE][PASSED] - Element 'Object Repository/Transaksi/Stock/Stock View/CariProduk' text is cleared

2017-12-05 09:41:56 - [TEST_STEP][PASSED] - tap: Tapped on element 'Object Repository/Transaksi/Stock/Stock View/Kategori - Tab'

2017-12-05 09:41:57 - [MESSAGE][PASSED] - Tapped on element 'Object Repository/Transaksi/Stock/Stock View/Kategori - Tab'

2017-12-05 09:41:57 - [TEST_STEP][PASSED] - tap: Tapped on element 'Object Repository/Transaksi/Stock/Stock View/SemuaKategori - KategoriList'

2017-12-05 09:41:59 - [MESSAGE][PASSED] - Tapped on element 'Object Repository/Transaksi/Stock/Stock View/SemuaKategori - KategoriList'

2017-12-05 09:41:59 - [TEST_STEP][PASSED] - tap: Tapped on element 'Object Repository/Transaksi/Stock/Stock View/Terapkan - Btn'

2017-12-05 09:42:00 - [MESSAGE][PASSED] - Tapped on element 'Object Repository/Transaksi/Stock/Stock View/Terapkan - Btn'

2017-12-05 09:42:00 - [TEST_STEP][PASSED] - delay: Delayed 5 second(s)

2017-12-05 09:42:05 - [MESSAGE][PASSED] - Delayed 5 second(s)

2017-12-05 09:42:05 - [TEST_STEP][PASSED] - tap: Tapped on element 'Object Repository/Transaksi/Stock/Stock View/CariProduk'

2017-12-05 09:42:05 - [MESSAGE][PASSED] - Tapped on element 'Object Repository/Transaksi/Stock/Stock View/CariProduk'

2017-12-05 09:42:05 - [TEST_STEP][PASSED] - setText: Text 'app' has been set to element 'Object Repository/Transaksi/Stock/Stock View/CariProduk'

2017-12-05 09:42:17 - [MESSAGE][PASSED] - Text 'app' has been set to element 'Object Repository/Transaksi/Stock/Stock View/CariProduk'

2017-12-05 09:42:17 - [TEST_STEP][PASSED] - getText: Text of element 'Object Repository/Transaksi/Stock/Stock View/CariProduk' is: 'app'

2017-12-05 09:42:18 - [MESSAGE][PASSED] - Text of element 'Object Repository/Transaksi/Stock/Stock View/CariProduk' is: 'app'

2017-12-05 09:42:18 - [TEST_STEP][PASSED] - verifyElementText: Actual text and expected text of test object 'Object Repository/Transaksi/Stock/Stock View/CariProduk' are matched.

2017-12-05 09:42:19 - [MESSAGE][PASSED] - Actual text and expected text of test object 'Object Repository/Transaksi/Stock/Stock View/CariProduk' are matched.]]></system-out>
         <system-err><![CDATA[]]></system-err>
      </testcase>
      <testcase name="Test Cases/TC-6" classname="Test Cases/TC-6" status="PASSED">
         <system-out><![CDATA[2017-12-05 09:42:19 - [TEST_CASE][PASSED] - Test Cases/TC-6: Test Cases/TC-6

2017-12-05 09:42:19 - [TEST_STEP][PASSED] - clearText: Element 'Object Repository/Transaksi/Stock/Stock View/CariProduk' text is cleared

2017-12-05 09:42:23 - [MESSAGE][PASSED] - Element 'Object Repository/Transaksi/Stock/Stock View/CariProduk' text is cleared

2017-12-05 09:42:23 - [TEST_STEP][PASSED] - setText: Text 'ap' has been set to element 'Object Repository/Transaksi/Stock/Stock View/CariProduk'

2017-12-05 09:42:33 - [MESSAGE][PASSED] - Text 'ap' has been set to element 'Object Repository/Transaksi/Stock/Stock View/CariProduk'

2017-12-05 09:42:33 - [TEST_STEP][PASSED] - getText: Text of element 'Object Repository/Transaksi/Stock/Stock View/CariProduk' is: 'ap'

2017-12-05 09:42:33 - [MESSAGE][PASSED] - Text of element 'Object Repository/Transaksi/Stock/Stock View/CariProduk' is: 'ap'

2017-12-05 09:42:33 - [TEST_STEP][PASSED] - verifyElementText: Actual text and expected text of test object 'Object Repository/Transaksi/Stock/Stock View/CariProduk' are matched.

2017-12-05 09:42:34 - [MESSAGE][PASSED] - Actual text and expected text of test object 'Object Repository/Transaksi/Stock/Stock View/CariProduk' are matched.]]></system-out>
         <system-err><![CDATA[]]></system-err>
      </testcase>
      <testcase name="Test Cases/TC-7" classname="Test Cases/TC-7" status="PASSED">
         <system-out><![CDATA[2017-12-05 09:42:34 - [TEST_CASE][PASSED] - Test Cases/TC-7: Test Cases/TC-7

2017-12-05 09:42:34 - [TEST_STEP][PASSED] - clearText: Element 'Object Repository/Transaksi/Stock/Stock View/CariProduk' text is cleared

2017-12-05 09:42:40 - [MESSAGE][PASSED] - Element 'Object Repository/Transaksi/Stock/Stock View/CariProduk' text is cleared

2017-12-05 09:42:40 - [TEST_STEP][PASSED] - setText: Text 'Rujak' has been set to element 'Object Repository/Transaksi/Stock/Stock View/CariProduk'

2017-12-05 09:42:50 - [MESSAGE][PASSED] - Text 'Rujak' has been set to element 'Object Repository/Transaksi/Stock/Stock View/CariProduk'

2017-12-05 09:42:50 - [TEST_STEP][PASSED] - getText: Text of element 'Object Repository/Transaksi/Stock/Stock View/CariProduk' is: 'Rujak'

2017-12-05 09:42:51 - [MESSAGE][PASSED] - Text of element 'Object Repository/Transaksi/Stock/Stock View/CariProduk' is: 'Rujak'

2017-12-05 09:42:51 - [TEST_STEP][PASSED] - verifyElementNotChecked: Element 'Object Repository/Transaksi/Stock/Stock View/CariProduk' is not checked

2017-12-05 09:42:51 - [MESSAGE][WARNING] - Timeout '0' is invalid. Using default page load timeout: '30'

2017-12-05 09:42:51 - [MESSAGE][PASSED] - Element 'Object Repository/Transaksi/Stock/Stock View/CariProduk' is not checked]]></system-out>
         <system-err><![CDATA[]]></system-err>
      </testcase>
      <testcase name="Test Cases/TC-8" classname="Test Cases/TC-8" status="PASSED">
         <system-out><![CDATA[2017-12-05 09:42:51 - [TEST_CASE][PASSED] - Test Cases/TC-8: Test Cases/TC-8

2017-12-05 09:42:51 - [TEST_STEP][PASSED] - clearText: Element 'Object Repository/Transaksi/Stock/Stock View/CariProduk' text is cleared

2017-12-05 09:42:56 - [MESSAGE][PASSED] - Element 'Object Repository/Transaksi/Stock/Stock View/CariProduk' text is cleared

2017-12-05 09:42:56 - [TEST_STEP][PASSED] - tap: Tapped on element 'Object Repository/Transaksi/Stock/Stock View/Kategori - Tab'

2017-12-05 09:42:56 - [MESSAGE][PASSED] - Tapped on element 'Object Repository/Transaksi/Stock/Stock View/Kategori - Tab'

2017-12-05 09:42:56 - [TEST_STEP][PASSED] - delay: Delayed 0 second(s)

2017-12-05 09:42:56 - [MESSAGE][PASSED] - Delayed 0 second(s)

2017-12-05 09:42:56 - [TEST_STEP][PASSED] - swipe: Swiped from 100,543 to 100,259

2017-12-05 09:43:01 - [MESSAGE][PASSED] - Swiped from 100,543 to 100,259

2017-12-05 09:43:05 - [TEST_STEP][PASSED] - swipe: Swiped from 100,543 to 100,259

2017-12-05 09:43:09 - [MESSAGE][PASSED] - Swiped from 100,543 to 100,259

2017-12-05 09:43:11 - [TEST_STEP][PASSED] - delay: Delayed 0 second(s)

2017-12-05 09:43:11 - [MESSAGE][PASSED] - Delayed 0 second(s)

2017-12-05 09:43:11 - [TEST_STEP][PASSED] - swipe: Swiped from 30,230 to 30,515

2017-12-05 09:43:16 - [MESSAGE][PASSED] - Swiped from 30,230 to 30,515

2017-12-05 09:43:18 - [TEST_STEP][PASSED] - swipe: Swiped from 30,230 to 30,515

2017-12-05 09:43:22 - [MESSAGE][PASSED] - Swiped from 30,230 to 30,515]]></system-out>
         <system-err><![CDATA[]]></system-err>
      </testcase>
      <testcase name="Test Cases/TC-9" classname="Test Cases/TC-9" status="PASSED">
         <system-out><![CDATA[2017-12-05 09:43:24 - [TEST_CASE][PASSED] - Test Cases/TC-9: Test Cases/TC-9

2017-12-05 09:43:25 - [TEST_STEP][PASSED] - tap: Tapped on element 'Object Repository/Transaksi/Stock/Stock View/Terapkan - Btn'

2017-12-05 09:43:25 - [MESSAGE][PASSED] - Tapped on element 'Object Repository/Transaksi/Stock/Stock View/Terapkan - Btn'

2017-12-05 09:43:25 - [TEST_STEP][PASSED] - swipe: Swiped from 126,683 to 126,440

2017-12-05 09:43:29 - [MESSAGE][PASSED] - Swiped from 126,683 to 126,440

2017-12-05 09:43:31 - [TEST_STEP][PASSED] - swipe: Swiped from 126,683 to 126,440

2017-12-05 09:43:36 - [MESSAGE][PASSED] - Swiped from 126,683 to 126,440]]></system-out>
         <system-err><![CDATA[]]></system-err>
      </testcase>
      <testcase name="Test Cases/TC-10" classname="Test Cases/TC-10" status="PASSED">
         <system-out><![CDATA[2017-12-05 09:43:38 - [TEST_CASE][PASSED] - Test Cases/TC-10: Test Cases/TC-10

2017-12-05 09:43:38 - [TEST_STEP][PASSED] - swipe: Swiped from 126,683 to 126,440

2017-12-05 09:43:43 - [MESSAGE][PASSED] - Swiped from 126,683 to 126,440

2017-12-05 09:43:45 - [TEST_STEP][PASSED] - swipe: Swiped from 126,683 to 126,440

2017-12-05 09:43:49 - [MESSAGE][PASSED] - Swiped from 126,683 to 126,440]]></system-out>
         <system-err><![CDATA[]]></system-err>
      </testcase>
      <testcase name="Test Cases/TC-11" classname="Test Cases/TC-11" status="PASSED">
         <system-out><![CDATA[2017-12-05 09:43:51 - [TEST_CASE][PASSED] - Test Cases/TC-11: Test Cases/TC-11

2017-12-05 09:43:51 - [TEST_STEP][PASSED] - delay: Delayed 0 second(s)

2017-12-05 09:43:51 - [MESSAGE][PASSED] - Delayed 0 second(s)

2017-12-05 09:43:51 - [TEST_STEP][PASSED] - tap: Tapped on element 'Object Repository/Transaksi/Stock/Stock View/TambahBarang'

2017-12-05 09:43:52 - [MESSAGE][PASSED] - Tapped on element 'Object Repository/Transaksi/Stock/Stock View/TambahBarang'

2017-12-05 09:43:52 - [TEST_STEP][PASSED] - closeApplication: Close app successfully

2017-12-05 09:44:07 - [MESSAGE][PASSED] - Close app successfully]]></system-out>
         <system-err><![CDATA[]]></system-err>
      </testcase>
      <system-out><![CDATA[2017-12-05 09:39:30 - [TEST_SUITE][PASSED] - BTPNAP-26 Kelola Stok: Test Cases/TC-11]]></system-out>
      <system-err><![CDATA[]]></system-err>
   </testsuite>
</testsuites>
