<?xml version="1.0" encoding="UTF-8"?>
<testsuites name="BTPNAP-26 Kelola Stok" time="293" tests="11" failures="0" errors="0">
   <testsuite name="BTPNAP-26 Kelola Stok" tests="11" failures="0" errors="0" time="293" timestamp="2017-12-04 11:19:24" hostname="AV2017005903 - NB17Q7U8IT.corp.bankbtpn.co.id" id="Test Suites/BTPNAP-26 Kelola Stok">
      <properties>
         <property name="deviceName" value="samsung SM-J120G 5.1.1"/>
         <property name="devicePlatform" value=""/>
         <property name="logFolder" value="C:\\Users\\AV2017005903\\Documents\\Appolo Test\\Reports\\BTPNAP-26 Kelola Stok\\20171204_111922"/>
         <property name="logFiles" value="C:\\Users\\AV2017005903\\Documents\\Appolo Test\\Reports\\BTPNAP-26 Kelola Stok\\20171204_111922\\appium.log, C:\\Users\\AV2017005903\\Documents\\Appolo Test\\Reports\\BTPNAP-26 Kelola Stok\\20171204_111922\\execution0.log"/>
         <property name="attachments" value=""/>
         <property name="hostName" value="AV2017005903 - NB17Q7U8IT.corp.bankbtpn.co.id"/>
         <property name="os" value="Windows 10 64bit"/>
         <property name="katalonVersion" value="5.0.0.1"/>
         <property name="deviceOS" value="Android"/>
         <property name="appiumVersion" value="1.6.3"/>
         <property name="deviceModel" value="SM-J120G"/>
         <property name="hostAddress" value="10.5.109.243"/>
         <property name="deviceManufacturer" value="samsung"/>
         <property name="deviceId" value="32013479b25184c3"/>
         <property name="deviceName" value="samsung SM-J120G 5.1.1"/>
         <property name="deviceOSVersion" value="5.1.1"/>
      </properties>
      <testcase name="Test Cases/TC-1" classname="Test Cases/TC-1" status="PASSED">
         <system-out><![CDATA[2017-12-04 11:19:25 - [TEST_CASE][PASSED] - Test Cases/TC-1: Test Cases/TC-1

2017-12-04 11:19:25 - [TEST_STEP][PASSED] - startApplication: Started app at: 'D:\Project Apollo\Appolo Test\app-development-debug.apk'

2017-12-04 11:20:20 - [MESSAGE][PASSED] - Started app at: 'D:\Project Apollo\Appolo Test\app-development-debug.apk'

2017-12-04 11:20:20 - [TEST_STEP][PASSED] - tap: Tapped on element 'Object Repository/Transaksi/Transaksi - Tab'

2017-12-04 11:20:24 - [MESSAGE][PASSED] - Tapped on element 'Object Repository/Transaksi/Transaksi - Tab'

2017-12-04 11:20:24 - [TEST_STEP][PASSED] - tap: Tapped on element 'Object Repository/Transaksi/Stock/Stock - Tab'

2017-12-04 11:20:26 - [MESSAGE][PASSED] - Tapped on element 'Object Repository/Transaksi/Stock/Stock - Tab']]></system-out>
         <system-err><![CDATA[]]></system-err>
      </testcase>
      <testcase name="Test Cases/TC-2" classname="Test Cases/TC-2" status="PASSED">
         <system-out><![CDATA[2017-12-04 11:20:26 - [TEST_CASE][PASSED] - Test Cases/TC-2: Test Cases/TC-2

2017-12-04 11:20:26 - [TEST_STEP][PASSED] - tap: Tapped on element 'Object Repository/Transaksi/Stock/Kategori - Tab'

2017-12-04 11:20:27 - [MESSAGE][PASSED] - Tapped on element 'Object Repository/Transaksi/Stock/Kategori - Tab'

2017-12-04 11:20:27 - [TEST_STEP][PASSED] - delay: Delayed 3 second(s)

2017-12-04 11:20:30 - [MESSAGE][PASSED] - Delayed 3 second(s)

2017-12-04 11:20:30 - [TEST_STEP][PASSED] - tap: Tapped on element 'Object Repository/Transaksi/Stock/Handphone Tablet - Kategori Tab'

2017-12-04 11:20:31 - [MESSAGE][PASSED] - Tapped on element 'Object Repository/Transaksi/Stock/Handphone Tablet - Kategori Tab'

2017-12-04 11:20:31 - [TEST_STEP][PASSED] - tap: Tapped on element 'Object Repository/Transaksi/Stock/Terapkan - Kategori Btn'

2017-12-04 11:20:31 - [MESSAGE][PASSED] - Tapped on element 'Object Repository/Transaksi/Stock/Terapkan - Kategori Btn'

2017-12-04 11:20:31 - [TEST_STEP][PASSED] - delay: Delayed 5 second(s)

2017-12-04 11:20:36 - [MESSAGE][PASSED] - Delayed 5 second(s)

2017-12-04 11:20:36 - [TEST_STEP][PASSED] - tap: Tapped on element 'Object Repository/Transaksi/Stock/Kategori - Tab'

2017-12-04 11:20:37 - [MESSAGE][PASSED] - Tapped on element 'Object Repository/Transaksi/Stock/Kategori - Tab'

2017-12-04 11:20:37 - [TEST_STEP][PASSED] - scrollToText: Scrolling to text 'Otomotif' successfully

2017-12-04 11:20:49 - [MESSAGE][PASSED] - Scrolling to text 'Otomotif' successfully

2017-12-04 11:20:51 - [TEST_STEP][PASSED] - tap: Tapped on element 'Object Repository/Transaksi/Stock/Otomotif - Kategori Btn'

2017-12-04 11:20:51 - [MESSAGE][PASSED] - Tapped on element 'Object Repository/Transaksi/Stock/Otomotif - Kategori Btn'

2017-12-04 11:20:51 - [TEST_STEP][PASSED] - delay: Delayed 5 second(s)

2017-12-04 11:20:56 - [MESSAGE][PASSED] - Delayed 5 second(s)

2017-12-04 11:20:56 - [TEST_STEP][PASSED] - verifyElementAttributeValue: Object 'Object Repository/Transaksi/Stock/Otomotif - Kategori Btn' has attribute 'text' with value 'Otomotif'

2017-12-04 11:20:57 - [MESSAGE][PASSED] - Object 'Object Repository/Transaksi/Stock/Otomotif - Kategori Btn' has attribute 'text' with value 'Otomotif'

2017-12-04 11:20:57 - [TEST_STEP][PASSED] - tap: Tapped on element 'Object Repository/Transaksi/Stock/Terapkan - Kategori Btn'

2017-12-04 11:20:57 - [MESSAGE][PASSED] - Tapped on element 'Object Repository/Transaksi/Stock/Terapkan - Kategori Btn']]></system-out>
         <system-err><![CDATA[]]></system-err>
      </testcase>
      <testcase name="Test Cases/TC-3" classname="Test Cases/TC-3" status="PASSED">
         <system-out><![CDATA[2017-12-04 11:20:57 - [TEST_CASE][PASSED] - Test Cases/TC-3: Test Cases/TC-3

2017-12-04 11:20:57 - [TEST_STEP][PASSED] - tap: Tapped on element 'Object Repository/Transaksi/Stock/Kategori - Tab'

2017-12-04 11:21:00 - [MESSAGE][PASSED] - Tapped on element 'Object Repository/Transaksi/Stock/Kategori - Tab'

2017-12-04 11:21:00 - [TEST_STEP][PASSED] - tap: Tapped on element 'Object Repository/Transaksi/Stock/SemuaKategori - KategoriBtn'

2017-12-04 11:21:01 - [MESSAGE][PASSED] - Tapped on element 'Object Repository/Transaksi/Stock/SemuaKategori - KategoriBtn'

2017-12-04 11:21:01 - [TEST_STEP][PASSED] - tap: Tapped on element 'Object Repository/Transaksi/Stock/Terapkan - Kategori Btn'

2017-12-04 11:21:03 - [MESSAGE][PASSED] - Tapped on element 'Object Repository/Transaksi/Stock/Terapkan - Kategori Btn'

2017-12-04 11:21:03 - [TEST_STEP][PASSED] - delay: Delayed 0 second(s)

2017-12-04 11:21:03 - [MESSAGE][PASSED] - Delayed 0 second(s)

2017-12-04 11:21:03 - [TEST_STEP][PASSED] - tap: Tapped on element 'Object Repository/Transaksi/Stock/CariProduk - View'

2017-12-04 11:21:05 - [MESSAGE][PASSED] - Tapped on element 'Object Repository/Transaksi/Stock/CariProduk - View'

2017-12-04 11:21:05 - [TEST_STEP][PASSED] - setText: Text 'Jambu' has been set to element 'Object Repository/Transaksi/Stock/CariProduk - View'

2017-12-04 11:21:20 - [MESSAGE][PASSED] - Text 'Jambu' has been set to element 'Object Repository/Transaksi/Stock/CariProduk - View'

2017-12-04 11:21:20 - [TEST_STEP][PASSED] - getText: Text of element 'Object Repository/Transaksi/Stock/CariProduk - View' is: 'Jambu'

2017-12-04 11:21:20 - [MESSAGE][PASSED] - Text of element 'Object Repository/Transaksi/Stock/CariProduk - View' is: 'Jambu'

2017-12-04 11:21:20 - [TEST_STEP][PASSED] - verifyElementText: Actual text and expected text of test object 'Object Repository/Transaksi/Stock/CariProduk - View' are matched.

2017-12-04 11:21:21 - [MESSAGE][PASSED] - Actual text and expected text of test object 'Object Repository/Transaksi/Stock/CariProduk - View' are matched.]]></system-out>
         <system-err><![CDATA[]]></system-err>
      </testcase>
      <testcase name="Test Cases/TC-4" classname="Test Cases/TC-4" status="PASSED">
         <system-out><![CDATA[2017-12-04 11:21:21 - [TEST_CASE][PASSED] - Test Cases/TC-4: Test Cases/TC-4

2017-12-04 11:21:21 - [TEST_STEP][PASSED] - clearText: Element 'Object Repository/Transaksi/Stock/CariProduk - View' text is cleared

2017-12-04 11:21:27 - [MESSAGE][PASSED] - Element 'Object Repository/Transaksi/Stock/CariProduk - View' text is cleared

2017-12-04 11:21:27 - [TEST_STEP][PASSED] - tap: Tapped on element 'Object Repository/Transaksi/Stock/Kategori - Tab'

2017-12-04 11:21:28 - [MESSAGE][PASSED] - Tapped on element 'Object Repository/Transaksi/Stock/Kategori - Tab'

2017-12-04 11:21:28 - [TEST_STEP][PASSED] - tap: Tapped on element 'Object Repository/Transaksi/Stock/Handphone Tablet - Kategori Tab'

2017-12-04 11:21:30 - [MESSAGE][PASSED] - Tapped on element 'Object Repository/Transaksi/Stock/Handphone Tablet - Kategori Tab'

2017-12-04 11:21:30 - [TEST_STEP][PASSED] - tap: Tapped on element 'Object Repository/Transaksi/Stock/Terapkan - Kategori Btn'

2017-12-04 11:21:33 - [MESSAGE][PASSED] - Tapped on element 'Object Repository/Transaksi/Stock/Terapkan - Kategori Btn'

2017-12-04 11:21:33 - [TEST_STEP][PASSED] - delay: Delayed 5 second(s)

2017-12-04 11:21:38 - [MESSAGE][PASSED] - Delayed 5 second(s)

2017-12-04 11:21:38 - [TEST_STEP][PASSED] - tap: Tapped on element 'Object Repository/Transaksi/Stock/CariProduk - View'

2017-12-04 11:21:39 - [MESSAGE][PASSED] - Tapped on element 'Object Repository/Transaksi/Stock/CariProduk - View'

2017-12-04 11:21:39 - [TEST_STEP][PASSED] - setText: Text 'iPhone 5' has been set to element 'Object Repository/Transaksi/Stock/CariProduk - View'

2017-12-04 11:21:52 - [MESSAGE][PASSED] - Text 'iPhone 5' has been set to element 'Object Repository/Transaksi/Stock/CariProduk - View'

2017-12-04 11:21:52 - [TEST_STEP][PASSED] - getText: Text of element 'Object Repository/Transaksi/Stock/CariProduk - View' is: 'iPhone 5'

2017-12-04 11:21:53 - [MESSAGE][PASSED] - Text of element 'Object Repository/Transaksi/Stock/CariProduk - View' is: 'iPhone 5'

2017-12-04 11:21:53 - [TEST_STEP][PASSED] - verifyElementText: Actual text and expected text of test object 'Object Repository/Transaksi/Stock/CariProduk - View' are matched.

2017-12-04 11:21:54 - [MESSAGE][PASSED] - Actual text and expected text of test object 'Object Repository/Transaksi/Stock/CariProduk - View' are matched.]]></system-out>
         <system-err><![CDATA[]]></system-err>
      </testcase>
      <testcase name="Test Cases/TC-5" classname="Test Cases/TC-5" status="PASSED">
         <system-out><![CDATA[2017-12-04 11:21:54 - [TEST_CASE][PASSED] - Test Cases/TC-5: Test Cases/TC-5

2017-12-04 11:21:54 - [TEST_STEP][PASSED] - clearText: Element 'Object Repository/Transaksi/Stock/CariProduk - View' text is cleared

2017-12-04 11:21:58 - [MESSAGE][PASSED] - Element 'Object Repository/Transaksi/Stock/CariProduk - View' text is cleared

2017-12-04 11:21:58 - [TEST_STEP][PASSED] - tap: Tapped on element 'Object Repository/Transaksi/Stock/Kategori - Tab'

2017-12-04 11:21:59 - [MESSAGE][PASSED] - Tapped on element 'Object Repository/Transaksi/Stock/Kategori - Tab'

2017-12-04 11:21:59 - [TEST_STEP][PASSED] - tap: Tapped on element 'Object Repository/Transaksi/Stock/SemuaKategori - KategoriBtn'

2017-12-04 11:22:02 - [MESSAGE][PASSED] - Tapped on element 'Object Repository/Transaksi/Stock/SemuaKategori - KategoriBtn'

2017-12-04 11:22:02 - [TEST_STEP][PASSED] - tap: Tapped on element 'Object Repository/Transaksi/Stock/Terapkan - Kategori Btn'

2017-12-04 11:22:03 - [MESSAGE][PASSED] - Tapped on element 'Object Repository/Transaksi/Stock/Terapkan - Kategori Btn'

2017-12-04 11:22:03 - [TEST_STEP][PASSED] - delay: Delayed 5 second(s)

2017-12-04 11:22:08 - [MESSAGE][PASSED] - Delayed 5 second(s)

2017-12-04 11:22:08 - [TEST_STEP][PASSED] - tap: Tapped on element 'Object Repository/Transaksi/Stock/CariProduk - View'

2017-12-04 11:22:09 - [MESSAGE][PASSED] - Tapped on element 'Object Repository/Transaksi/Stock/CariProduk - View'

2017-12-04 11:22:09 - [TEST_STEP][PASSED] - setText: Text 'app' has been set to element 'Object Repository/Transaksi/Stock/CariProduk - View'

2017-12-04 11:22:22 - [MESSAGE][PASSED] - Text 'app' has been set to element 'Object Repository/Transaksi/Stock/CariProduk - View'

2017-12-04 11:22:22 - [TEST_STEP][PASSED] - getText: Text of element 'Object Repository/Transaksi/Stock/CariProduk - View' is: 'app'

2017-12-04 11:22:22 - [MESSAGE][PASSED] - Text of element 'Object Repository/Transaksi/Stock/CariProduk - View' is: 'app'

2017-12-04 11:22:22 - [TEST_STEP][PASSED] - verifyElementText: Actual text and expected text of test object 'Object Repository/Transaksi/Stock/CariProduk - View' are matched.

2017-12-04 11:22:23 - [MESSAGE][PASSED] - Actual text and expected text of test object 'Object Repository/Transaksi/Stock/CariProduk - View' are matched.]]></system-out>
         <system-err><![CDATA[]]></system-err>
      </testcase>
      <testcase name="Test Cases/TC-6" classname="Test Cases/TC-6" status="PASSED">
         <system-out><![CDATA[2017-12-04 11:22:23 - [TEST_CASE][PASSED] - Test Cases/TC-6: Test Cases/TC-6

2017-12-04 11:22:23 - [TEST_STEP][PASSED] - clearText: Element 'Object Repository/Transaksi/Stock/CariProduk - View' text is cleared

2017-12-04 11:22:29 - [MESSAGE][PASSED] - Element 'Object Repository/Transaksi/Stock/CariProduk - View' text is cleared

2017-12-04 11:22:29 - [TEST_STEP][PASSED] - setText: Text 'ap' has been set to element 'Object Repository/Transaksi/Stock/CariProduk - View'

2017-12-04 11:22:39 - [MESSAGE][PASSED] - Text 'ap' has been set to element 'Object Repository/Transaksi/Stock/CariProduk - View'

2017-12-04 11:22:39 - [TEST_STEP][PASSED] - getText: Text of element 'Object Repository/Transaksi/Stock/CariProduk - View' is: 'ap'

2017-12-04 11:22:40 - [MESSAGE][PASSED] - Text of element 'Object Repository/Transaksi/Stock/CariProduk - View' is: 'ap'

2017-12-04 11:22:40 - [TEST_STEP][PASSED] - verifyElementText: Actual text and expected text of test object 'Object Repository/Transaksi/Stock/CariProduk - View' are matched.

2017-12-04 11:22:40 - [MESSAGE][PASSED] - Actual text and expected text of test object 'Object Repository/Transaksi/Stock/CariProduk - View' are matched.]]></system-out>
         <system-err><![CDATA[]]></system-err>
      </testcase>
      <testcase name="Test Cases/TC-7" classname="Test Cases/TC-7" status="PASSED">
         <system-out><![CDATA[2017-12-04 11:22:41 - [TEST_CASE][PASSED] - Test Cases/TC-7: Test Cases/TC-7

2017-12-04 11:22:41 - [TEST_STEP][PASSED] - clearText: Element 'Object Repository/Transaksi/Stock/CariProduk - View' text is cleared

2017-12-04 11:22:48 - [MESSAGE][PASSED] - Element 'Object Repository/Transaksi/Stock/CariProduk - View' text is cleared

2017-12-04 11:22:48 - [TEST_STEP][PASSED] - setText: Text 'Rujak' has been set to element 'Object Repository/Transaksi/Stock/CariProduk - View'

2017-12-04 11:22:59 - [MESSAGE][PASSED] - Text 'Rujak' has been set to element 'Object Repository/Transaksi/Stock/CariProduk - View'

2017-12-04 11:22:59 - [TEST_STEP][PASSED] - getText: Text of element 'Object Repository/Transaksi/Stock/CariProduk - View' is: 'Rujak'

2017-12-04 11:23:00 - [MESSAGE][PASSED] - Text of element 'Object Repository/Transaksi/Stock/CariProduk - View' is: 'Rujak'

2017-12-04 11:23:00 - [TEST_STEP][PASSED] - verifyElementNotChecked: Element 'Object Repository/Transaksi/Stock/CariProduk - View' is not checked

2017-12-04 11:23:00 - [MESSAGE][WARNING] - Timeout '0' is invalid. Using default page load timeout: '30'

2017-12-04 11:23:01 - [MESSAGE][PASSED] - Element 'Object Repository/Transaksi/Stock/CariProduk - View' is not checked]]></system-out>
         <system-err><![CDATA[]]></system-err>
      </testcase>
      <testcase name="Test Cases/TC-8" classname="Test Cases/TC-8" status="PASSED">
         <system-out><![CDATA[2017-12-04 11:23:01 - [TEST_CASE][PASSED] - Test Cases/TC-8: Test Cases/TC-8

2017-12-04 11:23:01 - [TEST_STEP][PASSED] - clearText: Element 'Object Repository/Transaksi/Stock/CariProduk - View' text is cleared

2017-12-04 11:23:06 - [MESSAGE][PASSED] - Element 'Object Repository/Transaksi/Stock/CariProduk - View' text is cleared

2017-12-04 11:23:06 - [TEST_STEP][PASSED] - tap: Tapped on element 'Object Repository/Transaksi/Stock/Kategori - Tab'

2017-12-04 11:23:07 - [MESSAGE][PASSED] - Tapped on element 'Object Repository/Transaksi/Stock/Kategori - Tab'

2017-12-04 11:23:07 - [TEST_STEP][PASSED] - delay: Delayed 0 second(s)

2017-12-04 11:23:07 - [MESSAGE][PASSED] - Delayed 0 second(s)

2017-12-04 11:23:07 - [TEST_STEP][PASSED] - swipe: Swiped from 100,543 to 100,259

2017-12-04 11:23:12 - [MESSAGE][PASSED] - Swiped from 100,543 to 100,259

2017-12-04 11:23:14 - [TEST_STEP][PASSED] - swipe: Swiped from 100,543 to 100,259

2017-12-04 11:23:18 - [MESSAGE][PASSED] - Swiped from 100,543 to 100,259

2017-12-04 11:23:20 - [TEST_STEP][PASSED] - delay: Delayed 0 second(s)

2017-12-04 11:23:20 - [MESSAGE][PASSED] - Delayed 0 second(s)

2017-12-04 11:23:20 - [TEST_STEP][PASSED] - swipe: Swiped from 30,230 to 30,515

2017-12-04 11:23:25 - [MESSAGE][PASSED] - Swiped from 30,230 to 30,515

2017-12-04 11:23:27 - [TEST_STEP][PASSED] - swipe: Swiped from 30,230 to 30,515

2017-12-04 11:23:31 - [MESSAGE][PASSED] - Swiped from 30,230 to 30,515]]></system-out>
         <system-err><![CDATA[]]></system-err>
      </testcase>
      <testcase name="Test Cases/TC-9" classname="Test Cases/TC-9" status="PASSED">
         <system-out><![CDATA[2017-12-04 11:23:35 - [TEST_CASE][PASSED] - Test Cases/TC-9: Test Cases/TC-9

2017-12-04 11:23:35 - [TEST_STEP][PASSED] - tap: Tapped on element 'Object Repository/Transaksi/Stock/Terapkan - Kategori Btn'

2017-12-04 11:23:35 - [MESSAGE][PASSED] - Tapped on element 'Object Repository/Transaksi/Stock/Terapkan - Kategori Btn'

2017-12-04 11:23:35 - [TEST_STEP][PASSED] - swipe: Swiped from 126,683 to 126,440

2017-12-04 11:23:40 - [MESSAGE][PASSED] - Swiped from 126,683 to 126,440

2017-12-04 11:23:42 - [TEST_STEP][PASSED] - swipe: Swiped from 126,683 to 126,440

2017-12-04 11:23:46 - [MESSAGE][PASSED] - Swiped from 126,683 to 126,440]]></system-out>
         <system-err><![CDATA[]]></system-err>
      </testcase>
      <testcase name="Test Cases/TC-10" classname="Test Cases/TC-10" status="PASSED">
         <system-out><![CDATA[2017-12-04 11:23:48 - [TEST_CASE][PASSED] - Test Cases/TC-10: Test Cases/TC-10

2017-12-04 11:23:48 - [TEST_STEP][PASSED] - swipe: Swiped from 126,683 to 126,440

2017-12-04 11:23:53 - [MESSAGE][PASSED] - Swiped from 126,683 to 126,440

2017-12-04 11:23:55 - [TEST_STEP][PASSED] - swipe: Swiped from 126,683 to 126,440

2017-12-04 11:24:00 - [MESSAGE][PASSED] - Swiped from 126,683 to 126,440]]></system-out>
         <system-err><![CDATA[]]></system-err>
      </testcase>
      <testcase name="Test Cases/TC-11" classname="Test Cases/TC-11" status="PASSED">
         <system-out><![CDATA[2017-12-04 11:24:02 - [TEST_CASE][PASSED] - Test Cases/TC-11: Test Cases/TC-11

2017-12-04 11:24:02 - [TEST_STEP][PASSED] - delay: Delayed 0 second(s)

2017-12-04 11:24:02 - [MESSAGE][PASSED] - Delayed 0 second(s)

2017-12-04 11:24:02 - [TEST_STEP][PASSED] - tap: Tapped on element 'Object Repository/Transaksi/Stock/TambahBarang - Btn'

2017-12-04 11:24:03 - [MESSAGE][PASSED] - Tapped on element 'Object Repository/Transaksi/Stock/TambahBarang - Btn'

2017-12-04 11:24:03 - [TEST_STEP][PASSED] - closeApplication: Close app successfully

2017-12-04 11:24:18 - [MESSAGE][PASSED] - Close app successfully]]></system-out>
         <system-err><![CDATA[]]></system-err>
      </testcase>
      <system-out><![CDATA[2017-12-04 11:19:24 - [TEST_SUITE][PASSED] - BTPNAP-26 Kelola Stok: Test Cases/TC-11]]></system-out>
      <system-err><![CDATA[]]></system-err>
   </testsuite>
</testsuites>
