<?xml version="1.0" encoding="UTF-8"?>
<testsuites name="Story 46" time="279" tests="13" failures="0" errors="0">
   <testsuite name="Story 46" tests="13" failures="0" errors="0" time="279" timestamp="2018-03-15 08:12:54" hostname="AV2017005903 - NBMP18A211ITSQA.corp.bankbtpn.co.id" id="Test Suites/Story 46">
      <properties>
         <property name="deviceName" value="asus ASUS_X014D 5.1.1"/>
         <property name="devicePlatform" value=""/>
         <property name="logFolder" value="C:\\Users\\AV2017005903\\Documents\\apollo-automation\\Reports\\Story 46\\20180315_081252"/>
         <property name="logFiles" value="C:\\Users\\AV2017005903\\Documents\\apollo-automation\\Reports\\Story 46\\20180315_081252\\appium.log, C:\\Users\\AV2017005903\\Documents\\apollo-automation\\Reports\\Story 46\\20180315_081252\\execution0.log"/>
         <property name="attachments" value="C:\\Users\\AV2017005903\\Documents\\apollo-automation\\Screenshoot\\UpdateBarangMandatory.png"/>
         <property name="hostName" value="AV2017005903 - NBMP18A211ITSQA.corp.bankbtpn.co.id"/>
         <property name="os" value="Windows 10 64bit"/>
         <property name="katalonVersion" value="5.0.0.1"/>
         <property name="deviceOS" value="Android"/>
         <property name="appiumVersion" value="1.6.5"/>
         <property name="deviceModel" value="ASUS_X014D"/>
         <property name="hostAddress" value="192.168.43.137"/>
         <property name="deviceManufacturer" value="asus"/>
         <property name="deviceId" value="GBAXGV411465ERX"/>
         <property name="deviceName" value="asus ASUS_X014D 5.1.1"/>
         <property name="deviceOSVersion" value="5.1.1"/>
      </properties>
      <testcase name="Test Cases/Story 46 - Change Product/TC 1" classname="Test Cases/Story 46 - Change Product/TC 1" status="PASSED">
         <system-out><![CDATA[2018-03-15 08:12:54 - [TEST_CASE][PASSED] - Test Cases/Story 46 - Change Product/TC 1: Test Cases/Story 46 - Change Product/TC 1

2018-03-15 08:12:55 - [TEST_STEP][PASSED] - comment: Start Story 46

2018-03-15 08:12:55 - [TEST_STEP][PASSED] - Statement - apkPath = com.kms.katalon.core.util.internal.PathUtil.relativeToAbsolutePath(apkName, com.kms.katalon.core.configuration.RunConfiguration.getProjectDir()): null

2018-03-15 08:12:55 - [TEST_STEP][PASSED] - startApplication: Started app at: 'C:\Users\AV2017005903\Documents\apollo-automation\13 Maret 17.23.apk'

2018-03-15 08:13:11 - [MESSAGE][PASSED] - Started app at: 'C:\Users\AV2017005903\Documents\apollo-automation\13 Maret 17.23.apk'

2018-03-15 08:13:11 - [TEST_STEP][NOT_RUN] - verifyElementExist: NOT_RUN: verifyElementExist

2018-03-15 08:13:11 - [MESSAGE][NOT_RUN] - NOT_RUN: verifyElementExist

2018-03-15 08:13:11 - [TEST_STEP][PASSED] - tap: Tapped on element 'Object Repository/Login/Daftar Sekarang - Belum Punya Akun'

2018-03-15 08:13:17 - [MESSAGE][PASSED] - Tapped on element 'Object Repository/Login/Daftar Sekarang - Belum Punya Akun'

2018-03-15 08:13:17 - [TEST_STEP][PASSED] - waitForElementPresent: Element 'Object Repository/Sidebar Menu/HamburgerButton' is present

2018-03-15 08:13:21 - [MESSAGE][PASSED] - Element 'Object Repository/Sidebar Menu/HamburgerButton' is present

2018-03-15 08:13:21 - [TEST_STEP][PASSED] - tap: Tapped on element 'Object Repository/Sidebar Menu/HamburgerButton'

2018-03-15 08:13:22 - [MESSAGE][PASSED] - Tapped on element 'Object Repository/Sidebar Menu/HamburgerButton'

2018-03-15 08:13:22 - [TEST_STEP][PASSED] - tap: Tapped on element 'Object Repository/Sidebar Menu/Operasional/Operasional - Sidebar Menu'

2018-03-15 08:13:24 - [MESSAGE][PASSED] - Tapped on element 'Object Repository/Sidebar Menu/Operasional/Operasional - Sidebar Menu'

2018-03-15 08:13:24 - [TEST_STEP][PASSED] - tap: Tapped on element 'Object Repository/Sidebar Menu/Operasional/Stock/Stock View/Stok - Navbar Menu'

2018-03-15 08:13:27 - [MESSAGE][PASSED] - Tapped on element 'Object Repository/Sidebar Menu/Operasional/Stock/Stock View/Stok - Navbar Menu'

2018-03-15 08:13:27 - [TEST_STEP][PASSED] - waitForElementPresent: Element 'Object Repository/Sidebar Menu/Operasional/Stock/Stock View/Cari Produk - Parent' is present

2018-03-15 08:13:30 - [MESSAGE][PASSED] - Element 'Object Repository/Sidebar Menu/Operasional/Stock/Stock View/Cari Produk - Parent' is present

2018-03-15 08:13:30 - [TEST_STEP][PASSED] - comment: Search Product

2018-03-15 08:13:30 - [TEST_STEP][PASSED] - tap: Tapped on element 'Object Repository/Sidebar Menu/Operasional/Stock/Stock View/Cari Produk - Parent'

2018-03-15 08:13:30 - [MESSAGE][PASSED] - Tapped on element 'Object Repository/Sidebar Menu/Operasional/Stock/Stock View/Cari Produk - Parent'

2018-03-15 08:13:30 - [TEST_STEP][PASSED] - setText: Text 'Nestle Air Murni' has been set to element 'Object Repository/Sidebar Menu/Operasional/Stock/Stock View/Cari Produk - Parent'

2018-03-15 08:13:41 - [MESSAGE][PASSED] - Text 'Nestle Air Murni' has been set to element 'Object Repository/Sidebar Menu/Operasional/Stock/Stock View/Cari Produk - Parent'

2018-03-15 08:13:41 - [TEST_STEP][PASSED] - verifyElementNotChecked: Element 'Object Repository/Sidebar Menu/Operasional/Stock/Stock View/Cari Produk - Parent' is not checked

2018-03-15 08:13:42 - [MESSAGE][PASSED] - Element 'Object Repository/Sidebar Menu/Operasional/Stock/Stock View/Cari Produk - Parent' is not checked

2018-03-15 08:13:42 - [TEST_STEP][PASSED] - getText: Text of element 'Object Repository/Sidebar Menu/Operasional/Stock/Stock View/Cari Produk - Parent' is: 'Nestle Air Murni'

2018-03-15 08:13:43 - [MESSAGE][PASSED] - Text of element 'Object Repository/Sidebar Menu/Operasional/Stock/Stock View/Cari Produk - Parent' is: 'Nestle Air Murni'

2018-03-15 08:13:43 - [TEST_STEP][PASSED] - waitForElementPresent: Element 'Object Repository/Sidebar Menu/Operasional/Stock/Detail Barang/List Produk Search - Elemen 1' is present

2018-03-15 08:13:47 - [MESSAGE][PASSED] - Element 'Object Repository/Sidebar Menu/Operasional/Stock/Detail Barang/List Produk Search - Elemen 1' is present

2018-03-15 08:13:47 - [TEST_STEP][PASSED] - tap: Tapped on element 'Object Repository/Sidebar Menu/Operasional/Stock/Detail Barang/List Produk Search - Elemen 1'

2018-03-15 08:13:47 - [MESSAGE][PASSED] - Tapped on element 'Object Repository/Sidebar Menu/Operasional/Stock/Detail Barang/List Produk Search - Elemen 1'

2018-03-15 08:13:47 - [TEST_STEP][PASSED] - delay: Delayed 5 second(s)

2018-03-15 08:13:52 - [MESSAGE][PASSED] - Delayed 5 second(s)

2018-03-15 08:13:52 - [TEST_STEP][PASSED] - comment: Swipe ke Bawah

2018-03-15 08:13:52 - [TEST_STEP][PASSED] - swipe: Swiped from 24,788 to 24,452

2018-03-15 08:13:53 - [MESSAGE][PASSED] - Swiped from 24,788 to 24,452

2018-03-15 08:13:53 - [TEST_STEP][PASSED] - waitForElementPresent: Element 'Object Repository/Sidebar Menu/Operasional/Stock/Detail Barang/Ubah Info - Button' is present

2018-03-15 08:13:54 - [MESSAGE][PASSED] - Element 'Object Repository/Sidebar Menu/Operasional/Stock/Detail Barang/Ubah Info - Button' is present

2018-03-15 08:13:54 - [TEST_STEP][PASSED] - tap: Tapped on element 'Object Repository/Sidebar Menu/Operasional/Stock/Detail Barang/Ubah Info - Button'

2018-03-15 08:13:55 - [MESSAGE][PASSED] - Tapped on element 'Object Repository/Sidebar Menu/Operasional/Stock/Detail Barang/Ubah Info - Button']]></system-out>
         <system-err><![CDATA[]]></system-err>
      </testcase>
      <testcase name="Test Cases/Story 46 - Change Product/TC 2" classname="Test Cases/Story 46 - Change Product/TC 2" status="PASSED">
         <system-out><![CDATA[2018-03-15 08:13:55 - [TEST_CASE][PASSED] - Test Cases/Story 46 - Change Product/TC 2: Test Cases/Story 46 - Change Product/TC 2

2018-03-15 08:13:55 - [TEST_STEP][PASSED] - delay: Delayed 5 second(s)

2018-03-15 08:14:00 - [MESSAGE][PASSED] - Delayed 5 second(s)

2018-03-15 08:14:00 - [TEST_STEP][PASSED] - Statement - For (def index : (0..10)): Tapped on element 'Object Repository/Sidebar Menu/Operasional/Stock/Tambah Barang/PlusTap - JumlaH Stock'

2018-03-15 08:14:00 - [TEST_STEP][PASSED] - tap: Tapped on element 'Object Repository/Sidebar Menu/Operasional/Stock/Tambah Barang/PlusTap - JumlaH Stock'

2018-03-15 08:14:00 - [MESSAGE][PASSED] - Tapped on element 'Object Repository/Sidebar Menu/Operasional/Stock/Tambah Barang/PlusTap - JumlaH Stock'

2018-03-15 08:14:00 - [TEST_STEP][PASSED] - tap: Tapped on element 'Object Repository/Sidebar Menu/Operasional/Stock/Tambah Barang/PlusTap - JumlaH Stock'

2018-03-15 08:14:02 - [MESSAGE][PASSED] - Tapped on element 'Object Repository/Sidebar Menu/Operasional/Stock/Tambah Barang/PlusTap - JumlaH Stock'

2018-03-15 08:14:02 - [TEST_STEP][PASSED] - tap: Tapped on element 'Object Repository/Sidebar Menu/Operasional/Stock/Tambah Barang/PlusTap - JumlaH Stock'

2018-03-15 08:14:03 - [MESSAGE][PASSED] - Tapped on element 'Object Repository/Sidebar Menu/Operasional/Stock/Tambah Barang/PlusTap - JumlaH Stock'

2018-03-15 08:14:03 - [TEST_STEP][PASSED] - tap: Tapped on element 'Object Repository/Sidebar Menu/Operasional/Stock/Tambah Barang/PlusTap - JumlaH Stock'

2018-03-15 08:14:05 - [MESSAGE][PASSED] - Tapped on element 'Object Repository/Sidebar Menu/Operasional/Stock/Tambah Barang/PlusTap - JumlaH Stock'

2018-03-15 08:14:05 - [TEST_STEP][PASSED] - tap: Tapped on element 'Object Repository/Sidebar Menu/Operasional/Stock/Tambah Barang/PlusTap - JumlaH Stock'

2018-03-15 08:14:06 - [MESSAGE][PASSED] - Tapped on element 'Object Repository/Sidebar Menu/Operasional/Stock/Tambah Barang/PlusTap - JumlaH Stock'

2018-03-15 08:14:06 - [TEST_STEP][PASSED] - tap: Tapped on element 'Object Repository/Sidebar Menu/Operasional/Stock/Tambah Barang/PlusTap - JumlaH Stock'

2018-03-15 08:14:07 - [MESSAGE][PASSED] - Tapped on element 'Object Repository/Sidebar Menu/Operasional/Stock/Tambah Barang/PlusTap - JumlaH Stock'

2018-03-15 08:14:07 - [TEST_STEP][PASSED] - tap: Tapped on element 'Object Repository/Sidebar Menu/Operasional/Stock/Tambah Barang/PlusTap - JumlaH Stock'

2018-03-15 08:14:09 - [MESSAGE][PASSED] - Tapped on element 'Object Repository/Sidebar Menu/Operasional/Stock/Tambah Barang/PlusTap - JumlaH Stock'

2018-03-15 08:14:09 - [TEST_STEP][PASSED] - tap: Tapped on element 'Object Repository/Sidebar Menu/Operasional/Stock/Tambah Barang/PlusTap - JumlaH Stock'

2018-03-15 08:14:10 - [MESSAGE][PASSED] - Tapped on element 'Object Repository/Sidebar Menu/Operasional/Stock/Tambah Barang/PlusTap - JumlaH Stock'

2018-03-15 08:14:10 - [TEST_STEP][PASSED] - tap: Tapped on element 'Object Repository/Sidebar Menu/Operasional/Stock/Tambah Barang/PlusTap - JumlaH Stock'

2018-03-15 08:14:11 - [MESSAGE][PASSED] - Tapped on element 'Object Repository/Sidebar Menu/Operasional/Stock/Tambah Barang/PlusTap - JumlaH Stock'

2018-03-15 08:14:11 - [TEST_STEP][PASSED] - tap: Tapped on element 'Object Repository/Sidebar Menu/Operasional/Stock/Tambah Barang/PlusTap - JumlaH Stock'

2018-03-15 08:14:13 - [MESSAGE][PASSED] - Tapped on element 'Object Repository/Sidebar Menu/Operasional/Stock/Tambah Barang/PlusTap - JumlaH Stock'

2018-03-15 08:14:13 - [TEST_STEP][PASSED] - tap: Tapped on element 'Object Repository/Sidebar Menu/Operasional/Stock/Tambah Barang/PlusTap - JumlaH Stock'

2018-03-15 08:14:14 - [MESSAGE][PASSED] - Tapped on element 'Object Repository/Sidebar Menu/Operasional/Stock/Tambah Barang/PlusTap - JumlaH Stock']]></system-out>
         <system-err><![CDATA[]]></system-err>
      </testcase>
      <testcase name="Test Cases/Story 46 - Change Product/TC 3" classname="Test Cases/Story 46 - Change Product/TC 3" status="PASSED">
         <system-out><![CDATA[2018-03-15 08:14:15 - [TEST_CASE][PASSED] - Test Cases/Story 46 - Change Product/TC 3: Test Cases/Story 46 - Change Product/TC 3

2018-03-15 08:14:15 - [TEST_STEP][PASSED] - Statement - For (def index : (0..5)): Tapped on element 'Object Repository/Sidebar Menu/Operasional/Stock/Tambah Barang/Minus Tap - Jumlah Stock'

2018-03-15 08:14:15 - [TEST_STEP][PASSED] - tap: Tapped on element 'Object Repository/Sidebar Menu/Operasional/Stock/Tambah Barang/Minus Tap - Jumlah Stock'

2018-03-15 08:14:16 - [MESSAGE][PASSED] - Tapped on element 'Object Repository/Sidebar Menu/Operasional/Stock/Tambah Barang/Minus Tap - Jumlah Stock'

2018-03-15 08:14:16 - [TEST_STEP][PASSED] - tap: Tapped on element 'Object Repository/Sidebar Menu/Operasional/Stock/Tambah Barang/Minus Tap - Jumlah Stock'

2018-03-15 08:14:17 - [MESSAGE][PASSED] - Tapped on element 'Object Repository/Sidebar Menu/Operasional/Stock/Tambah Barang/Minus Tap - Jumlah Stock'

2018-03-15 08:14:17 - [TEST_STEP][PASSED] - tap: Tapped on element 'Object Repository/Sidebar Menu/Operasional/Stock/Tambah Barang/Minus Tap - Jumlah Stock'

2018-03-15 08:14:19 - [MESSAGE][PASSED] - Tapped on element 'Object Repository/Sidebar Menu/Operasional/Stock/Tambah Barang/Minus Tap - Jumlah Stock'

2018-03-15 08:14:19 - [TEST_STEP][PASSED] - tap: Tapped on element 'Object Repository/Sidebar Menu/Operasional/Stock/Tambah Barang/Minus Tap - Jumlah Stock'

2018-03-15 08:14:20 - [MESSAGE][PASSED] - Tapped on element 'Object Repository/Sidebar Menu/Operasional/Stock/Tambah Barang/Minus Tap - Jumlah Stock'

2018-03-15 08:14:20 - [TEST_STEP][PASSED] - tap: Tapped on element 'Object Repository/Sidebar Menu/Operasional/Stock/Tambah Barang/Minus Tap - Jumlah Stock'

2018-03-15 08:14:22 - [MESSAGE][PASSED] - Tapped on element 'Object Repository/Sidebar Menu/Operasional/Stock/Tambah Barang/Minus Tap - Jumlah Stock'

2018-03-15 08:14:22 - [TEST_STEP][PASSED] - tap: Tapped on element 'Object Repository/Sidebar Menu/Operasional/Stock/Tambah Barang/Minus Tap - Jumlah Stock'

2018-03-15 08:14:23 - [MESSAGE][PASSED] - Tapped on element 'Object Repository/Sidebar Menu/Operasional/Stock/Tambah Barang/Minus Tap - Jumlah Stock']]></system-out>
         <system-err><![CDATA[]]></system-err>
      </testcase>
      <testcase name="Test Cases/Story 46 - Change Product/TC 4" classname="Test Cases/Story 46 - Change Product/TC 4" status="PASSED">
         <system-out><![CDATA[2018-03-15 08:14:23 - [TEST_CASE][PASSED] - Test Cases/Story 46 - Change Product/TC 4: Test Cases/Story 46 - Change Product/TC 4

2018-03-15 08:14:23 - [TEST_STEP][PASSED] - tap: Tapped on element 'Object Repository/Sidebar Menu/Operasional/Stock/Tambah Barang/Jumlah Stock - by typing'

2018-03-15 08:14:25 - [MESSAGE][PASSED] - Tapped on element 'Object Repository/Sidebar Menu/Operasional/Stock/Tambah Barang/Jumlah Stock - by typing'

2018-03-15 08:14:25 - [TEST_STEP][PASSED] - setText: Text '123' has been set to element 'Object Repository/Sidebar Menu/Operasional/Stock/Tambah Barang/Jumlah Stock - by typing'

2018-03-15 08:14:38 - [MESSAGE][PASSED] - Text '123' has been set to element 'Object Repository/Sidebar Menu/Operasional/Stock/Tambah Barang/Jumlah Stock - by typing'

2018-03-15 08:14:38 - [TEST_STEP][PASSED] - clearText: Element 'Object Repository/Sidebar Menu/Operasional/Stock/Tambah Barang/Jumlah Stock - by typing' text is cleared

2018-03-15 08:14:43 - [MESSAGE][PASSED] - Element 'Object Repository/Sidebar Menu/Operasional/Stock/Tambah Barang/Jumlah Stock - by typing' text is cleared

2018-03-15 08:14:43 - [TEST_STEP][PASSED] - setText: Text '10.6' has been set to element 'Object Repository/Sidebar Menu/Operasional/Stock/Tambah Barang/Jumlah Stock - by typing'

2018-03-15 08:14:53 - [MESSAGE][PASSED] - Text '10.6' has been set to element 'Object Repository/Sidebar Menu/Operasional/Stock/Tambah Barang/Jumlah Stock - by typing'

2018-03-15 08:14:53 - [TEST_STEP][PASSED] - hideKeyboard: Keyboard is hidden

2018-03-15 08:14:54 - [MESSAGE][PASSED] - Keyboard is hidden]]></system-out>
         <system-err><![CDATA[]]></system-err>
      </testcase>
      <testcase name="Test Cases/Story 46 - Change Product/TC 5" classname="Test Cases/Story 46 - Change Product/TC 5" status="PASSED">
         <system-out><![CDATA[2018-03-15 08:14:54 - [TEST_CASE][PASSED] - Test Cases/Story 46 - Change Product/TC 5: Test Cases/Story 46 - Change Product/TC 5

2018-03-15 08:14:54 - [TEST_STEP][PASSED] - clearText: Element 'Object Repository/Sidebar Menu/Operasional/Stock/Tambah Barang/Nama Barang - Text Box' text is cleared

2018-03-15 08:14:56 - [MESSAGE][PASSED] - Element 'Object Repository/Sidebar Menu/Operasional/Stock/Tambah Barang/Nama Barang - Text Box' text is cleared

2018-03-15 08:14:56 - [TEST_STEP][NOT_RUN] - verifyElementExist: NOT_RUN: verifyElementExist

2018-03-15 08:14:56 - [MESSAGE][NOT_RUN] - NOT_RUN: verifyElementExist

2018-03-15 08:14:56 - [TEST_STEP][PASSED] - tap: Tapped on element 'Object Repository/Sidebar Menu/Operasional/Stock/Tambah Barang/Simpan Button'

2018-03-15 08:14:57 - [MESSAGE][PASSED] - Tapped on element 'Object Repository/Sidebar Menu/Operasional/Stock/Tambah Barang/Simpan Button'

2018-03-15 08:14:57 - [TEST_STEP][PASSED] - delay: Delayed 2 second(s)

2018-03-15 08:14:59 - [MESSAGE][PASSED] - Delayed 2 second(s)

2018-03-15 08:14:59 - [TEST_STEP][PASSED] - takeScreenshot: Screenshot is taken

2018-03-15 08:15:01 - [MESSAGE][PASSED] - Screenshot is taken
[[ATTACHMENT|C:\\Users\\AV2017005903\\Documents\\apollo-automation\\Screenshoot\\UpdateBarangMandatory.png]]

2018-03-15 08:15:01 - [TEST_STEP][PASSED] - delay: Delayed 2 second(s)

2018-03-15 08:15:03 - [MESSAGE][PASSED] - Delayed 2 second(s)

2018-03-15 08:15:03 - [TEST_STEP][PASSED] - tap: Tapped on element 'Object Repository/Sidebar Menu/Operasional/Stock/Tambah Barang/Nama Barang - Text Box'

2018-03-15 08:15:04 - [MESSAGE][PASSED] - Tapped on element 'Object Repository/Sidebar Menu/Operasional/Stock/Tambah Barang/Nama Barang - Text Box'

2018-03-15 08:15:04 - [TEST_STEP][PASSED] - setText: Text 'Nestle Air Murni' has been set to element 'Object Repository/Sidebar Menu/Operasional/Stock/Tambah Barang/Nama Barang - Text Box'

2018-03-15 08:15:16 - [MESSAGE][PASSED] - Text 'Nestle Air Murni' has been set to element 'Object Repository/Sidebar Menu/Operasional/Stock/Tambah Barang/Nama Barang - Text Box'

2018-03-15 08:15:16 - [TEST_STEP][PASSED] - verifyElementText: Actual text and expected text of test object 'Object Repository/Sidebar Menu/Operasional/Stock/Tambah Barang/Nama Barang - Text Box' are matched.

2018-03-15 08:15:17 - [MESSAGE][PASSED] - Actual text and expected text of test object 'Object Repository/Sidebar Menu/Operasional/Stock/Tambah Barang/Nama Barang - Text Box' are matched.

2018-03-15 08:15:17 - [TEST_STEP][PASSED] - hideKeyboard: Keyboard is hidden

2018-03-15 08:15:17 - [MESSAGE][PASSED] - Keyboard is hidden]]></system-out>
         <system-err><![CDATA[]]></system-err>
      </testcase>
      <testcase name="Test Cases/Story 46 - Change Product/TC 6" classname="Test Cases/Story 46 - Change Product/TC 6" status="PASSED">
         <system-out><![CDATA[2018-03-15 08:15:18 - [TEST_CASE][PASSED] - Test Cases/Story 46 - Change Product/TC 6: Test Cases/Story 46 - Change Product/TC 6

2018-03-15 08:15:18 - [TEST_STEP][PASSED] - tap: Tapped on element 'Object Repository/Sidebar Menu/Operasional/Stock/Tambah Barang/Pilih Kategori - SelectButton'

2018-03-15 08:15:19 - [MESSAGE][PASSED] - Tapped on element 'Object Repository/Sidebar Menu/Operasional/Stock/Tambah Barang/Pilih Kategori - SelectButton'

2018-03-15 08:15:19 - [TEST_STEP][PASSED] - tap: Tapped on element 'Object Repository/Sidebar Menu/Operasional/Stock/Tambah Barang/Pilih Kategori - SelectButton'

2018-03-15 08:15:20 - [MESSAGE][PASSED] - Tapped on element 'Object Repository/Sidebar Menu/Operasional/Stock/Tambah Barang/Pilih Kategori - SelectButton']]></system-out>
         <system-err><![CDATA[]]></system-err>
      </testcase>
      <testcase name="Test Cases/Story 46 - Change Product/TC 7" classname="Test Cases/Story 46 - Change Product/TC 7" status="PASSED">
         <system-out><![CDATA[2018-03-15 08:15:20 - [TEST_CASE][PASSED] - Test Cases/Story 46 - Change Product/TC 7: Test Cases/Story 46 - Change Product/TC 7

2018-03-15 08:15:20 - [TEST_STEP][PASSED] - waitForElementPresent: Element 'Object Repository/Sidebar Menu/Operasional/Stock/Detail Barang/ListKategori - Elemen2' is present

2018-03-15 08:15:22 - [MESSAGE][PASSED] - Element 'Object Repository/Sidebar Menu/Operasional/Stock/Detail Barang/ListKategori - Elemen2' is present

2018-03-15 08:15:22 - [TEST_STEP][PASSED] - tap: Tapped on element 'Object Repository/Sidebar Menu/Operasional/Stock/Detail Barang/ListKategori - Elemen2'

2018-03-15 08:15:23 - [MESSAGE][PASSED] - Tapped on element 'Object Repository/Sidebar Menu/Operasional/Stock/Detail Barang/ListKategori - Elemen2'

2018-03-15 08:15:23 - [TEST_STEP][PASSED] - delay: Delayed 5 second(s)

2018-03-15 08:15:28 - [MESSAGE][PASSED] - Delayed 5 second(s)]]></system-out>
         <system-err><![CDATA[]]></system-err>
      </testcase>
      <testcase name="Test Cases/Story 46 - Change Product/TC 8" classname="Test Cases/Story 46 - Change Product/TC 8" status="PASSED">
         <system-out><![CDATA[2018-03-15 08:15:28 - [TEST_CASE][PASSED] - Test Cases/Story 46 - Change Product/TC 8: Test Cases/Story 46 - Change Product/TC 8

2018-03-15 08:15:28 - [TEST_STEP][PASSED] - comment: Edit Harga Jual

2018-03-15 08:15:28 - [TEST_STEP][PASSED] - swipe: Swiped from 24,679 to 24,453

2018-03-15 08:15:28 - [MESSAGE][PASSED] - Swiped from 24,679 to 24,453

2018-03-15 08:15:29 - [TEST_STEP][PASSED] - tap: Tapped on element 'Object Repository/Sidebar Menu/Operasional/Stock/Tambah Barang/Harga Jual - TextBox'

2018-03-15 08:15:30 - [MESSAGE][PASSED] - Tapped on element 'Object Repository/Sidebar Menu/Operasional/Stock/Tambah Barang/Harga Jual - TextBox'

2018-03-15 08:15:30 - [TEST_STEP][PASSED] - clearText: Element 'Object Repository/Sidebar Menu/Operasional/Stock/Tambah Barang/Harga Jual - TextBox' text is cleared

2018-03-15 08:15:36 - [MESSAGE][PASSED] - Element 'Object Repository/Sidebar Menu/Operasional/Stock/Tambah Barang/Harga Jual - TextBox' text is cleared

2018-03-15 08:15:36 - [TEST_STEP][PASSED] - setText: Text '50000' has been set to element 'Object Repository/Sidebar Menu/Operasional/Stock/Tambah Barang/Harga Jual - TextBox'

2018-03-15 08:15:51 - [MESSAGE][PASSED] - Text '50000' has been set to element 'Object Repository/Sidebar Menu/Operasional/Stock/Tambah Barang/Harga Jual - TextBox'

2018-03-15 08:15:51 - [TEST_STEP][PASSED] - verifyElementText: Actual text and expected text of test object 'Object Repository/Sidebar Menu/Operasional/Stock/Tambah Barang/Harga Jual - TextBox' are matched.

2018-03-15 08:15:52 - [MESSAGE][PASSED] - Actual text and expected text of test object 'Object Repository/Sidebar Menu/Operasional/Stock/Tambah Barang/Harga Jual - TextBox' are matched.

2018-03-15 08:15:52 - [TEST_STEP][PASSED] - hideKeyboard: Keyboard is hidden

2018-03-15 08:15:52 - [MESSAGE][PASSED] - Keyboard is hidden]]></system-out>
         <system-err><![CDATA[]]></system-err>
      </testcase>
      <testcase name="Test Cases/Story 46 - Change Product/TC 9" classname="Test Cases/Story 46 - Change Product/TC 9" status="PASSED">
         <system-out><![CDATA[2018-03-15 08:15:53 - [TEST_CASE][PASSED] - Test Cases/Story 46 - Change Product/TC 9: Test Cases/Story 46 - Change Product/TC 9

2018-03-15 08:15:53 - [TEST_STEP][PASSED] - comment: Ubah Nominal Diskon

2018-03-15 08:15:53 - [TEST_STEP][PASSED] - tap: Tapped on element 'Object Repository/Sidebar Menu/Operasional/Stock/Tambah Barang/Nominal Diskon- TextBox'

2018-03-15 08:15:54 - [MESSAGE][PASSED] - Tapped on element 'Object Repository/Sidebar Menu/Operasional/Stock/Tambah Barang/Nominal Diskon- TextBox'

2018-03-15 08:15:54 - [TEST_STEP][PASSED] - setText: Text '12000' has been set to element 'Object Repository/Sidebar Menu/Operasional/Stock/Tambah Barang/Nominal Diskon- TextBox'

2018-03-15 08:16:08 - [MESSAGE][PASSED] - Text '12000' has been set to element 'Object Repository/Sidebar Menu/Operasional/Stock/Tambah Barang/Nominal Diskon- TextBox'

2018-03-15 08:16:08 - [TEST_STEP][PASSED] - verifyElementText: Actual text and expected text of test object 'Object Repository/Sidebar Menu/Operasional/Stock/Tambah Barang/Nominal Diskon- TextBox' are matched.

2018-03-15 08:16:09 - [MESSAGE][PASSED] - Actual text and expected text of test object 'Object Repository/Sidebar Menu/Operasional/Stock/Tambah Barang/Nominal Diskon- TextBox' are matched.

2018-03-15 08:16:09 - [TEST_STEP][PASSED] - hideKeyboard: Keyboard is hidden

2018-03-15 08:16:10 - [MESSAGE][PASSED] - Keyboard is hidden

2018-03-15 08:16:10 - [TEST_STEP][PASSED] - delay: Delayed 5 second(s)

2018-03-15 08:16:15 - [MESSAGE][PASSED] - Delayed 5 second(s)]]></system-out>
         <system-err><![CDATA[]]></system-err>
      </testcase>
      <testcase name="Test Cases/Story 46 - Change Product/TC 10" classname="Test Cases/Story 46 - Change Product/TC 10" status="PASSED">
         <system-out><![CDATA[2018-03-15 08:16:15 - [TEST_CASE][PASSED] - Test Cases/Story 46 - Change Product/TC 10: Test Cases/Story 46 - Change Product/TC 10

2018-03-15 08:16:15 - [TEST_STEP][PASSED] - comment: Ubah Persentase Diskon

2018-03-15 08:16:15 - [TEST_STEP][PASSED] - clearText: Element 'Object Repository/Sidebar Menu/Operasional/Stock/Tambah Barang/Persentase Diskon - TextBox' text is cleared

2018-03-15 08:16:17 - [MESSAGE][PASSED] - Element 'Object Repository/Sidebar Menu/Operasional/Stock/Tambah Barang/Persentase Diskon - TextBox' text is cleared

2018-03-15 08:16:17 - [TEST_STEP][PASSED] - setText: Text '20' has been set to element 'Object Repository/Sidebar Menu/Operasional/Stock/Tambah Barang/Persentase Diskon - TextBox'

2018-03-15 08:16:32 - [MESSAGE][PASSED] - Text '20' has been set to element 'Object Repository/Sidebar Menu/Operasional/Stock/Tambah Barang/Persentase Diskon - TextBox'

2018-03-15 08:16:32 - [TEST_STEP][PASSED] - verifyElementText: Actual text and expected text of test object 'Object Repository/Sidebar Menu/Operasional/Stock/Tambah Barang/Persentase Diskon - TextBox' are matched.

2018-03-15 08:16:33 - [MESSAGE][PASSED] - Actual text and expected text of test object 'Object Repository/Sidebar Menu/Operasional/Stock/Tambah Barang/Persentase Diskon - TextBox' are matched.

2018-03-15 08:16:33 - [TEST_STEP][PASSED] - hideKeyboard: Keyboard is hidden

2018-03-15 08:16:33 - [MESSAGE][PASSED] - Keyboard is hidden

2018-03-15 08:16:33 - [TEST_STEP][PASSED] - pressBack: Press back button successfully

2018-03-15 08:16:34 - [MESSAGE][PASSED] - Press back button successfully

2018-03-15 08:16:34 - [TEST_STEP][PASSED] - tap: Tapped on element 'Object Repository/Sidebar Menu/Operasional/Stock/Detail Barang/Batal Button'

2018-03-15 08:16:35 - [MESSAGE][PASSED] - Tapped on element 'Object Repository/Sidebar Menu/Operasional/Stock/Detail Barang/Batal Button'

2018-03-15 08:16:35 - [TEST_STEP][PASSED] - delay: Delayed 5 second(s)

2018-03-15 08:16:40 - [MESSAGE][PASSED] - Delayed 5 second(s)]]></system-out>
         <system-err><![CDATA[]]></system-err>
      </testcase>
      <testcase name="Test Cases/Story 46 - Change Product/TC 11" classname="Test Cases/Story 46 - Change Product/TC 11" status="PASSED">
         <system-out><![CDATA[2018-03-15 08:16:40 - [TEST_CASE][PASSED] - Test Cases/Story 46 - Change Product/TC 11: Test Cases/Story 46 - Change Product/TC 11

2018-03-15 08:16:40 - [TEST_STEP][PASSED] - comment: Ubah Nominal Diskon > Harga Jual

2018-03-15 08:16:40 - [TEST_STEP][PASSED] - tap: Tapped on element 'Object Repository/Sidebar Menu/Operasional/Stock/Tambah Barang/Nominal Diskon- TextBox'

2018-03-15 08:16:41 - [MESSAGE][PASSED] - Tapped on element 'Object Repository/Sidebar Menu/Operasional/Stock/Tambah Barang/Nominal Diskon- TextBox'

2018-03-15 08:16:41 - [TEST_STEP][PASSED] - setText: Text '55000' has been set to element 'Object Repository/Sidebar Menu/Operasional/Stock/Tambah Barang/Nominal Diskon- TextBox'

2018-03-15 08:16:53 - [MESSAGE][PASSED] - Text '55000' has been set to element 'Object Repository/Sidebar Menu/Operasional/Stock/Tambah Barang/Nominal Diskon- TextBox'

2018-03-15 08:16:53 - [TEST_STEP][PASSED] - verifyElementText: Actual text and expected text of test object 'Object Repository/Sidebar Menu/Operasional/Stock/Tambah Barang/Nominal Diskon- TextBox' are matched.

2018-03-15 08:16:54 - [MESSAGE][PASSED] - Actual text and expected text of test object 'Object Repository/Sidebar Menu/Operasional/Stock/Tambah Barang/Nominal Diskon- TextBox' are matched.

2018-03-15 08:16:54 - [TEST_STEP][PASSED] - hideKeyboard: Keyboard is hidden

2018-03-15 08:16:55 - [MESSAGE][PASSED] - Keyboard is hidden

2018-03-15 08:16:55 - [TEST_STEP][PASSED] - clearText: Element 'Object Repository/Sidebar Menu/Operasional/Stock/Tambah Barang/Nominal Diskon- TextBox' text is cleared

2018-03-15 08:16:57 - [MESSAGE][PASSED] - Element 'Object Repository/Sidebar Menu/Operasional/Stock/Tambah Barang/Nominal Diskon- TextBox' text is cleared

2018-03-15 08:16:57 - [TEST_STEP][PASSED] - setText: Text '12000' has been set to element 'Object Repository/Sidebar Menu/Operasional/Stock/Tambah Barang/Nominal Diskon- TextBox'

2018-03-15 08:17:12 - [MESSAGE][PASSED] - Text '12000' has been set to element 'Object Repository/Sidebar Menu/Operasional/Stock/Tambah Barang/Nominal Diskon- TextBox'

2018-03-15 08:17:12 - [TEST_STEP][PASSED] - verifyElementText: Actual text and expected text of test object 'Object Repository/Sidebar Menu/Operasional/Stock/Tambah Barang/Nominal Diskon- TextBox' are matched.

2018-03-15 08:17:13 - [MESSAGE][PASSED] - Actual text and expected text of test object 'Object Repository/Sidebar Menu/Operasional/Stock/Tambah Barang/Nominal Diskon- TextBox' are matched.

2018-03-15 08:17:13 - [TEST_STEP][PASSED] - hideKeyboard: Keyboard is hidden

2018-03-15 08:17:13 - [MESSAGE][PASSED] - Keyboard is hidden

2018-03-15 08:17:13 - [TEST_STEP][PASSED] - delay: Delayed 5 second(s)

2018-03-15 08:17:18 - [MESSAGE][PASSED] - Delayed 5 second(s)]]></system-out>
         <system-err><![CDATA[]]></system-err>
      </testcase>
      <testcase name="Test Cases/Story 46 - Change Product/TC 12" classname="Test Cases/Story 46 - Change Product/TC 12" status="PASSED">
         <system-out><![CDATA[2018-03-15 08:17:18 - [TEST_CASE][PASSED] - Test Cases/Story 46 - Change Product/TC 12: Test Cases/Story 46 - Change Product/TC 12

2018-03-15 08:17:19 - [TEST_STEP][PASSED] - delay: Delayed 5 second(s)

2018-03-15 08:17:24 - [MESSAGE][PASSED] - Delayed 5 second(s)

2018-03-15 08:17:24 - [TEST_STEP][PASSED] - pressBack: Press back button successfully

2018-03-15 08:17:24 - [MESSAGE][PASSED] - Press back button successfully

2018-03-15 08:17:24 - [TEST_STEP][PASSED] - tap: Tapped on element 'Object Repository/Sidebar Menu/Operasional/Stock/Detail Barang/Batal Button'

2018-03-15 08:17:25 - [MESSAGE][PASSED] - Tapped on element 'Object Repository/Sidebar Menu/Operasional/Stock/Detail Barang/Batal Button']]></system-out>
         <system-err><![CDATA[]]></system-err>
      </testcase>
      <testcase name="Test Cases/Story 46 - Change Product/TC 13" classname="Test Cases/Story 46 - Change Product/TC 13" status="PASSED">
         <system-out><![CDATA[2018-03-15 08:17:25 - [TEST_CASE][PASSED] - Test Cases/Story 46 - Change Product/TC 13: Test Cases/Story 46 - Change Product/TC 13

2018-03-15 08:17:25 - [TEST_STEP][PASSED] - delay: Delayed 5 second(s)

2018-03-15 08:17:30 - [MESSAGE][PASSED] - Delayed 5 second(s)

2018-03-15 08:17:30 - [TEST_STEP][PASSED] - tap: Tapped on element 'Object Repository/Sidebar Menu/Operasional/Stock/Detail Barang/Simpan'

2018-03-15 08:17:31 - [MESSAGE][PASSED] - Tapped on element 'Object Repository/Sidebar Menu/Operasional/Stock/Detail Barang/Simpan'

2018-03-15 08:17:31 - [TEST_STEP][PASSED] - closeApplication: Close app successfully

2018-03-15 08:17:34 - [MESSAGE][PASSED] - Close app successfully]]></system-out>
         <system-err><![CDATA[]]></system-err>
      </testcase>
      <system-out><![CDATA[2018-03-15 08:12:54 - [TEST_SUITE][PASSED] - Story 46: Test Cases/Story 46 - Change Product/TC 13]]></system-out>
      <system-err><![CDATA[]]></system-err>
   </testsuite>
</testsuites>
