<?xml version="1.0" encoding="UTF-8"?>
<testsuites name="Story 41 - Paralel" time="123" tests="0" failures="1" errors="0">
   <testsuite name="Story 41 - Paralel" tests="0" failures="1" errors="0" time="123" timestamp="2018-01-11 15:56:52" hostname="AV2017005903 - NB17Q7U8IT.corp.bankbtpn.co.id" id="Test Suites/Story 41 - Paralel">
      <properties>
         <property name="deviceName" value="samsung SM-N9005 5.0"/>
         <property name="devicePlatform" value=""/>
         <property name="logFolder" value="C:\\Users\\AV2017005903\\Documents\\Appolo Test\\Reports\\Story 41 - Paralel\\20180111_155625"/>
         <property name="logFiles" value="C:\\Users\\AV2017005903\\Documents\\Appolo Test\\Reports\\Story 41 - Paralel\\20180111_155625\\appium.log, C:\\Users\\AV2017005903\\Documents\\Appolo Test\\Reports\\Story 41 - Paralel\\20180111_155625\\execution0.log"/>
         <property name="attachments" value=""/>
         <property name="hostName" value="AV2017005903 - NB17Q7U8IT.corp.bankbtpn.co.id"/>
         <property name="os" value="Windows 10 64bit"/>
         <property name="katalonVersion" value="5.0.0.1"/>
         <property name="deviceOS" value="Android"/>
         <property name="appiumVersion" value="1.6.3"/>
         <property name="deviceModel" value="SM-N9005"/>
         <property name="hostAddress" value="192.168.8.107"/>
         <property name="deviceManufacturer" value="samsung"/>
         <property name="deviceId" value="751361e7"/>
         <property name="deviceName" value="samsung SM-N9005 5.0"/>
         <property name="deviceOSVersion" value="5.0"/>
      </properties>
      <testcase name="Test Cases/41 - TC-All" classname="Test Cases/41 - TC-All" status="FAILED">
         <failure type="FAILED" message="Failed to tap on element 'Object Repository/Sidebar Menu/Operasional/Pengeluaran/TAMBAH CATATAN - Button' (Root cause: Object Object Repository/Sidebar Menu/Operasional/Pengeluaran/TAMBAH CATATAN - Button not found)"/>
         <system-out><![CDATA[2018-01-11 15:56:53 - [TEST_CASE][FAILED] - Test Cases/41 - TC-All: Test Cases/41 - TC-All FAILED because (of) Failed to tap on element 'Object Repository/Sidebar Menu/Operasional/Pengeluaran/TAMBAH CATATAN - Button' (Root cause: Object Object Repository/Sidebar Menu/Operasional/Pengeluaran/TAMBAH CATATAN - Button not found)

2018-01-11 15:56:55 - [TEST_STEP][PASSED] - startApplication: Started app at: 'D:\Project Apollo\APK Appolo\RetroSprint4.apk'

2018-01-11 15:58:29 - [MESSAGE][PASSED] - Started app at: 'D:\Project Apollo\APK Appolo\RetroSprint4.apk'

2018-01-11 15:58:29 - [TEST_STEP][PASSED] - tap: Tapped on element 'Object Repository/Sidebar Menu/Operasional/SidebarMenu'

2018-01-11 15:58:30 - [MESSAGE][PASSED] - Tapped on element 'Object Repository/Sidebar Menu/Operasional/SidebarMenu'

2018-01-11 15:58:30 - [TEST_STEP][PASSED] - tap: Tapped on element 'Object Repository/Sidebar Menu/Operasional/Operasional'

2018-01-11 15:58:32 - [MESSAGE][PASSED] - Tapped on element 'Object Repository/Sidebar Menu/Operasional/Operasional'

2018-01-11 15:58:32 - [TEST_STEP][PASSED] - tap: Tapped on element 'Object Repository/Sidebar Menu/Operasional/Pengeluaran/PengeluaranNavbar'

2018-01-11 15:58:35 - [MESSAGE][PASSED] - Tapped on element 'Object Repository/Sidebar Menu/Operasional/Pengeluaran/PengeluaranNavbar'

2018-01-11 15:58:35 - [TEST_STEP][PASSED] - waitForElementPresent: Element 'Object Repository/Sidebar Menu/Operasional/Pengeluaran/PengeluaranNavbar' is present

2018-01-11 15:58:35 - [MESSAGE][PASSED] - Element 'Object Repository/Sidebar Menu/Operasional/Pengeluaran/PengeluaranNavbar' is present

2018-01-11 15:58:35 - [TEST_STEP][FAILED] - tap: Failed to tap on element 'Object Repository/Sidebar Menu/Operasional/Pengeluaran/TAMBAH CATATAN - Button' (Root cause: Object Object Repository/Sidebar Menu/Operasional/Pengeluaran/TAMBAH CATATAN - Button not found)

2018-01-11 15:58:41 - [MESSAGE][FAILED] - Object Object Repository/Sidebar Menu/Operasional/Pengeluaran/TAMBAH CATATAN - Button not found

2018-01-11 15:58:41 - [MESSAGE][FAILED] - Failed to tap on element 'Object Repository/Sidebar Menu/Operasional/Pengeluaran/TAMBAH CATATAN - Button' (Root cause: Object Object Repository/Sidebar Menu/Operasional/Pengeluaran/TAMBAH CATATAN - Button not found)]]></system-out>
         <system-err><![CDATA[2018-01-11 15:56:53 - [TEST_CASE][FAILED] - Test Cases/41 - TC-All: Test Cases/41 - TC-All FAILED because (of) Failed to tap on element 'Object Repository/Sidebar Menu/Operasional/Pengeluaran/TAMBAH CATATAN - Button' (Root cause: Object Object Repository/Sidebar Menu/Operasional/Pengeluaran/TAMBAH CATATAN - Button not found)]]></system-err>
      </testcase>
      <system-out><![CDATA[2018-01-11 15:56:52 - [TEST_SUITE][FAILED] - Story 41 - Paralel: Test Cases/41 - TC-All FAILED because (of) Failed to tap on element 'Object Repository/Sidebar Menu/Operasional/Pengeluaran/TAMBAH CATATAN - Button' (Root cause: Object Object Repository/Sidebar Menu/Operasional/Pengeluaran/TAMBAH CATATAN - Button not found)]]></system-out>
      <system-err><![CDATA[2018-01-11 15:56:52 - [TEST_SUITE][FAILED] - Story 41 - Paralel: Test Cases/41 - TC-All FAILED because (of) Failed to tap on element 'Object Repository/Sidebar Menu/Operasional/Pengeluaran/TAMBAH CATATAN - Button' (Root cause: Object Object Repository/Sidebar Menu/Operasional/Pengeluaran/TAMBAH CATATAN - Button not found)]]></system-err>
   </testsuite>
</testsuites>
