<?xml version="1.0" encoding="UTF-8"?>
<testsuites name="BTPNAP-26 Kelola Stok" time="137" tests="1" failures="10" errors="0">
   <testsuite name="BTPNAP-26 Kelola Stok" tests="1" failures="10" errors="0" time="137" timestamp="2017-12-05 08:41:08" hostname="AV2017005903 - NB17Q7U8IT.corp.bankbtpn.co.id" id="Test Suites/BTPNAP-26 Kelola Stok">
      <properties>
         <property name="deviceName" value="samsung SM-J120G 5.1.1"/>
         <property name="devicePlatform" value=""/>
         <property name="logFolder" value="C:\\Users\\AV2017005903\\Documents\\Appolo Test\\Reports\\BTPNAP-26 Kelola Stok\\20171205_084106"/>
         <property name="logFiles" value="C:\\Users\\AV2017005903\\Documents\\Appolo Test\\Reports\\BTPNAP-26 Kelola Stok\\20171205_084106\\appium.log, C:\\Users\\AV2017005903\\Documents\\Appolo Test\\Reports\\BTPNAP-26 Kelola Stok\\20171205_084106\\execution0.log"/>
         <property name="attachments" value=""/>
         <property name="hostName" value="AV2017005903 - NB17Q7U8IT.corp.bankbtpn.co.id"/>
         <property name="os" value="Windows 10 64bit"/>
         <property name="katalonVersion" value="5.0.0.1"/>
         <property name="deviceOS" value="Android"/>
         <property name="appiumVersion" value="1.6.3"/>
         <property name="deviceModel" value="SM-J120G"/>
         <property name="hostAddress" value="192.168.8.103"/>
         <property name="deviceManufacturer" value="samsung"/>
         <property name="deviceId" value="32013479b25184c3"/>
         <property name="deviceName" value="samsung SM-J120G 5.1.1"/>
         <property name="deviceOSVersion" value="5.1.1"/>
      </properties>
      <testcase name="Test Cases/TC-1" classname="Test Cases/TC-1" status="FAILED">
         <failure type="FAILED" message="Failed to tap on element 'Object Repository/Transaksi/Stock/Stock View/CariProduk - View' (Root cause: Object Object Repository/Transaksi/Stock/Stock View/CariProduk - View not found)"/>
         <system-out><![CDATA[2017-12-05 08:41:08 - [TEST_CASE][FAILED] - Test Cases/TC-1: Test Cases/TC-1 FAILED because (of) Failed to tap on element 'Object Repository/Transaksi/Stock/Stock View/CariProduk - View' (Root cause: Object Object Repository/Transaksi/Stock/Stock View/CariProduk - View not found)

2017-12-05 08:41:09 - [TEST_STEP][PASSED] - startApplication: Started app at: 'D:\Project Apollo\Appolo Test\app-development-debug.apk'

2017-12-05 08:42:01 - [MESSAGE][PASSED] - Started app at: 'D:\Project Apollo\Appolo Test\app-development-debug.apk'

2017-12-05 08:42:01 - [TEST_STEP][FAILED] - tap: Failed to tap on element 'Object Repository/Transaksi/Stock/Stock View/CariProduk - View' (Root cause: Object Object Repository/Transaksi/Stock/Stock View/CariProduk - View not found)

2017-12-05 08:42:06 - [MESSAGE][FAILED] - Object Object Repository/Transaksi/Stock/Stock View/CariProduk - View not found

2017-12-05 08:42:06 - [MESSAGE][FAILED] - Failed to tap on element 'Object Repository/Transaksi/Stock/Stock View/CariProduk - View' (Root cause: Object Object Repository/Transaksi/Stock/Stock View/CariProduk - View not found)]]></system-out>
         <system-err><![CDATA[2017-12-05 08:41:08 - [TEST_CASE][FAILED] - Test Cases/TC-1: Test Cases/TC-1 FAILED because (of) Failed to tap on element 'Object Repository/Transaksi/Stock/Stock View/CariProduk - View' (Root cause: Object Object Repository/Transaksi/Stock/Stock View/CariProduk - View not found)]]></system-err>
      </testcase>
      <testcase name="Test Cases/TC-2" classname="Test Cases/TC-2" status="FAILED">
         <failure type="FAILED" message="Failed to tap on element 'Object Repository/Transaksi/Stock/Stock View/Kategori - Tab' (Root cause: Object Object Repository/Transaksi/Stock/Stock View/Kategori - Tab not found)"/>
         <system-out><![CDATA[2017-12-05 08:42:06 - [TEST_CASE][FAILED] - Test Cases/TC-2: Test Cases/TC-2 FAILED because (of) Failed to tap on element 'Object Repository/Transaksi/Stock/Stock View/Kategori - Tab' (Root cause: Object Object Repository/Transaksi/Stock/Stock View/Kategori - Tab not found)

2017-12-05 08:42:06 - [TEST_STEP][FAILED] - tap: Failed to tap on element 'Object Repository/Transaksi/Stock/Stock View/Kategori - Tab' (Root cause: Object Object Repository/Transaksi/Stock/Stock View/Kategori - Tab not found)

2017-12-05 08:42:12 - [MESSAGE][FAILED] - Object Object Repository/Transaksi/Stock/Stock View/Kategori - Tab not found

2017-12-05 08:42:12 - [MESSAGE][FAILED] - Failed to tap on element 'Object Repository/Transaksi/Stock/Stock View/Kategori - Tab' (Root cause: Object Object Repository/Transaksi/Stock/Stock View/Kategori - Tab not found)]]></system-out>
         <system-err><![CDATA[2017-12-05 08:42:06 - [TEST_CASE][FAILED] - Test Cases/TC-2: Test Cases/TC-2 FAILED because (of) Failed to tap on element 'Object Repository/Transaksi/Stock/Stock View/Kategori - Tab' (Root cause: Object Object Repository/Transaksi/Stock/Stock View/Kategori - Tab not found)]]></system-err>
      </testcase>
      <testcase name="Test Cases/TC-3" classname="Test Cases/TC-3" status="FAILED">
         <failure type="FAILED" message="Failed to tap on element 'Object Repository/Transaksi/Stock/Stock View/Kategori - Tab' (Root cause: Object Object Repository/Transaksi/Stock/Stock View/Kategori - Tab not found)"/>
         <system-out><![CDATA[2017-12-05 08:42:12 - [TEST_CASE][FAILED] - Test Cases/TC-3: Test Cases/TC-3 FAILED because (of) Failed to tap on element 'Object Repository/Transaksi/Stock/Stock View/Kategori - Tab' (Root cause: Object Object Repository/Transaksi/Stock/Stock View/Kategori - Tab not found)

2017-12-05 08:42:12 - [TEST_STEP][FAILED] - tap: Failed to tap on element 'Object Repository/Transaksi/Stock/Stock View/Kategori - Tab' (Root cause: Object Object Repository/Transaksi/Stock/Stock View/Kategori - Tab not found)

2017-12-05 08:42:17 - [MESSAGE][FAILED] - Object Object Repository/Transaksi/Stock/Stock View/Kategori - Tab not found

2017-12-05 08:42:17 - [MESSAGE][FAILED] - Failed to tap on element 'Object Repository/Transaksi/Stock/Stock View/Kategori - Tab' (Root cause: Object Object Repository/Transaksi/Stock/Stock View/Kategori - Tab not found)]]></system-out>
         <system-err><![CDATA[2017-12-05 08:42:12 - [TEST_CASE][FAILED] - Test Cases/TC-3: Test Cases/TC-3 FAILED because (of) Failed to tap on element 'Object Repository/Transaksi/Stock/Stock View/Kategori - Tab' (Root cause: Object Object Repository/Transaksi/Stock/Stock View/Kategori - Tab not found)]]></system-err>
      </testcase>
      <testcase name="Test Cases/TC-4" classname="Test Cases/TC-4" status="FAILED">
         <failure type="FAILED" message="Failed to clear text of element (Root cause: Element 'Object Repository/Transaksi/Stock/Stock View/CariProduk - View' not found)"/>
         <system-out><![CDATA[2017-12-05 08:42:17 - [TEST_CASE][FAILED] - Test Cases/TC-4: Test Cases/TC-4 FAILED because (of) Failed to clear text of element (Root cause: Element 'Object Repository/Transaksi/Stock/Stock View/CariProduk - View' not found)

2017-12-05 08:42:17 - [TEST_STEP][FAILED] - clearText: Failed to clear text of element (Root cause: Element 'Object Repository/Transaksi/Stock/Stock View/CariProduk - View' not found)

2017-12-05 08:42:22 - [MESSAGE][FAILED] - Element 'Object Repository/Transaksi/Stock/Stock View/CariProduk - View' not found

2017-12-05 08:42:22 - [MESSAGE][FAILED] - Failed to clear text of element (Root cause: Element 'Object Repository/Transaksi/Stock/Stock View/CariProduk - View' not found)]]></system-out>
         <system-err><![CDATA[2017-12-05 08:42:17 - [TEST_CASE][FAILED] - Test Cases/TC-4: Test Cases/TC-4 FAILED because (of) Failed to clear text of element (Root cause: Element 'Object Repository/Transaksi/Stock/Stock View/CariProduk - View' not found)]]></system-err>
      </testcase>
      <testcase name="Test Cases/TC-5" classname="Test Cases/TC-5" status="FAILED">
         <failure type="FAILED" message="Failed to clear text of element (Root cause: Element 'Object Repository/Transaksi/Stock/Stock View/CariProduk - View' not found)"/>
         <system-out><![CDATA[2017-12-05 08:42:22 - [TEST_CASE][FAILED] - Test Cases/TC-5: Test Cases/TC-5 FAILED because (of) Failed to clear text of element (Root cause: Element 'Object Repository/Transaksi/Stock/Stock View/CariProduk - View' not found)

2017-12-05 08:42:22 - [TEST_STEP][FAILED] - clearText: Failed to clear text of element (Root cause: Element 'Object Repository/Transaksi/Stock/Stock View/CariProduk - View' not found)

2017-12-05 08:42:28 - [MESSAGE][FAILED] - Element 'Object Repository/Transaksi/Stock/Stock View/CariProduk - View' not found

2017-12-05 08:42:28 - [MESSAGE][FAILED] - Failed to clear text of element (Root cause: Element 'Object Repository/Transaksi/Stock/Stock View/CariProduk - View' not found)]]></system-out>
         <system-err><![CDATA[2017-12-05 08:42:22 - [TEST_CASE][FAILED] - Test Cases/TC-5: Test Cases/TC-5 FAILED because (of) Failed to clear text of element (Root cause: Element 'Object Repository/Transaksi/Stock/Stock View/CariProduk - View' not found)]]></system-err>
      </testcase>
      <testcase name="Test Cases/TC-6" classname="Test Cases/TC-6" status="FAILED">
         <failure type="FAILED" message="Failed to clear text of element (Root cause: Element 'Object Repository/Transaksi/Stock/Stock View/CariProduk - View' not found)"/>
         <system-out><![CDATA[2017-12-05 08:42:28 - [TEST_CASE][FAILED] - Test Cases/TC-6: Test Cases/TC-6 FAILED because (of) Failed to clear text of element (Root cause: Element 'Object Repository/Transaksi/Stock/Stock View/CariProduk - View' not found)

2017-12-05 08:42:28 - [TEST_STEP][FAILED] - clearText: Failed to clear text of element (Root cause: Element 'Object Repository/Transaksi/Stock/Stock View/CariProduk - View' not found)

2017-12-05 08:42:33 - [MESSAGE][FAILED] - Element 'Object Repository/Transaksi/Stock/Stock View/CariProduk - View' not found

2017-12-05 08:42:33 - [MESSAGE][FAILED] - Failed to clear text of element (Root cause: Element 'Object Repository/Transaksi/Stock/Stock View/CariProduk - View' not found)]]></system-out>
         <system-err><![CDATA[2017-12-05 08:42:28 - [TEST_CASE][FAILED] - Test Cases/TC-6: Test Cases/TC-6 FAILED because (of) Failed to clear text of element (Root cause: Element 'Object Repository/Transaksi/Stock/Stock View/CariProduk - View' not found)]]></system-err>
      </testcase>
      <testcase name="Test Cases/TC-7" classname="Test Cases/TC-7" status="FAILED">
         <failure type="FAILED" message="Failed to clear text of element (Root cause: Element 'Object Repository/Transaksi/Stock/Stock View/CariProduk - View' not found)"/>
         <system-out><![CDATA[2017-12-05 08:42:33 - [TEST_CASE][FAILED] - Test Cases/TC-7: Test Cases/TC-7 FAILED because (of) Failed to clear text of element (Root cause: Element 'Object Repository/Transaksi/Stock/Stock View/CariProduk - View' not found)

2017-12-05 08:42:33 - [TEST_STEP][FAILED] - clearText: Failed to clear text of element (Root cause: Element 'Object Repository/Transaksi/Stock/Stock View/CariProduk - View' not found)

2017-12-05 08:42:38 - [MESSAGE][FAILED] - Element 'Object Repository/Transaksi/Stock/Stock View/CariProduk - View' not found

2017-12-05 08:42:38 - [MESSAGE][FAILED] - Failed to clear text of element (Root cause: Element 'Object Repository/Transaksi/Stock/Stock View/CariProduk - View' not found)]]></system-out>
         <system-err><![CDATA[2017-12-05 08:42:33 - [TEST_CASE][FAILED] - Test Cases/TC-7: Test Cases/TC-7 FAILED because (of) Failed to clear text of element (Root cause: Element 'Object Repository/Transaksi/Stock/Stock View/CariProduk - View' not found)]]></system-err>
      </testcase>
      <testcase name="Test Cases/TC-8" classname="Test Cases/TC-8" status="FAILED">
         <failure type="FAILED" message="Failed to clear text of element (Root cause: Element 'Object Repository/Transaksi/Stock/Stock View/CariProduk - View' not found)"/>
         <system-out><![CDATA[2017-12-05 08:42:38 - [TEST_CASE][FAILED] - Test Cases/TC-8: Test Cases/TC-8 FAILED because (of) Failed to clear text of element (Root cause: Element 'Object Repository/Transaksi/Stock/Stock View/CariProduk - View' not found)

2017-12-05 08:42:38 - [TEST_STEP][FAILED] - clearText: Failed to clear text of element (Root cause: Element 'Object Repository/Transaksi/Stock/Stock View/CariProduk - View' not found)

2017-12-05 08:42:44 - [MESSAGE][FAILED] - Element 'Object Repository/Transaksi/Stock/Stock View/CariProduk - View' not found

2017-12-05 08:42:44 - [MESSAGE][FAILED] - Failed to clear text of element (Root cause: Element 'Object Repository/Transaksi/Stock/Stock View/CariProduk - View' not found)]]></system-out>
         <system-err><![CDATA[2017-12-05 08:42:38 - [TEST_CASE][FAILED] - Test Cases/TC-8: Test Cases/TC-8 FAILED because (of) Failed to clear text of element (Root cause: Element 'Object Repository/Transaksi/Stock/Stock View/CariProduk - View' not found)]]></system-err>
      </testcase>
      <testcase name="Test Cases/TC-9" classname="Test Cases/TC-9" status="FAILED">
         <failure type="FAILED" message="Failed to tap on element 'Object Repository/Transaksi/Stock/Stock View/Terapkan - Kategori Btn' (Root cause: Object Object Repository/Transaksi/Stock/Stock View/Terapkan - Kategori Btn not found)"/>
         <system-out><![CDATA[2017-12-05 08:42:44 - [TEST_CASE][FAILED] - Test Cases/TC-9: Test Cases/TC-9 FAILED because (of) Failed to tap on element 'Object Repository/Transaksi/Stock/Stock View/Terapkan - Kategori Btn' (Root cause: Object Object Repository/Transaksi/Stock/Stock View/Terapkan - Kategori Btn not found)

2017-12-05 08:42:44 - [TEST_STEP][FAILED] - tap: Failed to tap on element 'Object Repository/Transaksi/Stock/Stock View/Terapkan - Kategori Btn' (Root cause: Object Object Repository/Transaksi/Stock/Stock View/Terapkan - Kategori Btn not found)

2017-12-05 08:42:49 - [MESSAGE][FAILED] - Object Object Repository/Transaksi/Stock/Stock View/Terapkan - Kategori Btn not found

2017-12-05 08:42:49 - [MESSAGE][FAILED] - Failed to tap on element 'Object Repository/Transaksi/Stock/Stock View/Terapkan - Kategori Btn' (Root cause: Object Object Repository/Transaksi/Stock/Stock View/Terapkan - Kategori Btn not found)]]></system-out>
         <system-err><![CDATA[2017-12-05 08:42:44 - [TEST_CASE][FAILED] - Test Cases/TC-9: Test Cases/TC-9 FAILED because (of) Failed to tap on element 'Object Repository/Transaksi/Stock/Stock View/Terapkan - Kategori Btn' (Root cause: Object Object Repository/Transaksi/Stock/Stock View/Terapkan - Kategori Btn not found)]]></system-err>
      </testcase>
      <testcase name="Test Cases/TC-10" classname="Test Cases/TC-10" status="PASSED">
         <system-out><![CDATA[2017-12-05 08:42:49 - [TEST_CASE][PASSED] - Test Cases/TC-10: Test Cases/TC-10

2017-12-05 08:42:49 - [TEST_STEP][PASSED] - swipe: Swiped from 126,683 to 126,440

2017-12-05 08:42:54 - [MESSAGE][PASSED] - Swiped from 126,683 to 126,440

2017-12-05 08:42:56 - [TEST_STEP][PASSED] - swipe: Swiped from 126,683 to 126,440

2017-12-05 08:43:00 - [MESSAGE][PASSED] - Swiped from 126,683 to 126,440]]></system-out>
         <system-err><![CDATA[]]></system-err>
      </testcase>
      <testcase name="Test Cases/TC-11" classname="Test Cases/TC-11" status="FAILED">
         <failure type="FAILED" message="Failed to tap on element 'Object Repository/Transaksi/Stock/Stock View/TambahBarang - Btn' (Root cause: Object Object Repository/Transaksi/Stock/Stock View/TambahBarang - Btn not found)"/>
         <system-out><![CDATA[2017-12-05 08:43:04 - [TEST_CASE][FAILED] - Test Cases/TC-11: Test Cases/TC-11 FAILED because (of) Failed to tap on element 'Object Repository/Transaksi/Stock/Stock View/TambahBarang - Btn' (Root cause: Object Object Repository/Transaksi/Stock/Stock View/TambahBarang - Btn not found)

2017-12-05 08:43:04 - [TEST_STEP][PASSED] - delay: Delayed 0 second(s)

2017-12-05 08:43:05 - [MESSAGE][PASSED] - Delayed 0 second(s)

2017-12-05 08:43:05 - [TEST_STEP][FAILED] - tap: Failed to tap on element 'Object Repository/Transaksi/Stock/Stock View/TambahBarang - Btn' (Root cause: Object Object Repository/Transaksi/Stock/Stock View/TambahBarang - Btn not found)

2017-12-05 08:43:10 - [MESSAGE][FAILED] - Object Object Repository/Transaksi/Stock/Stock View/TambahBarang - Btn not found

2017-12-05 08:43:10 - [MESSAGE][FAILED] - Failed to tap on element 'Object Repository/Transaksi/Stock/Stock View/TambahBarang - Btn' (Root cause: Object Object Repository/Transaksi/Stock/Stock View/TambahBarang - Btn not found)]]></system-out>
         <system-err><![CDATA[2017-12-05 08:43:04 - [TEST_CASE][FAILED] - Test Cases/TC-11: Test Cases/TC-11 FAILED because (of) Failed to tap on element 'Object Repository/Transaksi/Stock/Stock View/TambahBarang - Btn' (Root cause: Object Object Repository/Transaksi/Stock/Stock View/TambahBarang - Btn not found)]]></system-err>
      </testcase>
      <system-out><![CDATA[2017-12-05 08:41:08 - [TEST_SUITE][FAILED] - BTPNAP-26 Kelola Stok: Test Cases/TC-1 FAILED because (of) Failed to tap on element 'Object Repository/Transaksi/Stock/Stock View/CariProduk - View' (Root cause: Object Object Repository/Transaksi/Stock/Stock View/CariProduk - View not found)]]></system-out>
      <system-err><![CDATA[2017-12-05 08:41:08 - [TEST_SUITE][FAILED] - BTPNAP-26 Kelola Stok: Test Cases/TC-1 FAILED because (of) Failed to tap on element 'Object Repository/Transaksi/Stock/Stock View/CariProduk - View' (Root cause: Object Object Repository/Transaksi/Stock/Stock View/CariProduk - View not found)]]></system-err>
   </testsuite>
</testsuites>
