<?xml version="1.0" encoding="UTF-8"?>
<testsuites name="Sprint 2" time="546" tests="1" failures="3" errors="0">
   <testsuite name="Sprint 2" tests="1" failures="3" errors="0" time="546" timestamp="2018-02-27 09:56:03" hostname="AV2017005903 - NBMP18A211ITSQA.corp.bankbtpn.co.id" id="Test Suites/Sprint 2">
      <properties>
         <property name="deviceName" value="asus ASUS_X014D 5.1.1"/>
         <property name="devicePlatform" value=""/>
         <property name="logFolder" value="C:\\Users\\AV2017005903\\Documents\\apollo-automation\\Reports\\Sprint 2\\20180227_095601"/>
         <property name="logFiles" value="C:\\Users\\AV2017005903\\Documents\\apollo-automation\\Reports\\Sprint 2\\20180227_095601\\appium.log, C:\\Users\\AV2017005903\\Documents\\apollo-automation\\Reports\\Sprint 2\\20180227_095601\\execution0.log"/>
         <property name="attachments" value=""/>
         <property name="hostName" value="AV2017005903 - NBMP18A211ITSQA.corp.bankbtpn.co.id"/>
         <property name="os" value="Windows 10 64bit"/>
         <property name="katalonVersion" value="5.0.0.1"/>
         <property name="deviceOS" value="Android"/>
         <property name="appiumVersion" value="1.6.5"/>
         <property name="deviceModel" value="ASUS_X014D"/>
         <property name="hostAddress" value="192.168.17.200"/>
         <property name="deviceManufacturer" value="asus"/>
         <property name="deviceId" value="GBAXGV411465ERX"/>
         <property name="deviceName" value="asus ASUS_X014D 5.1.1"/>
         <property name="deviceOSVersion" value="5.1.1"/>
      </properties>
      <testcase name="Test Cases/Sprint 2/28 - TC-All" classname="Test Cases/Sprint 2/28 - TC-All" status="PASSED">
         <system-out><![CDATA[2018-02-27 09:56:03 - [TEST_CASE][PASSED] - Test Cases/Sprint 2/28 - TC-All: Test Cases/Sprint 2/28 - TC-All

2018-02-27 09:56:04 - [TEST_STEP][PASSED] - comment: Start Story 28

2018-02-27 09:56:04 - [TEST_STEP][PASSED] - Statement - apkPath = com.kms.katalon.core.util.internal.PathUtil.relativeToAbsolutePath(apkName, com.kms.katalon.core.configuration.RunConfiguration.getProjectDir()): null

2018-02-27 09:56:04 - [TEST_STEP][PASSED] - startApplication: Started app at: 'C:\Users\AV2017005903\Documents\apollo-automation\Regression_24Februari_PakAnka.apk'

2018-02-27 09:56:29 - [MESSAGE][PASSED] - Started app at: 'C:\Users\AV2017005903\Documents\apollo-automation\Regression_24Februari_PakAnka.apk'

2018-02-27 09:56:29 - [TEST_STEP][PASSED] - tap: Tapped on element 'Object Repository/Login/Daftar Sekarang - Belum Punya Akun'

2018-02-27 09:56:36 - [MESSAGE][PASSED] - Tapped on element 'Object Repository/Login/Daftar Sekarang - Belum Punya Akun'

2018-02-27 09:56:36 - [TEST_STEP][PASSED] - verifyElementExist: Element 'Object Repository/Login/Daftar Sekarang - Belum Punya Akun' is exist

2018-02-27 09:56:36 - [MESSAGE][PASSED] - Element 'Object Repository/Login/Daftar Sekarang - Belum Punya Akun' is exist

2018-02-27 09:56:36 - [TEST_STEP][NOT_RUN] - tap: NOT_RUN: tap

2018-02-27 09:56:36 - [MESSAGE][NOT_RUN] - NOT_RUN: tap

2018-02-27 09:56:36 - [TEST_STEP][NOT_RUN] - setText: NOT_RUN: setText

2018-02-27 09:56:36 - [MESSAGE][NOT_RUN] - NOT_RUN: setText

2018-02-27 09:56:36 - [TEST_STEP][NOT_RUN] - hideKeyboard: NOT_RUN: hideKeyboard

2018-02-27 09:56:36 - [MESSAGE][NOT_RUN] - NOT_RUN: hideKeyboard

2018-02-27 09:56:36 - [TEST_STEP][NOT_RUN] - tap: NOT_RUN: tap

2018-02-27 09:56:36 - [MESSAGE][NOT_RUN] - NOT_RUN: tap

2018-02-27 09:56:36 - [TEST_STEP][NOT_RUN] - waitForElementPresent: NOT_RUN: waitForElementPresent

2018-02-27 09:56:36 - [MESSAGE][NOT_RUN] - NOT_RUN: waitForElementPresent

2018-02-27 09:56:36 - [TEST_STEP][NOT_RUN] - tap: NOT_RUN: tap

2018-02-27 09:56:36 - [MESSAGE][NOT_RUN] - NOT_RUN: tap

2018-02-27 09:56:36 - [TEST_STEP][NOT_RUN] - setText: NOT_RUN: setText

2018-02-27 09:56:36 - [MESSAGE][NOT_RUN] - NOT_RUN: setText

2018-02-27 09:56:36 - [TEST_STEP][PASSED] - waitForElementPresent: Element 'Object Repository/Sidebar Menu/HamburgerButton' is present

2018-02-27 09:56:39 - [MESSAGE][PASSED] - Element 'Object Repository/Sidebar Menu/HamburgerButton' is present

2018-02-27 09:56:39 - [TEST_STEP][PASSED] - tap: Tapped on element 'Object Repository/Sidebar Menu/HamburgerButton'

2018-02-27 09:56:41 - [MESSAGE][PASSED] - Tapped on element 'Object Repository/Sidebar Menu/HamburgerButton'

2018-02-27 09:56:41 - [TEST_STEP][PASSED] - tap: Tapped on element 'Object Repository/Sidebar Menu/Operasional/Operasional - Sidebar Menu'

2018-02-27 09:56:43 - [MESSAGE][PASSED] - Tapped on element 'Object Repository/Sidebar Menu/Operasional/Operasional - Sidebar Menu'

2018-02-27 09:56:43 - [TEST_STEP][PASSED] - tap: Tapped on element 'Object Repository/Sidebar Menu/Operasional/Kasir/Kasir - Navbar'

2018-02-27 09:56:46 - [MESSAGE][PASSED] - Tapped on element 'Object Repository/Sidebar Menu/Operasional/Kasir/Kasir - Navbar'

2018-02-27 09:56:46 - [TEST_STEP][PASSED] - Statement - For (def index : (0..3)): Swiped from 0,642 to 0,399

2018-02-27 09:56:46 - [TEST_STEP][PASSED] - swipe: Swiped from 0,642 to 0,399

2018-02-27 09:56:47 - [MESSAGE][PASSED] - Swiped from 0,642 to 0,399

2018-02-27 09:56:47 - [TEST_STEP][PASSED] - swipe: Swiped from 0,642 to 0,399

2018-02-27 09:56:47 - [MESSAGE][PASSED] - Swiped from 0,642 to 0,399

2018-02-27 09:56:47 - [TEST_STEP][PASSED] - swipe: Swiped from 0,642 to 0,399

2018-02-27 09:56:48 - [MESSAGE][PASSED] - Swiped from 0,642 to 0,399

2018-02-27 09:56:48 - [TEST_STEP][PASSED] - swipe: Swiped from 0,642 to 0,399

2018-02-27 09:56:49 - [MESSAGE][PASSED] - Swiped from 0,642 to 0,399

2018-02-27 09:56:49 - [TEST_STEP][PASSED] - delay: Delayed 5 second(s)

2018-02-27 09:56:54 - [MESSAGE][PASSED] - Delayed 5 second(s)

2018-02-27 09:56:54 - [TEST_STEP][PASSED] - tap: Tapped on element 'Object Repository/Sidebar Menu/Operasional/Kasir/Cari Produk'

2018-02-27 09:56:55 - [MESSAGE][PASSED] - Tapped on element 'Object Repository/Sidebar Menu/Operasional/Kasir/Cari Produk'

2018-02-27 09:56:55 - [TEST_STEP][PASSED] - setText: Text 'apple' has been set to element 'Object Repository/Sidebar Menu/Operasional/Kasir/Cari Produk'

2018-02-27 09:57:06 - [MESSAGE][PASSED] - Text 'apple' has been set to element 'Object Repository/Sidebar Menu/Operasional/Kasir/Cari Produk'

2018-02-27 09:57:06 - [TEST_STEP][PASSED] - verifyElementText: Actual text and expected text of test object 'Object Repository/Sidebar Menu/Operasional/Kasir/Cari Produk' are matched.

2018-02-27 09:57:07 - [MESSAGE][PASSED] - Actual text and expected text of test object 'Object Repository/Sidebar Menu/Operasional/Kasir/Cari Produk' are matched.

2018-02-27 09:57:07 - [TEST_STEP][PASSED] - clearText: Element 'Object Repository/Sidebar Menu/Operasional/Kasir/Cari Produk' text is cleared

2018-02-27 09:57:10 - [MESSAGE][PASSED] - Element 'Object Repository/Sidebar Menu/Operasional/Kasir/Cari Produk' text is cleared

2018-02-27 09:57:10 - [TEST_STEP][PASSED] - setText: Text 'da vinci' has been set to element 'Object Repository/Sidebar Menu/Operasional/Kasir/Cari Produk'

2018-02-27 09:57:20 - [MESSAGE][PASSED] - Text 'da vinci' has been set to element 'Object Repository/Sidebar Menu/Operasional/Kasir/Cari Produk'

2018-02-27 09:57:20 - [TEST_STEP][PASSED] - verifyElementText: Actual text and expected text of test object 'Object Repository/Sidebar Menu/Operasional/Kasir/Cari Produk' are matched.

2018-02-27 09:57:21 - [MESSAGE][PASSED] - Actual text and expected text of test object 'Object Repository/Sidebar Menu/Operasional/Kasir/Cari Produk' are matched.

2018-02-27 09:57:21 - [TEST_STEP][PASSED] - clearText: Element 'Object Repository/Sidebar Menu/Operasional/Kasir/Cari Produk' text is cleared

2018-02-27 09:57:24 - [MESSAGE][PASSED] - Element 'Object Repository/Sidebar Menu/Operasional/Kasir/Cari Produk' text is cleared

2018-02-27 09:57:24 - [TEST_STEP][PASSED] - setText: Text 'asu' has been set to element 'Object Repository/Sidebar Menu/Operasional/Kasir/Cari Produk'

2018-02-27 09:57:33 - [MESSAGE][PASSED] - Text 'asu' has been set to element 'Object Repository/Sidebar Menu/Operasional/Kasir/Cari Produk'

2018-02-27 09:57:33 - [TEST_STEP][PASSED] - verifyElementText: Actual text and expected text of test object 'Object Repository/Sidebar Menu/Operasional/Kasir/Cari Produk' are matched.

2018-02-27 09:57:34 - [MESSAGE][PASSED] - Actual text and expected text of test object 'Object Repository/Sidebar Menu/Operasional/Kasir/Cari Produk' are matched.

2018-02-27 09:57:34 - [TEST_STEP][PASSED] - clearText: Element 'Object Repository/Sidebar Menu/Operasional/Kasir/Cari Produk' text is cleared

2018-02-27 09:57:37 - [MESSAGE][PASSED] - Element 'Object Repository/Sidebar Menu/Operasional/Kasir/Cari Produk' text is cleared

2018-02-27 09:57:37 - [TEST_STEP][PASSED] - setText: Text 'as' has been set to element 'Object Repository/Sidebar Menu/Operasional/Kasir/Cari Produk'

2018-02-27 09:57:46 - [MESSAGE][PASSED] - Text 'as' has been set to element 'Object Repository/Sidebar Menu/Operasional/Kasir/Cari Produk'

2018-02-27 09:57:46 - [TEST_STEP][PASSED] - verifyElementText: Actual text and expected text of test object 'Object Repository/Sidebar Menu/Operasional/Kasir/Cari Produk' are matched.

2018-02-27 09:57:47 - [MESSAGE][PASSED] - Actual text and expected text of test object 'Object Repository/Sidebar Menu/Operasional/Kasir/Cari Produk' are matched.

2018-02-27 09:57:47 - [TEST_STEP][PASSED] - hideKeyboard: Keyboard is hidden

2018-02-27 09:57:48 - [MESSAGE][PASSED] - Keyboard is hidden

2018-02-27 09:57:48 - [TEST_STEP][PASSED] - clearText: Element 'Object Repository/Sidebar Menu/Operasional/Kasir/Cari Produk' text is cleared

2018-02-27 09:57:53 - [MESSAGE][PASSED] - Element 'Object Repository/Sidebar Menu/Operasional/Kasir/Cari Produk' text is cleared

2018-02-27 09:57:53 - [TEST_STEP][PASSED] - setText: Text 'lontong' has been set to element 'Object Repository/Sidebar Menu/Operasional/Kasir/Cari Produk'

2018-02-27 09:58:01 - [MESSAGE][PASSED] - Text 'lontong' has been set to element 'Object Repository/Sidebar Menu/Operasional/Kasir/Cari Produk'

2018-02-27 09:58:01 - [TEST_STEP][PASSED] - verifyElementText: Actual text and expected text of test object 'Object Repository/Sidebar Menu/Operasional/Kasir/Cari Produk' are matched.

2018-02-27 09:58:02 - [MESSAGE][PASSED] - Actual text and expected text of test object 'Object Repository/Sidebar Menu/Operasional/Kasir/Cari Produk' are matched.

2018-02-27 09:58:02 - [TEST_STEP][PASSED] - delay: Delayed 5 second(s)

2018-02-27 09:58:07 - [MESSAGE][PASSED] - Delayed 5 second(s)

2018-02-27 09:58:07 - [TEST_STEP][PASSED] - tap: Tapped on element 'Object Repository/Sidebar Menu/Operasional/Kasir/Cari Produk'

2018-02-27 09:58:07 - [MESSAGE][PASSED] - Tapped on element 'Object Repository/Sidebar Menu/Operasional/Kasir/Cari Produk'

2018-02-27 09:58:07 - [TEST_STEP][PASSED] - clearText: Element 'Object Repository/Sidebar Menu/Operasional/Kasir/Cari Produk' text is cleared

2018-02-27 09:58:12 - [MESSAGE][PASSED] - Element 'Object Repository/Sidebar Menu/Operasional/Kasir/Cari Produk' text is cleared

2018-02-27 09:58:12 - [TEST_STEP][PASSED] - waitForElementPresent: Element 'Object Repository/Sidebar Menu/Operasional/Stock/Stock View/Semua Kategori - Drop Down' is present

2018-02-27 09:58:13 - [MESSAGE][PASSED] - Element 'Object Repository/Sidebar Menu/Operasional/Stock/Stock View/Semua Kategori - Drop Down' is present

2018-02-27 09:58:13 - [TEST_STEP][PASSED] - tap: Tapped on element 'Object Repository/Sidebar Menu/Operasional/Stock/Stock View/Semua Kategori - Drop Down'

2018-02-27 09:58:13 - [MESSAGE][PASSED] - Tapped on element 'Object Repository/Sidebar Menu/Operasional/Stock/Stock View/Semua Kategori - Drop Down'

2018-02-27 09:58:13 - [TEST_STEP][PASSED] - delay: Delayed 5 second(s)

2018-02-27 09:58:18 - [MESSAGE][PASSED] - Delayed 5 second(s)

2018-02-27 09:58:18 - [TEST_STEP][PASSED] - Statement - For (def index : (0..2)): Swiped from 30,541 to 30,257

2018-02-27 09:58:18 - [TEST_STEP][PASSED] - swipe: Swiped from 30,541 to 30,257

2018-02-27 09:58:19 - [MESSAGE][PASSED] - Swiped from 30,541 to 30,257

2018-02-27 09:58:19 - [TEST_STEP][PASSED] - swipe: Swiped from 30,541 to 30,257

2018-02-27 09:58:19 - [MESSAGE][PASSED] - Swiped from 30,541 to 30,257

2018-02-27 09:58:20 - [TEST_STEP][PASSED] - swipe: Swiped from 30,541 to 30,257

2018-02-27 09:58:20 - [MESSAGE][PASSED] - Swiped from 30,541 to 30,257

2018-02-27 09:58:20 - [TEST_STEP][PASSED] - tap: Tapped on element 'Object Repository/Sidebar Menu/Operasional/Stock/Stock View/Terapkan - Select Kategori'

2018-02-27 09:58:21 - [MESSAGE][PASSED] - Tapped on element 'Object Repository/Sidebar Menu/Operasional/Stock/Stock View/Terapkan - Select Kategori'

2018-02-27 09:58:21 - [TEST_STEP][PASSED] - delay: Delayed 0 second(s)

2018-02-27 09:58:21 - [MESSAGE][PASSED] - Delayed 0 second(s)

2018-02-27 09:58:21 - [TEST_STEP][PASSED] - Statement - For (def index : (0..2)): Tapped on element 'Object Repository/Sidebar Menu/Operasional/Kasir/PlusTap - ListProduct Elemen 1'

2018-02-27 09:58:21 - [TEST_STEP][PASSED] - tap: Tapped on element 'Object Repository/Sidebar Menu/Operasional/Kasir/PlusTap - ListProduct Elemen 1'

2018-02-27 09:58:23 - [MESSAGE][PASSED] - Tapped on element 'Object Repository/Sidebar Menu/Operasional/Kasir/PlusTap - ListProduct Elemen 1'

2018-02-27 09:58:23 - [TEST_STEP][PASSED] - tap: Tapped on element 'Object Repository/Sidebar Menu/Operasional/Kasir/PlusTap - ListProduct Elemen 1'

2018-02-27 09:58:24 - [MESSAGE][PASSED] - Tapped on element 'Object Repository/Sidebar Menu/Operasional/Kasir/PlusTap - ListProduct Elemen 1'

2018-02-27 09:58:24 - [TEST_STEP][PASSED] - tap: Tapped on element 'Object Repository/Sidebar Menu/Operasional/Kasir/PlusTap - ListProduct Elemen 1'

2018-02-27 09:58:26 - [MESSAGE][PASSED] - Tapped on element 'Object Repository/Sidebar Menu/Operasional/Kasir/PlusTap - ListProduct Elemen 1'

2018-02-27 09:58:26 - [TEST_STEP][PASSED] - Statement - For (def index : (0..1)): Tapped on element 'Object Repository/Sidebar Menu/Operasional/Kasir/MinusTap - List Product Elemen 1'

2018-02-27 09:58:26 - [TEST_STEP][PASSED] - tap: Tapped on element 'Object Repository/Sidebar Menu/Operasional/Kasir/MinusTap - List Product Elemen 1'

2018-02-27 09:58:27 - [MESSAGE][PASSED] - Tapped on element 'Object Repository/Sidebar Menu/Operasional/Kasir/MinusTap - List Product Elemen 1'

2018-02-27 09:58:27 - [TEST_STEP][PASSED] - tap: Tapped on element 'Object Repository/Sidebar Menu/Operasional/Kasir/MinusTap - List Product Elemen 1'

2018-02-27 09:58:29 - [MESSAGE][PASSED] - Tapped on element 'Object Repository/Sidebar Menu/Operasional/Kasir/MinusTap - List Product Elemen 1'

2018-02-27 09:58:29 - [TEST_STEP][PASSED] - tap: Tapped on element 'Object Repository/Sidebar Menu/Operasional/Kasir/Input Jumlah by Typing - Elemen1'

2018-02-27 09:58:30 - [MESSAGE][PASSED] - Tapped on element 'Object Repository/Sidebar Menu/Operasional/Kasir/Input Jumlah by Typing - Elemen1'

2018-02-27 09:58:30 - [TEST_STEP][PASSED] - setText: Text '4' has been set to element 'Object Repository/Sidebar Menu/Operasional/Kasir/Input Jumlah by Typing - Elemen1'

2018-02-27 09:58:42 - [MESSAGE][PASSED] - Text '4' has been set to element 'Object Repository/Sidebar Menu/Operasional/Kasir/Input Jumlah by Typing - Elemen1'

2018-02-27 09:58:42 - [TEST_STEP][PASSED] - hideKeyboard: Keyboard is hidden

2018-02-27 09:58:43 - [MESSAGE][PASSED] - Keyboard is hidden

2018-02-27 09:58:43 - [TEST_STEP][PASSED] - Statement - For (def index : (0..3)): Tapped on element 'Object Repository/Sidebar Menu/Operasional/Kasir/PlusTap - ListProduct Elemen 2'

2018-02-27 09:58:43 - [TEST_STEP][PASSED] - tap: Tapped on element 'Object Repository/Sidebar Menu/Operasional/Kasir/PlusTap - ListProduct Elemen 2'

2018-02-27 09:58:44 - [MESSAGE][PASSED] - Tapped on element 'Object Repository/Sidebar Menu/Operasional/Kasir/PlusTap - ListProduct Elemen 2'

2018-02-27 09:58:44 - [TEST_STEP][PASSED] - tap: Tapped on element 'Object Repository/Sidebar Menu/Operasional/Kasir/PlusTap - ListProduct Elemen 2'

2018-02-27 09:58:45 - [MESSAGE][PASSED] - Tapped on element 'Object Repository/Sidebar Menu/Operasional/Kasir/PlusTap - ListProduct Elemen 2'

2018-02-27 09:58:45 - [TEST_STEP][PASSED] - tap: Tapped on element 'Object Repository/Sidebar Menu/Operasional/Kasir/PlusTap - ListProduct Elemen 2'

2018-02-27 09:58:46 - [MESSAGE][PASSED] - Tapped on element 'Object Repository/Sidebar Menu/Operasional/Kasir/PlusTap - ListProduct Elemen 2'

2018-02-27 09:58:46 - [TEST_STEP][PASSED] - tap: Tapped on element 'Object Repository/Sidebar Menu/Operasional/Kasir/PlusTap - ListProduct Elemen 2'

2018-02-27 09:58:48 - [MESSAGE][PASSED] - Tapped on element 'Object Repository/Sidebar Menu/Operasional/Kasir/PlusTap - ListProduct Elemen 2'

2018-02-27 09:58:48 - [TEST_STEP][PASSED] - Statement - For (def index : (0..2)): Tapped on element 'Object Repository/Sidebar Menu/Operasional/Kasir/MinusTap - List Product Elemen 2'

2018-02-27 09:58:48 - [TEST_STEP][PASSED] - tap: Tapped on element 'Object Repository/Sidebar Menu/Operasional/Kasir/MinusTap - List Product Elemen 2'

2018-02-27 09:58:49 - [MESSAGE][PASSED] - Tapped on element 'Object Repository/Sidebar Menu/Operasional/Kasir/MinusTap - List Product Elemen 2'

2018-02-27 09:58:49 - [TEST_STEP][PASSED] - tap: Tapped on element 'Object Repository/Sidebar Menu/Operasional/Kasir/MinusTap - List Product Elemen 2'

2018-02-27 09:58:51 - [MESSAGE][PASSED] - Tapped on element 'Object Repository/Sidebar Menu/Operasional/Kasir/MinusTap - List Product Elemen 2'

2018-02-27 09:58:51 - [TEST_STEP][PASSED] - tap: Tapped on element 'Object Repository/Sidebar Menu/Operasional/Kasir/MinusTap - List Product Elemen 2'

2018-02-27 09:58:52 - [MESSAGE][PASSED] - Tapped on element 'Object Repository/Sidebar Menu/Operasional/Kasir/MinusTap - List Product Elemen 2'

2018-02-27 09:58:52 - [TEST_STEP][PASSED] - tap: Tapped on element 'Object Repository/Sidebar Menu/Operasional/Kasir/Input Jumlah by Typing - Elemen2'

2018-02-27 09:58:53 - [MESSAGE][PASSED] - Tapped on element 'Object Repository/Sidebar Menu/Operasional/Kasir/Input Jumlah by Typing - Elemen2'

2018-02-27 09:58:53 - [TEST_STEP][PASSED] - clearText: Element 'Object Repository/Sidebar Menu/Operasional/Kasir/Input Jumlah by Typing - Elemen2' text is cleared

2018-02-27 09:58:56 - [MESSAGE][PASSED] - Element 'Object Repository/Sidebar Menu/Operasional/Kasir/Input Jumlah by Typing - Elemen2' text is cleared

2018-02-27 09:58:56 - [TEST_STEP][PASSED] - setText: Text '-2' has been set to element 'Object Repository/Sidebar Menu/Operasional/Kasir/Input Jumlah by Typing - Elemen2'

2018-02-27 09:59:09 - [MESSAGE][PASSED] - Text '-2' has been set to element 'Object Repository/Sidebar Menu/Operasional/Kasir/Input Jumlah by Typing - Elemen2'

2018-02-27 09:59:09 - [TEST_STEP][PASSED] - hideKeyboard: Keyboard is hidden

2018-02-27 09:59:09 - [MESSAGE][PASSED] - Keyboard is hidden

2018-02-27 09:59:10 - [TEST_STEP][PASSED] - tap: Tapped on element 'Object Repository/Sidebar Menu/Operasional/Kasir/Input Jumlah by Typing - Elemen2'

2018-02-27 09:59:10 - [MESSAGE][PASSED] - Tapped on element 'Object Repository/Sidebar Menu/Operasional/Kasir/Input Jumlah by Typing - Elemen2'

2018-02-27 09:59:10 - [TEST_STEP][PASSED] - clearText: Element 'Object Repository/Sidebar Menu/Operasional/Kasir/Input Jumlah by Typing - Elemen2' text is cleared

2018-02-27 09:59:13 - [MESSAGE][PASSED] - Element 'Object Repository/Sidebar Menu/Operasional/Kasir/Input Jumlah by Typing - Elemen2' text is cleared

2018-02-27 09:59:13 - [TEST_STEP][PASSED] - setText: Text '999' has been set to element 'Object Repository/Sidebar Menu/Operasional/Kasir/Input Jumlah by Typing - Elemen2'

2018-02-27 09:59:26 - [MESSAGE][PASSED] - Text '999' has been set to element 'Object Repository/Sidebar Menu/Operasional/Kasir/Input Jumlah by Typing - Elemen2'

2018-02-27 09:59:26 - [TEST_STEP][PASSED] - hideKeyboard: Keyboard is hidden

2018-02-27 09:59:26 - [MESSAGE][PASSED] - Keyboard is hidden

2018-02-27 09:59:27 - [TEST_STEP][PASSED] - delay: Delayed 10 second(s)

2018-02-27 09:59:37 - [MESSAGE][PASSED] - Delayed 10 second(s)

2018-02-27 09:59:37 - [TEST_STEP][PASSED] - tap: Tapped on element 'Object Repository/Sidebar Menu/Operasional/Kasir/Keranjang'

2018-02-27 09:59:37 - [MESSAGE][PASSED] - Tapped on element 'Object Repository/Sidebar Menu/Operasional/Kasir/Keranjang'

2018-02-27 09:59:37 - [TEST_STEP][PASSED] - delay: Delayed 5 second(s)

2018-02-27 09:59:42 - [MESSAGE][PASSED] - Delayed 5 second(s)

2018-02-27 09:59:42 - [TEST_STEP][PASSED] - comment: End Story 28]]></system-out>
         <system-err><![CDATA[]]></system-err>
      </testcase>
      <testcase name="Test Cases/Sprint 2/29 - TC - All" classname="Test Cases/Sprint 2/29 - TC - All" status="FAILED">
         <failure type="FAILED" message="Object Object Repository/Sidebar Menu/Operasional/Kasir/Kerajang dan Pembayaran/PlusTap - Elemen 2 not found"/>
         <system-out><![CDATA[2018-02-27 09:59:42 - [TEST_CASE][FAILED] - Test Cases/Sprint 2/29 - TC - All: Test Cases/Sprint 2/29 - TC - All FAILED because (of) Object Object Repository/Sidebar Menu/Operasional/Kasir/Kerajang dan Pembayaran/PlusTap - Elemen 2 not found

2018-02-27 09:59:42 - [TEST_STEP][PASSED] - comment: Start Story 29

2018-02-27 09:59:42 - [TEST_STEP][FAILED] - Statement - For (def index : (0..5)): Object Object Repository/Sidebar Menu/Operasional/Kasir/Kerajang dan Pembayaran/PlusTap - Elemen 2 not found

2018-02-27 09:59:42 - [TEST_STEP][FAILED] - tap: Object Object Repository/Sidebar Menu/Operasional/Kasir/Kerajang dan Pembayaran/PlusTap - Elemen 2 not found

2018-02-27 09:59:42 - [MESSAGE][WARNING] - Timeout '0' is invalid. Using default page load timeout: '30'

2018-02-27 10:00:12 - [MESSAGE][FAILED] - Object Object Repository/Sidebar Menu/Operasional/Kasir/Kerajang dan Pembayaran/PlusTap - Elemen 2 not found

2018-02-27 10:00:12 - [TEST_STEP][FAILED] - tap: Object Object Repository/Sidebar Menu/Operasional/Kasir/Kerajang dan Pembayaran/PlusTap - Elemen 2 not found

2018-02-27 10:00:12 - [MESSAGE][WARNING] - Timeout '0' is invalid. Using default page load timeout: '30'

2018-02-27 10:00:42 - [MESSAGE][FAILED] - Object Object Repository/Sidebar Menu/Operasional/Kasir/Kerajang dan Pembayaran/PlusTap - Elemen 2 not found

2018-02-27 10:00:42 - [TEST_STEP][FAILED] - tap: Object Object Repository/Sidebar Menu/Operasional/Kasir/Kerajang dan Pembayaran/PlusTap - Elemen 2 not found

2018-02-27 10:00:42 - [MESSAGE][WARNING] - Timeout '0' is invalid. Using default page load timeout: '30'

2018-02-27 10:01:13 - [MESSAGE][FAILED] - Object Object Repository/Sidebar Menu/Operasional/Kasir/Kerajang dan Pembayaran/PlusTap - Elemen 2 not found

2018-02-27 10:01:13 - [TEST_STEP][FAILED] - tap: Object Object Repository/Sidebar Menu/Operasional/Kasir/Kerajang dan Pembayaran/PlusTap - Elemen 2 not found

2018-02-27 10:01:13 - [MESSAGE][WARNING] - Timeout '0' is invalid. Using default page load timeout: '30'

2018-02-27 10:01:43 - [MESSAGE][FAILED] - Object Object Repository/Sidebar Menu/Operasional/Kasir/Kerajang dan Pembayaran/PlusTap - Elemen 2 not found

2018-02-27 10:01:43 - [TEST_STEP][FAILED] - tap: Object Object Repository/Sidebar Menu/Operasional/Kasir/Kerajang dan Pembayaran/PlusTap - Elemen 2 not found

2018-02-27 10:01:43 - [MESSAGE][WARNING] - Timeout '0' is invalid. Using default page load timeout: '30'

2018-02-27 10:02:13 - [MESSAGE][FAILED] - Object Object Repository/Sidebar Menu/Operasional/Kasir/Kerajang dan Pembayaran/PlusTap - Elemen 2 not found

2018-02-27 10:02:13 - [TEST_STEP][FAILED] - tap: Object Object Repository/Sidebar Menu/Operasional/Kasir/Kerajang dan Pembayaran/PlusTap - Elemen 2 not found

2018-02-27 10:02:13 - [MESSAGE][WARNING] - Timeout '0' is invalid. Using default page load timeout: '30'

2018-02-27 10:02:43 - [MESSAGE][FAILED] - Object Object Repository/Sidebar Menu/Operasional/Kasir/Kerajang dan Pembayaran/PlusTap - Elemen 2 not found

2018-02-27 10:02:43 - [TEST_STEP][PASSED] - Statement - For (def index : (0..3)): Tapped on element 'Object Repository/Sidebar Menu/Operasional/Kasir/Kerajang dan Pembayaran/MinusTap - Elemen 1'

2018-02-27 10:02:43 - [TEST_STEP][PASSED] - tap: Tapped on element 'Object Repository/Sidebar Menu/Operasional/Kasir/Kerajang dan Pembayaran/MinusTap - Elemen 1'

2018-02-27 10:02:43 - [MESSAGE][WARNING] - Timeout '0' is invalid. Using default page load timeout: '30'

2018-02-27 10:02:44 - [MESSAGE][PASSED] - Tapped on element 'Object Repository/Sidebar Menu/Operasional/Kasir/Kerajang dan Pembayaran/MinusTap - Elemen 1'

2018-02-27 10:02:44 - [TEST_STEP][PASSED] - tap: Tapped on element 'Object Repository/Sidebar Menu/Operasional/Kasir/Kerajang dan Pembayaran/MinusTap - Elemen 1'

2018-02-27 10:02:44 - [MESSAGE][WARNING] - Timeout '0' is invalid. Using default page load timeout: '30'

2018-02-27 10:02:45 - [MESSAGE][PASSED] - Tapped on element 'Object Repository/Sidebar Menu/Operasional/Kasir/Kerajang dan Pembayaran/MinusTap - Elemen 1'

2018-02-27 10:02:45 - [TEST_STEP][PASSED] - tap: Tapped on element 'Object Repository/Sidebar Menu/Operasional/Kasir/Kerajang dan Pembayaran/MinusTap - Elemen 1'

2018-02-27 10:02:45 - [MESSAGE][WARNING] - Timeout '0' is invalid. Using default page load timeout: '30'

2018-02-27 10:02:46 - [MESSAGE][PASSED] - Tapped on element 'Object Repository/Sidebar Menu/Operasional/Kasir/Kerajang dan Pembayaran/MinusTap - Elemen 1'

2018-02-27 10:02:46 - [TEST_STEP][PASSED] - tap: Tapped on element 'Object Repository/Sidebar Menu/Operasional/Kasir/Kerajang dan Pembayaran/MinusTap - Elemen 1'

2018-02-27 10:02:46 - [MESSAGE][WARNING] - Timeout '0' is invalid. Using default page load timeout: '30'

2018-02-27 10:02:48 - [MESSAGE][PASSED] - Tapped on element 'Object Repository/Sidebar Menu/Operasional/Kasir/Kerajang dan Pembayaran/MinusTap - Elemen 1'

2018-02-27 10:02:48 - [TEST_STEP][PASSED] - tap: Tapped on element 'Object Repository/Sidebar Menu/Operasional/Kasir/Kerajang dan Pembayaran/MinusTap - Elemen 1'

2018-02-27 10:02:48 - [MESSAGE][WARNING] - Timeout '0' is invalid. Using default page load timeout: '30'

2018-02-27 10:02:50 - [MESSAGE][PASSED] - Tapped on element 'Object Repository/Sidebar Menu/Operasional/Kasir/Kerajang dan Pembayaran/MinusTap - Elemen 1'

2018-02-27 10:02:50 - [TEST_STEP][PASSED] - tap: Tapped on element 'Object Repository/Sidebar Menu/Operasional/Kasir/Kerajang dan Pembayaran/InputbbyType - Elemen 1'

2018-02-27 10:02:52 - [MESSAGE][PASSED] - Tapped on element 'Object Repository/Sidebar Menu/Operasional/Kasir/Kerajang dan Pembayaran/InputbbyType - Elemen 1'

2018-02-27 10:02:52 - [TEST_STEP][PASSED] - verifyElementExist: Element 'Object Repository/Sidebar Menu/Operasional/Kasir/Kerajang dan Pembayaran/InputbbyType - Elemen 1' is exist

2018-02-27 10:02:52 - [MESSAGE][PASSED] - Element 'Object Repository/Sidebar Menu/Operasional/Kasir/Kerajang dan Pembayaran/InputbbyType - Elemen 1' is exist

2018-02-27 10:02:52 - [TEST_STEP][PASSED] - clearText: Element 'Object Repository/Sidebar Menu/Operasional/Kasir/Kerajang dan Pembayaran/InputbbyType - Elemen 1' text is cleared

2018-02-27 10:02:58 - [MESSAGE][PASSED] - Element 'Object Repository/Sidebar Menu/Operasional/Kasir/Kerajang dan Pembayaran/InputbbyType - Elemen 1' text is cleared

2018-02-27 10:02:58 - [TEST_STEP][PASSED] - setText: Text '47' has been set to element 'Object Repository/Sidebar Menu/Operasional/Kasir/Kerajang dan Pembayaran/InputbbyType - Elemen 1'

2018-02-27 10:03:11 - [MESSAGE][PASSED] - Text '47' has been set to element 'Object Repository/Sidebar Menu/Operasional/Kasir/Kerajang dan Pembayaran/InputbbyType - Elemen 1'

2018-02-27 10:03:11 - [TEST_STEP][PASSED] - clearText: Element 'Object Repository/Sidebar Menu/Operasional/Kasir/Kerajang dan Pembayaran/InputbbyType - Elemen 1' text is cleared

2018-02-27 10:03:13 - [MESSAGE][PASSED] - Element 'Object Repository/Sidebar Menu/Operasional/Kasir/Kerajang dan Pembayaran/InputbbyType - Elemen 1' text is cleared

2018-02-27 10:03:13 - [TEST_STEP][PASSED] - tap: Tapped on element 'Object Repository/Sidebar Menu/Operasional/Kasir/Kerajang dan Pembayaran/InputbbyType - Elemen 1'

2018-02-27 10:03:14 - [MESSAGE][PASSED] - Tapped on element 'Object Repository/Sidebar Menu/Operasional/Kasir/Kerajang dan Pembayaran/InputbbyType - Elemen 1'

2018-02-27 10:03:14 - [TEST_STEP][PASSED] - verifyElementExist: Element 'Object Repository/Sidebar Menu/Operasional/Kasir/Kerajang dan Pembayaran/InputbbyType - Elemen 1' is exist

2018-02-27 10:03:15 - [MESSAGE][PASSED] - Element 'Object Repository/Sidebar Menu/Operasional/Kasir/Kerajang dan Pembayaran/InputbbyType - Elemen 1' is exist

2018-02-27 10:03:15 - [TEST_STEP][PASSED] - setText: Text '5' has been set to element 'Object Repository/Sidebar Menu/Operasional/Kasir/Kerajang dan Pembayaran/InputbbyType - Elemen 1'

2018-02-27 10:03:27 - [MESSAGE][PASSED] - Text '5' has been set to element 'Object Repository/Sidebar Menu/Operasional/Kasir/Kerajang dan Pembayaran/InputbbyType - Elemen 1'

2018-02-27 10:03:27 - [TEST_STEP][PASSED] - hideKeyboard: Keyboard is hidden

2018-02-27 10:03:28 - [MESSAGE][PASSED] - Keyboard is hidden

2018-02-27 10:03:28 - [TEST_STEP][PASSED] - clearText: Element 'Object Repository/Sidebar Menu/Operasional/Kasir/Kerajang dan Pembayaran/InputbbyType - Elemen 1' text is cleared

2018-02-27 10:03:33 - [MESSAGE][PASSED] - Element 'Object Repository/Sidebar Menu/Operasional/Kasir/Kerajang dan Pembayaran/InputbbyType - Elemen 1' text is cleared

2018-02-27 10:03:33 - [TEST_STEP][PASSED] - tap: Tapped on element 'Object Repository/Sidebar Menu/Operasional/Kasir/Kerajang dan Pembayaran/InputbbyType - Elemen 1'

2018-02-27 10:03:34 - [MESSAGE][PASSED] - Tapped on element 'Object Repository/Sidebar Menu/Operasional/Kasir/Kerajang dan Pembayaran/InputbbyType - Elemen 1'

2018-02-27 10:03:34 - [TEST_STEP][PASSED] - verifyElementExist: Element 'Object Repository/Sidebar Menu/Operasional/Kasir/Kerajang dan Pembayaran/InputbbyType - Elemen 1' is exist

2018-02-27 10:03:34 - [MESSAGE][PASSED] - Element 'Object Repository/Sidebar Menu/Operasional/Kasir/Kerajang dan Pembayaran/InputbbyType - Elemen 1' is exist

2018-02-27 10:03:34 - [TEST_STEP][PASSED] - setText: Text '9999' has been set to element 'Object Repository/Sidebar Menu/Operasional/Kasir/Kerajang dan Pembayaran/InputbbyType - Elemen 1'

2018-02-27 10:03:45 - [MESSAGE][PASSED] - Text '9999' has been set to element 'Object Repository/Sidebar Menu/Operasional/Kasir/Kerajang dan Pembayaran/InputbbyType - Elemen 1'

2018-02-27 10:03:45 - [TEST_STEP][PASSED] - hideKeyboard: Keyboard is hidden

2018-02-27 10:03:46 - [MESSAGE][PASSED] - Keyboard is hidden

2018-02-27 10:03:47 - [TEST_STEP][PASSED] - delay: Delayed 10 second(s)

2018-02-27 10:03:57 - [MESSAGE][PASSED] - Delayed 10 second(s)

2018-02-27 10:03:57 - [TEST_STEP][PASSED] - tap: Tapped on element 'Object Repository/Sidebar Menu/Operasional/Kasir/Kerajang dan Pembayaran/Button Konfirmasi'

2018-02-27 10:03:57 - [MESSAGE][PASSED] - Tapped on element 'Object Repository/Sidebar Menu/Operasional/Kasir/Kerajang dan Pembayaran/Button Konfirmasi'

2018-02-27 10:03:57 - [TEST_STEP][PASSED] - verifyElementExist: Element 'Object Repository/Sidebar Menu/Operasional/Kasir/Kerajang dan Pembayaran/Button Konfirmasi' is exist

2018-02-27 10:03:58 - [MESSAGE][PASSED] - Element 'Object Repository/Sidebar Menu/Operasional/Kasir/Kerajang dan Pembayaran/Button Konfirmasi' is exist

2018-02-27 10:03:58 - [TEST_STEP][PASSED] - tap: Tapped on element 'Object Repository/Sidebar Menu/Operasional/Kasir/Kerajang dan Pembayaran/ImagePensil - Diskon Tambahan'

2018-02-27 10:03:59 - [MESSAGE][PASSED] - Tapped on element 'Object Repository/Sidebar Menu/Operasional/Kasir/Kerajang dan Pembayaran/ImagePensil - Diskon Tambahan'

2018-02-27 10:03:59 - [TEST_STEP][PASSED] - setText: Text '1000' has been set to element 'Object Repository/Sidebar Menu/Operasional/Kasir/Kerajang dan Pembayaran/ImagePensil - Diskon Tambahan'

2018-02-27 10:04:11 - [MESSAGE][PASSED] - Text '1000' has been set to element 'Object Repository/Sidebar Menu/Operasional/Kasir/Kerajang dan Pembayaran/ImagePensil - Diskon Tambahan'

2018-02-27 10:04:11 - [TEST_STEP][PASSED] - hideKeyboard: Keyboard is hidden

2018-02-27 10:04:12 - [MESSAGE][PASSED] - Keyboard is hidden

2018-02-27 10:04:12 - [TEST_STEP][PASSED] - tap: Tapped on element 'Object Repository/Sidebar Menu/Operasional/Kasir/Kerajang dan Pembayaran/PILIH METODE PEMBAYARAN'

2018-02-27 10:04:13 - [MESSAGE][PASSED] - Tapped on element 'Object Repository/Sidebar Menu/Operasional/Kasir/Kerajang dan Pembayaran/PILIH METODE PEMBAYARAN'

2018-02-27 10:04:13 - [TEST_STEP][PASSED] - comment: End Story 29]]></system-out>
         <system-err><![CDATA[2018-02-27 09:59:42 - [TEST_CASE][FAILED] - Test Cases/Sprint 2/29 - TC - All: Test Cases/Sprint 2/29 - TC - All FAILED because (of) Object Object Repository/Sidebar Menu/Operasional/Kasir/Kerajang dan Pembayaran/PlusTap - Elemen 2 not found]]></system-err>
      </testcase>
      <testcase name="Test Cases/Sprint 2/47 - TC- All" classname="Test Cases/Sprint 2/47 - TC- All" status="FAILED">
         <failure type="FAILED" message="Failed to check for element 'Object Repository/Sidebar Menu/Operasional/Kasir/Kerajang dan Pembayaran/Tanggal Pelunasan' exist (Root cause: Element 'Object Repository/Sidebar Menu/Operasional/Kasir/Kerajang dan Pembayaran/Tanggal Pelunasan' not found)"/>
         <system-out><![CDATA[2018-02-27 10:04:13 - [TEST_CASE][FAILED] - Test Cases/Sprint 2/47 - TC- All: Test Cases/Sprint 2/47 - TC- All FAILED because (of) Failed to check for element 'Object Repository/Sidebar Menu/Operasional/Kasir/Kerajang dan Pembayaran/Tanggal Pelunasan' exist (Root cause: Element 'Object Repository/Sidebar Menu/Operasional/Kasir/Kerajang dan Pembayaran/Tanggal Pelunasan' not found)

2018-02-27 10:04:13 - [TEST_STEP][PASSED] - comment: Start Story 47

2018-02-27 10:04:13 - [TEST_STEP][PASSED] - tap: Tapped on element 'Object Repository/Sidebar Menu/Operasional/Kasir/Kerajang dan Pembayaran/Tunai'

2018-02-27 10:04:14 - [MESSAGE][PASSED] - Tapped on element 'Object Repository/Sidebar Menu/Operasional/Kasir/Kerajang dan Pembayaran/Tunai'

2018-02-27 10:04:14 - [TEST_STEP][PASSED] - comment: MenInput Jumlah Pembayaran < dari Harga Barang

2018-02-27 10:04:14 - [TEST_STEP][PASSED] - waitForElementPresent: Element 'Object Repository/Sidebar Menu/Operasional/Kasir/Kerajang dan Pembayaran/InputText - Pembayaran Tunai' is present

2018-02-27 10:04:16 - [MESSAGE][PASSED] - Element 'Object Repository/Sidebar Menu/Operasional/Kasir/Kerajang dan Pembayaran/InputText - Pembayaran Tunai' is present

2018-02-27 10:04:16 - [TEST_STEP][PASSED] - tap: Tapped on element 'Object Repository/Sidebar Menu/Operasional/Kasir/Kerajang dan Pembayaran/InputText - Pembayaran Tunai'

2018-02-27 10:04:17 - [MESSAGE][PASSED] - Tapped on element 'Object Repository/Sidebar Menu/Operasional/Kasir/Kerajang dan Pembayaran/InputText - Pembayaran Tunai'

2018-02-27 10:04:17 - [TEST_STEP][PASSED] - verifyElementExist: Element 'Object Repository/Sidebar Menu/Operasional/Kasir/Kerajang dan Pembayaran/InputText - Pembayaran Tunai' is exist

2018-02-27 10:04:17 - [MESSAGE][PASSED] - Element 'Object Repository/Sidebar Menu/Operasional/Kasir/Kerajang dan Pembayaran/InputText - Pembayaran Tunai' is exist

2018-02-27 10:04:17 - [TEST_STEP][PASSED] - setText: Text '500' has been set to element 'Object Repository/Sidebar Menu/Operasional/Kasir/Kerajang dan Pembayaran/InputText - Pembayaran Tunai'

2018-02-27 10:04:29 - [MESSAGE][PASSED] - Text '500' has been set to element 'Object Repository/Sidebar Menu/Operasional/Kasir/Kerajang dan Pembayaran/InputText - Pembayaran Tunai'

2018-02-27 10:04:29 - [TEST_STEP][NOT_RUN] - verifyElementText: NOT_RUN: verifyElementText

2018-02-27 10:04:29 - [MESSAGE][NOT_RUN] - NOT_RUN: verifyElementText

2018-02-27 10:04:29 - [TEST_STEP][NOT_RUN] - getText: NOT_RUN: getText

2018-02-27 10:04:29 - [MESSAGE][NOT_RUN] - NOT_RUN: getText

2018-02-27 10:04:29 - [TEST_STEP][PASSED] - hideKeyboard: Keyboard is hidden

2018-02-27 10:04:30 - [MESSAGE][PASSED] - Keyboard is hidden

2018-02-27 10:04:30 - [TEST_STEP][PASSED] - tap: Tapped on element 'Object Repository/Sidebar Menu/Operasional/Kasir/Kerajang dan Pembayaran/LANJUT (1)'

2018-02-27 10:04:31 - [MESSAGE][PASSED] - Tapped on element 'Object Repository/Sidebar Menu/Operasional/Kasir/Kerajang dan Pembayaran/LANJUT (1)'

2018-02-27 10:04:31 - [TEST_STEP][PASSED] - verifyElementExist: Element 'Object Repository/Sidebar Menu/Operasional/Kasir/Kerajang dan Pembayaran/LANJUT (1)' is exist

2018-02-27 10:04:32 - [MESSAGE][PASSED] - Element 'Object Repository/Sidebar Menu/Operasional/Kasir/Kerajang dan Pembayaran/LANJUT (1)' is exist

2018-02-27 10:04:32 - [TEST_STEP][PASSED] - delay: Delayed 5 second(s)

2018-02-27 10:04:37 - [MESSAGE][PASSED] - Delayed 5 second(s)

2018-02-27 10:04:37 - [TEST_STEP][PASSED] - waitForElementPresent: Element 'Object Repository/Sidebar Menu/Operasional/Kasir/Kerajang dan Pembayaran/OK - Button' is present

2018-02-27 10:04:38 - [MESSAGE][PASSED] - Element 'Object Repository/Sidebar Menu/Operasional/Kasir/Kerajang dan Pembayaran/OK - Button' is present

2018-02-27 10:04:38 - [TEST_STEP][PASSED] - tap: Tapped on element 'Object Repository/Sidebar Menu/Operasional/Kasir/Kerajang dan Pembayaran/OK - Button'

2018-02-27 10:04:38 - [MESSAGE][PASSED] - Tapped on element 'Object Repository/Sidebar Menu/Operasional/Kasir/Kerajang dan Pembayaran/OK - Button'

2018-02-27 10:04:38 - [TEST_STEP][PASSED] - tap: Tapped on element 'Object Repository/Sidebar Menu/Operasional/Kasir/Kerajang dan Pembayaran/OK - Button'

2018-02-27 10:04:39 - [MESSAGE][PASSED] - Tapped on element 'Object Repository/Sidebar Menu/Operasional/Kasir/Kerajang dan Pembayaran/OK - Button'

2018-02-27 10:04:39 - [TEST_STEP][NOT_RUN] - verifyElementExist: NOT_RUN: verifyElementExist

2018-02-27 10:04:39 - [MESSAGE][NOT_RUN] - NOT_RUN: verifyElementExist

2018-02-27 10:04:39 - [TEST_STEP][PASSED] - delay: Delayed 5 second(s)

2018-02-27 10:04:44 - [MESSAGE][PASSED] - Delayed 5 second(s)

2018-02-27 10:04:44 - [TEST_STEP][PASSED] - swipe: Swiped from 391,496 to 450,496

2018-02-27 10:04:45 - [MESSAGE][PASSED] - Swiped from 391,496 to 450,496

2018-02-27 10:04:45 - [TEST_STEP][PASSED] - delay: Delayed 5 second(s)

2018-02-27 10:04:50 - [MESSAGE][PASSED] - Delayed 5 second(s)

2018-02-27 10:04:50 - [TEST_STEP][PASSED] - waitForElementPresent: Element 'Object Repository/Sidebar Menu/Operasional/Kasir/Kerajang dan Pembayaran/Tanggal Pelunasan' is present

2018-02-27 10:04:50 - [MESSAGE][PASSED] - Element 'Object Repository/Sidebar Menu/Operasional/Kasir/Kerajang dan Pembayaran/Tanggal Pelunasan' is present

2018-02-27 10:04:50 - [TEST_STEP][PASSED] - tap: Tapped on element 'Object Repository/Sidebar Menu/Operasional/Kasir/Kerajang dan Pembayaran/Tanggal Pelunasan'

2018-02-27 10:04:51 - [MESSAGE][PASSED] - Tapped on element 'Object Repository/Sidebar Menu/Operasional/Kasir/Kerajang dan Pembayaran/Tanggal Pelunasan'

2018-02-27 10:04:51 - [TEST_STEP][FAILED] - verifyElementExist: Failed to check for element 'Object Repository/Sidebar Menu/Operasional/Kasir/Kerajang dan Pembayaran/Tanggal Pelunasan' exist (Root cause: Element 'Object Repository/Sidebar Menu/Operasional/Kasir/Kerajang dan Pembayaran/Tanggal Pelunasan' not found)

2018-02-27 10:04:56 - [MESSAGE][FAILED] - Element 'Object Repository/Sidebar Menu/Operasional/Kasir/Kerajang dan Pembayaran/Tanggal Pelunasan' not found

2018-02-27 10:04:56 - [MESSAGE][FAILED] - Failed to check for element 'Object Repository/Sidebar Menu/Operasional/Kasir/Kerajang dan Pembayaran/Tanggal Pelunasan' exist (Root cause: Element 'Object Repository/Sidebar Menu/Operasional/Kasir/Kerajang dan Pembayaran/Tanggal Pelunasan' not found)]]></system-out>
         <system-err><![CDATA[2018-02-27 10:04:13 - [TEST_CASE][FAILED] - Test Cases/Sprint 2/47 - TC- All: Test Cases/Sprint 2/47 - TC- All FAILED because (of) Failed to check for element 'Object Repository/Sidebar Menu/Operasional/Kasir/Kerajang dan Pembayaran/Tanggal Pelunasan' exist (Root cause: Element 'Object Repository/Sidebar Menu/Operasional/Kasir/Kerajang dan Pembayaran/Tanggal Pelunasan' not found)]]></system-err>
      </testcase>
      <testcase name="Test Cases/Sprint 2/30 - TC - All" classname="Test Cases/Sprint 2/30 - TC - All" status="FAILED">
         <failure type="FAILED" message="Failed to tap on element 'Object Repository/Sidebar Menu/Operasional/Kasir/Kerajang dan Pembayaran/LANJUT (1)' (Root cause: Object Object Repository/Sidebar Menu/Operasional/Kasir/Kerajang dan Pembayaran/LANJUT (1) not found)"/>
         <system-out><![CDATA[2018-02-27 10:04:56 - [TEST_CASE][FAILED] - Test Cases/Sprint 2/30 - TC - All: Test Cases/Sprint 2/30 - TC - All FAILED because (of) Failed to tap on element 'Object Repository/Sidebar Menu/Operasional/Kasir/Kerajang dan Pembayaran/LANJUT (1)' (Root cause: Object Object Repository/Sidebar Menu/Operasional/Kasir/Kerajang dan Pembayaran/LANJUT (1) not found)

2018-02-27 10:04:56 - [TEST_STEP][PASSED] - comment: Start Story 30

2018-02-27 10:04:56 - [TEST_STEP][PASSED] - waitForElementPresent: Object Object Repository/Sidebar Menu/Operasional/Kasir/Kerajang dan Pembayaran/LANJUT (1) not found

2018-02-27 10:05:01 - [MESSAGE][WARNING] - Object Object Repository/Sidebar Menu/Operasional/Kasir/Kerajang dan Pembayaran/LANJUT (1) not found

2018-02-27 10:05:01 - [TEST_STEP][FAILED] - tap: Failed to tap on element 'Object Repository/Sidebar Menu/Operasional/Kasir/Kerajang dan Pembayaran/LANJUT (1)' (Root cause: Object Object Repository/Sidebar Menu/Operasional/Kasir/Kerajang dan Pembayaran/LANJUT (1) not found)

2018-02-27 10:05:06 - [MESSAGE][FAILED] - Object Object Repository/Sidebar Menu/Operasional/Kasir/Kerajang dan Pembayaran/LANJUT (1) not found

2018-02-27 10:05:06 - [MESSAGE][FAILED] - Failed to tap on element 'Object Repository/Sidebar Menu/Operasional/Kasir/Kerajang dan Pembayaran/LANJUT (1)' (Root cause: Object Object Repository/Sidebar Menu/Operasional/Kasir/Kerajang dan Pembayaran/LANJUT (1) not found)]]></system-out>
         <system-err><![CDATA[2018-02-27 10:04:56 - [TEST_CASE][FAILED] - Test Cases/Sprint 2/30 - TC - All: Test Cases/Sprint 2/30 - TC - All FAILED because (of) Failed to tap on element 'Object Repository/Sidebar Menu/Operasional/Kasir/Kerajang dan Pembayaran/LANJUT (1)' (Root cause: Object Object Repository/Sidebar Menu/Operasional/Kasir/Kerajang dan Pembayaran/LANJUT (1) not found)]]></system-err>
      </testcase>
      <system-out><![CDATA[2018-02-27 09:56:03 - [TEST_SUITE][FAILED] - Sprint 2: Test Cases/Sprint 2/29 - TC - All FAILED because (of) Object Object Repository/Sidebar Menu/Operasional/Kasir/Kerajang dan Pembayaran/PlusTap - Elemen 2 not found]]></system-out>
      <system-err><![CDATA[2018-02-27 09:56:03 - [TEST_SUITE][FAILED] - Sprint 2: Test Cases/Sprint 2/29 - TC - All FAILED because (of) Object Object Repository/Sidebar Menu/Operasional/Kasir/Kerajang dan Pembayaran/PlusTap - Elemen 2 not found]]></system-err>
   </testsuite>
</testsuites>
