<?xml version="1.0" encoding="UTF-8"?>
<testsuites name="Story 1770 - Additional Biaya Tambahan in shoopping cart" time="3172" tests="8" failures="0" errors="0">
   <testsuite name="Story 1770 - Additional Biaya Tambahan in shoopping cart" tests="8" failures="0" errors="0" time="3172" timestamp="2018-09-13 12:12:41" hostname="AV2017005903 - NBMP18A211ITSQA.corp.bankbtpn.co.id" id="Test Suites/Story 1770 - Additional Biaya Tambahan in shoopping cart">
      <properties>
         <property name="deviceName" value="OPPO A37f (Android 5.1.1)"/>
         <property name="devicePlatform" value=""/>
         <property name="logFolder" value="C:\\Users\\AV2017005903\\Documents\\apollo-automation\\Reports\\Story 1770 - Additional Biaya Tambahan in shoopping cart\\20180913_121238"/>
         <property name="logFiles" value="C:\\Users\\AV2017005903\\Documents\\apollo-automation\\Reports\\Story 1770 - Additional Biaya Tambahan in shoopping cart\\20180913_121238\\appium.log, C:\\Users\\AV2017005903\\Documents\\apollo-automation\\Reports\\Story 1770 - Additional Biaya Tambahan in shoopping cart\\20180913_121238\\execution0.log"/>
         <property name="attachments" value=""/>
         <property name="hostName" value="AV2017005903 - NBMP18A211ITSQA.corp.bankbtpn.co.id"/>
         <property name="os" value="Windows 10 64bit"/>
         <property name="katalonVersion" value="5.6.0.1"/>
         <property name="deviceOS" value="Android"/>
         <property name="appiumVersion" value="1.8.1"/>
         <property name="deviceModel" value="A37f"/>
         <property name="hostAddress" value="192.168.62.1"/>
         <property name="deviceManufacturer" value="OPPO"/>
         <property name="deviceId" value="6e4df14"/>
         <property name="deviceName" value="OPPO A37f (Android 5.1.1)"/>
         <property name="deviceOSVersion" value="5.1.1"/>
      </properties>
      <testcase name="Test Cases/Release 3 - Squad Hades/Sprint 1/Story 1770 - Additional Biaya Tambahan in shoopping cart/TC 1 - View Biaya tambahan field and button in shopping cart" classname="Test Cases/Release 3 - Squad Hades/Sprint 1/Story 1770 - Additional Biaya Tambahan in shoopping cart/TC 1 - View Biaya tambahan field and button in shopping cart" status="PASSED">
         <system-out><![CDATA[2018-09-13 12:12:41 - [TEST_CASE][PASSED] - Test Cases/Release 3 - Squad Hades/Sprint 1/Story 1770 - Additional Biaya Tambahan in shoopping cart/TC 1 - View Biaya tambahan field and button in shopping cart: Test Cases/Release 3 - Squad Hades/Sprint 1/Story 1770 - Additional Biaya Tambahan in shoopping cart/TC 1 - View Biaya tambahan field and button in shopping cart

2018-09-13 12:12:42 - [TEST_STEP][PASSED] - comment: WELCOME SCREEN

2018-09-13 12:12:42 - [TEST_STEP][PASSED] - Statement - apkPath = apkName: null

2018-09-13 12:12:42 - [TEST_STEP][PASSED] - startApplication: Started app at: 'C:\Users\AV2017005903\Documents\apollo-automation\7 September.apk'

2018-09-13 12:13:18 - [MESSAGE][PASSED] - Started app at: 'C:\Users\AV2017005903\Documents\apollo-automation\7 September.apk'

2018-09-13 12:13:18 - [TEST_STEP][PASSED] - delay: Delayed 15 second(s)

2018-09-13 12:13:33 - [MESSAGE][PASSED] - Delayed 15 second(s)

2018-09-13 12:13:33 - [TEST_STEP][PASSED] - Comment - "If there is a Update TopuUp, click No, Else you can delay for waiting lazyload ": null

2018-09-13 12:13:33 - [TEST_STEP][PASSED] - Statement - driver = com.kms.katalon.core.mobile.keyword.internal.MobileDriverFactory.getDriver(): null

2018-09-13 12:13:33 - [TEST_STEP][PASSED] - Statement - action = new io.appium.java_client.TouchAction(driver): null

2018-09-13 12:13:33 - [TEST_STEP][PASSED] - Statement - action.longPress(550, 300).moveTo(100, 300).release().perform(): null

2018-09-13 12:13:36 - [TEST_STEP][PASSED] - delay: Delayed 8 second(s)

2018-09-13 12:13:44 - [MESSAGE][PASSED] - Delayed 8 second(s)

2018-09-13 12:13:44 - [TEST_STEP][PASSED] - Statement - action.longPress(550, 300).moveTo(100, 300).release().perform(): null

2018-09-13 12:13:47 - [TEST_STEP][PASSED] - delay: Delayed 8 second(s)

2018-09-13 12:13:55 - [MESSAGE][PASSED] - Delayed 8 second(s)

2018-09-13 12:13:55 - [TEST_STEP][PASSED] - Statement - action.longPress(550, 300).moveTo(100, 300).release().perform(): null

2018-09-13 12:13:58 - [TEST_STEP][PASSED] - delay: Delayed 8 second(s)

2018-09-13 12:14:06 - [MESSAGE][PASSED] - Delayed 8 second(s)

2018-09-13 12:14:06 - [TEST_STEP][PASSED] - Statement - action.longPress(550, 300).moveTo(100, 300).release().perform(): null

2018-09-13 12:14:09 - [TEST_STEP][PASSED] - delay: Delayed 8 second(s)

2018-09-13 12:14:17 - [MESSAGE][PASSED] - Delayed 8 second(s)

2018-09-13 12:14:17 - [TEST_STEP][PASSED] - waitForElementPresent: Element 'Object Repository/Splash Screen/Mulai - Button' is present

2018-09-13 12:14:17 - [MESSAGE][WARNING] - Timeout '0' is invalid. Using default page load timeout: '30'

2018-09-13 12:14:21 - [MESSAGE][PASSED] - Element 'Object Repository/Splash Screen/Mulai - Button' is present

2018-09-13 12:14:21 - [TEST_STEP][PASSED] - tap: Tapped on element 'Object Repository/Splash Screen/Mulai - Button'

2018-09-13 12:14:21 - [MESSAGE][WARNING] - Timeout '0' is invalid. Using default page load timeout: '30'

2018-09-13 12:14:26 - [MESSAGE][PASSED] - Tapped on element 'Object Repository/Splash Screen/Mulai - Button'

2018-09-13 12:14:26 - [TEST_STEP][PASSED] - comment: end Welcome Screen

2018-09-13 12:14:26 - [TEST_STEP][PASSED] - comment: LOGIN

2018-09-13 12:14:26 - [TEST_STEP][PASSED] - waitForElementPresent: Element 'Object Repository/Login/Nomor HP  Nama Pengguna - Text Box' is present

2018-09-13 12:14:30 - [MESSAGE][PASSED] - Element 'Object Repository/Login/Nomor HP  Nama Pengguna - Text Box' is present

2018-09-13 12:14:30 - [TEST_STEP][PASSED] - verifyElementAttributeValue: Object 'Object Repository/Login/Nomor HP  Nama Pengguna - Text Box' has attribute 'content-desc' with value 'LoginNameTextInput'

2018-09-13 12:14:34 - [MESSAGE][PASSED] - Object 'Object Repository/Login/Nomor HP  Nama Pengguna - Text Box' has attribute 'content-desc' with value 'LoginNameTextInput'

2018-09-13 12:14:34 - [TEST_STEP][PASSED] - setText: Text '08112233445567' has been set to element 'Object Repository/Login/Nomor HP  Nama Pengguna - Text Box'

2018-09-13 12:14:51 - [MESSAGE][PASSED] - Text '08112233445567' has been set to element 'Object Repository/Login/Nomor HP  Nama Pengguna - Text Box'

2018-09-13 12:14:51 - [TEST_STEP][PASSED] - hideKeyboard: Keyboard is hidden

2018-09-13 12:14:52 - [MESSAGE][PASSED] - Keyboard is hidden

2018-09-13 12:14:52 - [TEST_STEP][PASSED] - verifyElementText: Actual text and expected text of test object 'Object Repository/Login/Nomor HP  Nama Pengguna - Text Box' are matched.

2018-09-13 12:14:56 - [MESSAGE][PASSED] - Actual text and expected text of test object 'Object Repository/Login/Nomor HP  Nama Pengguna - Text Box' are matched.

2018-09-13 12:14:56 - [TEST_STEP][PASSED] - waitForElementPresent: Element 'Object Repository/Login/Button Masuk' is present

2018-09-13 12:15:03 - [MESSAGE][PASSED] - Element 'Object Repository/Login/Button Masuk' is present

2018-09-13 12:15:03 - [TEST_STEP][PASSED] - verifyElementAttributeValue: Object 'Object Repository/Login/Button Masuk' has attribute 'content-desc' with value 'LoginJumpNextBtn'

2018-09-13 12:15:09 - [MESSAGE][PASSED] - Object 'Object Repository/Login/Button Masuk' has attribute 'content-desc' with value 'LoginJumpNextBtn'

2018-09-13 12:15:09 - [TEST_STEP][PASSED] - tap: Tapped on element 'Object Repository/Login/Button Masuk'

2018-09-13 12:15:15 - [MESSAGE][PASSED] - Tapped on element 'Object Repository/Login/Button Masuk'

2018-09-13 12:15:15 - [TEST_STEP][PASSED] - waitForElementPresent: Element 'Object Repository/Login/Input Pin' is present

2018-09-13 12:15:18 - [MESSAGE][PASSED] - Element 'Object Repository/Login/Input Pin' is present

2018-09-13 12:15:18 - [TEST_STEP][PASSED] - verifyElementAttributeValue: Object 'Object Repository/Login/Input Pin' has attribute 'content-desc' with value 'pinCircleFocus'

2018-09-13 12:15:22 - [MESSAGE][PASSED] - Object 'Object Repository/Login/Input Pin' has attribute 'content-desc' with value 'pinCircleFocus'

2018-09-13 12:15:22 - [TEST_STEP][PASSED] - tap: Tapped on element 'Object Repository/Login/Input Pin'

2018-09-13 12:15:32 - [MESSAGE][PASSED] - Tapped on element 'Object Repository/Login/Input Pin'

2018-09-13 12:15:32 - [TEST_STEP][PASSED] - setText: Text '123456' has been set to element 'Object Repository/Login/Input Pin'

2018-09-13 12:15:50 - [MESSAGE][PASSED] - Text '123456' has been set to element 'Object Repository/Login/Input Pin'

2018-09-13 12:15:50 - [TEST_STEP][PASSED] - delay: Delayed 5 second(s)

2018-09-13 12:15:55 - [MESSAGE][PASSED] - Delayed 5 second(s)

2018-09-13 12:15:55 - [TEST_STEP][PASSED] - comment: End Login Test Case

2018-09-13 12:15:55 - [TEST_STEP][PASSED] - waitForElementPresent: Element 'Object Repository/Sidebar Menu/Biaya/HamburgerButton' is present

2018-09-13 12:16:02 - [MESSAGE][PASSED] - Element 'Object Repository/Sidebar Menu/Biaya/HamburgerButton' is present

2018-09-13 12:16:02 - [TEST_STEP][PASSED] - comment: MESIN KASIR

2018-09-13 12:16:02 - [TEST_STEP][PASSED] - verifyElementAttributeValue: Object 'Object Repository/Sidebar Menu/Biaya/HamburgerButton' has attribute 'content-desc' with value 'headerBar_button_hamburgerMenu'

2018-09-13 12:16:07 - [MESSAGE][PASSED] - Object 'Object Repository/Sidebar Menu/Biaya/HamburgerButton' has attribute 'content-desc' with value 'headerBar_button_hamburgerMenu'

2018-09-13 12:16:07 - [TEST_STEP][PASSED] - tap: Tapped on element 'Object Repository/Sidebar Menu/Biaya/HamburgerButton'

2018-09-13 12:16:13 - [MESSAGE][PASSED] - Tapped on element 'Object Repository/Sidebar Menu/Biaya/HamburgerButton'

2018-09-13 12:16:13 - [TEST_STEP][PASSED] - waitForElementPresent: Element 'Object Repository/Sidebar Menu/Mesin Kasir/Kasir/Dashboard Kasir/Kasir' is present

2018-09-13 12:16:17 - [MESSAGE][PASSED] - Element 'Object Repository/Sidebar Menu/Mesin Kasir/Kasir/Dashboard Kasir/Kasir' is present

2018-09-13 12:16:17 - [TEST_STEP][PASSED] - verifyElementAttributeValue: Object 'Object Repository/Sidebar Menu/Mesin Kasir/Kasir/Dashboard Kasir/Kasir' has attribute 'content-desc' with value 'drawerContainer_button_cashierSwitch'

2018-09-13 12:16:21 - [MESSAGE][PASSED] - Object 'Object Repository/Sidebar Menu/Mesin Kasir/Kasir/Dashboard Kasir/Kasir' has attribute 'content-desc' with value 'drawerContainer_button_cashierSwitch'

2018-09-13 12:16:21 - [TEST_STEP][PASSED] - tap: Tapped on element 'Object Repository/Sidebar Menu/Mesin Kasir/Kasir/Dashboard Kasir/Kasir'

2018-09-13 12:16:26 - [MESSAGE][PASSED] - Tapped on element 'Object Repository/Sidebar Menu/Mesin Kasir/Kasir/Dashboard Kasir/Kasir'

2018-09-13 12:16:26 - [TEST_STEP][PASSED] - waitForElementPresent: Element 'Object Repository/Sidebar Menu/Mesin Kasir/Kasir/Dashboard Kasir/ListProduk 1' is present

2018-09-13 12:16:30 - [MESSAGE][PASSED] - Element 'Object Repository/Sidebar Menu/Mesin Kasir/Kasir/Dashboard Kasir/ListProduk 1' is present

2018-09-13 12:16:30 - [TEST_STEP][PASSED] - verifyElementAttributeValue: Object 'Object Repository/Sidebar Menu/Mesin Kasir/Kasir/Dashboard Kasir/ListProduk 1' has attribute 'content-desc' with value 'productSalesItem0'

2018-09-13 12:16:34 - [MESSAGE][PASSED] - Object 'Object Repository/Sidebar Menu/Mesin Kasir/Kasir/Dashboard Kasir/ListProduk 1' has attribute 'content-desc' with value 'productSalesItem0'

2018-09-13 12:16:34 - [TEST_STEP][PASSED] - Statement - For (def index : (0..1)): Tapped on element 'Object Repository/Sidebar Menu/Mesin Kasir/Kasir/Dashboard Kasir/ListProduk 1'

2018-09-13 12:16:34 - [TEST_STEP][PASSED] - tap: Tapped on element 'Object Repository/Sidebar Menu/Mesin Kasir/Kasir/Dashboard Kasir/ListProduk 1'

2018-09-13 12:16:40 - [MESSAGE][PASSED] - Tapped on element 'Object Repository/Sidebar Menu/Mesin Kasir/Kasir/Dashboard Kasir/ListProduk 1'

2018-09-13 12:16:40 - [TEST_STEP][PASSED] - tap: Tapped on element 'Object Repository/Sidebar Menu/Mesin Kasir/Kasir/Dashboard Kasir/ListProduk 1'

2018-09-13 12:16:49 - [MESSAGE][PASSED] - Tapped on element 'Object Repository/Sidebar Menu/Mesin Kasir/Kasir/Dashboard Kasir/ListProduk 1'

2018-09-13 12:16:49 - [TEST_STEP][PASSED] - Statement - For (def index : (0..1)): Tapped on element 'Object Repository/Sidebar Menu/Mesin Kasir/Kasir/Dashboard Kasir/ListProduk 2'

2018-09-13 12:16:49 - [TEST_STEP][PASSED] - tap: Tapped on element 'Object Repository/Sidebar Menu/Mesin Kasir/Kasir/Dashboard Kasir/ListProduk 2'

2018-09-13 12:16:55 - [MESSAGE][PASSED] - Tapped on element 'Object Repository/Sidebar Menu/Mesin Kasir/Kasir/Dashboard Kasir/ListProduk 2'

2018-09-13 12:16:55 - [TEST_STEP][PASSED] - tap: Tapped on element 'Object Repository/Sidebar Menu/Mesin Kasir/Kasir/Dashboard Kasir/ListProduk 2'

2018-09-13 12:17:01 - [MESSAGE][PASSED] - Tapped on element 'Object Repository/Sidebar Menu/Mesin Kasir/Kasir/Dashboard Kasir/ListProduk 2'

2018-09-13 12:17:01 - [TEST_STEP][PASSED] - waitForElementPresent: Element 'Object Repository/Sidebar Menu/Mesin Kasir/Kasir/Estimasi Detail Pesanan/Keranjangbtn' is present

2018-09-13 12:17:03 - [MESSAGE][PASSED] - Element 'Object Repository/Sidebar Menu/Mesin Kasir/Kasir/Estimasi Detail Pesanan/Keranjangbtn' is present

2018-09-13 12:17:03 - [TEST_STEP][PASSED] - tap: Tapped on element 'Object Repository/Sidebar Menu/Mesin Kasir/Kasir/Estimasi Detail Pesanan/Keranjangbtn'

2018-09-13 12:17:08 - [MESSAGE][PASSED] - Tapped on element 'Object Repository/Sidebar Menu/Mesin Kasir/Kasir/Estimasi Detail Pesanan/Keranjangbtn'

2018-09-13 12:17:08 - [TEST_STEP][PASSED] - comment: Ringkasan Pesanan Onboarding

2018-09-13 12:17:08 - [TEST_STEP][PASSED] - waitForElementPresent: Element 'Object Repository/Sidebar Menu/Mesin Kasir/Kasir/Ringkasan Pesanan/Diskon Tambahan/Tambah_Diskon' is present

2018-09-13 12:17:14 - [MESSAGE][PASSED] - Element 'Object Repository/Sidebar Menu/Mesin Kasir/Kasir/Ringkasan Pesanan/Diskon Tambahan/Tambah_Diskon' is present

2018-09-13 12:17:14 - [TEST_STEP][PASSED] - verifyElementAttributeValue: Object 'Object Repository/Sidebar Menu/Mesin Kasir/Kasir/Ringkasan Pesanan/Diskon Tambahan/Tambah_Diskon' has attribute 'content-desc' with value 'asubtotal_atext_additional_discount'

2018-09-13 12:17:19 - [MESSAGE][PASSED] - Object 'Object Repository/Sidebar Menu/Mesin Kasir/Kasir/Ringkasan Pesanan/Diskon Tambahan/Tambah_Diskon' has attribute 'content-desc' with value 'asubtotal_atext_additional_discount'

2018-09-13 12:17:19 - [TEST_STEP][PASSED] - verifyElementVisible: Element 'Object Repository/Sidebar Menu/Mesin Kasir/Kasir/Ringkasan Pesanan/Diskon Tambahan/Tambah_Diskon' is visible

2018-09-13 12:17:23 - [MESSAGE][PASSED] - Element 'Object Repository/Sidebar Menu/Mesin Kasir/Kasir/Ringkasan Pesanan/Diskon Tambahan/Tambah_Diskon' is visible

2018-09-13 12:17:23 - [TEST_STEP][PASSED] - waitForElementPresent: Element 'Object Repository/Sidebar Menu/Mesin Kasir/Kasir/Ringkasan Pesanan/Biaya Tambahan/Tambah_Biaya' is present

2018-09-13 12:17:26 - [MESSAGE][PASSED] - Element 'Object Repository/Sidebar Menu/Mesin Kasir/Kasir/Ringkasan Pesanan/Biaya Tambahan/Tambah_Biaya' is present

2018-09-13 12:17:26 - [TEST_STEP][PASSED] - verifyElementVisible: Element 'Object Repository/Sidebar Menu/Mesin Kasir/Kasir/Ringkasan Pesanan/Biaya Tambahan/Tambah_Biaya' is visible

2018-09-13 12:17:30 - [MESSAGE][PASSED] - Element 'Object Repository/Sidebar Menu/Mesin Kasir/Kasir/Ringkasan Pesanan/Biaya Tambahan/Tambah_Biaya' is visible

2018-09-13 12:17:30 - [TEST_STEP][PASSED] - verifyElementAttributeValue: Object 'Object Repository/Sidebar Menu/Mesin Kasir/Kasir/Ringkasan Pesanan/Biaya Tambahan/Tambah_Biaya' has attribute 'content-desc' with value 'asubtotal_abutton_additional_cost'

2018-09-13 12:17:34 - [MESSAGE][PASSED] - Object 'Object Repository/Sidebar Menu/Mesin Kasir/Kasir/Ringkasan Pesanan/Biaya Tambahan/Tambah_Biaya' has attribute 'content-desc' with value 'asubtotal_abutton_additional_cost'

2018-09-13 12:17:34 - [TEST_STEP][PASSED] - closeApplication: Close app successfully

2018-09-13 12:17:41 - [MESSAGE][PASSED] - Close app successfully]]></system-out>
         <system-err><![CDATA[]]></system-err>
      </testcase>
      <testcase name="Test Cases/Release 3 - Squad Hades/Sprint 1/Story 1770 - Additional Biaya Tambahan in shoopping cart/TC 2 - Click X button from Biaya Tambahan field to Cancel and check contain" classname="Test Cases/Release 3 - Squad Hades/Sprint 1/Story 1770 - Additional Biaya Tambahan in shoopping cart/TC 2 - Click X button from Biaya Tambahan field to Cancel and check contain" status="PASSED">
         <system-out><![CDATA[2018-09-13 12:17:41 - [TEST_CASE][PASSED] - Test Cases/Release 3 - Squad Hades/Sprint 1/Story 1770 - Additional Biaya Tambahan in shoopping cart/TC 2 - Click X button from Biaya Tambahan field to Cancel and check contain: Test Cases/Release 3 - Squad Hades/Sprint 1/Story 1770 - Additional Biaya Tambahan in shoopping cart/TC 2 - Click X button from Biaya Tambahan field to Cancel and check contain

2018-09-13 12:17:42 - [TEST_STEP][PASSED] - comment: WELCOME SCREEN

2018-09-13 12:17:42 - [TEST_STEP][PASSED] - Statement - apkPath = apkName: null

2018-09-13 12:17:42 - [TEST_STEP][PASSED] - startApplication: Started app at: 'C:\Users\AV2017005903\Documents\apollo-automation\7 September.apk'

2018-09-13 12:18:17 - [MESSAGE][PASSED] - Started app at: 'C:\Users\AV2017005903\Documents\apollo-automation\7 September.apk'

2018-09-13 12:18:17 - [TEST_STEP][PASSED] - delay: Delayed 15 second(s)

2018-09-13 12:18:32 - [MESSAGE][PASSED] - Delayed 15 second(s)

2018-09-13 12:18:32 - [TEST_STEP][PASSED] - Comment - "If there is a Update TopuUp, click No, Else you can delay for waiting lazyload ": null

2018-09-13 12:18:32 - [TEST_STEP][PASSED] - Statement - driver = com.kms.katalon.core.mobile.keyword.internal.MobileDriverFactory.getDriver(): null

2018-09-13 12:18:32 - [TEST_STEP][PASSED] - Statement - action = new io.appium.java_client.TouchAction(driver): null

2018-09-13 12:18:32 - [TEST_STEP][PASSED] - Statement - action.longPress(550, 300).moveTo(100, 300).release().perform(): null

2018-09-13 12:18:34 - [TEST_STEP][PASSED] - delay: Delayed 8 second(s)

2018-09-13 12:18:42 - [MESSAGE][PASSED] - Delayed 8 second(s)

2018-09-13 12:18:42 - [TEST_STEP][PASSED] - Statement - action.longPress(550, 300).moveTo(100, 300).release().perform(): null

2018-09-13 12:18:45 - [TEST_STEP][PASSED] - delay: Delayed 8 second(s)

2018-09-13 12:18:53 - [MESSAGE][PASSED] - Delayed 8 second(s)

2018-09-13 12:18:53 - [TEST_STEP][PASSED] - Statement - action.longPress(550, 300).moveTo(100, 300).release().perform(): null

2018-09-13 12:18:55 - [TEST_STEP][PASSED] - delay: Delayed 8 second(s)

2018-09-13 12:19:03 - [MESSAGE][PASSED] - Delayed 8 second(s)

2018-09-13 12:19:03 - [TEST_STEP][PASSED] - Statement - action.longPress(550, 300).moveTo(100, 300).release().perform(): null

2018-09-13 12:19:06 - [TEST_STEP][PASSED] - delay: Delayed 8 second(s)

2018-09-13 12:19:14 - [MESSAGE][PASSED] - Delayed 8 second(s)

2018-09-13 12:19:14 - [TEST_STEP][PASSED] - waitForElementPresent: Element 'Object Repository/Splash Screen/Mulai - Button' is present

2018-09-13 12:19:14 - [MESSAGE][WARNING] - Timeout '0' is invalid. Using default page load timeout: '30'

2018-09-13 12:19:16 - [MESSAGE][PASSED] - Element 'Object Repository/Splash Screen/Mulai - Button' is present

2018-09-13 12:19:17 - [TEST_STEP][PASSED] - tap: Tapped on element 'Object Repository/Splash Screen/Mulai - Button'

2018-09-13 12:19:17 - [MESSAGE][WARNING] - Timeout '0' is invalid. Using default page load timeout: '30'

2018-09-13 12:19:22 - [MESSAGE][PASSED] - Tapped on element 'Object Repository/Splash Screen/Mulai - Button'

2018-09-13 12:19:22 - [TEST_STEP][PASSED] - comment: end Welcome Screen

2018-09-13 12:19:22 - [TEST_STEP][PASSED] - comment: LOGIN

2018-09-13 12:19:22 - [TEST_STEP][PASSED] - waitForElementPresent: Element 'Object Repository/Login/Nomor HP  Nama Pengguna - Text Box' is present

2018-09-13 12:19:29 - [MESSAGE][PASSED] - Element 'Object Repository/Login/Nomor HP  Nama Pengguna - Text Box' is present

2018-09-13 12:19:29 - [TEST_STEP][PASSED] - verifyElementAttributeValue: Object 'Object Repository/Login/Nomor HP  Nama Pengguna - Text Box' has attribute 'content-desc' with value 'LoginNameTextInput'

2018-09-13 12:19:33 - [MESSAGE][PASSED] - Object 'Object Repository/Login/Nomor HP  Nama Pengguna - Text Box' has attribute 'content-desc' with value 'LoginNameTextInput'

2018-09-13 12:19:33 - [TEST_STEP][PASSED] - setText: Text '08112233445567' has been set to element 'Object Repository/Login/Nomor HP  Nama Pengguna - Text Box'

2018-09-13 12:19:53 - [MESSAGE][PASSED] - Text '08112233445567' has been set to element 'Object Repository/Login/Nomor HP  Nama Pengguna - Text Box'

2018-09-13 12:19:53 - [TEST_STEP][PASSED] - hideKeyboard: Keyboard is hidden

2018-09-13 12:19:54 - [MESSAGE][PASSED] - Keyboard is hidden

2018-09-13 12:19:55 - [TEST_STEP][PASSED] - verifyElementText: Actual text and expected text of test object 'Object Repository/Login/Nomor HP  Nama Pengguna - Text Box' are matched.

2018-09-13 12:20:00 - [MESSAGE][PASSED] - Actual text and expected text of test object 'Object Repository/Login/Nomor HP  Nama Pengguna - Text Box' are matched.

2018-09-13 12:20:00 - [TEST_STEP][PASSED] - waitForElementPresent: Element 'Object Repository/Login/Button Masuk' is present

2018-09-13 12:20:08 - [MESSAGE][PASSED] - Element 'Object Repository/Login/Button Masuk' is present

2018-09-13 12:20:08 - [TEST_STEP][PASSED] - verifyElementAttributeValue: Object 'Object Repository/Login/Button Masuk' has attribute 'content-desc' with value 'LoginJumpNextBtn'

2018-09-13 12:20:12 - [MESSAGE][PASSED] - Object 'Object Repository/Login/Button Masuk' has attribute 'content-desc' with value 'LoginJumpNextBtn'

2018-09-13 12:20:12 - [TEST_STEP][PASSED] - tap: Tapped on element 'Object Repository/Login/Button Masuk'

2018-09-13 12:20:17 - [MESSAGE][PASSED] - Tapped on element 'Object Repository/Login/Button Masuk'

2018-09-13 12:20:17 - [TEST_STEP][PASSED] - waitForElementPresent: Element 'Object Repository/Login/Input Pin' is present

2018-09-13 12:20:25 - [MESSAGE][PASSED] - Element 'Object Repository/Login/Input Pin' is present

2018-09-13 12:20:25 - [TEST_STEP][PASSED] - verifyElementAttributeValue: Object 'Object Repository/Login/Input Pin' has attribute 'content-desc' with value 'pinCircleFocus'

2018-09-13 12:20:29 - [MESSAGE][PASSED] - Object 'Object Repository/Login/Input Pin' has attribute 'content-desc' with value 'pinCircleFocus'

2018-09-13 12:20:29 - [TEST_STEP][PASSED] - tap: Tapped on element 'Object Repository/Login/Input Pin'

2018-09-13 12:20:35 - [MESSAGE][PASSED] - Tapped on element 'Object Repository/Login/Input Pin'

2018-09-13 12:20:35 - [TEST_STEP][PASSED] - setText: Text '123456' has been set to element 'Object Repository/Login/Input Pin'

2018-09-13 12:20:55 - [MESSAGE][PASSED] - Text '123456' has been set to element 'Object Repository/Login/Input Pin'

2018-09-13 12:20:55 - [TEST_STEP][PASSED] - delay: Delayed 5 second(s)

2018-09-13 12:21:00 - [MESSAGE][PASSED] - Delayed 5 second(s)

2018-09-13 12:21:00 - [TEST_STEP][PASSED] - comment: End Login Test Case

2018-09-13 12:21:00 - [TEST_STEP][PASSED] - waitForElementPresent: Element 'Object Repository/Sidebar Menu/Biaya/HamburgerButton' is present

2018-09-13 12:21:08 - [MESSAGE][PASSED] - Element 'Object Repository/Sidebar Menu/Biaya/HamburgerButton' is present

2018-09-13 12:21:08 - [TEST_STEP][PASSED] - comment: MESIN KASIR

2018-09-13 12:21:08 - [TEST_STEP][PASSED] - verifyElementAttributeValue: Object 'Object Repository/Sidebar Menu/Biaya/HamburgerButton' has attribute 'content-desc' with value 'headerBar_button_hamburgerMenu'

2018-09-13 12:21:13 - [MESSAGE][PASSED] - Object 'Object Repository/Sidebar Menu/Biaya/HamburgerButton' has attribute 'content-desc' with value 'headerBar_button_hamburgerMenu'

2018-09-13 12:21:13 - [TEST_STEP][PASSED] - tap: Tapped on element 'Object Repository/Sidebar Menu/Biaya/HamburgerButton'

2018-09-13 12:21:18 - [MESSAGE][PASSED] - Tapped on element 'Object Repository/Sidebar Menu/Biaya/HamburgerButton'

2018-09-13 12:21:18 - [TEST_STEP][PASSED] - waitForElementPresent: Element 'Object Repository/Sidebar Menu/Mesin Kasir/Kasir/Dashboard Kasir/Kasir' is present

2018-09-13 12:21:22 - [MESSAGE][PASSED] - Element 'Object Repository/Sidebar Menu/Mesin Kasir/Kasir/Dashboard Kasir/Kasir' is present

2018-09-13 12:21:22 - [TEST_STEP][PASSED] - verifyElementAttributeValue: Object 'Object Repository/Sidebar Menu/Mesin Kasir/Kasir/Dashboard Kasir/Kasir' has attribute 'content-desc' with value 'drawerContainer_button_cashierSwitch'

2018-09-13 12:21:26 - [MESSAGE][PASSED] - Object 'Object Repository/Sidebar Menu/Mesin Kasir/Kasir/Dashboard Kasir/Kasir' has attribute 'content-desc' with value 'drawerContainer_button_cashierSwitch'

2018-09-13 12:21:26 - [TEST_STEP][PASSED] - tap: Tapped on element 'Object Repository/Sidebar Menu/Mesin Kasir/Kasir/Dashboard Kasir/Kasir'

2018-09-13 12:21:31 - [MESSAGE][PASSED] - Tapped on element 'Object Repository/Sidebar Menu/Mesin Kasir/Kasir/Dashboard Kasir/Kasir'

2018-09-13 12:21:31 - [TEST_STEP][PASSED] - waitForElementPresent: Element 'Object Repository/Sidebar Menu/Mesin Kasir/Kasir/Dashboard Kasir/ListProduk 1' is present

2018-09-13 12:21:38 - [MESSAGE][PASSED] - Element 'Object Repository/Sidebar Menu/Mesin Kasir/Kasir/Dashboard Kasir/ListProduk 1' is present

2018-09-13 12:21:38 - [TEST_STEP][PASSED] - verifyElementAttributeValue: Object 'Object Repository/Sidebar Menu/Mesin Kasir/Kasir/Dashboard Kasir/ListProduk 1' has attribute 'content-desc' with value 'productSalesItem0'

2018-09-13 12:21:42 - [MESSAGE][PASSED] - Object 'Object Repository/Sidebar Menu/Mesin Kasir/Kasir/Dashboard Kasir/ListProduk 1' has attribute 'content-desc' with value 'productSalesItem0'

2018-09-13 12:21:42 - [TEST_STEP][PASSED] - Statement - For (def index : (0..1)): Tapped on element 'Object Repository/Sidebar Menu/Mesin Kasir/Kasir/Dashboard Kasir/ListProduk 1'

2018-09-13 12:21:42 - [TEST_STEP][PASSED] - tap: Tapped on element 'Object Repository/Sidebar Menu/Mesin Kasir/Kasir/Dashboard Kasir/ListProduk 1'

2018-09-13 12:21:52 - [MESSAGE][PASSED] - Tapped on element 'Object Repository/Sidebar Menu/Mesin Kasir/Kasir/Dashboard Kasir/ListProduk 1'

2018-09-13 12:21:52 - [TEST_STEP][PASSED] - tap: Tapped on element 'Object Repository/Sidebar Menu/Mesin Kasir/Kasir/Dashboard Kasir/ListProduk 1'

2018-09-13 12:21:57 - [MESSAGE][PASSED] - Tapped on element 'Object Repository/Sidebar Menu/Mesin Kasir/Kasir/Dashboard Kasir/ListProduk 1'

2018-09-13 12:21:57 - [TEST_STEP][PASSED] - Statement - For (def index : (0..1)): Tapped on element 'Object Repository/Sidebar Menu/Mesin Kasir/Kasir/Dashboard Kasir/ListProduk 2'

2018-09-13 12:21:57 - [TEST_STEP][PASSED] - tap: Tapped on element 'Object Repository/Sidebar Menu/Mesin Kasir/Kasir/Dashboard Kasir/ListProduk 2'

2018-09-13 12:22:02 - [MESSAGE][PASSED] - Tapped on element 'Object Repository/Sidebar Menu/Mesin Kasir/Kasir/Dashboard Kasir/ListProduk 2'

2018-09-13 12:22:02 - [TEST_STEP][PASSED] - tap: Tapped on element 'Object Repository/Sidebar Menu/Mesin Kasir/Kasir/Dashboard Kasir/ListProduk 2'

2018-09-13 12:22:08 - [MESSAGE][PASSED] - Tapped on element 'Object Repository/Sidebar Menu/Mesin Kasir/Kasir/Dashboard Kasir/ListProduk 2'

2018-09-13 12:22:08 - [TEST_STEP][PASSED] - waitForElementPresent: Element 'Object Repository/Sidebar Menu/Mesin Kasir/Kasir/Estimasi Detail Pesanan/Keranjangbtn' is present

2018-09-13 12:22:10 - [MESSAGE][PASSED] - Element 'Object Repository/Sidebar Menu/Mesin Kasir/Kasir/Estimasi Detail Pesanan/Keranjangbtn' is present

2018-09-13 12:22:10 - [TEST_STEP][PASSED] - tap: Tapped on element 'Object Repository/Sidebar Menu/Mesin Kasir/Kasir/Estimasi Detail Pesanan/Keranjangbtn'

2018-09-13 12:22:15 - [MESSAGE][PASSED] - Tapped on element 'Object Repository/Sidebar Menu/Mesin Kasir/Kasir/Estimasi Detail Pesanan/Keranjangbtn'

2018-09-13 12:22:15 - [TEST_STEP][PASSED] - comment: Ringkasan Pesanan Onboarding

2018-09-13 12:22:15 - [TEST_STEP][PASSED] - waitForElementPresent: Element 'Object Repository/Sidebar Menu/Mesin Kasir/Kasir/Ringkasan Pesanan/Diskon Tambahan/Tambah_Diskon' is present

2018-09-13 12:22:19 - [MESSAGE][PASSED] - Element 'Object Repository/Sidebar Menu/Mesin Kasir/Kasir/Ringkasan Pesanan/Diskon Tambahan/Tambah_Diskon' is present

2018-09-13 12:22:19 - [TEST_STEP][PASSED] - verifyElementAttributeValue: Object 'Object Repository/Sidebar Menu/Mesin Kasir/Kasir/Ringkasan Pesanan/Diskon Tambahan/Tambah_Diskon' has attribute 'content-desc' with value 'asubtotal_atext_additional_discount'

2018-09-13 12:22:22 - [MESSAGE][PASSED] - Object 'Object Repository/Sidebar Menu/Mesin Kasir/Kasir/Ringkasan Pesanan/Diskon Tambahan/Tambah_Diskon' has attribute 'content-desc' with value 'asubtotal_atext_additional_discount'

2018-09-13 12:22:22 - [TEST_STEP][PASSED] - verifyElementVisible: Element 'Object Repository/Sidebar Menu/Mesin Kasir/Kasir/Ringkasan Pesanan/Diskon Tambahan/Tambah_Diskon' is visible

2018-09-13 12:22:27 - [MESSAGE][PASSED] - Element 'Object Repository/Sidebar Menu/Mesin Kasir/Kasir/Ringkasan Pesanan/Diskon Tambahan/Tambah_Diskon' is visible

2018-09-13 12:22:27 - [TEST_STEP][PASSED] - waitForElementPresent: Element 'Object Repository/Sidebar Menu/Mesin Kasir/Kasir/Ringkasan Pesanan/Biaya Tambahan/Tambah_Biaya' is present

2018-09-13 12:22:30 - [MESSAGE][PASSED] - Element 'Object Repository/Sidebar Menu/Mesin Kasir/Kasir/Ringkasan Pesanan/Biaya Tambahan/Tambah_Biaya' is present

2018-09-13 12:22:30 - [TEST_STEP][PASSED] - verifyElementAttributeValue: Object 'Object Repository/Sidebar Menu/Mesin Kasir/Kasir/Ringkasan Pesanan/Biaya Tambahan/Tambah_Biaya' has attribute 'content-desc' with value 'asubtotal_abutton_additional_cost'

2018-09-13 12:22:34 - [MESSAGE][PASSED] - Object 'Object Repository/Sidebar Menu/Mesin Kasir/Kasir/Ringkasan Pesanan/Biaya Tambahan/Tambah_Biaya' has attribute 'content-desc' with value 'asubtotal_abutton_additional_cost'

2018-09-13 12:22:34 - [TEST_STEP][PASSED] - tap: Tapped on element 'Object Repository/Sidebar Menu/Mesin Kasir/Kasir/Ringkasan Pesanan/Biaya Tambahan/Tambah_Biaya'

2018-09-13 12:22:41 - [MESSAGE][PASSED] - Tapped on element 'Object Repository/Sidebar Menu/Mesin Kasir/Kasir/Ringkasan Pesanan/Biaya Tambahan/Tambah_Biaya'

2018-09-13 12:22:41 - [TEST_STEP][PASSED] - waitForElementPresent: Element 'Object Repository/Sidebar Menu/Mesin Kasir/Kasir/Ringkasan Pesanan/Biaya Tambahan/TambahBiaya - JudulDropdown' is present

2018-09-13 12:22:45 - [MESSAGE][PASSED] - Element 'Object Repository/Sidebar Menu/Mesin Kasir/Kasir/Ringkasan Pesanan/Biaya Tambahan/TambahBiaya - JudulDropdown' is present

2018-09-13 12:22:45 - [TEST_STEP][PASSED] - verifyElementAttributeValue: Object 'Object Repository/Sidebar Menu/Mesin Kasir/Kasir/Ringkasan Pesanan/Biaya Tambahan/TambahBiaya - JudulDropdown' has attribute 'content-desc' with value 'additionalCost_icon_costType'

2018-09-13 12:22:49 - [MESSAGE][PASSED] - Object 'Object Repository/Sidebar Menu/Mesin Kasir/Kasir/Ringkasan Pesanan/Biaya Tambahan/TambahBiaya - JudulDropdown' has attribute 'content-desc' with value 'additionalCost_icon_costType'

2018-09-13 12:22:49 - [TEST_STEP][PASSED] - tap: Tapped on element 'Object Repository/Sidebar Menu/Mesin Kasir/Kasir/Ringkasan Pesanan/Biaya Tambahan/TambahBiaya - JudulDropdown'

2018-09-13 12:22:54 - [MESSAGE][PASSED] - Tapped on element 'Object Repository/Sidebar Menu/Mesin Kasir/Kasir/Ringkasan Pesanan/Biaya Tambahan/TambahBiaya - JudulDropdown'

2018-09-13 12:22:54 - [TEST_STEP][PASSED] - waitForElementPresent: Element 'Object Repository/Sidebar Menu/Mesin Kasir/Kasir/Ringkasan Pesanan/Biaya Tambahan/TambahBiaya - JudulList2' is present

2018-09-13 12:22:58 - [MESSAGE][PASSED] - Element 'Object Repository/Sidebar Menu/Mesin Kasir/Kasir/Ringkasan Pesanan/Biaya Tambahan/TambahBiaya - JudulList2' is present

2018-09-13 12:22:58 - [TEST_STEP][PASSED] - verifyElementAttributeValue: Object 'Object Repository/Sidebar Menu/Mesin Kasir/Kasir/Ringkasan Pesanan/Biaya Tambahan/TambahBiaya - JudulList2' has attribute 'content-desc' with value 'additionalCost_text_costType_1'

2018-09-13 12:23:02 - [MESSAGE][PASSED] - Object 'Object Repository/Sidebar Menu/Mesin Kasir/Kasir/Ringkasan Pesanan/Biaya Tambahan/TambahBiaya - JudulList2' has attribute 'content-desc' with value 'additionalCost_text_costType_1'

2018-09-13 12:23:02 - [TEST_STEP][PASSED] - tap: Tapped on element 'Object Repository/Sidebar Menu/Mesin Kasir/Kasir/Ringkasan Pesanan/Biaya Tambahan/TambahBiaya - JudulList2'

2018-09-13 12:23:08 - [MESSAGE][PASSED] - Tapped on element 'Object Repository/Sidebar Menu/Mesin Kasir/Kasir/Ringkasan Pesanan/Biaya Tambahan/TambahBiaya - JudulList2'

2018-09-13 12:23:08 - [TEST_STEP][PASSED] - waitForElementPresent: Element 'Object Repository/Sidebar Menu/Mesin Kasir/Kasir/Ringkasan Pesanan/Biaya Tambahan/TambahBiaya - BiayaEditTxt' is present

2018-09-13 12:23:12 - [MESSAGE][PASSED] - Element 'Object Repository/Sidebar Menu/Mesin Kasir/Kasir/Ringkasan Pesanan/Biaya Tambahan/TambahBiaya - BiayaEditTxt' is present

2018-09-13 12:23:12 - [TEST_STEP][PASSED] - verifyElementAttributeValue: Object 'Object Repository/Sidebar Menu/Mesin Kasir/Kasir/Ringkasan Pesanan/Biaya Tambahan/TambahBiaya - BiayaEditTxt' has attribute 'content-desc' with value 'additionalCost_input_costAmount'

2018-09-13 12:23:16 - [MESSAGE][PASSED] - Object 'Object Repository/Sidebar Menu/Mesin Kasir/Kasir/Ringkasan Pesanan/Biaya Tambahan/TambahBiaya - BiayaEditTxt' has attribute 'content-desc' with value 'additionalCost_input_costAmount'

2018-09-13 12:23:16 - [TEST_STEP][PASSED] - setText: Text '2000' has been set to element 'Object Repository/Sidebar Menu/Mesin Kasir/Kasir/Ringkasan Pesanan/Biaya Tambahan/TambahBiaya - BiayaEditTxt'

2018-09-13 12:23:33 - [MESSAGE][PASSED] - Text '2000' has been set to element 'Object Repository/Sidebar Menu/Mesin Kasir/Kasir/Ringkasan Pesanan/Biaya Tambahan/TambahBiaya - BiayaEditTxt'

2018-09-13 12:23:33 - [TEST_STEP][PASSED] - hideKeyboard: Keyboard is hidden

2018-09-13 12:23:34 - [MESSAGE][PASSED] - Keyboard is hidden

2018-09-13 12:23:34 - [TEST_STEP][PASSED] - waitForElementPresent: Element 'Object Repository/Sidebar Menu/Mesin Kasir/Kasir/Ringkasan Pesanan/Biaya Tambahan/TambahBiaya - SIMPANbtn' is present

2018-09-13 12:23:37 - [MESSAGE][PASSED] - Element 'Object Repository/Sidebar Menu/Mesin Kasir/Kasir/Ringkasan Pesanan/Biaya Tambahan/TambahBiaya - SIMPANbtn' is present

2018-09-13 12:23:37 - [TEST_STEP][PASSED] - verifyElementAttributeValue: Object 'Object Repository/Sidebar Menu/Mesin Kasir/Kasir/Ringkasan Pesanan/Biaya Tambahan/TambahBiaya - SIMPANbtn' has attribute 'content-desc' with value 'additionalCost_button_saveCost'

2018-09-13 12:23:44 - [MESSAGE][PASSED] - Object 'Object Repository/Sidebar Menu/Mesin Kasir/Kasir/Ringkasan Pesanan/Biaya Tambahan/TambahBiaya - SIMPANbtn' has attribute 'content-desc' with value 'additionalCost_button_saveCost'

2018-09-13 12:23:44 - [TEST_STEP][PASSED] - tap: Tapped on element 'Object Repository/Sidebar Menu/Mesin Kasir/Kasir/Ringkasan Pesanan/Biaya Tambahan/TambahBiaya - SIMPANbtn'

2018-09-13 12:23:54 - [MESSAGE][PASSED] - Tapped on element 'Object Repository/Sidebar Menu/Mesin Kasir/Kasir/Ringkasan Pesanan/Biaya Tambahan/TambahBiaya - SIMPANbtn'

2018-09-13 12:23:54 - [TEST_STEP][PASSED] - waitForElementPresent: Element 'Object Repository/Sidebar Menu/Mesin Kasir/Kasir/Ringkasan Pesanan/Biaya Tambahan/cross_button - BiayaKirim' is present

2018-09-13 12:23:58 - [MESSAGE][PASSED] - Element 'Object Repository/Sidebar Menu/Mesin Kasir/Kasir/Ringkasan Pesanan/Biaya Tambahan/cross_button - BiayaKirim' is present

2018-09-13 12:23:58 - [TEST_STEP][PASSED] - verifyElementAttributeValue: Object 'Object Repository/Sidebar Menu/Mesin Kasir/Kasir/Ringkasan Pesanan/Biaya Tambahan/cross_button - BiayaKirim' has attribute 'content-desc' with value 'asubtotal_abutton_additional_cost_clear'

2018-09-13 12:24:02 - [MESSAGE][PASSED] - Object 'Object Repository/Sidebar Menu/Mesin Kasir/Kasir/Ringkasan Pesanan/Biaya Tambahan/cross_button - BiayaKirim' has attribute 'content-desc' with value 'asubtotal_abutton_additional_cost_clear'

2018-09-13 12:24:02 - [TEST_STEP][PASSED] - tap: Tapped on element 'Object Repository/Sidebar Menu/Mesin Kasir/Kasir/Ringkasan Pesanan/Biaya Tambahan/cross_button - BiayaKirim'

2018-09-13 12:24:07 - [MESSAGE][PASSED] - Tapped on element 'Object Repository/Sidebar Menu/Mesin Kasir/Kasir/Ringkasan Pesanan/Biaya Tambahan/cross_button - BiayaKirim'

2018-09-13 12:24:07 - [TEST_STEP][PASSED] - waitForElementPresent: Element 'Object Repository/Sidebar Menu/Mesin Kasir/Kasir/Ringkasan Pesanan/Biaya Tambahan/Tambah_Biaya' is present

2018-09-13 12:24:10 - [MESSAGE][PASSED] - Element 'Object Repository/Sidebar Menu/Mesin Kasir/Kasir/Ringkasan Pesanan/Biaya Tambahan/Tambah_Biaya' is present

2018-09-13 12:24:10 - [TEST_STEP][PASSED] - verifyElementVisible: Element 'Object Repository/Sidebar Menu/Mesin Kasir/Kasir/Ringkasan Pesanan/Biaya Tambahan/Tambah_Biaya' is visible

2018-09-13 12:24:14 - [MESSAGE][PASSED] - Element 'Object Repository/Sidebar Menu/Mesin Kasir/Kasir/Ringkasan Pesanan/Biaya Tambahan/Tambah_Biaya' is visible

2018-09-13 12:24:14 - [TEST_STEP][PASSED] - verifyElementAttributeValue: Object 'Object Repository/Sidebar Menu/Mesin Kasir/Kasir/Ringkasan Pesanan/Biaya Tambahan/Tambah_Biaya' has attribute 'content-desc' with value 'asubtotal_abutton_additional_cost'

2018-09-13 12:24:18 - [MESSAGE][PASSED] - Object 'Object Repository/Sidebar Menu/Mesin Kasir/Kasir/Ringkasan Pesanan/Biaya Tambahan/Tambah_Biaya' has attribute 'content-desc' with value 'asubtotal_abutton_additional_cost'

2018-09-13 12:24:18 - [TEST_STEP][PASSED] - closeApplication: Close app successfully

2018-09-13 12:24:25 - [MESSAGE][PASSED] - Close app successfully]]></system-out>
         <system-err><![CDATA[]]></system-err>
      </testcase>
      <testcase name="Test Cases/Release 3 - Squad Hades/Sprint 1/Story 1770 - Additional Biaya Tambahan in shoopping cart/TC 3 - Edit Biaya Tambahan" classname="Test Cases/Release 3 - Squad Hades/Sprint 1/Story 1770 - Additional Biaya Tambahan in shoopping cart/TC 3 - Edit Biaya Tambahan" status="PASSED">
         <system-out><![CDATA[2018-09-13 12:24:25 - [TEST_CASE][PASSED] - Test Cases/Release 3 - Squad Hades/Sprint 1/Story 1770 - Additional Biaya Tambahan in shoopping cart/TC 3 - Edit Biaya Tambahan: Test Cases/Release 3 - Squad Hades/Sprint 1/Story 1770 - Additional Biaya Tambahan in shoopping cart/TC 3 - Edit Biaya Tambahan

2018-09-13 12:24:25 - [TEST_STEP][PASSED] - comment: WELCOME SCREEN

2018-09-13 12:24:25 - [TEST_STEP][PASSED] - Statement - apkPath = apkName: null

2018-09-13 12:24:25 - [TEST_STEP][PASSED] - startApplication: Started app at: 'C:\Users\AV2017005903\Documents\apollo-automation\7 September.apk'

2018-09-13 12:25:01 - [MESSAGE][PASSED] - Started app at: 'C:\Users\AV2017005903\Documents\apollo-automation\7 September.apk'

2018-09-13 12:25:01 - [TEST_STEP][PASSED] - delay: Delayed 15 second(s)

2018-09-13 12:25:16 - [MESSAGE][PASSED] - Delayed 15 second(s)

2018-09-13 12:25:16 - [TEST_STEP][PASSED] - Comment - "If there is a Update TopuUp, click No, Else you can delay for waiting lazyload ": null

2018-09-13 12:25:16 - [TEST_STEP][PASSED] - Statement - driver = com.kms.katalon.core.mobile.keyword.internal.MobileDriverFactory.getDriver(): null

2018-09-13 12:25:16 - [TEST_STEP][PASSED] - Statement - action = new io.appium.java_client.TouchAction(driver): null

2018-09-13 12:25:16 - [TEST_STEP][PASSED] - Statement - action.longPress(550, 300).moveTo(100, 300).release().perform(): null

2018-09-13 12:25:19 - [TEST_STEP][PASSED] - delay: Delayed 8 second(s)

2018-09-13 12:25:27 - [MESSAGE][PASSED] - Delayed 8 second(s)

2018-09-13 12:25:27 - [TEST_STEP][PASSED] - Statement - action.longPress(550, 300).moveTo(100, 300).release().perform(): null

2018-09-13 12:25:29 - [TEST_STEP][PASSED] - delay: Delayed 8 second(s)

2018-09-13 12:25:37 - [MESSAGE][PASSED] - Delayed 8 second(s)

2018-09-13 12:25:37 - [TEST_STEP][PASSED] - Statement - action.longPress(550, 300).moveTo(100, 300).release().perform(): null

2018-09-13 12:25:41 - [TEST_STEP][PASSED] - delay: Delayed 8 second(s)

2018-09-13 12:25:49 - [MESSAGE][PASSED] - Delayed 8 second(s)

2018-09-13 12:25:49 - [TEST_STEP][PASSED] - Statement - action.longPress(550, 300).moveTo(100, 300).release().perform(): null

2018-09-13 12:25:51 - [TEST_STEP][PASSED] - delay: Delayed 8 second(s)

2018-09-13 12:25:59 - [MESSAGE][PASSED] - Delayed 8 second(s)

2018-09-13 12:25:59 - [TEST_STEP][PASSED] - waitForElementPresent: Element 'Object Repository/Splash Screen/Mulai - Button' is present

2018-09-13 12:25:59 - [MESSAGE][WARNING] - Timeout '0' is invalid. Using default page load timeout: '30'

2018-09-13 12:26:03 - [MESSAGE][PASSED] - Element 'Object Repository/Splash Screen/Mulai - Button' is present

2018-09-13 12:26:03 - [TEST_STEP][PASSED] - tap: Tapped on element 'Object Repository/Splash Screen/Mulai - Button'

2018-09-13 12:26:03 - [MESSAGE][WARNING] - Timeout '0' is invalid. Using default page load timeout: '30'

2018-09-13 12:26:09 - [MESSAGE][PASSED] - Tapped on element 'Object Repository/Splash Screen/Mulai - Button'

2018-09-13 12:26:09 - [TEST_STEP][PASSED] - comment: end Welcome Screen

2018-09-13 12:26:09 - [TEST_STEP][PASSED] - comment: LOGIN

2018-09-13 12:26:09 - [TEST_STEP][PASSED] - waitForElementPresent: Element 'Object Repository/Login/Nomor HP  Nama Pengguna - Text Box' is present

2018-09-13 12:26:12 - [MESSAGE][PASSED] - Element 'Object Repository/Login/Nomor HP  Nama Pengguna - Text Box' is present

2018-09-13 12:26:12 - [TEST_STEP][PASSED] - verifyElementAttributeValue: Object 'Object Repository/Login/Nomor HP  Nama Pengguna - Text Box' has attribute 'content-desc' with value 'LoginNameTextInput'

2018-09-13 12:26:16 - [MESSAGE][PASSED] - Object 'Object Repository/Login/Nomor HP  Nama Pengguna - Text Box' has attribute 'content-desc' with value 'LoginNameTextInput'

2018-09-13 12:26:16 - [TEST_STEP][PASSED] - setText: Text '08112233445567' has been set to element 'Object Repository/Login/Nomor HP  Nama Pengguna - Text Box'

2018-09-13 12:26:40 - [MESSAGE][PASSED] - Text '08112233445567' has been set to element 'Object Repository/Login/Nomor HP  Nama Pengguna - Text Box'

2018-09-13 12:26:40 - [TEST_STEP][PASSED] - hideKeyboard: Keyboard is hidden

2018-09-13 12:26:41 - [MESSAGE][PASSED] - Keyboard is hidden

2018-09-13 12:26:41 - [TEST_STEP][PASSED] - verifyElementText: Actual text and expected text of test object 'Object Repository/Login/Nomor HP  Nama Pengguna - Text Box' are matched.

2018-09-13 12:26:45 - [MESSAGE][PASSED] - Actual text and expected text of test object 'Object Repository/Login/Nomor HP  Nama Pengguna - Text Box' are matched.

2018-09-13 12:26:45 - [TEST_STEP][PASSED] - waitForElementPresent: Element 'Object Repository/Login/Button Masuk' is present

2018-09-13 12:26:49 - [MESSAGE][PASSED] - Element 'Object Repository/Login/Button Masuk' is present

2018-09-13 12:26:49 - [TEST_STEP][PASSED] - verifyElementAttributeValue: Object 'Object Repository/Login/Button Masuk' has attribute 'content-desc' with value 'LoginJumpNextBtn'

2018-09-13 12:26:53 - [MESSAGE][PASSED] - Object 'Object Repository/Login/Button Masuk' has attribute 'content-desc' with value 'LoginJumpNextBtn'

2018-09-13 12:26:53 - [TEST_STEP][PASSED] - tap: Tapped on element 'Object Repository/Login/Button Masuk'

2018-09-13 12:26:58 - [MESSAGE][PASSED] - Tapped on element 'Object Repository/Login/Button Masuk'

2018-09-13 12:26:58 - [TEST_STEP][PASSED] - waitForElementPresent: Element 'Object Repository/Login/Input Pin' is present

2018-09-13 12:27:02 - [MESSAGE][PASSED] - Element 'Object Repository/Login/Input Pin' is present

2018-09-13 12:27:02 - [TEST_STEP][PASSED] - verifyElementAttributeValue: Object 'Object Repository/Login/Input Pin' has attribute 'content-desc' with value 'pinCircleFocus'

2018-09-13 12:27:06 - [MESSAGE][PASSED] - Object 'Object Repository/Login/Input Pin' has attribute 'content-desc' with value 'pinCircleFocus'

2018-09-13 12:27:06 - [TEST_STEP][PASSED] - tap: Tapped on element 'Object Repository/Login/Input Pin'

2018-09-13 12:27:13 - [MESSAGE][PASSED] - Tapped on element 'Object Repository/Login/Input Pin'

2018-09-13 12:27:13 - [TEST_STEP][PASSED] - setText: Text '123456' has been set to element 'Object Repository/Login/Input Pin'

2018-09-13 12:27:34 - [MESSAGE][PASSED] - Text '123456' has been set to element 'Object Repository/Login/Input Pin'

2018-09-13 12:27:34 - [TEST_STEP][PASSED] - delay: Delayed 5 second(s)

2018-09-13 12:27:39 - [MESSAGE][PASSED] - Delayed 5 second(s)

2018-09-13 12:27:39 - [TEST_STEP][PASSED] - comment: End Login Test Case

2018-09-13 12:27:39 - [TEST_STEP][PASSED] - waitForElementPresent: Element 'Object Repository/Sidebar Menu/Biaya/HamburgerButton' is present

2018-09-13 12:27:45 - [MESSAGE][PASSED] - Element 'Object Repository/Sidebar Menu/Biaya/HamburgerButton' is present

2018-09-13 12:27:45 - [TEST_STEP][PASSED] - comment: MESIN KASIR

2018-09-13 12:27:45 - [TEST_STEP][PASSED] - verifyElementAttributeValue: Object 'Object Repository/Sidebar Menu/Biaya/HamburgerButton' has attribute 'content-desc' with value 'headerBar_button_hamburgerMenu'

2018-09-13 12:27:53 - [MESSAGE][PASSED] - Object 'Object Repository/Sidebar Menu/Biaya/HamburgerButton' has attribute 'content-desc' with value 'headerBar_button_hamburgerMenu'

2018-09-13 12:27:53 - [TEST_STEP][PASSED] - tap: Tapped on element 'Object Repository/Sidebar Menu/Biaya/HamburgerButton'

2018-09-13 12:27:58 - [MESSAGE][PASSED] - Tapped on element 'Object Repository/Sidebar Menu/Biaya/HamburgerButton'

2018-09-13 12:27:58 - [TEST_STEP][PASSED] - waitForElementPresent: Element 'Object Repository/Sidebar Menu/Mesin Kasir/Kasir/Dashboard Kasir/Kasir' is present

2018-09-13 12:28:02 - [MESSAGE][PASSED] - Element 'Object Repository/Sidebar Menu/Mesin Kasir/Kasir/Dashboard Kasir/Kasir' is present

2018-09-13 12:28:02 - [TEST_STEP][PASSED] - verifyElementAttributeValue: Object 'Object Repository/Sidebar Menu/Mesin Kasir/Kasir/Dashboard Kasir/Kasir' has attribute 'content-desc' with value 'drawerContainer_button_cashierSwitch'

2018-09-13 12:28:05 - [MESSAGE][PASSED] - Object 'Object Repository/Sidebar Menu/Mesin Kasir/Kasir/Dashboard Kasir/Kasir' has attribute 'content-desc' with value 'drawerContainer_button_cashierSwitch'

2018-09-13 12:28:05 - [TEST_STEP][PASSED] - tap: Tapped on element 'Object Repository/Sidebar Menu/Mesin Kasir/Kasir/Dashboard Kasir/Kasir'

2018-09-13 12:28:15 - [MESSAGE][PASSED] - Tapped on element 'Object Repository/Sidebar Menu/Mesin Kasir/Kasir/Dashboard Kasir/Kasir'

2018-09-13 12:28:15 - [TEST_STEP][PASSED] - waitForElementPresent: Element 'Object Repository/Sidebar Menu/Mesin Kasir/Kasir/Dashboard Kasir/ListProduk 1' is present

2018-09-13 12:28:20 - [MESSAGE][PASSED] - Element 'Object Repository/Sidebar Menu/Mesin Kasir/Kasir/Dashboard Kasir/ListProduk 1' is present

2018-09-13 12:28:20 - [TEST_STEP][PASSED] - verifyElementAttributeValue: Object 'Object Repository/Sidebar Menu/Mesin Kasir/Kasir/Dashboard Kasir/ListProduk 1' has attribute 'content-desc' with value 'productSalesItem0'

2018-09-13 12:28:28 - [MESSAGE][PASSED] - Object 'Object Repository/Sidebar Menu/Mesin Kasir/Kasir/Dashboard Kasir/ListProduk 1' has attribute 'content-desc' with value 'productSalesItem0'

2018-09-13 12:28:28 - [TEST_STEP][PASSED] - Statement - For (def index : (0..1)): Tapped on element 'Object Repository/Sidebar Menu/Mesin Kasir/Kasir/Dashboard Kasir/ListProduk 1'

2018-09-13 12:28:28 - [TEST_STEP][PASSED] - tap: Tapped on element 'Object Repository/Sidebar Menu/Mesin Kasir/Kasir/Dashboard Kasir/ListProduk 1'

2018-09-13 12:28:33 - [MESSAGE][PASSED] - Tapped on element 'Object Repository/Sidebar Menu/Mesin Kasir/Kasir/Dashboard Kasir/ListProduk 1'

2018-09-13 12:28:33 - [TEST_STEP][PASSED] - tap: Tapped on element 'Object Repository/Sidebar Menu/Mesin Kasir/Kasir/Dashboard Kasir/ListProduk 1'

2018-09-13 12:28:38 - [MESSAGE][PASSED] - Tapped on element 'Object Repository/Sidebar Menu/Mesin Kasir/Kasir/Dashboard Kasir/ListProduk 1'

2018-09-13 12:28:38 - [TEST_STEP][PASSED] - Statement - For (def index : (0..1)): Tapped on element 'Object Repository/Sidebar Menu/Mesin Kasir/Kasir/Dashboard Kasir/ListProduk 2'

2018-09-13 12:28:38 - [TEST_STEP][PASSED] - tap: Tapped on element 'Object Repository/Sidebar Menu/Mesin Kasir/Kasir/Dashboard Kasir/ListProduk 2'

2018-09-13 12:28:45 - [MESSAGE][PASSED] - Tapped on element 'Object Repository/Sidebar Menu/Mesin Kasir/Kasir/Dashboard Kasir/ListProduk 2'

2018-09-13 12:28:45 - [TEST_STEP][PASSED] - tap: Tapped on element 'Object Repository/Sidebar Menu/Mesin Kasir/Kasir/Dashboard Kasir/ListProduk 2'

2018-09-13 12:28:50 - [MESSAGE][PASSED] - Tapped on element 'Object Repository/Sidebar Menu/Mesin Kasir/Kasir/Dashboard Kasir/ListProduk 2'

2018-09-13 12:28:50 - [TEST_STEP][PASSED] - waitForElementPresent: Element 'Object Repository/Sidebar Menu/Mesin Kasir/Kasir/Estimasi Detail Pesanan/Keranjangbtn' is present

2018-09-13 12:28:53 - [MESSAGE][PASSED] - Element 'Object Repository/Sidebar Menu/Mesin Kasir/Kasir/Estimasi Detail Pesanan/Keranjangbtn' is present

2018-09-13 12:28:53 - [TEST_STEP][PASSED] - tap: Tapped on element 'Object Repository/Sidebar Menu/Mesin Kasir/Kasir/Estimasi Detail Pesanan/Keranjangbtn'

2018-09-13 12:28:58 - [MESSAGE][PASSED] - Tapped on element 'Object Repository/Sidebar Menu/Mesin Kasir/Kasir/Estimasi Detail Pesanan/Keranjangbtn'

2018-09-13 12:28:58 - [TEST_STEP][PASSED] - comment: Ringkasan Pesanan Onboarding

2018-09-13 12:28:58 - [TEST_STEP][PASSED] - waitForElementPresent: Element 'Object Repository/Sidebar Menu/Mesin Kasir/Kasir/Ringkasan Pesanan/Diskon Tambahan/Tambah_Diskon' is present

2018-09-13 12:29:02 - [MESSAGE][PASSED] - Element 'Object Repository/Sidebar Menu/Mesin Kasir/Kasir/Ringkasan Pesanan/Diskon Tambahan/Tambah_Diskon' is present

2018-09-13 12:29:02 - [TEST_STEP][PASSED] - verifyElementAttributeValue: Object 'Object Repository/Sidebar Menu/Mesin Kasir/Kasir/Ringkasan Pesanan/Diskon Tambahan/Tambah_Diskon' has attribute 'content-desc' with value 'asubtotal_atext_additional_discount'

2018-09-13 12:29:06 - [MESSAGE][PASSED] - Object 'Object Repository/Sidebar Menu/Mesin Kasir/Kasir/Ringkasan Pesanan/Diskon Tambahan/Tambah_Diskon' has attribute 'content-desc' with value 'asubtotal_atext_additional_discount'

2018-09-13 12:29:06 - [TEST_STEP][PASSED] - verifyElementVisible: Element 'Object Repository/Sidebar Menu/Mesin Kasir/Kasir/Ringkasan Pesanan/Diskon Tambahan/Tambah_Diskon' is visible

2018-09-13 12:29:10 - [MESSAGE][PASSED] - Element 'Object Repository/Sidebar Menu/Mesin Kasir/Kasir/Ringkasan Pesanan/Diskon Tambahan/Tambah_Diskon' is visible

2018-09-13 12:29:10 - [TEST_STEP][PASSED] - waitForElementPresent: Element 'Object Repository/Sidebar Menu/Mesin Kasir/Kasir/Ringkasan Pesanan/Biaya Tambahan/Tambah_Biaya' is present

2018-09-13 12:29:13 - [MESSAGE][PASSED] - Element 'Object Repository/Sidebar Menu/Mesin Kasir/Kasir/Ringkasan Pesanan/Biaya Tambahan/Tambah_Biaya' is present

2018-09-13 12:29:13 - [TEST_STEP][PASSED] - verifyElementAttributeValue: Object 'Object Repository/Sidebar Menu/Mesin Kasir/Kasir/Ringkasan Pesanan/Biaya Tambahan/Tambah_Biaya' has attribute 'content-desc' with value 'asubtotal_abutton_additional_cost'

2018-09-13 12:29:18 - [MESSAGE][PASSED] - Object 'Object Repository/Sidebar Menu/Mesin Kasir/Kasir/Ringkasan Pesanan/Biaya Tambahan/Tambah_Biaya' has attribute 'content-desc' with value 'asubtotal_abutton_additional_cost'

2018-09-13 12:29:18 - [TEST_STEP][PASSED] - tap: Tapped on element 'Object Repository/Sidebar Menu/Mesin Kasir/Kasir/Ringkasan Pesanan/Biaya Tambahan/Tambah_Biaya'

2018-09-13 12:29:25 - [MESSAGE][PASSED] - Tapped on element 'Object Repository/Sidebar Menu/Mesin Kasir/Kasir/Ringkasan Pesanan/Biaya Tambahan/Tambah_Biaya'

2018-09-13 12:29:25 - [TEST_STEP][PASSED] - waitForElementPresent: Element 'Object Repository/Sidebar Menu/Mesin Kasir/Kasir/Ringkasan Pesanan/Biaya Tambahan/TambahBiaya - JudulDropdown' is present

2018-09-13 12:29:29 - [MESSAGE][PASSED] - Element 'Object Repository/Sidebar Menu/Mesin Kasir/Kasir/Ringkasan Pesanan/Biaya Tambahan/TambahBiaya - JudulDropdown' is present

2018-09-13 12:29:29 - [TEST_STEP][PASSED] - verifyElementAttributeValue: Object 'Object Repository/Sidebar Menu/Mesin Kasir/Kasir/Ringkasan Pesanan/Biaya Tambahan/TambahBiaya - JudulDropdown' has attribute 'content-desc' with value 'additionalCost_icon_costType'

2018-09-13 12:29:33 - [MESSAGE][PASSED] - Object 'Object Repository/Sidebar Menu/Mesin Kasir/Kasir/Ringkasan Pesanan/Biaya Tambahan/TambahBiaya - JudulDropdown' has attribute 'content-desc' with value 'additionalCost_icon_costType'

2018-09-13 12:29:33 - [TEST_STEP][PASSED] - tap: Tapped on element 'Object Repository/Sidebar Menu/Mesin Kasir/Kasir/Ringkasan Pesanan/Biaya Tambahan/TambahBiaya - JudulDropdown'

2018-09-13 12:29:38 - [MESSAGE][PASSED] - Tapped on element 'Object Repository/Sidebar Menu/Mesin Kasir/Kasir/Ringkasan Pesanan/Biaya Tambahan/TambahBiaya - JudulDropdown'

2018-09-13 12:29:38 - [TEST_STEP][PASSED] - waitForElementPresent: Element 'Object Repository/Sidebar Menu/Mesin Kasir/Kasir/Ringkasan Pesanan/Biaya Tambahan/TambahBiaya - JudulList2' is present

2018-09-13 12:29:42 - [MESSAGE][PASSED] - Element 'Object Repository/Sidebar Menu/Mesin Kasir/Kasir/Ringkasan Pesanan/Biaya Tambahan/TambahBiaya - JudulList2' is present

2018-09-13 12:29:42 - [TEST_STEP][PASSED] - verifyElementAttributeValue: Object 'Object Repository/Sidebar Menu/Mesin Kasir/Kasir/Ringkasan Pesanan/Biaya Tambahan/TambahBiaya - JudulList2' has attribute 'content-desc' with value 'additionalCost_text_costType_1'

2018-09-13 12:29:46 - [MESSAGE][PASSED] - Object 'Object Repository/Sidebar Menu/Mesin Kasir/Kasir/Ringkasan Pesanan/Biaya Tambahan/TambahBiaya - JudulList2' has attribute 'content-desc' with value 'additionalCost_text_costType_1'

2018-09-13 12:29:46 - [TEST_STEP][PASSED] - tap: Tapped on element 'Object Repository/Sidebar Menu/Mesin Kasir/Kasir/Ringkasan Pesanan/Biaya Tambahan/TambahBiaya - JudulList2'

2018-09-13 12:29:52 - [MESSAGE][PASSED] - Tapped on element 'Object Repository/Sidebar Menu/Mesin Kasir/Kasir/Ringkasan Pesanan/Biaya Tambahan/TambahBiaya - JudulList2'

2018-09-13 12:29:52 - [TEST_STEP][PASSED] - waitForElementPresent: Element 'Object Repository/Sidebar Menu/Mesin Kasir/Kasir/Ringkasan Pesanan/Biaya Tambahan/TambahBiaya - BiayaEditTxt' is present

2018-09-13 12:29:54 - [MESSAGE][PASSED] - Element 'Object Repository/Sidebar Menu/Mesin Kasir/Kasir/Ringkasan Pesanan/Biaya Tambahan/TambahBiaya - BiayaEditTxt' is present

2018-09-13 12:29:54 - [TEST_STEP][PASSED] - verifyElementAttributeValue: Object 'Object Repository/Sidebar Menu/Mesin Kasir/Kasir/Ringkasan Pesanan/Biaya Tambahan/TambahBiaya - BiayaEditTxt' has attribute 'content-desc' with value 'additionalCost_input_costAmount'

2018-09-13 12:30:00 - [MESSAGE][PASSED] - Object 'Object Repository/Sidebar Menu/Mesin Kasir/Kasir/Ringkasan Pesanan/Biaya Tambahan/TambahBiaya - BiayaEditTxt' has attribute 'content-desc' with value 'additionalCost_input_costAmount'

2018-09-13 12:30:00 - [TEST_STEP][PASSED] - setText: Text '2000' has been set to element 'Object Repository/Sidebar Menu/Mesin Kasir/Kasir/Ringkasan Pesanan/Biaya Tambahan/TambahBiaya - BiayaEditTxt'

2018-09-13 12:30:17 - [MESSAGE][PASSED] - Text '2000' has been set to element 'Object Repository/Sidebar Menu/Mesin Kasir/Kasir/Ringkasan Pesanan/Biaya Tambahan/TambahBiaya - BiayaEditTxt'

2018-09-13 12:30:17 - [TEST_STEP][PASSED] - hideKeyboard: Keyboard is hidden

2018-09-13 12:30:18 - [MESSAGE][PASSED] - Keyboard is hidden

2018-09-13 12:30:18 - [TEST_STEP][PASSED] - waitForElementPresent: Element 'Object Repository/Sidebar Menu/Mesin Kasir/Kasir/Ringkasan Pesanan/Biaya Tambahan/TambahBiaya - SIMPANbtn' is present

2018-09-13 12:30:22 - [MESSAGE][PASSED] - Element 'Object Repository/Sidebar Menu/Mesin Kasir/Kasir/Ringkasan Pesanan/Biaya Tambahan/TambahBiaya - SIMPANbtn' is present

2018-09-13 12:30:22 - [TEST_STEP][PASSED] - verifyElementAttributeValue: Object 'Object Repository/Sidebar Menu/Mesin Kasir/Kasir/Ringkasan Pesanan/Biaya Tambahan/TambahBiaya - SIMPANbtn' has attribute 'content-desc' with value 'additionalCost_button_saveCost'

2018-09-13 12:30:29 - [MESSAGE][PASSED] - Object 'Object Repository/Sidebar Menu/Mesin Kasir/Kasir/Ringkasan Pesanan/Biaya Tambahan/TambahBiaya - SIMPANbtn' has attribute 'content-desc' with value 'additionalCost_button_saveCost'

2018-09-13 12:30:29 - [TEST_STEP][PASSED] - tap: Tapped on element 'Object Repository/Sidebar Menu/Mesin Kasir/Kasir/Ringkasan Pesanan/Biaya Tambahan/TambahBiaya - SIMPANbtn'

2018-09-13 12:30:39 - [MESSAGE][PASSED] - Tapped on element 'Object Repository/Sidebar Menu/Mesin Kasir/Kasir/Ringkasan Pesanan/Biaya Tambahan/TambahBiaya - SIMPANbtn'

2018-09-13 12:30:39 - [TEST_STEP][PASSED] - comment: Edit Biaya Tambahan

2018-09-13 12:30:39 - [TEST_STEP][PASSED] - waitForElementPresent: Element 'Object Repository/Sidebar Menu/Mesin Kasir/Kasir/Ringkasan Pesanan/Biaya Tambahan/Tambah_Biaya' is present

2018-09-13 12:30:42 - [MESSAGE][PASSED] - Element 'Object Repository/Sidebar Menu/Mesin Kasir/Kasir/Ringkasan Pesanan/Biaya Tambahan/Tambah_Biaya' is present

2018-09-13 12:30:42 - [TEST_STEP][PASSED] - verifyElementAttributeValue: Object 'Object Repository/Sidebar Menu/Mesin Kasir/Kasir/Ringkasan Pesanan/Biaya Tambahan/Tambah_Biaya' has attribute 'content-desc' with value 'asubtotal_abutton_additional_cost'

2018-09-13 12:30:46 - [MESSAGE][PASSED] - Object 'Object Repository/Sidebar Menu/Mesin Kasir/Kasir/Ringkasan Pesanan/Biaya Tambahan/Tambah_Biaya' has attribute 'content-desc' with value 'asubtotal_abutton_additional_cost'

2018-09-13 12:30:46 - [TEST_STEP][PASSED] - tap: Tapped on element 'Object Repository/Sidebar Menu/Mesin Kasir/Kasir/Ringkasan Pesanan/Biaya Tambahan/Tambah_Biaya'

2018-09-13 12:30:55 - [MESSAGE][PASSED] - Tapped on element 'Object Repository/Sidebar Menu/Mesin Kasir/Kasir/Ringkasan Pesanan/Biaya Tambahan/Tambah_Biaya'

2018-09-13 12:30:55 - [TEST_STEP][PASSED] - waitForElementPresent: Element 'Object Repository/Sidebar Menu/Mesin Kasir/Kasir/Ringkasan Pesanan/Biaya Tambahan/TambahBiaya - JudulDropdown' is present

2018-09-13 12:30:59 - [MESSAGE][PASSED] - Element 'Object Repository/Sidebar Menu/Mesin Kasir/Kasir/Ringkasan Pesanan/Biaya Tambahan/TambahBiaya - JudulDropdown' is present

2018-09-13 12:30:59 - [TEST_STEP][PASSED] - verifyElementAttributeValue: Object 'Object Repository/Sidebar Menu/Mesin Kasir/Kasir/Ringkasan Pesanan/Biaya Tambahan/TambahBiaya - JudulDropdown' has attribute 'content-desc' with value 'additionalCost_icon_costType'

2018-09-13 12:31:04 - [MESSAGE][PASSED] - Object 'Object Repository/Sidebar Menu/Mesin Kasir/Kasir/Ringkasan Pesanan/Biaya Tambahan/TambahBiaya - JudulDropdown' has attribute 'content-desc' with value 'additionalCost_icon_costType'

2018-09-13 12:31:04 - [TEST_STEP][PASSED] - tap: Tapped on element 'Object Repository/Sidebar Menu/Mesin Kasir/Kasir/Ringkasan Pesanan/Biaya Tambahan/TambahBiaya - JudulDropdown'

2018-09-13 12:31:10 - [MESSAGE][PASSED] - Tapped on element 'Object Repository/Sidebar Menu/Mesin Kasir/Kasir/Ringkasan Pesanan/Biaya Tambahan/TambahBiaya - JudulDropdown'

2018-09-13 12:31:10 - [TEST_STEP][PASSED] - waitForElementPresent: Element 'Object Repository/Sidebar Menu/Mesin Kasir/Kasir/Ringkasan Pesanan/Biaya Tambahan/TambahBiaya - JudulList1' is present

2018-09-13 12:31:13 - [MESSAGE][PASSED] - Element 'Object Repository/Sidebar Menu/Mesin Kasir/Kasir/Ringkasan Pesanan/Biaya Tambahan/TambahBiaya - JudulList1' is present

2018-09-13 12:31:13 - [TEST_STEP][PASSED] - verifyElementAttributeValue: Object 'Object Repository/Sidebar Menu/Mesin Kasir/Kasir/Ringkasan Pesanan/Biaya Tambahan/TambahBiaya - JudulList1' has attribute 'content-desc' with value 'additionalCost_text_costType_0'

2018-09-13 12:31:22 - [MESSAGE][PASSED] - Object 'Object Repository/Sidebar Menu/Mesin Kasir/Kasir/Ringkasan Pesanan/Biaya Tambahan/TambahBiaya - JudulList1' has attribute 'content-desc' with value 'additionalCost_text_costType_0'

2018-09-13 12:31:22 - [TEST_STEP][PASSED] - tap: Tapped on element 'Object Repository/Sidebar Menu/Mesin Kasir/Kasir/Ringkasan Pesanan/Biaya Tambahan/TambahBiaya - JudulList1'

2018-09-13 12:31:30 - [MESSAGE][PASSED] - Tapped on element 'Object Repository/Sidebar Menu/Mesin Kasir/Kasir/Ringkasan Pesanan/Biaya Tambahan/TambahBiaya - JudulList1'

2018-09-13 12:31:30 - [TEST_STEP][PASSED] - waitForElementPresent: Element 'Object Repository/Sidebar Menu/Mesin Kasir/Kasir/Ringkasan Pesanan/Biaya Tambahan/TambahBiaya - BiayaEditTxt' is present

2018-09-13 12:31:34 - [MESSAGE][PASSED] - Element 'Object Repository/Sidebar Menu/Mesin Kasir/Kasir/Ringkasan Pesanan/Biaya Tambahan/TambahBiaya - BiayaEditTxt' is present

2018-09-13 12:31:34 - [TEST_STEP][PASSED] - verifyElementAttributeValue: Object 'Object Repository/Sidebar Menu/Mesin Kasir/Kasir/Ringkasan Pesanan/Biaya Tambahan/TambahBiaya - BiayaEditTxt' has attribute 'content-desc' with value 'additionalCost_input_costAmount'

2018-09-13 12:31:38 - [MESSAGE][PASSED] - Object 'Object Repository/Sidebar Menu/Mesin Kasir/Kasir/Ringkasan Pesanan/Biaya Tambahan/TambahBiaya - BiayaEditTxt' has attribute 'content-desc' with value 'additionalCost_input_costAmount'

2018-09-13 12:31:38 - [TEST_STEP][PASSED] - clearText: Element 'Object Repository/Sidebar Menu/Mesin Kasir/Kasir/Ringkasan Pesanan/Biaya Tambahan/TambahBiaya - BiayaEditTxt' text is cleared

2018-09-13 12:31:44 - [MESSAGE][PASSED] - Element 'Object Repository/Sidebar Menu/Mesin Kasir/Kasir/Ringkasan Pesanan/Biaya Tambahan/TambahBiaya - BiayaEditTxt' text is cleared

2018-09-13 12:31:44 - [TEST_STEP][PASSED] - setText: Text '50000' has been set to element 'Object Repository/Sidebar Menu/Mesin Kasir/Kasir/Ringkasan Pesanan/Biaya Tambahan/TambahBiaya - BiayaEditTxt'

2018-09-13 12:32:06 - [MESSAGE][PASSED] - Text '50000' has been set to element 'Object Repository/Sidebar Menu/Mesin Kasir/Kasir/Ringkasan Pesanan/Biaya Tambahan/TambahBiaya - BiayaEditTxt'

2018-09-13 12:32:06 - [TEST_STEP][PASSED] - hideKeyboard: Keyboard is hidden

2018-09-13 12:32:07 - [MESSAGE][PASSED] - Keyboard is hidden

2018-09-13 12:32:07 - [TEST_STEP][PASSED] - verifyElementText: Actual text and expected text of test object 'Object Repository/Sidebar Menu/Mesin Kasir/Kasir/Ringkasan Pesanan/Biaya Tambahan/TambahBiaya - BiayaEditTxt' are matched.

2018-09-13 12:32:14 - [MESSAGE][PASSED] - Actual text and expected text of test object 'Object Repository/Sidebar Menu/Mesin Kasir/Kasir/Ringkasan Pesanan/Biaya Tambahan/TambahBiaya - BiayaEditTxt' are matched.

2018-09-13 12:32:14 - [TEST_STEP][PASSED] - waitForElementPresent: Element 'Object Repository/Sidebar Menu/Mesin Kasir/Kasir/Ringkasan Pesanan/Biaya Tambahan/TambahBiaya - SIMPANbtn' is present

2018-09-13 12:32:18 - [MESSAGE][PASSED] - Element 'Object Repository/Sidebar Menu/Mesin Kasir/Kasir/Ringkasan Pesanan/Biaya Tambahan/TambahBiaya - SIMPANbtn' is present

2018-09-13 12:32:18 - [TEST_STEP][PASSED] - verifyElementAttributeValue: Object 'Object Repository/Sidebar Menu/Mesin Kasir/Kasir/Ringkasan Pesanan/Biaya Tambahan/TambahBiaya - SIMPANbtn' has attribute 'content-desc' with value 'additionalCost_button_saveCost'

2018-09-13 12:32:23 - [MESSAGE][PASSED] - Object 'Object Repository/Sidebar Menu/Mesin Kasir/Kasir/Ringkasan Pesanan/Biaya Tambahan/TambahBiaya - SIMPANbtn' has attribute 'content-desc' with value 'additionalCost_button_saveCost'

2018-09-13 12:32:23 - [TEST_STEP][PASSED] - tap: Tapped on element 'Object Repository/Sidebar Menu/Mesin Kasir/Kasir/Ringkasan Pesanan/Biaya Tambahan/TambahBiaya - SIMPANbtn'

2018-09-13 12:32:28 - [MESSAGE][PASSED] - Tapped on element 'Object Repository/Sidebar Menu/Mesin Kasir/Kasir/Ringkasan Pesanan/Biaya Tambahan/TambahBiaya - SIMPANbtn'

2018-09-13 12:32:28 - [TEST_STEP][PASSED] - closeApplication: Close app successfully

2018-09-13 12:32:34 - [MESSAGE][PASSED] - Close app successfully]]></system-out>
         <system-err><![CDATA[]]></system-err>
      </testcase>
      <testcase name="Test Cases/Release 3 - Squad Hades/Sprint 1/Story 1770 - Additional Biaya Tambahan in shoopping cart/TC 4 - Select Ongkos Kirim from Biaya Tambahan droplist" classname="Test Cases/Release 3 - Squad Hades/Sprint 1/Story 1770 - Additional Biaya Tambahan in shoopping cart/TC 4 - Select Ongkos Kirim from Biaya Tambahan droplist" status="PASSED">
         <system-out><![CDATA[2018-09-13 12:32:34 - [TEST_CASE][PASSED] - Test Cases/Release 3 - Squad Hades/Sprint 1/Story 1770 - Additional Biaya Tambahan in shoopping cart/TC 4 - Select Ongkos Kirim from Biaya Tambahan droplist: Test Cases/Release 3 - Squad Hades/Sprint 1/Story 1770 - Additional Biaya Tambahan in shoopping cart/TC 4 - Select Ongkos Kirim from Biaya Tambahan droplist

2018-09-13 12:32:35 - [TEST_STEP][PASSED] - comment: WELCOME SCREEN

2018-09-13 12:32:35 - [TEST_STEP][PASSED] - Statement - apkPath = apkName: null

2018-09-13 12:32:35 - [TEST_STEP][PASSED] - startApplication: Started app at: 'C:\Users\AV2017005903\Documents\apollo-automation\7 September.apk'

2018-09-13 12:33:10 - [MESSAGE][PASSED] - Started app at: 'C:\Users\AV2017005903\Documents\apollo-automation\7 September.apk'

2018-09-13 12:33:10 - [TEST_STEP][PASSED] - delay: Delayed 15 second(s)

2018-09-13 12:33:25 - [MESSAGE][PASSED] - Delayed 15 second(s)

2018-09-13 12:33:25 - [TEST_STEP][PASSED] - Comment - "If there is a Update TopuUp, click No, Else you can delay for waiting lazyload ": null

2018-09-13 12:33:25 - [TEST_STEP][PASSED] - Statement - driver = com.kms.katalon.core.mobile.keyword.internal.MobileDriverFactory.getDriver(): null

2018-09-13 12:33:25 - [TEST_STEP][PASSED] - Statement - action = new io.appium.java_client.TouchAction(driver): null

2018-09-13 12:33:25 - [TEST_STEP][PASSED] - Statement - action.longPress(550, 300).moveTo(100, 300).release().perform(): null

2018-09-13 12:33:28 - [TEST_STEP][PASSED] - delay: Delayed 8 second(s)

2018-09-13 12:33:36 - [MESSAGE][PASSED] - Delayed 8 second(s)

2018-09-13 12:33:36 - [TEST_STEP][PASSED] - Statement - action.longPress(550, 300).moveTo(100, 300).release().perform(): null

2018-09-13 12:33:39 - [TEST_STEP][PASSED] - delay: Delayed 8 second(s)

2018-09-13 12:33:47 - [MESSAGE][PASSED] - Delayed 8 second(s)

2018-09-13 12:33:47 - [TEST_STEP][PASSED] - Statement - action.longPress(550, 300).moveTo(100, 300).release().perform(): null

2018-09-13 12:33:49 - [TEST_STEP][PASSED] - delay: Delayed 8 second(s)

2018-09-13 12:33:57 - [MESSAGE][PASSED] - Delayed 8 second(s)

2018-09-13 12:33:57 - [TEST_STEP][PASSED] - Statement - action.longPress(550, 300).moveTo(100, 300).release().perform(): null

2018-09-13 12:34:00 - [TEST_STEP][PASSED] - delay: Delayed 8 second(s)

2018-09-13 12:34:08 - [MESSAGE][PASSED] - Delayed 8 second(s)

2018-09-13 12:34:08 - [TEST_STEP][PASSED] - waitForElementPresent: Element 'Object Repository/Splash Screen/Mulai - Button' is present

2018-09-13 12:34:08 - [MESSAGE][WARNING] - Timeout '0' is invalid. Using default page load timeout: '30'

2018-09-13 12:34:11 - [MESSAGE][PASSED] - Element 'Object Repository/Splash Screen/Mulai - Button' is present

2018-09-13 12:34:11 - [TEST_STEP][PASSED] - tap: Tapped on element 'Object Repository/Splash Screen/Mulai - Button'

2018-09-13 12:34:11 - [MESSAGE][WARNING] - Timeout '0' is invalid. Using default page load timeout: '30'

2018-09-13 12:34:16 - [MESSAGE][PASSED] - Tapped on element 'Object Repository/Splash Screen/Mulai - Button'

2018-09-13 12:34:16 - [TEST_STEP][PASSED] - comment: end Welcome Screen

2018-09-13 12:34:16 - [TEST_STEP][PASSED] - comment: LOGIN

2018-09-13 12:34:16 - [TEST_STEP][PASSED] - waitForElementPresent: Element 'Object Repository/Login/Nomor HP  Nama Pengguna - Text Box' is present

2018-09-13 12:34:20 - [MESSAGE][PASSED] - Element 'Object Repository/Login/Nomor HP  Nama Pengguna - Text Box' is present

2018-09-13 12:34:20 - [TEST_STEP][PASSED] - verifyElementAttributeValue: Object 'Object Repository/Login/Nomor HP  Nama Pengguna - Text Box' has attribute 'content-desc' with value 'LoginNameTextInput'

2018-09-13 12:34:28 - [MESSAGE][PASSED] - Object 'Object Repository/Login/Nomor HP  Nama Pengguna - Text Box' has attribute 'content-desc' with value 'LoginNameTextInput'

2018-09-13 12:34:28 - [TEST_STEP][PASSED] - setText: Text '08112233445567' has been set to element 'Object Repository/Login/Nomor HP  Nama Pengguna - Text Box'

2018-09-13 12:34:45 - [MESSAGE][PASSED] - Text '08112233445567' has been set to element 'Object Repository/Login/Nomor HP  Nama Pengguna - Text Box'

2018-09-13 12:34:45 - [TEST_STEP][PASSED] - hideKeyboard: Keyboard is hidden

2018-09-13 12:34:46 - [MESSAGE][PASSED] - Keyboard is hidden

2018-09-13 12:34:46 - [TEST_STEP][PASSED] - verifyElementText: Actual text and expected text of test object 'Object Repository/Login/Nomor HP  Nama Pengguna - Text Box' are matched.

2018-09-13 12:34:50 - [MESSAGE][PASSED] - Actual text and expected text of test object 'Object Repository/Login/Nomor HP  Nama Pengguna - Text Box' are matched.

2018-09-13 12:34:50 - [TEST_STEP][PASSED] - waitForElementPresent: Element 'Object Repository/Login/Button Masuk' is present

2018-09-13 12:34:54 - [MESSAGE][PASSED] - Element 'Object Repository/Login/Button Masuk' is present

2018-09-13 12:34:54 - [TEST_STEP][PASSED] - verifyElementAttributeValue: Object 'Object Repository/Login/Button Masuk' has attribute 'content-desc' with value 'LoginJumpNextBtn'

2018-09-13 12:34:58 - [MESSAGE][PASSED] - Object 'Object Repository/Login/Button Masuk' has attribute 'content-desc' with value 'LoginJumpNextBtn'

2018-09-13 12:34:58 - [TEST_STEP][PASSED] - tap: Tapped on element 'Object Repository/Login/Button Masuk'

2018-09-13 12:35:08 - [MESSAGE][PASSED] - Tapped on element 'Object Repository/Login/Button Masuk'

2018-09-13 12:35:08 - [TEST_STEP][PASSED] - waitForElementPresent: Element 'Object Repository/Login/Input Pin' is present

2018-09-13 12:35:12 - [MESSAGE][PASSED] - Element 'Object Repository/Login/Input Pin' is present

2018-09-13 12:35:12 - [TEST_STEP][PASSED] - verifyElementAttributeValue: Object 'Object Repository/Login/Input Pin' has attribute 'content-desc' with value 'pinCircleFocus'

2018-09-13 12:35:16 - [MESSAGE][PASSED] - Object 'Object Repository/Login/Input Pin' has attribute 'content-desc' with value 'pinCircleFocus'

2018-09-13 12:35:16 - [TEST_STEP][PASSED] - tap: Tapped on element 'Object Repository/Login/Input Pin'

2018-09-13 12:35:21 - [MESSAGE][PASSED] - Tapped on element 'Object Repository/Login/Input Pin'

2018-09-13 12:35:21 - [TEST_STEP][PASSED] - setText: Text '123456' has been set to element 'Object Repository/Login/Input Pin'

2018-09-13 12:35:39 - [MESSAGE][PASSED] - Text '123456' has been set to element 'Object Repository/Login/Input Pin'

2018-09-13 12:35:39 - [TEST_STEP][PASSED] - delay: Delayed 5 second(s)

2018-09-13 12:35:44 - [MESSAGE][PASSED] - Delayed 5 second(s)

2018-09-13 12:35:44 - [TEST_STEP][PASSED] - comment: End Login Test Case

2018-09-13 12:35:44 - [TEST_STEP][PASSED] - waitForElementPresent: Element 'Object Repository/Sidebar Menu/Biaya/HamburgerButton' is present

2018-09-13 12:35:52 - [MESSAGE][PASSED] - Element 'Object Repository/Sidebar Menu/Biaya/HamburgerButton' is present

2018-09-13 12:35:52 - [TEST_STEP][PASSED] - comment: MESIN KASIR

2018-09-13 12:35:52 - [TEST_STEP][PASSED] - verifyElementAttributeValue: Object 'Object Repository/Sidebar Menu/Biaya/HamburgerButton' has attribute 'content-desc' with value 'headerBar_button_hamburgerMenu'

2018-09-13 12:35:56 - [MESSAGE][PASSED] - Object 'Object Repository/Sidebar Menu/Biaya/HamburgerButton' has attribute 'content-desc' with value 'headerBar_button_hamburgerMenu'

2018-09-13 12:35:56 - [TEST_STEP][PASSED] - tap: Tapped on element 'Object Repository/Sidebar Menu/Biaya/HamburgerButton'

2018-09-13 12:36:02 - [MESSAGE][PASSED] - Tapped on element 'Object Repository/Sidebar Menu/Biaya/HamburgerButton'

2018-09-13 12:36:02 - [TEST_STEP][PASSED] - waitForElementPresent: Element 'Object Repository/Sidebar Menu/Mesin Kasir/Kasir/Dashboard Kasir/Kasir' is present

2018-09-13 12:36:05 - [MESSAGE][PASSED] - Element 'Object Repository/Sidebar Menu/Mesin Kasir/Kasir/Dashboard Kasir/Kasir' is present

2018-09-13 12:36:05 - [TEST_STEP][PASSED] - verifyElementAttributeValue: Object 'Object Repository/Sidebar Menu/Mesin Kasir/Kasir/Dashboard Kasir/Kasir' has attribute 'content-desc' with value 'drawerContainer_button_cashierSwitch'

2018-09-13 12:36:09 - [MESSAGE][PASSED] - Object 'Object Repository/Sidebar Menu/Mesin Kasir/Kasir/Dashboard Kasir/Kasir' has attribute 'content-desc' with value 'drawerContainer_button_cashierSwitch'

2018-09-13 12:36:09 - [TEST_STEP][PASSED] - tap: Tapped on element 'Object Repository/Sidebar Menu/Mesin Kasir/Kasir/Dashboard Kasir/Kasir'

2018-09-13 12:36:14 - [MESSAGE][PASSED] - Tapped on element 'Object Repository/Sidebar Menu/Mesin Kasir/Kasir/Dashboard Kasir/Kasir'

2018-09-13 12:36:14 - [TEST_STEP][PASSED] - waitForElementPresent: Element 'Object Repository/Sidebar Menu/Mesin Kasir/Kasir/Dashboard Kasir/ListProduk 1' is present

2018-09-13 12:36:19 - [MESSAGE][PASSED] - Element 'Object Repository/Sidebar Menu/Mesin Kasir/Kasir/Dashboard Kasir/ListProduk 1' is present

2018-09-13 12:36:19 - [TEST_STEP][PASSED] - verifyElementAttributeValue: Object 'Object Repository/Sidebar Menu/Mesin Kasir/Kasir/Dashboard Kasir/ListProduk 1' has attribute 'content-desc' with value 'productSalesItem0'

2018-09-13 12:36:23 - [MESSAGE][PASSED] - Object 'Object Repository/Sidebar Menu/Mesin Kasir/Kasir/Dashboard Kasir/ListProduk 1' has attribute 'content-desc' with value 'productSalesItem0'

2018-09-13 12:36:23 - [TEST_STEP][PASSED] - Statement - For (def index : (0..1)): Tapped on element 'Object Repository/Sidebar Menu/Mesin Kasir/Kasir/Dashboard Kasir/ListProduk 1'

2018-09-13 12:36:23 - [TEST_STEP][PASSED] - tap: Tapped on element 'Object Repository/Sidebar Menu/Mesin Kasir/Kasir/Dashboard Kasir/ListProduk 1'

2018-09-13 12:36:28 - [MESSAGE][PASSED] - Tapped on element 'Object Repository/Sidebar Menu/Mesin Kasir/Kasir/Dashboard Kasir/ListProduk 1'

2018-09-13 12:36:28 - [TEST_STEP][PASSED] - tap: Tapped on element 'Object Repository/Sidebar Menu/Mesin Kasir/Kasir/Dashboard Kasir/ListProduk 1'

2018-09-13 12:36:34 - [MESSAGE][PASSED] - Tapped on element 'Object Repository/Sidebar Menu/Mesin Kasir/Kasir/Dashboard Kasir/ListProduk 1'

2018-09-13 12:36:34 - [TEST_STEP][PASSED] - Statement - For (def index : (0..1)): Tapped on element 'Object Repository/Sidebar Menu/Mesin Kasir/Kasir/Dashboard Kasir/ListProduk 2'

2018-09-13 12:36:34 - [TEST_STEP][PASSED] - tap: Tapped on element 'Object Repository/Sidebar Menu/Mesin Kasir/Kasir/Dashboard Kasir/ListProduk 2'

2018-09-13 12:36:45 - [MESSAGE][PASSED] - Tapped on element 'Object Repository/Sidebar Menu/Mesin Kasir/Kasir/Dashboard Kasir/ListProduk 2'

2018-09-13 12:36:45 - [TEST_STEP][PASSED] - tap: Tapped on element 'Object Repository/Sidebar Menu/Mesin Kasir/Kasir/Dashboard Kasir/ListProduk 2'

2018-09-13 12:36:51 - [MESSAGE][PASSED] - Tapped on element 'Object Repository/Sidebar Menu/Mesin Kasir/Kasir/Dashboard Kasir/ListProduk 2'

2018-09-13 12:36:51 - [TEST_STEP][PASSED] - waitForElementPresent: Element 'Object Repository/Sidebar Menu/Mesin Kasir/Kasir/Estimasi Detail Pesanan/Keranjangbtn' is present

2018-09-13 12:36:53 - [MESSAGE][PASSED] - Element 'Object Repository/Sidebar Menu/Mesin Kasir/Kasir/Estimasi Detail Pesanan/Keranjangbtn' is present

2018-09-13 12:36:53 - [TEST_STEP][PASSED] - tap: Tapped on element 'Object Repository/Sidebar Menu/Mesin Kasir/Kasir/Estimasi Detail Pesanan/Keranjangbtn'

2018-09-13 12:36:58 - [MESSAGE][PASSED] - Tapped on element 'Object Repository/Sidebar Menu/Mesin Kasir/Kasir/Estimasi Detail Pesanan/Keranjangbtn'

2018-09-13 12:36:58 - [TEST_STEP][PASSED] - comment: Ringkasan Pesanan Onboarding

2018-09-13 12:36:58 - [TEST_STEP][PASSED] - waitForElementPresent: Element 'Object Repository/Sidebar Menu/Mesin Kasir/Kasir/Ringkasan Pesanan/Diskon Tambahan/Tambah_Diskon' is present

2018-09-13 12:37:03 - [MESSAGE][PASSED] - Element 'Object Repository/Sidebar Menu/Mesin Kasir/Kasir/Ringkasan Pesanan/Diskon Tambahan/Tambah_Diskon' is present

2018-09-13 12:37:03 - [TEST_STEP][PASSED] - verifyElementAttributeValue: Object 'Object Repository/Sidebar Menu/Mesin Kasir/Kasir/Ringkasan Pesanan/Diskon Tambahan/Tambah_Diskon' has attribute 'content-desc' with value 'asubtotal_atext_additional_discount'

2018-09-13 12:37:10 - [MESSAGE][PASSED] - Object 'Object Repository/Sidebar Menu/Mesin Kasir/Kasir/Ringkasan Pesanan/Diskon Tambahan/Tambah_Diskon' has attribute 'content-desc' with value 'asubtotal_atext_additional_discount'

2018-09-13 12:37:10 - [TEST_STEP][PASSED] - verifyElementVisible: Element 'Object Repository/Sidebar Menu/Mesin Kasir/Kasir/Ringkasan Pesanan/Diskon Tambahan/Tambah_Diskon' is visible

2018-09-13 12:37:14 - [MESSAGE][PASSED] - Element 'Object Repository/Sidebar Menu/Mesin Kasir/Kasir/Ringkasan Pesanan/Diskon Tambahan/Tambah_Diskon' is visible

2018-09-13 12:37:14 - [TEST_STEP][PASSED] - waitForElementPresent: Element 'Object Repository/Sidebar Menu/Mesin Kasir/Kasir/Ringkasan Pesanan/Biaya Tambahan/Tambah_Biaya' is present

2018-09-13 12:37:18 - [MESSAGE][PASSED] - Element 'Object Repository/Sidebar Menu/Mesin Kasir/Kasir/Ringkasan Pesanan/Biaya Tambahan/Tambah_Biaya' is present

2018-09-13 12:37:18 - [TEST_STEP][PASSED] - verifyElementAttributeValue: Object 'Object Repository/Sidebar Menu/Mesin Kasir/Kasir/Ringkasan Pesanan/Biaya Tambahan/Tambah_Biaya' has attribute 'content-desc' with value 'asubtotal_abutton_additional_cost'

2018-09-13 12:37:25 - [MESSAGE][PASSED] - Object 'Object Repository/Sidebar Menu/Mesin Kasir/Kasir/Ringkasan Pesanan/Biaya Tambahan/Tambah_Biaya' has attribute 'content-desc' with value 'asubtotal_abutton_additional_cost'

2018-09-13 12:37:25 - [TEST_STEP][PASSED] - tap: Tapped on element 'Object Repository/Sidebar Menu/Mesin Kasir/Kasir/Ringkasan Pesanan/Biaya Tambahan/Tambah_Biaya'

2018-09-13 12:37:34 - [MESSAGE][PASSED] - Tapped on element 'Object Repository/Sidebar Menu/Mesin Kasir/Kasir/Ringkasan Pesanan/Biaya Tambahan/Tambah_Biaya'

2018-09-13 12:37:34 - [TEST_STEP][PASSED] - waitForElementPresent: Element 'Object Repository/Sidebar Menu/Mesin Kasir/Kasir/Ringkasan Pesanan/Biaya Tambahan/TambahBiaya - JudulDropdown' is present

2018-09-13 12:37:38 - [MESSAGE][PASSED] - Element 'Object Repository/Sidebar Menu/Mesin Kasir/Kasir/Ringkasan Pesanan/Biaya Tambahan/TambahBiaya - JudulDropdown' is present

2018-09-13 12:37:38 - [TEST_STEP][PASSED] - verifyElementAttributeValue: Object 'Object Repository/Sidebar Menu/Mesin Kasir/Kasir/Ringkasan Pesanan/Biaya Tambahan/TambahBiaya - JudulDropdown' has attribute 'content-desc' with value 'additionalCost_icon_costType'

2018-09-13 12:37:45 - [MESSAGE][PASSED] - Object 'Object Repository/Sidebar Menu/Mesin Kasir/Kasir/Ringkasan Pesanan/Biaya Tambahan/TambahBiaya - JudulDropdown' has attribute 'content-desc' with value 'additionalCost_icon_costType'

2018-09-13 12:37:45 - [TEST_STEP][PASSED] - tap: Tapped on element 'Object Repository/Sidebar Menu/Mesin Kasir/Kasir/Ringkasan Pesanan/Biaya Tambahan/TambahBiaya - JudulDropdown'

2018-09-13 12:37:50 - [MESSAGE][PASSED] - Tapped on element 'Object Repository/Sidebar Menu/Mesin Kasir/Kasir/Ringkasan Pesanan/Biaya Tambahan/TambahBiaya - JudulDropdown'

2018-09-13 12:37:50 - [TEST_STEP][PASSED] - waitForElementPresent: Element 'Object Repository/Sidebar Menu/Mesin Kasir/Kasir/Ringkasan Pesanan/Biaya Tambahan/TambahBiaya - JudulList1' is present

2018-09-13 12:37:58 - [MESSAGE][PASSED] - Element 'Object Repository/Sidebar Menu/Mesin Kasir/Kasir/Ringkasan Pesanan/Biaya Tambahan/TambahBiaya - JudulList1' is present

2018-09-13 12:37:58 - [TEST_STEP][PASSED] - verifyElementAttributeValue: Object 'Object Repository/Sidebar Menu/Mesin Kasir/Kasir/Ringkasan Pesanan/Biaya Tambahan/TambahBiaya - JudulList1' has attribute 'content-desc' with value 'additionalCost_text_costType_0'

2018-09-13 12:38:02 - [MESSAGE][PASSED] - Object 'Object Repository/Sidebar Menu/Mesin Kasir/Kasir/Ringkasan Pesanan/Biaya Tambahan/TambahBiaya - JudulList1' has attribute 'content-desc' with value 'additionalCost_text_costType_0'

2018-09-13 12:38:02 - [TEST_STEP][PASSED] - tap: Tapped on element 'Object Repository/Sidebar Menu/Mesin Kasir/Kasir/Ringkasan Pesanan/Biaya Tambahan/TambahBiaya - JudulList1'

2018-09-13 12:38:08 - [MESSAGE][PASSED] - Tapped on element 'Object Repository/Sidebar Menu/Mesin Kasir/Kasir/Ringkasan Pesanan/Biaya Tambahan/TambahBiaya - JudulList1'

2018-09-13 12:38:08 - [TEST_STEP][PASSED] - waitForElementPresent: Element 'Object Repository/Sidebar Menu/Mesin Kasir/Kasir/Ringkasan Pesanan/Biaya Tambahan/TambahBiaya - BiayaEditTxt' is present

2018-09-13 12:38:10 - [MESSAGE][PASSED] - Element 'Object Repository/Sidebar Menu/Mesin Kasir/Kasir/Ringkasan Pesanan/Biaya Tambahan/TambahBiaya - BiayaEditTxt' is present

2018-09-13 12:38:10 - [TEST_STEP][PASSED] - verifyElementAttributeValue: Object 'Object Repository/Sidebar Menu/Mesin Kasir/Kasir/Ringkasan Pesanan/Biaya Tambahan/TambahBiaya - BiayaEditTxt' has attribute 'content-desc' with value 'additionalCost_input_costAmount'

2018-09-13 12:38:15 - [MESSAGE][PASSED] - Object 'Object Repository/Sidebar Menu/Mesin Kasir/Kasir/Ringkasan Pesanan/Biaya Tambahan/TambahBiaya - BiayaEditTxt' has attribute 'content-desc' with value 'additionalCost_input_costAmount'

2018-09-13 12:38:15 - [TEST_STEP][PASSED] - setText: Text '2000' has been set to element 'Object Repository/Sidebar Menu/Mesin Kasir/Kasir/Ringkasan Pesanan/Biaya Tambahan/TambahBiaya - BiayaEditTxt'

2018-09-13 12:38:41 - [MESSAGE][PASSED] - Text '2000' has been set to element 'Object Repository/Sidebar Menu/Mesin Kasir/Kasir/Ringkasan Pesanan/Biaya Tambahan/TambahBiaya - BiayaEditTxt'

2018-09-13 12:38:41 - [TEST_STEP][PASSED] - hideKeyboard: Keyboard is hidden

2018-09-13 12:38:42 - [MESSAGE][PASSED] - Keyboard is hidden

2018-09-13 12:38:43 - [TEST_STEP][PASSED] - verifyElementText: Actual text and expected text of test object 'Object Repository/Sidebar Menu/Mesin Kasir/Kasir/Ringkasan Pesanan/Biaya Tambahan/TambahBiaya - BiayaEditTxt' are matched.

2018-09-13 12:38:46 - [MESSAGE][PASSED] - Actual text and expected text of test object 'Object Repository/Sidebar Menu/Mesin Kasir/Kasir/Ringkasan Pesanan/Biaya Tambahan/TambahBiaya - BiayaEditTxt' are matched.

2018-09-13 12:38:46 - [TEST_STEP][PASSED] - waitForElementPresent: Element 'Object Repository/Sidebar Menu/Mesin Kasir/Kasir/Ringkasan Pesanan/Biaya Tambahan/TambahBiaya - SIMPANbtn' is present

2018-09-13 12:38:50 - [MESSAGE][PASSED] - Element 'Object Repository/Sidebar Menu/Mesin Kasir/Kasir/Ringkasan Pesanan/Biaya Tambahan/TambahBiaya - SIMPANbtn' is present

2018-09-13 12:38:50 - [TEST_STEP][PASSED] - verifyElementAttributeValue: Object 'Object Repository/Sidebar Menu/Mesin Kasir/Kasir/Ringkasan Pesanan/Biaya Tambahan/TambahBiaya - SIMPANbtn' has attribute 'content-desc' with value 'additionalCost_button_saveCost'

2018-09-13 12:38:54 - [MESSAGE][PASSED] - Object 'Object Repository/Sidebar Menu/Mesin Kasir/Kasir/Ringkasan Pesanan/Biaya Tambahan/TambahBiaya - SIMPANbtn' has attribute 'content-desc' with value 'additionalCost_button_saveCost'

2018-09-13 12:38:54 - [TEST_STEP][PASSED] - tap: Tapped on element 'Object Repository/Sidebar Menu/Mesin Kasir/Kasir/Ringkasan Pesanan/Biaya Tambahan/TambahBiaya - SIMPANbtn'

2018-09-13 12:38:59 - [MESSAGE][PASSED] - Tapped on element 'Object Repository/Sidebar Menu/Mesin Kasir/Kasir/Ringkasan Pesanan/Biaya Tambahan/TambahBiaya - SIMPANbtn'

2018-09-13 12:38:59 - [TEST_STEP][PASSED] - closeApplication: Close app successfully

2018-09-13 12:39:06 - [MESSAGE][PASSED] - Close app successfully]]></system-out>
         <system-err><![CDATA[]]></system-err>
      </testcase>
      <testcase name="Test Cases/Release 3 - Squad Hades/Sprint 1/Story 1770 - Additional Biaya Tambahan in shoopping cart/TC 5 - Select Biaya Packing from Biaya Tambahan droplist" classname="Test Cases/Release 3 - Squad Hades/Sprint 1/Story 1770 - Additional Biaya Tambahan in shoopping cart/TC 5 - Select Biaya Packing from Biaya Tambahan droplist" status="PASSED">
         <system-out><![CDATA[2018-09-13 12:39:06 - [TEST_CASE][PASSED] - Test Cases/Release 3 - Squad Hades/Sprint 1/Story 1770 - Additional Biaya Tambahan in shoopping cart/TC 5 - Select Biaya Packing from Biaya Tambahan droplist: Test Cases/Release 3 - Squad Hades/Sprint 1/Story 1770 - Additional Biaya Tambahan in shoopping cart/TC 5 - Select Biaya Packing from Biaya Tambahan droplist

2018-09-13 12:39:06 - [TEST_STEP][PASSED] - comment: WELCOME SCREEN

2018-09-13 12:39:06 - [TEST_STEP][PASSED] - Statement - apkPath = apkName: null

2018-09-13 12:39:06 - [TEST_STEP][PASSED] - startApplication: Started app at: 'C:\Users\AV2017005903\Documents\apollo-automation\7 September.apk'

2018-09-13 12:39:43 - [MESSAGE][PASSED] - Started app at: 'C:\Users\AV2017005903\Documents\apollo-automation\7 September.apk'

2018-09-13 12:39:43 - [TEST_STEP][PASSED] - delay: Delayed 15 second(s)

2018-09-13 12:39:58 - [MESSAGE][PASSED] - Delayed 15 second(s)

2018-09-13 12:39:58 - [TEST_STEP][PASSED] - Comment - "If there is a Update TopuUp, click No, Else you can delay for waiting lazyload ": null

2018-09-13 12:39:58 - [TEST_STEP][PASSED] - Statement - driver = com.kms.katalon.core.mobile.keyword.internal.MobileDriverFactory.getDriver(): null

2018-09-13 12:39:58 - [TEST_STEP][PASSED] - Statement - action = new io.appium.java_client.TouchAction(driver): null

2018-09-13 12:39:58 - [TEST_STEP][PASSED] - Statement - action.longPress(550, 300).moveTo(100, 300).release().perform(): null

2018-09-13 12:40:01 - [TEST_STEP][PASSED] - delay: Delayed 8 second(s)

2018-09-13 12:40:09 - [MESSAGE][PASSED] - Delayed 8 second(s)

2018-09-13 12:40:09 - [TEST_STEP][PASSED] - Statement - action.longPress(550, 300).moveTo(100, 300).release().perform(): null

2018-09-13 12:40:11 - [TEST_STEP][PASSED] - delay: Delayed 8 second(s)

2018-09-13 12:40:19 - [MESSAGE][PASSED] - Delayed 8 second(s)

2018-09-13 12:40:19 - [TEST_STEP][PASSED] - Statement - action.longPress(550, 300).moveTo(100, 300).release().perform(): null

2018-09-13 12:40:22 - [TEST_STEP][PASSED] - delay: Delayed 8 second(s)

2018-09-13 12:40:30 - [MESSAGE][PASSED] - Delayed 8 second(s)

2018-09-13 12:40:30 - [TEST_STEP][PASSED] - Statement - action.longPress(550, 300).moveTo(100, 300).release().perform(): null

2018-09-13 12:40:33 - [TEST_STEP][PASSED] - delay: Delayed 8 second(s)

2018-09-13 12:40:41 - [MESSAGE][PASSED] - Delayed 8 second(s)

2018-09-13 12:40:41 - [TEST_STEP][PASSED] - waitForElementPresent: Element 'Object Repository/Splash Screen/Mulai - Button' is present

2018-09-13 12:40:41 - [MESSAGE][WARNING] - Timeout '0' is invalid. Using default page load timeout: '30'

2018-09-13 12:40:43 - [MESSAGE][PASSED] - Element 'Object Repository/Splash Screen/Mulai - Button' is present

2018-09-13 12:40:43 - [TEST_STEP][PASSED] - tap: Tapped on element 'Object Repository/Splash Screen/Mulai - Button'

2018-09-13 12:40:43 - [MESSAGE][WARNING] - Timeout '0' is invalid. Using default page load timeout: '30'

2018-09-13 12:40:49 - [MESSAGE][PASSED] - Tapped on element 'Object Repository/Splash Screen/Mulai - Button'

2018-09-13 12:40:49 - [TEST_STEP][PASSED] - comment: end Welcome Screen

2018-09-13 12:40:49 - [TEST_STEP][PASSED] - comment: LOGIN

2018-09-13 12:40:49 - [TEST_STEP][PASSED] - waitForElementPresent: Element 'Object Repository/Login/Nomor HP  Nama Pengguna - Text Box' is present

2018-09-13 12:40:52 - [MESSAGE][PASSED] - Element 'Object Repository/Login/Nomor HP  Nama Pengguna - Text Box' is present

2018-09-13 12:40:52 - [TEST_STEP][PASSED] - verifyElementAttributeValue: Object 'Object Repository/Login/Nomor HP  Nama Pengguna - Text Box' has attribute 'content-desc' with value 'LoginNameTextInput'

2018-09-13 12:40:56 - [MESSAGE][PASSED] - Object 'Object Repository/Login/Nomor HP  Nama Pengguna - Text Box' has attribute 'content-desc' with value 'LoginNameTextInput'

2018-09-13 12:40:56 - [TEST_STEP][PASSED] - setText: Text '08112233445567' has been set to element 'Object Repository/Login/Nomor HP  Nama Pengguna - Text Box'

2018-09-13 12:41:17 - [MESSAGE][PASSED] - Text '08112233445567' has been set to element 'Object Repository/Login/Nomor HP  Nama Pengguna - Text Box'

2018-09-13 12:41:17 - [TEST_STEP][PASSED] - hideKeyboard: Keyboard is hidden

2018-09-13 12:41:19 - [MESSAGE][PASSED] - Keyboard is hidden

2018-09-13 12:41:19 - [TEST_STEP][PASSED] - verifyElementText: Actual text and expected text of test object 'Object Repository/Login/Nomor HP  Nama Pengguna - Text Box' are matched.

2018-09-13 12:41:23 - [MESSAGE][PASSED] - Actual text and expected text of test object 'Object Repository/Login/Nomor HP  Nama Pengguna - Text Box' are matched.

2018-09-13 12:41:23 - [TEST_STEP][PASSED] - waitForElementPresent: Element 'Object Repository/Login/Button Masuk' is present

2018-09-13 12:41:26 - [MESSAGE][PASSED] - Element 'Object Repository/Login/Button Masuk' is present

2018-09-13 12:41:26 - [TEST_STEP][PASSED] - verifyElementAttributeValue: Object 'Object Repository/Login/Button Masuk' has attribute 'content-desc' with value 'LoginJumpNextBtn'

2018-09-13 12:41:30 - [MESSAGE][PASSED] - Object 'Object Repository/Login/Button Masuk' has attribute 'content-desc' with value 'LoginJumpNextBtn'

2018-09-13 12:41:30 - [TEST_STEP][PASSED] - tap: Tapped on element 'Object Repository/Login/Button Masuk'

2018-09-13 12:41:36 - [MESSAGE][PASSED] - Tapped on element 'Object Repository/Login/Button Masuk'

2018-09-13 12:41:36 - [TEST_STEP][PASSED] - waitForElementPresent: Element 'Object Repository/Login/Input Pin' is present

2018-09-13 12:41:40 - [MESSAGE][PASSED] - Element 'Object Repository/Login/Input Pin' is present

2018-09-13 12:41:40 - [TEST_STEP][PASSED] - verifyElementAttributeValue: Object 'Object Repository/Login/Input Pin' has attribute 'content-desc' with value 'pinCircleFocus'

2018-09-13 12:41:44 - [MESSAGE][PASSED] - Object 'Object Repository/Login/Input Pin' has attribute 'content-desc' with value 'pinCircleFocus'

2018-09-13 12:41:44 - [TEST_STEP][PASSED] - tap: Tapped on element 'Object Repository/Login/Input Pin'

2018-09-13 12:41:50 - [MESSAGE][PASSED] - Tapped on element 'Object Repository/Login/Input Pin'

2018-09-13 12:41:50 - [TEST_STEP][PASSED] - setText: Text '123456' has been set to element 'Object Repository/Login/Input Pin'

2018-09-13 12:42:07 - [MESSAGE][PASSED] - Text '123456' has been set to element 'Object Repository/Login/Input Pin'

2018-09-13 12:42:07 - [TEST_STEP][PASSED] - delay: Delayed 5 second(s)

2018-09-13 12:42:12 - [MESSAGE][PASSED] - Delayed 5 second(s)

2018-09-13 12:42:12 - [TEST_STEP][PASSED] - comment: End Login Test Case

2018-09-13 12:42:12 - [TEST_STEP][PASSED] - waitForElementPresent: Element 'Object Repository/Sidebar Menu/Biaya/HamburgerButton' is present

2018-09-13 12:42:16 - [MESSAGE][PASSED] - Element 'Object Repository/Sidebar Menu/Biaya/HamburgerButton' is present

2018-09-13 12:42:16 - [TEST_STEP][PASSED] - comment: MESIN KASIR

2018-09-13 12:42:16 - [TEST_STEP][PASSED] - verifyElementAttributeValue: Object 'Object Repository/Sidebar Menu/Biaya/HamburgerButton' has attribute 'content-desc' with value 'headerBar_button_hamburgerMenu'

2018-09-13 12:42:20 - [MESSAGE][PASSED] - Object 'Object Repository/Sidebar Menu/Biaya/HamburgerButton' has attribute 'content-desc' with value 'headerBar_button_hamburgerMenu'

2018-09-13 12:42:20 - [TEST_STEP][PASSED] - tap: Tapped on element 'Object Repository/Sidebar Menu/Biaya/HamburgerButton'

2018-09-13 12:42:25 - [MESSAGE][PASSED] - Tapped on element 'Object Repository/Sidebar Menu/Biaya/HamburgerButton'

2018-09-13 12:42:25 - [TEST_STEP][PASSED] - waitForElementPresent: Element 'Object Repository/Sidebar Menu/Mesin Kasir/Kasir/Dashboard Kasir/Kasir' is present

2018-09-13 12:42:30 - [MESSAGE][PASSED] - Element 'Object Repository/Sidebar Menu/Mesin Kasir/Kasir/Dashboard Kasir/Kasir' is present

2018-09-13 12:42:30 - [TEST_STEP][PASSED] - verifyElementAttributeValue: Object 'Object Repository/Sidebar Menu/Mesin Kasir/Kasir/Dashboard Kasir/Kasir' has attribute 'content-desc' with value 'drawerContainer_button_cashierSwitch'

2018-09-13 12:42:35 - [MESSAGE][PASSED] - Object 'Object Repository/Sidebar Menu/Mesin Kasir/Kasir/Dashboard Kasir/Kasir' has attribute 'content-desc' with value 'drawerContainer_button_cashierSwitch'

2018-09-13 12:42:35 - [TEST_STEP][PASSED] - tap: Tapped on element 'Object Repository/Sidebar Menu/Mesin Kasir/Kasir/Dashboard Kasir/Kasir'

2018-09-13 12:42:40 - [MESSAGE][PASSED] - Tapped on element 'Object Repository/Sidebar Menu/Mesin Kasir/Kasir/Dashboard Kasir/Kasir'

2018-09-13 12:42:40 - [TEST_STEP][PASSED] - waitForElementPresent: Element 'Object Repository/Sidebar Menu/Mesin Kasir/Kasir/Dashboard Kasir/ListProduk 1' is present

2018-09-13 12:42:44 - [MESSAGE][PASSED] - Element 'Object Repository/Sidebar Menu/Mesin Kasir/Kasir/Dashboard Kasir/ListProduk 1' is present

2018-09-13 12:42:44 - [TEST_STEP][PASSED] - verifyElementAttributeValue: Object 'Object Repository/Sidebar Menu/Mesin Kasir/Kasir/Dashboard Kasir/ListProduk 1' has attribute 'content-desc' with value 'productSalesItem0'

2018-09-13 12:42:48 - [MESSAGE][PASSED] - Object 'Object Repository/Sidebar Menu/Mesin Kasir/Kasir/Dashboard Kasir/ListProduk 1' has attribute 'content-desc' with value 'productSalesItem0'

2018-09-13 12:42:48 - [TEST_STEP][PASSED] - Statement - For (def index : (0..1)): Tapped on element 'Object Repository/Sidebar Menu/Mesin Kasir/Kasir/Dashboard Kasir/ListProduk 1'

2018-09-13 12:42:48 - [TEST_STEP][PASSED] - tap: Tapped on element 'Object Repository/Sidebar Menu/Mesin Kasir/Kasir/Dashboard Kasir/ListProduk 1'

2018-09-13 12:42:53 - [MESSAGE][PASSED] - Tapped on element 'Object Repository/Sidebar Menu/Mesin Kasir/Kasir/Dashboard Kasir/ListProduk 1'

2018-09-13 12:42:53 - [TEST_STEP][PASSED] - tap: Tapped on element 'Object Repository/Sidebar Menu/Mesin Kasir/Kasir/Dashboard Kasir/ListProduk 1'

2018-09-13 12:43:00 - [MESSAGE][PASSED] - Tapped on element 'Object Repository/Sidebar Menu/Mesin Kasir/Kasir/Dashboard Kasir/ListProduk 1'

2018-09-13 12:43:00 - [TEST_STEP][PASSED] - Statement - For (def index : (0..1)): Tapped on element 'Object Repository/Sidebar Menu/Mesin Kasir/Kasir/Dashboard Kasir/ListProduk 2'

2018-09-13 12:43:00 - [TEST_STEP][PASSED] - tap: Tapped on element 'Object Repository/Sidebar Menu/Mesin Kasir/Kasir/Dashboard Kasir/ListProduk 2'

2018-09-13 12:43:07 - [MESSAGE][PASSED] - Tapped on element 'Object Repository/Sidebar Menu/Mesin Kasir/Kasir/Dashboard Kasir/ListProduk 2'

2018-09-13 12:43:07 - [TEST_STEP][PASSED] - tap: Tapped on element 'Object Repository/Sidebar Menu/Mesin Kasir/Kasir/Dashboard Kasir/ListProduk 2'

2018-09-13 12:43:12 - [MESSAGE][PASSED] - Tapped on element 'Object Repository/Sidebar Menu/Mesin Kasir/Kasir/Dashboard Kasir/ListProduk 2'

2018-09-13 12:43:12 - [TEST_STEP][PASSED] - waitForElementPresent: Element 'Object Repository/Sidebar Menu/Mesin Kasir/Kasir/Estimasi Detail Pesanan/Keranjangbtn' is present

2018-09-13 12:43:14 - [MESSAGE][PASSED] - Element 'Object Repository/Sidebar Menu/Mesin Kasir/Kasir/Estimasi Detail Pesanan/Keranjangbtn' is present

2018-09-13 12:43:14 - [TEST_STEP][PASSED] - tap: Tapped on element 'Object Repository/Sidebar Menu/Mesin Kasir/Kasir/Estimasi Detail Pesanan/Keranjangbtn'

2018-09-13 12:43:20 - [MESSAGE][PASSED] - Tapped on element 'Object Repository/Sidebar Menu/Mesin Kasir/Kasir/Estimasi Detail Pesanan/Keranjangbtn'

2018-09-13 12:43:20 - [TEST_STEP][PASSED] - comment: Ringkasan Pesanan Onboarding

2018-09-13 12:43:20 - [TEST_STEP][PASSED] - waitForElementPresent: Element 'Object Repository/Sidebar Menu/Mesin Kasir/Kasir/Ringkasan Pesanan/Diskon Tambahan/Tambah_Diskon' is present

2018-09-13 12:43:25 - [MESSAGE][PASSED] - Element 'Object Repository/Sidebar Menu/Mesin Kasir/Kasir/Ringkasan Pesanan/Diskon Tambahan/Tambah_Diskon' is present

2018-09-13 12:43:25 - [TEST_STEP][PASSED] - verifyElementAttributeValue: Object 'Object Repository/Sidebar Menu/Mesin Kasir/Kasir/Ringkasan Pesanan/Diskon Tambahan/Tambah_Diskon' has attribute 'content-desc' with value 'asubtotal_atext_additional_discount'

2018-09-13 12:43:32 - [MESSAGE][PASSED] - Object 'Object Repository/Sidebar Menu/Mesin Kasir/Kasir/Ringkasan Pesanan/Diskon Tambahan/Tambah_Diskon' has attribute 'content-desc' with value 'asubtotal_atext_additional_discount'

2018-09-13 12:43:32 - [TEST_STEP][PASSED] - verifyElementVisible: Element 'Object Repository/Sidebar Menu/Mesin Kasir/Kasir/Ringkasan Pesanan/Diskon Tambahan/Tambah_Diskon' is visible

2018-09-13 12:43:40 - [MESSAGE][PASSED] - Element 'Object Repository/Sidebar Menu/Mesin Kasir/Kasir/Ringkasan Pesanan/Diskon Tambahan/Tambah_Diskon' is visible

2018-09-13 12:43:40 - [TEST_STEP][PASSED] - waitForElementPresent: Element 'Object Repository/Sidebar Menu/Mesin Kasir/Kasir/Ringkasan Pesanan/Biaya Tambahan/Tambah_Biaya' is present

2018-09-13 12:43:43 - [MESSAGE][PASSED] - Element 'Object Repository/Sidebar Menu/Mesin Kasir/Kasir/Ringkasan Pesanan/Biaya Tambahan/Tambah_Biaya' is present

2018-09-13 12:43:43 - [TEST_STEP][PASSED] - verifyElementAttributeValue: Object 'Object Repository/Sidebar Menu/Mesin Kasir/Kasir/Ringkasan Pesanan/Biaya Tambahan/Tambah_Biaya' has attribute 'content-desc' with value 'asubtotal_abutton_additional_cost'

2018-09-13 12:43:49 - [MESSAGE][PASSED] - Object 'Object Repository/Sidebar Menu/Mesin Kasir/Kasir/Ringkasan Pesanan/Biaya Tambahan/Tambah_Biaya' has attribute 'content-desc' with value 'asubtotal_abutton_additional_cost'

2018-09-13 12:43:49 - [TEST_STEP][PASSED] - tap: Tapped on element 'Object Repository/Sidebar Menu/Mesin Kasir/Kasir/Ringkasan Pesanan/Biaya Tambahan/Tambah_Biaya'

2018-09-13 12:43:58 - [MESSAGE][PASSED] - Tapped on element 'Object Repository/Sidebar Menu/Mesin Kasir/Kasir/Ringkasan Pesanan/Biaya Tambahan/Tambah_Biaya'

2018-09-13 12:43:58 - [TEST_STEP][PASSED] - waitForElementPresent: Element 'Object Repository/Sidebar Menu/Mesin Kasir/Kasir/Ringkasan Pesanan/Biaya Tambahan/TambahBiaya - JudulDropdown' is present

2018-09-13 12:44:01 - [MESSAGE][PASSED] - Element 'Object Repository/Sidebar Menu/Mesin Kasir/Kasir/Ringkasan Pesanan/Biaya Tambahan/TambahBiaya - JudulDropdown' is present

2018-09-13 12:44:01 - [TEST_STEP][PASSED] - verifyElementAttributeValue: Object 'Object Repository/Sidebar Menu/Mesin Kasir/Kasir/Ringkasan Pesanan/Biaya Tambahan/TambahBiaya - JudulDropdown' has attribute 'content-desc' with value 'additionalCost_icon_costType'

2018-09-13 12:44:12 - [MESSAGE][PASSED] - Object 'Object Repository/Sidebar Menu/Mesin Kasir/Kasir/Ringkasan Pesanan/Biaya Tambahan/TambahBiaya - JudulDropdown' has attribute 'content-desc' with value 'additionalCost_icon_costType'

2018-09-13 12:44:12 - [TEST_STEP][PASSED] - tap: Tapped on element 'Object Repository/Sidebar Menu/Mesin Kasir/Kasir/Ringkasan Pesanan/Biaya Tambahan/TambahBiaya - JudulDropdown'

2018-09-13 12:44:17 - [MESSAGE][PASSED] - Tapped on element 'Object Repository/Sidebar Menu/Mesin Kasir/Kasir/Ringkasan Pesanan/Biaya Tambahan/TambahBiaya - JudulDropdown'

2018-09-13 12:44:17 - [TEST_STEP][PASSED] - waitForElementPresent: Element 'Object Repository/Sidebar Menu/Mesin Kasir/Kasir/Ringkasan Pesanan/Biaya Tambahan/TambahBiaya - JudulList2' is present

2018-09-13 12:44:21 - [MESSAGE][PASSED] - Element 'Object Repository/Sidebar Menu/Mesin Kasir/Kasir/Ringkasan Pesanan/Biaya Tambahan/TambahBiaya - JudulList2' is present

2018-09-13 12:44:21 - [TEST_STEP][PASSED] - verifyElementAttributeValue: Object 'Object Repository/Sidebar Menu/Mesin Kasir/Kasir/Ringkasan Pesanan/Biaya Tambahan/TambahBiaya - JudulList2' has attribute 'content-desc' with value 'additionalCost_text_costType_1'

2018-09-13 12:44:25 - [MESSAGE][PASSED] - Object 'Object Repository/Sidebar Menu/Mesin Kasir/Kasir/Ringkasan Pesanan/Biaya Tambahan/TambahBiaya - JudulList2' has attribute 'content-desc' with value 'additionalCost_text_costType_1'

2018-09-13 12:44:25 - [TEST_STEP][PASSED] - tap: Tapped on element 'Object Repository/Sidebar Menu/Mesin Kasir/Kasir/Ringkasan Pesanan/Biaya Tambahan/TambahBiaya - JudulList2'

2018-09-13 12:44:30 - [MESSAGE][PASSED] - Tapped on element 'Object Repository/Sidebar Menu/Mesin Kasir/Kasir/Ringkasan Pesanan/Biaya Tambahan/TambahBiaya - JudulList2'

2018-09-13 12:44:30 - [TEST_STEP][PASSED] - waitForElementPresent: Element 'Object Repository/Sidebar Menu/Mesin Kasir/Kasir/Ringkasan Pesanan/Biaya Tambahan/TambahBiaya - BiayaEditTxt' is present

2018-09-13 12:44:33 - [MESSAGE][PASSED] - Element 'Object Repository/Sidebar Menu/Mesin Kasir/Kasir/Ringkasan Pesanan/Biaya Tambahan/TambahBiaya - BiayaEditTxt' is present

2018-09-13 12:44:33 - [TEST_STEP][PASSED] - verifyElementAttributeValue: Object 'Object Repository/Sidebar Menu/Mesin Kasir/Kasir/Ringkasan Pesanan/Biaya Tambahan/TambahBiaya - BiayaEditTxt' has attribute 'content-desc' with value 'additionalCost_input_costAmount'

2018-09-13 12:44:38 - [MESSAGE][PASSED] - Object 'Object Repository/Sidebar Menu/Mesin Kasir/Kasir/Ringkasan Pesanan/Biaya Tambahan/TambahBiaya - BiayaEditTxt' has attribute 'content-desc' with value 'additionalCost_input_costAmount'

2018-09-13 12:44:38 - [TEST_STEP][PASSED] - setText: Text '2000' has been set to element 'Object Repository/Sidebar Menu/Mesin Kasir/Kasir/Ringkasan Pesanan/Biaya Tambahan/TambahBiaya - BiayaEditTxt'

2018-09-13 12:44:55 - [MESSAGE][PASSED] - Text '2000' has been set to element 'Object Repository/Sidebar Menu/Mesin Kasir/Kasir/Ringkasan Pesanan/Biaya Tambahan/TambahBiaya - BiayaEditTxt'

2018-09-13 12:44:55 - [TEST_STEP][PASSED] - hideKeyboard: Keyboard is hidden

2018-09-13 12:44:56 - [MESSAGE][PASSED] - Keyboard is hidden

2018-09-13 12:44:57 - [TEST_STEP][PASSED] - verifyElementText: Actual text and expected text of test object 'Object Repository/Sidebar Menu/Mesin Kasir/Kasir/Ringkasan Pesanan/Biaya Tambahan/TambahBiaya - BiayaEditTxt' are matched.

2018-09-13 12:45:01 - [MESSAGE][PASSED] - Actual text and expected text of test object 'Object Repository/Sidebar Menu/Mesin Kasir/Kasir/Ringkasan Pesanan/Biaya Tambahan/TambahBiaya - BiayaEditTxt' are matched.

2018-09-13 12:45:01 - [TEST_STEP][PASSED] - waitForElementPresent: Element 'Object Repository/Sidebar Menu/Mesin Kasir/Kasir/Ringkasan Pesanan/Biaya Tambahan/TambahBiaya - SIMPANbtn' is present

2018-09-13 12:45:05 - [MESSAGE][PASSED] - Element 'Object Repository/Sidebar Menu/Mesin Kasir/Kasir/Ringkasan Pesanan/Biaya Tambahan/TambahBiaya - SIMPANbtn' is present

2018-09-13 12:45:05 - [TEST_STEP][PASSED] - verifyElementAttributeValue: Object 'Object Repository/Sidebar Menu/Mesin Kasir/Kasir/Ringkasan Pesanan/Biaya Tambahan/TambahBiaya - SIMPANbtn' has attribute 'content-desc' with value 'additionalCost_button_saveCost'

2018-09-13 12:45:09 - [MESSAGE][PASSED] - Object 'Object Repository/Sidebar Menu/Mesin Kasir/Kasir/Ringkasan Pesanan/Biaya Tambahan/TambahBiaya - SIMPANbtn' has attribute 'content-desc' with value 'additionalCost_button_saveCost'

2018-09-13 12:45:09 - [TEST_STEP][PASSED] - tap: Tapped on element 'Object Repository/Sidebar Menu/Mesin Kasir/Kasir/Ringkasan Pesanan/Biaya Tambahan/TambahBiaya - SIMPANbtn'

2018-09-13 12:45:18 - [MESSAGE][PASSED] - Tapped on element 'Object Repository/Sidebar Menu/Mesin Kasir/Kasir/Ringkasan Pesanan/Biaya Tambahan/TambahBiaya - SIMPANbtn'

2018-09-13 12:45:18 - [TEST_STEP][PASSED] - closeApplication: Close app successfully

2018-09-13 12:45:24 - [MESSAGE][PASSED] - Close app successfully]]></system-out>
         <system-err><![CDATA[]]></system-err>
      </testcase>
      <testcase name="Test Cases/Release 3 - Squad Hades/Sprint 1/Story 1770 - Additional Biaya Tambahan in shoopping cart/TC 6 - Select Other from Biaya Tambahan droplist" classname="Test Cases/Release 3 - Squad Hades/Sprint 1/Story 1770 - Additional Biaya Tambahan in shoopping cart/TC 6 - Select Other from Biaya Tambahan droplist" status="PASSED">
         <system-out><![CDATA[2018-09-13 12:45:24 - [TEST_CASE][PASSED] - Test Cases/Release 3 - Squad Hades/Sprint 1/Story 1770 - Additional Biaya Tambahan in shoopping cart/TC 6 - Select Other from Biaya Tambahan droplist: Test Cases/Release 3 - Squad Hades/Sprint 1/Story 1770 - Additional Biaya Tambahan in shoopping cart/TC 6 - Select Other from Biaya Tambahan droplist

2018-09-13 12:45:24 - [TEST_STEP][PASSED] - comment: WELCOME SCREEN

2018-09-13 12:45:24 - [TEST_STEP][PASSED] - Statement - apkPath = apkName: null

2018-09-13 12:45:24 - [TEST_STEP][PASSED] - startApplication: Started app at: 'C:\Users\AV2017005903\Documents\apollo-automation\7 September.apk'

2018-09-13 12:45:59 - [MESSAGE][PASSED] - Started app at: 'C:\Users\AV2017005903\Documents\apollo-automation\7 September.apk'

2018-09-13 12:45:59 - [TEST_STEP][PASSED] - delay: Delayed 15 second(s)

2018-09-13 12:46:14 - [MESSAGE][PASSED] - Delayed 15 second(s)

2018-09-13 12:46:14 - [TEST_STEP][PASSED] - Comment - "If there is a Update TopuUp, click No, Else you can delay for waiting lazyload ": null

2018-09-13 12:46:14 - [TEST_STEP][PASSED] - Statement - driver = com.kms.katalon.core.mobile.keyword.internal.MobileDriverFactory.getDriver(): null

2018-09-13 12:46:14 - [TEST_STEP][PASSED] - Statement - action = new io.appium.java_client.TouchAction(driver): null

2018-09-13 12:46:14 - [TEST_STEP][PASSED] - Statement - action.longPress(550, 300).moveTo(100, 300).release().perform(): null

2018-09-13 12:46:17 - [TEST_STEP][PASSED] - delay: Delayed 8 second(s)

2018-09-13 12:46:25 - [MESSAGE][PASSED] - Delayed 8 second(s)

2018-09-13 12:46:25 - [TEST_STEP][PASSED] - Statement - action.longPress(550, 300).moveTo(100, 300).release().perform(): null

2018-09-13 12:46:28 - [TEST_STEP][PASSED] - delay: Delayed 8 second(s)

2018-09-13 12:46:36 - [MESSAGE][PASSED] - Delayed 8 second(s)

2018-09-13 12:46:36 - [TEST_STEP][PASSED] - Statement - action.longPress(550, 300).moveTo(100, 300).release().perform(): null

2018-09-13 12:46:39 - [TEST_STEP][PASSED] - delay: Delayed 8 second(s)

2018-09-13 12:46:47 - [MESSAGE][PASSED] - Delayed 8 second(s)

2018-09-13 12:46:47 - [TEST_STEP][PASSED] - Statement - action.longPress(550, 300).moveTo(100, 300).release().perform(): null

2018-09-13 12:46:49 - [TEST_STEP][PASSED] - delay: Delayed 8 second(s)

2018-09-13 12:46:57 - [MESSAGE][PASSED] - Delayed 8 second(s)

2018-09-13 12:46:57 - [TEST_STEP][PASSED] - waitForElementPresent: Element 'Object Repository/Splash Screen/Mulai - Button' is present

2018-09-13 12:46:57 - [MESSAGE][WARNING] - Timeout '0' is invalid. Using default page load timeout: '30'

2018-09-13 12:47:00 - [MESSAGE][PASSED] - Element 'Object Repository/Splash Screen/Mulai - Button' is present

2018-09-13 12:47:00 - [TEST_STEP][PASSED] - tap: Tapped on element 'Object Repository/Splash Screen/Mulai - Button'

2018-09-13 12:47:00 - [MESSAGE][WARNING] - Timeout '0' is invalid. Using default page load timeout: '30'

2018-09-13 12:47:07 - [MESSAGE][PASSED] - Tapped on element 'Object Repository/Splash Screen/Mulai - Button'

2018-09-13 12:47:07 - [TEST_STEP][PASSED] - comment: end Welcome Screen

2018-09-13 12:47:07 - [TEST_STEP][PASSED] - comment: LOGIN

2018-09-13 12:47:07 - [TEST_STEP][PASSED] - waitForElementPresent: Element 'Object Repository/Login/Nomor HP  Nama Pengguna - Text Box' is present

2018-09-13 12:47:11 - [MESSAGE][PASSED] - Element 'Object Repository/Login/Nomor HP  Nama Pengguna - Text Box' is present

2018-09-13 12:47:11 - [TEST_STEP][PASSED] - verifyElementAttributeValue: Object 'Object Repository/Login/Nomor HP  Nama Pengguna - Text Box' has attribute 'content-desc' with value 'LoginNameTextInput'

2018-09-13 12:47:19 - [MESSAGE][PASSED] - Object 'Object Repository/Login/Nomor HP  Nama Pengguna - Text Box' has attribute 'content-desc' with value 'LoginNameTextInput'

2018-09-13 12:47:19 - [TEST_STEP][PASSED] - setText: Text '08112233445567' has been set to element 'Object Repository/Login/Nomor HP  Nama Pengguna - Text Box'

2018-09-13 12:47:40 - [MESSAGE][PASSED] - Text '08112233445567' has been set to element 'Object Repository/Login/Nomor HP  Nama Pengguna - Text Box'

2018-09-13 12:47:40 - [TEST_STEP][PASSED] - hideKeyboard: Keyboard is hidden

2018-09-13 12:47:41 - [MESSAGE][PASSED] - Keyboard is hidden

2018-09-13 12:47:41 - [TEST_STEP][PASSED] - verifyElementText: Actual text and expected text of test object 'Object Repository/Login/Nomor HP  Nama Pengguna - Text Box' are matched.

2018-09-13 12:47:49 - [MESSAGE][PASSED] - Actual text and expected text of test object 'Object Repository/Login/Nomor HP  Nama Pengguna - Text Box' are matched.

2018-09-13 12:47:49 - [TEST_STEP][PASSED] - waitForElementPresent: Element 'Object Repository/Login/Button Masuk' is present

2018-09-13 12:47:53 - [MESSAGE][PASSED] - Element 'Object Repository/Login/Button Masuk' is present

2018-09-13 12:47:53 - [TEST_STEP][PASSED] - verifyElementAttributeValue: Object 'Object Repository/Login/Button Masuk' has attribute 'content-desc' with value 'LoginJumpNextBtn'

2018-09-13 12:47:57 - [MESSAGE][PASSED] - Object 'Object Repository/Login/Button Masuk' has attribute 'content-desc' with value 'LoginJumpNextBtn'

2018-09-13 12:47:57 - [TEST_STEP][PASSED] - tap: Tapped on element 'Object Repository/Login/Button Masuk'

2018-09-13 12:48:07 - [MESSAGE][PASSED] - Tapped on element 'Object Repository/Login/Button Masuk'

2018-09-13 12:48:07 - [TEST_STEP][PASSED] - waitForElementPresent: Element 'Object Repository/Login/Input Pin' is present

2018-09-13 12:48:11 - [MESSAGE][PASSED] - Element 'Object Repository/Login/Input Pin' is present

2018-09-13 12:48:11 - [TEST_STEP][PASSED] - verifyElementAttributeValue: Object 'Object Repository/Login/Input Pin' has attribute 'content-desc' with value 'pinCircleFocus'

2018-09-13 12:48:19 - [MESSAGE][PASSED] - Object 'Object Repository/Login/Input Pin' has attribute 'content-desc' with value 'pinCircleFocus'

2018-09-13 12:48:19 - [TEST_STEP][PASSED] - tap: Tapped on element 'Object Repository/Login/Input Pin'

2018-09-13 12:48:28 - [MESSAGE][PASSED] - Tapped on element 'Object Repository/Login/Input Pin'

2018-09-13 12:48:28 - [TEST_STEP][PASSED] - setText: Text '123456' has been set to element 'Object Repository/Login/Input Pin'

2018-09-13 12:48:49 - [MESSAGE][PASSED] - Text '123456' has been set to element 'Object Repository/Login/Input Pin'

2018-09-13 12:48:49 - [TEST_STEP][PASSED] - delay: Delayed 5 second(s)

2018-09-13 12:48:54 - [MESSAGE][PASSED] - Delayed 5 second(s)

2018-09-13 12:48:54 - [TEST_STEP][PASSED] - comment: End Login Test Case

2018-09-13 12:48:54 - [TEST_STEP][PASSED] - waitForElementPresent: Element 'Object Repository/Sidebar Menu/Biaya/HamburgerButton' is present

2018-09-13 12:48:59 - [MESSAGE][PASSED] - Element 'Object Repository/Sidebar Menu/Biaya/HamburgerButton' is present

2018-09-13 12:48:59 - [TEST_STEP][PASSED] - comment: MESIN KASIR

2018-09-13 12:48:59 - [TEST_STEP][PASSED] - verifyElementAttributeValue: Object 'Object Repository/Sidebar Menu/Biaya/HamburgerButton' has attribute 'content-desc' with value 'headerBar_button_hamburgerMenu'

2018-09-13 12:49:07 - [MESSAGE][PASSED] - Object 'Object Repository/Sidebar Menu/Biaya/HamburgerButton' has attribute 'content-desc' with value 'headerBar_button_hamburgerMenu'

2018-09-13 12:49:07 - [TEST_STEP][PASSED] - tap: Tapped on element 'Object Repository/Sidebar Menu/Biaya/HamburgerButton'

2018-09-13 12:49:16 - [MESSAGE][PASSED] - Tapped on element 'Object Repository/Sidebar Menu/Biaya/HamburgerButton'

2018-09-13 12:49:16 - [TEST_STEP][PASSED] - waitForElementPresent: Element 'Object Repository/Sidebar Menu/Mesin Kasir/Kasir/Dashboard Kasir/Kasir' is present

2018-09-13 12:49:23 - [MESSAGE][PASSED] - Element 'Object Repository/Sidebar Menu/Mesin Kasir/Kasir/Dashboard Kasir/Kasir' is present

2018-09-13 12:49:23 - [TEST_STEP][PASSED] - verifyElementAttributeValue: Object 'Object Repository/Sidebar Menu/Mesin Kasir/Kasir/Dashboard Kasir/Kasir' has attribute 'content-desc' with value 'drawerContainer_button_cashierSwitch'

2018-09-13 12:49:31 - [MESSAGE][PASSED] - Object 'Object Repository/Sidebar Menu/Mesin Kasir/Kasir/Dashboard Kasir/Kasir' has attribute 'content-desc' with value 'drawerContainer_button_cashierSwitch'

2018-09-13 12:49:31 - [TEST_STEP][PASSED] - tap: Tapped on element 'Object Repository/Sidebar Menu/Mesin Kasir/Kasir/Dashboard Kasir/Kasir'

2018-09-13 12:49:37 - [MESSAGE][PASSED] - Tapped on element 'Object Repository/Sidebar Menu/Mesin Kasir/Kasir/Dashboard Kasir/Kasir'

2018-09-13 12:49:37 - [TEST_STEP][PASSED] - waitForElementPresent: Element 'Object Repository/Sidebar Menu/Mesin Kasir/Kasir/Dashboard Kasir/ListProduk 1' is present

2018-09-13 12:49:41 - [MESSAGE][PASSED] - Element 'Object Repository/Sidebar Menu/Mesin Kasir/Kasir/Dashboard Kasir/ListProduk 1' is present

2018-09-13 12:49:41 - [TEST_STEP][PASSED] - verifyElementAttributeValue: Object 'Object Repository/Sidebar Menu/Mesin Kasir/Kasir/Dashboard Kasir/ListProduk 1' has attribute 'content-desc' with value 'productSalesItem0'

2018-09-13 12:49:48 - [MESSAGE][PASSED] - Object 'Object Repository/Sidebar Menu/Mesin Kasir/Kasir/Dashboard Kasir/ListProduk 1' has attribute 'content-desc' with value 'productSalesItem0'

2018-09-13 12:49:48 - [TEST_STEP][PASSED] - Statement - For (def index : (0..1)): Tapped on element 'Object Repository/Sidebar Menu/Mesin Kasir/Kasir/Dashboard Kasir/ListProduk 1'

2018-09-13 12:49:48 - [TEST_STEP][PASSED] - tap: Tapped on element 'Object Repository/Sidebar Menu/Mesin Kasir/Kasir/Dashboard Kasir/ListProduk 1'

2018-09-13 12:49:53 - [MESSAGE][PASSED] - Tapped on element 'Object Repository/Sidebar Menu/Mesin Kasir/Kasir/Dashboard Kasir/ListProduk 1'

2018-09-13 12:49:53 - [TEST_STEP][PASSED] - tap: Tapped on element 'Object Repository/Sidebar Menu/Mesin Kasir/Kasir/Dashboard Kasir/ListProduk 1'

2018-09-13 12:50:04 - [MESSAGE][PASSED] - Tapped on element 'Object Repository/Sidebar Menu/Mesin Kasir/Kasir/Dashboard Kasir/ListProduk 1'

2018-09-13 12:50:04 - [TEST_STEP][PASSED] - Statement - For (def index : (0..1)): Tapped on element 'Object Repository/Sidebar Menu/Mesin Kasir/Kasir/Dashboard Kasir/ListProduk 2'

2018-09-13 12:50:04 - [TEST_STEP][PASSED] - tap: Tapped on element 'Object Repository/Sidebar Menu/Mesin Kasir/Kasir/Dashboard Kasir/ListProduk 2'

2018-09-13 12:50:12 - [MESSAGE][PASSED] - Tapped on element 'Object Repository/Sidebar Menu/Mesin Kasir/Kasir/Dashboard Kasir/ListProduk 2'

2018-09-13 12:50:12 - [TEST_STEP][PASSED] - tap: Tapped on element 'Object Repository/Sidebar Menu/Mesin Kasir/Kasir/Dashboard Kasir/ListProduk 2'

2018-09-13 12:50:17 - [MESSAGE][PASSED] - Tapped on element 'Object Repository/Sidebar Menu/Mesin Kasir/Kasir/Dashboard Kasir/ListProduk 2'

2018-09-13 12:50:17 - [TEST_STEP][PASSED] - waitForElementPresent: Element 'Object Repository/Sidebar Menu/Mesin Kasir/Kasir/Estimasi Detail Pesanan/Keranjangbtn' is present

2018-09-13 12:50:20 - [MESSAGE][PASSED] - Element 'Object Repository/Sidebar Menu/Mesin Kasir/Kasir/Estimasi Detail Pesanan/Keranjangbtn' is present

2018-09-13 12:50:20 - [TEST_STEP][PASSED] - tap: Tapped on element 'Object Repository/Sidebar Menu/Mesin Kasir/Kasir/Estimasi Detail Pesanan/Keranjangbtn'

2018-09-13 12:50:24 - [MESSAGE][PASSED] - Tapped on element 'Object Repository/Sidebar Menu/Mesin Kasir/Kasir/Estimasi Detail Pesanan/Keranjangbtn'

2018-09-13 12:50:24 - [TEST_STEP][PASSED] - comment: Ringkasan Pesanan Onboarding

2018-09-13 12:50:24 - [TEST_STEP][PASSED] - waitForElementPresent: Element 'Object Repository/Sidebar Menu/Mesin Kasir/Kasir/Ringkasan Pesanan/Diskon Tambahan/Tambah_Diskon' is present

2018-09-13 12:50:32 - [MESSAGE][PASSED] - Element 'Object Repository/Sidebar Menu/Mesin Kasir/Kasir/Ringkasan Pesanan/Diskon Tambahan/Tambah_Diskon' is present

2018-09-13 12:50:32 - [TEST_STEP][PASSED] - verifyElementAttributeValue: Object 'Object Repository/Sidebar Menu/Mesin Kasir/Kasir/Ringkasan Pesanan/Diskon Tambahan/Tambah_Diskon' has attribute 'content-desc' with value 'asubtotal_atext_additional_discount'

2018-09-13 12:50:37 - [MESSAGE][PASSED] - Object 'Object Repository/Sidebar Menu/Mesin Kasir/Kasir/Ringkasan Pesanan/Diskon Tambahan/Tambah_Diskon' has attribute 'content-desc' with value 'asubtotal_atext_additional_discount'

2018-09-13 12:50:37 - [TEST_STEP][PASSED] - verifyElementVisible: Element 'Object Repository/Sidebar Menu/Mesin Kasir/Kasir/Ringkasan Pesanan/Diskon Tambahan/Tambah_Diskon' is visible

2018-09-13 12:50:41 - [MESSAGE][PASSED] - Element 'Object Repository/Sidebar Menu/Mesin Kasir/Kasir/Ringkasan Pesanan/Diskon Tambahan/Tambah_Diskon' is visible

2018-09-13 12:50:41 - [TEST_STEP][PASSED] - waitForElementPresent: Element 'Object Repository/Sidebar Menu/Mesin Kasir/Kasir/Ringkasan Pesanan/Biaya Tambahan/Tambah_Biaya' is present

2018-09-13 12:50:45 - [MESSAGE][PASSED] - Element 'Object Repository/Sidebar Menu/Mesin Kasir/Kasir/Ringkasan Pesanan/Biaya Tambahan/Tambah_Biaya' is present

2018-09-13 12:50:45 - [TEST_STEP][PASSED] - verifyElementAttributeValue: Object 'Object Repository/Sidebar Menu/Mesin Kasir/Kasir/Ringkasan Pesanan/Biaya Tambahan/Tambah_Biaya' has attribute 'content-desc' with value 'asubtotal_abutton_additional_cost'

2018-09-13 12:50:49 - [MESSAGE][PASSED] - Object 'Object Repository/Sidebar Menu/Mesin Kasir/Kasir/Ringkasan Pesanan/Biaya Tambahan/Tambah_Biaya' has attribute 'content-desc' with value 'asubtotal_abutton_additional_cost'

2018-09-13 12:50:49 - [TEST_STEP][PASSED] - tap: Tapped on element 'Object Repository/Sidebar Menu/Mesin Kasir/Kasir/Ringkasan Pesanan/Biaya Tambahan/Tambah_Biaya'

2018-09-13 12:50:55 - [MESSAGE][PASSED] - Tapped on element 'Object Repository/Sidebar Menu/Mesin Kasir/Kasir/Ringkasan Pesanan/Biaya Tambahan/Tambah_Biaya'

2018-09-13 12:50:55 - [TEST_STEP][PASSED] - waitForElementPresent: Element 'Object Repository/Sidebar Menu/Mesin Kasir/Kasir/Ringkasan Pesanan/Biaya Tambahan/TambahBiaya - JudulDropdown' is present

2018-09-13 12:50:58 - [MESSAGE][PASSED] - Element 'Object Repository/Sidebar Menu/Mesin Kasir/Kasir/Ringkasan Pesanan/Biaya Tambahan/TambahBiaya - JudulDropdown' is present

2018-09-13 12:50:58 - [TEST_STEP][PASSED] - verifyElementAttributeValue: Object 'Object Repository/Sidebar Menu/Mesin Kasir/Kasir/Ringkasan Pesanan/Biaya Tambahan/TambahBiaya - JudulDropdown' has attribute 'content-desc' with value 'additionalCost_icon_costType'

2018-09-13 12:51:02 - [MESSAGE][PASSED] - Object 'Object Repository/Sidebar Menu/Mesin Kasir/Kasir/Ringkasan Pesanan/Biaya Tambahan/TambahBiaya - JudulDropdown' has attribute 'content-desc' with value 'additionalCost_icon_costType'

2018-09-13 12:51:02 - [TEST_STEP][PASSED] - tap: Tapped on element 'Object Repository/Sidebar Menu/Mesin Kasir/Kasir/Ringkasan Pesanan/Biaya Tambahan/TambahBiaya - JudulDropdown'

2018-09-13 12:51:08 - [MESSAGE][PASSED] - Tapped on element 'Object Repository/Sidebar Menu/Mesin Kasir/Kasir/Ringkasan Pesanan/Biaya Tambahan/TambahBiaya - JudulDropdown'

2018-09-13 12:51:08 - [TEST_STEP][PASSED] - waitForElementPresent: Element 'Object Repository/Sidebar Menu/Mesin Kasir/Kasir/Ringkasan Pesanan/Biaya Tambahan/TambahBiaya - JudulList3' is present

2018-09-13 12:51:12 - [MESSAGE][PASSED] - Element 'Object Repository/Sidebar Menu/Mesin Kasir/Kasir/Ringkasan Pesanan/Biaya Tambahan/TambahBiaya - JudulList3' is present

2018-09-13 12:51:12 - [TEST_STEP][PASSED] - verifyElementAttributeValue: Object 'Object Repository/Sidebar Menu/Mesin Kasir/Kasir/Ringkasan Pesanan/Biaya Tambahan/TambahBiaya - JudulList3' has attribute 'content-desc' with value 'additionalCost_text_costType_2'

2018-09-13 12:51:16 - [MESSAGE][PASSED] - Object 'Object Repository/Sidebar Menu/Mesin Kasir/Kasir/Ringkasan Pesanan/Biaya Tambahan/TambahBiaya - JudulList3' has attribute 'content-desc' with value 'additionalCost_text_costType_2'

2018-09-13 12:51:16 - [TEST_STEP][PASSED] - tap: Tapped on element 'Object Repository/Sidebar Menu/Mesin Kasir/Kasir/Ringkasan Pesanan/Biaya Tambahan/TambahBiaya - JudulList3'

2018-09-13 12:51:21 - [MESSAGE][PASSED] - Tapped on element 'Object Repository/Sidebar Menu/Mesin Kasir/Kasir/Ringkasan Pesanan/Biaya Tambahan/TambahBiaya - JudulList3'

2018-09-13 12:51:21 - [TEST_STEP][PASSED] - waitForElementPresent: Element 'Object Repository/Sidebar Menu/Mesin Kasir/Kasir/Ringkasan Pesanan/Biaya Tambahan/TambahBiaya - BiayaLainEdtTxt' is present

2018-09-13 12:51:25 - [MESSAGE][PASSED] - Element 'Object Repository/Sidebar Menu/Mesin Kasir/Kasir/Ringkasan Pesanan/Biaya Tambahan/TambahBiaya - BiayaLainEdtTxt' is present

2018-09-13 12:51:25 - [TEST_STEP][PASSED] - verifyElementAttributeValue: Object 'Object Repository/Sidebar Menu/Mesin Kasir/Kasir/Ringkasan Pesanan/Biaya Tambahan/TambahBiaya - BiayaLainEdtTxt' has attribute 'content-desc' with value 'additionalCost_input_extraCostInfo'

2018-09-13 12:51:29 - [MESSAGE][PASSED] - Object 'Object Repository/Sidebar Menu/Mesin Kasir/Kasir/Ringkasan Pesanan/Biaya Tambahan/TambahBiaya - BiayaLainEdtTxt' has attribute 'content-desc' with value 'additionalCost_input_extraCostInfo'

2018-09-13 12:51:29 - [TEST_STEP][PASSED] - setText: Text 'Buble Wrap' has been set to element 'Object Repository/Sidebar Menu/Mesin Kasir/Kasir/Ringkasan Pesanan/Biaya Tambahan/TambahBiaya - BiayaLainEdtTxt'

2018-09-13 12:51:51 - [MESSAGE][PASSED] - Text 'Buble Wrap' has been set to element 'Object Repository/Sidebar Menu/Mesin Kasir/Kasir/Ringkasan Pesanan/Biaya Tambahan/TambahBiaya - BiayaLainEdtTxt'

2018-09-13 12:51:51 - [TEST_STEP][PASSED] - hideKeyboard: Keyboard is hidden

2018-09-13 12:51:52 - [MESSAGE][PASSED] - Keyboard is hidden

2018-09-13 12:51:52 - [TEST_STEP][PASSED] - waitForElementPresent: Element 'Object Repository/Sidebar Menu/Mesin Kasir/Kasir/Ringkasan Pesanan/Biaya Tambahan/TambahBiaya - BiayaEditTxt' is present

2018-09-13 12:51:58 - [MESSAGE][PASSED] - Element 'Object Repository/Sidebar Menu/Mesin Kasir/Kasir/Ringkasan Pesanan/Biaya Tambahan/TambahBiaya - BiayaEditTxt' is present

2018-09-13 12:51:58 - [TEST_STEP][PASSED] - verifyElementAttributeValue: Object 'Object Repository/Sidebar Menu/Mesin Kasir/Kasir/Ringkasan Pesanan/Biaya Tambahan/TambahBiaya - BiayaEditTxt' has attribute 'content-desc' with value 'additionalCost_input_costAmount'

2018-09-13 12:52:02 - [MESSAGE][PASSED] - Object 'Object Repository/Sidebar Menu/Mesin Kasir/Kasir/Ringkasan Pesanan/Biaya Tambahan/TambahBiaya - BiayaEditTxt' has attribute 'content-desc' with value 'additionalCost_input_costAmount'

2018-09-13 12:52:02 - [TEST_STEP][PASSED] - setText: Text '2000' has been set to element 'Object Repository/Sidebar Menu/Mesin Kasir/Kasir/Ringkasan Pesanan/Biaya Tambahan/TambahBiaya - BiayaEditTxt'

2018-09-13 12:52:22 - [MESSAGE][PASSED] - Text '2000' has been set to element 'Object Repository/Sidebar Menu/Mesin Kasir/Kasir/Ringkasan Pesanan/Biaya Tambahan/TambahBiaya - BiayaEditTxt'

2018-09-13 12:52:22 - [TEST_STEP][PASSED] - hideKeyboard: Keyboard is hidden

2018-09-13 12:52:23 - [MESSAGE][PASSED] - Keyboard is hidden

2018-09-13 12:52:23 - [TEST_STEP][PASSED] - verifyElementText: Actual text and expected text of test object 'Object Repository/Sidebar Menu/Mesin Kasir/Kasir/Ringkasan Pesanan/Biaya Tambahan/TambahBiaya - BiayaEditTxt' are matched.

2018-09-13 12:52:27 - [MESSAGE][PASSED] - Actual text and expected text of test object 'Object Repository/Sidebar Menu/Mesin Kasir/Kasir/Ringkasan Pesanan/Biaya Tambahan/TambahBiaya - BiayaEditTxt' are matched.

2018-09-13 12:52:27 - [TEST_STEP][PASSED] - waitForElementPresent: Element 'Object Repository/Sidebar Menu/Mesin Kasir/Kasir/Ringkasan Pesanan/Biaya Tambahan/TambahBiaya - SIMPANbtn' is present

2018-09-13 12:52:30 - [MESSAGE][PASSED] - Element 'Object Repository/Sidebar Menu/Mesin Kasir/Kasir/Ringkasan Pesanan/Biaya Tambahan/TambahBiaya - SIMPANbtn' is present

2018-09-13 12:52:30 - [TEST_STEP][PASSED] - verifyElementAttributeValue: Object 'Object Repository/Sidebar Menu/Mesin Kasir/Kasir/Ringkasan Pesanan/Biaya Tambahan/TambahBiaya - SIMPANbtn' has attribute 'content-desc' with value 'additionalCost_button_saveCost'

2018-09-13 12:52:34 - [MESSAGE][PASSED] - Object 'Object Repository/Sidebar Menu/Mesin Kasir/Kasir/Ringkasan Pesanan/Biaya Tambahan/TambahBiaya - SIMPANbtn' has attribute 'content-desc' with value 'additionalCost_button_saveCost'

2018-09-13 12:52:34 - [TEST_STEP][PASSED] - tap: Tapped on element 'Object Repository/Sidebar Menu/Mesin Kasir/Kasir/Ringkasan Pesanan/Biaya Tambahan/TambahBiaya - SIMPANbtn'

2018-09-13 12:52:39 - [MESSAGE][PASSED] - Tapped on element 'Object Repository/Sidebar Menu/Mesin Kasir/Kasir/Ringkasan Pesanan/Biaya Tambahan/TambahBiaya - SIMPANbtn'

2018-09-13 12:52:39 - [TEST_STEP][PASSED] - closeApplication: Close app successfully

2018-09-13 12:52:46 - [MESSAGE][PASSED] - Close app successfully]]></system-out>
         <system-err><![CDATA[]]></system-err>
      </testcase>
      <testcase name="Test Cases/Release 3 - Squad Hades/Sprint 1/Story 1770 - Additional Biaya Tambahan in shoopping cart/TC 7 - Nama Biaya field and Biaya field Mandatory" classname="Test Cases/Release 3 - Squad Hades/Sprint 1/Story 1770 - Additional Biaya Tambahan in shoopping cart/TC 7 - Nama Biaya field and Biaya field Mandatory" status="PASSED">
         <system-out><![CDATA[2018-09-13 12:52:46 - [TEST_CASE][PASSED] - Test Cases/Release 3 - Squad Hades/Sprint 1/Story 1770 - Additional Biaya Tambahan in shoopping cart/TC 7 - Nama Biaya field and Biaya field Mandatory: Test Cases/Release 3 - Squad Hades/Sprint 1/Story 1770 - Additional Biaya Tambahan in shoopping cart/TC 7 - Nama Biaya field and Biaya field Mandatory

2018-09-13 12:52:47 - [TEST_STEP][PASSED] - comment: WELCOME SCREEN

2018-09-13 12:52:47 - [TEST_STEP][PASSED] - Statement - apkPath = apkName: null

2018-09-13 12:52:47 - [TEST_STEP][PASSED] - startApplication: Started app at: 'C:\Users\AV2017005903\Documents\apollo-automation\7 September.apk'

2018-09-13 12:53:21 - [MESSAGE][PASSED] - Started app at: 'C:\Users\AV2017005903\Documents\apollo-automation\7 September.apk'

2018-09-13 12:53:21 - [TEST_STEP][PASSED] - delay: Delayed 15 second(s)

2018-09-13 12:53:36 - [MESSAGE][PASSED] - Delayed 15 second(s)

2018-09-13 12:53:36 - [TEST_STEP][PASSED] - Comment - "If there is a Update TopuUp, click No, Else you can delay for waiting lazyload ": null

2018-09-13 12:53:36 - [TEST_STEP][PASSED] - Statement - driver = com.kms.katalon.core.mobile.keyword.internal.MobileDriverFactory.getDriver(): null

2018-09-13 12:53:36 - [TEST_STEP][PASSED] - Statement - action = new io.appium.java_client.TouchAction(driver): null

2018-09-13 12:53:36 - [TEST_STEP][PASSED] - Statement - action.longPress(550, 300).moveTo(100, 300).release().perform(): null

2018-09-13 12:53:39 - [TEST_STEP][PASSED] - delay: Delayed 8 second(s)

2018-09-13 12:53:47 - [MESSAGE][PASSED] - Delayed 8 second(s)

2018-09-13 12:53:47 - [TEST_STEP][PASSED] - Statement - action.longPress(550, 300).moveTo(100, 300).release().perform(): null

2018-09-13 12:53:50 - [TEST_STEP][PASSED] - delay: Delayed 8 second(s)

2018-09-13 12:53:58 - [MESSAGE][PASSED] - Delayed 8 second(s)

2018-09-13 12:53:58 - [TEST_STEP][PASSED] - Statement - action.longPress(550, 300).moveTo(100, 300).release().perform(): null

2018-09-13 12:54:01 - [TEST_STEP][PASSED] - delay: Delayed 8 second(s)

2018-09-13 12:54:09 - [MESSAGE][PASSED] - Delayed 8 second(s)

2018-09-13 12:54:09 - [TEST_STEP][PASSED] - Statement - action.longPress(550, 300).moveTo(100, 300).release().perform(): null

2018-09-13 12:54:11 - [TEST_STEP][PASSED] - delay: Delayed 8 second(s)

2018-09-13 12:54:19 - [MESSAGE][PASSED] - Delayed 8 second(s)

2018-09-13 12:54:19 - [TEST_STEP][PASSED] - waitForElementPresent: Element 'Object Repository/Splash Screen/Mulai - Button' is present

2018-09-13 12:54:19 - [MESSAGE][WARNING] - Timeout '0' is invalid. Using default page load timeout: '30'

2018-09-13 12:54:22 - [MESSAGE][PASSED] - Element 'Object Repository/Splash Screen/Mulai - Button' is present

2018-09-13 12:54:22 - [TEST_STEP][PASSED] - tap: Tapped on element 'Object Repository/Splash Screen/Mulai - Button'

2018-09-13 12:54:22 - [MESSAGE][WARNING] - Timeout '0' is invalid. Using default page load timeout: '30'

2018-09-13 12:54:27 - [MESSAGE][PASSED] - Tapped on element 'Object Repository/Splash Screen/Mulai - Button'

2018-09-13 12:54:27 - [TEST_STEP][PASSED] - comment: end Welcome Screen

2018-09-13 12:54:27 - [TEST_STEP][PASSED] - comment: LOGIN

2018-09-13 12:54:27 - [TEST_STEP][PASSED] - waitForElementPresent: Element 'Object Repository/Login/Nomor HP  Nama Pengguna - Text Box' is present

2018-09-13 12:54:31 - [MESSAGE][PASSED] - Element 'Object Repository/Login/Nomor HP  Nama Pengguna - Text Box' is present

2018-09-13 12:54:31 - [TEST_STEP][PASSED] - verifyElementAttributeValue: Object 'Object Repository/Login/Nomor HP  Nama Pengguna - Text Box' has attribute 'content-desc' with value 'LoginNameTextInput'

2018-09-13 12:54:36 - [MESSAGE][PASSED] - Object 'Object Repository/Login/Nomor HP  Nama Pengguna - Text Box' has attribute 'content-desc' with value 'LoginNameTextInput'

2018-09-13 12:54:36 - [TEST_STEP][PASSED] - setText: Text '08112233445567' has been set to element 'Object Repository/Login/Nomor HP  Nama Pengguna - Text Box'

2018-09-13 12:54:55 - [MESSAGE][PASSED] - Text '08112233445567' has been set to element 'Object Repository/Login/Nomor HP  Nama Pengguna - Text Box'

2018-09-13 12:54:55 - [TEST_STEP][PASSED] - hideKeyboard: Keyboard is hidden

2018-09-13 12:54:56 - [MESSAGE][PASSED] - Keyboard is hidden

2018-09-13 12:54:57 - [TEST_STEP][PASSED] - verifyElementText: Actual text and expected text of test object 'Object Repository/Login/Nomor HP  Nama Pengguna - Text Box' are matched.

2018-09-13 12:55:02 - [MESSAGE][PASSED] - Actual text and expected text of test object 'Object Repository/Login/Nomor HP  Nama Pengguna - Text Box' are matched.

2018-09-13 12:55:02 - [TEST_STEP][PASSED] - waitForElementPresent: Element 'Object Repository/Login/Button Masuk' is present

2018-09-13 12:55:06 - [MESSAGE][PASSED] - Element 'Object Repository/Login/Button Masuk' is present

2018-09-13 12:55:06 - [TEST_STEP][PASSED] - verifyElementAttributeValue: Object 'Object Repository/Login/Button Masuk' has attribute 'content-desc' with value 'LoginJumpNextBtn'

2018-09-13 12:55:10 - [MESSAGE][PASSED] - Object 'Object Repository/Login/Button Masuk' has attribute 'content-desc' with value 'LoginJumpNextBtn'

2018-09-13 12:55:10 - [TEST_STEP][PASSED] - tap: Tapped on element 'Object Repository/Login/Button Masuk'

2018-09-13 12:55:16 - [MESSAGE][PASSED] - Tapped on element 'Object Repository/Login/Button Masuk'

2018-09-13 12:55:16 - [TEST_STEP][PASSED] - waitForElementPresent: Element 'Object Repository/Login/Input Pin' is present

2018-09-13 12:55:19 - [MESSAGE][PASSED] - Element 'Object Repository/Login/Input Pin' is present

2018-09-13 12:55:19 - [TEST_STEP][PASSED] - verifyElementAttributeValue: Object 'Object Repository/Login/Input Pin' has attribute 'content-desc' with value 'pinCircleFocus'

2018-09-13 12:55:23 - [MESSAGE][PASSED] - Object 'Object Repository/Login/Input Pin' has attribute 'content-desc' with value 'pinCircleFocus'

2018-09-13 12:55:23 - [TEST_STEP][PASSED] - tap: Tapped on element 'Object Repository/Login/Input Pin'

2018-09-13 12:55:27 - [MESSAGE][PASSED] - Tapped on element 'Object Repository/Login/Input Pin'

2018-09-13 12:55:27 - [TEST_STEP][PASSED] - setText: Text '123456' has been set to element 'Object Repository/Login/Input Pin'

2018-09-13 12:55:45 - [MESSAGE][PASSED] - Text '123456' has been set to element 'Object Repository/Login/Input Pin'

2018-09-13 12:55:45 - [TEST_STEP][PASSED] - delay: Delayed 5 second(s)

2018-09-13 12:55:50 - [MESSAGE][PASSED] - Delayed 5 second(s)

2018-09-13 12:55:50 - [TEST_STEP][PASSED] - comment: End Login Test Case

2018-09-13 12:55:50 - [TEST_STEP][PASSED] - waitForElementPresent: Element 'Object Repository/Sidebar Menu/Biaya/HamburgerButton' is present

2018-09-13 12:55:53 - [MESSAGE][PASSED] - Element 'Object Repository/Sidebar Menu/Biaya/HamburgerButton' is present

2018-09-13 12:55:53 - [TEST_STEP][PASSED] - comment: MESIN KASIR

2018-09-13 12:55:53 - [TEST_STEP][PASSED] - verifyElementAttributeValue: Object 'Object Repository/Sidebar Menu/Biaya/HamburgerButton' has attribute 'content-desc' with value 'headerBar_button_hamburgerMenu'

2018-09-13 12:55:57 - [MESSAGE][PASSED] - Object 'Object Repository/Sidebar Menu/Biaya/HamburgerButton' has attribute 'content-desc' with value 'headerBar_button_hamburgerMenu'

2018-09-13 12:55:57 - [TEST_STEP][PASSED] - tap: Tapped on element 'Object Repository/Sidebar Menu/Biaya/HamburgerButton'

2018-09-13 12:56:03 - [MESSAGE][PASSED] - Tapped on element 'Object Repository/Sidebar Menu/Biaya/HamburgerButton'

2018-09-13 12:56:03 - [TEST_STEP][PASSED] - waitForElementPresent: Element 'Object Repository/Sidebar Menu/Mesin Kasir/Kasir/Dashboard Kasir/Kasir' is present

2018-09-13 12:56:07 - [MESSAGE][PASSED] - Element 'Object Repository/Sidebar Menu/Mesin Kasir/Kasir/Dashboard Kasir/Kasir' is present

2018-09-13 12:56:07 - [TEST_STEP][PASSED] - verifyElementAttributeValue: Object 'Object Repository/Sidebar Menu/Mesin Kasir/Kasir/Dashboard Kasir/Kasir' has attribute 'content-desc' with value 'drawerContainer_button_cashierSwitch'

2018-09-13 12:56:11 - [MESSAGE][PASSED] - Object 'Object Repository/Sidebar Menu/Mesin Kasir/Kasir/Dashboard Kasir/Kasir' has attribute 'content-desc' with value 'drawerContainer_button_cashierSwitch'

2018-09-13 12:56:11 - [TEST_STEP][PASSED] - tap: Tapped on element 'Object Repository/Sidebar Menu/Mesin Kasir/Kasir/Dashboard Kasir/Kasir'

2018-09-13 12:56:15 - [MESSAGE][PASSED] - Tapped on element 'Object Repository/Sidebar Menu/Mesin Kasir/Kasir/Dashboard Kasir/Kasir'

2018-09-13 12:56:15 - [TEST_STEP][PASSED] - waitForElementPresent: Element 'Object Repository/Sidebar Menu/Mesin Kasir/Kasir/Dashboard Kasir/ListProduk 1' is present

2018-09-13 12:56:19 - [MESSAGE][PASSED] - Element 'Object Repository/Sidebar Menu/Mesin Kasir/Kasir/Dashboard Kasir/ListProduk 1' is present

2018-09-13 12:56:19 - [TEST_STEP][PASSED] - verifyElementAttributeValue: Object 'Object Repository/Sidebar Menu/Mesin Kasir/Kasir/Dashboard Kasir/ListProduk 1' has attribute 'content-desc' with value 'productSalesItem0'

2018-09-13 12:56:23 - [MESSAGE][PASSED] - Object 'Object Repository/Sidebar Menu/Mesin Kasir/Kasir/Dashboard Kasir/ListProduk 1' has attribute 'content-desc' with value 'productSalesItem0'

2018-09-13 12:56:23 - [TEST_STEP][PASSED] - Statement - For (def index : (0..1)): Tapped on element 'Object Repository/Sidebar Menu/Mesin Kasir/Kasir/Dashboard Kasir/ListProduk 1'

2018-09-13 12:56:23 - [TEST_STEP][PASSED] - tap: Tapped on element 'Object Repository/Sidebar Menu/Mesin Kasir/Kasir/Dashboard Kasir/ListProduk 1'

2018-09-13 12:56:32 - [MESSAGE][PASSED] - Tapped on element 'Object Repository/Sidebar Menu/Mesin Kasir/Kasir/Dashboard Kasir/ListProduk 1'

2018-09-13 12:56:32 - [TEST_STEP][PASSED] - tap: Tapped on element 'Object Repository/Sidebar Menu/Mesin Kasir/Kasir/Dashboard Kasir/ListProduk 1'

2018-09-13 12:56:37 - [MESSAGE][PASSED] - Tapped on element 'Object Repository/Sidebar Menu/Mesin Kasir/Kasir/Dashboard Kasir/ListProduk 1'

2018-09-13 12:56:37 - [TEST_STEP][PASSED] - Statement - For (def index : (0..1)): Tapped on element 'Object Repository/Sidebar Menu/Mesin Kasir/Kasir/Dashboard Kasir/ListProduk 2'

2018-09-13 12:56:37 - [TEST_STEP][PASSED] - tap: Tapped on element 'Object Repository/Sidebar Menu/Mesin Kasir/Kasir/Dashboard Kasir/ListProduk 2'

2018-09-13 12:56:43 - [MESSAGE][PASSED] - Tapped on element 'Object Repository/Sidebar Menu/Mesin Kasir/Kasir/Dashboard Kasir/ListProduk 2'

2018-09-13 12:56:43 - [TEST_STEP][PASSED] - tap: Tapped on element 'Object Repository/Sidebar Menu/Mesin Kasir/Kasir/Dashboard Kasir/ListProduk 2'

2018-09-13 12:56:48 - [MESSAGE][PASSED] - Tapped on element 'Object Repository/Sidebar Menu/Mesin Kasir/Kasir/Dashboard Kasir/ListProduk 2'

2018-09-13 12:56:48 - [TEST_STEP][PASSED] - waitForElementPresent: Element 'Object Repository/Sidebar Menu/Mesin Kasir/Kasir/Estimasi Detail Pesanan/Keranjangbtn' is present

2018-09-13 12:56:52 - [MESSAGE][PASSED] - Element 'Object Repository/Sidebar Menu/Mesin Kasir/Kasir/Estimasi Detail Pesanan/Keranjangbtn' is present

2018-09-13 12:56:52 - [TEST_STEP][PASSED] - tap: Tapped on element 'Object Repository/Sidebar Menu/Mesin Kasir/Kasir/Estimasi Detail Pesanan/Keranjangbtn'

2018-09-13 12:56:56 - [MESSAGE][PASSED] - Tapped on element 'Object Repository/Sidebar Menu/Mesin Kasir/Kasir/Estimasi Detail Pesanan/Keranjangbtn'

2018-09-13 12:56:56 - [TEST_STEP][PASSED] - comment: Ringkasan Pesanan Onboarding

2018-09-13 12:56:56 - [TEST_STEP][PASSED] - waitForElementPresent: Element 'Object Repository/Sidebar Menu/Mesin Kasir/Kasir/Ringkasan Pesanan/Diskon Tambahan/Tambah_Diskon' is present

2018-09-13 12:57:02 - [MESSAGE][PASSED] - Element 'Object Repository/Sidebar Menu/Mesin Kasir/Kasir/Ringkasan Pesanan/Diskon Tambahan/Tambah_Diskon' is present

2018-09-13 12:57:02 - [TEST_STEP][PASSED] - verifyElementAttributeValue: Object 'Object Repository/Sidebar Menu/Mesin Kasir/Kasir/Ringkasan Pesanan/Diskon Tambahan/Tambah_Diskon' has attribute 'content-desc' with value 'asubtotal_atext_additional_discount'

2018-09-13 12:57:06 - [MESSAGE][PASSED] - Object 'Object Repository/Sidebar Menu/Mesin Kasir/Kasir/Ringkasan Pesanan/Diskon Tambahan/Tambah_Diskon' has attribute 'content-desc' with value 'asubtotal_atext_additional_discount'

2018-09-13 12:57:06 - [TEST_STEP][PASSED] - verifyElementVisible: Element 'Object Repository/Sidebar Menu/Mesin Kasir/Kasir/Ringkasan Pesanan/Diskon Tambahan/Tambah_Diskon' is visible

2018-09-13 12:57:10 - [MESSAGE][PASSED] - Element 'Object Repository/Sidebar Menu/Mesin Kasir/Kasir/Ringkasan Pesanan/Diskon Tambahan/Tambah_Diskon' is visible

2018-09-13 12:57:10 - [TEST_STEP][PASSED] - waitForElementPresent: Element 'Object Repository/Sidebar Menu/Mesin Kasir/Kasir/Ringkasan Pesanan/Biaya Tambahan/Tambah_Biaya' is present

2018-09-13 12:57:12 - [MESSAGE][PASSED] - Element 'Object Repository/Sidebar Menu/Mesin Kasir/Kasir/Ringkasan Pesanan/Biaya Tambahan/Tambah_Biaya' is present

2018-09-13 12:57:12 - [TEST_STEP][PASSED] - verifyElementAttributeValue: Object 'Object Repository/Sidebar Menu/Mesin Kasir/Kasir/Ringkasan Pesanan/Biaya Tambahan/Tambah_Biaya' has attribute 'content-desc' with value 'asubtotal_abutton_additional_cost'

2018-09-13 12:57:18 - [MESSAGE][PASSED] - Object 'Object Repository/Sidebar Menu/Mesin Kasir/Kasir/Ringkasan Pesanan/Biaya Tambahan/Tambah_Biaya' has attribute 'content-desc' with value 'asubtotal_abutton_additional_cost'

2018-09-13 12:57:18 - [TEST_STEP][PASSED] - tap: Tapped on element 'Object Repository/Sidebar Menu/Mesin Kasir/Kasir/Ringkasan Pesanan/Biaya Tambahan/Tambah_Biaya'

2018-09-13 12:57:24 - [MESSAGE][PASSED] - Tapped on element 'Object Repository/Sidebar Menu/Mesin Kasir/Kasir/Ringkasan Pesanan/Biaya Tambahan/Tambah_Biaya'

2018-09-13 12:57:24 - [TEST_STEP][PASSED] - waitForElementPresent: Element 'Object Repository/Sidebar Menu/Mesin Kasir/Kasir/Ringkasan Pesanan/Biaya Tambahan/TambahBiaya - JudulDropdown' is present

2018-09-13 12:57:27 - [MESSAGE][PASSED] - Element 'Object Repository/Sidebar Menu/Mesin Kasir/Kasir/Ringkasan Pesanan/Biaya Tambahan/TambahBiaya - JudulDropdown' is present

2018-09-13 12:57:27 - [TEST_STEP][PASSED] - verifyElementAttributeValue: Object 'Object Repository/Sidebar Menu/Mesin Kasir/Kasir/Ringkasan Pesanan/Biaya Tambahan/TambahBiaya - JudulDropdown' has attribute 'content-desc' with value 'additionalCost_icon_costType'

2018-09-13 12:57:32 - [MESSAGE][PASSED] - Object 'Object Repository/Sidebar Menu/Mesin Kasir/Kasir/Ringkasan Pesanan/Biaya Tambahan/TambahBiaya - JudulDropdown' has attribute 'content-desc' with value 'additionalCost_icon_costType'

2018-09-13 12:57:32 - [TEST_STEP][PASSED] - tap: Tapped on element 'Object Repository/Sidebar Menu/Mesin Kasir/Kasir/Ringkasan Pesanan/Biaya Tambahan/TambahBiaya - JudulDropdown'

2018-09-13 12:57:38 - [MESSAGE][PASSED] - Tapped on element 'Object Repository/Sidebar Menu/Mesin Kasir/Kasir/Ringkasan Pesanan/Biaya Tambahan/TambahBiaya - JudulDropdown'

2018-09-13 12:57:38 - [TEST_STEP][PASSED] - waitForElementPresent: Element 'Object Repository/Sidebar Menu/Mesin Kasir/Kasir/Ringkasan Pesanan/Biaya Tambahan/TambahBiaya - JudulList3' is present

2018-09-13 12:57:42 - [MESSAGE][PASSED] - Element 'Object Repository/Sidebar Menu/Mesin Kasir/Kasir/Ringkasan Pesanan/Biaya Tambahan/TambahBiaya - JudulList3' is present

2018-09-13 12:57:42 - [TEST_STEP][PASSED] - verifyElementAttributeValue: Object 'Object Repository/Sidebar Menu/Mesin Kasir/Kasir/Ringkasan Pesanan/Biaya Tambahan/TambahBiaya - JudulList3' has attribute 'content-desc' with value 'additionalCost_text_costType_2'

2018-09-13 12:57:47 - [MESSAGE][PASSED] - Object 'Object Repository/Sidebar Menu/Mesin Kasir/Kasir/Ringkasan Pesanan/Biaya Tambahan/TambahBiaya - JudulList3' has attribute 'content-desc' with value 'additionalCost_text_costType_2'

2018-09-13 12:57:47 - [TEST_STEP][PASSED] - tap: Tapped on element 'Object Repository/Sidebar Menu/Mesin Kasir/Kasir/Ringkasan Pesanan/Biaya Tambahan/TambahBiaya - JudulList3'

2018-09-13 12:57:52 - [MESSAGE][PASSED] - Tapped on element 'Object Repository/Sidebar Menu/Mesin Kasir/Kasir/Ringkasan Pesanan/Biaya Tambahan/TambahBiaya - JudulList3'

2018-09-13 12:57:52 - [TEST_STEP][PASSED] - waitForElementPresent: Element 'Object Repository/Sidebar Menu/Mesin Kasir/Kasir/Ringkasan Pesanan/Biaya Tambahan/TambahBiaya - SIMPANbtn' is present

2018-09-13 12:57:56 - [MESSAGE][PASSED] - Element 'Object Repository/Sidebar Menu/Mesin Kasir/Kasir/Ringkasan Pesanan/Biaya Tambahan/TambahBiaya - SIMPANbtn' is present

2018-09-13 12:57:56 - [TEST_STEP][PASSED] - verifyElementAttributeValue: Object 'Object Repository/Sidebar Menu/Mesin Kasir/Kasir/Ringkasan Pesanan/Biaya Tambahan/TambahBiaya - SIMPANbtn' has attribute 'content-desc' with value 'additionalCost_button_saveCost'

2018-09-13 12:58:01 - [MESSAGE][PASSED] - Object 'Object Repository/Sidebar Menu/Mesin Kasir/Kasir/Ringkasan Pesanan/Biaya Tambahan/TambahBiaya - SIMPANbtn' has attribute 'content-desc' with value 'additionalCost_button_saveCost'

2018-09-13 12:58:01 - [TEST_STEP][PASSED] - tap: Tapped on element 'Object Repository/Sidebar Menu/Mesin Kasir/Kasir/Ringkasan Pesanan/Biaya Tambahan/TambahBiaya - SIMPANbtn'

2018-09-13 12:58:07 - [MESSAGE][PASSED] - Tapped on element 'Object Repository/Sidebar Menu/Mesin Kasir/Kasir/Ringkasan Pesanan/Biaya Tambahan/TambahBiaya - SIMPANbtn'

2018-09-13 12:58:07 - [TEST_STEP][PASSED] - Statement - ErMsg = com.kms.katalon.core.mobile.keyword.MobileBuiltInKeywords.getText(com.kms.katalon.core.testobject.ObjectRepository.findTestObject(Sidebar Menu/Mesin Kasir/Kasir/Ringkasan Pesanan/Biaya Tambahan/ErMsg-NBHarus diisi), G_ShortTimeOut): Text of element 'Object Repository/Sidebar Menu/Mesin Kasir/Kasir/Ringkasan Pesanan/Biaya Tambahan/ErMsg-NBHarus diisi' is: 'Harus diisi'

2018-09-13 12:58:13 - [MESSAGE][PASSED] - Text of element 'Object Repository/Sidebar Menu/Mesin Kasir/Kasir/Ringkasan Pesanan/Biaya Tambahan/ErMsg-NBHarus diisi' is: 'Harus diisi'

2018-09-13 12:58:13 - [TEST_STEP][PASSED] - verifyEqual: Actual object 'Harus diisi' and expected object 'Harus diisi' are equal

2018-09-13 12:58:13 - [MESSAGE][PASSED] - Actual object 'Harus diisi' and expected object 'Harus diisi' are equal

2018-09-13 12:58:13 - [TEST_STEP][PASSED] - Statement - ErMsg = com.kms.katalon.core.mobile.keyword.MobileBuiltInKeywords.getText(com.kms.katalon.core.testobject.ObjectRepository.findTestObject(Sidebar Menu/Mesin Kasir/Kasir/Ringkasan Pesanan/Biaya Tambahan/ErMsg - BiayaHarus diisi), G_ShortTimeOut): Text of element 'Object Repository/Sidebar Menu/Mesin Kasir/Kasir/Ringkasan Pesanan/Biaya Tambahan/ErMsg - BiayaHarus diisi' is: 'Harus diisi'

2018-09-13 12:58:20 - [MESSAGE][PASSED] - Text of element 'Object Repository/Sidebar Menu/Mesin Kasir/Kasir/Ringkasan Pesanan/Biaya Tambahan/ErMsg - BiayaHarus diisi' is: 'Harus diisi'

2018-09-13 12:58:20 - [TEST_STEP][PASSED] - verifyEqual: Actual object 'Harus diisi' and expected object 'Harus diisi' are equal

2018-09-13 12:58:20 - [MESSAGE][PASSED] - Actual object 'Harus diisi' and expected object 'Harus diisi' are equal

2018-09-13 12:58:20 - [TEST_STEP][PASSED] - delay: Delayed 5 second(s)

2018-09-13 12:58:25 - [MESSAGE][PASSED] - Delayed 5 second(s)

2018-09-13 12:58:25 - [TEST_STEP][PASSED] - closeApplication: Close app successfully

2018-09-13 12:58:32 - [MESSAGE][PASSED] - Close app successfully]]></system-out>
         <system-err><![CDATA[]]></system-err>
      </testcase>
      <testcase name="Test Cases/Release 3 - Squad Hades/Sprint 1/Story 1770 - Additional Biaya Tambahan in shoopping cart/TC 8 -  Biaya lain is not taxable and should not be less than Rp 0" classname="Test Cases/Release 3 - Squad Hades/Sprint 1/Story 1770 - Additional Biaya Tambahan in shoopping cart/TC 8 -  Biaya lain is not taxable and should not be less than Rp 0" status="PASSED">
         <system-out><![CDATA[2018-09-13 12:58:32 - [TEST_CASE][PASSED] - Test Cases/Release 3 - Squad Hades/Sprint 1/Story 1770 - Additional Biaya Tambahan in shoopping cart/TC 8 -  Biaya lain is not taxable and should not be less than Rp 0: Test Cases/Release 3 - Squad Hades/Sprint 1/Story 1770 - Additional Biaya Tambahan in shoopping cart/TC 8 -  Biaya lain is not taxable and should not be less than Rp 0

2018-09-13 12:58:32 - [TEST_STEP][PASSED] - comment: WELCOME SCREEN

2018-09-13 12:58:32 - [TEST_STEP][PASSED] - Statement - apkPath = apkName: null

2018-09-13 12:58:32 - [TEST_STEP][PASSED] - startApplication: Started app at: 'C:\Users\AV2017005903\Documents\apollo-automation\7 September.apk'

2018-09-13 12:59:08 - [MESSAGE][PASSED] - Started app at: 'C:\Users\AV2017005903\Documents\apollo-automation\7 September.apk'

2018-09-13 12:59:08 - [TEST_STEP][PASSED] - delay: Delayed 15 second(s)

2018-09-13 12:59:23 - [MESSAGE][PASSED] - Delayed 15 second(s)

2018-09-13 12:59:23 - [TEST_STEP][PASSED] - Comment - "If there is a Update TopuUp, click No, Else you can delay for waiting lazyload ": null

2018-09-13 12:59:23 - [TEST_STEP][PASSED] - Statement - driver = com.kms.katalon.core.mobile.keyword.internal.MobileDriverFactory.getDriver(): null

2018-09-13 12:59:23 - [TEST_STEP][PASSED] - Statement - action = new io.appium.java_client.TouchAction(driver): null

2018-09-13 12:59:23 - [TEST_STEP][PASSED] - Statement - action.longPress(550, 300).moveTo(100, 300).release().perform(): null

2018-09-13 12:59:25 - [TEST_STEP][PASSED] - delay: Delayed 8 second(s)

2018-09-13 12:59:33 - [MESSAGE][PASSED] - Delayed 8 second(s)

2018-09-13 12:59:33 - [TEST_STEP][PASSED] - Statement - action.longPress(550, 300).moveTo(100, 300).release().perform(): null

2018-09-13 12:59:36 - [TEST_STEP][PASSED] - delay: Delayed 8 second(s)

2018-09-13 12:59:44 - [MESSAGE][PASSED] - Delayed 8 second(s)

2018-09-13 12:59:44 - [TEST_STEP][PASSED] - Statement - action.longPress(550, 300).moveTo(100, 300).release().perform(): null

2018-09-13 12:59:47 - [TEST_STEP][PASSED] - delay: Delayed 8 second(s)

2018-09-13 12:59:55 - [MESSAGE][PASSED] - Delayed 8 second(s)

2018-09-13 12:59:55 - [TEST_STEP][PASSED] - Statement - action.longPress(550, 300).moveTo(100, 300).release().perform(): null

2018-09-13 12:59:57 - [TEST_STEP][PASSED] - delay: Delayed 8 second(s)

2018-09-13 13:00:05 - [MESSAGE][PASSED] - Delayed 8 second(s)

2018-09-13 13:00:05 - [TEST_STEP][PASSED] - waitForElementPresent: Element 'Object Repository/Splash Screen/Mulai - Button' is present

2018-09-13 13:00:09 - [MESSAGE][PASSED] - Element 'Object Repository/Splash Screen/Mulai - Button' is present

2018-09-13 13:00:09 - [TEST_STEP][PASSED] - tap: Tapped on element 'Object Repository/Splash Screen/Mulai - Button'

2018-09-13 13:00:18 - [MESSAGE][PASSED] - Tapped on element 'Object Repository/Splash Screen/Mulai - Button'

2018-09-13 13:00:18 - [TEST_STEP][PASSED] - comment: end Welcome Screen

2018-09-13 13:00:18 - [TEST_STEP][PASSED] - comment: LOGIN

2018-09-13 13:00:18 - [TEST_STEP][PASSED] - waitForElementPresent: Element 'Object Repository/Login/Nomor HP  Nama Pengguna - Text Box' is present

2018-09-13 13:00:21 - [MESSAGE][PASSED] - Element 'Object Repository/Login/Nomor HP  Nama Pengguna - Text Box' is present

2018-09-13 13:00:21 - [TEST_STEP][PASSED] - verifyElementAttributeValue: Object 'Object Repository/Login/Nomor HP  Nama Pengguna - Text Box' has attribute 'content-desc' with value 'LoginNameTextInput'

2018-09-13 13:00:26 - [MESSAGE][PASSED] - Object 'Object Repository/Login/Nomor HP  Nama Pengguna - Text Box' has attribute 'content-desc' with value 'LoginNameTextInput'

2018-09-13 13:00:26 - [TEST_STEP][PASSED] - setText: Text '08112233445567' has been set to element 'Object Repository/Login/Nomor HP  Nama Pengguna - Text Box'

2018-09-13 13:00:44 - [MESSAGE][PASSED] - Text '08112233445567' has been set to element 'Object Repository/Login/Nomor HP  Nama Pengguna - Text Box'

2018-09-13 13:00:44 - [TEST_STEP][PASSED] - hideKeyboard: Keyboard is hidden

2018-09-13 13:00:44 - [MESSAGE][PASSED] - Keyboard is hidden

2018-09-13 13:00:45 - [TEST_STEP][PASSED] - verifyElementText: Actual text and expected text of test object 'Object Repository/Login/Nomor HP  Nama Pengguna - Text Box' are matched.

2018-09-13 13:00:54 - [MESSAGE][PASSED] - Actual text and expected text of test object 'Object Repository/Login/Nomor HP  Nama Pengguna - Text Box' are matched.

2018-09-13 13:00:54 - [TEST_STEP][PASSED] - waitForElementPresent: Element 'Object Repository/Login/Button Masuk' is present

2018-09-13 13:00:57 - [MESSAGE][PASSED] - Element 'Object Repository/Login/Button Masuk' is present

2018-09-13 13:00:57 - [TEST_STEP][PASSED] - verifyElementAttributeValue: Object 'Object Repository/Login/Button Masuk' has attribute 'content-desc' with value 'LoginJumpNextBtn'

2018-09-13 13:01:05 - [MESSAGE][PASSED] - Object 'Object Repository/Login/Button Masuk' has attribute 'content-desc' with value 'LoginJumpNextBtn'

2018-09-13 13:01:05 - [TEST_STEP][PASSED] - tap: Tapped on element 'Object Repository/Login/Button Masuk'

2018-09-13 13:01:10 - [MESSAGE][PASSED] - Tapped on element 'Object Repository/Login/Button Masuk'

2018-09-13 13:01:10 - [TEST_STEP][PASSED] - waitForElementPresent: Element 'Object Repository/Login/Input Pin' is present

2018-09-13 13:01:14 - [MESSAGE][PASSED] - Element 'Object Repository/Login/Input Pin' is present

2018-09-13 13:01:14 - [TEST_STEP][PASSED] - verifyElementAttributeValue: Object 'Object Repository/Login/Input Pin' has attribute 'content-desc' with value 'pinCircleFocus'

2018-09-13 13:01:21 - [MESSAGE][PASSED] - Object 'Object Repository/Login/Input Pin' has attribute 'content-desc' with value 'pinCircleFocus'

2018-09-13 13:01:21 - [TEST_STEP][PASSED] - tap: Tapped on element 'Object Repository/Login/Input Pin'

2018-09-13 13:01:31 - [MESSAGE][PASSED] - Tapped on element 'Object Repository/Login/Input Pin'

2018-09-13 13:01:31 - [TEST_STEP][PASSED] - setText: Text '123456' has been set to element 'Object Repository/Login/Input Pin'

2018-09-13 13:01:48 - [MESSAGE][PASSED] - Text '123456' has been set to element 'Object Repository/Login/Input Pin'

2018-09-13 13:01:48 - [TEST_STEP][PASSED] - delay: Delayed 5 second(s)

2018-09-13 13:01:53 - [MESSAGE][PASSED] - Delayed 5 second(s)

2018-09-13 13:01:53 - [TEST_STEP][PASSED] - comment: End Login Test Case

2018-09-13 13:01:53 - [TEST_STEP][PASSED] - waitForElementPresent: Element 'Object Repository/Sidebar Menu/Biaya/HamburgerButton' is present

2018-09-13 13:01:55 - [MESSAGE][PASSED] - Element 'Object Repository/Sidebar Menu/Biaya/HamburgerButton' is present

2018-09-13 13:01:55 - [TEST_STEP][PASSED] - comment: MESIN KASIR

2018-09-13 13:01:55 - [TEST_STEP][PASSED] - verifyElementAttributeValue: Object 'Object Repository/Sidebar Menu/Biaya/HamburgerButton' has attribute 'content-desc' with value 'headerBar_button_hamburgerMenu'

2018-09-13 13:01:59 - [MESSAGE][PASSED] - Object 'Object Repository/Sidebar Menu/Biaya/HamburgerButton' has attribute 'content-desc' with value 'headerBar_button_hamburgerMenu'

2018-09-13 13:01:59 - [TEST_STEP][PASSED] - tap: Tapped on element 'Object Repository/Sidebar Menu/Biaya/HamburgerButton'

2018-09-13 13:02:05 - [MESSAGE][PASSED] - Tapped on element 'Object Repository/Sidebar Menu/Biaya/HamburgerButton'

2018-09-13 13:02:05 - [TEST_STEP][PASSED] - waitForElementPresent: Element 'Object Repository/Sidebar Menu/Mesin Kasir/Kasir/Dashboard Kasir/Kasir' is present

2018-09-13 13:02:10 - [MESSAGE][PASSED] - Element 'Object Repository/Sidebar Menu/Mesin Kasir/Kasir/Dashboard Kasir/Kasir' is present

2018-09-13 13:02:10 - [TEST_STEP][PASSED] - verifyElementAttributeValue: Object 'Object Repository/Sidebar Menu/Mesin Kasir/Kasir/Dashboard Kasir/Kasir' has attribute 'content-desc' with value 'drawerContainer_button_cashierSwitch'

2018-09-13 13:02:14 - [MESSAGE][PASSED] - Object 'Object Repository/Sidebar Menu/Mesin Kasir/Kasir/Dashboard Kasir/Kasir' has attribute 'content-desc' with value 'drawerContainer_button_cashierSwitch'

2018-09-13 13:02:14 - [TEST_STEP][PASSED] - tap: Tapped on element 'Object Repository/Sidebar Menu/Mesin Kasir/Kasir/Dashboard Kasir/Kasir'

2018-09-13 13:02:18 - [MESSAGE][PASSED] - Tapped on element 'Object Repository/Sidebar Menu/Mesin Kasir/Kasir/Dashboard Kasir/Kasir'

2018-09-13 13:02:18 - [TEST_STEP][PASSED] - waitForElementPresent: Element 'Object Repository/Sidebar Menu/Mesin Kasir/Kasir/Dashboard Kasir/ListProduk 1' is present

2018-09-13 13:02:24 - [MESSAGE][PASSED] - Element 'Object Repository/Sidebar Menu/Mesin Kasir/Kasir/Dashboard Kasir/ListProduk 1' is present

2018-09-13 13:02:24 - [TEST_STEP][PASSED] - verifyElementAttributeValue: Object 'Object Repository/Sidebar Menu/Mesin Kasir/Kasir/Dashboard Kasir/ListProduk 1' has attribute 'content-desc' with value 'productSalesItem0'

2018-09-13 13:02:28 - [MESSAGE][PASSED] - Object 'Object Repository/Sidebar Menu/Mesin Kasir/Kasir/Dashboard Kasir/ListProduk 1' has attribute 'content-desc' with value 'productSalesItem0'

2018-09-13 13:02:28 - [TEST_STEP][PASSED] - Statement - For (def index : (0..1)): Tapped on element 'Object Repository/Sidebar Menu/Mesin Kasir/Kasir/Dashboard Kasir/ListProduk 1'

2018-09-13 13:02:28 - [TEST_STEP][PASSED] - tap: Tapped on element 'Object Repository/Sidebar Menu/Mesin Kasir/Kasir/Dashboard Kasir/ListProduk 1'

2018-09-13 13:02:34 - [MESSAGE][PASSED] - Tapped on element 'Object Repository/Sidebar Menu/Mesin Kasir/Kasir/Dashboard Kasir/ListProduk 1'

2018-09-13 13:02:34 - [TEST_STEP][PASSED] - tap: Tapped on element 'Object Repository/Sidebar Menu/Mesin Kasir/Kasir/Dashboard Kasir/ListProduk 1'

2018-09-13 13:02:41 - [MESSAGE][PASSED] - Tapped on element 'Object Repository/Sidebar Menu/Mesin Kasir/Kasir/Dashboard Kasir/ListProduk 1'

2018-09-13 13:02:41 - [TEST_STEP][PASSED] - Statement - For (def index : (0..1)): Tapped on element 'Object Repository/Sidebar Menu/Mesin Kasir/Kasir/Dashboard Kasir/ListProduk 2'

2018-09-13 13:02:41 - [TEST_STEP][PASSED] - tap: Tapped on element 'Object Repository/Sidebar Menu/Mesin Kasir/Kasir/Dashboard Kasir/ListProduk 2'

2018-09-13 13:02:46 - [MESSAGE][PASSED] - Tapped on element 'Object Repository/Sidebar Menu/Mesin Kasir/Kasir/Dashboard Kasir/ListProduk 2'

2018-09-13 13:02:46 - [TEST_STEP][PASSED] - tap: Tapped on element 'Object Repository/Sidebar Menu/Mesin Kasir/Kasir/Dashboard Kasir/ListProduk 2'

2018-09-13 13:02:51 - [MESSAGE][PASSED] - Tapped on element 'Object Repository/Sidebar Menu/Mesin Kasir/Kasir/Dashboard Kasir/ListProduk 2'

2018-09-13 13:02:51 - [TEST_STEP][PASSED] - waitForElementPresent: Element 'Object Repository/Sidebar Menu/Mesin Kasir/Kasir/Estimasi Detail Pesanan/Keranjangbtn' is present

2018-09-13 13:02:54 - [MESSAGE][PASSED] - Element 'Object Repository/Sidebar Menu/Mesin Kasir/Kasir/Estimasi Detail Pesanan/Keranjangbtn' is present

2018-09-13 13:02:54 - [TEST_STEP][PASSED] - tap: Tapped on element 'Object Repository/Sidebar Menu/Mesin Kasir/Kasir/Estimasi Detail Pesanan/Keranjangbtn'

2018-09-13 13:02:58 - [MESSAGE][PASSED] - Tapped on element 'Object Repository/Sidebar Menu/Mesin Kasir/Kasir/Estimasi Detail Pesanan/Keranjangbtn'

2018-09-13 13:02:58 - [TEST_STEP][PASSED] - comment: Ringkasan Pesanan Onboarding

2018-09-13 13:02:58 - [TEST_STEP][PASSED] - waitForElementPresent: Element 'Object Repository/Sidebar Menu/Mesin Kasir/Kasir/Ringkasan Pesanan/Diskon Tambahan/Tambah_Diskon' is present

2018-09-13 13:03:03 - [MESSAGE][PASSED] - Element 'Object Repository/Sidebar Menu/Mesin Kasir/Kasir/Ringkasan Pesanan/Diskon Tambahan/Tambah_Diskon' is present

2018-09-13 13:03:03 - [TEST_STEP][PASSED] - verifyElementAttributeValue: Object 'Object Repository/Sidebar Menu/Mesin Kasir/Kasir/Ringkasan Pesanan/Diskon Tambahan/Tambah_Diskon' has attribute 'content-desc' with value 'asubtotal_atext_additional_discount'

2018-09-13 13:03:13 - [MESSAGE][PASSED] - Object 'Object Repository/Sidebar Menu/Mesin Kasir/Kasir/Ringkasan Pesanan/Diskon Tambahan/Tambah_Diskon' has attribute 'content-desc' with value 'asubtotal_atext_additional_discount'

2018-09-13 13:03:13 - [TEST_STEP][PASSED] - verifyElementVisible: Element 'Object Repository/Sidebar Menu/Mesin Kasir/Kasir/Ringkasan Pesanan/Diskon Tambahan/Tambah_Diskon' is visible

2018-09-13 13:03:17 - [MESSAGE][PASSED] - Element 'Object Repository/Sidebar Menu/Mesin Kasir/Kasir/Ringkasan Pesanan/Diskon Tambahan/Tambah_Diskon' is visible

2018-09-13 13:03:17 - [TEST_STEP][PASSED] - waitForElementPresent: Element 'Object Repository/Sidebar Menu/Mesin Kasir/Kasir/Ringkasan Pesanan/Biaya Tambahan/Tambah_Biaya' is present

2018-09-13 13:03:20 - [MESSAGE][PASSED] - Element 'Object Repository/Sidebar Menu/Mesin Kasir/Kasir/Ringkasan Pesanan/Biaya Tambahan/Tambah_Biaya' is present

2018-09-13 13:03:20 - [TEST_STEP][PASSED] - verifyElementAttributeValue: Object 'Object Repository/Sidebar Menu/Mesin Kasir/Kasir/Ringkasan Pesanan/Biaya Tambahan/Tambah_Biaya' has attribute 'content-desc' with value 'asubtotal_abutton_additional_cost'

2018-09-13 13:03:27 - [MESSAGE][PASSED] - Object 'Object Repository/Sidebar Menu/Mesin Kasir/Kasir/Ringkasan Pesanan/Biaya Tambahan/Tambah_Biaya' has attribute 'content-desc' with value 'asubtotal_abutton_additional_cost'

2018-09-13 13:03:27 - [TEST_STEP][PASSED] - tap: Tapped on element 'Object Repository/Sidebar Menu/Mesin Kasir/Kasir/Ringkasan Pesanan/Biaya Tambahan/Tambah_Biaya'

2018-09-13 13:03:36 - [MESSAGE][PASSED] - Tapped on element 'Object Repository/Sidebar Menu/Mesin Kasir/Kasir/Ringkasan Pesanan/Biaya Tambahan/Tambah_Biaya'

2018-09-13 13:03:36 - [TEST_STEP][PASSED] - waitForElementPresent: Element 'Object Repository/Sidebar Menu/Mesin Kasir/Kasir/Ringkasan Pesanan/Biaya Tambahan/TambahBiaya - JudulDropdown' is present

2018-09-13 13:03:39 - [MESSAGE][PASSED] - Element 'Object Repository/Sidebar Menu/Mesin Kasir/Kasir/Ringkasan Pesanan/Biaya Tambahan/TambahBiaya - JudulDropdown' is present

2018-09-13 13:03:39 - [TEST_STEP][PASSED] - verifyElementAttributeValue: Object 'Object Repository/Sidebar Menu/Mesin Kasir/Kasir/Ringkasan Pesanan/Biaya Tambahan/TambahBiaya - JudulDropdown' has attribute 'content-desc' with value 'additionalCost_icon_costType'

2018-09-13 13:03:43 - [MESSAGE][PASSED] - Object 'Object Repository/Sidebar Menu/Mesin Kasir/Kasir/Ringkasan Pesanan/Biaya Tambahan/TambahBiaya - JudulDropdown' has attribute 'content-desc' with value 'additionalCost_icon_costType'

2018-09-13 13:03:43 - [TEST_STEP][PASSED] - tap: Tapped on element 'Object Repository/Sidebar Menu/Mesin Kasir/Kasir/Ringkasan Pesanan/Biaya Tambahan/TambahBiaya - JudulDropdown'

2018-09-13 13:03:48 - [MESSAGE][PASSED] - Tapped on element 'Object Repository/Sidebar Menu/Mesin Kasir/Kasir/Ringkasan Pesanan/Biaya Tambahan/TambahBiaya - JudulDropdown'

2018-09-13 13:03:48 - [TEST_STEP][PASSED] - waitForElementPresent: Element 'Object Repository/Sidebar Menu/Mesin Kasir/Kasir/Ringkasan Pesanan/Biaya Tambahan/TambahBiaya - JudulList3' is present

2018-09-13 13:03:51 - [MESSAGE][PASSED] - Element 'Object Repository/Sidebar Menu/Mesin Kasir/Kasir/Ringkasan Pesanan/Biaya Tambahan/TambahBiaya - JudulList3' is present

2018-09-13 13:03:51 - [TEST_STEP][PASSED] - verifyElementAttributeValue: Object 'Object Repository/Sidebar Menu/Mesin Kasir/Kasir/Ringkasan Pesanan/Biaya Tambahan/TambahBiaya - JudulList3' has attribute 'content-desc' with value 'additionalCost_text_costType_2'

2018-09-13 13:03:55 - [MESSAGE][PASSED] - Object 'Object Repository/Sidebar Menu/Mesin Kasir/Kasir/Ringkasan Pesanan/Biaya Tambahan/TambahBiaya - JudulList3' has attribute 'content-desc' with value 'additionalCost_text_costType_2'

2018-09-13 13:03:55 - [TEST_STEP][PASSED] - tap: Tapped on element 'Object Repository/Sidebar Menu/Mesin Kasir/Kasir/Ringkasan Pesanan/Biaya Tambahan/TambahBiaya - JudulList3'

2018-09-13 13:04:01 - [MESSAGE][PASSED] - Tapped on element 'Object Repository/Sidebar Menu/Mesin Kasir/Kasir/Ringkasan Pesanan/Biaya Tambahan/TambahBiaya - JudulList3'

2018-09-13 13:04:01 - [TEST_STEP][PASSED] - waitForElementPresent: Element 'Object Repository/Sidebar Menu/Mesin Kasir/Kasir/Ringkasan Pesanan/Biaya Tambahan/TambahBiaya - BiayaLainEdtTxt' is present

2018-09-13 13:04:04 - [MESSAGE][PASSED] - Element 'Object Repository/Sidebar Menu/Mesin Kasir/Kasir/Ringkasan Pesanan/Biaya Tambahan/TambahBiaya - BiayaLainEdtTxt' is present

2018-09-13 13:04:04 - [TEST_STEP][PASSED] - verifyElementAttributeValue: Object 'Object Repository/Sidebar Menu/Mesin Kasir/Kasir/Ringkasan Pesanan/Biaya Tambahan/TambahBiaya - BiayaLainEdtTxt' has attribute 'content-desc' with value 'additionalCost_input_extraCostInfo'

2018-09-13 13:04:08 - [MESSAGE][PASSED] - Object 'Object Repository/Sidebar Menu/Mesin Kasir/Kasir/Ringkasan Pesanan/Biaya Tambahan/TambahBiaya - BiayaLainEdtTxt' has attribute 'content-desc' with value 'additionalCost_input_extraCostInfo'

2018-09-13 13:04:08 - [TEST_STEP][PASSED] - setText: Text 'Buble Wrap' has been set to element 'Object Repository/Sidebar Menu/Mesin Kasir/Kasir/Ringkasan Pesanan/Biaya Tambahan/TambahBiaya - BiayaLainEdtTxt'

2018-09-13 13:04:28 - [MESSAGE][PASSED] - Text 'Buble Wrap' has been set to element 'Object Repository/Sidebar Menu/Mesin Kasir/Kasir/Ringkasan Pesanan/Biaya Tambahan/TambahBiaya - BiayaLainEdtTxt'

2018-09-13 13:04:28 - [TEST_STEP][PASSED] - hideKeyboard: Keyboard is hidden

2018-09-13 13:04:29 - [MESSAGE][PASSED] - Keyboard is hidden

2018-09-13 13:04:30 - [TEST_STEP][PASSED] - waitForElementPresent: Element 'Object Repository/Sidebar Menu/Mesin Kasir/Kasir/Ringkasan Pesanan/Biaya Tambahan/TambahBiaya - BiayaEditTxt' is present

2018-09-13 13:04:32 - [MESSAGE][PASSED] - Element 'Object Repository/Sidebar Menu/Mesin Kasir/Kasir/Ringkasan Pesanan/Biaya Tambahan/TambahBiaya - BiayaEditTxt' is present

2018-09-13 13:04:32 - [TEST_STEP][PASSED] - verifyElementAttributeValue: Object 'Object Repository/Sidebar Menu/Mesin Kasir/Kasir/Ringkasan Pesanan/Biaya Tambahan/TambahBiaya - BiayaEditTxt' has attribute 'content-desc' with value 'additionalCost_input_costAmount'

2018-09-13 13:04:36 - [MESSAGE][PASSED] - Object 'Object Repository/Sidebar Menu/Mesin Kasir/Kasir/Ringkasan Pesanan/Biaya Tambahan/TambahBiaya - BiayaEditTxt' has attribute 'content-desc' with value 'additionalCost_input_costAmount'

2018-09-13 13:04:36 - [TEST_STEP][PASSED] - setText: Text '0' has been set to element 'Object Repository/Sidebar Menu/Mesin Kasir/Kasir/Ringkasan Pesanan/Biaya Tambahan/TambahBiaya - BiayaEditTxt'

2018-09-13 13:04:56 - [MESSAGE][PASSED] - Text '0' has been set to element 'Object Repository/Sidebar Menu/Mesin Kasir/Kasir/Ringkasan Pesanan/Biaya Tambahan/TambahBiaya - BiayaEditTxt'

2018-09-13 13:04:56 - [TEST_STEP][PASSED] - hideKeyboard: Keyboard is hidden

2018-09-13 13:04:58 - [MESSAGE][PASSED] - Keyboard is hidden

2018-09-13 13:04:58 - [TEST_STEP][PASSED] - verifyElementText: Actual text and expected text of test object 'Object Repository/Sidebar Menu/Mesin Kasir/Kasir/Ringkasan Pesanan/Biaya Tambahan/TambahBiaya - BiayaEditTxt' are matched.

2018-09-13 13:05:02 - [MESSAGE][PASSED] - Actual text and expected text of test object 'Object Repository/Sidebar Menu/Mesin Kasir/Kasir/Ringkasan Pesanan/Biaya Tambahan/TambahBiaya - BiayaEditTxt' are matched.

2018-09-13 13:05:02 - [TEST_STEP][PASSED] - waitForElementPresent: Element 'Object Repository/Sidebar Menu/Mesin Kasir/Kasir/Ringkasan Pesanan/Biaya Tambahan/TambahBiaya - SIMPANbtn' is present

2018-09-13 13:05:05 - [MESSAGE][PASSED] - Element 'Object Repository/Sidebar Menu/Mesin Kasir/Kasir/Ringkasan Pesanan/Biaya Tambahan/TambahBiaya - SIMPANbtn' is present

2018-09-13 13:05:05 - [TEST_STEP][PASSED] - verifyElementAttributeValue: Object 'Object Repository/Sidebar Menu/Mesin Kasir/Kasir/Ringkasan Pesanan/Biaya Tambahan/TambahBiaya - SIMPANbtn' has attribute 'content-desc' with value 'additionalCost_button_saveCost'

2018-09-13 13:05:08 - [MESSAGE][PASSED] - Object 'Object Repository/Sidebar Menu/Mesin Kasir/Kasir/Ringkasan Pesanan/Biaya Tambahan/TambahBiaya - SIMPANbtn' has attribute 'content-desc' with value 'additionalCost_button_saveCost'

2018-09-13 13:05:08 - [TEST_STEP][PASSED] - tap: Tapped on element 'Object Repository/Sidebar Menu/Mesin Kasir/Kasir/Ringkasan Pesanan/Biaya Tambahan/TambahBiaya - SIMPANbtn'

2018-09-13 13:05:17 - [MESSAGE][PASSED] - Tapped on element 'Object Repository/Sidebar Menu/Mesin Kasir/Kasir/Ringkasan Pesanan/Biaya Tambahan/TambahBiaya - SIMPANbtn'

2018-09-13 13:05:17 - [TEST_STEP][PASSED] - Statement - ErMsg = com.kms.katalon.core.mobile.keyword.MobileBuiltInKeywords.getText(com.kms.katalon.core.testobject.ObjectRepository.findTestObject(Sidebar Menu/Mesin Kasir/Kasir/Ringkasan Pesanan/Biaya Tambahan/ErMsg-BiayaHarus lebih dari Rp 0), G_ShortTimeOut): Text of element 'Object Repository/Sidebar Menu/Mesin Kasir/Kasir/Ringkasan Pesanan/Biaya Tambahan/ErMsg-BiayaHarus lebih dari Rp 0' is: 'Harus lebih dari Rp 0'

2018-09-13 13:05:22 - [MESSAGE][PASSED] - Text of element 'Object Repository/Sidebar Menu/Mesin Kasir/Kasir/Ringkasan Pesanan/Biaya Tambahan/ErMsg-BiayaHarus lebih dari Rp 0' is: 'Harus lebih dari Rp 0'

2018-09-13 13:05:22 - [TEST_STEP][PASSED] - verifyEqual: Actual object 'Harus lebih dari Rp 0' and expected object 'Harus lebih dari Rp 0' are equal

2018-09-13 13:05:22 - [MESSAGE][PASSED] - Actual object 'Harus lebih dari Rp 0' and expected object 'Harus lebih dari Rp 0' are equal

2018-09-13 13:05:22 - [TEST_STEP][PASSED] - delay: Delayed 5 second(s)

2018-09-13 13:05:27 - [MESSAGE][PASSED] - Delayed 5 second(s)

2018-09-13 13:05:27 - [TEST_STEP][PASSED] - closeApplication: Close app successfully

2018-09-13 13:05:33 - [MESSAGE][PASSED] - Close app successfully]]></system-out>
         <system-err><![CDATA[]]></system-err>
      </testcase>
      <system-out><![CDATA[2018-09-13 12:12:41 - [TEST_SUITE][PASSED] - Story 1770 - Additional Biaya Tambahan in shoopping cart: Test Cases/Release 3 - Squad Hades/Sprint 1/Story 1770 - Additional Biaya Tambahan in shoopping cart/TC 8 -  Biaya lain is not taxable and should not be less than Rp 0]]></system-out>
      <system-err><![CDATA[]]></system-err>
   </testsuite>
</testsuites>
