<?xml version="1.0" encoding="UTF-8"?>
<testsuites name="Story 35 - Tambah Barang" time="877" tests="8" failures="0" errors="0">
   <testsuite name="Story 35 - Tambah Barang" tests="8" failures="0" errors="0" time="877" timestamp="2018-07-13 09:16:25" hostname="AV2017005903 - NBMP18A211ITSQA.corp.bankbtpn.co.id" id="Test Suites/Story 35 - Tambah Barang">
      <properties>
         <property name="deviceName" value="OPPO A37f (Android 5.1.1)"/>
         <property name="devicePlatform" value=""/>
         <property name="logFolder" value="C:\\Users\\AV2017005903\\Documents\\apollo-automation\\Reports\\Story 35 - Tambah Barang\\20180713_091618"/>
         <property name="logFiles" value="C:\\Users\\AV2017005903\\Documents\\apollo-automation\\Reports\\Story 35 - Tambah Barang\\20180713_091618\\appium.log, C:\\Users\\AV2017005903\\Documents\\apollo-automation\\Reports\\Story 35 - Tambah Barang\\20180713_091618\\execution0.log"/>
         <property name="attachments" value=""/>
         <property name="hostName" value="AV2017005903 - NBMP18A211ITSQA.corp.bankbtpn.co.id"/>
         <property name="os" value="Windows 10 64bit"/>
         <property name="katalonVersion" value="5.4.2.1"/>
         <property name="deviceOS" value="Android"/>
         <property name="appiumVersion" value="1.8.1"/>
         <property name="deviceModel" value="A37f"/>
         <property name="hostAddress" value="192.168.62.1"/>
         <property name="deviceManufacturer" value="OPPO"/>
         <property name="deviceId" value="6e4df14"/>
         <property name="deviceName" value="OPPO A37f (Android 5.1.1)"/>
         <property name="deviceOSVersion" value="5.1.1"/>
      </properties>
      <testcase name="Test Cases/Story 35 and 921 -Tambah Barang/35 TC 1" classname="Test Cases/Story 35 and 921 -Tambah Barang/35 TC 1" status="PASSED">
         <system-out><![CDATA[2018-07-13 09:16:26 - [TEST_CASE][PASSED] - Test Cases/Story 35 and 921 -Tambah Barang/35 TC 1: Test Cases/Story 35 and 921 -Tambah Barang/35 TC 1

2018-07-13 09:16:26 - [TEST_STEP][PASSED] - comment: Start Story 35 - Display Tambah Barang Form

2018-07-13 09:16:26 - [TEST_STEP][PASSED] - comment: Call Test Case 26 (TC1)

2018-07-13 09:16:26 - [TEST_STEP][PASSED] - callTestCase: Call Test Case 'Test Cases/Story 26 dan 842 -Kelola Stok Final/26 TC 1' successfully

2018-07-13 09:16:26 - [TEST_CASE][PASSED] - Test Cases/Story 26 dan 842 -Kelola Stok Final/26 TC 1: Test Cases/Story 26 dan 842 -Kelola Stok Final/26 TC 1

2018-07-13 09:16:26 - [TEST_STEP][PASSED] - comment: Kelola Stock - View

2018-07-13 09:16:26 - [TEST_STEP][PASSED] - callTestCase: Call Test Case 'Test Cases/Story 679 - Welcome Screen/679 TC - Welcome Screen' successfully

2018-07-13 09:16:26 - [TEST_CASE][PASSED] - Test Cases/Story 679 - Welcome Screen/679 TC - Welcome Screen: Test Cases/Story 679 - Welcome Screen/679 TC - Welcome Screen

2018-07-13 09:16:27 - [TEST_STEP][PASSED] - comment: Start Story 679

2018-07-13 09:16:27 - [TEST_STEP][PASSED] - Statement - apkPath = apkName: null

2018-07-13 09:16:27 - [TEST_STEP][PASSED] - startApplication: Started app at: 'C:\Users\AV2017005903\Documents\apollo-automation\app-sit-3 Juli.apk'

2018-07-13 09:17:16 - [MESSAGE][PASSED] - Started app at: 'C:\Users\AV2017005903\Documents\apollo-automation\app-sit-3 Juli.apk'

2018-07-13 09:17:16 - [TEST_STEP][PASSED] - delay: Delayed 15 second(s)

2018-07-13 09:17:31 - [MESSAGE][PASSED] - Delayed 15 second(s)

2018-07-13 09:17:31 - [TEST_STEP][NOT_RUN] - waitForElementPresent: NOT_RUN: waitForElementPresent

2018-07-13 09:17:31 - [MESSAGE][NOT_RUN] - NOT_RUN: waitForElementPresent

2018-07-13 09:17:31 - [TEST_STEP][NOT_RUN] - verifyElementVisible: NOT_RUN: verifyElementVisible

2018-07-13 09:17:31 - [MESSAGE][NOT_RUN] - NOT_RUN: verifyElementVisible

2018-07-13 09:17:31 - [TEST_STEP][PASSED] - Comment - "Delay until UpdateApp TopUp appear": null

2018-07-13 09:17:31 - [TEST_STEP][PASSED] - Statement - driver = com.kms.katalon.core.mobile.keyword.internal.MobileDriverFactory.getDriver(): null

2018-07-13 09:17:31 - [TEST_STEP][PASSED] - Statement - action = new io.appium.java_client.TouchAction(driver): null

2018-07-13 09:17:31 - [TEST_STEP][PASSED] - Statement - action.longPress(450, 300).moveTo(100, 300).release().perform(): null

2018-07-13 09:17:33 - [TEST_STEP][PASSED] - delay: Delayed 8 second(s)

2018-07-13 09:17:41 - [MESSAGE][PASSED] - Delayed 8 second(s)

2018-07-13 09:17:41 - [TEST_STEP][PASSED] - Statement - action.longPress(450, 300).moveTo(100, 300).release().perform(): null

2018-07-13 09:17:44 - [TEST_STEP][PASSED] - delay: Delayed 8 second(s)

2018-07-13 09:17:52 - [MESSAGE][PASSED] - Delayed 8 second(s)

2018-07-13 09:17:52 - [TEST_STEP][PASSED] - Statement - action.longPress(450, 300).moveTo(100, 300).release().perform(): null

2018-07-13 09:17:55 - [TEST_STEP][PASSED] - delay: Delayed 8 second(s)

2018-07-13 09:18:03 - [MESSAGE][PASSED] - Delayed 8 second(s)

2018-07-13 09:18:03 - [TEST_STEP][PASSED] - Statement - action.longPress(450, 300).moveTo(100, 300).release().perform(): null

2018-07-13 09:18:06 - [TEST_STEP][PASSED] - delay: Delayed 8 second(s)

2018-07-13 09:18:14 - [MESSAGE][PASSED] - Delayed 8 second(s)

2018-07-13 09:18:14 - [TEST_STEP][PASSED] - waitForElementPresent: Element 'Object Repository/Splash Screen/Mulai - Button' is present

2018-07-13 09:18:14 - [MESSAGE][WARNING] - Timeout '0' is invalid. Using default page load timeout: '30'

2018-07-13 09:18:19 - [MESSAGE][PASSED] - Element 'Object Repository/Splash Screen/Mulai - Button' is present

2018-07-13 09:18:19 - [TEST_STEP][PASSED] - tap: Tapped on element 'Object Repository/Splash Screen/Mulai - Button'

2018-07-13 09:18:20 - [MESSAGE][WARNING] - Timeout '0' is invalid. Using default page load timeout: '30'

2018-07-13 09:18:28 - [MESSAGE][PASSED] - Tapped on element 'Object Repository/Splash Screen/Mulai - Button'

2018-07-13 09:18:28 - [MESSAGE][PASSED] - Call Test Case 'Test Cases/Story 679 - Welcome Screen/679 TC - Welcome Screen' successfully

2018-07-13 09:18:28 - [TEST_STEP][NOT_RUN] - Statement - apkPath = apkName: NOT_RUN: Statement - apkPath = apkName

2018-07-13 09:18:28 - [MESSAGE][NOT_RUN] - NOT_RUN: Statement - apkPath = apkName

2018-07-13 09:18:28 - [TEST_STEP][NOT_RUN] - startApplication: NOT_RUN: startApplication

2018-07-13 09:18:28 - [MESSAGE][NOT_RUN] - NOT_RUN: startApplication

2018-07-13 09:18:28 - [TEST_STEP][NOT_RUN] - verifyElementVisible: NOT_RUN: verifyElementVisible

2018-07-13 09:18:28 - [MESSAGE][NOT_RUN] - NOT_RUN: verifyElementVisible

2018-07-13 09:18:28 - [TEST_STEP][PASSED] - comment: Start Login Test Case

2018-07-13 09:18:28 - [TEST_STEP][PASSED] - delay: Delayed 5 second(s)

2018-07-13 09:18:33 - [MESSAGE][PASSED] - Delayed 5 second(s)

2018-07-13 09:18:33 - [TEST_STEP][PASSED] - Comment - "If there is a Update TopuUp, click No, Else you can delay for waiting lazyload ": null

2018-07-13 09:18:33 - [TEST_STEP][PASSED] - waitForElementPresent: Element 'Object Repository/Login/Nomor HP  Nama Pengguna - Text Box' is present

2018-07-13 09:18:36 - [MESSAGE][PASSED] - Element 'Object Repository/Login/Nomor HP  Nama Pengguna - Text Box' is present

2018-07-13 09:18:36 - [TEST_STEP][PASSED] - verifyElementAttributeValue: Object 'Object Repository/Login/Nomor HP  Nama Pengguna - Text Box' has attribute 'content-desc' with value 'LoginNameTextInput'

2018-07-13 09:18:44 - [MESSAGE][PASSED] - Object 'Object Repository/Login/Nomor HP  Nama Pengguna - Text Box' has attribute 'content-desc' with value 'LoginNameTextInput'

2018-07-13 09:18:44 - [TEST_STEP][PASSED] - tap: Tapped on element 'Object Repository/Login/Nomor HP  Nama Pengguna - Text Box'

2018-07-13 09:18:53 - [MESSAGE][PASSED] - Tapped on element 'Object Repository/Login/Nomor HP  Nama Pengguna - Text Box'

2018-07-13 09:18:53 - [TEST_STEP][PASSED] - setText: Text '08112233445567' has been set to element 'Object Repository/Login/Nomor HP  Nama Pengguna - Text Box'

2018-07-13 09:19:13 - [MESSAGE][PASSED] - Text '08112233445567' has been set to element 'Object Repository/Login/Nomor HP  Nama Pengguna - Text Box'

2018-07-13 09:19:13 - [TEST_STEP][PASSED] - hideKeyboard: Keyboard is hidden

2018-07-13 09:19:14 - [MESSAGE][PASSED] - Keyboard is hidden

2018-07-13 09:19:14 - [TEST_STEP][PASSED] - verifyElementText: Actual text and expected text of test object 'Object Repository/Login/Nomor HP  Nama Pengguna - Text Box' are matched.

2018-07-13 09:19:18 - [MESSAGE][PASSED] - Actual text and expected text of test object 'Object Repository/Login/Nomor HP  Nama Pengguna - Text Box' are matched.

2018-07-13 09:19:18 - [TEST_STEP][PASSED] - waitForElementPresent: Element 'Object Repository/Login/Button Masuk' is present

2018-07-13 09:19:20 - [MESSAGE][PASSED] - Element 'Object Repository/Login/Button Masuk' is present

2018-07-13 09:19:20 - [TEST_STEP][PASSED] - verifyElementAttributeValue: Object 'Object Repository/Login/Button Masuk' has attribute 'content-desc' with value 'LoginJumpNextBtn'

2018-07-13 09:19:25 - [MESSAGE][PASSED] - Object 'Object Repository/Login/Button Masuk' has attribute 'content-desc' with value 'LoginJumpNextBtn'

2018-07-13 09:19:25 - [TEST_STEP][PASSED] - tap: Tapped on element 'Object Repository/Login/Button Masuk'

2018-07-13 09:19:30 - [MESSAGE][PASSED] - Tapped on element 'Object Repository/Login/Button Masuk'

2018-07-13 09:19:30 - [TEST_STEP][PASSED] - waitForElementPresent: Element 'Object Repository/Login/Input Pin' is present

2018-07-13 09:19:34 - [MESSAGE][PASSED] - Element 'Object Repository/Login/Input Pin' is present

2018-07-13 09:19:34 - [TEST_STEP][PASSED] - verifyElementAttributeValue: Object 'Object Repository/Login/Input Pin' has attribute 'content-desc' with value 'pinCircleFocus'

2018-07-13 09:19:38 - [MESSAGE][PASSED] - Object 'Object Repository/Login/Input Pin' has attribute 'content-desc' with value 'pinCircleFocus'

2018-07-13 09:19:38 - [TEST_STEP][PASSED] - tap: Tapped on element 'Object Repository/Login/Input Pin'

2018-07-13 09:19:45 - [MESSAGE][PASSED] - Tapped on element 'Object Repository/Login/Input Pin'

2018-07-13 09:19:45 - [TEST_STEP][PASSED] - setText: Text '123456' has been set to element 'Object Repository/Login/Input Pin'

2018-07-13 09:20:06 - [MESSAGE][PASSED] - Text '123456' has been set to element 'Object Repository/Login/Input Pin'

2018-07-13 09:20:06 - [TEST_STEP][PASSED] - delay: Delayed 5 second(s)

2018-07-13 09:20:11 - [MESSAGE][PASSED] - Delayed 5 second(s)

2018-07-13 09:20:11 - [TEST_STEP][PASSED] - getAttribute: Element 'Object Repository/Login/DashboardScreen' has attribute 'content-desc' is 'DashboardScreen'

2018-07-13 09:20:15 - [MESSAGE][PASSED] - Element 'Object Repository/Login/DashboardScreen' has attribute 'content-desc' is 'DashboardScreen'

2018-07-13 09:20:15 - [TEST_STEP][PASSED] - verifyElementAttributeValue: Object 'Object Repository/Login/DashboardScreen' has attribute 'content-desc' with value 'DashboardScreen'

2018-07-13 09:20:19 - [MESSAGE][PASSED] - Object 'Object Repository/Login/DashboardScreen' has attribute 'content-desc' with value 'DashboardScreen'

2018-07-13 09:20:19 - [TEST_STEP][PASSED] - delay: Delayed 5 second(s)

2018-07-13 09:20:24 - [MESSAGE][PASSED] - Delayed 5 second(s)

2018-07-13 09:20:24 - [TEST_STEP][PASSED] - comment: End Login Test Case

2018-07-13 09:20:24 - [TEST_STEP][PASSED] - waitForElementPresent: Element 'Object Repository/Sidebar Menu/HamburgerButton' is present

2018-07-13 09:20:28 - [MESSAGE][PASSED] - Element 'Object Repository/Sidebar Menu/HamburgerButton' is present

2018-07-13 09:20:28 - [TEST_STEP][PASSED] - verifyElementAttributeValue: Object 'Object Repository/Sidebar Menu/HamburgerButton' has attribute 'content-desc' with value 'headerBar_button_hamburgerMenu'

2018-07-13 09:20:32 - [MESSAGE][PASSED] - Object 'Object Repository/Sidebar Menu/HamburgerButton' has attribute 'content-desc' with value 'headerBar_button_hamburgerMenu'

2018-07-13 09:20:32 - [TEST_STEP][PASSED] - tap: Tapped on element 'Object Repository/Sidebar Menu/HamburgerButton'

2018-07-13 09:20:37 - [MESSAGE][PASSED] - Tapped on element 'Object Repository/Sidebar Menu/HamburgerButton'

2018-07-13 09:20:37 - [TEST_STEP][PASSED] - waitForElementPresent: Element 'Object Repository/Sidebar Menu/Produk/Produk' is present

2018-07-13 09:20:44 - [MESSAGE][PASSED] - Element 'Object Repository/Sidebar Menu/Produk/Produk' is present

2018-07-13 09:20:44 - [TEST_STEP][PASSED] - verifyElementAttributeValue: Object 'Object Repository/Sidebar Menu/Produk/Produk' has attribute 'content-desc' with value 'produkMenuItem'

2018-07-13 09:20:49 - [MESSAGE][PASSED] - Object 'Object Repository/Sidebar Menu/Produk/Produk' has attribute 'content-desc' with value 'produkMenuItem'

2018-07-13 09:20:49 - [TEST_STEP][PASSED] - tap: Tapped on element 'Object Repository/Sidebar Menu/Produk/Produk'

2018-07-13 09:20:56 - [MESSAGE][PASSED] - Tapped on element 'Object Repository/Sidebar Menu/Produk/Produk'

2018-07-13 09:20:56 - [TEST_STEP][PASSED] - verifyElementVisible: Element 'Object Repository/Sidebar Menu/Produk/Text Header -  Produk' is visible

2018-07-13 09:21:05 - [MESSAGE][PASSED] - Element 'Object Repository/Sidebar Menu/Produk/Text Header -  Produk' is visible

2018-07-13 09:21:05 - [TEST_STEP][PASSED] - delay: Delayed 5 second(s)

2018-07-13 09:21:10 - [MESSAGE][PASSED] - Delayed 5 second(s)

2018-07-13 09:21:10 - [MESSAGE][PASSED] - Call Test Case 'Test Cases/Story 26 dan 842 -Kelola Stok Final/26 TC 1' successfully

2018-07-13 09:21:10 - [TEST_STEP][PASSED] - waitForElementPresent: Element 'Object Repository/Sidebar Menu/Produk/Tambah Barang/Tambah Barang Button' is present

2018-07-13 09:21:13 - [MESSAGE][PASSED] - Element 'Object Repository/Sidebar Menu/Produk/Tambah Barang/Tambah Barang Button' is present

2018-07-13 09:21:13 - [TEST_STEP][PASSED] - verifyElementAttributeValue: Object 'Object Repository/Sidebar Menu/Produk/Tambah Barang/Tambah Barang Button' has attribute 'content-desc' with value 'productListComponent_button_addProduct'

2018-07-13 09:21:17 - [MESSAGE][PASSED] - Object 'Object Repository/Sidebar Menu/Produk/Tambah Barang/Tambah Barang Button' has attribute 'content-desc' with value 'productListComponent_button_addProduct'

2018-07-13 09:21:17 - [TEST_STEP][PASSED] - tap: Tapped on element 'Object Repository/Sidebar Menu/Produk/Tambah Barang/Tambah Barang Button'

2018-07-13 09:21:23 - [MESSAGE][PASSED] - Tapped on element 'Object Repository/Sidebar Menu/Produk/Tambah Barang/Tambah Barang Button']]></system-out>
         <system-err><![CDATA[]]></system-err>
      </testcase>
      <testcase name="Test Cases/Story 35 and 921 -Tambah Barang/35 TC 2" classname="Test Cases/Story 35 and 921 -Tambah Barang/35 TC 2" status="PASSED">
         <system-out><![CDATA[2018-07-13 09:21:23 - [TEST_CASE][PASSED] - Test Cases/Story 35 and 921 -Tambah Barang/35 TC 2: Test Cases/Story 35 and 921 -Tambah Barang/35 TC 2

2018-07-13 09:21:23 - [TEST_STEP][PASSED] - comment: Increase or decrease product stock

2018-07-13 09:21:23 - [TEST_STEP][PASSED] - Statement - For (def index : (0..10)): Tapped on element 'Object Repository/Sidebar Menu/Produk/Tambah Barang/PlusTap - JumlaH Stock'

2018-07-13 09:21:23 - [TEST_STEP][PASSED] - waitForElementPresent: Element 'Object Repository/Sidebar Menu/Produk/Tambah Barang/PlusTap - JumlaH Stock' is present

2018-07-13 09:21:28 - [MESSAGE][PASSED] - Element 'Object Repository/Sidebar Menu/Produk/Tambah Barang/PlusTap - JumlaH Stock' is present

2018-07-13 09:21:28 - [TEST_STEP][PASSED] - verifyElementAttributeValue: Object 'Object Repository/Sidebar Menu/Produk/Tambah Barang/PlusTap - JumlaH Stock' has attribute 'content-desc' with value 'action_plus_anumberpicker'

2018-07-13 09:21:32 - [MESSAGE][PASSED] - Object 'Object Repository/Sidebar Menu/Produk/Tambah Barang/PlusTap - JumlaH Stock' has attribute 'content-desc' with value 'action_plus_anumberpicker'

2018-07-13 09:21:32 - [TEST_STEP][PASSED] - tap: Tapped on element 'Object Repository/Sidebar Menu/Produk/Tambah Barang/PlusTap - JumlaH Stock'

2018-07-13 09:21:38 - [MESSAGE][PASSED] - Tapped on element 'Object Repository/Sidebar Menu/Produk/Tambah Barang/PlusTap - JumlaH Stock'

2018-07-13 09:21:38 - [TEST_STEP][PASSED] - waitForElementPresent: Element 'Object Repository/Sidebar Menu/Produk/Tambah Barang/PlusTap - JumlaH Stock' is present

2018-07-13 09:21:41 - [MESSAGE][PASSED] - Element 'Object Repository/Sidebar Menu/Produk/Tambah Barang/PlusTap - JumlaH Stock' is present

2018-07-13 09:21:41 - [TEST_STEP][PASSED] - verifyElementAttributeValue: Object 'Object Repository/Sidebar Menu/Produk/Tambah Barang/PlusTap - JumlaH Stock' has attribute 'content-desc' with value 'action_plus_anumberpicker'

2018-07-13 09:21:49 - [MESSAGE][PASSED] - Object 'Object Repository/Sidebar Menu/Produk/Tambah Barang/PlusTap - JumlaH Stock' has attribute 'content-desc' with value 'action_plus_anumberpicker'

2018-07-13 09:21:49 - [TEST_STEP][PASSED] - tap: Tapped on element 'Object Repository/Sidebar Menu/Produk/Tambah Barang/PlusTap - JumlaH Stock'

2018-07-13 09:21:54 - [MESSAGE][PASSED] - Tapped on element 'Object Repository/Sidebar Menu/Produk/Tambah Barang/PlusTap - JumlaH Stock'

2018-07-13 09:21:54 - [TEST_STEP][PASSED] - waitForElementPresent: Element 'Object Repository/Sidebar Menu/Produk/Tambah Barang/PlusTap - JumlaH Stock' is present

2018-07-13 09:21:57 - [MESSAGE][PASSED] - Element 'Object Repository/Sidebar Menu/Produk/Tambah Barang/PlusTap - JumlaH Stock' is present

2018-07-13 09:21:57 - [TEST_STEP][PASSED] - verifyElementAttributeValue: Object 'Object Repository/Sidebar Menu/Produk/Tambah Barang/PlusTap - JumlaH Stock' has attribute 'content-desc' with value 'action_plus_anumberpicker'

2018-07-13 09:22:02 - [MESSAGE][PASSED] - Object 'Object Repository/Sidebar Menu/Produk/Tambah Barang/PlusTap - JumlaH Stock' has attribute 'content-desc' with value 'action_plus_anumberpicker'

2018-07-13 09:22:02 - [TEST_STEP][PASSED] - tap: Tapped on element 'Object Repository/Sidebar Menu/Produk/Tambah Barang/PlusTap - JumlaH Stock'

2018-07-13 09:22:07 - [MESSAGE][PASSED] - Tapped on element 'Object Repository/Sidebar Menu/Produk/Tambah Barang/PlusTap - JumlaH Stock'

2018-07-13 09:22:07 - [TEST_STEP][PASSED] - waitForElementPresent: Element 'Object Repository/Sidebar Menu/Produk/Tambah Barang/PlusTap - JumlaH Stock' is present

2018-07-13 09:22:10 - [MESSAGE][PASSED] - Element 'Object Repository/Sidebar Menu/Produk/Tambah Barang/PlusTap - JumlaH Stock' is present

2018-07-13 09:22:10 - [TEST_STEP][PASSED] - verifyElementAttributeValue: Object 'Object Repository/Sidebar Menu/Produk/Tambah Barang/PlusTap - JumlaH Stock' has attribute 'content-desc' with value 'action_plus_anumberpicker'

2018-07-13 09:22:16 - [MESSAGE][PASSED] - Object 'Object Repository/Sidebar Menu/Produk/Tambah Barang/PlusTap - JumlaH Stock' has attribute 'content-desc' with value 'action_plus_anumberpicker'

2018-07-13 09:22:16 - [TEST_STEP][PASSED] - tap: Tapped on element 'Object Repository/Sidebar Menu/Produk/Tambah Barang/PlusTap - JumlaH Stock'

2018-07-13 09:22:22 - [MESSAGE][PASSED] - Tapped on element 'Object Repository/Sidebar Menu/Produk/Tambah Barang/PlusTap - JumlaH Stock'

2018-07-13 09:22:22 - [TEST_STEP][PASSED] - waitForElementPresent: Element 'Object Repository/Sidebar Menu/Produk/Tambah Barang/PlusTap - JumlaH Stock' is present

2018-07-13 09:22:26 - [MESSAGE][PASSED] - Element 'Object Repository/Sidebar Menu/Produk/Tambah Barang/PlusTap - JumlaH Stock' is present

2018-07-13 09:22:26 - [TEST_STEP][PASSED] - verifyElementAttributeValue: Object 'Object Repository/Sidebar Menu/Produk/Tambah Barang/PlusTap - JumlaH Stock' has attribute 'content-desc' with value 'action_plus_anumberpicker'

2018-07-13 09:22:31 - [MESSAGE][PASSED] - Object 'Object Repository/Sidebar Menu/Produk/Tambah Barang/PlusTap - JumlaH Stock' has attribute 'content-desc' with value 'action_plus_anumberpicker'

2018-07-13 09:22:31 - [TEST_STEP][PASSED] - tap: Tapped on element 'Object Repository/Sidebar Menu/Produk/Tambah Barang/PlusTap - JumlaH Stock'

2018-07-13 09:22:38 - [MESSAGE][PASSED] - Tapped on element 'Object Repository/Sidebar Menu/Produk/Tambah Barang/PlusTap - JumlaH Stock'

2018-07-13 09:22:38 - [TEST_STEP][PASSED] - waitForElementPresent: Element 'Object Repository/Sidebar Menu/Produk/Tambah Barang/PlusTap - JumlaH Stock' is present

2018-07-13 09:22:42 - [MESSAGE][PASSED] - Element 'Object Repository/Sidebar Menu/Produk/Tambah Barang/PlusTap - JumlaH Stock' is present

2018-07-13 09:22:42 - [TEST_STEP][PASSED] - verifyElementAttributeValue: Object 'Object Repository/Sidebar Menu/Produk/Tambah Barang/PlusTap - JumlaH Stock' has attribute 'content-desc' with value 'action_plus_anumberpicker'

2018-07-13 09:22:46 - [MESSAGE][PASSED] - Object 'Object Repository/Sidebar Menu/Produk/Tambah Barang/PlusTap - JumlaH Stock' has attribute 'content-desc' with value 'action_plus_anumberpicker'

2018-07-13 09:22:46 - [TEST_STEP][PASSED] - tap: Tapped on element 'Object Repository/Sidebar Menu/Produk/Tambah Barang/PlusTap - JumlaH Stock'

2018-07-13 09:22:55 - [MESSAGE][PASSED] - Tapped on element 'Object Repository/Sidebar Menu/Produk/Tambah Barang/PlusTap - JumlaH Stock'

2018-07-13 09:22:55 - [TEST_STEP][PASSED] - waitForElementPresent: Element 'Object Repository/Sidebar Menu/Produk/Tambah Barang/PlusTap - JumlaH Stock' is present

2018-07-13 09:22:58 - [MESSAGE][PASSED] - Element 'Object Repository/Sidebar Menu/Produk/Tambah Barang/PlusTap - JumlaH Stock' is present

2018-07-13 09:22:58 - [TEST_STEP][PASSED] - verifyElementAttributeValue: Object 'Object Repository/Sidebar Menu/Produk/Tambah Barang/PlusTap - JumlaH Stock' has attribute 'content-desc' with value 'action_plus_anumberpicker'

2018-07-13 09:23:02 - [MESSAGE][PASSED] - Object 'Object Repository/Sidebar Menu/Produk/Tambah Barang/PlusTap - JumlaH Stock' has attribute 'content-desc' with value 'action_plus_anumberpicker'

2018-07-13 09:23:02 - [TEST_STEP][PASSED] - tap: Tapped on element 'Object Repository/Sidebar Menu/Produk/Tambah Barang/PlusTap - JumlaH Stock'

2018-07-13 09:23:11 - [MESSAGE][PASSED] - Tapped on element 'Object Repository/Sidebar Menu/Produk/Tambah Barang/PlusTap - JumlaH Stock'

2018-07-13 09:23:11 - [TEST_STEP][PASSED] - waitForElementPresent: Element 'Object Repository/Sidebar Menu/Produk/Tambah Barang/PlusTap - JumlaH Stock' is present

2018-07-13 09:23:18 - [MESSAGE][PASSED] - Element 'Object Repository/Sidebar Menu/Produk/Tambah Barang/PlusTap - JumlaH Stock' is present

2018-07-13 09:23:18 - [TEST_STEP][PASSED] - verifyElementAttributeValue: Object 'Object Repository/Sidebar Menu/Produk/Tambah Barang/PlusTap - JumlaH Stock' has attribute 'content-desc' with value 'action_plus_anumberpicker'

2018-07-13 09:23:22 - [MESSAGE][PASSED] - Object 'Object Repository/Sidebar Menu/Produk/Tambah Barang/PlusTap - JumlaH Stock' has attribute 'content-desc' with value 'action_plus_anumberpicker'

2018-07-13 09:23:22 - [TEST_STEP][PASSED] - tap: Tapped on element 'Object Repository/Sidebar Menu/Produk/Tambah Barang/PlusTap - JumlaH Stock'

2018-07-13 09:23:31 - [MESSAGE][PASSED] - Tapped on element 'Object Repository/Sidebar Menu/Produk/Tambah Barang/PlusTap - JumlaH Stock'

2018-07-13 09:23:31 - [TEST_STEP][PASSED] - waitForElementPresent: Element 'Object Repository/Sidebar Menu/Produk/Tambah Barang/PlusTap - JumlaH Stock' is present

2018-07-13 09:23:34 - [MESSAGE][PASSED] - Element 'Object Repository/Sidebar Menu/Produk/Tambah Barang/PlusTap - JumlaH Stock' is present

2018-07-13 09:23:34 - [TEST_STEP][PASSED] - verifyElementAttributeValue: Object 'Object Repository/Sidebar Menu/Produk/Tambah Barang/PlusTap - JumlaH Stock' has attribute 'content-desc' with value 'action_plus_anumberpicker'

2018-07-13 09:23:38 - [MESSAGE][PASSED] - Object 'Object Repository/Sidebar Menu/Produk/Tambah Barang/PlusTap - JumlaH Stock' has attribute 'content-desc' with value 'action_plus_anumberpicker'

2018-07-13 09:23:38 - [TEST_STEP][PASSED] - tap: Tapped on element 'Object Repository/Sidebar Menu/Produk/Tambah Barang/PlusTap - JumlaH Stock'

2018-07-13 09:23:43 - [MESSAGE][PASSED] - Tapped on element 'Object Repository/Sidebar Menu/Produk/Tambah Barang/PlusTap - JumlaH Stock'

2018-07-13 09:23:43 - [TEST_STEP][PASSED] - waitForElementPresent: Element 'Object Repository/Sidebar Menu/Produk/Tambah Barang/PlusTap - JumlaH Stock' is present

2018-07-13 09:23:46 - [MESSAGE][PASSED] - Element 'Object Repository/Sidebar Menu/Produk/Tambah Barang/PlusTap - JumlaH Stock' is present

2018-07-13 09:23:46 - [TEST_STEP][PASSED] - verifyElementAttributeValue: Object 'Object Repository/Sidebar Menu/Produk/Tambah Barang/PlusTap - JumlaH Stock' has attribute 'content-desc' with value 'action_plus_anumberpicker'

2018-07-13 09:23:50 - [MESSAGE][PASSED] - Object 'Object Repository/Sidebar Menu/Produk/Tambah Barang/PlusTap - JumlaH Stock' has attribute 'content-desc' with value 'action_plus_anumberpicker'

2018-07-13 09:23:50 - [TEST_STEP][PASSED] - tap: Tapped on element 'Object Repository/Sidebar Menu/Produk/Tambah Barang/PlusTap - JumlaH Stock'

2018-07-13 09:23:55 - [MESSAGE][PASSED] - Tapped on element 'Object Repository/Sidebar Menu/Produk/Tambah Barang/PlusTap - JumlaH Stock'

2018-07-13 09:23:55 - [TEST_STEP][PASSED] - waitForElementPresent: Element 'Object Repository/Sidebar Menu/Produk/Tambah Barang/PlusTap - JumlaH Stock' is present

2018-07-13 09:23:59 - [MESSAGE][PASSED] - Element 'Object Repository/Sidebar Menu/Produk/Tambah Barang/PlusTap - JumlaH Stock' is present

2018-07-13 09:23:59 - [TEST_STEP][PASSED] - verifyElementAttributeValue: Object 'Object Repository/Sidebar Menu/Produk/Tambah Barang/PlusTap - JumlaH Stock' has attribute 'content-desc' with value 'action_plus_anumberpicker'

2018-07-13 09:24:03 - [MESSAGE][PASSED] - Object 'Object Repository/Sidebar Menu/Produk/Tambah Barang/PlusTap - JumlaH Stock' has attribute 'content-desc' with value 'action_plus_anumberpicker'

2018-07-13 09:24:03 - [TEST_STEP][PASSED] - tap: Tapped on element 'Object Repository/Sidebar Menu/Produk/Tambah Barang/PlusTap - JumlaH Stock'

2018-07-13 09:24:11 - [MESSAGE][PASSED] - Tapped on element 'Object Repository/Sidebar Menu/Produk/Tambah Barang/PlusTap - JumlaH Stock'

2018-07-13 09:24:11 - [TEST_STEP][PASSED] - Statement - For (def index : (0..5)): Tapped on element 'Object Repository/Sidebar Menu/Produk/Tambah Barang/Minus Tap - Jumlah Stock'

2018-07-13 09:24:11 - [TEST_STEP][PASSED] - waitForElementPresent: Element 'Object Repository/Sidebar Menu/Produk/Tambah Barang/Minus Tap - Jumlah Stock' is present

2018-07-13 09:24:14 - [MESSAGE][PASSED] - Element 'Object Repository/Sidebar Menu/Produk/Tambah Barang/Minus Tap - Jumlah Stock' is present

2018-07-13 09:24:14 - [TEST_STEP][PASSED] - verifyElementAttributeValue: Object 'Object Repository/Sidebar Menu/Produk/Tambah Barang/Minus Tap - Jumlah Stock' has attribute 'content-desc' with value 'action_minus_anumberpicker'

2018-07-13 09:24:24 - [MESSAGE][PASSED] - Object 'Object Repository/Sidebar Menu/Produk/Tambah Barang/Minus Tap - Jumlah Stock' has attribute 'content-desc' with value 'action_minus_anumberpicker'

2018-07-13 09:24:24 - [TEST_STEP][PASSED] - tap: Tapped on element 'Object Repository/Sidebar Menu/Produk/Tambah Barang/Minus Tap - Jumlah Stock'

2018-07-13 09:24:33 - [MESSAGE][PASSED] - Tapped on element 'Object Repository/Sidebar Menu/Produk/Tambah Barang/Minus Tap - Jumlah Stock'

2018-07-13 09:24:33 - [TEST_STEP][PASSED] - waitForElementPresent: Element 'Object Repository/Sidebar Menu/Produk/Tambah Barang/Minus Tap - Jumlah Stock' is present

2018-07-13 09:24:35 - [MESSAGE][PASSED] - Element 'Object Repository/Sidebar Menu/Produk/Tambah Barang/Minus Tap - Jumlah Stock' is present

2018-07-13 09:24:35 - [TEST_STEP][PASSED] - verifyElementAttributeValue: Object 'Object Repository/Sidebar Menu/Produk/Tambah Barang/Minus Tap - Jumlah Stock' has attribute 'content-desc' with value 'action_minus_anumberpicker'

2018-07-13 09:24:41 - [MESSAGE][PASSED] - Object 'Object Repository/Sidebar Menu/Produk/Tambah Barang/Minus Tap - Jumlah Stock' has attribute 'content-desc' with value 'action_minus_anumberpicker'

2018-07-13 09:24:41 - [TEST_STEP][PASSED] - tap: Tapped on element 'Object Repository/Sidebar Menu/Produk/Tambah Barang/Minus Tap - Jumlah Stock'

2018-07-13 09:24:48 - [MESSAGE][PASSED] - Tapped on element 'Object Repository/Sidebar Menu/Produk/Tambah Barang/Minus Tap - Jumlah Stock'

2018-07-13 09:24:48 - [TEST_STEP][PASSED] - waitForElementPresent: Element 'Object Repository/Sidebar Menu/Produk/Tambah Barang/Minus Tap - Jumlah Stock' is present

2018-07-13 09:24:54 - [MESSAGE][PASSED] - Element 'Object Repository/Sidebar Menu/Produk/Tambah Barang/Minus Tap - Jumlah Stock' is present

2018-07-13 09:24:54 - [TEST_STEP][PASSED] - verifyElementAttributeValue: Object 'Object Repository/Sidebar Menu/Produk/Tambah Barang/Minus Tap - Jumlah Stock' has attribute 'content-desc' with value 'action_minus_anumberpicker'

2018-07-13 09:24:58 - [MESSAGE][PASSED] - Object 'Object Repository/Sidebar Menu/Produk/Tambah Barang/Minus Tap - Jumlah Stock' has attribute 'content-desc' with value 'action_minus_anumberpicker'

2018-07-13 09:24:58 - [TEST_STEP][PASSED] - tap: Tapped on element 'Object Repository/Sidebar Menu/Produk/Tambah Barang/Minus Tap - Jumlah Stock'

2018-07-13 09:25:04 - [MESSAGE][PASSED] - Tapped on element 'Object Repository/Sidebar Menu/Produk/Tambah Barang/Minus Tap - Jumlah Stock'

2018-07-13 09:25:04 - [TEST_STEP][PASSED] - waitForElementPresent: Element 'Object Repository/Sidebar Menu/Produk/Tambah Barang/Minus Tap - Jumlah Stock' is present

2018-07-13 09:25:11 - [MESSAGE][PASSED] - Element 'Object Repository/Sidebar Menu/Produk/Tambah Barang/Minus Tap - Jumlah Stock' is present

2018-07-13 09:25:11 - [TEST_STEP][PASSED] - verifyElementAttributeValue: Object 'Object Repository/Sidebar Menu/Produk/Tambah Barang/Minus Tap - Jumlah Stock' has attribute 'content-desc' with value 'action_minus_anumberpicker'

2018-07-13 09:25:18 - [MESSAGE][PASSED] - Object 'Object Repository/Sidebar Menu/Produk/Tambah Barang/Minus Tap - Jumlah Stock' has attribute 'content-desc' with value 'action_minus_anumberpicker'

2018-07-13 09:25:18 - [TEST_STEP][PASSED] - tap: Tapped on element 'Object Repository/Sidebar Menu/Produk/Tambah Barang/Minus Tap - Jumlah Stock'

2018-07-13 09:25:28 - [MESSAGE][PASSED] - Tapped on element 'Object Repository/Sidebar Menu/Produk/Tambah Barang/Minus Tap - Jumlah Stock'

2018-07-13 09:25:28 - [TEST_STEP][PASSED] - waitForElementPresent: Element 'Object Repository/Sidebar Menu/Produk/Tambah Barang/Minus Tap - Jumlah Stock' is present

2018-07-13 09:25:31 - [MESSAGE][PASSED] - Element 'Object Repository/Sidebar Menu/Produk/Tambah Barang/Minus Tap - Jumlah Stock' is present

2018-07-13 09:25:31 - [TEST_STEP][PASSED] - verifyElementAttributeValue: Object 'Object Repository/Sidebar Menu/Produk/Tambah Barang/Minus Tap - Jumlah Stock' has attribute 'content-desc' with value 'action_minus_anumberpicker'

2018-07-13 09:25:35 - [MESSAGE][PASSED] - Object 'Object Repository/Sidebar Menu/Produk/Tambah Barang/Minus Tap - Jumlah Stock' has attribute 'content-desc' with value 'action_minus_anumberpicker'

2018-07-13 09:25:35 - [TEST_STEP][PASSED] - tap: Tapped on element 'Object Repository/Sidebar Menu/Produk/Tambah Barang/Minus Tap - Jumlah Stock'

2018-07-13 09:25:40 - [MESSAGE][PASSED] - Tapped on element 'Object Repository/Sidebar Menu/Produk/Tambah Barang/Minus Tap - Jumlah Stock'

2018-07-13 09:25:40 - [TEST_STEP][PASSED] - waitForElementPresent: Element 'Object Repository/Sidebar Menu/Produk/Tambah Barang/Minus Tap - Jumlah Stock' is present

2018-07-13 09:25:43 - [MESSAGE][PASSED] - Element 'Object Repository/Sidebar Menu/Produk/Tambah Barang/Minus Tap - Jumlah Stock' is present

2018-07-13 09:25:43 - [TEST_STEP][PASSED] - verifyElementAttributeValue: Object 'Object Repository/Sidebar Menu/Produk/Tambah Barang/Minus Tap - Jumlah Stock' has attribute 'content-desc' with value 'action_minus_anumberpicker'

2018-07-13 09:25:48 - [MESSAGE][PASSED] - Object 'Object Repository/Sidebar Menu/Produk/Tambah Barang/Minus Tap - Jumlah Stock' has attribute 'content-desc' with value 'action_minus_anumberpicker'

2018-07-13 09:25:48 - [TEST_STEP][PASSED] - tap: Tapped on element 'Object Repository/Sidebar Menu/Produk/Tambah Barang/Minus Tap - Jumlah Stock'

2018-07-13 09:25:53 - [MESSAGE][PASSED] - Tapped on element 'Object Repository/Sidebar Menu/Produk/Tambah Barang/Minus Tap - Jumlah Stock']]></system-out>
         <system-err><![CDATA[]]></system-err>
      </testcase>
      <testcase name="Test Cases/Story 35 and 921 -Tambah Barang/35 TC 3" classname="Test Cases/Story 35 and 921 -Tambah Barang/35 TC 3" status="PASSED">
         <system-out><![CDATA[2018-07-13 09:25:53 - [TEST_CASE][PASSED] - Test Cases/Story 35 and 921 -Tambah Barang/35 TC 3: Test Cases/Story 35 and 921 -Tambah Barang/35 TC 3

2018-07-13 09:25:53 - [TEST_STEP][PASSED] - comment: User update stock when specifies stock = -(minus)

2018-07-13 09:25:53 - [TEST_STEP][PASSED] - waitForElementPresent: Element 'Object Repository/Sidebar Menu/Produk/Tambah Barang/Jumlah Stock - by typing' is present

2018-07-13 09:25:56 - [MESSAGE][PASSED] - Element 'Object Repository/Sidebar Menu/Produk/Tambah Barang/Jumlah Stock - by typing' is present

2018-07-13 09:25:56 - [TEST_STEP][PASSED] - verifyElementAttributeValue: Object 'Object Repository/Sidebar Menu/Produk/Tambah Barang/Jumlah Stock - by typing' has attribute 'content-desc' with value 'input_anumberpicker'

2018-07-13 09:26:00 - [MESSAGE][PASSED] - Object 'Object Repository/Sidebar Menu/Produk/Tambah Barang/Jumlah Stock - by typing' has attribute 'content-desc' with value 'input_anumberpicker'

2018-07-13 09:26:00 - [TEST_STEP][PASSED] - clearText: Element 'Object Repository/Sidebar Menu/Produk/Tambah Barang/Jumlah Stock - by typing' text is cleared

2018-07-13 09:26:06 - [MESSAGE][PASSED] - Element 'Object Repository/Sidebar Menu/Produk/Tambah Barang/Jumlah Stock - by typing' text is cleared

2018-07-13 09:26:06 - [TEST_STEP][PASSED] - setText: Text '-23' has been set to element 'Object Repository/Sidebar Menu/Produk/Tambah Barang/Jumlah Stock - by typing'

2018-07-13 09:26:21 - [MESSAGE][PASSED] - Text '-23' has been set to element 'Object Repository/Sidebar Menu/Produk/Tambah Barang/Jumlah Stock - by typing'

2018-07-13 09:26:21 - [TEST_STEP][PASSED] - hideKeyboard: Keyboard is hidden

2018-07-13 09:26:23 - [MESSAGE][PASSED] - Keyboard is hidden

2018-07-13 09:26:23 - [TEST_STEP][PASSED] - verifyElementAttributeValue: Object 'Object Repository/Sidebar Menu/Produk/Tambah Barang/Jumlah Stock - by typing' has attribute 'text' with value '23'

2018-07-13 09:26:28 - [MESSAGE][PASSED] - Object 'Object Repository/Sidebar Menu/Produk/Tambah Barang/Jumlah Stock - by typing' has attribute 'text' with value '23'

2018-07-13 09:26:28 - [TEST_STEP][PASSED] - clearText: Element 'Object Repository/Sidebar Menu/Produk/Tambah Barang/Jumlah Stock - by typing' text is cleared

2018-07-13 09:26:33 - [MESSAGE][PASSED] - Element 'Object Repository/Sidebar Menu/Produk/Tambah Barang/Jumlah Stock - by typing' text is cleared

2018-07-13 09:26:33 - [TEST_STEP][PASSED] - setText: Text '8.2' has been set to element 'Object Repository/Sidebar Menu/Produk/Tambah Barang/Jumlah Stock - by typing'

2018-07-13 09:26:51 - [MESSAGE][PASSED] - Text '8.2' has been set to element 'Object Repository/Sidebar Menu/Produk/Tambah Barang/Jumlah Stock - by typing'

2018-07-13 09:26:51 - [TEST_STEP][PASSED] - hideKeyboard: Keyboard is hidden

2018-07-13 09:26:52 - [MESSAGE][PASSED] - Keyboard is hidden

2018-07-13 09:26:52 - [TEST_STEP][PASSED] - verifyElementAttributeValue: Object 'Object Repository/Sidebar Menu/Produk/Tambah Barang/Jumlah Stock - by typing' has attribute 'text' with value '82'

2018-07-13 09:26:56 - [MESSAGE][PASSED] - Object 'Object Repository/Sidebar Menu/Produk/Tambah Barang/Jumlah Stock - by typing' has attribute 'text' with value '82'

2018-07-13 09:26:56 - [TEST_STEP][PASSED] - comment: move to TC 4]]></system-out>
         <system-err><![CDATA[]]></system-err>
      </testcase>
      <testcase name="Test Cases/Story 35 and 921 -Tambah Barang/35 TC 4" classname="Test Cases/Story 35 and 921 -Tambah Barang/35 TC 4" status="PASSED">
         <system-out><![CDATA[2018-07-13 09:26:56 - [TEST_CASE][PASSED] - Test Cases/Story 35 and 921 -Tambah Barang/35 TC 4: Test Cases/Story 35 and 921 -Tambah Barang/35 TC 4

2018-07-13 09:26:56 - [TEST_STEP][PASSED] - comment: Check maximum input stock - max 3 digit

2018-07-13 09:26:56 - [TEST_STEP][PASSED] - waitForElementPresent: Element 'Object Repository/Sidebar Menu/Produk/Tambah Barang/Jumlah Stock - by typing' is present

2018-07-13 09:27:00 - [MESSAGE][PASSED] - Element 'Object Repository/Sidebar Menu/Produk/Tambah Barang/Jumlah Stock - by typing' is present

2018-07-13 09:27:00 - [TEST_STEP][PASSED] - verifyElementAttributeValue: Object 'Object Repository/Sidebar Menu/Produk/Tambah Barang/Jumlah Stock - by typing' has attribute 'content-desc' with value 'input_anumberpicker'

2018-07-13 09:27:09 - [MESSAGE][PASSED] - Object 'Object Repository/Sidebar Menu/Produk/Tambah Barang/Jumlah Stock - by typing' has attribute 'content-desc' with value 'input_anumberpicker'

2018-07-13 09:27:09 - [TEST_STEP][PASSED] - clearText: Element 'Object Repository/Sidebar Menu/Produk/Tambah Barang/Jumlah Stock - by typing' text is cleared

2018-07-13 09:27:15 - [MESSAGE][PASSED] - Element 'Object Repository/Sidebar Menu/Produk/Tambah Barang/Jumlah Stock - by typing' text is cleared

2018-07-13 09:27:15 - [TEST_STEP][PASSED] - setText: Text '23434567' has been set to element 'Object Repository/Sidebar Menu/Produk/Tambah Barang/Jumlah Stock - by typing'

2018-07-13 09:27:34 - [MESSAGE][PASSED] - Text '23434567' has been set to element 'Object Repository/Sidebar Menu/Produk/Tambah Barang/Jumlah Stock - by typing'

2018-07-13 09:27:34 - [TEST_STEP][PASSED] - hideKeyboard: Keyboard is hidden

2018-07-13 09:27:35 - [MESSAGE][PASSED] - Keyboard is hidden

2018-07-13 09:27:35 - [TEST_STEP][PASSED] - verifyElementAttributeValue: Object 'Object Repository/Sidebar Menu/Produk/Tambah Barang/Jumlah Stock - by typing' has attribute 'text' with value '234'

2018-07-13 09:27:40 - [MESSAGE][PASSED] - Object 'Object Repository/Sidebar Menu/Produk/Tambah Barang/Jumlah Stock - by typing' has attribute 'text' with value '234']]></system-out>
         <system-err><![CDATA[]]></system-err>
      </testcase>
      <testcase name="Test Cases/Story 35 and 921 -Tambah Barang/35 TC 5" classname="Test Cases/Story 35 and 921 -Tambah Barang/35 TC 5" status="PASSED">
         <system-out><![CDATA[2018-07-13 09:27:40 - [TEST_CASE][PASSED] - Test Cases/Story 35 and 921 -Tambah Barang/35 TC 5: Test Cases/Story 35 and 921 -Tambah Barang/35 TC 5

2018-07-13 09:27:40 - [TEST_STEP][PASSED] - comment: Tambah Produk with jumlah stok 0

2018-07-13 09:27:40 - [TEST_STEP][PASSED] - waitForElementPresent: Element 'Object Repository/Sidebar Menu/Produk/Tambah Barang/Jumlah Stock - by typing' is present

2018-07-13 09:27:43 - [MESSAGE][PASSED] - Element 'Object Repository/Sidebar Menu/Produk/Tambah Barang/Jumlah Stock - by typing' is present

2018-07-13 09:27:43 - [TEST_STEP][PASSED] - verifyElementAttributeValue: Object 'Object Repository/Sidebar Menu/Produk/Tambah Barang/Jumlah Stock - by typing' has attribute 'content-desc' with value 'input_anumberpicker'

2018-07-13 09:27:47 - [MESSAGE][PASSED] - Object 'Object Repository/Sidebar Menu/Produk/Tambah Barang/Jumlah Stock - by typing' has attribute 'content-desc' with value 'input_anumberpicker'

2018-07-13 09:27:47 - [TEST_STEP][PASSED] - clearText: Element 'Object Repository/Sidebar Menu/Produk/Tambah Barang/Jumlah Stock - by typing' text is cleared

2018-07-13 09:27:53 - [MESSAGE][PASSED] - Element 'Object Repository/Sidebar Menu/Produk/Tambah Barang/Jumlah Stock - by typing' text is cleared

2018-07-13 09:27:53 - [TEST_STEP][PASSED] - setText: Text '0' has been set to element 'Object Repository/Sidebar Menu/Produk/Tambah Barang/Jumlah Stock - by typing'

2018-07-13 09:28:12 - [MESSAGE][PASSED] - Text '0' has been set to element 'Object Repository/Sidebar Menu/Produk/Tambah Barang/Jumlah Stock - by typing'

2018-07-13 09:28:12 - [TEST_STEP][PASSED] - hideKeyboard: Keyboard is hidden

2018-07-13 09:28:12 - [MESSAGE][PASSED] - Keyboard is hidden

2018-07-13 09:28:12 - [TEST_STEP][PASSED] - verifyElementAttributeValue: Object 'Object Repository/Sidebar Menu/Produk/Tambah Barang/Jumlah Stock - by typing' has attribute 'text' with value '0'

2018-07-13 09:28:21 - [MESSAGE][PASSED] - Object 'Object Repository/Sidebar Menu/Produk/Tambah Barang/Jumlah Stock - by typing' has attribute 'text' with value '0']]></system-out>
         <system-err><![CDATA[]]></system-err>
      </testcase>
      <testcase name="Test Cases/Story 35 and 921 -Tambah Barang/35 TC 6" classname="Test Cases/Story 35 and 921 -Tambah Barang/35 TC 6" status="PASSED">
         <system-out><![CDATA[2018-07-13 09:28:21 - [TEST_CASE][PASSED] - Test Cases/Story 35 and 921 -Tambah Barang/35 TC 6: Test Cases/Story 35 and 921 -Tambah Barang/35 TC 6

2018-07-13 09:28:21 - [TEST_STEP][PASSED] - comment: Check Mandatory field

2018-07-13 09:28:21 - [TEST_STEP][PASSED] - waitForElementPresent: Element 'Object Repository/Sidebar Menu/Produk/Tambah Barang/Simpan Button' is present

2018-07-13 09:28:25 - [MESSAGE][PASSED] - Element 'Object Repository/Sidebar Menu/Produk/Tambah Barang/Simpan Button' is present

2018-07-13 09:28:25 - [TEST_STEP][PASSED] - verifyElementAttributeValue: Object 'Object Repository/Sidebar Menu/Produk/Tambah Barang/Simpan Button' has attribute 'content-desc' with value 'productSubmitBtn'

2018-07-13 09:28:25 - [MESSAGE][WARNING] - Timeout '0' is invalid. Using default page load timeout: '30'

2018-07-13 09:28:29 - [MESSAGE][PASSED] - Object 'Object Repository/Sidebar Menu/Produk/Tambah Barang/Simpan Button' has attribute 'content-desc' with value 'productSubmitBtn'

2018-07-13 09:28:29 - [TEST_STEP][PASSED] - tap: Tapped on element 'Object Repository/Sidebar Menu/Produk/Tambah Barang/Simpan Button'

2018-07-13 09:28:37 - [MESSAGE][PASSED] - Tapped on element 'Object Repository/Sidebar Menu/Produk/Tambah Barang/Simpan Button'

2018-07-13 09:28:37 - [TEST_STEP][PASSED] - Statement - ErMsg = com.kms.katalon.core.mobile.keyword.MobileBuiltInKeywords.getText(com.kms.katalon.core.testobject.ObjectRepository.findTestObject(Sidebar Menu/Produk/Tambah Barang/Error Message - Nama Barang field), 5): Text of element 'Object Repository/Sidebar Menu/Produk/Tambah Barang/Error Message - Nama Barang field' is: 'Nama Barang is required'

2018-07-13 09:28:43 - [MESSAGE][PASSED] - Text of element 'Object Repository/Sidebar Menu/Produk/Tambah Barang/Error Message - Nama Barang field' is: 'Nama Barang is required'

2018-07-13 09:28:43 - [TEST_STEP][PASSED] - verifyEqual: Actual object 'Nama Barang is required' and expected object 'Nama Barang is required' are equal

2018-07-13 09:28:43 - [MESSAGE][PASSED] - Actual object 'Nama Barang is required' and expected object 'Nama Barang is required' are equal

2018-07-13 09:28:43 - [TEST_STEP][PASSED] - scrollToText: Scrolling to text 'Stok Rendah' successfully

2018-07-13 09:28:52 - [MESSAGE][PASSED] - Scrolling to text 'Stok Rendah' successfully

2018-07-13 09:28:52 - [TEST_STEP][PASSED] - delay: Delayed 5 second(s)

2018-07-13 09:28:57 - [MESSAGE][PASSED] - Delayed 5 second(s)

2018-07-13 09:28:57 - [TEST_STEP][PASSED] - Statement - ErMsg1 = com.kms.katalon.core.mobile.keyword.MobileBuiltInKeywords.getText(com.kms.katalon.core.testobject.ObjectRepository.findTestObject(Sidebar Menu/Produk/Tambah Barang/Error Message - Kategori field), 5): Text of element 'Object Repository/Sidebar Menu/Produk/Tambah Barang/Error Message - Kategori field' is: 'Kategori is required'

2018-07-13 09:29:01 - [MESSAGE][PASSED] - Text of element 'Object Repository/Sidebar Menu/Produk/Tambah Barang/Error Message - Kategori field' is: 'Kategori is required'

2018-07-13 09:29:01 - [TEST_STEP][PASSED] - verifyEqual: Actual object 'Kategori is required' and expected object 'Kategori is required' are equal

2018-07-13 09:29:01 - [MESSAGE][PASSED] - Actual object 'Kategori is required' and expected object 'Kategori is required' are equal

2018-07-13 09:29:01 - [TEST_STEP][PASSED] - Statement - ErMsg1 = com.kms.katalon.core.mobile.keyword.MobileBuiltInKeywords.getText(com.kms.katalon.core.testobject.ObjectRepository.findTestObject(Sidebar Menu/Produk/Tambah Barang/Error Message - Harga Beli filed), 5): Text of element 'Object Repository/Sidebar Menu/Produk/Tambah Barang/Error Message - Harga Beli filed' is: 'Mohon diisi'

2018-07-13 09:29:05 - [MESSAGE][PASSED] - Text of element 'Object Repository/Sidebar Menu/Produk/Tambah Barang/Error Message - Harga Beli filed' is: 'Mohon diisi'

2018-07-13 09:29:05 - [TEST_STEP][PASSED] - verifyEqual: Actual object 'Mohon diisi' and expected object 'Mohon diisi' are equal

2018-07-13 09:29:05 - [MESSAGE][PASSED] - Actual object 'Mohon diisi' and expected object 'Mohon diisi' are equal

2018-07-13 09:29:05 - [TEST_STEP][PASSED] - Statement - ErMsg1 = com.kms.katalon.core.mobile.keyword.MobileBuiltInKeywords.getText(com.kms.katalon.core.testobject.ObjectRepository.findTestObject(Sidebar Menu/Produk/Tambah Barang/Error Message - Harga Jual field), 5): Text of element 'Object Repository/Sidebar Menu/Produk/Tambah Barang/Error Message - Harga Jual field' is: 'Mohon diisi'

2018-07-13 09:29:09 - [MESSAGE][PASSED] - Text of element 'Object Repository/Sidebar Menu/Produk/Tambah Barang/Error Message - Harga Jual field' is: 'Mohon diisi'

2018-07-13 09:29:09 - [TEST_STEP][PASSED] - verifyEqual: Actual object 'Mohon diisi' and expected object 'Mohon diisi' are equal

2018-07-13 09:29:09 - [MESSAGE][PASSED] - Actual object 'Mohon diisi' and expected object 'Mohon diisi' are equal

2018-07-13 09:29:09 - [TEST_STEP][PASSED] - delay: Delayed 5 second(s)

2018-07-13 09:29:14 - [MESSAGE][PASSED] - Delayed 5 second(s)

2018-07-13 09:29:14 - [TEST_STEP][PASSED] - comment: TC 4 finish]]></system-out>
         <system-err><![CDATA[]]></system-err>
      </testcase>
      <testcase name="Test Cases/Story 35 and 921 -Tambah Barang/35 TC 7" classname="Test Cases/Story 35 and 921 -Tambah Barang/35 TC 7" status="PASSED">
         <system-out><![CDATA[2018-07-13 09:29:14 - [TEST_CASE][PASSED] - Test Cases/Story 35 and 921 -Tambah Barang/35 TC 7: Test Cases/Story 35 and 921 -Tambah Barang/35 TC 7

2018-07-13 09:29:14 - [TEST_STEP][PASSED] - comment: Add Product with Product name more than 100 Characters

2018-07-13 09:29:14 - [TEST_STEP][PASSED] - Statement - driver = com.kms.katalon.core.mobile.keyword.internal.MobileDriverFactory.getDriver(): null

2018-07-13 09:29:14 - [TEST_STEP][PASSED] - Statement - action = new io.appium.java_client.TouchAction(driver): null

2018-07-13 09:29:14 - [TEST_STEP][PASSED] - Statement - action.longPress(242, 360).moveTo(242, 743).release().perform(): null

2018-07-13 09:29:17 - [TEST_STEP][PASSED] - waitForElementPresent: Element 'Object Repository/Sidebar Menu/Produk/Tambah Barang/Nama Barang - Text Box' is present

2018-07-13 09:29:21 - [MESSAGE][PASSED] - Element 'Object Repository/Sidebar Menu/Produk/Tambah Barang/Nama Barang - Text Box' is present

2018-07-13 09:29:21 - [TEST_STEP][PASSED] - verifyElementAttributeValue: Object 'Object Repository/Sidebar Menu/Produk/Tambah Barang/Nama Barang - Text Box' has attribute 'content-desc' with value 'productNameTextInput'

2018-07-13 09:29:21 - [MESSAGE][WARNING] - Timeout '0' is invalid. Using default page load timeout: '30'

2018-07-13 09:29:25 - [MESSAGE][PASSED] - Object 'Object Repository/Sidebar Menu/Produk/Tambah Barang/Nama Barang - Text Box' has attribute 'content-desc' with value 'productNameTextInput'

2018-07-13 09:29:25 - [TEST_STEP][PASSED] - Statement - NamaBarang = CustomKeywords.newpackage.randomstring.randombigname(): newpackage.randomstring.randombigname is PASSED

2018-07-13 09:29:25 - [MESSAGE][PASSED] - newpackage.randomstring.randombigname is PASSED

2018-07-13 09:29:25 - [TEST_STEP][PASSED] - setText: Text 'rPuFjZwvSKzctCyXdOqpRCXYOMCYnxIAilleFiKdfvDuBSOVLLxPTpvXDCHGLNfTCXBBhggsrhVfarcwWrHViROxNHWcLgicVYGGvCNqVvFKzcdFmVcMsiLKiGvRunnEBcsWeUezDVhptuHFPyzMyC' has been set to element 'Object Repository/Sidebar Menu/Produk/Tambah Barang/Nama Barang - Text Box'

2018-07-13 09:29:43 - [MESSAGE][PASSED] - Text 'rPuFjZwvSKzctCyXdOqpRCXYOMCYnxIAilleFiKdfvDuBSOVLLxPTpvXDCHGLNfTCXBBhggsrhVfarcwWrHViROxNHWcLgicVYGGvCNqVvFKzcdFmVcMsiLKiGvRunnEBcsWeUezDVhptuHFPyzMyC' has been set to element 'Object Repository/Sidebar Menu/Produk/Tambah Barang/Nama Barang - Text Box'

2018-07-13 09:29:43 - [TEST_STEP][PASSED] - hideKeyboard: Keyboard is hidden

2018-07-13 09:29:44 - [MESSAGE][PASSED] - Keyboard is hidden

2018-07-13 09:29:44 - [TEST_STEP][PASSED] - verifyEqual: Actual object 'rPuFjZwvSKzctCyXdOqpRCXYOMCYnxIAilleFiKdfvDuBSOVLLxPTpvXDCHGLNfTCXBBhggsrhVfarcwWrHViROxNHWcLgicVYGGvCNqVvFKzcdFmVcMsiLKiGvRunnEBcsWeUezDVhptuHFPyzMyC' and expected object 'rPuFjZwvSKzctCyXdOqpRCXYOMCYnxIAilleFiKdfvDuBSOVLLxPTpvXDCHGLNfTCXBBhggsrhVfarcwWrHViROxNHWcLgicVYGGvCNqVvFKzcdFmVcMsiLKiGvRunnEBcsWeUezDVhptuHFPyzMyC' are equal

2018-07-13 09:29:44 - [MESSAGE][PASSED] - Actual object 'rPuFjZwvSKzctCyXdOqpRCXYOMCYnxIAilleFiKdfvDuBSOVLLxPTpvXDCHGLNfTCXBBhggsrhVfarcwWrHViROxNHWcLgicVYGGvCNqVvFKzcdFmVcMsiLKiGvRunnEBcsWeUezDVhptuHFPyzMyC' and expected object 'rPuFjZwvSKzctCyXdOqpRCXYOMCYnxIAilleFiKdfvDuBSOVLLxPTpvXDCHGLNfTCXBBhggsrhVfarcwWrHViROxNHWcLgicVYGGvCNqVvFKzcdFmVcMsiLKiGvRunnEBcsWeUezDVhptuHFPyzMyC' are equal

2018-07-13 09:29:44 - [TEST_STEP][PASSED] - comment: TC 5 finish]]></system-out>
         <system-err><![CDATA[]]></system-err>
      </testcase>
      <testcase name="Test Cases/Story 35 and 921 -Tambah Barang/35 TC 8" classname="Test Cases/Story 35 and 921 -Tambah Barang/35 TC 8" status="PASSED">
         <system-out><![CDATA[2018-07-13 09:29:44 - [TEST_CASE][PASSED] - Test Cases/Story 35 and 921 -Tambah Barang/35 TC 8: Test Cases/Story 35 and 921 -Tambah Barang/35 TC 8

2018-07-13 09:29:45 - [TEST_STEP][PASSED] - comment: Tambah Produk with input manual barcode

2018-07-13 09:29:45 - [TEST_STEP][PASSED] - clearText: Element 'Object Repository/Sidebar Menu/Produk/Tambah Barang/Nama Barang - Text Box' text is cleared

2018-07-13 09:29:57 - [MESSAGE][PASSED] - Element 'Object Repository/Sidebar Menu/Produk/Tambah Barang/Nama Barang - Text Box' text is cleared

2018-07-13 09:29:57 - [TEST_STEP][PASSED] - waitForElementPresent: Element 'Object Repository/Sidebar Menu/Produk/Tambah Barang/Nama Barang - Text Box' is present

2018-07-13 09:30:01 - [MESSAGE][PASSED] - Element 'Object Repository/Sidebar Menu/Produk/Tambah Barang/Nama Barang - Text Box' is present

2018-07-13 09:30:01 - [TEST_STEP][PASSED] - verifyElementAttributeValue: Object 'Object Repository/Sidebar Menu/Produk/Tambah Barang/Nama Barang - Text Box' has attribute 'content-desc' with value 'productNameTextInput'

2018-07-13 09:30:01 - [MESSAGE][WARNING] - Timeout '0' is invalid. Using default page load timeout: '30'

2018-07-13 09:30:05 - [MESSAGE][PASSED] - Object 'Object Repository/Sidebar Menu/Produk/Tambah Barang/Nama Barang - Text Box' has attribute 'content-desc' with value 'productNameTextInput'

2018-07-13 09:30:05 - [TEST_STEP][PASSED] - setText: Text 'MIMINO Bottle' has been set to element 'Object Repository/Sidebar Menu/Produk/Tambah Barang/Nama Barang - Text Box'

2018-07-13 09:30:25 - [MESSAGE][PASSED] - Text 'MIMINO Bottle' has been set to element 'Object Repository/Sidebar Menu/Produk/Tambah Barang/Nama Barang - Text Box'

2018-07-13 09:30:25 - [TEST_STEP][PASSED] - hideKeyboard: Keyboard is hidden

2018-07-13 09:30:26 - [MESSAGE][PASSED] - Keyboard is hidden

2018-07-13 09:30:26 - [TEST_STEP][PASSED] - verifyElementAttributeValue: Object 'Object Repository/Sidebar Menu/Produk/Tambah Barang/Nama Barang - Text Box' has attribute 'text' with value 'MIMINO Bottle'

2018-07-13 09:30:30 - [MESSAGE][PASSED] - Object 'Object Repository/Sidebar Menu/Produk/Tambah Barang/Nama Barang - Text Box' has attribute 'text' with value 'MIMINO Bottle'

2018-07-13 09:30:30 - [TEST_STEP][PASSED] - waitForElementPresent: Element 'Object Repository/Sidebar Menu/Produk/Tambah Barang/SKU Produk - Text Box' is present

2018-07-13 09:30:34 - [MESSAGE][PASSED] - Element 'Object Repository/Sidebar Menu/Produk/Tambah Barang/SKU Produk - Text Box' is present

2018-07-13 09:30:34 - [TEST_STEP][PASSED] - verifyElementAttributeValue: Object 'Object Repository/Sidebar Menu/Produk/Tambah Barang/SKU Produk - Text Box' has attribute 'content-desc' with value 'product_code_input'

2018-07-13 09:30:34 - [MESSAGE][WARNING] - Timeout '0' is invalid. Using default page load timeout: '30'

2018-07-13 09:30:38 - [MESSAGE][PASSED] - Object 'Object Repository/Sidebar Menu/Produk/Tambah Barang/SKU Produk - Text Box' has attribute 'content-desc' with value 'product_code_input'

2018-07-13 09:30:38 - [TEST_STEP][PASSED] - Statement - SKU = CustomKeywords.newpackage.randomstring.randomSKU(): newpackage.randomstring.randomSKU is PASSED

2018-07-13 09:30:38 - [MESSAGE][PASSED] - newpackage.randomstring.randomSKU is PASSED

2018-07-13 09:30:38 - [TEST_STEP][PASSED] - setText: Text 'SKU882833370708' has been set to element 'Object Repository/Sidebar Menu/Produk/Tambah Barang/SKU Produk - Text Box'

2018-07-13 09:30:53 - [MESSAGE][PASSED] - Text 'SKU882833370708' has been set to element 'Object Repository/Sidebar Menu/Produk/Tambah Barang/SKU Produk - Text Box'

2018-07-13 09:30:53 - [TEST_STEP][PASSED] - hideKeyboard: Keyboard is hidden

2018-07-13 09:30:54 - [MESSAGE][PASSED] - Keyboard is hidden

2018-07-13 09:30:54 - [TEST_STEP][PASSED] - verifyEqual: Actual object 'SKU882833370708' and expected object 'SKU882833370708' are equal

2018-07-13 09:30:54 - [MESSAGE][PASSED] - Actual object 'SKU882833370708' and expected object 'SKU882833370708' are equal

2018-07-13 09:30:54 - [TEST_STEP][PASSED] - comment: TC 6 finish]]></system-out>
         <system-err><![CDATA[]]></system-err>
      </testcase>
      <system-out><![CDATA[2018-07-13 09:16:25 - [TEST_SUITE][PASSED] - Story 35 - Tambah Barang: Test Cases/Story 35 and 921 -Tambah Barang/35 TC 8]]></system-out>
      <system-err><![CDATA[]]></system-err>
   </testsuite>
</testsuites>
