<?xml version="1.0" encoding="UTF-8"?>
<testsuites name="Story 41" time="99" tests="5" failures="0" errors="0">
   <testsuite name="Story 41" tests="5" failures="0" errors="0" time="99" timestamp="2018-03-15 11:11:00" hostname="AV2017005903 - NBMP18A211ITSQA.corp.bankbtpn.co.id" id="Test Suites/Story 41">
      <properties>
         <property name="deviceName" value="asus ASUS_X014D 5.1.1"/>
         <property name="devicePlatform" value=""/>
         <property name="logFolder" value="C:\\Users\\AV2017005903\\Documents\\apollo-automation\\Reports\\Story 41\\20180315_111059"/>
         <property name="logFiles" value="C:\\Users\\AV2017005903\\Documents\\apollo-automation\\Reports\\Story 41\\20180315_111059\\appium.log, C:\\Users\\AV2017005903\\Documents\\apollo-automation\\Reports\\Story 41\\20180315_111059\\execution0.log"/>
         <property name="attachments" value=""/>
         <property name="hostName" value="AV2017005903 - NBMP18A211ITSQA.corp.bankbtpn.co.id"/>
         <property name="os" value="Windows 10 64bit"/>
         <property name="katalonVersion" value="5.0.0.1"/>
         <property name="deviceOS" value="Android"/>
         <property name="appiumVersion" value="1.6.5"/>
         <property name="deviceModel" value="ASUS_X014D"/>
         <property name="hostAddress" value="192.168.17.167"/>
         <property name="deviceManufacturer" value="asus"/>
         <property name="deviceId" value="GBAXGV411465ERX"/>
         <property name="deviceName" value="asus ASUS_X014D 5.1.1"/>
         <property name="deviceOSVersion" value="5.1.1"/>
      </properties>
      <testcase name="Test Cases/Story 41 - Create Expense/TC 1" classname="Test Cases/Story 41 - Create Expense/TC 1" status="PASSED">
         <system-out><![CDATA[2018-03-15 11:11:01 - [TEST_CASE][PASSED] - Test Cases/Story 41 - Create Expense/TC 1: Test Cases/Story 41 - Create Expense/TC 1

2018-03-15 11:11:01 - [TEST_STEP][PASSED] - comment: Start Story 41

2018-03-15 11:11:01 - [TEST_STEP][PASSED] - Statement - apkPath = com.kms.katalon.core.util.internal.PathUtil.relativeToAbsolutePath(apkName, com.kms.katalon.core.configuration.RunConfiguration.getProjectDir()): null

2018-03-15 11:11:01 - [TEST_STEP][PASSED] - startApplication: Started app at: 'C:\Users\AV2017005903\Documents\apollo-automation\13 Maret 17.23.apk'

2018-03-15 11:11:20 - [MESSAGE][PASSED] - Started app at: 'C:\Users\AV2017005903\Documents\apollo-automation\13 Maret 17.23.apk'

2018-03-15 11:11:20 - [TEST_STEP][PASSED] - tap: Tapped on element 'Object Repository/Login/Daftar Sekarang - Belum Punya Akun'

2018-03-15 11:11:27 - [MESSAGE][PASSED] - Tapped on element 'Object Repository/Login/Daftar Sekarang - Belum Punya Akun'

2018-03-15 11:11:27 - [TEST_STEP][PASSED] - waitForElementPresent: Element 'Object Repository/Sidebar Menu/HamburgerButton' is present

2018-03-15 11:11:30 - [MESSAGE][PASSED] - Element 'Object Repository/Sidebar Menu/HamburgerButton' is present

2018-03-15 11:11:30 - [TEST_STEP][PASSED] - tap: Tapped on element 'Object Repository/Sidebar Menu/HamburgerButton'

2018-03-15 11:11:32 - [MESSAGE][PASSED] - Tapped on element 'Object Repository/Sidebar Menu/HamburgerButton'

2018-03-15 11:11:32 - [TEST_STEP][PASSED] - tap: Tapped on element 'Object Repository/Sidebar Menu/Operasional/Operasional - Sidebar Menu'

2018-03-15 11:11:34 - [MESSAGE][PASSED] - Tapped on element 'Object Repository/Sidebar Menu/Operasional/Operasional - Sidebar Menu'

2018-03-15 11:11:34 - [TEST_STEP][PASSED] - tap: Tapped on element 'Object Repository/Sidebar Menu/Operasional/Pengeluaran/PengeluaranNavbar'

2018-03-15 11:11:37 - [MESSAGE][PASSED] - Tapped on element 'Object Repository/Sidebar Menu/Operasional/Pengeluaran/PengeluaranNavbar'

2018-03-15 11:11:37 - [TEST_STEP][PASSED] - delay: Delayed 5 second(s)

2018-03-15 11:11:42 - [MESSAGE][PASSED] - Delayed 5 second(s)

2018-03-15 11:11:42 - [TEST_STEP][PASSED] - waitForElementPresent: Element 'Object Repository/Sidebar Menu/Operasional/Pengeluaran/TAMBAH CATATAN - Button' is present

2018-03-15 11:11:42 - [MESSAGE][PASSED] - Element 'Object Repository/Sidebar Menu/Operasional/Pengeluaran/TAMBAH CATATAN - Button' is present

2018-03-15 11:11:42 - [TEST_STEP][PASSED] - tap: Tapped on element 'Object Repository/Sidebar Menu/Operasional/Pengeluaran/TAMBAH CATATAN - Button'

2018-03-15 11:11:43 - [MESSAGE][PASSED] - Tapped on element 'Object Repository/Sidebar Menu/Operasional/Pengeluaran/TAMBAH CATATAN - Button'

2018-03-15 11:11:43 - [TEST_STEP][PASSED] - delay: Delayed 5 second(s)

2018-03-15 11:11:48 - [MESSAGE][PASSED] - Delayed 5 second(s)]]></system-out>
         <system-err><![CDATA[]]></system-err>
      </testcase>
      <testcase name="Test Cases/Story 41 - Create Expense/TC 2" classname="Test Cases/Story 41 - Create Expense/TC 2" status="PASSED">
         <system-out><![CDATA[2018-03-15 11:11:48 - [TEST_CASE][PASSED] - Test Cases/Story 41 - Create Expense/TC 2: Test Cases/Story 41 - Create Expense/TC 2

2018-03-15 11:11:48 - [TEST_STEP][PASSED] - tap: Tapped on element 'Object Repository/Sidebar Menu/Operasional/Pengeluaran/Judul Catatan - TextBox'

2018-03-15 11:11:49 - [MESSAGE][PASSED] - Tapped on element 'Object Repository/Sidebar Menu/Operasional/Pengeluaran/Judul Catatan - TextBox'

2018-03-15 11:11:49 - [TEST_STEP][PASSED] - setText: Text 'Pengeluaran Kos Kosan' has been set to element 'Object Repository/Sidebar Menu/Operasional/Pengeluaran/Judul Catatan - TextBox'

2018-03-15 11:12:05 - [MESSAGE][PASSED] - Text 'Pengeluaran Kos Kosan' has been set to element 'Object Repository/Sidebar Menu/Operasional/Pengeluaran/Judul Catatan - TextBox'

2018-03-15 11:12:05 - [TEST_STEP][PASSED] - verifyElementText: Actual text and expected text of test object 'Object Repository/Sidebar Menu/Operasional/Pengeluaran/Judul Catatan - TextBox' are matched.

2018-03-15 11:12:06 - [MESSAGE][PASSED] - Actual text and expected text of test object 'Object Repository/Sidebar Menu/Operasional/Pengeluaran/Judul Catatan - TextBox' are matched.

2018-03-15 11:12:06 - [TEST_STEP][PASSED] - getText: Text of element 'Object Repository/Sidebar Menu/Operasional/Pengeluaran/Judul Catatan - TextBox' is: 'Pengeluaran Kos Kosan'

2018-03-15 11:12:06 - [MESSAGE][PASSED] - Text of element 'Object Repository/Sidebar Menu/Operasional/Pengeluaran/Judul Catatan - TextBox' is: 'Pengeluaran Kos Kosan'

2018-03-15 11:12:06 - [TEST_STEP][PASSED] - hideKeyboard: Keyboard is hidden

2018-03-15 11:12:07 - [MESSAGE][PASSED] - Keyboard is hidden

2018-03-15 11:12:07 - [TEST_STEP][PASSED] - tap: Tapped on element 'Object Repository/Sidebar Menu/Operasional/Pengeluaran/Simpan - Tambah Catatan'

2018-03-15 11:12:09 - [MESSAGE][PASSED] - Tapped on element 'Object Repository/Sidebar Menu/Operasional/Pengeluaran/Simpan - Tambah Catatan'

2018-03-15 11:12:09 - [TEST_STEP][PASSED] - delay: Delayed 3 second(s)

2018-03-15 11:12:12 - [MESSAGE][PASSED] - Delayed 3 second(s)]]></system-out>
         <system-err><![CDATA[]]></system-err>
      </testcase>
      <testcase name="Test Cases/Story 41 - Create Expense/TC 3" classname="Test Cases/Story 41 - Create Expense/TC 3" status="PASSED">
         <system-out><![CDATA[2018-03-15 11:12:12 - [TEST_CASE][PASSED] - Test Cases/Story 41 - Create Expense/TC 3: Test Cases/Story 41 - Create Expense/TC 3

2018-03-15 11:12:12 - [TEST_STEP][PASSED] - waitForElementPresent: Element 'Object Repository/Sidebar Menu/Operasional/Pengeluaran/Pilih Kategori 1' is present

2018-03-15 11:12:12 - [MESSAGE][PASSED] - Element 'Object Repository/Sidebar Menu/Operasional/Pengeluaran/Pilih Kategori 1' is present

2018-03-15 11:12:12 - [TEST_STEP][PASSED] - tap: Tapped on element 'Object Repository/Sidebar Menu/Operasional/Pengeluaran/Pilih Kategori 1'

2018-03-15 11:12:13 - [MESSAGE][PASSED] - Tapped on element 'Object Repository/Sidebar Menu/Operasional/Pengeluaran/Pilih Kategori 1'

2018-03-15 11:12:13 - [TEST_STEP][PASSED] - tap: Tapped on element 'Object Repository/Sidebar Menu/Operasional/Pengeluaran/Pilih Kategori 1'

2018-03-15 11:12:14 - [MESSAGE][PASSED] - Tapped on element 'Object Repository/Sidebar Menu/Operasional/Pengeluaran/Pilih Kategori 1'

2018-03-15 11:12:14 - [TEST_STEP][PASSED] - delay: Delayed 3 second(s)

2018-03-15 11:12:17 - [MESSAGE][PASSED] - Delayed 3 second(s)]]></system-out>
         <system-err><![CDATA[]]></system-err>
      </testcase>
      <testcase name="Test Cases/Story 41 - Create Expense/TC 4" classname="Test Cases/Story 41 - Create Expense/TC 4" status="PASSED">
         <system-out><![CDATA[2018-03-15 11:12:17 - [TEST_CASE][PASSED] - Test Cases/Story 41 - Create Expense/TC 4: Test Cases/Story 41 - Create Expense/TC 4

2018-03-15 11:12:17 - [TEST_STEP][PASSED] - waitForElementPresent: Element 'Object Repository/Sidebar Menu/Operasional/Pengeluaran/Pilih Kategori Elemen ke 1' is present

2018-03-15 11:12:18 - [MESSAGE][PASSED] - Element 'Object Repository/Sidebar Menu/Operasional/Pengeluaran/Pilih Kategori Elemen ke 1' is present

2018-03-15 11:12:18 - [TEST_STEP][PASSED] - tap: Tapped on element 'Object Repository/Sidebar Menu/Operasional/Pengeluaran/Pilih Kategori Elemen ke 1'

2018-03-15 11:12:18 - [MESSAGE][PASSED] - Tapped on element 'Object Repository/Sidebar Menu/Operasional/Pengeluaran/Pilih Kategori Elemen ke 1'

2018-03-15 11:12:18 - [TEST_STEP][PASSED] - waitForElementPresent: Element 'Object Repository/Sidebar Menu/Operasional/Pengeluaran/Simpan - Tambah Catatan' is present

2018-03-15 11:12:19 - [MESSAGE][PASSED] - Element 'Object Repository/Sidebar Menu/Operasional/Pengeluaran/Simpan - Tambah Catatan' is present

2018-03-15 11:12:19 - [TEST_STEP][PASSED] - tap: Tapped on element 'Object Repository/Sidebar Menu/Operasional/Pengeluaran/Simpan - Tambah Catatan'

2018-03-15 11:12:20 - [MESSAGE][PASSED] - Tapped on element 'Object Repository/Sidebar Menu/Operasional/Pengeluaran/Simpan - Tambah Catatan'

2018-03-15 11:12:20 - [TEST_STEP][PASSED] - delay: Delayed 3 second(s)

2018-03-15 11:12:23 - [MESSAGE][PASSED] - Delayed 3 second(s)]]></system-out>
         <system-err><![CDATA[]]></system-err>
      </testcase>
      <testcase name="Test Cases/Story 41 - Create Expense/TC 5" classname="Test Cases/Story 41 - Create Expense/TC 5" status="PASSED">
         <system-out><![CDATA[2018-03-15 11:12:23 - [TEST_CASE][PASSED] - Test Cases/Story 41 - Create Expense/TC 5: Test Cases/Story 41 - Create Expense/TC 5

2018-03-15 11:12:23 - [TEST_STEP][PASSED] - tap: Tapped on element 'Object Repository/Sidebar Menu/Operasional/Pengeluaran/Nominal Pengeluaran - TextBox'

2018-03-15 11:12:24 - [MESSAGE][PASSED] - Tapped on element 'Object Repository/Sidebar Menu/Operasional/Pengeluaran/Nominal Pengeluaran - TextBox'

2018-03-15 11:12:24 - [TEST_STEP][PASSED] - setText: Text 'Rp. 4500000' has been set to element 'Object Repository/Sidebar Menu/Operasional/Pengeluaran/Nominal Pengeluaran - TextBox'

2018-03-15 11:12:35 - [MESSAGE][PASSED] - Text 'Rp. 4500000' has been set to element 'Object Repository/Sidebar Menu/Operasional/Pengeluaran/Nominal Pengeluaran - TextBox'

2018-03-15 11:12:35 - [TEST_STEP][PASSED] - verifyElementText: Actual text and expected text of test object 'Object Repository/Sidebar Menu/Operasional/Pengeluaran/Nominal Pengeluaran - TextBox' are matched.

2018-03-15 11:12:36 - [MESSAGE][PASSED] - Actual text and expected text of test object 'Object Repository/Sidebar Menu/Operasional/Pengeluaran/Nominal Pengeluaran - TextBox' are matched.

2018-03-15 11:12:36 - [TEST_STEP][PASSED] - getText: Text of element 'Object Repository/Sidebar Menu/Operasional/Pengeluaran/Nominal Pengeluaran - TextBox' is: '4.500.000'

2018-03-15 11:12:36 - [MESSAGE][PASSED] - Text of element 'Object Repository/Sidebar Menu/Operasional/Pengeluaran/Nominal Pengeluaran - TextBox' is: '4.500.000']]></system-out>
         <system-err><![CDATA[]]></system-err>
      </testcase>
      <system-out><![CDATA[2018-03-15 11:11:00 - [TEST_SUITE][PASSED] - Story 41: Test Cases/Story 41 - Create Expense/TC 5]]></system-out>
      <system-err><![CDATA[]]></system-err>
   </testsuite>
</testsuites>
