<?xml version="1.0" encoding="UTF-8"?>
<testsuites name="Sprint 3" time="181" tests="0" failures="3" errors="0">
   <testsuite name="Sprint 3" tests="0" failures="3" errors="0" time="181" timestamp="2018-03-01 10:25:52" hostname="AV2017005903 - NBMP18A211ITSQA.corp.bankbtpn.co.id" id="Test Suites/Sprint 3">
      <properties>
         <property name="deviceName" value="asus ASUS_X014D 5.1.1"/>
         <property name="devicePlatform" value=""/>
         <property name="logFolder" value="C:\\Users\\AV2017005903\\Documents\\apollo-automation\\Reports\\Sprint 3\\20180301_102550"/>
         <property name="logFiles" value="C:\\Users\\AV2017005903\\Documents\\apollo-automation\\Reports\\Sprint 3\\20180301_102550\\appium.log, C:\\Users\\AV2017005903\\Documents\\apollo-automation\\Reports\\Sprint 3\\20180301_102550\\execution0.log"/>
         <property name="attachments" value=""/>
         <property name="hostName" value="AV2017005903 - NBMP18A211ITSQA.corp.bankbtpn.co.id"/>
         <property name="os" value="Windows 10 64bit"/>
         <property name="katalonVersion" value="5.0.0.1"/>
         <property name="deviceOS" value="Android"/>
         <property name="appiumVersion" value="1.6.5"/>
         <property name="deviceModel" value="ASUS_X014D"/>
         <property name="hostAddress" value="192.168.17.200"/>
         <property name="deviceManufacturer" value="asus"/>
         <property name="deviceId" value="GBAXGV411465ERX"/>
         <property name="deviceName" value="asus ASUS_X014D 5.1.1"/>
         <property name="deviceOSVersion" value="5.1.1"/>
      </properties>
      <testcase name="Test Cases/Sprint 3/40 - TC - All" classname="Test Cases/Sprint 3/40 - TC - All" status="FAILED">
         <failure type="FAILED" message="Failed to tap on element 'Object Repository/Sidebar Menu/Operasional/Pengeluaran/TAMBAH CATATAN - Button' (Root cause: Object Object Repository/Sidebar Menu/Operasional/Pengeluaran/TAMBAH CATATAN - Button not found)"/>
         <system-out><![CDATA[2018-03-01 10:25:53 - [TEST_CASE][FAILED] - Test Cases/Sprint 3/40 - TC - All: Test Cases/Sprint 3/40 - TC - All FAILED because (of) Failed to tap on element 'Object Repository/Sidebar Menu/Operasional/Pengeluaran/TAMBAH CATATAN - Button' (Root cause: Object Object Repository/Sidebar Menu/Operasional/Pengeluaran/TAMBAH CATATAN - Button not found)

2018-03-01 10:25:53 - [TEST_STEP][PASSED] - comment: Start Story 40

2018-03-01 10:25:53 - [TEST_STEP][PASSED] - Statement - apkPath = com.kms.katalon.core.util.internal.PathUtil.relativeToAbsolutePath(apkName, com.kms.katalon.core.configuration.RunConfiguration.getProjectDir()): null

2018-03-01 10:25:53 - [TEST_STEP][PASSED] - startApplication: Started app at: 'C:\Users\AV2017005903\Documents\apollo-automation\Dev - 1 Maret 2018.apk'

2018-03-01 10:26:11 - [MESSAGE][PASSED] - Started app at: 'C:\Users\AV2017005903\Documents\apollo-automation\Dev - 1 Maret 2018.apk'

2018-03-01 10:26:11 - [TEST_STEP][PASSED] - tap: Tapped on element 'Object Repository/Login/Daftar Sekarang - Belum Punya Akun'

2018-03-01 10:26:18 - [MESSAGE][PASSED] - Tapped on element 'Object Repository/Login/Daftar Sekarang - Belum Punya Akun'

2018-03-01 10:26:18 - [TEST_STEP][NOT_RUN] - tap: NOT_RUN: tap

2018-03-01 10:26:18 - [MESSAGE][NOT_RUN] - NOT_RUN: tap

2018-03-01 10:26:18 - [TEST_STEP][NOT_RUN] - setText: NOT_RUN: setText

2018-03-01 10:26:18 - [MESSAGE][NOT_RUN] - NOT_RUN: setText

2018-03-01 10:26:18 - [TEST_STEP][NOT_RUN] - hideKeyboard: NOT_RUN: hideKeyboard

2018-03-01 10:26:18 - [MESSAGE][NOT_RUN] - NOT_RUN: hideKeyboard

2018-03-01 10:26:18 - [TEST_STEP][NOT_RUN] - tap: NOT_RUN: tap

2018-03-01 10:26:18 - [MESSAGE][NOT_RUN] - NOT_RUN: tap

2018-03-01 10:26:18 - [TEST_STEP][NOT_RUN] - waitForElementPresent: NOT_RUN: waitForElementPresent

2018-03-01 10:26:18 - [MESSAGE][NOT_RUN] - NOT_RUN: waitForElementPresent

2018-03-01 10:26:18 - [TEST_STEP][NOT_RUN] - tap: NOT_RUN: tap

2018-03-01 10:26:18 - [MESSAGE][NOT_RUN] - NOT_RUN: tap

2018-03-01 10:26:18 - [TEST_STEP][NOT_RUN] - setText: NOT_RUN: setText

2018-03-01 10:26:18 - [MESSAGE][NOT_RUN] - NOT_RUN: setText

2018-03-01 10:26:18 - [TEST_STEP][PASSED] - waitForElementPresent: Element 'Object Repository/Sidebar Menu/HamburgerButton' is present

2018-03-01 10:26:22 - [MESSAGE][PASSED] - Element 'Object Repository/Sidebar Menu/HamburgerButton' is present

2018-03-01 10:26:22 - [TEST_STEP][PASSED] - tap: Tapped on element 'Object Repository/Sidebar Menu/HamburgerButton'

2018-03-01 10:26:22 - [MESSAGE][PASSED] - Tapped on element 'Object Repository/Sidebar Menu/HamburgerButton'

2018-03-01 10:26:22 - [TEST_STEP][PASSED] - tap: Tapped on element 'Object Repository/Sidebar Menu/Operasional/Operasional - Sidebar Menu'

2018-03-01 10:26:24 - [MESSAGE][PASSED] - Tapped on element 'Object Repository/Sidebar Menu/Operasional/Operasional - Sidebar Menu'

2018-03-01 10:26:24 - [TEST_STEP][PASSED] - tap: Tapped on element 'Object Repository/Sidebar Menu/Operasional/Pengeluaran/PengeluaranNavbar'

2018-03-01 10:26:26 - [MESSAGE][PASSED] - Tapped on element 'Object Repository/Sidebar Menu/Operasional/Pengeluaran/PengeluaranNavbar'

2018-03-01 10:26:26 - [TEST_STEP][PASSED] - delay: Delayed 5 second(s)

2018-03-01 10:26:31 - [MESSAGE][PASSED] - Delayed 5 second(s)

2018-03-01 10:26:31 - [TEST_STEP][PASSED] - tap: Tapped on element 'Object Repository/Sidebar Menu/Operasional/Pengeluaran/SemuaKategori - DropDown'

2018-03-01 10:26:32 - [MESSAGE][PASSED] - Tapped on element 'Object Repository/Sidebar Menu/Operasional/Pengeluaran/SemuaKategori - DropDown'

2018-03-01 10:26:32 - [TEST_STEP][PASSED] - tap: Tapped on element 'Object Repository/Sidebar Menu/Operasional/Pengeluaran/ListKategori - Elemen 2(DropDown)'

2018-03-01 10:26:34 - [MESSAGE][PASSED] - Tapped on element 'Object Repository/Sidebar Menu/Operasional/Pengeluaran/ListKategori - Elemen 2(DropDown)'

2018-03-01 10:26:34 - [TEST_STEP][PASSED] - tap: Tapped on element 'Object Repository/Sidebar Menu/Operasional/Pengeluaran/TerapkanBUtton - SelectKategori'

2018-03-01 10:26:35 - [MESSAGE][PASSED] - Tapped on element 'Object Repository/Sidebar Menu/Operasional/Pengeluaran/TerapkanBUtton - SelectKategori'

2018-03-01 10:26:35 - [TEST_STEP][PASSED] - tap: Tapped on element 'Object Repository/Sidebar Menu/Operasional/Pengeluaran/SemuaKategori - DropDown'

2018-03-01 10:26:36 - [MESSAGE][PASSED] - Tapped on element 'Object Repository/Sidebar Menu/Operasional/Pengeluaran/SemuaKategori - DropDown'

2018-03-01 10:26:36 - [TEST_STEP][PASSED] - tap: Tapped on element 'Object Repository/Sidebar Menu/Operasional/Pengeluaran/ListKategori - Elemen 3(Drop Down)'

2018-03-01 10:26:38 - [MESSAGE][PASSED] - Tapped on element 'Object Repository/Sidebar Menu/Operasional/Pengeluaran/ListKategori - Elemen 3(Drop Down)'

2018-03-01 10:26:38 - [TEST_STEP][PASSED] - tap: Tapped on element 'Object Repository/Sidebar Menu/Operasional/Pengeluaran/TerapkanBUtton - SelectKategori'

2018-03-01 10:26:39 - [MESSAGE][PASSED] - Tapped on element 'Object Repository/Sidebar Menu/Operasional/Pengeluaran/TerapkanBUtton - SelectKategori'

2018-03-01 10:26:39 - [TEST_STEP][PASSED] - tap: Tapped on element 'Object Repository/Sidebar Menu/Operasional/Pengeluaran/SemuaKategori - DropDown'

2018-03-01 10:26:40 - [MESSAGE][PASSED] - Tapped on element 'Object Repository/Sidebar Menu/Operasional/Pengeluaran/SemuaKategori - DropDown'

2018-03-01 10:26:40 - [TEST_STEP][PASSED] - tap: Tapped on element 'Object Repository/Sidebar Menu/Operasional/Pengeluaran/ListKategori - Elemen 1(Drop Down)'

2018-03-01 10:26:42 - [MESSAGE][PASSED] - Tapped on element 'Object Repository/Sidebar Menu/Operasional/Pengeluaran/ListKategori - Elemen 1(Drop Down)'

2018-03-01 10:26:42 - [TEST_STEP][PASSED] - tap: Tapped on element 'Object Repository/Sidebar Menu/Operasional/Pengeluaran/TerapkanBUtton - SelectKategori'

2018-03-01 10:26:43 - [MESSAGE][PASSED] - Tapped on element 'Object Repository/Sidebar Menu/Operasional/Pengeluaran/TerapkanBUtton - SelectKategori'

2018-03-01 10:26:43 - [TEST_STEP][PASSED] - delay: Delayed 5 second(s)

2018-03-01 10:26:48 - [MESSAGE][PASSED] - Delayed 5 second(s)

2018-03-01 10:26:48 - [TEST_STEP][PASSED] - waitForElementPresent: Object Object Repository/Sidebar Menu/Operasional/Pengeluaran/TerapkanBUtton - SelectKategori not found

2018-03-01 10:26:53 - [MESSAGE][WARNING] - Object Object Repository/Sidebar Menu/Operasional/Pengeluaran/TerapkanBUtton - SelectKategori not found

2018-03-01 10:26:53 - [TEST_STEP][PASSED] - tap: Tapped on element 'Object Repository/Sidebar Menu/Operasional/Pengeluaran/ListPengeluaranKategori - Elemen 1'

2018-03-01 10:26:54 - [MESSAGE][PASSED] - Tapped on element 'Object Repository/Sidebar Menu/Operasional/Pengeluaran/ListPengeluaranKategori - Elemen 1'

2018-03-01 10:26:54 - [TEST_STEP][PASSED] - pressBack: Press back button successfully

2018-03-01 10:26:56 - [MESSAGE][PASSED] - Press back button successfully

2018-03-01 10:26:56 - [TEST_STEP][PASSED] - tap: Tapped on element 'Object Repository/Sidebar Menu/Operasional/Pengeluaran/ListPengeluaranKategori - Elemen 4'

2018-03-01 10:26:57 - [MESSAGE][PASSED] - Tapped on element 'Object Repository/Sidebar Menu/Operasional/Pengeluaran/ListPengeluaranKategori - Elemen 4'

2018-03-01 10:26:57 - [TEST_STEP][PASSED] - pressBack: Press back button successfully

2018-03-01 10:26:58 - [MESSAGE][PASSED] - Press back button successfully

2018-03-01 10:26:58 - [TEST_STEP][PASSED] - waitForElementPresent: Object Object Repository/Sidebar Menu/Operasional/Pengeluaran/TAMBAH CATATAN - Button not found

2018-03-01 10:27:03 - [MESSAGE][WARNING] - Object Object Repository/Sidebar Menu/Operasional/Pengeluaran/TAMBAH CATATAN - Button not found

2018-03-01 10:27:03 - [TEST_STEP][FAILED] - tap: Failed to tap on element 'Object Repository/Sidebar Menu/Operasional/Pengeluaran/TAMBAH CATATAN - Button' (Root cause: Object Object Repository/Sidebar Menu/Operasional/Pengeluaran/TAMBAH CATATAN - Button not found)

2018-03-01 10:27:08 - [MESSAGE][FAILED] - Object Object Repository/Sidebar Menu/Operasional/Pengeluaran/TAMBAH CATATAN - Button not found

2018-03-01 10:27:08 - [MESSAGE][FAILED] - Failed to tap on element 'Object Repository/Sidebar Menu/Operasional/Pengeluaran/TAMBAH CATATAN - Button' (Root cause: Object Object Repository/Sidebar Menu/Operasional/Pengeluaran/TAMBAH CATATAN - Button not found)]]></system-out>
         <system-err><![CDATA[2018-03-01 10:25:53 - [TEST_CASE][FAILED] - Test Cases/Sprint 3/40 - TC - All: Test Cases/Sprint 3/40 - TC - All FAILED because (of) Failed to tap on element 'Object Repository/Sidebar Menu/Operasional/Pengeluaran/TAMBAH CATATAN - Button' (Root cause: Object Object Repository/Sidebar Menu/Operasional/Pengeluaran/TAMBAH CATATAN - Button not found)]]></system-err>
      </testcase>
      <testcase name="Test Cases/Sprint 3/41 - TC-All" classname="Test Cases/Sprint 3/41 - TC-All" status="FAILED">
         <failure type="FAILED" message="Failed to tap on element 'Object Repository/Sidebar Menu/Operasional/Pengeluaran/10 Maret 2018' (Root cause: Object Object Repository/Sidebar Menu/Operasional/Pengeluaran/10 Maret 2018 not found)"/>
         <system-out><![CDATA[2018-03-01 10:27:08 - [TEST_CASE][FAILED] - Test Cases/Sprint 3/41 - TC-All: Test Cases/Sprint 3/41 - TC-All FAILED because (of) Failed to tap on element 'Object Repository/Sidebar Menu/Operasional/Pengeluaran/10 Maret 2018' (Root cause: Object Object Repository/Sidebar Menu/Operasional/Pengeluaran/10 Maret 2018 not found)

2018-03-01 10:27:08 - [TEST_STEP][PASSED] - comment: Start Story 41

2018-03-01 10:27:08 - [TEST_STEP][PASSED] - waitForElementPresent: Element 'Object Repository/Sidebar Menu/Operasional/Pengeluaran/TAMBAH CATATAN - Button' is present

2018-03-01 10:27:12 - [MESSAGE][PASSED] - Element 'Object Repository/Sidebar Menu/Operasional/Pengeluaran/TAMBAH CATATAN - Button' is present

2018-03-01 10:27:12 - [TEST_STEP][PASSED] - tap: Tapped on element 'Object Repository/Sidebar Menu/Operasional/Pengeluaran/TAMBAH CATATAN - Button'

2018-03-01 10:27:13 - [MESSAGE][PASSED] - Tapped on element 'Object Repository/Sidebar Menu/Operasional/Pengeluaran/TAMBAH CATATAN - Button'

2018-03-01 10:27:13 - [TEST_STEP][PASSED] - sendKeys: Send keys 'Pengeluaran Kos Kosan' on test object 'Object Repository/Sidebar Menu/Operasional/Pengeluaran/Judul Catatan - TextBox' successfully.

2018-03-01 10:27:22 - [MESSAGE][PASSED] - Send keys 'Pengeluaran Kos Kosan' on test object 'Object Repository/Sidebar Menu/Operasional/Pengeluaran/Judul Catatan - TextBox' successfully.

2018-03-01 10:27:22 - [TEST_STEP][PASSED] - hideKeyboard: Keyboard is hidden

2018-03-01 10:27:23 - [MESSAGE][PASSED] - Keyboard is hidden

2018-03-01 10:27:23 - [TEST_STEP][PASSED] - waitForElementPresent: Element 'Object Repository/Sidebar Menu/Operasional/Pengeluaran/Pilih Kategori 1' is present

2018-03-01 10:27:24 - [MESSAGE][PASSED] - Element 'Object Repository/Sidebar Menu/Operasional/Pengeluaran/Pilih Kategori 1' is present

2018-03-01 10:27:24 - [TEST_STEP][PASSED] - tap: Tapped on element 'Object Repository/Sidebar Menu/Operasional/Pengeluaran/Pilih Kategori 1'

2018-03-01 10:27:24 - [MESSAGE][PASSED] - Tapped on element 'Object Repository/Sidebar Menu/Operasional/Pengeluaran/Pilih Kategori 1'

2018-03-01 10:27:24 - [TEST_STEP][PASSED] - tap: Tapped on element 'Object Repository/Sidebar Menu/Operasional/Pengeluaran/Pilih Kategori 1'

2018-03-01 10:27:25 - [MESSAGE][PASSED] - Tapped on element 'Object Repository/Sidebar Menu/Operasional/Pengeluaran/Pilih Kategori 1'

2018-03-01 10:27:25 - [TEST_STEP][PASSED] - waitForElementPresent: Element 'Object Repository/Sidebar Menu/Operasional/Pengeluaran/Pengaturan Kategori - Button' is present

2018-03-01 10:27:27 - [MESSAGE][PASSED] - Element 'Object Repository/Sidebar Menu/Operasional/Pengeluaran/Pengaturan Kategori - Button' is present

2018-03-01 10:27:27 - [TEST_STEP][PASSED] - comment: Start Story 42

2018-03-01 10:27:27 - [TEST_STEP][PASSED] - tap: Tapped on element 'Object Repository/Sidebar Menu/Operasional/Pengeluaran/Pengaturan Kategori - Button'

2018-03-01 10:27:28 - [MESSAGE][PASSED] - Tapped on element 'Object Repository/Sidebar Menu/Operasional/Pengeluaran/Pengaturan Kategori - Button'

2018-03-01 10:27:28 - [TEST_STEP][PASSED] - comment: Selanjutnya, Melakukan Looping Swipe pada List Kategori

2018-03-01 10:27:28 - [TEST_STEP][PASSED] - Statement - For (def index : (0..3)): Swiped from 383,143 to 425,143

2018-03-01 10:27:28 - [TEST_STEP][PASSED] - Statement - If (true): Swiped from 383,143 to 425,143

2018-03-01 10:27:28 - [TEST_STEP][PASSED] - swipe: Swiped from 383,143 to 425,143

2018-03-01 10:27:28 - [MESSAGE][PASSED] - Swiped from 383,143 to 425,143

2018-03-01 10:27:28 - [TEST_STEP][PASSED] - Statement - If (true): Swiped from 383,143 to 425,143

2018-03-01 10:27:28 - [TEST_STEP][PASSED] - swipe: Swiped from 383,143 to 425,143

2018-03-01 10:27:29 - [MESSAGE][PASSED] - Swiped from 383,143 to 425,143

2018-03-01 10:27:29 - [TEST_STEP][PASSED] - Statement - If (true): Swiped from 383,143 to 425,143

2018-03-01 10:27:29 - [TEST_STEP][PASSED] - swipe: Swiped from 383,143 to 425,143

2018-03-01 10:27:30 - [MESSAGE][PASSED] - Swiped from 383,143 to 425,143

2018-03-01 10:27:30 - [TEST_STEP][PASSED] - Statement - If (true): Swiped from 383,143 to 425,143

2018-03-01 10:27:30 - [TEST_STEP][PASSED] - swipe: Swiped from 383,143 to 425,143

2018-03-01 10:27:30 - [MESSAGE][PASSED] - Swiped from 383,143 to 425,143

2018-03-01 10:27:30 - [TEST_STEP][PASSED] - Statement - For (def index : (0..3)): Swiped from 383,226 to 425,226

2018-03-01 10:27:30 - [TEST_STEP][PASSED] - Statement - If (true): Swiped from 383,226 to 425,226

2018-03-01 10:27:30 - [TEST_STEP][PASSED] - swipe: Swiped from 383,226 to 425,226

2018-03-01 10:27:31 - [MESSAGE][PASSED] - Swiped from 383,226 to 425,226

2018-03-01 10:27:31 - [TEST_STEP][PASSED] - Statement - If (true): Swiped from 383,226 to 425,226

2018-03-01 10:27:31 - [TEST_STEP][PASSED] - swipe: Swiped from 383,226 to 425,226

2018-03-01 10:27:31 - [MESSAGE][PASSED] - Swiped from 383,226 to 425,226

2018-03-01 10:27:31 - [TEST_STEP][PASSED] - Statement - If (true): Swiped from 383,226 to 425,226

2018-03-01 10:27:31 - [TEST_STEP][PASSED] - swipe: Swiped from 383,226 to 425,226

2018-03-01 10:27:32 - [MESSAGE][PASSED] - Swiped from 383,226 to 425,226

2018-03-01 10:27:32 - [TEST_STEP][PASSED] - Statement - If (true): Swiped from 383,226 to 425,226

2018-03-01 10:27:32 - [TEST_STEP][PASSED] - swipe: Swiped from 383,226 to 425,226

2018-03-01 10:27:32 - [MESSAGE][PASSED] - Swiped from 383,226 to 425,226

2018-03-01 10:27:33 - [TEST_STEP][PASSED] - Statement - For (def index : (0..3)): Swiped from 383,310 to 425,310

2018-03-01 10:27:33 - [TEST_STEP][PASSED] - Statement - If (true): Swiped from 383,310 to 425,310

2018-03-01 10:27:33 - [TEST_STEP][PASSED] - swipe: Swiped from 383,310 to 425,310

2018-03-01 10:27:33 - [MESSAGE][PASSED] - Swiped from 383,310 to 425,310

2018-03-01 10:27:33 - [TEST_STEP][PASSED] - Statement - If (true): Swiped from 383,310 to 425,310

2018-03-01 10:27:33 - [TEST_STEP][PASSED] - swipe: Swiped from 383,310 to 425,310

2018-03-01 10:27:34 - [MESSAGE][PASSED] - Swiped from 383,310 to 425,310

2018-03-01 10:27:34 - [TEST_STEP][PASSED] - Statement - If (true): Swiped from 383,310 to 425,310

2018-03-01 10:27:34 - [TEST_STEP][PASSED] - swipe: Swiped from 383,310 to 425,310

2018-03-01 10:27:34 - [MESSAGE][PASSED] - Swiped from 383,310 to 425,310

2018-03-01 10:27:34 - [TEST_STEP][PASSED] - Statement - If (true): Swiped from 383,310 to 425,310

2018-03-01 10:27:35 - [TEST_STEP][PASSED] - swipe: Swiped from 383,310 to 425,310

2018-03-01 10:27:35 - [MESSAGE][PASSED] - Swiped from 383,310 to 425,310

2018-03-01 10:27:35 - [TEST_STEP][PASSED] - Statement - For (def index : (0..3)): Swiped from 383,393 to 425,393

2018-03-01 10:27:35 - [TEST_STEP][PASSED] - Statement - If (true): Swiped from 383,393 to 425,393

2018-03-01 10:27:35 - [TEST_STEP][PASSED] - swipe: Swiped from 383,393 to 425,393

2018-03-01 10:27:36 - [MESSAGE][PASSED] - Swiped from 383,393 to 425,393

2018-03-01 10:27:36 - [TEST_STEP][PASSED] - Statement - If (true): Swiped from 383,393 to 425,393

2018-03-01 10:27:36 - [TEST_STEP][PASSED] - swipe: Swiped from 383,393 to 425,393

2018-03-01 10:27:36 - [MESSAGE][PASSED] - Swiped from 383,393 to 425,393

2018-03-01 10:27:36 - [TEST_STEP][PASSED] - Statement - If (true): Swiped from 383,393 to 425,393

2018-03-01 10:27:36 - [TEST_STEP][PASSED] - swipe: Swiped from 383,393 to 425,393

2018-03-01 10:27:37 - [MESSAGE][PASSED] - Swiped from 383,393 to 425,393

2018-03-01 10:27:37 - [TEST_STEP][PASSED] - Statement - If (true): Swiped from 383,393 to 425,393

2018-03-01 10:27:37 - [TEST_STEP][PASSED] - swipe: Swiped from 383,393 to 425,393

2018-03-01 10:27:38 - [MESSAGE][PASSED] - Swiped from 383,393 to 425,393

2018-03-01 10:27:38 - [TEST_STEP][PASSED] - Statement - For (def index : (0..3)): Swiped from 383,476 to 425,476

2018-03-01 10:27:38 - [TEST_STEP][PASSED] - Statement - If (true): Swiped from 383,476 to 425,476

2018-03-01 10:27:38 - [TEST_STEP][PASSED] - swipe: Swiped from 383,476 to 425,476

2018-03-01 10:27:38 - [MESSAGE][PASSED] - Swiped from 383,476 to 425,476

2018-03-01 10:27:38 - [TEST_STEP][PASSED] - Statement - If (true): Swiped from 383,476 to 425,476

2018-03-01 10:27:38 - [TEST_STEP][PASSED] - swipe: Swiped from 383,476 to 425,476

2018-03-01 10:27:39 - [MESSAGE][PASSED] - Swiped from 383,476 to 425,476

2018-03-01 10:27:39 - [TEST_STEP][PASSED] - Statement - If (true): Swiped from 383,476 to 425,476

2018-03-01 10:27:39 - [TEST_STEP][PASSED] - swipe: Swiped from 383,476 to 425,476

2018-03-01 10:27:39 - [MESSAGE][PASSED] - Swiped from 383,476 to 425,476

2018-03-01 10:27:40 - [TEST_STEP][PASSED] - Statement - If (true): Swiped from 383,476 to 425,476

2018-03-01 10:27:40 - [TEST_STEP][PASSED] - swipe: Swiped from 383,476 to 425,476

2018-03-01 10:27:40 - [MESSAGE][PASSED] - Swiped from 383,476 to 425,476

2018-03-01 10:27:40 - [TEST_STEP][PASSED] - waitForElementPresent: Element 'Object Repository/Sidebar Menu/Operasional/Pengeluaran/Simpan Button' is present

2018-03-01 10:27:41 - [MESSAGE][PASSED] - Element 'Object Repository/Sidebar Menu/Operasional/Pengeluaran/Simpan Button' is present

2018-03-01 10:27:41 - [TEST_STEP][PASSED] - tap: Tapped on element 'Object Repository/Sidebar Menu/Operasional/Pengeluaran/Simpan Button'

2018-03-01 10:27:41 - [MESSAGE][PASSED] - Tapped on element 'Object Repository/Sidebar Menu/Operasional/Pengeluaran/Simpan Button'

2018-03-01 10:27:41 - [TEST_STEP][PASSED] - waitForElementPresent: Element 'Object Repository/Sidebar Menu/Operasional/Pengeluaran/Tambah Kategori - Button' is present

2018-03-01 10:27:42 - [MESSAGE][PASSED] - Element 'Object Repository/Sidebar Menu/Operasional/Pengeluaran/Tambah Kategori - Button' is present

2018-03-01 10:27:42 - [TEST_STEP][PASSED] - tap: Tapped on element 'Object Repository/Sidebar Menu/Operasional/Pengeluaran/Tambah Kategori - Button'

2018-03-01 10:27:45 - [MESSAGE][PASSED] - Tapped on element 'Object Repository/Sidebar Menu/Operasional/Pengeluaran/Tambah Kategori - Button'

2018-03-01 10:27:45 - [TEST_STEP][PASSED] - comment: Notifikasi "Pelu diisi"

2018-03-01 10:27:45 - [TEST_STEP][PASSED] - tap: Tapped on element 'Object Repository/Sidebar Menu/Operasional/Pengeluaran/Input Tambah Kategori Baru'

2018-03-01 10:27:46 - [MESSAGE][PASSED] - Tapped on element 'Object Repository/Sidebar Menu/Operasional/Pengeluaran/Input Tambah Kategori Baru'

2018-03-01 10:27:46 - [TEST_STEP][PASSED] - sendKeys: Send keys 'Sticky' on test object 'Object Repository/Sidebar Menu/Operasional/Pengeluaran/Input Tambah Kategori Baru' successfully.

2018-03-01 10:27:52 - [MESSAGE][PASSED] - Send keys 'Sticky' on test object 'Object Repository/Sidebar Menu/Operasional/Pengeluaran/Input Tambah Kategori Baru' successfully.

2018-03-01 10:27:52 - [TEST_STEP][PASSED] - tap: Tapped on element 'Object Repository/Sidebar Menu/Operasional/Pengeluaran/Terapkan - ButtonTambahKategori'

2018-03-01 10:27:53 - [MESSAGE][PASSED] - Tapped on element 'Object Repository/Sidebar Menu/Operasional/Pengeluaran/Terapkan - ButtonTambahKategori'

2018-03-01 10:27:53 - [TEST_STEP][PASSED] - waitForElementPresent: Element 'Object Repository/Sidebar Menu/Operasional/Pengeluaran/Simpan Button' is present

2018-03-01 10:27:55 - [MESSAGE][PASSED] - Element 'Object Repository/Sidebar Menu/Operasional/Pengeluaran/Simpan Button' is present

2018-03-01 10:27:55 - [TEST_STEP][PASSED] - tap: Tapped on element 'Object Repository/Sidebar Menu/Operasional/Pengeluaran/Simpan Button'

2018-03-01 10:27:56 - [MESSAGE][PASSED] - Tapped on element 'Object Repository/Sidebar Menu/Operasional/Pengeluaran/Simpan Button'

2018-03-01 10:27:56 - [TEST_STEP][PASSED] - pressBack: Press back button successfully

2018-03-01 10:27:56 - [MESSAGE][PASSED] - Press back button successfully

2018-03-01 10:27:56 - [TEST_STEP][PASSED] - tap: Tapped on element 'Object Repository/Sidebar Menu/Operasional/Pengeluaran/Pilih Kategori Elemen ke 1'

2018-03-01 10:27:58 - [MESSAGE][PASSED] - Tapped on element 'Object Repository/Sidebar Menu/Operasional/Pengeluaran/Pilih Kategori Elemen ke 1'

2018-03-01 10:27:58 - [TEST_STEP][PASSED] - comment: Insert berhasil

2018-03-01 10:27:58 - [TEST_STEP][PASSED] - comment: End Story 42

2018-03-01 10:27:58 - [TEST_STEP][PASSED] - tap: Tapped on element 'Object Repository/Sidebar Menu/Operasional/Pengeluaran/Nominal Pengeluaran - TextBox'

2018-03-01 10:28:00 - [MESSAGE][PASSED] - Tapped on element 'Object Repository/Sidebar Menu/Operasional/Pengeluaran/Nominal Pengeluaran - TextBox'

2018-03-01 10:28:00 - [TEST_STEP][PASSED] - setText: Text '4500000' has been set to element 'Object Repository/Sidebar Menu/Operasional/Pengeluaran/Nominal Pengeluaran - TextBox'

2018-03-01 10:28:11 - [MESSAGE][PASSED] - Text '4500000' has been set to element 'Object Repository/Sidebar Menu/Operasional/Pengeluaran/Nominal Pengeluaran - TextBox'

2018-03-01 10:28:11 - [TEST_STEP][PASSED] - verifyElementText: Actual text and expected text of test object 'Object Repository/Sidebar Menu/Operasional/Pengeluaran/Nominal Pengeluaran - TextBox' are matched.

2018-03-01 10:28:12 - [MESSAGE][PASSED] - Actual text and expected text of test object 'Object Repository/Sidebar Menu/Operasional/Pengeluaran/Nominal Pengeluaran - TextBox' are matched.

2018-03-01 10:28:12 - [TEST_STEP][PASSED] - getText: Text of element 'Object Repository/Sidebar Menu/Operasional/Pengeluaran/Nominal Pengeluaran - TextBox' is: '4.500.000'

2018-03-01 10:28:12 - [MESSAGE][PASSED] - Text of element 'Object Repository/Sidebar Menu/Operasional/Pengeluaran/Nominal Pengeluaran - TextBox' is: '4.500.000'

2018-03-01 10:28:12 - [TEST_STEP][PASSED] - waitForElementPresent: Element 'Object Repository/Sidebar Menu/Operasional/Pengeluaran/Deskripsi - TextBox' is present

2018-03-01 10:28:13 - [MESSAGE][PASSED] - Element 'Object Repository/Sidebar Menu/Operasional/Pengeluaran/Deskripsi - TextBox' is present

2018-03-01 10:28:13 - [TEST_STEP][PASSED] - sendKeys: Send keys 'Pengeluaran untuk uang Listrik, Uang Makan, dan Uang Kos bulan Januari' on test object 'Object Repository/Sidebar Menu/Operasional/Pengeluaran/Deskripsi - TextBox' successfully.

2018-03-01 10:28:22 - [MESSAGE][PASSED] - Send keys 'Pengeluaran untuk uang Listrik, Uang Makan, dan Uang Kos bulan Januari' on test object 'Object Repository/Sidebar Menu/Operasional/Pengeluaran/Deskripsi - TextBox' successfully.

2018-03-01 10:28:22 - [TEST_STEP][PASSED] - hideKeyboard: Keyboard is hidden

2018-03-01 10:28:23 - [MESSAGE][PASSED] - Keyboard is hidden

2018-03-01 10:28:23 - [TEST_STEP][PASSED] - waitForElementPresent: Element 'Object Repository/Sidebar Menu/Operasional/Pengeluaran/SelectorTangal' is present

2018-03-01 10:28:24 - [MESSAGE][PASSED] - Element 'Object Repository/Sidebar Menu/Operasional/Pengeluaran/SelectorTangal' is present

2018-03-01 10:28:24 - [TEST_STEP][PASSED] - tap: Tapped on element 'Object Repository/Sidebar Menu/Operasional/Pengeluaran/SelectorTangal'

2018-03-01 10:28:24 - [MESSAGE][PASSED] - Tapped on element 'Object Repository/Sidebar Menu/Operasional/Pengeluaran/SelectorTangal'

2018-03-01 10:28:24 - [TEST_STEP][PASSED] - tap: Tapped on element 'Object Repository/Sidebar Menu/Operasional/Pengeluaran/SelectorTangal'

2018-03-01 10:28:25 - [MESSAGE][PASSED] - Tapped on element 'Object Repository/Sidebar Menu/Operasional/Pengeluaran/SelectorTangal'

2018-03-01 10:28:25 - [TEST_STEP][PASSED] - swipe: Swiped from 96,398 to 96,614

2018-03-01 10:28:25 - [MESSAGE][PASSED] - Swiped from 96,398 to 96,614

2018-03-01 10:28:26 - [TEST_STEP][PASSED] - tap: Tapped on element 'Object Repository/Sidebar Menu/Operasional/Pengeluaran/23 Februari 2018'

2018-03-01 10:28:27 - [MESSAGE][PASSED] - Tapped on element 'Object Repository/Sidebar Menu/Operasional/Pengeluaran/23 Februari 2018'

2018-03-01 10:28:27 - [TEST_STEP][PASSED] - tap: Tapped on element 'Object Repository/Sidebar Menu/Operasional/Pengeluaran/Cancel Tanggal'

2018-03-01 10:28:28 - [MESSAGE][PASSED] - Tapped on element 'Object Repository/Sidebar Menu/Operasional/Pengeluaran/Cancel Tanggal'

2018-03-01 10:28:28 - [TEST_STEP][PASSED] - tap: Tapped on element 'Object Repository/Sidebar Menu/Operasional/Pengeluaran/SelectorTangal'

2018-03-01 10:28:29 - [MESSAGE][PASSED] - Tapped on element 'Object Repository/Sidebar Menu/Operasional/Pengeluaran/SelectorTangal'

2018-03-01 10:28:29 - [TEST_STEP][PASSED] - comment: Gk bisa di swipe sama scroll to text bang. Aye puyeng

2018-03-01 10:28:29 - [TEST_STEP][NOT_RUN] - scrollToText: NOT_RUN: scrollToText

2018-03-01 10:28:29 - [MESSAGE][NOT_RUN] - NOT_RUN: scrollToText

2018-03-01 10:28:29 - [TEST_STEP][PASSED] - delay: Delayed 5 second(s)

2018-03-01 10:28:34 - [MESSAGE][PASSED] - Delayed 5 second(s)

2018-03-01 10:28:34 - [TEST_STEP][PASSED] - swipe: Swiped from 96,614 to 96,398

2018-03-01 10:28:35 - [MESSAGE][PASSED] - Swiped from 96,614 to 96,398

2018-03-01 10:28:35 - [TEST_STEP][FAILED] - tap: Failed to tap on element 'Object Repository/Sidebar Menu/Operasional/Pengeluaran/10 Maret 2018' (Root cause: Object Object Repository/Sidebar Menu/Operasional/Pengeluaran/10 Maret 2018 not found)

2018-03-01 10:28:40 - [MESSAGE][FAILED] - Object Object Repository/Sidebar Menu/Operasional/Pengeluaran/10 Maret 2018 not found

2018-03-01 10:28:40 - [MESSAGE][FAILED] - Failed to tap on element 'Object Repository/Sidebar Menu/Operasional/Pengeluaran/10 Maret 2018' (Root cause: Object Object Repository/Sidebar Menu/Operasional/Pengeluaran/10 Maret 2018 not found)]]></system-out>
         <system-err><![CDATA[2018-03-01 10:27:08 - [TEST_CASE][FAILED] - Test Cases/Sprint 3/41 - TC-All: Test Cases/Sprint 3/41 - TC-All FAILED because (of) Failed to tap on element 'Object Repository/Sidebar Menu/Operasional/Pengeluaran/10 Maret 2018' (Root cause: Object Object Repository/Sidebar Menu/Operasional/Pengeluaran/10 Maret 2018 not found)]]></system-err>
      </testcase>
      <testcase name="Test Cases/Sprint 3/215 - TC -All" classname="Test Cases/Sprint 3/215 - TC -All" status="FAILED">
         <failure type="FAILED" message="Failed to tap on element 'Object Repository/Sidebar Menu/Operasional/Pengeluaran/ListPengeluaranKategori - Elemen 3' (Root cause: Object Object Repository/Sidebar Menu/Operasional/Pengeluaran/ListPengeluaranKategori - Elemen 3 not found)"/>
         <system-out><![CDATA[2018-03-01 10:28:40 - [TEST_CASE][FAILED] - Test Cases/Sprint 3/215 - TC -All: Test Cases/Sprint 3/215 - TC -All FAILED because (of) Failed to tap on element 'Object Repository/Sidebar Menu/Operasional/Pengeluaran/ListPengeluaranKategori - Elemen 3' (Root cause: Object Object Repository/Sidebar Menu/Operasional/Pengeluaran/ListPengeluaranKategori - Elemen 3 not found)

2018-03-01 10:28:40 - [TEST_STEP][PASSED] - comment: Start Story 215

2018-03-01 10:28:40 - [TEST_STEP][PASSED] - delay: Delayed 5 second(s)

2018-03-01 10:28:45 - [MESSAGE][PASSED] - Delayed 5 second(s)

2018-03-01 10:28:45 - [TEST_STEP][FAILED] - tap: Failed to tap on element 'Object Repository/Sidebar Menu/Operasional/Pengeluaran/ListPengeluaranKategori - Elemen 3' (Root cause: Object Object Repository/Sidebar Menu/Operasional/Pengeluaran/ListPengeluaranKategori - Elemen 3 not found)

2018-03-01 10:28:51 - [MESSAGE][FAILED] - Object Object Repository/Sidebar Menu/Operasional/Pengeluaran/ListPengeluaranKategori - Elemen 3 not found

2018-03-01 10:28:51 - [MESSAGE][FAILED] - Failed to tap on element 'Object Repository/Sidebar Menu/Operasional/Pengeluaran/ListPengeluaranKategori - Elemen 3' (Root cause: Object Object Repository/Sidebar Menu/Operasional/Pengeluaran/ListPengeluaranKategori - Elemen 3 not found)]]></system-out>
         <system-err><![CDATA[2018-03-01 10:28:40 - [TEST_CASE][FAILED] - Test Cases/Sprint 3/215 - TC -All: Test Cases/Sprint 3/215 - TC -All FAILED because (of) Failed to tap on element 'Object Repository/Sidebar Menu/Operasional/Pengeluaran/ListPengeluaranKategori - Elemen 3' (Root cause: Object Object Repository/Sidebar Menu/Operasional/Pengeluaran/ListPengeluaranKategori - Elemen 3 not found)]]></system-err>
      </testcase>
      <system-out><![CDATA[2018-03-01 10:25:52 - [TEST_SUITE][FAILED] - Sprint 3: Test Cases/Sprint 3/40 - TC - All FAILED because (of) Failed to tap on element 'Object Repository/Sidebar Menu/Operasional/Pengeluaran/TAMBAH CATATAN - Button' (Root cause: Object Object Repository/Sidebar Menu/Operasional/Pengeluaran/TAMBAH CATATAN - Button not found)]]></system-out>
      <system-err><![CDATA[2018-03-01 10:25:52 - [TEST_SUITE][FAILED] - Sprint 3: Test Cases/Sprint 3/40 - TC - All FAILED because (of) Failed to tap on element 'Object Repository/Sidebar Menu/Operasional/Pengeluaran/TAMBAH CATATAN - Button' (Root cause: Object Object Repository/Sidebar Menu/Operasional/Pengeluaran/TAMBAH CATATAN - Button not found)]]></system-err>
   </testsuite>
</testsuites>
