<?xml version="1.0" encoding="UTF-8"?>
<testsuites name="Sprint 2" time="413" tests="1" failures="1" errors="0">
   <testsuite name="Sprint 2" tests="1" failures="1" errors="0" time="413" timestamp="2018-01-17 19:52:56" hostname="AV2017005903 - NB17Q7U8IT.corp.bankbtpn.co.id" id="Test Suites/Sprint 2">
      <properties>
         <property name="deviceName" value="Xiaomi Redmi Note 3 5.0.2"/>
         <property name="devicePlatform" value=""/>
         <property name="logFolder" value="C:\\Users\\AV2017005903\\Documents\\Appolo Test\\Reports\\Sprint 2\\20180117_195254"/>
         <property name="logFiles" value="C:\\Users\\AV2017005903\\Documents\\Appolo Test\\Reports\\Sprint 2\\20180117_195254\\appium.log, C:\\Users\\AV2017005903\\Documents\\Appolo Test\\Reports\\Sprint 2\\20180117_195254\\execution0.log"/>
         <property name="attachments" value=""/>
         <property name="hostName" value="AV2017005903 - NB17Q7U8IT.corp.bankbtpn.co.id"/>
         <property name="os" value="Windows 10 64bit"/>
         <property name="katalonVersion" value="5.0.0.1"/>
         <property name="deviceOS" value="Android"/>
         <property name="appiumVersion" value="1.7.2"/>
         <property name="deviceModel" value="Redmi Note 3"/>
         <property name="hostAddress" value="192.168.120.203"/>
         <property name="deviceManufacturer" value="Xiaomi"/>
         <property name="deviceId" value="MVAQIBSCS8LN6TQW"/>
         <property name="deviceName" value="Xiaomi Redmi Note 3 5.0.2"/>
         <property name="deviceOSVersion" value="5.0.2"/>
      </properties>
      <testcase name="Test Cases/27 - TC - All" classname="Test Cases/27 - TC - All" status="PASSED">
         <system-out><![CDATA[2018-01-17 19:52:56 - [TEST_CASE][PASSED] - Test Cases/27 - TC - All: Test Cases/27 - TC - All

2018-01-17 19:52:57 - [TEST_STEP][PASSED] - startApplication: Started app at: 'D:\Project Apollo\APK Appolo\Sprint 4 v-1.apk'

2018-01-17 19:54:19 - [MESSAGE][PASSED] - Started app at: 'D:\Project Apollo\APK Appolo\Sprint 4 v-1.apk'

2018-01-17 19:54:19 - [TEST_STEP][PASSED] - tap: Tapped on element 'Object Repository/Login/Nomor HP  Nama Pengguna - Text Box'

2018-01-17 19:54:23 - [MESSAGE][PASSED] - Tapped on element 'Object Repository/Login/Nomor HP  Nama Pengguna - Text Box'

2018-01-17 19:54:23 - [TEST_STEP][PASSED] - setText: Text 'y' has been set to element 'Object Repository/Login/Nomor HP  Nama Pengguna - Text Box'

2018-01-17 19:54:36 - [MESSAGE][PASSED] - Text 'y' has been set to element 'Object Repository/Login/Nomor HP  Nama Pengguna - Text Box'

2018-01-17 19:54:36 - [TEST_STEP][PASSED] - hideKeyboard: Keyboard is hidden

2018-01-17 19:54:46 - [MESSAGE][PASSED] - Keyboard is hidden

2018-01-17 19:54:48 - [TEST_STEP][PASSED] - tap: Tapped on element 'Object Repository/Login/Button Masuk'

2018-01-17 19:54:49 - [MESSAGE][PASSED] - Tapped on element 'Object Repository/Login/Button Masuk'

2018-01-17 19:54:49 - [TEST_STEP][PASSED] - waitForElementPresent: Element 'Object Repository/Login/Button Masuk' is present

2018-01-17 19:54:51 - [MESSAGE][PASSED] - Element 'Object Repository/Login/Button Masuk' is present

2018-01-17 19:54:51 - [TEST_STEP][PASSED] - tap: Tapped on element 'Object Repository/Login/Lupa Pin'

2018-01-17 19:54:51 - [MESSAGE][PASSED] - Tapped on element 'Object Repository/Login/Lupa Pin'

2018-01-17 19:54:51 - [TEST_STEP][PASSED] - tap: Tapped on element 'Object Repository/Sidebar Menu/Hamburger Button'

2018-01-17 19:54:54 - [MESSAGE][PASSED] - Tapped on element 'Object Repository/Sidebar Menu/Hamburger Button'

2018-01-17 19:54:54 - [TEST_STEP][PASSED] - tap: Tapped on element 'Object Repository/Sidebar Menu/Operasional/Operasional - Sidebar Menu'

2018-01-17 19:54:56 - [MESSAGE][PASSED] - Tapped on element 'Object Repository/Sidebar Menu/Operasional/Operasional - Sidebar Menu'

2018-01-17 19:54:56 - [TEST_STEP][PASSED] - tap: Tapped on element 'Object Repository/Sidebar Menu/Operasional/Stock/Stock View/Stok - Navbar Menu'

2018-01-17 19:55:00 - [MESSAGE][PASSED] - Tapped on element 'Object Repository/Sidebar Menu/Operasional/Stock/Stock View/Stok - Navbar Menu'

2018-01-17 19:55:00 - [TEST_STEP][PASSED] - Statement - For (def index : (0..5)): Swiped from 0,1,692 to 0,720

2018-01-17 19:55:00 - [TEST_STEP][PASSED] - swipe: Swiped from 0,1,692 to 0,720

2018-01-17 19:55:05 - [MESSAGE][PASSED] - Swiped from 0,1,692 to 0,720

2018-01-17 19:55:07 - [TEST_STEP][PASSED] - swipe: Swiped from 0,1,692 to 0,720

2018-01-17 19:55:11 - [MESSAGE][PASSED] - Swiped from 0,1,692 to 0,720

2018-01-17 19:55:15 - [TEST_STEP][PASSED] - swipe: Swiped from 0,1,692 to 0,720

2018-01-17 19:55:20 - [MESSAGE][PASSED] - Swiped from 0,1,692 to 0,720

2018-01-17 19:55:22 - [TEST_STEP][PASSED] - swipe: Swiped from 0,1,692 to 0,720

2018-01-17 19:55:28 - [MESSAGE][PASSED] - Swiped from 0,1,692 to 0,720

2018-01-17 19:55:30 - [TEST_STEP][PASSED] - swipe: Swiped from 0,1,692 to 0,720

2018-01-17 19:55:34 - [MESSAGE][PASSED] - Swiped from 0,1,692 to 0,720

2018-01-17 19:55:37 - [TEST_STEP][PASSED] - swipe: Swiped from 0,1,692 to 0,720

2018-01-17 19:55:41 - [MESSAGE][PASSED] - Swiped from 0,1,692 to 0,720

2018-01-17 19:55:46 - [TEST_STEP][PASSED] - tap: Tapped on element 'Object Repository/Sidebar Menu/Operasional/Stock/Detail Barang/List Produk - Elemen 42'

2018-01-17 19:55:50 - [MESSAGE][PASSED] - Tapped on element 'Object Repository/Sidebar Menu/Operasional/Stock/Detail Barang/List Produk - Elemen 42'

2018-01-17 19:55:50 - [TEST_STEP][PASSED] - swipe: Swiped from 48,1,728 to 48,888

2018-01-17 19:55:55 - [MESSAGE][PASSED] - Swiped from 48,1,728 to 48,888

2018-01-17 19:55:57 - [TEST_STEP][PASSED] - swipe: Swiped from 48,888 to 48,1,728

2018-01-17 19:56:02 - [MESSAGE][PASSED] - Swiped from 48,888 to 48,1,728

2018-01-17 19:56:04 - [TEST_STEP][PASSED] - delay: Delayed 5 second(s)

2018-01-17 19:56:09 - [MESSAGE][PASSED] - Delayed 5 second(s)

2018-01-17 19:56:09 - [TEST_STEP][PASSED] - tap: Tapped on element 'Object Repository/Sidebar Menu/Operasional/Stock/Detail Barang/INFO SUPPLIER'

2018-01-17 19:56:11 - [MESSAGE][PASSED] - Tapped on element 'Object Repository/Sidebar Menu/Operasional/Stock/Detail Barang/INFO SUPPLIER'

2018-01-17 19:56:11 - [TEST_STEP][PASSED] - tap: Tapped on element 'Object Repository/Sidebar Menu/Operasional/Stock/Detail Barang/INFO STOK'

2018-01-17 19:56:16 - [MESSAGE][PASSED] - Tapped on element 'Object Repository/Sidebar Menu/Operasional/Stock/Detail Barang/INFO STOK'

2018-01-17 19:56:16 - [TEST_STEP][PASSED] - swipe: Swiped from 48,1,728 to 48,888

2018-01-17 19:56:22 - [MESSAGE][PASSED] - Swiped from 48,1,728 to 48,888]]></system-out>
         <system-err><![CDATA[]]></system-err>
      </testcase>
      <testcase name="Test Cases/46 - TC - All" classname="Test Cases/46 - TC - All" status="FAILED">
         <failure type="FAILED" message="Failed to tap on element 'Object Repository/Sidebar Menu/Operasional/Stock/Detail Barang/Batal Button' (Root cause: Object Object Repository/Sidebar Menu/Operasional/Stock/Detail Barang/Batal Button not found)"/>
         <system-out><![CDATA[2018-01-17 19:56:24 - [TEST_CASE][FAILED] - Test Cases/46 - TC - All: Test Cases/46 - TC - All FAILED because (of) Failed to tap on element 'Object Repository/Sidebar Menu/Operasional/Stock/Detail Barang/Batal Button' (Root cause: Object Object Repository/Sidebar Menu/Operasional/Stock/Detail Barang/Batal Button not found)

2018-01-17 19:56:25 - [TEST_STEP][PASSED] - tap: Tapped on element 'Object Repository/Sidebar Menu/Operasional/Stock/Detail Barang/Ubah Info - Button'

2018-01-17 19:56:26 - [MESSAGE][PASSED] - Tapped on element 'Object Repository/Sidebar Menu/Operasional/Stock/Detail Barang/Ubah Info - Button'

2018-01-17 19:56:26 - [TEST_STEP][PASSED] - Statement - For (def index : (0..5)): Tapped on element 'Object Repository/Sidebar Menu/Operasional/Stock/Tambah Barang/Minus Tap - Jumlah Stock'

2018-01-17 19:56:26 - [TEST_STEP][PASSED] - tap: Tapped on element 'Object Repository/Sidebar Menu/Operasional/Stock/Tambah Barang/Minus Tap - Jumlah Stock'

2018-01-17 19:56:34 - [MESSAGE][PASSED] - Tapped on element 'Object Repository/Sidebar Menu/Operasional/Stock/Tambah Barang/Minus Tap - Jumlah Stock'

2018-01-17 19:56:34 - [TEST_STEP][PASSED] - tap: Tapped on element 'Object Repository/Sidebar Menu/Operasional/Stock/Tambah Barang/Minus Tap - Jumlah Stock'

2018-01-17 19:56:37 - [MESSAGE][PASSED] - Tapped on element 'Object Repository/Sidebar Menu/Operasional/Stock/Tambah Barang/Minus Tap - Jumlah Stock'

2018-01-17 19:56:37 - [TEST_STEP][PASSED] - tap: Tapped on element 'Object Repository/Sidebar Menu/Operasional/Stock/Tambah Barang/Minus Tap - Jumlah Stock'

2018-01-17 19:56:39 - [MESSAGE][PASSED] - Tapped on element 'Object Repository/Sidebar Menu/Operasional/Stock/Tambah Barang/Minus Tap - Jumlah Stock'

2018-01-17 19:56:39 - [TEST_STEP][PASSED] - tap: Tapped on element 'Object Repository/Sidebar Menu/Operasional/Stock/Tambah Barang/Minus Tap - Jumlah Stock'

2018-01-17 19:56:42 - [MESSAGE][PASSED] - Tapped on element 'Object Repository/Sidebar Menu/Operasional/Stock/Tambah Barang/Minus Tap - Jumlah Stock'

2018-01-17 19:56:42 - [TEST_STEP][PASSED] - tap: Tapped on element 'Object Repository/Sidebar Menu/Operasional/Stock/Tambah Barang/Minus Tap - Jumlah Stock'

2018-01-17 19:56:47 - [MESSAGE][PASSED] - Tapped on element 'Object Repository/Sidebar Menu/Operasional/Stock/Tambah Barang/Minus Tap - Jumlah Stock'

2018-01-17 19:56:47 - [TEST_STEP][PASSED] - tap: Tapped on element 'Object Repository/Sidebar Menu/Operasional/Stock/Tambah Barang/Minus Tap - Jumlah Stock'

2018-01-17 19:56:50 - [MESSAGE][PASSED] - Tapped on element 'Object Repository/Sidebar Menu/Operasional/Stock/Tambah Barang/Minus Tap - Jumlah Stock'

2018-01-17 19:56:50 - [TEST_STEP][PASSED] - Statement - For (def index : (0..10)): Tapped on element 'Object Repository/Sidebar Menu/Operasional/Stock/Tambah Barang/PlusTap - JumlaH Stock'

2018-01-17 19:56:50 - [TEST_STEP][PASSED] - tap: Tapped on element 'Object Repository/Sidebar Menu/Operasional/Stock/Tambah Barang/PlusTap - JumlaH Stock'

2018-01-17 19:56:52 - [MESSAGE][PASSED] - Tapped on element 'Object Repository/Sidebar Menu/Operasional/Stock/Tambah Barang/PlusTap - JumlaH Stock'

2018-01-17 19:56:52 - [TEST_STEP][PASSED] - tap: Tapped on element 'Object Repository/Sidebar Menu/Operasional/Stock/Tambah Barang/PlusTap - JumlaH Stock'

2018-01-17 19:56:55 - [MESSAGE][PASSED] - Tapped on element 'Object Repository/Sidebar Menu/Operasional/Stock/Tambah Barang/PlusTap - JumlaH Stock'

2018-01-17 19:56:55 - [TEST_STEP][PASSED] - tap: Tapped on element 'Object Repository/Sidebar Menu/Operasional/Stock/Tambah Barang/PlusTap - JumlaH Stock'

2018-01-17 19:56:59 - [MESSAGE][PASSED] - Tapped on element 'Object Repository/Sidebar Menu/Operasional/Stock/Tambah Barang/PlusTap - JumlaH Stock'

2018-01-17 19:56:59 - [TEST_STEP][PASSED] - tap: Tapped on element 'Object Repository/Sidebar Menu/Operasional/Stock/Tambah Barang/PlusTap - JumlaH Stock'

2018-01-17 19:57:06 - [MESSAGE][PASSED] - Tapped on element 'Object Repository/Sidebar Menu/Operasional/Stock/Tambah Barang/PlusTap - JumlaH Stock'

2018-01-17 19:57:06 - [TEST_STEP][PASSED] - tap: Tapped on element 'Object Repository/Sidebar Menu/Operasional/Stock/Tambah Barang/PlusTap - JumlaH Stock'

2018-01-17 19:57:10 - [MESSAGE][PASSED] - Tapped on element 'Object Repository/Sidebar Menu/Operasional/Stock/Tambah Barang/PlusTap - JumlaH Stock'

2018-01-17 19:57:10 - [TEST_STEP][PASSED] - tap: Tapped on element 'Object Repository/Sidebar Menu/Operasional/Stock/Tambah Barang/PlusTap - JumlaH Stock'

2018-01-17 19:57:14 - [MESSAGE][PASSED] - Tapped on element 'Object Repository/Sidebar Menu/Operasional/Stock/Tambah Barang/PlusTap - JumlaH Stock'

2018-01-17 19:57:14 - [TEST_STEP][PASSED] - tap: Tapped on element 'Object Repository/Sidebar Menu/Operasional/Stock/Tambah Barang/PlusTap - JumlaH Stock'

2018-01-17 19:57:19 - [MESSAGE][PASSED] - Tapped on element 'Object Repository/Sidebar Menu/Operasional/Stock/Tambah Barang/PlusTap - JumlaH Stock'

2018-01-17 19:57:19 - [TEST_STEP][PASSED] - tap: Tapped on element 'Object Repository/Sidebar Menu/Operasional/Stock/Tambah Barang/PlusTap - JumlaH Stock'

2018-01-17 19:57:22 - [MESSAGE][PASSED] - Tapped on element 'Object Repository/Sidebar Menu/Operasional/Stock/Tambah Barang/PlusTap - JumlaH Stock'

2018-01-17 19:57:22 - [TEST_STEP][PASSED] - tap: Tapped on element 'Object Repository/Sidebar Menu/Operasional/Stock/Tambah Barang/PlusTap - JumlaH Stock'

2018-01-17 19:57:26 - [MESSAGE][PASSED] - Tapped on element 'Object Repository/Sidebar Menu/Operasional/Stock/Tambah Barang/PlusTap - JumlaH Stock'

2018-01-17 19:57:26 - [TEST_STEP][PASSED] - tap: Tapped on element 'Object Repository/Sidebar Menu/Operasional/Stock/Tambah Barang/PlusTap - JumlaH Stock'

2018-01-17 19:57:28 - [MESSAGE][PASSED] - Tapped on element 'Object Repository/Sidebar Menu/Operasional/Stock/Tambah Barang/PlusTap - JumlaH Stock'

2018-01-17 19:57:28 - [TEST_STEP][PASSED] - tap: Tapped on element 'Object Repository/Sidebar Menu/Operasional/Stock/Tambah Barang/PlusTap - JumlaH Stock'

2018-01-17 19:57:31 - [MESSAGE][PASSED] - Tapped on element 'Object Repository/Sidebar Menu/Operasional/Stock/Tambah Barang/PlusTap - JumlaH Stock'

2018-01-17 19:57:31 - [TEST_STEP][PASSED] - tap: Tapped on element 'Object Repository/Sidebar Menu/Operasional/Stock/Tambah Barang/Jumlah Stock - by typing'

2018-01-17 19:57:35 - [MESSAGE][PASSED] - Tapped on element 'Object Repository/Sidebar Menu/Operasional/Stock/Tambah Barang/Jumlah Stock - by typing'

2018-01-17 19:57:35 - [TEST_STEP][PASSED] - setText: Text '123' has been set to element 'Object Repository/Sidebar Menu/Operasional/Stock/Tambah Barang/Jumlah Stock - by typing'

2018-01-17 19:58:22 - [MESSAGE][PASSED] - Text '123' has been set to element 'Object Repository/Sidebar Menu/Operasional/Stock/Tambah Barang/Jumlah Stock - by typing'

2018-01-17 19:58:22 - [TEST_STEP][PASSED] - clearText: Element 'Object Repository/Sidebar Menu/Operasional/Stock/Tambah Barang/Jumlah Stock - by typing' text is cleared

2018-01-17 19:58:27 - [MESSAGE][PASSED] - Element 'Object Repository/Sidebar Menu/Operasional/Stock/Tambah Barang/Jumlah Stock - by typing' text is cleared

2018-01-17 19:58:27 - [TEST_STEP][PASSED] - setText: Text '10.6' has been set to element 'Object Repository/Sidebar Menu/Operasional/Stock/Tambah Barang/Jumlah Stock - by typing'

2018-01-17 19:58:39 - [MESSAGE][PASSED] - Text '10.6' has been set to element 'Object Repository/Sidebar Menu/Operasional/Stock/Tambah Barang/Jumlah Stock - by typing'

2018-01-17 19:58:39 - [TEST_STEP][PASSED] - hideKeyboard: Keyboard is hidden

2018-01-17 19:58:48 - [MESSAGE][PASSED] - Keyboard is hidden

2018-01-17 19:58:50 - [TEST_STEP][PASSED] - tap: Tapped on element 'Object Repository/Sidebar Menu/Operasional/Stock/Tambah Barang/SKU Produk - Text Box'

2018-01-17 19:58:54 - [MESSAGE][PASSED] - Tapped on element 'Object Repository/Sidebar Menu/Operasional/Stock/Tambah Barang/SKU Produk - Text Box'

2018-01-17 19:58:54 - [TEST_STEP][PASSED] - setText: Text '16091996' has been set to element 'Object Repository/Sidebar Menu/Operasional/Stock/Tambah Barang/SKU Produk - Text Box'

2018-01-17 19:59:15 - [MESSAGE][PASSED] - Text '16091996' has been set to element 'Object Repository/Sidebar Menu/Operasional/Stock/Tambah Barang/SKU Produk - Text Box'

2018-01-17 19:59:15 - [TEST_STEP][PASSED] - verifyElementText: Actual text and expected text of test object 'Object Repository/Sidebar Menu/Operasional/Stock/Tambah Barang/SKU Produk - Text Box' are matched.

2018-01-17 19:59:19 - [MESSAGE][PASSED] - Actual text and expected text of test object 'Object Repository/Sidebar Menu/Operasional/Stock/Tambah Barang/SKU Produk - Text Box' are matched.

2018-01-17 19:59:19 - [TEST_STEP][PASSED] - getText: Text of element 'Object Repository/Sidebar Menu/Operasional/Stock/Tambah Barang/SKU Produk - Text Box' is: '16091996'

2018-01-17 19:59:20 - [MESSAGE][PASSED] - Text of element 'Object Repository/Sidebar Menu/Operasional/Stock/Tambah Barang/SKU Produk - Text Box' is: '16091996'

2018-01-17 19:59:20 - [TEST_STEP][PASSED] - pressBack: Press back button successfully

2018-01-17 19:59:27 - [MESSAGE][PASSED] - Press back button successfully

2018-01-17 19:59:27 - [TEST_STEP][FAILED] - tap: Failed to tap on element 'Object Repository/Sidebar Menu/Operasional/Stock/Detail Barang/Batal Button' (Root cause: Object Object Repository/Sidebar Menu/Operasional/Stock/Detail Barang/Batal Button not found)

2018-01-17 19:59:32 - [MESSAGE][FAILED] - Object Object Repository/Sidebar Menu/Operasional/Stock/Detail Barang/Batal Button not found

2018-01-17 19:59:32 - [MESSAGE][FAILED] - Failed to tap on element 'Object Repository/Sidebar Menu/Operasional/Stock/Detail Barang/Batal Button' (Root cause: Object Object Repository/Sidebar Menu/Operasional/Stock/Detail Barang/Batal Button not found)]]></system-out>
         <system-err><![CDATA[2018-01-17 19:56:24 - [TEST_CASE][FAILED] - Test Cases/46 - TC - All: Test Cases/46 - TC - All FAILED because (of) Failed to tap on element 'Object Repository/Sidebar Menu/Operasional/Stock/Detail Barang/Batal Button' (Root cause: Object Object Repository/Sidebar Menu/Operasional/Stock/Detail Barang/Batal Button not found)]]></system-err>
      </testcase>
      <system-out><![CDATA[2018-01-17 19:52:56 - [TEST_SUITE][FAILED] - Sprint 2: Test Cases/46 - TC - All FAILED because (of) Failed to tap on element 'Object Repository/Sidebar Menu/Operasional/Stock/Detail Barang/Batal Button' (Root cause: Object Object Repository/Sidebar Menu/Operasional/Stock/Detail Barang/Batal Button not found)]]></system-out>
      <system-err><![CDATA[2018-01-17 19:52:56 - [TEST_SUITE][FAILED] - Sprint 2: Test Cases/46 - TC - All FAILED because (of) Failed to tap on element 'Object Repository/Sidebar Menu/Operasional/Stock/Detail Barang/Batal Button' (Root cause: Object Object Repository/Sidebar Menu/Operasional/Stock/Detail Barang/Batal Button not found)]]></system-err>
   </testsuite>
</testsuites>
