<?xml version="1.0" encoding="UTF-8"?>
<testsuites name="BTPNAP-26 Kelola Stok" time="371" tests="11" failures="0" errors="0">
   <testsuite name="BTPNAP-26 Kelola Stok" tests="11" failures="0" errors="0" time="371" timestamp="2017-11-23 09:54:17" hostname="AV2017005903 - NB17Q7U8IT.corp.bankbtpn.co.id" id="Test Suites/BTPNAP-26 Kelola Stok">
      <properties>
         <property name="deviceName" value="samsung SM-J120G 5.1.1"/>
         <property name="devicePlatform" value=""/>
         <property name="logFolder" value="D:\\Project Apollo\\Appolo Test\\Appolo Test\\Reports\\BTPNAP-26 Kelola Stok\\20171123_095415"/>
         <property name="logFiles" value="D:\\Project Apollo\\Appolo Test\\Appolo Test\\Reports\\BTPNAP-26 Kelola Stok\\20171123_095415\\appium.log, D:\\Project Apollo\\Appolo Test\\Appolo Test\\Reports\\BTPNAP-26 Kelola Stok\\20171123_095415\\execution0.log"/>
         <property name="attachments" value=""/>
         <property name="hostName" value="AV2017005903 - NB17Q7U8IT.corp.bankbtpn.co.id"/>
         <property name="os" value="Windows 10 64bit"/>
         <property name="katalonVersion" value="4.8.0.2"/>
         <property name="deviceOS" value="Android"/>
         <property name="appiumVersion" value="1.6.3"/>
         <property name="deviceModel" value="SM-J120G"/>
         <property name="hostAddress" value="192.168.8.100"/>
         <property name="deviceManufacturer" value="samsung"/>
         <property name="deviceId" value="32013479b25184c3"/>
         <property name="deviceName" value="samsung SM-J120G 5.1.1"/>
         <property name="deviceOSVersion" value="5.1.1"/>
      </properties>
      <testcase name="Test Cases/TC-1" classname="Test Cases/TC-1" status="PASSED">
         <system-out><![CDATA[2017-11-23 09:54:17 - [TEST_CASE][PASSED] - Test Cases/TC-1: Test Cases/TC-1

2017-11-23 09:54:18 - [TEST_STEP][PASSED] - startApplication: Started app at: 'D:\Project Apollo\Appolo Test\app-development-debug.apk'

2017-11-23 09:55:18 - [MESSAGE][PASSED] - Started app at: 'D:\Project Apollo\Appolo Test\app-development-debug.apk'

2017-11-23 09:55:19 - [TEST_STEP][PASSED] - tap: Tapped on element 'Object Repository/Transaksi/Tabs_Transaksi'

2017-11-23 09:55:22 - [MESSAGE][PASSED] - Tapped on element 'Object Repository/Transaksi/Tabs_Transaksi'

2017-11-23 09:55:22 - [TEST_STEP][PASSED] - tap: Tapped on element 'Object Repository/Transaksi/Stock/Tab_stock'

2017-11-23 09:55:23 - [MESSAGE][PASSED] - Tapped on element 'Object Repository/Transaksi/Stock/Tab_stock']]></system-out>
         <system-err><![CDATA[]]></system-err>
      </testcase>
      <testcase name="Test Cases/TC-2" classname="Test Cases/TC-2" status="PASSED">
         <system-out><![CDATA[2017-11-23 09:55:23 - [TEST_CASE][PASSED] - Test Cases/TC-2: Test Cases/TC-2

2017-11-23 09:55:23 - [TEST_STEP][PASSED] - tap: Tapped on element 'Object Repository/Transaksi/Stock/tab-kategori'

2017-11-23 09:55:24 - [MESSAGE][PASSED] - Tapped on element 'Object Repository/Transaksi/Stock/tab-kategori'

2017-11-23 09:55:24 - [TEST_STEP][PASSED] - delay: Delayed 3 second(s)

2017-11-23 09:55:27 - [MESSAGE][PASSED] - Delayed 3 second(s)

2017-11-23 09:55:27 - [TEST_STEP][PASSED] - tap: Tapped on element 'Object Repository/Transaksi/Stock/kategori-H  T'

2017-11-23 09:55:28 - [MESSAGE][PASSED] - Tapped on element 'Object Repository/Transaksi/Stock/kategori-H  T'

2017-11-23 09:55:28 - [TEST_STEP][PASSED] - tap: Tapped on element 'Object Repository/Transaksi/Stock/Button - Terapkan'

2017-11-23 09:55:28 - [MESSAGE][PASSED] - Tapped on element 'Object Repository/Transaksi/Stock/Button - Terapkan'

2017-11-23 09:55:28 - [TEST_STEP][PASSED] - delay: Delayed 5 second(s)

2017-11-23 09:55:33 - [MESSAGE][PASSED] - Delayed 5 second(s)

2017-11-23 09:55:33 - [TEST_STEP][PASSED] - tap: Tapped on element 'Object Repository/Transaksi/Stock/tab-kategori'

2017-11-23 09:55:38 - [MESSAGE][PASSED] - Tapped on element 'Object Repository/Transaksi/Stock/tab-kategori'

2017-11-23 09:55:38 - [TEST_STEP][PASSED] - scrollToText: Scrolling to text 'Otomotif' successfully

2017-11-23 09:55:51 - [MESSAGE][PASSED] - Scrolling to text 'Otomotif' successfully

2017-11-23 09:55:53 - [TEST_STEP][PASSED] - tap: Tapped on element 'Object Repository/Transaksi/Stock/Otomotif- radio btn'

2017-11-23 09:55:54 - [MESSAGE][PASSED] - Tapped on element 'Object Repository/Transaksi/Stock/Otomotif- radio btn'

2017-11-23 09:55:54 - [TEST_STEP][PASSED] - delay: Delayed 5 second(s)

2017-11-23 09:55:59 - [MESSAGE][PASSED] - Delayed 5 second(s)

2017-11-23 09:55:59 - [TEST_STEP][PASSED] - verifyElementAttributeValue: Element 'Object Repository/Transaksi/Stock/Otomotif- label' not found

2017-11-23 09:55:59 - [MESSAGE][WARNING] - Element 'Object Repository/Transaksi/Stock/Otomotif- label' not found

2017-11-23 09:55:59 - [TEST_STEP][PASSED] - tap: Tapped on element 'Object Repository/Transaksi/Stock/Button - Terapkan'

2017-11-23 09:55:59 - [MESSAGE][PASSED] - Tapped on element 'Object Repository/Transaksi/Stock/Button - Terapkan']]></system-out>
         <system-err><![CDATA[]]></system-err>
      </testcase>
      <testcase name="Test Cases/TC-3" classname="Test Cases/TC-3" status="PASSED">
         <system-out><![CDATA[2017-11-23 09:55:59 - [TEST_CASE][PASSED] - Test Cases/TC-3: Test Cases/TC-3

2017-11-23 09:56:00 - [TEST_STEP][PASSED] - tap: Tapped on element 'Object Repository/Transaksi/Stock/tab-kategori'

2017-11-23 09:56:04 - [MESSAGE][PASSED] - Tapped on element 'Object Repository/Transaksi/Stock/tab-kategori'

2017-11-23 09:56:04 - [TEST_STEP][PASSED] - tap: Tapped on element 'Object Repository/Transaksi/Stock/Semua Kategori - Radio Btn'

2017-11-23 09:56:08 - [MESSAGE][PASSED] - Tapped on element 'Object Repository/Transaksi/Stock/Semua Kategori - Radio Btn'

2017-11-23 09:56:08 - [TEST_STEP][PASSED] - tap: Tapped on element 'Object Repository/Transaksi/Stock/Button - Terapkan'

2017-11-23 09:56:08 - [MESSAGE][PASSED] - Tapped on element 'Object Repository/Transaksi/Stock/Button - Terapkan'

2017-11-23 09:56:08 - [TEST_STEP][PASSED] - delay: Delayed 0 second(s)

2017-11-23 09:56:08 - [MESSAGE][PASSED] - Delayed 0 second(s)

2017-11-23 09:56:08 - [TEST_STEP][PASSED] - tap: Tapped on element 'Object Repository/Transaksi/Stock/CariProduk - View'

2017-11-23 09:56:19 - [MESSAGE][PASSED] - Tapped on element 'Object Repository/Transaksi/Stock/CariProduk - View'

2017-11-23 09:56:19 - [TEST_STEP][PASSED] - setText: Text 'Jambu' has been set to element 'Object Repository/Transaksi/Stock/Cari Produk - EditText'

2017-11-23 09:56:33 - [MESSAGE][PASSED] - Text 'Jambu' has been set to element 'Object Repository/Transaksi/Stock/Cari Produk - EditText'

2017-11-23 09:56:33 - [TEST_STEP][PASSED] - hideKeyboard: Keyboard is hidden

2017-11-23 09:56:44 - [MESSAGE][PASSED] - Keyboard is hidden

2017-11-23 09:56:46 - [TEST_STEP][PASSED] - getText: Text of element 'Object Repository/Transaksi/Stock/Cari Produk - EditText' is: 'Jambu'

2017-11-23 09:56:46 - [MESSAGE][PASSED] - Text of element 'Object Repository/Transaksi/Stock/Cari Produk - EditText' is: 'Jambu'

2017-11-23 09:56:46 - [TEST_STEP][PASSED] - verifyElementText: Actual text and expected text of test object 'Object Repository/Transaksi/Stock/Cari Produk - EditText' are matched.

2017-11-23 09:56:47 - [MESSAGE][PASSED] - Actual text and expected text of test object 'Object Repository/Transaksi/Stock/Cari Produk - EditText' are matched.]]></system-out>
         <system-err><![CDATA[]]></system-err>
      </testcase>
      <testcase name="Test Cases/TC-4" classname="Test Cases/TC-4" status="PASSED">
         <system-out><![CDATA[2017-11-23 09:56:47 - [TEST_CASE][PASSED] - Test Cases/TC-4: Test Cases/TC-4

2017-11-23 09:56:47 - [TEST_STEP][PASSED] - clearText: Element 'Object Repository/Transaksi/Stock/Cari Produk - EditText' text is cleared

2017-11-23 09:56:51 - [MESSAGE][PASSED] - Element 'Object Repository/Transaksi/Stock/Cari Produk - EditText' text is cleared

2017-11-23 09:56:51 - [TEST_STEP][PASSED] - tap: Tapped on element 'Object Repository/Transaksi/Stock/tab-kategori'

2017-11-23 09:56:51 - [MESSAGE][PASSED] - Tapped on element 'Object Repository/Transaksi/Stock/tab-kategori'

2017-11-23 09:56:51 - [TEST_STEP][PASSED] - tap: Tapped on element 'Object Repository/Transaksi/Stock/kategori-H  T'

2017-11-23 09:56:56 - [MESSAGE][PASSED] - Tapped on element 'Object Repository/Transaksi/Stock/kategori-H  T'

2017-11-23 09:56:56 - [TEST_STEP][PASSED] - tap: Tapped on element 'Object Repository/Transaksi/Stock/Button - Terapkan'

2017-11-23 09:56:56 - [MESSAGE][PASSED] - Tapped on element 'Object Repository/Transaksi/Stock/Button - Terapkan'

2017-11-23 09:56:56 - [TEST_STEP][PASSED] - delay: Delayed 5 second(s)

2017-11-23 09:57:01 - [MESSAGE][PASSED] - Delayed 5 second(s)

2017-11-23 09:57:01 - [TEST_STEP][PASSED] - tap: Tapped on element 'Object Repository/Transaksi/Stock/CariProduk - View'

2017-11-23 09:57:02 - [MESSAGE][PASSED] - Tapped on element 'Object Repository/Transaksi/Stock/CariProduk - View'

2017-11-23 09:57:02 - [TEST_STEP][PASSED] - setText: Text 'iPhone 5' has been set to element 'Object Repository/Transaksi/Stock/Cari Produk - EditText'

2017-11-23 09:57:16 - [MESSAGE][PASSED] - Text 'iPhone 5' has been set to element 'Object Repository/Transaksi/Stock/Cari Produk - EditText'

2017-11-23 09:57:16 - [TEST_STEP][PASSED] - hideKeyboard: Keyboard is hidden

2017-11-23 09:57:24 - [MESSAGE][PASSED] - Keyboard is hidden

2017-11-23 09:57:26 - [TEST_STEP][PASSED] - getText: Text of element 'Object Repository/Transaksi/Stock/Cari Produk - EditText' is: 'iPhone 5'

2017-11-23 09:57:26 - [MESSAGE][PASSED] - Text of element 'Object Repository/Transaksi/Stock/Cari Produk - EditText' is: 'iPhone 5'

2017-11-23 09:57:26 - [TEST_STEP][PASSED] - verifyElementText: Actual text and expected text of test object 'Object Repository/Transaksi/Stock/Cari Produk - EditText' are matched.

2017-11-23 09:57:27 - [MESSAGE][PASSED] - Actual text and expected text of test object 'Object Repository/Transaksi/Stock/Cari Produk - EditText' are matched.]]></system-out>
         <system-err><![CDATA[]]></system-err>
      </testcase>
      <testcase name="Test Cases/TC-5" classname="Test Cases/TC-5" status="PASSED">
         <system-out><![CDATA[2017-11-23 09:57:27 - [TEST_CASE][PASSED] - Test Cases/TC-5: Test Cases/TC-5

2017-11-23 09:57:27 - [TEST_STEP][PASSED] - clearText: Element 'Object Repository/Transaksi/Stock/Cari Produk - EditText' text is cleared

2017-11-23 09:57:31 - [MESSAGE][PASSED] - Element 'Object Repository/Transaksi/Stock/Cari Produk - EditText' text is cleared

2017-11-23 09:57:31 - [TEST_STEP][PASSED] - tap: Tapped on element 'Object Repository/Transaksi/Stock/tab-kategori'

2017-11-23 09:57:31 - [MESSAGE][PASSED] - Tapped on element 'Object Repository/Transaksi/Stock/tab-kategori'

2017-11-23 09:57:31 - [TEST_STEP][PASSED] - tap: Tapped on element 'Object Repository/Transaksi/Stock/Semua Kategori - Radio Btn'

2017-11-23 09:57:35 - [MESSAGE][PASSED] - Tapped on element 'Object Repository/Transaksi/Stock/Semua Kategori - Radio Btn'

2017-11-23 09:57:35 - [TEST_STEP][PASSED] - tap: Tapped on element 'Object Repository/Transaksi/Stock/Button - Terapkan'

2017-11-23 09:57:35 - [MESSAGE][PASSED] - Tapped on element 'Object Repository/Transaksi/Stock/Button - Terapkan'

2017-11-23 09:57:35 - [TEST_STEP][PASSED] - delay: Delayed 5 second(s)

2017-11-23 09:57:40 - [MESSAGE][PASSED] - Delayed 5 second(s)

2017-11-23 09:57:40 - [TEST_STEP][PASSED] - tap: Tapped on element 'Object Repository/Transaksi/Stock/CariProduk - View'

2017-11-23 09:57:42 - [MESSAGE][PASSED] - Tapped on element 'Object Repository/Transaksi/Stock/CariProduk - View'

2017-11-23 09:57:42 - [TEST_STEP][PASSED] - setText: Text 'app' has been set to element 'Object Repository/Transaksi/Stock/Cari Produk - EditText'

2017-11-23 09:57:55 - [MESSAGE][PASSED] - Text 'app' has been set to element 'Object Repository/Transaksi/Stock/Cari Produk - EditText'

2017-11-23 09:57:55 - [TEST_STEP][PASSED] - hideKeyboard: Keyboard is hidden

2017-11-23 09:58:02 - [MESSAGE][PASSED] - Keyboard is hidden

2017-11-23 09:58:08 - [TEST_STEP][PASSED] - getText: Text of element 'Object Repository/Transaksi/Stock/Cari Produk - EditText' is: 'app'

2017-11-23 09:58:08 - [MESSAGE][PASSED] - Text of element 'Object Repository/Transaksi/Stock/Cari Produk - EditText' is: 'app'

2017-11-23 09:58:08 - [TEST_STEP][PASSED] - verifyElementText: Actual text and expected text of test object 'Object Repository/Transaksi/Stock/Cari Produk - EditText' are matched.

2017-11-23 09:58:08 - [MESSAGE][PASSED] - Actual text and expected text of test object 'Object Repository/Transaksi/Stock/Cari Produk - EditText' are matched.]]></system-out>
         <system-err><![CDATA[]]></system-err>
      </testcase>
      <testcase name="Test Cases/TC-6" classname="Test Cases/TC-6" status="PASSED">
         <system-out><![CDATA[2017-11-23 09:58:08 - [TEST_CASE][PASSED] - Test Cases/TC-6: Test Cases/TC-6

2017-11-23 09:58:08 - [TEST_STEP][PASSED] - clearText: Element 'Object Repository/Transaksi/Stock/Cari Produk - EditText' text is cleared

2017-11-23 09:58:12 - [MESSAGE][PASSED] - Element 'Object Repository/Transaksi/Stock/Cari Produk - EditText' text is cleared

2017-11-23 09:58:12 - [TEST_STEP][PASSED] - setText: Text 'ap' has been set to element 'Object Repository/Transaksi/Stock/Cari Produk - EditText'

2017-11-23 09:58:21 - [MESSAGE][PASSED] - Text 'ap' has been set to element 'Object Repository/Transaksi/Stock/Cari Produk - EditText'

2017-11-23 09:58:21 - [TEST_STEP][PASSED] - hideKeyboard: Keyboard is hidden

2017-11-23 09:58:34 - [MESSAGE][PASSED] - Keyboard is hidden

2017-11-23 09:58:39 - [TEST_STEP][PASSED] - getText: Text of element 'Object Repository/Transaksi/Stock/Cari Produk - EditText' is: 'ap'

2017-11-23 09:58:39 - [MESSAGE][PASSED] - Text of element 'Object Repository/Transaksi/Stock/Cari Produk - EditText' is: 'ap'

2017-11-23 09:58:39 - [TEST_STEP][PASSED] - verifyElementText: Actual text and expected text of test object 'Object Repository/Transaksi/Stock/Cari Produk - EditText' are matched.

2017-11-23 09:58:40 - [MESSAGE][PASSED] - Actual text and expected text of test object 'Object Repository/Transaksi/Stock/Cari Produk - EditText' are matched.]]></system-out>
         <system-err><![CDATA[]]></system-err>
      </testcase>
      <testcase name="Test Cases/TC-7" classname="Test Cases/TC-7" status="PASSED">
         <system-out><![CDATA[2017-11-23 09:58:40 - [TEST_CASE][PASSED] - Test Cases/TC-7: Test Cases/TC-7

2017-11-23 09:58:40 - [TEST_STEP][PASSED] - clearText: Element 'Object Repository/Transaksi/Stock/Cari Produk - EditText' text is cleared

2017-11-23 09:58:44 - [MESSAGE][PASSED] - Element 'Object Repository/Transaksi/Stock/Cari Produk - EditText' text is cleared

2017-11-23 09:58:44 - [TEST_STEP][PASSED] - setText: Text 'Rujak' has been set to element 'Object Repository/Transaksi/Stock/Cari Produk - EditText'

2017-11-23 09:58:57 - [MESSAGE][PASSED] - Text 'Rujak' has been set to element 'Object Repository/Transaksi/Stock/Cari Produk - EditText'

2017-11-23 09:58:57 - [TEST_STEP][PASSED] - hideKeyboard: Keyboard is hidden

2017-11-23 09:59:05 - [MESSAGE][PASSED] - Keyboard is hidden

2017-11-23 09:59:09 - [TEST_STEP][PASSED] - getText: Text of element 'Object Repository/Transaksi/Stock/Cari Produk - EditText' is: 'Rujak'

2017-11-23 09:59:10 - [MESSAGE][PASSED] - Text of element 'Object Repository/Transaksi/Stock/Cari Produk - EditText' is: 'Rujak'

2017-11-23 09:59:10 - [TEST_STEP][PASSED] - verifyElementNotChecked: Element 'Object Repository/Transaksi/Stock/Cari Produk - EditText' is not checked

2017-11-23 09:59:10 - [MESSAGE][WARNING] - Timeout '0' is invalid. Using default page load timeout: '10'

2017-11-23 09:59:10 - [MESSAGE][PASSED] - Element 'Object Repository/Transaksi/Stock/Cari Produk - EditText' is not checked]]></system-out>
         <system-err><![CDATA[]]></system-err>
      </testcase>
      <testcase name="Test Cases/TC-8" classname="Test Cases/TC-8" status="PASSED">
         <system-out><![CDATA[2017-11-23 09:59:10 - [TEST_CASE][PASSED] - Test Cases/TC-8: Test Cases/TC-8

2017-11-23 09:59:10 - [TEST_STEP][PASSED] - clearText: Element 'Object Repository/Transaksi/Stock/Cari Produk - EditText' text is cleared

2017-11-23 09:59:14 - [MESSAGE][PASSED] - Element 'Object Repository/Transaksi/Stock/Cari Produk - EditText' text is cleared

2017-11-23 09:59:14 - [TEST_STEP][PASSED] - tap: Tapped on element 'Object Repository/Transaksi/Stock/tab-kategori'

2017-11-23 09:59:14 - [MESSAGE][PASSED] - Tapped on element 'Object Repository/Transaksi/Stock/tab-kategori'

2017-11-23 09:59:14 - [TEST_STEP][PASSED] - delay: Delayed 0 second(s)

2017-11-23 09:59:14 - [MESSAGE][PASSED] - Delayed 0 second(s)

2017-11-23 09:59:14 - [TEST_STEP][PASSED] - swipe: Swiped from 100,543 to 100,259

2017-11-23 09:59:19 - [MESSAGE][PASSED] - Swiped from 100,543 to 100,259

2017-11-23 09:59:21 - [TEST_STEP][PASSED] - swipe: Swiped from 100,543 to 100,259

2017-11-23 09:59:26 - [MESSAGE][PASSED] - Swiped from 100,543 to 100,259

2017-11-23 09:59:28 - [TEST_STEP][PASSED] - delay: Delayed 0 second(s)

2017-11-23 09:59:28 - [MESSAGE][PASSED] - Delayed 0 second(s)

2017-11-23 09:59:28 - [TEST_STEP][PASSED] - swipe: Swiped from 30,230 to 30,515

2017-11-23 09:59:32 - [MESSAGE][PASSED] - Swiped from 30,230 to 30,515

2017-11-23 09:59:35 - [TEST_STEP][PASSED] - swipe: Swiped from 30,230 to 30,515

2017-11-23 09:59:42 - [MESSAGE][PASSED] - Swiped from 30,230 to 30,515]]></system-out>
         <system-err><![CDATA[]]></system-err>
      </testcase>
      <testcase name="Test Cases/TC-9" classname="Test Cases/TC-9" status="PASSED">
         <system-out><![CDATA[2017-11-23 09:59:44 - [TEST_CASE][PASSED] - Test Cases/TC-9: Test Cases/TC-9

2017-11-23 09:59:44 - [TEST_STEP][PASSED] - tap: Tapped on element 'Object Repository/Transaksi/Stock/Button - Terapkan'

2017-11-23 09:59:45 - [MESSAGE][PASSED] - Tapped on element 'Object Repository/Transaksi/Stock/Button - Terapkan'

2017-11-23 09:59:45 - [TEST_STEP][PASSED] - swipe: Swiped from 126,683 to 126,440

2017-11-23 09:59:49 - [MESSAGE][PASSED] - Swiped from 126,683 to 126,440

2017-11-23 09:59:52 - [TEST_STEP][PASSED] - swipe: Swiped from 126,683 to 126,440

2017-11-23 09:59:56 - [MESSAGE][PASSED] - Swiped from 126,683 to 126,440]]></system-out>
         <system-err><![CDATA[]]></system-err>
      </testcase>
      <testcase name="Test Cases/TC-10" classname="Test Cases/TC-10" status="PASSED">
         <system-out><![CDATA[2017-11-23 09:59:58 - [TEST_CASE][PASSED] - Test Cases/TC-10: Test Cases/TC-10

2017-11-23 09:59:58 - [TEST_STEP][PASSED] - swipe: Swiped from 126,683 to 126,440

2017-11-23 10:00:03 - [MESSAGE][PASSED] - Swiped from 126,683 to 126,440

2017-11-23 10:00:05 - [TEST_STEP][PASSED] - swipe: Swiped from 126,683 to 126,440

2017-11-23 10:00:12 - [MESSAGE][PASSED] - Swiped from 126,683 to 126,440

2017-11-23 10:00:14 - [TEST_STEP][PASSED] - Statement - x = 0: null

2017-11-23 10:00:14 - [TEST_STEP][PASSED] - Statement - y = 589: null

2017-11-23 10:00:14 - [TEST_STEP][PASSED] - Statement - While ((x--) > 0): null

2017-11-23 10:00:14 - [TEST_STEP][PASSED] - Statement - assert y == 589: null]]></system-out>
         <system-err><![CDATA[]]></system-err>
      </testcase>
      <testcase name="Test Cases/TC-11" classname="Test Cases/TC-11" status="PASSED">
         <system-out><![CDATA[2017-11-23 10:00:14 - [TEST_CASE][PASSED] - Test Cases/TC-11: Test Cases/TC-11

2017-11-23 10:00:14 - [TEST_STEP][PASSED] - delay: Delayed 0 second(s)

2017-11-23 10:00:14 - [MESSAGE][PASSED] - Delayed 0 second(s)

2017-11-23 10:00:14 - [TEST_STEP][PASSED] - tap: Tapped on element 'Object Repository/Transaksi/Stock/Tambah Barang'

2017-11-23 10:00:14 - [MESSAGE][PASSED] - Tapped on element 'Object Repository/Transaksi/Stock/Tambah Barang'

2017-11-23 10:00:14 - [TEST_STEP][PASSED] - closeApplication: Close app successfully

2017-11-23 10:00:29 - [MESSAGE][PASSED] - Close app successfully]]></system-out>
         <system-err><![CDATA[]]></system-err>
      </testcase>
      <system-out><![CDATA[2017-11-23 09:54:17 - [TEST_SUITE][PASSED] - BTPNAP-26 Kelola Stok: Test Cases/TC-11]]></system-out>
      <system-err><![CDATA[]]></system-err>
   </testsuite>
</testsuites>
