<?xml version="1.0" encoding="UTF-8"?>
<testsuites name="BTPNAP-26 Kelola Stok" time="304" tests="8" failures="3" errors="0">
   <testsuite name="BTPNAP-26 Kelola Stok" tests="8" failures="3" errors="0" time="304" timestamp="2017-12-04 09:50:47" hostname="AV2017005903 - NB17Q7U8IT.corp.bankbtpn.co.id" id="Test Suites/BTPNAP-26 Kelola Stok">
      <properties>
         <property name="deviceName" value="samsung SM-J120G 5.1.1"/>
         <property name="devicePlatform" value=""/>
         <property name="logFolder" value="C:\\Users\\AV2017005903\\Documents\\Appolo Test\\Reports\\BTPNAP-26 Kelola Stok\\20171204_095045"/>
         <property name="logFiles" value="C:\\Users\\AV2017005903\\Documents\\Appolo Test\\Reports\\BTPNAP-26 Kelola Stok\\20171204_095045\\appium.log, C:\\Users\\AV2017005903\\Documents\\Appolo Test\\Reports\\BTPNAP-26 Kelola Stok\\20171204_095045\\execution0.log"/>
         <property name="attachments" value=""/>
         <property name="hostName" value="AV2017005903 - NB17Q7U8IT.corp.bankbtpn.co.id"/>
         <property name="os" value="Windows 10 64bit"/>
         <property name="katalonVersion" value="5.0.0.1"/>
         <property name="deviceOS" value="Android"/>
         <property name="appiumVersion" value="1.6.3"/>
         <property name="deviceModel" value="SM-J120G"/>
         <property name="hostAddress" value="192.168.8.103"/>
         <property name="deviceManufacturer" value="samsung"/>
         <property name="deviceId" value="3201281be0f78439"/>
         <property name="deviceName" value="samsung SM-J120G 5.1.1"/>
         <property name="deviceOSVersion" value="5.1.1"/>
      </properties>
      <testcase name="Test Cases/TC-1" classname="Test Cases/TC-1" status="PASSED">
         <system-out><![CDATA[2017-12-04 09:50:48 - [TEST_CASE][PASSED] - Test Cases/TC-1: Test Cases/TC-1

2017-12-04 09:50:49 - [TEST_STEP][PASSED] - startApplication: Started app at: 'D:\Project Apollo\Appolo Test\app-development-debug.apk'

2017-12-04 09:51:48 - [MESSAGE][PASSED] - Started app at: 'D:\Project Apollo\Appolo Test\app-development-debug.apk'

2017-12-04 09:51:48 - [TEST_STEP][PASSED] - tap: Tapped on element 'Object Repository/Transaksi/Transaksi - Tab'

2017-12-04 09:51:51 - [MESSAGE][PASSED] - Tapped on element 'Object Repository/Transaksi/Transaksi - Tab'

2017-12-04 09:51:51 - [TEST_STEP][PASSED] - tap: Tapped on element 'Object Repository/Transaksi/Stock/Stock - Tab'

2017-12-04 09:51:52 - [MESSAGE][PASSED] - Tapped on element 'Object Repository/Transaksi/Stock/Stock - Tab']]></system-out>
         <system-err><![CDATA[]]></system-err>
      </testcase>
      <testcase name="Test Cases/TC-2" classname="Test Cases/TC-2" status="PASSED">
         <system-out><![CDATA[2017-12-04 09:51:52 - [TEST_CASE][PASSED] - Test Cases/TC-2: Test Cases/TC-2

2017-12-04 09:51:53 - [TEST_STEP][PASSED] - tap: Tapped on element 'Object Repository/Transaksi/Stock/Kategori - Tab'

2017-12-04 09:51:55 - [MESSAGE][PASSED] - Tapped on element 'Object Repository/Transaksi/Stock/Kategori - Tab'

2017-12-04 09:51:55 - [TEST_STEP][PASSED] - delay: Delayed 3 second(s)

2017-12-04 09:51:58 - [MESSAGE][PASSED] - Delayed 3 second(s)

2017-12-04 09:51:58 - [TEST_STEP][PASSED] - tap: Tapped on element 'Object Repository/Transaksi/Stock/Handphone Tablet - Kategori Tab'

2017-12-04 09:51:58 - [MESSAGE][PASSED] - Tapped on element 'Object Repository/Transaksi/Stock/Handphone Tablet - Kategori Tab'

2017-12-04 09:51:58 - [TEST_STEP][PASSED] - tap: Tapped on element 'Object Repository/Transaksi/Stock/Terapkan - Kategori Btn'

2017-12-04 09:51:59 - [MESSAGE][PASSED] - Tapped on element 'Object Repository/Transaksi/Stock/Terapkan - Kategori Btn'

2017-12-04 09:51:59 - [TEST_STEP][PASSED] - delay: Delayed 5 second(s)

2017-12-04 09:52:04 - [MESSAGE][PASSED] - Delayed 5 second(s)

2017-12-04 09:52:04 - [TEST_STEP][PASSED] - tap: Tapped on element 'Object Repository/Transaksi/Stock/Kategori - Tab'

2017-12-04 09:52:04 - [MESSAGE][PASSED] - Tapped on element 'Object Repository/Transaksi/Stock/Kategori - Tab'

2017-12-04 09:52:04 - [TEST_STEP][PASSED] - scrollToText: Scrolling to text 'Otomotif' successfully

2017-12-04 09:52:15 - [MESSAGE][PASSED] - Scrolling to text 'Otomotif' successfully

2017-12-04 09:52:17 - [TEST_STEP][PASSED] - tap: Tapped on element 'Object Repository/Transaksi/Stock/Otomotif - Kategori Btn'

2017-12-04 09:52:17 - [MESSAGE][PASSED] - Tapped on element 'Object Repository/Transaksi/Stock/Otomotif - Kategori Btn'

2017-12-04 09:52:17 - [TEST_STEP][PASSED] - delay: Delayed 5 second(s)

2017-12-04 09:52:22 - [MESSAGE][PASSED] - Delayed 5 second(s)

2017-12-04 09:52:22 - [TEST_STEP][PASSED] - verifyElementAttributeValue: Object 'Object Repository/Transaksi/Stock/Otomotif - Kategori Btn' has attribute 'text' with value 'Otomotif'

2017-12-04 09:52:22 - [MESSAGE][PASSED] - Object 'Object Repository/Transaksi/Stock/Otomotif - Kategori Btn' has attribute 'text' with value 'Otomotif'

2017-12-04 09:52:22 - [TEST_STEP][PASSED] - tap: Tapped on element 'Object Repository/Transaksi/Stock/Terapkan - Kategori Btn'

2017-12-04 09:52:23 - [MESSAGE][PASSED] - Tapped on element 'Object Repository/Transaksi/Stock/Terapkan - Kategori Btn']]></system-out>
         <system-err><![CDATA[]]></system-err>
      </testcase>
      <testcase name="Test Cases/TC-3" classname="Test Cases/TC-3" status="FAILED">
         <failure type="FAILED" message="Cannot hide keyboard (Root cause: org.openqa.selenium.WebDriverException: An unknown server-side error occurred while processing the command. Original error: Soft keyboard not present, cannot hide keyboard (WARNING: The server did not provide any stacktrace information)
Command duration or timeout: 3.80 seconds
Build info: version: '2.53.0', revision: '35ae25b', time: '2016-03-15 17:00:58'
System info: host: 'NB17Q7U8IT', ip: '192.168.8.103', os.name: 'Windows 10', os.arch: 'amd64', os.version: '10.0', java.version: '1.8.0_102'
Driver info: com.kms.katalon.core.appium.driver.SwipeableAndroidDriver
Capabilities [{app=D:\Project Apollo\Appolo Test\app-development-debug.apk, appPackage=com.btpn.jeniuspro.dev, networkConnectionEnabled=true, noReset=true, warnings={}, appWaitPackage=com.btpn.jeniuspro.dev, appWaitActivity=com.btpn_mpos_rn.MainActivity, databaseEnabled=false, deviceName=3201281be0f78439, fullReset=false, platform=ANDROID, deviceUDID=3201281be0f78439, appActivity=com.btpn_mpos_rn.MainActivity, desired={app=D:\Project Apollo\Appolo Test\app-development-debug.apk, noReset=true, newCommandTimeout=1800, autoGrantPermissions=true, udid=3201281be0f78439, platformName=Android, deviceName=samsung SM-J120G 5.1.1, fullReset=false, platform=ANDROID}, newCommandTimeout=1800, platformVersion=5.1.1, webStorageEnabled=false, locationContextEnabled=false, takesScreenshot=true, autoGrantPermissions=true, javascriptEnabled=true, udid=3201281be0f78439, platformName=Android}]
Session ID: 68d78bc7-6b25-4c87-a62f-524999893da8)"/>
         <system-out><![CDATA[2017-12-04 09:52:23 - [TEST_CASE][FAILED] - Test Cases/TC-3: Test Cases/TC-3 FAILED because (of) Cannot hide keyboard (Root cause: org.openqa.selenium.WebDriverException: An unknown server-side error occurred while processing the command. Original error: Soft keyboard not present, cannot hide keyboard (WARNING: The server did not provide any stacktrace information)
Command duration or timeout: 3.80 seconds
Build info: version: '2.53.0', revision: '35ae25b', time: '2016-03-15 17:00:58'
System info: host: 'NB17Q7U8IT', ip: '192.168.8.103', os.name: 'Windows 10', os.arch: 'amd64', os.version: '10.0', java.version: '1.8.0_102'
Driver info: com.kms.katalon.core.appium.driver.SwipeableAndroidDriver
Capabilities [{app=D:\Project Apollo\Appolo Test\app-development-debug.apk, appPackage=com.btpn.jeniuspro.dev, networkConnectionEnabled=true, noReset=true, warnings={}, appWaitPackage=com.btpn.jeniuspro.dev, appWaitActivity=com.btpn_mpos_rn.MainActivity, databaseEnabled=false, deviceName=3201281be0f78439, fullReset=false, platform=ANDROID, deviceUDID=3201281be0f78439, appActivity=com.btpn_mpos_rn.MainActivity, desired={app=D:\Project Apollo\Appolo Test\app-development-debug.apk, noReset=true, newCommandTimeout=1800, autoGrantPermissions=true, udid=3201281be0f78439, platformName=Android, deviceName=samsung SM-J120G 5.1.1, fullReset=false, platform=ANDROID}, newCommandTimeout=1800, platformVersion=5.1.1, webStorageEnabled=false, locationContextEnabled=false, takesScreenshot=true, autoGrantPermissions=true, javascriptEnabled=true, udid=3201281be0f78439, platformName=Android}]
Session ID: 68d78bc7-6b25-4c87-a62f-524999893da8)

2017-12-04 09:52:23 - [TEST_STEP][PASSED] - tap: Tapped on element 'Object Repository/Transaksi/Stock/Kategori - Tab'

2017-12-04 09:52:24 - [MESSAGE][PASSED] - Tapped on element 'Object Repository/Transaksi/Stock/Kategori - Tab'

2017-12-04 09:52:24 - [TEST_STEP][PASSED] - tap: Tapped on element 'Object Repository/Transaksi/Stock/SemuaKategori - KategoriBtn'

2017-12-04 09:52:26 - [MESSAGE][PASSED] - Tapped on element 'Object Repository/Transaksi/Stock/SemuaKategori - KategoriBtn'

2017-12-04 09:52:26 - [TEST_STEP][PASSED] - tap: Tapped on element 'Object Repository/Transaksi/Stock/Terapkan - Kategori Btn'

2017-12-04 09:52:27 - [MESSAGE][PASSED] - Tapped on element 'Object Repository/Transaksi/Stock/Terapkan - Kategori Btn'

2017-12-04 09:52:27 - [TEST_STEP][PASSED] - delay: Delayed 0 second(s)

2017-12-04 09:52:27 - [MESSAGE][PASSED] - Delayed 0 second(s)

2017-12-04 09:52:27 - [TEST_STEP][PASSED] - tap: Tapped on element 'Object Repository/Transaksi/Stock/CariProduk - View'

2017-12-04 09:52:28 - [MESSAGE][PASSED] - Tapped on element 'Object Repository/Transaksi/Stock/CariProduk - View'

2017-12-04 09:52:28 - [TEST_STEP][PASSED] - setText: Text 'Jambu' has been set to element 'Object Repository/Transaksi/Stock/CariProduk - View'

2017-12-04 09:52:38 - [MESSAGE][PASSED] - Text 'Jambu' has been set to element 'Object Repository/Transaksi/Stock/CariProduk - View'

2017-12-04 09:52:38 - [TEST_STEP][FAILED] - hideKeyboard: Cannot hide keyboard (Root cause: org.openqa.selenium.WebDriverException: An unknown server-side error occurred while processing the command. Original error: Soft keyboard not present, cannot hide keyboard (WARNING: The server did not provide any stacktrace information)
Command duration or timeout: 3.80 seconds
Build info: version: '2.53.0', revision: '35ae25b', time: '2016-03-15 17:00:58'
System info: host: 'NB17Q7U8IT', ip: '192.168.8.103', os.name: 'Windows 10', os.arch: 'amd64', os.version: '10.0', java.version: '1.8.0_102'
Driver info: com.kms.katalon.core.appium.driver.SwipeableAndroidDriver
Capabilities [{app=D:\Project Apollo\Appolo Test\app-development-debug.apk, appPackage=com.btpn.jeniuspro.dev, networkConnectionEnabled=true, noReset=true, warnings={}, appWaitPackage=com.btpn.jeniuspro.dev, appWaitActivity=com.btpn_mpos_rn.MainActivity, databaseEnabled=false, deviceName=3201281be0f78439, fullReset=false, platform=ANDROID, deviceUDID=3201281be0f78439, appActivity=com.btpn_mpos_rn.MainActivity, desired={app=D:\Project Apollo\Appolo Test\app-development-debug.apk, noReset=true, newCommandTimeout=1800, autoGrantPermissions=true, udid=3201281be0f78439, platformName=Android, deviceName=samsung SM-J120G 5.1.1, fullReset=false, platform=ANDROID}, newCommandTimeout=1800, platformVersion=5.1.1, webStorageEnabled=false, locationContextEnabled=false, takesScreenshot=true, autoGrantPermissions=true, javascriptEnabled=true, udid=3201281be0f78439, platformName=Android}]
Session ID: 68d78bc7-6b25-4c87-a62f-524999893da8)

2017-12-04 09:52:48 - [MESSAGE][FAILED] - Cannot hide keyboard (Root cause: org.openqa.selenium.WebDriverException: An unknown server-side error occurred while processing the command. Original error: Soft keyboard not present, cannot hide keyboard (WARNING: The server did not provide any stacktrace information)
Command duration or timeout: 3.80 seconds
Build info: version: '2.53.0', revision: '35ae25b', time: '2016-03-15 17:00:58'
System info: host: 'NB17Q7U8IT', ip: '192.168.8.103', os.name: 'Windows 10', os.arch: 'amd64', os.version: '10.0', java.version: '1.8.0_102'
Driver info: com.kms.katalon.core.appium.driver.SwipeableAndroidDriver
Capabilities [{app=D:\Project Apollo\Appolo Test\app-development-debug.apk, appPackage=com.btpn.jeniuspro.dev, networkConnectionEnabled=true, noReset=true, warnings={}, appWaitPackage=com.btpn.jeniuspro.dev, appWaitActivity=com.btpn_mpos_rn.MainActivity, databaseEnabled=false, deviceName=3201281be0f78439, fullReset=false, platform=ANDROID, deviceUDID=3201281be0f78439, appActivity=com.btpn_mpos_rn.MainActivity, desired={app=D:\Project Apollo\Appolo Test\app-development-debug.apk, noReset=true, newCommandTimeout=1800, autoGrantPermissions=true, udid=3201281be0f78439, platformName=Android, deviceName=samsung SM-J120G 5.1.1, fullReset=false, platform=ANDROID}, newCommandTimeout=1800, platformVersion=5.1.1, webStorageEnabled=false, locationContextEnabled=false, takesScreenshot=true, autoGrantPermissions=true, javascriptEnabled=true, udid=3201281be0f78439, platformName=Android}]
Session ID: 68d78bc7-6b25-4c87-a62f-524999893da8)]]></system-out>
         <system-err><![CDATA[2017-12-04 09:52:23 - [TEST_CASE][FAILED] - Test Cases/TC-3: Test Cases/TC-3 FAILED because (of) Cannot hide keyboard (Root cause: org.openqa.selenium.WebDriverException: An unknown server-side error occurred while processing the command. Original error: Soft keyboard not present, cannot hide keyboard (WARNING: The server did not provide any stacktrace information)
Command duration or timeout: 3.80 seconds
Build info: version: '2.53.0', revision: '35ae25b', time: '2016-03-15 17:00:58'
System info: host: 'NB17Q7U8IT', ip: '192.168.8.103', os.name: 'Windows 10', os.arch: 'amd64', os.version: '10.0', java.version: '1.8.0_102'
Driver info: com.kms.katalon.core.appium.driver.SwipeableAndroidDriver
Capabilities [{app=D:\Project Apollo\Appolo Test\app-development-debug.apk, appPackage=com.btpn.jeniuspro.dev, networkConnectionEnabled=true, noReset=true, warnings={}, appWaitPackage=com.btpn.jeniuspro.dev, appWaitActivity=com.btpn_mpos_rn.MainActivity, databaseEnabled=false, deviceName=3201281be0f78439, fullReset=false, platform=ANDROID, deviceUDID=3201281be0f78439, appActivity=com.btpn_mpos_rn.MainActivity, desired={app=D:\Project Apollo\Appolo Test\app-development-debug.apk, noReset=true, newCommandTimeout=1800, autoGrantPermissions=true, udid=3201281be0f78439, platformName=Android, deviceName=samsung SM-J120G 5.1.1, fullReset=false, platform=ANDROID}, newCommandTimeout=1800, platformVersion=5.1.1, webStorageEnabled=false, locationContextEnabled=false, takesScreenshot=true, autoGrantPermissions=true, javascriptEnabled=true, udid=3201281be0f78439, platformName=Android}]
Session ID: 68d78bc7-6b25-4c87-a62f-524999893da8)]]></system-err>
      </testcase>
      <testcase name="Test Cases/TC-4" classname="Test Cases/TC-4" status="FAILED">
         <failure type="FAILED" message="Cannot hide keyboard (Root cause: org.openqa.selenium.WebDriverException: An unknown server-side error occurred while processing the command. Original error: Soft keyboard not present, cannot hide keyboard (WARNING: The server did not provide any stacktrace information)
Command duration or timeout: 3.37 seconds
Build info: version: '2.53.0', revision: '35ae25b', time: '2016-03-15 17:00:58'
System info: host: 'NB17Q7U8IT', ip: '192.168.8.103', os.name: 'Windows 10', os.arch: 'amd64', os.version: '10.0', java.version: '1.8.0_102'
Driver info: com.kms.katalon.core.appium.driver.SwipeableAndroidDriver
Capabilities [{app=D:\Project Apollo\Appolo Test\app-development-debug.apk, appPackage=com.btpn.jeniuspro.dev, networkConnectionEnabled=true, noReset=true, warnings={}, appWaitPackage=com.btpn.jeniuspro.dev, appWaitActivity=com.btpn_mpos_rn.MainActivity, databaseEnabled=false, deviceName=3201281be0f78439, fullReset=false, platform=ANDROID, deviceUDID=3201281be0f78439, appActivity=com.btpn_mpos_rn.MainActivity, desired={app=D:\Project Apollo\Appolo Test\app-development-debug.apk, noReset=true, newCommandTimeout=1800, autoGrantPermissions=true, udid=3201281be0f78439, platformName=Android, deviceName=samsung SM-J120G 5.1.1, fullReset=false, platform=ANDROID}, newCommandTimeout=1800, platformVersion=5.1.1, webStorageEnabled=false, locationContextEnabled=false, takesScreenshot=true, autoGrantPermissions=true, javascriptEnabled=true, udid=3201281be0f78439, platformName=Android}]
Session ID: 68d78bc7-6b25-4c87-a62f-524999893da8)"/>
         <system-out><![CDATA[2017-12-04 09:52:48 - [TEST_CASE][FAILED] - Test Cases/TC-4: Test Cases/TC-4 FAILED because (of) Cannot hide keyboard (Root cause: org.openqa.selenium.WebDriverException: An unknown server-side error occurred while processing the command. Original error: Soft keyboard not present, cannot hide keyboard (WARNING: The server did not provide any stacktrace information)
Command duration or timeout: 3.37 seconds
Build info: version: '2.53.0', revision: '35ae25b', time: '2016-03-15 17:00:58'
System info: host: 'NB17Q7U8IT', ip: '192.168.8.103', os.name: 'Windows 10', os.arch: 'amd64', os.version: '10.0', java.version: '1.8.0_102'
Driver info: com.kms.katalon.core.appium.driver.SwipeableAndroidDriver
Capabilities [{app=D:\Project Apollo\Appolo Test\app-development-debug.apk, appPackage=com.btpn.jeniuspro.dev, networkConnectionEnabled=true, noReset=true, warnings={}, appWaitPackage=com.btpn.jeniuspro.dev, appWaitActivity=com.btpn_mpos_rn.MainActivity, databaseEnabled=false, deviceName=3201281be0f78439, fullReset=false, platform=ANDROID, deviceUDID=3201281be0f78439, appActivity=com.btpn_mpos_rn.MainActivity, desired={app=D:\Project Apollo\Appolo Test\app-development-debug.apk, noReset=true, newCommandTimeout=1800, autoGrantPermissions=true, udid=3201281be0f78439, platformName=Android, deviceName=samsung SM-J120G 5.1.1, fullReset=false, platform=ANDROID}, newCommandTimeout=1800, platformVersion=5.1.1, webStorageEnabled=false, locationContextEnabled=false, takesScreenshot=true, autoGrantPermissions=true, javascriptEnabled=true, udid=3201281be0f78439, platformName=Android}]
Session ID: 68d78bc7-6b25-4c87-a62f-524999893da8)

2017-12-04 09:52:48 - [TEST_STEP][PASSED] - clearText: Element 'Object Repository/Transaksi/Stock/CariProduk - View' text is cleared

2017-12-04 09:52:53 - [MESSAGE][PASSED] - Element 'Object Repository/Transaksi/Stock/CariProduk - View' text is cleared

2017-12-04 09:52:53 - [TEST_STEP][PASSED] - tap: Tapped on element 'Object Repository/Transaksi/Stock/Kategori - Tab'

2017-12-04 09:52:54 - [MESSAGE][PASSED] - Tapped on element 'Object Repository/Transaksi/Stock/Kategori - Tab'

2017-12-04 09:52:54 - [TEST_STEP][PASSED] - tap: Tapped on element 'Object Repository/Transaksi/Stock/Handphone Tablet - Kategori Tab'

2017-12-04 09:52:55 - [MESSAGE][PASSED] - Tapped on element 'Object Repository/Transaksi/Stock/Handphone Tablet - Kategori Tab'

2017-12-04 09:52:55 - [TEST_STEP][PASSED] - tap: Tapped on element 'Object Repository/Transaksi/Stock/Terapkan - Kategori Btn'

2017-12-04 09:52:56 - [MESSAGE][PASSED] - Tapped on element 'Object Repository/Transaksi/Stock/Terapkan - Kategori Btn'

2017-12-04 09:52:56 - [TEST_STEP][PASSED] - delay: Delayed 5 second(s)

2017-12-04 09:53:01 - [MESSAGE][PASSED] - Delayed 5 second(s)

2017-12-04 09:53:01 - [TEST_STEP][PASSED] - tap: Tapped on element 'Object Repository/Transaksi/Stock/CariProduk - View'

2017-12-04 09:53:02 - [MESSAGE][PASSED] - Tapped on element 'Object Repository/Transaksi/Stock/CariProduk - View'

2017-12-04 09:53:02 - [TEST_STEP][PASSED] - setText: Text 'iPhone 5' has been set to element 'Object Repository/Transaksi/Stock/CariProduk - View'

2017-12-04 09:53:12 - [MESSAGE][PASSED] - Text 'iPhone 5' has been set to element 'Object Repository/Transaksi/Stock/CariProduk - View'

2017-12-04 09:53:12 - [TEST_STEP][FAILED] - hideKeyboard: Cannot hide keyboard (Root cause: org.openqa.selenium.WebDriverException: An unknown server-side error occurred while processing the command. Original error: Soft keyboard not present, cannot hide keyboard (WARNING: The server did not provide any stacktrace information)
Command duration or timeout: 3.37 seconds
Build info: version: '2.53.0', revision: '35ae25b', time: '2016-03-15 17:00:58'
System info: host: 'NB17Q7U8IT', ip: '192.168.8.103', os.name: 'Windows 10', os.arch: 'amd64', os.version: '10.0', java.version: '1.8.0_102'
Driver info: com.kms.katalon.core.appium.driver.SwipeableAndroidDriver
Capabilities [{app=D:\Project Apollo\Appolo Test\app-development-debug.apk, appPackage=com.btpn.jeniuspro.dev, networkConnectionEnabled=true, noReset=true, warnings={}, appWaitPackage=com.btpn.jeniuspro.dev, appWaitActivity=com.btpn_mpos_rn.MainActivity, databaseEnabled=false, deviceName=3201281be0f78439, fullReset=false, platform=ANDROID, deviceUDID=3201281be0f78439, appActivity=com.btpn_mpos_rn.MainActivity, desired={app=D:\Project Apollo\Appolo Test\app-development-debug.apk, noReset=true, newCommandTimeout=1800, autoGrantPermissions=true, udid=3201281be0f78439, platformName=Android, deviceName=samsung SM-J120G 5.1.1, fullReset=false, platform=ANDROID}, newCommandTimeout=1800, platformVersion=5.1.1, webStorageEnabled=false, locationContextEnabled=false, takesScreenshot=true, autoGrantPermissions=true, javascriptEnabled=true, udid=3201281be0f78439, platformName=Android}]
Session ID: 68d78bc7-6b25-4c87-a62f-524999893da8)

2017-12-04 09:53:22 - [MESSAGE][FAILED] - Cannot hide keyboard (Root cause: org.openqa.selenium.WebDriverException: An unknown server-side error occurred while processing the command. Original error: Soft keyboard not present, cannot hide keyboard (WARNING: The server did not provide any stacktrace information)
Command duration or timeout: 3.37 seconds
Build info: version: '2.53.0', revision: '35ae25b', time: '2016-03-15 17:00:58'
System info: host: 'NB17Q7U8IT', ip: '192.168.8.103', os.name: 'Windows 10', os.arch: 'amd64', os.version: '10.0', java.version: '1.8.0_102'
Driver info: com.kms.katalon.core.appium.driver.SwipeableAndroidDriver
Capabilities [{app=D:\Project Apollo\Appolo Test\app-development-debug.apk, appPackage=com.btpn.jeniuspro.dev, networkConnectionEnabled=true, noReset=true, warnings={}, appWaitPackage=com.btpn.jeniuspro.dev, appWaitActivity=com.btpn_mpos_rn.MainActivity, databaseEnabled=false, deviceName=3201281be0f78439, fullReset=false, platform=ANDROID, deviceUDID=3201281be0f78439, appActivity=com.btpn_mpos_rn.MainActivity, desired={app=D:\Project Apollo\Appolo Test\app-development-debug.apk, noReset=true, newCommandTimeout=1800, autoGrantPermissions=true, udid=3201281be0f78439, platformName=Android, deviceName=samsung SM-J120G 5.1.1, fullReset=false, platform=ANDROID}, newCommandTimeout=1800, platformVersion=5.1.1, webStorageEnabled=false, locationContextEnabled=false, takesScreenshot=true, autoGrantPermissions=true, javascriptEnabled=true, udid=3201281be0f78439, platformName=Android}]
Session ID: 68d78bc7-6b25-4c87-a62f-524999893da8)]]></system-out>
         <system-err><![CDATA[2017-12-04 09:52:48 - [TEST_CASE][FAILED] - Test Cases/TC-4: Test Cases/TC-4 FAILED because (of) Cannot hide keyboard (Root cause: org.openqa.selenium.WebDriverException: An unknown server-side error occurred while processing the command. Original error: Soft keyboard not present, cannot hide keyboard (WARNING: The server did not provide any stacktrace information)
Command duration or timeout: 3.37 seconds
Build info: version: '2.53.0', revision: '35ae25b', time: '2016-03-15 17:00:58'
System info: host: 'NB17Q7U8IT', ip: '192.168.8.103', os.name: 'Windows 10', os.arch: 'amd64', os.version: '10.0', java.version: '1.8.0_102'
Driver info: com.kms.katalon.core.appium.driver.SwipeableAndroidDriver
Capabilities [{app=D:\Project Apollo\Appolo Test\app-development-debug.apk, appPackage=com.btpn.jeniuspro.dev, networkConnectionEnabled=true, noReset=true, warnings={}, appWaitPackage=com.btpn.jeniuspro.dev, appWaitActivity=com.btpn_mpos_rn.MainActivity, databaseEnabled=false, deviceName=3201281be0f78439, fullReset=false, platform=ANDROID, deviceUDID=3201281be0f78439, appActivity=com.btpn_mpos_rn.MainActivity, desired={app=D:\Project Apollo\Appolo Test\app-development-debug.apk, noReset=true, newCommandTimeout=1800, autoGrantPermissions=true, udid=3201281be0f78439, platformName=Android, deviceName=samsung SM-J120G 5.1.1, fullReset=false, platform=ANDROID}, newCommandTimeout=1800, platformVersion=5.1.1, webStorageEnabled=false, locationContextEnabled=false, takesScreenshot=true, autoGrantPermissions=true, javascriptEnabled=true, udid=3201281be0f78439, platformName=Android}]
Session ID: 68d78bc7-6b25-4c87-a62f-524999893da8)]]></system-err>
      </testcase>
      <testcase name="Test Cases/TC-5" classname="Test Cases/TC-5" status="FAILED">
         <failure type="FAILED" message="Cannot hide keyboard (Root cause: org.openqa.selenium.WebDriverException: An unknown server-side error occurred while processing the command. Original error: Soft keyboard not present, cannot hide keyboard (WARNING: The server did not provide any stacktrace information)
Command duration or timeout: 3.35 seconds
Build info: version: '2.53.0', revision: '35ae25b', time: '2016-03-15 17:00:58'
System info: host: 'NB17Q7U8IT', ip: '192.168.8.103', os.name: 'Windows 10', os.arch: 'amd64', os.version: '10.0', java.version: '1.8.0_102'
Driver info: com.kms.katalon.core.appium.driver.SwipeableAndroidDriver
Capabilities [{app=D:\Project Apollo\Appolo Test\app-development-debug.apk, appPackage=com.btpn.jeniuspro.dev, networkConnectionEnabled=true, noReset=true, warnings={}, appWaitPackage=com.btpn.jeniuspro.dev, appWaitActivity=com.btpn_mpos_rn.MainActivity, databaseEnabled=false, deviceName=3201281be0f78439, fullReset=false, platform=ANDROID, deviceUDID=3201281be0f78439, appActivity=com.btpn_mpos_rn.MainActivity, desired={app=D:\Project Apollo\Appolo Test\app-development-debug.apk, noReset=true, newCommandTimeout=1800, autoGrantPermissions=true, udid=3201281be0f78439, platformName=Android, deviceName=samsung SM-J120G 5.1.1, fullReset=false, platform=ANDROID}, newCommandTimeout=1800, platformVersion=5.1.1, webStorageEnabled=false, locationContextEnabled=false, takesScreenshot=true, autoGrantPermissions=true, javascriptEnabled=true, udid=3201281be0f78439, platformName=Android}]
Session ID: 68d78bc7-6b25-4c87-a62f-524999893da8)"/>
         <system-out><![CDATA[2017-12-04 09:53:22 - [TEST_CASE][FAILED] - Test Cases/TC-5: Test Cases/TC-5 FAILED because (of) Cannot hide keyboard (Root cause: org.openqa.selenium.WebDriverException: An unknown server-side error occurred while processing the command. Original error: Soft keyboard not present, cannot hide keyboard (WARNING: The server did not provide any stacktrace information)
Command duration or timeout: 3.35 seconds
Build info: version: '2.53.0', revision: '35ae25b', time: '2016-03-15 17:00:58'
System info: host: 'NB17Q7U8IT', ip: '192.168.8.103', os.name: 'Windows 10', os.arch: 'amd64', os.version: '10.0', java.version: '1.8.0_102'
Driver info: com.kms.katalon.core.appium.driver.SwipeableAndroidDriver
Capabilities [{app=D:\Project Apollo\Appolo Test\app-development-debug.apk, appPackage=com.btpn.jeniuspro.dev, networkConnectionEnabled=true, noReset=true, warnings={}, appWaitPackage=com.btpn.jeniuspro.dev, appWaitActivity=com.btpn_mpos_rn.MainActivity, databaseEnabled=false, deviceName=3201281be0f78439, fullReset=false, platform=ANDROID, deviceUDID=3201281be0f78439, appActivity=com.btpn_mpos_rn.MainActivity, desired={app=D:\Project Apollo\Appolo Test\app-development-debug.apk, noReset=true, newCommandTimeout=1800, autoGrantPermissions=true, udid=3201281be0f78439, platformName=Android, deviceName=samsung SM-J120G 5.1.1, fullReset=false, platform=ANDROID}, newCommandTimeout=1800, platformVersion=5.1.1, webStorageEnabled=false, locationContextEnabled=false, takesScreenshot=true, autoGrantPermissions=true, javascriptEnabled=true, udid=3201281be0f78439, platformName=Android}]
Session ID: 68d78bc7-6b25-4c87-a62f-524999893da8)

2017-12-04 09:53:22 - [TEST_STEP][PASSED] - clearText: Element 'Object Repository/Transaksi/Stock/CariProduk - View' text is cleared

2017-12-04 09:53:26 - [MESSAGE][PASSED] - Element 'Object Repository/Transaksi/Stock/CariProduk - View' text is cleared

2017-12-04 09:53:26 - [TEST_STEP][PASSED] - tap: Tapped on element 'Object Repository/Transaksi/Stock/Kategori - Tab'

2017-12-04 09:53:26 - [MESSAGE][PASSED] - Tapped on element 'Object Repository/Transaksi/Stock/Kategori - Tab'

2017-12-04 09:53:26 - [TEST_STEP][PASSED] - tap: Tapped on element 'Object Repository/Transaksi/Stock/SemuaKategori - KategoriBtn'

2017-12-04 09:53:28 - [MESSAGE][PASSED] - Tapped on element 'Object Repository/Transaksi/Stock/SemuaKategori - KategoriBtn'

2017-12-04 09:53:28 - [TEST_STEP][PASSED] - tap: Tapped on element 'Object Repository/Transaksi/Stock/Terapkan - Kategori Btn'

2017-12-04 09:53:29 - [MESSAGE][PASSED] - Tapped on element 'Object Repository/Transaksi/Stock/Terapkan - Kategori Btn'

2017-12-04 09:53:29 - [TEST_STEP][PASSED] - delay: Delayed 5 second(s)

2017-12-04 09:53:34 - [MESSAGE][PASSED] - Delayed 5 second(s)

2017-12-04 09:53:34 - [TEST_STEP][PASSED] - tap: Tapped on element 'Object Repository/Transaksi/Stock/CariProduk - View'

2017-12-04 09:53:34 - [MESSAGE][PASSED] - Tapped on element 'Object Repository/Transaksi/Stock/CariProduk - View'

2017-12-04 09:53:34 - [TEST_STEP][PASSED] - setText: Text 'app' has been set to element 'Object Repository/Transaksi/Stock/CariProduk - View'

2017-12-04 09:53:45 - [MESSAGE][PASSED] - Text 'app' has been set to element 'Object Repository/Transaksi/Stock/CariProduk - View'

2017-12-04 09:53:45 - [TEST_STEP][FAILED] - hideKeyboard: Cannot hide keyboard (Root cause: org.openqa.selenium.WebDriverException: An unknown server-side error occurred while processing the command. Original error: Soft keyboard not present, cannot hide keyboard (WARNING: The server did not provide any stacktrace information)
Command duration or timeout: 3.35 seconds
Build info: version: '2.53.0', revision: '35ae25b', time: '2016-03-15 17:00:58'
System info: host: 'NB17Q7U8IT', ip: '192.168.8.103', os.name: 'Windows 10', os.arch: 'amd64', os.version: '10.0', java.version: '1.8.0_102'
Driver info: com.kms.katalon.core.appium.driver.SwipeableAndroidDriver
Capabilities [{app=D:\Project Apollo\Appolo Test\app-development-debug.apk, appPackage=com.btpn.jeniuspro.dev, networkConnectionEnabled=true, noReset=true, warnings={}, appWaitPackage=com.btpn.jeniuspro.dev, appWaitActivity=com.btpn_mpos_rn.MainActivity, databaseEnabled=false, deviceName=3201281be0f78439, fullReset=false, platform=ANDROID, deviceUDID=3201281be0f78439, appActivity=com.btpn_mpos_rn.MainActivity, desired={app=D:\Project Apollo\Appolo Test\app-development-debug.apk, noReset=true, newCommandTimeout=1800, autoGrantPermissions=true, udid=3201281be0f78439, platformName=Android, deviceName=samsung SM-J120G 5.1.1, fullReset=false, platform=ANDROID}, newCommandTimeout=1800, platformVersion=5.1.1, webStorageEnabled=false, locationContextEnabled=false, takesScreenshot=true, autoGrantPermissions=true, javascriptEnabled=true, udid=3201281be0f78439, platformName=Android}]
Session ID: 68d78bc7-6b25-4c87-a62f-524999893da8)

2017-12-04 09:53:54 - [MESSAGE][FAILED] - Cannot hide keyboard (Root cause: org.openqa.selenium.WebDriverException: An unknown server-side error occurred while processing the command. Original error: Soft keyboard not present, cannot hide keyboard (WARNING: The server did not provide any stacktrace information)
Command duration or timeout: 3.35 seconds
Build info: version: '2.53.0', revision: '35ae25b', time: '2016-03-15 17:00:58'
System info: host: 'NB17Q7U8IT', ip: '192.168.8.103', os.name: 'Windows 10', os.arch: 'amd64', os.version: '10.0', java.version: '1.8.0_102'
Driver info: com.kms.katalon.core.appium.driver.SwipeableAndroidDriver
Capabilities [{app=D:\Project Apollo\Appolo Test\app-development-debug.apk, appPackage=com.btpn.jeniuspro.dev, networkConnectionEnabled=true, noReset=true, warnings={}, appWaitPackage=com.btpn.jeniuspro.dev, appWaitActivity=com.btpn_mpos_rn.MainActivity, databaseEnabled=false, deviceName=3201281be0f78439, fullReset=false, platform=ANDROID, deviceUDID=3201281be0f78439, appActivity=com.btpn_mpos_rn.MainActivity, desired={app=D:\Project Apollo\Appolo Test\app-development-debug.apk, noReset=true, newCommandTimeout=1800, autoGrantPermissions=true, udid=3201281be0f78439, platformName=Android, deviceName=samsung SM-J120G 5.1.1, fullReset=false, platform=ANDROID}, newCommandTimeout=1800, platformVersion=5.1.1, webStorageEnabled=false, locationContextEnabled=false, takesScreenshot=true, autoGrantPermissions=true, javascriptEnabled=true, udid=3201281be0f78439, platformName=Android}]
Session ID: 68d78bc7-6b25-4c87-a62f-524999893da8)]]></system-out>
         <system-err><![CDATA[2017-12-04 09:53:22 - [TEST_CASE][FAILED] - Test Cases/TC-5: Test Cases/TC-5 FAILED because (of) Cannot hide keyboard (Root cause: org.openqa.selenium.WebDriverException: An unknown server-side error occurred while processing the command. Original error: Soft keyboard not present, cannot hide keyboard (WARNING: The server did not provide any stacktrace information)
Command duration or timeout: 3.35 seconds
Build info: version: '2.53.0', revision: '35ae25b', time: '2016-03-15 17:00:58'
System info: host: 'NB17Q7U8IT', ip: '192.168.8.103', os.name: 'Windows 10', os.arch: 'amd64', os.version: '10.0', java.version: '1.8.0_102'
Driver info: com.kms.katalon.core.appium.driver.SwipeableAndroidDriver
Capabilities [{app=D:\Project Apollo\Appolo Test\app-development-debug.apk, appPackage=com.btpn.jeniuspro.dev, networkConnectionEnabled=true, noReset=true, warnings={}, appWaitPackage=com.btpn.jeniuspro.dev, appWaitActivity=com.btpn_mpos_rn.MainActivity, databaseEnabled=false, deviceName=3201281be0f78439, fullReset=false, platform=ANDROID, deviceUDID=3201281be0f78439, appActivity=com.btpn_mpos_rn.MainActivity, desired={app=D:\Project Apollo\Appolo Test\app-development-debug.apk, noReset=true, newCommandTimeout=1800, autoGrantPermissions=true, udid=3201281be0f78439, platformName=Android, deviceName=samsung SM-J120G 5.1.1, fullReset=false, platform=ANDROID}, newCommandTimeout=1800, platformVersion=5.1.1, webStorageEnabled=false, locationContextEnabled=false, takesScreenshot=true, autoGrantPermissions=true, javascriptEnabled=true, udid=3201281be0f78439, platformName=Android}]
Session ID: 68d78bc7-6b25-4c87-a62f-524999893da8)]]></system-err>
      </testcase>
      <testcase name="Test Cases/TC-6" classname="Test Cases/TC-6" status="PASSED">
         <system-out><![CDATA[2017-12-04 09:53:54 - [TEST_CASE][PASSED] - Test Cases/TC-6: Test Cases/TC-6

2017-12-04 09:53:55 - [TEST_STEP][PASSED] - clearText: Element 'Object Repository/Transaksi/Stock/CariProduk - View' text is cleared

2017-12-04 09:53:58 - [MESSAGE][PASSED] - Element 'Object Repository/Transaksi/Stock/CariProduk - View' text is cleared

2017-12-04 09:53:58 - [TEST_STEP][PASSED] - setText: Text 'ap' has been set to element 'Object Repository/Transaksi/Stock/CariProduk - View'

2017-12-04 09:54:10 - [MESSAGE][PASSED] - Text 'ap' has been set to element 'Object Repository/Transaksi/Stock/CariProduk - View'

2017-12-04 09:54:10 - [TEST_STEP][PASSED] - hideKeyboard: Keyboard is hidden

2017-12-04 09:54:18 - [MESSAGE][PASSED] - Keyboard is hidden

2017-12-04 09:54:20 - [TEST_STEP][PASSED] - getText: Text of element 'Object Repository/Transaksi/Stock/CariProduk - View' is: 'ap'

2017-12-04 09:54:21 - [MESSAGE][PASSED] - Text of element 'Object Repository/Transaksi/Stock/CariProduk - View' is: 'ap'

2017-12-04 09:54:21 - [TEST_STEP][PASSED] - verifyElementText: Actual text and expected text of test object 'Object Repository/Transaksi/Stock/CariProduk - View' are matched.

2017-12-04 09:54:21 - [MESSAGE][PASSED] - Actual text and expected text of test object 'Object Repository/Transaksi/Stock/CariProduk - View' are matched.]]></system-out>
         <system-err><![CDATA[]]></system-err>
      </testcase>
      <testcase name="Test Cases/TC-7" classname="Test Cases/TC-7" status="PASSED">
         <system-out><![CDATA[2017-12-04 09:54:21 - [TEST_CASE][PASSED] - Test Cases/TC-7: Test Cases/TC-7

2017-12-04 09:54:21 - [TEST_STEP][PASSED] - clearText: Element 'Object Repository/Transaksi/Stock/CariProduk - View' text is cleared

2017-12-04 09:54:25 - [MESSAGE][PASSED] - Element 'Object Repository/Transaksi/Stock/CariProduk - View' text is cleared

2017-12-04 09:54:25 - [TEST_STEP][PASSED] - setText: Text 'Rujak' has been set to element 'Object Repository/Transaksi/Stock/CariProduk - View'

2017-12-04 09:54:35 - [MESSAGE][PASSED] - Text 'Rujak' has been set to element 'Object Repository/Transaksi/Stock/CariProduk - View'

2017-12-04 09:54:35 - [TEST_STEP][PASSED] - getText: Text of element 'Object Repository/Transaksi/Stock/CariProduk - View' is: 'Rujak'

2017-12-04 09:54:36 - [MESSAGE][PASSED] - Text of element 'Object Repository/Transaksi/Stock/CariProduk - View' is: 'Rujak'

2017-12-04 09:54:36 - [TEST_STEP][PASSED] - verifyElementNotChecked: Element 'Object Repository/Transaksi/Stock/CariProduk - View' is not checked

2017-12-04 09:54:36 - [MESSAGE][WARNING] - Timeout '0' is invalid. Using default page load timeout: '30'

2017-12-04 09:54:36 - [MESSAGE][PASSED] - Element 'Object Repository/Transaksi/Stock/CariProduk - View' is not checked]]></system-out>
         <system-err><![CDATA[]]></system-err>
      </testcase>
      <testcase name="Test Cases/TC-8" classname="Test Cases/TC-8" status="PASSED">
         <system-out><![CDATA[2017-12-04 09:54:36 - [TEST_CASE][PASSED] - Test Cases/TC-8: Test Cases/TC-8

2017-12-04 09:54:36 - [TEST_STEP][PASSED] - clearText: Element 'Object Repository/Transaksi/Stock/CariProduk - View' text is cleared

2017-12-04 09:54:41 - [MESSAGE][PASSED] - Element 'Object Repository/Transaksi/Stock/CariProduk - View' text is cleared

2017-12-04 09:54:41 - [TEST_STEP][PASSED] - tap: Tapped on element 'Object Repository/Transaksi/Stock/Kategori - Tab'

2017-12-04 09:54:41 - [MESSAGE][PASSED] - Tapped on element 'Object Repository/Transaksi/Stock/Kategori - Tab'

2017-12-04 09:54:41 - [TEST_STEP][PASSED] - delay: Delayed 0 second(s)

2017-12-04 09:54:41 - [MESSAGE][PASSED] - Delayed 0 second(s)

2017-12-04 09:54:41 - [TEST_STEP][PASSED] - swipe: Swiped from 100,543 to 100,259

2017-12-04 09:54:46 - [MESSAGE][PASSED] - Swiped from 100,543 to 100,259

2017-12-04 09:54:48 - [TEST_STEP][PASSED] - swipe: Swiped from 100,543 to 100,259

2017-12-04 09:54:52 - [MESSAGE][PASSED] - Swiped from 100,543 to 100,259

2017-12-04 09:54:55 - [TEST_STEP][PASSED] - delay: Delayed 0 second(s)

2017-12-04 09:54:55 - [MESSAGE][PASSED] - Delayed 0 second(s)

2017-12-04 09:54:55 - [TEST_STEP][PASSED] - swipe: Swiped from 30,230 to 30,515

2017-12-04 09:54:59 - [MESSAGE][PASSED] - Swiped from 30,230 to 30,515

2017-12-04 09:55:01 - [TEST_STEP][PASSED] - swipe: Swiped from 30,230 to 30,515

2017-12-04 09:55:07 - [MESSAGE][PASSED] - Swiped from 30,230 to 30,515]]></system-out>
         <system-err><![CDATA[]]></system-err>
      </testcase>
      <testcase name="Test Cases/TC-9" classname="Test Cases/TC-9" status="PASSED">
         <system-out><![CDATA[2017-12-04 09:55:10 - [TEST_CASE][PASSED] - Test Cases/TC-9: Test Cases/TC-9

2017-12-04 09:55:10 - [TEST_STEP][PASSED] - tap: Tapped on element 'Object Repository/Transaksi/Stock/Terapkan - Kategori Btn'

2017-12-04 09:55:10 - [MESSAGE][PASSED] - Tapped on element 'Object Repository/Transaksi/Stock/Terapkan - Kategori Btn'

2017-12-04 09:55:10 - [TEST_STEP][PASSED] - swipe: Swiped from 126,683 to 126,440

2017-12-04 09:55:14 - [MESSAGE][PASSED] - Swiped from 126,683 to 126,440

2017-12-04 09:55:16 - [TEST_STEP][PASSED] - swipe: Swiped from 126,683 to 126,440

2017-12-04 09:55:23 - [MESSAGE][PASSED] - Swiped from 126,683 to 126,440]]></system-out>
         <system-err><![CDATA[]]></system-err>
      </testcase>
      <testcase name="Test Cases/TC-10" classname="Test Cases/TC-10" status="PASSED">
         <system-out><![CDATA[2017-12-04 09:55:25 - [TEST_CASE][PASSED] - Test Cases/TC-10: Test Cases/TC-10

2017-12-04 09:55:25 - [TEST_STEP][PASSED] - swipe: Swiped from 126,683 to 126,440

2017-12-04 09:55:29 - [MESSAGE][PASSED] - Swiped from 126,683 to 126,440

2017-12-04 09:55:31 - [TEST_STEP][PASSED] - swipe: Swiped from 126,683 to 126,440

2017-12-04 09:55:36 - [MESSAGE][PASSED] - Swiped from 126,683 to 126,440]]></system-out>
         <system-err><![CDATA[]]></system-err>
      </testcase>
      <testcase name="Test Cases/TC-11" classname="Test Cases/TC-11" status="PASSED">
         <system-out><![CDATA[2017-12-04 09:55:38 - [TEST_CASE][PASSED] - Test Cases/TC-11: Test Cases/TC-11

2017-12-04 09:55:38 - [TEST_STEP][PASSED] - delay: Delayed 0 second(s)

2017-12-04 09:55:38 - [MESSAGE][PASSED] - Delayed 0 second(s)

2017-12-04 09:55:38 - [TEST_STEP][PASSED] - tap: Tapped on element 'Object Repository/Transaksi/Stock/TambahBarang - Btn'

2017-12-04 09:55:38 - [MESSAGE][PASSED] - Tapped on element 'Object Repository/Transaksi/Stock/TambahBarang - Btn'

2017-12-04 09:55:38 - [TEST_STEP][PASSED] - closeApplication: Close app successfully

2017-12-04 09:55:52 - [MESSAGE][PASSED] - Close app successfully]]></system-out>
         <system-err><![CDATA[]]></system-err>
      </testcase>
      <system-out><![CDATA[2017-12-04 09:50:47 - [TEST_SUITE][FAILED] - BTPNAP-26 Kelola Stok: Test Cases/TC-3 FAILED because (of) Cannot hide keyboard (Root cause: org.openqa.selenium.WebDriverException: An unknown server-side error occurred while processing the command. Original error: Soft keyboard not present, cannot hide keyboard (WARNING: The server did not provide any stacktrace information)
Command duration or timeout: 3.80 seconds
Build info: version: '2.53.0', revision: '35ae25b', time: '2016-03-15 17:00:58'
System info: host: 'NB17Q7U8IT', ip: '192.168.8.103', os.name: 'Windows 10', os.arch: 'amd64', os.version: '10.0', java.version: '1.8.0_102'
Driver info: com.kms.katalon.core.appium.driver.SwipeableAndroidDriver
Capabilities [{app=D:\Project Apollo\Appolo Test\app-development-debug.apk, appPackage=com.btpn.jeniuspro.dev, networkConnectionEnabled=true, noReset=true, warnings={}, appWaitPackage=com.btpn.jeniuspro.dev, appWaitActivity=com.btpn_mpos_rn.MainActivity, databaseEnabled=false, deviceName=3201281be0f78439, fullReset=false, platform=ANDROID, deviceUDID=3201281be0f78439, appActivity=com.btpn_mpos_rn.MainActivity, desired={app=D:\Project Apollo\Appolo Test\app-development-debug.apk, noReset=true, newCommandTimeout=1800, autoGrantPermissions=true, udid=3201281be0f78439, platformName=Android, deviceName=samsung SM-J120G 5.1.1, fullReset=false, platform=ANDROID}, newCommandTimeout=1800, platformVersion=5.1.1, webStorageEnabled=false, locationContextEnabled=false, takesScreenshot=true, autoGrantPermissions=true, javascriptEnabled=true, udid=3201281be0f78439, platformName=Android}]
Session ID: 68d78bc7-6b25-4c87-a62f-524999893da8)]]></system-out>
      <system-err><![CDATA[2017-12-04 09:50:47 - [TEST_SUITE][FAILED] - BTPNAP-26 Kelola Stok: Test Cases/TC-3 FAILED because (of) Cannot hide keyboard (Root cause: org.openqa.selenium.WebDriverException: An unknown server-side error occurred while processing the command. Original error: Soft keyboard not present, cannot hide keyboard (WARNING: The server did not provide any stacktrace information)
Command duration or timeout: 3.80 seconds
Build info: version: '2.53.0', revision: '35ae25b', time: '2016-03-15 17:00:58'
System info: host: 'NB17Q7U8IT', ip: '192.168.8.103', os.name: 'Windows 10', os.arch: 'amd64', os.version: '10.0', java.version: '1.8.0_102'
Driver info: com.kms.katalon.core.appium.driver.SwipeableAndroidDriver
Capabilities [{app=D:\Project Apollo\Appolo Test\app-development-debug.apk, appPackage=com.btpn.jeniuspro.dev, networkConnectionEnabled=true, noReset=true, warnings={}, appWaitPackage=com.btpn.jeniuspro.dev, appWaitActivity=com.btpn_mpos_rn.MainActivity, databaseEnabled=false, deviceName=3201281be0f78439, fullReset=false, platform=ANDROID, deviceUDID=3201281be0f78439, appActivity=com.btpn_mpos_rn.MainActivity, desired={app=D:\Project Apollo\Appolo Test\app-development-debug.apk, noReset=true, newCommandTimeout=1800, autoGrantPermissions=true, udid=3201281be0f78439, platformName=Android, deviceName=samsung SM-J120G 5.1.1, fullReset=false, platform=ANDROID}, newCommandTimeout=1800, platformVersion=5.1.1, webStorageEnabled=false, locationContextEnabled=false, takesScreenshot=true, autoGrantPermissions=true, javascriptEnabled=true, udid=3201281be0f78439, platformName=Android}]
Session ID: 68d78bc7-6b25-4c87-a62f-524999893da8)]]></system-err>
   </testsuite>
</testsuites>
