<?xml version="1.0" encoding="UTF-8"?>
<testsuites name="Story 1798 - Pengaturan Toko screen" time="901" tests="3" failures="0" errors="0">
   <testsuite name="Story 1798 - Pengaturan Toko screen" tests="3" failures="0" errors="0" time="901" timestamp="2018-09-07 13:18:26" hostname="AV2017005903 - NBMP18A211ITSQA.corp.bankbtpn.co.id" id="Test Suites/Story 1798 - Pengaturan Toko screen">
      <properties>
         <property name="deviceName" value="OPPO A37f (Android 5.1.1)"/>
         <property name="devicePlatform" value=""/>
         <property name="logFolder" value="C:\\Users\\AV2017005903\\Documents\\apollo-automation\\Reports\\Story 1798 - Pengaturan Toko screen\\20180907_131823"/>
         <property name="logFiles" value="C:\\Users\\AV2017005903\\Documents\\apollo-automation\\Reports\\Story 1798 - Pengaturan Toko screen\\20180907_131823\\appium.log, C:\\Users\\AV2017005903\\Documents\\apollo-automation\\Reports\\Story 1798 - Pengaturan Toko screen\\20180907_131823\\execution0.log"/>
         <property name="attachments" value=""/>
         <property name="hostName" value="AV2017005903 - NBMP18A211ITSQA.corp.bankbtpn.co.id"/>
         <property name="os" value="Windows 10 64bit"/>
         <property name="katalonVersion" value="5.6.0.1"/>
         <property name="deviceOS" value="Android"/>
         <property name="appiumVersion" value="1.8.1"/>
         <property name="deviceModel" value="A37f"/>
         <property name="hostAddress" value="192.168.62.1"/>
         <property name="deviceManufacturer" value="OPPO"/>
         <property name="deviceId" value="6e4df14"/>
         <property name="deviceName" value="OPPO A37f (Android 5.1.1)"/>
         <property name="deviceOSVersion" value="5.1.1"/>
      </properties>
      <testcase name="Test Cases/Release 3 - Squad Hades/Sprint 1/Story 1798 - Pengaturan Toko screen/TC 1- View Pengaturan Toko screen and check contain" classname="Test Cases/Release 3 - Squad Hades/Sprint 1/Story 1798 - Pengaturan Toko screen/TC 1- View Pengaturan Toko screen and check contain" status="PASSED">
         <system-out><![CDATA[2018-09-07 13:18:27 - [TEST_CASE][PASSED] - Test Cases/Release 3 - Squad Hades/Sprint 1/Story 1798 - Pengaturan Toko screen/TC 1- View Pengaturan Toko screen and check contain: Test Cases/Release 3 - Squad Hades/Sprint 1/Story 1798 - Pengaturan Toko screen/TC 1- View Pengaturan Toko screen and check contain

2018-09-07 13:18:27 - [TEST_STEP][PASSED] - comment: View Pengaturan Toko

2018-09-07 13:18:27 - [TEST_STEP][PASSED] - comment: Start Login Test Case

2018-09-07 13:18:27 - [TEST_STEP][PASSED] - Statement - apkPath = apkName: null

2018-09-07 13:18:27 - [TEST_STEP][PASSED] - startApplication: Started app at: 'C:\Users\AV2017005903\Documents\apollo-automation\7 September.apk'

2018-09-07 13:19:08 - [MESSAGE][PASSED] - Started app at: 'C:\Users\AV2017005903\Documents\apollo-automation\7 September.apk'

2018-09-07 13:19:08 - [TEST_STEP][PASSED] - delay: Delayed 15 second(s)

2018-09-07 13:19:23 - [MESSAGE][PASSED] - Delayed 15 second(s)

2018-09-07 13:19:23 - [TEST_STEP][PASSED] - Comment - "If there is a Update TopuUp, click No, Else you can delay for waiting lazyload ": null

2018-09-07 13:19:23 - [TEST_STEP][PASSED] - Statement - driver = com.kms.katalon.core.mobile.keyword.internal.MobileDriverFactory.getDriver(): null

2018-09-07 13:19:23 - [TEST_STEP][PASSED] - Statement - action = new io.appium.java_client.TouchAction(driver): null

2018-09-07 13:19:23 - [TEST_STEP][PASSED] - Statement - action.longPress(550, 300).moveTo(100, 300).release().perform(): null

2018-09-07 13:19:26 - [TEST_STEP][PASSED] - delay: Delayed 8 second(s)

2018-09-07 13:19:34 - [MESSAGE][PASSED] - Delayed 8 second(s)

2018-09-07 13:19:34 - [TEST_STEP][PASSED] - Statement - action.longPress(550, 300).moveTo(100, 300).release().perform(): null

2018-09-07 13:19:37 - [TEST_STEP][PASSED] - delay: Delayed 8 second(s)

2018-09-07 13:19:45 - [MESSAGE][PASSED] - Delayed 8 second(s)

2018-09-07 13:19:45 - [TEST_STEP][PASSED] - Statement - action.longPress(550, 300).moveTo(100, 300).release().perform(): null

2018-09-07 13:19:48 - [TEST_STEP][PASSED] - delay: Delayed 8 second(s)

2018-09-07 13:19:56 - [MESSAGE][PASSED] - Delayed 8 second(s)

2018-09-07 13:19:56 - [TEST_STEP][PASSED] - Statement - action.longPress(550, 300).moveTo(100, 300).release().perform(): null

2018-09-07 13:19:59 - [TEST_STEP][PASSED] - delay: Delayed 8 second(s)

2018-09-07 13:20:07 - [MESSAGE][PASSED] - Delayed 8 second(s)

2018-09-07 13:20:07 - [TEST_STEP][PASSED] - waitForElementPresent: Element 'Object Repository/Splash Screen/Mulai - Button' is present

2018-09-07 13:20:12 - [MESSAGE][PASSED] - Element 'Object Repository/Splash Screen/Mulai - Button' is present

2018-09-07 13:20:12 - [TEST_STEP][PASSED] - verifyElementAttributeValue: Object 'Object Repository/Splash Screen/Mulai - Button' has attribute 'content-desc' with value 'start_button_touch'

2018-09-07 13:20:16 - [MESSAGE][PASSED] - Object 'Object Repository/Splash Screen/Mulai - Button' has attribute 'content-desc' with value 'start_button_touch'

2018-09-07 13:20:16 - [TEST_STEP][PASSED] - tap: Tapped on element 'Object Repository/Splash Screen/Mulai - Button'

2018-09-07 13:20:26 - [MESSAGE][PASSED] - Tapped on element 'Object Repository/Splash Screen/Mulai - Button'

2018-09-07 13:20:26 - [TEST_STEP][PASSED] - waitForElementPresent: Element 'Object Repository/Login/Nomor HP  Nama Pengguna - Text Box' is present

2018-09-07 13:20:34 - [MESSAGE][PASSED] - Element 'Object Repository/Login/Nomor HP  Nama Pengguna - Text Box' is present

2018-09-07 13:20:34 - [TEST_STEP][PASSED] - verifyElementAttributeValue: Object 'Object Repository/Login/Nomor HP  Nama Pengguna - Text Box' has attribute 'content-desc' with value 'LoginNameTextInput'

2018-09-07 13:20:39 - [MESSAGE][PASSED] - Object 'Object Repository/Login/Nomor HP  Nama Pengguna - Text Box' has attribute 'content-desc' with value 'LoginNameTextInput'

2018-09-07 13:20:39 - [TEST_STEP][PASSED] - setText: Text '08112233445567' has been set to element 'Object Repository/Login/Nomor HP  Nama Pengguna - Text Box'

2018-09-07 13:20:55 - [MESSAGE][PASSED] - Text '08112233445567' has been set to element 'Object Repository/Login/Nomor HP  Nama Pengguna - Text Box'

2018-09-07 13:20:55 - [TEST_STEP][PASSED] - hideKeyboard: Keyboard is hidden

2018-09-07 13:20:58 - [MESSAGE][PASSED] - Keyboard is hidden

2018-09-07 13:20:59 - [TEST_STEP][PASSED] - verifyElementText: Actual text and expected text of test object 'Object Repository/Login/Nomor HP  Nama Pengguna - Text Box' are matched.

2018-09-07 13:21:02 - [MESSAGE][PASSED] - Actual text and expected text of test object 'Object Repository/Login/Nomor HP  Nama Pengguna - Text Box' are matched.

2018-09-07 13:21:02 - [TEST_STEP][PASSED] - waitForElementPresent: Element 'Object Repository/Login/Button Masuk' is present

2018-09-07 13:21:06 - [MESSAGE][PASSED] - Element 'Object Repository/Login/Button Masuk' is present

2018-09-07 13:21:06 - [TEST_STEP][PASSED] - verifyElementAttributeValue: Object 'Object Repository/Login/Button Masuk' has attribute 'content-desc' with value 'LoginJumpNextBtn'

2018-09-07 13:21:11 - [MESSAGE][PASSED] - Object 'Object Repository/Login/Button Masuk' has attribute 'content-desc' with value 'LoginJumpNextBtn'

2018-09-07 13:21:11 - [TEST_STEP][PASSED] - tap: Tapped on element 'Object Repository/Login/Button Masuk'

2018-09-07 13:21:16 - [MESSAGE][PASSED] - Tapped on element 'Object Repository/Login/Button Masuk'

2018-09-07 13:21:16 - [TEST_STEP][PASSED] - waitForElementPresent: Element 'Object Repository/Login/Input Pin' is present

2018-09-07 13:21:19 - [MESSAGE][PASSED] - Element 'Object Repository/Login/Input Pin' is present

2018-09-07 13:21:19 - [TEST_STEP][PASSED] - verifyElementAttributeValue: Object 'Object Repository/Login/Input Pin' has attribute 'content-desc' with value 'pinCircleFocus'

2018-09-07 13:21:26 - [MESSAGE][PASSED] - Object 'Object Repository/Login/Input Pin' has attribute 'content-desc' with value 'pinCircleFocus'

2018-09-07 13:21:26 - [TEST_STEP][PASSED] - tap: Tapped on element 'Object Repository/Login/Input Pin'

2018-09-07 13:21:32 - [MESSAGE][PASSED] - Tapped on element 'Object Repository/Login/Input Pin'

2018-09-07 13:21:32 - [TEST_STEP][PASSED] - setText: Text '123456' has been set to element 'Object Repository/Login/Input Pin'

2018-09-07 13:21:56 - [MESSAGE][PASSED] - Text '123456' has been set to element 'Object Repository/Login/Input Pin'

2018-09-07 13:21:56 - [TEST_STEP][PASSED] - delay: Delayed 5 second(s)

2018-09-07 13:22:01 - [MESSAGE][PASSED] - Delayed 5 second(s)

2018-09-07 13:22:01 - [TEST_STEP][PASSED] - comment: End Login Test Case

2018-09-07 13:22:01 - [TEST_STEP][PASSED] - waitForElementPresent: Element 'Object Repository/Sidebar Menu/Biaya/HamburgerButton' is present

2018-09-07 13:22:07 - [MESSAGE][PASSED] - Element 'Object Repository/Sidebar Menu/Biaya/HamburgerButton' is present

2018-09-07 13:22:07 - [TEST_STEP][PASSED] - verifyElementAttributeValue: Object 'Object Repository/Sidebar Menu/Biaya/HamburgerButton' has attribute 'content-desc' with value 'headerBar_button_hamburgerMenu'

2018-09-07 13:22:11 - [MESSAGE][PASSED] - Object 'Object Repository/Sidebar Menu/Biaya/HamburgerButton' has attribute 'content-desc' with value 'headerBar_button_hamburgerMenu'

2018-09-07 13:22:11 - [TEST_STEP][PASSED] - tap: Tapped on element 'Object Repository/Sidebar Menu/Biaya/HamburgerButton'

2018-09-07 13:22:18 - [MESSAGE][PASSED] - Tapped on element 'Object Repository/Sidebar Menu/Biaya/HamburgerButton'

2018-09-07 13:22:18 - [TEST_STEP][PASSED] - verifyElementAttributeValue: Object 'Object Repository/Sidebar Menu/Pengaturan Toko/Pengaturan Toko' has attribute 'content-desc' with value 'aturTokoMenuItem'

2018-09-07 13:22:24 - [MESSAGE][PASSED] - Object 'Object Repository/Sidebar Menu/Pengaturan Toko/Pengaturan Toko' has attribute 'content-desc' with value 'aturTokoMenuItem'

2018-09-07 13:22:24 - [TEST_STEP][PASSED] - tap: Tapped on element 'Object Repository/Sidebar Menu/Pengaturan Toko/Pengaturan Toko'

2018-09-07 13:22:32 - [MESSAGE][PASSED] - Tapped on element 'Object Repository/Sidebar Menu/Pengaturan Toko/Pengaturan Toko'

2018-09-07 13:22:32 - [TEST_STEP][PASSED] - verifyElementVisible: Element 'Object Repository/Sidebar Menu/Pengaturan Toko/EDC Menu/EDC' is visible

2018-09-07 13:22:36 - [MESSAGE][PASSED] - Element 'Object Repository/Sidebar Menu/Pengaturan Toko/EDC Menu/EDC' is visible

2018-09-07 13:22:36 - [TEST_STEP][PASSED] - verifyElementAttributeValue: Object 'Object Repository/Sidebar Menu/Pengaturan Toko/EDC Menu/EDC' has attribute 'content-desc' with value 'tokoListScreen_button_edc'

2018-09-07 13:22:40 - [MESSAGE][PASSED] - Object 'Object Repository/Sidebar Menu/Pengaturan Toko/EDC Menu/EDC' has attribute 'content-desc' with value 'tokoListScreen_button_edc'

2018-09-07 13:22:40 - [TEST_STEP][PASSED] - verifyElementVisible: Element 'Object Repository/Sidebar Menu/Pengaturan Toko/Printer Menu/Printer' is visible

2018-09-07 13:22:44 - [MESSAGE][PASSED] - Element 'Object Repository/Sidebar Menu/Pengaturan Toko/Printer Menu/Printer' is visible

2018-09-07 13:22:44 - [TEST_STEP][PASSED] - verifyElementAttributeValue: Object 'Object Repository/Sidebar Menu/Pengaturan Toko/Printer Menu/Printer' has attribute 'content-desc' with value 'tokoListScreen_button_printer'

2018-09-07 13:22:48 - [MESSAGE][PASSED] - Object 'Object Repository/Sidebar Menu/Pengaturan Toko/Printer Menu/Printer' has attribute 'content-desc' with value 'tokoListScreen_button_printer'

2018-09-07 13:22:48 - [TEST_STEP][PASSED] - closeApplication: Close app successfully

2018-09-07 13:22:55 - [MESSAGE][PASSED] - Close app successfully]]></system-out>
         <system-err><![CDATA[]]></system-err>
      </testcase>
      <testcase name="Test Cases/Release 3 - Squad Hades/Sprint 1/Story 1798 - Pengaturan Toko screen/TC 2 - Click Back button from apps" classname="Test Cases/Release 3 - Squad Hades/Sprint 1/Story 1798 - Pengaturan Toko screen/TC 2 - Click Back button from apps" status="PASSED">
         <system-out><![CDATA[2018-09-07 13:22:55 - [TEST_CASE][PASSED] - Test Cases/Release 3 - Squad Hades/Sprint 1/Story 1798 - Pengaturan Toko screen/TC 2 - Click Back button from apps: Test Cases/Release 3 - Squad Hades/Sprint 1/Story 1798 - Pengaturan Toko screen/TC 2 - Click Back button from apps

2018-09-07 13:22:56 - [TEST_STEP][PASSED] - comment: Start Login Test Case

2018-09-07 13:22:56 - [TEST_STEP][PASSED] - Statement - apkPath = apkName: null

2018-09-07 13:22:56 - [TEST_STEP][PASSED] - startApplication: Started app at: 'C:\Users\AV2017005903\Documents\apollo-automation\7 September.apk'

2018-09-07 13:23:30 - [MESSAGE][PASSED] - Started app at: 'C:\Users\AV2017005903\Documents\apollo-automation\7 September.apk'

2018-09-07 13:23:30 - [TEST_STEP][PASSED] - delay: Delayed 15 second(s)

2018-09-07 13:23:46 - [MESSAGE][PASSED] - Delayed 15 second(s)

2018-09-07 13:23:46 - [TEST_STEP][PASSED] - Comment - "If there is a Update TopuUp, click No, Else you can delay for waiting lazyload ": null

2018-09-07 13:23:46 - [TEST_STEP][PASSED] - Statement - driver = com.kms.katalon.core.mobile.keyword.internal.MobileDriverFactory.getDriver(): null

2018-09-07 13:23:46 - [TEST_STEP][PASSED] - Statement - action = new io.appium.java_client.TouchAction(driver): null

2018-09-07 13:23:46 - [TEST_STEP][PASSED] - Statement - action.longPress(550, 300).moveTo(100, 300).release().perform(): null

2018-09-07 13:23:48 - [TEST_STEP][PASSED] - delay: Delayed 8 second(s)

2018-09-07 13:23:56 - [MESSAGE][PASSED] - Delayed 8 second(s)

2018-09-07 13:23:56 - [TEST_STEP][PASSED] - Statement - action.longPress(550, 300).moveTo(100, 300).release().perform(): null

2018-09-07 13:23:59 - [TEST_STEP][PASSED] - delay: Delayed 8 second(s)

2018-09-07 13:24:07 - [MESSAGE][PASSED] - Delayed 8 second(s)

2018-09-07 13:24:07 - [TEST_STEP][PASSED] - Statement - action.longPress(550, 300).moveTo(100, 300).release().perform(): null

2018-09-07 13:24:10 - [TEST_STEP][PASSED] - delay: Delayed 8 second(s)

2018-09-07 13:24:18 - [MESSAGE][PASSED] - Delayed 8 second(s)

2018-09-07 13:24:18 - [TEST_STEP][PASSED] - Statement - action.longPress(550, 300).moveTo(100, 300).release().perform(): null

2018-09-07 13:24:21 - [TEST_STEP][PASSED] - delay: Delayed 8 second(s)

2018-09-07 13:24:29 - [MESSAGE][PASSED] - Delayed 8 second(s)

2018-09-07 13:24:29 - [TEST_STEP][PASSED] - waitForElementPresent: Element 'Object Repository/Splash Screen/Mulai - Button' is present

2018-09-07 13:24:33 - [MESSAGE][PASSED] - Element 'Object Repository/Splash Screen/Mulai - Button' is present

2018-09-07 13:24:33 - [TEST_STEP][PASSED] - verifyElementAttributeValue: Object 'Object Repository/Splash Screen/Mulai - Button' has attribute 'content-desc' with value 'start_button_touch'

2018-09-07 13:24:44 - [MESSAGE][PASSED] - Object 'Object Repository/Splash Screen/Mulai - Button' has attribute 'content-desc' with value 'start_button_touch'

2018-09-07 13:24:44 - [TEST_STEP][PASSED] - tap: Tapped on element 'Object Repository/Splash Screen/Mulai - Button'

2018-09-07 13:24:49 - [MESSAGE][PASSED] - Tapped on element 'Object Repository/Splash Screen/Mulai - Button'

2018-09-07 13:24:49 - [TEST_STEP][PASSED] - waitForElementPresent: Element 'Object Repository/Login/Nomor HP  Nama Pengguna - Text Box' is present

2018-09-07 13:24:54 - [MESSAGE][PASSED] - Element 'Object Repository/Login/Nomor HP  Nama Pengguna - Text Box' is present

2018-09-07 13:24:54 - [TEST_STEP][PASSED] - verifyElementAttributeValue: Object 'Object Repository/Login/Nomor HP  Nama Pengguna - Text Box' has attribute 'content-desc' with value 'LoginNameTextInput'

2018-09-07 13:24:59 - [MESSAGE][PASSED] - Object 'Object Repository/Login/Nomor HP  Nama Pengguna - Text Box' has attribute 'content-desc' with value 'LoginNameTextInput'

2018-09-07 13:24:59 - [TEST_STEP][PASSED] - setText: Text '08112233445567' has been set to element 'Object Repository/Login/Nomor HP  Nama Pengguna - Text Box'

2018-09-07 13:25:23 - [MESSAGE][PASSED] - Text '08112233445567' has been set to element 'Object Repository/Login/Nomor HP  Nama Pengguna - Text Box'

2018-09-07 13:25:23 - [TEST_STEP][PASSED] - hideKeyboard: Keyboard is hidden

2018-09-07 13:25:32 - [MESSAGE][PASSED] - Keyboard is hidden

2018-09-07 13:25:33 - [TEST_STEP][PASSED] - verifyElementText: Actual text and expected text of test object 'Object Repository/Login/Nomor HP  Nama Pengguna - Text Box' are matched.

2018-09-07 13:25:41 - [MESSAGE][PASSED] - Actual text and expected text of test object 'Object Repository/Login/Nomor HP  Nama Pengguna - Text Box' are matched.

2018-09-07 13:25:41 - [TEST_STEP][PASSED] - waitForElementPresent: Element 'Object Repository/Login/Button Masuk' is present

2018-09-07 13:25:45 - [MESSAGE][PASSED] - Element 'Object Repository/Login/Button Masuk' is present

2018-09-07 13:25:45 - [TEST_STEP][PASSED] - verifyElementAttributeValue: Object 'Object Repository/Login/Button Masuk' has attribute 'content-desc' with value 'LoginJumpNextBtn'

2018-09-07 13:25:49 - [MESSAGE][PASSED] - Object 'Object Repository/Login/Button Masuk' has attribute 'content-desc' with value 'LoginJumpNextBtn'

2018-09-07 13:25:49 - [TEST_STEP][PASSED] - tap: Tapped on element 'Object Repository/Login/Button Masuk'

2018-09-07 13:25:58 - [MESSAGE][PASSED] - Tapped on element 'Object Repository/Login/Button Masuk'

2018-09-07 13:25:58 - [TEST_STEP][PASSED] - waitForElementPresent: Element 'Object Repository/Login/Input Pin' is present

2018-09-07 13:26:05 - [MESSAGE][PASSED] - Element 'Object Repository/Login/Input Pin' is present

2018-09-07 13:26:05 - [TEST_STEP][PASSED] - verifyElementAttributeValue: Object 'Object Repository/Login/Input Pin' has attribute 'content-desc' with value 'pinCircleFocus'

2018-09-07 13:26:09 - [MESSAGE][PASSED] - Object 'Object Repository/Login/Input Pin' has attribute 'content-desc' with value 'pinCircleFocus'

2018-09-07 13:26:09 - [TEST_STEP][PASSED] - tap: Tapped on element 'Object Repository/Login/Input Pin'

2018-09-07 13:26:14 - [MESSAGE][PASSED] - Tapped on element 'Object Repository/Login/Input Pin'

2018-09-07 13:26:14 - [TEST_STEP][PASSED] - setText: Text '123456' has been set to element 'Object Repository/Login/Input Pin'

2018-09-07 13:26:37 - [MESSAGE][PASSED] - Text '123456' has been set to element 'Object Repository/Login/Input Pin'

2018-09-07 13:26:37 - [TEST_STEP][PASSED] - delay: Delayed 5 second(s)

2018-09-07 13:26:42 - [MESSAGE][PASSED] - Delayed 5 second(s)

2018-09-07 13:26:42 - [TEST_STEP][PASSED] - comment: End Login Test Case

2018-09-07 13:26:42 - [TEST_STEP][PASSED] - waitForElementPresent: Element 'Object Repository/Sidebar Menu/Biaya/HamburgerButton' is present

2018-09-07 13:26:46 - [MESSAGE][PASSED] - Element 'Object Repository/Sidebar Menu/Biaya/HamburgerButton' is present

2018-09-07 13:26:46 - [TEST_STEP][PASSED] - verifyElementAttributeValue: Object 'Object Repository/Sidebar Menu/Biaya/HamburgerButton' has attribute 'content-desc' with value 'headerBar_button_hamburgerMenu'

2018-09-07 13:26:50 - [MESSAGE][PASSED] - Object 'Object Repository/Sidebar Menu/Biaya/HamburgerButton' has attribute 'content-desc' with value 'headerBar_button_hamburgerMenu'

2018-09-07 13:26:50 - [TEST_STEP][PASSED] - tap: Tapped on element 'Object Repository/Sidebar Menu/Biaya/HamburgerButton'

2018-09-07 13:26:56 - [MESSAGE][PASSED] - Tapped on element 'Object Repository/Sidebar Menu/Biaya/HamburgerButton'

2018-09-07 13:26:56 - [TEST_STEP][PASSED] - verifyElementAttributeValue: Object 'Object Repository/Sidebar Menu/Pengaturan Toko/Pengaturan Toko' has attribute 'content-desc' with value 'aturTokoMenuItem'

2018-09-07 13:27:06 - [MESSAGE][PASSED] - Object 'Object Repository/Sidebar Menu/Pengaturan Toko/Pengaturan Toko' has attribute 'content-desc' with value 'aturTokoMenuItem'

2018-09-07 13:27:06 - [TEST_STEP][PASSED] - tap: Tapped on element 'Object Repository/Sidebar Menu/Pengaturan Toko/Pengaturan Toko'

2018-09-07 13:27:14 - [MESSAGE][PASSED] - Tapped on element 'Object Repository/Sidebar Menu/Pengaturan Toko/Pengaturan Toko'

2018-09-07 13:27:14 - [TEST_STEP][PASSED] - verifyElementVisible: Element 'Object Repository/Sidebar Menu/Pengaturan Toko/EDC Menu/EDC' is visible

2018-09-07 13:27:23 - [MESSAGE][PASSED] - Element 'Object Repository/Sidebar Menu/Pengaturan Toko/EDC Menu/EDC' is visible

2018-09-07 13:27:23 - [TEST_STEP][PASSED] - verifyElementAttributeValue: Object 'Object Repository/Sidebar Menu/Pengaturan Toko/EDC Menu/EDC' has attribute 'content-desc' with value 'tokoListScreen_button_edc'

2018-09-07 13:27:32 - [MESSAGE][PASSED] - Object 'Object Repository/Sidebar Menu/Pengaturan Toko/EDC Menu/EDC' has attribute 'content-desc' with value 'tokoListScreen_button_edc'

2018-09-07 13:27:32 - [TEST_STEP][PASSED] - verifyElementVisible: Element 'Object Repository/Sidebar Menu/Pengaturan Toko/Printer Menu/Printer' is visible

2018-09-07 13:27:39 - [MESSAGE][PASSED] - Element 'Object Repository/Sidebar Menu/Pengaturan Toko/Printer Menu/Printer' is visible

2018-09-07 13:27:39 - [TEST_STEP][PASSED] - verifyElementAttributeValue: Object 'Object Repository/Sidebar Menu/Pengaturan Toko/Printer Menu/Printer' has attribute 'content-desc' with value 'tokoListScreen_button_printer'

2018-09-07 13:27:47 - [MESSAGE][PASSED] - Object 'Object Repository/Sidebar Menu/Pengaturan Toko/Printer Menu/Printer' has attribute 'content-desc' with value 'tokoListScreen_button_printer'

2018-09-07 13:27:47 - [TEST_STEP][PASSED] - waitForElementPresent: Element 'Object Repository/Sidebar Menu/Pengaturan Toko/EDC Menu/EDC' is present

2018-09-07 13:27:54 - [MESSAGE][PASSED] - Element 'Object Repository/Sidebar Menu/Pengaturan Toko/EDC Menu/EDC' is present

2018-09-07 13:27:54 - [TEST_STEP][PASSED] - verifyElementAttributeValue: Object 'Object Repository/Sidebar Menu/Pengaturan Toko/EDC Menu/EDC' has attribute 'content-desc' with value 'tokoListScreen_button_edc'

2018-09-07 13:27:58 - [MESSAGE][PASSED] - Object 'Object Repository/Sidebar Menu/Pengaturan Toko/EDC Menu/EDC' has attribute 'content-desc' with value 'tokoListScreen_button_edc'

2018-09-07 13:27:58 - [TEST_STEP][PASSED] - tap: Tapped on element 'Object Repository/Sidebar Menu/Pengaturan Toko/EDC Menu/EDC'

2018-09-07 13:28:03 - [MESSAGE][PASSED] - Tapped on element 'Object Repository/Sidebar Menu/Pengaturan Toko/EDC Menu/EDC'

2018-09-07 13:28:03 - [TEST_STEP][PASSED] - waitForElementPresent: Element 'Object Repository/Sidebar Menu/Pengaturan Toko/EDC Menu/BackButton' is present

2018-09-07 13:28:07 - [MESSAGE][PASSED] - Element 'Object Repository/Sidebar Menu/Pengaturan Toko/EDC Menu/BackButton' is present

2018-09-07 13:28:07 - [TEST_STEP][PASSED] - verifyElementAttributeValue: Object 'Object Repository/Sidebar Menu/Pengaturan Toko/EDC Menu/BackButton' has attribute 'content-desc' with value 'button_button_backButton'

2018-09-07 13:28:11 - [MESSAGE][PASSED] - Object 'Object Repository/Sidebar Menu/Pengaturan Toko/EDC Menu/BackButton' has attribute 'content-desc' with value 'button_button_backButton'

2018-09-07 13:28:11 - [TEST_STEP][PASSED] - tap: Tapped on element 'Object Repository/Sidebar Menu/Pengaturan Toko/EDC Menu/BackButton'

2018-09-07 13:28:17 - [MESSAGE][PASSED] - Tapped on element 'Object Repository/Sidebar Menu/Pengaturan Toko/EDC Menu/BackButton'

2018-09-07 13:28:17 - [TEST_STEP][PASSED] - verifyElementVisible: Element 'Object Repository/Sidebar Menu/Pengaturan Toko/EDC Menu/EDC' is visible

2018-09-07 13:28:23 - [MESSAGE][PASSED] - Element 'Object Repository/Sidebar Menu/Pengaturan Toko/EDC Menu/EDC' is visible

2018-09-07 13:28:23 - [TEST_STEP][PASSED] - verifyElementAttributeValue: Object 'Object Repository/Sidebar Menu/Pengaturan Toko/EDC Menu/EDC' has attribute 'content-desc' with value 'tokoListScreen_button_edc'

2018-09-07 13:28:31 - [MESSAGE][PASSED] - Object 'Object Repository/Sidebar Menu/Pengaturan Toko/EDC Menu/EDC' has attribute 'content-desc' with value 'tokoListScreen_button_edc'

2018-09-07 13:28:31 - [TEST_STEP][PASSED] - closeApplication: Close app successfully

2018-09-07 13:28:38 - [MESSAGE][PASSED] - Close app successfully]]></system-out>
         <system-err><![CDATA[]]></system-err>
      </testcase>
      <testcase name="Test Cases/Release 3 - Squad Hades/Sprint 1/Story 1798 - Pengaturan Toko screen/TC 3 - Click Back button from device" classname="Test Cases/Release 3 - Squad Hades/Sprint 1/Story 1798 - Pengaturan Toko screen/TC 3 - Click Back button from device" status="PASSED">
         <system-out><![CDATA[2018-09-07 13:28:38 - [TEST_CASE][PASSED] - Test Cases/Release 3 - Squad Hades/Sprint 1/Story 1798 - Pengaturan Toko screen/TC 3 - Click Back button from device: Test Cases/Release 3 - Squad Hades/Sprint 1/Story 1798 - Pengaturan Toko screen/TC 3 - Click Back button from device

2018-09-07 13:28:38 - [TEST_STEP][PASSED] - comment: Start Login Test Case

2018-09-07 13:28:38 - [TEST_STEP][PASSED] - Statement - apkPath = apkName: null

2018-09-07 13:28:38 - [TEST_STEP][PASSED] - startApplication: Started app at: 'C:\Users\AV2017005903\Documents\apollo-automation\7 September.apk'

2018-09-07 13:29:12 - [MESSAGE][PASSED] - Started app at: 'C:\Users\AV2017005903\Documents\apollo-automation\7 September.apk'

2018-09-07 13:29:12 - [TEST_STEP][PASSED] - delay: Delayed 15 second(s)

2018-09-07 13:29:27 - [MESSAGE][PASSED] - Delayed 15 second(s)

2018-09-07 13:29:27 - [TEST_STEP][PASSED] - Comment - "If there is a Update TopuUp, click No, Else you can delay for waiting lazyload ": null

2018-09-07 13:29:27 - [TEST_STEP][PASSED] - Statement - driver = com.kms.katalon.core.mobile.keyword.internal.MobileDriverFactory.getDriver(): null

2018-09-07 13:29:27 - [TEST_STEP][PASSED] - Statement - action = new io.appium.java_client.TouchAction(driver): null

2018-09-07 13:29:27 - [TEST_STEP][PASSED] - Statement - action.longPress(550, 300).moveTo(100, 300).release().perform(): null

2018-09-07 13:29:30 - [TEST_STEP][PASSED] - delay: Delayed 8 second(s)

2018-09-07 13:29:38 - [MESSAGE][PASSED] - Delayed 8 second(s)

2018-09-07 13:29:38 - [TEST_STEP][PASSED] - Statement - action.longPress(550, 300).moveTo(100, 300).release().perform(): null

2018-09-07 13:29:40 - [TEST_STEP][PASSED] - delay: Delayed 8 second(s)

2018-09-07 13:29:48 - [MESSAGE][PASSED] - Delayed 8 second(s)

2018-09-07 13:29:48 - [TEST_STEP][PASSED] - Statement - action.longPress(550, 300).moveTo(100, 300).release().perform(): null

2018-09-07 13:29:51 - [TEST_STEP][PASSED] - delay: Delayed 8 second(s)

2018-09-07 13:29:59 - [MESSAGE][PASSED] - Delayed 8 second(s)

2018-09-07 13:29:59 - [TEST_STEP][PASSED] - Statement - action.longPress(550, 300).moveTo(100, 300).release().perform(): null

2018-09-07 13:30:02 - [TEST_STEP][PASSED] - delay: Delayed 8 second(s)

2018-09-07 13:30:10 - [MESSAGE][PASSED] - Delayed 8 second(s)

2018-09-07 13:30:10 - [TEST_STEP][PASSED] - waitForElementPresent: Element 'Object Repository/Splash Screen/Mulai - Button' is present

2018-09-07 13:30:14 - [MESSAGE][PASSED] - Element 'Object Repository/Splash Screen/Mulai - Button' is present

2018-09-07 13:30:14 - [TEST_STEP][PASSED] - verifyElementAttributeValue: Object 'Object Repository/Splash Screen/Mulai - Button' has attribute 'content-desc' with value 'start_button_touch'

2018-09-07 13:30:19 - [MESSAGE][PASSED] - Object 'Object Repository/Splash Screen/Mulai - Button' has attribute 'content-desc' with value 'start_button_touch'

2018-09-07 13:30:19 - [TEST_STEP][PASSED] - tap: Tapped on element 'Object Repository/Splash Screen/Mulai - Button'

2018-09-07 13:30:24 - [MESSAGE][PASSED] - Tapped on element 'Object Repository/Splash Screen/Mulai - Button'

2018-09-07 13:30:24 - [TEST_STEP][PASSED] - waitForElementPresent: Element 'Object Repository/Login/Nomor HP  Nama Pengguna - Text Box' is present

2018-09-07 13:30:28 - [MESSAGE][PASSED] - Element 'Object Repository/Login/Nomor HP  Nama Pengguna - Text Box' is present

2018-09-07 13:30:28 - [TEST_STEP][PASSED] - verifyElementAttributeValue: Object 'Object Repository/Login/Nomor HP  Nama Pengguna - Text Box' has attribute 'content-desc' with value 'LoginNameTextInput'

2018-09-07 13:30:32 - [MESSAGE][PASSED] - Object 'Object Repository/Login/Nomor HP  Nama Pengguna - Text Box' has attribute 'content-desc' with value 'LoginNameTextInput'

2018-09-07 13:30:32 - [TEST_STEP][PASSED] - setText: Text '08112233445567' has been set to element 'Object Repository/Login/Nomor HP  Nama Pengguna - Text Box'

2018-09-07 13:30:51 - [MESSAGE][PASSED] - Text '08112233445567' has been set to element 'Object Repository/Login/Nomor HP  Nama Pengguna - Text Box'

2018-09-07 13:30:51 - [TEST_STEP][PASSED] - hideKeyboard: Keyboard is hidden

2018-09-07 13:30:52 - [MESSAGE][PASSED] - Keyboard is hidden

2018-09-07 13:30:52 - [TEST_STEP][PASSED] - verifyElementText: Actual text and expected text of test object 'Object Repository/Login/Nomor HP  Nama Pengguna - Text Box' are matched.

2018-09-07 13:30:56 - [MESSAGE][PASSED] - Actual text and expected text of test object 'Object Repository/Login/Nomor HP  Nama Pengguna - Text Box' are matched.

2018-09-07 13:30:56 - [TEST_STEP][PASSED] - waitForElementPresent: Element 'Object Repository/Login/Button Masuk' is present

2018-09-07 13:31:00 - [MESSAGE][PASSED] - Element 'Object Repository/Login/Button Masuk' is present

2018-09-07 13:31:00 - [TEST_STEP][PASSED] - verifyElementAttributeValue: Object 'Object Repository/Login/Button Masuk' has attribute 'content-desc' with value 'LoginJumpNextBtn'

2018-09-07 13:31:04 - [MESSAGE][PASSED] - Object 'Object Repository/Login/Button Masuk' has attribute 'content-desc' with value 'LoginJumpNextBtn'

2018-09-07 13:31:04 - [TEST_STEP][PASSED] - tap: Tapped on element 'Object Repository/Login/Button Masuk'

2018-09-07 13:31:09 - [MESSAGE][PASSED] - Tapped on element 'Object Repository/Login/Button Masuk'

2018-09-07 13:31:09 - [TEST_STEP][PASSED] - waitForElementPresent: Element 'Object Repository/Login/Input Pin' is present

2018-09-07 13:31:14 - [MESSAGE][PASSED] - Element 'Object Repository/Login/Input Pin' is present

2018-09-07 13:31:14 - [TEST_STEP][PASSED] - verifyElementAttributeValue: Object 'Object Repository/Login/Input Pin' has attribute 'content-desc' with value 'pinCircleFocus'

2018-09-07 13:31:19 - [MESSAGE][PASSED] - Object 'Object Repository/Login/Input Pin' has attribute 'content-desc' with value 'pinCircleFocus'

2018-09-07 13:31:19 - [TEST_STEP][PASSED] - tap: Tapped on element 'Object Repository/Login/Input Pin'

2018-09-07 13:31:25 - [MESSAGE][PASSED] - Tapped on element 'Object Repository/Login/Input Pin'

2018-09-07 13:31:25 - [TEST_STEP][PASSED] - setText: Text '123456' has been set to element 'Object Repository/Login/Input Pin'

2018-09-07 13:31:46 - [MESSAGE][PASSED] - Text '123456' has been set to element 'Object Repository/Login/Input Pin'

2018-09-07 13:31:46 - [TEST_STEP][PASSED] - delay: Delayed 5 second(s)

2018-09-07 13:31:51 - [MESSAGE][PASSED] - Delayed 5 second(s)

2018-09-07 13:31:51 - [TEST_STEP][PASSED] - comment: End Login Test Case

2018-09-07 13:31:51 - [TEST_STEP][PASSED] - waitForElementPresent: Element 'Object Repository/Sidebar Menu/Biaya/HamburgerButton' is present

2018-09-07 13:31:58 - [MESSAGE][PASSED] - Element 'Object Repository/Sidebar Menu/Biaya/HamburgerButton' is present

2018-09-07 13:31:58 - [TEST_STEP][PASSED] - verifyElementAttributeValue: Object 'Object Repository/Sidebar Menu/Biaya/HamburgerButton' has attribute 'content-desc' with value 'headerBar_button_hamburgerMenu'

2018-09-07 13:32:04 - [MESSAGE][PASSED] - Object 'Object Repository/Sidebar Menu/Biaya/HamburgerButton' has attribute 'content-desc' with value 'headerBar_button_hamburgerMenu'

2018-09-07 13:32:04 - [TEST_STEP][PASSED] - tap: Tapped on element 'Object Repository/Sidebar Menu/Biaya/HamburgerButton'

2018-09-07 13:32:09 - [MESSAGE][PASSED] - Tapped on element 'Object Repository/Sidebar Menu/Biaya/HamburgerButton'

2018-09-07 13:32:09 - [TEST_STEP][PASSED] - verifyElementAttributeValue: Object 'Object Repository/Sidebar Menu/Pengaturan Toko/Pengaturan Toko' has attribute 'content-desc' with value 'aturTokoMenuItem'

2018-09-07 13:32:20 - [MESSAGE][PASSED] - Object 'Object Repository/Sidebar Menu/Pengaturan Toko/Pengaturan Toko' has attribute 'content-desc' with value 'aturTokoMenuItem'

2018-09-07 13:32:20 - [TEST_STEP][PASSED] - tap: Tapped on element 'Object Repository/Sidebar Menu/Pengaturan Toko/Pengaturan Toko'

2018-09-07 13:32:29 - [MESSAGE][PASSED] - Tapped on element 'Object Repository/Sidebar Menu/Pengaturan Toko/Pengaturan Toko'

2018-09-07 13:32:29 - [TEST_STEP][PASSED] - verifyElementVisible: Element 'Object Repository/Sidebar Menu/Pengaturan Toko/EDC Menu/EDC' is visible

2018-09-07 13:32:35 - [MESSAGE][PASSED] - Element 'Object Repository/Sidebar Menu/Pengaturan Toko/EDC Menu/EDC' is visible

2018-09-07 13:32:35 - [TEST_STEP][PASSED] - verifyElementAttributeValue: Object 'Object Repository/Sidebar Menu/Pengaturan Toko/EDC Menu/EDC' has attribute 'content-desc' with value 'tokoListScreen_button_edc'

2018-09-07 13:32:39 - [MESSAGE][PASSED] - Object 'Object Repository/Sidebar Menu/Pengaturan Toko/EDC Menu/EDC' has attribute 'content-desc' with value 'tokoListScreen_button_edc'

2018-09-07 13:32:39 - [TEST_STEP][PASSED] - verifyElementVisible: Element 'Object Repository/Sidebar Menu/Pengaturan Toko/Printer Menu/Printer' is visible

2018-09-07 13:32:43 - [MESSAGE][PASSED] - Element 'Object Repository/Sidebar Menu/Pengaturan Toko/Printer Menu/Printer' is visible

2018-09-07 13:32:43 - [TEST_STEP][PASSED] - verifyElementAttributeValue: Object 'Object Repository/Sidebar Menu/Pengaturan Toko/Printer Menu/Printer' has attribute 'content-desc' with value 'tokoListScreen_button_printer'

2018-09-07 13:32:49 - [MESSAGE][PASSED] - Object 'Object Repository/Sidebar Menu/Pengaturan Toko/Printer Menu/Printer' has attribute 'content-desc' with value 'tokoListScreen_button_printer'

2018-09-07 13:32:50 - [TEST_STEP][PASSED] - waitForElementPresent: Element 'Object Repository/Sidebar Menu/Pengaturan Toko/EDC Menu/EDC' is present

2018-09-07 13:32:57 - [MESSAGE][PASSED] - Element 'Object Repository/Sidebar Menu/Pengaturan Toko/EDC Menu/EDC' is present

2018-09-07 13:32:57 - [TEST_STEP][PASSED] - verifyElementAttributeValue: Object 'Object Repository/Sidebar Menu/Pengaturan Toko/EDC Menu/EDC' has attribute 'content-desc' with value 'tokoListScreen_button_edc'

2018-09-07 13:33:01 - [MESSAGE][PASSED] - Object 'Object Repository/Sidebar Menu/Pengaturan Toko/EDC Menu/EDC' has attribute 'content-desc' with value 'tokoListScreen_button_edc'

2018-09-07 13:33:01 - [TEST_STEP][PASSED] - tap: Tapped on element 'Object Repository/Sidebar Menu/Pengaturan Toko/EDC Menu/EDC'

2018-09-07 13:33:09 - [MESSAGE][PASSED] - Tapped on element 'Object Repository/Sidebar Menu/Pengaturan Toko/EDC Menu/EDC'

2018-09-07 13:33:09 - [TEST_STEP][PASSED] - delay: Delayed 2 second(s)

2018-09-07 13:33:11 - [MESSAGE][PASSED] - Delayed 2 second(s)

2018-09-07 13:33:11 - [TEST_STEP][PASSED] - pressBack: Press back button successfully

2018-09-07 13:33:12 - [MESSAGE][PASSED] - Press back button successfully

2018-09-07 13:33:12 - [TEST_STEP][PASSED] - verifyElementVisible: Element 'Object Repository/Sidebar Menu/Pengaturan Toko/EDC Menu/EDC' is visible

2018-09-07 13:33:17 - [MESSAGE][PASSED] - Element 'Object Repository/Sidebar Menu/Pengaturan Toko/EDC Menu/EDC' is visible

2018-09-07 13:33:17 - [TEST_STEP][PASSED] - verifyElementAttributeValue: Object 'Object Repository/Sidebar Menu/Pengaturan Toko/EDC Menu/EDC' has attribute 'content-desc' with value 'tokoListScreen_button_edc'

2018-09-07 13:33:21 - [MESSAGE][PASSED] - Object 'Object Repository/Sidebar Menu/Pengaturan Toko/EDC Menu/EDC' has attribute 'content-desc' with value 'tokoListScreen_button_edc'

2018-09-07 13:33:21 - [TEST_STEP][PASSED] - closeApplication: Close app successfully

2018-09-07 13:33:27 - [MESSAGE][PASSED] - Close app successfully]]></system-out>
         <system-err><![CDATA[]]></system-err>
      </testcase>
      <system-out><![CDATA[2018-09-07 13:18:26 - [TEST_SUITE][PASSED] - Story 1798 - Pengaturan Toko screen: Test Cases/Release 3 - Squad Hades/Sprint 1/Story 1798 - Pengaturan Toko screen/TC 3 - Click Back button from device]]></system-out>
      <system-err><![CDATA[]]></system-err>
   </testsuite>
</testsuites>
