<?xml version="1.0" encoding="UTF-8"?>
<testsuites name="Sprint 2" time="1" tests="0" failures="1" errors="0">
   <testsuite name="Sprint 2" tests="0" failures="1" errors="0" time="1" timestamp="2018-01-18 10:38:40" hostname="AV2017005903 - NB17Q7U8IT.corp.bankbtpn.co.id" id="Test Suites/Sprint 2">
      <properties>
         <property name="deviceName" value=""/>
         <property name="devicePlatform" value=""/>
         <property name="logFolder" value="C:\\Users\\AV2017005903\\Documents\\Appolo Test\\Reports\\Sprint 2\\20180118_103839"/>
         <property name="logFiles" value="C:\\Users\\AV2017005903\\Documents\\Appolo Test\\Reports\\Sprint 2\\20180118_103839\\execution0.log"/>
         <property name="attachments" value=""/>
         <property name="hostName" value="AV2017005903 - NB17Q7U8IT.corp.bankbtpn.co.id"/>
         <property name="hostAddress" value="192.168.120.203"/>
         <property name="os" value="Windows 10 64bit"/>
         <property name="katalonVersion" value="5.0.0.1"/>
      </properties>
      <testcase name="Test Cases/35 - TC-All" classname="Test Cases/35 - TC-All" status="FAILED">
         <failure type="FAILED" message="Failed to tap on element 'Object Repository/Sidebar Menu/Operasional/Stock/Tambah Barang/Tambah Barang Button' (Root cause: No application is started yet.)"/>
         <system-out><![CDATA[2018-01-18 10:38:41 - [TEST_CASE][FAILED] - Test Cases/35 - TC-All: Test Cases/35 - TC-All FAILED because (of) Failed to tap on element 'Object Repository/Sidebar Menu/Operasional/Stock/Tambah Barang/Tambah Barang Button' (Root cause: No application is started yet.)

2018-01-18 10:38:41 - [TEST_STEP][PASSED] - comment: Start Story 35

2018-01-18 10:38:41 - [TEST_STEP][FAILED] - tap: Failed to tap on element 'Object Repository/Sidebar Menu/Operasional/Stock/Tambah Barang/Tambah Barang Button' (Root cause: No application is started yet.)

2018-01-18 10:38:41 - [MESSAGE][FAILED] - Failed to tap on element 'Object Repository/Sidebar Menu/Operasional/Stock/Tambah Barang/Tambah Barang Button' (Root cause: No application is started yet.)]]></system-out>
         <system-err><![CDATA[2018-01-18 10:38:41 - [TEST_CASE][FAILED] - Test Cases/35 - TC-All: Test Cases/35 - TC-All FAILED because (of) Failed to tap on element 'Object Repository/Sidebar Menu/Operasional/Stock/Tambah Barang/Tambah Barang Button' (Root cause: No application is started yet.)]]></system-err>
      </testcase>
      <system-out><![CDATA[2018-01-18 10:38:40 - [TEST_SUITE][FAILED] - Sprint 2: Test Cases/35 - TC-All FAILED because (of) Failed to tap on element 'Object Repository/Sidebar Menu/Operasional/Stock/Tambah Barang/Tambah Barang Button' (Root cause: No application is started yet.)]]></system-out>
      <system-err><![CDATA[2018-01-18 10:38:40 - [TEST_SUITE][FAILED] - Sprint 2: Test Cases/35 - TC-All FAILED because (of) Failed to tap on element 'Object Repository/Sidebar Menu/Operasional/Stock/Tambah Barang/Tambah Barang Button' (Root cause: No application is started yet.)]]></system-err>
   </testsuite>
</testsuites>
