<?xml version="1.0" encoding="UTF-8"?>
<testsuites name="Story 26 - Kelola Stock" time="1229" tests="3" failures="8" errors="0">
   <testsuite name="Story 26 - Kelola Stock" tests="3" failures="8" errors="0" time="1229" timestamp="2018-08-07 19:18:47" hostname="AV2017005903 - NBMP18A211ITSQA.corp.bankbtpn.co.id" id="Test Suites/Story 26 - Kelola Stock">
      <properties>
         <property name="deviceName" value="OPPO A37f (Android 5.1.1)"/>
         <property name="devicePlatform" value=""/>
         <property name="logFolder" value="C:\\Users\\AV2017005903\\Documents\\apollo-automation\\Reports\\Story 26 - Kelola Stock\\20180807_191839"/>
         <property name="logFiles" value="C:\\Users\\AV2017005903\\Documents\\apollo-automation\\Reports\\Story 26 - Kelola Stock\\20180807_191839\\appium.log, C:\\Users\\AV2017005903\\Documents\\apollo-automation\\Reports\\Story 26 - Kelola Stock\\20180807_191839\\execution0.log"/>
         <property name="attachments" value="C:\\Users\\AV2017005903\\Documents\\apollo-automation\\Reports\\Story 26 - Kelola Stock\\20180807_191839\\1533644787939.png, C:\\Users\\AV2017005903\\Documents\\apollo-automation\\Reports\\Story 26 - Kelola Stock\\20180807_191839\\1533645549312.png, C:\\Users\\AV2017005903\\Documents\\apollo-automation\\Reports\\Story 26 - Kelola Stock\\20180807_191839\\1533645551020.png"/>
         <property name="hostName" value="AV2017005903 - NBMP18A211ITSQA.corp.bankbtpn.co.id"/>
         <property name="os" value="Windows 10 64bit"/>
         <property name="katalonVersion" value="5.6.0.1"/>
         <property name="deviceOS" value="Android"/>
         <property name="appiumVersion" value="1.8.1"/>
         <property name="deviceModel" value="A37f"/>
         <property name="hostAddress" value="192.168.62.1"/>
         <property name="deviceManufacturer" value="OPPO"/>
         <property name="deviceId" value="6e4df14"/>
         <property name="deviceName" value="OPPO A37f (Android 5.1.1)"/>
         <property name="deviceOSVersion" value="5.1.1"/>
      </properties>
      <testcase name="Test Cases/Story 26 dan 842 -Kelola Stok Final/26 TC 1 - All Search Product" classname="Test Cases/Story 26 dan 842 -Kelola Stok Final/26 TC 1 - All Search Product" status="PASSED">
         <system-out><![CDATA[2018-08-07 19:18:47 - [TEST_CASE][PASSED] - Test Cases/Story 26 dan 842 -Kelola Stok Final/26 TC 1 - All Search Product: Test Cases/Story 26 dan 842 -Kelola Stok Final/26 TC 1 - All Search Product

2018-08-07 19:18:48 - [TEST_STEP][PASSED] - comment: Kelola Stock - View

2018-08-07 19:18:48 - [TEST_STEP][PASSED] - comment: Start Login Test Case

2018-08-07 19:18:48 - [TEST_STEP][PASSED] - Statement - apkPath = apkName: null

2018-08-07 19:18:48 - [TEST_STEP][PASSED] - startApplication: Started app at: 'C:\Users\AV2017005903\Documents\apollo-automation\apk_test_release_2.apk'

2018-08-07 19:19:22 - [MESSAGE][PASSED] - Started app at: 'C:\Users\AV2017005903\Documents\apollo-automation\apk_test_release_2.apk'

2018-08-07 19:19:22 - [TEST_STEP][PASSED] - delay: Delayed 15 second(s)

2018-08-07 19:19:37 - [MESSAGE][PASSED] - Delayed 15 second(s)

2018-08-07 19:19:37 - [TEST_STEP][PASSED] - Comment - "If there is a Update TopuUp, click No, Else you can delay for waiting lazyload ": null

2018-08-07 19:19:37 - [TEST_STEP][PASSED] - Statement - driver = com.kms.katalon.core.mobile.keyword.internal.MobileDriverFactory.getDriver(): null

2018-08-07 19:19:37 - [TEST_STEP][PASSED] - Statement - action = new io.appium.java_client.TouchAction(driver): null

2018-08-07 19:19:37 - [TEST_STEP][PASSED] - Statement - action.longPress(550, 300).moveTo(100, 300).release().perform(): null

2018-08-07 19:19:40 - [TEST_STEP][PASSED] - delay: Delayed 8 second(s)

2018-08-07 19:19:48 - [MESSAGE][PASSED] - Delayed 8 second(s)

2018-08-07 19:19:48 - [TEST_STEP][PASSED] - Statement - action.longPress(550, 300).moveTo(100, 300).release().perform(): null

2018-08-07 19:19:51 - [TEST_STEP][PASSED] - delay: Delayed 8 second(s)

2018-08-07 19:19:59 - [MESSAGE][PASSED] - Delayed 8 second(s)

2018-08-07 19:19:59 - [TEST_STEP][PASSED] - Statement - action.longPress(550, 300).moveTo(100, 300).release().perform(): null

2018-08-07 19:20:01 - [TEST_STEP][PASSED] - delay: Delayed 8 second(s)

2018-08-07 19:20:09 - [MESSAGE][PASSED] - Delayed 8 second(s)

2018-08-07 19:20:09 - [TEST_STEP][PASSED] - Statement - action.longPress(550, 300).moveTo(100, 300).release().perform(): null

2018-08-07 19:20:12 - [TEST_STEP][PASSED] - delay: Delayed 8 second(s)

2018-08-07 19:20:20 - [MESSAGE][PASSED] - Delayed 8 second(s)

2018-08-07 19:20:20 - [TEST_STEP][PASSED] - waitForElementPresent: Element 'Object Repository/Splash Screen/Mulai - Button' is present

2018-08-07 19:20:20 - [MESSAGE][WARNING] - Timeout '0' is invalid. Using default page load timeout: '30'

2018-08-07 19:20:22 - [MESSAGE][PASSED] - Element 'Object Repository/Splash Screen/Mulai - Button' is present

2018-08-07 19:20:22 - [TEST_STEP][PASSED] - tap: Tapped on element 'Object Repository/Splash Screen/Mulai - Button'

2018-08-07 19:20:22 - [MESSAGE][WARNING] - Timeout '0' is invalid. Using default page load timeout: '30'

2018-08-07 19:20:30 - [MESSAGE][PASSED] - Tapped on element 'Object Repository/Splash Screen/Mulai - Button'

2018-08-07 19:20:30 - [TEST_STEP][PASSED] - waitForElementPresent: Element 'Object Repository/Login/Nomor HP  Nama Pengguna - Text Box' is present

2018-08-07 19:20:34 - [MESSAGE][PASSED] - Element 'Object Repository/Login/Nomor HP  Nama Pengguna - Text Box' is present

2018-08-07 19:20:34 - [TEST_STEP][PASSED] - verifyElementAttributeValue: Object 'Object Repository/Login/Nomor HP  Nama Pengguna - Text Box' has attribute 'content-desc' with value 'LoginNameTextInput'

2018-08-07 19:20:41 - [MESSAGE][PASSED] - Object 'Object Repository/Login/Nomor HP  Nama Pengguna - Text Box' has attribute 'content-desc' with value 'LoginNameTextInput'

2018-08-07 19:20:41 - [TEST_STEP][PASSED] - setText: Text '08112233445567' has been set to element 'Object Repository/Login/Nomor HP  Nama Pengguna - Text Box'

2018-08-07 19:21:02 - [MESSAGE][PASSED] - Text '08112233445567' has been set to element 'Object Repository/Login/Nomor HP  Nama Pengguna - Text Box'

2018-08-07 19:21:02 - [TEST_STEP][PASSED] - hideKeyboard: Keyboard is hidden

2018-08-07 19:21:04 - [MESSAGE][PASSED] - Keyboard is hidden

2018-08-07 19:21:04 - [TEST_STEP][PASSED] - verifyElementText: Actual text and expected text of test object 'Object Repository/Login/Nomor HP  Nama Pengguna - Text Box' are matched.

2018-08-07 19:21:08 - [MESSAGE][PASSED] - Actual text and expected text of test object 'Object Repository/Login/Nomor HP  Nama Pengguna - Text Box' are matched.

2018-08-07 19:21:08 - [TEST_STEP][PASSED] - waitForElementPresent: Element 'Object Repository/Login/Button Masuk' is present

2018-08-07 19:21:10 - [MESSAGE][PASSED] - Element 'Object Repository/Login/Button Masuk' is present

2018-08-07 19:21:10 - [TEST_STEP][PASSED] - verifyElementAttributeValue: Object 'Object Repository/Login/Button Masuk' has attribute 'content-desc' with value 'LoginJumpNextBtn'

2018-08-07 19:21:14 - [MESSAGE][PASSED] - Object 'Object Repository/Login/Button Masuk' has attribute 'content-desc' with value 'LoginJumpNextBtn'

2018-08-07 19:21:14 - [TEST_STEP][PASSED] - tap: Tapped on element 'Object Repository/Login/Button Masuk'

2018-08-07 19:21:21 - [MESSAGE][PASSED] - Tapped on element 'Object Repository/Login/Button Masuk'

2018-08-07 19:21:21 - [TEST_STEP][PASSED] - waitForElementPresent: Element 'Object Repository/Login/Input Pin' is present

2018-08-07 19:21:25 - [MESSAGE][PASSED] - Element 'Object Repository/Login/Input Pin' is present

2018-08-07 19:21:25 - [TEST_STEP][PASSED] - verifyElementAttributeValue: Object 'Object Repository/Login/Input Pin' has attribute 'content-desc' with value 'pinCircleFocus'

2018-08-07 19:21:30 - [MESSAGE][PASSED] - Object 'Object Repository/Login/Input Pin' has attribute 'content-desc' with value 'pinCircleFocus'

2018-08-07 19:21:30 - [TEST_STEP][PASSED] - tap: Tapped on element 'Object Repository/Login/Input Pin'

2018-08-07 19:21:36 - [MESSAGE][PASSED] - Tapped on element 'Object Repository/Login/Input Pin'

2018-08-07 19:21:36 - [TEST_STEP][PASSED] - setText: Text '123456' has been set to element 'Object Repository/Login/Input Pin'

2018-08-07 19:21:56 - [MESSAGE][PASSED] - Text '123456' has been set to element 'Object Repository/Login/Input Pin'

2018-08-07 19:21:56 - [TEST_STEP][PASSED] - delay: Delayed 5 second(s)

2018-08-07 19:22:01 - [MESSAGE][PASSED] - Delayed 5 second(s)

2018-08-07 19:22:01 - [TEST_STEP][PASSED] - comment: End Login Test Case

2018-08-07 19:22:01 - [TEST_STEP][PASSED] - waitForElementPresent: Element 'Object Repository/Sidebar Menu/Biaya/HamburgerButton' is present

2018-08-07 19:22:03 - [MESSAGE][PASSED] - Element 'Object Repository/Sidebar Menu/Biaya/HamburgerButton' is present

2018-08-07 19:22:03 - [TEST_STEP][PASSED] - verifyElementAttributeValue: Object 'Object Repository/Sidebar Menu/Biaya/HamburgerButton' has attribute 'content-desc' with value 'headerBar_button_hamburgerMenu'

2018-08-07 19:22:07 - [MESSAGE][PASSED] - Object 'Object Repository/Sidebar Menu/Biaya/HamburgerButton' has attribute 'content-desc' with value 'headerBar_button_hamburgerMenu'

2018-08-07 19:22:07 - [TEST_STEP][PASSED] - tap: Tapped on element 'Object Repository/Sidebar Menu/Biaya/HamburgerButton'

2018-08-07 19:22:14 - [MESSAGE][PASSED] - Tapped on element 'Object Repository/Sidebar Menu/Biaya/HamburgerButton'

2018-08-07 19:22:14 - [TEST_STEP][PASSED] - waitForElementPresent: Element 'Object Repository/Sidebar Menu/Produk/Produk' is present

2018-08-07 19:22:22 - [MESSAGE][PASSED] - Element 'Object Repository/Sidebar Menu/Produk/Produk' is present

2018-08-07 19:22:22 - [TEST_STEP][PASSED] - verifyElementAttributeValue: Object 'Object Repository/Sidebar Menu/Produk/Produk' has attribute 'content-desc' with value 'produkMenuItem'

2018-08-07 19:22:30 - [MESSAGE][PASSED] - Object 'Object Repository/Sidebar Menu/Produk/Produk' has attribute 'content-desc' with value 'produkMenuItem'

2018-08-07 19:22:30 - [TEST_STEP][PASSED] - tap: Tapped on element 'Object Repository/Sidebar Menu/Produk/Produk'

2018-08-07 19:22:38 - [MESSAGE][PASSED] - Tapped on element 'Object Repository/Sidebar Menu/Produk/Produk'

2018-08-07 19:22:38 - [TEST_STEP][PASSED] - verifyElementVisible: Element 'Object Repository/Sidebar Menu/Produk/Text Header -  Produk' is visible

2018-08-07 19:22:43 - [MESSAGE][PASSED] - Element 'Object Repository/Sidebar Menu/Produk/Text Header -  Produk' is visible

2018-08-07 19:22:43 - [TEST_STEP][PASSED] - delay: Delayed 5 second(s)

2018-08-07 19:22:48 - [MESSAGE][PASSED] - Delayed 5 second(s)

2018-08-07 19:22:48 - [TEST_STEP][PASSED] - closeApplication: Close app successfully

2018-08-07 19:22:53 - [MESSAGE][PASSED] - Close app successfully]]></system-out>
         <system-err><![CDATA[]]></system-err>
      </testcase>
      <testcase name="Test Cases/Story 26 dan 842 -Kelola Stok Final/26 TC 2 - Search by selected Product Category" classname="Test Cases/Story 26 dan 842 -Kelola Stok Final/26 TC 2 - Search by selected Product Category" status="FAILED">
         <failure type="FAILED" message="Element 'Object Repository/Sidebar Menu/Produk/Stock View/List Produk - Elemen 1' not found"/>
         <system-out><![CDATA[2018-08-07 19:22:53 - [TEST_CASE][FAILED] - Test Cases/Story 26 dan 842 -Kelola Stok Final/26 TC 2 - Search by selected Product Category: Test Cases/Story 26 dan 842 -Kelola Stok Final/26 TC 2 - Search by selected Product Category FAILED because (of) Element 'Object Repository/Sidebar Menu/Produk/Stock View/List Produk - Elemen 1' not found

2018-08-07 19:22:53 - [TEST_STEP][PASSED] - comment: Search by selected Product Category

2018-08-07 19:22:53 - [TEST_STEP][PASSED] - comment: Start apps and than Login

2018-08-07 19:22:53 - [TEST_STEP][PASSED] - Statement - apkPath = apkName: null

2018-08-07 19:22:53 - [TEST_STEP][PASSED] - startApplication: Started app at: 'C:\Users\AV2017005903\Documents\apollo-automation\apk_test_release_2.apk'

2018-08-07 19:23:11 - [MESSAGE][PASSED] - Started app at: 'C:\Users\AV2017005903\Documents\apollo-automation\apk_test_release_2.apk'

2018-08-07 19:23:11 - [TEST_STEP][PASSED] - delay: Delayed 15 second(s)

2018-08-07 19:23:26 - [MESSAGE][PASSED] - Delayed 15 second(s)

2018-08-07 19:23:26 - [TEST_STEP][PASSED] - waitForElementPresent: Element 'Object Repository/Login/Nomor HP  Nama Pengguna - Text Box' is present

2018-08-07 19:23:33 - [MESSAGE][PASSED] - Element 'Object Repository/Login/Nomor HP  Nama Pengguna - Text Box' is present

2018-08-07 19:23:33 - [TEST_STEP][PASSED] - verifyElementAttributeValue: Object 'Object Repository/Login/Nomor HP  Nama Pengguna - Text Box' has attribute 'content-desc' with value 'LoginNameTextInput'

2018-08-07 19:23:40 - [MESSAGE][PASSED] - Object 'Object Repository/Login/Nomor HP  Nama Pengguna - Text Box' has attribute 'content-desc' with value 'LoginNameTextInput'

2018-08-07 19:23:40 - [TEST_STEP][PASSED] - setText: Text '08112233445567' has been set to element 'Object Repository/Login/Nomor HP  Nama Pengguna - Text Box'

2018-08-07 19:23:59 - [MESSAGE][PASSED] - Text '08112233445567' has been set to element 'Object Repository/Login/Nomor HP  Nama Pengguna - Text Box'

2018-08-07 19:23:59 - [TEST_STEP][PASSED] - hideKeyboard: Keyboard is hidden

2018-08-07 19:24:00 - [MESSAGE][PASSED] - Keyboard is hidden

2018-08-07 19:24:00 - [TEST_STEP][PASSED] - verifyElementText: Actual text and expected text of test object 'Object Repository/Login/Nomor HP  Nama Pengguna - Text Box' are matched.

2018-08-07 19:24:05 - [MESSAGE][PASSED] - Actual text and expected text of test object 'Object Repository/Login/Nomor HP  Nama Pengguna - Text Box' are matched.

2018-08-07 19:24:05 - [TEST_STEP][PASSED] - waitForElementPresent: Element 'Object Repository/Login/Button Masuk' is present

2018-08-07 19:24:08 - [MESSAGE][PASSED] - Element 'Object Repository/Login/Button Masuk' is present

2018-08-07 19:24:08 - [TEST_STEP][PASSED] - verifyElementAttributeValue: Object 'Object Repository/Login/Button Masuk' has attribute 'content-desc' with value 'LoginJumpNextBtn'

2018-08-07 19:24:13 - [MESSAGE][PASSED] - Object 'Object Repository/Login/Button Masuk' has attribute 'content-desc' with value 'LoginJumpNextBtn'

2018-08-07 19:24:13 - [TEST_STEP][PASSED] - tap: Tapped on element 'Object Repository/Login/Button Masuk'

2018-08-07 19:24:19 - [MESSAGE][PASSED] - Tapped on element 'Object Repository/Login/Button Masuk'

2018-08-07 19:24:19 - [TEST_STEP][PASSED] - waitForElementPresent: Element 'Object Repository/Login/Input Pin' is present

2018-08-07 19:24:23 - [MESSAGE][PASSED] - Element 'Object Repository/Login/Input Pin' is present

2018-08-07 19:24:23 - [TEST_STEP][PASSED] - verifyElementAttributeValue: Object 'Object Repository/Login/Input Pin' has attribute 'content-desc' with value 'pinCircleFocus'

2018-08-07 19:24:27 - [MESSAGE][PASSED] - Object 'Object Repository/Login/Input Pin' has attribute 'content-desc' with value 'pinCircleFocus'

2018-08-07 19:24:27 - [TEST_STEP][PASSED] - tap: Tapped on element 'Object Repository/Login/Input Pin'

2018-08-07 19:24:32 - [MESSAGE][PASSED] - Tapped on element 'Object Repository/Login/Input Pin'

2018-08-07 19:24:32 - [TEST_STEP][PASSED] - setText: Text '123456' has been set to element 'Object Repository/Login/Input Pin'

2018-08-07 19:24:58 - [MESSAGE][PASSED] - Text '123456' has been set to element 'Object Repository/Login/Input Pin'

2018-08-07 19:24:58 - [TEST_STEP][PASSED] - delay: Delayed 5 second(s)

2018-08-07 19:25:03 - [MESSAGE][PASSED] - Delayed 5 second(s)

2018-08-07 19:25:03 - [TEST_STEP][PASSED] - comment: End Login Test Case

2018-08-07 19:25:03 - [TEST_STEP][PASSED] - waitForElementPresent: Element 'Object Repository/Sidebar Menu/Biaya/HamburgerButton' is present

2018-08-07 19:25:08 - [MESSAGE][PASSED] - Element 'Object Repository/Sidebar Menu/Biaya/HamburgerButton' is present

2018-08-07 19:25:08 - [TEST_STEP][PASSED] - verifyElementAttributeValue: Object 'Object Repository/Sidebar Menu/Biaya/HamburgerButton' has attribute 'content-desc' with value 'headerBar_button_hamburgerMenu'

2018-08-07 19:25:15 - [MESSAGE][PASSED] - Object 'Object Repository/Sidebar Menu/Biaya/HamburgerButton' has attribute 'content-desc' with value 'headerBar_button_hamburgerMenu'

2018-08-07 19:25:15 - [TEST_STEP][PASSED] - tap: Tapped on element 'Object Repository/Sidebar Menu/Biaya/HamburgerButton'

2018-08-07 19:25:24 - [MESSAGE][PASSED] - Tapped on element 'Object Repository/Sidebar Menu/Biaya/HamburgerButton'

2018-08-07 19:25:24 - [TEST_STEP][PASSED] - waitForElementPresent: Element 'Object Repository/Sidebar Menu/Produk/Produk' is present

2018-08-07 19:25:28 - [MESSAGE][PASSED] - Element 'Object Repository/Sidebar Menu/Produk/Produk' is present

2018-08-07 19:25:29 - [TEST_STEP][PASSED] - verifyElementAttributeValue: Object 'Object Repository/Sidebar Menu/Produk/Produk' has attribute 'content-desc' with value 'produkMenuItem'

2018-08-07 19:25:35 - [MESSAGE][PASSED] - Object 'Object Repository/Sidebar Menu/Produk/Produk' has attribute 'content-desc' with value 'produkMenuItem'

2018-08-07 19:25:35 - [TEST_STEP][PASSED] - tap: Tapped on element 'Object Repository/Sidebar Menu/Produk/Produk'

2018-08-07 19:25:44 - [MESSAGE][PASSED] - Tapped on element 'Object Repository/Sidebar Menu/Produk/Produk'

2018-08-07 19:25:44 - [TEST_STEP][PASSED] - verifyElementVisible: Element 'Object Repository/Sidebar Menu/Produk/Text Header -  Produk' is visible

2018-08-07 19:25:50 - [MESSAGE][PASSED] - Element 'Object Repository/Sidebar Menu/Produk/Text Header -  Produk' is visible

2018-08-07 19:25:50 - [TEST_STEP][PASSED] - comment: Search by selected Product Category

2018-08-07 19:25:50 - [TEST_STEP][PASSED] - waitForElementPresent: Element 'Object Repository/Sidebar Menu/Produk/Stock View/Semua Kategori - Drop Down' is present

2018-08-07 19:25:53 - [MESSAGE][PASSED] - Element 'Object Repository/Sidebar Menu/Produk/Stock View/Semua Kategori - Drop Down' is present

2018-08-07 19:25:53 - [TEST_STEP][PASSED] - verifyElementAttributeValue: Object 'Object Repository/Sidebar Menu/Produk/Stock View/Semua Kategori - Drop Down' has attribute 'content-desc' with value 'choices-list-button'

2018-08-07 19:25:57 - [MESSAGE][PASSED] - Object 'Object Repository/Sidebar Menu/Produk/Stock View/Semua Kategori - Drop Down' has attribute 'content-desc' with value 'choices-list-button'

2018-08-07 19:25:57 - [TEST_STEP][PASSED] - tap: Tapped on element 'Object Repository/Sidebar Menu/Produk/Stock View/Semua Kategori - Drop Down'

2018-08-07 19:26:03 - [MESSAGE][PASSED] - Tapped on element 'Object Repository/Sidebar Menu/Produk/Stock View/Semua Kategori - Drop Down'

2018-08-07 19:26:03 - [TEST_STEP][PASSED] - waitForElementPresent: Element 'Object Repository/Sidebar Menu/Produk/Stock View/List Kategori - Elemen 2' is present

2018-08-07 19:26:07 - [MESSAGE][PASSED] - Element 'Object Repository/Sidebar Menu/Produk/Stock View/List Kategori - Elemen 2' is present

2018-08-07 19:26:07 - [TEST_STEP][PASSED] - verifyElementAttributeValue: Object 'Object Repository/Sidebar Menu/Produk/Stock View/List Kategori - Elemen 2' has attribute 'content-desc' with value 'choices-list-item-2'

2018-08-07 19:26:12 - [MESSAGE][PASSED] - Object 'Object Repository/Sidebar Menu/Produk/Stock View/List Kategori - Elemen 2' has attribute 'content-desc' with value 'choices-list-item-2'

2018-08-07 19:26:12 - [TEST_STEP][PASSED] - tap: Tapped on element 'Object Repository/Sidebar Menu/Produk/Stock View/List Kategori - Elemen 2'

2018-08-07 19:26:17 - [MESSAGE][PASSED] - Tapped on element 'Object Repository/Sidebar Menu/Produk/Stock View/List Kategori - Elemen 2'

2018-08-07 19:26:17 - [TEST_STEP][PASSED] - comment: Jika produk ada dan tidak ada

2018-08-07 19:26:17 - [TEST_STEP][PASSED] - delay: Delayed 5 second(s)

2018-08-07 19:26:22 - [MESSAGE][PASSED] - Delayed 5 second(s)

2018-08-07 19:26:22 - [TEST_STEP][FAILED] - Statement - If (com.kms.katalon.core.mobile.keyword.MobileBuiltInKeywords.verifyElementVisible(com.kms.katalon.core.testobject.ObjectRepository.findTestObject(Sidebar Menu/Produk/Stock View/List Produk - Elemen 1), G_ShortTimeOut, CONTINUE_ON_FAILURE)): Element 'Object Repository/Sidebar Menu/Produk/Stock View/List Produk - Elemen 1' not found

2018-08-07 19:26:29 - [MESSAGE][FAILED] - Element 'Object Repository/Sidebar Menu/Produk/Stock View/List Produk - Elemen 1' not found
[[ATTACHMENT|C:\\Users\\AV2017005903\\Documents\\apollo-automation\\Reports\\Story 26 - Kelola Stock\\20180807_191839\\1533644787939.png]]

2018-08-07 19:26:29 - [TEST_STEP][PASSED] - Statement - Else: null

2018-08-07 19:26:29 - [TEST_STEP][PASSED] - Statement - message = com.kms.katalon.core.mobile.keyword.MobileBuiltInKeywords.getText(com.kms.katalon.core.testobject.ObjectRepository.findTestObject(Object Repository/Sidebar Menu/Produk/Stock View/Belum ada produk - Error Message), G_ShortTimeOut, CONTINUE_ON_FAILURE): Text of element 'Object Repository/Sidebar Menu/Produk/Stock View/Belum ada produk - Error Message' is: 'Belum ada produk'

2018-08-07 19:26:33 - [MESSAGE][PASSED] - Text of element 'Object Repository/Sidebar Menu/Produk/Stock View/Belum ada produk - Error Message' is: 'Belum ada produk'

2018-08-07 19:26:33 - [TEST_STEP][PASSED] - verifyEqual: Actual object 'Belum ada produk' and expected object 'Belum ada produk' are equal

2018-08-07 19:26:33 - [MESSAGE][PASSED] - Actual object 'Belum ada produk' and expected object 'Belum ada produk' are equal

2018-08-07 19:26:33 - [TEST_STEP][PASSED] - Statement - out.println("Produk tidak ada"): null

2018-08-07 19:26:33 - [TEST_STEP][PASSED] - delay: Delayed 5 second(s)

2018-08-07 19:26:38 - [MESSAGE][PASSED] - Delayed 5 second(s)

2018-08-07 19:26:38 - [TEST_STEP][PASSED] - closeApplication: Close app successfully

2018-08-07 19:26:41 - [MESSAGE][PASSED] - Close app successfully]]></system-out>
         <system-err><![CDATA[2018-08-07 19:22:53 - [TEST_CASE][FAILED] - Test Cases/Story 26 dan 842 -Kelola Stok Final/26 TC 2 - Search by selected Product Category: Test Cases/Story 26 dan 842 -Kelola Stok Final/26 TC 2 - Search by selected Product Category FAILED because (of) Element 'Object Repository/Sidebar Menu/Produk/Stock View/List Produk - Elemen 1' not found]]></system-err>
      </testcase>
      <testcase name="Test Cases/Story 26 dan 842 -Kelola Stok Final/26 TC 3 - Search by specific product" classname="Test Cases/Story 26 dan 842 -Kelola Stok Final/26 TC 3 - Search by specific product" status="PASSED">
         <system-out><![CDATA[2018-08-07 19:26:41 - [TEST_CASE][PASSED] - Test Cases/Story 26 dan 842 -Kelola Stok Final/26 TC 3 - Search by specific product: Test Cases/Story 26 dan 842 -Kelola Stok Final/26 TC 3 - Search by specific product

2018-08-07 19:26:41 - [TEST_STEP][PASSED] - comment: Search by specific product

2018-08-07 19:26:41 - [TEST_STEP][PASSED] - comment: Start apps and than Login

2018-08-07 19:26:41 - [TEST_STEP][PASSED] - Statement - apkPath = apkName: null

2018-08-07 19:26:41 - [TEST_STEP][PASSED] - startApplication: Started app at: 'C:\Users\AV2017005903\Documents\apollo-automation\apk_test_release_2.apk'

2018-08-07 19:26:57 - [MESSAGE][PASSED] - Started app at: 'C:\Users\AV2017005903\Documents\apollo-automation\apk_test_release_2.apk'

2018-08-07 19:26:57 - [TEST_STEP][PASSED] - delay: Delayed 15 second(s)

2018-08-07 19:27:12 - [MESSAGE][PASSED] - Delayed 15 second(s)

2018-08-07 19:27:12 - [TEST_STEP][PASSED] - waitForElementPresent: Element 'Object Repository/Login/Nomor HP  Nama Pengguna - Text Box' is present

2018-08-07 19:27:15 - [MESSAGE][PASSED] - Element 'Object Repository/Login/Nomor HP  Nama Pengguna - Text Box' is present

2018-08-07 19:27:15 - [TEST_STEP][PASSED] - verifyElementAttributeValue: Object 'Object Repository/Login/Nomor HP  Nama Pengguna - Text Box' has attribute 'content-desc' with value 'LoginNameTextInput'

2018-08-07 19:27:19 - [MESSAGE][PASSED] - Object 'Object Repository/Login/Nomor HP  Nama Pengguna - Text Box' has attribute 'content-desc' with value 'LoginNameTextInput'

2018-08-07 19:27:19 - [TEST_STEP][PASSED] - setText: Text '08112233445567' has been set to element 'Object Repository/Login/Nomor HP  Nama Pengguna - Text Box'

2018-08-07 19:27:42 - [MESSAGE][PASSED] - Text '08112233445567' has been set to element 'Object Repository/Login/Nomor HP  Nama Pengguna - Text Box'

2018-08-07 19:27:42 - [TEST_STEP][PASSED] - hideKeyboard: Keyboard is hidden

2018-08-07 19:27:43 - [MESSAGE][PASSED] - Keyboard is hidden

2018-08-07 19:27:43 - [TEST_STEP][PASSED] - verifyElementText: Actual text and expected text of test object 'Object Repository/Login/Nomor HP  Nama Pengguna - Text Box' are matched.

2018-08-07 19:27:47 - [MESSAGE][PASSED] - Actual text and expected text of test object 'Object Repository/Login/Nomor HP  Nama Pengguna - Text Box' are matched.

2018-08-07 19:27:47 - [TEST_STEP][PASSED] - waitForElementPresent: Element 'Object Repository/Login/Button Masuk' is present

2018-08-07 19:27:50 - [MESSAGE][PASSED] - Element 'Object Repository/Login/Button Masuk' is present

2018-08-07 19:27:50 - [TEST_STEP][PASSED] - verifyElementAttributeValue: Object 'Object Repository/Login/Button Masuk' has attribute 'content-desc' with value 'LoginJumpNextBtn'

2018-08-07 19:27:55 - [MESSAGE][PASSED] - Object 'Object Repository/Login/Button Masuk' has attribute 'content-desc' with value 'LoginJumpNextBtn'

2018-08-07 19:27:55 - [TEST_STEP][PASSED] - tap: Tapped on element 'Object Repository/Login/Button Masuk'

2018-08-07 19:28:01 - [MESSAGE][PASSED] - Tapped on element 'Object Repository/Login/Button Masuk'

2018-08-07 19:28:01 - [TEST_STEP][PASSED] - waitForElementPresent: Element 'Object Repository/Login/Input Pin' is present

2018-08-07 19:28:05 - [MESSAGE][PASSED] - Element 'Object Repository/Login/Input Pin' is present

2018-08-07 19:28:05 - [TEST_STEP][PASSED] - verifyElementAttributeValue: Object 'Object Repository/Login/Input Pin' has attribute 'content-desc' with value 'pinCircleFocus'

2018-08-07 19:28:10 - [MESSAGE][PASSED] - Object 'Object Repository/Login/Input Pin' has attribute 'content-desc' with value 'pinCircleFocus'

2018-08-07 19:28:10 - [TEST_STEP][PASSED] - tap: Tapped on element 'Object Repository/Login/Input Pin'

2018-08-07 19:28:15 - [MESSAGE][PASSED] - Tapped on element 'Object Repository/Login/Input Pin'

2018-08-07 19:28:15 - [TEST_STEP][PASSED] - setText: Text '123456' has been set to element 'Object Repository/Login/Input Pin'

2018-08-07 19:28:31 - [MESSAGE][PASSED] - Text '123456' has been set to element 'Object Repository/Login/Input Pin'

2018-08-07 19:28:31 - [TEST_STEP][PASSED] - delay: Delayed 5 second(s)

2018-08-07 19:28:36 - [MESSAGE][PASSED] - Delayed 5 second(s)

2018-08-07 19:28:36 - [TEST_STEP][PASSED] - comment: End Login Test Case

2018-08-07 19:28:36 - [TEST_STEP][PASSED] - waitForElementPresent: Element 'Object Repository/Sidebar Menu/Biaya/HamburgerButton' is present

2018-08-07 19:28:39 - [MESSAGE][PASSED] - Element 'Object Repository/Sidebar Menu/Biaya/HamburgerButton' is present

2018-08-07 19:28:39 - [TEST_STEP][PASSED] - verifyElementAttributeValue: Object 'Object Repository/Sidebar Menu/Biaya/HamburgerButton' has attribute 'content-desc' with value 'headerBar_button_hamburgerMenu'

2018-08-07 19:28:43 - [MESSAGE][PASSED] - Object 'Object Repository/Sidebar Menu/Biaya/HamburgerButton' has attribute 'content-desc' with value 'headerBar_button_hamburgerMenu'

2018-08-07 19:28:43 - [TEST_STEP][PASSED] - tap: Tapped on element 'Object Repository/Sidebar Menu/Biaya/HamburgerButton'

2018-08-07 19:28:49 - [MESSAGE][PASSED] - Tapped on element 'Object Repository/Sidebar Menu/Biaya/HamburgerButton'

2018-08-07 19:28:49 - [TEST_STEP][PASSED] - waitForElementPresent: Element 'Object Repository/Sidebar Menu/Produk/Produk' is present

2018-08-07 19:28:54 - [MESSAGE][PASSED] - Element 'Object Repository/Sidebar Menu/Produk/Produk' is present

2018-08-07 19:28:55 - [TEST_STEP][PASSED] - verifyElementAttributeValue: Object 'Object Repository/Sidebar Menu/Produk/Produk' has attribute 'content-desc' with value 'produkMenuItem'

2018-08-07 19:29:02 - [MESSAGE][PASSED] - Object 'Object Repository/Sidebar Menu/Produk/Produk' has attribute 'content-desc' with value 'produkMenuItem'

2018-08-07 19:29:02 - [TEST_STEP][PASSED] - tap: Tapped on element 'Object Repository/Sidebar Menu/Produk/Produk'

2018-08-07 19:29:09 - [MESSAGE][PASSED] - Tapped on element 'Object Repository/Sidebar Menu/Produk/Produk'

2018-08-07 19:29:09 - [TEST_STEP][PASSED] - verifyElementVisible: Element 'Object Repository/Sidebar Menu/Produk/Text Header -  Produk' is visible

2018-08-07 19:29:14 - [MESSAGE][PASSED] - Element 'Object Repository/Sidebar Menu/Produk/Text Header -  Produk' is visible

2018-08-07 19:29:14 - [TEST_STEP][PASSED] - waitForElementPresent: Element 'Object Repository/Sidebar Menu/Produk/Stock View/Semua Kategori - Drop Down' is present

2018-08-07 19:29:18 - [MESSAGE][PASSED] - Element 'Object Repository/Sidebar Menu/Produk/Stock View/Semua Kategori - Drop Down' is present

2018-08-07 19:29:18 - [TEST_STEP][PASSED] - verifyElementAttributeValue: Object 'Object Repository/Sidebar Menu/Produk/Stock View/Semua Kategori - Drop Down' has attribute 'content-desc' with value 'choices-list-button'

2018-08-07 19:29:22 - [MESSAGE][PASSED] - Object 'Object Repository/Sidebar Menu/Produk/Stock View/Semua Kategori - Drop Down' has attribute 'content-desc' with value 'choices-list-button'

2018-08-07 19:29:22 - [TEST_STEP][PASSED] - tap: Tapped on element 'Object Repository/Sidebar Menu/Produk/Stock View/Semua Kategori - Drop Down'

2018-08-07 19:29:27 - [MESSAGE][PASSED] - Tapped on element 'Object Repository/Sidebar Menu/Produk/Stock View/Semua Kategori - Drop Down'

2018-08-07 19:29:27 - [TEST_STEP][PASSED] - waitForElementPresent: Element 'Object Repository/Sidebar Menu/Produk/Stock View/List Kategori - Elemen 0' is present

2018-08-07 19:29:30 - [MESSAGE][PASSED] - Element 'Object Repository/Sidebar Menu/Produk/Stock View/List Kategori - Elemen 0' is present

2018-08-07 19:29:30 - [TEST_STEP][PASSED] - verifyElementAttributeValue: Object 'Object Repository/Sidebar Menu/Produk/Stock View/List Kategori - Elemen 0' has attribute 'content-desc' with value 'choices-list-item-0'

2018-08-07 19:29:34 - [MESSAGE][PASSED] - Object 'Object Repository/Sidebar Menu/Produk/Stock View/List Kategori - Elemen 0' has attribute 'content-desc' with value 'choices-list-item-0'

2018-08-07 19:29:34 - [TEST_STEP][PASSED] - tap: Tapped on element 'Object Repository/Sidebar Menu/Produk/Stock View/List Kategori - Elemen 0'

2018-08-07 19:29:40 - [MESSAGE][PASSED] - Tapped on element 'Object Repository/Sidebar Menu/Produk/Stock View/List Kategori - Elemen 0'

2018-08-07 19:29:40 - [TEST_STEP][PASSED] - waitForElementPresent: Element 'Object Repository/Sidebar Menu/Produk/Stock View/Cari nama produk - btn' is present

2018-08-07 19:29:44 - [MESSAGE][PASSED] - Element 'Object Repository/Sidebar Menu/Produk/Stock View/Cari nama produk - btn' is present

2018-08-07 19:29:44 - [TEST_STEP][PASSED] - verifyElementAttributeValue: Object 'Object Repository/Sidebar Menu/Produk/Stock View/Cari nama produk - btn' has attribute 'content-desc' with value 'productListComponent_textInput_search'

2018-08-07 19:29:48 - [MESSAGE][PASSED] - Object 'Object Repository/Sidebar Menu/Produk/Stock View/Cari nama produk - btn' has attribute 'content-desc' with value 'productListComponent_textInput_search'

2018-08-07 19:29:48 - [TEST_STEP][PASSED] - setText: Text 'indomie' has been set to element 'Object Repository/Sidebar Menu/Produk/Stock View/Cari nama produk - btn'

2018-08-07 19:30:10 - [MESSAGE][PASSED] - Text 'indomie' has been set to element 'Object Repository/Sidebar Menu/Produk/Stock View/Cari nama produk - btn'

2018-08-07 19:30:10 - [TEST_STEP][PASSED] - verifyElementText: Actual text and expected text of test object 'Object Repository/Sidebar Menu/Produk/Stock View/Cari nama produk - btn' are matched.

2018-08-07 19:30:15 - [MESSAGE][PASSED] - Actual text and expected text of test object 'Object Repository/Sidebar Menu/Produk/Stock View/Cari nama produk - btn' are matched.

2018-08-07 19:30:15 - [TEST_STEP][PASSED] - comment: Jika produk ada dan tidak ada

2018-08-07 19:30:15 - [TEST_STEP][PASSED] - delay: Delayed 5 second(s)

2018-08-07 19:30:20 - [MESSAGE][PASSED] - Delayed 5 second(s)

2018-08-07 19:30:20 - [TEST_STEP][PASSED] - Statement - If (com.kms.katalon.core.mobile.keyword.MobileBuiltInKeywords.verifyElementVisible(com.kms.katalon.core.testobject.ObjectRepository.findTestObject(Sidebar Menu/Produk/Stock View/List Produk - Elemen 1), G_ShortTimeOut, CONTINUE_ON_FAILURE)): null

2018-08-07 19:30:23 - [MESSAGE][PASSED] - Element 'Object Repository/Sidebar Menu/Produk/Stock View/List Produk - Elemen 1' is visible

2018-08-07 19:30:23 - [TEST_STEP][PASSED] - waitForElementPresent: Element 'Object Repository/Sidebar Menu/Produk/Stock View/List Produk - Elemen 1' is present

2018-08-07 19:30:26 - [MESSAGE][PASSED] - Element 'Object Repository/Sidebar Menu/Produk/Stock View/List Produk - Elemen 1' is present

2018-08-07 19:30:26 - [TEST_STEP][PASSED] - verifyElementAttributeValue: Object 'Object Repository/Sidebar Menu/Produk/Stock View/List Produk - Elemen 1' has attribute 'content-desc' with value 'productListComponent_listItem_0'

2018-08-07 19:30:30 - [MESSAGE][PASSED] - Object 'Object Repository/Sidebar Menu/Produk/Stock View/List Produk - Elemen 1' has attribute 'content-desc' with value 'productListComponent_listItem_0'

2018-08-07 19:30:30 - [TEST_STEP][PASSED] - tap: Tapped on element 'Object Repository/Sidebar Menu/Produk/Stock View/List Produk - Elemen 1'

2018-08-07 19:30:35 - [MESSAGE][PASSED] - Tapped on element 'Object Repository/Sidebar Menu/Produk/Stock View/List Produk - Elemen 1'

2018-08-07 19:30:35 - [TEST_STEP][PASSED] - waitForElementPresent: Element 'Object Repository/Sidebar Menu/Produk/Detail Barang/Ubah Info - Button' is present

2018-08-07 19:30:39 - [MESSAGE][PASSED] - Element 'Object Repository/Sidebar Menu/Produk/Detail Barang/Ubah Info - Button' is present

2018-08-07 19:30:39 - [TEST_STEP][PASSED] - delay: Delayed 5 second(s)

2018-08-07 19:30:44 - [MESSAGE][PASSED] - Delayed 5 second(s)

2018-08-07 19:30:44 - [TEST_STEP][PASSED] - pressBack: Press back button successfully

2018-08-07 19:30:46 - [MESSAGE][PASSED] - Press back button successfully

2018-08-07 19:30:46 - [TEST_STEP][PASSED] - Statement - out.println("Produk Ada"): null

2018-08-07 19:30:46 - [TEST_STEP][PASSED] - delay: Delayed 5 second(s)

2018-08-07 19:30:51 - [MESSAGE][PASSED] - Delayed 5 second(s)

2018-08-07 19:30:51 - [TEST_STEP][PASSED] - closeApplication: Close app successfully

2018-08-07 19:30:54 - [MESSAGE][PASSED] - Close app successfully]]></system-out>
         <system-err><![CDATA[]]></system-err>
      </testcase>
      <testcase name="Test Cases/Story 26 dan 842 -Kelola Stok Final/26 TC 4 - Search by specific category and product" classname="Test Cases/Story 26 dan 842 -Kelola Stok Final/26 TC 4 - Search by specific category and product" status="PASSED">
         <system-out><![CDATA[2018-08-07 19:30:54 - [TEST_CASE][PASSED] - Test Cases/Story 26 dan 842 -Kelola Stok Final/26 TC 4 - Search by specific category and product: Test Cases/Story 26 dan 842 -Kelola Stok Final/26 TC 4 - Search by specific category and product

2018-08-07 19:30:54 - [TEST_STEP][PASSED] - comment:  Search by specific category and product

2018-08-07 19:30:54 - [TEST_STEP][PASSED] - comment: Start apps and than Login

2018-08-07 19:30:54 - [TEST_STEP][PASSED] - Statement - apkPath = apkName: null

2018-08-07 19:30:54 - [TEST_STEP][PASSED] - startApplication: Started app at: 'C:\Users\AV2017005903\Documents\apollo-automation\apk_test_release_2.apk'

2018-08-07 19:31:08 - [MESSAGE][PASSED] - Started app at: 'C:\Users\AV2017005903\Documents\apollo-automation\apk_test_release_2.apk'

2018-08-07 19:31:08 - [TEST_STEP][PASSED] - delay: Delayed 15 second(s)

2018-08-07 19:31:23 - [MESSAGE][PASSED] - Delayed 15 second(s)

2018-08-07 19:31:23 - [TEST_STEP][PASSED] - waitForElementPresent: Element 'Object Repository/Login/Nomor HP  Nama Pengguna - Text Box' is present

2018-08-07 19:31:27 - [MESSAGE][PASSED] - Element 'Object Repository/Login/Nomor HP  Nama Pengguna - Text Box' is present

2018-08-07 19:31:27 - [TEST_STEP][PASSED] - verifyElementAttributeValue: Object 'Object Repository/Login/Nomor HP  Nama Pengguna - Text Box' has attribute 'content-desc' with value 'LoginNameTextInput'

2018-08-07 19:31:31 - [MESSAGE][PASSED] - Object 'Object Repository/Login/Nomor HP  Nama Pengguna - Text Box' has attribute 'content-desc' with value 'LoginNameTextInput'

2018-08-07 19:31:31 - [TEST_STEP][PASSED] - setText: Text '08112233445567' has been set to element 'Object Repository/Login/Nomor HP  Nama Pengguna - Text Box'

2018-08-07 19:31:49 - [MESSAGE][PASSED] - Text '08112233445567' has been set to element 'Object Repository/Login/Nomor HP  Nama Pengguna - Text Box'

2018-08-07 19:31:49 - [TEST_STEP][PASSED] - hideKeyboard: Keyboard is hidden

2018-08-07 19:31:50 - [MESSAGE][PASSED] - Keyboard is hidden

2018-08-07 19:31:50 - [TEST_STEP][PASSED] - verifyElementText: Actual text and expected text of test object 'Object Repository/Login/Nomor HP  Nama Pengguna - Text Box' are matched.

2018-08-07 19:31:59 - [MESSAGE][PASSED] - Actual text and expected text of test object 'Object Repository/Login/Nomor HP  Nama Pengguna - Text Box' are matched.

2018-08-07 19:31:59 - [TEST_STEP][PASSED] - waitForElementPresent: Element 'Object Repository/Login/Button Masuk' is present

2018-08-07 19:32:06 - [MESSAGE][PASSED] - Element 'Object Repository/Login/Button Masuk' is present

2018-08-07 19:32:06 - [TEST_STEP][PASSED] - verifyElementAttributeValue: Object 'Object Repository/Login/Button Masuk' has attribute 'content-desc' with value 'LoginJumpNextBtn'

2018-08-07 19:32:10 - [MESSAGE][PASSED] - Object 'Object Repository/Login/Button Masuk' has attribute 'content-desc' with value 'LoginJumpNextBtn'

2018-08-07 19:32:10 - [TEST_STEP][PASSED] - tap: Tapped on element 'Object Repository/Login/Button Masuk'

2018-08-07 19:32:19 - [MESSAGE][PASSED] - Tapped on element 'Object Repository/Login/Button Masuk'

2018-08-07 19:32:19 - [TEST_STEP][PASSED] - waitForElementPresent: Element 'Object Repository/Login/Input Pin' is present

2018-08-07 19:32:24 - [MESSAGE][PASSED] - Element 'Object Repository/Login/Input Pin' is present

2018-08-07 19:32:24 - [TEST_STEP][PASSED] - verifyElementAttributeValue: Object 'Object Repository/Login/Input Pin' has attribute 'content-desc' with value 'pinCircleFocus'

2018-08-07 19:32:29 - [MESSAGE][PASSED] - Object 'Object Repository/Login/Input Pin' has attribute 'content-desc' with value 'pinCircleFocus'

2018-08-07 19:32:29 - [TEST_STEP][PASSED] - tap: Tapped on element 'Object Repository/Login/Input Pin'

2018-08-07 19:32:37 - [MESSAGE][PASSED] - Tapped on element 'Object Repository/Login/Input Pin'

2018-08-07 19:32:37 - [TEST_STEP][PASSED] - setText: Text '123456' has been set to element 'Object Repository/Login/Input Pin'

2018-08-07 19:33:01 - [MESSAGE][PASSED] - Text '123456' has been set to element 'Object Repository/Login/Input Pin'

2018-08-07 19:33:01 - [TEST_STEP][PASSED] - delay: Delayed 5 second(s)

2018-08-07 19:33:06 - [MESSAGE][PASSED] - Delayed 5 second(s)

2018-08-07 19:33:06 - [TEST_STEP][PASSED] - comment: End Login Test Case

2018-08-07 19:33:06 - [TEST_STEP][PASSED] - waitForElementPresent: Element 'Object Repository/Sidebar Menu/Biaya/HamburgerButton' is present

2018-08-07 19:33:08 - [MESSAGE][PASSED] - Element 'Object Repository/Sidebar Menu/Biaya/HamburgerButton' is present

2018-08-07 19:33:08 - [TEST_STEP][PASSED] - verifyElementAttributeValue: Object 'Object Repository/Sidebar Menu/Biaya/HamburgerButton' has attribute 'content-desc' with value 'headerBar_button_hamburgerMenu'

2018-08-07 19:33:12 - [MESSAGE][PASSED] - Object 'Object Repository/Sidebar Menu/Biaya/HamburgerButton' has attribute 'content-desc' with value 'headerBar_button_hamburgerMenu'

2018-08-07 19:33:12 - [TEST_STEP][PASSED] - tap: Tapped on element 'Object Repository/Sidebar Menu/Biaya/HamburgerButton'

2018-08-07 19:33:19 - [MESSAGE][PASSED] - Tapped on element 'Object Repository/Sidebar Menu/Biaya/HamburgerButton'

2018-08-07 19:33:19 - [TEST_STEP][PASSED] - waitForElementPresent: Element 'Object Repository/Sidebar Menu/Produk/Produk' is present

2018-08-07 19:33:24 - [MESSAGE][PASSED] - Element 'Object Repository/Sidebar Menu/Produk/Produk' is present

2018-08-07 19:33:24 - [TEST_STEP][PASSED] - verifyElementAttributeValue: Object 'Object Repository/Sidebar Menu/Produk/Produk' has attribute 'content-desc' with value 'produkMenuItem'

2018-08-07 19:33:31 - [MESSAGE][PASSED] - Object 'Object Repository/Sidebar Menu/Produk/Produk' has attribute 'content-desc' with value 'produkMenuItem'

2018-08-07 19:33:31 - [TEST_STEP][PASSED] - tap: Tapped on element 'Object Repository/Sidebar Menu/Produk/Produk'

2018-08-07 19:33:41 - [MESSAGE][PASSED] - Tapped on element 'Object Repository/Sidebar Menu/Produk/Produk'

2018-08-07 19:33:41 - [TEST_STEP][PASSED] - verifyElementVisible: Element 'Object Repository/Sidebar Menu/Produk/Text Header -  Produk' is visible

2018-08-07 19:33:45 - [MESSAGE][PASSED] - Element 'Object Repository/Sidebar Menu/Produk/Text Header -  Produk' is visible

2018-08-07 19:33:45 - [TEST_STEP][PASSED] - waitForElementPresent: Element 'Object Repository/Sidebar Menu/Produk/Stock View/Semua Kategori - Drop Down' is present

2018-08-07 19:33:48 - [MESSAGE][PASSED] - Element 'Object Repository/Sidebar Menu/Produk/Stock View/Semua Kategori - Drop Down' is present

2018-08-07 19:33:48 - [TEST_STEP][PASSED] - verifyElementAttributeValue: Object 'Object Repository/Sidebar Menu/Produk/Stock View/Semua Kategori - Drop Down' has attribute 'content-desc' with value 'choices-list-button'

2018-08-07 19:33:53 - [MESSAGE][PASSED] - Object 'Object Repository/Sidebar Menu/Produk/Stock View/Semua Kategori - Drop Down' has attribute 'content-desc' with value 'choices-list-button'

2018-08-07 19:33:53 - [TEST_STEP][PASSED] - tap: Tapped on element 'Object Repository/Sidebar Menu/Produk/Stock View/Semua Kategori - Drop Down'

2018-08-07 19:34:00 - [MESSAGE][PASSED] - Tapped on element 'Object Repository/Sidebar Menu/Produk/Stock View/Semua Kategori - Drop Down'

2018-08-07 19:34:00 - [TEST_STEP][PASSED] - delay: Delayed 3 second(s)

2018-08-07 19:34:03 - [MESSAGE][PASSED] - Delayed 3 second(s)

2018-08-07 19:34:03 - [TEST_STEP][PASSED] - scrollToText: Scrolling to text 'Makanan' successfully

2018-08-07 19:34:06 - [MESSAGE][PASSED] - Scrolling to text 'Makanan' successfully

2018-08-07 19:34:06 - [TEST_STEP][PASSED] - waitForElementPresent: Element 'Object Repository/Sidebar Menu/Produk/Stock View/List Kategori - Elemen Makanan' is present

2018-08-07 19:34:12 - [MESSAGE][PASSED] - Element 'Object Repository/Sidebar Menu/Produk/Stock View/List Kategori - Elemen Makanan' is present

2018-08-07 19:34:12 - [TEST_STEP][PASSED] - tap: Tapped on element 'Object Repository/Sidebar Menu/Produk/Stock View/List Kategori - Elemen Makanan'

2018-08-07 19:34:21 - [MESSAGE][PASSED] - Tapped on element 'Object Repository/Sidebar Menu/Produk/Stock View/List Kategori - Elemen Makanan'

2018-08-07 19:34:21 - [TEST_STEP][PASSED] - waitForElementPresent: Element 'Object Repository/Sidebar Menu/Produk/Stock View/Cari nama produk - btn' is present

2018-08-07 19:34:28 - [MESSAGE][PASSED] - Element 'Object Repository/Sidebar Menu/Produk/Stock View/Cari nama produk - btn' is present

2018-08-07 19:34:28 - [TEST_STEP][PASSED] - verifyElementAttributeValue: Object 'Object Repository/Sidebar Menu/Produk/Stock View/Cari nama produk - btn' has attribute 'content-desc' with value 'productListComponent_textInput_search'

2018-08-07 19:34:36 - [MESSAGE][PASSED] - Object 'Object Repository/Sidebar Menu/Produk/Stock View/Cari nama produk - btn' has attribute 'content-desc' with value 'productListComponent_textInput_search'

2018-08-07 19:34:36 - [TEST_STEP][PASSED] - tap: Tapped on element 'Object Repository/Sidebar Menu/Produk/Stock View/Cari nama produk - btn'

2018-08-07 19:34:44 - [MESSAGE][PASSED] - Tapped on element 'Object Repository/Sidebar Menu/Produk/Stock View/Cari nama produk - btn'

2018-08-07 19:34:44 - [TEST_STEP][PASSED] - setText: Text 'Ayam' has been set to element 'Object Repository/Sidebar Menu/Produk/Stock View/Cari nama produk - btn'

2018-08-07 19:35:05 - [MESSAGE][PASSED] - Text 'Ayam' has been set to element 'Object Repository/Sidebar Menu/Produk/Stock View/Cari nama produk - btn'

2018-08-07 19:35:05 - [TEST_STEP][PASSED] - comment: Jika produk ada dan tidak ada

2018-08-07 19:35:05 - [TEST_STEP][PASSED] - delay: Delayed 5 second(s)

2018-08-07 19:35:10 - [MESSAGE][PASSED] - Delayed 5 second(s)

2018-08-07 19:35:10 - [TEST_STEP][PASSED] - Statement - If (com.kms.katalon.core.mobile.keyword.MobileBuiltInKeywords.verifyElementVisible(com.kms.katalon.core.testobject.ObjectRepository.findTestObject(Sidebar Menu/Produk/Stock View/List Produk - Elemen 1), G_ShortTimeOut, CONTINUE_ON_FAILURE)): null

2018-08-07 19:35:15 - [MESSAGE][PASSED] - Element 'Object Repository/Sidebar Menu/Produk/Stock View/List Produk - Elemen 1' is visible

2018-08-07 19:35:15 - [TEST_STEP][PASSED] - waitForElementPresent: Element 'Object Repository/Sidebar Menu/Produk/Stock View/List Produk - Elemen 1' is present

2018-08-07 19:35:17 - [MESSAGE][PASSED] - Element 'Object Repository/Sidebar Menu/Produk/Stock View/List Produk - Elemen 1' is present

2018-08-07 19:35:17 - [TEST_STEP][PASSED] - verifyElementAttributeValue: Object 'Object Repository/Sidebar Menu/Produk/Stock View/List Produk - Elemen 1' has attribute 'content-desc' with value 'productListComponent_listItem_0'

2018-08-07 19:35:21 - [MESSAGE][PASSED] - Object 'Object Repository/Sidebar Menu/Produk/Stock View/List Produk - Elemen 1' has attribute 'content-desc' with value 'productListComponent_listItem_0'

2018-08-07 19:35:21 - [TEST_STEP][PASSED] - tap: Tapped on element 'Object Repository/Sidebar Menu/Produk/Stock View/List Produk - Elemen 1'

2018-08-07 19:35:27 - [MESSAGE][PASSED] - Tapped on element 'Object Repository/Sidebar Menu/Produk/Stock View/List Produk - Elemen 1'

2018-08-07 19:35:27 - [TEST_STEP][PASSED] - waitForElementPresent: Element 'Object Repository/Sidebar Menu/Produk/Detail Barang/Ubah Info - Button' is present

2018-08-07 19:35:31 - [MESSAGE][PASSED] - Element 'Object Repository/Sidebar Menu/Produk/Detail Barang/Ubah Info - Button' is present

2018-08-07 19:35:31 - [TEST_STEP][PASSED] - delay: Delayed 5 second(s)

2018-08-07 19:35:36 - [MESSAGE][PASSED] - Delayed 5 second(s)

2018-08-07 19:35:36 - [TEST_STEP][PASSED] - pressBack: Press back button successfully

2018-08-07 19:35:37 - [MESSAGE][PASSED] - Press back button successfully

2018-08-07 19:35:37 - [TEST_STEP][PASSED] - Statement - out.println("Produk Ada"): null

2018-08-07 19:35:37 - [TEST_STEP][PASSED] - delay: Delayed 5 second(s)

2018-08-07 19:35:42 - [MESSAGE][PASSED] - Delayed 5 second(s)

2018-08-07 19:35:42 - [TEST_STEP][PASSED] - closeApplication: Close app successfully

2018-08-07 19:35:45 - [MESSAGE][PASSED] - Close app successfully]]></system-out>
         <system-err><![CDATA[]]></system-err>
      </testcase>
      <testcase name="Test Cases/Story 26 dan 842 -Kelola Stok Final/26 TC 5 - Search by inputed 3 digit" classname="Test Cases/Story 26 dan 842 -Kelola Stok Final/26 TC 5 - Search by inputed 3 digit" status="FAILED">
         <failure type="FAILED" message="Failed to set text into element (Root cause: Object Object Repository/Sidebar Menu/Produk/Stock View/Cari nama produk - btn not found)"/>
         <system-out><![CDATA[2018-08-07 19:35:45 - [TEST_CASE][FAILED] - Test Cases/Story 26 dan 842 -Kelola Stok Final/26 TC 5 - Search by inputed 3 digit: Test Cases/Story 26 dan 842 -Kelola Stok Final/26 TC 5 - Search by inputed 3 digit FAILED because (of) Failed to set text into element (Root cause: Object Object Repository/Sidebar Menu/Produk/Stock View/Cari nama produk - btn not found)

2018-08-07 19:35:45 - [TEST_STEP][PASSED] - comment:  Search by inputed 3 digit

2018-08-07 19:35:45 - [TEST_STEP][PASSED] - comment: Start apps and than Login

2018-08-07 19:35:45 - [TEST_STEP][PASSED] - Statement - apkPath = apkName: null

2018-08-07 19:35:45 - [TEST_STEP][PASSED] - startApplication: Started app at: 'C:\Users\AV2017005903\Documents\apollo-automation\apk_test_release_2.apk'

2018-08-07 19:35:59 - [MESSAGE][PASSED] - Started app at: 'C:\Users\AV2017005903\Documents\apollo-automation\apk_test_release_2.apk'

2018-08-07 19:35:59 - [TEST_STEP][PASSED] - delay: Delayed 15 second(s)

2018-08-07 19:36:14 - [MESSAGE][PASSED] - Delayed 15 second(s)

2018-08-07 19:36:14 - [TEST_STEP][PASSED] - waitForElementPresent: Element 'Object Repository/Login/Nomor HP  Nama Pengguna - Text Box' is present

2018-08-07 19:36:18 - [MESSAGE][PASSED] - Element 'Object Repository/Login/Nomor HP  Nama Pengguna - Text Box' is present

2018-08-07 19:36:18 - [TEST_STEP][PASSED] - verifyElementAttributeValue: Object 'Object Repository/Login/Nomor HP  Nama Pengguna - Text Box' has attribute 'content-desc' with value 'LoginNameTextInput'

2018-08-07 19:36:22 - [MESSAGE][PASSED] - Object 'Object Repository/Login/Nomor HP  Nama Pengguna - Text Box' has attribute 'content-desc' with value 'LoginNameTextInput'

2018-08-07 19:36:22 - [TEST_STEP][PASSED] - setText: Text '08112233445567' has been set to element 'Object Repository/Login/Nomor HP  Nama Pengguna - Text Box'

2018-08-07 19:36:44 - [MESSAGE][PASSED] - Text '08112233445567' has been set to element 'Object Repository/Login/Nomor HP  Nama Pengguna - Text Box'

2018-08-07 19:36:44 - [TEST_STEP][PASSED] - hideKeyboard: Keyboard is hidden

2018-08-07 19:36:45 - [MESSAGE][PASSED] - Keyboard is hidden

2018-08-07 19:36:45 - [TEST_STEP][PASSED] - verifyElementText: Actual text and expected text of test object 'Object Repository/Login/Nomor HP  Nama Pengguna - Text Box' are matched.

2018-08-07 19:36:49 - [MESSAGE][PASSED] - Actual text and expected text of test object 'Object Repository/Login/Nomor HP  Nama Pengguna - Text Box' are matched.

2018-08-07 19:36:49 - [TEST_STEP][PASSED] - waitForElementPresent: Element 'Object Repository/Login/Button Masuk' is present

2018-08-07 19:36:52 - [MESSAGE][PASSED] - Element 'Object Repository/Login/Button Masuk' is present

2018-08-07 19:36:52 - [TEST_STEP][PASSED] - verifyElementAttributeValue: Object 'Object Repository/Login/Button Masuk' has attribute 'content-desc' with value 'LoginJumpNextBtn'

2018-08-07 19:36:56 - [MESSAGE][PASSED] - Object 'Object Repository/Login/Button Masuk' has attribute 'content-desc' with value 'LoginJumpNextBtn'

2018-08-07 19:36:56 - [TEST_STEP][PASSED] - tap: Tapped on element 'Object Repository/Login/Button Masuk'

2018-08-07 19:37:02 - [MESSAGE][PASSED] - Tapped on element 'Object Repository/Login/Button Masuk'

2018-08-07 19:37:02 - [TEST_STEP][PASSED] - waitForElementPresent: Element 'Object Repository/Login/Input Pin' is present

2018-08-07 19:37:05 - [MESSAGE][PASSED] - Element 'Object Repository/Login/Input Pin' is present

2018-08-07 19:37:05 - [TEST_STEP][PASSED] - verifyElementAttributeValue: Object 'Object Repository/Login/Input Pin' has attribute 'content-desc' with value 'pinCircleFocus'

2018-08-07 19:37:09 - [MESSAGE][PASSED] - Object 'Object Repository/Login/Input Pin' has attribute 'content-desc' with value 'pinCircleFocus'

2018-08-07 19:37:09 - [TEST_STEP][PASSED] - tap: Tapped on element 'Object Repository/Login/Input Pin'

2018-08-07 19:37:15 - [MESSAGE][PASSED] - Tapped on element 'Object Repository/Login/Input Pin'

2018-08-07 19:37:15 - [TEST_STEP][PASSED] - setText: Text '123456' has been set to element 'Object Repository/Login/Input Pin'

2018-08-07 19:37:32 - [MESSAGE][PASSED] - Text '123456' has been set to element 'Object Repository/Login/Input Pin'

2018-08-07 19:37:32 - [TEST_STEP][PASSED] - delay: Delayed 5 second(s)

2018-08-07 19:37:37 - [MESSAGE][PASSED] - Delayed 5 second(s)

2018-08-07 19:37:37 - [TEST_STEP][PASSED] - comment: End Login Test Case

2018-08-07 19:37:37 - [TEST_STEP][PASSED] - waitForElementPresent: Element 'Object Repository/Sidebar Menu/Biaya/HamburgerButton' is present

2018-08-07 19:37:42 - [MESSAGE][PASSED] - Element 'Object Repository/Sidebar Menu/Biaya/HamburgerButton' is present

2018-08-07 19:37:42 - [TEST_STEP][PASSED] - verifyElementAttributeValue: Object 'Object Repository/Sidebar Menu/Biaya/HamburgerButton' has attribute 'content-desc' with value 'headerBar_button_hamburgerMenu'

2018-08-07 19:37:46 - [MESSAGE][PASSED] - Object 'Object Repository/Sidebar Menu/Biaya/HamburgerButton' has attribute 'content-desc' with value 'headerBar_button_hamburgerMenu'

2018-08-07 19:37:46 - [TEST_STEP][PASSED] - tap: Tapped on element 'Object Repository/Sidebar Menu/Biaya/HamburgerButton'

2018-08-07 19:37:50 - [MESSAGE][PASSED] - Tapped on element 'Object Repository/Sidebar Menu/Biaya/HamburgerButton'

2018-08-07 19:37:50 - [TEST_STEP][PASSED] - waitForElementPresent: Element 'Object Repository/Sidebar Menu/Produk/Produk' is present

2018-08-07 19:38:00 - [MESSAGE][PASSED] - Element 'Object Repository/Sidebar Menu/Produk/Produk' is present

2018-08-07 19:38:00 - [TEST_STEP][PASSED] - verifyElementAttributeValue: Object 'Object Repository/Sidebar Menu/Produk/Produk' has attribute 'content-desc' with value 'produkMenuItem'

2018-08-07 19:38:06 - [MESSAGE][PASSED] - Object 'Object Repository/Sidebar Menu/Produk/Produk' has attribute 'content-desc' with value 'produkMenuItem'

2018-08-07 19:38:06 - [TEST_STEP][PASSED] - tap: Tapped on element 'Object Repository/Sidebar Menu/Produk/Produk'

2018-08-07 19:38:14 - [MESSAGE][PASSED] - Tapped on element 'Object Repository/Sidebar Menu/Produk/Produk'

2018-08-07 19:38:14 - [TEST_STEP][PASSED] - verifyElementVisible: Element 'Object Repository/Sidebar Menu/Produk/Text Header -  Produk' is visible

2018-08-07 19:38:19 - [MESSAGE][PASSED] - Element 'Object Repository/Sidebar Menu/Produk/Text Header -  Produk' is visible

2018-08-07 19:38:19 - [TEST_STEP][PASSED] - waitForElementPresent: Element 'Object Repository/Sidebar Menu/Produk/Stock View/Cari nama produk - btn' is present

2018-08-07 19:38:23 - [MESSAGE][PASSED] - Element 'Object Repository/Sidebar Menu/Produk/Stock View/Cari nama produk - btn' is present

2018-08-07 19:38:23 - [TEST_STEP][PASSED] - clearText: Element 'Object Repository/Sidebar Menu/Produk/Stock View/Cari nama produk - btn' text is cleared

2018-08-07 19:38:32 - [MESSAGE][PASSED] - Element 'Object Repository/Sidebar Menu/Produk/Stock View/Cari nama produk - btn' text is cleared

2018-08-07 19:38:32 - [TEST_STEP][PASSED] - waitForElementPresent: Element 'Object Repository/Sidebar Menu/Produk/Stock View/Semua Kategori - Drop Down' is present

2018-08-07 19:38:35 - [MESSAGE][PASSED] - Element 'Object Repository/Sidebar Menu/Produk/Stock View/Semua Kategori - Drop Down' is present

2018-08-07 19:38:35 - [TEST_STEP][PASSED] - verifyElementAttributeValue: Object 'Object Repository/Sidebar Menu/Produk/Stock View/Semua Kategori - Drop Down' has attribute 'content-desc' with value 'choices-list-button'

2018-08-07 19:38:39 - [MESSAGE][PASSED] - Object 'Object Repository/Sidebar Menu/Produk/Stock View/Semua Kategori - Drop Down' has attribute 'content-desc' with value 'choices-list-button'

2018-08-07 19:38:39 - [TEST_STEP][PASSED] - tap: Tapped on element 'Object Repository/Sidebar Menu/Produk/Stock View/Semua Kategori - Drop Down'

2018-08-07 19:38:43 - [MESSAGE][PASSED] - Tapped on element 'Object Repository/Sidebar Menu/Produk/Stock View/Semua Kategori - Drop Down'

2018-08-07 19:38:43 - [TEST_STEP][PASSED] - waitForElementPresent: Element 'Object Repository/Sidebar Menu/Produk/Stock View/List Kategori - Elemen 0' is present

2018-08-07 19:38:47 - [MESSAGE][PASSED] - Element 'Object Repository/Sidebar Menu/Produk/Stock View/List Kategori - Elemen 0' is present

2018-08-07 19:38:47 - [TEST_STEP][PASSED] - verifyElementAttributeValue: Object 'Object Repository/Sidebar Menu/Produk/Stock View/List Kategori - Elemen 0' has attribute 'content-desc' with value 'choices-list-item-0'

2018-08-07 19:38:51 - [MESSAGE][PASSED] - Object 'Object Repository/Sidebar Menu/Produk/Stock View/List Kategori - Elemen 0' has attribute 'content-desc' with value 'choices-list-item-0'

2018-08-07 19:38:51 - [TEST_STEP][PASSED] - tap: Tapped on element 'Object Repository/Sidebar Menu/Produk/Stock View/List Kategori - Elemen 0'

2018-08-07 19:38:56 - [MESSAGE][PASSED] - Tapped on element 'Object Repository/Sidebar Menu/Produk/Stock View/List Kategori - Elemen 0'

2018-08-07 19:38:56 - [TEST_STEP][PASSED] - waitForElementPresent: Object Object Repository/Sidebar Menu/Produk/Stock View/Cari nama produk - btn not found

2018-08-07 19:39:01 - [MESSAGE][WARNING] - Object Object Repository/Sidebar Menu/Produk/Stock View/Cari nama produk - btn not found

2018-08-07 19:39:01 - [TEST_STEP][PASSED] - verifyElementAttributeValue: Element 'Object Repository/Sidebar Menu/Produk/Stock View/Cari nama produk - btn' not found

2018-08-07 19:39:02 - [MESSAGE][WARNING] - Element 'Object Repository/Sidebar Menu/Produk/Stock View/Cari nama produk - btn' not found

2018-08-07 19:39:02 - [TEST_STEP][FAILED] - setText: Failed to set text into element (Root cause: Object Object Repository/Sidebar Menu/Produk/Stock View/Cari nama produk - btn not found)

2018-08-07 19:39:11 - [MESSAGE][FAILED] - Object Object Repository/Sidebar Menu/Produk/Stock View/Cari nama produk - btn not found
[[ATTACHMENT|C:\\Users\\AV2017005903\\Documents\\apollo-automation\\Reports\\Story 26 - Kelola Stock\\20180807_191839\\1533645549312.png]]

2018-08-07 19:39:12 - [MESSAGE][FAILED] - Failed to set text into element (Root cause: Object Object Repository/Sidebar Menu/Produk/Stock View/Cari nama produk - btn not found)
[[ATTACHMENT|C:\\Users\\AV2017005903\\Documents\\apollo-automation\\Reports\\Story 26 - Kelola Stock\\20180807_191839\\1533645551020.png]]]]></system-out>
         <system-err><![CDATA[2018-08-07 19:35:45 - [TEST_CASE][FAILED] - Test Cases/Story 26 dan 842 -Kelola Stok Final/26 TC 5 - Search by inputed 3 digit: Test Cases/Story 26 dan 842 -Kelola Stok Final/26 TC 5 - Search by inputed 3 digit FAILED because (of) Failed to set text into element (Root cause: Object Object Repository/Sidebar Menu/Produk/Stock View/Cari nama produk - btn not found)]]></system-err>
      </testcase>
      <testcase name="Test Cases/Story 26 dan 842 -Kelola Stok Final/26 TC 6 - Search by inputed less then 3 digit" classname="Test Cases/Story 26 dan 842 -Kelola Stok Final/26 TC 6 - Search by inputed less then 3 digit" status="FAILED">
         <failure type="FAILED" message="Unable to start app at: 'apk_test_release_2.apk' (Root cause: java.io.IOException: GetExitCodeProcess error=6, The handle is invalid)"/>
         <system-out><![CDATA[2018-08-07 19:39:12 - [TEST_CASE][FAILED] - Test Cases/Story 26 dan 842 -Kelola Stok Final/26 TC 6 - Search by inputed less then 3 digit: Test Cases/Story 26 dan 842 -Kelola Stok Final/26 TC 6 - Search by inputed less then 3 digit FAILED because (of) Unable to start app at: 'apk_test_release_2.apk' (Root cause: java.io.IOException: GetExitCodeProcess error=6, The handle is invalid)

2018-08-07 19:39:12 - [TEST_STEP][PASSED] - comment:  Search by inputed less then 3 digit

2018-08-07 19:39:12 - [TEST_STEP][PASSED] - comment: Start apps and than Login

2018-08-07 19:39:12 - [TEST_STEP][PASSED] - Statement - apkPath = apkName: null

2018-08-07 19:39:12 - [TEST_STEP][FAILED] - startApplication: Unable to start app at: 'apk_test_release_2.apk' (Root cause: java.io.IOException: GetExitCodeProcess error=6, The handle is invalid)

2018-08-07 19:39:12 - [MESSAGE][FAILED] - Unable to start app at: 'apk_test_release_2.apk' (Root cause: java.io.IOException: GetExitCodeProcess error=6, The handle is invalid)]]></system-out>
         <system-err><![CDATA[2018-08-07 19:39:12 - [TEST_CASE][FAILED] - Test Cases/Story 26 dan 842 -Kelola Stok Final/26 TC 6 - Search by inputed less then 3 digit: Test Cases/Story 26 dan 842 -Kelola Stok Final/26 TC 6 - Search by inputed less then 3 digit FAILED because (of) Unable to start app at: 'apk_test_release_2.apk' (Root cause: java.io.IOException: GetExitCodeProcess error=6, The handle is invalid)]]></system-err>
      </testcase>
      <testcase name="Test Cases/Story 26 dan 842 -Kelola Stok Final/26 TC 7 - Search by invalid product" classname="Test Cases/Story 26 dan 842 -Kelola Stok Final/26 TC 7 - Search by invalid product" status="FAILED">
         <failure type="FAILED" message="Unable to start app at: 'apk_test_release_2.apk' (Root cause: java.io.IOException: GetExitCodeProcess error=6, The handle is invalid)"/>
         <system-out><![CDATA[2018-08-07 19:39:12 - [TEST_CASE][FAILED] - Test Cases/Story 26 dan 842 -Kelola Stok Final/26 TC 7 - Search by invalid product: Test Cases/Story 26 dan 842 -Kelola Stok Final/26 TC 7 - Search by invalid product FAILED because (of) Unable to start app at: 'apk_test_release_2.apk' (Root cause: java.io.IOException: GetExitCodeProcess error=6, The handle is invalid)

2018-08-07 19:39:12 - [TEST_STEP][PASSED] - comment: Search by invalid product

2018-08-07 19:39:12 - [TEST_STEP][PASSED] - comment: Start apps and than Login

2018-08-07 19:39:12 - [TEST_STEP][PASSED] - Statement - apkPath = apkName: null

2018-08-07 19:39:12 - [TEST_STEP][FAILED] - startApplication: Unable to start app at: 'apk_test_release_2.apk' (Root cause: java.io.IOException: GetExitCodeProcess error=6, The handle is invalid)

2018-08-07 19:39:12 - [MESSAGE][FAILED] - Unable to start app at: 'apk_test_release_2.apk' (Root cause: java.io.IOException: GetExitCodeProcess error=6, The handle is invalid)]]></system-out>
         <system-err><![CDATA[2018-08-07 19:39:12 - [TEST_CASE][FAILED] - Test Cases/Story 26 dan 842 -Kelola Stok Final/26 TC 7 - Search by invalid product: Test Cases/Story 26 dan 842 -Kelola Stok Final/26 TC 7 - Search by invalid product FAILED because (of) Unable to start app at: 'apk_test_release_2.apk' (Root cause: java.io.IOException: GetExitCodeProcess error=6, The handle is invalid)]]></system-err>
      </testcase>
      <testcase name="Test Cases/Story 26 dan 842 -Kelola Stok Final/26 TC 8 - Drop down consist of product category" classname="Test Cases/Story 26 dan 842 -Kelola Stok Final/26 TC 8 - Drop down consist of product category" status="FAILED">
         <failure type="FAILED" message="Unable to start app at: 'apk_test_release_2.apk' (Root cause: java.io.IOException: GetExitCodeProcess error=6, The handle is invalid)"/>
         <system-out><![CDATA[2018-08-07 19:39:12 - [TEST_CASE][FAILED] - Test Cases/Story 26 dan 842 -Kelola Stok Final/26 TC 8 - Drop down consist of product category: Test Cases/Story 26 dan 842 -Kelola Stok Final/26 TC 8 - Drop down consist of product category FAILED because (of) Unable to start app at: 'apk_test_release_2.apk' (Root cause: java.io.IOException: GetExitCodeProcess error=6, The handle is invalid)

2018-08-07 19:39:13 - [TEST_STEP][PASSED] - comment: Drop down consist of product category

2018-08-07 19:39:13 - [TEST_STEP][PASSED] - comment: Start apps and than Login

2018-08-07 19:39:13 - [TEST_STEP][PASSED] - Statement - apkPath = apkName: null

2018-08-07 19:39:13 - [TEST_STEP][FAILED] - startApplication: Unable to start app at: 'apk_test_release_2.apk' (Root cause: java.io.IOException: GetExitCodeProcess error=6, The handle is invalid)

2018-08-07 19:39:13 - [MESSAGE][FAILED] - Unable to start app at: 'apk_test_release_2.apk' (Root cause: java.io.IOException: GetExitCodeProcess error=6, The handle is invalid)]]></system-out>
         <system-err><![CDATA[2018-08-07 19:39:12 - [TEST_CASE][FAILED] - Test Cases/Story 26 dan 842 -Kelola Stok Final/26 TC 8 - Drop down consist of product category: Test Cases/Story 26 dan 842 -Kelola Stok Final/26 TC 8 - Drop down consist of product category FAILED because (of) Unable to start app at: 'apk_test_release_2.apk' (Root cause: java.io.IOException: GetExitCodeProcess error=6, The handle is invalid)]]></system-err>
      </testcase>
      <testcase name="Test Cases/Story 26 dan 842 -Kelola Stok Final/26 TC 9 - Check paging" classname="Test Cases/Story 26 dan 842 -Kelola Stok Final/26 TC 9 - Check paging" status="FAILED">
         <failure type="FAILED" message="Unable to start app at: 'apk_test_release_2.apk' (Root cause: java.io.IOException: GetExitCodeProcess error=6, The handle is invalid)"/>
         <system-out><![CDATA[2018-08-07 19:39:13 - [TEST_CASE][FAILED] - Test Cases/Story 26 dan 842 -Kelola Stok Final/26 TC 9 - Check paging: Test Cases/Story 26 dan 842 -Kelola Stok Final/26 TC 9 - Check paging FAILED because (of) Unable to start app at: 'apk_test_release_2.apk' (Root cause: java.io.IOException: GetExitCodeProcess error=6, The handle is invalid)

2018-08-07 19:39:13 - [TEST_STEP][PASSED] - comment: Check Paging

2018-08-07 19:39:13 - [TEST_STEP][PASSED] - comment: Start apps and than Login

2018-08-07 19:39:13 - [TEST_STEP][PASSED] - Statement - apkPath = apkName: null

2018-08-07 19:39:13 - [TEST_STEP][FAILED] - startApplication: Unable to start app at: 'apk_test_release_2.apk' (Root cause: java.io.IOException: GetExitCodeProcess error=6, The handle is invalid)

2018-08-07 19:39:13 - [MESSAGE][FAILED] - Unable to start app at: 'apk_test_release_2.apk' (Root cause: java.io.IOException: GetExitCodeProcess error=6, The handle is invalid)]]></system-out>
         <system-err><![CDATA[2018-08-07 19:39:13 - [TEST_CASE][FAILED] - Test Cases/Story 26 dan 842 -Kelola Stok Final/26 TC 9 - Check paging: Test Cases/Story 26 dan 842 -Kelola Stok Final/26 TC 9 - Check paging FAILED because (of) Unable to start app at: 'apk_test_release_2.apk' (Root cause: java.io.IOException: GetExitCodeProcess error=6, The handle is invalid)]]></system-err>
      </testcase>
      <testcase name="Test Cases/Story 26 dan 842 -Kelola Stok Final/26 TC 10 - Click Tambah Barang button" classname="Test Cases/Story 26 dan 842 -Kelola Stok Final/26 TC 10 - Click Tambah Barang button" status="FAILED">
         <failure type="FAILED" message="Unable to start app at: 'apk_test_release_2.apk' (Root cause: java.io.IOException: GetExitCodeProcess error=6, The handle is invalid)"/>
         <system-out><![CDATA[2018-08-07 19:39:13 - [TEST_CASE][FAILED] - Test Cases/Story 26 dan 842 -Kelola Stok Final/26 TC 10 - Click Tambah Barang button: Test Cases/Story 26 dan 842 -Kelola Stok Final/26 TC 10 - Click Tambah Barang button FAILED because (of) Unable to start app at: 'apk_test_release_2.apk' (Root cause: java.io.IOException: GetExitCodeProcess error=6, The handle is invalid)

2018-08-07 19:39:13 - [TEST_STEP][PASSED] - comment:  Click Tambah Barang button

2018-08-07 19:39:13 - [TEST_STEP][PASSED] - comment: Start apps and than Login

2018-08-07 19:39:13 - [TEST_STEP][PASSED] - Statement - apkPath = apkName: null

2018-08-07 19:39:13 - [TEST_STEP][FAILED] - startApplication: Unable to start app at: 'apk_test_release_2.apk' (Root cause: java.io.IOException: GetExitCodeProcess error=6, The handle is invalid)

2018-08-07 19:39:13 - [MESSAGE][FAILED] - Unable to start app at: 'apk_test_release_2.apk' (Root cause: java.io.IOException: GetExitCodeProcess error=6, The handle is invalid)]]></system-out>
         <system-err><![CDATA[2018-08-07 19:39:13 - [TEST_CASE][FAILED] - Test Cases/Story 26 dan 842 -Kelola Stok Final/26 TC 10 - Click Tambah Barang button: Test Cases/Story 26 dan 842 -Kelola Stok Final/26 TC 10 - Click Tambah Barang button FAILED because (of) Unable to start app at: 'apk_test_release_2.apk' (Root cause: java.io.IOException: GetExitCodeProcess error=6, The handle is invalid)]]></system-err>
      </testcase>
      <testcase name="Test Cases/Story 26 dan 842 -Kelola Stok Final/26 TC 11 - Click Sidebar to LogOut" classname="Test Cases/Story 26 dan 842 -Kelola Stok Final/26 TC 11 - Click Sidebar to LogOut" status="FAILED">
         <failure type="FAILED" message="Unable to start app at: 'apk_test_release_2.apk' (Root cause: java.io.IOException: GetExitCodeProcess error=6, The handle is invalid)"/>
         <system-out><![CDATA[2018-08-07 19:39:13 - [TEST_CASE][FAILED] - Test Cases/Story 26 dan 842 -Kelola Stok Final/26 TC 11 - Click Sidebar to LogOut: Test Cases/Story 26 dan 842 -Kelola Stok Final/26 TC 11 - Click Sidebar to LogOut FAILED because (of) Unable to start app at: 'apk_test_release_2.apk' (Root cause: java.io.IOException: GetExitCodeProcess error=6, The handle is invalid)

2018-08-07 19:39:13 - [TEST_STEP][PASSED] - comment: Click Sidebar

2018-08-07 19:39:13 - [TEST_STEP][PASSED] - comment: Start apps and than Login

2018-08-07 19:39:13 - [TEST_STEP][PASSED] - Statement - apkPath = apkName: null

2018-08-07 19:39:13 - [TEST_STEP][FAILED] - startApplication: Unable to start app at: 'apk_test_release_2.apk' (Root cause: java.io.IOException: GetExitCodeProcess error=6, The handle is invalid)

2018-08-07 19:39:13 - [MESSAGE][FAILED] - Unable to start app at: 'apk_test_release_2.apk' (Root cause: java.io.IOException: GetExitCodeProcess error=6, The handle is invalid)]]></system-out>
         <system-err><![CDATA[2018-08-07 19:39:13 - [TEST_CASE][FAILED] - Test Cases/Story 26 dan 842 -Kelola Stok Final/26 TC 11 - Click Sidebar to LogOut: Test Cases/Story 26 dan 842 -Kelola Stok Final/26 TC 11 - Click Sidebar to LogOut FAILED because (of) Unable to start app at: 'apk_test_release_2.apk' (Root cause: java.io.IOException: GetExitCodeProcess error=6, The handle is invalid)]]></system-err>
      </testcase>
      <system-out><![CDATA[2018-08-07 19:18:47 - [TEST_SUITE][FAILED] - Story 26 - Kelola Stock: Test Cases/Story 26 dan 842 -Kelola Stok Final/26 TC 2 - Search by selected Product Category FAILED because (of) Element 'Object Repository/Sidebar Menu/Produk/Stock View/List Produk - Elemen 1' not found]]></system-out>
      <system-err><![CDATA[2018-08-07 19:18:47 - [TEST_SUITE][FAILED] - Story 26 - Kelola Stock: Test Cases/Story 26 dan 842 -Kelola Stok Final/26 TC 2 - Search by selected Product Category FAILED because (of) Element 'Object Repository/Sidebar Menu/Produk/Stock View/List Produk - Elemen 1' not found]]></system-err>
   </testsuite>
</testsuites>
