<?xml version="1.0" encoding="UTF-8"?>
<testsuites name="Story 1787 - Transaction Receipt" time="503" tests="1" failures="0" errors="0">
   <testsuite name="Story 1787 - Transaction Receipt" tests="1" failures="0" errors="0" time="503" timestamp="2018-09-13 14:07:37" hostname="AV2017005903 - NBMP18A211ITSQA.corp.bankbtpn.co.id" id="Test Suites/Story 1787 - Transaction Receipt">
      <properties>
         <property name="deviceName" value="OPPO A37f (Android 5.1.1)"/>
         <property name="devicePlatform" value=""/>
         <property name="logFolder" value="C:\\Users\\AV2017005903\\Documents\\apollo-automation\\Reports\\Story 1787 - Transaction Receipt\\20180913_140734"/>
         <property name="logFiles" value="C:\\Users\\AV2017005903\\Documents\\apollo-automation\\Reports\\Story 1787 - Transaction Receipt\\20180913_140734\\appium.log, C:\\Users\\AV2017005903\\Documents\\apollo-automation\\Reports\\Story 1787 - Transaction Receipt\\20180913_140734\\execution0.log"/>
         <property name="attachments" value=""/>
         <property name="hostName" value="AV2017005903 - NBMP18A211ITSQA.corp.bankbtpn.co.id"/>
         <property name="os" value="Windows 10 64bit"/>
         <property name="katalonVersion" value="5.6.0.1"/>
         <property name="deviceOS" value="Android"/>
         <property name="appiumVersion" value="1.8.1"/>
         <property name="deviceModel" value="A37f"/>
         <property name="hostAddress" value="192.168.62.1"/>
         <property name="deviceManufacturer" value="OPPO"/>
         <property name="deviceId" value="6e4df14"/>
         <property name="deviceName" value="OPPO A37f (Android 5.1.1)"/>
         <property name="deviceOSVersion" value="5.1.1"/>
      </properties>
      <testcase name="Test Cases/Release 3 - Squad Hades/Sprint 1/Story 1787 - Transaction Receipt/TC 1 - Check Transaction Receipt with adding Biaya Tambahan" classname="Test Cases/Release 3 - Squad Hades/Sprint 1/Story 1787 - Transaction Receipt/TC 1 - Check Transaction Receipt with adding Biaya Tambahan" status="PASSED">
         <system-out><![CDATA[2018-09-13 14:07:38 - [TEST_CASE][PASSED] - Test Cases/Release 3 - Squad Hades/Sprint 1/Story 1787 - Transaction Receipt/TC 1 - Check Transaction Receipt with adding Biaya Tambahan: Test Cases/Release 3 - Squad Hades/Sprint 1/Story 1787 - Transaction Receipt/TC 1 - Check Transaction Receipt with adding Biaya Tambahan

2018-09-13 14:07:38 - [TEST_STEP][PASSED] - comment: 

2018-09-13 14:07:38 - [TEST_STEP][PASSED] - comment: WELCOME SCREEN

2018-09-13 14:07:38 - [TEST_STEP][PASSED] - Statement - apkPath = apkName: null

2018-09-13 14:07:38 - [TEST_STEP][PASSED] - startApplication: Started app at: 'C:\Users\AV2017005903\Documents\apollo-automation\12 September.apk'

2018-09-13 14:08:16 - [MESSAGE][PASSED] - Started app at: 'C:\Users\AV2017005903\Documents\apollo-automation\12 September.apk'

2018-09-13 14:08:16 - [TEST_STEP][PASSED] - delay: Delayed 15 second(s)

2018-09-13 14:08:31 - [MESSAGE][PASSED] - Delayed 15 second(s)

2018-09-13 14:08:31 - [TEST_STEP][PASSED] - Comment - "If there is a Update TopuUp, click No, Else you can delay for waiting lazyload ": null

2018-09-13 14:08:31 - [TEST_STEP][PASSED] - Statement - driver = com.kms.katalon.core.mobile.keyword.internal.MobileDriverFactory.getDriver(): null

2018-09-13 14:08:31 - [TEST_STEP][PASSED] - Statement - action = new io.appium.java_client.TouchAction(driver): null

2018-09-13 14:08:31 - [TEST_STEP][PASSED] - Statement - action.longPress(550, 300).moveTo(100, 300).release().perform(): null

2018-09-13 14:08:33 - [TEST_STEP][PASSED] - delay: Delayed 8 second(s)

2018-09-13 14:08:41 - [MESSAGE][PASSED] - Delayed 8 second(s)

2018-09-13 14:08:41 - [TEST_STEP][PASSED] - Statement - action.longPress(550, 300).moveTo(100, 300).release().perform(): null

2018-09-13 14:08:44 - [TEST_STEP][PASSED] - delay: Delayed 8 second(s)

2018-09-13 14:08:52 - [MESSAGE][PASSED] - Delayed 8 second(s)

2018-09-13 14:08:52 - [TEST_STEP][PASSED] - Statement - action.longPress(550, 300).moveTo(100, 300).release().perform(): null

2018-09-13 14:08:55 - [TEST_STEP][PASSED] - delay: Delayed 8 second(s)

2018-09-13 14:09:03 - [MESSAGE][PASSED] - Delayed 8 second(s)

2018-09-13 14:09:03 - [TEST_STEP][PASSED] - Statement - action.longPress(550, 300).moveTo(100, 300).release().perform(): null

2018-09-13 14:09:06 - [TEST_STEP][PASSED] - delay: Delayed 8 second(s)

2018-09-13 14:09:14 - [MESSAGE][PASSED] - Delayed 8 second(s)

2018-09-13 14:09:14 - [TEST_STEP][PASSED] - waitForElementPresent: Element 'Object Repository/Splash Screen/Mulai - Button' is present

2018-09-13 14:09:14 - [MESSAGE][WARNING] - Timeout '0' is invalid. Using default page load timeout: '30'

2018-09-13 14:09:17 - [MESSAGE][PASSED] - Element 'Object Repository/Splash Screen/Mulai - Button' is present

2018-09-13 14:09:17 - [TEST_STEP][PASSED] - tap: Tapped on element 'Object Repository/Splash Screen/Mulai - Button'

2018-09-13 14:09:17 - [MESSAGE][WARNING] - Timeout '0' is invalid. Using default page load timeout: '30'

2018-09-13 14:09:22 - [MESSAGE][PASSED] - Tapped on element 'Object Repository/Splash Screen/Mulai - Button'

2018-09-13 14:09:22 - [TEST_STEP][PASSED] - comment: end Welcome Screen

2018-09-13 14:09:22 - [TEST_STEP][PASSED] - comment: LOGIN

2018-09-13 14:09:22 - [TEST_STEP][PASSED] - waitForElementPresent: Element 'Object Repository/Login/Nomor HP  Nama Pengguna - Text Box' is present

2018-09-13 14:09:26 - [MESSAGE][PASSED] - Element 'Object Repository/Login/Nomor HP  Nama Pengguna - Text Box' is present

2018-09-13 14:09:26 - [TEST_STEP][PASSED] - verifyElementAttributeValue: Object 'Object Repository/Login/Nomor HP  Nama Pengguna - Text Box' has attribute 'content-desc' with value 'LoginNameTextInput'

2018-09-13 14:09:30 - [MESSAGE][PASSED] - Object 'Object Repository/Login/Nomor HP  Nama Pengguna - Text Box' has attribute 'content-desc' with value 'LoginNameTextInput'

2018-09-13 14:09:30 - [TEST_STEP][PASSED] - setText: Text '08112233445567' has been set to element 'Object Repository/Login/Nomor HP  Nama Pengguna - Text Box'

2018-09-13 14:09:51 - [MESSAGE][PASSED] - Text '08112233445567' has been set to element 'Object Repository/Login/Nomor HP  Nama Pengguna - Text Box'

2018-09-13 14:09:51 - [TEST_STEP][PASSED] - hideKeyboard: Keyboard is hidden

2018-09-13 14:09:53 - [MESSAGE][PASSED] - Keyboard is hidden

2018-09-13 14:09:53 - [TEST_STEP][PASSED] - verifyElementText: Actual text and expected text of test object 'Object Repository/Login/Nomor HP  Nama Pengguna - Text Box' are matched.

2018-09-13 14:09:57 - [MESSAGE][PASSED] - Actual text and expected text of test object 'Object Repository/Login/Nomor HP  Nama Pengguna - Text Box' are matched.

2018-09-13 14:09:57 - [TEST_STEP][PASSED] - waitForElementPresent: Element 'Object Repository/Login/Button Masuk' is present

2018-09-13 14:10:01 - [MESSAGE][PASSED] - Element 'Object Repository/Login/Button Masuk' is present

2018-09-13 14:10:01 - [TEST_STEP][PASSED] - verifyElementAttributeValue: Object 'Object Repository/Login/Button Masuk' has attribute 'content-desc' with value 'LoginJumpNextBtn'

2018-09-13 14:10:05 - [MESSAGE][PASSED] - Object 'Object Repository/Login/Button Masuk' has attribute 'content-desc' with value 'LoginJumpNextBtn'

2018-09-13 14:10:05 - [TEST_STEP][PASSED] - tap: Tapped on element 'Object Repository/Login/Button Masuk'

2018-09-13 14:10:11 - [MESSAGE][PASSED] - Tapped on element 'Object Repository/Login/Button Masuk'

2018-09-13 14:10:11 - [TEST_STEP][PASSED] - waitForElementPresent: Element 'Object Repository/Login/Input Pin' is present

2018-09-13 14:10:14 - [MESSAGE][PASSED] - Element 'Object Repository/Login/Input Pin' is present

2018-09-13 14:10:14 - [TEST_STEP][PASSED] - verifyElementAttributeValue: Object 'Object Repository/Login/Input Pin' has attribute 'content-desc' with value 'pinCircleFocus'

2018-09-13 14:10:18 - [MESSAGE][PASSED] - Object 'Object Repository/Login/Input Pin' has attribute 'content-desc' with value 'pinCircleFocus'

2018-09-13 14:10:18 - [TEST_STEP][PASSED] - tap: Tapped on element 'Object Repository/Login/Input Pin'

2018-09-13 14:10:23 - [MESSAGE][PASSED] - Tapped on element 'Object Repository/Login/Input Pin'

2018-09-13 14:10:23 - [TEST_STEP][PASSED] - setText: Text '123456' has been set to element 'Object Repository/Login/Input Pin'

2018-09-13 14:10:40 - [MESSAGE][PASSED] - Text '123456' has been set to element 'Object Repository/Login/Input Pin'

2018-09-13 14:10:40 - [TEST_STEP][PASSED] - delay: Delayed 5 second(s)

2018-09-13 14:10:45 - [MESSAGE][PASSED] - Delayed 5 second(s)

2018-09-13 14:10:45 - [TEST_STEP][PASSED] - comment: End Login Test Case

2018-09-13 14:10:45 - [TEST_STEP][PASSED] - waitForElementPresent: Element 'Object Repository/Sidebar Menu/Biaya/HamburgerButton' is present

2018-09-13 14:10:48 - [MESSAGE][PASSED] - Element 'Object Repository/Sidebar Menu/Biaya/HamburgerButton' is present

2018-09-13 14:10:48 - [TEST_STEP][PASSED] - comment: MESIN KASIR

2018-09-13 14:10:48 - [TEST_STEP][PASSED] - verifyElementAttributeValue: Object 'Object Repository/Sidebar Menu/Biaya/HamburgerButton' has attribute 'content-desc' with value 'headerBar_button_hamburgerMenu'

2018-09-13 14:10:52 - [MESSAGE][PASSED] - Object 'Object Repository/Sidebar Menu/Biaya/HamburgerButton' has attribute 'content-desc' with value 'headerBar_button_hamburgerMenu'

2018-09-13 14:10:52 - [TEST_STEP][PASSED] - tap: Tapped on element 'Object Repository/Sidebar Menu/Biaya/HamburgerButton'

2018-09-13 14:10:58 - [MESSAGE][PASSED] - Tapped on element 'Object Repository/Sidebar Menu/Biaya/HamburgerButton'

2018-09-13 14:10:58 - [TEST_STEP][PASSED] - waitForElementPresent: Element 'Object Repository/Sidebar Menu/Mesin Kasir/Kasir/Dashboard Kasir/Kasir' is present

2018-09-13 14:11:02 - [MESSAGE][PASSED] - Element 'Object Repository/Sidebar Menu/Mesin Kasir/Kasir/Dashboard Kasir/Kasir' is present

2018-09-13 14:11:02 - [TEST_STEP][PASSED] - verifyElementAttributeValue: Object 'Object Repository/Sidebar Menu/Mesin Kasir/Kasir/Dashboard Kasir/Kasir' has attribute 'content-desc' with value 'drawerContainer_button_cashierSwitch'

2018-09-13 14:11:06 - [MESSAGE][PASSED] - Object 'Object Repository/Sidebar Menu/Mesin Kasir/Kasir/Dashboard Kasir/Kasir' has attribute 'content-desc' with value 'drawerContainer_button_cashierSwitch'

2018-09-13 14:11:06 - [TEST_STEP][PASSED] - tap: Tapped on element 'Object Repository/Sidebar Menu/Mesin Kasir/Kasir/Dashboard Kasir/Kasir'

2018-09-13 14:11:11 - [MESSAGE][PASSED] - Tapped on element 'Object Repository/Sidebar Menu/Mesin Kasir/Kasir/Dashboard Kasir/Kasir'

2018-09-13 14:11:11 - [TEST_STEP][PASSED] - waitForElementPresent: Element 'Object Repository/Sidebar Menu/Mesin Kasir/Kasir/Dashboard Kasir/ListProduk 1' is present

2018-09-13 14:11:16 - [MESSAGE][PASSED] - Element 'Object Repository/Sidebar Menu/Mesin Kasir/Kasir/Dashboard Kasir/ListProduk 1' is present

2018-09-13 14:11:16 - [TEST_STEP][PASSED] - verifyElementAttributeValue: Object 'Object Repository/Sidebar Menu/Mesin Kasir/Kasir/Dashboard Kasir/ListProduk 1' has attribute 'content-desc' with value 'productSalesItem0'

2018-09-13 14:11:23 - [MESSAGE][PASSED] - Object 'Object Repository/Sidebar Menu/Mesin Kasir/Kasir/Dashboard Kasir/ListProduk 1' has attribute 'content-desc' with value 'productSalesItem0'

2018-09-13 14:11:23 - [TEST_STEP][PASSED] - Statement - For (def index : (0..1)): Tapped on element 'Object Repository/Sidebar Menu/Mesin Kasir/Kasir/Dashboard Kasir/ListProduk 1'

2018-09-13 14:11:23 - [TEST_STEP][PASSED] - tap: Tapped on element 'Object Repository/Sidebar Menu/Mesin Kasir/Kasir/Dashboard Kasir/ListProduk 1'

2018-09-13 14:11:30 - [MESSAGE][PASSED] - Tapped on element 'Object Repository/Sidebar Menu/Mesin Kasir/Kasir/Dashboard Kasir/ListProduk 1'

2018-09-13 14:11:30 - [TEST_STEP][PASSED] - tap: Tapped on element 'Object Repository/Sidebar Menu/Mesin Kasir/Kasir/Dashboard Kasir/ListProduk 1'

2018-09-13 14:11:39 - [MESSAGE][PASSED] - Tapped on element 'Object Repository/Sidebar Menu/Mesin Kasir/Kasir/Dashboard Kasir/ListProduk 1'

2018-09-13 14:11:39 - [TEST_STEP][PASSED] - Statement - For (def index : (0..1)): Tapped on element 'Object Repository/Sidebar Menu/Mesin Kasir/Kasir/Dashboard Kasir/ListProduk 2'

2018-09-13 14:11:39 - [TEST_STEP][PASSED] - tap: Tapped on element 'Object Repository/Sidebar Menu/Mesin Kasir/Kasir/Dashboard Kasir/ListProduk 2'

2018-09-13 14:11:46 - [MESSAGE][PASSED] - Tapped on element 'Object Repository/Sidebar Menu/Mesin Kasir/Kasir/Dashboard Kasir/ListProduk 2'

2018-09-13 14:11:46 - [TEST_STEP][PASSED] - tap: Tapped on element 'Object Repository/Sidebar Menu/Mesin Kasir/Kasir/Dashboard Kasir/ListProduk 2'

2018-09-13 14:11:53 - [MESSAGE][PASSED] - Tapped on element 'Object Repository/Sidebar Menu/Mesin Kasir/Kasir/Dashboard Kasir/ListProduk 2'

2018-09-13 14:11:53 - [TEST_STEP][PASSED] - waitForElementPresent: Element 'Object Repository/Sidebar Menu/Mesin Kasir/Kasir/Estimasi Detail Pesanan/Keranjangbtn' is present

2018-09-13 14:11:55 - [MESSAGE][PASSED] - Element 'Object Repository/Sidebar Menu/Mesin Kasir/Kasir/Estimasi Detail Pesanan/Keranjangbtn' is present

2018-09-13 14:11:55 - [TEST_STEP][PASSED] - tap: Tapped on element 'Object Repository/Sidebar Menu/Mesin Kasir/Kasir/Estimasi Detail Pesanan/Keranjangbtn'

2018-09-13 14:12:01 - [MESSAGE][PASSED] - Tapped on element 'Object Repository/Sidebar Menu/Mesin Kasir/Kasir/Estimasi Detail Pesanan/Keranjangbtn'

2018-09-13 14:12:01 - [TEST_STEP][PASSED] - comment: Ringkasan Pesanan Onboarding

2018-09-13 14:12:01 - [TEST_STEP][PASSED] - waitForElementPresent: Element 'Object Repository/Sidebar Menu/Mesin Kasir/Kasir/Ringkasan Pesanan/Diskon Tambahan/Tambah_Diskon' is present

2018-09-13 14:12:06 - [MESSAGE][PASSED] - Element 'Object Repository/Sidebar Menu/Mesin Kasir/Kasir/Ringkasan Pesanan/Diskon Tambahan/Tambah_Diskon' is present

2018-09-13 14:12:06 - [TEST_STEP][PASSED] - verifyElementAttributeValue: Object 'Object Repository/Sidebar Menu/Mesin Kasir/Kasir/Ringkasan Pesanan/Diskon Tambahan/Tambah_Diskon' has attribute 'content-desc' with value 'asubtotal_atext_additional_discount'

2018-09-13 14:12:11 - [MESSAGE][PASSED] - Object 'Object Repository/Sidebar Menu/Mesin Kasir/Kasir/Ringkasan Pesanan/Diskon Tambahan/Tambah_Diskon' has attribute 'content-desc' with value 'asubtotal_atext_additional_discount'

2018-09-13 14:12:11 - [TEST_STEP][PASSED] - tap: Tapped on element 'Object Repository/Sidebar Menu/Mesin Kasir/Kasir/Ringkasan Pesanan/Diskon Tambahan/Tambah_Diskon'

2018-09-13 14:12:16 - [MESSAGE][PASSED] - Tapped on element 'Object Repository/Sidebar Menu/Mesin Kasir/Kasir/Ringkasan Pesanan/Diskon Tambahan/Tambah_Diskon'

2018-09-13 14:12:16 - [TEST_STEP][PASSED] - waitForElementPresent: Element 'Object Repository/Sidebar Menu/Mesin Kasir/Kasir/Ringkasan Pesanan/Diskon Tambahan/DiskonTbhan_edittext' is present

2018-09-13 14:12:19 - [MESSAGE][PASSED] - Element 'Object Repository/Sidebar Menu/Mesin Kasir/Kasir/Ringkasan Pesanan/Diskon Tambahan/DiskonTbhan_edittext' is present

2018-09-13 14:12:19 - [TEST_STEP][PASSED] - verifyElementAttributeValue: Object 'Object Repository/Sidebar Menu/Mesin Kasir/Kasir/Ringkasan Pesanan/Diskon Tambahan/DiskonTbhan_edittext' has attribute 'content-desc' with value 'modalTextInput'

2018-09-13 14:12:24 - [MESSAGE][PASSED] - Object 'Object Repository/Sidebar Menu/Mesin Kasir/Kasir/Ringkasan Pesanan/Diskon Tambahan/DiskonTbhan_edittext' has attribute 'content-desc' with value 'modalTextInput'

2018-09-13 14:12:24 - [TEST_STEP][PASSED] - setText: Text '2000' has been set to element 'Object Repository/Sidebar Menu/Mesin Kasir/Kasir/Ringkasan Pesanan/Diskon Tambahan/DiskonTbhan_edittext'

2018-09-13 14:12:45 - [MESSAGE][PASSED] - Text '2000' has been set to element 'Object Repository/Sidebar Menu/Mesin Kasir/Kasir/Ringkasan Pesanan/Diskon Tambahan/DiskonTbhan_edittext'

2018-09-13 14:12:45 - [TEST_STEP][PASSED] - hideKeyboard: Keyboard is hidden

2018-09-13 14:12:46 - [MESSAGE][PASSED] - Keyboard is hidden

2018-09-13 14:12:46 - [TEST_STEP][PASSED] - waitForElementPresent: Element 'Object Repository/Sidebar Menu/Mesin Kasir/Kasir/Ringkasan Pesanan/Diskon Tambahan/Terapkanbtn' is present

2018-09-13 14:12:54 - [MESSAGE][PASSED] - Element 'Object Repository/Sidebar Menu/Mesin Kasir/Kasir/Ringkasan Pesanan/Diskon Tambahan/Terapkanbtn' is present

2018-09-13 14:12:54 - [TEST_STEP][PASSED] - verifyElementAttributeValue: Object 'Object Repository/Sidebar Menu/Mesin Kasir/Kasir/Ringkasan Pesanan/Diskon Tambahan/Terapkanbtn' has attribute 'content-desc' with value 'submitModalBtn'

2018-09-13 14:12:59 - [MESSAGE][PASSED] - Object 'Object Repository/Sidebar Menu/Mesin Kasir/Kasir/Ringkasan Pesanan/Diskon Tambahan/Terapkanbtn' has attribute 'content-desc' with value 'submitModalBtn'

2018-09-13 14:12:59 - [TEST_STEP][PASSED] - tap: Tapped on element 'Object Repository/Sidebar Menu/Mesin Kasir/Kasir/Ringkasan Pesanan/Diskon Tambahan/Terapkanbtn'

2018-09-13 14:13:05 - [MESSAGE][PASSED] - Tapped on element 'Object Repository/Sidebar Menu/Mesin Kasir/Kasir/Ringkasan Pesanan/Diskon Tambahan/Terapkanbtn'

2018-09-13 14:13:05 - [TEST_STEP][PASSED] - waitForElementPresent: Element 'Object Repository/Sidebar Menu/Mesin Kasir/Kasir/Ringkasan Pesanan/Biaya Tambahan/Tambah_Biaya' is present

2018-09-13 14:13:08 - [MESSAGE][PASSED] - Element 'Object Repository/Sidebar Menu/Mesin Kasir/Kasir/Ringkasan Pesanan/Biaya Tambahan/Tambah_Biaya' is present

2018-09-13 14:13:08 - [TEST_STEP][PASSED] - verifyElementAttributeValue: Object 'Object Repository/Sidebar Menu/Mesin Kasir/Kasir/Ringkasan Pesanan/Biaya Tambahan/Tambah_Biaya' has attribute 'content-desc' with value 'asubtotal_abutton_additional_cost'

2018-09-13 14:13:12 - [MESSAGE][PASSED] - Object 'Object Repository/Sidebar Menu/Mesin Kasir/Kasir/Ringkasan Pesanan/Biaya Tambahan/Tambah_Biaya' has attribute 'content-desc' with value 'asubtotal_abutton_additional_cost'

2018-09-13 14:13:12 - [TEST_STEP][PASSED] - tap: Tapped on element 'Object Repository/Sidebar Menu/Mesin Kasir/Kasir/Ringkasan Pesanan/Biaya Tambahan/Tambah_Biaya'

2018-09-13 14:13:18 - [MESSAGE][PASSED] - Tapped on element 'Object Repository/Sidebar Menu/Mesin Kasir/Kasir/Ringkasan Pesanan/Biaya Tambahan/Tambah_Biaya'

2018-09-13 14:13:18 - [TEST_STEP][PASSED] - waitForElementPresent: Element 'Object Repository/Sidebar Menu/Mesin Kasir/Kasir/Ringkasan Pesanan/Biaya Tambahan/TambahBiaya - JudulDropdown' is present

2018-09-13 14:13:24 - [MESSAGE][PASSED] - Element 'Object Repository/Sidebar Menu/Mesin Kasir/Kasir/Ringkasan Pesanan/Biaya Tambahan/TambahBiaya - JudulDropdown' is present

2018-09-13 14:13:24 - [TEST_STEP][PASSED] - verifyElementAttributeValue: Object 'Object Repository/Sidebar Menu/Mesin Kasir/Kasir/Ringkasan Pesanan/Biaya Tambahan/TambahBiaya - JudulDropdown' has attribute 'content-desc' with value 'additionalCost_icon_costType'

2018-09-13 14:13:32 - [MESSAGE][PASSED] - Object 'Object Repository/Sidebar Menu/Mesin Kasir/Kasir/Ringkasan Pesanan/Biaya Tambahan/TambahBiaya - JudulDropdown' has attribute 'content-desc' with value 'additionalCost_icon_costType'

2018-09-13 14:13:32 - [TEST_STEP][PASSED] - tap: Tapped on element 'Object Repository/Sidebar Menu/Mesin Kasir/Kasir/Ringkasan Pesanan/Biaya Tambahan/TambahBiaya - JudulDropdown'

2018-09-13 14:13:38 - [MESSAGE][PASSED] - Tapped on element 'Object Repository/Sidebar Menu/Mesin Kasir/Kasir/Ringkasan Pesanan/Biaya Tambahan/TambahBiaya - JudulDropdown'

2018-09-13 14:13:38 - [TEST_STEP][PASSED] - waitForElementPresent: Element 'Object Repository/Sidebar Menu/Mesin Kasir/Kasir/Ringkasan Pesanan/Biaya Tambahan/TambahBiaya - JudulList2' is present

2018-09-13 14:13:44 - [MESSAGE][PASSED] - Element 'Object Repository/Sidebar Menu/Mesin Kasir/Kasir/Ringkasan Pesanan/Biaya Tambahan/TambahBiaya - JudulList2' is present

2018-09-13 14:13:44 - [TEST_STEP][PASSED] - verifyElementAttributeValue: Object 'Object Repository/Sidebar Menu/Mesin Kasir/Kasir/Ringkasan Pesanan/Biaya Tambahan/TambahBiaya - JudulList2' has attribute 'content-desc' with value 'additionalCost_text_costType_1'

2018-09-13 14:13:48 - [MESSAGE][PASSED] - Object 'Object Repository/Sidebar Menu/Mesin Kasir/Kasir/Ringkasan Pesanan/Biaya Tambahan/TambahBiaya - JudulList2' has attribute 'content-desc' with value 'additionalCost_text_costType_1'

2018-09-13 14:13:48 - [TEST_STEP][PASSED] - tap: Tapped on element 'Object Repository/Sidebar Menu/Mesin Kasir/Kasir/Ringkasan Pesanan/Biaya Tambahan/TambahBiaya - JudulList2'

2018-09-13 14:13:59 - [MESSAGE][PASSED] - Tapped on element 'Object Repository/Sidebar Menu/Mesin Kasir/Kasir/Ringkasan Pesanan/Biaya Tambahan/TambahBiaya - JudulList2'

2018-09-13 14:13:59 - [TEST_STEP][PASSED] - waitForElementPresent: Element 'Object Repository/Sidebar Menu/Mesin Kasir/Kasir/Ringkasan Pesanan/Biaya Tambahan/TambahBiaya - BiayaEditTxt' is present

2018-09-13 14:14:02 - [MESSAGE][PASSED] - Element 'Object Repository/Sidebar Menu/Mesin Kasir/Kasir/Ringkasan Pesanan/Biaya Tambahan/TambahBiaya - BiayaEditTxt' is present

2018-09-13 14:14:02 - [TEST_STEP][PASSED] - verifyElementAttributeValue: Object 'Object Repository/Sidebar Menu/Mesin Kasir/Kasir/Ringkasan Pesanan/Biaya Tambahan/TambahBiaya - BiayaEditTxt' has attribute 'content-desc' with value 'additionalCost_input_costAmount'

2018-09-13 14:14:11 - [MESSAGE][PASSED] - Object 'Object Repository/Sidebar Menu/Mesin Kasir/Kasir/Ringkasan Pesanan/Biaya Tambahan/TambahBiaya - BiayaEditTxt' has attribute 'content-desc' with value 'additionalCost_input_costAmount'

2018-09-13 14:14:11 - [TEST_STEP][PASSED] - setText: Text '2000' has been set to element 'Object Repository/Sidebar Menu/Mesin Kasir/Kasir/Ringkasan Pesanan/Biaya Tambahan/TambahBiaya - BiayaEditTxt'

2018-09-13 14:14:30 - [MESSAGE][PASSED] - Text '2000' has been set to element 'Object Repository/Sidebar Menu/Mesin Kasir/Kasir/Ringkasan Pesanan/Biaya Tambahan/TambahBiaya - BiayaEditTxt'

2018-09-13 14:14:30 - [TEST_STEP][PASSED] - hideKeyboard: Keyboard is hidden

2018-09-13 14:14:31 - [MESSAGE][PASSED] - Keyboard is hidden

2018-09-13 14:14:31 - [TEST_STEP][PASSED] - waitForElementPresent: Element 'Object Repository/Sidebar Menu/Mesin Kasir/Kasir/Ringkasan Pesanan/Biaya Tambahan/TambahBiaya - SIMPANbtn' is present

2018-09-13 14:14:38 - [MESSAGE][PASSED] - Element 'Object Repository/Sidebar Menu/Mesin Kasir/Kasir/Ringkasan Pesanan/Biaya Tambahan/TambahBiaya - SIMPANbtn' is present

2018-09-13 14:14:38 - [TEST_STEP][PASSED] - verifyElementAttributeValue: Object 'Object Repository/Sidebar Menu/Mesin Kasir/Kasir/Ringkasan Pesanan/Biaya Tambahan/TambahBiaya - SIMPANbtn' has attribute 'content-desc' with value 'additionalCost_button_saveCost'

2018-09-13 14:14:42 - [MESSAGE][PASSED] - Object 'Object Repository/Sidebar Menu/Mesin Kasir/Kasir/Ringkasan Pesanan/Biaya Tambahan/TambahBiaya - SIMPANbtn' has attribute 'content-desc' with value 'additionalCost_button_saveCost'

2018-09-13 14:14:42 - [TEST_STEP][PASSED] - tap: Tapped on element 'Object Repository/Sidebar Menu/Mesin Kasir/Kasir/Ringkasan Pesanan/Biaya Tambahan/TambahBiaya - SIMPANbtn'

2018-09-13 14:14:52 - [MESSAGE][PASSED] - Tapped on element 'Object Repository/Sidebar Menu/Mesin Kasir/Kasir/Ringkasan Pesanan/Biaya Tambahan/TambahBiaya - SIMPANbtn'

2018-09-13 14:14:52 - [TEST_STEP][PASSED] - waitForElementPresent: Element 'Object Repository/Sidebar Menu/Mesin Kasir/Kasir/Ringkasan Pesanan/Ringkasan Pesanan - Bayarbtn' is present

2018-09-13 14:14:55 - [MESSAGE][PASSED] - Element 'Object Repository/Sidebar Menu/Mesin Kasir/Kasir/Ringkasan Pesanan/Ringkasan Pesanan - Bayarbtn' is present

2018-09-13 14:14:55 - [TEST_STEP][PASSED] - verifyElementAttributeValue: Object 'Object Repository/Sidebar Menu/Mesin Kasir/Kasir/Ringkasan Pesanan/Ringkasan Pesanan - Bayarbtn' has attribute 'content-desc' with value 'asubtotal_abutton_pay'

2018-09-13 14:15:02 - [MESSAGE][PASSED] - Object 'Object Repository/Sidebar Menu/Mesin Kasir/Kasir/Ringkasan Pesanan/Ringkasan Pesanan - Bayarbtn' has attribute 'content-desc' with value 'asubtotal_abutton_pay'

2018-09-13 14:15:02 - [TEST_STEP][PASSED] - tap: Tapped on element 'Object Repository/Sidebar Menu/Mesin Kasir/Kasir/Ringkasan Pesanan/Ringkasan Pesanan - Bayarbtn'

2018-09-13 14:15:08 - [MESSAGE][PASSED] - Tapped on element 'Object Repository/Sidebar Menu/Mesin Kasir/Kasir/Ringkasan Pesanan/Ringkasan Pesanan - Bayarbtn'

2018-09-13 14:15:08 - [TEST_STEP][PASSED] - waitForElementPresent: Element 'Object Repository/Sidebar Menu/Mesin Kasir/Kasir/Pembayaran/Pembayaran - Tunai' is present

2018-09-13 14:15:11 - [MESSAGE][PASSED] - Element 'Object Repository/Sidebar Menu/Mesin Kasir/Kasir/Pembayaran/Pembayaran - Tunai' is present

2018-09-13 14:15:11 - [TEST_STEP][PASSED] - verifyElementAttributeValue: Object 'Object Repository/Sidebar Menu/Mesin Kasir/Kasir/Pembayaran/Pembayaran - Tunai' has attribute 'content-desc' with value 'payment-method-Tunai'

2018-09-13 14:15:14 - [MESSAGE][PASSED] - Object 'Object Repository/Sidebar Menu/Mesin Kasir/Kasir/Pembayaran/Pembayaran - Tunai' has attribute 'content-desc' with value 'payment-method-Tunai'

2018-09-13 14:15:14 - [TEST_STEP][PASSED] - tap: Tapped on element 'Object Repository/Sidebar Menu/Mesin Kasir/Kasir/Pembayaran/Pembayaran - Tunai'

2018-09-13 14:15:20 - [MESSAGE][PASSED] - Tapped on element 'Object Repository/Sidebar Menu/Mesin Kasir/Kasir/Pembayaran/Pembayaran - Tunai'

2018-09-13 14:15:20 - [TEST_STEP][PASSED] - waitForElementPresent: Element 'Object Repository/Sidebar Menu/Mesin Kasir/Kasir/Pembayaran/Pembayaran - Bayarbtn' is present

2018-09-13 14:15:25 - [MESSAGE][PASSED] - Element 'Object Repository/Sidebar Menu/Mesin Kasir/Kasir/Pembayaran/Pembayaran - Bayarbtn' is present

2018-09-13 14:15:25 - [TEST_STEP][PASSED] - verifyElementAttributeValue: Object 'Object Repository/Sidebar Menu/Mesin Kasir/Kasir/Pembayaran/Pembayaran - Bayarbtn' has attribute 'content-desc' with value 'bayarBtn'

2018-09-13 14:15:29 - [MESSAGE][PASSED] - Object 'Object Repository/Sidebar Menu/Mesin Kasir/Kasir/Pembayaran/Pembayaran - Bayarbtn' has attribute 'content-desc' with value 'bayarBtn'

2018-09-13 14:15:29 - [TEST_STEP][PASSED] - tap: Tapped on element 'Object Repository/Sidebar Menu/Mesin Kasir/Kasir/Pembayaran/Pembayaran - Bayarbtn'

2018-09-13 14:15:33 - [MESSAGE][PASSED] - Tapped on element 'Object Repository/Sidebar Menu/Mesin Kasir/Kasir/Pembayaran/Pembayaran - Bayarbtn'

2018-09-13 14:15:33 - [TEST_STEP][PASSED] - waitForElementPresent: Element 'Object Repository/Sidebar Menu/Mesin Kasir/Kasir/Receipt/Receipt - Selesai' is present

2018-09-13 14:15:37 - [MESSAGE][PASSED] - Element 'Object Repository/Sidebar Menu/Mesin Kasir/Kasir/Receipt/Receipt - Selesai' is present

2018-09-13 14:15:37 - [TEST_STEP][PASSED] - verifyElementAttributeValue: Object 'Object Repository/Sidebar Menu/Mesin Kasir/Kasir/Receipt/Receipt - Selesai' has attribute 'content-desc' with value 'selesai_abutton'

2018-09-13 14:15:43 - [MESSAGE][PASSED] - Object 'Object Repository/Sidebar Menu/Mesin Kasir/Kasir/Receipt/Receipt - Selesai' has attribute 'content-desc' with value 'selesai_abutton'

2018-09-13 14:15:43 - [TEST_STEP][PASSED] - tap: Tapped on element 'Object Repository/Sidebar Menu/Mesin Kasir/Kasir/Receipt/Receipt - Selesai'

2018-09-13 14:15:48 - [MESSAGE][PASSED] - Tapped on element 'Object Repository/Sidebar Menu/Mesin Kasir/Kasir/Receipt/Receipt - Selesai'

2018-09-13 14:15:48 - [TEST_STEP][PASSED] - verifyElementVisible: Element 'Object Repository/Sidebar Menu/Mesin Kasir/Kasir/Receipt/DashboardKasir' is visible

2018-09-13 14:15:53 - [MESSAGE][PASSED] - Element 'Object Repository/Sidebar Menu/Mesin Kasir/Kasir/Receipt/DashboardKasir' is visible]]></system-out>
         <system-err><![CDATA[]]></system-err>
      </testcase>
      <system-out><![CDATA[2018-09-13 14:07:37 - [TEST_SUITE][PASSED] - Story 1787 - Transaction Receipt: Test Cases/Release 3 - Squad Hades/Sprint 1/Story 1787 - Transaction Receipt/TC 1 - Check Transaction Receipt with adding Biaya Tambahan]]></system-out>
      <system-err><![CDATA[]]></system-err>
   </testsuite>
</testsuites>
