<?xml version="1.0" encoding="UTF-8"?>
<testsuites name="Sprint 2" time="1076" tests="3" failures="5" errors="0">
   <testsuite name="Sprint 2" tests="3" failures="5" errors="0" time="1076" timestamp="2018-02-07 10:56:50" hostname="AV2017005903 - NBMP18A211ITSQA.corp.bankbtpn.co.id" id="Test Suites/Sprint 2">
      <properties>
         <property name="deviceName" value="asus ASUS_X014D 5.1.1"/>
         <property name="devicePlatform" value=""/>
         <property name="logFolder" value="C:\\Users\\AV2017005903\\Documents\\Apollo Test\\Reports\\Sprint 2\\20180207_105648"/>
         <property name="logFiles" value="C:\\Users\\AV2017005903\\Documents\\Apollo Test\\Reports\\Sprint 2\\20180207_105648\\appium.log, C:\\Users\\AV2017005903\\Documents\\Apollo Test\\Reports\\Sprint 2\\20180207_105648\\execution0.log"/>
         <property name="attachments" value=""/>
         <property name="hostName" value="AV2017005903 - NBMP18A211ITSQA.corp.bankbtpn.co.id"/>
         <property name="os" value="Windows 10 64bit"/>
         <property name="katalonVersion" value="5.0.0.1"/>
         <property name="deviceOS" value="Android"/>
         <property name="appiumVersion" value="1.6.5"/>
         <property name="deviceModel" value="ASUS_X014D"/>
         <property name="hostAddress" value="192.168.17.193"/>
         <property name="deviceManufacturer" value="asus"/>
         <property name="deviceId" value="GBAXGV411465ERX"/>
         <property name="deviceName" value="asus ASUS_X014D 5.1.1"/>
         <property name="deviceOSVersion" value="5.1.1"/>
      </properties>
      <testcase name="Test Cases/26 - TC - All" classname="Test Cases/26 - TC - All" status="FAILED">
         <failure type="FAILED" message="Failed to tap on element 'Object Repository/Sidebar Menu/Operasional/Stock/Stock View/Terapkan - Select Kategori' (Root cause: Object Object Repository/Sidebar Menu/Operasional/Stock/Stock View/Terapkan - Select Kategori not found)"/>
         <system-out><![CDATA[2018-02-07 10:56:50 - [TEST_CASE][FAILED] - Test Cases/26 - TC - All: Test Cases/26 - TC - All FAILED because (of) Failed to tap on element 'Object Repository/Sidebar Menu/Operasional/Stock/Stock View/Terapkan - Select Kategori' (Root cause: Object Object Repository/Sidebar Menu/Operasional/Stock/Stock View/Terapkan - Select Kategori not found)

2018-02-07 10:56:51 - [TEST_STEP][PASSED] - comment: Start Story 26

2018-02-07 10:56:51 - [TEST_STEP][PASSED] - startApplication: Started app at: 'C:\Users\AV2017005903\Documents\Apollo Test\SIT v-2.apk'

2018-02-07 10:57:09 - [MESSAGE][PASSED] - Started app at: 'C:\Users\AV2017005903\Documents\Apollo Test\SIT v-2.apk'

2018-02-07 10:57:09 - [TEST_STEP][PASSED] - tap: Tapped on element 'Object Repository/Login/Daftar Sekarang - Belum Punya Akun'

2018-02-07 10:57:16 - [MESSAGE][PASSED] - Tapped on element 'Object Repository/Login/Daftar Sekarang - Belum Punya Akun'

2018-02-07 10:57:16 - [TEST_STEP][NOT_RUN] - tap: NOT_RUN: tap

2018-02-07 10:57:16 - [MESSAGE][NOT_RUN] - NOT_RUN: tap

2018-02-07 10:57:16 - [TEST_STEP][NOT_RUN] - setText: NOT_RUN: setText

2018-02-07 10:57:16 - [MESSAGE][NOT_RUN] - NOT_RUN: setText

2018-02-07 10:57:16 - [TEST_STEP][NOT_RUN] - hideKeyboard: NOT_RUN: hideKeyboard

2018-02-07 10:57:16 - [MESSAGE][NOT_RUN] - NOT_RUN: hideKeyboard

2018-02-07 10:57:16 - [TEST_STEP][NOT_RUN] - tap: NOT_RUN: tap

2018-02-07 10:57:16 - [MESSAGE][NOT_RUN] - NOT_RUN: tap

2018-02-07 10:57:16 - [TEST_STEP][NOT_RUN] - waitForElementPresent: NOT_RUN: waitForElementPresent

2018-02-07 10:57:16 - [MESSAGE][NOT_RUN] - NOT_RUN: waitForElementPresent

2018-02-07 10:57:16 - [TEST_STEP][NOT_RUN] - tap: NOT_RUN: tap

2018-02-07 10:57:16 - [MESSAGE][NOT_RUN] - NOT_RUN: tap

2018-02-07 10:57:16 - [TEST_STEP][NOT_RUN] - setText: NOT_RUN: setText

2018-02-07 10:57:16 - [MESSAGE][NOT_RUN] - NOT_RUN: setText

2018-02-07 10:57:16 - [TEST_STEP][PASSED] - waitForElementPresent: Element 'Object Repository/Sidebar Menu/HamburgerButton' is present

2018-02-07 10:57:19 - [MESSAGE][PASSED] - Element 'Object Repository/Sidebar Menu/HamburgerButton' is present

2018-02-07 10:57:19 - [TEST_STEP][PASSED] - tap: Tapped on element 'Object Repository/Sidebar Menu/HamburgerButton'

2018-02-07 10:57:20 - [MESSAGE][PASSED] - Tapped on element 'Object Repository/Sidebar Menu/HamburgerButton'

2018-02-07 10:57:20 - [TEST_STEP][PASSED] - tap: Tapped on element 'Object Repository/Sidebar Menu/Operasional/Operasional - Sidebar Menu'

2018-02-07 10:57:22 - [MESSAGE][PASSED] - Tapped on element 'Object Repository/Sidebar Menu/Operasional/Operasional - Sidebar Menu'

2018-02-07 10:57:22 - [TEST_STEP][PASSED] - tap: Tapped on element 'Object Repository/Sidebar Menu/Operasional/Stock/Stock View/Stok - Navbar Menu'

2018-02-07 10:57:25 - [MESSAGE][PASSED] - Tapped on element 'Object Repository/Sidebar Menu/Operasional/Stock/Stock View/Stok - Navbar Menu'

2018-02-07 10:57:25 - [TEST_STEP][PASSED] - waitForElementPresent: Element 'Object Repository/Sidebar Menu/Operasional/Stock/Stock View/Semua Kategori - Drop Down' is present

2018-02-07 10:57:26 - [MESSAGE][PASSED] - Element 'Object Repository/Sidebar Menu/Operasional/Stock/Stock View/Semua Kategori - Drop Down' is present

2018-02-07 10:57:26 - [TEST_STEP][PASSED] - tap: Tapped on element 'Object Repository/Sidebar Menu/Operasional/Stock/Stock View/Semua Kategori - Drop Down'

2018-02-07 10:57:29 - [MESSAGE][PASSED] - Tapped on element 'Object Repository/Sidebar Menu/Operasional/Stock/Stock View/Semua Kategori - Drop Down'

2018-02-07 10:57:29 - [TEST_STEP][PASSED] - waitForElementPresent: Element 'Object Repository/Sidebar Menu/Operasional/Stock/Stock View/List Kategori - Elemen 2' is present

2018-02-07 10:57:31 - [MESSAGE][PASSED] - Element 'Object Repository/Sidebar Menu/Operasional/Stock/Stock View/List Kategori - Elemen 2' is present

2018-02-07 10:57:31 - [TEST_STEP][PASSED] - tap: Tapped on element 'Object Repository/Sidebar Menu/Operasional/Stock/Stock View/List Kategori - Elemen 2'

2018-02-07 10:57:31 - [MESSAGE][PASSED] - Tapped on element 'Object Repository/Sidebar Menu/Operasional/Stock/Stock View/List Kategori - Elemen 2'

2018-02-07 10:57:31 - [TEST_STEP][PASSED] - tap: Tapped on element 'Object Repository/Sidebar Menu/Operasional/Stock/Stock View/Terapkan - Select Kategori'

2018-02-07 10:57:32 - [MESSAGE][PASSED] - Tapped on element 'Object Repository/Sidebar Menu/Operasional/Stock/Stock View/Terapkan - Select Kategori'

2018-02-07 10:57:32 - [TEST_STEP][PASSED] - tap: Tapped on element 'Object Repository/Sidebar Menu/Operasional/Stock/Stock View/Semua Kategori - Drop Down'

2018-02-07 10:57:37 - [MESSAGE][PASSED] - Tapped on element 'Object Repository/Sidebar Menu/Operasional/Stock/Stock View/Semua Kategori - Drop Down'

2018-02-07 10:57:37 - [TEST_STEP][PASSED] - scrollToText: Scrolling to text 'Makanan' successfully

2018-02-07 10:58:30 - [MESSAGE][PASSED] - Scrolling to text 'Makanan' successfully

2018-02-07 10:58:30 - [TEST_STEP][PASSED] - tap: Tapped on element 'Object Repository/Sidebar Menu/Operasional/Stock/Stock View/List Kategori - Elemen Makanan'

2018-02-07 10:58:30 - [MESSAGE][PASSED] - Tapped on element 'Object Repository/Sidebar Menu/Operasional/Stock/Stock View/List Kategori - Elemen Makanan'

2018-02-07 10:58:30 - [TEST_STEP][PASSED] - verifyElementNotChecked: Element 'Object Repository/Sidebar Menu/Operasional/Stock/Stock View/List Kategori - Elemen Makanan' is not checked

2018-02-07 10:58:30 - [MESSAGE][WARNING] - Timeout '0' is invalid. Using default page load timeout: '30'

2018-02-07 10:58:31 - [MESSAGE][PASSED] - Element 'Object Repository/Sidebar Menu/Operasional/Stock/Stock View/List Kategori - Elemen Makanan' is not checked

2018-02-07 10:58:31 - [TEST_STEP][PASSED] - tap: Tapped on element 'Object Repository/Sidebar Menu/Operasional/Stock/Stock View/Terapkan - Select Kategori'

2018-02-07 10:58:32 - [MESSAGE][PASSED] - Tapped on element 'Object Repository/Sidebar Menu/Operasional/Stock/Stock View/Terapkan - Select Kategori'

2018-02-07 10:58:32 - [TEST_STEP][PASSED] - waitForElementPresent: Element 'Object Repository/Sidebar Menu/Operasional/Stock/Stock View/Semua Kategori - Drop Down' is present

2018-02-07 10:58:34 - [MESSAGE][PASSED] - Element 'Object Repository/Sidebar Menu/Operasional/Stock/Stock View/Semua Kategori - Drop Down' is present

2018-02-07 10:58:34 - [TEST_STEP][PASSED] - tap: Tapped on element 'Object Repository/Sidebar Menu/Operasional/Stock/Stock View/Semua Kategori - Drop Down'

2018-02-07 10:58:35 - [MESSAGE][PASSED] - Tapped on element 'Object Repository/Sidebar Menu/Operasional/Stock/Stock View/Semua Kategori - Drop Down'

2018-02-07 10:58:35 - [TEST_STEP][PASSED] - tap: Tapped on element 'Object Repository/Sidebar Menu/Operasional/Stock/Stock View/List Kategori - Elemen 0'

2018-02-07 10:58:39 - [MESSAGE][PASSED] - Tapped on element 'Object Repository/Sidebar Menu/Operasional/Stock/Stock View/List Kategori - Elemen 0'

2018-02-07 10:58:39 - [TEST_STEP][PASSED] - tap: Tapped on element 'Object Repository/Sidebar Menu/Operasional/Stock/Stock View/Terapkan - Select Kategori'

2018-02-07 10:58:40 - [MESSAGE][PASSED] - Tapped on element 'Object Repository/Sidebar Menu/Operasional/Stock/Stock View/Terapkan - Select Kategori'

2018-02-07 10:58:40 - [TEST_STEP][PASSED] - tap: Tapped on element 'Object Repository/Sidebar Menu/Operasional/Stock/Stock View/Cari Produk - Parent'

2018-02-07 10:58:43 - [MESSAGE][PASSED] - Tapped on element 'Object Repository/Sidebar Menu/Operasional/Stock/Stock View/Cari Produk - Parent'

2018-02-07 10:58:43 - [TEST_STEP][PASSED] - setText: Text 'Jambu' has been set to element 'Object Repository/Sidebar Menu/Operasional/Stock/Stock View/Cari Produk - Parent'

2018-02-07 10:58:43 - [MESSAGE][WARNING] - Timeout '0' is invalid. Using default page load timeout: '30'

2018-02-07 10:58:54 - [MESSAGE][PASSED] - Text 'Jambu' has been set to element 'Object Repository/Sidebar Menu/Operasional/Stock/Stock View/Cari Produk - Parent'

2018-02-07 10:58:54 - [TEST_STEP][PASSED] - verifyElementNotChecked: Element 'Object Repository/Sidebar Menu/Operasional/Stock/Stock View/Cari Produk - Parent' is not checked

2018-02-07 10:58:55 - [MESSAGE][PASSED] - Element 'Object Repository/Sidebar Menu/Operasional/Stock/Stock View/Cari Produk - Parent' is not checked

2018-02-07 10:58:55 - [TEST_STEP][PASSED] - getText: Text of element 'Object Repository/Sidebar Menu/Operasional/Stock/Stock View/Cari Produk - Parent' is: 'Jambu'

2018-02-07 10:58:57 - [MESSAGE][PASSED] - Text of element 'Object Repository/Sidebar Menu/Operasional/Stock/Stock View/Cari Produk - Parent' is: 'Jambu'

2018-02-07 10:58:57 - [TEST_STEP][PASSED] - waitForElementPresent: Element 'Object Repository/Sidebar Menu/Operasional/Stock/Stock View/Cari Produk - Parent' is present

2018-02-07 10:58:57 - [MESSAGE][PASSED] - Element 'Object Repository/Sidebar Menu/Operasional/Stock/Stock View/Cari Produk - Parent' is present

2018-02-07 10:58:57 - [TEST_STEP][PASSED] - clearText: Element 'Object Repository/Sidebar Menu/Operasional/Stock/Stock View/Cari Produk - Parent' text is cleared

2018-02-07 10:59:00 - [MESSAGE][PASSED] - Element 'Object Repository/Sidebar Menu/Operasional/Stock/Stock View/Cari Produk - Parent' text is cleared

2018-02-07 10:59:00 - [TEST_STEP][PASSED] - tap: Tapped on element 'Object Repository/Sidebar Menu/Operasional/Stock/Stock View/Semua Kategori - Drop Down'

2018-02-07 10:59:02 - [MESSAGE][PASSED] - Tapped on element 'Object Repository/Sidebar Menu/Operasional/Stock/Stock View/Semua Kategori - Drop Down'

2018-02-07 10:59:02 - [TEST_STEP][PASSED] - scrollToText: Scrolling to text 'Makanan' successfully

2018-02-07 10:59:54 - [MESSAGE][PASSED] - Scrolling to text 'Makanan' successfully

2018-02-07 10:59:54 - [TEST_STEP][PASSED] - tap: Tapped on element 'Object Repository/Sidebar Menu/Operasional/Stock/Stock View/List Kategori - Elemen Makanan'

2018-02-07 10:59:55 - [MESSAGE][PASSED] - Tapped on element 'Object Repository/Sidebar Menu/Operasional/Stock/Stock View/List Kategori - Elemen Makanan'

2018-02-07 10:59:55 - [TEST_STEP][PASSED] - verifyElementNotChecked: Element 'Object Repository/Sidebar Menu/Operasional/Stock/Stock View/List Kategori - Elemen Makanan' is not checked

2018-02-07 10:59:55 - [MESSAGE][WARNING] - Timeout '0' is invalid. Using default page load timeout: '30'

2018-02-07 10:59:55 - [MESSAGE][PASSED] - Element 'Object Repository/Sidebar Menu/Operasional/Stock/Stock View/List Kategori - Elemen Makanan' is not checked

2018-02-07 10:59:55 - [TEST_STEP][PASSED] - tap: Tapped on element 'Object Repository/Sidebar Menu/Operasional/Stock/Stock View/Terapkan - Select Kategori'

2018-02-07 10:59:56 - [MESSAGE][PASSED] - Tapped on element 'Object Repository/Sidebar Menu/Operasional/Stock/Stock View/Terapkan - Select Kategori'

2018-02-07 10:59:56 - [TEST_STEP][PASSED] - tap: Tapped on element 'Object Repository/Sidebar Menu/Operasional/Stock/Stock View/Cari Produk - Parent'

2018-02-07 11:00:01 - [MESSAGE][PASSED] - Tapped on element 'Object Repository/Sidebar Menu/Operasional/Stock/Stock View/Cari Produk - Parent'

2018-02-07 11:00:01 - [TEST_STEP][PASSED] - setText: Text 'Fifty Shades of Grey' has been set to element 'Object Repository/Sidebar Menu/Operasional/Stock/Stock View/Cari Produk - Parent'

2018-02-07 11:00:12 - [MESSAGE][PASSED] - Text 'Fifty Shades of Grey' has been set to element 'Object Repository/Sidebar Menu/Operasional/Stock/Stock View/Cari Produk - Parent'

2018-02-07 11:00:12 - [TEST_STEP][PASSED] - verifyElementNotChecked: Element 'Object Repository/Sidebar Menu/Operasional/Stock/Stock View/Cari Produk - Parent' is not checked

2018-02-07 11:00:13 - [MESSAGE][PASSED] - Element 'Object Repository/Sidebar Menu/Operasional/Stock/Stock View/Cari Produk - Parent' is not checked

2018-02-07 11:00:13 - [TEST_STEP][PASSED] - getText: Text of element 'Object Repository/Sidebar Menu/Operasional/Stock/Stock View/Cari Produk - Parent' is: 'Fifty Shades of Grey'

2018-02-07 11:00:13 - [MESSAGE][PASSED] - Text of element 'Object Repository/Sidebar Menu/Operasional/Stock/Stock View/Cari Produk - Parent' is: 'Fifty Shades of Grey'

2018-02-07 11:00:13 - [TEST_STEP][PASSED] - clearText: Element 'Object Repository/Sidebar Menu/Operasional/Stock/Stock View/Cari Produk - Parent' text is cleared

2018-02-07 11:00:19 - [MESSAGE][PASSED] - Element 'Object Repository/Sidebar Menu/Operasional/Stock/Stock View/Cari Produk - Parent' text is cleared

2018-02-07 11:00:19 - [TEST_STEP][PASSED] - tap: Tapped on element 'Object Repository/Sidebar Menu/Operasional/Stock/Stock View/Semua Kategori - Drop Down'

2018-02-07 11:00:24 - [MESSAGE][PASSED] - Tapped on element 'Object Repository/Sidebar Menu/Operasional/Stock/Stock View/Semua Kategori - Drop Down'

2018-02-07 11:00:24 - [TEST_STEP][PASSED] - tap: Tapped on element 'Object Repository/Sidebar Menu/Operasional/Stock/Stock View/List Kategori - Elemen 0'

2018-02-07 11:00:27 - [MESSAGE][PASSED] - Tapped on element 'Object Repository/Sidebar Menu/Operasional/Stock/Stock View/List Kategori - Elemen 0'

2018-02-07 11:00:27 - [TEST_STEP][PASSED] - tap: Tapped on element 'Object Repository/Sidebar Menu/Operasional/Stock/Stock View/Terapkan - Select Kategori'

2018-02-07 11:00:27 - [MESSAGE][PASSED] - Tapped on element 'Object Repository/Sidebar Menu/Operasional/Stock/Stock View/Terapkan - Select Kategori'

2018-02-07 11:00:27 - [TEST_STEP][PASSED] - tap: Tapped on element 'Object Repository/Sidebar Menu/Operasional/Stock/Stock View/Cari Produk - Parent'

2018-02-07 11:00:31 - [MESSAGE][PASSED] - Tapped on element 'Object Repository/Sidebar Menu/Operasional/Stock/Stock View/Cari Produk - Parent'

2018-02-07 11:00:31 - [TEST_STEP][PASSED] - setText: Text 'app' has been set to element 'Object Repository/Sidebar Menu/Operasional/Stock/Stock View/Cari Produk - Parent'

2018-02-07 11:00:42 - [MESSAGE][PASSED] - Text 'app' has been set to element 'Object Repository/Sidebar Menu/Operasional/Stock/Stock View/Cari Produk - Parent'

2018-02-07 11:00:42 - [TEST_STEP][PASSED] - verifyElementNotChecked: Element 'Object Repository/Sidebar Menu/Operasional/Stock/Stock View/Cari Produk - Parent' is not checked

2018-02-07 11:00:42 - [MESSAGE][WARNING] - Timeout '0' is invalid. Using default page load timeout: '30'

2018-02-07 11:00:42 - [MESSAGE][PASSED] - Element 'Object Repository/Sidebar Menu/Operasional/Stock/Stock View/Cari Produk - Parent' is not checked

2018-02-07 11:00:42 - [TEST_STEP][PASSED] - getText: Text of element 'Object Repository/Sidebar Menu/Operasional/Stock/Stock View/Cari Produk - Parent' is: 'app'

2018-02-07 11:00:43 - [MESSAGE][PASSED] - Text of element 'Object Repository/Sidebar Menu/Operasional/Stock/Stock View/Cari Produk - Parent' is: 'app'

2018-02-07 11:00:43 - [TEST_STEP][PASSED] - clearText: Element 'Object Repository/Sidebar Menu/Operasional/Stock/Stock View/Cari Produk - Parent' text is cleared

2018-02-07 11:00:46 - [MESSAGE][PASSED] - Element 'Object Repository/Sidebar Menu/Operasional/Stock/Stock View/Cari Produk - Parent' text is cleared

2018-02-07 11:00:46 - [TEST_STEP][PASSED] - setText: Text 'ap' has been set to element 'Object Repository/Sidebar Menu/Operasional/Stock/Stock View/Cari Produk - Parent'

2018-02-07 11:00:54 - [MESSAGE][PASSED] - Text 'ap' has been set to element 'Object Repository/Sidebar Menu/Operasional/Stock/Stock View/Cari Produk - Parent'

2018-02-07 11:00:54 - [TEST_STEP][PASSED] - verifyElementNotChecked: Element 'Object Repository/Sidebar Menu/Operasional/Stock/Stock View/Cari Produk - Parent' is not checked

2018-02-07 11:00:54 - [MESSAGE][WARNING] - Timeout '0' is invalid. Using default page load timeout: '30'

2018-02-07 11:00:55 - [MESSAGE][PASSED] - Element 'Object Repository/Sidebar Menu/Operasional/Stock/Stock View/Cari Produk - Parent' is not checked

2018-02-07 11:00:55 - [TEST_STEP][PASSED] - getText: Text of element 'Object Repository/Sidebar Menu/Operasional/Stock/Stock View/Cari Produk - Parent' is: 'ap'

2018-02-07 11:00:55 - [MESSAGE][PASSED] - Text of element 'Object Repository/Sidebar Menu/Operasional/Stock/Stock View/Cari Produk - Parent' is: 'ap'

2018-02-07 11:00:55 - [TEST_STEP][PASSED] - clearText: Element 'Object Repository/Sidebar Menu/Operasional/Stock/Stock View/Cari Produk - Parent' text is cleared

2018-02-07 11:01:00 - [MESSAGE][PASSED] - Element 'Object Repository/Sidebar Menu/Operasional/Stock/Stock View/Cari Produk - Parent' text is cleared

2018-02-07 11:01:00 - [TEST_STEP][PASSED] - setText: Text 'Rujak' has been set to element 'Object Repository/Sidebar Menu/Operasional/Stock/Stock View/Cari Produk - Parent'

2018-02-07 11:01:08 - [MESSAGE][PASSED] - Text 'Rujak' has been set to element 'Object Repository/Sidebar Menu/Operasional/Stock/Stock View/Cari Produk - Parent'

2018-02-07 11:01:08 - [TEST_STEP][PASSED] - verifyElementNotChecked: Element 'Object Repository/Sidebar Menu/Operasional/Stock/Stock View/Cari Produk - Parent' is not checked

2018-02-07 11:01:08 - [MESSAGE][WARNING] - Timeout '0' is invalid. Using default page load timeout: '30'

2018-02-07 11:01:09 - [MESSAGE][PASSED] - Element 'Object Repository/Sidebar Menu/Operasional/Stock/Stock View/Cari Produk - Parent' is not checked

2018-02-07 11:01:09 - [TEST_STEP][PASSED] - getText: Text of element 'Object Repository/Sidebar Menu/Operasional/Stock/Stock View/Cari Produk - Parent' is: 'Rujak'

2018-02-07 11:01:11 - [MESSAGE][PASSED] - Text of element 'Object Repository/Sidebar Menu/Operasional/Stock/Stock View/Cari Produk - Parent' is: 'Rujak'

2018-02-07 11:01:11 - [TEST_STEP][PASSED] - clearText: Element 'Object Repository/Sidebar Menu/Operasional/Stock/Stock View/Cari Produk - Parent' text is cleared

2018-02-07 11:01:13 - [MESSAGE][PASSED] - Element 'Object Repository/Sidebar Menu/Operasional/Stock/Stock View/Cari Produk - Parent' text is cleared

2018-02-07 11:01:13 - [TEST_STEP][PASSED] - tap: Tapped on element 'Object Repository/Sidebar Menu/Operasional/Stock/Stock View/Semua Kategori - Drop Down'

2018-02-07 11:01:16 - [MESSAGE][PASSED] - Tapped on element 'Object Repository/Sidebar Menu/Operasional/Stock/Stock View/Semua Kategori - Drop Down'

2018-02-07 11:01:16 - [TEST_STEP][PASSED] - swipe: Swiped from 30,541 to 30,257

2018-02-07 11:01:17 - [MESSAGE][PASSED] - Swiped from 30,541 to 30,257

2018-02-07 11:01:17 - [TEST_STEP][PASSED] - swipe: Swiped from 30,257 to 30,541

2018-02-07 11:01:17 - [MESSAGE][PASSED] - Swiped from 30,257 to 30,541

2018-02-07 11:01:17 - [TEST_STEP][FAILED] - tap: Failed to tap on element 'Object Repository/Sidebar Menu/Operasional/Stock/Stock View/Terapkan - Select Kategori' (Root cause: Object Object Repository/Sidebar Menu/Operasional/Stock/Stock View/Terapkan - Select Kategori not found)

2018-02-07 11:01:23 - [MESSAGE][FAILED] - Object Object Repository/Sidebar Menu/Operasional/Stock/Stock View/Terapkan - Select Kategori not found

2018-02-07 11:01:23 - [MESSAGE][FAILED] - Failed to tap on element 'Object Repository/Sidebar Menu/Operasional/Stock/Stock View/Terapkan - Select Kategori' (Root cause: Object Object Repository/Sidebar Menu/Operasional/Stock/Stock View/Terapkan - Select Kategori not found)]]></system-out>
         <system-err><![CDATA[2018-02-07 10:56:50 - [TEST_CASE][FAILED] - Test Cases/26 - TC - All: Test Cases/26 - TC - All FAILED because (of) Failed to tap on element 'Object Repository/Sidebar Menu/Operasional/Stock/Stock View/Terapkan - Select Kategori' (Root cause: Object Object Repository/Sidebar Menu/Operasional/Stock/Stock View/Terapkan - Select Kategori not found)]]></system-err>
      </testcase>
      <testcase name="Test Cases/35 - TC-All" classname="Test Cases/35 - TC-All" status="PASSED">
         <system-out><![CDATA[2018-02-07 11:01:23 - [TEST_CASE][PASSED] - Test Cases/35 - TC-All: Test Cases/35 - TC-All

2018-02-07 11:01:23 - [TEST_STEP][PASSED] - comment: Start Story 35

2018-02-07 11:01:23 - [TEST_STEP][PASSED] - delay: Delayed 5 second(s)

2018-02-07 11:01:28 - [MESSAGE][PASSED] - Delayed 5 second(s)

2018-02-07 11:01:28 - [TEST_STEP][PASSED] - tap: Tapped on element 'Object Repository/Sidebar Menu/Operasional/Stock/Tambah Barang/Tambah Barang Button'

2018-02-07 11:01:29 - [MESSAGE][PASSED] - Tapped on element 'Object Repository/Sidebar Menu/Operasional/Stock/Tambah Barang/Tambah Barang Button'

2018-02-07 11:01:29 - [TEST_STEP][PASSED] - Statement - For (def index : (0..5)): Tapped on element 'Object Repository/Sidebar Menu/Operasional/Stock/Tambah Barang/Minus Tap - Jumlah Stock'

2018-02-07 11:01:29 - [TEST_STEP][PASSED] - tap: Tapped on element 'Object Repository/Sidebar Menu/Operasional/Stock/Tambah Barang/Minus Tap - Jumlah Stock'

2018-02-07 11:01:31 - [MESSAGE][PASSED] - Tapped on element 'Object Repository/Sidebar Menu/Operasional/Stock/Tambah Barang/Minus Tap - Jumlah Stock'

2018-02-07 11:01:31 - [TEST_STEP][PASSED] - tap: Tapped on element 'Object Repository/Sidebar Menu/Operasional/Stock/Tambah Barang/Minus Tap - Jumlah Stock'

2018-02-07 11:01:32 - [MESSAGE][PASSED] - Tapped on element 'Object Repository/Sidebar Menu/Operasional/Stock/Tambah Barang/Minus Tap - Jumlah Stock'

2018-02-07 11:01:32 - [TEST_STEP][PASSED] - tap: Tapped on element 'Object Repository/Sidebar Menu/Operasional/Stock/Tambah Barang/Minus Tap - Jumlah Stock'

2018-02-07 11:01:33 - [MESSAGE][PASSED] - Tapped on element 'Object Repository/Sidebar Menu/Operasional/Stock/Tambah Barang/Minus Tap - Jumlah Stock'

2018-02-07 11:01:33 - [TEST_STEP][PASSED] - tap: Tapped on element 'Object Repository/Sidebar Menu/Operasional/Stock/Tambah Barang/Minus Tap - Jumlah Stock'

2018-02-07 11:01:35 - [MESSAGE][PASSED] - Tapped on element 'Object Repository/Sidebar Menu/Operasional/Stock/Tambah Barang/Minus Tap - Jumlah Stock'

2018-02-07 11:01:35 - [TEST_STEP][PASSED] - tap: Tapped on element 'Object Repository/Sidebar Menu/Operasional/Stock/Tambah Barang/Minus Tap - Jumlah Stock'

2018-02-07 11:01:37 - [MESSAGE][PASSED] - Tapped on element 'Object Repository/Sidebar Menu/Operasional/Stock/Tambah Barang/Minus Tap - Jumlah Stock'

2018-02-07 11:01:37 - [TEST_STEP][PASSED] - tap: Tapped on element 'Object Repository/Sidebar Menu/Operasional/Stock/Tambah Barang/Minus Tap - Jumlah Stock'

2018-02-07 11:01:38 - [MESSAGE][PASSED] - Tapped on element 'Object Repository/Sidebar Menu/Operasional/Stock/Tambah Barang/Minus Tap - Jumlah Stock'

2018-02-07 11:01:38 - [TEST_STEP][PASSED] - Statement - For (def index : (0..10)): Tapped on element 'Object Repository/Sidebar Menu/Operasional/Stock/Tambah Barang/PlusTap - JumlaH Stock'

2018-02-07 11:01:38 - [TEST_STEP][PASSED] - tap: Tapped on element 'Object Repository/Sidebar Menu/Operasional/Stock/Tambah Barang/PlusTap - JumlaH Stock'

2018-02-07 11:01:39 - [MESSAGE][PASSED] - Tapped on element 'Object Repository/Sidebar Menu/Operasional/Stock/Tambah Barang/PlusTap - JumlaH Stock'

2018-02-07 11:01:39 - [TEST_STEP][PASSED] - tap: Tapped on element 'Object Repository/Sidebar Menu/Operasional/Stock/Tambah Barang/PlusTap - JumlaH Stock'

2018-02-07 11:01:41 - [MESSAGE][PASSED] - Tapped on element 'Object Repository/Sidebar Menu/Operasional/Stock/Tambah Barang/PlusTap - JumlaH Stock'

2018-02-07 11:01:41 - [TEST_STEP][PASSED] - tap: Tapped on element 'Object Repository/Sidebar Menu/Operasional/Stock/Tambah Barang/PlusTap - JumlaH Stock'

2018-02-07 11:01:43 - [MESSAGE][PASSED] - Tapped on element 'Object Repository/Sidebar Menu/Operasional/Stock/Tambah Barang/PlusTap - JumlaH Stock'

2018-02-07 11:01:43 - [TEST_STEP][PASSED] - tap: Tapped on element 'Object Repository/Sidebar Menu/Operasional/Stock/Tambah Barang/PlusTap - JumlaH Stock'

2018-02-07 11:01:44 - [MESSAGE][PASSED] - Tapped on element 'Object Repository/Sidebar Menu/Operasional/Stock/Tambah Barang/PlusTap - JumlaH Stock'

2018-02-07 11:01:44 - [TEST_STEP][PASSED] - tap: Tapped on element 'Object Repository/Sidebar Menu/Operasional/Stock/Tambah Barang/PlusTap - JumlaH Stock'

2018-02-07 11:01:46 - [MESSAGE][PASSED] - Tapped on element 'Object Repository/Sidebar Menu/Operasional/Stock/Tambah Barang/PlusTap - JumlaH Stock'

2018-02-07 11:01:46 - [TEST_STEP][PASSED] - tap: Tapped on element 'Object Repository/Sidebar Menu/Operasional/Stock/Tambah Barang/PlusTap - JumlaH Stock'

2018-02-07 11:01:47 - [MESSAGE][PASSED] - Tapped on element 'Object Repository/Sidebar Menu/Operasional/Stock/Tambah Barang/PlusTap - JumlaH Stock'

2018-02-07 11:01:47 - [TEST_STEP][PASSED] - tap: Tapped on element 'Object Repository/Sidebar Menu/Operasional/Stock/Tambah Barang/PlusTap - JumlaH Stock'

2018-02-07 11:01:49 - [MESSAGE][PASSED] - Tapped on element 'Object Repository/Sidebar Menu/Operasional/Stock/Tambah Barang/PlusTap - JumlaH Stock'

2018-02-07 11:01:49 - [TEST_STEP][PASSED] - tap: Tapped on element 'Object Repository/Sidebar Menu/Operasional/Stock/Tambah Barang/PlusTap - JumlaH Stock'

2018-02-07 11:01:50 - [MESSAGE][PASSED] - Tapped on element 'Object Repository/Sidebar Menu/Operasional/Stock/Tambah Barang/PlusTap - JumlaH Stock'

2018-02-07 11:01:50 - [TEST_STEP][PASSED] - tap: Tapped on element 'Object Repository/Sidebar Menu/Operasional/Stock/Tambah Barang/PlusTap - JumlaH Stock'

2018-02-07 11:01:52 - [MESSAGE][PASSED] - Tapped on element 'Object Repository/Sidebar Menu/Operasional/Stock/Tambah Barang/PlusTap - JumlaH Stock'

2018-02-07 11:01:52 - [TEST_STEP][PASSED] - tap: Tapped on element 'Object Repository/Sidebar Menu/Operasional/Stock/Tambah Barang/PlusTap - JumlaH Stock'

2018-02-07 11:01:53 - [MESSAGE][PASSED] - Tapped on element 'Object Repository/Sidebar Menu/Operasional/Stock/Tambah Barang/PlusTap - JumlaH Stock'

2018-02-07 11:01:53 - [TEST_STEP][PASSED] - tap: Tapped on element 'Object Repository/Sidebar Menu/Operasional/Stock/Tambah Barang/PlusTap - JumlaH Stock'

2018-02-07 11:01:55 - [MESSAGE][PASSED] - Tapped on element 'Object Repository/Sidebar Menu/Operasional/Stock/Tambah Barang/PlusTap - JumlaH Stock'

2018-02-07 11:01:55 - [TEST_STEP][PASSED] - tap: Tapped on element 'Object Repository/Sidebar Menu/Operasional/Stock/Tambah Barang/Jumlah Stock - by typing'

2018-02-07 11:01:56 - [MESSAGE][PASSED] - Tapped on element 'Object Repository/Sidebar Menu/Operasional/Stock/Tambah Barang/Jumlah Stock - by typing'

2018-02-07 11:01:56 - [TEST_STEP][PASSED] - setText: Text '123' has been set to element 'Object Repository/Sidebar Menu/Operasional/Stock/Tambah Barang/Jumlah Stock - by typing'

2018-02-07 11:02:36 - [MESSAGE][PASSED] - Text '123' has been set to element 'Object Repository/Sidebar Menu/Operasional/Stock/Tambah Barang/Jumlah Stock - by typing'

2018-02-07 11:02:36 - [TEST_STEP][PASSED] - clearText: Element 'Object Repository/Sidebar Menu/Operasional/Stock/Tambah Barang/Jumlah Stock - by typing' text is cleared

2018-02-07 11:02:41 - [MESSAGE][PASSED] - Element 'Object Repository/Sidebar Menu/Operasional/Stock/Tambah Barang/Jumlah Stock - by typing' text is cleared

2018-02-07 11:02:41 - [TEST_STEP][PASSED] - setText: Text '1.2' has been set to element 'Object Repository/Sidebar Menu/Operasional/Stock/Tambah Barang/Jumlah Stock - by typing'

2018-02-07 11:02:59 - [MESSAGE][PASSED] - Text '1.2' has been set to element 'Object Repository/Sidebar Menu/Operasional/Stock/Tambah Barang/Jumlah Stock - by typing'

2018-02-07 11:02:59 - [TEST_STEP][PASSED] - hideKeyboard: Keyboard is hidden

2018-02-07 11:03:00 - [MESSAGE][PASSED] - Keyboard is hidden

2018-02-07 11:03:00 - [TEST_STEP][PASSED] - tap: Tapped on element 'Object Repository/Sidebar Menu/Operasional/Stock/Tambah Barang/Nama Barang - Text Box'

2018-02-07 11:03:01 - [MESSAGE][PASSED] - Tapped on element 'Object Repository/Sidebar Menu/Operasional/Stock/Tambah Barang/Nama Barang - Text Box'

2018-02-07 11:03:01 - [TEST_STEP][PASSED] - setText: Text 'Sirup Sarang Tawon' has been set to element 'Object Repository/Sidebar Menu/Operasional/Stock/Tambah Barang/Nama Barang - Text Box'

2018-02-07 11:03:16 - [MESSAGE][PASSED] - Text 'Sirup Sarang Tawon' has been set to element 'Object Repository/Sidebar Menu/Operasional/Stock/Tambah Barang/Nama Barang - Text Box'

2018-02-07 11:03:16 - [TEST_STEP][PASSED] - verifyElementText: Actual text and expected text of test object 'Object Repository/Sidebar Menu/Operasional/Stock/Tambah Barang/Nama Barang - Text Box' are matched.

2018-02-07 11:03:17 - [MESSAGE][PASSED] - Actual text and expected text of test object 'Object Repository/Sidebar Menu/Operasional/Stock/Tambah Barang/Nama Barang - Text Box' are matched.

2018-02-07 11:03:17 - [TEST_STEP][PASSED] - hideKeyboard: Keyboard is hidden

2018-02-07 11:03:18 - [MESSAGE][PASSED] - Keyboard is hidden

2018-02-07 11:03:18 - [TEST_STEP][PASSED] - swipe: Swiped from 24,679 to 24,453

2018-02-07 11:03:19 - [MESSAGE][PASSED] - Swiped from 24,679 to 24,453

2018-02-07 11:03:19 - [TEST_STEP][PASSED] - pressBack: Press back button successfully

2018-02-07 11:03:20 - [MESSAGE][PASSED] - Press back button successfully

2018-02-07 11:03:20 - [TEST_STEP][PASSED] - tap: Tapped on element 'Object Repository/Sidebar Menu/Operasional/Stock/Tambah Barang/Batal - Button'

2018-02-07 11:03:21 - [MESSAGE][PASSED] - Tapped on element 'Object Repository/Sidebar Menu/Operasional/Stock/Tambah Barang/Batal - Button'

2018-02-07 11:03:21 - [TEST_STEP][PASSED] - waitForElementPresent: Element 'Object Repository/Sidebar Menu/Operasional/Stock/Tambah Barang/Pilih Kategori - SelectButton' is present

2018-02-07 11:03:22 - [MESSAGE][PASSED] - Element 'Object Repository/Sidebar Menu/Operasional/Stock/Tambah Barang/Pilih Kategori - SelectButton' is present

2018-02-07 11:03:22 - [TEST_STEP][PASSED] - tap: Tapped on element 'Object Repository/Sidebar Menu/Operasional/Stock/Tambah Barang/Pilih Kategori - SelectButton'

2018-02-07 11:03:23 - [MESSAGE][PASSED] - Tapped on element 'Object Repository/Sidebar Menu/Operasional/Stock/Tambah Barang/Pilih Kategori - SelectButton'

2018-02-07 11:03:23 - [TEST_STEP][PASSED] - tap: Tapped on element 'Object Repository/Sidebar Menu/Operasional/Stock/Tambah Barang/Pilih Kategori - SelectButton'

2018-02-07 11:03:24 - [MESSAGE][PASSED] - Tapped on element 'Object Repository/Sidebar Menu/Operasional/Stock/Tambah Barang/Pilih Kategori - SelectButton'

2018-02-07 11:03:24 - [TEST_STEP][PASSED] - scrollToText: Scrolling to text 'Makanan' successfully

2018-02-07 11:03:33 - [MESSAGE][PASSED] - Scrolling to text 'Makanan' successfully

2018-02-07 11:03:33 - [TEST_STEP][PASSED] - tap: Tapped on element 'Object Repository/Sidebar Menu/Operasional/Stock/Tambah Barang/android.widget.TextView6 - Makanan'

2018-02-07 11:03:33 - [MESSAGE][WARNING] - Timeout '0' is invalid. Using default page load timeout: '30'

2018-02-07 11:03:34 - [MESSAGE][PASSED] - Tapped on element 'Object Repository/Sidebar Menu/Operasional/Stock/Tambah Barang/android.widget.TextView6 - Makanan'

2018-02-07 11:03:34 - [TEST_STEP][PASSED] - delay: Delayed 10 second(s)

2018-02-07 11:03:44 - [MESSAGE][PASSED] - Delayed 10 second(s)

2018-02-07 11:03:44 - [TEST_STEP][PASSED] - scrollToText: Scrolling to text 'TENTUKAN DISKON' successfully

2018-02-07 11:03:48 - [MESSAGE][PASSED] - Scrolling to text 'TENTUKAN DISKON' successfully

2018-02-07 11:03:48 - [TEST_STEP][PASSED] - tap: Tapped on element 'Object Repository/Sidebar Menu/Operasional/Stock/Tambah Barang/Harga Jual - TextBox'

2018-02-07 11:03:48 - [MESSAGE][PASSED] - Tapped on element 'Object Repository/Sidebar Menu/Operasional/Stock/Tambah Barang/Harga Jual - TextBox'

2018-02-07 11:03:48 - [TEST_STEP][PASSED] - delay: Delayed 5 second(s)

2018-02-07 11:03:53 - [MESSAGE][PASSED] - Delayed 5 second(s)

2018-02-07 11:03:53 - [TEST_STEP][PASSED] - setText: Text '0' has been set to element 'Object Repository/Sidebar Menu/Operasional/Stock/Tambah Barang/Harga Jual - TextBox'

2018-02-07 11:03:53 - [MESSAGE][WARNING] - Timeout '0' is invalid. Using default page load timeout: '30'

2018-02-07 11:04:07 - [MESSAGE][PASSED] - Text '0' has been set to element 'Object Repository/Sidebar Menu/Operasional/Stock/Tambah Barang/Harga Jual - TextBox'

2018-02-07 11:04:07 - [TEST_STEP][PASSED] - verifyElementText: Actual text and expected text of test object 'Object Repository/Sidebar Menu/Operasional/Stock/Tambah Barang/Harga Jual - TextBox' are matched.

2018-02-07 11:04:08 - [MESSAGE][PASSED] - Actual text and expected text of test object 'Object Repository/Sidebar Menu/Operasional/Stock/Tambah Barang/Harga Jual - TextBox' are matched.

2018-02-07 11:04:08 - [TEST_STEP][PASSED] - hideKeyboard: Keyboard is hidden

2018-02-07 11:04:09 - [MESSAGE][PASSED] - Keyboard is hidden

2018-02-07 11:04:09 - [TEST_STEP][PASSED] - setText: Text '0' has been set to element 'Object Repository/Sidebar Menu/Operasional/Stock/Tambah Barang/Nominal Diskon- TextBox'

2018-02-07 11:04:09 - [MESSAGE][WARNING] - Timeout '0' is invalid. Using default page load timeout: '30'

2018-02-07 11:04:17 - [MESSAGE][PASSED] - Text '0' has been set to element 'Object Repository/Sidebar Menu/Operasional/Stock/Tambah Barang/Nominal Diskon- TextBox'

2018-02-07 11:04:17 - [TEST_STEP][PASSED] - hideKeyboard: Keyboard is hidden

2018-02-07 11:04:19 - [MESSAGE][PASSED] - Keyboard is hidden

2018-02-07 11:04:19 - [TEST_STEP][PASSED] - setText: Text '0' has been set to element 'Object Repository/Sidebar Menu/Operasional/Stock/Tambah Barang/Persentase Diskon - TextBox'

2018-02-07 11:04:19 - [MESSAGE][WARNING] - Timeout '0' is invalid. Using default page load timeout: '30'

2018-02-07 11:04:29 - [MESSAGE][PASSED] - Text '0' has been set to element 'Object Repository/Sidebar Menu/Operasional/Stock/Tambah Barang/Persentase Diskon - TextBox'

2018-02-07 11:04:29 - [TEST_STEP][PASSED] - hideKeyboard: Keyboard is hidden

2018-02-07 11:04:30 - [MESSAGE][PASSED] - Keyboard is hidden

2018-02-07 11:04:31 - [TEST_STEP][PASSED] - comment: Test HARGA JUAL

2018-02-07 11:04:31 - [TEST_STEP][PASSED] - setText: Text '-2000' has been set to element 'Object Repository/Sidebar Menu/Operasional/Stock/Tambah Barang/Harga Jual - TextBox'

2018-02-07 11:04:31 - [MESSAGE][WARNING] - Timeout '0' is invalid. Using default page load timeout: '30'

2018-02-07 11:04:39 - [MESSAGE][PASSED] - Text '-2000' has been set to element 'Object Repository/Sidebar Menu/Operasional/Stock/Tambah Barang/Harga Jual - TextBox'

2018-02-07 11:04:39 - [TEST_STEP][PASSED] - hideKeyboard: Keyboard is hidden

2018-02-07 11:04:40 - [MESSAGE][PASSED] - Keyboard is hidden

2018-02-07 11:04:40 - [TEST_STEP][PASSED] - delay: Delayed 10 second(s)

2018-02-07 11:04:50 - [MESSAGE][PASSED] - Delayed 10 second(s)

2018-02-07 11:04:50 - [TEST_STEP][PASSED] - clearText: Element 'Object Repository/Sidebar Menu/Operasional/Stock/Tambah Barang/Harga Jual - TextBox' text is cleared

2018-02-07 11:04:52 - [MESSAGE][PASSED] - Element 'Object Repository/Sidebar Menu/Operasional/Stock/Tambah Barang/Harga Jual - TextBox' text is cleared

2018-02-07 11:04:52 - [TEST_STEP][PASSED] - setText: Text '2k' has been set to element 'Object Repository/Sidebar Menu/Operasional/Stock/Tambah Barang/Harga Jual - TextBox'

2018-02-07 11:04:52 - [MESSAGE][WARNING] - Timeout '0' is invalid. Using default page load timeout: '30'

2018-02-07 11:05:06 - [MESSAGE][PASSED] - Text '2k' has been set to element 'Object Repository/Sidebar Menu/Operasional/Stock/Tambah Barang/Harga Jual - TextBox'

2018-02-07 11:05:06 - [TEST_STEP][PASSED] - hideKeyboard: Keyboard is hidden

2018-02-07 11:05:07 - [MESSAGE][PASSED] - Keyboard is hidden

2018-02-07 11:05:07 - [TEST_STEP][PASSED] - clearText: Element 'Object Repository/Sidebar Menu/Operasional/Stock/Tambah Barang/Harga Jual - TextBox' text is cleared

2018-02-07 11:05:09 - [MESSAGE][PASSED] - Element 'Object Repository/Sidebar Menu/Operasional/Stock/Tambah Barang/Harga Jual - TextBox' text is cleared

2018-02-07 11:05:09 - [TEST_STEP][PASSED] - tap: Tapped on element 'Object Repository/Sidebar Menu/Operasional/Stock/Tambah Barang/Harga Jual - TextBox'

2018-02-07 11:05:10 - [MESSAGE][PASSED] - Tapped on element 'Object Repository/Sidebar Menu/Operasional/Stock/Tambah Barang/Harga Jual - TextBox'

2018-02-07 11:05:10 - [TEST_STEP][PASSED] - setText: Text '20000' has been set to element 'Object Repository/Sidebar Menu/Operasional/Stock/Tambah Barang/Harga Jual - TextBox'

2018-02-07 11:05:10 - [MESSAGE][WARNING] - Timeout '0' is invalid. Using default page load timeout: '30'

2018-02-07 11:05:25 - [MESSAGE][PASSED] - Text '20000' has been set to element 'Object Repository/Sidebar Menu/Operasional/Stock/Tambah Barang/Harga Jual - TextBox'

2018-02-07 11:05:25 - [TEST_STEP][PASSED] - verifyElementText: Actual text and expected text of test object 'Object Repository/Sidebar Menu/Operasional/Stock/Tambah Barang/Harga Jual - TextBox' are matched.

2018-02-07 11:05:26 - [MESSAGE][PASSED] - Actual text and expected text of test object 'Object Repository/Sidebar Menu/Operasional/Stock/Tambah Barang/Harga Jual - TextBox' are matched.

2018-02-07 11:05:26 - [TEST_STEP][PASSED] - hideKeyboard: Keyboard is hidden

2018-02-07 11:05:26 - [MESSAGE][PASSED] - Keyboard is hidden

2018-02-07 11:05:26 - [TEST_STEP][PASSED] - comment: Test NOMINAL

2018-02-07 11:05:26 - [TEST_STEP][PASSED] - setText: Text '-2000' has been set to element 'Object Repository/Sidebar Menu/Operasional/Stock/Tambah Barang/Nominal Diskon- TextBox'

2018-02-07 11:05:26 - [MESSAGE][WARNING] - Timeout '0' is invalid. Using default page load timeout: '30'

2018-02-07 11:05:36 - [MESSAGE][PASSED] - Text '-2000' has been set to element 'Object Repository/Sidebar Menu/Operasional/Stock/Tambah Barang/Nominal Diskon- TextBox'

2018-02-07 11:05:36 - [TEST_STEP][PASSED] - hideKeyboard: Keyboard is hidden

2018-02-07 11:05:37 - [MESSAGE][PASSED] - Keyboard is hidden

2018-02-07 11:05:37 - [TEST_STEP][PASSED] - tap: Tapped on element 'Object Repository/Sidebar Menu/Operasional/Stock/Tambah Barang/Nominal Diskon- TextBox'

2018-02-07 11:05:38 - [MESSAGE][PASSED] - Tapped on element 'Object Repository/Sidebar Menu/Operasional/Stock/Tambah Barang/Nominal Diskon- TextBox'

2018-02-07 11:05:38 - [TEST_STEP][PASSED] - clearText: Element 'Object Repository/Sidebar Menu/Operasional/Stock/Tambah Barang/Nominal Diskon- TextBox' text is cleared

2018-02-07 11:05:44 - [MESSAGE][PASSED] - Element 'Object Repository/Sidebar Menu/Operasional/Stock/Tambah Barang/Nominal Diskon- TextBox' text is cleared

2018-02-07 11:05:44 - [TEST_STEP][PASSED] - setText: Text '20000' has been set to element 'Object Repository/Sidebar Menu/Operasional/Stock/Tambah Barang/Nominal Diskon- TextBox'

2018-02-07 11:05:44 - [MESSAGE][WARNING] - Timeout '0' is invalid. Using default page load timeout: '30'

2018-02-07 11:05:59 - [MESSAGE][PASSED] - Text '20000' has been set to element 'Object Repository/Sidebar Menu/Operasional/Stock/Tambah Barang/Nominal Diskon- TextBox'

2018-02-07 11:05:59 - [TEST_STEP][PASSED] - hideKeyboard: Keyboard is hidden

2018-02-07 11:06:00 - [MESSAGE][PASSED] - Keyboard is hidden

2018-02-07 11:06:00 - [TEST_STEP][PASSED] - tap: Tapped on element 'Object Repository/Sidebar Menu/Operasional/Stock/Tambah Barang/Simpan Button'

2018-02-07 11:06:01 - [MESSAGE][PASSED] - Tapped on element 'Object Repository/Sidebar Menu/Operasional/Stock/Tambah Barang/Simpan Button'

2018-02-07 11:06:01 - [TEST_STEP][PASSED] - clearText: Element 'Object Repository/Sidebar Menu/Operasional/Stock/Tambah Barang/Nominal Diskon- TextBox' text is cleared

2018-02-07 11:06:01 - [MESSAGE][WARNING] - Timeout '0' is invalid. Using default page load timeout: '30'

2018-02-07 11:06:04 - [MESSAGE][PASSED] - Element 'Object Repository/Sidebar Menu/Operasional/Stock/Tambah Barang/Nominal Diskon- TextBox' text is cleared

2018-02-07 11:06:04 - [TEST_STEP][PASSED] - setText: Text '30000' has been set to element 'Object Repository/Sidebar Menu/Operasional/Stock/Tambah Barang/Nominal Diskon- TextBox'

2018-02-07 11:06:04 - [MESSAGE][WARNING] - Timeout '0' is invalid. Using default page load timeout: '30'

2018-02-07 11:06:18 - [MESSAGE][PASSED] - Text '30000' has been set to element 'Object Repository/Sidebar Menu/Operasional/Stock/Tambah Barang/Nominal Diskon- TextBox'

2018-02-07 11:06:18 - [TEST_STEP][PASSED] - hideKeyboard: Keyboard is hidden

2018-02-07 11:06:19 - [MESSAGE][PASSED] - Keyboard is hidden

2018-02-07 11:06:20 - [TEST_STEP][PASSED] - tap: Tapped on element 'Object Repository/Sidebar Menu/Operasional/Stock/Tambah Barang/Simpan Button'

2018-02-07 11:06:21 - [MESSAGE][PASSED] - Tapped on element 'Object Repository/Sidebar Menu/Operasional/Stock/Tambah Barang/Simpan Button'

2018-02-07 11:06:21 - [TEST_STEP][PASSED] - clearText: Element 'Object Repository/Sidebar Menu/Operasional/Stock/Tambah Barang/Nominal Diskon- TextBox' text is cleared

2018-02-07 11:06:23 - [MESSAGE][PASSED] - Element 'Object Repository/Sidebar Menu/Operasional/Stock/Tambah Barang/Nominal Diskon- TextBox' text is cleared

2018-02-07 11:06:23 - [TEST_STEP][PASSED] - tap: Tapped on element 'Object Repository/Sidebar Menu/Operasional/Stock/Tambah Barang/Nominal Diskon- TextBox'

2018-02-07 11:06:24 - [MESSAGE][PASSED] - Tapped on element 'Object Repository/Sidebar Menu/Operasional/Stock/Tambah Barang/Nominal Diskon- TextBox'

2018-02-07 11:06:24 - [TEST_STEP][PASSED] - setText: Text '765' has been set to element 'Object Repository/Sidebar Menu/Operasional/Stock/Tambah Barang/Nominal Diskon- TextBox'

2018-02-07 11:06:24 - [MESSAGE][WARNING] - Timeout '0' is invalid. Using default page load timeout: '30'

2018-02-07 11:06:38 - [MESSAGE][PASSED] - Text '765' has been set to element 'Object Repository/Sidebar Menu/Operasional/Stock/Tambah Barang/Nominal Diskon- TextBox'

2018-02-07 11:06:38 - [TEST_STEP][PASSED] - hideKeyboard: Keyboard is hidden

2018-02-07 11:06:39 - [MESSAGE][PASSED] - Keyboard is hidden

2018-02-07 11:06:39 - [TEST_STEP][PASSED] - clearText: Element 'Object Repository/Sidebar Menu/Operasional/Stock/Tambah Barang/Nominal Diskon- TextBox' text is cleared

2018-02-07 11:06:39 - [MESSAGE][WARNING] - Timeout '0' is invalid. Using default page load timeout: '30'

2018-02-07 11:06:41 - [MESSAGE][PASSED] - Element 'Object Repository/Sidebar Menu/Operasional/Stock/Tambah Barang/Nominal Diskon- TextBox' text is cleared

2018-02-07 11:06:41 - [TEST_STEP][PASSED] - sendKeys: Send keys '7654' on test object 'Object Repository/Sidebar Menu/Operasional/Stock/Tambah Barang/Nominal Diskon- TextBox' successfully.

2018-02-07 11:06:48 - [MESSAGE][PASSED] - Send keys '7654' on test object 'Object Repository/Sidebar Menu/Operasional/Stock/Tambah Barang/Nominal Diskon- TextBox' successfully.

2018-02-07 11:06:48 - [TEST_STEP][PASSED] - hideKeyboard: Keyboard is hidden

2018-02-07 11:06:50 - [MESSAGE][PASSED] - Keyboard is hidden

2018-02-07 11:06:50 - [TEST_STEP][PASSED] - clearText: Element 'Object Repository/Sidebar Menu/Operasional/Stock/Tambah Barang/Nominal Diskon- TextBox' text is cleared

2018-02-07 11:06:50 - [MESSAGE][WARNING] - Timeout '0' is invalid. Using default page load timeout: '30'

2018-02-07 11:06:52 - [MESSAGE][PASSED] - Element 'Object Repository/Sidebar Menu/Operasional/Stock/Tambah Barang/Nominal Diskon- TextBox' text is cleared

2018-02-07 11:06:52 - [TEST_STEP][PASSED] - setText: Text '23465' has been set to element 'Object Repository/Sidebar Menu/Operasional/Stock/Tambah Barang/Nominal Diskon- TextBox'

2018-02-07 11:06:52 - [MESSAGE][WARNING] - Timeout '0' is invalid. Using default page load timeout: '30'

2018-02-07 11:07:07 - [MESSAGE][PASSED] - Text '23465' has been set to element 'Object Repository/Sidebar Menu/Operasional/Stock/Tambah Barang/Nominal Diskon- TextBox'

2018-02-07 11:07:07 - [TEST_STEP][PASSED] - hideKeyboard: Keyboard is hidden

2018-02-07 11:07:08 - [MESSAGE][PASSED] - Keyboard is hidden

2018-02-07 11:07:08 - [TEST_STEP][PASSED] - clearText: Element 'Object Repository/Sidebar Menu/Operasional/Stock/Tambah Barang/Nominal Diskon- TextBox' text is cleared

2018-02-07 11:07:08 - [MESSAGE][WARNING] - Timeout '0' is invalid. Using default page load timeout: '30'

2018-02-07 11:07:10 - [MESSAGE][PASSED] - Element 'Object Repository/Sidebar Menu/Operasional/Stock/Tambah Barang/Nominal Diskon- TextBox' text is cleared

2018-02-07 11:07:10 - [TEST_STEP][PASSED] - setText: Text '19999' has been set to element 'Object Repository/Sidebar Menu/Operasional/Stock/Tambah Barang/Nominal Diskon- TextBox'

2018-02-07 11:07:10 - [MESSAGE][WARNING] - Timeout '0' is invalid. Using default page load timeout: '30'

2018-02-07 11:07:25 - [MESSAGE][PASSED] - Text '19999' has been set to element 'Object Repository/Sidebar Menu/Operasional/Stock/Tambah Barang/Nominal Diskon- TextBox'

2018-02-07 11:07:25 - [TEST_STEP][PASSED] - hideKeyboard: Keyboard is hidden

2018-02-07 11:07:27 - [MESSAGE][PASSED] - Keyboard is hidden

2018-02-07 11:07:27 - [TEST_STEP][PASSED] - tap: Tapped on element 'Object Repository/Sidebar Menu/Operasional/Stock/Tambah Barang/Simpan Button'

2018-02-07 11:07:28 - [MESSAGE][PASSED] - Tapped on element 'Object Repository/Sidebar Menu/Operasional/Stock/Tambah Barang/Simpan Button'

2018-02-07 11:07:28 - [TEST_STEP][PASSED] - clearText: Element 'Object Repository/Sidebar Menu/Operasional/Stock/Tambah Barang/Nominal Diskon- TextBox' text is cleared

2018-02-07 11:07:31 - [MESSAGE][PASSED] - Element 'Object Repository/Sidebar Menu/Operasional/Stock/Tambah Barang/Nominal Diskon- TextBox' text is cleared

2018-02-07 11:07:31 - [TEST_STEP][PASSED] - comment: Test PERSENTASE

2018-02-07 11:07:31 - [TEST_STEP][PASSED] - setText: Text '20' has been set to element 'Object Repository/Sidebar Menu/Operasional/Stock/Tambah Barang/Persentase Diskon - TextBox'

2018-02-07 11:07:31 - [MESSAGE][WARNING] - Timeout '0' is invalid. Using default page load timeout: '30'

2018-02-07 11:07:42 - [MESSAGE][PASSED] - Text '20' has been set to element 'Object Repository/Sidebar Menu/Operasional/Stock/Tambah Barang/Persentase Diskon - TextBox'

2018-02-07 11:07:42 - [TEST_STEP][PASSED] - hideKeyboard: Keyboard is hidden

2018-02-07 11:07:43 - [MESSAGE][PASSED] - Keyboard is hidden

2018-02-07 11:07:44 - [TEST_STEP][PASSED] - clearText: Element 'Object Repository/Sidebar Menu/Operasional/Stock/Tambah Barang/Persentase Diskon - TextBox' text is cleared

2018-02-07 11:07:44 - [MESSAGE][WARNING] - Timeout '0' is invalid. Using default page load timeout: '30'

2018-02-07 11:07:46 - [MESSAGE][PASSED] - Element 'Object Repository/Sidebar Menu/Operasional/Stock/Tambah Barang/Persentase Diskon - TextBox' text is cleared

2018-02-07 11:07:46 - [TEST_STEP][PASSED] - setText: Text '-2' has been set to element 'Object Repository/Sidebar Menu/Operasional/Stock/Tambah Barang/Persentase Diskon - TextBox'

2018-02-07 11:07:46 - [MESSAGE][WARNING] - Timeout '0' is invalid. Using default page load timeout: '30'

2018-02-07 11:08:00 - [MESSAGE][PASSED] - Text '-2' has been set to element 'Object Repository/Sidebar Menu/Operasional/Stock/Tambah Barang/Persentase Diskon - TextBox'

2018-02-07 11:08:00 - [TEST_STEP][PASSED] - hideKeyboard: Keyboard is hidden

2018-02-07 11:08:01 - [MESSAGE][PASSED] - Keyboard is hidden

2018-02-07 11:08:01 - [TEST_STEP][PASSED] - clearText: Element 'Object Repository/Sidebar Menu/Operasional/Stock/Tambah Barang/Persentase Diskon - TextBox' text is cleared

2018-02-07 11:08:01 - [MESSAGE][WARNING] - Timeout '0' is invalid. Using default page load timeout: '30'

2018-02-07 11:08:04 - [MESSAGE][PASSED] - Element 'Object Repository/Sidebar Menu/Operasional/Stock/Tambah Barang/Persentase Diskon - TextBox' text is cleared

2018-02-07 11:08:04 - [TEST_STEP][PASSED] - setText: Text '3452' has been set to element 'Object Repository/Sidebar Menu/Operasional/Stock/Tambah Barang/Persentase Diskon - TextBox'

2018-02-07 11:08:04 - [MESSAGE][WARNING] - Timeout '0' is invalid. Using default page load timeout: '30'

2018-02-07 11:08:19 - [MESSAGE][PASSED] - Text '3452' has been set to element 'Object Repository/Sidebar Menu/Operasional/Stock/Tambah Barang/Persentase Diskon - TextBox'

2018-02-07 11:08:19 - [TEST_STEP][PASSED] - hideKeyboard: Keyboard is hidden

2018-02-07 11:08:20 - [MESSAGE][PASSED] - Keyboard is hidden

2018-02-07 11:08:20 - [TEST_STEP][PASSED] - setText: Text '23654' has been set to element 'Object Repository/Sidebar Menu/Operasional/Stock/Tambah Barang/Persentase Diskon - TextBox'

2018-02-07 11:08:20 - [MESSAGE][WARNING] - Timeout '0' is invalid. Using default page load timeout: '30'

2018-02-07 11:08:29 - [MESSAGE][PASSED] - Text '23654' has been set to element 'Object Repository/Sidebar Menu/Operasional/Stock/Tambah Barang/Persentase Diskon - TextBox'

2018-02-07 11:08:29 - [TEST_STEP][PASSED] - hideKeyboard: Keyboard is hidden

2018-02-07 11:08:30 - [MESSAGE][PASSED] - Keyboard is hidden

2018-02-07 11:08:31 - [TEST_STEP][PASSED] - clearText: Element 'Object Repository/Sidebar Menu/Operasional/Stock/Tambah Barang/Persentase Diskon - TextBox' text is cleared

2018-02-07 11:08:31 - [MESSAGE][WARNING] - Timeout '0' is invalid. Using default page load timeout: '30'

2018-02-07 11:08:33 - [MESSAGE][PASSED] - Element 'Object Repository/Sidebar Menu/Operasional/Stock/Tambah Barang/Persentase Diskon - TextBox' text is cleared

2018-02-07 11:08:33 - [TEST_STEP][PASSED] - setText: Text '876342' has been set to element 'Object Repository/Sidebar Menu/Operasional/Stock/Tambah Barang/Persentase Diskon - TextBox'

2018-02-07 11:08:33 - [MESSAGE][WARNING] - Timeout '0' is invalid. Using default page load timeout: '30'

2018-02-07 11:08:47 - [MESSAGE][PASSED] - Text '876342' has been set to element 'Object Repository/Sidebar Menu/Operasional/Stock/Tambah Barang/Persentase Diskon - TextBox'

2018-02-07 11:08:47 - [TEST_STEP][PASSED] - hideKeyboard: Keyboard is hidden

2018-02-07 11:08:49 - [MESSAGE][PASSED] - Keyboard is hidden

2018-02-07 11:08:49 - [TEST_STEP][PASSED] - clearText: Element 'Object Repository/Sidebar Menu/Operasional/Stock/Tambah Barang/Persentase Diskon - TextBox' text is cleared

2018-02-07 11:08:49 - [MESSAGE][WARNING] - Timeout '0' is invalid. Using default page load timeout: '30'

2018-02-07 11:08:51 - [MESSAGE][PASSED] - Element 'Object Repository/Sidebar Menu/Operasional/Stock/Tambah Barang/Persentase Diskon - TextBox' text is cleared

2018-02-07 11:08:51 - [TEST_STEP][PASSED] - setText: Text '876342' has been set to element 'Object Repository/Sidebar Menu/Operasional/Stock/Tambah Barang/Persentase Diskon - TextBox'

2018-02-07 11:08:51 - [MESSAGE][WARNING] - Timeout '0' is invalid. Using default page load timeout: '30'

2018-02-07 11:09:06 - [MESSAGE][PASSED] - Text '876342' has been set to element 'Object Repository/Sidebar Menu/Operasional/Stock/Tambah Barang/Persentase Diskon - TextBox'

2018-02-07 11:09:06 - [TEST_STEP][PASSED] - hideKeyboard: Keyboard is hidden

2018-02-07 11:09:08 - [MESSAGE][PASSED] - Keyboard is hidden

2018-02-07 11:09:08 - [TEST_STEP][PASSED] - setText: Text '100' has been set to element 'Object Repository/Sidebar Menu/Operasional/Stock/Tambah Barang/Persentase Diskon - TextBox'

2018-02-07 11:09:08 - [MESSAGE][WARNING] - Timeout '0' is invalid. Using default page load timeout: '30'

2018-02-07 11:09:15 - [MESSAGE][PASSED] - Text '100' has been set to element 'Object Repository/Sidebar Menu/Operasional/Stock/Tambah Barang/Persentase Diskon - TextBox'

2018-02-07 11:09:15 - [TEST_STEP][PASSED] - hideKeyboard: Keyboard is hidden

2018-02-07 11:09:17 - [MESSAGE][PASSED] - Keyboard is hidden

2018-02-07 11:09:17 - [TEST_STEP][PASSED] - clearText: Element 'Object Repository/Sidebar Menu/Operasional/Stock/Tambah Barang/Persentase Diskon - TextBox' text is cleared

2018-02-07 11:09:17 - [MESSAGE][WARNING] - Timeout '0' is invalid. Using default page load timeout: '30'

2018-02-07 11:09:19 - [MESSAGE][PASSED] - Element 'Object Repository/Sidebar Menu/Operasional/Stock/Tambah Barang/Persentase Diskon - TextBox' text is cleared

2018-02-07 11:09:19 - [TEST_STEP][PASSED] - setText: Text '9999' has been set to element 'Object Repository/Sidebar Menu/Operasional/Stock/Tambah Barang/Persentase Diskon - TextBox'

2018-02-07 11:09:19 - [MESSAGE][WARNING] - Timeout '0' is invalid. Using default page load timeout: '30'

2018-02-07 11:09:34 - [MESSAGE][PASSED] - Text '9999' has been set to element 'Object Repository/Sidebar Menu/Operasional/Stock/Tambah Barang/Persentase Diskon - TextBox'

2018-02-07 11:09:34 - [TEST_STEP][PASSED] - hideKeyboard: Keyboard is hidden

2018-02-07 11:09:35 - [MESSAGE][PASSED] - Keyboard is hidden

2018-02-07 11:09:35 - [TEST_STEP][PASSED] - tap: Tapped on element 'Object Repository/Sidebar Menu/Operasional/Stock/Tambah Barang/Simpan Button'

2018-02-07 11:09:36 - [MESSAGE][PASSED] - Tapped on element 'Object Repository/Sidebar Menu/Operasional/Stock/Tambah Barang/Simpan Button'

2018-02-07 11:09:36 - [TEST_STEP][PASSED] - comment: End Story 35]]></system-out>
         <system-err><![CDATA[]]></system-err>
      </testcase>
      <testcase name="Test Cases/27 - TC - All" classname="Test Cases/27 - TC - All" status="PASSED">
         <system-out><![CDATA[2018-02-07 11:09:36 - [TEST_CASE][PASSED] - Test Cases/27 - TC - All: Test Cases/27 - TC - All

2018-02-07 11:09:36 - [TEST_STEP][PASSED] - comment: Start Story 27

2018-02-07 11:09:36 - [TEST_STEP][PASSED] - delay: Delayed 5 second(s)

2018-02-07 11:09:41 - [MESSAGE][PASSED] - Delayed 5 second(s)

2018-02-07 11:09:41 - [TEST_STEP][PASSED] - Statement - For (def index : (0..5)): Swiped from 0,642 to 0,399

2018-02-07 11:09:41 - [TEST_STEP][PASSED] - swipe: Swiped from 0,642 to 0,399

2018-02-07 11:09:42 - [MESSAGE][PASSED] - Swiped from 0,642 to 0,399

2018-02-07 11:09:42 - [TEST_STEP][PASSED] - swipe: Swiped from 0,642 to 0,399

2018-02-07 11:09:42 - [MESSAGE][PASSED] - Swiped from 0,642 to 0,399

2018-02-07 11:09:43 - [TEST_STEP][PASSED] - swipe: Swiped from 0,642 to 0,399

2018-02-07 11:09:43 - [MESSAGE][PASSED] - Swiped from 0,642 to 0,399

2018-02-07 11:09:43 - [TEST_STEP][PASSED] - swipe: Swiped from 0,642 to 0,399

2018-02-07 11:09:44 - [MESSAGE][PASSED] - Swiped from 0,642 to 0,399

2018-02-07 11:09:44 - [TEST_STEP][PASSED] - swipe: Swiped from 0,642 to 0,399

2018-02-07 11:09:44 - [MESSAGE][PASSED] - Swiped from 0,642 to 0,399

2018-02-07 11:09:44 - [TEST_STEP][PASSED] - swipe: Swiped from 0,642 to 0,399

2018-02-07 11:09:45 - [MESSAGE][PASSED] - Swiped from 0,642 to 0,399

2018-02-07 11:09:45 - [TEST_STEP][PASSED] - tap: Tapped on element 'Object Repository/Sidebar Menu/Operasional/Stock/Stock View/Cari Produk - Parent'

2018-02-07 11:09:47 - [MESSAGE][PASSED] - Tapped on element 'Object Repository/Sidebar Menu/Operasional/Stock/Stock View/Cari Produk - Parent'

2018-02-07 11:09:47 - [TEST_STEP][PASSED] - setText: Text 'Sirup Sarang Tawon' has been set to element 'Object Repository/Sidebar Menu/Operasional/Stock/Stock View/Cari Produk - Parent'

2018-02-07 11:09:58 - [MESSAGE][PASSED] - Text 'Sirup Sarang Tawon' has been set to element 'Object Repository/Sidebar Menu/Operasional/Stock/Stock View/Cari Produk - Parent'

2018-02-07 11:09:58 - [TEST_STEP][PASSED] - getText: Text of element 'Object Repository/Sidebar Menu/Operasional/Stock/Stock View/Cari Produk - Parent' is: 'Sirup Sarang Tawon'

2018-02-07 11:09:59 - [MESSAGE][PASSED] - Text of element 'Object Repository/Sidebar Menu/Operasional/Stock/Stock View/Cari Produk - Parent' is: 'Sirup Sarang Tawon'

2018-02-07 11:09:59 - [TEST_STEP][PASSED] - tap: Tapped on element 'Object Repository/Sidebar Menu/Operasional/Stock/Detail Barang/List Produk Search - Elemen 1'

2018-02-07 11:10:01 - [MESSAGE][PASSED] - Tapped on element 'Object Repository/Sidebar Menu/Operasional/Stock/Detail Barang/List Produk Search - Elemen 1'

2018-02-07 11:10:01 - [TEST_STEP][PASSED] - delay: Delayed 5 second(s)

2018-02-07 11:10:06 - [MESSAGE][PASSED] - Delayed 5 second(s)

2018-02-07 11:10:06 - [TEST_STEP][PASSED] - swipe: Swiped from 24,788 to 24,452

2018-02-07 11:10:07 - [MESSAGE][PASSED] - Swiped from 24,788 to 24,452

2018-02-07 11:10:07 - [TEST_STEP][PASSED] - swipe: Swiped from 24,452 to 24,788

2018-02-07 11:10:08 - [MESSAGE][PASSED] - Swiped from 24,452 to 24,788

2018-02-07 11:10:08 - [TEST_STEP][PASSED] - delay: Delayed 5 second(s)

2018-02-07 11:10:13 - [MESSAGE][PASSED] - Delayed 5 second(s)

2018-02-07 11:10:13 - [TEST_STEP][PASSED] - tap: Tapped on element 'Object Repository/Sidebar Menu/Operasional/Stock/Detail Barang/INFO SUPPLIER'

2018-02-07 11:10:13 - [MESSAGE][PASSED] - Tapped on element 'Object Repository/Sidebar Menu/Operasional/Stock/Detail Barang/INFO SUPPLIER'

2018-02-07 11:10:13 - [TEST_STEP][PASSED] - waitForElementPresent: Element 'Object Repository/Sidebar Menu/Operasional/Stock/Detail Barang/INFO STOK' is present

2018-02-07 11:10:13 - [MESSAGE][WARNING] - Timeout '0' is invalid. Using default page load timeout: '30'

2018-02-07 11:10:14 - [MESSAGE][PASSED] - Element 'Object Repository/Sidebar Menu/Operasional/Stock/Detail Barang/INFO STOK' is present

2018-02-07 11:10:14 - [TEST_STEP][PASSED] - tap: Tapped on element 'Object Repository/Sidebar Menu/Operasional/Stock/Detail Barang/INFO STOK'

2018-02-07 11:10:15 - [MESSAGE][PASSED] - Tapped on element 'Object Repository/Sidebar Menu/Operasional/Stock/Detail Barang/INFO STOK'

2018-02-07 11:10:15 - [TEST_STEP][PASSED] - swipe: Swiped from 24,788 to 24,452

2018-02-07 11:10:16 - [MESSAGE][PASSED] - Swiped from 24,788 to 24,452

2018-02-07 11:10:16 - [TEST_STEP][PASSED] - comment: End Story 27]]></system-out>
         <system-err><![CDATA[]]></system-err>
      </testcase>
      <testcase name="Test Cases/46 - TC - All" classname="Test Cases/46 - TC - All" status="PASSED">
         <system-out><![CDATA[2018-02-07 11:10:16 - [TEST_CASE][PASSED] - Test Cases/46 - TC - All: Test Cases/46 - TC - All

2018-02-07 11:10:16 - [TEST_STEP][PASSED] - comment: Start Story 46

2018-02-07 11:10:16 - [TEST_STEP][PASSED] - delay: Delayed 5 second(s)

2018-02-07 11:10:21 - [MESSAGE][PASSED] - Delayed 5 second(s)

2018-02-07 11:10:21 - [TEST_STEP][PASSED] - tap: Tapped on element 'Object Repository/Sidebar Menu/Operasional/Stock/Detail Barang/Ubah Info - Button'

2018-02-07 11:10:22 - [MESSAGE][PASSED] - Tapped on element 'Object Repository/Sidebar Menu/Operasional/Stock/Detail Barang/Ubah Info - Button'

2018-02-07 11:10:22 - [TEST_STEP][PASSED] - Statement - For (def index : (0..5)): Tapped on element 'Object Repository/Sidebar Menu/Operasional/Stock/Tambah Barang/Minus Tap - Jumlah Stock'

2018-02-07 11:10:22 - [TEST_STEP][PASSED] - tap: Tapped on element 'Object Repository/Sidebar Menu/Operasional/Stock/Tambah Barang/Minus Tap - Jumlah Stock'

2018-02-07 11:10:24 - [MESSAGE][PASSED] - Tapped on element 'Object Repository/Sidebar Menu/Operasional/Stock/Tambah Barang/Minus Tap - Jumlah Stock'

2018-02-07 11:10:24 - [TEST_STEP][PASSED] - tap: Tapped on element 'Object Repository/Sidebar Menu/Operasional/Stock/Tambah Barang/Minus Tap - Jumlah Stock'

2018-02-07 11:10:25 - [MESSAGE][PASSED] - Tapped on element 'Object Repository/Sidebar Menu/Operasional/Stock/Tambah Barang/Minus Tap - Jumlah Stock'

2018-02-07 11:10:25 - [TEST_STEP][PASSED] - tap: Tapped on element 'Object Repository/Sidebar Menu/Operasional/Stock/Tambah Barang/Minus Tap - Jumlah Stock'

2018-02-07 11:10:26 - [MESSAGE][PASSED] - Tapped on element 'Object Repository/Sidebar Menu/Operasional/Stock/Tambah Barang/Minus Tap - Jumlah Stock'

2018-02-07 11:10:26 - [TEST_STEP][PASSED] - tap: Tapped on element 'Object Repository/Sidebar Menu/Operasional/Stock/Tambah Barang/Minus Tap - Jumlah Stock'

2018-02-07 11:10:28 - [MESSAGE][PASSED] - Tapped on element 'Object Repository/Sidebar Menu/Operasional/Stock/Tambah Barang/Minus Tap - Jumlah Stock'

2018-02-07 11:10:28 - [TEST_STEP][PASSED] - tap: Tapped on element 'Object Repository/Sidebar Menu/Operasional/Stock/Tambah Barang/Minus Tap - Jumlah Stock'

2018-02-07 11:10:29 - [MESSAGE][PASSED] - Tapped on element 'Object Repository/Sidebar Menu/Operasional/Stock/Tambah Barang/Minus Tap - Jumlah Stock'

2018-02-07 11:10:29 - [TEST_STEP][PASSED] - tap: Tapped on element 'Object Repository/Sidebar Menu/Operasional/Stock/Tambah Barang/Minus Tap - Jumlah Stock'

2018-02-07 11:10:31 - [MESSAGE][PASSED] - Tapped on element 'Object Repository/Sidebar Menu/Operasional/Stock/Tambah Barang/Minus Tap - Jumlah Stock'

2018-02-07 11:10:31 - [TEST_STEP][PASSED] - Statement - For (def index : (0..10)): Tapped on element 'Object Repository/Sidebar Menu/Operasional/Stock/Tambah Barang/PlusTap - JumlaH Stock'

2018-02-07 11:10:31 - [TEST_STEP][PASSED] - tap: Tapped on element 'Object Repository/Sidebar Menu/Operasional/Stock/Tambah Barang/PlusTap - JumlaH Stock'

2018-02-07 11:10:32 - [MESSAGE][PASSED] - Tapped on element 'Object Repository/Sidebar Menu/Operasional/Stock/Tambah Barang/PlusTap - JumlaH Stock'

2018-02-07 11:10:32 - [TEST_STEP][PASSED] - tap: Tapped on element 'Object Repository/Sidebar Menu/Operasional/Stock/Tambah Barang/PlusTap - JumlaH Stock'

2018-02-07 11:10:34 - [MESSAGE][PASSED] - Tapped on element 'Object Repository/Sidebar Menu/Operasional/Stock/Tambah Barang/PlusTap - JumlaH Stock'

2018-02-07 11:10:34 - [TEST_STEP][PASSED] - tap: Tapped on element 'Object Repository/Sidebar Menu/Operasional/Stock/Tambah Barang/PlusTap - JumlaH Stock'

2018-02-07 11:10:35 - [MESSAGE][PASSED] - Tapped on element 'Object Repository/Sidebar Menu/Operasional/Stock/Tambah Barang/PlusTap - JumlaH Stock'

2018-02-07 11:10:35 - [TEST_STEP][PASSED] - tap: Tapped on element 'Object Repository/Sidebar Menu/Operasional/Stock/Tambah Barang/PlusTap - JumlaH Stock'

2018-02-07 11:10:36 - [MESSAGE][PASSED] - Tapped on element 'Object Repository/Sidebar Menu/Operasional/Stock/Tambah Barang/PlusTap - JumlaH Stock'

2018-02-07 11:10:36 - [TEST_STEP][PASSED] - tap: Tapped on element 'Object Repository/Sidebar Menu/Operasional/Stock/Tambah Barang/PlusTap - JumlaH Stock'

2018-02-07 11:10:38 - [MESSAGE][PASSED] - Tapped on element 'Object Repository/Sidebar Menu/Operasional/Stock/Tambah Barang/PlusTap - JumlaH Stock'

2018-02-07 11:10:38 - [TEST_STEP][PASSED] - tap: Tapped on element 'Object Repository/Sidebar Menu/Operasional/Stock/Tambah Barang/PlusTap - JumlaH Stock'

2018-02-07 11:10:39 - [MESSAGE][PASSED] - Tapped on element 'Object Repository/Sidebar Menu/Operasional/Stock/Tambah Barang/PlusTap - JumlaH Stock'

2018-02-07 11:10:39 - [TEST_STEP][PASSED] - tap: Tapped on element 'Object Repository/Sidebar Menu/Operasional/Stock/Tambah Barang/PlusTap - JumlaH Stock'

2018-02-07 11:10:41 - [MESSAGE][PASSED] - Tapped on element 'Object Repository/Sidebar Menu/Operasional/Stock/Tambah Barang/PlusTap - JumlaH Stock'

2018-02-07 11:10:41 - [TEST_STEP][PASSED] - tap: Tapped on element 'Object Repository/Sidebar Menu/Operasional/Stock/Tambah Barang/PlusTap - JumlaH Stock'

2018-02-07 11:10:42 - [MESSAGE][PASSED] - Tapped on element 'Object Repository/Sidebar Menu/Operasional/Stock/Tambah Barang/PlusTap - JumlaH Stock'

2018-02-07 11:10:42 - [TEST_STEP][PASSED] - tap: Tapped on element 'Object Repository/Sidebar Menu/Operasional/Stock/Tambah Barang/PlusTap - JumlaH Stock'

2018-02-07 11:10:44 - [MESSAGE][PASSED] - Tapped on element 'Object Repository/Sidebar Menu/Operasional/Stock/Tambah Barang/PlusTap - JumlaH Stock'

2018-02-07 11:10:44 - [TEST_STEP][PASSED] - tap: Tapped on element 'Object Repository/Sidebar Menu/Operasional/Stock/Tambah Barang/PlusTap - JumlaH Stock'

2018-02-07 11:10:45 - [MESSAGE][PASSED] - Tapped on element 'Object Repository/Sidebar Menu/Operasional/Stock/Tambah Barang/PlusTap - JumlaH Stock'

2018-02-07 11:10:45 - [TEST_STEP][PASSED] - tap: Tapped on element 'Object Repository/Sidebar Menu/Operasional/Stock/Tambah Barang/PlusTap - JumlaH Stock'

2018-02-07 11:10:47 - [MESSAGE][PASSED] - Tapped on element 'Object Repository/Sidebar Menu/Operasional/Stock/Tambah Barang/PlusTap - JumlaH Stock'

2018-02-07 11:10:47 - [TEST_STEP][PASSED] - tap: Tapped on element 'Object Repository/Sidebar Menu/Operasional/Stock/Tambah Barang/Jumlah Stock - by typing'

2018-02-07 11:10:49 - [MESSAGE][PASSED] - Tapped on element 'Object Repository/Sidebar Menu/Operasional/Stock/Tambah Barang/Jumlah Stock - by typing'

2018-02-07 11:10:49 - [TEST_STEP][PASSED] - setText: Text '123' has been set to element 'Object Repository/Sidebar Menu/Operasional/Stock/Tambah Barang/Jumlah Stock - by typing'

2018-02-07 11:11:07 - [MESSAGE][PASSED] - Text '123' has been set to element 'Object Repository/Sidebar Menu/Operasional/Stock/Tambah Barang/Jumlah Stock - by typing'

2018-02-07 11:11:07 - [TEST_STEP][PASSED] - clearText: Element 'Object Repository/Sidebar Menu/Operasional/Stock/Tambah Barang/Jumlah Stock - by typing' text is cleared

2018-02-07 11:11:12 - [MESSAGE][PASSED] - Element 'Object Repository/Sidebar Menu/Operasional/Stock/Tambah Barang/Jumlah Stock - by typing' text is cleared

2018-02-07 11:11:12 - [TEST_STEP][PASSED] - setText: Text '10.6' has been set to element 'Object Repository/Sidebar Menu/Operasional/Stock/Tambah Barang/Jumlah Stock - by typing'

2018-02-07 11:11:30 - [MESSAGE][PASSED] - Text '10.6' has been set to element 'Object Repository/Sidebar Menu/Operasional/Stock/Tambah Barang/Jumlah Stock - by typing'

2018-02-07 11:11:30 - [TEST_STEP][PASSED] - hideKeyboard: Keyboard is hidden

2018-02-07 11:11:30 - [MESSAGE][PASSED] - Keyboard is hidden

2018-02-07 11:11:31 - [TEST_STEP][PASSED] - tap: Tapped on element 'Object Repository/Sidebar Menu/Operasional/Stock/Tambah Barang/SKU Produk - Text Box'

2018-02-07 11:11:32 - [MESSAGE][PASSED] - Tapped on element 'Object Repository/Sidebar Menu/Operasional/Stock/Tambah Barang/SKU Produk - Text Box'

2018-02-07 11:11:32 - [TEST_STEP][PASSED] - setText: Text '16091996145' has been set to element 'Object Repository/Sidebar Menu/Operasional/Stock/Tambah Barang/SKU Produk - Text Box'

2018-02-07 11:11:47 - [MESSAGE][PASSED] - Text '16091996145' has been set to element 'Object Repository/Sidebar Menu/Operasional/Stock/Tambah Barang/SKU Produk - Text Box'

2018-02-07 11:11:47 - [TEST_STEP][PASSED] - verifyElementText: Actual text and expected text of test object 'Object Repository/Sidebar Menu/Operasional/Stock/Tambah Barang/SKU Produk - Text Box' are matched.

2018-02-07 11:11:48 - [MESSAGE][PASSED] - Actual text and expected text of test object 'Object Repository/Sidebar Menu/Operasional/Stock/Tambah Barang/SKU Produk - Text Box' are matched.

2018-02-07 11:11:48 - [TEST_STEP][PASSED] - getText: Text of element 'Object Repository/Sidebar Menu/Operasional/Stock/Tambah Barang/SKU Produk - Text Box' is: '16091996145'

2018-02-07 11:11:48 - [MESSAGE][PASSED] - Text of element 'Object Repository/Sidebar Menu/Operasional/Stock/Tambah Barang/SKU Produk - Text Box' is: '16091996145'

2018-02-07 11:11:48 - [TEST_STEP][PASSED] - hideKeyboard: Keyboard is hidden

2018-02-07 11:11:49 - [MESSAGE][PASSED] - Keyboard is hidden

2018-02-07 11:11:49 - [TEST_STEP][PASSED] - pressBack: Press back button successfully

2018-02-07 11:11:50 - [MESSAGE][PASSED] - Press back button successfully

2018-02-07 11:11:50 - [TEST_STEP][PASSED] - tap: Tapped on element 'Object Repository/Sidebar Menu/Operasional/Stock/Detail Barang/Batal Button'

2018-02-07 11:11:51 - [MESSAGE][PASSED] - Tapped on element 'Object Repository/Sidebar Menu/Operasional/Stock/Detail Barang/Batal Button'

2018-02-07 11:11:51 - [TEST_STEP][PASSED] - comment: Gabungan buat Story 38

2018-02-07 11:11:51 - [TEST_STEP][PASSED] - tap: Tapped on element 'Object Repository/Sidebar Menu/Operasional/Stock/Tambah Barang/Pilih Kategori - SelectButton'

2018-02-07 11:11:53 - [MESSAGE][PASSED] - Tapped on element 'Object Repository/Sidebar Menu/Operasional/Stock/Tambah Barang/Pilih Kategori - SelectButton'

2018-02-07 11:11:53 - [TEST_STEP][PASSED] - tap: Tapped on element 'Object Repository/Sidebar Menu/Operasional/Stock/Tambah Barang/Pilih Kategori - SelectButton'

2018-02-07 11:11:54 - [MESSAGE][PASSED] - Tapped on element 'Object Repository/Sidebar Menu/Operasional/Stock/Tambah Barang/Pilih Kategori - SelectButton'

2018-02-07 11:11:54 - [TEST_STEP][PASSED] - scrollToText: Scrolling to text 'PENGATURAN KATEGORI' successfully

2018-02-07 11:12:03 - [MESSAGE][PASSED] - Scrolling to text 'PENGATURAN KATEGORI' successfully

2018-02-07 11:12:03 - [TEST_STEP][PASSED] - tap: Tapped on element 'Object Repository/Sidebar Menu/Operasional/Stock/Detail Barang/Pengaturan Kategori'

2018-02-07 11:12:04 - [MESSAGE][PASSED] - Tapped on element 'Object Repository/Sidebar Menu/Operasional/Stock/Detail Barang/Pengaturan Kategori'

2018-02-07 11:12:04 - [TEST_STEP][PASSED] - delay: Delayed 5 second(s)

2018-02-07 11:12:09 - [MESSAGE][PASSED] - Delayed 5 second(s)

2018-02-07 11:12:09 - [TEST_STEP][PASSED] - Statement - For (def index : (0..4)): Swiped from 381,139 to 450,139

2018-02-07 11:12:09 - [TEST_STEP][PASSED] - Statement - If (true): Swiped from 381,139 to 450,139

2018-02-07 11:12:09 - [TEST_STEP][PASSED] - swipe: Swiped from 381,139 to 450,139

2018-02-07 11:12:09 - [MESSAGE][PASSED] - Swiped from 381,139 to 450,139

2018-02-07 11:12:10 - [TEST_STEP][PASSED] - Statement - If (true): Swiped from 381,139 to 450,139

2018-02-07 11:12:10 - [TEST_STEP][PASSED] - swipe: Swiped from 381,139 to 450,139

2018-02-07 11:12:10 - [MESSAGE][PASSED] - Swiped from 381,139 to 450,139

2018-02-07 11:12:10 - [TEST_STEP][PASSED] - Statement - If (true): Swiped from 381,139 to 450,139

2018-02-07 11:12:10 - [TEST_STEP][PASSED] - swipe: Swiped from 381,139 to 450,139

2018-02-07 11:12:11 - [MESSAGE][PASSED] - Swiped from 381,139 to 450,139

2018-02-07 11:12:11 - [TEST_STEP][PASSED] - Statement - If (true): Swiped from 381,139 to 450,139

2018-02-07 11:12:11 - [TEST_STEP][PASSED] - swipe: Swiped from 381,139 to 450,139

2018-02-07 11:12:11 - [MESSAGE][PASSED] - Swiped from 381,139 to 450,139

2018-02-07 11:12:11 - [TEST_STEP][PASSED] - Statement - If (true): Swiped from 381,139 to 450,139

2018-02-07 11:12:11 - [TEST_STEP][PASSED] - swipe: Swiped from 381,139 to 450,139

2018-02-07 11:12:12 - [MESSAGE][PASSED] - Swiped from 381,139 to 450,139

2018-02-07 11:12:12 - [TEST_STEP][PASSED] - Statement - If (true): Swiped from 381,213 to 450,213

2018-02-07 11:12:12 - [TEST_STEP][PASSED] - swipe: Swiped from 381,213 to 450,213

2018-02-07 11:12:12 - [MESSAGE][PASSED] - Swiped from 381,213 to 450,213

2018-02-07 11:12:13 - [TEST_STEP][PASSED] - Statement - If (true): Swiped from 381,286 to 450,286

2018-02-07 11:12:13 - [TEST_STEP][PASSED] - swipe: Swiped from 381,286 to 450,286

2018-02-07 11:12:13 - [MESSAGE][PASSED] - Swiped from 381,286 to 450,286

2018-02-07 11:12:13 - [TEST_STEP][PASSED] - Statement - For (def index : (0..4)): Swiped from 381,727 to 450,727

2018-02-07 11:12:13 - [TEST_STEP][PASSED] - Statement - If (true): Swiped from 381,727 to 450,727

2018-02-07 11:12:13 - [TEST_STEP][PASSED] - swipe: Swiped from 381,727 to 450,727

2018-02-07 11:12:14 - [MESSAGE][PASSED] - Swiped from 381,727 to 450,727

2018-02-07 11:12:14 - [TEST_STEP][PASSED] - Statement - If (true): Swiped from 381,727 to 450,727

2018-02-07 11:12:14 - [TEST_STEP][PASSED] - swipe: Swiped from 381,727 to 450,727

2018-02-07 11:12:14 - [MESSAGE][PASSED] - Swiped from 381,727 to 450,727

2018-02-07 11:12:14 - [TEST_STEP][PASSED] - Statement - If (true): Swiped from 381,727 to 450,727

2018-02-07 11:12:14 - [TEST_STEP][PASSED] - swipe: Swiped from 381,727 to 450,727

2018-02-07 11:12:15 - [MESSAGE][PASSED] - Swiped from 381,727 to 450,727

2018-02-07 11:12:15 - [TEST_STEP][PASSED] - Statement - If (true): Swiped from 381,727 to 450,727

2018-02-07 11:12:15 - [TEST_STEP][PASSED] - swipe: Swiped from 381,727 to 450,727

2018-02-07 11:12:15 - [MESSAGE][PASSED] - Swiped from 381,727 to 450,727

2018-02-07 11:12:15 - [TEST_STEP][PASSED] - Statement - If (true): Swiped from 381,727 to 450,727

2018-02-07 11:12:15 - [TEST_STEP][PASSED] - swipe: Swiped from 381,727 to 450,727

2018-02-07 11:12:16 - [MESSAGE][PASSED] - Swiped from 381,727 to 450,727

2018-02-07 11:12:16 - [TEST_STEP][PASSED] - waitForElementPresent: Element 'Object Repository/Sidebar Menu/Operasional/Stock/Detail Barang/SIMPAN Button' is present

2018-02-07 11:12:17 - [MESSAGE][PASSED] - Element 'Object Repository/Sidebar Menu/Operasional/Stock/Detail Barang/SIMPAN Button' is present

2018-02-07 11:12:17 - [TEST_STEP][PASSED] - tap: Tapped on element 'Object Repository/Sidebar Menu/Operasional/Stock/Detail Barang/SIMPAN Button'

2018-02-07 11:12:18 - [MESSAGE][PASSED] - Tapped on element 'Object Repository/Sidebar Menu/Operasional/Stock/Detail Barang/SIMPAN Button'

2018-02-07 11:12:18 - [TEST_STEP][PASSED] - scrollToText: Scrolling to text 'TAMBAH KATEGORI' successfully

2018-02-07 11:12:34 - [MESSAGE][PASSED] - Scrolling to text 'TAMBAH KATEGORI' successfully

2018-02-07 11:12:34 - [TEST_STEP][PASSED] - tap: Tapped on element 'Object Repository/Sidebar Menu/Operasional/Stock/Detail Barang/TAMBAH KATEGORI'

2018-02-07 11:12:35 - [MESSAGE][PASSED] - Tapped on element 'Object Repository/Sidebar Menu/Operasional/Stock/Detail Barang/TAMBAH KATEGORI'

2018-02-07 11:12:35 - [TEST_STEP][PASSED] - tap: Tapped on element 'Object Repository/Sidebar Menu/Operasional/Stock/Detail Barang/TERAPKAN - Button'

2018-02-07 11:12:36 - [MESSAGE][PASSED] - Tapped on element 'Object Repository/Sidebar Menu/Operasional/Stock/Detail Barang/TERAPKAN - Button'

2018-02-07 11:12:36 - [TEST_STEP][PASSED] - tap: Tapped on element 'Object Repository/Sidebar Menu/Operasional/Stock/Detail Barang/Nama Kategori'

2018-02-07 11:12:36 - [MESSAGE][PASSED] - Tapped on element 'Object Repository/Sidebar Menu/Operasional/Stock/Detail Barang/Nama Kategori'

2018-02-07 11:12:36 - [TEST_STEP][PASSED] - setText: Text 'Kesehatan' has been set to element 'Object Repository/Sidebar Menu/Operasional/Stock/Detail Barang/Nama Kategori'

2018-02-07 11:12:47 - [MESSAGE][PASSED] - Text 'Kesehatan' has been set to element 'Object Repository/Sidebar Menu/Operasional/Stock/Detail Barang/Nama Kategori'

2018-02-07 11:12:47 - [TEST_STEP][PASSED] - tap: Tapped on element 'Object Repository/Sidebar Menu/Operasional/Stock/Detail Barang/TERAPKAN - Button'

2018-02-07 11:12:48 - [MESSAGE][PASSED] - Tapped on element 'Object Repository/Sidebar Menu/Operasional/Stock/Detail Barang/TERAPKAN - Button'

2018-02-07 11:12:48 - [TEST_STEP][PASSED] - tap: Tapped on element 'Object Repository/Sidebar Menu/Operasional/Stock/Detail Barang/SIMPAN Button'

2018-02-07 11:12:52 - [MESSAGE][PASSED] - Tapped on element 'Object Repository/Sidebar Menu/Operasional/Stock/Detail Barang/SIMPAN Button'

2018-02-07 11:12:52 - [TEST_STEP][PASSED] - pressBack: Press back button successfully

2018-02-07 11:12:53 - [MESSAGE][PASSED] - Press back button successfully

2018-02-07 11:12:53 - [TEST_STEP][PASSED] - pressBack: Press back button successfully

2018-02-07 11:12:54 - [MESSAGE][PASSED] - Press back button successfully

2018-02-07 11:12:54 - [TEST_STEP][PASSED] - delay: Delayed 5 second(s)

2018-02-07 11:12:59 - [MESSAGE][PASSED] - Delayed 5 second(s)

2018-02-07 11:12:59 - [TEST_STEP][PASSED] - comment: Edit Harga Jual

2018-02-07 11:12:59 - [TEST_STEP][PASSED] - swipe: Swiped from 24,679 to 24,453

2018-02-07 11:12:59 - [MESSAGE][PASSED] - Swiped from 24,679 to 24,453

2018-02-07 11:13:00 - [TEST_STEP][PASSED] - tap: Tapped on element 'Object Repository/Sidebar Menu/Operasional/Stock/Tambah Barang/Harga Jual - TextBox'

2018-02-07 11:13:01 - [MESSAGE][PASSED] - Tapped on element 'Object Repository/Sidebar Menu/Operasional/Stock/Tambah Barang/Harga Jual - TextBox'

2018-02-07 11:13:01 - [TEST_STEP][PASSED] - clearText: Element 'Object Repository/Sidebar Menu/Operasional/Stock/Tambah Barang/Harga Jual - TextBox' text is cleared

2018-02-07 11:13:06 - [MESSAGE][PASSED] - Element 'Object Repository/Sidebar Menu/Operasional/Stock/Tambah Barang/Harga Jual - TextBox' text is cleared

2018-02-07 11:13:06 - [TEST_STEP][PASSED] - setText: Text '50000' has been set to element 'Object Repository/Sidebar Menu/Operasional/Stock/Tambah Barang/Harga Jual - TextBox'

2018-02-07 11:13:21 - [MESSAGE][PASSED] - Text '50000' has been set to element 'Object Repository/Sidebar Menu/Operasional/Stock/Tambah Barang/Harga Jual - TextBox'

2018-02-07 11:13:21 - [TEST_STEP][PASSED] - verifyElementText: Actual text and expected text of test object 'Object Repository/Sidebar Menu/Operasional/Stock/Tambah Barang/Harga Jual - TextBox' are matched.

2018-02-07 11:13:22 - [MESSAGE][PASSED] - Actual text and expected text of test object 'Object Repository/Sidebar Menu/Operasional/Stock/Tambah Barang/Harga Jual - TextBox' are matched.

2018-02-07 11:13:22 - [TEST_STEP][PASSED] - hideKeyboard: Keyboard is hidden

2018-02-07 11:13:23 - [MESSAGE][PASSED] - Keyboard is hidden

2018-02-07 11:13:23 - [TEST_STEP][PASSED] - comment: Ubah Nominal Dison

2018-02-07 11:13:23 - [TEST_STEP][PASSED] - tap: Tapped on element 'Object Repository/Sidebar Menu/Operasional/Stock/Tambah Barang/Nominal Diskon- TextBox'

2018-02-07 11:13:24 - [MESSAGE][PASSED] - Tapped on element 'Object Repository/Sidebar Menu/Operasional/Stock/Tambah Barang/Nominal Diskon- TextBox'

2018-02-07 11:13:24 - [TEST_STEP][PASSED] - setText: Text '12000' has been set to element 'Object Repository/Sidebar Menu/Operasional/Stock/Tambah Barang/Nominal Diskon- TextBox'

2018-02-07 11:13:38 - [MESSAGE][PASSED] - Text '12000' has been set to element 'Object Repository/Sidebar Menu/Operasional/Stock/Tambah Barang/Nominal Diskon- TextBox'

2018-02-07 11:13:38 - [TEST_STEP][PASSED] - verifyElementText: Actual text and expected text of test object 'Object Repository/Sidebar Menu/Operasional/Stock/Tambah Barang/Nominal Diskon- TextBox' are matched.

2018-02-07 11:13:39 - [MESSAGE][PASSED] - Actual text and expected text of test object 'Object Repository/Sidebar Menu/Operasional/Stock/Tambah Barang/Nominal Diskon- TextBox' are matched.

2018-02-07 11:13:39 - [TEST_STEP][PASSED] - hideKeyboard: Keyboard is hidden

2018-02-07 11:13:40 - [MESSAGE][PASSED] - Keyboard is hidden

2018-02-07 11:13:40 - [TEST_STEP][PASSED] - pressBack: Press back button successfully

2018-02-07 11:13:40 - [MESSAGE][PASSED] - Press back button successfully

2018-02-07 11:13:40 - [TEST_STEP][PASSED] - tap: Tapped on element 'Object Repository/Sidebar Menu/Operasional/Stock/Detail Barang/Batal Button'

2018-02-07 11:13:42 - [MESSAGE][PASSED] - Tapped on element 'Object Repository/Sidebar Menu/Operasional/Stock/Detail Barang/Batal Button'

2018-02-07 11:13:42 - [TEST_STEP][PASSED] - delay: Delayed 5 second(s)

2018-02-07 11:13:47 - [MESSAGE][PASSED] - Delayed 5 second(s)

2018-02-07 11:13:47 - [TEST_STEP][PASSED] - tap: Tapped on element 'Object Repository/Sidebar Menu/Operasional/Stock/Detail Barang/Simpan'

2018-02-07 11:13:47 - [MESSAGE][PASSED] - Tapped on element 'Object Repository/Sidebar Menu/Operasional/Stock/Detail Barang/Simpan'

2018-02-07 11:13:47 - [TEST_STEP][PASSED] - comment: End Story 46]]></system-out>
         <system-err><![CDATA[]]></system-err>
      </testcase>
      <testcase name="Test Cases/28 - TC-All" classname="Test Cases/28 - TC-All" status="FAILED">
         <failure type="FAILED" message="Failed to tap on element 'Object Repository/Sidebar Menu/Operasional/Kasir/Kasir - Navbar' (Root cause: Object Object Repository/Sidebar Menu/Operasional/Kasir/Kasir - Navbar not found)"/>
         <system-out><![CDATA[2018-02-07 11:13:47 - [TEST_CASE][FAILED] - Test Cases/28 - TC-All: Test Cases/28 - TC-All FAILED because (of) Failed to tap on element 'Object Repository/Sidebar Menu/Operasional/Kasir/Kasir - Navbar' (Root cause: Object Object Repository/Sidebar Menu/Operasional/Kasir/Kasir - Navbar not found)

2018-02-07 11:13:47 - [TEST_STEP][PASSED] - comment: Start Story 28

2018-02-07 11:13:47 - [TEST_STEP][PASSED] - delay: Delayed 5 second(s)

2018-02-07 11:13:52 - [MESSAGE][PASSED] - Delayed 5 second(s)

2018-02-07 11:13:52 - [TEST_STEP][FAILED] - tap: Failed to tap on element 'Object Repository/Sidebar Menu/Operasional/Kasir/Kasir - Navbar' (Root cause: Object Object Repository/Sidebar Menu/Operasional/Kasir/Kasir - Navbar not found)

2018-02-07 11:13:57 - [MESSAGE][FAILED] - Object Object Repository/Sidebar Menu/Operasional/Kasir/Kasir - Navbar not found

2018-02-07 11:13:57 - [MESSAGE][FAILED] - Failed to tap on element 'Object Repository/Sidebar Menu/Operasional/Kasir/Kasir - Navbar' (Root cause: Object Object Repository/Sidebar Menu/Operasional/Kasir/Kasir - Navbar not found)]]></system-out>
         <system-err><![CDATA[2018-02-07 11:13:47 - [TEST_CASE][FAILED] - Test Cases/28 - TC-All: Test Cases/28 - TC-All FAILED because (of) Failed to tap on element 'Object Repository/Sidebar Menu/Operasional/Kasir/Kasir - Navbar' (Root cause: Object Object Repository/Sidebar Menu/Operasional/Kasir/Kasir - Navbar not found)]]></system-err>
      </testcase>
      <testcase name="Test Cases/29 - TC - All" classname="Test Cases/29 - TC - All" status="FAILED">
         <failure type="FAILED" message="Failed to tap on element 'Object Repository/Sidebar Menu/Operasional/Kasir/Kerajang dan Pembayaran/MinusTap - Elemen 1' (Root cause: Object Object Repository/Sidebar Menu/Operasional/Kasir/Kerajang dan Pembayaran/MinusTap - Elemen 1 not found)"/>
         <system-out><![CDATA[2018-02-07 11:13:58 - [TEST_CASE][FAILED] - Test Cases/29 - TC - All: Test Cases/29 - TC - All FAILED because (of) Failed to tap on element 'Object Repository/Sidebar Menu/Operasional/Kasir/Kerajang dan Pembayaran/MinusTap - Elemen 1' (Root cause: Object Object Repository/Sidebar Menu/Operasional/Kasir/Kerajang dan Pembayaran/MinusTap - Elemen 1 not found)

2018-02-07 11:13:58 - [TEST_STEP][PASSED] - comment: Start Story 29

2018-02-07 11:13:58 - [TEST_STEP][NOT_RUN] - Statement - For (def index : (0..5)): NOT_RUN: Statement - For (def index : (0..5))

2018-02-07 11:13:58 - [MESSAGE][NOT_RUN] - NOT_RUN: Statement - For (def index : (0..5))

2018-02-07 11:13:58 - [TEST_STEP][FAILED] - Statement - For (def index : (0..3)): Failed to tap on element 'Object Repository/Sidebar Menu/Operasional/Kasir/Kerajang dan Pembayaran/MinusTap - Elemen 1' (Root cause: Object Object Repository/Sidebar Menu/Operasional/Kasir/Kerajang dan Pembayaran/MinusTap - Elemen 1 not found)

2018-02-07 11:13:58 - [TEST_STEP][FAILED] - tap: Failed to tap on element 'Object Repository/Sidebar Menu/Operasional/Kasir/Kerajang dan Pembayaran/MinusTap - Elemen 1' (Root cause: Object Object Repository/Sidebar Menu/Operasional/Kasir/Kerajang dan Pembayaran/MinusTap - Elemen 1 not found)

2018-02-07 11:13:58 - [MESSAGE][WARNING] - Timeout '0' is invalid. Using default page load timeout: '30'

2018-02-07 11:14:28 - [MESSAGE][FAILED] - Object Object Repository/Sidebar Menu/Operasional/Kasir/Kerajang dan Pembayaran/MinusTap - Elemen 1 not found

2018-02-07 11:14:28 - [MESSAGE][FAILED] - Failed to tap on element 'Object Repository/Sidebar Menu/Operasional/Kasir/Kerajang dan Pembayaran/MinusTap - Elemen 1' (Root cause: Object Object Repository/Sidebar Menu/Operasional/Kasir/Kerajang dan Pembayaran/MinusTap - Elemen 1 not found)]]></system-out>
         <system-err><![CDATA[2018-02-07 11:13:58 - [TEST_CASE][FAILED] - Test Cases/29 - TC - All: Test Cases/29 - TC - All FAILED because (of) Failed to tap on element 'Object Repository/Sidebar Menu/Operasional/Kasir/Kerajang dan Pembayaran/MinusTap - Elemen 1' (Root cause: Object Object Repository/Sidebar Menu/Operasional/Kasir/Kerajang dan Pembayaran/MinusTap - Elemen 1 not found)]]></system-err>
      </testcase>
      <testcase name="Test Cases/47 - TC- All" classname="Test Cases/47 - TC- All" status="FAILED">
         <failure type="FAILED" message="Failed to tap on element 'Object Repository/Sidebar Menu/Operasional/Kasir/Kerajang dan Pembayaran/Tunai' (Root cause: Object Object Repository/Sidebar Menu/Operasional/Kasir/Kerajang dan Pembayaran/Tunai not found)"/>
         <system-out><![CDATA[2018-02-07 11:14:28 - [TEST_CASE][FAILED] - Test Cases/47 - TC- All: Test Cases/47 - TC- All FAILED because (of) Failed to tap on element 'Object Repository/Sidebar Menu/Operasional/Kasir/Kerajang dan Pembayaran/Tunai' (Root cause: Object Object Repository/Sidebar Menu/Operasional/Kasir/Kerajang dan Pembayaran/Tunai not found)

2018-02-07 11:14:28 - [TEST_STEP][PASSED] - comment: Start Story 47

2018-02-07 11:14:28 - [TEST_STEP][FAILED] - tap: Failed to tap on element 'Object Repository/Sidebar Menu/Operasional/Kasir/Kerajang dan Pembayaran/Tunai' (Root cause: Object Object Repository/Sidebar Menu/Operasional/Kasir/Kerajang dan Pembayaran/Tunai not found)

2018-02-07 11:14:33 - [MESSAGE][FAILED] - Object Object Repository/Sidebar Menu/Operasional/Kasir/Kerajang dan Pembayaran/Tunai not found

2018-02-07 11:14:33 - [MESSAGE][FAILED] - Failed to tap on element 'Object Repository/Sidebar Menu/Operasional/Kasir/Kerajang dan Pembayaran/Tunai' (Root cause: Object Object Repository/Sidebar Menu/Operasional/Kasir/Kerajang dan Pembayaran/Tunai not found)]]></system-out>
         <system-err><![CDATA[2018-02-07 11:14:28 - [TEST_CASE][FAILED] - Test Cases/47 - TC- All: Test Cases/47 - TC- All FAILED because (of) Failed to tap on element 'Object Repository/Sidebar Menu/Operasional/Kasir/Kerajang dan Pembayaran/Tunai' (Root cause: Object Object Repository/Sidebar Menu/Operasional/Kasir/Kerajang dan Pembayaran/Tunai not found)]]></system-err>
      </testcase>
      <testcase name="Test Cases/30 - TC - All" classname="Test Cases/30 - TC - All" status="FAILED">
         <failure type="FAILED" message="Failed to tap on element 'Object Repository/Sidebar Menu/Operasional/Kasir/Kerajang dan Pembayaran/LANJUT (1)' (Root cause: Object Object Repository/Sidebar Menu/Operasional/Kasir/Kerajang dan Pembayaran/LANJUT (1) not found)"/>
         <system-out><![CDATA[2018-02-07 11:14:33 - [TEST_CASE][FAILED] - Test Cases/30 - TC - All: Test Cases/30 - TC - All FAILED because (of) Failed to tap on element 'Object Repository/Sidebar Menu/Operasional/Kasir/Kerajang dan Pembayaran/LANJUT (1)' (Root cause: Object Object Repository/Sidebar Menu/Operasional/Kasir/Kerajang dan Pembayaran/LANJUT (1) not found)

2018-02-07 11:14:33 - [TEST_STEP][PASSED] - comment: Start Story 30

2018-02-07 11:14:33 - [TEST_STEP][PASSED] - waitForElementPresent: Object Object Repository/Sidebar Menu/Operasional/Kasir/Kerajang dan Pembayaran/LANJUT (1) not found

2018-02-07 11:14:39 - [MESSAGE][WARNING] - Object Object Repository/Sidebar Menu/Operasional/Kasir/Kerajang dan Pembayaran/LANJUT (1) not found

2018-02-07 11:14:39 - [TEST_STEP][FAILED] - tap: Failed to tap on element 'Object Repository/Sidebar Menu/Operasional/Kasir/Kerajang dan Pembayaran/LANJUT (1)' (Root cause: Object Object Repository/Sidebar Menu/Operasional/Kasir/Kerajang dan Pembayaran/LANJUT (1) not found)

2018-02-07 11:14:44 - [MESSAGE][FAILED] - Object Object Repository/Sidebar Menu/Operasional/Kasir/Kerajang dan Pembayaran/LANJUT (1) not found

2018-02-07 11:14:44 - [MESSAGE][FAILED] - Failed to tap on element 'Object Repository/Sidebar Menu/Operasional/Kasir/Kerajang dan Pembayaran/LANJUT (1)' (Root cause: Object Object Repository/Sidebar Menu/Operasional/Kasir/Kerajang dan Pembayaran/LANJUT (1) not found)]]></system-out>
         <system-err><![CDATA[2018-02-07 11:14:33 - [TEST_CASE][FAILED] - Test Cases/30 - TC - All: Test Cases/30 - TC - All FAILED because (of) Failed to tap on element 'Object Repository/Sidebar Menu/Operasional/Kasir/Kerajang dan Pembayaran/LANJUT (1)' (Root cause: Object Object Repository/Sidebar Menu/Operasional/Kasir/Kerajang dan Pembayaran/LANJUT (1) not found)]]></system-err>
      </testcase>
      <system-out><![CDATA[2018-02-07 10:56:50 - [TEST_SUITE][FAILED] - Sprint 2: Test Cases/26 - TC - All FAILED because (of) Failed to tap on element 'Object Repository/Sidebar Menu/Operasional/Stock/Stock View/Terapkan - Select Kategori' (Root cause: Object Object Repository/Sidebar Menu/Operasional/Stock/Stock View/Terapkan - Select Kategori not found)]]></system-out>
      <system-err><![CDATA[2018-02-07 10:56:50 - [TEST_SUITE][FAILED] - Sprint 2: Test Cases/26 - TC - All FAILED because (of) Failed to tap on element 'Object Repository/Sidebar Menu/Operasional/Stock/Stock View/Terapkan - Select Kategori' (Root cause: Object Object Repository/Sidebar Menu/Operasional/Stock/Stock View/Terapkan - Select Kategori not found)]]></system-err>
   </testsuite>
</testsuites>
