<?xml version="1.0" encoding="UTF-8"?>
<testsuites name="Story 35 - Tambah Barang" time="1435" tests="21" failures="5" errors="0">
   <testsuite name="Story 35 - Tambah Barang" tests="21" failures="5" errors="0" time="1435" timestamp="2018-07-13 15:38:13" hostname="AV2017005903 - NBMP18A211ITSQA.corp.bankbtpn.co.id" id="Test Suites/Story 35 - Tambah Barang">
      <properties>
         <property name="deviceName" value="OPPO A37f (Android 5.1.1)"/>
         <property name="devicePlatform" value=""/>
         <property name="logFolder" value="C:\\Users\\AV2017005903\\Documents\\apollo-automation\\Reports\\Story 35 - Tambah Barang\\20180713_153810"/>
         <property name="logFiles" value="C:\\Users\\AV2017005903\\Documents\\apollo-automation\\Reports\\Story 35 - Tambah Barang\\20180713_153810\\appium.log, C:\\Users\\AV2017005903\\Documents\\apollo-automation\\Reports\\Story 35 - Tambah Barang\\20180713_153810\\execution0.log"/>
         <property name="attachments" value="C:\\Users\\AV2017005903\\Documents\\apollo-automation\\Reports\\Story 35 - Tambah Barang\\20180713_153810\\1531472229097.png, C:\\Users\\AV2017005903\\Documents\\apollo-automation\\Reports\\Story 35 - Tambah Barang\\20180713_153810\\1531472230820.png, C:\\Users\\AV2017005903\\Documents\\apollo-automation\\Reports\\Story 35 - Tambah Barang\\20180713_153810\\1531472240130.png, C:\\Users\\AV2017005903\\Documents\\apollo-automation\\Reports\\Story 35 - Tambah Barang\\20180713_153810\\1531472241735.png, C:\\Users\\AV2017005903\\Documents\\apollo-automation\\Reports\\Story 35 - Tambah Barang\\20180713_153810\\1531472249839.png, C:\\Users\\AV2017005903\\Documents\\apollo-automation\\Reports\\Story 35 - Tambah Barang\\20180713_153810\\1531472251373.png, C:\\Users\\AV2017005903\\Documents\\apollo-automation\\Reports\\Story 35 - Tambah Barang\\20180713_153810\\1531472264317.png, C:\\Users\\AV2017005903\\Documents\\apollo-automation\\Reports\\Story 35 - Tambah Barang\\20180713_153810\\1531472265917.png, C:\\Users\\AV2017005903\\Documents\\apollo-automation\\Reports\\Story 35 - Tambah Barang\\20180713_153810\\1531472518435.png, C:\\Users\\AV2017005903\\Documents\\apollo-automation\\Reports\\Story 35 - Tambah Barang\\20180713_153810\\1531472519901.png"/>
         <property name="hostName" value="AV2017005903 - NBMP18A211ITSQA.corp.bankbtpn.co.id"/>
         <property name="os" value="Windows 10 64bit"/>
         <property name="katalonVersion" value="5.4.2.1"/>
         <property name="deviceOS" value="Android"/>
         <property name="appiumVersion" value="1.8.1"/>
         <property name="deviceModel" value="A37f"/>
         <property name="hostAddress" value="192.168.62.1"/>
         <property name="deviceManufacturer" value="OPPO"/>
         <property name="deviceId" value="6e4df14"/>
         <property name="deviceName" value="OPPO A37f (Android 5.1.1)"/>
         <property name="deviceOSVersion" value="5.1.1"/>
      </properties>
      <testcase name="Test Cases/Story 35 and 921 -Tambah Barang/35 TC 1" classname="Test Cases/Story 35 and 921 -Tambah Barang/35 TC 1" status="PASSED">
         <system-out><![CDATA[2018-07-13 15:38:14 - [TEST_CASE][PASSED] - Test Cases/Story 35 and 921 -Tambah Barang/35 TC 1: Test Cases/Story 35 and 921 -Tambah Barang/35 TC 1

2018-07-13 15:38:14 - [TEST_STEP][PASSED] - comment: Start Story 35 - Display Tambah Barang Form

2018-07-13 15:38:14 - [TEST_STEP][PASSED] - comment: Call Test Case 26 (TC1)

2018-07-13 15:38:14 - [TEST_STEP][PASSED] - callTestCase: Call Test Case 'Test Cases/Story 26 dan 842 -Kelola Stok Final/26 TC 1' successfully

2018-07-13 15:38:14 - [TEST_CASE][PASSED] - Test Cases/Story 26 dan 842 -Kelola Stok Final/26 TC 1: Test Cases/Story 26 dan 842 -Kelola Stok Final/26 TC 1

2018-07-13 15:38:15 - [TEST_STEP][PASSED] - comment: Kelola Stock - View

2018-07-13 15:38:15 - [TEST_STEP][PASSED] - callTestCase: Call Test Case 'Test Cases/Story 679 - Welcome Screen/679 TC - Welcome Screen' successfully

2018-07-13 15:38:15 - [TEST_CASE][PASSED] - Test Cases/Story 679 - Welcome Screen/679 TC - Welcome Screen: Test Cases/Story 679 - Welcome Screen/679 TC - Welcome Screen

2018-07-13 15:38:15 - [TEST_STEP][PASSED] - comment: Start Story 679

2018-07-13 15:38:15 - [TEST_STEP][PASSED] - Statement - apkPath = apkName: null

2018-07-13 15:38:15 - [TEST_STEP][PASSED] - startApplication: Started app at: 'C:\Users\AV2017005903\Documents\apollo-automation\app-sit-3 Juli.apk'

2018-07-13 15:38:49 - [MESSAGE][PASSED] - Started app at: 'C:\Users\AV2017005903\Documents\apollo-automation\app-sit-3 Juli.apk'

2018-07-13 15:38:49 - [TEST_STEP][PASSED] - delay: Delayed 15 second(s)

2018-07-13 15:39:04 - [MESSAGE][PASSED] - Delayed 15 second(s)

2018-07-13 15:39:04 - [TEST_STEP][NOT_RUN] - waitForElementPresent: NOT_RUN: waitForElementPresent

2018-07-13 15:39:04 - [MESSAGE][NOT_RUN] - NOT_RUN: waitForElementPresent

2018-07-13 15:39:04 - [TEST_STEP][NOT_RUN] - verifyElementVisible: NOT_RUN: verifyElementVisible

2018-07-13 15:39:04 - [MESSAGE][NOT_RUN] - NOT_RUN: verifyElementVisible

2018-07-13 15:39:04 - [TEST_STEP][PASSED] - Comment - "Delay until UpdateApp TopUp appear": null

2018-07-13 15:39:04 - [TEST_STEP][PASSED] - Statement - driver = com.kms.katalon.core.mobile.keyword.internal.MobileDriverFactory.getDriver(): null

2018-07-13 15:39:04 - [TEST_STEP][PASSED] - Statement - action = new io.appium.java_client.TouchAction(driver): null

2018-07-13 15:39:04 - [TEST_STEP][PASSED] - Statement - action.longPress(450, 300).moveTo(100, 300).release().perform(): null

2018-07-13 15:39:06 - [TEST_STEP][PASSED] - delay: Delayed 8 second(s)

2018-07-13 15:39:14 - [MESSAGE][PASSED] - Delayed 8 second(s)

2018-07-13 15:39:14 - [TEST_STEP][PASSED] - Statement - action.longPress(450, 300).moveTo(100, 300).release().perform(): null

2018-07-13 15:39:17 - [TEST_STEP][PASSED] - delay: Delayed 8 second(s)

2018-07-13 15:39:25 - [MESSAGE][PASSED] - Delayed 8 second(s)

2018-07-13 15:39:25 - [TEST_STEP][PASSED] - Statement - action.longPress(450, 300).moveTo(100, 300).release().perform(): null

2018-07-13 15:39:27 - [TEST_STEP][PASSED] - delay: Delayed 8 second(s)

2018-07-13 15:39:35 - [MESSAGE][PASSED] - Delayed 8 second(s)

2018-07-13 15:39:35 - [TEST_STEP][PASSED] - Statement - action.longPress(450, 300).moveTo(100, 300).release().perform(): null

2018-07-13 15:39:38 - [TEST_STEP][PASSED] - delay: Delayed 8 second(s)

2018-07-13 15:39:46 - [MESSAGE][PASSED] - Delayed 8 second(s)

2018-07-13 15:39:46 - [TEST_STEP][PASSED] - waitForElementPresent: Element 'Object Repository/Splash Screen/Mulai - Button' is present

2018-07-13 15:39:46 - [MESSAGE][WARNING] - Timeout '0' is invalid. Using default page load timeout: '30'

2018-07-13 15:39:52 - [MESSAGE][PASSED] - Element 'Object Repository/Splash Screen/Mulai - Button' is present

2018-07-13 15:39:52 - [TEST_STEP][PASSED] - tap: Tapped on element 'Object Repository/Splash Screen/Mulai - Button'

2018-07-13 15:39:52 - [MESSAGE][WARNING] - Timeout '0' is invalid. Using default page load timeout: '30'

2018-07-13 15:39:57 - [MESSAGE][PASSED] - Tapped on element 'Object Repository/Splash Screen/Mulai - Button'

2018-07-13 15:39:57 - [MESSAGE][PASSED] - Call Test Case 'Test Cases/Story 679 - Welcome Screen/679 TC - Welcome Screen' successfully

2018-07-13 15:39:57 - [TEST_STEP][NOT_RUN] - Statement - apkPath = apkName: NOT_RUN: Statement - apkPath = apkName

2018-07-13 15:39:57 - [MESSAGE][NOT_RUN] - NOT_RUN: Statement - apkPath = apkName

2018-07-13 15:39:57 - [TEST_STEP][NOT_RUN] - startApplication: NOT_RUN: startApplication

2018-07-13 15:39:57 - [MESSAGE][NOT_RUN] - NOT_RUN: startApplication

2018-07-13 15:39:57 - [TEST_STEP][NOT_RUN] - verifyElementVisible: NOT_RUN: verifyElementVisible

2018-07-13 15:39:57 - [MESSAGE][NOT_RUN] - NOT_RUN: verifyElementVisible

2018-07-13 15:39:57 - [TEST_STEP][PASSED] - comment: Start Login Test Case

2018-07-13 15:39:57 - [TEST_STEP][PASSED] - delay: Delayed 5 second(s)

2018-07-13 15:40:02 - [MESSAGE][PASSED] - Delayed 5 second(s)

2018-07-13 15:40:02 - [TEST_STEP][PASSED] - Comment - "If there is a Update TopuUp, click No, Else you can delay for waiting lazyload ": null

2018-07-13 15:40:02 - [TEST_STEP][PASSED] - waitForElementPresent: Element 'Object Repository/Login/Nomor HP  Nama Pengguna - Text Box' is present

2018-07-13 15:40:09 - [MESSAGE][PASSED] - Element 'Object Repository/Login/Nomor HP  Nama Pengguna - Text Box' is present

2018-07-13 15:40:09 - [TEST_STEP][PASSED] - verifyElementAttributeValue: Object 'Object Repository/Login/Nomor HP  Nama Pengguna - Text Box' has attribute 'content-desc' with value 'LoginNameTextInput'

2018-07-13 15:40:13 - [MESSAGE][PASSED] - Object 'Object Repository/Login/Nomor HP  Nama Pengguna - Text Box' has attribute 'content-desc' with value 'LoginNameTextInput'

2018-07-13 15:40:13 - [TEST_STEP][PASSED] - tap: Tapped on element 'Object Repository/Login/Nomor HP  Nama Pengguna - Text Box'

2018-07-13 15:40:18 - [MESSAGE][PASSED] - Tapped on element 'Object Repository/Login/Nomor HP  Nama Pengguna - Text Box'

2018-07-13 15:40:18 - [TEST_STEP][PASSED] - setText: Text '08112233445567' has been set to element 'Object Repository/Login/Nomor HP  Nama Pengguna - Text Box'

2018-07-13 15:40:36 - [MESSAGE][PASSED] - Text '08112233445567' has been set to element 'Object Repository/Login/Nomor HP  Nama Pengguna - Text Box'

2018-07-13 15:40:36 - [TEST_STEP][PASSED] - hideKeyboard: Keyboard is hidden

2018-07-13 15:40:36 - [MESSAGE][PASSED] - Keyboard is hidden

2018-07-13 15:40:36 - [TEST_STEP][PASSED] - verifyElementText: Actual text and expected text of test object 'Object Repository/Login/Nomor HP  Nama Pengguna - Text Box' are matched.

2018-07-13 15:40:44 - [MESSAGE][PASSED] - Actual text and expected text of test object 'Object Repository/Login/Nomor HP  Nama Pengguna - Text Box' are matched.

2018-07-13 15:40:44 - [TEST_STEP][PASSED] - waitForElementPresent: Element 'Object Repository/Login/Button Masuk' is present

2018-07-13 15:40:47 - [MESSAGE][PASSED] - Element 'Object Repository/Login/Button Masuk' is present

2018-07-13 15:40:47 - [TEST_STEP][PASSED] - verifyElementAttributeValue: Object 'Object Repository/Login/Button Masuk' has attribute 'content-desc' with value 'LoginJumpNextBtn'

2018-07-13 15:40:51 - [MESSAGE][PASSED] - Object 'Object Repository/Login/Button Masuk' has attribute 'content-desc' with value 'LoginJumpNextBtn'

2018-07-13 15:40:51 - [TEST_STEP][PASSED] - tap: Tapped on element 'Object Repository/Login/Button Masuk'

2018-07-13 15:40:56 - [MESSAGE][PASSED] - Tapped on element 'Object Repository/Login/Button Masuk'

2018-07-13 15:40:56 - [TEST_STEP][PASSED] - waitForElementPresent: Element 'Object Repository/Login/Input Pin' is present

2018-07-13 15:41:00 - [MESSAGE][PASSED] - Element 'Object Repository/Login/Input Pin' is present

2018-07-13 15:41:00 - [TEST_STEP][PASSED] - verifyElementAttributeValue: Object 'Object Repository/Login/Input Pin' has attribute 'content-desc' with value 'pinCircleFocus'

2018-07-13 15:41:05 - [MESSAGE][PASSED] - Object 'Object Repository/Login/Input Pin' has attribute 'content-desc' with value 'pinCircleFocus'

2018-07-13 15:41:05 - [TEST_STEP][PASSED] - tap: Tapped on element 'Object Repository/Login/Input Pin'

2018-07-13 15:41:13 - [MESSAGE][PASSED] - Tapped on element 'Object Repository/Login/Input Pin'

2018-07-13 15:41:13 - [TEST_STEP][PASSED] - setText: Text '123456' has been set to element 'Object Repository/Login/Input Pin'

2018-07-13 15:41:34 - [MESSAGE][PASSED] - Text '123456' has been set to element 'Object Repository/Login/Input Pin'

2018-07-13 15:41:34 - [TEST_STEP][PASSED] - delay: Delayed 5 second(s)

2018-07-13 15:41:39 - [MESSAGE][PASSED] - Delayed 5 second(s)

2018-07-13 15:41:39 - [TEST_STEP][PASSED] - getAttribute: Element 'Object Repository/Login/DashboardScreen' has attribute 'content-desc' is 'DashboardScreen'

2018-07-13 15:41:44 - [MESSAGE][PASSED] - Element 'Object Repository/Login/DashboardScreen' has attribute 'content-desc' is 'DashboardScreen'

2018-07-13 15:41:44 - [TEST_STEP][PASSED] - verifyElementAttributeValue: Object 'Object Repository/Login/DashboardScreen' has attribute 'content-desc' with value 'DashboardScreen'

2018-07-13 15:41:48 - [MESSAGE][PASSED] - Object 'Object Repository/Login/DashboardScreen' has attribute 'content-desc' with value 'DashboardScreen'

2018-07-13 15:41:48 - [TEST_STEP][PASSED] - delay: Delayed 5 second(s)

2018-07-13 15:41:53 - [MESSAGE][PASSED] - Delayed 5 second(s)

2018-07-13 15:41:53 - [TEST_STEP][PASSED] - comment: End Login Test Case

2018-07-13 15:41:53 - [TEST_STEP][PASSED] - waitForElementPresent: Element 'Object Repository/Sidebar Menu/HamburgerButton' is present

2018-07-13 15:41:57 - [MESSAGE][PASSED] - Element 'Object Repository/Sidebar Menu/HamburgerButton' is present

2018-07-13 15:41:57 - [TEST_STEP][PASSED] - verifyElementAttributeValue: Object 'Object Repository/Sidebar Menu/HamburgerButton' has attribute 'content-desc' with value 'headerBar_button_hamburgerMenu'

2018-07-13 15:42:01 - [MESSAGE][PASSED] - Object 'Object Repository/Sidebar Menu/HamburgerButton' has attribute 'content-desc' with value 'headerBar_button_hamburgerMenu'

2018-07-13 15:42:01 - [TEST_STEP][PASSED] - tap: Tapped on element 'Object Repository/Sidebar Menu/HamburgerButton'

2018-07-13 15:42:06 - [MESSAGE][PASSED] - Tapped on element 'Object Repository/Sidebar Menu/HamburgerButton'

2018-07-13 15:42:06 - [TEST_STEP][PASSED] - waitForElementPresent: Element 'Object Repository/Sidebar Menu/Produk/Produk' is present

2018-07-13 15:42:14 - [MESSAGE][PASSED] - Element 'Object Repository/Sidebar Menu/Produk/Produk' is present

2018-07-13 15:42:14 - [TEST_STEP][PASSED] - verifyElementAttributeValue: Object 'Object Repository/Sidebar Menu/Produk/Produk' has attribute 'content-desc' with value 'produkMenuItem'

2018-07-13 15:42:21 - [MESSAGE][PASSED] - Object 'Object Repository/Sidebar Menu/Produk/Produk' has attribute 'content-desc' with value 'produkMenuItem'

2018-07-13 15:42:21 - [TEST_STEP][PASSED] - tap: Tapped on element 'Object Repository/Sidebar Menu/Produk/Produk'

2018-07-13 15:42:28 - [MESSAGE][PASSED] - Tapped on element 'Object Repository/Sidebar Menu/Produk/Produk'

2018-07-13 15:42:28 - [TEST_STEP][PASSED] - verifyElementVisible: Element 'Object Repository/Sidebar Menu/Produk/Text Header -  Produk' is visible

2018-07-13 15:42:38 - [MESSAGE][PASSED] - Element 'Object Repository/Sidebar Menu/Produk/Text Header -  Produk' is visible

2018-07-13 15:42:38 - [TEST_STEP][PASSED] - delay: Delayed 5 second(s)

2018-07-13 15:42:43 - [MESSAGE][PASSED] - Delayed 5 second(s)

2018-07-13 15:42:43 - [MESSAGE][PASSED] - Call Test Case 'Test Cases/Story 26 dan 842 -Kelola Stok Final/26 TC 1' successfully

2018-07-13 15:42:43 - [TEST_STEP][PASSED] - waitForElementPresent: Element 'Object Repository/Sidebar Menu/Produk/Tambah Barang/Tambah Barang Button' is present

2018-07-13 15:42:46 - [MESSAGE][PASSED] - Element 'Object Repository/Sidebar Menu/Produk/Tambah Barang/Tambah Barang Button' is present

2018-07-13 15:42:46 - [TEST_STEP][PASSED] - verifyElementAttributeValue: Object 'Object Repository/Sidebar Menu/Produk/Tambah Barang/Tambah Barang Button' has attribute 'content-desc' with value 'productListComponent_button_addProduct'

2018-07-13 15:42:50 - [MESSAGE][PASSED] - Object 'Object Repository/Sidebar Menu/Produk/Tambah Barang/Tambah Barang Button' has attribute 'content-desc' with value 'productListComponent_button_addProduct'

2018-07-13 15:42:50 - [TEST_STEP][PASSED] - tap: Tapped on element 'Object Repository/Sidebar Menu/Produk/Tambah Barang/Tambah Barang Button'

2018-07-13 15:42:55 - [MESSAGE][PASSED] - Tapped on element 'Object Repository/Sidebar Menu/Produk/Tambah Barang/Tambah Barang Button']]></system-out>
         <system-err><![CDATA[]]></system-err>
      </testcase>
      <testcase name="Test Cases/Story 35 and 921 -Tambah Barang/35 TC 2" classname="Test Cases/Story 35 and 921 -Tambah Barang/35 TC 2" status="PASSED">
         <system-out><![CDATA[2018-07-13 15:42:55 - [TEST_CASE][PASSED] - Test Cases/Story 35 and 921 -Tambah Barang/35 TC 2: Test Cases/Story 35 and 921 -Tambah Barang/35 TC 2

2018-07-13 15:42:56 - [TEST_STEP][PASSED] - comment: Increase or decrease product stock

2018-07-13 15:42:56 - [TEST_STEP][PASSED] - Statement - For (def index : (0..10)): Tapped on element 'Object Repository/Sidebar Menu/Produk/Tambah Barang/PlusTap - JumlaH Stock'

2018-07-13 15:42:56 - [TEST_STEP][PASSED] - waitForElementPresent: Element 'Object Repository/Sidebar Menu/Produk/Tambah Barang/PlusTap - JumlaH Stock' is present

2018-07-13 15:42:59 - [MESSAGE][PASSED] - Element 'Object Repository/Sidebar Menu/Produk/Tambah Barang/PlusTap - JumlaH Stock' is present

2018-07-13 15:42:59 - [TEST_STEP][PASSED] - verifyElementAttributeValue: Object 'Object Repository/Sidebar Menu/Produk/Tambah Barang/PlusTap - JumlaH Stock' has attribute 'content-desc' with value 'action_plus_anumberpicker'

2018-07-13 15:43:03 - [MESSAGE][PASSED] - Object 'Object Repository/Sidebar Menu/Produk/Tambah Barang/PlusTap - JumlaH Stock' has attribute 'content-desc' with value 'action_plus_anumberpicker'

2018-07-13 15:43:03 - [TEST_STEP][PASSED] - tap: Tapped on element 'Object Repository/Sidebar Menu/Produk/Tambah Barang/PlusTap - JumlaH Stock'

2018-07-13 15:43:09 - [MESSAGE][PASSED] - Tapped on element 'Object Repository/Sidebar Menu/Produk/Tambah Barang/PlusTap - JumlaH Stock'

2018-07-13 15:43:09 - [TEST_STEP][PASSED] - waitForElementPresent: Element 'Object Repository/Sidebar Menu/Produk/Tambah Barang/PlusTap - JumlaH Stock' is present

2018-07-13 15:43:11 - [MESSAGE][PASSED] - Element 'Object Repository/Sidebar Menu/Produk/Tambah Barang/PlusTap - JumlaH Stock' is present

2018-07-13 15:43:11 - [TEST_STEP][PASSED] - verifyElementAttributeValue: Object 'Object Repository/Sidebar Menu/Produk/Tambah Barang/PlusTap - JumlaH Stock' has attribute 'content-desc' with value 'action_plus_anumberpicker'

2018-07-13 15:43:15 - [MESSAGE][PASSED] - Object 'Object Repository/Sidebar Menu/Produk/Tambah Barang/PlusTap - JumlaH Stock' has attribute 'content-desc' with value 'action_plus_anumberpicker'

2018-07-13 15:43:15 - [TEST_STEP][PASSED] - tap: Tapped on element 'Object Repository/Sidebar Menu/Produk/Tambah Barang/PlusTap - JumlaH Stock'

2018-07-13 15:43:22 - [MESSAGE][PASSED] - Tapped on element 'Object Repository/Sidebar Menu/Produk/Tambah Barang/PlusTap - JumlaH Stock'

2018-07-13 15:43:22 - [TEST_STEP][PASSED] - waitForElementPresent: Element 'Object Repository/Sidebar Menu/Produk/Tambah Barang/PlusTap - JumlaH Stock' is present

2018-07-13 15:43:26 - [MESSAGE][PASSED] - Element 'Object Repository/Sidebar Menu/Produk/Tambah Barang/PlusTap - JumlaH Stock' is present

2018-07-13 15:43:26 - [TEST_STEP][PASSED] - verifyElementAttributeValue: Object 'Object Repository/Sidebar Menu/Produk/Tambah Barang/PlusTap - JumlaH Stock' has attribute 'content-desc' with value 'action_plus_anumberpicker'

2018-07-13 15:43:30 - [MESSAGE][PASSED] - Object 'Object Repository/Sidebar Menu/Produk/Tambah Barang/PlusTap - JumlaH Stock' has attribute 'content-desc' with value 'action_plus_anumberpicker'

2018-07-13 15:43:30 - [TEST_STEP][PASSED] - tap: Tapped on element 'Object Repository/Sidebar Menu/Produk/Tambah Barang/PlusTap - JumlaH Stock'

2018-07-13 15:43:39 - [MESSAGE][PASSED] - Tapped on element 'Object Repository/Sidebar Menu/Produk/Tambah Barang/PlusTap - JumlaH Stock'

2018-07-13 15:43:39 - [TEST_STEP][PASSED] - waitForElementPresent: Element 'Object Repository/Sidebar Menu/Produk/Tambah Barang/PlusTap - JumlaH Stock' is present

2018-07-13 15:43:42 - [MESSAGE][PASSED] - Element 'Object Repository/Sidebar Menu/Produk/Tambah Barang/PlusTap - JumlaH Stock' is present

2018-07-13 15:43:42 - [TEST_STEP][PASSED] - verifyElementAttributeValue: Object 'Object Repository/Sidebar Menu/Produk/Tambah Barang/PlusTap - JumlaH Stock' has attribute 'content-desc' with value 'action_plus_anumberpicker'

2018-07-13 15:43:46 - [MESSAGE][PASSED] - Object 'Object Repository/Sidebar Menu/Produk/Tambah Barang/PlusTap - JumlaH Stock' has attribute 'content-desc' with value 'action_plus_anumberpicker'

2018-07-13 15:43:46 - [TEST_STEP][PASSED] - tap: Tapped on element 'Object Repository/Sidebar Menu/Produk/Tambah Barang/PlusTap - JumlaH Stock'

2018-07-13 15:43:52 - [MESSAGE][PASSED] - Tapped on element 'Object Repository/Sidebar Menu/Produk/Tambah Barang/PlusTap - JumlaH Stock'

2018-07-13 15:43:52 - [TEST_STEP][PASSED] - waitForElementPresent: Element 'Object Repository/Sidebar Menu/Produk/Tambah Barang/PlusTap - JumlaH Stock' is present

2018-07-13 15:43:55 - [MESSAGE][PASSED] - Element 'Object Repository/Sidebar Menu/Produk/Tambah Barang/PlusTap - JumlaH Stock' is present

2018-07-13 15:43:55 - [TEST_STEP][PASSED] - verifyElementAttributeValue: Object 'Object Repository/Sidebar Menu/Produk/Tambah Barang/PlusTap - JumlaH Stock' has attribute 'content-desc' with value 'action_plus_anumberpicker'

2018-07-13 15:44:02 - [MESSAGE][PASSED] - Object 'Object Repository/Sidebar Menu/Produk/Tambah Barang/PlusTap - JumlaH Stock' has attribute 'content-desc' with value 'action_plus_anumberpicker'

2018-07-13 15:44:02 - [TEST_STEP][PASSED] - tap: Tapped on element 'Object Repository/Sidebar Menu/Produk/Tambah Barang/PlusTap - JumlaH Stock'

2018-07-13 15:44:08 - [MESSAGE][PASSED] - Tapped on element 'Object Repository/Sidebar Menu/Produk/Tambah Barang/PlusTap - JumlaH Stock'

2018-07-13 15:44:08 - [TEST_STEP][PASSED] - waitForElementPresent: Element 'Object Repository/Sidebar Menu/Produk/Tambah Barang/PlusTap - JumlaH Stock' is present

2018-07-13 15:44:11 - [MESSAGE][PASSED] - Element 'Object Repository/Sidebar Menu/Produk/Tambah Barang/PlusTap - JumlaH Stock' is present

2018-07-13 15:44:11 - [TEST_STEP][PASSED] - verifyElementAttributeValue: Object 'Object Repository/Sidebar Menu/Produk/Tambah Barang/PlusTap - JumlaH Stock' has attribute 'content-desc' with value 'action_plus_anumberpicker'

2018-07-13 15:44:19 - [MESSAGE][PASSED] - Object 'Object Repository/Sidebar Menu/Produk/Tambah Barang/PlusTap - JumlaH Stock' has attribute 'content-desc' with value 'action_plus_anumberpicker'

2018-07-13 15:44:19 - [TEST_STEP][PASSED] - tap: Tapped on element 'Object Repository/Sidebar Menu/Produk/Tambah Barang/PlusTap - JumlaH Stock'

2018-07-13 15:44:24 - [MESSAGE][PASSED] - Tapped on element 'Object Repository/Sidebar Menu/Produk/Tambah Barang/PlusTap - JumlaH Stock'

2018-07-13 15:44:24 - [TEST_STEP][PASSED] - waitForElementPresent: Element 'Object Repository/Sidebar Menu/Produk/Tambah Barang/PlusTap - JumlaH Stock' is present

2018-07-13 15:44:27 - [MESSAGE][PASSED] - Element 'Object Repository/Sidebar Menu/Produk/Tambah Barang/PlusTap - JumlaH Stock' is present

2018-07-13 15:44:27 - [TEST_STEP][PASSED] - verifyElementAttributeValue: Object 'Object Repository/Sidebar Menu/Produk/Tambah Barang/PlusTap - JumlaH Stock' has attribute 'content-desc' with value 'action_plus_anumberpicker'

2018-07-13 15:44:31 - [MESSAGE][PASSED] - Object 'Object Repository/Sidebar Menu/Produk/Tambah Barang/PlusTap - JumlaH Stock' has attribute 'content-desc' with value 'action_plus_anumberpicker'

2018-07-13 15:44:31 - [TEST_STEP][PASSED] - tap: Tapped on element 'Object Repository/Sidebar Menu/Produk/Tambah Barang/PlusTap - JumlaH Stock'

2018-07-13 15:44:38 - [MESSAGE][PASSED] - Tapped on element 'Object Repository/Sidebar Menu/Produk/Tambah Barang/PlusTap - JumlaH Stock'

2018-07-13 15:44:38 - [TEST_STEP][PASSED] - waitForElementPresent: Element 'Object Repository/Sidebar Menu/Produk/Tambah Barang/PlusTap - JumlaH Stock' is present

2018-07-13 15:44:42 - [MESSAGE][PASSED] - Element 'Object Repository/Sidebar Menu/Produk/Tambah Barang/PlusTap - JumlaH Stock' is present

2018-07-13 15:44:42 - [TEST_STEP][PASSED] - verifyElementAttributeValue: Object 'Object Repository/Sidebar Menu/Produk/Tambah Barang/PlusTap - JumlaH Stock' has attribute 'content-desc' with value 'action_plus_anumberpicker'

2018-07-13 15:44:46 - [MESSAGE][PASSED] - Object 'Object Repository/Sidebar Menu/Produk/Tambah Barang/PlusTap - JumlaH Stock' has attribute 'content-desc' with value 'action_plus_anumberpicker'

2018-07-13 15:44:46 - [TEST_STEP][PASSED] - tap: Tapped on element 'Object Repository/Sidebar Menu/Produk/Tambah Barang/PlusTap - JumlaH Stock'

2018-07-13 15:44:52 - [MESSAGE][PASSED] - Tapped on element 'Object Repository/Sidebar Menu/Produk/Tambah Barang/PlusTap - JumlaH Stock'

2018-07-13 15:44:52 - [TEST_STEP][PASSED] - waitForElementPresent: Element 'Object Repository/Sidebar Menu/Produk/Tambah Barang/PlusTap - JumlaH Stock' is present

2018-07-13 15:44:55 - [MESSAGE][PASSED] - Element 'Object Repository/Sidebar Menu/Produk/Tambah Barang/PlusTap - JumlaH Stock' is present

2018-07-13 15:44:55 - [TEST_STEP][PASSED] - verifyElementAttributeValue: Object 'Object Repository/Sidebar Menu/Produk/Tambah Barang/PlusTap - JumlaH Stock' has attribute 'content-desc' with value 'action_plus_anumberpicker'

2018-07-13 15:44:59 - [MESSAGE][PASSED] - Object 'Object Repository/Sidebar Menu/Produk/Tambah Barang/PlusTap - JumlaH Stock' has attribute 'content-desc' with value 'action_plus_anumberpicker'

2018-07-13 15:44:59 - [TEST_STEP][PASSED] - tap: Tapped on element 'Object Repository/Sidebar Menu/Produk/Tambah Barang/PlusTap - JumlaH Stock'

2018-07-13 15:45:07 - [MESSAGE][PASSED] - Tapped on element 'Object Repository/Sidebar Menu/Produk/Tambah Barang/PlusTap - JumlaH Stock'

2018-07-13 15:45:07 - [TEST_STEP][PASSED] - waitForElementPresent: Element 'Object Repository/Sidebar Menu/Produk/Tambah Barang/PlusTap - JumlaH Stock' is present

2018-07-13 15:45:15 - [MESSAGE][PASSED] - Element 'Object Repository/Sidebar Menu/Produk/Tambah Barang/PlusTap - JumlaH Stock' is present

2018-07-13 15:45:15 - [TEST_STEP][PASSED] - verifyElementAttributeValue: Object 'Object Repository/Sidebar Menu/Produk/Tambah Barang/PlusTap - JumlaH Stock' has attribute 'content-desc' with value 'action_plus_anumberpicker'

2018-07-13 15:45:19 - [MESSAGE][PASSED] - Object 'Object Repository/Sidebar Menu/Produk/Tambah Barang/PlusTap - JumlaH Stock' has attribute 'content-desc' with value 'action_plus_anumberpicker'

2018-07-13 15:45:19 - [TEST_STEP][PASSED] - tap: Tapped on element 'Object Repository/Sidebar Menu/Produk/Tambah Barang/PlusTap - JumlaH Stock'

2018-07-13 15:45:25 - [MESSAGE][PASSED] - Tapped on element 'Object Repository/Sidebar Menu/Produk/Tambah Barang/PlusTap - JumlaH Stock'

2018-07-13 15:45:25 - [TEST_STEP][PASSED] - waitForElementPresent: Element 'Object Repository/Sidebar Menu/Produk/Tambah Barang/PlusTap - JumlaH Stock' is present

2018-07-13 15:45:29 - [MESSAGE][PASSED] - Element 'Object Repository/Sidebar Menu/Produk/Tambah Barang/PlusTap - JumlaH Stock' is present

2018-07-13 15:45:29 - [TEST_STEP][PASSED] - verifyElementAttributeValue: Object 'Object Repository/Sidebar Menu/Produk/Tambah Barang/PlusTap - JumlaH Stock' has attribute 'content-desc' with value 'action_plus_anumberpicker'

2018-07-13 15:45:34 - [MESSAGE][PASSED] - Object 'Object Repository/Sidebar Menu/Produk/Tambah Barang/PlusTap - JumlaH Stock' has attribute 'content-desc' with value 'action_plus_anumberpicker'

2018-07-13 15:45:34 - [TEST_STEP][PASSED] - tap: Tapped on element 'Object Repository/Sidebar Menu/Produk/Tambah Barang/PlusTap - JumlaH Stock'

2018-07-13 15:45:39 - [MESSAGE][PASSED] - Tapped on element 'Object Repository/Sidebar Menu/Produk/Tambah Barang/PlusTap - JumlaH Stock'

2018-07-13 15:45:39 - [TEST_STEP][PASSED] - Statement - For (def index : (0..5)): Tapped on element 'Object Repository/Sidebar Menu/Produk/Tambah Barang/Minus Tap - Jumlah Stock'

2018-07-13 15:45:39 - [TEST_STEP][PASSED] - waitForElementPresent: Element 'Object Repository/Sidebar Menu/Produk/Tambah Barang/Minus Tap - Jumlah Stock' is present

2018-07-13 15:45:42 - [MESSAGE][PASSED] - Element 'Object Repository/Sidebar Menu/Produk/Tambah Barang/Minus Tap - Jumlah Stock' is present

2018-07-13 15:45:42 - [TEST_STEP][PASSED] - verifyElementAttributeValue: Object 'Object Repository/Sidebar Menu/Produk/Tambah Barang/Minus Tap - Jumlah Stock' has attribute 'content-desc' with value 'action_minus_anumberpicker'

2018-07-13 15:45:46 - [MESSAGE][PASSED] - Object 'Object Repository/Sidebar Menu/Produk/Tambah Barang/Minus Tap - Jumlah Stock' has attribute 'content-desc' with value 'action_minus_anumberpicker'

2018-07-13 15:45:46 - [TEST_STEP][PASSED] - tap: Tapped on element 'Object Repository/Sidebar Menu/Produk/Tambah Barang/Minus Tap - Jumlah Stock'

2018-07-13 15:45:52 - [MESSAGE][PASSED] - Tapped on element 'Object Repository/Sidebar Menu/Produk/Tambah Barang/Minus Tap - Jumlah Stock'

2018-07-13 15:45:52 - [TEST_STEP][PASSED] - waitForElementPresent: Element 'Object Repository/Sidebar Menu/Produk/Tambah Barang/Minus Tap - Jumlah Stock' is present

2018-07-13 15:45:58 - [MESSAGE][PASSED] - Element 'Object Repository/Sidebar Menu/Produk/Tambah Barang/Minus Tap - Jumlah Stock' is present

2018-07-13 15:45:58 - [TEST_STEP][PASSED] - verifyElementAttributeValue: Object 'Object Repository/Sidebar Menu/Produk/Tambah Barang/Minus Tap - Jumlah Stock' has attribute 'content-desc' with value 'action_minus_anumberpicker'

2018-07-13 15:46:06 - [MESSAGE][PASSED] - Object 'Object Repository/Sidebar Menu/Produk/Tambah Barang/Minus Tap - Jumlah Stock' has attribute 'content-desc' with value 'action_minus_anumberpicker'

2018-07-13 15:46:06 - [TEST_STEP][PASSED] - tap: Tapped on element 'Object Repository/Sidebar Menu/Produk/Tambah Barang/Minus Tap - Jumlah Stock'

2018-07-13 15:46:16 - [MESSAGE][PASSED] - Tapped on element 'Object Repository/Sidebar Menu/Produk/Tambah Barang/Minus Tap - Jumlah Stock'

2018-07-13 15:46:16 - [TEST_STEP][PASSED] - waitForElementPresent: Element 'Object Repository/Sidebar Menu/Produk/Tambah Barang/Minus Tap - Jumlah Stock' is present

2018-07-13 15:46:19 - [MESSAGE][PASSED] - Element 'Object Repository/Sidebar Menu/Produk/Tambah Barang/Minus Tap - Jumlah Stock' is present

2018-07-13 15:46:19 - [TEST_STEP][PASSED] - verifyElementAttributeValue: Object 'Object Repository/Sidebar Menu/Produk/Tambah Barang/Minus Tap - Jumlah Stock' has attribute 'content-desc' with value 'action_minus_anumberpicker'

2018-07-13 15:46:23 - [MESSAGE][PASSED] - Object 'Object Repository/Sidebar Menu/Produk/Tambah Barang/Minus Tap - Jumlah Stock' has attribute 'content-desc' with value 'action_minus_anumberpicker'

2018-07-13 15:46:23 - [TEST_STEP][PASSED] - tap: Tapped on element 'Object Repository/Sidebar Menu/Produk/Tambah Barang/Minus Tap - Jumlah Stock'

2018-07-13 15:46:32 - [MESSAGE][PASSED] - Tapped on element 'Object Repository/Sidebar Menu/Produk/Tambah Barang/Minus Tap - Jumlah Stock'

2018-07-13 15:46:32 - [TEST_STEP][PASSED] - waitForElementPresent: Element 'Object Repository/Sidebar Menu/Produk/Tambah Barang/Minus Tap - Jumlah Stock' is present

2018-07-13 15:46:35 - [MESSAGE][PASSED] - Element 'Object Repository/Sidebar Menu/Produk/Tambah Barang/Minus Tap - Jumlah Stock' is present

2018-07-13 15:46:35 - [TEST_STEP][PASSED] - verifyElementAttributeValue: Object 'Object Repository/Sidebar Menu/Produk/Tambah Barang/Minus Tap - Jumlah Stock' has attribute 'content-desc' with value 'action_minus_anumberpicker'

2018-07-13 15:46:43 - [MESSAGE][PASSED] - Object 'Object Repository/Sidebar Menu/Produk/Tambah Barang/Minus Tap - Jumlah Stock' has attribute 'content-desc' with value 'action_minus_anumberpicker'

2018-07-13 15:46:43 - [TEST_STEP][PASSED] - tap: Tapped on element 'Object Repository/Sidebar Menu/Produk/Tambah Barang/Minus Tap - Jumlah Stock'

2018-07-13 15:46:52 - [MESSAGE][PASSED] - Tapped on element 'Object Repository/Sidebar Menu/Produk/Tambah Barang/Minus Tap - Jumlah Stock'

2018-07-13 15:46:52 - [TEST_STEP][PASSED] - waitForElementPresent: Element 'Object Repository/Sidebar Menu/Produk/Tambah Barang/Minus Tap - Jumlah Stock' is present

2018-07-13 15:46:56 - [MESSAGE][PASSED] - Element 'Object Repository/Sidebar Menu/Produk/Tambah Barang/Minus Tap - Jumlah Stock' is present

2018-07-13 15:46:56 - [TEST_STEP][PASSED] - verifyElementAttributeValue: Object 'Object Repository/Sidebar Menu/Produk/Tambah Barang/Minus Tap - Jumlah Stock' has attribute 'content-desc' with value 'action_minus_anumberpicker'

2018-07-13 15:47:01 - [MESSAGE][PASSED] - Object 'Object Repository/Sidebar Menu/Produk/Tambah Barang/Minus Tap - Jumlah Stock' has attribute 'content-desc' with value 'action_minus_anumberpicker'

2018-07-13 15:47:01 - [TEST_STEP][PASSED] - tap: Tapped on element 'Object Repository/Sidebar Menu/Produk/Tambah Barang/Minus Tap - Jumlah Stock'

2018-07-13 15:47:08 - [MESSAGE][PASSED] - Tapped on element 'Object Repository/Sidebar Menu/Produk/Tambah Barang/Minus Tap - Jumlah Stock'

2018-07-13 15:47:08 - [TEST_STEP][PASSED] - waitForElementPresent: Element 'Object Repository/Sidebar Menu/Produk/Tambah Barang/Minus Tap - Jumlah Stock' is present

2018-07-13 15:47:12 - [MESSAGE][PASSED] - Element 'Object Repository/Sidebar Menu/Produk/Tambah Barang/Minus Tap - Jumlah Stock' is present

2018-07-13 15:47:12 - [TEST_STEP][PASSED] - verifyElementAttributeValue: Object 'Object Repository/Sidebar Menu/Produk/Tambah Barang/Minus Tap - Jumlah Stock' has attribute 'content-desc' with value 'action_minus_anumberpicker'

2018-07-13 15:47:17 - [MESSAGE][PASSED] - Object 'Object Repository/Sidebar Menu/Produk/Tambah Barang/Minus Tap - Jumlah Stock' has attribute 'content-desc' with value 'action_minus_anumberpicker'

2018-07-13 15:47:17 - [TEST_STEP][PASSED] - tap: Tapped on element 'Object Repository/Sidebar Menu/Produk/Tambah Barang/Minus Tap - Jumlah Stock'

2018-07-13 15:47:24 - [MESSAGE][PASSED] - Tapped on element 'Object Repository/Sidebar Menu/Produk/Tambah Barang/Minus Tap - Jumlah Stock']]></system-out>
         <system-err><![CDATA[]]></system-err>
      </testcase>
      <testcase name="Test Cases/Story 35 and 921 -Tambah Barang/35 TC 3" classname="Test Cases/Story 35 and 921 -Tambah Barang/35 TC 3" status="PASSED">
         <system-out><![CDATA[2018-07-13 15:47:24 - [TEST_CASE][PASSED] - Test Cases/Story 35 and 921 -Tambah Barang/35 TC 3: Test Cases/Story 35 and 921 -Tambah Barang/35 TC 3

2018-07-13 15:47:25 - [TEST_STEP][PASSED] - comment: User update stock when specifies stock = -(minus)

2018-07-13 15:47:25 - [TEST_STEP][PASSED] - waitForElementPresent: Element 'Object Repository/Sidebar Menu/Produk/Tambah Barang/Jumlah Stock - by typing' is present

2018-07-13 15:47:28 - [MESSAGE][PASSED] - Element 'Object Repository/Sidebar Menu/Produk/Tambah Barang/Jumlah Stock - by typing' is present

2018-07-13 15:47:28 - [TEST_STEP][PASSED] - verifyElementAttributeValue: Object 'Object Repository/Sidebar Menu/Produk/Tambah Barang/Jumlah Stock - by typing' has attribute 'content-desc' with value 'input_anumberpicker'

2018-07-13 15:47:36 - [MESSAGE][PASSED] - Object 'Object Repository/Sidebar Menu/Produk/Tambah Barang/Jumlah Stock - by typing' has attribute 'content-desc' with value 'input_anumberpicker'

2018-07-13 15:47:36 - [TEST_STEP][PASSED] - clearText: Element 'Object Repository/Sidebar Menu/Produk/Tambah Barang/Jumlah Stock - by typing' text is cleared

2018-07-13 15:47:41 - [MESSAGE][PASSED] - Element 'Object Repository/Sidebar Menu/Produk/Tambah Barang/Jumlah Stock - by typing' text is cleared

2018-07-13 15:47:41 - [TEST_STEP][PASSED] - setText: Text '-23' has been set to element 'Object Repository/Sidebar Menu/Produk/Tambah Barang/Jumlah Stock - by typing'

2018-07-13 15:48:02 - [MESSAGE][PASSED] - Text '-23' has been set to element 'Object Repository/Sidebar Menu/Produk/Tambah Barang/Jumlah Stock - by typing'

2018-07-13 15:48:02 - [TEST_STEP][PASSED] - hideKeyboard: Keyboard is hidden

2018-07-13 15:48:03 - [MESSAGE][PASSED] - Keyboard is hidden

2018-07-13 15:48:03 - [TEST_STEP][PASSED] - verifyElementAttributeValue: Object 'Object Repository/Sidebar Menu/Produk/Tambah Barang/Jumlah Stock - by typing' has attribute 'text' with value '23'

2018-07-13 15:48:07 - [MESSAGE][PASSED] - Object 'Object Repository/Sidebar Menu/Produk/Tambah Barang/Jumlah Stock - by typing' has attribute 'text' with value '23'

2018-07-13 15:48:07 - [TEST_STEP][PASSED] - clearText: Element 'Object Repository/Sidebar Menu/Produk/Tambah Barang/Jumlah Stock - by typing' text is cleared

2018-07-13 15:48:13 - [MESSAGE][PASSED] - Element 'Object Repository/Sidebar Menu/Produk/Tambah Barang/Jumlah Stock - by typing' text is cleared

2018-07-13 15:48:13 - [TEST_STEP][PASSED] - setText: Text '8.2' has been set to element 'Object Repository/Sidebar Menu/Produk/Tambah Barang/Jumlah Stock - by typing'

2018-07-13 15:48:35 - [MESSAGE][PASSED] - Text '8.2' has been set to element 'Object Repository/Sidebar Menu/Produk/Tambah Barang/Jumlah Stock - by typing'

2018-07-13 15:48:35 - [TEST_STEP][PASSED] - hideKeyboard: Keyboard is hidden

2018-07-13 15:48:36 - [MESSAGE][PASSED] - Keyboard is hidden

2018-07-13 15:48:36 - [TEST_STEP][PASSED] - verifyElementAttributeValue: Object 'Object Repository/Sidebar Menu/Produk/Tambah Barang/Jumlah Stock - by typing' has attribute 'text' with value '82'

2018-07-13 15:48:44 - [MESSAGE][PASSED] - Object 'Object Repository/Sidebar Menu/Produk/Tambah Barang/Jumlah Stock - by typing' has attribute 'text' with value '82'

2018-07-13 15:48:44 - [TEST_STEP][PASSED] - comment: move to TC 4]]></system-out>
         <system-err><![CDATA[]]></system-err>
      </testcase>
      <testcase name="Test Cases/Story 35 and 921 -Tambah Barang/35 TC 4" classname="Test Cases/Story 35 and 921 -Tambah Barang/35 TC 4" status="PASSED">
         <system-out><![CDATA[2018-07-13 15:48:44 - [TEST_CASE][PASSED] - Test Cases/Story 35 and 921 -Tambah Barang/35 TC 4: Test Cases/Story 35 and 921 -Tambah Barang/35 TC 4

2018-07-13 15:48:44 - [TEST_STEP][PASSED] - comment: Check maximum input stock - max 3 digit

2018-07-13 15:48:44 - [TEST_STEP][PASSED] - waitForElementPresent: Element 'Object Repository/Sidebar Menu/Produk/Tambah Barang/Jumlah Stock - by typing' is present

2018-07-13 15:48:48 - [MESSAGE][PASSED] - Element 'Object Repository/Sidebar Menu/Produk/Tambah Barang/Jumlah Stock - by typing' is present

2018-07-13 15:48:48 - [TEST_STEP][PASSED] - verifyElementAttributeValue: Object 'Object Repository/Sidebar Menu/Produk/Tambah Barang/Jumlah Stock - by typing' has attribute 'content-desc' with value 'input_anumberpicker'

2018-07-13 15:48:52 - [MESSAGE][PASSED] - Object 'Object Repository/Sidebar Menu/Produk/Tambah Barang/Jumlah Stock - by typing' has attribute 'content-desc' with value 'input_anumberpicker'

2018-07-13 15:48:52 - [TEST_STEP][PASSED] - clearText: Element 'Object Repository/Sidebar Menu/Produk/Tambah Barang/Jumlah Stock - by typing' text is cleared

2018-07-13 15:49:00 - [MESSAGE][PASSED] - Element 'Object Repository/Sidebar Menu/Produk/Tambah Barang/Jumlah Stock - by typing' text is cleared

2018-07-13 15:49:00 - [TEST_STEP][PASSED] - setText: Text '23434567' has been set to element 'Object Repository/Sidebar Menu/Produk/Tambah Barang/Jumlah Stock - by typing'

2018-07-13 15:49:18 - [MESSAGE][PASSED] - Text '23434567' has been set to element 'Object Repository/Sidebar Menu/Produk/Tambah Barang/Jumlah Stock - by typing'

2018-07-13 15:49:18 - [TEST_STEP][PASSED] - hideKeyboard: Keyboard is hidden

2018-07-13 15:49:20 - [MESSAGE][PASSED] - Keyboard is hidden

2018-07-13 15:49:20 - [TEST_STEP][PASSED] - verifyElementAttributeValue: Object 'Object Repository/Sidebar Menu/Produk/Tambah Barang/Jumlah Stock - by typing' has attribute 'text' with value '234'

2018-07-13 15:49:25 - [MESSAGE][PASSED] - Object 'Object Repository/Sidebar Menu/Produk/Tambah Barang/Jumlah Stock - by typing' has attribute 'text' with value '234']]></system-out>
         <system-err><![CDATA[]]></system-err>
      </testcase>
      <testcase name="Test Cases/Story 35 and 921 -Tambah Barang/35 TC 5" classname="Test Cases/Story 35 and 921 -Tambah Barang/35 TC 5" status="PASSED">
         <system-out><![CDATA[2018-07-13 15:49:25 - [TEST_CASE][PASSED] - Test Cases/Story 35 and 921 -Tambah Barang/35 TC 5: Test Cases/Story 35 and 921 -Tambah Barang/35 TC 5

2018-07-13 15:49:25 - [TEST_STEP][PASSED] - comment: Tambah Produk with jumlah stok 0

2018-07-13 15:49:25 - [TEST_STEP][PASSED] - waitForElementPresent: Element 'Object Repository/Sidebar Menu/Produk/Tambah Barang/Jumlah Stock - by typing' is present

2018-07-13 15:49:28 - [MESSAGE][PASSED] - Element 'Object Repository/Sidebar Menu/Produk/Tambah Barang/Jumlah Stock - by typing' is present

2018-07-13 15:49:28 - [TEST_STEP][PASSED] - verifyElementAttributeValue: Object 'Object Repository/Sidebar Menu/Produk/Tambah Barang/Jumlah Stock - by typing' has attribute 'content-desc' with value 'input_anumberpicker'

2018-07-13 15:49:33 - [MESSAGE][PASSED] - Object 'Object Repository/Sidebar Menu/Produk/Tambah Barang/Jumlah Stock - by typing' has attribute 'content-desc' with value 'input_anumberpicker'

2018-07-13 15:49:33 - [TEST_STEP][PASSED] - clearText: Element 'Object Repository/Sidebar Menu/Produk/Tambah Barang/Jumlah Stock - by typing' text is cleared

2018-07-13 15:49:40 - [MESSAGE][PASSED] - Element 'Object Repository/Sidebar Menu/Produk/Tambah Barang/Jumlah Stock - by typing' text is cleared

2018-07-13 15:49:40 - [TEST_STEP][PASSED] - setText: Text '0' has been set to element 'Object Repository/Sidebar Menu/Produk/Tambah Barang/Jumlah Stock - by typing'

2018-07-13 15:49:57 - [MESSAGE][PASSED] - Text '0' has been set to element 'Object Repository/Sidebar Menu/Produk/Tambah Barang/Jumlah Stock - by typing'

2018-07-13 15:49:57 - [TEST_STEP][PASSED] - hideKeyboard: Keyboard is hidden

2018-07-13 15:49:59 - [MESSAGE][PASSED] - Keyboard is hidden

2018-07-13 15:49:59 - [TEST_STEP][PASSED] - verifyElementAttributeValue: Object 'Object Repository/Sidebar Menu/Produk/Tambah Barang/Jumlah Stock - by typing' has attribute 'text' with value '0'

2018-07-13 15:50:07 - [MESSAGE][PASSED] - Object 'Object Repository/Sidebar Menu/Produk/Tambah Barang/Jumlah Stock - by typing' has attribute 'text' with value '0']]></system-out>
         <system-err><![CDATA[]]></system-err>
      </testcase>
      <testcase name="Test Cases/Story 35 and 921 -Tambah Barang/35 TC 6" classname="Test Cases/Story 35 and 921 -Tambah Barang/35 TC 6" status="PASSED">
         <system-out><![CDATA[2018-07-13 15:50:07 - [TEST_CASE][PASSED] - Test Cases/Story 35 and 921 -Tambah Barang/35 TC 6: Test Cases/Story 35 and 921 -Tambah Barang/35 TC 6

2018-07-13 15:50:07 - [TEST_STEP][PASSED] - comment: Check Mandatory field

2018-07-13 15:50:07 - [TEST_STEP][PASSED] - waitForElementPresent: Element 'Object Repository/Sidebar Menu/Produk/Tambah Barang/Simpan Button' is present

2018-07-13 15:50:13 - [MESSAGE][PASSED] - Element 'Object Repository/Sidebar Menu/Produk/Tambah Barang/Simpan Button' is present

2018-07-13 15:50:13 - [TEST_STEP][PASSED] - verifyElementAttributeValue: Object 'Object Repository/Sidebar Menu/Produk/Tambah Barang/Simpan Button' has attribute 'content-desc' with value 'productSubmitBtn'

2018-07-13 15:50:13 - [MESSAGE][WARNING] - Timeout '0' is invalid. Using default page load timeout: '30'

2018-07-13 15:50:19 - [MESSAGE][PASSED] - Object 'Object Repository/Sidebar Menu/Produk/Tambah Barang/Simpan Button' has attribute 'content-desc' with value 'productSubmitBtn'

2018-07-13 15:50:19 - [TEST_STEP][PASSED] - tap: Tapped on element 'Object Repository/Sidebar Menu/Produk/Tambah Barang/Simpan Button'

2018-07-13 15:50:25 - [MESSAGE][PASSED] - Tapped on element 'Object Repository/Sidebar Menu/Produk/Tambah Barang/Simpan Button'

2018-07-13 15:50:25 - [TEST_STEP][PASSED] - Statement - ErMsg = com.kms.katalon.core.mobile.keyword.MobileBuiltInKeywords.getText(com.kms.katalon.core.testobject.ObjectRepository.findTestObject(Sidebar Menu/Produk/Tambah Barang/Error Message - Nama Barang field), 5): Text of element 'Object Repository/Sidebar Menu/Produk/Tambah Barang/Error Message - Nama Barang field' is: 'Nama Barang is required'

2018-07-13 15:50:30 - [MESSAGE][PASSED] - Text of element 'Object Repository/Sidebar Menu/Produk/Tambah Barang/Error Message - Nama Barang field' is: 'Nama Barang is required'

2018-07-13 15:50:30 - [TEST_STEP][PASSED] - verifyEqual: Actual object 'Nama Barang is required' and expected object 'Nama Barang is required' are equal

2018-07-13 15:50:30 - [MESSAGE][PASSED] - Actual object 'Nama Barang is required' and expected object 'Nama Barang is required' are equal

2018-07-13 15:50:30 - [TEST_STEP][PASSED] - scrollToText: Scrolling to text 'Stok Rendah' successfully

2018-07-13 15:50:44 - [MESSAGE][PASSED] - Scrolling to text 'Stok Rendah' successfully

2018-07-13 15:50:44 - [TEST_STEP][PASSED] - delay: Delayed 5 second(s)

2018-07-13 15:50:49 - [MESSAGE][PASSED] - Delayed 5 second(s)

2018-07-13 15:50:49 - [TEST_STEP][PASSED] - Statement - ErMsg1 = com.kms.katalon.core.mobile.keyword.MobileBuiltInKeywords.getText(com.kms.katalon.core.testobject.ObjectRepository.findTestObject(Sidebar Menu/Produk/Tambah Barang/Error Message - Kategori field), 5): Text of element 'Object Repository/Sidebar Menu/Produk/Tambah Barang/Error Message - Kategori field' is: 'Kategori is required'

2018-07-13 15:50:53 - [MESSAGE][PASSED] - Text of element 'Object Repository/Sidebar Menu/Produk/Tambah Barang/Error Message - Kategori field' is: 'Kategori is required'

2018-07-13 15:50:53 - [TEST_STEP][PASSED] - verifyEqual: Actual object 'Kategori is required' and expected object 'Kategori is required' are equal

2018-07-13 15:50:53 - [MESSAGE][PASSED] - Actual object 'Kategori is required' and expected object 'Kategori is required' are equal

2018-07-13 15:50:53 - [TEST_STEP][PASSED] - Statement - ErMsg1 = com.kms.katalon.core.mobile.keyword.MobileBuiltInKeywords.getText(com.kms.katalon.core.testobject.ObjectRepository.findTestObject(Sidebar Menu/Produk/Tambah Barang/Error Message - Harga Beli filed), 5): Text of element 'Object Repository/Sidebar Menu/Produk/Tambah Barang/Error Message - Harga Beli filed' is: 'Mohon diisi'

2018-07-13 15:50:57 - [MESSAGE][PASSED] - Text of element 'Object Repository/Sidebar Menu/Produk/Tambah Barang/Error Message - Harga Beli filed' is: 'Mohon diisi'

2018-07-13 15:50:57 - [TEST_STEP][PASSED] - verifyEqual: Actual object 'Mohon diisi' and expected object 'Mohon diisi' are equal

2018-07-13 15:50:57 - [MESSAGE][PASSED] - Actual object 'Mohon diisi' and expected object 'Mohon diisi' are equal

2018-07-13 15:50:57 - [TEST_STEP][PASSED] - Statement - ErMsg1 = com.kms.katalon.core.mobile.keyword.MobileBuiltInKeywords.getText(com.kms.katalon.core.testobject.ObjectRepository.findTestObject(Sidebar Menu/Produk/Tambah Barang/Error Message - Harga Jual field), 5): Text of element 'Object Repository/Sidebar Menu/Produk/Tambah Barang/Error Message - Harga Jual field' is: 'Mohon diisi'

2018-07-13 15:51:01 - [MESSAGE][PASSED] - Text of element 'Object Repository/Sidebar Menu/Produk/Tambah Barang/Error Message - Harga Jual field' is: 'Mohon diisi'

2018-07-13 15:51:01 - [TEST_STEP][PASSED] - verifyEqual: Actual object 'Mohon diisi' and expected object 'Mohon diisi' are equal

2018-07-13 15:51:01 - [MESSAGE][PASSED] - Actual object 'Mohon diisi' and expected object 'Mohon diisi' are equal

2018-07-13 15:51:01 - [TEST_STEP][PASSED] - delay: Delayed 5 second(s)

2018-07-13 15:51:06 - [MESSAGE][PASSED] - Delayed 5 second(s)

2018-07-13 15:51:06 - [TEST_STEP][PASSED] - comment: TC 4 finish]]></system-out>
         <system-err><![CDATA[]]></system-err>
      </testcase>
      <testcase name="Test Cases/Story 35 and 921 -Tambah Barang/35 TC 7" classname="Test Cases/Story 35 and 921 -Tambah Barang/35 TC 7" status="PASSED">
         <system-out><![CDATA[2018-07-13 15:51:06 - [TEST_CASE][PASSED] - Test Cases/Story 35 and 921 -Tambah Barang/35 TC 7: Test Cases/Story 35 and 921 -Tambah Barang/35 TC 7

2018-07-13 15:51:07 - [TEST_STEP][PASSED] - comment: Add Product with Product name more than 100 Characters

2018-07-13 15:51:07 - [TEST_STEP][PASSED] - Statement - driver = com.kms.katalon.core.mobile.keyword.internal.MobileDriverFactory.getDriver(): null

2018-07-13 15:51:07 - [TEST_STEP][PASSED] - Statement - action = new io.appium.java_client.TouchAction(driver): null

2018-07-13 15:51:07 - [TEST_STEP][PASSED] - Statement - action.longPress(242, 360).moveTo(242, 743).release().perform(): null

2018-07-13 15:51:09 - [TEST_STEP][PASSED] - waitForElementPresent: Element 'Object Repository/Sidebar Menu/Produk/Tambah Barang/Nama Barang - Text Box' is present

2018-07-13 15:51:13 - [MESSAGE][PASSED] - Element 'Object Repository/Sidebar Menu/Produk/Tambah Barang/Nama Barang - Text Box' is present

2018-07-13 15:51:13 - [TEST_STEP][PASSED] - verifyElementAttributeValue: Object 'Object Repository/Sidebar Menu/Produk/Tambah Barang/Nama Barang - Text Box' has attribute 'content-desc' with value 'productNameTextInput'

2018-07-13 15:51:13 - [MESSAGE][WARNING] - Timeout '0' is invalid. Using default page load timeout: '30'

2018-07-13 15:51:17 - [MESSAGE][PASSED] - Object 'Object Repository/Sidebar Menu/Produk/Tambah Barang/Nama Barang - Text Box' has attribute 'content-desc' with value 'productNameTextInput'

2018-07-13 15:51:17 - [TEST_STEP][PASSED] - Statement - NamaBarang = CustomKeywords.newpackage.randomstring.randombigname(): newpackage.randomstring.randombigname is PASSED

2018-07-13 15:51:17 - [MESSAGE][PASSED] - newpackage.randomstring.randombigname is PASSED

2018-07-13 15:51:17 - [TEST_STEP][PASSED] - setText: Text 'JCznIgieKDNaoByioTVGeqYXZJHGHXYaUbYnViRYCekWjUfXVmuTeaoBxrgUSlwNorrjXAdwWzqVrWftfjmkohdVfyepWZoBfCUFGgoBkLKPiEhihmzPagaztqLymvGbdmfaVGvOdmeNuqrQdsDqIf' has been set to element 'Object Repository/Sidebar Menu/Produk/Tambah Barang/Nama Barang - Text Box'

2018-07-13 15:51:35 - [MESSAGE][PASSED] - Text 'JCznIgieKDNaoByioTVGeqYXZJHGHXYaUbYnViRYCekWjUfXVmuTeaoBxrgUSlwNorrjXAdwWzqVrWftfjmkohdVfyepWZoBfCUFGgoBkLKPiEhihmzPagaztqLymvGbdmfaVGvOdmeNuqrQdsDqIf' has been set to element 'Object Repository/Sidebar Menu/Produk/Tambah Barang/Nama Barang - Text Box'

2018-07-13 15:51:35 - [TEST_STEP][PASSED] - hideKeyboard: Keyboard is hidden

2018-07-13 15:51:37 - [MESSAGE][PASSED] - Keyboard is hidden

2018-07-13 15:51:37 - [TEST_STEP][PASSED] - verifyEqual: Actual object 'JCznIgieKDNaoByioTVGeqYXZJHGHXYaUbYnViRYCekWjUfXVmuTeaoBxrgUSlwNorrjXAdwWzqVrWftfjmkohdVfyepWZoBfCUFGgoBkLKPiEhihmzPagaztqLymvGbdmfaVGvOdmeNuqrQdsDqIf' and expected object 'JCznIgieKDNaoByioTVGeqYXZJHGHXYaUbYnViRYCekWjUfXVmuTeaoBxrgUSlwNorrjXAdwWzqVrWftfjmkohdVfyepWZoBfCUFGgoBkLKPiEhihmzPagaztqLymvGbdmfaVGvOdmeNuqrQdsDqIf' are equal

2018-07-13 15:51:37 - [MESSAGE][PASSED] - Actual object 'JCznIgieKDNaoByioTVGeqYXZJHGHXYaUbYnViRYCekWjUfXVmuTeaoBxrgUSlwNorrjXAdwWzqVrWftfjmkohdVfyepWZoBfCUFGgoBkLKPiEhihmzPagaztqLymvGbdmfaVGvOdmeNuqrQdsDqIf' and expected object 'JCznIgieKDNaoByioTVGeqYXZJHGHXYaUbYnViRYCekWjUfXVmuTeaoBxrgUSlwNorrjXAdwWzqVrWftfjmkohdVfyepWZoBfCUFGgoBkLKPiEhihmzPagaztqLymvGbdmfaVGvOdmeNuqrQdsDqIf' are equal

2018-07-13 15:51:37 - [TEST_STEP][PASSED] - comment: TC 5 finish]]></system-out>
         <system-err><![CDATA[]]></system-err>
      </testcase>
      <testcase name="Test Cases/Story 35 and 921 -Tambah Barang/35 TC 8" classname="Test Cases/Story 35 and 921 -Tambah Barang/35 TC 8" status="PASSED">
         <system-out><![CDATA[2018-07-13 15:51:37 - [TEST_CASE][PASSED] - Test Cases/Story 35 and 921 -Tambah Barang/35 TC 8: Test Cases/Story 35 and 921 -Tambah Barang/35 TC 8

2018-07-13 15:51:37 - [TEST_STEP][PASSED] - comment: Tambah Produk with input manual barcode

2018-07-13 15:51:37 - [TEST_STEP][PASSED] - clearText: Element 'Object Repository/Sidebar Menu/Produk/Tambah Barang/Nama Barang - Text Box' text is cleared

2018-07-13 15:51:50 - [MESSAGE][PASSED] - Element 'Object Repository/Sidebar Menu/Produk/Tambah Barang/Nama Barang - Text Box' text is cleared

2018-07-13 15:51:50 - [TEST_STEP][PASSED] - waitForElementPresent: Element 'Object Repository/Sidebar Menu/Produk/Tambah Barang/Nama Barang - Text Box' is present

2018-07-13 15:51:54 - [MESSAGE][PASSED] - Element 'Object Repository/Sidebar Menu/Produk/Tambah Barang/Nama Barang - Text Box' is present

2018-07-13 15:51:54 - [TEST_STEP][PASSED] - verifyElementAttributeValue: Object 'Object Repository/Sidebar Menu/Produk/Tambah Barang/Nama Barang - Text Box' has attribute 'content-desc' with value 'productNameTextInput'

2018-07-13 15:51:54 - [MESSAGE][WARNING] - Timeout '0' is invalid. Using default page load timeout: '30'

2018-07-13 15:51:58 - [MESSAGE][PASSED] - Object 'Object Repository/Sidebar Menu/Produk/Tambah Barang/Nama Barang - Text Box' has attribute 'content-desc' with value 'productNameTextInput'

2018-07-13 15:51:58 - [TEST_STEP][PASSED] - setText: Text 'MIMINO Bottle' has been set to element 'Object Repository/Sidebar Menu/Produk/Tambah Barang/Nama Barang - Text Box'

2018-07-13 15:52:13 - [MESSAGE][PASSED] - Text 'MIMINO Bottle' has been set to element 'Object Repository/Sidebar Menu/Produk/Tambah Barang/Nama Barang - Text Box'

2018-07-13 15:52:13 - [TEST_STEP][PASSED] - hideKeyboard: Keyboard is hidden

2018-07-13 15:52:14 - [MESSAGE][PASSED] - Keyboard is hidden

2018-07-13 15:52:14 - [TEST_STEP][PASSED] - verifyElementAttributeValue: Object 'Object Repository/Sidebar Menu/Produk/Tambah Barang/Nama Barang - Text Box' has attribute 'text' with value 'MIMINO Bottle'

2018-07-13 15:52:23 - [MESSAGE][PASSED] - Object 'Object Repository/Sidebar Menu/Produk/Tambah Barang/Nama Barang - Text Box' has attribute 'text' with value 'MIMINO Bottle'

2018-07-13 15:52:23 - [TEST_STEP][PASSED] - waitForElementPresent: Element 'Object Repository/Sidebar Menu/Produk/Tambah Barang/SKU Produk - Text Box' is present

2018-07-13 15:52:30 - [MESSAGE][PASSED] - Element 'Object Repository/Sidebar Menu/Produk/Tambah Barang/SKU Produk - Text Box' is present

2018-07-13 15:52:30 - [TEST_STEP][PASSED] - verifyElementAttributeValue: Object 'Object Repository/Sidebar Menu/Produk/Tambah Barang/SKU Produk - Text Box' has attribute 'content-desc' with value 'product_code_input'

2018-07-13 15:52:30 - [MESSAGE][WARNING] - Timeout '0' is invalid. Using default page load timeout: '30'

2018-07-13 15:52:34 - [MESSAGE][PASSED] - Object 'Object Repository/Sidebar Menu/Produk/Tambah Barang/SKU Produk - Text Box' has attribute 'content-desc' with value 'product_code_input'

2018-07-13 15:52:34 - [TEST_STEP][PASSED] - Statement - SKU = CustomKeywords.newpackage.randomstring.randomSKU(): newpackage.randomstring.randomSKU is PASSED

2018-07-13 15:52:34 - [MESSAGE][PASSED] - newpackage.randomstring.randomSKU is PASSED

2018-07-13 15:52:34 - [TEST_STEP][PASSED] - setText: Text 'SKU595678083842' has been set to element 'Object Repository/Sidebar Menu/Produk/Tambah Barang/SKU Produk - Text Box'

2018-07-13 15:52:50 - [MESSAGE][PASSED] - Text 'SKU595678083842' has been set to element 'Object Repository/Sidebar Menu/Produk/Tambah Barang/SKU Produk - Text Box'

2018-07-13 15:52:50 - [TEST_STEP][PASSED] - hideKeyboard: Keyboard is hidden

2018-07-13 15:52:50 - [MESSAGE][PASSED] - Keyboard is hidden

2018-07-13 15:52:51 - [TEST_STEP][PASSED] - verifyEqual: Actual object 'SKU595678083842' and expected object 'SKU595678083842' are equal

2018-07-13 15:52:51 - [MESSAGE][PASSED] - Actual object 'SKU595678083842' and expected object 'SKU595678083842' are equal

2018-07-13 15:52:51 - [TEST_STEP][PASSED] - comment: TC 6 finish]]></system-out>
         <system-err><![CDATA[]]></system-err>
      </testcase>
      <testcase name="Test Cases/Story 35 and 921 -Tambah Barang/35 TC 9" classname="Test Cases/Story 35 and 921 -Tambah Barang/35 TC 9" status="PASSED">
         <system-out><![CDATA[2018-07-13 15:52:51 - [TEST_CASE][PASSED] - Test Cases/Story 35 and 921 -Tambah Barang/35 TC 9: Test Cases/Story 35 and 921 -Tambah Barang/35 TC 9

2018-07-13 15:52:51 - [TEST_STEP][PASSED] - comment: Pick One Category

2018-07-13 15:52:51 - [TEST_STEP][PASSED] - waitForElementPresent: Element 'Object Repository/Sidebar Menu/Produk/Tambah Barang/Pilih Kategori - SelectButton' is present

2018-07-13 15:52:55 - [MESSAGE][PASSED] - Element 'Object Repository/Sidebar Menu/Produk/Tambah Barang/Pilih Kategori - SelectButton' is present

2018-07-13 15:52:55 - [TEST_STEP][PASSED] - verifyElementAttributeValue: Object 'Object Repository/Sidebar Menu/Produk/Tambah Barang/Pilih Kategori - SelectButton' has attribute 'content-desc' with value 'selectCategoryBtn'

2018-07-13 15:52:55 - [MESSAGE][WARNING] - Timeout '0' is invalid. Using default page load timeout: '30'

2018-07-13 15:52:59 - [MESSAGE][PASSED] - Object 'Object Repository/Sidebar Menu/Produk/Tambah Barang/Pilih Kategori - SelectButton' has attribute 'content-desc' with value 'selectCategoryBtn'

2018-07-13 15:52:59 - [TEST_STEP][PASSED] - tap: Tapped on element 'Object Repository/Sidebar Menu/Produk/Tambah Barang/Pilih Kategori - SelectButton'

2018-07-13 15:53:04 - [MESSAGE][PASSED] - Tapped on element 'Object Repository/Sidebar Menu/Produk/Tambah Barang/Pilih Kategori - SelectButton'

2018-07-13 15:53:04 - [TEST_STEP][PASSED] - tap: Tapped on element 'Object Repository/Sidebar Menu/Produk/Tambah Barang/Pilih Kategori - SelectButton'

2018-07-13 15:53:10 - [MESSAGE][PASSED] - Tapped on element 'Object Repository/Sidebar Menu/Produk/Tambah Barang/Pilih Kategori - SelectButton'

2018-07-13 15:53:10 - [TEST_STEP][PASSED] - waitForElementPresent: Element 'Object Repository/Sidebar Menu/Produk/Tambah Barang/ListKategori - Elemen 5' is present

2018-07-13 15:53:16 - [MESSAGE][PASSED] - Element 'Object Repository/Sidebar Menu/Produk/Tambah Barang/ListKategori - Elemen 5' is present

2018-07-13 15:53:16 - [TEST_STEP][NOT_RUN] - verifyElementAttributeValue: NOT_RUN: verifyElementAttributeValue

2018-07-13 15:53:16 - [MESSAGE][NOT_RUN] - NOT_RUN: verifyElementAttributeValue

2018-07-13 15:53:16 - [TEST_STEP][PASSED] - tap: Tapped on element 'Object Repository/Sidebar Menu/Produk/Tambah Barang/ListKategori - Elemen 5'

2018-07-13 15:53:27 - [MESSAGE][PASSED] - Tapped on element 'Object Repository/Sidebar Menu/Produk/Tambah Barang/ListKategori - Elemen 5'

2018-07-13 15:53:27 - [TEST_STEP][PASSED] - delay: Delayed 5 second(s)

2018-07-13 15:53:32 - [MESSAGE][PASSED] - Delayed 5 second(s)]]></system-out>
         <system-err><![CDATA[]]></system-err>
      </testcase>
      <testcase name="Test Cases/Story 35 and 921 -Tambah Barang/35 TC 10" classname="Test Cases/Story 35 and 921 -Tambah Barang/35 TC 10" status="PASSED">
         <system-out><![CDATA[2018-07-13 15:53:32 - [TEST_CASE][PASSED] - Test Cases/Story 35 and 921 -Tambah Barang/35 TC 10: Test Cases/Story 35 and 921 -Tambah Barang/35 TC 10

2018-07-13 15:53:32 - [TEST_STEP][PASSED] - comment: Check mandatory field Stok Rendah

2018-07-13 15:53:32 - [TEST_STEP][PASSED] - scrollToText: Scrolling to text 'Stok Rendah' successfully

2018-07-13 15:53:35 - [MESSAGE][PASSED] - Scrolling to text 'Stok Rendah' successfully

2018-07-13 15:53:35 - [TEST_STEP][PASSED] - waitForElementPresent: Element 'Object Repository/Sidebar Menu/Produk/Tambah Barang/Stock Rendah - Field' is present

2018-07-13 15:53:39 - [MESSAGE][PASSED] - Element 'Object Repository/Sidebar Menu/Produk/Tambah Barang/Stock Rendah - Field' is present

2018-07-13 15:53:39 - [TEST_STEP][PASSED] - verifyElementAttributeValue: Object 'Object Repository/Sidebar Menu/Produk/Tambah Barang/Stock Rendah - Field' has attribute 'content-desc' with value 'productStockMinimumTextInput'

2018-07-13 15:53:43 - [MESSAGE][PASSED] - Object 'Object Repository/Sidebar Menu/Produk/Tambah Barang/Stock Rendah - Field' has attribute 'content-desc' with value 'productStockMinimumTextInput'

2018-07-13 15:53:43 - [TEST_STEP][PASSED] - clearText: Element 'Object Repository/Sidebar Menu/Produk/Tambah Barang/Stock Rendah - Field' text is cleared

2018-07-13 15:53:52 - [MESSAGE][PASSED] - Element 'Object Repository/Sidebar Menu/Produk/Tambah Barang/Stock Rendah - Field' text is cleared

2018-07-13 15:53:52 - [TEST_STEP][PASSED] - setText: Text '0' has been set to element 'Object Repository/Sidebar Menu/Produk/Tambah Barang/Stock Rendah - Field'

2018-07-13 15:54:10 - [MESSAGE][PASSED] - Text '0' has been set to element 'Object Repository/Sidebar Menu/Produk/Tambah Barang/Stock Rendah - Field'

2018-07-13 15:54:10 - [TEST_STEP][PASSED] - hideKeyboard: Keyboard is hidden

2018-07-13 15:54:11 - [MESSAGE][PASSED] - Keyboard is hidden

2018-07-13 15:54:11 - [TEST_STEP][PASSED] - verifyElementText: Actual text and expected text of test object 'Object Repository/Sidebar Menu/Produk/Tambah Barang/Stock Rendah - Field' are matched.

2018-07-13 15:54:20 - [MESSAGE][PASSED] - Actual text and expected text of test object 'Object Repository/Sidebar Menu/Produk/Tambah Barang/Stock Rendah - Field' are matched.]]></system-out>
         <system-err><![CDATA[]]></system-err>
      </testcase>
      <testcase name="Test Cases/Story 35 and 921 -Tambah Barang/35 TC 11" classname="Test Cases/Story 35 and 921 -Tambah Barang/35 TC 11" status="PASSED">
         <system-out><![CDATA[2018-07-13 15:54:20 - [TEST_CASE][PASSED] - Test Cases/Story 35 and 921 -Tambah Barang/35 TC 11: Test Cases/Story 35 and 921 -Tambah Barang/35 TC 11

2018-07-13 15:54:20 - [TEST_STEP][PASSED] - comment: Validate the format of input Harga Beli and adjust the input into financial format 

2018-07-13 15:54:20 - [TEST_STEP][PASSED] - waitForElementPresent: Element 'Object Repository/Sidebar Menu/Produk/Tambah Barang/HargaBeli - TextInput' is present

2018-07-13 15:54:24 - [MESSAGE][PASSED] - Element 'Object Repository/Sidebar Menu/Produk/Tambah Barang/HargaBeli - TextInput' is present

2018-07-13 15:54:24 - [TEST_STEP][PASSED] - verifyElementAttributeValue: Object 'Object Repository/Sidebar Menu/Produk/Tambah Barang/HargaBeli - TextInput' has attribute 'content-desc' with value 'productPurchasePriceTextInput'

2018-07-13 15:54:28 - [MESSAGE][PASSED] - Object 'Object Repository/Sidebar Menu/Produk/Tambah Barang/HargaBeli - TextInput' has attribute 'content-desc' with value 'productPurchasePriceTextInput'

2018-07-13 15:54:28 - [TEST_STEP][PASSED] - setText: Text '20000' has been set to element 'Object Repository/Sidebar Menu/Produk/Tambah Barang/HargaBeli - TextInput'

2018-07-13 15:54:51 - [MESSAGE][PASSED] - Text '20000' has been set to element 'Object Repository/Sidebar Menu/Produk/Tambah Barang/HargaBeli - TextInput'

2018-07-13 15:54:51 - [TEST_STEP][PASSED] - hideKeyboard: Keyboard is hidden

2018-07-13 15:54:51 - [MESSAGE][PASSED] - Keyboard is hidden

2018-07-13 15:54:52 - [TEST_STEP][PASSED] - verifyElementText: Actual text and expected text of test object 'Object Repository/Sidebar Menu/Produk/Tambah Barang/HargaBeli - TextInput' are matched.

2018-07-13 15:55:00 - [MESSAGE][PASSED] - Actual text and expected text of test object 'Object Repository/Sidebar Menu/Produk/Tambah Barang/HargaBeli - TextInput' are matched.]]></system-out>
         <system-err><![CDATA[]]></system-err>
      </testcase>
      <testcase name="Test Cases/Story 35 and 921 -Tambah Barang/35 TC 12" classname="Test Cases/Story 35 and 921 -Tambah Barang/35 TC 12" status="PASSED">
         <system-out><![CDATA[2018-07-13 15:55:00 - [TEST_CASE][PASSED] - Test Cases/Story 35 and 921 -Tambah Barang/35 TC 12: Test Cases/Story 35 and 921 -Tambah Barang/35 TC 12

2018-07-13 15:55:00 - [TEST_STEP][PASSED] - comment: Input invalid format Harga Beli = 2k

2018-07-13 15:55:00 - [TEST_STEP][PASSED] - waitForElementPresent: Element 'Object Repository/Sidebar Menu/Produk/Tambah Barang/HargaBeli - TextInput' is present

2018-07-13 15:55:07 - [MESSAGE][PASSED] - Element 'Object Repository/Sidebar Menu/Produk/Tambah Barang/HargaBeli - TextInput' is present

2018-07-13 15:55:07 - [TEST_STEP][PASSED] - verifyElementAttributeValue: Object 'Object Repository/Sidebar Menu/Produk/Tambah Barang/HargaBeli - TextInput' has attribute 'content-desc' with value 'productPurchasePriceTextInput'

2018-07-13 15:55:11 - [MESSAGE][PASSED] - Object 'Object Repository/Sidebar Menu/Produk/Tambah Barang/HargaBeli - TextInput' has attribute 'content-desc' with value 'productPurchasePriceTextInput'

2018-07-13 15:55:11 - [TEST_STEP][PASSED] - clearText: Element 'Object Repository/Sidebar Menu/Produk/Tambah Barang/HargaBeli - TextInput' text is cleared

2018-07-13 15:55:17 - [MESSAGE][PASSED] - Element 'Object Repository/Sidebar Menu/Produk/Tambah Barang/HargaBeli - TextInput' text is cleared

2018-07-13 15:55:17 - [TEST_STEP][PASSED] - setText: Text '2k' has been set to element 'Object Repository/Sidebar Menu/Produk/Tambah Barang/HargaBeli - TextInput'

2018-07-13 15:55:40 - [MESSAGE][PASSED] - Text '2k' has been set to element 'Object Repository/Sidebar Menu/Produk/Tambah Barang/HargaBeli - TextInput'

2018-07-13 15:55:40 - [TEST_STEP][PASSED] - hideKeyboard: Keyboard is hidden

2018-07-13 15:55:43 - [MESSAGE][PASSED] - Keyboard is hidden

2018-07-13 15:55:43 - [TEST_STEP][PASSED] - verifyElementText: Actual text and expected text of test object 'Object Repository/Sidebar Menu/Produk/Tambah Barang/HargaBeli - TextInput' are matched.

2018-07-13 15:55:47 - [MESSAGE][PASSED] - Actual text and expected text of test object 'Object Repository/Sidebar Menu/Produk/Tambah Barang/HargaBeli - TextInput' are matched.]]></system-out>
         <system-err><![CDATA[]]></system-err>
      </testcase>
      <testcase name="Test Cases/Story 35 and 921 -Tambah Barang/35 TC 13" classname="Test Cases/Story 35 and 921 -Tambah Barang/35 TC 13" status="PASSED">
         <system-out><![CDATA[2018-07-13 15:55:47 - [TEST_CASE][PASSED] - Test Cases/Story 35 and 921 -Tambah Barang/35 TC 13: Test Cases/Story 35 and 921 -Tambah Barang/35 TC 13

2018-07-13 15:55:48 - [TEST_STEP][PASSED] - comment: Input valid data in Harga Beli

2018-07-13 15:55:48 - [TEST_STEP][PASSED] - waitForElementPresent: Element 'Object Repository/Sidebar Menu/Produk/Tambah Barang/HargaBeli - TextInput' is present

2018-07-13 15:55:51 - [MESSAGE][PASSED] - Element 'Object Repository/Sidebar Menu/Produk/Tambah Barang/HargaBeli - TextInput' is present

2018-07-13 15:55:51 - [TEST_STEP][PASSED] - verifyElementAttributeValue: Object 'Object Repository/Sidebar Menu/Produk/Tambah Barang/HargaBeli - TextInput' has attribute 'content-desc' with value 'productPurchasePriceTextInput'

2018-07-13 15:55:55 - [MESSAGE][PASSED] - Object 'Object Repository/Sidebar Menu/Produk/Tambah Barang/HargaBeli - TextInput' has attribute 'content-desc' with value 'productPurchasePriceTextInput'

2018-07-13 15:55:55 - [TEST_STEP][PASSED] - clearText: Element 'Object Repository/Sidebar Menu/Produk/Tambah Barang/HargaBeli - TextInput' text is cleared

2018-07-13 15:56:01 - [MESSAGE][PASSED] - Element 'Object Repository/Sidebar Menu/Produk/Tambah Barang/HargaBeli - TextInput' text is cleared

2018-07-13 15:56:01 - [TEST_STEP][PASSED] - setText: Text '60000' has been set to element 'Object Repository/Sidebar Menu/Produk/Tambah Barang/HargaBeli - TextInput'

2018-07-13 15:56:18 - [MESSAGE][PASSED] - Text '60000' has been set to element 'Object Repository/Sidebar Menu/Produk/Tambah Barang/HargaBeli - TextInput'

2018-07-13 15:56:18 - [TEST_STEP][PASSED] - hideKeyboard: Keyboard is hidden

2018-07-13 15:56:19 - [MESSAGE][PASSED] - Keyboard is hidden

2018-07-13 15:56:19 - [TEST_STEP][PASSED] - verifyElementText: Actual text and expected text of test object 'Object Repository/Sidebar Menu/Produk/Tambah Barang/HargaBeli - TextInput' are matched.

2018-07-13 15:56:24 - [MESSAGE][PASSED] - Actual text and expected text of test object 'Object Repository/Sidebar Menu/Produk/Tambah Barang/HargaBeli - TextInput' are matched.]]></system-out>
         <system-err><![CDATA[]]></system-err>
      </testcase>
      <testcase name="Test Cases/Story 35 and 921 -Tambah Barang/35 TC 14" classname="Test Cases/Story 35 and 921 -Tambah Barang/35 TC 14" status="PASSED">
         <system-out><![CDATA[2018-07-13 15:56:24 - [TEST_CASE][PASSED] - Test Cases/Story 35 and 921 -Tambah Barang/35 TC 14: Test Cases/Story 35 and 921 -Tambah Barang/35 TC 14

2018-07-13 15:56:24 - [TEST_STEP][PASSED] - comment: Validate the format of input Harga Jual and adjust the input into financial format 

2018-07-13 15:56:24 - [TEST_STEP][PASSED] - waitForElementPresent: Element 'Object Repository/Sidebar Menu/Produk/Tambah Barang/Harga Jual - TextBox' is present

2018-07-13 15:56:27 - [MESSAGE][PASSED] - Element 'Object Repository/Sidebar Menu/Produk/Tambah Barang/Harga Jual - TextBox' is present

2018-07-13 15:56:27 - [TEST_STEP][PASSED] - verifyElementAttributeValue: Object 'Object Repository/Sidebar Menu/Produk/Tambah Barang/Harga Jual - TextBox' has attribute 'content-desc' with value 'productSalePriceTextInput'

2018-07-13 15:56:32 - [MESSAGE][PASSED] - Object 'Object Repository/Sidebar Menu/Produk/Tambah Barang/Harga Jual - TextBox' has attribute 'content-desc' with value 'productSalePriceTextInput'

2018-07-13 15:56:32 - [TEST_STEP][PASSED] - setText: Text '20000' has been set to element 'Object Repository/Sidebar Menu/Produk/Tambah Barang/Harga Jual - TextBox'

2018-07-13 15:56:52 - [MESSAGE][PASSED] - Text '20000' has been set to element 'Object Repository/Sidebar Menu/Produk/Tambah Barang/Harga Jual - TextBox'

2018-07-13 15:56:52 - [TEST_STEP][PASSED] - hideKeyboard: Keyboard is hidden

2018-07-13 15:56:53 - [MESSAGE][PASSED] - Keyboard is hidden

2018-07-13 15:56:53 - [TEST_STEP][PASSED] - verifyElementText: Actual text and expected text of test object 'Object Repository/Sidebar Menu/Produk/Tambah Barang/Harga Jual - TextBox' are matched.

2018-07-13 15:56:58 - [MESSAGE][PASSED] - Actual text and expected text of test object 'Object Repository/Sidebar Menu/Produk/Tambah Barang/Harga Jual - TextBox' are matched.]]></system-out>
         <system-err><![CDATA[]]></system-err>
      </testcase>
      <testcase name="Test Cases/Story 35 and 921 -Tambah Barang/35 TC 15" classname="Test Cases/Story 35 and 921 -Tambah Barang/35 TC 15" status="FAILED">
         <failure type="FAILED" message="Unable to verify if object 'Object Repository/Sidebar Menu/Produk/Tambah Barang/Harga Jual - TextBox' has attribute 'content-desc' with value 'productPurchasePriceTextInput' (Root cause: Object 'Object Repository/Sidebar Menu/Produk/Tambah Barang/Harga Jual - TextBox' has attribute 'content-desc' with actual value 'productSalePriceTextInput' instead of expected value 'productPurchasePriceTextInput')"/>
         <system-out><![CDATA[2018-07-13 15:56:58 - [TEST_CASE][FAILED] - Test Cases/Story 35 and 921 -Tambah Barang/35 TC 15: Test Cases/Story 35 and 921 -Tambah Barang/35 TC 15 FAILED because (of) Unable to verify if object 'Object Repository/Sidebar Menu/Produk/Tambah Barang/Harga Jual - TextBox' has attribute 'content-desc' with value 'productPurchasePriceTextInput' (Root cause: Object 'Object Repository/Sidebar Menu/Produk/Tambah Barang/Harga Jual - TextBox' has attribute 'content-desc' with actual value 'productSalePriceTextInput' instead of expected value 'productPurchasePriceTextInput')

2018-07-13 15:56:58 - [TEST_STEP][PASSED] - comment: Input invalid format Harga Jual = 2k

2018-07-13 15:56:59 - [TEST_STEP][PASSED] - waitForElementPresent: Element 'Object Repository/Sidebar Menu/Produk/Tambah Barang/Harga Jual - TextBox' is present

2018-07-13 15:57:04 - [MESSAGE][PASSED] - Element 'Object Repository/Sidebar Menu/Produk/Tambah Barang/Harga Jual - TextBox' is present

2018-07-13 15:57:04 - [TEST_STEP][FAILED] - verifyElementAttributeValue: Unable to verify if object 'Object Repository/Sidebar Menu/Produk/Tambah Barang/Harga Jual - TextBox' has attribute 'content-desc' with value 'productPurchasePriceTextInput' (Root cause: Object 'Object Repository/Sidebar Menu/Produk/Tambah Barang/Harga Jual - TextBox' has attribute 'content-desc' with actual value 'productSalePriceTextInput' instead of expected value 'productPurchasePriceTextInput')

2018-07-13 15:57:10 - [MESSAGE][FAILED] - Object 'Object Repository/Sidebar Menu/Produk/Tambah Barang/Harga Jual - TextBox' has attribute 'content-desc' with actual value 'productSalePriceTextInput' instead of expected value 'productPurchasePriceTextInput'
[[ATTACHMENT|C:\\Users\\AV2017005903\\Documents\\apollo-automation\\Reports\\Story 35 - Tambah Barang\\20180713_153810\\1531472229097.png]]

2018-07-13 15:57:12 - [MESSAGE][FAILED] - Unable to verify if object 'Object Repository/Sidebar Menu/Produk/Tambah Barang/Harga Jual - TextBox' has attribute 'content-desc' with value 'productPurchasePriceTextInput' (Root cause: Object 'Object Repository/Sidebar Menu/Produk/Tambah Barang/Harga Jual - TextBox' has attribute 'content-desc' with actual value 'productSalePriceTextInput' instead of expected value 'productPurchasePriceTextInput')
[[ATTACHMENT|C:\\Users\\AV2017005903\\Documents\\apollo-automation\\Reports\\Story 35 - Tambah Barang\\20180713_153810\\1531472230820.png]]]]></system-out>
         <system-err><![CDATA[2018-07-13 15:56:58 - [TEST_CASE][FAILED] - Test Cases/Story 35 and 921 -Tambah Barang/35 TC 15: Test Cases/Story 35 and 921 -Tambah Barang/35 TC 15 FAILED because (of) Unable to verify if object 'Object Repository/Sidebar Menu/Produk/Tambah Barang/Harga Jual - TextBox' has attribute 'content-desc' with value 'productPurchasePriceTextInput' (Root cause: Object 'Object Repository/Sidebar Menu/Produk/Tambah Barang/Harga Jual - TextBox' has attribute 'content-desc' with actual value 'productSalePriceTextInput' instead of expected value 'productPurchasePriceTextInput')]]></system-err>
      </testcase>
      <testcase name="Test Cases/Story 35 and 921 -Tambah Barang/35 TC 16" classname="Test Cases/Story 35 and 921 -Tambah Barang/35 TC 16" status="FAILED">
         <failure type="FAILED" message="Unable to verify if object 'Object Repository/Sidebar Menu/Produk/Tambah Barang/Harga Jual - TextBox' has attribute 'content-desc' with value 'productPurchasePriceTextInput' (Root cause: Object 'Object Repository/Sidebar Menu/Produk/Tambah Barang/Harga Jual - TextBox' has attribute 'content-desc' with actual value 'productSalePriceTextInput' instead of expected value 'productPurchasePriceTextInput')"/>
         <system-out><![CDATA[2018-07-13 15:57:12 - [TEST_CASE][FAILED] - Test Cases/Story 35 and 921 -Tambah Barang/35 TC 16: Test Cases/Story 35 and 921 -Tambah Barang/35 TC 16 FAILED because (of) Unable to verify if object 'Object Repository/Sidebar Menu/Produk/Tambah Barang/Harga Jual - TextBox' has attribute 'content-desc' with value 'productPurchasePriceTextInput' (Root cause: Object 'Object Repository/Sidebar Menu/Produk/Tambah Barang/Harga Jual - TextBox' has attribute 'content-desc' with actual value 'productSalePriceTextInput' instead of expected value 'productPurchasePriceTextInput')

2018-07-13 15:57:12 - [TEST_STEP][PASSED] - comment:  Check if Harga Jual equal or below Harga Beli

2018-07-13 15:57:12 - [TEST_STEP][PASSED] - waitForElementPresent: Element 'Object Repository/Sidebar Menu/Produk/Tambah Barang/Harga Jual - TextBox' is present

2018-07-13 15:57:16 - [MESSAGE][PASSED] - Element 'Object Repository/Sidebar Menu/Produk/Tambah Barang/Harga Jual - TextBox' is present

2018-07-13 15:57:16 - [TEST_STEP][FAILED] - verifyElementAttributeValue: Unable to verify if object 'Object Repository/Sidebar Menu/Produk/Tambah Barang/Harga Jual - TextBox' has attribute 'content-desc' with value 'productPurchasePriceTextInput' (Root cause: Object 'Object Repository/Sidebar Menu/Produk/Tambah Barang/Harga Jual - TextBox' has attribute 'content-desc' with actual value 'productSalePriceTextInput' instead of expected value 'productPurchasePriceTextInput')

2018-07-13 15:57:21 - [MESSAGE][FAILED] - Object 'Object Repository/Sidebar Menu/Produk/Tambah Barang/Harga Jual - TextBox' has attribute 'content-desc' with actual value 'productSalePriceTextInput' instead of expected value 'productPurchasePriceTextInput'
[[ATTACHMENT|C:\\Users\\AV2017005903\\Documents\\apollo-automation\\Reports\\Story 35 - Tambah Barang\\20180713_153810\\1531472240130.png]]

2018-07-13 15:57:23 - [MESSAGE][FAILED] - Unable to verify if object 'Object Repository/Sidebar Menu/Produk/Tambah Barang/Harga Jual - TextBox' has attribute 'content-desc' with value 'productPurchasePriceTextInput' (Root cause: Object 'Object Repository/Sidebar Menu/Produk/Tambah Barang/Harga Jual - TextBox' has attribute 'content-desc' with actual value 'productSalePriceTextInput' instead of expected value 'productPurchasePriceTextInput')
[[ATTACHMENT|C:\\Users\\AV2017005903\\Documents\\apollo-automation\\Reports\\Story 35 - Tambah Barang\\20180713_153810\\1531472241735.png]]]]></system-out>
         <system-err><![CDATA[2018-07-13 15:57:12 - [TEST_CASE][FAILED] - Test Cases/Story 35 and 921 -Tambah Barang/35 TC 16: Test Cases/Story 35 and 921 -Tambah Barang/35 TC 16 FAILED because (of) Unable to verify if object 'Object Repository/Sidebar Menu/Produk/Tambah Barang/Harga Jual - TextBox' has attribute 'content-desc' with value 'productPurchasePriceTextInput' (Root cause: Object 'Object Repository/Sidebar Menu/Produk/Tambah Barang/Harga Jual - TextBox' has attribute 'content-desc' with actual value 'productSalePriceTextInput' instead of expected value 'productPurchasePriceTextInput')]]></system-err>
      </testcase>
      <testcase name="Test Cases/Story 35 and 921 -Tambah Barang/35 TC 17" classname="Test Cases/Story 35 and 921 -Tambah Barang/35 TC 17" status="FAILED">
         <failure type="FAILED" message="Unable to verify if object 'Object Repository/Sidebar Menu/Produk/Tambah Barang/Harga Jual - TextBox' has attribute 'content-desc' with value 'productPurchasePriceTextInput' (Root cause: Object 'Object Repository/Sidebar Menu/Produk/Tambah Barang/Harga Jual - TextBox' has attribute 'content-desc' with actual value 'productSalePriceTextInput' instead of expected value 'productPurchasePriceTextInput')"/>
         <system-out><![CDATA[2018-07-13 15:57:23 - [TEST_CASE][FAILED] - Test Cases/Story 35 and 921 -Tambah Barang/35 TC 17: Test Cases/Story 35 and 921 -Tambah Barang/35 TC 17 FAILED because (of) Unable to verify if object 'Object Repository/Sidebar Menu/Produk/Tambah Barang/Harga Jual - TextBox' has attribute 'content-desc' with value 'productPurchasePriceTextInput' (Root cause: Object 'Object Repository/Sidebar Menu/Produk/Tambah Barang/Harga Jual - TextBox' has attribute 'content-desc' with actual value 'productSalePriceTextInput' instead of expected value 'productPurchasePriceTextInput')

2018-07-13 15:57:23 - [TEST_STEP][PASSED] - comment: Add discount by Nominal (Rp.) without input Harga Jual

2018-07-13 15:57:23 - [TEST_STEP][PASSED] - waitForElementPresent: Element 'Object Repository/Sidebar Menu/Produk/Tambah Barang/Harga Jual - TextBox' is present

2018-07-13 15:57:25 - [MESSAGE][PASSED] - Element 'Object Repository/Sidebar Menu/Produk/Tambah Barang/Harga Jual - TextBox' is present

2018-07-13 15:57:25 - [TEST_STEP][FAILED] - verifyElementAttributeValue: Unable to verify if object 'Object Repository/Sidebar Menu/Produk/Tambah Barang/Harga Jual - TextBox' has attribute 'content-desc' with value 'productPurchasePriceTextInput' (Root cause: Object 'Object Repository/Sidebar Menu/Produk/Tambah Barang/Harga Jual - TextBox' has attribute 'content-desc' with actual value 'productSalePriceTextInput' instead of expected value 'productPurchasePriceTextInput')

2018-07-13 15:57:31 - [MESSAGE][FAILED] - Object 'Object Repository/Sidebar Menu/Produk/Tambah Barang/Harga Jual - TextBox' has attribute 'content-desc' with actual value 'productSalePriceTextInput' instead of expected value 'productPurchasePriceTextInput'
[[ATTACHMENT|C:\\Users\\AV2017005903\\Documents\\apollo-automation\\Reports\\Story 35 - Tambah Barang\\20180713_153810\\1531472249839.png]]

2018-07-13 15:57:32 - [MESSAGE][FAILED] - Unable to verify if object 'Object Repository/Sidebar Menu/Produk/Tambah Barang/Harga Jual - TextBox' has attribute 'content-desc' with value 'productPurchasePriceTextInput' (Root cause: Object 'Object Repository/Sidebar Menu/Produk/Tambah Barang/Harga Jual - TextBox' has attribute 'content-desc' with actual value 'productSalePriceTextInput' instead of expected value 'productPurchasePriceTextInput')
[[ATTACHMENT|C:\\Users\\AV2017005903\\Documents\\apollo-automation\\Reports\\Story 35 - Tambah Barang\\20180713_153810\\1531472251373.png]]]]></system-out>
         <system-err><![CDATA[2018-07-13 15:57:23 - [TEST_CASE][FAILED] - Test Cases/Story 35 and 921 -Tambah Barang/35 TC 17: Test Cases/Story 35 and 921 -Tambah Barang/35 TC 17 FAILED because (of) Unable to verify if object 'Object Repository/Sidebar Menu/Produk/Tambah Barang/Harga Jual - TextBox' has attribute 'content-desc' with value 'productPurchasePriceTextInput' (Root cause: Object 'Object Repository/Sidebar Menu/Produk/Tambah Barang/Harga Jual - TextBox' has attribute 'content-desc' with actual value 'productSalePriceTextInput' instead of expected value 'productPurchasePriceTextInput')]]></system-err>
      </testcase>
      <testcase name="Test Cases/Story 35 and 921 -Tambah Barang/35 TC 18" classname="Test Cases/Story 35 and 921 -Tambah Barang/35 TC 18" status="FAILED">
         <failure type="FAILED" message="Unable to verify if object 'Object Repository/Sidebar Menu/Produk/Tambah Barang/Harga Jual - TextBox' has attribute 'content-desc' with value 'productPurchasePriceTextInput' (Root cause: Object 'Object Repository/Sidebar Menu/Produk/Tambah Barang/Harga Jual - TextBox' has attribute 'content-desc' with actual value 'productSalePriceTextInput' instead of expected value 'productPurchasePriceTextInput')"/>
         <system-out><![CDATA[2018-07-13 15:57:32 - [TEST_CASE][FAILED] - Test Cases/Story 35 and 921 -Tambah Barang/35 TC 18: Test Cases/Story 35 and 921 -Tambah Barang/35 TC 18 FAILED because (of) Unable to verify if object 'Object Repository/Sidebar Menu/Produk/Tambah Barang/Harga Jual - TextBox' has attribute 'content-desc' with value 'productPurchasePriceTextInput' (Root cause: Object 'Object Repository/Sidebar Menu/Produk/Tambah Barang/Harga Jual - TextBox' has attribute 'content-desc' with actual value 'productSalePriceTextInput' instead of expected value 'productPurchasePriceTextInput')

2018-07-13 15:57:33 - [TEST_STEP][PASSED] - comment: Input valid data in Harga Jual

2018-07-13 15:57:33 - [TEST_STEP][PASSED] - waitForElementPresent: Element 'Object Repository/Sidebar Menu/Produk/Tambah Barang/Harga Jual - TextBox' is present

2018-07-13 15:57:39 - [MESSAGE][PASSED] - Element 'Object Repository/Sidebar Menu/Produk/Tambah Barang/Harga Jual - TextBox' is present

2018-07-13 15:57:39 - [TEST_STEP][FAILED] - verifyElementAttributeValue: Unable to verify if object 'Object Repository/Sidebar Menu/Produk/Tambah Barang/Harga Jual - TextBox' has attribute 'content-desc' with value 'productPurchasePriceTextInput' (Root cause: Object 'Object Repository/Sidebar Menu/Produk/Tambah Barang/Harga Jual - TextBox' has attribute 'content-desc' with actual value 'productSalePriceTextInput' instead of expected value 'productPurchasePriceTextInput')

2018-07-13 15:57:45 - [MESSAGE][FAILED] - Object 'Object Repository/Sidebar Menu/Produk/Tambah Barang/Harga Jual - TextBox' has attribute 'content-desc' with actual value 'productSalePriceTextInput' instead of expected value 'productPurchasePriceTextInput'
[[ATTACHMENT|C:\\Users\\AV2017005903\\Documents\\apollo-automation\\Reports\\Story 35 - Tambah Barang\\20180713_153810\\1531472264317.png]]

2018-07-13 15:57:47 - [MESSAGE][FAILED] - Unable to verify if object 'Object Repository/Sidebar Menu/Produk/Tambah Barang/Harga Jual - TextBox' has attribute 'content-desc' with value 'productPurchasePriceTextInput' (Root cause: Object 'Object Repository/Sidebar Menu/Produk/Tambah Barang/Harga Jual - TextBox' has attribute 'content-desc' with actual value 'productSalePriceTextInput' instead of expected value 'productPurchasePriceTextInput')
[[ATTACHMENT|C:\\Users\\AV2017005903\\Documents\\apollo-automation\\Reports\\Story 35 - Tambah Barang\\20180713_153810\\1531472265917.png]]]]></system-out>
         <system-err><![CDATA[2018-07-13 15:57:32 - [TEST_CASE][FAILED] - Test Cases/Story 35 and 921 -Tambah Barang/35 TC 18: Test Cases/Story 35 and 921 -Tambah Barang/35 TC 18 FAILED because (of) Unable to verify if object 'Object Repository/Sidebar Menu/Produk/Tambah Barang/Harga Jual - TextBox' has attribute 'content-desc' with value 'productPurchasePriceTextInput' (Root cause: Object 'Object Repository/Sidebar Menu/Produk/Tambah Barang/Harga Jual - TextBox' has attribute 'content-desc' with actual value 'productSalePriceTextInput' instead of expected value 'productPurchasePriceTextInput')]]></system-err>
      </testcase>
      <testcase name="Test Cases/Story 35 and 921 -Tambah Barang/35 TC 19" classname="Test Cases/Story 35 and 921 -Tambah Barang/35 TC 19" status="PASSED">
         <system-out><![CDATA[2018-07-13 15:57:47 - [TEST_CASE][PASSED] - Test Cases/Story 35 and 921 -Tambah Barang/35 TC 19: Test Cases/Story 35 and 921 -Tambah Barang/35 TC 19

2018-07-13 15:57:47 - [TEST_STEP][PASSED] - comment: Tambah Produk with add discount from Nominal > HargaJual

2018-07-13 15:57:47 - [TEST_STEP][PASSED] - waitForElementPresent: Element 'Object Repository/Sidebar Menu/Produk/Tambah Barang/Nominal Diskon- TextBox' is present

2018-07-13 15:57:51 - [MESSAGE][PASSED] - Element 'Object Repository/Sidebar Menu/Produk/Tambah Barang/Nominal Diskon- TextBox' is present

2018-07-13 15:57:51 - [TEST_STEP][PASSED] - verifyElementAttributeValue: Object 'Object Repository/Sidebar Menu/Produk/Tambah Barang/Nominal Diskon- TextBox' has attribute 'content-desc' with value 'productDiscountNominalTextInput'

2018-07-13 15:57:55 - [MESSAGE][PASSED] - Object 'Object Repository/Sidebar Menu/Produk/Tambah Barang/Nominal Diskon- TextBox' has attribute 'content-desc' with value 'productDiscountNominalTextInput'

2018-07-13 15:57:55 - [TEST_STEP][PASSED] - setText: Text '90000' has been set to element 'Object Repository/Sidebar Menu/Produk/Tambah Barang/Nominal Diskon- TextBox'

2018-07-13 15:58:11 - [MESSAGE][PASSED] - Text '90000' has been set to element 'Object Repository/Sidebar Menu/Produk/Tambah Barang/Nominal Diskon- TextBox'

2018-07-13 15:58:11 - [TEST_STEP][PASSED] - hideKeyboard: Keyboard is hidden

2018-07-13 15:58:12 - [MESSAGE][PASSED] - Keyboard is hidden

2018-07-13 15:58:13 - [TEST_STEP][PASSED] - verifyElementText: Actual text and expected text of test object 'Object Repository/Sidebar Menu/Produk/Tambah Barang/Nominal Diskon- TextBox' are matched.

2018-07-13 15:58:17 - [MESSAGE][PASSED] - Actual text and expected text of test object 'Object Repository/Sidebar Menu/Produk/Tambah Barang/Nominal Diskon- TextBox' are matched.

2018-07-13 15:58:17 - [TEST_STEP][PASSED] - Statement - ErMsg = com.kms.katalon.core.mobile.keyword.MobileBuiltInKeywords.getText(com.kms.katalon.core.testobject.ObjectRepository.findTestObject(Sidebar Menu/Produk/Tambah Barang/Error Message - Nominal Diskon), G_ShortTimeOut): Text of element 'Object Repository/Sidebar Menu/Produk/Tambah Barang/Error Message - Nominal Diskon' is: 'Tidak boleh melebihi harga jual'

2018-07-13 15:58:24 - [MESSAGE][PASSED] - Text of element 'Object Repository/Sidebar Menu/Produk/Tambah Barang/Error Message - Nominal Diskon' is: 'Tidak boleh melebihi harga jual'

2018-07-13 15:58:24 - [TEST_STEP][PASSED] - verifyEqual: Actual object 'Tidak boleh melebihi harga jual' and expected object 'Tidak boleh melebihi harga jual' are equal

2018-07-13 15:58:24 - [MESSAGE][PASSED] - Actual object 'Tidak boleh melebihi harga jual' and expected object 'Tidak boleh melebihi harga jual' are equal]]></system-out>
         <system-err><![CDATA[]]></system-err>
      </testcase>
      <testcase name="Test Cases/Story 35 and 921 -Tambah Barang/35 TC 20" classname="Test Cases/Story 35 and 921 -Tambah Barang/35 TC 20" status="PASSED">
         <system-out><![CDATA[2018-07-13 15:58:24 - [TEST_CASE][PASSED] - Test Cases/Story 35 and 921 -Tambah Barang/35 TC 20: Test Cases/Story 35 and 921 -Tambah Barang/35 TC 20

2018-07-13 15:58:24 - [TEST_STEP][PASSED] - comment: Tambah Produk with add discount from Nominal

2018-07-13 15:58:24 - [TEST_STEP][PASSED] - waitForElementPresent: Element 'Object Repository/Sidebar Menu/Produk/Tambah Barang/Nominal Diskon- TextBox' is present

2018-07-13 15:58:31 - [MESSAGE][PASSED] - Element 'Object Repository/Sidebar Menu/Produk/Tambah Barang/Nominal Diskon- TextBox' is present

2018-07-13 15:58:31 - [TEST_STEP][PASSED] - verifyElementAttributeValue: Object 'Object Repository/Sidebar Menu/Produk/Tambah Barang/Nominal Diskon- TextBox' has attribute 'content-desc' with value 'productDiscountNominalTextInput'

2018-07-13 15:58:35 - [MESSAGE][PASSED] - Object 'Object Repository/Sidebar Menu/Produk/Tambah Barang/Nominal Diskon- TextBox' has attribute 'content-desc' with value 'productDiscountNominalTextInput'

2018-07-13 15:58:35 - [TEST_STEP][PASSED] - clearText: Element 'Object Repository/Sidebar Menu/Produk/Tambah Barang/Nominal Diskon- TextBox' text is cleared

2018-07-13 15:58:42 - [MESSAGE][PASSED] - Element 'Object Repository/Sidebar Menu/Produk/Tambah Barang/Nominal Diskon- TextBox' text is cleared

2018-07-13 15:58:42 - [TEST_STEP][PASSED] - setText: Text '2000' has been set to element 'Object Repository/Sidebar Menu/Produk/Tambah Barang/Nominal Diskon- TextBox'

2018-07-13 15:58:59 - [MESSAGE][PASSED] - Text '2000' has been set to element 'Object Repository/Sidebar Menu/Produk/Tambah Barang/Nominal Diskon- TextBox'

2018-07-13 15:58:59 - [TEST_STEP][PASSED] - hideKeyboard: Keyboard is hidden

2018-07-13 15:59:01 - [MESSAGE][PASSED] - Keyboard is hidden

2018-07-13 15:59:01 - [TEST_STEP][PASSED] - verifyElementText: Actual text and expected text of test object 'Object Repository/Sidebar Menu/Produk/Tambah Barang/Nominal Diskon- TextBox' are matched.

2018-07-13 15:59:06 - [MESSAGE][PASSED] - Actual text and expected text of test object 'Object Repository/Sidebar Menu/Produk/Tambah Barang/Nominal Diskon- TextBox' are matched.]]></system-out>
         <system-err><![CDATA[]]></system-err>
      </testcase>
      <testcase name="Test Cases/Story 35 and 921 -Tambah Barang/35 TC 21" classname="Test Cases/Story 35 and 921 -Tambah Barang/35 TC 21" status="PASSED">
         <system-out><![CDATA[2018-07-13 15:59:06 - [TEST_CASE][PASSED] - Test Cases/Story 35 and 921 -Tambah Barang/35 TC 21: Test Cases/Story 35 and 921 -Tambah Barang/35 TC 21

2018-07-13 15:59:06 - [TEST_STEP][PASSED] - comment: Add discount by Percentage (%) - more than 4 char

2018-07-13 15:59:06 - [TEST_STEP][PASSED] - waitForElementPresent: Element 'Object Repository/Sidebar Menu/Produk/Tambah Barang/Persentase Diskon - TextBox' is present

2018-07-13 15:59:09 - [MESSAGE][PASSED] - Element 'Object Repository/Sidebar Menu/Produk/Tambah Barang/Persentase Diskon - TextBox' is present

2018-07-13 15:59:09 - [TEST_STEP][PASSED] - clearText: Element 'Object Repository/Sidebar Menu/Produk/Tambah Barang/Persentase Diskon - TextBox' text is cleared

2018-07-13 15:59:15 - [MESSAGE][PASSED] - Element 'Object Repository/Sidebar Menu/Produk/Tambah Barang/Persentase Diskon - TextBox' text is cleared

2018-07-13 15:59:15 - [TEST_STEP][PASSED] - setText: Text '12345' has been set to element 'Object Repository/Sidebar Menu/Produk/Tambah Barang/Persentase Diskon - TextBox'

2018-07-13 15:59:35 - [MESSAGE][PASSED] - Text '12345' has been set to element 'Object Repository/Sidebar Menu/Produk/Tambah Barang/Persentase Diskon - TextBox'

2018-07-13 15:59:35 - [TEST_STEP][PASSED] - hideKeyboard: Keyboard is hidden

2018-07-13 15:59:37 - [MESSAGE][PASSED] - Keyboard is hidden

2018-07-13 15:59:37 - [TEST_STEP][PASSED] - verifyElementText: Actual text and expected text of test object 'Object Repository/Sidebar Menu/Produk/Tambah Barang/Persentase Diskon - TextBox' are matched.

2018-07-13 15:59:41 - [MESSAGE][PASSED] - Actual text and expected text of test object 'Object Repository/Sidebar Menu/Produk/Tambah Barang/Persentase Diskon - TextBox' are matched.]]></system-out>
         <system-err><![CDATA[]]></system-err>
      </testcase>
      <testcase name="Test Cases/Story 35 and 921 -Tambah Barang/35 TC 22" classname="Test Cases/Story 35 and 921 -Tambah Barang/35 TC 22" status="PASSED">
         <system-out><![CDATA[2018-07-13 15:59:41 - [TEST_CASE][PASSED] - Test Cases/Story 35 and 921 -Tambah Barang/35 TC 22: Test Cases/Story 35 and 921 -Tambah Barang/35 TC 22

2018-07-13 15:59:42 - [TEST_STEP][PASSED] - comment: Add discount by Percentage (%) - 4 Digit char

2018-07-13 15:59:42 - [TEST_STEP][PASSED] - waitForElementPresent: Element 'Object Repository/Sidebar Menu/Produk/Tambah Barang/Persentase Diskon - TextBox' is present

2018-07-13 15:59:45 - [MESSAGE][PASSED] - Element 'Object Repository/Sidebar Menu/Produk/Tambah Barang/Persentase Diskon - TextBox' is present

2018-07-13 15:59:45 - [TEST_STEP][PASSED] - clearText: Element 'Object Repository/Sidebar Menu/Produk/Tambah Barang/Persentase Diskon - TextBox' text is cleared

2018-07-13 15:59:51 - [MESSAGE][PASSED] - Element 'Object Repository/Sidebar Menu/Produk/Tambah Barang/Persentase Diskon - TextBox' text is cleared

2018-07-13 15:59:51 - [TEST_STEP][PASSED] - setText: Text '2367' has been set to element 'Object Repository/Sidebar Menu/Produk/Tambah Barang/Persentase Diskon - TextBox'

2018-07-13 16:00:11 - [MESSAGE][PASSED] - Text '2367' has been set to element 'Object Repository/Sidebar Menu/Produk/Tambah Barang/Persentase Diskon - TextBox'

2018-07-13 16:00:11 - [TEST_STEP][PASSED] - hideKeyboard: Keyboard is hidden

2018-07-13 16:00:13 - [MESSAGE][PASSED] - Keyboard is hidden

2018-07-13 16:00:13 - [TEST_STEP][PASSED] - verifyElementText: Actual text and expected text of test object 'Object Repository/Sidebar Menu/Produk/Tambah Barang/Persentase Diskon - TextBox' are matched.

2018-07-13 16:00:18 - [MESSAGE][PASSED] - Actual text and expected text of test object 'Object Repository/Sidebar Menu/Produk/Tambah Barang/Persentase Diskon - TextBox' are matched.]]></system-out>
         <system-err><![CDATA[]]></system-err>
      </testcase>
      <testcase name="Test Cases/Story 35 and 921 -Tambah Barang/35 TC 23" classname="Test Cases/Story 35 and 921 -Tambah Barang/35 TC 23" status="PASSED">
         <system-out><![CDATA[2018-07-13 16:00:18 - [TEST_CASE][PASSED] - Test Cases/Story 35 and 921 -Tambah Barang/35 TC 23: Test Cases/Story 35 and 921 -Tambah Barang/35 TC 23

2018-07-13 16:00:18 - [TEST_STEP][PASSED] - comment: Add discount by Percentage (%) - 3 Digit

2018-07-13 16:00:18 - [TEST_STEP][PASSED] - waitForElementPresent: Element 'Object Repository/Sidebar Menu/Produk/Tambah Barang/Persentase Diskon - TextBox' is present

2018-07-13 16:00:21 - [MESSAGE][PASSED] - Element 'Object Repository/Sidebar Menu/Produk/Tambah Barang/Persentase Diskon - TextBox' is present

2018-07-13 16:00:21 - [TEST_STEP][PASSED] - clearText: Element 'Object Repository/Sidebar Menu/Produk/Tambah Barang/Persentase Diskon - TextBox' text is cleared

2018-07-13 16:00:27 - [MESSAGE][PASSED] - Element 'Object Repository/Sidebar Menu/Produk/Tambah Barang/Persentase Diskon - TextBox' text is cleared

2018-07-13 16:00:27 - [TEST_STEP][PASSED] - setText: Text '123' has been set to element 'Object Repository/Sidebar Menu/Produk/Tambah Barang/Persentase Diskon - TextBox'

2018-07-13 16:00:48 - [MESSAGE][PASSED] - Text '123' has been set to element 'Object Repository/Sidebar Menu/Produk/Tambah Barang/Persentase Diskon - TextBox'

2018-07-13 16:00:48 - [TEST_STEP][PASSED] - hideKeyboard: Keyboard is hidden

2018-07-13 16:00:49 - [MESSAGE][PASSED] - Keyboard is hidden

2018-07-13 16:00:50 - [TEST_STEP][PASSED] - verifyElementText: Actual text and expected text of test object 'Object Repository/Sidebar Menu/Produk/Tambah Barang/Persentase Diskon - TextBox' are matched.

2018-07-13 16:00:54 - [MESSAGE][PASSED] - Actual text and expected text of test object 'Object Repository/Sidebar Menu/Produk/Tambah Barang/Persentase Diskon - TextBox' are matched.]]></system-out>
         <system-err><![CDATA[]]></system-err>
      </testcase>
      <testcase name="Test Cases/Story 35 and 921 -Tambah Barang/35 TC 24" classname="Test Cases/Story 35 and 921 -Tambah Barang/35 TC 24" status="PASSED">
         <system-out><![CDATA[2018-07-13 16:00:54 - [TEST_CASE][PASSED] - Test Cases/Story 35 and 921 -Tambah Barang/35 TC 24: Test Cases/Story 35 and 921 -Tambah Barang/35 TC 24

2018-07-13 16:00:54 - [TEST_STEP][PASSED] - comment: Add discount by Percentage (%) - valid

2018-07-13 16:00:54 - [TEST_STEP][PASSED] - waitForElementPresent: Element 'Object Repository/Sidebar Menu/Produk/Tambah Barang/Persentase Diskon - TextBox' is present

2018-07-13 16:00:57 - [MESSAGE][PASSED] - Element 'Object Repository/Sidebar Menu/Produk/Tambah Barang/Persentase Diskon - TextBox' is present

2018-07-13 16:00:57 - [TEST_STEP][PASSED] - clearText: Element 'Object Repository/Sidebar Menu/Produk/Tambah Barang/Persentase Diskon - TextBox' text is cleared

2018-07-13 16:01:04 - [MESSAGE][PASSED] - Element 'Object Repository/Sidebar Menu/Produk/Tambah Barang/Persentase Diskon - TextBox' text is cleared

2018-07-13 16:01:04 - [TEST_STEP][PASSED] - setText: Text '10' has been set to element 'Object Repository/Sidebar Menu/Produk/Tambah Barang/Persentase Diskon - TextBox'

2018-07-13 16:01:21 - [MESSAGE][PASSED] - Text '10' has been set to element 'Object Repository/Sidebar Menu/Produk/Tambah Barang/Persentase Diskon - TextBox'

2018-07-13 16:01:21 - [TEST_STEP][PASSED] - hideKeyboard: Keyboard is hidden

2018-07-13 16:01:22 - [MESSAGE][PASSED] - Keyboard is hidden

2018-07-13 16:01:22 - [TEST_STEP][PASSED] - verifyElementText: Actual text and expected text of test object 'Object Repository/Sidebar Menu/Produk/Tambah Barang/Persentase Diskon - TextBox' are matched.

2018-07-13 16:01:27 - [MESSAGE][PASSED] - Actual text and expected text of test object 'Object Repository/Sidebar Menu/Produk/Tambah Barang/Persentase Diskon - TextBox' are matched.]]></system-out>
         <system-err><![CDATA[]]></system-err>
      </testcase>
      <testcase name="Test Cases/Story 35 and 921 -Tambah Barang/35 TC 25" classname="Test Cases/Story 35 and 921 -Tambah Barang/35 TC 25" status="PASSED">
         <system-out><![CDATA[2018-07-13 16:01:27 - [TEST_CASE][PASSED] - Test Cases/Story 35 and 921 -Tambah Barang/35 TC 25: Test Cases/Story 35 and 921 -Tambah Barang/35 TC 25

2018-07-13 16:01:27 - [TEST_STEP][PASSED] - comment: Save Product

2018-07-13 16:01:27 - [TEST_STEP][PASSED] - waitForElementPresent: Element 'Object Repository/Sidebar Menu/Produk/Tambah Barang/Simpan Button' is present

2018-07-13 16:01:30 - [MESSAGE][PASSED] - Element 'Object Repository/Sidebar Menu/Produk/Tambah Barang/Simpan Button' is present

2018-07-13 16:01:30 - [TEST_STEP][PASSED] - verifyElementAttributeValue: Object 'Object Repository/Sidebar Menu/Produk/Tambah Barang/Simpan Button' has attribute 'content-desc' with value 'productSubmitBtn'

2018-07-13 16:01:34 - [MESSAGE][PASSED] - Object 'Object Repository/Sidebar Menu/Produk/Tambah Barang/Simpan Button' has attribute 'content-desc' with value 'productSubmitBtn'

2018-07-13 16:01:34 - [TEST_STEP][PASSED] - tap: Tapped on element 'Object Repository/Sidebar Menu/Produk/Tambah Barang/Simpan Button'

2018-07-13 16:01:39 - [MESSAGE][PASSED] - Tapped on element 'Object Repository/Sidebar Menu/Produk/Tambah Barang/Simpan Button'

2018-07-13 16:01:39 - [TEST_STEP][NOT_RUN] - delay: NOT_RUN: delay

2018-07-13 16:01:39 - [MESSAGE][NOT_RUN] - NOT_RUN: delay

2018-07-13 16:01:39 - [TEST_STEP][NOT_RUN] - takeScreenshot: NOT_RUN: takeScreenshot

2018-07-13 16:01:39 - [MESSAGE][NOT_RUN] - NOT_RUN: takeScreenshot]]></system-out>
         <system-err><![CDATA[]]></system-err>
      </testcase>
      <testcase name="Test Cases/Story 35 and 921 -Tambah Barang/35 TC 26" classname="Test Cases/Story 35 and 921 -Tambah Barang/35 TC 26" status="FAILED">
         <failure type="FAILED" message="Failed to tap on element 'Object Repository/Sidebar Menu/Produk/Stock View/Cari nama produk - btn' (Root cause: Object Object Repository/Sidebar Menu/Produk/Stock View/Cari nama produk - btn not found)"/>
         <system-out><![CDATA[2018-07-13 16:01:39 - [TEST_CASE][FAILED] - Test Cases/Story 35 and 921 -Tambah Barang/35 TC 26: Test Cases/Story 35 and 921 -Tambah Barang/35 TC 26 FAILED because (of) Failed to tap on element 'Object Repository/Sidebar Menu/Produk/Stock View/Cari nama produk - btn' (Root cause: Object Object Repository/Sidebar Menu/Produk/Stock View/Cari nama produk - btn not found)

2018-07-13 16:01:39 - [TEST_STEP][PASSED] - comment: Mengecek Validasi

2018-07-13 16:01:39 - [TEST_STEP][PASSED] - waitForElementPresent: Object Object Repository/Sidebar Menu/Produk/Stock View/Cari nama produk - btn not found

2018-07-13 16:01:46 - [MESSAGE][WARNING] - Object Object Repository/Sidebar Menu/Produk/Stock View/Cari nama produk - btn not found

2018-07-13 16:01:46 - [TEST_STEP][PASSED] - verifyElementAttributeValue: Element 'Object Repository/Sidebar Menu/Produk/Stock View/Cari nama produk - btn' not found

2018-07-13 16:01:51 - [MESSAGE][WARNING] - Element 'Object Repository/Sidebar Menu/Produk/Stock View/Cari nama produk - btn' not found

2018-07-13 16:01:51 - [TEST_STEP][FAILED] - tap: Failed to tap on element 'Object Repository/Sidebar Menu/Produk/Stock View/Cari nama produk - btn' (Root cause: Object Object Repository/Sidebar Menu/Produk/Stock View/Cari nama produk - btn not found)

2018-07-13 16:01:59 - [MESSAGE][FAILED] - Object Object Repository/Sidebar Menu/Produk/Stock View/Cari nama produk - btn not found
[[ATTACHMENT|C:\\Users\\AV2017005903\\Documents\\apollo-automation\\Reports\\Story 35 - Tambah Barang\\20180713_153810\\1531472518435.png]]

2018-07-13 16:02:01 - [MESSAGE][FAILED] - Failed to tap on element 'Object Repository/Sidebar Menu/Produk/Stock View/Cari nama produk - btn' (Root cause: Object Object Repository/Sidebar Menu/Produk/Stock View/Cari nama produk - btn not found)
[[ATTACHMENT|C:\\Users\\AV2017005903\\Documents\\apollo-automation\\Reports\\Story 35 - Tambah Barang\\20180713_153810\\1531472519901.png]]]]></system-out>
         <system-err><![CDATA[2018-07-13 16:01:39 - [TEST_CASE][FAILED] - Test Cases/Story 35 and 921 -Tambah Barang/35 TC 26: Test Cases/Story 35 and 921 -Tambah Barang/35 TC 26 FAILED because (of) Failed to tap on element 'Object Repository/Sidebar Menu/Produk/Stock View/Cari nama produk - btn' (Root cause: Object Object Repository/Sidebar Menu/Produk/Stock View/Cari nama produk - btn not found)]]></system-err>
      </testcase>
      <system-out><![CDATA[2018-07-13 15:38:13 - [TEST_SUITE][FAILED] - Story 35 - Tambah Barang: Test Cases/Story 35 and 921 -Tambah Barang/35 TC 15 FAILED because (of) Unable to verify if object 'Object Repository/Sidebar Menu/Produk/Tambah Barang/Harga Jual - TextBox' has attribute 'content-desc' with value 'productPurchasePriceTextInput' (Root cause: Object 'Object Repository/Sidebar Menu/Produk/Tambah Barang/Harga Jual - TextBox' has attribute 'content-desc' with actual value 'productSalePriceTextInput' instead of expected value 'productPurchasePriceTextInput')]]></system-out>
      <system-err><![CDATA[2018-07-13 15:38:13 - [TEST_SUITE][FAILED] - Story 35 - Tambah Barang: Test Cases/Story 35 and 921 -Tambah Barang/35 TC 15 FAILED because (of) Unable to verify if object 'Object Repository/Sidebar Menu/Produk/Tambah Barang/Harga Jual - TextBox' has attribute 'content-desc' with value 'productPurchasePriceTextInput' (Root cause: Object 'Object Repository/Sidebar Menu/Produk/Tambah Barang/Harga Jual - TextBox' has attribute 'content-desc' with actual value 'productSalePriceTextInput' instead of expected value 'productPurchasePriceTextInput')]]></system-err>
   </testsuite>
</testsuites>
