<?xml version="1.0" encoding="UTF-8"?>
<testsuites name="Story 38" time="142" tests="5" failures="2" errors="0">
   <testsuite name="Story 38" tests="5" failures="2" errors="0" time="142" timestamp="2018-03-15 09:57:34" hostname="AV2017005903 - NBMP18A211ITSQA.corp.bankbtpn.co.id" id="Test Suites/Story 38">
      <properties>
         <property name="deviceName" value="asus ASUS_X014D 5.1.1"/>
         <property name="devicePlatform" value=""/>
         <property name="logFolder" value="C:\\Users\\AV2017005903\\Documents\\apollo-automation\\Reports\\Story 38\\20180315_095732"/>
         <property name="logFiles" value="C:\\Users\\AV2017005903\\Documents\\apollo-automation\\Reports\\Story 38\\20180315_095732\\appium.log, C:\\Users\\AV2017005903\\Documents\\apollo-automation\\Reports\\Story 38\\20180315_095732\\execution0.log"/>
         <property name="attachments" value=""/>
         <property name="hostName" value="AV2017005903 - NBMP18A211ITSQA.corp.bankbtpn.co.id"/>
         <property name="os" value="Windows 10 64bit"/>
         <property name="katalonVersion" value="5.0.0.1"/>
         <property name="deviceOS" value="Android"/>
         <property name="appiumVersion" value="1.6.5"/>
         <property name="deviceModel" value="ASUS_X014D"/>
         <property name="hostAddress" value="192.168.17.167"/>
         <property name="deviceManufacturer" value="asus"/>
         <property name="deviceId" value="GBAXGV411465ERX"/>
         <property name="deviceName" value="asus ASUS_X014D 5.1.1"/>
         <property name="deviceOSVersion" value="5.1.1"/>
      </properties>
      <testcase name="Test Cases/Story 38 - Manage Category/TC 1" classname="Test Cases/Story 38 - Manage Category/TC 1" status="PASSED">
         <system-out><![CDATA[2018-03-15 09:57:35 - [TEST_CASE][PASSED] - Test Cases/Story 38 - Manage Category/TC 1: Test Cases/Story 38 - Manage Category/TC 1

2018-03-15 09:57:35 - [TEST_STEP][PASSED] - comment: Start Story 38

2018-03-15 09:57:35 - [TEST_STEP][PASSED] - Statement - apkPath = com.kms.katalon.core.util.internal.PathUtil.relativeToAbsolutePath(apkName, com.kms.katalon.core.configuration.RunConfiguration.getProjectDir()): null

2018-03-15 09:57:35 - [TEST_STEP][PASSED] - startApplication: Started app at: 'C:\Users\AV2017005903\Documents\apollo-automation\13 Maret 17.23.apk'

2018-03-15 09:57:54 - [MESSAGE][PASSED] - Started app at: 'C:\Users\AV2017005903\Documents\apollo-automation\13 Maret 17.23.apk'

2018-03-15 09:57:54 - [TEST_STEP][PASSED] - tap: Tapped on element 'Object Repository/Login/Daftar Sekarang - Belum Punya Akun'

2018-03-15 09:58:02 - [MESSAGE][PASSED] - Tapped on element 'Object Repository/Login/Daftar Sekarang - Belum Punya Akun'

2018-03-15 09:58:02 - [TEST_STEP][PASSED] - waitForElementPresent: Element 'Object Repository/Sidebar Menu/HamburgerButton' is present

2018-03-15 09:58:05 - [MESSAGE][PASSED] - Element 'Object Repository/Sidebar Menu/HamburgerButton' is present

2018-03-15 09:58:05 - [TEST_STEP][PASSED] - tap: Tapped on element 'Object Repository/Sidebar Menu/HamburgerButton'

2018-03-15 09:58:07 - [MESSAGE][PASSED] - Tapped on element 'Object Repository/Sidebar Menu/HamburgerButton'

2018-03-15 09:58:07 - [TEST_STEP][PASSED] - tap: Tapped on element 'Object Repository/Sidebar Menu/Operasional/Operasional - Sidebar Menu'

2018-03-15 09:58:09 - [MESSAGE][PASSED] - Tapped on element 'Object Repository/Sidebar Menu/Operasional/Operasional - Sidebar Menu'

2018-03-15 09:58:09 - [TEST_STEP][PASSED] - tap: Tapped on element 'Object Repository/Sidebar Menu/Operasional/Stock/Stock View/Stok - Navbar Menu'

2018-03-15 09:58:12 - [MESSAGE][PASSED] - Tapped on element 'Object Repository/Sidebar Menu/Operasional/Stock/Stock View/Stok - Navbar Menu'

2018-03-15 09:58:12 - [TEST_STEP][PASSED] - waitForElementPresent: Element 'Object Repository/Sidebar Menu/Operasional/Stock/Stock View/Cari Produk - Parent' is present

2018-03-15 09:58:15 - [MESSAGE][PASSED] - Element 'Object Repository/Sidebar Menu/Operasional/Stock/Stock View/Cari Produk - Parent' is present

2018-03-15 09:58:15 - [TEST_STEP][PASSED] - comment: Search Product

2018-03-15 09:58:15 - [TEST_STEP][PASSED] - tap: Tapped on element 'Object Repository/Sidebar Menu/Operasional/Stock/Stock View/Cari Produk - Parent'

2018-03-15 09:58:15 - [MESSAGE][PASSED] - Tapped on element 'Object Repository/Sidebar Menu/Operasional/Stock/Stock View/Cari Produk - Parent'

2018-03-15 09:58:15 - [TEST_STEP][PASSED] - setText: Text 'Nestle Air Murni' has been set to element 'Object Repository/Sidebar Menu/Operasional/Stock/Stock View/Cari Produk - Parent'

2018-03-15 09:58:27 - [MESSAGE][PASSED] - Text 'Nestle Air Murni' has been set to element 'Object Repository/Sidebar Menu/Operasional/Stock/Stock View/Cari Produk - Parent'

2018-03-15 09:58:27 - [TEST_STEP][PASSED] - verifyElementNotChecked: Element 'Object Repository/Sidebar Menu/Operasional/Stock/Stock View/Cari Produk - Parent' is not checked

2018-03-15 09:58:28 - [MESSAGE][PASSED] - Element 'Object Repository/Sidebar Menu/Operasional/Stock/Stock View/Cari Produk - Parent' is not checked

2018-03-15 09:58:28 - [TEST_STEP][PASSED] - getText: Text of element 'Object Repository/Sidebar Menu/Operasional/Stock/Stock View/Cari Produk - Parent' is: 'Nestle Air Murni'

2018-03-15 09:58:28 - [MESSAGE][PASSED] - Text of element 'Object Repository/Sidebar Menu/Operasional/Stock/Stock View/Cari Produk - Parent' is: 'Nestle Air Murni'

2018-03-15 09:58:28 - [TEST_STEP][PASSED] - waitForElementPresent: Element 'Object Repository/Sidebar Menu/Operasional/Stock/Detail Barang/List Produk Search - Elemen 1' is present

2018-03-15 09:58:30 - [MESSAGE][PASSED] - Element 'Object Repository/Sidebar Menu/Operasional/Stock/Detail Barang/List Produk Search - Elemen 1' is present

2018-03-15 09:58:30 - [TEST_STEP][PASSED] - tap: Tapped on element 'Object Repository/Sidebar Menu/Operasional/Stock/Detail Barang/List Produk Search - Elemen 1'

2018-03-15 09:58:31 - [MESSAGE][PASSED] - Tapped on element 'Object Repository/Sidebar Menu/Operasional/Stock/Detail Barang/List Produk Search - Elemen 1'

2018-03-15 09:58:31 - [TEST_STEP][PASSED] - delay: Delayed 5 second(s)

2018-03-15 09:58:36 - [MESSAGE][PASSED] - Delayed 5 second(s)

2018-03-15 09:58:36 - [TEST_STEP][PASSED] - comment: Swipe ke Bawah

2018-03-15 09:58:36 - [TEST_STEP][PASSED] - swipe: Swiped from 24,788 to 24,452

2018-03-15 09:58:36 - [MESSAGE][PASSED] - Swiped from 24,788 to 24,452

2018-03-15 09:58:36 - [TEST_STEP][PASSED] - waitForElementPresent: Element 'Object Repository/Sidebar Menu/Operasional/Stock/Detail Barang/Ubah Info - Button' is present

2018-03-15 09:58:37 - [MESSAGE][PASSED] - Element 'Object Repository/Sidebar Menu/Operasional/Stock/Detail Barang/Ubah Info - Button' is present

2018-03-15 09:58:37 - [TEST_STEP][PASSED] - tap: Tapped on element 'Object Repository/Sidebar Menu/Operasional/Stock/Detail Barang/Ubah Info - Button'

2018-03-15 09:58:38 - [MESSAGE][PASSED] - Tapped on element 'Object Repository/Sidebar Menu/Operasional/Stock/Detail Barang/Ubah Info - Button'

2018-03-15 09:58:38 - [TEST_STEP][PASSED] - waitForElementPresent: Element 'Object Repository/Sidebar Menu/Operasional/Stock/Tambah Barang/Pilih Kategori - SelectButton' is present

2018-03-15 09:58:40 - [MESSAGE][PASSED] - Element 'Object Repository/Sidebar Menu/Operasional/Stock/Tambah Barang/Pilih Kategori - SelectButton' is present

2018-03-15 09:58:40 - [TEST_STEP][PASSED] - tap: Tapped on element 'Object Repository/Sidebar Menu/Operasional/Stock/Tambah Barang/Pilih Kategori - SelectButton'

2018-03-15 09:58:41 - [MESSAGE][PASSED] - Tapped on element 'Object Repository/Sidebar Menu/Operasional/Stock/Tambah Barang/Pilih Kategori - SelectButton'

2018-03-15 09:58:41 - [TEST_STEP][PASSED] - tap: Tapped on element 'Object Repository/Sidebar Menu/Operasional/Stock/Tambah Barang/Pilih Kategori - SelectButton'

2018-03-15 09:58:41 - [MESSAGE][PASSED] - Tapped on element 'Object Repository/Sidebar Menu/Operasional/Stock/Tambah Barang/Pilih Kategori - SelectButton'

2018-03-15 09:58:41 - [TEST_STEP][PASSED] - delay: Delayed 5 second(s)

2018-03-15 09:58:46 - [MESSAGE][PASSED] - Delayed 5 second(s)]]></system-out>
         <system-err><![CDATA[]]></system-err>
      </testcase>
      <testcase name="Test Cases/Story 38 - Manage Category/TC 2" classname="Test Cases/Story 38 - Manage Category/TC 2" status="PASSED">
         <system-out><![CDATA[2018-03-15 09:58:46 - [TEST_CASE][PASSED] - Test Cases/Story 38 - Manage Category/TC 2: Test Cases/Story 38 - Manage Category/TC 2

2018-03-15 09:58:46 - [TEST_STEP][PASSED] - scrollToText: Scrolling to text 'PENGATURAN KATEGORI' successfully

2018-03-15 09:58:53 - [MESSAGE][PASSED] - Scrolling to text 'PENGATURAN KATEGORI' successfully

2018-03-15 09:58:53 - [TEST_STEP][PASSED] - tap: Tapped on element 'Object Repository/Sidebar Menu/Operasional/Stock/Detail Barang/Pengaturan Kategori'

2018-03-15 09:58:54 - [MESSAGE][PASSED] - Tapped on element 'Object Repository/Sidebar Menu/Operasional/Stock/Detail Barang/Pengaturan Kategori'

2018-03-15 09:58:54 - [TEST_STEP][PASSED] - delay: Delayed 5 second(s)

2018-03-15 09:58:59 - [MESSAGE][PASSED] - Delayed 5 second(s)]]></system-out>
         <system-err><![CDATA[]]></system-err>
      </testcase>
      <testcase name="Test Cases/Story 38 - Manage Category/TC 3" classname="Test Cases/Story 38 - Manage Category/TC 3" status="PASSED">
         <system-out><![CDATA[2018-03-15 09:58:59 - [TEST_CASE][PASSED] - Test Cases/Story 38 - Manage Category/TC 3: Test Cases/Story 38 - Manage Category/TC 3

2018-03-15 09:58:59 - [TEST_STEP][PASSED] - Statement - For (def index : (0..4)): Swiped from 381,139 to 450,139

2018-03-15 09:58:59 - [TEST_STEP][PASSED] - Statement - If (true): Swiped from 381,139 to 450,139

2018-03-15 09:58:59 - [TEST_STEP][PASSED] - swipe: Swiped from 381,139 to 450,139

2018-03-15 09:59:00 - [MESSAGE][PASSED] - Swiped from 381,139 to 450,139

2018-03-15 09:59:00 - [TEST_STEP][PASSED] - Statement - If (true): Swiped from 381,139 to 450,139

2018-03-15 09:59:00 - [TEST_STEP][PASSED] - swipe: Swiped from 381,139 to 450,139

2018-03-15 09:59:00 - [MESSAGE][PASSED] - Swiped from 381,139 to 450,139

2018-03-15 09:59:01 - [TEST_STEP][PASSED] - Statement - If (true): Swiped from 381,139 to 450,139

2018-03-15 09:59:01 - [TEST_STEP][PASSED] - swipe: Swiped from 381,139 to 450,139

2018-03-15 09:59:01 - [MESSAGE][PASSED] - Swiped from 381,139 to 450,139

2018-03-15 09:59:02 - [TEST_STEP][PASSED] - Statement - If (true): Swiped from 381,139 to 450,139

2018-03-15 09:59:02 - [TEST_STEP][PASSED] - swipe: Swiped from 381,139 to 450,139

2018-03-15 09:59:02 - [MESSAGE][PASSED] - Swiped from 381,139 to 450,139

2018-03-15 09:59:03 - [TEST_STEP][PASSED] - Statement - If (true): Swiped from 381,139 to 450,139

2018-03-15 09:59:03 - [TEST_STEP][PASSED] - swipe: Swiped from 381,139 to 450,139

2018-03-15 09:59:03 - [MESSAGE][PASSED] - Swiped from 381,139 to 450,139

2018-03-15 09:59:04 - [TEST_STEP][PASSED] - Statement - If (true): Swiped from 381,213 to 450,213

2018-03-15 09:59:04 - [TEST_STEP][PASSED] - swipe: Swiped from 381,213 to 450,213

2018-03-15 09:59:04 - [MESSAGE][PASSED] - Swiped from 381,213 to 450,213

2018-03-15 09:59:05 - [TEST_STEP][PASSED] - Statement - If (true): Swiped from 381,286 to 450,286

2018-03-15 09:59:05 - [TEST_STEP][PASSED] - swipe: Swiped from 381,286 to 450,286

2018-03-15 09:59:05 - [MESSAGE][PASSED] - Swiped from 381,286 to 450,286

2018-03-15 09:59:06 - [TEST_STEP][PASSED] - Statement - For (def index : (0..4)): Swiped from 381,727 to 450,727

2018-03-15 09:59:06 - [TEST_STEP][PASSED] - Statement - If (true): Swiped from 381,727 to 450,727

2018-03-15 09:59:06 - [TEST_STEP][PASSED] - swipe: Swiped from 381,727 to 450,727

2018-03-15 09:59:07 - [MESSAGE][PASSED] - Swiped from 381,727 to 450,727

2018-03-15 09:59:07 - [TEST_STEP][PASSED] - Statement - If (true): Swiped from 381,727 to 450,727

2018-03-15 09:59:07 - [TEST_STEP][PASSED] - swipe: Swiped from 381,727 to 450,727

2018-03-15 09:59:08 - [MESSAGE][PASSED] - Swiped from 381,727 to 450,727

2018-03-15 09:59:08 - [TEST_STEP][PASSED] - Statement - If (true): Swiped from 381,727 to 450,727

2018-03-15 09:59:08 - [TEST_STEP][PASSED] - swipe: Swiped from 381,727 to 450,727

2018-03-15 09:59:08 - [MESSAGE][PASSED] - Swiped from 381,727 to 450,727

2018-03-15 09:59:09 - [TEST_STEP][PASSED] - Statement - If (true): Swiped from 381,727 to 450,727

2018-03-15 09:59:09 - [TEST_STEP][PASSED] - swipe: Swiped from 381,727 to 450,727

2018-03-15 09:59:09 - [MESSAGE][PASSED] - Swiped from 381,727 to 450,727

2018-03-15 09:59:10 - [TEST_STEP][PASSED] - Statement - If (true): Swiped from 381,727 to 450,727

2018-03-15 09:59:10 - [TEST_STEP][PASSED] - swipe: Swiped from 381,727 to 450,727

2018-03-15 09:59:10 - [MESSAGE][PASSED] - Swiped from 381,727 to 450,727

2018-03-15 09:59:11 - [TEST_STEP][PASSED] - delay: Delayed 3 second(s)

2018-03-15 09:59:14 - [MESSAGE][PASSED] - Delayed 3 second(s)]]></system-out>
         <system-err><![CDATA[]]></system-err>
      </testcase>
      <testcase name="Test Cases/Story 38 - Manage Category/TC 4" classname="Test Cases/Story 38 - Manage Category/TC 4" status="PASSED">
         <system-out><![CDATA[2018-03-15 09:59:14 - [TEST_CASE][PASSED] - Test Cases/Story 38 - Manage Category/TC 4: Test Cases/Story 38 - Manage Category/TC 4

2018-03-15 09:59:14 - [TEST_STEP][PASSED] - waitForElementPresent: Element 'Object Repository/Sidebar Menu/Operasional/Stock/Detail Barang/SIMPAN Button' is present

2018-03-15 09:59:14 - [MESSAGE][PASSED] - Element 'Object Repository/Sidebar Menu/Operasional/Stock/Detail Barang/SIMPAN Button' is present

2018-03-15 09:59:14 - [TEST_STEP][PASSED] - tap: Tapped on element 'Object Repository/Sidebar Menu/Operasional/Stock/Detail Barang/SIMPAN Button'

2018-03-15 09:59:15 - [MESSAGE][PASSED] - Tapped on element 'Object Repository/Sidebar Menu/Operasional/Stock/Detail Barang/SIMPAN Button'

2018-03-15 09:59:15 - [TEST_STEP][PASSED] - delay: Delayed 4 second(s)

2018-03-15 09:59:19 - [MESSAGE][PASSED] - Delayed 4 second(s)]]></system-out>
         <system-err><![CDATA[]]></system-err>
      </testcase>
      <testcase name="Test Cases/Story 38 - Manage Category/TC 5" classname="Test Cases/Story 38 - Manage Category/TC 5" status="FAILED">
         <failure type="FAILED" message="Failed to tap on element 'Object Repository/Sidebar Menu/Operasional/Stock/Detail Barang/TAMBAH KATEGORI' (Root cause: Object Object Repository/Sidebar Menu/Operasional/Stock/Detail Barang/TAMBAH KATEGORI not found)"/>
         <system-out><![CDATA[2018-03-15 09:59:19 - [TEST_CASE][FAILED] - Test Cases/Story 38 - Manage Category/TC 5: Test Cases/Story 38 - Manage Category/TC 5 FAILED because (of) Failed to tap on element 'Object Repository/Sidebar Menu/Operasional/Stock/Detail Barang/TAMBAH KATEGORI' (Root cause: Object Object Repository/Sidebar Menu/Operasional/Stock/Detail Barang/TAMBAH KATEGORI not found)

2018-03-15 09:59:20 - [TEST_STEP][PASSED] - scrollToText: Scrolling to text 'TAMBAH KATEGORI' successfully

2018-03-15 09:59:37 - [MESSAGE][PASSED] - Scrolling to text 'TAMBAH KATEGORI' successfully

2018-03-15 09:59:37 - [TEST_STEP][PASSED] - waitForElementPresent: Element 'Object Repository/Sidebar Menu/Operasional/Stock/Detail Barang/TAMBAH KATEGORI' is present

2018-03-15 09:59:38 - [MESSAGE][PASSED] - Element 'Object Repository/Sidebar Menu/Operasional/Stock/Detail Barang/TAMBAH KATEGORI' is present

2018-03-15 09:59:38 - [TEST_STEP][PASSED] - tap: Tapped on element 'Object Repository/Sidebar Menu/Operasional/Stock/Detail Barang/TAMBAH KATEGORI'

2018-03-15 09:59:38 - [MESSAGE][PASSED] - Tapped on element 'Object Repository/Sidebar Menu/Operasional/Stock/Detail Barang/TAMBAH KATEGORI'

2018-03-15 09:59:38 - [TEST_STEP][PASSED] - pressBack: Press back button successfully

2018-03-15 09:59:39 - [MESSAGE][PASSED] - Press back button successfully

2018-03-15 09:59:39 - [TEST_STEP][FAILED] - tap: Failed to tap on element 'Object Repository/Sidebar Menu/Operasional/Stock/Detail Barang/TAMBAH KATEGORI' (Root cause: Object Object Repository/Sidebar Menu/Operasional/Stock/Detail Barang/TAMBAH KATEGORI not found)

2018-03-15 09:59:44 - [MESSAGE][FAILED] - Object Object Repository/Sidebar Menu/Operasional/Stock/Detail Barang/TAMBAH KATEGORI not found

2018-03-15 09:59:44 - [MESSAGE][FAILED] - Failed to tap on element 'Object Repository/Sidebar Menu/Operasional/Stock/Detail Barang/TAMBAH KATEGORI' (Root cause: Object Object Repository/Sidebar Menu/Operasional/Stock/Detail Barang/TAMBAH KATEGORI not found)]]></system-out>
         <system-err><![CDATA[2018-03-15 09:59:19 - [TEST_CASE][FAILED] - Test Cases/Story 38 - Manage Category/TC 5: Test Cases/Story 38 - Manage Category/TC 5 FAILED because (of) Failed to tap on element 'Object Repository/Sidebar Menu/Operasional/Stock/Detail Barang/TAMBAH KATEGORI' (Root cause: Object Object Repository/Sidebar Menu/Operasional/Stock/Detail Barang/TAMBAH KATEGORI not found)]]></system-err>
      </testcase>
      <testcase name="Test Cases/Story 38 - Manage Category/TC 6" classname="Test Cases/Story 38 - Manage Category/TC 6" status="FAILED">
         <failure type="FAILED" message="Failed to tap on element 'Object Repository/Sidebar Menu/Operasional/Stock/Detail Barang/Nama Kategori' (Root cause: Object Object Repository/Sidebar Menu/Operasional/Stock/Detail Barang/Nama Kategori not found)"/>
         <system-out><![CDATA[2018-03-15 09:59:44 - [TEST_CASE][FAILED] - Test Cases/Story 38 - Manage Category/TC 6: Test Cases/Story 38 - Manage Category/TC 6 FAILED because (of) Failed to tap on element 'Object Repository/Sidebar Menu/Operasional/Stock/Detail Barang/Nama Kategori' (Root cause: Object Object Repository/Sidebar Menu/Operasional/Stock/Detail Barang/Nama Kategori not found)

2018-03-15 09:59:44 - [TEST_STEP][FAILED] - tap: Failed to tap on element 'Object Repository/Sidebar Menu/Operasional/Stock/Detail Barang/Nama Kategori' (Root cause: Object Object Repository/Sidebar Menu/Operasional/Stock/Detail Barang/Nama Kategori not found)

2018-03-15 09:59:48 - [MESSAGE][FAILED] - Object Object Repository/Sidebar Menu/Operasional/Stock/Detail Barang/Nama Kategori not found

2018-03-15 09:59:48 - [MESSAGE][FAILED] - Failed to tap on element 'Object Repository/Sidebar Menu/Operasional/Stock/Detail Barang/Nama Kategori' (Root cause: Object Object Repository/Sidebar Menu/Operasional/Stock/Detail Barang/Nama Kategori not found)]]></system-out>
         <system-err><![CDATA[2018-03-15 09:59:44 - [TEST_CASE][FAILED] - Test Cases/Story 38 - Manage Category/TC 6: Test Cases/Story 38 - Manage Category/TC 6 FAILED because (of) Failed to tap on element 'Object Repository/Sidebar Menu/Operasional/Stock/Detail Barang/Nama Kategori' (Root cause: Object Object Repository/Sidebar Menu/Operasional/Stock/Detail Barang/Nama Kategori not found)]]></system-err>
      </testcase>
      <testcase name="Test Cases/Story 38 - Manage Category/TC 7" classname="Test Cases/Story 38 - Manage Category/TC 7" status="PASSED">
         <system-out><![CDATA[2018-03-15 09:59:48 - [TEST_CASE][PASSED] - Test Cases/Story 38 - Manage Category/TC 7: Test Cases/Story 38 - Manage Category/TC 7

2018-03-15 09:59:48 - [TEST_STEP][PASSED] - pressBack: Press back button successfully

2018-03-15 09:59:48 - [MESSAGE][PASSED] - Press back button successfully

2018-03-15 09:59:48 - [TEST_STEP][PASSED] - delay: Delayed 5 second(s)

2018-03-15 09:59:53 - [MESSAGE][PASSED] - Delayed 5 second(s)

2018-03-15 09:59:53 - [TEST_STEP][PASSED] - closeApplication: Close app successfully

2018-03-15 09:59:56 - [MESSAGE][PASSED] - Close app successfully]]></system-out>
         <system-err><![CDATA[]]></system-err>
      </testcase>
      <system-out><![CDATA[2018-03-15 09:57:34 - [TEST_SUITE][FAILED] - Story 38: Test Cases/Story 38 - Manage Category/TC 5 FAILED because (of) Failed to tap on element 'Object Repository/Sidebar Menu/Operasional/Stock/Detail Barang/TAMBAH KATEGORI' (Root cause: Object Object Repository/Sidebar Menu/Operasional/Stock/Detail Barang/TAMBAH KATEGORI not found)]]></system-out>
      <system-err><![CDATA[2018-03-15 09:57:34 - [TEST_SUITE][FAILED] - Story 38: Test Cases/Story 38 - Manage Category/TC 5 FAILED because (of) Failed to tap on element 'Object Repository/Sidebar Menu/Operasional/Stock/Detail Barang/TAMBAH KATEGORI' (Root cause: Object Object Repository/Sidebar Menu/Operasional/Stock/Detail Barang/TAMBAH KATEGORI not found)]]></system-err>
   </testsuite>
</testsuites>
