<?xml version="1.0" encoding="UTF-8"?>
<testsuites name="Sprint 2" time="518" tests="1" failures="5" errors="0">
   <testsuite name="Sprint 2" tests="1" failures="5" errors="0" time="518" timestamp="2018-01-19 11:07:41" hostname="AV2017005903 - NB17Q7U8IT.corp.bankbtpn.co.id" id="Test Suites/Sprint 2">
      <properties>
         <property name="deviceName" value="Xiaomi Redmi Note 3 5.0.2"/>
         <property name="devicePlatform" value=""/>
         <property name="logFolder" value="C:\\Users\\AV2017005903\\Documents\\Appolo Test\\Reports\\Sprint 2\\20180119_110739"/>
         <property name="logFiles" value="C:\\Users\\AV2017005903\\Documents\\Appolo Test\\Reports\\Sprint 2\\20180119_110739\\appium.log, C:\\Users\\AV2017005903\\Documents\\Appolo Test\\Reports\\Sprint 2\\20180119_110739\\execution0.log"/>
         <property name="attachments" value=""/>
         <property name="hostName" value="AV2017005903 - NB17Q7U8IT.corp.bankbtpn.co.id"/>
         <property name="os" value="Windows 10 64bit"/>
         <property name="katalonVersion" value="5.0.0.1"/>
         <property name="deviceOS" value="Android"/>
         <property name="appiumVersion" value="1.6.5"/>
         <property name="deviceModel" value="Redmi Note 3"/>
         <property name="hostAddress" value="192.168.120.203"/>
         <property name="deviceManufacturer" value="Xiaomi"/>
         <property name="deviceId" value="MVAQIBSCS8LN6TQW"/>
         <property name="deviceName" value="Xiaomi Redmi Note 3 5.0.2"/>
         <property name="deviceOSVersion" value="5.0.2"/>
      </properties>
      <testcase name="Test Cases/26 - TC - All" classname="Test Cases/26 - TC - All" status="PASSED">
         <system-out><![CDATA[2018-01-19 11:07:41 - [TEST_CASE][PASSED] - Test Cases/26 - TC - All: Test Cases/26 - TC - All

2018-01-19 11:07:42 - [TEST_STEP][PASSED] - comment: Start Story 26

2018-01-19 11:07:42 - [TEST_STEP][PASSED] - startApplication: Started app at: 'D:\Project Apollo\APK Appolo\Sprint 5 v-7.apk'

2018-01-19 11:08:55 - [MESSAGE][PASSED] - Started app at: 'D:\Project Apollo\APK Appolo\Sprint 5 v-7.apk'

2018-01-19 11:08:55 - [TEST_STEP][PASSED] - tap: Tapped on element 'Object Repository/Login/Nomor HP  Nama Pengguna - Text Box'

2018-01-19 11:08:55 - [MESSAGE][PASSED] - Tapped on element 'Object Repository/Login/Nomor HP  Nama Pengguna - Text Box'

2018-01-19 11:08:55 - [TEST_STEP][PASSED] - setText: Text 'y' has been set to element 'Object Repository/Login/Nomor HP  Nama Pengguna - Text Box'

2018-01-19 11:09:05 - [MESSAGE][PASSED] - Text 'y' has been set to element 'Object Repository/Login/Nomor HP  Nama Pengguna - Text Box'

2018-01-19 11:09:05 - [TEST_STEP][PASSED] - hideKeyboard: Keyboard is hidden

2018-01-19 11:09:12 - [MESSAGE][PASSED] - Keyboard is hidden

2018-01-19 11:09:14 - [TEST_STEP][PASSED] - tap: Tapped on element 'Object Repository/Login/Button Masuk'

2018-01-19 11:09:15 - [MESSAGE][PASSED] - Tapped on element 'Object Repository/Login/Button Masuk'

2018-01-19 11:09:15 - [TEST_STEP][PASSED] - waitForElementPresent: Object Object Repository/Login/Button Masuk not found

2018-01-19 11:09:18 - [MESSAGE][WARNING] - Object Object Repository/Login/Button Masuk not found

2018-01-19 11:09:18 - [TEST_STEP][PASSED] - tap: Tapped on element 'Object Repository/Login/Lupa Pin'

2018-01-19 11:09:18 - [MESSAGE][PASSED] - Tapped on element 'Object Repository/Login/Lupa Pin'

2018-01-19 11:09:18 - [TEST_STEP][PASSED] - tap: Tapped on element 'Object Repository/Sidebar Menu/Hamburger Button'

2018-01-19 11:09:20 - [MESSAGE][PASSED] - Tapped on element 'Object Repository/Sidebar Menu/Hamburger Button'

2018-01-19 11:09:20 - [TEST_STEP][PASSED] - tap: Tapped on element 'Object Repository/Sidebar Menu/Operasional/Operasional - Sidebar Menu'

2018-01-19 11:09:22 - [MESSAGE][PASSED] - Tapped on element 'Object Repository/Sidebar Menu/Operasional/Operasional - Sidebar Menu'

2018-01-19 11:09:22 - [TEST_STEP][PASSED] - tap: Tapped on element 'Object Repository/Sidebar Menu/Operasional/Stock/Stock View/Stok - Navbar Menu'

2018-01-19 11:09:25 - [MESSAGE][PASSED] - Tapped on element 'Object Repository/Sidebar Menu/Operasional/Stock/Stock View/Stok - Navbar Menu'

2018-01-19 11:09:25 - [TEST_STEP][PASSED] - waitForElementPresent: Element 'Object Repository/Sidebar Menu/Operasional/Stock/Stock View/Semua Kategori - Drop Down' is present

2018-01-19 11:09:25 - [MESSAGE][PASSED] - Element 'Object Repository/Sidebar Menu/Operasional/Stock/Stock View/Semua Kategori - Drop Down' is present

2018-01-19 11:09:25 - [TEST_STEP][PASSED] - tap: Tapped on element 'Object Repository/Sidebar Menu/Operasional/Stock/Stock View/Semua Kategori - Drop Down'

2018-01-19 11:09:25 - [MESSAGE][PASSED] - Tapped on element 'Object Repository/Sidebar Menu/Operasional/Stock/Stock View/Semua Kategori - Drop Down'

2018-01-19 11:09:25 - [TEST_STEP][PASSED] - tap: Tapped on element 'Object Repository/Sidebar Menu/Operasional/Stock/Stock View/List Kategori - Elemen 2'

2018-01-19 11:09:27 - [MESSAGE][PASSED] - Tapped on element 'Object Repository/Sidebar Menu/Operasional/Stock/Stock View/List Kategori - Elemen 2'

2018-01-19 11:09:27 - [TEST_STEP][PASSED] - tap: Tapped on element 'Object Repository/Sidebar Menu/Operasional/Stock/Stock View/Terapkan - Select Kategori'

2018-01-19 11:09:27 - [MESSAGE][PASSED] - Tapped on element 'Object Repository/Sidebar Menu/Operasional/Stock/Stock View/Terapkan - Select Kategori'

2018-01-19 11:09:27 - [TEST_STEP][PASSED] - tap: Tapped on element 'Object Repository/Sidebar Menu/Operasional/Stock/Stock View/Semua Kategori - Drop Down'

2018-01-19 11:09:28 - [MESSAGE][PASSED] - Tapped on element 'Object Repository/Sidebar Menu/Operasional/Stock/Stock View/Semua Kategori - Drop Down'

2018-01-19 11:09:28 - [TEST_STEP][PASSED] - scrollToText: Scrolling to text 'Makanan' successfully

2018-01-19 11:09:40 - [MESSAGE][PASSED] - Scrolling to text 'Makanan' successfully

2018-01-19 11:09:42 - [TEST_STEP][PASSED] - tap: Tapped on element 'Object Repository/Sidebar Menu/Operasional/Stock/Stock View/List Kategori - Elemen Makanan'

2018-01-19 11:09:42 - [MESSAGE][PASSED] - Tapped on element 'Object Repository/Sidebar Menu/Operasional/Stock/Stock View/List Kategori - Elemen Makanan'

2018-01-19 11:09:42 - [TEST_STEP][PASSED] - verifyElementNotChecked: Element 'Object Repository/Sidebar Menu/Operasional/Stock/Stock View/List Kategori - Elemen Makanan' is not checked

2018-01-19 11:09:42 - [MESSAGE][WARNING] - Timeout '0' is invalid. Using default page load timeout: '10'

2018-01-19 11:09:43 - [MESSAGE][PASSED] - Element 'Object Repository/Sidebar Menu/Operasional/Stock/Stock View/List Kategori - Elemen Makanan' is not checked

2018-01-19 11:09:43 - [TEST_STEP][PASSED] - tap: Tapped on element 'Object Repository/Sidebar Menu/Operasional/Stock/Stock View/Terapkan - Select Kategori'

2018-01-19 11:09:43 - [MESSAGE][PASSED] - Tapped on element 'Object Repository/Sidebar Menu/Operasional/Stock/Stock View/Terapkan - Select Kategori'

2018-01-19 11:09:43 - [TEST_STEP][PASSED] - waitForElementPresent: Element 'Object Repository/Sidebar Menu/Operasional/Stock/Stock View/Semua Kategori - Drop Down' is present

2018-01-19 11:09:46 - [MESSAGE][PASSED] - Element 'Object Repository/Sidebar Menu/Operasional/Stock/Stock View/Semua Kategori - Drop Down' is present

2018-01-19 11:09:46 - [TEST_STEP][PASSED] - tap: Tapped on element 'Object Repository/Sidebar Menu/Operasional/Stock/Stock View/Semua Kategori - Drop Down'

2018-01-19 11:09:46 - [MESSAGE][PASSED] - Tapped on element 'Object Repository/Sidebar Menu/Operasional/Stock/Stock View/Semua Kategori - Drop Down'

2018-01-19 11:09:46 - [TEST_STEP][PASSED] - tap: Tapped on element 'Object Repository/Sidebar Menu/Operasional/Stock/Stock View/Semua Kategori - Select Kategori'

2018-01-19 11:09:49 - [MESSAGE][PASSED] - Tapped on element 'Object Repository/Sidebar Menu/Operasional/Stock/Stock View/Semua Kategori - Select Kategori'

2018-01-19 11:09:49 - [TEST_STEP][PASSED] - tap: Tapped on element 'Object Repository/Sidebar Menu/Operasional/Stock/Stock View/Terapkan - Select Kategori'

2018-01-19 11:09:50 - [MESSAGE][PASSED] - Tapped on element 'Object Repository/Sidebar Menu/Operasional/Stock/Stock View/Terapkan - Select Kategori'

2018-01-19 11:09:50 - [TEST_STEP][PASSED] - tap: Tapped on element 'Object Repository/Sidebar Menu/Operasional/Stock/Stock View/Cari Produk - Parent'

2018-01-19 11:09:53 - [MESSAGE][PASSED] - Tapped on element 'Object Repository/Sidebar Menu/Operasional/Stock/Stock View/Cari Produk - Parent'

2018-01-19 11:09:53 - [TEST_STEP][PASSED] - setText: Text 'Jambu' has been set to element 'Object Repository/Sidebar Menu/Operasional/Stock/Stock View/Cari Produk - Parent'

2018-01-19 11:09:53 - [MESSAGE][WARNING] - Timeout '0' is invalid. Using default page load timeout: '10'

2018-01-19 11:10:06 - [MESSAGE][PASSED] - Text 'Jambu' has been set to element 'Object Repository/Sidebar Menu/Operasional/Stock/Stock View/Cari Produk - Parent'

2018-01-19 11:10:06 - [TEST_STEP][PASSED] - verifyElementNotChecked: Element 'Object Repository/Sidebar Menu/Operasional/Stock/Stock View/Cari Produk - Parent' is not checked

2018-01-19 11:10:10 - [MESSAGE][PASSED] - Element 'Object Repository/Sidebar Menu/Operasional/Stock/Stock View/Cari Produk - Parent' is not checked

2018-01-19 11:10:10 - [TEST_STEP][PASSED] - getText: Text of element 'Object Repository/Sidebar Menu/Operasional/Stock/Stock View/Cari Produk - Parent' is: 'Jambu'

2018-01-19 11:10:10 - [MESSAGE][PASSED] - Text of element 'Object Repository/Sidebar Menu/Operasional/Stock/Stock View/Cari Produk - Parent' is: 'Jambu'

2018-01-19 11:10:10 - [TEST_STEP][PASSED] - waitForElementPresent: Element 'Object Repository/Sidebar Menu/Operasional/Stock/Stock View/Cari Produk - Parent' is present

2018-01-19 11:10:11 - [MESSAGE][PASSED] - Element 'Object Repository/Sidebar Menu/Operasional/Stock/Stock View/Cari Produk - Parent' is present

2018-01-19 11:10:11 - [TEST_STEP][PASSED] - clearText: Element 'Object Repository/Sidebar Menu/Operasional/Stock/Stock View/Cari Produk - Parent' text is cleared

2018-01-19 11:10:14 - [MESSAGE][PASSED] - Element 'Object Repository/Sidebar Menu/Operasional/Stock/Stock View/Cari Produk - Parent' text is cleared

2018-01-19 11:10:15 - [TEST_STEP][PASSED] - tap: Tapped on element 'Object Repository/Sidebar Menu/Operasional/Stock/Stock View/Semua Kategori - Drop Down'

2018-01-19 11:10:17 - [MESSAGE][PASSED] - Tapped on element 'Object Repository/Sidebar Menu/Operasional/Stock/Stock View/Semua Kategori - Drop Down'

2018-01-19 11:10:17 - [TEST_STEP][PASSED] - scrollToText: Scrolling to text 'Makanan' successfully

2018-01-19 11:10:31 - [MESSAGE][PASSED] - Scrolling to text 'Makanan' successfully

2018-01-19 11:10:34 - [TEST_STEP][PASSED] - tap: Tapped on element 'Object Repository/Sidebar Menu/Operasional/Stock/Stock View/List Kategori - Elemen Makanan'

2018-01-19 11:10:35 - [MESSAGE][PASSED] - Tapped on element 'Object Repository/Sidebar Menu/Operasional/Stock/Stock View/List Kategori - Elemen Makanan'

2018-01-19 11:10:35 - [TEST_STEP][PASSED] - tap: Tapped on element 'Object Repository/Sidebar Menu/Operasional/Stock/Stock View/Terapkan - Select Kategori'

2018-01-19 11:10:36 - [MESSAGE][PASSED] - Tapped on element 'Object Repository/Sidebar Menu/Operasional/Stock/Stock View/Terapkan - Select Kategori'

2018-01-19 11:10:36 - [TEST_STEP][PASSED] - tap: Tapped on element 'Object Repository/Sidebar Menu/Operasional/Stock/Stock View/Cari Produk - Parent'

2018-01-19 11:10:38 - [MESSAGE][PASSED] - Tapped on element 'Object Repository/Sidebar Menu/Operasional/Stock/Stock View/Cari Produk - Parent'

2018-01-19 11:10:38 - [TEST_STEP][PASSED] - setText: Text 'Fifty Shades of Grey' has been set to element 'Object Repository/Sidebar Menu/Operasional/Stock/Stock View/Cari Produk - Parent'

2018-01-19 11:10:50 - [MESSAGE][PASSED] - Text 'Fifty Shades of Grey' has been set to element 'Object Repository/Sidebar Menu/Operasional/Stock/Stock View/Cari Produk - Parent'

2018-01-19 11:10:50 - [TEST_STEP][PASSED] - verifyElementNotChecked: Element 'Object Repository/Sidebar Menu/Operasional/Stock/Stock View/Cari Produk - Parent' is not checked

2018-01-19 11:10:53 - [MESSAGE][PASSED] - Element 'Object Repository/Sidebar Menu/Operasional/Stock/Stock View/Cari Produk - Parent' is not checked

2018-01-19 11:10:53 - [TEST_STEP][PASSED] - getText: Text of element 'Object Repository/Sidebar Menu/Operasional/Stock/Stock View/Cari Produk - Parent' is: 'Fifty Shades of Grey'

2018-01-19 11:10:54 - [MESSAGE][PASSED] - Text of element 'Object Repository/Sidebar Menu/Operasional/Stock/Stock View/Cari Produk - Parent' is: 'Fifty Shades of Grey'

2018-01-19 11:10:54 - [TEST_STEP][PASSED] - clearText: Element 'Object Repository/Sidebar Menu/Operasional/Stock/Stock View/Cari Produk - Parent' text is cleared

2018-01-19 11:10:58 - [MESSAGE][PASSED] - Element 'Object Repository/Sidebar Menu/Operasional/Stock/Stock View/Cari Produk - Parent' text is cleared

2018-01-19 11:10:58 - [TEST_STEP][PASSED] - tap: Tapped on element 'Object Repository/Sidebar Menu/Operasional/Stock/Stock View/Semua Kategori - Drop Down'

2018-01-19 11:11:01 - [MESSAGE][PASSED] - Tapped on element 'Object Repository/Sidebar Menu/Operasional/Stock/Stock View/Semua Kategori - Drop Down'

2018-01-19 11:11:01 - [TEST_STEP][PASSED] - tap: Tapped on element 'Object Repository/Sidebar Menu/Operasional/Stock/Stock View/Semua Kategori - Select Kategori'

2018-01-19 11:11:03 - [MESSAGE][PASSED] - Tapped on element 'Object Repository/Sidebar Menu/Operasional/Stock/Stock View/Semua Kategori - Select Kategori'

2018-01-19 11:11:03 - [TEST_STEP][PASSED] - tap: Tapped on element 'Object Repository/Sidebar Menu/Operasional/Stock/Stock View/Terapkan - Select Kategori'

2018-01-19 11:11:03 - [MESSAGE][PASSED] - Tapped on element 'Object Repository/Sidebar Menu/Operasional/Stock/Stock View/Terapkan - Select Kategori'

2018-01-19 11:11:03 - [TEST_STEP][PASSED] - tap: Tapped on element 'Object Repository/Sidebar Menu/Operasional/Stock/Stock View/Cari Produk - Parent'

2018-01-19 11:11:06 - [MESSAGE][PASSED] - Tapped on element 'Object Repository/Sidebar Menu/Operasional/Stock/Stock View/Cari Produk - Parent'

2018-01-19 11:11:06 - [TEST_STEP][PASSED] - setText: Text 'app' has been set to element 'Object Repository/Sidebar Menu/Operasional/Stock/Stock View/Cari Produk - Parent'

2018-01-19 11:11:21 - [MESSAGE][PASSED] - Text 'app' has been set to element 'Object Repository/Sidebar Menu/Operasional/Stock/Stock View/Cari Produk - Parent'

2018-01-19 11:11:21 - [TEST_STEP][PASSED] - verifyElementNotChecked: Element 'Object Repository/Sidebar Menu/Operasional/Stock/Stock View/Cari Produk - Parent' is not checked

2018-01-19 11:11:21 - [MESSAGE][WARNING] - Timeout '0' is invalid. Using default page load timeout: '10'

2018-01-19 11:11:25 - [MESSAGE][PASSED] - Element 'Object Repository/Sidebar Menu/Operasional/Stock/Stock View/Cari Produk - Parent' is not checked

2018-01-19 11:11:25 - [TEST_STEP][PASSED] - getText: Text of element 'Object Repository/Sidebar Menu/Operasional/Stock/Stock View/Cari Produk - Parent' is: 'app'

2018-01-19 11:11:25 - [MESSAGE][PASSED] - Text of element 'Object Repository/Sidebar Menu/Operasional/Stock/Stock View/Cari Produk - Parent' is: 'app'

2018-01-19 11:11:25 - [TEST_STEP][PASSED] - clearText: Element 'Object Repository/Sidebar Menu/Operasional/Stock/Stock View/Cari Produk - Parent' text is cleared

2018-01-19 11:11:29 - [MESSAGE][PASSED] - Element 'Object Repository/Sidebar Menu/Operasional/Stock/Stock View/Cari Produk - Parent' text is cleared

2018-01-19 11:11:29 - [TEST_STEP][PASSED] - setText: Text 'ap' has been set to element 'Object Repository/Sidebar Menu/Operasional/Stock/Stock View/Cari Produk - Parent'

2018-01-19 11:11:41 - [MESSAGE][PASSED] - Text 'ap' has been set to element 'Object Repository/Sidebar Menu/Operasional/Stock/Stock View/Cari Produk - Parent'

2018-01-19 11:11:41 - [TEST_STEP][PASSED] - getText: Text of element 'Object Repository/Sidebar Menu/Operasional/Stock/Stock View/Cari Produk - Parent' is: 'ap'

2018-01-19 11:11:44 - [MESSAGE][PASSED] - Text of element 'Object Repository/Sidebar Menu/Operasional/Stock/Stock View/Cari Produk - Parent' is: 'ap'

2018-01-19 11:11:44 - [TEST_STEP][PASSED] - verifyElementNotChecked: Element 'Object Repository/Sidebar Menu/Operasional/Stock/Stock View/Cari Produk - Parent' is not checked

2018-01-19 11:11:44 - [MESSAGE][WARNING] - Timeout '0' is invalid. Using default page load timeout: '10'

2018-01-19 11:11:45 - [MESSAGE][PASSED] - Element 'Object Repository/Sidebar Menu/Operasional/Stock/Stock View/Cari Produk - Parent' is not checked

2018-01-19 11:11:45 - [TEST_STEP][PASSED] - clearText: Element 'Object Repository/Sidebar Menu/Operasional/Stock/Stock View/Cari Produk - Parent' text is cleared

2018-01-19 11:11:48 - [MESSAGE][PASSED] - Element 'Object Repository/Sidebar Menu/Operasional/Stock/Stock View/Cari Produk - Parent' text is cleared

2018-01-19 11:11:48 - [TEST_STEP][PASSED] - setText: Text 'Rujak' has been set to element 'Object Repository/Sidebar Menu/Operasional/Stock/Stock View/Cari Produk - Parent'

2018-01-19 11:12:01 - [MESSAGE][PASSED] - Text 'Rujak' has been set to element 'Object Repository/Sidebar Menu/Operasional/Stock/Stock View/Cari Produk - Parent'

2018-01-19 11:12:01 - [TEST_STEP][PASSED] - verifyElementNotChecked: Element 'Object Repository/Sidebar Menu/Operasional/Stock/Stock View/Cari Produk - Parent' is not checked

2018-01-19 11:12:01 - [MESSAGE][WARNING] - Timeout '0' is invalid. Using default page load timeout: '10'

2018-01-19 11:12:04 - [MESSAGE][PASSED] - Element 'Object Repository/Sidebar Menu/Operasional/Stock/Stock View/Cari Produk - Parent' is not checked

2018-01-19 11:12:04 - [TEST_STEP][PASSED] - getText: Text of element 'Object Repository/Sidebar Menu/Operasional/Stock/Stock View/Cari Produk - Parent' is: 'Rujak'

2018-01-19 11:12:05 - [MESSAGE][PASSED] - Text of element 'Object Repository/Sidebar Menu/Operasional/Stock/Stock View/Cari Produk - Parent' is: 'Rujak'

2018-01-19 11:12:05 - [TEST_STEP][PASSED] - clearText: Element 'Object Repository/Sidebar Menu/Operasional/Stock/Stock View/Cari Produk - Parent' text is cleared

2018-01-19 11:12:09 - [MESSAGE][PASSED] - Element 'Object Repository/Sidebar Menu/Operasional/Stock/Stock View/Cari Produk - Parent' text is cleared

2018-01-19 11:12:09 - [TEST_STEP][PASSED] - tap: Tapped on element 'Object Repository/Sidebar Menu/Operasional/Stock/Stock View/Semua Kategori - Drop Down'

2018-01-19 11:12:12 - [MESSAGE][PASSED] - Tapped on element 'Object Repository/Sidebar Menu/Operasional/Stock/Stock View/Semua Kategori - Drop Down'

2018-01-19 11:12:12 - [TEST_STEP][PASSED] - swipe: Swiped from 120,1,178 to 120,611

2018-01-19 11:12:17 - [MESSAGE][PASSED] - Swiped from 120,1,178 to 120,611

2018-01-19 11:12:19 - [TEST_STEP][PASSED] - swipe: Swiped from 120,611 to 120,1,178

2018-01-19 11:12:24 - [MESSAGE][PASSED] - Swiped from 120,611 to 120,1,178

2018-01-19 11:12:26 - [TEST_STEP][PASSED] - tap: Tapped on element 'Object Repository/Sidebar Menu/Operasional/Stock/Stock View/Terapkan - Select Kategori'

2018-01-19 11:12:26 - [MESSAGE][PASSED] - Tapped on element 'Object Repository/Sidebar Menu/Operasional/Stock/Stock View/Terapkan - Select Kategori'

2018-01-19 11:12:26 - [TEST_STEP][PASSED] - Statement - For (def index : (0..3)): Swiped from 0,1,449 to 0,720

2018-01-19 11:12:26 - [TEST_STEP][PASSED] - swipe: Swiped from 0,1,449 to 0,720

2018-01-19 11:12:31 - [MESSAGE][PASSED] - Swiped from 0,1,449 to 0,720

2018-01-19 11:12:34 - [TEST_STEP][PASSED] - swipe: Swiped from 0,1,449 to 0,720

2018-01-19 11:12:38 - [MESSAGE][PASSED] - Swiped from 0,1,449 to 0,720

2018-01-19 11:12:41 - [TEST_STEP][PASSED] - swipe: Swiped from 0,1,449 to 0,720

2018-01-19 11:12:45 - [MESSAGE][PASSED] - Swiped from 0,1,449 to 0,720

2018-01-19 11:12:47 - [TEST_STEP][PASSED] - swipe: Swiped from 0,1,449 to 0,720

2018-01-19 11:12:52 - [MESSAGE][PASSED] - Swiped from 0,1,449 to 0,720

2018-01-19 11:12:56 - [TEST_STEP][PASSED] - comment: End Story 26]]></system-out>
         <system-err><![CDATA[]]></system-err>
      </testcase>
      <testcase name="Test Cases/35 - TC-All" classname="Test Cases/35 - TC-All" status="FAILED">
         <failure type="FAILED" message="Unable to scroll to text 'Makanan' (Root cause: org.openqa.selenium.NoSuchElementException: An element could not be located on the page using the given search parameters. (WARNING: The server did not provide any stacktrace information)
Command duration or timeout: 1.45 seconds
For documentation on this error, please visit: http://seleniumhq.org/exceptions/no_such_element.html
Build info: version: '2.53.0', revision: '35ae25b', time: '2016-03-15 17:00:58'
System info: host: 'NB17Q7U8IT', ip: '192.168.120.203', os.name: 'Windows 10', os.arch: 'amd64', os.version: '10.0', java.version: '1.8.0_102'
Driver info: com.kms.katalon.core.appium.driver.SwipeableAndroidDriver
Capabilities [{appPackage=com.btpn.jeniuspro.dev, noReset=true, property_2=, property_1=, deviceName=MVAQIBSCS8LN6TQW, fullReset=false, platform=ANDROID, deviceUDID=MVAQIBSCS8LN6TQW, desired={app=D:\Project Apollo\APK Appolo\Sprint 5 v-7.apk, noReset=true, property_2=, newCommandTimeout=1800, property=, autoGrantPermissions=true, property_1=, udid=MVAQIBSCS8LN6TQW, platformName=Android, deviceName=Xiaomi Redmi Note 3 5.0.2, fullReset=false, platform=ANDROID}, newCommandTimeout=1800, platformVersion=5.0.2, webStorageEnabled=false, property=, takesScreenshot=true, javascriptEnabled=true, udid=MVAQIBSCS8LN6TQW, platformName=Android, deviceManufacturer=Xiaomi, app=D:\Project Apollo\APK Appolo\Sprint 5 v-7.apk, deviceScreenSize=1080x1920, networkConnectionEnabled=true, warnings={}, appWaitPackage=com.btpn.jeniuspro.dev, appWaitActivity=com.btpn_mpos_rn.MainActivity, databaseEnabled=false, appActivity=com.btpn_mpos_rn.MainActivity, locationContextEnabled=false, autoGrantPermissions=true, deviceModel=Redmi Note 3}]
Session ID: 619825f3-38b7-4d22-9d21-ff66e732fbe6
*** Element info: {Using=-android uiautomator, value=new UiScrollable(new UiSelector().scrollable(true).instance(0)).scrollIntoView(new UiSelector().description(&quot;Makanan&quot;).instance(0));new UiScrollable(new UiSelector().scrollable(true).instance(0)).scrollIntoView(new UiSelector().text(&quot;Makanan&quot;).instance(0));})"/>
         <system-out><![CDATA[2018-01-19 11:12:56 - [TEST_CASE][FAILED] - Test Cases/35 - TC-All: Test Cases/35 - TC-All FAILED because (of) Unable to scroll to text 'Makanan' (Root cause: org.openqa.selenium.NoSuchElementException: An element could not be located on the page using the given search parameters. (WARNING: The server did not provide any stacktrace information)
Command duration or timeout: 1.45 seconds
For documentation on this error, please visit: http://seleniumhq.org/exceptions/no_such_element.html
Build info: version: '2.53.0', revision: '35ae25b', time: '2016-03-15 17:00:58'
System info: host: 'NB17Q7U8IT', ip: '192.168.120.203', os.name: 'Windows 10', os.arch: 'amd64', os.version: '10.0', java.version: '1.8.0_102'
Driver info: com.kms.katalon.core.appium.driver.SwipeableAndroidDriver
Capabilities [{appPackage=com.btpn.jeniuspro.dev, noReset=true, property_2=, property_1=, deviceName=MVAQIBSCS8LN6TQW, fullReset=false, platform=ANDROID, deviceUDID=MVAQIBSCS8LN6TQW, desired={app=D:\Project Apollo\APK Appolo\Sprint 5 v-7.apk, noReset=true, property_2=, newCommandTimeout=1800, property=, autoGrantPermissions=true, property_1=, udid=MVAQIBSCS8LN6TQW, platformName=Android, deviceName=Xiaomi Redmi Note 3 5.0.2, fullReset=false, platform=ANDROID}, newCommandTimeout=1800, platformVersion=5.0.2, webStorageEnabled=false, property=, takesScreenshot=true, javascriptEnabled=true, udid=MVAQIBSCS8LN6TQW, platformName=Android, deviceManufacturer=Xiaomi, app=D:\Project Apollo\APK Appolo\Sprint 5 v-7.apk, deviceScreenSize=1080x1920, networkConnectionEnabled=true, warnings={}, appWaitPackage=com.btpn.jeniuspro.dev, appWaitActivity=com.btpn_mpos_rn.MainActivity, databaseEnabled=false, appActivity=com.btpn_mpos_rn.MainActivity, locationContextEnabled=false, autoGrantPermissions=true, deviceModel=Redmi Note 3}]
Session ID: 619825f3-38b7-4d22-9d21-ff66e732fbe6
*** Element info: {Using=-android uiautomator, value=new UiScrollable(new UiSelector().scrollable(true).instance(0)).scrollIntoView(new UiSelector().description("Makanan").instance(0));new UiScrollable(new UiSelector().scrollable(true).instance(0)).scrollIntoView(new UiSelector().text("Makanan").instance(0));})

2018-01-19 11:12:56 - [TEST_STEP][PASSED] - comment: Start Story 35

2018-01-19 11:12:56 - [TEST_STEP][PASSED] - tap: Tapped on element 'Object Repository/Sidebar Menu/Operasional/Stock/Tambah Barang/Tambah Barang Button'

2018-01-19 11:12:58 - [MESSAGE][PASSED] - Tapped on element 'Object Repository/Sidebar Menu/Operasional/Stock/Tambah Barang/Tambah Barang Button'

2018-01-19 11:12:58 - [TEST_STEP][PASSED] - Statement - For (def index : (0..5)): Tapped on element 'Object Repository/Sidebar Menu/Operasional/Stock/Tambah Barang/Minus Tap - Jumlah Stock'

2018-01-19 11:12:58 - [TEST_STEP][PASSED] - tap: Tapped on element 'Object Repository/Sidebar Menu/Operasional/Stock/Tambah Barang/Minus Tap - Jumlah Stock'

2018-01-19 11:13:01 - [MESSAGE][PASSED] - Tapped on element 'Object Repository/Sidebar Menu/Operasional/Stock/Tambah Barang/Minus Tap - Jumlah Stock'

2018-01-19 11:13:01 - [TEST_STEP][PASSED] - tap: Tapped on element 'Object Repository/Sidebar Menu/Operasional/Stock/Tambah Barang/Minus Tap - Jumlah Stock'

2018-01-19 11:13:04 - [MESSAGE][PASSED] - Tapped on element 'Object Repository/Sidebar Menu/Operasional/Stock/Tambah Barang/Minus Tap - Jumlah Stock'

2018-01-19 11:13:04 - [TEST_STEP][PASSED] - tap: Tapped on element 'Object Repository/Sidebar Menu/Operasional/Stock/Tambah Barang/Minus Tap - Jumlah Stock'

2018-01-19 11:13:06 - [MESSAGE][PASSED] - Tapped on element 'Object Repository/Sidebar Menu/Operasional/Stock/Tambah Barang/Minus Tap - Jumlah Stock'

2018-01-19 11:13:06 - [TEST_STEP][PASSED] - tap: Tapped on element 'Object Repository/Sidebar Menu/Operasional/Stock/Tambah Barang/Minus Tap - Jumlah Stock'

2018-01-19 11:13:09 - [MESSAGE][PASSED] - Tapped on element 'Object Repository/Sidebar Menu/Operasional/Stock/Tambah Barang/Minus Tap - Jumlah Stock'

2018-01-19 11:13:09 - [TEST_STEP][PASSED] - tap: Tapped on element 'Object Repository/Sidebar Menu/Operasional/Stock/Tambah Barang/Minus Tap - Jumlah Stock'

2018-01-19 11:13:12 - [MESSAGE][PASSED] - Tapped on element 'Object Repository/Sidebar Menu/Operasional/Stock/Tambah Barang/Minus Tap - Jumlah Stock'

2018-01-19 11:13:12 - [TEST_STEP][PASSED] - tap: Tapped on element 'Object Repository/Sidebar Menu/Operasional/Stock/Tambah Barang/Minus Tap - Jumlah Stock'

2018-01-19 11:13:14 - [MESSAGE][PASSED] - Tapped on element 'Object Repository/Sidebar Menu/Operasional/Stock/Tambah Barang/Minus Tap - Jumlah Stock'

2018-01-19 11:13:14 - [TEST_STEP][PASSED] - Statement - For (def index : (0..10)): Tapped on element 'Object Repository/Sidebar Menu/Operasional/Stock/Tambah Barang/PlusTap - JumlaH Stock'

2018-01-19 11:13:14 - [TEST_STEP][PASSED] - tap: Tapped on element 'Object Repository/Sidebar Menu/Operasional/Stock/Tambah Barang/PlusTap - JumlaH Stock'

2018-01-19 11:13:16 - [MESSAGE][PASSED] - Tapped on element 'Object Repository/Sidebar Menu/Operasional/Stock/Tambah Barang/PlusTap - JumlaH Stock'

2018-01-19 11:13:16 - [TEST_STEP][PASSED] - tap: Tapped on element 'Object Repository/Sidebar Menu/Operasional/Stock/Tambah Barang/PlusTap - JumlaH Stock'

2018-01-19 11:13:18 - [MESSAGE][PASSED] - Tapped on element 'Object Repository/Sidebar Menu/Operasional/Stock/Tambah Barang/PlusTap - JumlaH Stock'

2018-01-19 11:13:18 - [TEST_STEP][PASSED] - tap: Tapped on element 'Object Repository/Sidebar Menu/Operasional/Stock/Tambah Barang/PlusTap - JumlaH Stock'

2018-01-19 11:13:20 - [MESSAGE][PASSED] - Tapped on element 'Object Repository/Sidebar Menu/Operasional/Stock/Tambah Barang/PlusTap - JumlaH Stock'

2018-01-19 11:13:20 - [TEST_STEP][PASSED] - tap: Tapped on element 'Object Repository/Sidebar Menu/Operasional/Stock/Tambah Barang/PlusTap - JumlaH Stock'

2018-01-19 11:13:23 - [MESSAGE][PASSED] - Tapped on element 'Object Repository/Sidebar Menu/Operasional/Stock/Tambah Barang/PlusTap - JumlaH Stock'

2018-01-19 11:13:23 - [TEST_STEP][PASSED] - tap: Tapped on element 'Object Repository/Sidebar Menu/Operasional/Stock/Tambah Barang/PlusTap - JumlaH Stock'

2018-01-19 11:13:25 - [MESSAGE][PASSED] - Tapped on element 'Object Repository/Sidebar Menu/Operasional/Stock/Tambah Barang/PlusTap - JumlaH Stock'

2018-01-19 11:13:25 - [TEST_STEP][PASSED] - tap: Tapped on element 'Object Repository/Sidebar Menu/Operasional/Stock/Tambah Barang/PlusTap - JumlaH Stock'

2018-01-19 11:13:28 - [MESSAGE][PASSED] - Tapped on element 'Object Repository/Sidebar Menu/Operasional/Stock/Tambah Barang/PlusTap - JumlaH Stock'

2018-01-19 11:13:28 - [TEST_STEP][PASSED] - tap: Tapped on element 'Object Repository/Sidebar Menu/Operasional/Stock/Tambah Barang/PlusTap - JumlaH Stock'

2018-01-19 11:13:31 - [MESSAGE][PASSED] - Tapped on element 'Object Repository/Sidebar Menu/Operasional/Stock/Tambah Barang/PlusTap - JumlaH Stock'

2018-01-19 11:13:31 - [TEST_STEP][PASSED] - tap: Tapped on element 'Object Repository/Sidebar Menu/Operasional/Stock/Tambah Barang/PlusTap - JumlaH Stock'

2018-01-19 11:13:33 - [MESSAGE][PASSED] - Tapped on element 'Object Repository/Sidebar Menu/Operasional/Stock/Tambah Barang/PlusTap - JumlaH Stock'

2018-01-19 11:13:33 - [TEST_STEP][PASSED] - tap: Tapped on element 'Object Repository/Sidebar Menu/Operasional/Stock/Tambah Barang/PlusTap - JumlaH Stock'

2018-01-19 11:13:35 - [MESSAGE][PASSED] - Tapped on element 'Object Repository/Sidebar Menu/Operasional/Stock/Tambah Barang/PlusTap - JumlaH Stock'

2018-01-19 11:13:35 - [TEST_STEP][PASSED] - tap: Tapped on element 'Object Repository/Sidebar Menu/Operasional/Stock/Tambah Barang/PlusTap - JumlaH Stock'

2018-01-19 11:13:37 - [MESSAGE][PASSED] - Tapped on element 'Object Repository/Sidebar Menu/Operasional/Stock/Tambah Barang/PlusTap - JumlaH Stock'

2018-01-19 11:13:37 - [TEST_STEP][PASSED] - tap: Tapped on element 'Object Repository/Sidebar Menu/Operasional/Stock/Tambah Barang/PlusTap - JumlaH Stock'

2018-01-19 11:13:39 - [MESSAGE][PASSED] - Tapped on element 'Object Repository/Sidebar Menu/Operasional/Stock/Tambah Barang/PlusTap - JumlaH Stock'

2018-01-19 11:13:39 - [TEST_STEP][PASSED] - tap: Tapped on element 'Object Repository/Sidebar Menu/Operasional/Stock/Tambah Barang/Jumlah Stock - by typing'

2018-01-19 11:13:41 - [MESSAGE][PASSED] - Tapped on element 'Object Repository/Sidebar Menu/Operasional/Stock/Tambah Barang/Jumlah Stock - by typing'

2018-01-19 11:13:41 - [TEST_STEP][PASSED] - setText: Text '123' has been set to element 'Object Repository/Sidebar Menu/Operasional/Stock/Tambah Barang/Jumlah Stock - by typing'

2018-01-19 11:13:55 - [MESSAGE][PASSED] - Text '123' has been set to element 'Object Repository/Sidebar Menu/Operasional/Stock/Tambah Barang/Jumlah Stock - by typing'

2018-01-19 11:13:55 - [TEST_STEP][PASSED] - clearText: Element 'Object Repository/Sidebar Menu/Operasional/Stock/Tambah Barang/Jumlah Stock - by typing' text is cleared

2018-01-19 11:14:01 - [MESSAGE][PASSED] - Element 'Object Repository/Sidebar Menu/Operasional/Stock/Tambah Barang/Jumlah Stock - by typing' text is cleared

2018-01-19 11:14:01 - [TEST_STEP][PASSED] - sendKeys: Send keys '1.2' on test object 'Object Repository/Sidebar Menu/Operasional/Stock/Tambah Barang/Jumlah Stock - by typing' successfully.

2018-01-19 11:14:38 - [MESSAGE][PASSED] - Send keys '1.2' on test object 'Object Repository/Sidebar Menu/Operasional/Stock/Tambah Barang/Jumlah Stock - by typing' successfully.

2018-01-19 11:14:38 - [TEST_STEP][PASSED] - hideKeyboard: Keyboard is hidden

2018-01-19 11:14:46 - [MESSAGE][PASSED] - Keyboard is hidden

2018-01-19 11:14:48 - [TEST_STEP][PASSED] - tap: Tapped on element 'Object Repository/Sidebar Menu/Operasional/Stock/Tambah Barang/Nama Barang - Text Box'

2018-01-19 11:14:49 - [MESSAGE][PASSED] - Tapped on element 'Object Repository/Sidebar Menu/Operasional/Stock/Tambah Barang/Nama Barang - Text Box'

2018-01-19 11:14:49 - [TEST_STEP][PASSED] - setText: Text 'Sirup Sarang Tawon' has been set to element 'Object Repository/Sidebar Menu/Operasional/Stock/Tambah Barang/Nama Barang - Text Box'

2018-01-19 11:15:03 - [MESSAGE][PASSED] - Text 'Sirup Sarang Tawon' has been set to element 'Object Repository/Sidebar Menu/Operasional/Stock/Tambah Barang/Nama Barang - Text Box'

2018-01-19 11:15:03 - [TEST_STEP][PASSED] - verifyElementText: Actual text and expected text of test object 'Object Repository/Sidebar Menu/Operasional/Stock/Tambah Barang/Nama Barang - Text Box' are matched.

2018-01-19 11:15:06 - [MESSAGE][PASSED] - Actual text and expected text of test object 'Object Repository/Sidebar Menu/Operasional/Stock/Tambah Barang/Nama Barang - Text Box' are matched.

2018-01-19 11:15:06 - [TEST_STEP][PASSED] - Statement - For (def index : (0..1)): Swiped from 0,422 to 0,122

2018-01-19 11:15:06 - [TEST_STEP][PASSED] - swipe: Swiped from 0,422 to 0,122

2018-01-19 11:15:10 - [MESSAGE][PASSED] - Swiped from 0,422 to 0,122

2018-01-19 11:15:13 - [TEST_STEP][PASSED] - swipe: Swiped from 0,422 to 0,122

2018-01-19 11:15:17 - [MESSAGE][PASSED] - Swiped from 0,422 to 0,122

2018-01-19 11:15:20 - [TEST_STEP][PASSED] - pressBack: Press back button successfully

2018-01-19 11:15:29 - [MESSAGE][PASSED] - Press back button successfully

2018-01-19 11:15:29 - [TEST_STEP][PASSED] - waitForElementPresent: Element 'Object Repository/Sidebar Menu/Operasional/Stock/Tambah Barang/Pilih Kategori - SelectButton' is present

2018-01-19 11:15:30 - [MESSAGE][PASSED] - Element 'Object Repository/Sidebar Menu/Operasional/Stock/Tambah Barang/Pilih Kategori - SelectButton' is present

2018-01-19 11:15:30 - [TEST_STEP][PASSED] - tap: Tapped on element 'Object Repository/Sidebar Menu/Operasional/Stock/Tambah Barang/Pilih Kategori - SelectButton'

2018-01-19 11:15:33 - [MESSAGE][PASSED] - Tapped on element 'Object Repository/Sidebar Menu/Operasional/Stock/Tambah Barang/Pilih Kategori - SelectButton'

2018-01-19 11:15:33 - [TEST_STEP][PASSED] - tap: Tapped on element 'Object Repository/Sidebar Menu/Operasional/Stock/Tambah Barang/Pilih Kategori - SelectButton'

2018-01-19 11:15:35 - [MESSAGE][PASSED] - Tapped on element 'Object Repository/Sidebar Menu/Operasional/Stock/Tambah Barang/Pilih Kategori - SelectButton'

2018-01-19 11:15:35 - [TEST_STEP][FAILED] - scrollToText: Unable to scroll to text 'Makanan' (Root cause: org.openqa.selenium.NoSuchElementException: An element could not be located on the page using the given search parameters. (WARNING: The server did not provide any stacktrace information)
Command duration or timeout: 1.45 seconds
For documentation on this error, please visit: http://seleniumhq.org/exceptions/no_such_element.html
Build info: version: '2.53.0', revision: '35ae25b', time: '2016-03-15 17:00:58'
System info: host: 'NB17Q7U8IT', ip: '192.168.120.203', os.name: 'Windows 10', os.arch: 'amd64', os.version: '10.0', java.version: '1.8.0_102'
Driver info: com.kms.katalon.core.appium.driver.SwipeableAndroidDriver
Capabilities [{appPackage=com.btpn.jeniuspro.dev, noReset=true, property_2=, property_1=, deviceName=MVAQIBSCS8LN6TQW, fullReset=false, platform=ANDROID, deviceUDID=MVAQIBSCS8LN6TQW, desired={app=D:\Project Apollo\APK Appolo\Sprint 5 v-7.apk, noReset=true, property_2=, newCommandTimeout=1800, property=, autoGrantPermissions=true, property_1=, udid=MVAQIBSCS8LN6TQW, platformName=Android, deviceName=Xiaomi Redmi Note 3 5.0.2, fullReset=false, platform=ANDROID}, newCommandTimeout=1800, platformVersion=5.0.2, webStorageEnabled=false, property=, takesScreenshot=true, javascriptEnabled=true, udid=MVAQIBSCS8LN6TQW, platformName=Android, deviceManufacturer=Xiaomi, app=D:\Project Apollo\APK Appolo\Sprint 5 v-7.apk, deviceScreenSize=1080x1920, networkConnectionEnabled=true, warnings={}, appWaitPackage=com.btpn.jeniuspro.dev, appWaitActivity=com.btpn_mpos_rn.MainActivity, databaseEnabled=false, appActivity=com.btpn_mpos_rn.MainActivity, locationContextEnabled=false, autoGrantPermissions=true, deviceModel=Redmi Note 3}]
Session ID: 619825f3-38b7-4d22-9d21-ff66e732fbe6
*** Element info: {Using=-android uiautomator, value=new UiScrollable(new UiSelector().scrollable(true).instance(0)).scrollIntoView(new UiSelector().description("Makanan").instance(0));new UiScrollable(new UiSelector().scrollable(true).instance(0)).scrollIntoView(new UiSelector().text("Makanan").instance(0));})

2018-01-19 11:15:43 - [MESSAGE][FAILED] - Unable to scroll to text 'Makanan' (Root cause: org.openqa.selenium.NoSuchElementException: An element could not be located on the page using the given search parameters. (WARNING: The server did not provide any stacktrace information)
Command duration or timeout: 1.45 seconds
For documentation on this error, please visit: http://seleniumhq.org/exceptions/no_such_element.html
Build info: version: '2.53.0', revision: '35ae25b', time: '2016-03-15 17:00:58'
System info: host: 'NB17Q7U8IT', ip: '192.168.120.203', os.name: 'Windows 10', os.arch: 'amd64', os.version: '10.0', java.version: '1.8.0_102'
Driver info: com.kms.katalon.core.appium.driver.SwipeableAndroidDriver
Capabilities [{appPackage=com.btpn.jeniuspro.dev, noReset=true, property_2=, property_1=, deviceName=MVAQIBSCS8LN6TQW, fullReset=false, platform=ANDROID, deviceUDID=MVAQIBSCS8LN6TQW, desired={app=D:\Project Apollo\APK Appolo\Sprint 5 v-7.apk, noReset=true, property_2=, newCommandTimeout=1800, property=, autoGrantPermissions=true, property_1=, udid=MVAQIBSCS8LN6TQW, platformName=Android, deviceName=Xiaomi Redmi Note 3 5.0.2, fullReset=false, platform=ANDROID}, newCommandTimeout=1800, platformVersion=5.0.2, webStorageEnabled=false, property=, takesScreenshot=true, javascriptEnabled=true, udid=MVAQIBSCS8LN6TQW, platformName=Android, deviceManufacturer=Xiaomi, app=D:\Project Apollo\APK Appolo\Sprint 5 v-7.apk, deviceScreenSize=1080x1920, networkConnectionEnabled=true, warnings={}, appWaitPackage=com.btpn.jeniuspro.dev, appWaitActivity=com.btpn_mpos_rn.MainActivity, databaseEnabled=false, appActivity=com.btpn_mpos_rn.MainActivity, locationContextEnabled=false, autoGrantPermissions=true, deviceModel=Redmi Note 3}]
Session ID: 619825f3-38b7-4d22-9d21-ff66e732fbe6
*** Element info: {Using=-android uiautomator, value=new UiScrollable(new UiSelector().scrollable(true).instance(0)).scrollIntoView(new UiSelector().description("Makanan").instance(0));new UiScrollable(new UiSelector().scrollable(true).instance(0)).scrollIntoView(new UiSelector().text("Makanan").instance(0));})]]></system-out>
         <system-err><![CDATA[2018-01-19 11:12:56 - [TEST_CASE][FAILED] - Test Cases/35 - TC-All: Test Cases/35 - TC-All FAILED because (of) Unable to scroll to text 'Makanan' (Root cause: org.openqa.selenium.NoSuchElementException: An element could not be located on the page using the given search parameters. (WARNING: The server did not provide any stacktrace information)
Command duration or timeout: 1.45 seconds
For documentation on this error, please visit: http://seleniumhq.org/exceptions/no_such_element.html
Build info: version: '2.53.0', revision: '35ae25b', time: '2016-03-15 17:00:58'
System info: host: 'NB17Q7U8IT', ip: '192.168.120.203', os.name: 'Windows 10', os.arch: 'amd64', os.version: '10.0', java.version: '1.8.0_102'
Driver info: com.kms.katalon.core.appium.driver.SwipeableAndroidDriver
Capabilities [{appPackage=com.btpn.jeniuspro.dev, noReset=true, property_2=, property_1=, deviceName=MVAQIBSCS8LN6TQW, fullReset=false, platform=ANDROID, deviceUDID=MVAQIBSCS8LN6TQW, desired={app=D:\Project Apollo\APK Appolo\Sprint 5 v-7.apk, noReset=true, property_2=, newCommandTimeout=1800, property=, autoGrantPermissions=true, property_1=, udid=MVAQIBSCS8LN6TQW, platformName=Android, deviceName=Xiaomi Redmi Note 3 5.0.2, fullReset=false, platform=ANDROID}, newCommandTimeout=1800, platformVersion=5.0.2, webStorageEnabled=false, property=, takesScreenshot=true, javascriptEnabled=true, udid=MVAQIBSCS8LN6TQW, platformName=Android, deviceManufacturer=Xiaomi, app=D:\Project Apollo\APK Appolo\Sprint 5 v-7.apk, deviceScreenSize=1080x1920, networkConnectionEnabled=true, warnings={}, appWaitPackage=com.btpn.jeniuspro.dev, appWaitActivity=com.btpn_mpos_rn.MainActivity, databaseEnabled=false, appActivity=com.btpn_mpos_rn.MainActivity, locationContextEnabled=false, autoGrantPermissions=true, deviceModel=Redmi Note 3}]
Session ID: 619825f3-38b7-4d22-9d21-ff66e732fbe6
*** Element info: {Using=-android uiautomator, value=new UiScrollable(new UiSelector().scrollable(true).instance(0)).scrollIntoView(new UiSelector().description("Makanan").instance(0));new UiScrollable(new UiSelector().scrollable(true).instance(0)).scrollIntoView(new UiSelector().text("Makanan").instance(0));})]]></system-err>
      </testcase>
      <testcase name="Test Cases/27 - TC - All" classname="Test Cases/27 - TC - All" status="FAILED">
         <failure type="FAILED" message="Cannot swipe on device. (Root cause: org.openqa.selenium.WebDriverException: An unknown server-side error occurred while processing the command. (WARNING: The server did not provide any stacktrace information)
Command duration or timeout: 117 milliseconds
Build info: version: '2.53.0', revision: '35ae25b', time: '2016-03-15 17:00:58'
System info: host: 'NB17Q7U8IT', ip: '192.168.120.203', os.name: 'Windows 10', os.arch: 'amd64', os.version: '10.0', java.version: '1.8.0_102'
Driver info: com.kms.katalon.core.appium.driver.SwipeableAndroidDriver
Capabilities [{appPackage=com.btpn.jeniuspro.dev, noReset=true, property_2=, property_1=, deviceName=MVAQIBSCS8LN6TQW, fullReset=false, platform=ANDROID, deviceUDID=MVAQIBSCS8LN6TQW, desired={app=D:\Project Apollo\APK Appolo\Sprint 5 v-7.apk, noReset=true, property_2=, newCommandTimeout=1800, property=, autoGrantPermissions=true, property_1=, udid=MVAQIBSCS8LN6TQW, platformName=Android, deviceName=Xiaomi Redmi Note 3 5.0.2, fullReset=false, platform=ANDROID}, newCommandTimeout=1800, platformVersion=5.0.2, webStorageEnabled=false, property=, takesScreenshot=true, javascriptEnabled=true, udid=MVAQIBSCS8LN6TQW, platformName=Android, deviceManufacturer=Xiaomi, app=D:\Project Apollo\APK Appolo\Sprint 5 v-7.apk, deviceScreenSize=1080x1920, networkConnectionEnabled=true, warnings={}, appWaitPackage=com.btpn.jeniuspro.dev, appWaitActivity=com.btpn_mpos_rn.MainActivity, databaseEnabled=false, appActivity=com.btpn_mpos_rn.MainActivity, locationContextEnabled=false, autoGrantPermissions=true, deviceModel=Redmi Note 3}]
Session ID: 619825f3-38b7-4d22-9d21-ff66e732fbe6)"/>
         <system-out><![CDATA[2018-01-19 11:15:43 - [TEST_CASE][FAILED] - Test Cases/27 - TC - All: Test Cases/27 - TC - All FAILED because (of) Cannot swipe on device. (Root cause: org.openqa.selenium.WebDriverException: An unknown server-side error occurred while processing the command. (WARNING: The server did not provide any stacktrace information)
Command duration or timeout: 117 milliseconds
Build info: version: '2.53.0', revision: '35ae25b', time: '2016-03-15 17:00:58'
System info: host: 'NB17Q7U8IT', ip: '192.168.120.203', os.name: 'Windows 10', os.arch: 'amd64', os.version: '10.0', java.version: '1.8.0_102'
Driver info: com.kms.katalon.core.appium.driver.SwipeableAndroidDriver
Capabilities [{appPackage=com.btpn.jeniuspro.dev, noReset=true, property_2=, property_1=, deviceName=MVAQIBSCS8LN6TQW, fullReset=false, platform=ANDROID, deviceUDID=MVAQIBSCS8LN6TQW, desired={app=D:\Project Apollo\APK Appolo\Sprint 5 v-7.apk, noReset=true, property_2=, newCommandTimeout=1800, property=, autoGrantPermissions=true, property_1=, udid=MVAQIBSCS8LN6TQW, platformName=Android, deviceName=Xiaomi Redmi Note 3 5.0.2, fullReset=false, platform=ANDROID}, newCommandTimeout=1800, platformVersion=5.0.2, webStorageEnabled=false, property=, takesScreenshot=true, javascriptEnabled=true, udid=MVAQIBSCS8LN6TQW, platformName=Android, deviceManufacturer=Xiaomi, app=D:\Project Apollo\APK Appolo\Sprint 5 v-7.apk, deviceScreenSize=1080x1920, networkConnectionEnabled=true, warnings={}, appWaitPackage=com.btpn.jeniuspro.dev, appWaitActivity=com.btpn_mpos_rn.MainActivity, databaseEnabled=false, appActivity=com.btpn_mpos_rn.MainActivity, locationContextEnabled=false, autoGrantPermissions=true, deviceModel=Redmi Note 3}]
Session ID: 619825f3-38b7-4d22-9d21-ff66e732fbe6)

2018-01-19 11:15:43 - [TEST_STEP][PASSED] - comment: Start Story 27

2018-01-19 11:15:43 - [TEST_STEP][FAILED] - Statement - For (def index : (0..5)): Cannot swipe on device. (Root cause: org.openqa.selenium.WebDriverException: An unknown server-side error occurred while processing the command. (WARNING: The server did not provide any stacktrace information)
Command duration or timeout: 117 milliseconds
Build info: version: '2.53.0', revision: '35ae25b', time: '2016-03-15 17:00:58'
System info: host: 'NB17Q7U8IT', ip: '192.168.120.203', os.name: 'Windows 10', os.arch: 'amd64', os.version: '10.0', java.version: '1.8.0_102'
Driver info: com.kms.katalon.core.appium.driver.SwipeableAndroidDriver
Capabilities [{appPackage=com.btpn.jeniuspro.dev, noReset=true, property_2=, property_1=, deviceName=MVAQIBSCS8LN6TQW, fullReset=false, platform=ANDROID, deviceUDID=MVAQIBSCS8LN6TQW, desired={app=D:\Project Apollo\APK Appolo\Sprint 5 v-7.apk, noReset=true, property_2=, newCommandTimeout=1800, property=, autoGrantPermissions=true, property_1=, udid=MVAQIBSCS8LN6TQW, platformName=Android, deviceName=Xiaomi Redmi Note 3 5.0.2, fullReset=false, platform=ANDROID}, newCommandTimeout=1800, platformVersion=5.0.2, webStorageEnabled=false, property=, takesScreenshot=true, javascriptEnabled=true, udid=MVAQIBSCS8LN6TQW, platformName=Android, deviceManufacturer=Xiaomi, app=D:\Project Apollo\APK Appolo\Sprint 5 v-7.apk, deviceScreenSize=1080x1920, networkConnectionEnabled=true, warnings={}, appWaitPackage=com.btpn.jeniuspro.dev, appWaitActivity=com.btpn_mpos_rn.MainActivity, databaseEnabled=false, appActivity=com.btpn_mpos_rn.MainActivity, locationContextEnabled=false, autoGrantPermissions=true, deviceModel=Redmi Note 3}]
Session ID: 619825f3-38b7-4d22-9d21-ff66e732fbe6)

2018-01-19 11:15:43 - [TEST_STEP][FAILED] - swipe: Cannot swipe on device. (Root cause: org.openqa.selenium.WebDriverException: An unknown server-side error occurred while processing the command. (WARNING: The server did not provide any stacktrace information)
Command duration or timeout: 117 milliseconds
Build info: version: '2.53.0', revision: '35ae25b', time: '2016-03-15 17:00:58'
System info: host: 'NB17Q7U8IT', ip: '192.168.120.203', os.name: 'Windows 10', os.arch: 'amd64', os.version: '10.0', java.version: '1.8.0_102'
Driver info: com.kms.katalon.core.appium.driver.SwipeableAndroidDriver
Capabilities [{appPackage=com.btpn.jeniuspro.dev, noReset=true, property_2=, property_1=, deviceName=MVAQIBSCS8LN6TQW, fullReset=false, platform=ANDROID, deviceUDID=MVAQIBSCS8LN6TQW, desired={app=D:\Project Apollo\APK Appolo\Sprint 5 v-7.apk, noReset=true, property_2=, newCommandTimeout=1800, property=, autoGrantPermissions=true, property_1=, udid=MVAQIBSCS8LN6TQW, platformName=Android, deviceName=Xiaomi Redmi Note 3 5.0.2, fullReset=false, platform=ANDROID}, newCommandTimeout=1800, platformVersion=5.0.2, webStorageEnabled=false, property=, takesScreenshot=true, javascriptEnabled=true, udid=MVAQIBSCS8LN6TQW, platformName=Android, deviceManufacturer=Xiaomi, app=D:\Project Apollo\APK Appolo\Sprint 5 v-7.apk, deviceScreenSize=1080x1920, networkConnectionEnabled=true, warnings={}, appWaitPackage=com.btpn.jeniuspro.dev, appWaitActivity=com.btpn_mpos_rn.MainActivity, databaseEnabled=false, appActivity=com.btpn_mpos_rn.MainActivity, locationContextEnabled=false, autoGrantPermissions=true, deviceModel=Redmi Note 3}]
Session ID: 619825f3-38b7-4d22-9d21-ff66e732fbe6)

2018-01-19 11:15:50 - [MESSAGE][FAILED] - Cannot swipe on device. (Root cause: org.openqa.selenium.WebDriverException: An unknown server-side error occurred while processing the command. (WARNING: The server did not provide any stacktrace information)
Command duration or timeout: 117 milliseconds
Build info: version: '2.53.0', revision: '35ae25b', time: '2016-03-15 17:00:58'
System info: host: 'NB17Q7U8IT', ip: '192.168.120.203', os.name: 'Windows 10', os.arch: 'amd64', os.version: '10.0', java.version: '1.8.0_102'
Driver info: com.kms.katalon.core.appium.driver.SwipeableAndroidDriver
Capabilities [{appPackage=com.btpn.jeniuspro.dev, noReset=true, property_2=, property_1=, deviceName=MVAQIBSCS8LN6TQW, fullReset=false, platform=ANDROID, deviceUDID=MVAQIBSCS8LN6TQW, desired={app=D:\Project Apollo\APK Appolo\Sprint 5 v-7.apk, noReset=true, property_2=, newCommandTimeout=1800, property=, autoGrantPermissions=true, property_1=, udid=MVAQIBSCS8LN6TQW, platformName=Android, deviceName=Xiaomi Redmi Note 3 5.0.2, fullReset=false, platform=ANDROID}, newCommandTimeout=1800, platformVersion=5.0.2, webStorageEnabled=false, property=, takesScreenshot=true, javascriptEnabled=true, udid=MVAQIBSCS8LN6TQW, platformName=Android, deviceManufacturer=Xiaomi, app=D:\Project Apollo\APK Appolo\Sprint 5 v-7.apk, deviceScreenSize=1080x1920, networkConnectionEnabled=true, warnings={}, appWaitPackage=com.btpn.jeniuspro.dev, appWaitActivity=com.btpn_mpos_rn.MainActivity, databaseEnabled=false, appActivity=com.btpn_mpos_rn.MainActivity, locationContextEnabled=false, autoGrantPermissions=true, deviceModel=Redmi Note 3}]
Session ID: 619825f3-38b7-4d22-9d21-ff66e732fbe6)]]></system-out>
         <system-err><![CDATA[2018-01-19 11:15:43 - [TEST_CASE][FAILED] - Test Cases/27 - TC - All: Test Cases/27 - TC - All FAILED because (of) Cannot swipe on device. (Root cause: org.openqa.selenium.WebDriverException: An unknown server-side error occurred while processing the command. (WARNING: The server did not provide any stacktrace information)
Command duration or timeout: 117 milliseconds
Build info: version: '2.53.0', revision: '35ae25b', time: '2016-03-15 17:00:58'
System info: host: 'NB17Q7U8IT', ip: '192.168.120.203', os.name: 'Windows 10', os.arch: 'amd64', os.version: '10.0', java.version: '1.8.0_102'
Driver info: com.kms.katalon.core.appium.driver.SwipeableAndroidDriver
Capabilities [{appPackage=com.btpn.jeniuspro.dev, noReset=true, property_2=, property_1=, deviceName=MVAQIBSCS8LN6TQW, fullReset=false, platform=ANDROID, deviceUDID=MVAQIBSCS8LN6TQW, desired={app=D:\Project Apollo\APK Appolo\Sprint 5 v-7.apk, noReset=true, property_2=, newCommandTimeout=1800, property=, autoGrantPermissions=true, property_1=, udid=MVAQIBSCS8LN6TQW, platformName=Android, deviceName=Xiaomi Redmi Note 3 5.0.2, fullReset=false, platform=ANDROID}, newCommandTimeout=1800, platformVersion=5.0.2, webStorageEnabled=false, property=, takesScreenshot=true, javascriptEnabled=true, udid=MVAQIBSCS8LN6TQW, platformName=Android, deviceManufacturer=Xiaomi, app=D:\Project Apollo\APK Appolo\Sprint 5 v-7.apk, deviceScreenSize=1080x1920, networkConnectionEnabled=true, warnings={}, appWaitPackage=com.btpn.jeniuspro.dev, appWaitActivity=com.btpn_mpos_rn.MainActivity, databaseEnabled=false, appActivity=com.btpn_mpos_rn.MainActivity, locationContextEnabled=false, autoGrantPermissions=true, deviceModel=Redmi Note 3}]
Session ID: 619825f3-38b7-4d22-9d21-ff66e732fbe6)]]></system-err>
      </testcase>
      <testcase name="Test Cases/46 - TC - All" classname="Test Cases/46 - TC - All" status="FAILED">
         <failure type="FAILED" message="Failed to tap on element 'Object Repository/Sidebar Menu/Operasional/Stock/Detail Barang/Ubah Info - Button' (Root cause: Object Object Repository/Sidebar Menu/Operasional/Stock/Detail Barang/Ubah Info - Button not found)"/>
         <system-out><![CDATA[2018-01-19 11:15:50 - [TEST_CASE][FAILED] - Test Cases/46 - TC - All: Test Cases/46 - TC - All FAILED because (of) Failed to tap on element 'Object Repository/Sidebar Menu/Operasional/Stock/Detail Barang/Ubah Info - Button' (Root cause: Object Object Repository/Sidebar Menu/Operasional/Stock/Detail Barang/Ubah Info - Button not found)

2018-01-19 11:15:51 - [TEST_STEP][PASSED] - comment: Start Story 46

2018-01-19 11:15:51 - [TEST_STEP][FAILED] - tap: Failed to tap on element 'Object Repository/Sidebar Menu/Operasional/Stock/Detail Barang/Ubah Info - Button' (Root cause: Object Object Repository/Sidebar Menu/Operasional/Stock/Detail Barang/Ubah Info - Button not found)

2018-01-19 11:16:01 - [MESSAGE][FAILED] - Object Object Repository/Sidebar Menu/Operasional/Stock/Detail Barang/Ubah Info - Button not found

2018-01-19 11:16:01 - [MESSAGE][FAILED] - Failed to tap on element 'Object Repository/Sidebar Menu/Operasional/Stock/Detail Barang/Ubah Info - Button' (Root cause: Object Object Repository/Sidebar Menu/Operasional/Stock/Detail Barang/Ubah Info - Button not found)]]></system-out>
         <system-err><![CDATA[2018-01-19 11:15:50 - [TEST_CASE][FAILED] - Test Cases/46 - TC - All: Test Cases/46 - TC - All FAILED because (of) Failed to tap on element 'Object Repository/Sidebar Menu/Operasional/Stock/Detail Barang/Ubah Info - Button' (Root cause: Object Object Repository/Sidebar Menu/Operasional/Stock/Detail Barang/Ubah Info - Button not found)]]></system-err>
      </testcase>
      <testcase name="Test Cases/28 - TC-All" classname="Test Cases/28 - TC-All" status="FAILED">
         <failure type="FAILED" message="Unable to start app at: 'D:\Project Apollo\APK Appolo\Sprint 5 v-7.apk' (Root cause: org.openqa.selenium.SessionNotCreatedException: A new session could not be created. Details: Problem getting session data for driver type AndroidDriver; does it implement 'get driverData'? (WARNING: The server did not provide any stacktrace information)
Command duration or timeout: 7 milliseconds
Build info: version: '2.53.0', revision: '35ae25b', time: '2016-03-15 17:00:58'
System info: host: 'NB17Q7U8IT', ip: '192.168.120.203', os.name: 'Windows 10', os.arch: 'amd64', os.version: '10.0', java.version: '1.8.0_102'
Driver info: com.kms.katalon.core.appium.driver.SwipeableAndroidDriver)"/>
         <system-out><![CDATA[2018-01-19 11:16:01 - [TEST_CASE][FAILED] - Test Cases/28 - TC-All: Test Cases/28 - TC-All FAILED because (of) Unable to start app at: 'D:\Project Apollo\APK Appolo\Sprint 5 v-7.apk' (Root cause: org.openqa.selenium.SessionNotCreatedException: A new session could not be created. Details: Problem getting session data for driver type AndroidDriver; does it implement 'get driverData'? (WARNING: The server did not provide any stacktrace information)
Command duration or timeout: 7 milliseconds
Build info: version: '2.53.0', revision: '35ae25b', time: '2016-03-15 17:00:58'
System info: host: 'NB17Q7U8IT', ip: '192.168.120.203', os.name: 'Windows 10', os.arch: 'amd64', os.version: '10.0', java.version: '1.8.0_102'
Driver info: com.kms.katalon.core.appium.driver.SwipeableAndroidDriver)

2018-01-19 11:16:01 - [TEST_STEP][PASSED] - comment: Start Story 28

2018-01-19 11:16:01 - [TEST_STEP][FAILED] - startApplication: Unable to start app at: 'D:\Project Apollo\APK Appolo\Sprint 5 v-7.apk' (Root cause: org.openqa.selenium.SessionNotCreatedException: A new session could not be created. Details: Problem getting session data for driver type AndroidDriver; does it implement 'get driverData'? (WARNING: The server did not provide any stacktrace information)
Command duration or timeout: 7 milliseconds
Build info: version: '2.53.0', revision: '35ae25b', time: '2016-03-15 17:00:58'
System info: host: 'NB17Q7U8IT', ip: '192.168.120.203', os.name: 'Windows 10', os.arch: 'amd64', os.version: '10.0', java.version: '1.8.0_102'
Driver info: com.kms.katalon.core.appium.driver.SwipeableAndroidDriver)

2018-01-19 11:16:01 - [MESSAGE][FAILED] - Unable to start app at: 'D:\Project Apollo\APK Appolo\Sprint 5 v-7.apk' (Root cause: org.openqa.selenium.SessionNotCreatedException: A new session could not be created. Details: Problem getting session data for driver type AndroidDriver; does it implement 'get driverData'? (WARNING: The server did not provide any stacktrace information)
Command duration or timeout: 7 milliseconds
Build info: version: '2.53.0', revision: '35ae25b', time: '2016-03-15 17:00:58'
System info: host: 'NB17Q7U8IT', ip: '192.168.120.203', os.name: 'Windows 10', os.arch: 'amd64', os.version: '10.0', java.version: '1.8.0_102'
Driver info: com.kms.katalon.core.appium.driver.SwipeableAndroidDriver)]]></system-out>
         <system-err><![CDATA[2018-01-19 11:16:01 - [TEST_CASE][FAILED] - Test Cases/28 - TC-All: Test Cases/28 - TC-All FAILED because (of) Unable to start app at: 'D:\Project Apollo\APK Appolo\Sprint 5 v-7.apk' (Root cause: org.openqa.selenium.SessionNotCreatedException: A new session could not be created. Details: Problem getting session data for driver type AndroidDriver; does it implement 'get driverData'? (WARNING: The server did not provide any stacktrace information)
Command duration or timeout: 7 milliseconds
Build info: version: '2.53.0', revision: '35ae25b', time: '2016-03-15 17:00:58'
System info: host: 'NB17Q7U8IT', ip: '192.168.120.203', os.name: 'Windows 10', os.arch: 'amd64', os.version: '10.0', java.version: '1.8.0_102'
Driver info: com.kms.katalon.core.appium.driver.SwipeableAndroidDriver)]]></system-err>
      </testcase>
      <testcase name="Test Cases/29 - TC - All" classname="Test Cases/29 - TC - All" status="FAILED">
         <failure type="FAILED" message="Failed to tap on element 'Object Repository/Sidebar Menu/Operasional/Kasir/Keranjang' (Root cause: Object Object Repository/Sidebar Menu/Operasional/Kasir/Keranjang not found)"/>
         <system-out><![CDATA[2018-01-19 11:16:01 - [TEST_CASE][FAILED] - Test Cases/29 - TC - All: Test Cases/29 - TC - All FAILED because (of) Failed to tap on element 'Object Repository/Sidebar Menu/Operasional/Kasir/Keranjang' (Root cause: Object Object Repository/Sidebar Menu/Operasional/Kasir/Keranjang not found)

2018-01-19 11:16:01 - [TEST_STEP][PASSED] - comment: Start Story 29

2018-01-19 11:16:01 - [TEST_STEP][FAILED] - tap: Failed to tap on element 'Object Repository/Sidebar Menu/Operasional/Kasir/Keranjang' (Root cause: Object Object Repository/Sidebar Menu/Operasional/Kasir/Keranjang not found)

2018-01-19 11:16:05 - [MESSAGE][FAILED] - Object Object Repository/Sidebar Menu/Operasional/Kasir/Keranjang not found

2018-01-19 11:16:05 - [MESSAGE][FAILED] - Failed to tap on element 'Object Repository/Sidebar Menu/Operasional/Kasir/Keranjang' (Root cause: Object Object Repository/Sidebar Menu/Operasional/Kasir/Keranjang not found)]]></system-out>
         <system-err><![CDATA[2018-01-19 11:16:01 - [TEST_CASE][FAILED] - Test Cases/29 - TC - All: Test Cases/29 - TC - All FAILED because (of) Failed to tap on element 'Object Repository/Sidebar Menu/Operasional/Kasir/Keranjang' (Root cause: Object Object Repository/Sidebar Menu/Operasional/Kasir/Keranjang not found)]]></system-err>
      </testcase>
      <system-out><![CDATA[2018-01-19 11:07:41 - [TEST_SUITE][FAILED] - Sprint 2: Test Cases/35 - TC-All FAILED because (of) Unable to scroll to text 'Makanan' (Root cause: org.openqa.selenium.NoSuchElementException: An element could not be located on the page using the given search parameters. (WARNING: The server did not provide any stacktrace information)
Command duration or timeout: 1.45 seconds
For documentation on this error, please visit: http://seleniumhq.org/exceptions/no_such_element.html
Build info: version: '2.53.0', revision: '35ae25b', time: '2016-03-15 17:00:58'
System info: host: 'NB17Q7U8IT', ip: '192.168.120.203', os.name: 'Windows 10', os.arch: 'amd64', os.version: '10.0', java.version: '1.8.0_102'
Driver info: com.kms.katalon.core.appium.driver.SwipeableAndroidDriver
Capabilities [{appPackage=com.btpn.jeniuspro.dev, noReset=true, property_2=, property_1=, deviceName=MVAQIBSCS8LN6TQW, fullReset=false, platform=ANDROID, deviceUDID=MVAQIBSCS8LN6TQW, desired={app=D:\Project Apollo\APK Appolo\Sprint 5 v-7.apk, noReset=true, property_2=, newCommandTimeout=1800, property=, autoGrantPermissions=true, property_1=, udid=MVAQIBSCS8LN6TQW, platformName=Android, deviceName=Xiaomi Redmi Note 3 5.0.2, fullReset=false, platform=ANDROID}, newCommandTimeout=1800, platformVersion=5.0.2, webStorageEnabled=false, property=, takesScreenshot=true, javascriptEnabled=true, udid=MVAQIBSCS8LN6TQW, platformName=Android, deviceManufacturer=Xiaomi, app=D:\Project Apollo\APK Appolo\Sprint 5 v-7.apk, deviceScreenSize=1080x1920, networkConnectionEnabled=true, warnings={}, appWaitPackage=com.btpn.jeniuspro.dev, appWaitActivity=com.btpn_mpos_rn.MainActivity, databaseEnabled=false, appActivity=com.btpn_mpos_rn.MainActivity, locationContextEnabled=false, autoGrantPermissions=true, deviceModel=Redmi Note 3}]
Session ID: 619825f3-38b7-4d22-9d21-ff66e732fbe6
*** Element info: {Using=-android uiautomator, value=new UiScrollable(new UiSelector().scrollable(true).instance(0)).scrollIntoView(new UiSelector().description("Makanan").instance(0));new UiScrollable(new UiSelector().scrollable(true).instance(0)).scrollIntoView(new UiSelector().text("Makanan").instance(0));})]]></system-out>
      <system-err><![CDATA[2018-01-19 11:07:41 - [TEST_SUITE][FAILED] - Sprint 2: Test Cases/35 - TC-All FAILED because (of) Unable to scroll to text 'Makanan' (Root cause: org.openqa.selenium.NoSuchElementException: An element could not be located on the page using the given search parameters. (WARNING: The server did not provide any stacktrace information)
Command duration or timeout: 1.45 seconds
For documentation on this error, please visit: http://seleniumhq.org/exceptions/no_such_element.html
Build info: version: '2.53.0', revision: '35ae25b', time: '2016-03-15 17:00:58'
System info: host: 'NB17Q7U8IT', ip: '192.168.120.203', os.name: 'Windows 10', os.arch: 'amd64', os.version: '10.0', java.version: '1.8.0_102'
Driver info: com.kms.katalon.core.appium.driver.SwipeableAndroidDriver
Capabilities [{appPackage=com.btpn.jeniuspro.dev, noReset=true, property_2=, property_1=, deviceName=MVAQIBSCS8LN6TQW, fullReset=false, platform=ANDROID, deviceUDID=MVAQIBSCS8LN6TQW, desired={app=D:\Project Apollo\APK Appolo\Sprint 5 v-7.apk, noReset=true, property_2=, newCommandTimeout=1800, property=, autoGrantPermissions=true, property_1=, udid=MVAQIBSCS8LN6TQW, platformName=Android, deviceName=Xiaomi Redmi Note 3 5.0.2, fullReset=false, platform=ANDROID}, newCommandTimeout=1800, platformVersion=5.0.2, webStorageEnabled=false, property=, takesScreenshot=true, javascriptEnabled=true, udid=MVAQIBSCS8LN6TQW, platformName=Android, deviceManufacturer=Xiaomi, app=D:\Project Apollo\APK Appolo\Sprint 5 v-7.apk, deviceScreenSize=1080x1920, networkConnectionEnabled=true, warnings={}, appWaitPackage=com.btpn.jeniuspro.dev, appWaitActivity=com.btpn_mpos_rn.MainActivity, databaseEnabled=false, appActivity=com.btpn_mpos_rn.MainActivity, locationContextEnabled=false, autoGrantPermissions=true, deviceModel=Redmi Note 3}]
Session ID: 619825f3-38b7-4d22-9d21-ff66e732fbe6
*** Element info: {Using=-android uiautomator, value=new UiScrollable(new UiSelector().scrollable(true).instance(0)).scrollIntoView(new UiSelector().description("Makanan").instance(0));new UiScrollable(new UiSelector().scrollable(true).instance(0)).scrollIntoView(new UiSelector().text("Makanan").instance(0));})]]></system-err>
   </testsuite>
</testsuites>
