<?xml version="1.0" encoding="UTF-8"?>
<testsuites name="Story 41" time="165" tests="8" failures="3" errors="0">
   <testsuite name="Story 41" tests="8" failures="3" errors="0" time="165" timestamp="2018-03-15 12:26:14" hostname="AV2017005903 - NBMP18A211ITSQA.corp.bankbtpn.co.id" id="Test Suites/Story 41">
      <properties>
         <property name="deviceName" value="asus ASUS_X014D 5.1.1"/>
         <property name="devicePlatform" value=""/>
         <property name="logFolder" value="C:\\Users\\AV2017005903\\Documents\\apollo-automation\\Reports\\Story 41\\20180315_122612"/>
         <property name="logFiles" value="C:\\Users\\AV2017005903\\Documents\\apollo-automation\\Reports\\Story 41\\20180315_122612\\appium.log, C:\\Users\\AV2017005903\\Documents\\apollo-automation\\Reports\\Story 41\\20180315_122612\\execution0.log"/>
         <property name="attachments" value=""/>
         <property name="hostName" value="AV2017005903 - NBMP18A211ITSQA.corp.bankbtpn.co.id"/>
         <property name="os" value="Windows 10 64bit"/>
         <property name="katalonVersion" value="5.0.0.1"/>
         <property name="deviceOS" value="Android"/>
         <property name="appiumVersion" value="1.6.5"/>
         <property name="deviceModel" value="ASUS_X014D"/>
         <property name="hostAddress" value="192.168.17.167"/>
         <property name="deviceManufacturer" value="asus"/>
         <property name="deviceId" value="GBAXGV411465ERX"/>
         <property name="deviceName" value="asus ASUS_X014D 5.1.1"/>
         <property name="deviceOSVersion" value="5.1.1"/>
      </properties>
      <testcase name="Test Cases/Story 41 - Create Expense/TC 1" classname="Test Cases/Story 41 - Create Expense/TC 1" status="PASSED">
         <system-out><![CDATA[2018-03-15 12:26:14 - [TEST_CASE][PASSED] - Test Cases/Story 41 - Create Expense/TC 1: Test Cases/Story 41 - Create Expense/TC 1

2018-03-15 12:26:15 - [TEST_STEP][PASSED] - comment: Start Story 41

2018-03-15 12:26:15 - [TEST_STEP][PASSED] - Statement - apkPath = com.kms.katalon.core.util.internal.PathUtil.relativeToAbsolutePath(apkName, com.kms.katalon.core.configuration.RunConfiguration.getProjectDir()): null

2018-03-15 12:26:15 - [TEST_STEP][PASSED] - startApplication: Started app at: 'C:\Users\AV2017005903\Documents\apollo-automation\13 Maret 17.23.apk'

2018-03-15 12:26:29 - [MESSAGE][PASSED] - Started app at: 'C:\Users\AV2017005903\Documents\apollo-automation\13 Maret 17.23.apk'

2018-03-15 12:26:29 - [TEST_STEP][PASSED] - tap: Tapped on element 'Object Repository/Login/Daftar Sekarang - Belum Punya Akun'

2018-03-15 12:26:37 - [MESSAGE][PASSED] - Tapped on element 'Object Repository/Login/Daftar Sekarang - Belum Punya Akun'

2018-03-15 12:26:37 - [TEST_STEP][PASSED] - waitForElementPresent: Element 'Object Repository/Sidebar Menu/HamburgerButton' is present

2018-03-15 12:26:41 - [MESSAGE][PASSED] - Element 'Object Repository/Sidebar Menu/HamburgerButton' is present

2018-03-15 12:26:41 - [TEST_STEP][PASSED] - tap: Tapped on element 'Object Repository/Sidebar Menu/HamburgerButton'

2018-03-15 12:26:42 - [MESSAGE][PASSED] - Tapped on element 'Object Repository/Sidebar Menu/HamburgerButton'

2018-03-15 12:26:42 - [TEST_STEP][PASSED] - tap: Tapped on element 'Object Repository/Sidebar Menu/Operasional/Operasional - Sidebar Menu'

2018-03-15 12:26:44 - [MESSAGE][PASSED] - Tapped on element 'Object Repository/Sidebar Menu/Operasional/Operasional - Sidebar Menu'

2018-03-15 12:26:44 - [TEST_STEP][PASSED] - tap: Tapped on element 'Object Repository/Sidebar Menu/Operasional/Pengeluaran/PengeluaranNavbar'

2018-03-15 12:26:47 - [MESSAGE][PASSED] - Tapped on element 'Object Repository/Sidebar Menu/Operasional/Pengeluaran/PengeluaranNavbar'

2018-03-15 12:26:47 - [TEST_STEP][PASSED] - delay: Delayed 5 second(s)

2018-03-15 12:26:52 - [MESSAGE][PASSED] - Delayed 5 second(s)

2018-03-15 12:26:52 - [TEST_STEP][PASSED] - waitForElementPresent: Element 'Object Repository/Sidebar Menu/Operasional/Pengeluaran/TAMBAH CATATAN - Button' is present

2018-03-15 12:26:52 - [MESSAGE][PASSED] - Element 'Object Repository/Sidebar Menu/Operasional/Pengeluaran/TAMBAH CATATAN - Button' is present

2018-03-15 12:26:52 - [TEST_STEP][PASSED] - tap: Tapped on element 'Object Repository/Sidebar Menu/Operasional/Pengeluaran/TAMBAH CATATAN - Button'

2018-03-15 12:26:52 - [MESSAGE][PASSED] - Tapped on element 'Object Repository/Sidebar Menu/Operasional/Pengeluaran/TAMBAH CATATAN - Button'

2018-03-15 12:26:52 - [TEST_STEP][PASSED] - delay: Delayed 5 second(s)

2018-03-15 12:26:57 - [MESSAGE][PASSED] - Delayed 5 second(s)]]></system-out>
         <system-err><![CDATA[]]></system-err>
      </testcase>
      <testcase name="Test Cases/Story 41 - Create Expense/TC 2" classname="Test Cases/Story 41 - Create Expense/TC 2" status="PASSED">
         <system-out><![CDATA[2018-03-15 12:26:58 - [TEST_CASE][PASSED] - Test Cases/Story 41 - Create Expense/TC 2: Test Cases/Story 41 - Create Expense/TC 2

2018-03-15 12:26:58 - [TEST_STEP][PASSED] - tap: Tapped on element 'Object Repository/Sidebar Menu/Operasional/Pengeluaran/Judul Catatan - TextBox'

2018-03-15 12:26:58 - [MESSAGE][PASSED] - Tapped on element 'Object Repository/Sidebar Menu/Operasional/Pengeluaran/Judul Catatan - TextBox'

2018-03-15 12:26:59 - [TEST_STEP][PASSED] - setText: Text 'Pengeluaran Kos Kosan' has been set to element 'Object Repository/Sidebar Menu/Operasional/Pengeluaran/Judul Catatan - TextBox'

2018-03-15 12:27:15 - [MESSAGE][PASSED] - Text 'Pengeluaran Kos Kosan' has been set to element 'Object Repository/Sidebar Menu/Operasional/Pengeluaran/Judul Catatan - TextBox'

2018-03-15 12:27:15 - [TEST_STEP][PASSED] - verifyElementText: Actual text and expected text of test object 'Object Repository/Sidebar Menu/Operasional/Pengeluaran/Judul Catatan - TextBox' are matched.

2018-03-15 12:27:16 - [MESSAGE][PASSED] - Actual text and expected text of test object 'Object Repository/Sidebar Menu/Operasional/Pengeluaran/Judul Catatan - TextBox' are matched.

2018-03-15 12:27:16 - [TEST_STEP][PASSED] - getText: Text of element 'Object Repository/Sidebar Menu/Operasional/Pengeluaran/Judul Catatan - TextBox' is: 'Pengeluaran Kos Kosan'

2018-03-15 12:27:16 - [MESSAGE][PASSED] - Text of element 'Object Repository/Sidebar Menu/Operasional/Pengeluaran/Judul Catatan - TextBox' is: 'Pengeluaran Kos Kosan'

2018-03-15 12:27:16 - [TEST_STEP][PASSED] - hideKeyboard: Keyboard is hidden

2018-03-15 12:27:17 - [MESSAGE][PASSED] - Keyboard is hidden

2018-03-15 12:27:17 - [TEST_STEP][PASSED] - tap: Tapped on element 'Object Repository/Sidebar Menu/Operasional/Pengeluaran/Simpan - Tambah Catatan'

2018-03-15 12:27:18 - [MESSAGE][PASSED] - Tapped on element 'Object Repository/Sidebar Menu/Operasional/Pengeluaran/Simpan - Tambah Catatan'

2018-03-15 12:27:18 - [TEST_STEP][PASSED] - delay: Delayed 3 second(s)

2018-03-15 12:27:21 - [MESSAGE][PASSED] - Delayed 3 second(s)]]></system-out>
         <system-err><![CDATA[]]></system-err>
      </testcase>
      <testcase name="Test Cases/Story 41 - Create Expense/TC 3" classname="Test Cases/Story 41 - Create Expense/TC 3" status="PASSED">
         <system-out><![CDATA[2018-03-15 12:27:21 - [TEST_CASE][PASSED] - Test Cases/Story 41 - Create Expense/TC 3: Test Cases/Story 41 - Create Expense/TC 3

2018-03-15 12:27:21 - [TEST_STEP][PASSED] - clearText: Element 'Object Repository/Sidebar Menu/Operasional/Pengeluaran/Judul Catatan - TextBox' text is cleared

2018-03-15 12:27:23 - [MESSAGE][PASSED] - Element 'Object Repository/Sidebar Menu/Operasional/Pengeluaran/Judul Catatan - TextBox' text is cleared

2018-03-15 12:27:23 - [TEST_STEP][PASSED] - waitForElementPresent: Element 'Object Repository/Sidebar Menu/Operasional/Pengeluaran/Pilih Kategori 1' is present

2018-03-15 12:27:24 - [MESSAGE][PASSED] - Element 'Object Repository/Sidebar Menu/Operasional/Pengeluaran/Pilih Kategori 1' is present

2018-03-15 12:27:24 - [TEST_STEP][PASSED] - tap: Tapped on element 'Object Repository/Sidebar Menu/Operasional/Pengeluaran/Pilih Kategori 1'

2018-03-15 12:27:24 - [MESSAGE][PASSED] - Tapped on element 'Object Repository/Sidebar Menu/Operasional/Pengeluaran/Pilih Kategori 1'

2018-03-15 12:27:24 - [TEST_STEP][PASSED] - tap: Tapped on element 'Object Repository/Sidebar Menu/Operasional/Pengeluaran/Pilih Kategori 1'

2018-03-15 12:27:25 - [MESSAGE][PASSED] - Tapped on element 'Object Repository/Sidebar Menu/Operasional/Pengeluaran/Pilih Kategori 1'

2018-03-15 12:27:25 - [TEST_STEP][PASSED] - delay: Delayed 3 second(s)

2018-03-15 12:27:28 - [MESSAGE][PASSED] - Delayed 3 second(s)]]></system-out>
         <system-err><![CDATA[]]></system-err>
      </testcase>
      <testcase name="Test Cases/Story 41 - Create Expense/TC 4" classname="Test Cases/Story 41 - Create Expense/TC 4" status="PASSED">
         <system-out><![CDATA[2018-03-15 12:27:29 - [TEST_CASE][PASSED] - Test Cases/Story 41 - Create Expense/TC 4: Test Cases/Story 41 - Create Expense/TC 4

2018-03-15 12:27:29 - [TEST_STEP][PASSED] - waitForElementPresent: Element 'Object Repository/Sidebar Menu/Operasional/Pengeluaran/Pilih Kategori Elemen ke 1' is present

2018-03-15 12:27:29 - [MESSAGE][PASSED] - Element 'Object Repository/Sidebar Menu/Operasional/Pengeluaran/Pilih Kategori Elemen ke 1' is present

2018-03-15 12:27:29 - [TEST_STEP][PASSED] - tap: Tapped on element 'Object Repository/Sidebar Menu/Operasional/Pengeluaran/Pilih Kategori Elemen ke 1'

2018-03-15 12:27:29 - [MESSAGE][PASSED] - Tapped on element 'Object Repository/Sidebar Menu/Operasional/Pengeluaran/Pilih Kategori Elemen ke 1'

2018-03-15 12:27:29 - [TEST_STEP][PASSED] - waitForElementPresent: Element 'Object Repository/Sidebar Menu/Operasional/Pengeluaran/Simpan - Tambah Catatan' is present

2018-03-15 12:27:31 - [MESSAGE][PASSED] - Element 'Object Repository/Sidebar Menu/Operasional/Pengeluaran/Simpan - Tambah Catatan' is present

2018-03-15 12:27:31 - [TEST_STEP][PASSED] - tap: Tapped on element 'Object Repository/Sidebar Menu/Operasional/Pengeluaran/Simpan - Tambah Catatan'

2018-03-15 12:27:31 - [MESSAGE][PASSED] - Tapped on element 'Object Repository/Sidebar Menu/Operasional/Pengeluaran/Simpan - Tambah Catatan'

2018-03-15 12:27:31 - [TEST_STEP][PASSED] - delay: Delayed 3 second(s)

2018-03-15 12:27:34 - [MESSAGE][PASSED] - Delayed 3 second(s)]]></system-out>
         <system-err><![CDATA[]]></system-err>
      </testcase>
      <testcase name="Test Cases/Story 41 - Create Expense/TC 5" classname="Test Cases/Story 41 - Create Expense/TC 5" status="PASSED">
         <system-out><![CDATA[2018-03-15 12:27:34 - [TEST_CASE][PASSED] - Test Cases/Story 41 - Create Expense/TC 5: Test Cases/Story 41 - Create Expense/TC 5

2018-03-15 12:27:34 - [TEST_STEP][PASSED] - tap: Tapped on element 'Object Repository/Sidebar Menu/Operasional/Pengeluaran/Judul Catatan - TextBox'

2018-03-15 12:27:35 - [MESSAGE][PASSED] - Tapped on element 'Object Repository/Sidebar Menu/Operasional/Pengeluaran/Judul Catatan - TextBox'

2018-03-15 12:27:35 - [TEST_STEP][PASSED] - setText: Text 'Pengeluaran Kos Kosan' has been set to element 'Object Repository/Sidebar Menu/Operasional/Pengeluaran/Judul Catatan - TextBox'

2018-03-15 12:27:50 - [MESSAGE][PASSED] - Text 'Pengeluaran Kos Kosan' has been set to element 'Object Repository/Sidebar Menu/Operasional/Pengeluaran/Judul Catatan - TextBox'

2018-03-15 12:27:50 - [TEST_STEP][PASSED] - verifyElementText: Actual text and expected text of test object 'Object Repository/Sidebar Menu/Operasional/Pengeluaran/Judul Catatan - TextBox' are matched.

2018-03-15 12:27:51 - [MESSAGE][PASSED] - Actual text and expected text of test object 'Object Repository/Sidebar Menu/Operasional/Pengeluaran/Judul Catatan - TextBox' are matched.

2018-03-15 12:27:51 - [TEST_STEP][PASSED] - getText: Text of element 'Object Repository/Sidebar Menu/Operasional/Pengeluaran/Judul Catatan - TextBox' is: 'Pengeluaran Kos Kosan'

2018-03-15 12:27:51 - [MESSAGE][PASSED] - Text of element 'Object Repository/Sidebar Menu/Operasional/Pengeluaran/Judul Catatan - TextBox' is: 'Pengeluaran Kos Kosan'

2018-03-15 12:27:51 - [TEST_STEP][PASSED] - hideKeyboard: Keyboard is hidden

2018-03-15 12:27:52 - [MESSAGE][PASSED] - Keyboard is hidden]]></system-out>
         <system-err><![CDATA[]]></system-err>
      </testcase>
      <testcase name="Test Cases/Story 41 - Create Expense/TC 6" classname="Test Cases/Story 41 - Create Expense/TC 6" status="PASSED">
         <system-out><![CDATA[2018-03-15 12:27:52 - [TEST_CASE][PASSED] - Test Cases/Story 41 - Create Expense/TC 6: Test Cases/Story 41 - Create Expense/TC 6

2018-03-15 12:27:52 - [TEST_STEP][PASSED] - tap: Tapped on element 'Object Repository/Sidebar Menu/Operasional/Pengeluaran/Nominal Pengeluaran - TextBox'

2018-03-15 12:27:53 - [MESSAGE][PASSED] - Tapped on element 'Object Repository/Sidebar Menu/Operasional/Pengeluaran/Nominal Pengeluaran - TextBox'

2018-03-15 12:27:53 - [TEST_STEP][PASSED] - setText: Text 'Rp. 4500000' has been set to element 'Object Repository/Sidebar Menu/Operasional/Pengeluaran/Nominal Pengeluaran - TextBox'

2018-03-15 12:28:05 - [MESSAGE][PASSED] - Text 'Rp. 4500000' has been set to element 'Object Repository/Sidebar Menu/Operasional/Pengeluaran/Nominal Pengeluaran - TextBox'

2018-03-15 12:28:05 - [TEST_STEP][PASSED] - verifyElementText: Actual text and expected text of test object 'Object Repository/Sidebar Menu/Operasional/Pengeluaran/Nominal Pengeluaran - TextBox' are matched.

2018-03-15 12:28:06 - [MESSAGE][PASSED] - Actual text and expected text of test object 'Object Repository/Sidebar Menu/Operasional/Pengeluaran/Nominal Pengeluaran - TextBox' are matched.

2018-03-15 12:28:06 - [TEST_STEP][PASSED] - hideKeyboard: Keyboard is hidden

2018-03-15 12:28:07 - [MESSAGE][PASSED] - Keyboard is hidden

2018-03-15 12:28:07 - [TEST_STEP][PASSED] - delay: Delayed 5 second(s)

2018-03-15 12:28:12 - [MESSAGE][PASSED] - Delayed 5 second(s)]]></system-out>
         <system-err><![CDATA[]]></system-err>
      </testcase>
      <testcase name="Test Cases/Story 41 - Create Expense/TC 7" classname="Test Cases/Story 41 - Create Expense/TC 7" status="PASSED">
         <system-out><![CDATA[2018-03-15 12:28:12 - [TEST_CASE][PASSED] - Test Cases/Story 41 - Create Expense/TC 7: Test Cases/Story 41 - Create Expense/TC 7

2018-03-15 12:28:12 - [TEST_STEP][PASSED] - waitForElementPresent: Element 'Object Repository/Sidebar Menu/Operasional/Pengeluaran/Deskripsi - TextBox' is present

2018-03-15 12:28:12 - [MESSAGE][PASSED] - Element 'Object Repository/Sidebar Menu/Operasional/Pengeluaran/Deskripsi - TextBox' is present

2018-03-15 12:28:12 - [TEST_STEP][PASSED] - tap: Tapped on element 'Object Repository/Sidebar Menu/Operasional/Pengeluaran/Deskripsi - TextBox'

2018-03-15 12:28:12 - [MESSAGE][WARNING] - Timeout '0' is invalid. Using default page load timeout: '30'

2018-03-15 12:28:13 - [MESSAGE][PASSED] - Tapped on element 'Object Repository/Sidebar Menu/Operasional/Pengeluaran/Deskripsi - TextBox'

2018-03-15 12:28:13 - [TEST_STEP][PASSED] - sendKeys: Send keys 'Pengeluaran untuk uang Listrik, Uang Makan, dan Uang Kos bulan Januari' on test object 'Object Repository/Sidebar Menu/Operasional/Pengeluaran/Deskripsi - TextBox' successfully.

2018-03-15 12:28:21 - [MESSAGE][PASSED] - Send keys 'Pengeluaran untuk uang Listrik, Uang Makan, dan Uang Kos bulan Januari' on test object 'Object Repository/Sidebar Menu/Operasional/Pengeluaran/Deskripsi - TextBox' successfully.

2018-03-15 12:28:21 - [TEST_STEP][PASSED] - getText: Text of element 'Object Repository/Sidebar Menu/Operasional/Pengeluaran/Deskripsi - TextBox' is: 'Pengeluaran untuk uang Listrik, Uang Makan, dan Uang Kos bulan Januari'

2018-03-15 12:28:22 - [MESSAGE][PASSED] - Text of element 'Object Repository/Sidebar Menu/Operasional/Pengeluaran/Deskripsi - TextBox' is: 'Pengeluaran untuk uang Listrik, Uang Makan, dan Uang Kos bulan Januari'

2018-03-15 12:28:22 - [TEST_STEP][PASSED] - hideKeyboard: Keyboard is hidden

2018-03-15 12:28:22 - [MESSAGE][PASSED] - Keyboard is hidden

2018-03-15 12:28:23 - [TEST_STEP][PASSED] - delay: Delayed 2 second(s)

2018-03-15 12:28:25 - [MESSAGE][PASSED] - Delayed 2 second(s)]]></system-out>
         <system-err><![CDATA[]]></system-err>
      </testcase>
      <testcase name="Test Cases/Story 41 - Create Expense/TC 8" classname="Test Cases/Story 41 - Create Expense/TC 8" status="FAILED">
         <failure type="FAILED" message="Failed to tap on element 'Object Repository/Sidebar Menu/Operasional/Pengeluaran/10 Maret 2018' (Root cause: Object Object Repository/Sidebar Menu/Operasional/Pengeluaran/10 Maret 2018 not found)"/>
         <system-out><![CDATA[2018-03-15 12:28:25 - [TEST_CASE][FAILED] - Test Cases/Story 41 - Create Expense/TC 8: Test Cases/Story 41 - Create Expense/TC 8 FAILED because (of) Failed to tap on element 'Object Repository/Sidebar Menu/Operasional/Pengeluaran/10 Maret 2018' (Root cause: Object Object Repository/Sidebar Menu/Operasional/Pengeluaran/10 Maret 2018 not found)

2018-03-15 12:28:25 - [TEST_STEP][PASSED] - waitForElementPresent: Element 'Object Repository/Sidebar Menu/Operasional/Pengeluaran/SelectorTangal' is present

2018-03-15 12:28:25 - [MESSAGE][PASSED] - Element 'Object Repository/Sidebar Menu/Operasional/Pengeluaran/SelectorTangal' is present

2018-03-15 12:28:25 - [TEST_STEP][PASSED] - tap: Tapped on element 'Object Repository/Sidebar Menu/Operasional/Pengeluaran/SelectorTangal'

2018-03-15 12:28:25 - [MESSAGE][PASSED] - Tapped on element 'Object Repository/Sidebar Menu/Operasional/Pengeluaran/SelectorTangal'

2018-03-15 12:28:25 - [TEST_STEP][PASSED] - waitForElementPresent: Object Object Repository/Sidebar Menu/Operasional/Pengeluaran/10 Maret 2018 not found

2018-03-15 12:28:29 - [MESSAGE][WARNING] - Object Object Repository/Sidebar Menu/Operasional/Pengeluaran/10 Maret 2018 not found

2018-03-15 12:28:29 - [TEST_STEP][FAILED] - tap: Failed to tap on element 'Object Repository/Sidebar Menu/Operasional/Pengeluaran/10 Maret 2018' (Root cause: Object Object Repository/Sidebar Menu/Operasional/Pengeluaran/10 Maret 2018 not found)

2018-03-15 12:28:31 - [MESSAGE][FAILED] - Object Object Repository/Sidebar Menu/Operasional/Pengeluaran/10 Maret 2018 not found

2018-03-15 12:28:31 - [MESSAGE][FAILED] - Failed to tap on element 'Object Repository/Sidebar Menu/Operasional/Pengeluaran/10 Maret 2018' (Root cause: Object Object Repository/Sidebar Menu/Operasional/Pengeluaran/10 Maret 2018 not found)]]></system-out>
         <system-err><![CDATA[2018-03-15 12:28:25 - [TEST_CASE][FAILED] - Test Cases/Story 41 - Create Expense/TC 8: Test Cases/Story 41 - Create Expense/TC 8 FAILED because (of) Failed to tap on element 'Object Repository/Sidebar Menu/Operasional/Pengeluaran/10 Maret 2018' (Root cause: Object Object Repository/Sidebar Menu/Operasional/Pengeluaran/10 Maret 2018 not found)]]></system-err>
      </testcase>
      <testcase name="Test Cases/Story 41 - Create Expense/TC 9" classname="Test Cases/Story 41 - Create Expense/TC 9" status="FAILED">
         <failure type="FAILED" message="Failed to tap on element 'Object Repository/Sidebar Menu/Operasional/Pengeluaran/SelectorTangal' (Root cause: Object Object Repository/Sidebar Menu/Operasional/Pengeluaran/SelectorTangal not found)"/>
         <system-out><![CDATA[2018-03-15 12:28:32 - [TEST_CASE][FAILED] - Test Cases/Story 41 - Create Expense/TC 9: Test Cases/Story 41 - Create Expense/TC 9 FAILED because (of) Failed to tap on element 'Object Repository/Sidebar Menu/Operasional/Pengeluaran/SelectorTangal' (Root cause: Object Object Repository/Sidebar Menu/Operasional/Pengeluaran/SelectorTangal not found)

2018-03-15 12:28:32 - [TEST_STEP][PASSED] - waitForElementPresent: Element 'Object Repository/Sidebar Menu/Operasional/Pengeluaran/SelectorTangal' is present

2018-03-15 12:28:32 - [MESSAGE][PASSED] - Element 'Object Repository/Sidebar Menu/Operasional/Pengeluaran/SelectorTangal' is present

2018-03-15 12:28:32 - [TEST_STEP][PASSED] - tap: Tapped on element 'Object Repository/Sidebar Menu/Operasional/Pengeluaran/SelectorTangal'

2018-03-15 12:28:32 - [MESSAGE][PASSED] - Tapped on element 'Object Repository/Sidebar Menu/Operasional/Pengeluaran/SelectorTangal'

2018-03-15 12:28:33 - [TEST_STEP][FAILED] - tap: Failed to tap on element 'Object Repository/Sidebar Menu/Operasional/Pengeluaran/SelectorTangal' (Root cause: Object Object Repository/Sidebar Menu/Operasional/Pengeluaran/SelectorTangal not found)

2018-03-15 12:28:38 - [MESSAGE][FAILED] - Object Object Repository/Sidebar Menu/Operasional/Pengeluaran/SelectorTangal not found

2018-03-15 12:28:38 - [MESSAGE][FAILED] - Failed to tap on element 'Object Repository/Sidebar Menu/Operasional/Pengeluaran/SelectorTangal' (Root cause: Object Object Repository/Sidebar Menu/Operasional/Pengeluaran/SelectorTangal not found)]]></system-out>
         <system-err><![CDATA[2018-03-15 12:28:32 - [TEST_CASE][FAILED] - Test Cases/Story 41 - Create Expense/TC 9: Test Cases/Story 41 - Create Expense/TC 9 FAILED because (of) Failed to tap on element 'Object Repository/Sidebar Menu/Operasional/Pengeluaran/SelectorTangal' (Root cause: Object Object Repository/Sidebar Menu/Operasional/Pengeluaran/SelectorTangal not found)]]></system-err>
      </testcase>
      <testcase name="Test Cases/Story 41 - Create Expense/TC 10" classname="Test Cases/Story 41 - Create Expense/TC 10" status="FAILED">
         <failure type="FAILED" message="Failed to tap on element 'Object Repository/Sidebar Menu/Operasional/Pengeluaran/Batal' (Root cause: Object Object Repository/Sidebar Menu/Operasional/Pengeluaran/Batal not found)"/>
         <system-out><![CDATA[2018-03-15 12:28:38 - [TEST_CASE][FAILED] - Test Cases/Story 41 - Create Expense/TC 10: Test Cases/Story 41 - Create Expense/TC 10 FAILED because (of) Failed to tap on element 'Object Repository/Sidebar Menu/Operasional/Pengeluaran/Batal' (Root cause: Object Object Repository/Sidebar Menu/Operasional/Pengeluaran/Batal not found)

2018-03-15 12:28:38 - [TEST_STEP][PASSED] - delay: Delayed 5 second(s)

2018-03-15 12:28:43 - [MESSAGE][PASSED] - Delayed 5 second(s)

2018-03-15 12:28:43 - [TEST_STEP][PASSED] - pressBack: Press back button successfully

2018-03-15 12:28:43 - [MESSAGE][PASSED] - Press back button successfully

2018-03-15 12:28:43 - [TEST_STEP][PASSED] - waitForElementPresent: Object Object Repository/Sidebar Menu/Operasional/Pengeluaran/Batal not found

2018-03-15 12:28:47 - [MESSAGE][WARNING] - Object Object Repository/Sidebar Menu/Operasional/Pengeluaran/Batal not found

2018-03-15 12:28:47 - [TEST_STEP][FAILED] - tap: Failed to tap on element 'Object Repository/Sidebar Menu/Operasional/Pengeluaran/Batal' (Root cause: Object Object Repository/Sidebar Menu/Operasional/Pengeluaran/Batal not found)

2018-03-15 12:28:50 - [MESSAGE][FAILED] - Object Object Repository/Sidebar Menu/Operasional/Pengeluaran/Batal not found

2018-03-15 12:28:50 - [MESSAGE][FAILED] - Failed to tap on element 'Object Repository/Sidebar Menu/Operasional/Pengeluaran/Batal' (Root cause: Object Object Repository/Sidebar Menu/Operasional/Pengeluaran/Batal not found)]]></system-out>
         <system-err><![CDATA[2018-03-15 12:28:38 - [TEST_CASE][FAILED] - Test Cases/Story 41 - Create Expense/TC 10: Test Cases/Story 41 - Create Expense/TC 10 FAILED because (of) Failed to tap on element 'Object Repository/Sidebar Menu/Operasional/Pengeluaran/Batal' (Root cause: Object Object Repository/Sidebar Menu/Operasional/Pengeluaran/Batal not found)]]></system-err>
      </testcase>
      <testcase name="Test Cases/Story 41 - Create Expense/TC 11" classname="Test Cases/Story 41 - Create Expense/TC 11" status="PASSED">
         <system-out><![CDATA[2018-03-15 12:28:50 - [TEST_CASE][PASSED] - Test Cases/Story 41 - Create Expense/TC 11: Test Cases/Story 41 - Create Expense/TC 11

2018-03-15 12:28:51 - [TEST_STEP][PASSED] - waitForElementPresent: Element 'Object Repository/Sidebar Menu/Operasional/Pengeluaran/Simpan - Tambah Catatan' is present

2018-03-15 12:28:51 - [MESSAGE][PASSED] - Element 'Object Repository/Sidebar Menu/Operasional/Pengeluaran/Simpan - Tambah Catatan' is present

2018-03-15 12:28:51 - [TEST_STEP][PASSED] - tap: Tapped on element 'Object Repository/Sidebar Menu/Operasional/Pengeluaran/Simpan - Tambah Catatan'

2018-03-15 12:28:51 - [MESSAGE][PASSED] - Tapped on element 'Object Repository/Sidebar Menu/Operasional/Pengeluaran/Simpan - Tambah Catatan'

2018-03-15 12:28:51 - [TEST_STEP][PASSED] - delay: Delayed 5 second(s)

2018-03-15 12:28:56 - [MESSAGE][PASSED] - Delayed 5 second(s)

2018-03-15 12:28:56 - [TEST_STEP][PASSED] - comment: End Story 41

2018-03-15 12:28:56 - [TEST_STEP][PASSED] - closeApplication: Close app successfully

2018-03-15 12:28:59 - [MESSAGE][PASSED] - Close app successfully]]></system-out>
         <system-err><![CDATA[]]></system-err>
      </testcase>
      <system-out><![CDATA[2018-03-15 12:26:14 - [TEST_SUITE][FAILED] - Story 41: Test Cases/Story 41 - Create Expense/TC 8 FAILED because (of) Failed to tap on element 'Object Repository/Sidebar Menu/Operasional/Pengeluaran/10 Maret 2018' (Root cause: Object Object Repository/Sidebar Menu/Operasional/Pengeluaran/10 Maret 2018 not found)]]></system-out>
      <system-err><![CDATA[2018-03-15 12:26:14 - [TEST_SUITE][FAILED] - Story 41: Test Cases/Story 41 - Create Expense/TC 8 FAILED because (of) Failed to tap on element 'Object Repository/Sidebar Menu/Operasional/Pengeluaran/10 Maret 2018' (Root cause: Object Object Repository/Sidebar Menu/Operasional/Pengeluaran/10 Maret 2018 not found)]]></system-err>
   </testsuite>
</testsuites>
