<?xml version="1.0" encoding="UTF-8"?>
<testsuites name="Sprint 2" time="1289" tests="4" failures="4" errors="0">
   <testsuite name="Sprint 2" tests="4" failures="4" errors="0" time="1289" timestamp="2018-02-22 11:17:41" hostname="AV2017005903 - NBMP18A211ITSQA.corp.bankbtpn.co.id" id="Test Suites/Sprint 2">
      <properties>
         <property name="deviceName" value="asus ASUS_X014D 5.1.1"/>
         <property name="devicePlatform" value=""/>
         <property name="logFolder" value="C:\\Users\\AV2017005903\\Documents\\apollo-automation\\Reports\\Sprint 2\\20180222_111739"/>
         <property name="logFiles" value="C:\\Users\\AV2017005903\\Documents\\apollo-automation\\Reports\\Sprint 2\\20180222_111739\\appium.log, C:\\Users\\AV2017005903\\Documents\\apollo-automation\\Reports\\Sprint 2\\20180222_111739\\execution0.log"/>
         <property name="attachments" value=""/>
         <property name="hostName" value="AV2017005903 - NBMP18A211ITSQA.corp.bankbtpn.co.id"/>
         <property name="os" value="Windows 10 64bit"/>
         <property name="katalonVersion" value="5.0.0.1"/>
         <property name="deviceOS" value="Android"/>
         <property name="appiumVersion" value="1.6.5"/>
         <property name="deviceModel" value="ASUS_X014D"/>
         <property name="hostAddress" value="192.168.17.200"/>
         <property name="deviceManufacturer" value="asus"/>
         <property name="deviceId" value="GBAXGV411465ERX"/>
         <property name="deviceName" value="asus ASUS_X014D 5.1.1"/>
         <property name="deviceOSVersion" value="5.1.1"/>
      </properties>
      <testcase name="Test Cases/Sprint 2/26 - TC - All" classname="Test Cases/Sprint 2/26 - TC - All" status="PASSED">
         <system-out><![CDATA[2018-02-22 11:17:41 - [TEST_CASE][PASSED] - Test Cases/Sprint 2/26 - TC - All: Test Cases/Sprint 2/26 - TC - All

2018-02-22 11:17:42 - [TEST_STEP][PASSED] - comment: Start Story 26

2018-02-22 11:17:42 - [TEST_STEP][PASSED] - Statement - apkPath = com.kms.katalon.core.util.internal.PathUtil.relativeToAbsolutePath(apkName, com.kms.katalon.core.configuration.RunConfiguration.getProjectDir()): null

2018-02-22 11:17:42 - [TEST_STEP][PASSED] - startApplication: Started app at: 'C:\Users\AV2017005903\Documents\apollo-automation\app-development-debug 220218_1100.apk'

2018-02-22 11:18:41 - [MESSAGE][PASSED] - Started app at: 'C:\Users\AV2017005903\Documents\apollo-automation\app-development-debug 220218_1100.apk'

2018-02-22 11:18:41 - [TEST_STEP][PASSED] - tap: Tapped on element 'Object Repository/Login/Daftar Sekarang - Belum Punya Akun'

2018-02-22 11:18:52 - [MESSAGE][PASSED] - Tapped on element 'Object Repository/Login/Daftar Sekarang - Belum Punya Akun'

2018-02-22 11:18:52 - [TEST_STEP][PASSED] - verifyElementExist: Element 'Object Repository/Login/Daftar Sekarang - Belum Punya Akun' is exist

2018-02-22 11:18:52 - [MESSAGE][PASSED] - Element 'Object Repository/Login/Daftar Sekarang - Belum Punya Akun' is exist

2018-02-22 11:18:52 - [TEST_STEP][NOT_RUN] - tap: NOT_RUN: tap

2018-02-22 11:18:52 - [MESSAGE][NOT_RUN] - NOT_RUN: tap

2018-02-22 11:18:52 - [TEST_STEP][NOT_RUN] - setText: NOT_RUN: setText

2018-02-22 11:18:52 - [MESSAGE][NOT_RUN] - NOT_RUN: setText

2018-02-22 11:18:52 - [TEST_STEP][NOT_RUN] - hideKeyboard: NOT_RUN: hideKeyboard

2018-02-22 11:18:52 - [MESSAGE][NOT_RUN] - NOT_RUN: hideKeyboard

2018-02-22 11:18:52 - [TEST_STEP][NOT_RUN] - tap: NOT_RUN: tap

2018-02-22 11:18:52 - [MESSAGE][NOT_RUN] - NOT_RUN: tap

2018-02-22 11:18:52 - [TEST_STEP][NOT_RUN] - waitForElementPresent: NOT_RUN: waitForElementPresent

2018-02-22 11:18:52 - [MESSAGE][NOT_RUN] - NOT_RUN: waitForElementPresent

2018-02-22 11:18:52 - [TEST_STEP][NOT_RUN] - tap: NOT_RUN: tap

2018-02-22 11:18:52 - [MESSAGE][NOT_RUN] - NOT_RUN: tap

2018-02-22 11:18:52 - [TEST_STEP][NOT_RUN] - setText: NOT_RUN: setText

2018-02-22 11:18:52 - [MESSAGE][NOT_RUN] - NOT_RUN: setText

2018-02-22 11:18:52 - [TEST_STEP][PASSED] - waitForElementPresent: Element 'Object Repository/Sidebar Menu/HamburgerButton' is present

2018-02-22 11:18:55 - [MESSAGE][PASSED] - Element 'Object Repository/Sidebar Menu/HamburgerButton' is present

2018-02-22 11:18:55 - [TEST_STEP][PASSED] - tap: Tapped on element 'Object Repository/Sidebar Menu/HamburgerButton'

2018-02-22 11:18:57 - [MESSAGE][PASSED] - Tapped on element 'Object Repository/Sidebar Menu/HamburgerButton'

2018-02-22 11:18:57 - [TEST_STEP][PASSED] - tap: Tapped on element 'Object Repository/Sidebar Menu/Operasional/Operasional - Sidebar Menu'

2018-02-22 11:18:59 - [MESSAGE][PASSED] - Tapped on element 'Object Repository/Sidebar Menu/Operasional/Operasional - Sidebar Menu'

2018-02-22 11:18:59 - [TEST_STEP][PASSED] - tap: Tapped on element 'Object Repository/Sidebar Menu/Operasional/Stock/Stock View/Stok - Navbar Menu'

2018-02-22 11:19:01 - [MESSAGE][PASSED] - Tapped on element 'Object Repository/Sidebar Menu/Operasional/Stock/Stock View/Stok - Navbar Menu'

2018-02-22 11:19:01 - [TEST_STEP][PASSED] - delay: Delayed 5 second(s)

2018-02-22 11:19:06 - [MESSAGE][PASSED] - Delayed 5 second(s)

2018-02-22 11:19:06 - [TEST_STEP][PASSED] - waitForElementPresent: Element 'Object Repository/Sidebar Menu/Operasional/Stock/Stock View/Semua Kategori - Drop Down' is present

2018-02-22 11:19:07 - [MESSAGE][PASSED] - Element 'Object Repository/Sidebar Menu/Operasional/Stock/Stock View/Semua Kategori - Drop Down' is present

2018-02-22 11:19:07 - [TEST_STEP][PASSED] - tap: Tapped on element 'Object Repository/Sidebar Menu/Operasional/Stock/Stock View/Semua Kategori - Drop Down'

2018-02-22 11:19:07 - [MESSAGE][PASSED] - Tapped on element 'Object Repository/Sidebar Menu/Operasional/Stock/Stock View/Semua Kategori - Drop Down'

2018-02-22 11:19:07 - [TEST_STEP][PASSED] - waitForElementPresent: Element 'Object Repository/Sidebar Menu/Operasional/Stock/Stock View/List Kategori - Elemen 2' is present

2018-02-22 11:19:09 - [MESSAGE][PASSED] - Element 'Object Repository/Sidebar Menu/Operasional/Stock/Stock View/List Kategori - Elemen 2' is present

2018-02-22 11:19:09 - [TEST_STEP][PASSED] - tap: Tapped on element 'Object Repository/Sidebar Menu/Operasional/Stock/Stock View/List Kategori - Elemen 2'

2018-02-22 11:19:10 - [MESSAGE][PASSED] - Tapped on element 'Object Repository/Sidebar Menu/Operasional/Stock/Stock View/List Kategori - Elemen 2'

2018-02-22 11:19:10 - [TEST_STEP][PASSED] - tap: Tapped on element 'Object Repository/Sidebar Menu/Operasional/Stock/Stock View/Terapkan - Select Kategori'

2018-02-22 11:19:11 - [MESSAGE][PASSED] - Tapped on element 'Object Repository/Sidebar Menu/Operasional/Stock/Stock View/Terapkan - Select Kategori'

2018-02-22 11:19:11 - [TEST_STEP][PASSED] - tap: Tapped on element 'Object Repository/Sidebar Menu/Operasional/Stock/Stock View/Semua Kategori - Drop Down'

2018-02-22 11:19:14 - [MESSAGE][PASSED] - Tapped on element 'Object Repository/Sidebar Menu/Operasional/Stock/Stock View/Semua Kategori - Drop Down'

2018-02-22 11:19:14 - [TEST_STEP][PASSED] - scrollToText: Scrolling to text 'Makanan' successfully

2018-02-22 11:20:07 - [MESSAGE][PASSED] - Scrolling to text 'Makanan' successfully

2018-02-22 11:20:08 - [TEST_STEP][PASSED] - tap: Tapped on element 'Object Repository/Sidebar Menu/Operasional/Stock/Stock View/List Kategori - Elemen Makanan'

2018-02-22 11:20:08 - [MESSAGE][PASSED] - Tapped on element 'Object Repository/Sidebar Menu/Operasional/Stock/Stock View/List Kategori - Elemen Makanan'

2018-02-22 11:20:08 - [TEST_STEP][PASSED] - verifyElementNotChecked: Element 'Object Repository/Sidebar Menu/Operasional/Stock/Stock View/List Kategori - Elemen Makanan' is not checked

2018-02-22 11:20:09 - [MESSAGE][PASSED] - Element 'Object Repository/Sidebar Menu/Operasional/Stock/Stock View/List Kategori - Elemen Makanan' is not checked

2018-02-22 11:20:09 - [TEST_STEP][PASSED] - tap: Tapped on element 'Object Repository/Sidebar Menu/Operasional/Stock/Stock View/Terapkan - Select Kategori'

2018-02-22 11:20:09 - [MESSAGE][PASSED] - Tapped on element 'Object Repository/Sidebar Menu/Operasional/Stock/Stock View/Terapkan - Select Kategori'

2018-02-22 11:20:09 - [TEST_STEP][PASSED] - waitForElementPresent: Element 'Object Repository/Sidebar Menu/Operasional/Stock/Stock View/Semua Kategori - Drop Down' is present

2018-02-22 11:20:11 - [MESSAGE][PASSED] - Element 'Object Repository/Sidebar Menu/Operasional/Stock/Stock View/Semua Kategori - Drop Down' is present

2018-02-22 11:20:11 - [TEST_STEP][PASSED] - tap: Tapped on element 'Object Repository/Sidebar Menu/Operasional/Stock/Stock View/Semua Kategori - Drop Down'

2018-02-22 11:20:12 - [MESSAGE][PASSED] - Tapped on element 'Object Repository/Sidebar Menu/Operasional/Stock/Stock View/Semua Kategori - Drop Down'

2018-02-22 11:20:12 - [TEST_STEP][PASSED] - tap: Tapped on element 'Object Repository/Sidebar Menu/Operasional/Stock/Stock View/List Kategori - Elemen 0'

2018-02-22 11:20:14 - [MESSAGE][PASSED] - Tapped on element 'Object Repository/Sidebar Menu/Operasional/Stock/Stock View/List Kategori - Elemen 0'

2018-02-22 11:20:14 - [TEST_STEP][PASSED] - tap: Tapped on element 'Object Repository/Sidebar Menu/Operasional/Stock/Stock View/Terapkan - Select Kategori'

2018-02-22 11:20:15 - [MESSAGE][PASSED] - Tapped on element 'Object Repository/Sidebar Menu/Operasional/Stock/Stock View/Terapkan - Select Kategori'

2018-02-22 11:20:15 - [TEST_STEP][PASSED] - tap: Tapped on element 'Object Repository/Sidebar Menu/Operasional/Stock/Stock View/Cari Produk - Parent'

2018-02-22 11:20:18 - [MESSAGE][PASSED] - Tapped on element 'Object Repository/Sidebar Menu/Operasional/Stock/Stock View/Cari Produk - Parent'

2018-02-22 11:20:18 - [TEST_STEP][PASSED] - setText: Text 'Jambu' has been set to element 'Object Repository/Sidebar Menu/Operasional/Stock/Stock View/Cari Produk - Parent'

2018-02-22 11:20:29 - [MESSAGE][PASSED] - Text 'Jambu' has been set to element 'Object Repository/Sidebar Menu/Operasional/Stock/Stock View/Cari Produk - Parent'

2018-02-22 11:20:29 - [TEST_STEP][PASSED] - verifyElementNotChecked: Element 'Object Repository/Sidebar Menu/Operasional/Stock/Stock View/Cari Produk - Parent' is not checked

2018-02-22 11:20:30 - [MESSAGE][PASSED] - Element 'Object Repository/Sidebar Menu/Operasional/Stock/Stock View/Cari Produk - Parent' is not checked

2018-02-22 11:20:30 - [TEST_STEP][PASSED] - getText: Text of element 'Object Repository/Sidebar Menu/Operasional/Stock/Stock View/Cari Produk - Parent' is: 'Jambu'

2018-02-22 11:20:32 - [MESSAGE][PASSED] - Text of element 'Object Repository/Sidebar Menu/Operasional/Stock/Stock View/Cari Produk - Parent' is: 'Jambu'

2018-02-22 11:20:32 - [TEST_STEP][PASSED] - waitForElementPresent: Element 'Object Repository/Sidebar Menu/Operasional/Stock/Stock View/Cari Produk - Parent' is present

2018-02-22 11:20:32 - [MESSAGE][PASSED] - Element 'Object Repository/Sidebar Menu/Operasional/Stock/Stock View/Cari Produk - Parent' is present

2018-02-22 11:20:32 - [TEST_STEP][PASSED] - clearText: Element 'Object Repository/Sidebar Menu/Operasional/Stock/Stock View/Cari Produk - Parent' text is cleared

2018-02-22 11:20:34 - [MESSAGE][PASSED] - Element 'Object Repository/Sidebar Menu/Operasional/Stock/Stock View/Cari Produk - Parent' text is cleared

2018-02-22 11:20:34 - [TEST_STEP][PASSED] - tap: Tapped on element 'Object Repository/Sidebar Menu/Operasional/Stock/Stock View/Semua Kategori - Drop Down'

2018-02-22 11:20:35 - [MESSAGE][PASSED] - Tapped on element 'Object Repository/Sidebar Menu/Operasional/Stock/Stock View/Semua Kategori - Drop Down'

2018-02-22 11:20:35 - [TEST_STEP][PASSED] - scrollToText: Scrolling to text 'Makanan' successfully

2018-02-22 11:20:51 - [MESSAGE][PASSED] - Scrolling to text 'Makanan' successfully

2018-02-22 11:20:51 - [TEST_STEP][PASSED] - tap: Tapped on element 'Object Repository/Sidebar Menu/Operasional/Stock/Stock View/List Kategori - Elemen Makanan'

2018-02-22 11:20:51 - [MESSAGE][PASSED] - Tapped on element 'Object Repository/Sidebar Menu/Operasional/Stock/Stock View/List Kategori - Elemen Makanan'

2018-02-22 11:20:51 - [TEST_STEP][PASSED] - verifyElementNotChecked: Element 'Object Repository/Sidebar Menu/Operasional/Stock/Stock View/List Kategori - Elemen Makanan' is not checked

2018-02-22 11:20:51 - [MESSAGE][WARNING] - Timeout '0' is invalid. Using default page load timeout: '30'

2018-02-22 11:20:52 - [MESSAGE][PASSED] - Element 'Object Repository/Sidebar Menu/Operasional/Stock/Stock View/List Kategori - Elemen Makanan' is not checked

2018-02-22 11:20:52 - [TEST_STEP][PASSED] - tap: Tapped on element 'Object Repository/Sidebar Menu/Operasional/Stock/Stock View/Terapkan - Select Kategori'

2018-02-22 11:20:52 - [MESSAGE][PASSED] - Tapped on element 'Object Repository/Sidebar Menu/Operasional/Stock/Stock View/Terapkan - Select Kategori'

2018-02-22 11:20:52 - [TEST_STEP][PASSED] - tap: Tapped on element 'Object Repository/Sidebar Menu/Operasional/Stock/Stock View/Cari Produk - Parent'

2018-02-22 11:20:55 - [MESSAGE][PASSED] - Tapped on element 'Object Repository/Sidebar Menu/Operasional/Stock/Stock View/Cari Produk - Parent'

2018-02-22 11:20:55 - [TEST_STEP][PASSED] - setText: Text 'Fifty Shades of Grey' has been set to element 'Object Repository/Sidebar Menu/Operasional/Stock/Stock View/Cari Produk - Parent'

2018-02-22 11:21:07 - [MESSAGE][PASSED] - Text 'Fifty Shades of Grey' has been set to element 'Object Repository/Sidebar Menu/Operasional/Stock/Stock View/Cari Produk - Parent'

2018-02-22 11:21:07 - [TEST_STEP][PASSED] - verifyElementNotChecked: Element 'Object Repository/Sidebar Menu/Operasional/Stock/Stock View/Cari Produk - Parent' is not checked

2018-02-22 11:21:07 - [MESSAGE][PASSED] - Element 'Object Repository/Sidebar Menu/Operasional/Stock/Stock View/Cari Produk - Parent' is not checked

2018-02-22 11:21:07 - [TEST_STEP][PASSED] - getText: Text of element 'Object Repository/Sidebar Menu/Operasional/Stock/Stock View/Cari Produk - Parent' is: 'Fifty Shades of Grey'

2018-02-22 11:21:09 - [MESSAGE][PASSED] - Text of element 'Object Repository/Sidebar Menu/Operasional/Stock/Stock View/Cari Produk - Parent' is: 'Fifty Shades of Grey'

2018-02-22 11:21:09 - [TEST_STEP][PASSED] - clearText: Element 'Object Repository/Sidebar Menu/Operasional/Stock/Stock View/Cari Produk - Parent' text is cleared

2018-02-22 11:21:12 - [MESSAGE][PASSED] - Element 'Object Repository/Sidebar Menu/Operasional/Stock/Stock View/Cari Produk - Parent' text is cleared

2018-02-22 11:21:12 - [TEST_STEP][PASSED] - tap: Tapped on element 'Object Repository/Sidebar Menu/Operasional/Stock/Stock View/Semua Kategori - Drop Down'

2018-02-22 11:21:14 - [MESSAGE][PASSED] - Tapped on element 'Object Repository/Sidebar Menu/Operasional/Stock/Stock View/Semua Kategori - Drop Down'

2018-02-22 11:21:14 - [TEST_STEP][PASSED] - tap: Tapped on element 'Object Repository/Sidebar Menu/Operasional/Stock/Stock View/List Kategori - Elemen 0'

2018-02-22 11:21:17 - [MESSAGE][PASSED] - Tapped on element 'Object Repository/Sidebar Menu/Operasional/Stock/Stock View/List Kategori - Elemen 0'

2018-02-22 11:21:17 - [TEST_STEP][PASSED] - tap: Tapped on element 'Object Repository/Sidebar Menu/Operasional/Stock/Stock View/Terapkan - Select Kategori'

2018-02-22 11:21:18 - [MESSAGE][PASSED] - Tapped on element 'Object Repository/Sidebar Menu/Operasional/Stock/Stock View/Terapkan - Select Kategori'

2018-02-22 11:21:18 - [TEST_STEP][PASSED] - tap: Tapped on element 'Object Repository/Sidebar Menu/Operasional/Stock/Stock View/Cari Produk - Parent'

2018-02-22 11:21:21 - [MESSAGE][PASSED] - Tapped on element 'Object Repository/Sidebar Menu/Operasional/Stock/Stock View/Cari Produk - Parent'

2018-02-22 11:21:21 - [TEST_STEP][PASSED] - setText: Text 'app' has been set to element 'Object Repository/Sidebar Menu/Operasional/Stock/Stock View/Cari Produk - Parent'

2018-02-22 11:21:32 - [MESSAGE][PASSED] - Text 'app' has been set to element 'Object Repository/Sidebar Menu/Operasional/Stock/Stock View/Cari Produk - Parent'

2018-02-22 11:21:32 - [TEST_STEP][PASSED] - verifyElementNotChecked: Element 'Object Repository/Sidebar Menu/Operasional/Stock/Stock View/Cari Produk - Parent' is not checked

2018-02-22 11:21:33 - [MESSAGE][PASSED] - Element 'Object Repository/Sidebar Menu/Operasional/Stock/Stock View/Cari Produk - Parent' is not checked

2018-02-22 11:21:33 - [TEST_STEP][PASSED] - getText: Text of element 'Object Repository/Sidebar Menu/Operasional/Stock/Stock View/Cari Produk - Parent' is: 'app'

2018-02-22 11:21:33 - [MESSAGE][PASSED] - Text of element 'Object Repository/Sidebar Menu/Operasional/Stock/Stock View/Cari Produk - Parent' is: 'app'

2018-02-22 11:21:33 - [TEST_STEP][PASSED] - clearText: Element 'Object Repository/Sidebar Menu/Operasional/Stock/Stock View/Cari Produk - Parent' text is cleared

2018-02-22 11:21:36 - [MESSAGE][PASSED] - Element 'Object Repository/Sidebar Menu/Operasional/Stock/Stock View/Cari Produk - Parent' text is cleared

2018-02-22 11:21:36 - [TEST_STEP][PASSED] - setText: Text 'ap' has been set to element 'Object Repository/Sidebar Menu/Operasional/Stock/Stock View/Cari Produk - Parent'

2018-02-22 11:21:44 - [MESSAGE][PASSED] - Text 'ap' has been set to element 'Object Repository/Sidebar Menu/Operasional/Stock/Stock View/Cari Produk - Parent'

2018-02-22 11:21:44 - [TEST_STEP][PASSED] - verifyElementNotChecked: Element 'Object Repository/Sidebar Menu/Operasional/Stock/Stock View/Cari Produk - Parent' is not checked

2018-02-22 11:21:44 - [MESSAGE][PASSED] - Element 'Object Repository/Sidebar Menu/Operasional/Stock/Stock View/Cari Produk - Parent' is not checked

2018-02-22 11:21:44 - [TEST_STEP][PASSED] - getText: Text of element 'Object Repository/Sidebar Menu/Operasional/Stock/Stock View/Cari Produk - Parent' is: 'ap'

2018-02-22 11:21:45 - [MESSAGE][PASSED] - Text of element 'Object Repository/Sidebar Menu/Operasional/Stock/Stock View/Cari Produk - Parent' is: 'ap'

2018-02-22 11:21:45 - [TEST_STEP][PASSED] - clearText: Element 'Object Repository/Sidebar Menu/Operasional/Stock/Stock View/Cari Produk - Parent' text is cleared

2018-02-22 11:21:49 - [MESSAGE][PASSED] - Element 'Object Repository/Sidebar Menu/Operasional/Stock/Stock View/Cari Produk - Parent' text is cleared

2018-02-22 11:21:49 - [TEST_STEP][PASSED] - setText: Text 'Rujak' has been set to element 'Object Repository/Sidebar Menu/Operasional/Stock/Stock View/Cari Produk - Parent'

2018-02-22 11:21:57 - [MESSAGE][PASSED] - Text 'Rujak' has been set to element 'Object Repository/Sidebar Menu/Operasional/Stock/Stock View/Cari Produk - Parent'

2018-02-22 11:21:57 - [TEST_STEP][PASSED] - verifyElementNotChecked: Element 'Object Repository/Sidebar Menu/Operasional/Stock/Stock View/Cari Produk - Parent' is not checked

2018-02-22 11:21:58 - [MESSAGE][PASSED] - Element 'Object Repository/Sidebar Menu/Operasional/Stock/Stock View/Cari Produk - Parent' is not checked

2018-02-22 11:21:58 - [TEST_STEP][PASSED] - getText: Text of element 'Object Repository/Sidebar Menu/Operasional/Stock/Stock View/Cari Produk - Parent' is: 'Rujak'

2018-02-22 11:22:00 - [MESSAGE][PASSED] - Text of element 'Object Repository/Sidebar Menu/Operasional/Stock/Stock View/Cari Produk - Parent' is: 'Rujak'

2018-02-22 11:22:00 - [TEST_STEP][PASSED] - clearText: Element 'Object Repository/Sidebar Menu/Operasional/Stock/Stock View/Cari Produk - Parent' text is cleared

2018-02-22 11:22:01 - [MESSAGE][PASSED] - Element 'Object Repository/Sidebar Menu/Operasional/Stock/Stock View/Cari Produk - Parent' text is cleared

2018-02-22 11:22:01 - [TEST_STEP][PASSED] - delay: Delayed 5 second(s)

2018-02-22 11:22:06 - [MESSAGE][PASSED] - Delayed 5 second(s)

2018-02-22 11:22:06 - [TEST_STEP][PASSED] - waitForElementPresent: Element 'Object Repository/Sidebar Menu/Operasional/Stock/Stock View/Semua Kategori - Drop Down' is present

2018-02-22 11:22:07 - [MESSAGE][PASSED] - Element 'Object Repository/Sidebar Menu/Operasional/Stock/Stock View/Semua Kategori - Drop Down' is present

2018-02-22 11:22:07 - [TEST_STEP][PASSED] - tap: Tapped on element 'Object Repository/Sidebar Menu/Operasional/Stock/Stock View/Semua Kategori - Drop Down'

2018-02-22 11:22:07 - [MESSAGE][PASSED] - Tapped on element 'Object Repository/Sidebar Menu/Operasional/Stock/Stock View/Semua Kategori - Drop Down'

2018-02-22 11:22:07 - [TEST_STEP][PASSED] - Statement - For (def index : (0..2)): Swiped from 30,541 to 30,257

2018-02-22 11:22:07 - [TEST_STEP][PASSED] - swipe: Swiped from 30,541 to 30,257

2018-02-22 11:22:08 - [MESSAGE][PASSED] - Swiped from 30,541 to 30,257

2018-02-22 11:22:08 - [TEST_STEP][PASSED] - swipe: Swiped from 30,541 to 30,257

2018-02-22 11:22:09 - [MESSAGE][PASSED] - Swiped from 30,541 to 30,257

2018-02-22 11:22:09 - [TEST_STEP][PASSED] - swipe: Swiped from 30,541 to 30,257

2018-02-22 11:22:09 - [MESSAGE][PASSED] - Swiped from 30,541 to 30,257

2018-02-22 11:22:09 - [TEST_STEP][PASSED] - Statement - For (def index : (0..2)): Swiped from 30,257 to 30,541

2018-02-22 11:22:09 - [TEST_STEP][PASSED] - swipe: Swiped from 30,257 to 30,541

2018-02-22 11:22:10 - [MESSAGE][PASSED] - Swiped from 30,257 to 30,541

2018-02-22 11:22:10 - [TEST_STEP][PASSED] - swipe: Swiped from 30,257 to 30,541

2018-02-22 11:22:10 - [MESSAGE][PASSED] - Swiped from 30,257 to 30,541

2018-02-22 11:22:11 - [TEST_STEP][PASSED] - swipe: Swiped from 30,257 to 30,541

2018-02-22 11:22:11 - [MESSAGE][PASSED] - Swiped from 30,257 to 30,541

2018-02-22 11:22:11 - [TEST_STEP][PASSED] - waitForElementPresent: Element 'Object Repository/Sidebar Menu/Operasional/Stock/Stock View/Terapkan - Select Kategori' is present

2018-02-22 11:22:11 - [MESSAGE][PASSED] - Element 'Object Repository/Sidebar Menu/Operasional/Stock/Stock View/Terapkan - Select Kategori' is present

2018-02-22 11:22:11 - [TEST_STEP][PASSED] - tap: Tapped on element 'Object Repository/Sidebar Menu/Operasional/Stock/Stock View/Terapkan - Select Kategori'

2018-02-22 11:22:13 - [MESSAGE][PASSED] - Tapped on element 'Object Repository/Sidebar Menu/Operasional/Stock/Stock View/Terapkan - Select Kategori'

2018-02-22 11:22:13 - [TEST_STEP][PASSED] - delay: Delayed 10 second(s)

2018-02-22 11:22:23 - [MESSAGE][PASSED] - Delayed 10 second(s)

2018-02-22 11:22:23 - [TEST_STEP][PASSED] - Statement - For (def index : (0..3)): Swiped from 0,642 to 0,399

2018-02-22 11:22:23 - [TEST_STEP][PASSED] - swipe: Swiped from 0,642 to 0,399

2018-02-22 11:22:23 - [MESSAGE][PASSED] - Swiped from 0,642 to 0,399

2018-02-22 11:22:24 - [TEST_STEP][PASSED] - swipe: Swiped from 0,642 to 0,399

2018-02-22 11:22:24 - [MESSAGE][PASSED] - Swiped from 0,642 to 0,399

2018-02-22 11:22:24 - [TEST_STEP][PASSED] - swipe: Swiped from 0,642 to 0,399

2018-02-22 11:22:25 - [MESSAGE][PASSED] - Swiped from 0,642 to 0,399

2018-02-22 11:22:25 - [TEST_STEP][PASSED] - swipe: Swiped from 0,642 to 0,399

2018-02-22 11:22:25 - [MESSAGE][PASSED] - Swiped from 0,642 to 0,399

2018-02-22 11:22:25 - [TEST_STEP][PASSED] - waitForElementPresent: Element 'Object Repository/Sidebar Menu/Operasional/Stock/Tambah Barang/Tambah Barang Button' is present

2018-02-22 11:22:28 - [MESSAGE][PASSED] - Element 'Object Repository/Sidebar Menu/Operasional/Stock/Tambah Barang/Tambah Barang Button' is present

2018-02-22 11:22:28 - [TEST_STEP][PASSED] - comment: End Story 26]]></system-out>
         <system-err><![CDATA[]]></system-err>
      </testcase>
      <testcase name="Test Cases/Sprint 2/35 - TC-All" classname="Test Cases/Sprint 2/35 - TC-All" status="FAILED">
         <failure type="FAILED" message="Failed to check for element 'Object Repository/Sidebar Menu/Operasional/Stock/Tambah Barang/Simpan Button' exist (Root cause: Element 'Object Repository/Sidebar Menu/Operasional/Stock/Tambah Barang/Simpan Button' not found)"/>
         <system-out><![CDATA[2018-02-22 11:22:28 - [TEST_CASE][FAILED] - Test Cases/Sprint 2/35 - TC-All: Test Cases/Sprint 2/35 - TC-All FAILED because (of) Failed to check for element 'Object Repository/Sidebar Menu/Operasional/Stock/Tambah Barang/Simpan Button' exist (Root cause: Element 'Object Repository/Sidebar Menu/Operasional/Stock/Tambah Barang/Simpan Button' not found)

2018-02-22 11:22:28 - [TEST_STEP][PASSED] - comment: Start Story 35

2018-02-22 11:22:28 - [TEST_STEP][PASSED] - delay: Delayed 5 second(s)

2018-02-22 11:22:33 - [MESSAGE][PASSED] - Delayed 5 second(s)

2018-02-22 11:22:33 - [TEST_STEP][PASSED] - tap: Tapped on element 'Object Repository/Sidebar Menu/Operasional/Stock/Tambah Barang/Tambah Barang Button'

2018-02-22 11:22:33 - [MESSAGE][PASSED] - Tapped on element 'Object Repository/Sidebar Menu/Operasional/Stock/Tambah Barang/Tambah Barang Button'

2018-02-22 11:22:33 - [TEST_STEP][PASSED] - verifyElementExist: Element 'Object Repository/Sidebar Menu/Operasional/Stock/Tambah Barang/Tambah Barang Button' is exist

2018-02-22 11:22:34 - [MESSAGE][PASSED] - Element 'Object Repository/Sidebar Menu/Operasional/Stock/Tambah Barang/Tambah Barang Button' is exist

2018-02-22 11:22:34 - [TEST_STEP][PASSED] - Statement - For (def index : (0..5)): Tapped on element 'Object Repository/Sidebar Menu/Operasional/Stock/Tambah Barang/Minus Tap - Jumlah Stock'

2018-02-22 11:22:34 - [TEST_STEP][PASSED] - tap: Tapped on element 'Object Repository/Sidebar Menu/Operasional/Stock/Tambah Barang/Minus Tap - Jumlah Stock'

2018-02-22 11:22:36 - [MESSAGE][PASSED] - Tapped on element 'Object Repository/Sidebar Menu/Operasional/Stock/Tambah Barang/Minus Tap - Jumlah Stock'

2018-02-22 11:22:36 - [TEST_STEP][PASSED] - tap: Tapped on element 'Object Repository/Sidebar Menu/Operasional/Stock/Tambah Barang/Minus Tap - Jumlah Stock'

2018-02-22 11:22:37 - [MESSAGE][PASSED] - Tapped on element 'Object Repository/Sidebar Menu/Operasional/Stock/Tambah Barang/Minus Tap - Jumlah Stock'

2018-02-22 11:22:37 - [TEST_STEP][PASSED] - tap: Tapped on element 'Object Repository/Sidebar Menu/Operasional/Stock/Tambah Barang/Minus Tap - Jumlah Stock'

2018-02-22 11:22:40 - [MESSAGE][PASSED] - Tapped on element 'Object Repository/Sidebar Menu/Operasional/Stock/Tambah Barang/Minus Tap - Jumlah Stock'

2018-02-22 11:22:40 - [TEST_STEP][PASSED] - tap: Tapped on element 'Object Repository/Sidebar Menu/Operasional/Stock/Tambah Barang/Minus Tap - Jumlah Stock'

2018-02-22 11:22:41 - [MESSAGE][PASSED] - Tapped on element 'Object Repository/Sidebar Menu/Operasional/Stock/Tambah Barang/Minus Tap - Jumlah Stock'

2018-02-22 11:22:41 - [TEST_STEP][PASSED] - tap: Tapped on element 'Object Repository/Sidebar Menu/Operasional/Stock/Tambah Barang/Minus Tap - Jumlah Stock'

2018-02-22 11:22:43 - [MESSAGE][PASSED] - Tapped on element 'Object Repository/Sidebar Menu/Operasional/Stock/Tambah Barang/Minus Tap - Jumlah Stock'

2018-02-22 11:22:43 - [TEST_STEP][PASSED] - tap: Tapped on element 'Object Repository/Sidebar Menu/Operasional/Stock/Tambah Barang/Minus Tap - Jumlah Stock'

2018-02-22 11:22:44 - [MESSAGE][PASSED] - Tapped on element 'Object Repository/Sidebar Menu/Operasional/Stock/Tambah Barang/Minus Tap - Jumlah Stock'

2018-02-22 11:22:44 - [TEST_STEP][PASSED] - Statement - For (def index : (0..10)): Tapped on element 'Object Repository/Sidebar Menu/Operasional/Stock/Tambah Barang/PlusTap - JumlaH Stock'

2018-02-22 11:22:44 - [TEST_STEP][PASSED] - tap: Tapped on element 'Object Repository/Sidebar Menu/Operasional/Stock/Tambah Barang/PlusTap - JumlaH Stock'

2018-02-22 11:22:46 - [MESSAGE][PASSED] - Tapped on element 'Object Repository/Sidebar Menu/Operasional/Stock/Tambah Barang/PlusTap - JumlaH Stock'

2018-02-22 11:22:46 - [TEST_STEP][PASSED] - tap: Tapped on element 'Object Repository/Sidebar Menu/Operasional/Stock/Tambah Barang/PlusTap - JumlaH Stock'

2018-02-22 11:22:47 - [MESSAGE][PASSED] - Tapped on element 'Object Repository/Sidebar Menu/Operasional/Stock/Tambah Barang/PlusTap - JumlaH Stock'

2018-02-22 11:22:47 - [TEST_STEP][PASSED] - tap: Tapped on element 'Object Repository/Sidebar Menu/Operasional/Stock/Tambah Barang/PlusTap - JumlaH Stock'

2018-02-22 11:22:49 - [MESSAGE][PASSED] - Tapped on element 'Object Repository/Sidebar Menu/Operasional/Stock/Tambah Barang/PlusTap - JumlaH Stock'

2018-02-22 11:22:49 - [TEST_STEP][PASSED] - tap: Tapped on element 'Object Repository/Sidebar Menu/Operasional/Stock/Tambah Barang/PlusTap - JumlaH Stock'

2018-02-22 11:22:51 - [MESSAGE][PASSED] - Tapped on element 'Object Repository/Sidebar Menu/Operasional/Stock/Tambah Barang/PlusTap - JumlaH Stock'

2018-02-22 11:22:51 - [TEST_STEP][PASSED] - tap: Tapped on element 'Object Repository/Sidebar Menu/Operasional/Stock/Tambah Barang/PlusTap - JumlaH Stock'

2018-02-22 11:22:52 - [MESSAGE][PASSED] - Tapped on element 'Object Repository/Sidebar Menu/Operasional/Stock/Tambah Barang/PlusTap - JumlaH Stock'

2018-02-22 11:22:52 - [TEST_STEP][PASSED] - tap: Tapped on element 'Object Repository/Sidebar Menu/Operasional/Stock/Tambah Barang/PlusTap - JumlaH Stock'

2018-02-22 11:22:54 - [MESSAGE][PASSED] - Tapped on element 'Object Repository/Sidebar Menu/Operasional/Stock/Tambah Barang/PlusTap - JumlaH Stock'

2018-02-22 11:22:54 - [TEST_STEP][PASSED] - tap: Tapped on element 'Object Repository/Sidebar Menu/Operasional/Stock/Tambah Barang/PlusTap - JumlaH Stock'

2018-02-22 11:22:56 - [MESSAGE][PASSED] - Tapped on element 'Object Repository/Sidebar Menu/Operasional/Stock/Tambah Barang/PlusTap - JumlaH Stock'

2018-02-22 11:22:56 - [TEST_STEP][PASSED] - tap: Tapped on element 'Object Repository/Sidebar Menu/Operasional/Stock/Tambah Barang/PlusTap - JumlaH Stock'

2018-02-22 11:22:58 - [MESSAGE][PASSED] - Tapped on element 'Object Repository/Sidebar Menu/Operasional/Stock/Tambah Barang/PlusTap - JumlaH Stock'

2018-02-22 11:22:58 - [TEST_STEP][PASSED] - tap: Tapped on element 'Object Repository/Sidebar Menu/Operasional/Stock/Tambah Barang/PlusTap - JumlaH Stock'

2018-02-22 11:22:59 - [MESSAGE][PASSED] - Tapped on element 'Object Repository/Sidebar Menu/Operasional/Stock/Tambah Barang/PlusTap - JumlaH Stock'

2018-02-22 11:22:59 - [TEST_STEP][PASSED] - tap: Tapped on element 'Object Repository/Sidebar Menu/Operasional/Stock/Tambah Barang/PlusTap - JumlaH Stock'

2018-02-22 11:23:01 - [MESSAGE][PASSED] - Tapped on element 'Object Repository/Sidebar Menu/Operasional/Stock/Tambah Barang/PlusTap - JumlaH Stock'

2018-02-22 11:23:01 - [TEST_STEP][PASSED] - tap: Tapped on element 'Object Repository/Sidebar Menu/Operasional/Stock/Tambah Barang/PlusTap - JumlaH Stock'

2018-02-22 11:23:02 - [MESSAGE][PASSED] - Tapped on element 'Object Repository/Sidebar Menu/Operasional/Stock/Tambah Barang/PlusTap - JumlaH Stock'

2018-02-22 11:23:02 - [TEST_STEP][PASSED] - tap: Tapped on element 'Object Repository/Sidebar Menu/Operasional/Stock/Tambah Barang/Jumlah Stock - by typing'

2018-02-22 11:23:04 - [MESSAGE][PASSED] - Tapped on element 'Object Repository/Sidebar Menu/Operasional/Stock/Tambah Barang/Jumlah Stock - by typing'

2018-02-22 11:23:04 - [TEST_STEP][PASSED] - setText: Text '123' has been set to element 'Object Repository/Sidebar Menu/Operasional/Stock/Tambah Barang/Jumlah Stock - by typing'

2018-02-22 11:23:15 - [MESSAGE][PASSED] - Text '123' has been set to element 'Object Repository/Sidebar Menu/Operasional/Stock/Tambah Barang/Jumlah Stock - by typing'

2018-02-22 11:23:15 - [TEST_STEP][PASSED] - clearText: Element 'Object Repository/Sidebar Menu/Operasional/Stock/Tambah Barang/Jumlah Stock - by typing' text is cleared

2018-02-22 11:23:20 - [MESSAGE][PASSED] - Element 'Object Repository/Sidebar Menu/Operasional/Stock/Tambah Barang/Jumlah Stock - by typing' text is cleared

2018-02-22 11:23:20 - [TEST_STEP][PASSED] - setText: Text '1.2' has been set to element 'Object Repository/Sidebar Menu/Operasional/Stock/Tambah Barang/Jumlah Stock - by typing'

2018-02-22 11:23:31 - [MESSAGE][PASSED] - Text '1.2' has been set to element 'Object Repository/Sidebar Menu/Operasional/Stock/Tambah Barang/Jumlah Stock - by typing'

2018-02-22 11:23:31 - [TEST_STEP][PASSED] - hideKeyboard: Keyboard is hidden

2018-02-22 11:23:32 - [MESSAGE][PASSED] - Keyboard is hidden

2018-02-22 11:23:32 - [TEST_STEP][PASSED] - tap: Tapped on element 'Object Repository/Sidebar Menu/Operasional/Stock/Tambah Barang/Nama Barang - Text Box'

2018-02-22 11:23:33 - [MESSAGE][PASSED] - Tapped on element 'Object Repository/Sidebar Menu/Operasional/Stock/Tambah Barang/Nama Barang - Text Box'

2018-02-22 11:23:33 - [TEST_STEP][PASSED] - setText: Text 'Kacang Sukro' has been set to element 'Object Repository/Sidebar Menu/Operasional/Stock/Tambah Barang/Nama Barang - Text Box'

2018-02-22 11:23:49 - [MESSAGE][PASSED] - Text 'Kacang Sukro' has been set to element 'Object Repository/Sidebar Menu/Operasional/Stock/Tambah Barang/Nama Barang - Text Box'

2018-02-22 11:23:49 - [TEST_STEP][PASSED] - verifyElementText: Actual text and expected text of test object 'Object Repository/Sidebar Menu/Operasional/Stock/Tambah Barang/Nama Barang - Text Box' are matched.

2018-02-22 11:23:50 - [MESSAGE][PASSED] - Actual text and expected text of test object 'Object Repository/Sidebar Menu/Operasional/Stock/Tambah Barang/Nama Barang - Text Box' are matched.

2018-02-22 11:23:50 - [TEST_STEP][PASSED] - hideKeyboard: Keyboard is hidden

2018-02-22 11:23:50 - [MESSAGE][PASSED] - Keyboard is hidden

2018-02-22 11:23:50 - [TEST_STEP][PASSED] - swipe: Swiped from 24,679 to 24,453

2018-02-22 11:23:51 - [MESSAGE][PASSED] - Swiped from 24,679 to 24,453

2018-02-22 11:23:51 - [TEST_STEP][PASSED] - pressBack: Press back button successfully

2018-02-22 11:23:52 - [MESSAGE][PASSED] - Press back button successfully

2018-02-22 11:23:52 - [TEST_STEP][PASSED] - tap: Tapped on element 'Object Repository/Sidebar Menu/Operasional/Stock/Tambah Barang/Batal - Button'

2018-02-22 11:23:53 - [MESSAGE][PASSED] - Tapped on element 'Object Repository/Sidebar Menu/Operasional/Stock/Tambah Barang/Batal - Button'

2018-02-22 11:23:53 - [TEST_STEP][PASSED] - waitForElementPresent: Element 'Object Repository/Sidebar Menu/Operasional/Stock/Tambah Barang/Pilih Kategori - SelectButton' is present

2018-02-22 11:23:54 - [MESSAGE][PASSED] - Element 'Object Repository/Sidebar Menu/Operasional/Stock/Tambah Barang/Pilih Kategori - SelectButton' is present

2018-02-22 11:23:54 - [TEST_STEP][PASSED] - tap: Tapped on element 'Object Repository/Sidebar Menu/Operasional/Stock/Tambah Barang/Pilih Kategori - SelectButton'

2018-02-22 11:23:55 - [MESSAGE][PASSED] - Tapped on element 'Object Repository/Sidebar Menu/Operasional/Stock/Tambah Barang/Pilih Kategori - SelectButton'

2018-02-22 11:23:55 - [TEST_STEP][PASSED] - tap: Tapped on element 'Object Repository/Sidebar Menu/Operasional/Stock/Tambah Barang/Pilih Kategori - SelectButton'

2018-02-22 11:23:56 - [MESSAGE][PASSED] - Tapped on element 'Object Repository/Sidebar Menu/Operasional/Stock/Tambah Barang/Pilih Kategori - SelectButton'

2018-02-22 11:23:56 - [TEST_STEP][PASSED] - scrollToText: Scrolling to text 'Makanan' successfully

2018-02-22 11:24:16 - [MESSAGE][PASSED] - Scrolling to text 'Makanan' successfully

2018-02-22 11:24:16 - [TEST_STEP][PASSED] - tap: Tapped on element 'Object Repository/Sidebar Menu/Operasional/Stock/Tambah Barang/android.widget.TextView6 - Makanan'

2018-02-22 11:24:16 - [MESSAGE][WARNING] - Timeout '0' is invalid. Using default page load timeout: '30'

2018-02-22 11:24:17 - [MESSAGE][PASSED] - Tapped on element 'Object Repository/Sidebar Menu/Operasional/Stock/Tambah Barang/android.widget.TextView6 - Makanan'

2018-02-22 11:24:17 - [TEST_STEP][PASSED] - delay: Delayed 10 second(s)

2018-02-22 11:24:27 - [MESSAGE][PASSED] - Delayed 10 second(s)

2018-02-22 11:24:27 - [TEST_STEP][PASSED] - scrollToText: Scrolling to text 'TENTUKAN DISKON' successfully

2018-02-22 11:24:31 - [MESSAGE][PASSED] - Scrolling to text 'TENTUKAN DISKON' successfully

2018-02-22 11:24:31 - [TEST_STEP][PASSED] - tap: Tapped on element 'Object Repository/Sidebar Menu/Operasional/Stock/Tambah Barang/Harga Jual - TextBox'

2018-02-22 11:24:31 - [MESSAGE][PASSED] - Tapped on element 'Object Repository/Sidebar Menu/Operasional/Stock/Tambah Barang/Harga Jual - TextBox'

2018-02-22 11:24:31 - [TEST_STEP][PASSED] - delay: Delayed 5 second(s)

2018-02-22 11:24:36 - [MESSAGE][PASSED] - Delayed 5 second(s)

2018-02-22 11:24:36 - [TEST_STEP][PASSED] - setText: Text '0' has been set to element 'Object Repository/Sidebar Menu/Operasional/Stock/Tambah Barang/Harga Jual - TextBox'

2018-02-22 11:24:51 - [MESSAGE][PASSED] - Text '0' has been set to element 'Object Repository/Sidebar Menu/Operasional/Stock/Tambah Barang/Harga Jual - TextBox'

2018-02-22 11:24:51 - [TEST_STEP][PASSED] - verifyElementText: Actual text and expected text of test object 'Object Repository/Sidebar Menu/Operasional/Stock/Tambah Barang/Harga Jual - TextBox' are matched.

2018-02-22 11:24:53 - [MESSAGE][PASSED] - Actual text and expected text of test object 'Object Repository/Sidebar Menu/Operasional/Stock/Tambah Barang/Harga Jual - TextBox' are matched.

2018-02-22 11:24:53 - [TEST_STEP][PASSED] - hideKeyboard: Keyboard is hidden

2018-02-22 11:24:53 - [MESSAGE][PASSED] - Keyboard is hidden

2018-02-22 11:24:53 - [TEST_STEP][PASSED] - setText: Text '0' has been set to element 'Object Repository/Sidebar Menu/Operasional/Stock/Tambah Barang/Nominal Diskon- TextBox'

2018-02-22 11:25:02 - [MESSAGE][PASSED] - Text '0' has been set to element 'Object Repository/Sidebar Menu/Operasional/Stock/Tambah Barang/Nominal Diskon- TextBox'

2018-02-22 11:25:02 - [TEST_STEP][PASSED] - hideKeyboard: Keyboard is hidden

2018-02-22 11:25:03 - [MESSAGE][PASSED] - Keyboard is hidden

2018-02-22 11:25:04 - [TEST_STEP][PASSED] - setText: Text '0' has been set to element 'Object Repository/Sidebar Menu/Operasional/Stock/Tambah Barang/Persentase Diskon - TextBox'

2018-02-22 11:25:14 - [MESSAGE][PASSED] - Text '0' has been set to element 'Object Repository/Sidebar Menu/Operasional/Stock/Tambah Barang/Persentase Diskon - TextBox'

2018-02-22 11:25:14 - [TEST_STEP][PASSED] - hideKeyboard: Keyboard is hidden

2018-02-22 11:25:15 - [MESSAGE][PASSED] - Keyboard is hidden

2018-02-22 11:25:15 - [TEST_STEP][PASSED] - comment: Test HARGA JUAL

2018-02-22 11:25:15 - [TEST_STEP][PASSED] - setText: Text '-2000' has been set to element 'Object Repository/Sidebar Menu/Operasional/Stock/Tambah Barang/Harga Jual - TextBox'

2018-02-22 11:25:24 - [MESSAGE][PASSED] - Text '-2000' has been set to element 'Object Repository/Sidebar Menu/Operasional/Stock/Tambah Barang/Harga Jual - TextBox'

2018-02-22 11:25:24 - [TEST_STEP][PASSED] - hideKeyboard: Keyboard is hidden

2018-02-22 11:25:25 - [MESSAGE][PASSED] - Keyboard is hidden

2018-02-22 11:25:25 - [TEST_STEP][PASSED] - delay: Delayed 10 second(s)

2018-02-22 11:25:35 - [MESSAGE][PASSED] - Delayed 10 second(s)

2018-02-22 11:25:35 - [TEST_STEP][PASSED] - clearText: Element 'Object Repository/Sidebar Menu/Operasional/Stock/Tambah Barang/Harga Jual - TextBox' text is cleared

2018-02-22 11:25:37 - [MESSAGE][PASSED] - Element 'Object Repository/Sidebar Menu/Operasional/Stock/Tambah Barang/Harga Jual - TextBox' text is cleared

2018-02-22 11:25:37 - [TEST_STEP][PASSED] - setText: Text '2k' has been set to element 'Object Repository/Sidebar Menu/Operasional/Stock/Tambah Barang/Harga Jual - TextBox'

2018-02-22 11:25:50 - [MESSAGE][PASSED] - Text '2k' has been set to element 'Object Repository/Sidebar Menu/Operasional/Stock/Tambah Barang/Harga Jual - TextBox'

2018-02-22 11:25:50 - [TEST_STEP][PASSED] - hideKeyboard: Keyboard is hidden

2018-02-22 11:25:52 - [MESSAGE][PASSED] - Keyboard is hidden

2018-02-22 11:25:52 - [TEST_STEP][PASSED] - clearText: Element 'Object Repository/Sidebar Menu/Operasional/Stock/Tambah Barang/Harga Jual - TextBox' text is cleared

2018-02-22 11:25:54 - [MESSAGE][PASSED] - Element 'Object Repository/Sidebar Menu/Operasional/Stock/Tambah Barang/Harga Jual - TextBox' text is cleared

2018-02-22 11:25:54 - [TEST_STEP][PASSED] - tap: Tapped on element 'Object Repository/Sidebar Menu/Operasional/Stock/Tambah Barang/Harga Jual - TextBox'

2018-02-22 11:25:55 - [MESSAGE][PASSED] - Tapped on element 'Object Repository/Sidebar Menu/Operasional/Stock/Tambah Barang/Harga Jual - TextBox'

2018-02-22 11:25:55 - [TEST_STEP][PASSED] - setText: Text '20000' has been set to element 'Object Repository/Sidebar Menu/Operasional/Stock/Tambah Barang/Harga Jual - TextBox'

2018-02-22 11:26:11 - [MESSAGE][PASSED] - Text '20000' has been set to element 'Object Repository/Sidebar Menu/Operasional/Stock/Tambah Barang/Harga Jual - TextBox'

2018-02-22 11:26:11 - [TEST_STEP][PASSED] - verifyElementText: Actual text and expected text of test object 'Object Repository/Sidebar Menu/Operasional/Stock/Tambah Barang/Harga Jual - TextBox' are matched.

2018-02-22 11:26:13 - [MESSAGE][PASSED] - Actual text and expected text of test object 'Object Repository/Sidebar Menu/Operasional/Stock/Tambah Barang/Harga Jual - TextBox' are matched.

2018-02-22 11:26:13 - [TEST_STEP][PASSED] - hideKeyboard: Keyboard is hidden

2018-02-22 11:26:13 - [MESSAGE][PASSED] - Keyboard is hidden

2018-02-22 11:26:14 - [TEST_STEP][PASSED] - comment: Test NOMINAL

2018-02-22 11:26:14 - [TEST_STEP][PASSED] - setText: Text '-2000' has been set to element 'Object Repository/Sidebar Menu/Operasional/Stock/Tambah Barang/Nominal Diskon- TextBox'

2018-02-22 11:26:24 - [MESSAGE][PASSED] - Text '-2000' has been set to element 'Object Repository/Sidebar Menu/Operasional/Stock/Tambah Barang/Nominal Diskon- TextBox'

2018-02-22 11:26:24 - [TEST_STEP][PASSED] - hideKeyboard: Keyboard is hidden

2018-02-22 11:26:25 - [MESSAGE][PASSED] - Keyboard is hidden

2018-02-22 11:26:25 - [TEST_STEP][PASSED] - tap: Tapped on element 'Object Repository/Sidebar Menu/Operasional/Stock/Tambah Barang/Nominal Diskon- TextBox'

2018-02-22 11:26:26 - [MESSAGE][PASSED] - Tapped on element 'Object Repository/Sidebar Menu/Operasional/Stock/Tambah Barang/Nominal Diskon- TextBox'

2018-02-22 11:26:26 - [TEST_STEP][PASSED] - clearText: Element 'Object Repository/Sidebar Menu/Operasional/Stock/Tambah Barang/Nominal Diskon- TextBox' text is cleared

2018-02-22 11:26:31 - [MESSAGE][PASSED] - Element 'Object Repository/Sidebar Menu/Operasional/Stock/Tambah Barang/Nominal Diskon- TextBox' text is cleared

2018-02-22 11:26:31 - [TEST_STEP][PASSED] - setText: Text '20000' has been set to element 'Object Repository/Sidebar Menu/Operasional/Stock/Tambah Barang/Nominal Diskon- TextBox'

2018-02-22 11:26:47 - [MESSAGE][PASSED] - Text '20000' has been set to element 'Object Repository/Sidebar Menu/Operasional/Stock/Tambah Barang/Nominal Diskon- TextBox'

2018-02-22 11:26:47 - [TEST_STEP][PASSED] - hideKeyboard: Keyboard is hidden

2018-02-22 11:26:49 - [MESSAGE][PASSED] - Keyboard is hidden

2018-02-22 11:26:49 - [TEST_STEP][PASSED] - tap: Tapped on element 'Object Repository/Sidebar Menu/Operasional/Stock/Tambah Barang/Simpan Button'

2018-02-22 11:26:50 - [MESSAGE][PASSED] - Tapped on element 'Object Repository/Sidebar Menu/Operasional/Stock/Tambah Barang/Simpan Button'

2018-02-22 11:26:50 - [TEST_STEP][PASSED] - clearText: Element 'Object Repository/Sidebar Menu/Operasional/Stock/Tambah Barang/Nominal Diskon- TextBox' text is cleared

2018-02-22 11:26:52 - [MESSAGE][PASSED] - Element 'Object Repository/Sidebar Menu/Operasional/Stock/Tambah Barang/Nominal Diskon- TextBox' text is cleared

2018-02-22 11:26:52 - [TEST_STEP][PASSED] - setText: Text '30000' has been set to element 'Object Repository/Sidebar Menu/Operasional/Stock/Tambah Barang/Nominal Diskon- TextBox'

2018-02-22 11:27:06 - [MESSAGE][PASSED] - Text '30000' has been set to element 'Object Repository/Sidebar Menu/Operasional/Stock/Tambah Barang/Nominal Diskon- TextBox'

2018-02-22 11:27:06 - [TEST_STEP][PASSED] - hideKeyboard: Keyboard is hidden

2018-02-22 11:27:08 - [MESSAGE][PASSED] - Keyboard is hidden

2018-02-22 11:27:08 - [TEST_STEP][PASSED] - tap: Tapped on element 'Object Repository/Sidebar Menu/Operasional/Stock/Tambah Barang/Simpan Button'

2018-02-22 11:27:09 - [MESSAGE][PASSED] - Tapped on element 'Object Repository/Sidebar Menu/Operasional/Stock/Tambah Barang/Simpan Button'

2018-02-22 11:27:09 - [TEST_STEP][PASSED] - clearText: Element 'Object Repository/Sidebar Menu/Operasional/Stock/Tambah Barang/Nominal Diskon- TextBox' text is cleared

2018-02-22 11:27:11 - [MESSAGE][PASSED] - Element 'Object Repository/Sidebar Menu/Operasional/Stock/Tambah Barang/Nominal Diskon- TextBox' text is cleared

2018-02-22 11:27:11 - [TEST_STEP][PASSED] - tap: Tapped on element 'Object Repository/Sidebar Menu/Operasional/Stock/Tambah Barang/Nominal Diskon- TextBox'

2018-02-22 11:27:12 - [MESSAGE][PASSED] - Tapped on element 'Object Repository/Sidebar Menu/Operasional/Stock/Tambah Barang/Nominal Diskon- TextBox'

2018-02-22 11:27:12 - [TEST_STEP][PASSED] - setText: Text '765' has been set to element 'Object Repository/Sidebar Menu/Operasional/Stock/Tambah Barang/Nominal Diskon- TextBox'

2018-02-22 11:27:27 - [MESSAGE][PASSED] - Text '765' has been set to element 'Object Repository/Sidebar Menu/Operasional/Stock/Tambah Barang/Nominal Diskon- TextBox'

2018-02-22 11:27:27 - [TEST_STEP][PASSED] - hideKeyboard: Keyboard is hidden

2018-02-22 11:27:28 - [MESSAGE][PASSED] - Keyboard is hidden

2018-02-22 11:27:28 - [TEST_STEP][PASSED] - clearText: Element 'Object Repository/Sidebar Menu/Operasional/Stock/Tambah Barang/Nominal Diskon- TextBox' text is cleared

2018-02-22 11:27:28 - [MESSAGE][WARNING] - Timeout '0' is invalid. Using default page load timeout: '30'

2018-02-22 11:27:30 - [MESSAGE][PASSED] - Element 'Object Repository/Sidebar Menu/Operasional/Stock/Tambah Barang/Nominal Diskon- TextBox' text is cleared

2018-02-22 11:27:30 - [TEST_STEP][PASSED] - sendKeys: Send keys '7654' on test object 'Object Repository/Sidebar Menu/Operasional/Stock/Tambah Barang/Nominal Diskon- TextBox' successfully.

2018-02-22 11:27:37 - [MESSAGE][PASSED] - Send keys '7654' on test object 'Object Repository/Sidebar Menu/Operasional/Stock/Tambah Barang/Nominal Diskon- TextBox' successfully.

2018-02-22 11:27:37 - [TEST_STEP][PASSED] - hideKeyboard: Keyboard is hidden

2018-02-22 11:27:38 - [MESSAGE][PASSED] - Keyboard is hidden

2018-02-22 11:27:39 - [TEST_STEP][PASSED] - clearText: Element 'Object Repository/Sidebar Menu/Operasional/Stock/Tambah Barang/Nominal Diskon- TextBox' text is cleared

2018-02-22 11:27:39 - [MESSAGE][WARNING] - Timeout '0' is invalid. Using default page load timeout: '30'

2018-02-22 11:27:41 - [MESSAGE][PASSED] - Element 'Object Repository/Sidebar Menu/Operasional/Stock/Tambah Barang/Nominal Diskon- TextBox' text is cleared

2018-02-22 11:27:41 - [TEST_STEP][PASSED] - setText: Text '23465' has been set to element 'Object Repository/Sidebar Menu/Operasional/Stock/Tambah Barang/Nominal Diskon- TextBox'

2018-02-22 11:27:57 - [MESSAGE][PASSED] - Text '23465' has been set to element 'Object Repository/Sidebar Menu/Operasional/Stock/Tambah Barang/Nominal Diskon- TextBox'

2018-02-22 11:27:57 - [TEST_STEP][PASSED] - hideKeyboard: Keyboard is hidden

2018-02-22 11:27:58 - [MESSAGE][PASSED] - Keyboard is hidden

2018-02-22 11:27:58 - [TEST_STEP][PASSED] - clearText: Element 'Object Repository/Sidebar Menu/Operasional/Stock/Tambah Barang/Nominal Diskon- TextBox' text is cleared

2018-02-22 11:27:58 - [MESSAGE][WARNING] - Timeout '0' is invalid. Using default page load timeout: '30'

2018-02-22 11:28:00 - [MESSAGE][PASSED] - Element 'Object Repository/Sidebar Menu/Operasional/Stock/Tambah Barang/Nominal Diskon- TextBox' text is cleared

2018-02-22 11:28:00 - [TEST_STEP][PASSED] - setText: Text '19999' has been set to element 'Object Repository/Sidebar Menu/Operasional/Stock/Tambah Barang/Nominal Diskon- TextBox'

2018-02-22 11:28:14 - [MESSAGE][PASSED] - Text '19999' has been set to element 'Object Repository/Sidebar Menu/Operasional/Stock/Tambah Barang/Nominal Diskon- TextBox'

2018-02-22 11:28:14 - [TEST_STEP][PASSED] - hideKeyboard: Keyboard is hidden

2018-02-22 11:28:16 - [MESSAGE][PASSED] - Keyboard is hidden

2018-02-22 11:28:16 - [TEST_STEP][PASSED] - tap: Tapped on element 'Object Repository/Sidebar Menu/Operasional/Stock/Tambah Barang/Simpan Button'

2018-02-22 11:28:17 - [MESSAGE][PASSED] - Tapped on element 'Object Repository/Sidebar Menu/Operasional/Stock/Tambah Barang/Simpan Button'

2018-02-22 11:28:17 - [TEST_STEP][PASSED] - clearText: Element 'Object Repository/Sidebar Menu/Operasional/Stock/Tambah Barang/Nominal Diskon- TextBox' text is cleared

2018-02-22 11:28:19 - [MESSAGE][PASSED] - Element 'Object Repository/Sidebar Menu/Operasional/Stock/Tambah Barang/Nominal Diskon- TextBox' text is cleared

2018-02-22 11:28:19 - [TEST_STEP][PASSED] - comment: Test PERSENTASE

2018-02-22 11:28:19 - [TEST_STEP][PASSED] - setText: Text '20' has been set to element 'Object Repository/Sidebar Menu/Operasional/Stock/Tambah Barang/Persentase Diskon - TextBox'

2018-02-22 11:28:32 - [MESSAGE][PASSED] - Text '20' has been set to element 'Object Repository/Sidebar Menu/Operasional/Stock/Tambah Barang/Persentase Diskon - TextBox'

2018-02-22 11:28:32 - [TEST_STEP][PASSED] - hideKeyboard: Keyboard is hidden

2018-02-22 11:28:33 - [MESSAGE][PASSED] - Keyboard is hidden

2018-02-22 11:28:33 - [TEST_STEP][PASSED] - clearText: Element 'Object Repository/Sidebar Menu/Operasional/Stock/Tambah Barang/Persentase Diskon - TextBox' text is cleared

2018-02-22 11:28:33 - [MESSAGE][WARNING] - Timeout '0' is invalid. Using default page load timeout: '30'

2018-02-22 11:28:35 - [MESSAGE][PASSED] - Element 'Object Repository/Sidebar Menu/Operasional/Stock/Tambah Barang/Persentase Diskon - TextBox' text is cleared

2018-02-22 11:28:35 - [TEST_STEP][PASSED] - setText: Text '-2' has been set to element 'Object Repository/Sidebar Menu/Operasional/Stock/Tambah Barang/Persentase Diskon - TextBox'

2018-02-22 11:28:51 - [MESSAGE][PASSED] - Text '-2' has been set to element 'Object Repository/Sidebar Menu/Operasional/Stock/Tambah Barang/Persentase Diskon - TextBox'

2018-02-22 11:28:51 - [TEST_STEP][PASSED] - hideKeyboard: Keyboard is hidden

2018-02-22 11:28:53 - [MESSAGE][PASSED] - Keyboard is hidden

2018-02-22 11:28:53 - [TEST_STEP][PASSED] - clearText: Element 'Object Repository/Sidebar Menu/Operasional/Stock/Tambah Barang/Persentase Diskon - TextBox' text is cleared

2018-02-22 11:28:53 - [MESSAGE][WARNING] - Timeout '0' is invalid. Using default page load timeout: '30'

2018-02-22 11:28:55 - [MESSAGE][PASSED] - Element 'Object Repository/Sidebar Menu/Operasional/Stock/Tambah Barang/Persentase Diskon - TextBox' text is cleared

2018-02-22 11:28:55 - [TEST_STEP][PASSED] - setText: Text '3452' has been set to element 'Object Repository/Sidebar Menu/Operasional/Stock/Tambah Barang/Persentase Diskon - TextBox'

2018-02-22 11:29:10 - [MESSAGE][PASSED] - Text '3452' has been set to element 'Object Repository/Sidebar Menu/Operasional/Stock/Tambah Barang/Persentase Diskon - TextBox'

2018-02-22 11:29:10 - [TEST_STEP][PASSED] - hideKeyboard: Keyboard is hidden

2018-02-22 11:29:12 - [MESSAGE][PASSED] - Keyboard is hidden

2018-02-22 11:29:12 - [TEST_STEP][PASSED] - setText: Text '23654' has been set to element 'Object Repository/Sidebar Menu/Operasional/Stock/Tambah Barang/Persentase Diskon - TextBox'

2018-02-22 11:29:21 - [MESSAGE][PASSED] - Text '23654' has been set to element 'Object Repository/Sidebar Menu/Operasional/Stock/Tambah Barang/Persentase Diskon - TextBox'

2018-02-22 11:29:21 - [TEST_STEP][PASSED] - hideKeyboard: Keyboard is hidden

2018-02-22 11:29:22 - [MESSAGE][PASSED] - Keyboard is hidden

2018-02-22 11:29:22 - [TEST_STEP][PASSED] - clearText: Element 'Object Repository/Sidebar Menu/Operasional/Stock/Tambah Barang/Persentase Diskon - TextBox' text is cleared

2018-02-22 11:29:24 - [MESSAGE][PASSED] - Element 'Object Repository/Sidebar Menu/Operasional/Stock/Tambah Barang/Persentase Diskon - TextBox' text is cleared

2018-02-22 11:29:24 - [TEST_STEP][PASSED] - setText: Text '876342' has been set to element 'Object Repository/Sidebar Menu/Operasional/Stock/Tambah Barang/Persentase Diskon - TextBox'

2018-02-22 11:29:40 - [MESSAGE][PASSED] - Text '876342' has been set to element 'Object Repository/Sidebar Menu/Operasional/Stock/Tambah Barang/Persentase Diskon - TextBox'

2018-02-22 11:29:40 - [TEST_STEP][PASSED] - hideKeyboard: Keyboard is hidden

2018-02-22 11:29:41 - [MESSAGE][PASSED] - Keyboard is hidden

2018-02-22 11:29:41 - [TEST_STEP][PASSED] - clearText: Element 'Object Repository/Sidebar Menu/Operasional/Stock/Tambah Barang/Persentase Diskon - TextBox' text is cleared

2018-02-22 11:29:43 - [MESSAGE][PASSED] - Element 'Object Repository/Sidebar Menu/Operasional/Stock/Tambah Barang/Persentase Diskon - TextBox' text is cleared

2018-02-22 11:29:43 - [TEST_STEP][PASSED] - setText: Text '876342' has been set to element 'Object Repository/Sidebar Menu/Operasional/Stock/Tambah Barang/Persentase Diskon - TextBox'

2018-02-22 11:29:58 - [MESSAGE][PASSED] - Text '876342' has been set to element 'Object Repository/Sidebar Menu/Operasional/Stock/Tambah Barang/Persentase Diskon - TextBox'

2018-02-22 11:29:58 - [TEST_STEP][PASSED] - hideKeyboard: Keyboard is hidden

2018-02-22 11:29:59 - [MESSAGE][PASSED] - Keyboard is hidden

2018-02-22 11:29:59 - [TEST_STEP][PASSED] - setText: Text '100' has been set to element 'Object Repository/Sidebar Menu/Operasional/Stock/Tambah Barang/Persentase Diskon - TextBox'

2018-02-22 11:30:07 - [MESSAGE][PASSED] - Text '100' has been set to element 'Object Repository/Sidebar Menu/Operasional/Stock/Tambah Barang/Persentase Diskon - TextBox'

2018-02-22 11:30:07 - [TEST_STEP][PASSED] - hideKeyboard: Keyboard is hidden

2018-02-22 11:30:08 - [MESSAGE][PASSED] - Keyboard is hidden

2018-02-22 11:30:08 - [TEST_STEP][PASSED] - clearText: Element 'Object Repository/Sidebar Menu/Operasional/Stock/Tambah Barang/Persentase Diskon - TextBox' text is cleared

2018-02-22 11:30:10 - [MESSAGE][PASSED] - Element 'Object Repository/Sidebar Menu/Operasional/Stock/Tambah Barang/Persentase Diskon - TextBox' text is cleared

2018-02-22 11:30:10 - [TEST_STEP][PASSED] - setText: Text '9999' has been set to element 'Object Repository/Sidebar Menu/Operasional/Stock/Tambah Barang/Persentase Diskon - TextBox'

2018-02-22 11:30:26 - [MESSAGE][PASSED] - Text '9999' has been set to element 'Object Repository/Sidebar Menu/Operasional/Stock/Tambah Barang/Persentase Diskon - TextBox'

2018-02-22 11:30:26 - [TEST_STEP][PASSED] - hideKeyboard: Keyboard is hidden

2018-02-22 11:30:27 - [MESSAGE][PASSED] - Keyboard is hidden

2018-02-22 11:30:27 - [TEST_STEP][PASSED] - tap: Tapped on element 'Object Repository/Sidebar Menu/Operasional/Stock/Tambah Barang/Simpan Button'

2018-02-22 11:30:28 - [MESSAGE][PASSED] - Tapped on element 'Object Repository/Sidebar Menu/Operasional/Stock/Tambah Barang/Simpan Button'

2018-02-22 11:30:28 - [TEST_STEP][FAILED] - verifyElementExist: Failed to check for element 'Object Repository/Sidebar Menu/Operasional/Stock/Tambah Barang/Simpan Button' exist (Root cause: Element 'Object Repository/Sidebar Menu/Operasional/Stock/Tambah Barang/Simpan Button' not found)

2018-02-22 11:30:34 - [MESSAGE][FAILED] - Element 'Object Repository/Sidebar Menu/Operasional/Stock/Tambah Barang/Simpan Button' not found

2018-02-22 11:30:34 - [MESSAGE][FAILED] - Failed to check for element 'Object Repository/Sidebar Menu/Operasional/Stock/Tambah Barang/Simpan Button' exist (Root cause: Element 'Object Repository/Sidebar Menu/Operasional/Stock/Tambah Barang/Simpan Button' not found)]]></system-out>
         <system-err><![CDATA[2018-02-22 11:22:28 - [TEST_CASE][FAILED] - Test Cases/Sprint 2/35 - TC-All: Test Cases/Sprint 2/35 - TC-All FAILED because (of) Failed to check for element 'Object Repository/Sidebar Menu/Operasional/Stock/Tambah Barang/Simpan Button' exist (Root cause: Element 'Object Repository/Sidebar Menu/Operasional/Stock/Tambah Barang/Simpan Button' not found)]]></system-err>
      </testcase>
      <testcase name="Test Cases/Sprint 2/27 - TC - All" classname="Test Cases/Sprint 2/27 - TC - All" status="PASSED">
         <system-out><![CDATA[2018-02-22 11:30:34 - [TEST_CASE][PASSED] - Test Cases/Sprint 2/27 - TC - All: Test Cases/Sprint 2/27 - TC - All

2018-02-22 11:30:34 - [TEST_STEP][PASSED] - comment: Start Story 27

2018-02-22 11:30:34 - [TEST_STEP][PASSED] - delay: Delayed 5 second(s)

2018-02-22 11:30:39 - [MESSAGE][PASSED] - Delayed 5 second(s)

2018-02-22 11:30:39 - [TEST_STEP][PASSED] - Statement - For (def index : (0..5)): Swiped from 0,642 to 0,399

2018-02-22 11:30:39 - [TEST_STEP][PASSED] - swipe: Swiped from 0,642 to 0,399

2018-02-22 11:30:39 - [MESSAGE][PASSED] - Swiped from 0,642 to 0,399

2018-02-22 11:30:40 - [TEST_STEP][PASSED] - swipe: Swiped from 0,642 to 0,399

2018-02-22 11:30:40 - [MESSAGE][PASSED] - Swiped from 0,642 to 0,399

2018-02-22 11:30:40 - [TEST_STEP][PASSED] - swipe: Swiped from 0,642 to 0,399

2018-02-22 11:30:41 - [MESSAGE][PASSED] - Swiped from 0,642 to 0,399

2018-02-22 11:30:41 - [TEST_STEP][PASSED] - swipe: Swiped from 0,642 to 0,399

2018-02-22 11:30:41 - [MESSAGE][PASSED] - Swiped from 0,642 to 0,399

2018-02-22 11:30:41 - [TEST_STEP][PASSED] - swipe: Swiped from 0,642 to 0,399

2018-02-22 11:30:42 - [MESSAGE][PASSED] - Swiped from 0,642 to 0,399

2018-02-22 11:30:42 - [TEST_STEP][PASSED] - swipe: Swiped from 0,642 to 0,399

2018-02-22 11:30:43 - [MESSAGE][PASSED] - Swiped from 0,642 to 0,399

2018-02-22 11:30:43 - [TEST_STEP][PASSED] - tap: Tapped on element 'Object Repository/Sidebar Menu/Operasional/Stock/Stock View/Cari Produk - Parent'

2018-02-22 11:30:44 - [MESSAGE][PASSED] - Tapped on element 'Object Repository/Sidebar Menu/Operasional/Stock/Stock View/Cari Produk - Parent'

2018-02-22 11:30:44 - [TEST_STEP][PASSED] - setText: Text 'Kacang Sukro' has been set to element 'Object Repository/Sidebar Menu/Operasional/Stock/Stock View/Cari Produk - Parent'

2018-02-22 11:30:55 - [MESSAGE][PASSED] - Text 'Kacang Sukro' has been set to element 'Object Repository/Sidebar Menu/Operasional/Stock/Stock View/Cari Produk - Parent'

2018-02-22 11:30:55 - [TEST_STEP][PASSED] - getText: Text of element 'Object Repository/Sidebar Menu/Operasional/Stock/Stock View/Cari Produk - Parent' is: 'Kacang Sukro'

2018-02-22 11:30:56 - [MESSAGE][PASSED] - Text of element 'Object Repository/Sidebar Menu/Operasional/Stock/Stock View/Cari Produk - Parent' is: 'Kacang Sukro'

2018-02-22 11:30:56 - [TEST_STEP][PASSED] - tap: Tapped on element 'Object Repository/Sidebar Menu/Operasional/Stock/Detail Barang/List Produk Search - Elemen 1'

2018-02-22 11:30:58 - [MESSAGE][PASSED] - Tapped on element 'Object Repository/Sidebar Menu/Operasional/Stock/Detail Barang/List Produk Search - Elemen 1'

2018-02-22 11:30:58 - [TEST_STEP][PASSED] - delay: Delayed 5 second(s)

2018-02-22 11:31:03 - [MESSAGE][PASSED] - Delayed 5 second(s)

2018-02-22 11:31:03 - [TEST_STEP][PASSED] - comment: Swipe ke Bawah

2018-02-22 11:31:03 - [TEST_STEP][PASSED] - swipe: Swiped from 24,788 to 24,452

2018-02-22 11:31:04 - [MESSAGE][PASSED] - Swiped from 24,788 to 24,452

2018-02-22 11:31:04 - [TEST_STEP][PASSED] - comment: Share to FB dan IG

2018-02-22 11:31:04 - [TEST_STEP][NOT_RUN] - tap: NOT_RUN: tap

2018-02-22 11:31:04 - [MESSAGE][NOT_RUN] - NOT_RUN: tap

2018-02-22 11:31:04 - [TEST_STEP][NOT_RUN] - verifyElementExist: NOT_RUN: verifyElementExist

2018-02-22 11:31:04 - [MESSAGE][NOT_RUN] - NOT_RUN: verifyElementExist

2018-02-22 11:31:04 - [TEST_STEP][NOT_RUN] - delay: NOT_RUN: delay

2018-02-22 11:31:04 - [MESSAGE][NOT_RUN] - NOT_RUN: delay

2018-02-22 11:31:04 - [TEST_STEP][PASSED] - tap: Tapped on element 'Object Repository/Sidebar Menu/Operasional/Stock/Detail Barang/Jual via Instagram'

2018-02-22 11:31:05 - [MESSAGE][PASSED] - Tapped on element 'Object Repository/Sidebar Menu/Operasional/Stock/Detail Barang/Jual via Instagram'

2018-02-22 11:31:05 - [TEST_STEP][PASSED] - delay: Delayed 5 second(s)

2018-02-22 11:31:10 - [MESSAGE][PASSED] - Delayed 5 second(s)

2018-02-22 11:31:10 - [TEST_STEP][PASSED] - pressBack: Press back button successfully

2018-02-22 11:31:10 - [MESSAGE][PASSED] - Press back button successfully

2018-02-22 11:31:10 - [TEST_STEP][PASSED] - delay: Delayed 5 second(s)

2018-02-22 11:31:15 - [MESSAGE][PASSED] - Delayed 5 second(s)

2018-02-22 11:31:15 - [TEST_STEP][PASSED] - comment: Swipe ke Atas

2018-02-22 11:31:15 - [TEST_STEP][PASSED] - swipe: Swiped from 24,452 to 24,788

2018-02-22 11:31:16 - [MESSAGE][PASSED] - Swiped from 24,452 to 24,788

2018-02-22 11:31:16 - [TEST_STEP][PASSED] - delay: Delayed 5 second(s)

2018-02-22 11:31:21 - [MESSAGE][PASSED] - Delayed 5 second(s)

2018-02-22 11:31:21 - [TEST_STEP][PASSED] - tap: Tapped on element 'Object Repository/Sidebar Menu/Operasional/Stock/Detail Barang/INFO SUPPLIER'

2018-02-22 11:31:22 - [MESSAGE][PASSED] - Tapped on element 'Object Repository/Sidebar Menu/Operasional/Stock/Detail Barang/INFO SUPPLIER'

2018-02-22 11:31:22 - [TEST_STEP][PASSED] - waitForElementPresent: Element 'Object Repository/Sidebar Menu/Operasional/Stock/Detail Barang/INFO STOK' is present

2018-02-22 11:31:22 - [MESSAGE][WARNING] - Timeout '0' is invalid. Using default page load timeout: '30'

2018-02-22 11:31:22 - [MESSAGE][PASSED] - Element 'Object Repository/Sidebar Menu/Operasional/Stock/Detail Barang/INFO STOK' is present

2018-02-22 11:31:22 - [TEST_STEP][PASSED] - tap: Tapped on element 'Object Repository/Sidebar Menu/Operasional/Stock/Detail Barang/INFO STOK'

2018-02-22 11:31:23 - [MESSAGE][PASSED] - Tapped on element 'Object Repository/Sidebar Menu/Operasional/Stock/Detail Barang/INFO STOK'

2018-02-22 11:31:23 - [TEST_STEP][PASSED] - swipe: Swiped from 24,788 to 24,452

2018-02-22 11:31:23 - [MESSAGE][PASSED] - Swiped from 24,788 to 24,452

2018-02-22 11:31:24 - [TEST_STEP][PASSED] - comment: End Story 27]]></system-out>
         <system-err><![CDATA[]]></system-err>
      </testcase>
      <testcase name="Test Cases/Sprint 2/46 - TC - All" classname="Test Cases/Sprint 2/46 - TC - All" status="PASSED">
         <system-out><![CDATA[2018-02-22 11:31:24 - [TEST_CASE][PASSED] - Test Cases/Sprint 2/46 - TC - All: Test Cases/Sprint 2/46 - TC - All

2018-02-22 11:31:24 - [TEST_STEP][PASSED] - comment: Start Story 46

2018-02-22 11:31:24 - [TEST_STEP][PASSED] - delay: Delayed 5 second(s)

2018-02-22 11:31:29 - [MESSAGE][PASSED] - Delayed 5 second(s)

2018-02-22 11:31:29 - [TEST_STEP][PASSED] - tap: Tapped on element 'Object Repository/Sidebar Menu/Operasional/Stock/Detail Barang/Ubah Info - Button'

2018-02-22 11:31:29 - [MESSAGE][PASSED] - Tapped on element 'Object Repository/Sidebar Menu/Operasional/Stock/Detail Barang/Ubah Info - Button'

2018-02-22 11:31:29 - [TEST_STEP][PASSED] - Statement - For (def index : (0..5)): Tapped on element 'Object Repository/Sidebar Menu/Operasional/Stock/Tambah Barang/Minus Tap - Jumlah Stock'

2018-02-22 11:31:29 - [TEST_STEP][PASSED] - tap: Tapped on element 'Object Repository/Sidebar Menu/Operasional/Stock/Tambah Barang/Minus Tap - Jumlah Stock'

2018-02-22 11:31:32 - [MESSAGE][PASSED] - Tapped on element 'Object Repository/Sidebar Menu/Operasional/Stock/Tambah Barang/Minus Tap - Jumlah Stock'

2018-02-22 11:31:32 - [TEST_STEP][PASSED] - tap: Tapped on element 'Object Repository/Sidebar Menu/Operasional/Stock/Tambah Barang/Minus Tap - Jumlah Stock'

2018-02-22 11:31:33 - [MESSAGE][PASSED] - Tapped on element 'Object Repository/Sidebar Menu/Operasional/Stock/Tambah Barang/Minus Tap - Jumlah Stock'

2018-02-22 11:31:33 - [TEST_STEP][PASSED] - tap: Tapped on element 'Object Repository/Sidebar Menu/Operasional/Stock/Tambah Barang/Minus Tap - Jumlah Stock'

2018-02-22 11:31:35 - [MESSAGE][PASSED] - Tapped on element 'Object Repository/Sidebar Menu/Operasional/Stock/Tambah Barang/Minus Tap - Jumlah Stock'

2018-02-22 11:31:35 - [TEST_STEP][PASSED] - tap: Tapped on element 'Object Repository/Sidebar Menu/Operasional/Stock/Tambah Barang/Minus Tap - Jumlah Stock'

2018-02-22 11:31:36 - [MESSAGE][PASSED] - Tapped on element 'Object Repository/Sidebar Menu/Operasional/Stock/Tambah Barang/Minus Tap - Jumlah Stock'

2018-02-22 11:31:36 - [TEST_STEP][PASSED] - tap: Tapped on element 'Object Repository/Sidebar Menu/Operasional/Stock/Tambah Barang/Minus Tap - Jumlah Stock'

2018-02-22 11:31:38 - [MESSAGE][PASSED] - Tapped on element 'Object Repository/Sidebar Menu/Operasional/Stock/Tambah Barang/Minus Tap - Jumlah Stock'

2018-02-22 11:31:38 - [TEST_STEP][PASSED] - tap: Tapped on element 'Object Repository/Sidebar Menu/Operasional/Stock/Tambah Barang/Minus Tap - Jumlah Stock'

2018-02-22 11:31:39 - [MESSAGE][PASSED] - Tapped on element 'Object Repository/Sidebar Menu/Operasional/Stock/Tambah Barang/Minus Tap - Jumlah Stock'

2018-02-22 11:31:39 - [TEST_STEP][PASSED] - Statement - For (def index : (0..10)): Tapped on element 'Object Repository/Sidebar Menu/Operasional/Stock/Tambah Barang/PlusTap - JumlaH Stock'

2018-02-22 11:31:39 - [TEST_STEP][PASSED] - tap: Tapped on element 'Object Repository/Sidebar Menu/Operasional/Stock/Tambah Barang/PlusTap - JumlaH Stock'

2018-02-22 11:31:40 - [MESSAGE][PASSED] - Tapped on element 'Object Repository/Sidebar Menu/Operasional/Stock/Tambah Barang/PlusTap - JumlaH Stock'

2018-02-22 11:31:40 - [TEST_STEP][PASSED] - tap: Tapped on element 'Object Repository/Sidebar Menu/Operasional/Stock/Tambah Barang/PlusTap - JumlaH Stock'

2018-02-22 11:31:42 - [MESSAGE][PASSED] - Tapped on element 'Object Repository/Sidebar Menu/Operasional/Stock/Tambah Barang/PlusTap - JumlaH Stock'

2018-02-22 11:31:42 - [TEST_STEP][PASSED] - tap: Tapped on element 'Object Repository/Sidebar Menu/Operasional/Stock/Tambah Barang/PlusTap - JumlaH Stock'

2018-02-22 11:31:43 - [MESSAGE][PASSED] - Tapped on element 'Object Repository/Sidebar Menu/Operasional/Stock/Tambah Barang/PlusTap - JumlaH Stock'

2018-02-22 11:31:43 - [TEST_STEP][PASSED] - tap: Tapped on element 'Object Repository/Sidebar Menu/Operasional/Stock/Tambah Barang/PlusTap - JumlaH Stock'

2018-02-22 11:31:45 - [MESSAGE][PASSED] - Tapped on element 'Object Repository/Sidebar Menu/Operasional/Stock/Tambah Barang/PlusTap - JumlaH Stock'

2018-02-22 11:31:45 - [TEST_STEP][PASSED] - tap: Tapped on element 'Object Repository/Sidebar Menu/Operasional/Stock/Tambah Barang/PlusTap - JumlaH Stock'

2018-02-22 11:31:46 - [MESSAGE][PASSED] - Tapped on element 'Object Repository/Sidebar Menu/Operasional/Stock/Tambah Barang/PlusTap - JumlaH Stock'

2018-02-22 11:31:46 - [TEST_STEP][PASSED] - tap: Tapped on element 'Object Repository/Sidebar Menu/Operasional/Stock/Tambah Barang/PlusTap - JumlaH Stock'

2018-02-22 11:31:48 - [MESSAGE][PASSED] - Tapped on element 'Object Repository/Sidebar Menu/Operasional/Stock/Tambah Barang/PlusTap - JumlaH Stock'

2018-02-22 11:31:48 - [TEST_STEP][PASSED] - tap: Tapped on element 'Object Repository/Sidebar Menu/Operasional/Stock/Tambah Barang/PlusTap - JumlaH Stock'

2018-02-22 11:31:50 - [MESSAGE][PASSED] - Tapped on element 'Object Repository/Sidebar Menu/Operasional/Stock/Tambah Barang/PlusTap - JumlaH Stock'

2018-02-22 11:31:50 - [TEST_STEP][PASSED] - tap: Tapped on element 'Object Repository/Sidebar Menu/Operasional/Stock/Tambah Barang/PlusTap - JumlaH Stock'

2018-02-22 11:31:52 - [MESSAGE][PASSED] - Tapped on element 'Object Repository/Sidebar Menu/Operasional/Stock/Tambah Barang/PlusTap - JumlaH Stock'

2018-02-22 11:31:52 - [TEST_STEP][PASSED] - tap: Tapped on element 'Object Repository/Sidebar Menu/Operasional/Stock/Tambah Barang/PlusTap - JumlaH Stock'

2018-02-22 11:31:53 - [MESSAGE][PASSED] - Tapped on element 'Object Repository/Sidebar Menu/Operasional/Stock/Tambah Barang/PlusTap - JumlaH Stock'

2018-02-22 11:31:53 - [TEST_STEP][PASSED] - tap: Tapped on element 'Object Repository/Sidebar Menu/Operasional/Stock/Tambah Barang/PlusTap - JumlaH Stock'

2018-02-22 11:31:55 - [MESSAGE][PASSED] - Tapped on element 'Object Repository/Sidebar Menu/Operasional/Stock/Tambah Barang/PlusTap - JumlaH Stock'

2018-02-22 11:31:55 - [TEST_STEP][PASSED] - tap: Tapped on element 'Object Repository/Sidebar Menu/Operasional/Stock/Tambah Barang/PlusTap - JumlaH Stock'

2018-02-22 11:31:56 - [MESSAGE][PASSED] - Tapped on element 'Object Repository/Sidebar Menu/Operasional/Stock/Tambah Barang/PlusTap - JumlaH Stock'

2018-02-22 11:31:56 - [TEST_STEP][PASSED] - tap: Tapped on element 'Object Repository/Sidebar Menu/Operasional/Stock/Tambah Barang/Jumlah Stock - by typing'

2018-02-22 11:31:58 - [MESSAGE][PASSED] - Tapped on element 'Object Repository/Sidebar Menu/Operasional/Stock/Tambah Barang/Jumlah Stock - by typing'

2018-02-22 11:31:58 - [TEST_STEP][PASSED] - setText: Text '123' has been set to element 'Object Repository/Sidebar Menu/Operasional/Stock/Tambah Barang/Jumlah Stock - by typing'

2018-02-22 11:32:17 - [MESSAGE][PASSED] - Text '123' has been set to element 'Object Repository/Sidebar Menu/Operasional/Stock/Tambah Barang/Jumlah Stock - by typing'

2018-02-22 11:32:17 - [TEST_STEP][PASSED] - clearText: Element 'Object Repository/Sidebar Menu/Operasional/Stock/Tambah Barang/Jumlah Stock - by typing' text is cleared

2018-02-22 11:32:22 - [MESSAGE][PASSED] - Element 'Object Repository/Sidebar Menu/Operasional/Stock/Tambah Barang/Jumlah Stock - by typing' text is cleared

2018-02-22 11:32:22 - [TEST_STEP][PASSED] - setText: Text '10.6' has been set to element 'Object Repository/Sidebar Menu/Operasional/Stock/Tambah Barang/Jumlah Stock - by typing'

2018-02-22 11:32:41 - [MESSAGE][PASSED] - Text '10.6' has been set to element 'Object Repository/Sidebar Menu/Operasional/Stock/Tambah Barang/Jumlah Stock - by typing'

2018-02-22 11:32:41 - [TEST_STEP][PASSED] - hideKeyboard: Keyboard is hidden

2018-02-22 11:32:42 - [MESSAGE][PASSED] - Keyboard is hidden

2018-02-22 11:32:42 - [TEST_STEP][PASSED] - tap: Tapped on element 'Object Repository/Sidebar Menu/Operasional/Stock/Tambah Barang/SKU Produk - Text Box'

2018-02-22 11:32:43 - [MESSAGE][PASSED] - Tapped on element 'Object Repository/Sidebar Menu/Operasional/Stock/Tambah Barang/SKU Produk - Text Box'

2018-02-22 11:32:43 - [TEST_STEP][PASSED] - setText: Text '16091996145' has been set to element 'Object Repository/Sidebar Menu/Operasional/Stock/Tambah Barang/SKU Produk - Text Box'

2018-02-22 11:32:57 - [MESSAGE][PASSED] - Text '16091996145' has been set to element 'Object Repository/Sidebar Menu/Operasional/Stock/Tambah Barang/SKU Produk - Text Box'

2018-02-22 11:32:57 - [TEST_STEP][PASSED] - verifyElementText: Actual text and expected text of test object 'Object Repository/Sidebar Menu/Operasional/Stock/Tambah Barang/SKU Produk - Text Box' are matched.

2018-02-22 11:32:59 - [MESSAGE][PASSED] - Actual text and expected text of test object 'Object Repository/Sidebar Menu/Operasional/Stock/Tambah Barang/SKU Produk - Text Box' are matched.

2018-02-22 11:32:59 - [TEST_STEP][PASSED] - getText: Text of element 'Object Repository/Sidebar Menu/Operasional/Stock/Tambah Barang/SKU Produk - Text Box' is: '16091996145'

2018-02-22 11:32:59 - [MESSAGE][PASSED] - Text of element 'Object Repository/Sidebar Menu/Operasional/Stock/Tambah Barang/SKU Produk - Text Box' is: '16091996145'

2018-02-22 11:32:59 - [TEST_STEP][PASSED] - hideKeyboard: Keyboard is hidden

2018-02-22 11:32:59 - [MESSAGE][PASSED] - Keyboard is hidden

2018-02-22 11:32:59 - [TEST_STEP][PASSED] - pressBack: Press back button successfully

2018-02-22 11:33:00 - [MESSAGE][PASSED] - Press back button successfully

2018-02-22 11:33:00 - [TEST_STEP][PASSED] - tap: Tapped on element 'Object Repository/Sidebar Menu/Operasional/Stock/Detail Barang/Batal Button'

2018-02-22 11:33:01 - [MESSAGE][PASSED] - Tapped on element 'Object Repository/Sidebar Menu/Operasional/Stock/Detail Barang/Batal Button'

2018-02-22 11:33:01 - [TEST_STEP][PASSED] - comment: Gabungan buat Story 38

2018-02-22 11:33:01 - [TEST_STEP][PASSED] - tap: Tapped on element 'Object Repository/Sidebar Menu/Operasional/Stock/Tambah Barang/Pilih Kategori - SelectButton'

2018-02-22 11:33:03 - [MESSAGE][PASSED] - Tapped on element 'Object Repository/Sidebar Menu/Operasional/Stock/Tambah Barang/Pilih Kategori - SelectButton'

2018-02-22 11:33:03 - [TEST_STEP][PASSED] - tap: Tapped on element 'Object Repository/Sidebar Menu/Operasional/Stock/Tambah Barang/Pilih Kategori - SelectButton'

2018-02-22 11:33:04 - [MESSAGE][PASSED] - Tapped on element 'Object Repository/Sidebar Menu/Operasional/Stock/Tambah Barang/Pilih Kategori - SelectButton'

2018-02-22 11:33:04 - [TEST_STEP][PASSED] - scrollToText: Scrolling to text 'PENGATURAN KATEGORI' successfully

2018-02-22 11:33:13 - [MESSAGE][PASSED] - Scrolling to text 'PENGATURAN KATEGORI' successfully

2018-02-22 11:33:14 - [TEST_STEP][PASSED] - tap: Tapped on element 'Object Repository/Sidebar Menu/Operasional/Stock/Detail Barang/Pengaturan Kategori'

2018-02-22 11:33:14 - [MESSAGE][PASSED] - Tapped on element 'Object Repository/Sidebar Menu/Operasional/Stock/Detail Barang/Pengaturan Kategori'

2018-02-22 11:33:14 - [TEST_STEP][PASSED] - delay: Delayed 5 second(s)

2018-02-22 11:33:19 - [MESSAGE][PASSED] - Delayed 5 second(s)

2018-02-22 11:33:19 - [TEST_STEP][PASSED] - Statement - For (def index : (0..4)): Swiped from 381,139 to 450,139

2018-02-22 11:33:19 - [TEST_STEP][PASSED] - Statement - If (true): Swiped from 381,139 to 450,139

2018-02-22 11:33:19 - [TEST_STEP][PASSED] - swipe: Swiped from 381,139 to 450,139

2018-02-22 11:33:20 - [MESSAGE][PASSED] - Swiped from 381,139 to 450,139

2018-02-22 11:33:20 - [TEST_STEP][PASSED] - Statement - If (true): Swiped from 381,139 to 450,139

2018-02-22 11:33:20 - [TEST_STEP][PASSED] - swipe: Swiped from 381,139 to 450,139

2018-02-22 11:33:20 - [MESSAGE][PASSED] - Swiped from 381,139 to 450,139

2018-02-22 11:33:21 - [TEST_STEP][PASSED] - Statement - If (true): Swiped from 381,139 to 450,139

2018-02-22 11:33:21 - [TEST_STEP][PASSED] - swipe: Swiped from 381,139 to 450,139

2018-02-22 11:33:21 - [MESSAGE][PASSED] - Swiped from 381,139 to 450,139

2018-02-22 11:33:21 - [TEST_STEP][PASSED] - Statement - If (true): Swiped from 381,139 to 450,139

2018-02-22 11:33:21 - [TEST_STEP][PASSED] - swipe: Swiped from 381,139 to 450,139

2018-02-22 11:33:22 - [MESSAGE][PASSED] - Swiped from 381,139 to 450,139

2018-02-22 11:33:22 - [TEST_STEP][PASSED] - Statement - If (true): Swiped from 381,139 to 450,139

2018-02-22 11:33:22 - [TEST_STEP][PASSED] - swipe: Swiped from 381,139 to 450,139

2018-02-22 11:33:22 - [MESSAGE][PASSED] - Swiped from 381,139 to 450,139

2018-02-22 11:33:23 - [TEST_STEP][PASSED] - Statement - If (true): Swiped from 381,213 to 450,213

2018-02-22 11:33:23 - [TEST_STEP][PASSED] - swipe: Swiped from 381,213 to 450,213

2018-02-22 11:33:23 - [MESSAGE][PASSED] - Swiped from 381,213 to 450,213

2018-02-22 11:33:23 - [TEST_STEP][PASSED] - Statement - If (true): Swiped from 381,286 to 450,286

2018-02-22 11:33:23 - [TEST_STEP][PASSED] - swipe: Swiped from 381,286 to 450,286

2018-02-22 11:33:24 - [MESSAGE][PASSED] - Swiped from 381,286 to 450,286

2018-02-22 11:33:24 - [TEST_STEP][PASSED] - Statement - For (def index : (0..4)): Swiped from 381,727 to 450,727

2018-02-22 11:33:24 - [TEST_STEP][PASSED] - Statement - If (true): Swiped from 381,727 to 450,727

2018-02-22 11:33:24 - [TEST_STEP][PASSED] - swipe: Swiped from 381,727 to 450,727

2018-02-22 11:33:24 - [MESSAGE][PASSED] - Swiped from 381,727 to 450,727

2018-02-22 11:33:25 - [TEST_STEP][PASSED] - Statement - If (true): Swiped from 381,727 to 450,727

2018-02-22 11:33:25 - [TEST_STEP][PASSED] - swipe: Swiped from 381,727 to 450,727

2018-02-22 11:33:25 - [MESSAGE][PASSED] - Swiped from 381,727 to 450,727

2018-02-22 11:33:25 - [TEST_STEP][PASSED] - Statement - If (true): Swiped from 381,727 to 450,727

2018-02-22 11:33:25 - [TEST_STEP][PASSED] - swipe: Swiped from 381,727 to 450,727

2018-02-22 11:33:26 - [MESSAGE][PASSED] - Swiped from 381,727 to 450,727

2018-02-22 11:33:26 - [TEST_STEP][PASSED] - Statement - If (true): Swiped from 381,727 to 450,727

2018-02-22 11:33:26 - [TEST_STEP][PASSED] - swipe: Swiped from 381,727 to 450,727

2018-02-22 11:33:26 - [MESSAGE][PASSED] - Swiped from 381,727 to 450,727

2018-02-22 11:33:27 - [TEST_STEP][PASSED] - Statement - If (true): Swiped from 381,727 to 450,727

2018-02-22 11:33:27 - [TEST_STEP][PASSED] - swipe: Swiped from 381,727 to 450,727

2018-02-22 11:33:27 - [MESSAGE][PASSED] - Swiped from 381,727 to 450,727

2018-02-22 11:33:27 - [TEST_STEP][PASSED] - waitForElementPresent: Element 'Object Repository/Sidebar Menu/Operasional/Stock/Detail Barang/SIMPAN Button' is present

2018-02-22 11:33:29 - [MESSAGE][PASSED] - Element 'Object Repository/Sidebar Menu/Operasional/Stock/Detail Barang/SIMPAN Button' is present

2018-02-22 11:33:29 - [TEST_STEP][PASSED] - tap: Tapped on element 'Object Repository/Sidebar Menu/Operasional/Stock/Detail Barang/SIMPAN Button'

2018-02-22 11:33:29 - [MESSAGE][PASSED] - Tapped on element 'Object Repository/Sidebar Menu/Operasional/Stock/Detail Barang/SIMPAN Button'

2018-02-22 11:33:29 - [TEST_STEP][PASSED] - scrollToText: Scrolling to text 'TAMBAH KATEGORI' successfully

2018-02-22 11:33:50 - [MESSAGE][PASSED] - Scrolling to text 'TAMBAH KATEGORI' successfully

2018-02-22 11:33:51 - [TEST_STEP][PASSED] - waitForElementPresent: Element 'Object Repository/Sidebar Menu/Operasional/Stock/Detail Barang/TAMBAH KATEGORI' is present

2018-02-22 11:33:51 - [MESSAGE][PASSED] - Element 'Object Repository/Sidebar Menu/Operasional/Stock/Detail Barang/TAMBAH KATEGORI' is present

2018-02-22 11:33:51 - [TEST_STEP][PASSED] - tap: Tapped on element 'Object Repository/Sidebar Menu/Operasional/Stock/Detail Barang/TAMBAH KATEGORI'

2018-02-22 11:33:52 - [MESSAGE][PASSED] - Tapped on element 'Object Repository/Sidebar Menu/Operasional/Stock/Detail Barang/TAMBAH KATEGORI'

2018-02-22 11:33:52 - [TEST_STEP][PASSED] - tap: Tapped on element 'Object Repository/Sidebar Menu/Operasional/Stock/Detail Barang/TERAPKAN - Button'

2018-02-22 11:33:53 - [MESSAGE][PASSED] - Tapped on element 'Object Repository/Sidebar Menu/Operasional/Stock/Detail Barang/TERAPKAN - Button'

2018-02-22 11:33:53 - [TEST_STEP][PASSED] - tap: Tapped on element 'Object Repository/Sidebar Menu/Operasional/Stock/Detail Barang/Nama Kategori'

2018-02-22 11:33:54 - [MESSAGE][PASSED] - Tapped on element 'Object Repository/Sidebar Menu/Operasional/Stock/Detail Barang/Nama Kategori'

2018-02-22 11:33:54 - [TEST_STEP][PASSED] - setText: Text 'Kesehatan' has been set to element 'Object Repository/Sidebar Menu/Operasional/Stock/Detail Barang/Nama Kategori'

2018-02-22 11:34:04 - [MESSAGE][PASSED] - Text 'Kesehatan' has been set to element 'Object Repository/Sidebar Menu/Operasional/Stock/Detail Barang/Nama Kategori'

2018-02-22 11:34:04 - [TEST_STEP][PASSED] - tap: Tapped on element 'Object Repository/Sidebar Menu/Operasional/Stock/Detail Barang/TERAPKAN - Button'

2018-02-22 11:34:05 - [MESSAGE][PASSED] - Tapped on element 'Object Repository/Sidebar Menu/Operasional/Stock/Detail Barang/TERAPKAN - Button'

2018-02-22 11:34:05 - [TEST_STEP][PASSED] - tap: Tapped on element 'Object Repository/Sidebar Menu/Operasional/Stock/Detail Barang/SIMPAN Button'

2018-02-22 11:34:11 - [MESSAGE][PASSED] - Tapped on element 'Object Repository/Sidebar Menu/Operasional/Stock/Detail Barang/SIMPAN Button'

2018-02-22 11:34:11 - [TEST_STEP][PASSED] - pressBack: Press back button successfully

2018-02-22 11:34:11 - [MESSAGE][PASSED] - Press back button successfully

2018-02-22 11:34:11 - [TEST_STEP][PASSED] - pressBack: Press back button successfully

2018-02-22 11:34:13 - [MESSAGE][PASSED] - Press back button successfully

2018-02-22 11:34:13 - [TEST_STEP][PASSED] - delay: Delayed 5 second(s)

2018-02-22 11:34:18 - [MESSAGE][PASSED] - Delayed 5 second(s)

2018-02-22 11:34:18 - [TEST_STEP][PASSED] - comment: Edit Harga Jual

2018-02-22 11:34:18 - [TEST_STEP][PASSED] - swipe: Swiped from 24,679 to 24,453

2018-02-22 11:34:18 - [MESSAGE][PASSED] - Swiped from 24,679 to 24,453

2018-02-22 11:34:18 - [TEST_STEP][PASSED] - tap: Tapped on element 'Object Repository/Sidebar Menu/Operasional/Stock/Tambah Barang/Harga Jual - TextBox'

2018-02-22 11:34:19 - [MESSAGE][PASSED] - Tapped on element 'Object Repository/Sidebar Menu/Operasional/Stock/Tambah Barang/Harga Jual - TextBox'

2018-02-22 11:34:19 - [TEST_STEP][PASSED] - clearText: Element 'Object Repository/Sidebar Menu/Operasional/Stock/Tambah Barang/Harga Jual - TextBox' text is cleared

2018-02-22 11:34:25 - [MESSAGE][PASSED] - Element 'Object Repository/Sidebar Menu/Operasional/Stock/Tambah Barang/Harga Jual - TextBox' text is cleared

2018-02-22 11:34:25 - [TEST_STEP][PASSED] - setText: Text '50000' has been set to element 'Object Repository/Sidebar Menu/Operasional/Stock/Tambah Barang/Harga Jual - TextBox'

2018-02-22 11:34:38 - [MESSAGE][PASSED] - Text '50000' has been set to element 'Object Repository/Sidebar Menu/Operasional/Stock/Tambah Barang/Harga Jual - TextBox'

2018-02-22 11:34:38 - [TEST_STEP][PASSED] - verifyElementText: Actual text and expected text of test object 'Object Repository/Sidebar Menu/Operasional/Stock/Tambah Barang/Harga Jual - TextBox' are matched.

2018-02-22 11:34:40 - [MESSAGE][PASSED] - Actual text and expected text of test object 'Object Repository/Sidebar Menu/Operasional/Stock/Tambah Barang/Harga Jual - TextBox' are matched.

2018-02-22 11:34:40 - [TEST_STEP][PASSED] - hideKeyboard: Keyboard is hidden

2018-02-22 11:34:40 - [MESSAGE][PASSED] - Keyboard is hidden

2018-02-22 11:34:40 - [TEST_STEP][PASSED] - comment: Ubah Nominal Dison

2018-02-22 11:34:40 - [TEST_STEP][PASSED] - tap: Tapped on element 'Object Repository/Sidebar Menu/Operasional/Stock/Tambah Barang/Nominal Diskon- TextBox'

2018-02-22 11:34:41 - [MESSAGE][PASSED] - Tapped on element 'Object Repository/Sidebar Menu/Operasional/Stock/Tambah Barang/Nominal Diskon- TextBox'

2018-02-22 11:34:41 - [TEST_STEP][PASSED] - setText: Text '12000' has been set to element 'Object Repository/Sidebar Menu/Operasional/Stock/Tambah Barang/Nominal Diskon- TextBox'

2018-02-22 11:34:56 - [MESSAGE][PASSED] - Text '12000' has been set to element 'Object Repository/Sidebar Menu/Operasional/Stock/Tambah Barang/Nominal Diskon- TextBox'

2018-02-22 11:34:56 - [TEST_STEP][PASSED] - verifyElementText: Actual text and expected text of test object 'Object Repository/Sidebar Menu/Operasional/Stock/Tambah Barang/Nominal Diskon- TextBox' are matched.

2018-02-22 11:34:57 - [MESSAGE][PASSED] - Actual text and expected text of test object 'Object Repository/Sidebar Menu/Operasional/Stock/Tambah Barang/Nominal Diskon- TextBox' are matched.

2018-02-22 11:34:57 - [TEST_STEP][PASSED] - hideKeyboard: Keyboard is hidden

2018-02-22 11:34:57 - [MESSAGE][PASSED] - Keyboard is hidden

2018-02-22 11:34:58 - [TEST_STEP][PASSED] - pressBack: Press back button successfully

2018-02-22 11:34:58 - [MESSAGE][PASSED] - Press back button successfully

2018-02-22 11:34:58 - [TEST_STEP][PASSED] - tap: Tapped on element 'Object Repository/Sidebar Menu/Operasional/Stock/Detail Barang/Batal Button'

2018-02-22 11:34:59 - [MESSAGE][PASSED] - Tapped on element 'Object Repository/Sidebar Menu/Operasional/Stock/Detail Barang/Batal Button'

2018-02-22 11:34:59 - [TEST_STEP][PASSED] - delay: Delayed 5 second(s)

2018-02-22 11:35:04 - [MESSAGE][PASSED] - Delayed 5 second(s)

2018-02-22 11:35:04 - [TEST_STEP][PASSED] - tap: Tapped on element 'Object Repository/Sidebar Menu/Operasional/Stock/Detail Barang/Simpan'

2018-02-22 11:35:05 - [MESSAGE][PASSED] - Tapped on element 'Object Repository/Sidebar Menu/Operasional/Stock/Detail Barang/Simpan'

2018-02-22 11:35:05 - [TEST_STEP][PASSED] - pressBack: Press back button successfully

2018-02-22 11:35:09 - [MESSAGE][PASSED] - Press back button successfully

2018-02-22 11:35:09 - [TEST_STEP][PASSED] - comment: End Story 46]]></system-out>
         <system-err><![CDATA[]]></system-err>
      </testcase>
      <testcase name="Test Cases/Sprint 2/28 - TC-All" classname="Test Cases/Sprint 2/28 - TC-All" status="PASSED">
         <system-out><![CDATA[2018-02-22 11:35:09 - [TEST_CASE][PASSED] - Test Cases/Sprint 2/28 - TC-All: Test Cases/Sprint 2/28 - TC-All

2018-02-22 11:35:09 - [TEST_STEP][PASSED] - comment: Start Story 28

2018-02-22 11:35:09 - [TEST_STEP][PASSED] - delay: Delayed 5 second(s)

2018-02-22 11:35:14 - [MESSAGE][PASSED] - Delayed 5 second(s)

2018-02-22 11:35:14 - [TEST_STEP][PASSED] - tap: Tapped on element 'Object Repository/Sidebar Menu/Operasional/Kasir/Kasir - Navbar'

2018-02-22 11:35:15 - [MESSAGE][PASSED] - Tapped on element 'Object Repository/Sidebar Menu/Operasional/Kasir/Kasir - Navbar'

2018-02-22 11:35:15 - [TEST_STEP][PASSED] - Statement - For (def index : (0..3)): Swiped from 0,642 to 0,399

2018-02-22 11:35:15 - [TEST_STEP][PASSED] - swipe: Swiped from 0,642 to 0,399

2018-02-22 11:35:15 - [MESSAGE][PASSED] - Swiped from 0,642 to 0,399

2018-02-22 11:35:16 - [TEST_STEP][PASSED] - swipe: Swiped from 0,642 to 0,399

2018-02-22 11:35:16 - [MESSAGE][PASSED] - Swiped from 0,642 to 0,399

2018-02-22 11:35:16 - [TEST_STEP][PASSED] - swipe: Swiped from 0,642 to 0,399

2018-02-22 11:35:17 - [MESSAGE][PASSED] - Swiped from 0,642 to 0,399

2018-02-22 11:35:17 - [TEST_STEP][PASSED] - swipe: Swiped from 0,642 to 0,399

2018-02-22 11:35:17 - [MESSAGE][PASSED] - Swiped from 0,642 to 0,399

2018-02-22 11:35:18 - [TEST_STEP][PASSED] - delay: Delayed 5 second(s)

2018-02-22 11:35:23 - [MESSAGE][PASSED] - Delayed 5 second(s)

2018-02-22 11:35:23 - [TEST_STEP][PASSED] - tap: Tapped on element 'Object Repository/Sidebar Menu/Operasional/Kasir/Cari Produk'

2018-02-22 11:35:23 - [MESSAGE][PASSED] - Tapped on element 'Object Repository/Sidebar Menu/Operasional/Kasir/Cari Produk'

2018-02-22 11:35:23 - [TEST_STEP][PASSED] - setText: Text 'apple' has been set to element 'Object Repository/Sidebar Menu/Operasional/Kasir/Cari Produk'

2018-02-22 11:35:33 - [MESSAGE][PASSED] - Text 'apple' has been set to element 'Object Repository/Sidebar Menu/Operasional/Kasir/Cari Produk'

2018-02-22 11:35:33 - [TEST_STEP][PASSED] - verifyElementText: Actual text and expected text of test object 'Object Repository/Sidebar Menu/Operasional/Kasir/Cari Produk' are matched.

2018-02-22 11:35:34 - [MESSAGE][PASSED] - Actual text and expected text of test object 'Object Repository/Sidebar Menu/Operasional/Kasir/Cari Produk' are matched.

2018-02-22 11:35:34 - [TEST_STEP][PASSED] - clearText: Element 'Object Repository/Sidebar Menu/Operasional/Kasir/Cari Produk' text is cleared

2018-02-22 11:35:37 - [MESSAGE][PASSED] - Element 'Object Repository/Sidebar Menu/Operasional/Kasir/Cari Produk' text is cleared

2018-02-22 11:35:37 - [TEST_STEP][PASSED] - setText: Text 'da vinci' has been set to element 'Object Repository/Sidebar Menu/Operasional/Kasir/Cari Produk'

2018-02-22 11:35:44 - [MESSAGE][PASSED] - Text 'da vinci' has been set to element 'Object Repository/Sidebar Menu/Operasional/Kasir/Cari Produk'

2018-02-22 11:35:44 - [TEST_STEP][PASSED] - verifyElementText: Actual text and expected text of test object 'Object Repository/Sidebar Menu/Operasional/Kasir/Cari Produk' are matched.

2018-02-22 11:35:46 - [MESSAGE][PASSED] - Actual text and expected text of test object 'Object Repository/Sidebar Menu/Operasional/Kasir/Cari Produk' are matched.

2018-02-22 11:35:46 - [TEST_STEP][PASSED] - clearText: Element 'Object Repository/Sidebar Menu/Operasional/Kasir/Cari Produk' text is cleared

2018-02-22 11:35:49 - [MESSAGE][PASSED] - Element 'Object Repository/Sidebar Menu/Operasional/Kasir/Cari Produk' text is cleared

2018-02-22 11:35:49 - [TEST_STEP][PASSED] - setText: Text 'asu' has been set to element 'Object Repository/Sidebar Menu/Operasional/Kasir/Cari Produk'

2018-02-22 11:35:58 - [MESSAGE][PASSED] - Text 'asu' has been set to element 'Object Repository/Sidebar Menu/Operasional/Kasir/Cari Produk'

2018-02-22 11:35:58 - [TEST_STEP][PASSED] - verifyElementText: Actual text and expected text of test object 'Object Repository/Sidebar Menu/Operasional/Kasir/Cari Produk' are matched.

2018-02-22 11:35:59 - [MESSAGE][PASSED] - Actual text and expected text of test object 'Object Repository/Sidebar Menu/Operasional/Kasir/Cari Produk' are matched.

2018-02-22 11:35:59 - [TEST_STEP][PASSED] - clearText: Element 'Object Repository/Sidebar Menu/Operasional/Kasir/Cari Produk' text is cleared

2018-02-22 11:36:02 - [MESSAGE][PASSED] - Element 'Object Repository/Sidebar Menu/Operasional/Kasir/Cari Produk' text is cleared

2018-02-22 11:36:02 - [TEST_STEP][PASSED] - setText: Text 'as' has been set to element 'Object Repository/Sidebar Menu/Operasional/Kasir/Cari Produk'

2018-02-22 11:36:12 - [MESSAGE][PASSED] - Text 'as' has been set to element 'Object Repository/Sidebar Menu/Operasional/Kasir/Cari Produk'

2018-02-22 11:36:12 - [TEST_STEP][PASSED] - verifyElementText: Actual text and expected text of test object 'Object Repository/Sidebar Menu/Operasional/Kasir/Cari Produk' are matched.

2018-02-22 11:36:13 - [MESSAGE][PASSED] - Actual text and expected text of test object 'Object Repository/Sidebar Menu/Operasional/Kasir/Cari Produk' are matched.

2018-02-22 11:36:13 - [TEST_STEP][PASSED] - hideKeyboard: Keyboard is hidden

2018-02-22 11:36:14 - [MESSAGE][PASSED] - Keyboard is hidden

2018-02-22 11:36:14 - [TEST_STEP][PASSED] - clearText: Element 'Object Repository/Sidebar Menu/Operasional/Kasir/Cari Produk' text is cleared

2018-02-22 11:36:19 - [MESSAGE][PASSED] - Element 'Object Repository/Sidebar Menu/Operasional/Kasir/Cari Produk' text is cleared

2018-02-22 11:36:19 - [TEST_STEP][PASSED] - setText: Text 'lontong' has been set to element 'Object Repository/Sidebar Menu/Operasional/Kasir/Cari Produk'

2018-02-22 11:36:27 - [MESSAGE][PASSED] - Text 'lontong' has been set to element 'Object Repository/Sidebar Menu/Operasional/Kasir/Cari Produk'

2018-02-22 11:36:27 - [TEST_STEP][PASSED] - verifyElementText: Actual text and expected text of test object 'Object Repository/Sidebar Menu/Operasional/Kasir/Cari Produk' are matched.

2018-02-22 11:36:28 - [MESSAGE][PASSED] - Actual text and expected text of test object 'Object Repository/Sidebar Menu/Operasional/Kasir/Cari Produk' are matched.

2018-02-22 11:36:28 - [TEST_STEP][PASSED] - delay: Delayed 5 second(s)

2018-02-22 11:36:33 - [MESSAGE][PASSED] - Delayed 5 second(s)

2018-02-22 11:36:33 - [TEST_STEP][PASSED] - tap: Tapped on element 'Object Repository/Sidebar Menu/Operasional/Kasir/Cari Produk'

2018-02-22 11:36:33 - [MESSAGE][PASSED] - Tapped on element 'Object Repository/Sidebar Menu/Operasional/Kasir/Cari Produk'

2018-02-22 11:36:33 - [TEST_STEP][PASSED] - clearText: Element 'Object Repository/Sidebar Menu/Operasional/Kasir/Cari Produk' text is cleared

2018-02-22 11:36:39 - [MESSAGE][PASSED] - Element 'Object Repository/Sidebar Menu/Operasional/Kasir/Cari Produk' text is cleared

2018-02-22 11:36:39 - [TEST_STEP][PASSED] - waitForElementPresent: Element 'Object Repository/Sidebar Menu/Operasional/Stock/Stock View/Semua Kategori - Drop Down' is present

2018-02-22 11:36:40 - [MESSAGE][PASSED] - Element 'Object Repository/Sidebar Menu/Operasional/Stock/Stock View/Semua Kategori - Drop Down' is present

2018-02-22 11:36:40 - [TEST_STEP][PASSED] - tap: Tapped on element 'Object Repository/Sidebar Menu/Operasional/Stock/Stock View/Semua Kategori - Drop Down'

2018-02-22 11:36:42 - [MESSAGE][PASSED] - Tapped on element 'Object Repository/Sidebar Menu/Operasional/Stock/Stock View/Semua Kategori - Drop Down'

2018-02-22 11:36:42 - [TEST_STEP][PASSED] - delay: Delayed 5 second(s)

2018-02-22 11:36:47 - [MESSAGE][PASSED] - Delayed 5 second(s)

2018-02-22 11:36:47 - [TEST_STEP][PASSED] - Statement - For (def index : (0..2)): Swiped from 30,541 to 30,257

2018-02-22 11:36:47 - [TEST_STEP][PASSED] - swipe: Swiped from 30,541 to 30,257

2018-02-22 11:36:48 - [MESSAGE][PASSED] - Swiped from 30,541 to 30,257

2018-02-22 11:36:48 - [TEST_STEP][PASSED] - swipe: Swiped from 30,541 to 30,257

2018-02-22 11:36:48 - [MESSAGE][PASSED] - Swiped from 30,541 to 30,257

2018-02-22 11:36:48 - [TEST_STEP][PASSED] - swipe: Swiped from 30,541 to 30,257

2018-02-22 11:36:49 - [MESSAGE][PASSED] - Swiped from 30,541 to 30,257

2018-02-22 11:36:49 - [TEST_STEP][PASSED] - tap: Tapped on element 'Object Repository/Sidebar Menu/Operasional/Stock/Stock View/Terapkan - Select Kategori'

2018-02-22 11:36:50 - [MESSAGE][PASSED] - Tapped on element 'Object Repository/Sidebar Menu/Operasional/Stock/Stock View/Terapkan - Select Kategori'

2018-02-22 11:36:50 - [TEST_STEP][PASSED] - delay: Delayed 0 second(s)

2018-02-22 11:36:50 - [MESSAGE][PASSED] - Delayed 0 second(s)

2018-02-22 11:36:50 - [TEST_STEP][PASSED] - Statement - For (def index : (0..2)): Tapped on element 'Object Repository/Sidebar Menu/Operasional/Kasir/PlusTap - ListProduct Elemen 1'

2018-02-22 11:36:50 - [TEST_STEP][PASSED] - tap: Tapped on element 'Object Repository/Sidebar Menu/Operasional/Kasir/PlusTap - ListProduct Elemen 1'

2018-02-22 11:36:52 - [MESSAGE][PASSED] - Tapped on element 'Object Repository/Sidebar Menu/Operasional/Kasir/PlusTap - ListProduct Elemen 1'

2018-02-22 11:36:52 - [TEST_STEP][PASSED] - tap: Tapped on element 'Object Repository/Sidebar Menu/Operasional/Kasir/PlusTap - ListProduct Elemen 1'

2018-02-22 11:36:53 - [MESSAGE][PASSED] - Tapped on element 'Object Repository/Sidebar Menu/Operasional/Kasir/PlusTap - ListProduct Elemen 1'

2018-02-22 11:36:53 - [TEST_STEP][PASSED] - tap: Tapped on element 'Object Repository/Sidebar Menu/Operasional/Kasir/PlusTap - ListProduct Elemen 1'

2018-02-22 11:36:55 - [MESSAGE][PASSED] - Tapped on element 'Object Repository/Sidebar Menu/Operasional/Kasir/PlusTap - ListProduct Elemen 1'

2018-02-22 11:36:55 - [TEST_STEP][PASSED] - Statement - For (def index : (0..1)): Tapped on element 'Object Repository/Sidebar Menu/Operasional/Kasir/MinusTap - List Product Elemen 1'

2018-02-22 11:36:55 - [TEST_STEP][PASSED] - tap: Tapped on element 'Object Repository/Sidebar Menu/Operasional/Kasir/MinusTap - List Product Elemen 1'

2018-02-22 11:36:56 - [MESSAGE][PASSED] - Tapped on element 'Object Repository/Sidebar Menu/Operasional/Kasir/MinusTap - List Product Elemen 1'

2018-02-22 11:36:56 - [TEST_STEP][PASSED] - tap: Tapped on element 'Object Repository/Sidebar Menu/Operasional/Kasir/MinusTap - List Product Elemen 1'

2018-02-22 11:36:58 - [MESSAGE][PASSED] - Tapped on element 'Object Repository/Sidebar Menu/Operasional/Kasir/MinusTap - List Product Elemen 1'

2018-02-22 11:36:58 - [TEST_STEP][PASSED] - tap: Tapped on element 'Object Repository/Sidebar Menu/Operasional/Kasir/Input Jumlah by Typing - Elemen1'

2018-02-22 11:36:59 - [MESSAGE][PASSED] - Tapped on element 'Object Repository/Sidebar Menu/Operasional/Kasir/Input Jumlah by Typing - Elemen1'

2018-02-22 11:36:59 - [TEST_STEP][PASSED] - setText: Text '4' has been set to element 'Object Repository/Sidebar Menu/Operasional/Kasir/Input Jumlah by Typing - Elemen1'

2018-02-22 11:37:10 - [MESSAGE][PASSED] - Text '4' has been set to element 'Object Repository/Sidebar Menu/Operasional/Kasir/Input Jumlah by Typing - Elemen1'

2018-02-22 11:37:10 - [TEST_STEP][PASSED] - hideKeyboard: Keyboard is hidden

2018-02-22 11:37:11 - [MESSAGE][PASSED] - Keyboard is hidden

2018-02-22 11:37:11 - [TEST_STEP][PASSED] - Statement - For (def index : (0..3)): Tapped on element 'Object Repository/Sidebar Menu/Operasional/Kasir/PlusTap - ListProduct Elemen 2'

2018-02-22 11:37:11 - [TEST_STEP][PASSED] - tap: Tapped on element 'Object Repository/Sidebar Menu/Operasional/Kasir/PlusTap - ListProduct Elemen 2'

2018-02-22 11:37:12 - [MESSAGE][PASSED] - Tapped on element 'Object Repository/Sidebar Menu/Operasional/Kasir/PlusTap - ListProduct Elemen 2'

2018-02-22 11:37:12 - [TEST_STEP][PASSED] - tap: Tapped on element 'Object Repository/Sidebar Menu/Operasional/Kasir/PlusTap - ListProduct Elemen 2'

2018-02-22 11:37:14 - [MESSAGE][PASSED] - Tapped on element 'Object Repository/Sidebar Menu/Operasional/Kasir/PlusTap - ListProduct Elemen 2'

2018-02-22 11:37:14 - [TEST_STEP][PASSED] - tap: Tapped on element 'Object Repository/Sidebar Menu/Operasional/Kasir/PlusTap - ListProduct Elemen 2'

2018-02-22 11:37:15 - [MESSAGE][PASSED] - Tapped on element 'Object Repository/Sidebar Menu/Operasional/Kasir/PlusTap - ListProduct Elemen 2'

2018-02-22 11:37:15 - [TEST_STEP][PASSED] - tap: Tapped on element 'Object Repository/Sidebar Menu/Operasional/Kasir/PlusTap - ListProduct Elemen 2'

2018-02-22 11:37:16 - [MESSAGE][PASSED] - Tapped on element 'Object Repository/Sidebar Menu/Operasional/Kasir/PlusTap - ListProduct Elemen 2'

2018-02-22 11:37:16 - [TEST_STEP][PASSED] - Statement - For (def index : (0..2)): Tapped on element 'Object Repository/Sidebar Menu/Operasional/Kasir/MinusTap - List Product Elemen 2'

2018-02-22 11:37:16 - [TEST_STEP][PASSED] - tap: Tapped on element 'Object Repository/Sidebar Menu/Operasional/Kasir/MinusTap - List Product Elemen 2'

2018-02-22 11:37:18 - [MESSAGE][PASSED] - Tapped on element 'Object Repository/Sidebar Menu/Operasional/Kasir/MinusTap - List Product Elemen 2'

2018-02-22 11:37:18 - [TEST_STEP][PASSED] - tap: Tapped on element 'Object Repository/Sidebar Menu/Operasional/Kasir/MinusTap - List Product Elemen 2'

2018-02-22 11:37:19 - [MESSAGE][PASSED] - Tapped on element 'Object Repository/Sidebar Menu/Operasional/Kasir/MinusTap - List Product Elemen 2'

2018-02-22 11:37:19 - [TEST_STEP][PASSED] - tap: Tapped on element 'Object Repository/Sidebar Menu/Operasional/Kasir/MinusTap - List Product Elemen 2'

2018-02-22 11:37:21 - [MESSAGE][PASSED] - Tapped on element 'Object Repository/Sidebar Menu/Operasional/Kasir/MinusTap - List Product Elemen 2'

2018-02-22 11:37:21 - [TEST_STEP][PASSED] - tap: Tapped on element 'Object Repository/Sidebar Menu/Operasional/Kasir/Input Jumlah by Typing - Elemen2'

2018-02-22 11:37:22 - [MESSAGE][PASSED] - Tapped on element 'Object Repository/Sidebar Menu/Operasional/Kasir/Input Jumlah by Typing - Elemen2'

2018-02-22 11:37:22 - [TEST_STEP][PASSED] - clearText: Element 'Object Repository/Sidebar Menu/Operasional/Kasir/Input Jumlah by Typing - Elemen2' text is cleared

2018-02-22 11:37:25 - [MESSAGE][PASSED] - Element 'Object Repository/Sidebar Menu/Operasional/Kasir/Input Jumlah by Typing - Elemen2' text is cleared

2018-02-22 11:37:25 - [TEST_STEP][PASSED] - setText: Text '-2' has been set to element 'Object Repository/Sidebar Menu/Operasional/Kasir/Input Jumlah by Typing - Elemen2'

2018-02-22 11:37:38 - [MESSAGE][PASSED] - Text '-2' has been set to element 'Object Repository/Sidebar Menu/Operasional/Kasir/Input Jumlah by Typing - Elemen2'

2018-02-22 11:37:38 - [TEST_STEP][PASSED] - hideKeyboard: Keyboard is hidden

2018-02-22 11:37:39 - [MESSAGE][PASSED] - Keyboard is hidden

2018-02-22 11:37:39 - [TEST_STEP][PASSED] - delay: Delayed 10 second(s)

2018-02-22 11:37:49 - [MESSAGE][PASSED] - Delayed 10 second(s)

2018-02-22 11:37:49 - [TEST_STEP][PASSED] - tap: Tapped on element 'Object Repository/Sidebar Menu/Operasional/Kasir/Keranjang'

2018-02-22 11:37:49 - [MESSAGE][PASSED] - Tapped on element 'Object Repository/Sidebar Menu/Operasional/Kasir/Keranjang'

2018-02-22 11:37:49 - [TEST_STEP][PASSED] - delay: Delayed 5 second(s)

2018-02-22 11:37:54 - [MESSAGE][PASSED] - Delayed 5 second(s)

2018-02-22 11:37:54 - [TEST_STEP][PASSED] - comment: End Story 28]]></system-out>
         <system-err><![CDATA[]]></system-err>
      </testcase>
      <testcase name="Test Cases/Sprint 2/29 - TC - All" classname="Test Cases/Sprint 2/29 - TC - All" status="FAILED">
         <failure type="FAILED" message="Failed to tap on element 'Object Repository/Sidebar Menu/Operasional/Kasir/Kerajang dan Pembayaran/Button Konfirmasi' (Root cause: Object Object Repository/Sidebar Menu/Operasional/Kasir/Kerajang dan Pembayaran/Button Konfirmasi not found)"/>
         <system-out><![CDATA[2018-02-22 11:37:55 - [TEST_CASE][FAILED] - Test Cases/Sprint 2/29 - TC - All: Test Cases/Sprint 2/29 - TC - All FAILED because (of) Failed to tap on element 'Object Repository/Sidebar Menu/Operasional/Kasir/Kerajang dan Pembayaran/Button Konfirmasi' (Root cause: Object Object Repository/Sidebar Menu/Operasional/Kasir/Kerajang dan Pembayaran/Button Konfirmasi not found)

2018-02-22 11:37:55 - [TEST_STEP][PASSED] - comment: Start Story 29

2018-02-22 11:37:55 - [TEST_STEP][NOT_RUN] - Statement - For (def index : (0..5)): NOT_RUN: Statement - For (def index : (0..5))

2018-02-22 11:37:55 - [MESSAGE][NOT_RUN] - NOT_RUN: Statement - For (def index : (0..5))

2018-02-22 11:37:55 - [TEST_STEP][PASSED] - Statement - For (def index : (0..3)): Tapped on element 'Object Repository/Sidebar Menu/Operasional/Kasir/Kerajang dan Pembayaran/MinusTap - Elemen 1'

2018-02-22 11:37:55 - [TEST_STEP][PASSED] - tap: Tapped on element 'Object Repository/Sidebar Menu/Operasional/Kasir/Kerajang dan Pembayaran/MinusTap - Elemen 1'

2018-02-22 11:37:55 - [MESSAGE][WARNING] - Timeout '0' is invalid. Using default page load timeout: '30'

2018-02-22 11:37:55 - [MESSAGE][PASSED] - Tapped on element 'Object Repository/Sidebar Menu/Operasional/Kasir/Kerajang dan Pembayaran/MinusTap - Elemen 1'

2018-02-22 11:37:55 - [TEST_STEP][PASSED] - tap: Tapped on element 'Object Repository/Sidebar Menu/Operasional/Kasir/Kerajang dan Pembayaran/MinusTap - Elemen 1'

2018-02-22 11:37:55 - [MESSAGE][WARNING] - Timeout '0' is invalid. Using default page load timeout: '30'

2018-02-22 11:37:57 - [MESSAGE][PASSED] - Tapped on element 'Object Repository/Sidebar Menu/Operasional/Kasir/Kerajang dan Pembayaran/MinusTap - Elemen 1'

2018-02-22 11:37:57 - [TEST_STEP][PASSED] - tap: Tapped on element 'Object Repository/Sidebar Menu/Operasional/Kasir/Kerajang dan Pembayaran/MinusTap - Elemen 1'

2018-02-22 11:37:57 - [MESSAGE][WARNING] - Timeout '0' is invalid. Using default page load timeout: '30'

2018-02-22 11:37:58 - [MESSAGE][PASSED] - Tapped on element 'Object Repository/Sidebar Menu/Operasional/Kasir/Kerajang dan Pembayaran/MinusTap - Elemen 1'

2018-02-22 11:37:58 - [TEST_STEP][PASSED] - tap: Tapped on element 'Object Repository/Sidebar Menu/Operasional/Kasir/Kerajang dan Pembayaran/MinusTap - Elemen 1'

2018-02-22 11:37:58 - [MESSAGE][WARNING] - Timeout '0' is invalid. Using default page load timeout: '30'

2018-02-22 11:37:59 - [MESSAGE][PASSED] - Tapped on element 'Object Repository/Sidebar Menu/Operasional/Kasir/Kerajang dan Pembayaran/MinusTap - Elemen 1'

2018-02-22 11:37:59 - [TEST_STEP][PASSED] - tap: Tapped on element 'Object Repository/Sidebar Menu/Operasional/Kasir/Kerajang dan Pembayaran/InputbbyType - Elemen 1'

2018-02-22 11:38:01 - [MESSAGE][PASSED] - Tapped on element 'Object Repository/Sidebar Menu/Operasional/Kasir/Kerajang dan Pembayaran/InputbbyType - Elemen 1'

2018-02-22 11:38:01 - [TEST_STEP][PASSED] - verifyElementExist: Element 'Object Repository/Sidebar Menu/Operasional/Kasir/Kerajang dan Pembayaran/InputbbyType - Elemen 1' is exist

2018-02-22 11:38:02 - [MESSAGE][PASSED] - Element 'Object Repository/Sidebar Menu/Operasional/Kasir/Kerajang dan Pembayaran/InputbbyType - Elemen 1' is exist

2018-02-22 11:38:02 - [TEST_STEP][PASSED] - clearText: Element 'Object Repository/Sidebar Menu/Operasional/Kasir/Kerajang dan Pembayaran/InputbbyType - Elemen 1' text is cleared

2018-02-22 11:38:06 - [MESSAGE][PASSED] - Element 'Object Repository/Sidebar Menu/Operasional/Kasir/Kerajang dan Pembayaran/InputbbyType - Elemen 1' text is cleared

2018-02-22 11:38:06 - [TEST_STEP][PASSED] - setText: Text '47' has been set to element 'Object Repository/Sidebar Menu/Operasional/Kasir/Kerajang dan Pembayaran/InputbbyType - Elemen 1'

2018-02-22 11:38:16 - [MESSAGE][PASSED] - Text '47' has been set to element 'Object Repository/Sidebar Menu/Operasional/Kasir/Kerajang dan Pembayaran/InputbbyType - Elemen 1'

2018-02-22 11:38:16 - [TEST_STEP][PASSED] - clearText: Element 'Object Repository/Sidebar Menu/Operasional/Kasir/Kerajang dan Pembayaran/InputbbyType - Elemen 1' text is cleared

2018-02-22 11:38:22 - [MESSAGE][PASSED] - Element 'Object Repository/Sidebar Menu/Operasional/Kasir/Kerajang dan Pembayaran/InputbbyType - Elemen 1' text is cleared

2018-02-22 11:38:22 - [TEST_STEP][PASSED] - tap: Tapped on element 'Object Repository/Sidebar Menu/Operasional/Kasir/Kerajang dan Pembayaran/InputbbyType - Elemen 1'

2018-02-22 11:38:23 - [MESSAGE][PASSED] - Tapped on element 'Object Repository/Sidebar Menu/Operasional/Kasir/Kerajang dan Pembayaran/InputbbyType - Elemen 1'

2018-02-22 11:38:23 - [TEST_STEP][PASSED] - verifyElementExist: Element 'Object Repository/Sidebar Menu/Operasional/Kasir/Kerajang dan Pembayaran/InputbbyType - Elemen 1' is exist

2018-02-22 11:38:24 - [MESSAGE][PASSED] - Element 'Object Repository/Sidebar Menu/Operasional/Kasir/Kerajang dan Pembayaran/InputbbyType - Elemen 1' is exist

2018-02-22 11:38:24 - [TEST_STEP][PASSED] - setText: Text '5' has been set to element 'Object Repository/Sidebar Menu/Operasional/Kasir/Kerajang dan Pembayaran/InputbbyType - Elemen 1'

2018-02-22 11:38:36 - [MESSAGE][PASSED] - Text '5' has been set to element 'Object Repository/Sidebar Menu/Operasional/Kasir/Kerajang dan Pembayaran/InputbbyType - Elemen 1'

2018-02-22 11:38:36 - [TEST_STEP][PASSED] - hideKeyboard: Keyboard is hidden

2018-02-22 11:38:37 - [MESSAGE][PASSED] - Keyboard is hidden

2018-02-22 11:38:37 - [TEST_STEP][PASSED] - delay: Delayed 10 second(s)

2018-02-22 11:38:47 - [MESSAGE][PASSED] - Delayed 10 second(s)

2018-02-22 11:38:47 - [TEST_STEP][FAILED] - tap: Failed to tap on element 'Object Repository/Sidebar Menu/Operasional/Kasir/Kerajang dan Pembayaran/Button Konfirmasi' (Root cause: Object Object Repository/Sidebar Menu/Operasional/Kasir/Kerajang dan Pembayaran/Button Konfirmasi not found)

2018-02-22 11:38:52 - [MESSAGE][FAILED] - Object Object Repository/Sidebar Menu/Operasional/Kasir/Kerajang dan Pembayaran/Button Konfirmasi not found

2018-02-22 11:38:52 - [MESSAGE][FAILED] - Failed to tap on element 'Object Repository/Sidebar Menu/Operasional/Kasir/Kerajang dan Pembayaran/Button Konfirmasi' (Root cause: Object Object Repository/Sidebar Menu/Operasional/Kasir/Kerajang dan Pembayaran/Button Konfirmasi not found)]]></system-out>
         <system-err><![CDATA[2018-02-22 11:37:55 - [TEST_CASE][FAILED] - Test Cases/Sprint 2/29 - TC - All: Test Cases/Sprint 2/29 - TC - All FAILED because (of) Failed to tap on element 'Object Repository/Sidebar Menu/Operasional/Kasir/Kerajang dan Pembayaran/Button Konfirmasi' (Root cause: Object Object Repository/Sidebar Menu/Operasional/Kasir/Kerajang dan Pembayaran/Button Konfirmasi not found)]]></system-err>
      </testcase>
      <testcase name="Test Cases/Sprint 2/47 - TC- All" classname="Test Cases/Sprint 2/47 - TC- All" status="FAILED">
         <failure type="FAILED" message="Failed to tap on element 'Object Repository/Sidebar Menu/Operasional/Kasir/Kerajang dan Pembayaran/Tunai' (Root cause: Object Object Repository/Sidebar Menu/Operasional/Kasir/Kerajang dan Pembayaran/Tunai not found)"/>
         <system-out><![CDATA[2018-02-22 11:38:52 - [TEST_CASE][FAILED] - Test Cases/Sprint 2/47 - TC- All: Test Cases/Sprint 2/47 - TC- All FAILED because (of) Failed to tap on element 'Object Repository/Sidebar Menu/Operasional/Kasir/Kerajang dan Pembayaran/Tunai' (Root cause: Object Object Repository/Sidebar Menu/Operasional/Kasir/Kerajang dan Pembayaran/Tunai not found)

2018-02-22 11:38:52 - [TEST_STEP][PASSED] - comment: Start Story 47

2018-02-22 11:38:52 - [TEST_STEP][FAILED] - tap: Failed to tap on element 'Object Repository/Sidebar Menu/Operasional/Kasir/Kerajang dan Pembayaran/Tunai' (Root cause: Object Object Repository/Sidebar Menu/Operasional/Kasir/Kerajang dan Pembayaran/Tunai not found)

2018-02-22 11:38:57 - [MESSAGE][FAILED] - Object Object Repository/Sidebar Menu/Operasional/Kasir/Kerajang dan Pembayaran/Tunai not found

2018-02-22 11:38:57 - [MESSAGE][FAILED] - Failed to tap on element 'Object Repository/Sidebar Menu/Operasional/Kasir/Kerajang dan Pembayaran/Tunai' (Root cause: Object Object Repository/Sidebar Menu/Operasional/Kasir/Kerajang dan Pembayaran/Tunai not found)]]></system-out>
         <system-err><![CDATA[2018-02-22 11:38:52 - [TEST_CASE][FAILED] - Test Cases/Sprint 2/47 - TC- All: Test Cases/Sprint 2/47 - TC- All FAILED because (of) Failed to tap on element 'Object Repository/Sidebar Menu/Operasional/Kasir/Kerajang dan Pembayaran/Tunai' (Root cause: Object Object Repository/Sidebar Menu/Operasional/Kasir/Kerajang dan Pembayaran/Tunai not found)]]></system-err>
      </testcase>
      <testcase name="Test Cases/Sprint 2/30 - TC - All" classname="Test Cases/Sprint 2/30 - TC - All" status="FAILED">
         <failure type="FAILED" message="Failed to tap on element 'Object Repository/Sidebar Menu/Operasional/Kasir/Kerajang dan Pembayaran/LANJUT (1)' (Root cause: Object Object Repository/Sidebar Menu/Operasional/Kasir/Kerajang dan Pembayaran/LANJUT (1) not found)"/>
         <system-out><![CDATA[2018-02-22 11:38:57 - [TEST_CASE][FAILED] - Test Cases/Sprint 2/30 - TC - All: Test Cases/Sprint 2/30 - TC - All FAILED because (of) Failed to tap on element 'Object Repository/Sidebar Menu/Operasional/Kasir/Kerajang dan Pembayaran/LANJUT (1)' (Root cause: Object Object Repository/Sidebar Menu/Operasional/Kasir/Kerajang dan Pembayaran/LANJUT (1) not found)

2018-02-22 11:38:58 - [TEST_STEP][PASSED] - comment: Start Story 30

2018-02-22 11:38:58 - [TEST_STEP][PASSED] - waitForElementPresent: Object Object Repository/Sidebar Menu/Operasional/Kasir/Kerajang dan Pembayaran/LANJUT (1) not found

2018-02-22 11:39:03 - [MESSAGE][WARNING] - Object Object Repository/Sidebar Menu/Operasional/Kasir/Kerajang dan Pembayaran/LANJUT (1) not found

2018-02-22 11:39:03 - [TEST_STEP][FAILED] - tap: Failed to tap on element 'Object Repository/Sidebar Menu/Operasional/Kasir/Kerajang dan Pembayaran/LANJUT (1)' (Root cause: Object Object Repository/Sidebar Menu/Operasional/Kasir/Kerajang dan Pembayaran/LANJUT (1) not found)

2018-02-22 11:39:08 - [MESSAGE][FAILED] - Object Object Repository/Sidebar Menu/Operasional/Kasir/Kerajang dan Pembayaran/LANJUT (1) not found

2018-02-22 11:39:08 - [MESSAGE][FAILED] - Failed to tap on element 'Object Repository/Sidebar Menu/Operasional/Kasir/Kerajang dan Pembayaran/LANJUT (1)' (Root cause: Object Object Repository/Sidebar Menu/Operasional/Kasir/Kerajang dan Pembayaran/LANJUT (1) not found)]]></system-out>
         <system-err><![CDATA[2018-02-22 11:38:57 - [TEST_CASE][FAILED] - Test Cases/Sprint 2/30 - TC - All: Test Cases/Sprint 2/30 - TC - All FAILED because (of) Failed to tap on element 'Object Repository/Sidebar Menu/Operasional/Kasir/Kerajang dan Pembayaran/LANJUT (1)' (Root cause: Object Object Repository/Sidebar Menu/Operasional/Kasir/Kerajang dan Pembayaran/LANJUT (1) not found)]]></system-err>
      </testcase>
      <system-out><![CDATA[2018-02-22 11:17:41 - [TEST_SUITE][FAILED] - Sprint 2: Test Cases/Sprint 2/35 - TC-All FAILED because (of) Failed to check for element 'Object Repository/Sidebar Menu/Operasional/Stock/Tambah Barang/Simpan Button' exist (Root cause: Element 'Object Repository/Sidebar Menu/Operasional/Stock/Tambah Barang/Simpan Button' not found)]]></system-out>
      <system-err><![CDATA[2018-02-22 11:17:41 - [TEST_SUITE][FAILED] - Sprint 2: Test Cases/Sprint 2/35 - TC-All FAILED because (of) Failed to check for element 'Object Repository/Sidebar Menu/Operasional/Stock/Tambah Barang/Simpan Button' exist (Root cause: Element 'Object Repository/Sidebar Menu/Operasional/Stock/Tambah Barang/Simpan Button' not found)]]></system-err>
   </testsuite>
</testsuites>
