<?xml version="1.0" encoding="UTF-8"?>
<testsuites name="Story 41" time="135" tests="7" failures="0" errors="0">
   <testsuite name="Story 41" tests="7" failures="0" errors="0" time="135" timestamp="2018-03-15 12:23:52" hostname="AV2017005903 - NBMP18A211ITSQA.corp.bankbtpn.co.id" id="Test Suites/Story 41">
      <properties>
         <property name="deviceName" value="asus ASUS_X014D 5.1.1"/>
         <property name="devicePlatform" value=""/>
         <property name="logFolder" value="C:\\Users\\AV2017005903\\Documents\\apollo-automation\\Reports\\Story 41\\20180315_122350"/>
         <property name="logFiles" value="C:\\Users\\AV2017005903\\Documents\\apollo-automation\\Reports\\Story 41\\20180315_122350\\appium.log, C:\\Users\\AV2017005903\\Documents\\apollo-automation\\Reports\\Story 41\\20180315_122350\\execution0.log"/>
         <property name="attachments" value=""/>
         <property name="hostName" value="AV2017005903 - NBMP18A211ITSQA.corp.bankbtpn.co.id"/>
         <property name="os" value="Windows 10 64bit"/>
         <property name="katalonVersion" value="5.0.0.1"/>
         <property name="deviceOS" value="Android"/>
         <property name="appiumVersion" value="1.6.5"/>
         <property name="deviceModel" value="ASUS_X014D"/>
         <property name="hostAddress" value="192.168.17.167"/>
         <property name="deviceManufacturer" value="asus"/>
         <property name="deviceId" value="GBAXGV411465ERX"/>
         <property name="deviceName" value="asus ASUS_X014D 5.1.1"/>
         <property name="deviceOSVersion" value="5.1.1"/>
      </properties>
      <testcase name="Test Cases/Story 41 - Create Expense/TC 1" classname="Test Cases/Story 41 - Create Expense/TC 1" status="PASSED">
         <system-out><![CDATA[2018-03-15 12:23:53 - [TEST_CASE][PASSED] - Test Cases/Story 41 - Create Expense/TC 1: Test Cases/Story 41 - Create Expense/TC 1

2018-03-15 12:23:53 - [TEST_STEP][PASSED] - comment: Start Story 41

2018-03-15 12:23:53 - [TEST_STEP][PASSED] - Statement - apkPath = com.kms.katalon.core.util.internal.PathUtil.relativeToAbsolutePath(apkName, com.kms.katalon.core.configuration.RunConfiguration.getProjectDir()): null

2018-03-15 12:23:53 - [TEST_STEP][PASSED] - startApplication: Started app at: 'C:\Users\AV2017005903\Documents\apollo-automation\13 Maret 17.23.apk'

2018-03-15 12:24:09 - [MESSAGE][PASSED] - Started app at: 'C:\Users\AV2017005903\Documents\apollo-automation\13 Maret 17.23.apk'

2018-03-15 12:24:09 - [TEST_STEP][PASSED] - tap: Tapped on element 'Object Repository/Login/Daftar Sekarang - Belum Punya Akun'

2018-03-15 12:24:16 - [MESSAGE][PASSED] - Tapped on element 'Object Repository/Login/Daftar Sekarang - Belum Punya Akun'

2018-03-15 12:24:16 - [TEST_STEP][PASSED] - waitForElementPresent: Element 'Object Repository/Sidebar Menu/HamburgerButton' is present

2018-03-15 12:24:19 - [MESSAGE][PASSED] - Element 'Object Repository/Sidebar Menu/HamburgerButton' is present

2018-03-15 12:24:19 - [TEST_STEP][PASSED] - tap: Tapped on element 'Object Repository/Sidebar Menu/HamburgerButton'

2018-03-15 12:24:21 - [MESSAGE][PASSED] - Tapped on element 'Object Repository/Sidebar Menu/HamburgerButton'

2018-03-15 12:24:21 - [TEST_STEP][PASSED] - tap: Tapped on element 'Object Repository/Sidebar Menu/Operasional/Operasional - Sidebar Menu'

2018-03-15 12:24:23 - [MESSAGE][PASSED] - Tapped on element 'Object Repository/Sidebar Menu/Operasional/Operasional - Sidebar Menu'

2018-03-15 12:24:23 - [TEST_STEP][PASSED] - tap: Tapped on element 'Object Repository/Sidebar Menu/Operasional/Pengeluaran/PengeluaranNavbar'

2018-03-15 12:24:26 - [MESSAGE][PASSED] - Tapped on element 'Object Repository/Sidebar Menu/Operasional/Pengeluaran/PengeluaranNavbar'

2018-03-15 12:24:26 - [TEST_STEP][PASSED] - delay: Delayed 5 second(s)

2018-03-15 12:24:31 - [MESSAGE][PASSED] - Delayed 5 second(s)

2018-03-15 12:24:31 - [TEST_STEP][PASSED] - waitForElementPresent: Element 'Object Repository/Sidebar Menu/Operasional/Pengeluaran/TAMBAH CATATAN - Button' is present

2018-03-15 12:24:32 - [MESSAGE][PASSED] - Element 'Object Repository/Sidebar Menu/Operasional/Pengeluaran/TAMBAH CATATAN - Button' is present

2018-03-15 12:24:32 - [TEST_STEP][PASSED] - tap: Tapped on element 'Object Repository/Sidebar Menu/Operasional/Pengeluaran/TAMBAH CATATAN - Button'

2018-03-15 12:24:32 - [MESSAGE][PASSED] - Tapped on element 'Object Repository/Sidebar Menu/Operasional/Pengeluaran/TAMBAH CATATAN - Button'

2018-03-15 12:24:32 - [TEST_STEP][PASSED] - delay: Delayed 5 second(s)

2018-03-15 12:24:37 - [MESSAGE][PASSED] - Delayed 5 second(s)]]></system-out>
         <system-err><![CDATA[]]></system-err>
      </testcase>
      <testcase name="Test Cases/Story 41 - Create Expense/TC 2" classname="Test Cases/Story 41 - Create Expense/TC 2" status="PASSED">
         <system-out><![CDATA[2018-03-15 12:24:37 - [TEST_CASE][PASSED] - Test Cases/Story 41 - Create Expense/TC 2: Test Cases/Story 41 - Create Expense/TC 2

2018-03-15 12:24:37 - [TEST_STEP][PASSED] - tap: Tapped on element 'Object Repository/Sidebar Menu/Operasional/Pengeluaran/Judul Catatan - TextBox'

2018-03-15 12:24:38 - [MESSAGE][PASSED] - Tapped on element 'Object Repository/Sidebar Menu/Operasional/Pengeluaran/Judul Catatan - TextBox'

2018-03-15 12:24:38 - [TEST_STEP][PASSED] - setText: Text 'Pengeluaran Kos Kosan' has been set to element 'Object Repository/Sidebar Menu/Operasional/Pengeluaran/Judul Catatan - TextBox'

2018-03-15 12:24:52 - [MESSAGE][PASSED] - Text 'Pengeluaran Kos Kosan' has been set to element 'Object Repository/Sidebar Menu/Operasional/Pengeluaran/Judul Catatan - TextBox'

2018-03-15 12:24:52 - [TEST_STEP][PASSED] - verifyElementText: Actual text and expected text of test object 'Object Repository/Sidebar Menu/Operasional/Pengeluaran/Judul Catatan - TextBox' are matched.

2018-03-15 12:24:53 - [MESSAGE][PASSED] - Actual text and expected text of test object 'Object Repository/Sidebar Menu/Operasional/Pengeluaran/Judul Catatan - TextBox' are matched.

2018-03-15 12:24:53 - [TEST_STEP][PASSED] - getText: Text of element 'Object Repository/Sidebar Menu/Operasional/Pengeluaran/Judul Catatan - TextBox' is: 'Pengeluaran Kos Kosan'

2018-03-15 12:24:54 - [MESSAGE][PASSED] - Text of element 'Object Repository/Sidebar Menu/Operasional/Pengeluaran/Judul Catatan - TextBox' is: 'Pengeluaran Kos Kosan'

2018-03-15 12:24:54 - [TEST_STEP][PASSED] - hideKeyboard: Keyboard is hidden

2018-03-15 12:24:54 - [MESSAGE][PASSED] - Keyboard is hidden

2018-03-15 12:24:54 - [TEST_STEP][PASSED] - tap: Tapped on element 'Object Repository/Sidebar Menu/Operasional/Pengeluaran/Simpan - Tambah Catatan'

2018-03-15 12:24:55 - [MESSAGE][PASSED] - Tapped on element 'Object Repository/Sidebar Menu/Operasional/Pengeluaran/Simpan - Tambah Catatan'

2018-03-15 12:24:55 - [TEST_STEP][PASSED] - delay: Delayed 3 second(s)

2018-03-15 12:24:58 - [MESSAGE][PASSED] - Delayed 3 second(s)]]></system-out>
         <system-err><![CDATA[]]></system-err>
      </testcase>
      <testcase name="Test Cases/Story 41 - Create Expense/TC 3" classname="Test Cases/Story 41 - Create Expense/TC 3" status="PASSED">
         <system-out><![CDATA[2018-03-15 12:24:58 - [TEST_CASE][PASSED] - Test Cases/Story 41 - Create Expense/TC 3: Test Cases/Story 41 - Create Expense/TC 3

2018-03-15 12:24:59 - [TEST_STEP][PASSED] - clearText: Element 'Object Repository/Sidebar Menu/Operasional/Pengeluaran/Judul Catatan - TextBox' text is cleared

2018-03-15 12:25:01 - [MESSAGE][PASSED] - Element 'Object Repository/Sidebar Menu/Operasional/Pengeluaran/Judul Catatan - TextBox' text is cleared

2018-03-15 12:25:01 - [TEST_STEP][PASSED] - waitForElementPresent: Element 'Object Repository/Sidebar Menu/Operasional/Pengeluaran/Pilih Kategori 1' is present

2018-03-15 12:25:01 - [MESSAGE][PASSED] - Element 'Object Repository/Sidebar Menu/Operasional/Pengeluaran/Pilih Kategori 1' is present

2018-03-15 12:25:01 - [TEST_STEP][PASSED] - tap: Tapped on element 'Object Repository/Sidebar Menu/Operasional/Pengeluaran/Pilih Kategori 1'

2018-03-15 12:25:02 - [MESSAGE][PASSED] - Tapped on element 'Object Repository/Sidebar Menu/Operasional/Pengeluaran/Pilih Kategori 1'

2018-03-15 12:25:02 - [TEST_STEP][PASSED] - tap: Tapped on element 'Object Repository/Sidebar Menu/Operasional/Pengeluaran/Pilih Kategori 1'

2018-03-15 12:25:04 - [MESSAGE][PASSED] - Tapped on element 'Object Repository/Sidebar Menu/Operasional/Pengeluaran/Pilih Kategori 1'

2018-03-15 12:25:04 - [TEST_STEP][PASSED] - delay: Delayed 3 second(s)

2018-03-15 12:25:07 - [MESSAGE][PASSED] - Delayed 3 second(s)]]></system-out>
         <system-err><![CDATA[]]></system-err>
      </testcase>
      <testcase name="Test Cases/Story 41 - Create Expense/TC 4" classname="Test Cases/Story 41 - Create Expense/TC 4" status="PASSED">
         <system-out><![CDATA[2018-03-15 12:25:07 - [TEST_CASE][PASSED] - Test Cases/Story 41 - Create Expense/TC 4: Test Cases/Story 41 - Create Expense/TC 4

2018-03-15 12:25:07 - [TEST_STEP][PASSED] - waitForElementPresent: Element 'Object Repository/Sidebar Menu/Operasional/Pengeluaran/Pilih Kategori Elemen ke 1' is present

2018-03-15 12:25:07 - [MESSAGE][PASSED] - Element 'Object Repository/Sidebar Menu/Operasional/Pengeluaran/Pilih Kategori Elemen ke 1' is present

2018-03-15 12:25:07 - [TEST_STEP][PASSED] - tap: Tapped on element 'Object Repository/Sidebar Menu/Operasional/Pengeluaran/Pilih Kategori Elemen ke 1'

2018-03-15 12:25:08 - [MESSAGE][PASSED] - Tapped on element 'Object Repository/Sidebar Menu/Operasional/Pengeluaran/Pilih Kategori Elemen ke 1'

2018-03-15 12:25:08 - [TEST_STEP][PASSED] - waitForElementPresent: Element 'Object Repository/Sidebar Menu/Operasional/Pengeluaran/Simpan - Tambah Catatan' is present

2018-03-15 12:25:09 - [MESSAGE][PASSED] - Element 'Object Repository/Sidebar Menu/Operasional/Pengeluaran/Simpan - Tambah Catatan' is present

2018-03-15 12:25:09 - [TEST_STEP][PASSED] - tap: Tapped on element 'Object Repository/Sidebar Menu/Operasional/Pengeluaran/Simpan - Tambah Catatan'

2018-03-15 12:25:10 - [MESSAGE][PASSED] - Tapped on element 'Object Repository/Sidebar Menu/Operasional/Pengeluaran/Simpan - Tambah Catatan'

2018-03-15 12:25:10 - [TEST_STEP][PASSED] - delay: Delayed 3 second(s)

2018-03-15 12:25:13 - [MESSAGE][PASSED] - Delayed 3 second(s)]]></system-out>
         <system-err><![CDATA[]]></system-err>
      </testcase>
      <testcase name="Test Cases/Story 41 - Create Expense/TC 5" classname="Test Cases/Story 41 - Create Expense/TC 5" status="PASSED">
         <system-out><![CDATA[2018-03-15 12:25:13 - [TEST_CASE][PASSED] - Test Cases/Story 41 - Create Expense/TC 5: Test Cases/Story 41 - Create Expense/TC 5

2018-03-15 12:25:13 - [TEST_STEP][PASSED] - tap: Tapped on element 'Object Repository/Sidebar Menu/Operasional/Pengeluaran/Judul Catatan - TextBox'

2018-03-15 12:25:13 - [MESSAGE][PASSED] - Tapped on element 'Object Repository/Sidebar Menu/Operasional/Pengeluaran/Judul Catatan - TextBox'

2018-03-15 12:25:13 - [TEST_STEP][PASSED] - setText: Text 'Pengeluaran Kos Kosan' has been set to element 'Object Repository/Sidebar Menu/Operasional/Pengeluaran/Judul Catatan - TextBox'

2018-03-15 12:25:29 - [MESSAGE][PASSED] - Text 'Pengeluaran Kos Kosan' has been set to element 'Object Repository/Sidebar Menu/Operasional/Pengeluaran/Judul Catatan - TextBox'

2018-03-15 12:25:29 - [TEST_STEP][PASSED] - verifyElementText: Actual text and expected text of test object 'Object Repository/Sidebar Menu/Operasional/Pengeluaran/Judul Catatan - TextBox' are matched.

2018-03-15 12:25:30 - [MESSAGE][PASSED] - Actual text and expected text of test object 'Object Repository/Sidebar Menu/Operasional/Pengeluaran/Judul Catatan - TextBox' are matched.

2018-03-15 12:25:30 - [TEST_STEP][PASSED] - getText: Text of element 'Object Repository/Sidebar Menu/Operasional/Pengeluaran/Judul Catatan - TextBox' is: 'Pengeluaran Kos Kosan'

2018-03-15 12:25:31 - [MESSAGE][PASSED] - Text of element 'Object Repository/Sidebar Menu/Operasional/Pengeluaran/Judul Catatan - TextBox' is: 'Pengeluaran Kos Kosan'

2018-03-15 12:25:31 - [TEST_STEP][PASSED] - hideKeyboard: Keyboard is hidden

2018-03-15 12:25:31 - [MESSAGE][PASSED] - Keyboard is hidden]]></system-out>
         <system-err><![CDATA[]]></system-err>
      </testcase>
      <testcase name="Test Cases/Story 41 - Create Expense/TC 6" classname="Test Cases/Story 41 - Create Expense/TC 6" status="PASSED">
         <system-out><![CDATA[2018-03-15 12:25:31 - [TEST_CASE][PASSED] - Test Cases/Story 41 - Create Expense/TC 6: Test Cases/Story 41 - Create Expense/TC 6

2018-03-15 12:25:32 - [TEST_STEP][PASSED] - tap: Tapped on element 'Object Repository/Sidebar Menu/Operasional/Pengeluaran/Nominal Pengeluaran - TextBox'

2018-03-15 12:25:33 - [MESSAGE][PASSED] - Tapped on element 'Object Repository/Sidebar Menu/Operasional/Pengeluaran/Nominal Pengeluaran - TextBox'

2018-03-15 12:25:33 - [TEST_STEP][PASSED] - setText: Text 'Rp. 4500000' has been set to element 'Object Repository/Sidebar Menu/Operasional/Pengeluaran/Nominal Pengeluaran - TextBox'

2018-03-15 12:25:44 - [MESSAGE][PASSED] - Text 'Rp. 4500000' has been set to element 'Object Repository/Sidebar Menu/Operasional/Pengeluaran/Nominal Pengeluaran - TextBox'

2018-03-15 12:25:44 - [TEST_STEP][PASSED] - verifyElementText: Actual text and expected text of test object 'Object Repository/Sidebar Menu/Operasional/Pengeluaran/Nominal Pengeluaran - TextBox' are matched.

2018-03-15 12:25:45 - [MESSAGE][PASSED] - Actual text and expected text of test object 'Object Repository/Sidebar Menu/Operasional/Pengeluaran/Nominal Pengeluaran - TextBox' are matched.

2018-03-15 12:25:45 - [TEST_STEP][PASSED] - hideKeyboard: Keyboard is hidden

2018-03-15 12:25:45 - [MESSAGE][PASSED] - Keyboard is hidden

2018-03-15 12:25:45 - [TEST_STEP][PASSED] - delay: Delayed 5 second(s)

2018-03-15 12:25:50 - [MESSAGE][PASSED] - Delayed 5 second(s)]]></system-out>
         <system-err><![CDATA[]]></system-err>
      </testcase>
      <testcase name="Test Cases/Story 41 - Create Expense/TC 7" classname="Test Cases/Story 41 - Create Expense/TC 7" status="PASSED">
         <system-out><![CDATA[2018-03-15 12:25:51 - [TEST_CASE][PASSED] - Test Cases/Story 41 - Create Expense/TC 7: Test Cases/Story 41 - Create Expense/TC 7

2018-03-15 12:25:51 - [TEST_STEP][PASSED] - waitForElementPresent: Element 'Object Repository/Sidebar Menu/Operasional/Pengeluaran/Deskripsi - TextBox' is present

2018-03-15 12:25:51 - [MESSAGE][PASSED] - Element 'Object Repository/Sidebar Menu/Operasional/Pengeluaran/Deskripsi - TextBox' is present

2018-03-15 12:25:51 - [TEST_STEP][PASSED] - tap: Tapped on element 'Object Repository/Sidebar Menu/Operasional/Pengeluaran/Deskripsi - TextBox'

2018-03-15 12:25:51 - [MESSAGE][WARNING] - Timeout '0' is invalid. Using default page load timeout: '30'

2018-03-15 12:25:52 - [MESSAGE][PASSED] - Tapped on element 'Object Repository/Sidebar Menu/Operasional/Pengeluaran/Deskripsi - TextBox'

2018-03-15 12:25:52 - [TEST_STEP][PASSED] - sendKeys: Send keys 'Pengeluaran untuk uang Listrik, Uang Makan, dan Uang Kos bulan Januari' on test object 'Object Repository/Sidebar Menu/Operasional/Pengeluaran/Deskripsi - TextBox' successfully.

2018-03-15 12:26:02 - [MESSAGE][PASSED] - Send keys 'Pengeluaran untuk uang Listrik, Uang Makan, dan Uang Kos bulan Januari' on test object 'Object Repository/Sidebar Menu/Operasional/Pengeluaran/Deskripsi - TextBox' successfully.

2018-03-15 12:26:02 - [TEST_STEP][PASSED] - getText: Text of element 'Object Repository/Sidebar Menu/Operasional/Pengeluaran/Deskripsi - TextBox' is: 'Pengeluaran untuk uang Listrik, Uang Makan, dan Uang Kos bulan Januari'

2018-03-15 12:26:03 - [MESSAGE][PASSED] - Text of element 'Object Repository/Sidebar Menu/Operasional/Pengeluaran/Deskripsi - TextBox' is: 'Pengeluaran untuk uang Listrik, Uang Makan, dan Uang Kos bulan Januari'

2018-03-15 12:26:03 - [TEST_STEP][PASSED] - hideKeyboard: Keyboard is hidden

2018-03-15 12:26:03 - [MESSAGE][PASSED] - Keyboard is hidden

2018-03-15 12:26:03 - [TEST_STEP][PASSED] - delay: Delayed 2 second(s)

2018-03-15 12:26:05 - [MESSAGE][PASSED] - Delayed 2 second(s)]]></system-out>
         <system-err><![CDATA[]]></system-err>
      </testcase>
      <system-out><![CDATA[2018-03-15 12:23:52 - [TEST_SUITE][PASSED] - Story 41: Test Cases/Story 41 - Create Expense/TC 7]]></system-out>
      <system-err><![CDATA[]]></system-err>
   </testsuite>
</testsuites>
