<?xml version="1.0" encoding="UTF-8"?>
<testsuites name="Sprint 2" time="342" tests="3" failures="1" errors="0">
   <testsuite name="Sprint 2" tests="3" failures="1" errors="0" time="342" timestamp="2018-02-27 15:55:50" hostname="AV2017005903 - NBMP18A211ITSQA.corp.bankbtpn.co.id" id="Test Suites/Sprint 2">
      <properties>
         <property name="deviceName" value="asus ASUS_X014D 5.1.1"/>
         <property name="devicePlatform" value=""/>
         <property name="logFolder" value="C:\\Users\\AV2017005903\\Documents\\apollo-automation\\Reports\\Sprint 2\\20180227_155549"/>
         <property name="logFiles" value="C:\\Users\\AV2017005903\\Documents\\apollo-automation\\Reports\\Sprint 2\\20180227_155549\\appium.log, C:\\Users\\AV2017005903\\Documents\\apollo-automation\\Reports\\Sprint 2\\20180227_155549\\execution0.log"/>
         <property name="attachments" value=""/>
         <property name="hostName" value="AV2017005903 - NBMP18A211ITSQA.corp.bankbtpn.co.id"/>
         <property name="os" value="Windows 10 64bit"/>
         <property name="katalonVersion" value="5.0.0.1"/>
         <property name="deviceOS" value="Android"/>
         <property name="appiumVersion" value="1.6.5"/>
         <property name="deviceModel" value="ASUS_X014D"/>
         <property name="hostAddress" value="192.168.17.200"/>
         <property name="deviceManufacturer" value="asus"/>
         <property name="deviceId" value="GBAXGV411465ERX"/>
         <property name="deviceName" value="asus ASUS_X014D 5.1.1"/>
         <property name="deviceOSVersion" value="5.1.1"/>
      </properties>
      <testcase name="Test Cases/Sprint 2/28 - TC-All" classname="Test Cases/Sprint 2/28 - TC-All" status="FAILED">
         <failure type="FAILED" message="Failed to tap and hold on element 'Object Repository/Sidebar Menu/Operasional/Kasir/KERANJANG' with duration 3 (Root cause: org.openqa.selenium.NoSuchElementException: An element could not be located on the page using the given search parameters. (WARNING: The server did not provide any stacktrace information)
Command duration or timeout: 12.36 seconds
For documentation on this error, please visit: http://seleniumhq.org/exceptions/no_such_element.html
Build info: version: '2.53.0', revision: '35ae25b', time: '2016-03-15 17:00:58'
System info: host: 'NBMP18A211ITSQA', ip: '192.168.17.200', os.name: 'Windows 10', os.arch: 'amd64', os.version: '10.0', java.version: '1.8.0_102'
Driver info: com.kms.katalon.core.appium.driver.SwipeableAndroidDriver
Capabilities [{appPackage=com.btpn.appbisnis.dev, noReset=true, deviceId=, deviceName=GBAXGV411465ERX, fullReset=false, platform=ANDROID, deviceUDID=GBAXGV411465ERX, desired={app=C:\Users\AV2017005903\Documents\apollo-automation\Regression_24Februari_PakAnka.apk, noReset=true, newCommandTimeout=1800, appWaitActivity=com.*, autoGrantPermissions=true, udid=GBAXGV411465ERX, platformName=Android, deviceId=, deviceName=asus ASUS_X014D 5.1.1, fullReset=false, platform=ANDROID}, newCommandTimeout=1800, platformVersion=5.1.1, webStorageEnabled=false, takesScreenshot=true, javascriptEnabled=true, udid=GBAXGV411465ERX, platformName=Android, deviceManufacturer=asus, app=C:\Users\AV2017005903\Documents\apollo-automation\Regression_24Februari_PakAnka.apk, deviceScreenSize=480x854, networkConnectionEnabled=true, warnings={}, appWaitActivity=com.*, appWaitPackage=com.btpn.appbisnis.dev, databaseEnabled=false, appActivity=com.btpn_mpos_rn.MainActivity, locationContextEnabled=false, autoGrantPermissions=true, deviceModel=ASUS_X014D}]
Session ID: 797a3250-cfeb-4f81-90d5-113ee97e8228)"/>
         <system-out><![CDATA[2018-02-27 15:55:51 - [TEST_CASE][FAILED] - Test Cases/Sprint 2/28 - TC-All: Test Cases/Sprint 2/28 - TC-All FAILED because (of) Failed to tap and hold on element 'Object Repository/Sidebar Menu/Operasional/Kasir/KERANJANG' with duration 3 (Root cause: org.openqa.selenium.NoSuchElementException: An element could not be located on the page using the given search parameters. (WARNING: The server did not provide any stacktrace information)
Command duration or timeout: 12.36 seconds
For documentation on this error, please visit: http://seleniumhq.org/exceptions/no_such_element.html
Build info: version: '2.53.0', revision: '35ae25b', time: '2016-03-15 17:00:58'
System info: host: 'NBMP18A211ITSQA', ip: '192.168.17.200', os.name: 'Windows 10', os.arch: 'amd64', os.version: '10.0', java.version: '1.8.0_102'
Driver info: com.kms.katalon.core.appium.driver.SwipeableAndroidDriver
Capabilities [{appPackage=com.btpn.appbisnis.dev, noReset=true, deviceId=, deviceName=GBAXGV411465ERX, fullReset=false, platform=ANDROID, deviceUDID=GBAXGV411465ERX, desired={app=C:\Users\AV2017005903\Documents\apollo-automation\Regression_24Februari_PakAnka.apk, noReset=true, newCommandTimeout=1800, appWaitActivity=com.*, autoGrantPermissions=true, udid=GBAXGV411465ERX, platformName=Android, deviceId=, deviceName=asus ASUS_X014D 5.1.1, fullReset=false, platform=ANDROID}, newCommandTimeout=1800, platformVersion=5.1.1, webStorageEnabled=false, takesScreenshot=true, javascriptEnabled=true, udid=GBAXGV411465ERX, platformName=Android, deviceManufacturer=asus, app=C:\Users\AV2017005903\Documents\apollo-automation\Regression_24Februari_PakAnka.apk, deviceScreenSize=480x854, networkConnectionEnabled=true, warnings={}, appWaitActivity=com.*, appWaitPackage=com.btpn.appbisnis.dev, databaseEnabled=false, appActivity=com.btpn_mpos_rn.MainActivity, locationContextEnabled=false, autoGrantPermissions=true, deviceModel=ASUS_X014D}]
Session ID: 797a3250-cfeb-4f81-90d5-113ee97e8228)

2018-02-27 15:55:51 - [TEST_STEP][PASSED] - comment: Start Story 28

2018-02-27 15:55:51 - [TEST_STEP][PASSED] - Statement - apkPath = com.kms.katalon.core.util.internal.PathUtil.relativeToAbsolutePath(apkName, com.kms.katalon.core.configuration.RunConfiguration.getProjectDir()): null

2018-02-27 15:55:51 - [TEST_STEP][PASSED] - startApplication: Started app at: 'C:\Users\AV2017005903\Documents\apollo-automation\Regression_24Februari_PakAnka.apk'

2018-02-27 15:56:09 - [MESSAGE][PASSED] - Started app at: 'C:\Users\AV2017005903\Documents\apollo-automation\Regression_24Februari_PakAnka.apk'

2018-02-27 15:56:09 - [TEST_STEP][PASSED] - tap: Tapped on element 'Object Repository/Login/Daftar Sekarang - Belum Punya Akun'

2018-02-27 15:56:17 - [MESSAGE][PASSED] - Tapped on element 'Object Repository/Login/Daftar Sekarang - Belum Punya Akun'

2018-02-27 15:56:17 - [TEST_STEP][PASSED] - verifyElementExist: Element 'Object Repository/Login/Daftar Sekarang - Belum Punya Akun' is exist

2018-02-27 15:56:17 - [MESSAGE][PASSED] - Element 'Object Repository/Login/Daftar Sekarang - Belum Punya Akun' is exist

2018-02-27 15:56:17 - [TEST_STEP][NOT_RUN] - tap: NOT_RUN: tap

2018-02-27 15:56:17 - [MESSAGE][NOT_RUN] - NOT_RUN: tap

2018-02-27 15:56:17 - [TEST_STEP][NOT_RUN] - setText: NOT_RUN: setText

2018-02-27 15:56:17 - [MESSAGE][NOT_RUN] - NOT_RUN: setText

2018-02-27 15:56:17 - [TEST_STEP][NOT_RUN] - hideKeyboard: NOT_RUN: hideKeyboard

2018-02-27 15:56:17 - [MESSAGE][NOT_RUN] - NOT_RUN: hideKeyboard

2018-02-27 15:56:17 - [TEST_STEP][NOT_RUN] - tap: NOT_RUN: tap

2018-02-27 15:56:17 - [MESSAGE][NOT_RUN] - NOT_RUN: tap

2018-02-27 15:56:17 - [TEST_STEP][NOT_RUN] - waitForElementPresent: NOT_RUN: waitForElementPresent

2018-02-27 15:56:17 - [MESSAGE][NOT_RUN] - NOT_RUN: waitForElementPresent

2018-02-27 15:56:17 - [TEST_STEP][NOT_RUN] - tap: NOT_RUN: tap

2018-02-27 15:56:17 - [MESSAGE][NOT_RUN] - NOT_RUN: tap

2018-02-27 15:56:17 - [TEST_STEP][NOT_RUN] - setText: NOT_RUN: setText

2018-02-27 15:56:17 - [MESSAGE][NOT_RUN] - NOT_RUN: setText

2018-02-27 15:56:17 - [TEST_STEP][PASSED] - waitForElementPresent: Element 'Object Repository/Sidebar Menu/HamburgerButton' is present

2018-02-27 15:56:20 - [MESSAGE][PASSED] - Element 'Object Repository/Sidebar Menu/HamburgerButton' is present

2018-02-27 15:56:20 - [TEST_STEP][PASSED] - tap: Tapped on element 'Object Repository/Sidebar Menu/HamburgerButton'

2018-02-27 15:56:21 - [MESSAGE][PASSED] - Tapped on element 'Object Repository/Sidebar Menu/HamburgerButton'

2018-02-27 15:56:21 - [TEST_STEP][PASSED] - tap: Tapped on element 'Object Repository/Sidebar Menu/Operasional/Operasional - Sidebar Menu'

2018-02-27 15:56:23 - [MESSAGE][PASSED] - Tapped on element 'Object Repository/Sidebar Menu/Operasional/Operasional - Sidebar Menu'

2018-02-27 15:56:23 - [TEST_STEP][PASSED] - tap: Tapped on element 'Object Repository/Sidebar Menu/Operasional/Kasir/Kasir - Navbar'

2018-02-27 15:56:26 - [MESSAGE][PASSED] - Tapped on element 'Object Repository/Sidebar Menu/Operasional/Kasir/Kasir - Navbar'

2018-02-27 15:56:26 - [TEST_STEP][NOT_RUN] - Statement - For (def index : (0..3)): NOT_RUN: Statement - For (def index : (0..3))

2018-02-27 15:56:26 - [MESSAGE][NOT_RUN] - NOT_RUN: Statement - For (def index : (0..3))

2018-02-27 15:56:26 - [TEST_STEP][NOT_RUN] - delay: NOT_RUN: delay

2018-02-27 15:56:26 - [MESSAGE][NOT_RUN] - NOT_RUN: delay

2018-02-27 15:56:26 - [TEST_STEP][NOT_RUN] - tap: NOT_RUN: tap

2018-02-27 15:56:26 - [MESSAGE][NOT_RUN] - NOT_RUN: tap

2018-02-27 15:56:26 - [TEST_STEP][NOT_RUN] - setText: NOT_RUN: setText

2018-02-27 15:56:26 - [MESSAGE][NOT_RUN] - NOT_RUN: setText

2018-02-27 15:56:26 - [TEST_STEP][NOT_RUN] - verifyElementText: NOT_RUN: verifyElementText

2018-02-27 15:56:26 - [MESSAGE][NOT_RUN] - NOT_RUN: verifyElementText

2018-02-27 15:56:26 - [TEST_STEP][NOT_RUN] - clearText: NOT_RUN: clearText

2018-02-27 15:56:26 - [MESSAGE][NOT_RUN] - NOT_RUN: clearText

2018-02-27 15:56:26 - [TEST_STEP][NOT_RUN] - setText: NOT_RUN: setText

2018-02-27 15:56:26 - [MESSAGE][NOT_RUN] - NOT_RUN: setText

2018-02-27 15:56:26 - [TEST_STEP][NOT_RUN] - verifyElementText: NOT_RUN: verifyElementText

2018-02-27 15:56:26 - [MESSAGE][NOT_RUN] - NOT_RUN: verifyElementText

2018-02-27 15:56:26 - [TEST_STEP][NOT_RUN] - clearText: NOT_RUN: clearText

2018-02-27 15:56:26 - [MESSAGE][NOT_RUN] - NOT_RUN: clearText

2018-02-27 15:56:26 - [TEST_STEP][NOT_RUN] - setText: NOT_RUN: setText

2018-02-27 15:56:26 - [MESSAGE][NOT_RUN] - NOT_RUN: setText

2018-02-27 15:56:26 - [TEST_STEP][NOT_RUN] - verifyElementText: NOT_RUN: verifyElementText

2018-02-27 15:56:26 - [MESSAGE][NOT_RUN] - NOT_RUN: verifyElementText

2018-02-27 15:56:26 - [TEST_STEP][NOT_RUN] - clearText: NOT_RUN: clearText

2018-02-27 15:56:26 - [MESSAGE][NOT_RUN] - NOT_RUN: clearText

2018-02-27 15:56:26 - [TEST_STEP][NOT_RUN] - setText: NOT_RUN: setText

2018-02-27 15:56:26 - [MESSAGE][NOT_RUN] - NOT_RUN: setText

2018-02-27 15:56:26 - [TEST_STEP][NOT_RUN] - verifyElementText: NOT_RUN: verifyElementText

2018-02-27 15:56:26 - [MESSAGE][NOT_RUN] - NOT_RUN: verifyElementText

2018-02-27 15:56:26 - [TEST_STEP][NOT_RUN] - hideKeyboard: NOT_RUN: hideKeyboard

2018-02-27 15:56:26 - [MESSAGE][NOT_RUN] - NOT_RUN: hideKeyboard

2018-02-27 15:56:26 - [TEST_STEP][NOT_RUN] - clearText: NOT_RUN: clearText

2018-02-27 15:56:26 - [MESSAGE][NOT_RUN] - NOT_RUN: clearText

2018-02-27 15:56:26 - [TEST_STEP][NOT_RUN] - setText: NOT_RUN: setText

2018-02-27 15:56:26 - [MESSAGE][NOT_RUN] - NOT_RUN: setText

2018-02-27 15:56:26 - [TEST_STEP][NOT_RUN] - verifyElementText: NOT_RUN: verifyElementText

2018-02-27 15:56:26 - [MESSAGE][NOT_RUN] - NOT_RUN: verifyElementText

2018-02-27 15:56:26 - [TEST_STEP][NOT_RUN] - delay: NOT_RUN: delay

2018-02-27 15:56:26 - [MESSAGE][NOT_RUN] - NOT_RUN: delay

2018-02-27 15:56:26 - [TEST_STEP][NOT_RUN] - tap: NOT_RUN: tap

2018-02-27 15:56:26 - [MESSAGE][NOT_RUN] - NOT_RUN: tap

2018-02-27 15:56:26 - [TEST_STEP][NOT_RUN] - clearText: NOT_RUN: clearText

2018-02-27 15:56:26 - [MESSAGE][NOT_RUN] - NOT_RUN: clearText

2018-02-27 15:56:26 - [TEST_STEP][NOT_RUN] - waitForElementPresent: NOT_RUN: waitForElementPresent

2018-02-27 15:56:26 - [MESSAGE][NOT_RUN] - NOT_RUN: waitForElementPresent

2018-02-27 15:56:26 - [TEST_STEP][NOT_RUN] - tap: NOT_RUN: tap

2018-02-27 15:56:26 - [MESSAGE][NOT_RUN] - NOT_RUN: tap

2018-02-27 15:56:26 - [TEST_STEP][NOT_RUN] - delay: NOT_RUN: delay

2018-02-27 15:56:26 - [MESSAGE][NOT_RUN] - NOT_RUN: delay

2018-02-27 15:56:26 - [TEST_STEP][NOT_RUN] - Statement - For (def index : (0..2)): NOT_RUN: Statement - For (def index : (0..2))

2018-02-27 15:56:26 - [MESSAGE][NOT_RUN] - NOT_RUN: Statement - For (def index : (0..2))

2018-02-27 15:56:26 - [TEST_STEP][NOT_RUN] - tap: NOT_RUN: tap

2018-02-27 15:56:26 - [MESSAGE][NOT_RUN] - NOT_RUN: tap

2018-02-27 15:56:26 - [TEST_STEP][NOT_RUN] - delay: NOT_RUN: delay

2018-02-27 15:56:26 - [MESSAGE][NOT_RUN] - NOT_RUN: delay

2018-02-27 15:56:26 - [TEST_STEP][NOT_RUN] - Statement - For (def index : (0..2)): NOT_RUN: Statement - For (def index : (0..2))

2018-02-27 15:56:26 - [MESSAGE][NOT_RUN] - NOT_RUN: Statement - For (def index : (0..2))

2018-02-27 15:56:26 - [TEST_STEP][NOT_RUN] - Statement - For (def index : (0..1)): NOT_RUN: Statement - For (def index : (0..1))

2018-02-27 15:56:26 - [MESSAGE][NOT_RUN] - NOT_RUN: Statement - For (def index : (0..1))

2018-02-27 15:56:26 - [TEST_STEP][PASSED] - tap: Tapped on element 'Object Repository/Sidebar Menu/Operasional/Kasir/Input Jumlah by Typing - Elemen1'

2018-02-27 15:56:27 - [MESSAGE][PASSED] - Tapped on element 'Object Repository/Sidebar Menu/Operasional/Kasir/Input Jumlah by Typing - Elemen1'

2018-02-27 15:56:27 - [TEST_STEP][PASSED] - setText: Text '4' has been set to element 'Object Repository/Sidebar Menu/Operasional/Kasir/Input Jumlah by Typing - Elemen1'

2018-02-27 15:56:40 - [MESSAGE][PASSED] - Text '4' has been set to element 'Object Repository/Sidebar Menu/Operasional/Kasir/Input Jumlah by Typing - Elemen1'

2018-02-27 15:56:40 - [TEST_STEP][PASSED] - hideKeyboard: Keyboard is hidden

2018-02-27 15:56:41 - [MESSAGE][PASSED] - Keyboard is hidden

2018-02-27 15:56:41 - [TEST_STEP][PASSED] - Statement - For (def index : (0..3)): Tapped on element 'Object Repository/Sidebar Menu/Operasional/Kasir/PlusTap - ListProduct Elemen 2'

2018-02-27 15:56:41 - [TEST_STEP][PASSED] - tap: Tapped on element 'Object Repository/Sidebar Menu/Operasional/Kasir/PlusTap - ListProduct Elemen 2'

2018-02-27 15:56:42 - [MESSAGE][PASSED] - Tapped on element 'Object Repository/Sidebar Menu/Operasional/Kasir/PlusTap - ListProduct Elemen 2'

2018-02-27 15:56:42 - [TEST_STEP][PASSED] - tap: Tapped on element 'Object Repository/Sidebar Menu/Operasional/Kasir/PlusTap - ListProduct Elemen 2'

2018-02-27 15:56:43 - [MESSAGE][PASSED] - Tapped on element 'Object Repository/Sidebar Menu/Operasional/Kasir/PlusTap - ListProduct Elemen 2'

2018-02-27 15:56:43 - [TEST_STEP][PASSED] - tap: Tapped on element 'Object Repository/Sidebar Menu/Operasional/Kasir/PlusTap - ListProduct Elemen 2'

2018-02-27 15:56:44 - [MESSAGE][PASSED] - Tapped on element 'Object Repository/Sidebar Menu/Operasional/Kasir/PlusTap - ListProduct Elemen 2'

2018-02-27 15:56:44 - [TEST_STEP][PASSED] - tap: Tapped on element 'Object Repository/Sidebar Menu/Operasional/Kasir/PlusTap - ListProduct Elemen 2'

2018-02-27 15:56:46 - [MESSAGE][PASSED] - Tapped on element 'Object Repository/Sidebar Menu/Operasional/Kasir/PlusTap - ListProduct Elemen 2'

2018-02-27 15:56:46 - [TEST_STEP][PASSED] - Statement - For (def index : (0..2)): Tapped on element 'Object Repository/Sidebar Menu/Operasional/Kasir/MinusTap - List Product Elemen 2'

2018-02-27 15:56:46 - [TEST_STEP][PASSED] - tap: Tapped on element 'Object Repository/Sidebar Menu/Operasional/Kasir/MinusTap - List Product Elemen 2'

2018-02-27 15:56:47 - [MESSAGE][PASSED] - Tapped on element 'Object Repository/Sidebar Menu/Operasional/Kasir/MinusTap - List Product Elemen 2'

2018-02-27 15:56:47 - [TEST_STEP][PASSED] - tap: Tapped on element 'Object Repository/Sidebar Menu/Operasional/Kasir/MinusTap - List Product Elemen 2'

2018-02-27 15:56:49 - [MESSAGE][PASSED] - Tapped on element 'Object Repository/Sidebar Menu/Operasional/Kasir/MinusTap - List Product Elemen 2'

2018-02-27 15:56:49 - [TEST_STEP][PASSED] - tap: Tapped on element 'Object Repository/Sidebar Menu/Operasional/Kasir/MinusTap - List Product Elemen 2'

2018-02-27 15:56:50 - [MESSAGE][PASSED] - Tapped on element 'Object Repository/Sidebar Menu/Operasional/Kasir/MinusTap - List Product Elemen 2'

2018-02-27 15:56:50 - [TEST_STEP][PASSED] - tap: Tapped on element 'Object Repository/Sidebar Menu/Operasional/Kasir/Input Jumlah by Typing - Elemen2'

2018-02-27 15:56:52 - [MESSAGE][PASSED] - Tapped on element 'Object Repository/Sidebar Menu/Operasional/Kasir/Input Jumlah by Typing - Elemen2'

2018-02-27 15:56:52 - [TEST_STEP][PASSED] - clearText: Element 'Object Repository/Sidebar Menu/Operasional/Kasir/Input Jumlah by Typing - Elemen2' text is cleared

2018-02-27 15:56:55 - [MESSAGE][PASSED] - Element 'Object Repository/Sidebar Menu/Operasional/Kasir/Input Jumlah by Typing - Elemen2' text is cleared

2018-02-27 15:56:55 - [TEST_STEP][PASSED] - setText: Text '-2' has been set to element 'Object Repository/Sidebar Menu/Operasional/Kasir/Input Jumlah by Typing - Elemen2'

2018-02-27 15:57:03 - [MESSAGE][PASSED] - Text '-2' has been set to element 'Object Repository/Sidebar Menu/Operasional/Kasir/Input Jumlah by Typing - Elemen2'

2018-02-27 15:57:03 - [TEST_STEP][PASSED] - hideKeyboard: Keyboard is hidden

2018-02-27 15:57:04 - [MESSAGE][PASSED] - Keyboard is hidden

2018-02-27 15:57:04 - [TEST_STEP][PASSED] - tap: Tapped on element 'Object Repository/Sidebar Menu/Operasional/Kasir/Input Jumlah by Typing - Elemen2'

2018-02-27 15:57:06 - [MESSAGE][PASSED] - Tapped on element 'Object Repository/Sidebar Menu/Operasional/Kasir/Input Jumlah by Typing - Elemen2'

2018-02-27 15:57:06 - [TEST_STEP][PASSED] - clearText: Element 'Object Repository/Sidebar Menu/Operasional/Kasir/Input Jumlah by Typing - Elemen2' text is cleared

2018-02-27 15:57:08 - [MESSAGE][PASSED] - Element 'Object Repository/Sidebar Menu/Operasional/Kasir/Input Jumlah by Typing - Elemen2' text is cleared

2018-02-27 15:57:08 - [TEST_STEP][PASSED] - setText: Text '999' has been set to element 'Object Repository/Sidebar Menu/Operasional/Kasir/Input Jumlah by Typing - Elemen2'

2018-02-27 15:57:20 - [MESSAGE][PASSED] - Text '999' has been set to element 'Object Repository/Sidebar Menu/Operasional/Kasir/Input Jumlah by Typing - Elemen2'

2018-02-27 15:57:20 - [TEST_STEP][PASSED] - hideKeyboard: Keyboard is hidden

2018-02-27 15:57:21 - [MESSAGE][PASSED] - Keyboard is hidden

2018-02-27 15:57:21 - [TEST_STEP][PASSED] - tap: Tapped on element 'Object Repository/Sidebar Menu/Operasional/Kasir/Input Jumlah by Typing - Elemen2'

2018-02-27 15:57:22 - [MESSAGE][PASSED] - Tapped on element 'Object Repository/Sidebar Menu/Operasional/Kasir/Input Jumlah by Typing - Elemen2'

2018-02-27 15:57:22 - [TEST_STEP][PASSED] - clearText: Element 'Object Repository/Sidebar Menu/Operasional/Kasir/Input Jumlah by Typing - Elemen2' text is cleared

2018-02-27 15:57:27 - [MESSAGE][PASSED] - Element 'Object Repository/Sidebar Menu/Operasional/Kasir/Input Jumlah by Typing - Elemen2' text is cleared

2018-02-27 15:57:27 - [TEST_STEP][PASSED] - setText: Text '2' has been set to element 'Object Repository/Sidebar Menu/Operasional/Kasir/Input Jumlah by Typing - Elemen2'

2018-02-27 15:57:39 - [MESSAGE][PASSED] - Text '2' has been set to element 'Object Repository/Sidebar Menu/Operasional/Kasir/Input Jumlah by Typing - Elemen2'

2018-02-27 15:57:39 - [TEST_STEP][PASSED] - hideKeyboard: Keyboard is hidden

2018-02-27 15:57:40 - [MESSAGE][PASSED] - Keyboard is hidden

2018-02-27 15:57:40 - [TEST_STEP][NOT_RUN] - delay: NOT_RUN: delay

2018-02-27 15:57:40 - [MESSAGE][NOT_RUN] - NOT_RUN: delay

2018-02-27 15:57:40 - [TEST_STEP][PASSED] - tap: Tapped on element 'Object Repository/Sidebar Menu/Operasional/Kasir/KERANJANG'

2018-02-27 15:57:41 - [MESSAGE][PASSED] - Tapped on element 'Object Repository/Sidebar Menu/Operasional/Kasir/KERANJANG'

2018-02-27 15:57:41 - [TEST_STEP][FAILED] - tapAndHold: Failed to tap and hold on element 'Object Repository/Sidebar Menu/Operasional/Kasir/KERANJANG' with duration 3 (Root cause: org.openqa.selenium.NoSuchElementException: An element could not be located on the page using the given search parameters. (WARNING: The server did not provide any stacktrace information)
Command duration or timeout: 12.36 seconds
For documentation on this error, please visit: http://seleniumhq.org/exceptions/no_such_element.html
Build info: version: '2.53.0', revision: '35ae25b', time: '2016-03-15 17:00:58'
System info: host: 'NBMP18A211ITSQA', ip: '192.168.17.200', os.name: 'Windows 10', os.arch: 'amd64', os.version: '10.0', java.version: '1.8.0_102'
Driver info: com.kms.katalon.core.appium.driver.SwipeableAndroidDriver
Capabilities [{appPackage=com.btpn.appbisnis.dev, noReset=true, deviceId=, deviceName=GBAXGV411465ERX, fullReset=false, platform=ANDROID, deviceUDID=GBAXGV411465ERX, desired={app=C:\Users\AV2017005903\Documents\apollo-automation\Regression_24Februari_PakAnka.apk, noReset=true, newCommandTimeout=1800, appWaitActivity=com.*, autoGrantPermissions=true, udid=GBAXGV411465ERX, platformName=Android, deviceId=, deviceName=asus ASUS_X014D 5.1.1, fullReset=false, platform=ANDROID}, newCommandTimeout=1800, platformVersion=5.1.1, webStorageEnabled=false, takesScreenshot=true, javascriptEnabled=true, udid=GBAXGV411465ERX, platformName=Android, deviceManufacturer=asus, app=C:\Users\AV2017005903\Documents\apollo-automation\Regression_24Februari_PakAnka.apk, deviceScreenSize=480x854, networkConnectionEnabled=true, warnings={}, appWaitActivity=com.*, appWaitPackage=com.btpn.appbisnis.dev, databaseEnabled=false, appActivity=com.btpn_mpos_rn.MainActivity, locationContextEnabled=false, autoGrantPermissions=true, deviceModel=ASUS_X014D}]
Session ID: 797a3250-cfeb-4f81-90d5-113ee97e8228)

2018-02-27 15:57:41 - [MESSAGE][WARNING] - Timeout '0' is invalid. Using default page load timeout: '30'

2018-02-27 15:57:54 - [MESSAGE][FAILED] - Failed to tap and hold on element 'Object Repository/Sidebar Menu/Operasional/Kasir/KERANJANG' with duration 3 (Root cause: org.openqa.selenium.NoSuchElementException: An element could not be located on the page using the given search parameters. (WARNING: The server did not provide any stacktrace information)
Command duration or timeout: 12.36 seconds
For documentation on this error, please visit: http://seleniumhq.org/exceptions/no_such_element.html
Build info: version: '2.53.0', revision: '35ae25b', time: '2016-03-15 17:00:58'
System info: host: 'NBMP18A211ITSQA', ip: '192.168.17.200', os.name: 'Windows 10', os.arch: 'amd64', os.version: '10.0', java.version: '1.8.0_102'
Driver info: com.kms.katalon.core.appium.driver.SwipeableAndroidDriver
Capabilities [{appPackage=com.btpn.appbisnis.dev, noReset=true, deviceId=, deviceName=GBAXGV411465ERX, fullReset=false, platform=ANDROID, deviceUDID=GBAXGV411465ERX, desired={app=C:\Users\AV2017005903\Documents\apollo-automation\Regression_24Februari_PakAnka.apk, noReset=true, newCommandTimeout=1800, appWaitActivity=com.*, autoGrantPermissions=true, udid=GBAXGV411465ERX, platformName=Android, deviceId=, deviceName=asus ASUS_X014D 5.1.1, fullReset=false, platform=ANDROID}, newCommandTimeout=1800, platformVersion=5.1.1, webStorageEnabled=false, takesScreenshot=true, javascriptEnabled=true, udid=GBAXGV411465ERX, platformName=Android, deviceManufacturer=asus, app=C:\Users\AV2017005903\Documents\apollo-automation\Regression_24Februari_PakAnka.apk, deviceScreenSize=480x854, networkConnectionEnabled=true, warnings={}, appWaitActivity=com.*, appWaitPackage=com.btpn.appbisnis.dev, databaseEnabled=false, appActivity=com.btpn_mpos_rn.MainActivity, locationContextEnabled=false, autoGrantPermissions=true, deviceModel=ASUS_X014D}]
Session ID: 797a3250-cfeb-4f81-90d5-113ee97e8228)]]></system-out>
         <system-err><![CDATA[2018-02-27 15:55:51 - [TEST_CASE][FAILED] - Test Cases/Sprint 2/28 - TC-All: Test Cases/Sprint 2/28 - TC-All FAILED because (of) Failed to tap and hold on element 'Object Repository/Sidebar Menu/Operasional/Kasir/KERANJANG' with duration 3 (Root cause: org.openqa.selenium.NoSuchElementException: An element could not be located on the page using the given search parameters. (WARNING: The server did not provide any stacktrace information)
Command duration or timeout: 12.36 seconds
For documentation on this error, please visit: http://seleniumhq.org/exceptions/no_such_element.html
Build info: version: '2.53.0', revision: '35ae25b', time: '2016-03-15 17:00:58'
System info: host: 'NBMP18A211ITSQA', ip: '192.168.17.200', os.name: 'Windows 10', os.arch: 'amd64', os.version: '10.0', java.version: '1.8.0_102'
Driver info: com.kms.katalon.core.appium.driver.SwipeableAndroidDriver
Capabilities [{appPackage=com.btpn.appbisnis.dev, noReset=true, deviceId=, deviceName=GBAXGV411465ERX, fullReset=false, platform=ANDROID, deviceUDID=GBAXGV411465ERX, desired={app=C:\Users\AV2017005903\Documents\apollo-automation\Regression_24Februari_PakAnka.apk, noReset=true, newCommandTimeout=1800, appWaitActivity=com.*, autoGrantPermissions=true, udid=GBAXGV411465ERX, platformName=Android, deviceId=, deviceName=asus ASUS_X014D 5.1.1, fullReset=false, platform=ANDROID}, newCommandTimeout=1800, platformVersion=5.1.1, webStorageEnabled=false, takesScreenshot=true, javascriptEnabled=true, udid=GBAXGV411465ERX, platformName=Android, deviceManufacturer=asus, app=C:\Users\AV2017005903\Documents\apollo-automation\Regression_24Februari_PakAnka.apk, deviceScreenSize=480x854, networkConnectionEnabled=true, warnings={}, appWaitActivity=com.*, appWaitPackage=com.btpn.appbisnis.dev, databaseEnabled=false, appActivity=com.btpn_mpos_rn.MainActivity, locationContextEnabled=false, autoGrantPermissions=true, deviceModel=ASUS_X014D}]
Session ID: 797a3250-cfeb-4f81-90d5-113ee97e8228)]]></system-err>
      </testcase>
      <testcase name="Test Cases/Sprint 2/29 - TC - All" classname="Test Cases/Sprint 2/29 - TC - All" status="PASSED">
         <system-out><![CDATA[2018-02-27 15:57:54 - [TEST_CASE][PASSED] - Test Cases/Sprint 2/29 - TC - All: Test Cases/Sprint 2/29 - TC - All

2018-02-27 15:57:54 - [TEST_STEP][PASSED] - comment: Start Story 29

2018-02-27 15:57:54 - [TEST_STEP][PASSED] - delay: Delayed 5 second(s)

2018-02-27 15:57:59 - [MESSAGE][PASSED] - Delayed 5 second(s)

2018-02-27 15:57:59 - [TEST_STEP][PASSED] - Statement - For (def index : (0..5)): Tapped on element 'Object Repository/Sidebar Menu/Operasional/Kasir/Kerajang dan Pembayaran/PlusTap - Elemen 2'

2018-02-27 15:57:59 - [TEST_STEP][PASSED] - tap: Tapped on element 'Object Repository/Sidebar Menu/Operasional/Kasir/Kerajang dan Pembayaran/PlusTap - Elemen 2'

2018-02-27 15:58:00 - [MESSAGE][PASSED] - Tapped on element 'Object Repository/Sidebar Menu/Operasional/Kasir/Kerajang dan Pembayaran/PlusTap - Elemen 2'

2018-02-27 15:58:00 - [TEST_STEP][PASSED] - tap: Tapped on element 'Object Repository/Sidebar Menu/Operasional/Kasir/Kerajang dan Pembayaran/PlusTap - Elemen 2'

2018-02-27 15:58:01 - [MESSAGE][PASSED] - Tapped on element 'Object Repository/Sidebar Menu/Operasional/Kasir/Kerajang dan Pembayaran/PlusTap - Elemen 2'

2018-02-27 15:58:01 - [TEST_STEP][PASSED] - tap: Tapped on element 'Object Repository/Sidebar Menu/Operasional/Kasir/Kerajang dan Pembayaran/PlusTap - Elemen 2'

2018-02-27 15:58:02 - [MESSAGE][PASSED] - Tapped on element 'Object Repository/Sidebar Menu/Operasional/Kasir/Kerajang dan Pembayaran/PlusTap - Elemen 2'

2018-02-27 15:58:02 - [TEST_STEP][PASSED] - tap: Tapped on element 'Object Repository/Sidebar Menu/Operasional/Kasir/Kerajang dan Pembayaran/PlusTap - Elemen 2'

2018-02-27 15:58:04 - [MESSAGE][PASSED] - Tapped on element 'Object Repository/Sidebar Menu/Operasional/Kasir/Kerajang dan Pembayaran/PlusTap - Elemen 2'

2018-02-27 15:58:04 - [TEST_STEP][PASSED] - tap: Tapped on element 'Object Repository/Sidebar Menu/Operasional/Kasir/Kerajang dan Pembayaran/PlusTap - Elemen 2'

2018-02-27 15:58:05 - [MESSAGE][PASSED] - Tapped on element 'Object Repository/Sidebar Menu/Operasional/Kasir/Kerajang dan Pembayaran/PlusTap - Elemen 2'

2018-02-27 15:58:05 - [TEST_STEP][PASSED] - tap: Tapped on element 'Object Repository/Sidebar Menu/Operasional/Kasir/Kerajang dan Pembayaran/PlusTap - Elemen 2'

2018-02-27 15:58:07 - [MESSAGE][PASSED] - Tapped on element 'Object Repository/Sidebar Menu/Operasional/Kasir/Kerajang dan Pembayaran/PlusTap - Elemen 2'

2018-02-27 15:58:07 - [TEST_STEP][PASSED] - Statement - For (def index : (0..3)): Tapped on element 'Object Repository/Sidebar Menu/Operasional/Kasir/Kerajang dan Pembayaran/MinusTap - Elemen 1'

2018-02-27 15:58:07 - [TEST_STEP][PASSED] - tap: Tapped on element 'Object Repository/Sidebar Menu/Operasional/Kasir/Kerajang dan Pembayaran/MinusTap - Elemen 1'

2018-02-27 15:58:08 - [MESSAGE][PASSED] - Tapped on element 'Object Repository/Sidebar Menu/Operasional/Kasir/Kerajang dan Pembayaran/MinusTap - Elemen 1'

2018-02-27 15:58:08 - [TEST_STEP][PASSED] - tap: Tapped on element 'Object Repository/Sidebar Menu/Operasional/Kasir/Kerajang dan Pembayaran/MinusTap - Elemen 1'

2018-02-27 15:58:10 - [MESSAGE][PASSED] - Tapped on element 'Object Repository/Sidebar Menu/Operasional/Kasir/Kerajang dan Pembayaran/MinusTap - Elemen 1'

2018-02-27 15:58:10 - [TEST_STEP][PASSED] - tap: Tapped on element 'Object Repository/Sidebar Menu/Operasional/Kasir/Kerajang dan Pembayaran/MinusTap - Elemen 1'

2018-02-27 15:58:11 - [MESSAGE][PASSED] - Tapped on element 'Object Repository/Sidebar Menu/Operasional/Kasir/Kerajang dan Pembayaran/MinusTap - Elemen 1'

2018-02-27 15:58:11 - [TEST_STEP][PASSED] - tap: Tapped on element 'Object Repository/Sidebar Menu/Operasional/Kasir/Kerajang dan Pembayaran/MinusTap - Elemen 1'

2018-02-27 15:58:13 - [MESSAGE][PASSED] - Tapped on element 'Object Repository/Sidebar Menu/Operasional/Kasir/Kerajang dan Pembayaran/MinusTap - Elemen 1'

2018-02-27 15:58:13 - [TEST_STEP][PASSED] - tap: Tapped on element 'Object Repository/Sidebar Menu/Operasional/Kasir/Kerajang dan Pembayaran/MinusTap - Elemen 1'

2018-02-27 15:58:13 - [MESSAGE][WARNING] - Timeout '0' is invalid. Using default page load timeout: '30'

2018-02-27 15:58:14 - [MESSAGE][PASSED] - Tapped on element 'Object Repository/Sidebar Menu/Operasional/Kasir/Kerajang dan Pembayaran/MinusTap - Elemen 1'

2018-02-27 15:58:14 - [TEST_STEP][PASSED] - tap: Tapped on element 'Object Repository/Sidebar Menu/Operasional/Kasir/Kerajang dan Pembayaran/InputbbyType - Elemen 1'

2018-02-27 15:58:15 - [MESSAGE][PASSED] - Tapped on element 'Object Repository/Sidebar Menu/Operasional/Kasir/Kerajang dan Pembayaran/InputbbyType - Elemen 1'

2018-02-27 15:58:15 - [TEST_STEP][PASSED] - verifyElementExist: Element 'Object Repository/Sidebar Menu/Operasional/Kasir/Kerajang dan Pembayaran/InputbbyType - Elemen 1' is exist

2018-02-27 15:58:16 - [MESSAGE][PASSED] - Element 'Object Repository/Sidebar Menu/Operasional/Kasir/Kerajang dan Pembayaran/InputbbyType - Elemen 1' is exist

2018-02-27 15:58:16 - [TEST_STEP][PASSED] - clearText: Element 'Object Repository/Sidebar Menu/Operasional/Kasir/Kerajang dan Pembayaran/InputbbyType - Elemen 1' text is cleared

2018-02-27 15:58:20 - [MESSAGE][PASSED] - Element 'Object Repository/Sidebar Menu/Operasional/Kasir/Kerajang dan Pembayaran/InputbbyType - Elemen 1' text is cleared

2018-02-27 15:58:20 - [TEST_STEP][PASSED] - setText: Text '47' has been set to element 'Object Repository/Sidebar Menu/Operasional/Kasir/Kerajang dan Pembayaran/InputbbyType - Elemen 1'

2018-02-27 15:58:32 - [MESSAGE][PASSED] - Text '47' has been set to element 'Object Repository/Sidebar Menu/Operasional/Kasir/Kerajang dan Pembayaran/InputbbyType - Elemen 1'

2018-02-27 15:58:32 - [TEST_STEP][PASSED] - clearText: Element 'Object Repository/Sidebar Menu/Operasional/Kasir/Kerajang dan Pembayaran/InputbbyType - Elemen 1' text is cleared

2018-02-27 15:58:34 - [MESSAGE][PASSED] - Element 'Object Repository/Sidebar Menu/Operasional/Kasir/Kerajang dan Pembayaran/InputbbyType - Elemen 1' text is cleared

2018-02-27 15:58:34 - [TEST_STEP][PASSED] - tap: Tapped on element 'Object Repository/Sidebar Menu/Operasional/Kasir/Kerajang dan Pembayaran/InputbbyType - Elemen 1'

2018-02-27 15:58:35 - [MESSAGE][PASSED] - Tapped on element 'Object Repository/Sidebar Menu/Operasional/Kasir/Kerajang dan Pembayaran/InputbbyType - Elemen 1'

2018-02-27 15:58:35 - [TEST_STEP][PASSED] - verifyElementExist: Element 'Object Repository/Sidebar Menu/Operasional/Kasir/Kerajang dan Pembayaran/InputbbyType - Elemen 1' is exist

2018-02-27 15:58:36 - [MESSAGE][PASSED] - Element 'Object Repository/Sidebar Menu/Operasional/Kasir/Kerajang dan Pembayaran/InputbbyType - Elemen 1' is exist

2018-02-27 15:58:36 - [TEST_STEP][PASSED] - setText: Text '5' has been set to element 'Object Repository/Sidebar Menu/Operasional/Kasir/Kerajang dan Pembayaran/InputbbyType - Elemen 1'

2018-02-27 15:58:48 - [MESSAGE][PASSED] - Text '5' has been set to element 'Object Repository/Sidebar Menu/Operasional/Kasir/Kerajang dan Pembayaran/InputbbyType - Elemen 1'

2018-02-27 15:58:48 - [TEST_STEP][PASSED] - hideKeyboard: Keyboard is hidden

2018-02-27 15:58:49 - [MESSAGE][PASSED] - Keyboard is hidden

2018-02-27 15:58:49 - [TEST_STEP][PASSED] - clearText: Element 'Object Repository/Sidebar Menu/Operasional/Kasir/Kerajang dan Pembayaran/InputbbyType - Elemen 1' text is cleared

2018-02-27 15:58:54 - [MESSAGE][PASSED] - Element 'Object Repository/Sidebar Menu/Operasional/Kasir/Kerajang dan Pembayaran/InputbbyType - Elemen 1' text is cleared

2018-02-27 15:58:54 - [TEST_STEP][PASSED] - tap: Tapped on element 'Object Repository/Sidebar Menu/Operasional/Kasir/Kerajang dan Pembayaran/InputbbyType - Elemen 1'

2018-02-27 15:58:55 - [MESSAGE][PASSED] - Tapped on element 'Object Repository/Sidebar Menu/Operasional/Kasir/Kerajang dan Pembayaran/InputbbyType - Elemen 1'

2018-02-27 15:58:55 - [TEST_STEP][PASSED] - verifyElementExist: Element 'Object Repository/Sidebar Menu/Operasional/Kasir/Kerajang dan Pembayaran/InputbbyType - Elemen 1' is exist

2018-02-27 15:58:56 - [MESSAGE][PASSED] - Element 'Object Repository/Sidebar Menu/Operasional/Kasir/Kerajang dan Pembayaran/InputbbyType - Elemen 1' is exist

2018-02-27 15:58:56 - [TEST_STEP][PASSED] - setText: Text '9999' has been set to element 'Object Repository/Sidebar Menu/Operasional/Kasir/Kerajang dan Pembayaran/InputbbyType - Elemen 1'

2018-02-27 15:59:07 - [MESSAGE][PASSED] - Text '9999' has been set to element 'Object Repository/Sidebar Menu/Operasional/Kasir/Kerajang dan Pembayaran/InputbbyType - Elemen 1'

2018-02-27 15:59:07 - [TEST_STEP][PASSED] - hideKeyboard: Keyboard is hidden

2018-02-27 15:59:08 - [MESSAGE][PASSED] - Keyboard is hidden

2018-02-27 15:59:08 - [TEST_STEP][PASSED] - clearText: Element 'Object Repository/Sidebar Menu/Operasional/Kasir/Kerajang dan Pembayaran/InputbbyType - Elemen 1' text is cleared

2018-02-27 15:59:13 - [MESSAGE][PASSED] - Element 'Object Repository/Sidebar Menu/Operasional/Kasir/Kerajang dan Pembayaran/InputbbyType - Elemen 1' text is cleared

2018-02-27 15:59:13 - [TEST_STEP][PASSED] - tap: Tapped on element 'Object Repository/Sidebar Menu/Operasional/Kasir/Kerajang dan Pembayaran/InputbbyType - Elemen 1'

2018-02-27 15:59:14 - [MESSAGE][PASSED] - Tapped on element 'Object Repository/Sidebar Menu/Operasional/Kasir/Kerajang dan Pembayaran/InputbbyType - Elemen 1'

2018-02-27 15:59:14 - [TEST_STEP][PASSED] - verifyElementExist: Element 'Object Repository/Sidebar Menu/Operasional/Kasir/Kerajang dan Pembayaran/InputbbyType - Elemen 1' is exist

2018-02-27 15:59:14 - [MESSAGE][PASSED] - Element 'Object Repository/Sidebar Menu/Operasional/Kasir/Kerajang dan Pembayaran/InputbbyType - Elemen 1' is exist

2018-02-27 15:59:14 - [TEST_STEP][PASSED] - setText: Text '3' has been set to element 'Object Repository/Sidebar Menu/Operasional/Kasir/Kerajang dan Pembayaran/InputbbyType - Elemen 1'

2018-02-27 15:59:26 - [MESSAGE][PASSED] - Text '3' has been set to element 'Object Repository/Sidebar Menu/Operasional/Kasir/Kerajang dan Pembayaran/InputbbyType - Elemen 1'

2018-02-27 15:59:26 - [TEST_STEP][PASSED] - hideKeyboard: Keyboard is hidden

2018-02-27 15:59:27 - [MESSAGE][PASSED] - Keyboard is hidden

2018-02-27 15:59:27 - [TEST_STEP][PASSED] - delay: Delayed 10 second(s)

2018-02-27 15:59:37 - [MESSAGE][PASSED] - Delayed 10 second(s)

2018-02-27 15:59:37 - [TEST_STEP][PASSED] - tap: Tapped on element 'Object Repository/Sidebar Menu/Operasional/Kasir/Kerajang dan Pembayaran/Button Konfirmasi'

2018-02-27 15:59:38 - [MESSAGE][PASSED] - Tapped on element 'Object Repository/Sidebar Menu/Operasional/Kasir/Kerajang dan Pembayaran/Button Konfirmasi'

2018-02-27 15:59:38 - [TEST_STEP][PASSED] - waitForElementPresent: Element 'Object Repository/Sidebar Menu/Operasional/Kasir/Kerajang dan Pembayaran/ImagePensil - Diskon Tambahan' is present

2018-02-27 15:59:39 - [MESSAGE][PASSED] - Element 'Object Repository/Sidebar Menu/Operasional/Kasir/Kerajang dan Pembayaran/ImagePensil - Diskon Tambahan' is present

2018-02-27 15:59:39 - [TEST_STEP][PASSED] - tap: Tapped on element 'Object Repository/Sidebar Menu/Operasional/Kasir/Kerajang dan Pembayaran/ImagePensil - Diskon Tambahan'

2018-02-27 15:59:40 - [MESSAGE][PASSED] - Tapped on element 'Object Repository/Sidebar Menu/Operasional/Kasir/Kerajang dan Pembayaran/ImagePensil - Diskon Tambahan'

2018-02-27 15:59:40 - [TEST_STEP][PASSED] - setText: Text '1000' has been set to element 'Object Repository/Sidebar Menu/Operasional/Kasir/Kerajang dan Pembayaran/ImagePensil - Diskon Tambahan'

2018-02-27 15:59:51 - [MESSAGE][PASSED] - Text '1000' has been set to element 'Object Repository/Sidebar Menu/Operasional/Kasir/Kerajang dan Pembayaran/ImagePensil - Diskon Tambahan'

2018-02-27 15:59:51 - [TEST_STEP][PASSED] - hideKeyboard: Keyboard is hidden

2018-02-27 15:59:52 - [MESSAGE][PASSED] - Keyboard is hidden

2018-02-27 15:59:52 - [TEST_STEP][PASSED] - tap: Tapped on element 'Object Repository/Sidebar Menu/Operasional/Kasir/Kerajang dan Pembayaran/PILIH METODE PEMBAYARAN'

2018-02-27 15:59:53 - [MESSAGE][PASSED] - Tapped on element 'Object Repository/Sidebar Menu/Operasional/Kasir/Kerajang dan Pembayaran/PILIH METODE PEMBAYARAN'

2018-02-27 15:59:53 - [TEST_STEP][PASSED] - comment: End Story 29]]></system-out>
         <system-err><![CDATA[]]></system-err>
      </testcase>
      <testcase name="Test Cases/Sprint 2/47 - TC- All" classname="Test Cases/Sprint 2/47 - TC- All" status="PASSED">
         <system-out><![CDATA[2018-02-27 15:59:53 - [TEST_CASE][PASSED] - Test Cases/Sprint 2/47 - TC- All: Test Cases/Sprint 2/47 - TC- All

2018-02-27 15:59:53 - [TEST_STEP][PASSED] - comment: Start Story 47

2018-02-27 15:59:53 - [TEST_STEP][PASSED] - tap: Tapped on element 'Object Repository/Sidebar Menu/Operasional/Kasir/Kerajang dan Pembayaran/Tunai'

2018-02-27 15:59:55 - [MESSAGE][PASSED] - Tapped on element 'Object Repository/Sidebar Menu/Operasional/Kasir/Kerajang dan Pembayaran/Tunai'

2018-02-27 15:59:55 - [TEST_STEP][PASSED] - comment: MenInput Jumlah Pembayaran < dari Harga Barang

2018-02-27 15:59:55 - [TEST_STEP][PASSED] - waitForElementPresent: Element 'Object Repository/Sidebar Menu/Operasional/Kasir/Kerajang dan Pembayaran/InputText - Pembayaran Tunai' is present

2018-02-27 15:59:56 - [MESSAGE][PASSED] - Element 'Object Repository/Sidebar Menu/Operasional/Kasir/Kerajang dan Pembayaran/InputText - Pembayaran Tunai' is present

2018-02-27 15:59:56 - [TEST_STEP][PASSED] - tap: Tapped on element 'Object Repository/Sidebar Menu/Operasional/Kasir/Kerajang dan Pembayaran/InputText - Pembayaran Tunai'

2018-02-27 15:59:57 - [MESSAGE][PASSED] - Tapped on element 'Object Repository/Sidebar Menu/Operasional/Kasir/Kerajang dan Pembayaran/InputText - Pembayaran Tunai'

2018-02-27 15:59:57 - [TEST_STEP][PASSED] - verifyElementExist: Element 'Object Repository/Sidebar Menu/Operasional/Kasir/Kerajang dan Pembayaran/InputText - Pembayaran Tunai' is exist

2018-02-27 15:59:58 - [MESSAGE][PASSED] - Element 'Object Repository/Sidebar Menu/Operasional/Kasir/Kerajang dan Pembayaran/InputText - Pembayaran Tunai' is exist

2018-02-27 15:59:58 - [TEST_STEP][PASSED] - setText: Text '500' has been set to element 'Object Repository/Sidebar Menu/Operasional/Kasir/Kerajang dan Pembayaran/InputText - Pembayaran Tunai'

2018-02-27 16:00:10 - [MESSAGE][PASSED] - Text '500' has been set to element 'Object Repository/Sidebar Menu/Operasional/Kasir/Kerajang dan Pembayaran/InputText - Pembayaran Tunai'

2018-02-27 16:00:10 - [TEST_STEP][NOT_RUN] - verifyElementText: NOT_RUN: verifyElementText

2018-02-27 16:00:10 - [MESSAGE][NOT_RUN] - NOT_RUN: verifyElementText

2018-02-27 16:00:10 - [TEST_STEP][NOT_RUN] - getText: NOT_RUN: getText

2018-02-27 16:00:10 - [MESSAGE][NOT_RUN] - NOT_RUN: getText

2018-02-27 16:00:10 - [TEST_STEP][PASSED] - hideKeyboard: Keyboard is hidden

2018-02-27 16:00:11 - [MESSAGE][PASSED] - Keyboard is hidden

2018-02-27 16:00:11 - [TEST_STEP][PASSED] - tap: Tapped on element 'Object Repository/Sidebar Menu/Operasional/Kasir/Kerajang dan Pembayaran/LANJUT (1)'

2018-02-27 16:00:12 - [MESSAGE][PASSED] - Tapped on element 'Object Repository/Sidebar Menu/Operasional/Kasir/Kerajang dan Pembayaran/LANJUT (1)'

2018-02-27 16:00:12 - [TEST_STEP][PASSED] - delay: Delayed 5 second(s)

2018-02-27 16:00:17 - [MESSAGE][PASSED] - Delayed 5 second(s)

2018-02-27 16:00:17 - [TEST_STEP][PASSED] - waitForElementPresent: Element 'Object Repository/Sidebar Menu/Operasional/Kasir/Kerajang dan Pembayaran/OK - Button' is present

2018-02-27 16:00:17 - [MESSAGE][PASSED] - Element 'Object Repository/Sidebar Menu/Operasional/Kasir/Kerajang dan Pembayaran/OK - Button' is present

2018-02-27 16:00:17 - [TEST_STEP][PASSED] - tap: Tapped on element 'Object Repository/Sidebar Menu/Operasional/Kasir/Kerajang dan Pembayaran/OK - Button'

2018-02-27 16:00:18 - [MESSAGE][PASSED] - Tapped on element 'Object Repository/Sidebar Menu/Operasional/Kasir/Kerajang dan Pembayaran/OK - Button'

2018-02-27 16:00:18 - [TEST_STEP][PASSED] - tap: Tapped on element 'Object Repository/Sidebar Menu/Operasional/Kasir/Kerajang dan Pembayaran/OK - Button'

2018-02-27 16:00:18 - [MESSAGE][PASSED] - Tapped on element 'Object Repository/Sidebar Menu/Operasional/Kasir/Kerajang dan Pembayaran/OK - Button'

2018-02-27 16:00:18 - [TEST_STEP][NOT_RUN] - verifyElementExist: NOT_RUN: verifyElementExist

2018-02-27 16:00:18 - [MESSAGE][NOT_RUN] - NOT_RUN: verifyElementExist

2018-02-27 16:00:18 - [TEST_STEP][PASSED] - delay: Delayed 5 second(s)

2018-02-27 16:00:23 - [MESSAGE][PASSED] - Delayed 5 second(s)

2018-02-27 16:00:23 - [TEST_STEP][PASSED] - swipe: Swiped from 391,496 to 450,496

2018-02-27 16:00:23 - [MESSAGE][PASSED] - Swiped from 391,496 to 450,496

2018-02-27 16:00:23 - [TEST_STEP][PASSED] - delay: Delayed 5 second(s)

2018-02-27 16:00:28 - [MESSAGE][PASSED] - Delayed 5 second(s)

2018-02-27 16:00:28 - [TEST_STEP][PASSED] - waitForElementPresent: Element 'Object Repository/Sidebar Menu/Operasional/Kasir/Kerajang dan Pembayaran/Tanggal Pelunasan' is present

2018-02-27 16:00:29 - [MESSAGE][PASSED] - Element 'Object Repository/Sidebar Menu/Operasional/Kasir/Kerajang dan Pembayaran/Tanggal Pelunasan' is present

2018-02-27 16:00:29 - [TEST_STEP][PASSED] - tap: Tapped on element 'Object Repository/Sidebar Menu/Operasional/Kasir/Kerajang dan Pembayaran/Tanggal Pelunasan'

2018-02-27 16:00:29 - [MESSAGE][PASSED] - Tapped on element 'Object Repository/Sidebar Menu/Operasional/Kasir/Kerajang dan Pembayaran/Tanggal Pelunasan'

2018-02-27 16:00:29 - [TEST_STEP][NOT_RUN] - verifyElementExist: NOT_RUN: verifyElementExist

2018-02-27 16:00:29 - [MESSAGE][NOT_RUN] - NOT_RUN: verifyElementExist

2018-02-27 16:00:29 - [TEST_STEP][PASSED] - tapAndHold: Tapped and held on element 'Object Repository/Sidebar Menu/Operasional/Kasir/Kerajang dan Pembayaran/28 Februari 2018' with duration 2

2018-02-27 16:00:33 - [MESSAGE][PASSED] - Tapped and held on element 'Object Repository/Sidebar Menu/Operasional/Kasir/Kerajang dan Pembayaran/28 Februari 2018' with duration 2

2018-02-27 16:00:33 - [TEST_STEP][PASSED] - waitForElementPresent: Element 'Object Repository/Sidebar Menu/Operasional/Kasir/Kerajang dan Pembayaran/Button Oke  - Kalender' is present

2018-02-27 16:00:33 - [MESSAGE][PASSED] - Element 'Object Repository/Sidebar Menu/Operasional/Kasir/Kerajang dan Pembayaran/Button Oke  - Kalender' is present

2018-02-27 16:00:33 - [TEST_STEP][PASSED] - tap: Tapped on element 'Object Repository/Sidebar Menu/Operasional/Kasir/Kerajang dan Pembayaran/Button Oke  - Kalender'

2018-02-27 16:00:34 - [MESSAGE][PASSED] - Tapped on element 'Object Repository/Sidebar Menu/Operasional/Kasir/Kerajang dan Pembayaran/Button Oke  - Kalender'

2018-02-27 16:00:34 - [TEST_STEP][PASSED] - comment: Kembali Swipe Pembayaran Sebagian menjadi Inactive

2018-02-27 16:00:34 - [TEST_STEP][PASSED] - swipe: Swiped from 450,496 to 391,496

2018-02-27 16:00:35 - [MESSAGE][PASSED] - Swiped from 450,496 to 391,496

2018-02-27 16:00:35 - [TEST_STEP][PASSED] - tap: Tapped on element 'Object Repository/Sidebar Menu/Operasional/Kasir/Kerajang dan Pembayaran/PILIH METODE PEMBAYARAN'

2018-02-27 16:00:36 - [MESSAGE][PASSED] - Tapped on element 'Object Repository/Sidebar Menu/Operasional/Kasir/Kerajang dan Pembayaran/PILIH METODE PEMBAYARAN'

2018-02-27 16:00:36 - [TEST_STEP][PASSED] - waitForElementPresent: Object Object Repository/Sidebar Menu/Operasional/Kasir/Kerajang dan Pembayaran/InputText - Pembayaran Tunai not found

2018-02-27 16:00:41 - [MESSAGE][WARNING] - Object Object Repository/Sidebar Menu/Operasional/Kasir/Kerajang dan Pembayaran/InputText - Pembayaran Tunai not found

2018-02-27 16:00:41 - [TEST_STEP][PASSED] - tap: Tapped on element 'Object Repository/Sidebar Menu/Operasional/Kasir/Kerajang dan Pembayaran/Tunai'

2018-02-27 16:00:41 - [MESSAGE][PASSED] - Tapped on element 'Object Repository/Sidebar Menu/Operasional/Kasir/Kerajang dan Pembayaran/Tunai'

2018-02-27 16:00:41 - [TEST_STEP][PASSED] - comment: MenInput Jumlah Pembayaran >= dari Harga Barang

2018-02-27 16:00:41 - [TEST_STEP][PASSED] - tap: Tapped on element 'Object Repository/Sidebar Menu/Operasional/Kasir/Kerajang dan Pembayaran/InputText - Pembayaran Tunai'

2018-02-27 16:00:43 - [MESSAGE][PASSED] - Tapped on element 'Object Repository/Sidebar Menu/Operasional/Kasir/Kerajang dan Pembayaran/InputText - Pembayaran Tunai'

2018-02-27 16:00:43 - [TEST_STEP][PASSED] - setText: Text '5000000' has been set to element 'Object Repository/Sidebar Menu/Operasional/Kasir/Kerajang dan Pembayaran/InputText - Pembayaran Tunai'

2018-02-27 16:00:56 - [MESSAGE][PASSED] - Text '5000000' has been set to element 'Object Repository/Sidebar Menu/Operasional/Kasir/Kerajang dan Pembayaran/InputText - Pembayaran Tunai'

2018-02-27 16:00:56 - [TEST_STEP][NOT_RUN] - verifyElementText: NOT_RUN: verifyElementText

2018-02-27 16:00:56 - [MESSAGE][NOT_RUN] - NOT_RUN: verifyElementText

2018-02-27 16:00:56 - [TEST_STEP][NOT_RUN] - getText: NOT_RUN: getText

2018-02-27 16:00:56 - [MESSAGE][NOT_RUN] - NOT_RUN: getText

2018-02-27 16:00:56 - [TEST_STEP][PASSED] - hideKeyboard: Keyboard is hidden

2018-02-27 16:00:57 - [MESSAGE][PASSED] - Keyboard is hidden

2018-02-27 16:00:57 - [TEST_STEP][PASSED] - comment: End Story 47]]></system-out>
         <system-err><![CDATA[]]></system-err>
      </testcase>
      <testcase name="Test Cases/Sprint 2/30 - TC - All" classname="Test Cases/Sprint 2/30 - TC - All" status="PASSED">
         <system-out><![CDATA[2018-02-27 16:00:57 - [TEST_CASE][PASSED] - Test Cases/Sprint 2/30 - TC - All: Test Cases/Sprint 2/30 - TC - All

2018-02-27 16:00:57 - [TEST_STEP][PASSED] - comment: Start Story 30

2018-02-27 16:00:57 - [TEST_STEP][PASSED] - waitForElementPresent: Element 'Object Repository/Sidebar Menu/Operasional/Kasir/Kerajang dan Pembayaran/LANJUT (1)' is present

2018-02-27 16:00:58 - [MESSAGE][PASSED] - Element 'Object Repository/Sidebar Menu/Operasional/Kasir/Kerajang dan Pembayaran/LANJUT (1)' is present

2018-02-27 16:00:58 - [TEST_STEP][PASSED] - tap: Tapped on element 'Object Repository/Sidebar Menu/Operasional/Kasir/Kerajang dan Pembayaran/LANJUT (1)'

2018-02-27 16:00:58 - [MESSAGE][PASSED] - Tapped on element 'Object Repository/Sidebar Menu/Operasional/Kasir/Kerajang dan Pembayaran/LANJUT (1)'

2018-02-27 16:00:58 - [TEST_STEP][PASSED] - verifyElementExist: Element 'Object Repository/Sidebar Menu/Operasional/Kasir/Kerajang dan Pembayaran/LANJUT (1)' is exist

2018-02-27 16:00:59 - [MESSAGE][PASSED] - Element 'Object Repository/Sidebar Menu/Operasional/Kasir/Kerajang dan Pembayaran/LANJUT (1)' is exist

2018-02-27 16:00:59 - [TEST_STEP][PASSED] - tap: Tapped on element 'Object Repository/Sidebar Menu/Operasional/Kasir/Kerajang dan Pembayaran/Batal'

2018-02-27 16:01:00 - [MESSAGE][PASSED] - Tapped on element 'Object Repository/Sidebar Menu/Operasional/Kasir/Kerajang dan Pembayaran/Batal'

2018-02-27 16:01:00 - [TEST_STEP][PASSED] - tap: Tapped on element 'Object Repository/Sidebar Menu/Operasional/Kasir/Kerajang dan Pembayaran/LANJUT (1)'

2018-02-27 16:01:01 - [MESSAGE][PASSED] - Tapped on element 'Object Repository/Sidebar Menu/Operasional/Kasir/Kerajang dan Pembayaran/LANJUT (1)'

2018-02-27 16:01:01 - [TEST_STEP][PASSED] - tap: Tapped on element 'Object Repository/Sidebar Menu/Operasional/Kasir/Kerajang dan Pembayaran/Lanjut'

2018-02-27 16:01:02 - [MESSAGE][PASSED] - Tapped on element 'Object Repository/Sidebar Menu/Operasional/Kasir/Kerajang dan Pembayaran/Lanjut'

2018-02-27 16:01:02 - [TEST_STEP][PASSED] - waitForElementPresent: Element 'Object Repository/Sidebar Menu/Operasional/Kasir/Kerajang dan Pembayaran/Selesai' is present

2018-02-27 16:01:04 - [MESSAGE][PASSED] - Element 'Object Repository/Sidebar Menu/Operasional/Kasir/Kerajang dan Pembayaran/Selesai' is present

2018-02-27 16:01:04 - [TEST_STEP][PASSED] - tap: Tapped on element 'Object Repository/Sidebar Menu/Operasional/Kasir/Kerajang dan Pembayaran/Selesai'

2018-02-27 16:01:04 - [MESSAGE][PASSED] - Tapped on element 'Object Repository/Sidebar Menu/Operasional/Kasir/Kerajang dan Pembayaran/Selesai'

2018-02-27 16:01:04 - [TEST_STEP][PASSED] - waitForElementPresent: Element 'Object Repository/Sidebar Menu/Operasional/Kasir/Kerajang dan Pembayaran/Bagikan' is present

2018-02-27 16:01:06 - [MESSAGE][PASSED] - Element 'Object Repository/Sidebar Menu/Operasional/Kasir/Kerajang dan Pembayaran/Bagikan' is present

2018-02-27 16:01:06 - [TEST_STEP][PASSED] - tap: Tapped on element 'Object Repository/Sidebar Menu/Operasional/Kasir/Kerajang dan Pembayaran/Bagikan'

2018-02-27 16:01:07 - [MESSAGE][PASSED] - Tapped on element 'Object Repository/Sidebar Menu/Operasional/Kasir/Kerajang dan Pembayaran/Bagikan'

2018-02-27 16:01:07 - [TEST_STEP][PASSED] - delay: Delayed 10 second(s)

2018-02-27 16:01:17 - [MESSAGE][PASSED] - Delayed 10 second(s)

2018-02-27 16:01:17 - [TEST_STEP][PASSED] - pressBack: Press back button successfully

2018-02-27 16:01:18 - [MESSAGE][PASSED] - Press back button successfully

2018-02-27 16:01:18 - [TEST_STEP][PASSED] - pressBack: Press back button successfully

2018-02-27 16:01:19 - [MESSAGE][PASSED] - Press back button successfully

2018-02-27 16:01:19 - [TEST_STEP][PASSED] - pressBack: Press back button successfully

2018-02-27 16:01:20 - [MESSAGE][PASSED] - Press back button successfully

2018-02-27 16:01:20 - [TEST_STEP][PASSED] - pressBack: Press back button successfully

2018-02-27 16:01:22 - [MESSAGE][PASSED] - Press back button successfully

2018-02-27 16:01:22 - [TEST_STEP][PASSED] - delay: Delayed 5 second(s)

2018-02-27 16:01:27 - [MESSAGE][PASSED] - Delayed 5 second(s)

2018-02-27 16:01:27 - [TEST_STEP][PASSED] - tap: Tapped on element 'Object Repository/Sidebar Menu/Operasional/Kasir/Kerajang dan Pembayaran/LANJUT BERJUALAN'

2018-02-27 16:01:29 - [MESSAGE][PASSED] - Tapped on element 'Object Repository/Sidebar Menu/Operasional/Kasir/Kerajang dan Pembayaran/LANJUT BERJUALAN'

2018-02-27 16:01:29 - [TEST_STEP][PASSED] - comment: End Story 30]]></system-out>
         <system-err><![CDATA[]]></system-err>
      </testcase>
      <system-out><![CDATA[2018-02-27 15:55:50 - [TEST_SUITE][FAILED] - Sprint 2: Test Cases/Sprint 2/28 - TC-All FAILED because (of) Failed to tap and hold on element 'Object Repository/Sidebar Menu/Operasional/Kasir/KERANJANG' with duration 3 (Root cause: org.openqa.selenium.NoSuchElementException: An element could not be located on the page using the given search parameters. (WARNING: The server did not provide any stacktrace information)
Command duration or timeout: 12.36 seconds
For documentation on this error, please visit: http://seleniumhq.org/exceptions/no_such_element.html
Build info: version: '2.53.0', revision: '35ae25b', time: '2016-03-15 17:00:58'
System info: host: 'NBMP18A211ITSQA', ip: '192.168.17.200', os.name: 'Windows 10', os.arch: 'amd64', os.version: '10.0', java.version: '1.8.0_102'
Driver info: com.kms.katalon.core.appium.driver.SwipeableAndroidDriver
Capabilities [{appPackage=com.btpn.appbisnis.dev, noReset=true, deviceId=, deviceName=GBAXGV411465ERX, fullReset=false, platform=ANDROID, deviceUDID=GBAXGV411465ERX, desired={app=C:\Users\AV2017005903\Documents\apollo-automation\Regression_24Februari_PakAnka.apk, noReset=true, newCommandTimeout=1800, appWaitActivity=com.*, autoGrantPermissions=true, udid=GBAXGV411465ERX, platformName=Android, deviceId=, deviceName=asus ASUS_X014D 5.1.1, fullReset=false, platform=ANDROID}, newCommandTimeout=1800, platformVersion=5.1.1, webStorageEnabled=false, takesScreenshot=true, javascriptEnabled=true, udid=GBAXGV411465ERX, platformName=Android, deviceManufacturer=asus, app=C:\Users\AV2017005903\Documents\apollo-automation\Regression_24Februari_PakAnka.apk, deviceScreenSize=480x854, networkConnectionEnabled=true, warnings={}, appWaitActivity=com.*, appWaitPackage=com.btpn.appbisnis.dev, databaseEnabled=false, appActivity=com.btpn_mpos_rn.MainActivity, locationContextEnabled=false, autoGrantPermissions=true, deviceModel=ASUS_X014D}]
Session ID: 797a3250-cfeb-4f81-90d5-113ee97e8228)]]></system-out>
      <system-err><![CDATA[2018-02-27 15:55:50 - [TEST_SUITE][FAILED] - Sprint 2: Test Cases/Sprint 2/28 - TC-All FAILED because (of) Failed to tap and hold on element 'Object Repository/Sidebar Menu/Operasional/Kasir/KERANJANG' with duration 3 (Root cause: org.openqa.selenium.NoSuchElementException: An element could not be located on the page using the given search parameters. (WARNING: The server did not provide any stacktrace information)
Command duration or timeout: 12.36 seconds
For documentation on this error, please visit: http://seleniumhq.org/exceptions/no_such_element.html
Build info: version: '2.53.0', revision: '35ae25b', time: '2016-03-15 17:00:58'
System info: host: 'NBMP18A211ITSQA', ip: '192.168.17.200', os.name: 'Windows 10', os.arch: 'amd64', os.version: '10.0', java.version: '1.8.0_102'
Driver info: com.kms.katalon.core.appium.driver.SwipeableAndroidDriver
Capabilities [{appPackage=com.btpn.appbisnis.dev, noReset=true, deviceId=, deviceName=GBAXGV411465ERX, fullReset=false, platform=ANDROID, deviceUDID=GBAXGV411465ERX, desired={app=C:\Users\AV2017005903\Documents\apollo-automation\Regression_24Februari_PakAnka.apk, noReset=true, newCommandTimeout=1800, appWaitActivity=com.*, autoGrantPermissions=true, udid=GBAXGV411465ERX, platformName=Android, deviceId=, deviceName=asus ASUS_X014D 5.1.1, fullReset=false, platform=ANDROID}, newCommandTimeout=1800, platformVersion=5.1.1, webStorageEnabled=false, takesScreenshot=true, javascriptEnabled=true, udid=GBAXGV411465ERX, platformName=Android, deviceManufacturer=asus, app=C:\Users\AV2017005903\Documents\apollo-automation\Regression_24Februari_PakAnka.apk, deviceScreenSize=480x854, networkConnectionEnabled=true, warnings={}, appWaitActivity=com.*, appWaitPackage=com.btpn.appbisnis.dev, databaseEnabled=false, appActivity=com.btpn_mpos_rn.MainActivity, locationContextEnabled=false, autoGrantPermissions=true, deviceModel=ASUS_X014D}]
Session ID: 797a3250-cfeb-4f81-90d5-113ee97e8228)]]></system-err>
   </testsuite>
</testsuites>
